000 (10252905.1006.000) 07/24 16:13:16 Job submitted from host: <188.185.114.121:9618?addrs=188.185.114.121-9618+[2001-1458-d00-a--100-273]-9618&alias=bigbird19.cern.ch&noUDP&sock=schedd_4961_696e>
...
009 (10252905.1006.000) 07/24 16:14:46 Job was aborted.
	via condor_rm (by user yelberke)
...
000 (10252906.1006.000) 07/24 16:15:36 Job submitted from host: <188.185.114.121:9618?addrs=188.185.114.121-9618+[2001-1458-d00-a--100-273]-9618&alias=bigbird19.cern.ch&noUDP&sock=schedd_4961_696e>
...
000 (10252907.1006.000) 07/24 16:17:31 Job submitted from host: <188.185.114.121:9618?addrs=188.185.114.121-9618+[2001-1458-d00-a--100-273]-9618&alias=bigbird19.cern.ch&noUDP&sock=schedd_4961_696e>
...
000 (10252908.1006.000) 07/24 16:18:04 Job submitted from host: <188.185.114.121:9618?addrs=188.185.114.121-9618+[2001-1458-d00-a--100-273]-9618&alias=bigbird19.cern.ch&noUDP&sock=schedd_4961_696e>
...
000 (10252909.1006.000) 07/24 16:18:39 Job submitted from host: <188.185.114.121:9618?addrs=188.185.114.121-9618+[2001-1458-d00-a--100-273]-9618&alias=bigbird19.cern.ch&noUDP&sock=schedd_4961_696e>
...
000 (10252910.1006.000) 07/24 16:19:05 Job submitted from host: <188.185.114.121:9618?addrs=188.185.114.121-9618+[2001-1458-d00-a--100-273]-9618&alias=bigbird19.cern.ch&noUDP&sock=schedd_4961_696e>
...
000 (10252911.1006.000) 07/24 16:19:18 Job submitted from host: <188.185.114.121:9618?addrs=188.185.114.121-9618+[2001-1458-d00-a--100-273]-9618&alias=bigbird19.cern.ch&noUDP&sock=schedd_4961_696e>
...
000 (10252912.1006.000) 07/24 16:19:31 Job submitted from host: <188.185.114.121:9618?addrs=188.185.114.121-9618+[2001-1458-d00-a--100-273]-9618&alias=bigbird19.cern.ch&noUDP&sock=schedd_4961_696e>
...
000 (10252913.1006.000) 07/24 16:19:43 Job submitted from host: <188.185.114.121:9618?addrs=188.185.114.121-9618+[2001-1458-d00-a--100-273]-9618&alias=bigbird19.cern.ch&noUDP&sock=schedd_4961_696e>
...
040 (10252906.1006.000) 07/24 16:23:57 Started transferring input files
	Transferring to host: <188.185.193.149:9618?addrs=188.185.193.149-9618+[2001-1458-303-20--100-91]-9618&alias=b9p19p2548.cern.ch&noUDP&sock=slot1_30_692572_607c_5246>
...
040 (10252906.1006.000) 07/24 16:23:57 Finished transferring input files
...
001 (10252906.1006.000) 07/24 16:23:58 Job executing on host: <188.185.193.149:9618?addrs=188.185.193.149-9618+[2001-1458-303-20--100-91]-9618&alias=b9p19p2548.cern.ch&noUDP&sock=startd_128416_45f6>
	SlotName: slot1_30@b9p19p2548.cern.ch
	CondorScratchDir = "/pool/condor/dir_1192004"
	Cpus = 8
	Disk = 2999517
	Memory = 16000
...
006 (10252906.1006.000) 07/24 16:24:07 Image size of job updated: 1
	0  -  MemoryUsage of job (MB)
	0  -  ResidentSetSize of job (KB)
...
006 (10252906.1006.000) 07/24 16:24:29 Image size of job updated: 158460
	7  -  MemoryUsage of job (MB)
	6464  -  ResidentSetSize of job (KB)
...
040 (10252906.1006.000) 07/24 16:24:29 Started transferring output files
...
040 (10252906.1006.000) 07/24 16:24:29 Finished transferring output files
...
005 (10252906.1006.000) 07/24 16:24:29 Job terminated.
	(1) Normal termination (return value 0)
		Usr 0 00:00:04, Sys 0 00:00:00  -  Run Remote Usage
		Usr 0 00:00:00, Sys 0 00:00:00  -  Run Local Usage
		Usr 0 00:00:04, Sys 0 00:00:00  -  Total Remote Usage
		Usr 0 00:00:00, Sys 0 00:00:00  -  Total Local Usage
	6204  -  Run Bytes Sent By Job
	409597  -  Run Bytes Received By Job
	6204  -  Total Bytes Sent By Job
	409597  -  Total Bytes Received By Job
	Partitionable Resources :    Usage  Request Allocated 
	   Cpus                 :        0        8         8 
	   Disk (KB)            :      427      425   2999517 
	   Memory (MB)          :        7    16000     16000 

	Job terminated of its own accord at 2024-07-24T14:24:29Z with exit-code 0.
...
040 (10252907.1006.000) 07/24 17:50:22 Started transferring input files
	Transferring to host: <188.185.207.23:9618?addrs=188.185.207.23-9618+[2001-1458-303-d--100-14]-9618&alias=b9p07p4705.cern.ch&noUDP&sock=slot1_1_4745_081a_144645>
...
040 (10252907.1006.000) 07/24 17:50:22 Finished transferring input files
...
001 (10252907.1006.000) 07/24 17:50:23 Job executing on host: <188.185.207.23:9618?addrs=188.185.207.23-9618+[2001-1458-303-d--100-14]-9618&alias=b9p07p4705.cern.ch&noUDP&sock=startd_4012_7a0d>
	SlotName: slot1_1@b9p07p4705.cern.ch
	CondorScratchDir = "/pool/condor/dir_2773845"
	Cpus = 8
	Disk = 2795944
	Memory = 16000
...
006 (10252907.1006.000) 07/24 17:50:27 Image size of job updated: 168164
	12  -  MemoryUsage of job (MB)
	12004  -  ResidentSetSize of job (KB)
...
040 (10252907.1006.000) 07/24 17:50:27 Started transferring output files
...
040 (10252907.1006.000) 07/24 17:50:27 Finished transferring output files
...
005 (10252907.1006.000) 07/24 17:50:27 Job terminated.
	(1) Normal termination (return value 0)
		Usr 0 00:00:03, Sys 0 00:00:00  -  Run Remote Usage
		Usr 0 00:00:00, Sys 0 00:00:00  -  Run Local Usage
		Usr 0 00:00:03, Sys 0 00:00:00  -  Total Remote Usage
		Usr 0 00:00:00, Sys 0 00:00:00  -  Total Local Usage
	6204  -  Run Bytes Sent By Job
	409597  -  Run Bytes Received By Job
	6204  -  Total Bytes Sent By Job
	409597  -  Total Bytes Received By Job
	Partitionable Resources :    Usage  Request Allocated 
	   Cpus                 :        0        8         8 
	   Disk (KB)            :      428      425   2795944 
	   Memory (MB)          :       12    16000     16000 

	Job terminated of its own accord at 2024-07-24T15:50:27Z with exit-code 0.
...
040 (10252908.1006.000) 07/24 18:55:36 Started transferring input files
	Transferring to host: <188.185.204.200:9618?addrs=188.185.204.200-9618+[2001-1458-303-8--100-bc]-9618&alias=b9p02p1911.cern.ch&noUDP&sock=slot1_10_7272_8821_155888>
...
040 (10252908.1006.000) 07/24 18:55:36 Finished transferring input files
...
001 (10252908.1006.000) 07/24 18:55:37 Job executing on host: <188.185.204.200:9618?addrs=188.185.204.200-9618+[2001-1458-303-8--100-bc]-9618&alias=b9p02p1911.cern.ch&noUDP&sock=startd_7203_3cc3>
	SlotName: slot1_10@b9p02p1911.cern.ch
	CondorScratchDir = "/pool/condor/dir_2961091"
	Cpus = 8
	Disk = 2873734
	Memory = 16000
...
006 (10252908.1006.000) 07/24 18:55:41 Image size of job updated: 165228
	11  -  MemoryUsage of job (MB)
	10724  -  ResidentSetSize of job (KB)
...
040 (10252908.1006.000) 07/24 18:55:41 Started transferring output files
...
040 (10252908.1006.000) 07/24 18:55:41 Finished transferring output files
...
005 (10252908.1006.000) 07/24 18:55:41 Job terminated.
	(1) Normal termination (return value 0)
		Usr 0 00:00:03, Sys 0 00:00:00  -  Run Remote Usage
		Usr 0 00:00:00, Sys 0 00:00:00  -  Run Local Usage
		Usr 0 00:00:03, Sys 0 00:00:00  -  Total Remote Usage
		Usr 0 00:00:00, Sys 0 00:00:00  -  Total Local Usage
	6204  -  Run Bytes Sent By Job
	409597  -  Run Bytes Received By Job
	6204  -  Total Bytes Sent By Job
	409597  -  Total Bytes Received By Job
	Partitionable Resources :    Usage  Request Allocated 
	   Cpus                 :                 8         8 
	   Disk (KB)            :      421      425   2873734 
	   Memory (MB)          :       11    16000     16000 

	Job terminated of its own accord at 2024-07-24T16:55:41Z with exit-code 0.
...
040 (10252909.1006.000) 07/24 19:54:48 Started transferring input files
	Transferring to host: <188.185.206.213:9618?addrs=188.185.206.213-9618+[2001-1458-303-c--100-52]-9618&alias=b9p06p7091.cern.ch&noUDP&sock=slot1_6_6466_a1c0_152947>
...
040 (10252909.1006.000) 07/24 19:54:48 Finished transferring input files
...
001 (10252909.1006.000) 07/24 19:54:49 Job executing on host: <188.185.206.213:9618?addrs=188.185.206.213-9618+[2001-1458-303-c--100-52]-9618&alias=b9p06p7091.cern.ch&noUDP&sock=startd_6073_26be>
	SlotName: slot1_6@b9p06p7091.cern.ch
	CondorScratchDir = "/pool/condor/dir_51738"
	Cpus = 8
	Disk = 2666548
	Memory = 16000
...
006 (10252909.1006.000) 07/24 19:54:55 Image size of job updated: 161584
	10  -  MemoryUsage of job (MB)
	9264  -  ResidentSetSize of job (KB)
...
040 (10252909.1006.000) 07/24 19:54:55 Started transferring output files
...
040 (10252909.1006.000) 07/24 19:54:55 Finished transferring output files
...
005 (10252909.1006.000) 07/24 19:54:55 Job terminated.
	(1) Normal termination (return value 0)
		Usr 0 00:00:05, Sys 0 00:00:00  -  Run Remote Usage
		Usr 0 00:00:00, Sys 0 00:00:00  -  Run Local Usage
		Usr 0 00:00:05, Sys 0 00:00:00  -  Total Remote Usage
		Usr 0 00:00:00, Sys 0 00:00:00  -  Total Local Usage
	6204  -  Run Bytes Sent By Job
	409597  -  Run Bytes Received By Job
	6204  -  Total Bytes Sent By Job
	409597  -  Total Bytes Received By Job
	Partitionable Resources :    Usage  Request Allocated 
	   Cpus                 :        0        8         8 
	   Disk (KB)            :      428      425   2666548 
	   Memory (MB)          :       10    16000     16000 

	Job terminated of its own accord at 2024-07-24T17:54:55Z with exit-code 0.
...
040 (10252910.1006.000) 07/24 20:47:04 Started transferring input files
	Transferring to host: <188.185.204.205:9618?addrs=188.185.204.205-9618+[2001-1458-303-8--100-c1]-9618&alias=b9p02p6727.cern.ch&noUDP&sock=slot1_10_15843_939d_116101>
...
040 (10252910.1006.000) 07/24 20:47:04 Finished transferring input files
...
001 (10252910.1006.000) 07/24 20:47:05 Job executing on host: <188.185.204.205:9618?addrs=188.185.204.205-9618+[2001-1458-303-8--100-c1]-9618&alias=b9p02p6727.cern.ch&noUDP&sock=startd_14531_a2c6>
	SlotName: slot1_10@b9p02p6727.cern.ch
	CondorScratchDir = "/pool/condor/dir_335291"
	Cpus = 8
	Disk = 2815263
	Memory = 16000
...
006 (10252910.1006.000) 07/24 20:47:09 Image size of job updated: 162604
	9  -  MemoryUsage of job (MB)
	8696  -  ResidentSetSize of job (KB)
...
040 (10252910.1006.000) 07/24 20:47:09 Started transferring output files
...
040 (10252910.1006.000) 07/24 20:47:09 Finished transferring output files
...
005 (10252910.1006.000) 07/24 20:47:09 Job terminated.
	(1) Normal termination (return value 0)
		Usr 0 00:00:03, Sys 0 00:00:00  -  Run Remote Usage
		Usr 0 00:00:00, Sys 0 00:00:00  -  Run Local Usage
		Usr 0 00:00:03, Sys 0 00:00:00  -  Total Remote Usage
		Usr 0 00:00:00, Sys 0 00:00:00  -  Total Local Usage
	6201  -  Run Bytes Sent By Job
	409597  -  Run Bytes Received By Job
	6201  -  Total Bytes Sent By Job
	409597  -  Total Bytes Received By Job
	Partitionable Resources :    Usage  Request Allocated 
	   Cpus                 :        0        8         8 
	   Disk (KB)            :      428      425   2815263 
	   Memory (MB)          :        9    16000     16000 

	Job terminated of its own accord at 2024-07-24T18:47:09Z with exit-code 0.
...
040 (10252911.1006.000) 07/24 20:59:33 Started transferring input files
	Transferring to host: <188.185.208.15:9618?addrs=188.185.208.15-9618+[2001-1458-303-f--100-c]-9618&alias=b9p09p9130.cern.ch&noUDP&sock=slot1_5_5425_2736_145323>
...
040 (10252911.1006.000) 07/24 20:59:33 Finished transferring input files
...
001 (10252911.1006.000) 07/24 20:59:34 Job executing on host: <188.185.208.15:9618?addrs=188.185.208.15-9618+[2001-1458-303-f--100-c]-9618&alias=b9p09p9130.cern.ch&noUDP&sock=startd_4457_b5b2>
	SlotName: slot1_5@b9p09p9130.cern.ch
	CondorScratchDir = "/pool/condor/dir_1457381"
	Cpus = 8
	Disk = 2638367
	Memory = 16000
...
006 (10252911.1006.000) 07/24 20:59:39 Image size of job updated: 150584
	3  -  MemoryUsage of job (MB)
	2576  -  ResidentSetSize of job (KB)
...
040 (10252911.1006.000) 07/24 20:59:39 Started transferring output files
...
040 (10252911.1006.000) 07/24 20:59:39 Finished transferring output files
...
005 (10252911.1006.000) 07/24 20:59:39 Job terminated.
	(1) Normal termination (return value 0)
		Usr 0 00:00:03, Sys 0 00:00:00  -  Run Remote Usage
		Usr 0 00:00:00, Sys 0 00:00:00  -  Run Local Usage
		Usr 0 00:00:03, Sys 0 00:00:00  -  Total Remote Usage
		Usr 0 00:00:00, Sys 0 00:00:00  -  Total Local Usage
	6204  -  Run Bytes Sent By Job
	409597  -  Run Bytes Received By Job
	6204  -  Total Bytes Sent By Job
	409597  -  Total Bytes Received By Job
	Partitionable Resources :    Usage  Request Allocated 
	   Cpus                 :     0.07        8         8 
	   Disk (KB)            :   428         425   2638367 
	   Memory (MB)          :     3       16000     16000 

	Job terminated of its own accord at 2024-07-24T18:59:39Z with exit-code 0.
...
040 (10252912.1006.000) 07/24 21:12:29 Started transferring input files
	Transferring to host: <188.185.194.58:9618?addrs=188.185.194.58-9618+[2001-1458-303-21--100-36]-9618&alias=b9p20p2508.cern.ch&noUDP&sock=slot1_6_184637_382d_24629>
...
040 (10252912.1006.000) 07/24 21:12:29 Finished transferring input files
...
001 (10252912.1006.000) 07/24 21:12:30 Job executing on host: <188.185.194.58:9618?addrs=188.185.194.58-9618+[2001-1458-303-21--100-36]-9618&alias=b9p20p2508.cern.ch&noUDP&sock=startd_174974_3052>
	SlotName: slot1_6@b9p20p2508.cern.ch
	CondorScratchDir = "/pool/condor/dir_2728960"
	Cpus = 8
	Disk = 2974780
	Memory = 16000
...
006 (10252912.1006.000) 07/24 21:12:35 Image size of job updated: 163044
	9  -  MemoryUsage of job (MB)
	9144  -  ResidentSetSize of job (KB)
...
040 (10252912.1006.000) 07/24 21:12:35 Started transferring output files
...
040 (10252912.1006.000) 07/24 21:12:35 Finished transferring output files
...
005 (10252912.1006.000) 07/24 21:12:35 Job terminated.
	(1) Normal termination (return value 0)
		Usr 0 00:00:04, Sys 0 00:00:00  -  Run Remote Usage
		Usr 0 00:00:00, Sys 0 00:00:00  -  Run Local Usage
		Usr 0 00:00:04, Sys 0 00:00:00  -  Total Remote Usage
		Usr 0 00:00:00, Sys 0 00:00:00  -  Total Local Usage
	6201  -  Run Bytes Sent By Job
	409597  -  Run Bytes Received By Job
	6201  -  Total Bytes Sent By Job
	409597  -  Total Bytes Received By Job
	Partitionable Resources :    Usage  Request Allocated 
	   Cpus                 :        0        8         8 
	   Disk (KB)            :      428      425   2974780 
	   Memory (MB)          :        9    16000     16000 

	Job terminated of its own accord at 2024-07-24T19:12:35Z with exit-code 0.
...
040 (10252913.1006.000) 07/24 21:26:21 Started transferring input files
	Transferring to host: <188.185.195.55:9618?addrs=188.185.195.55-9618+[2001-1458-303-22--100-33]-9618&alias=b9p17p7601.cern.ch&noUDP&sock=slot1_10_2963604_de3b_2999>
...
040 (10252913.1006.000) 07/24 21:26:21 Finished transferring input files
...
001 (10252913.1006.000) 07/24 21:26:22 Job executing on host: <188.185.195.55:9618?addrs=188.185.195.55-9618+[2001-1458-303-22--100-33]-9618&alias=b9p17p7601.cern.ch&noUDP&sock=startd_177875_0891>
	SlotName: slot1_10@b9p17p7601.cern.ch
	CondorScratchDir = "/pool/condor/dir_4086952"
	Cpus = 8
	Disk = 2898654
	Memory = 16000
...
006 (10252913.1006.000) 07/24 21:26:27 Image size of job updated: 162952
	9  -  MemoryUsage of job (MB)
	8792  -  ResidentSetSize of job (KB)
...
040 (10252913.1006.000) 07/24 21:26:27 Started transferring output files
...
040 (10252913.1006.000) 07/24 21:26:27 Finished transferring output files
...
005 (10252913.1006.000) 07/24 21:26:27 Job terminated.
	(1) Normal termination (return value 0)
		Usr 0 00:00:04, Sys 0 00:00:00  -  Run Remote Usage
		Usr 0 00:00:00, Sys 0 00:00:00  -  Run Local Usage
		Usr 0 00:00:04, Sys 0 00:00:00  -  Total Remote Usage
		Usr 0 00:00:00, Sys 0 00:00:00  -  Total Local Usage
	6204  -  Run Bytes Sent By Job
	409597  -  Run Bytes Received By Job
	6204  -  Total Bytes Sent By Job
	409597  -  Total Bytes Received By Job
	Partitionable Resources :    Usage  Request Allocated 
	   Cpus                 :        0        8         8 
	   Disk (KB)            :      428      425   2898654 
	   Memory (MB)          :        9    16000     16000 

	Job terminated of its own accord at 2024-07-24T19:26:27Z with exit-code 0.
...
000 (10261715.1006.000) 07/25 13:01:42 Job submitted from host: <188.185.114.121:9618?addrs=188.185.114.121-9618+[2001-1458-d00-a--100-273]-9618&alias=bigbird19.cern.ch&noUDP&sock=schedd_4961_696e>
...
009 (10261715.1006.000) 07/25 13:06:41 Job was aborted.
	via condor_rm (by user yelberke)
...
000 (10261767.1006.000) 07/25 13:20:08 Job submitted from host: <188.185.114.121:9618?addrs=188.185.114.121-9618+[2001-1458-d00-a--100-273]-9618&alias=bigbird19.cern.ch&noUDP&sock=schedd_4961_696e>
...
040 (10261767.1006.000) 07/25 14:09:40 Started transferring input files
	Transferring to host: <188.185.209.169:9618?addrs=188.185.209.169-9618+[2001-1458-303-12--100-26]-9618&alias=b9p12p5343.cern.ch&noUDP&sock=slot1_18_10700_de2c_144068>
...
040 (10261767.1006.000) 07/25 14:09:40 Finished transferring input files
...
001 (10261767.1006.000) 07/25 14:09:41 Job executing on host: <188.185.209.169:9618?addrs=188.185.209.169-9618+[2001-1458-303-12--100-26]-9618&alias=b9p12p5343.cern.ch&noUDP&sock=startd_9371_4e16>
	SlotName: slot1_18@b9p12p5343.cern.ch
	CondorScratchDir = "/pool/condor/dir_400897"
	Cpus = 12
	Disk = 2891828
	Memory = 24000
...
006 (10261767.1006.000) 07/25 14:09:47 Image size of job updated: 170644
	13  -  MemoryUsage of job (MB)
	12388  -  ResidentSetSize of job (KB)
...
040 (10261767.1006.000) 07/25 14:09:47 Started transferring output files
...
040 (10261767.1006.000) 07/25 14:09:47 Finished transferring output files
...
005 (10261767.1006.000) 07/25 14:09:47 Job terminated.
	(1) Normal termination (return value 0)
		Usr 0 00:00:03, Sys 0 00:00:00  -  Run Remote Usage
		Usr 0 00:00:00, Sys 0 00:00:00  -  Run Local Usage
		Usr 0 00:00:03, Sys 0 00:00:00  -  Total Remote Usage
		Usr 0 00:00:00, Sys 0 00:00:00  -  Total Local Usage
	6204  -  Run Bytes Sent By Job
	409597  -  Run Bytes Received By Job
	6204  -  Total Bytes Sent By Job
	409597  -  Total Bytes Received By Job
	Partitionable Resources :    Usage  Request Allocated 
	   Cpus                 :        0       12        12 
	   Disk (KB)            :      427      425   2891828 
	   Memory (MB)          :       13    24000     24000 

	Job terminated of its own accord at 2024-07-25T12:09:47Z with exit-code 0.
...
000 (10284266.1006.000) 08/02 15:45:27 Job submitted from host: <188.185.114.121:9618?addrs=188.185.114.121-9618+[2001-1458-d00-a--100-273]-9618&alias=bigbird19.cern.ch&noUDP&sock=schedd_4961_696e>
...
009 (10284266.1006.000) 08/02 15:49:24 Job was aborted.
	via condor_rm (by user yelberke)
...
000 (10284267.1006.000) 08/02 15:49:48 Job submitted from host: <188.185.114.121:9618?addrs=188.185.114.121-9618+[2001-1458-d00-a--100-273]-9618&alias=bigbird19.cern.ch&noUDP&sock=schedd_4961_696e>
...
040 (10284267.1006.000) 08/02 16:23:39 Started transferring input files
	Transferring to host: <188.185.207.43:9618?addrs=188.185.207.43-9618+[2001-1458-303-d--100-28]-9618&alias=b9p07p8370.cern.ch&noUDP&sock=slot1_2_11671_0674_150614>
...
040 (10284267.1006.000) 08/02 16:23:39 Finished transferring input files
...
001 (10284267.1006.000) 08/02 16:23:40 Job executing on host: <188.185.207.43:9618?addrs=188.185.207.43-9618+[2001-1458-303-d--100-28]-9618&alias=b9p07p8370.cern.ch&noUDP&sock=startd_10161_2de7>
	SlotName: slot1_2@b9p07p8370.cern.ch
	CondorScratchDir = "/pool/condor/dir_2032018"
	Cpus = 12
	Disk = 2778561
	Memory = 24000
...
006 (10284267.1006.000) 08/02 16:23:43 Image size of job updated: 359856
	37  -  MemoryUsage of job (MB)
	37616  -  ResidentSetSize of job (KB)
...
040 (10284267.1006.000) 08/02 16:23:43 Started transferring output files
...
040 (10284267.1006.000) 08/02 16:23:43 Finished transferring output files
...
005 (10284267.1006.000) 08/02 16:23:43 Job terminated.
	(1) Normal termination (return value 139)
		Usr 0 00:00:02, Sys 0 00:00:01  -  Run Remote Usage
		Usr 0 00:00:00, Sys 0 00:00:00  -  Run Local Usage
		Usr 0 00:00:02, Sys 0 00:00:01  -  Total Remote Usage
		Usr 0 00:00:00, Sys 0 00:00:00  -  Total Local Usage
	7696  -  Run Bytes Sent By Job
	409597  -  Run Bytes Received By Job
	7696  -  Total Bytes Sent By Job
	409597  -  Total Bytes Received By Job
	Partitionable Resources :    Usage  Request Allocated 
	   Cpus                 :        0       12        12 
	   Disk (KB)            :      429      425   2778561 
	   Memory (MB)          :       37    24000     24000 

	Job terminated of its own accord at 2024-08-02T14:23:43Z with exit-code 139.
...
