000 (10252905.104.000) 07/24 16:13:14 Job submitted from host: <188.185.114.121:9618?addrs=188.185.114.121-9618+[2001-1458-d00-a--100-273]-9618&alias=bigbird19.cern.ch&noUDP&sock=schedd_4961_696e>
...
009 (10252905.104.000) 07/24 16:14:45 Job was aborted.
	via condor_rm (by user yelberke)
...
000 (10252906.104.000) 07/24 16:15:36 Job submitted from host: <188.185.114.121:9618?addrs=188.185.114.121-9618+[2001-1458-d00-a--100-273]-9618&alias=bigbird19.cern.ch&noUDP&sock=schedd_4961_696e>
...
040 (10252906.104.000) 07/24 16:16:28 Started transferring input files
	Transferring to host: <188.185.205.63:9618?addrs=188.185.205.63-9618&alias=b9p03p3877.cern.ch&noUDP&sock=slot1_3_7369_e085_156987>
...
040 (10252906.104.000) 07/24 16:16:28 Finished transferring input files
...
001 (10252906.104.000) 07/24 16:16:29 Job executing on host: <188.185.205.63:9618?addrs=188.185.205.63-9618&alias=b9p03p3877.cern.ch&noUDP&sock=startd_7252_d8e7>
	SlotName: slot1_3@b9p03p3877.cern.ch
	CondorScratchDir = "/pool/condor/dir_3409331"
	Cpus = 8
	Disk = 2641423
	Memory = 16000
...
006 (10252906.104.000) 07/24 16:16:34 Image size of job updated: 161440
	8  -  MemoryUsage of job (MB)
	8128  -  ResidentSetSize of job (KB)
...
040 (10252906.104.000) 07/24 16:16:34 Started transferring output files
...
040 (10252906.104.000) 07/24 16:16:34 Finished transferring output files
...
005 (10252906.104.000) 07/24 16:16:34 Job terminated.
	(1) Normal termination (return value 0)
		Usr 0 00:00:04, Sys 0 00:00:00  -  Run Remote Usage
		Usr 0 00:00:00, Sys 0 00:00:00  -  Run Local Usage
		Usr 0 00:00:04, Sys 0 00:00:00  -  Total Remote Usage
		Usr 0 00:00:00, Sys 0 00:00:00  -  Total Local Usage
	6204  -  Run Bytes Sent By Job
	409597  -  Run Bytes Received By Job
	6204  -  Total Bytes Sent By Job
	409597  -  Total Bytes Received By Job
	Partitionable Resources :    Usage  Request Allocated 
	   Cpus                 :        0        8         8 
	   Disk (KB)            :      426      425   2641423 
	   Memory (MB)          :        8    16000     16000 

	Job terminated of its own accord at 2024-07-24T14:16:34Z with exit-code 0.
...
000 (10252907.104.000) 07/24 16:17:29 Job submitted from host: <188.185.114.121:9618?addrs=188.185.114.121-9618+[2001-1458-d00-a--100-273]-9618&alias=bigbird19.cern.ch&noUDP&sock=schedd_4961_696e>
...
000 (10252908.104.000) 07/24 16:18:03 Job submitted from host: <188.185.114.121:9618?addrs=188.185.114.121-9618+[2001-1458-d00-a--100-273]-9618&alias=bigbird19.cern.ch&noUDP&sock=schedd_4961_696e>
...
000 (10252909.104.000) 07/24 16:18:38 Job submitted from host: <188.185.114.121:9618?addrs=188.185.114.121-9618+[2001-1458-d00-a--100-273]-9618&alias=bigbird19.cern.ch&noUDP&sock=schedd_4961_696e>
...
000 (10252910.104.000) 07/24 16:19:04 Job submitted from host: <188.185.114.121:9618?addrs=188.185.114.121-9618+[2001-1458-d00-a--100-273]-9618&alias=bigbird19.cern.ch&noUDP&sock=schedd_4961_696e>
...
000 (10252911.104.000) 07/24 16:19:17 Job submitted from host: <188.185.114.121:9618?addrs=188.185.114.121-9618+[2001-1458-d00-a--100-273]-9618&alias=bigbird19.cern.ch&noUDP&sock=schedd_4961_696e>
...
000 (10252912.104.000) 07/24 16:19:30 Job submitted from host: <188.185.114.121:9618?addrs=188.185.114.121-9618+[2001-1458-d00-a--100-273]-9618&alias=bigbird19.cern.ch&noUDP&sock=schedd_4961_696e>
...
000 (10252913.104.000) 07/24 16:19:42 Job submitted from host: <188.185.114.121:9618?addrs=188.185.114.121-9618+[2001-1458-d00-a--100-273]-9618&alias=bigbird19.cern.ch&noUDP&sock=schedd_4961_696e>
...
040 (10252907.104.000) 07/24 17:43:34 Started transferring input files
	Transferring to host: <188.185.209.225:9618?addrs=188.185.209.225-9618+[2001-1458-303-12--100-5e]-9618&alias=b9p12p3280.cern.ch&noUDP&sock=slot1_13_7365_0f05_146787>
...
040 (10252907.104.000) 07/24 17:43:34 Finished transferring input files
...
001 (10252907.104.000) 07/24 17:43:35 Job executing on host: <188.185.209.225:9618?addrs=188.185.209.225-9618+[2001-1458-303-12--100-5e]-9618&alias=b9p12p3280.cern.ch&noUDP&sock=startd_5922_93f1>
	SlotName: slot1_13@b9p12p3280.cern.ch
	CondorScratchDir = "/pool/condor/dir_4121351"
	Cpus = 8
	Disk = 2807328
	Memory = 16000
...
006 (10252907.104.000) 07/24 17:43:41 Image size of job updated: 160468
	8  -  MemoryUsage of job (MB)
	7864  -  ResidentSetSize of job (KB)
...
040 (10252907.104.000) 07/24 17:43:41 Started transferring output files
...
040 (10252907.104.000) 07/24 17:43:41 Finished transferring output files
...
005 (10252907.104.000) 07/24 17:43:41 Job terminated.
	(1) Normal termination (return value 0)
		Usr 0 00:00:04, Sys 0 00:00:00  -  Run Remote Usage
		Usr 0 00:00:00, Sys 0 00:00:00  -  Run Local Usage
		Usr 0 00:00:04, Sys 0 00:00:00  -  Total Remote Usage
		Usr 0 00:00:00, Sys 0 00:00:00  -  Total Local Usage
	6204  -  Run Bytes Sent By Job
	409597  -  Run Bytes Received By Job
	6204  -  Total Bytes Sent By Job
	409597  -  Total Bytes Received By Job
	Partitionable Resources :    Usage  Request Allocated 
	   Cpus                 :        0        8         8 
	   Disk (KB)            :      428      425   2807328 
	   Memory (MB)          :        8    16000     16000 

	Job terminated of its own accord at 2024-07-24T15:43:41Z with exit-code 0.
...
040 (10252908.104.000) 07/24 18:43:45 Started transferring input files
	Transferring to host: <188.185.207.227:9618?addrs=188.185.207.227-9618+[2001-1458-303-e--100-60]-9618&alias=b9p08p7228.cern.ch&noUDP&sock=slot1_7_5307_02f1_143519>
...
040 (10252908.104.000) 07/24 18:43:45 Finished transferring input files
...
001 (10252908.104.000) 07/24 18:43:46 Job executing on host: <188.185.207.227:9618?addrs=188.185.207.227-9618+[2001-1458-303-e--100-60]-9618&alias=b9p08p7228.cern.ch&noUDP&sock=startd_4373_17be>
	SlotName: slot1_7@b9p08p7228.cern.ch
	CondorScratchDir = "/pool/condor/dir_2133354"
	Cpus = 8
	Disk = 2768657
	Memory = 16000
...
006 (10252908.104.000) 07/24 18:43:52 Image size of job updated: 162868
	9  -  MemoryUsage of job (MB)
	8276  -  ResidentSetSize of job (KB)
...
040 (10252908.104.000) 07/24 18:43:52 Started transferring output files
...
040 (10252908.104.000) 07/24 18:43:52 Finished transferring output files
...
005 (10252908.104.000) 07/24 18:43:52 Job terminated.
	(1) Normal termination (return value 0)
		Usr 0 00:00:04, Sys 0 00:00:00  -  Run Remote Usage
		Usr 0 00:00:00, Sys 0 00:00:00  -  Run Local Usage
		Usr 0 00:00:04, Sys 0 00:00:00  -  Total Remote Usage
		Usr 0 00:00:00, Sys 0 00:00:00  -  Total Local Usage
	6204  -  Run Bytes Sent By Job
	409597  -  Run Bytes Received By Job
	6204  -  Total Bytes Sent By Job
	409597  -  Total Bytes Received By Job
	Partitionable Resources :    Usage  Request Allocated 
	   Cpus                 :        0        8         8 
	   Disk (KB)            :      428      425   2768657 
	   Memory (MB)          :        9    16000     16000 

	Job terminated of its own accord at 2024-07-24T16:43:52Z with exit-code 0.
...
040 (10252909.104.000) 07/24 19:47:45 Started transferring input files
	Transferring to host: <188.185.208.139:9618?addrs=188.185.208.139-9618+[2001-1458-303-10--100-8]-9618&alias=b9p10p2979.cern.ch&noUDP&sock=slot1_9_9205_814f_148109>
...
040 (10252909.104.000) 07/24 19:47:45 Finished transferring input files
...
001 (10252909.104.000) 07/24 19:47:46 Job executing on host: <188.185.208.139:9618?addrs=188.185.208.139-9618+[2001-1458-303-10--100-8]-9618&alias=b9p10p2979.cern.ch&noUDP&sock=startd_7858_834b>
	SlotName: slot1_9@b9p10p2979.cern.ch
	CondorScratchDir = "/pool/condor/dir_569082"
	Cpus = 8
	Disk = 2784714
	Memory = 16000
...
006 (10252909.104.000) 07/24 19:47:50 Image size of job updated: 156428
	7  -  MemoryUsage of job (MB)
	6200  -  ResidentSetSize of job (KB)
...
040 (10252909.104.000) 07/24 19:47:50 Started transferring output files
...
040 (10252909.104.000) 07/24 19:47:50 Finished transferring output files
...
005 (10252909.104.000) 07/24 19:47:50 Job terminated.
	(1) Normal termination (return value 0)
		Usr 0 00:00:03, Sys 0 00:00:00  -  Run Remote Usage
		Usr 0 00:00:00, Sys 0 00:00:00  -  Run Local Usage
		Usr 0 00:00:03, Sys 0 00:00:00  -  Total Remote Usage
		Usr 0 00:00:00, Sys 0 00:00:00  -  Total Local Usage
	6204  -  Run Bytes Sent By Job
	409597  -  Run Bytes Received By Job
	6204  -  Total Bytes Sent By Job
	409597  -  Total Bytes Received By Job
	Partitionable Resources :    Usage  Request Allocated 
	   Cpus                 :        0        8         8 
	   Disk (KB)            :      428      425   2784714 
	   Memory (MB)          :        7    16000     16000 

	Job terminated of its own accord at 2024-07-24T17:47:50Z with exit-code 0.
...
040 (10252910.104.000) 07/24 20:41:31 Started transferring input files
	Transferring to host: <188.185.198.19:9618?addrs=188.185.198.19-9618&alias=b9p15p7863.cern.ch&noUDP&sock=slot1_2_523582_a264_130>
...
040 (10252910.104.000) 07/24 20:41:31 Finished transferring input files
...
001 (10252910.104.000) 07/24 20:41:32 Job executing on host: <188.185.198.19:9618?addrs=188.185.198.19-9618&alias=b9p15p7863.cern.ch&noUDP&sock=startd_128178_066c>
	SlotName: slot1_2@b9p15p7863.cern.ch
	CondorScratchDir = "/pool/condor/dir_543113"
	Cpus = 8
	Disk = 3022464
	Memory = 16000
...
006 (10252910.104.000) 07/24 20:41:41 Image size of job updated: 1
	0  -  MemoryUsage of job (MB)
	0  -  ResidentSetSize of job (KB)
...
006 (10252910.104.000) 07/24 20:42:01 Image size of job updated: 154780
	5  -  MemoryUsage of job (MB)
	5120  -  ResidentSetSize of job (KB)
...
040 (10252910.104.000) 07/24 20:42:01 Started transferring output files
...
040 (10252910.104.000) 07/24 20:42:01 Finished transferring output files
...
005 (10252910.104.000) 07/24 20:42:01 Job terminated.
	(1) Normal termination (return value 0)
		Usr 0 00:00:03, Sys 0 00:00:00  -  Run Remote Usage
		Usr 0 00:00:00, Sys 0 00:00:00  -  Run Local Usage
		Usr 0 00:00:03, Sys 0 00:00:00  -  Total Remote Usage
		Usr 0 00:00:00, Sys 0 00:00:00  -  Total Local Usage
	6201  -  Run Bytes Sent By Job
	409597  -  Run Bytes Received By Job
	6201  -  Total Bytes Sent By Job
	409597  -  Total Bytes Received By Job
	Partitionable Resources :    Usage  Request Allocated 
	   Cpus                 :        0        8         8 
	   Disk (KB)            :      426      425   3022464 
	   Memory (MB)          :        5    16000     16000 

	Job terminated of its own accord at 2024-07-24T18:42:01Z with exit-code 0.
...
040 (10252911.104.000) 07/24 20:54:27 Started transferring input files
	Transferring to host: <188.185.206.205:9618?addrs=188.185.206.205-9618&alias=b9p06p1318.cern.ch&noUDP&sock=slot1_13_4974_6203_156623>
...
040 (10252911.104.000) 07/24 20:54:27 Finished transferring input files
...
001 (10252911.104.000) 07/24 20:54:28 Job executing on host: <188.185.206.205:9618?addrs=188.185.206.205-9618&alias=b9p06p1318.cern.ch&noUDP&sock=startd_4302_6484>
	SlotName: slot1_13@b9p06p1318.cern.ch
	CondorScratchDir = "/pool/condor/dir_1592145"
	Cpus = 8
	Disk = 2855986
	Memory = 16000
...
006 (10252911.104.000) 07/24 20:54:32 Image size of job updated: 163236
	10  -  MemoryUsage of job (MB)
	9380  -  ResidentSetSize of job (KB)
...
040 (10252911.104.000) 07/24 20:54:32 Started transferring output files
...
040 (10252911.104.000) 07/24 20:54:32 Finished transferring output files
...
005 (10252911.104.000) 07/24 20:54:32 Job terminated.
	(1) Normal termination (return value 0)
		Usr 0 00:00:03, Sys 0 00:00:00  -  Run Remote Usage
		Usr 0 00:00:00, Sys 0 00:00:00  -  Run Local Usage
		Usr 0 00:00:03, Sys 0 00:00:00  -  Total Remote Usage
		Usr 0 00:00:00, Sys 0 00:00:00  -  Total Local Usage
	6201  -  Run Bytes Sent By Job
	409597  -  Run Bytes Received By Job
	6201  -  Total Bytes Sent By Job
	409597  -  Total Bytes Received By Job
	Partitionable Resources :    Usage  Request Allocated 
	   Cpus                 :        0        8         8 
	   Disk (KB)            :      428      425   2855986 
	   Memory (MB)          :       10    16000     16000 

	Job terminated of its own accord at 2024-07-24T18:54:32Z with exit-code 0.
...
040 (10252912.104.000) 07/24 21:07:28 Started transferring input files
	Transferring to host: <188.185.194.58:9618?addrs=188.185.194.58-9618+[2001-1458-303-21--100-36]-9618&alias=b9p20p2508.cern.ch&noUDP&sock=slot1_5_184637_382d_24617>
...
040 (10252912.104.000) 07/24 21:07:28 Finished transferring input files
...
001 (10252912.104.000) 07/24 21:07:29 Job executing on host: <188.185.194.58:9618?addrs=188.185.194.58-9618+[2001-1458-303-21--100-36]-9618&alias=b9p20p2508.cern.ch&noUDP&sock=startd_174974_3052>
	SlotName: slot1_5@b9p20p2508.cern.ch
	CondorScratchDir = "/pool/condor/dir_2721604"
	Cpus = 8
	Disk = 2974174
	Memory = 16000
...
006 (10252912.104.000) 07/24 21:07:34 Image size of job updated: 163736
	10  -  MemoryUsage of job (MB)
	9548  -  ResidentSetSize of job (KB)
...
040 (10252912.104.000) 07/24 21:07:34 Started transferring output files
...
040 (10252912.104.000) 07/24 21:07:34 Finished transferring output files
...
005 (10252912.104.000) 07/24 21:07:34 Job terminated.
	(1) Normal termination (return value 0)
		Usr 0 00:00:04, Sys 0 00:00:00  -  Run Remote Usage
		Usr 0 00:00:00, Sys 0 00:00:00  -  Run Local Usage
		Usr 0 00:00:04, Sys 0 00:00:00  -  Total Remote Usage
		Usr 0 00:00:00, Sys 0 00:00:00  -  Total Local Usage
	6201  -  Run Bytes Sent By Job
	409597  -  Run Bytes Received By Job
	6201  -  Total Bytes Sent By Job
	409597  -  Total Bytes Received By Job
	Partitionable Resources :    Usage  Request Allocated 
	   Cpus                 :        0        8         8 
	   Disk (KB)            :      428      425   2974174 
	   Memory (MB)          :       10    16000     16000 

	Job terminated of its own accord at 2024-07-24T19:07:34Z with exit-code 0.
...
040 (10252913.104.000) 07/24 21:21:01 Started transferring input files
	Transferring to host: <188.185.196.90:9618?addrs=188.185.196.90-9618+[2001-1458-303-23--100-56]-9618&alias=b9p16p8401.cern.ch&noUDP&sock=slot1_10_3768298_964e_4039>
...
040 (10252913.104.000) 07/24 21:21:01 Finished transferring input files
...
001 (10252913.104.000) 07/24 21:21:02 Job executing on host: <188.185.196.90:9618?addrs=188.185.196.90-9618+[2001-1458-303-23--100-56]-9618&alias=b9p16p8401.cern.ch&noUDP&sock=startd_177825_bcd5>
	SlotName: slot1_10@b9p16p8401.cern.ch
	CondorScratchDir = "/pool/condor/dir_4119313"
	Cpus = 8
	Disk = 2959151
	Memory = 16000
...
006 (10252913.104.000) 07/24 21:21:08 Image size of job updated: 162564
	9  -  MemoryUsage of job (MB)
	8500  -  ResidentSetSize of job (KB)
...
040 (10252913.104.000) 07/24 21:21:09 Started transferring output files
...
040 (10252913.104.000) 07/24 21:21:09 Finished transferring output files
...
005 (10252913.104.000) 07/24 21:21:09 Job terminated.
	(1) Normal termination (return value 0)
		Usr 0 00:00:05, Sys 0 00:00:00  -  Run Remote Usage
		Usr 0 00:00:00, Sys 0 00:00:00  -  Run Local Usage
		Usr 0 00:00:05, Sys 0 00:00:00  -  Total Remote Usage
		Usr 0 00:00:00, Sys 0 00:00:00  -  Total Local Usage
	6204  -  Run Bytes Sent By Job
	409597  -  Run Bytes Received By Job
	6204  -  Total Bytes Sent By Job
	409597  -  Total Bytes Received By Job
	Partitionable Resources :    Usage  Request Allocated 
	   Cpus                 :        0        8         8 
	   Disk (KB)            :      427      425   2959151 
	   Memory (MB)          :        9    16000     16000 

	Job terminated of its own accord at 2024-07-24T19:21:08Z with exit-code 0.
...
000 (10261715.104.000) 07/25 13:01:15 Job submitted from host: <188.185.114.121:9618?addrs=188.185.114.121-9618+[2001-1458-d00-a--100-273]-9618&alias=bigbird19.cern.ch&noUDP&sock=schedd_4961_696e>
...
009 (10261715.104.000) 07/25 13:06:35 Job was aborted.
	via condor_rm (by user yelberke)
...
000 (10261767.104.000) 07/25 13:19:51 Job submitted from host: <188.185.114.121:9618?addrs=188.185.114.121-9618+[2001-1458-d00-a--100-273]-9618&alias=bigbird19.cern.ch&noUDP&sock=schedd_4961_696e>
...
040 (10261767.104.000) 07/25 13:27:14 Started transferring input files
	Transferring to host: <188.185.206.25:9618?addrs=188.185.206.25-9618+[2001-1458-303-b--100-16]-9618&alias=b9p05p0677.cern.ch&noUDP&sock=slot1_5_64988_accc_93495>
...
040 (10261767.104.000) 07/25 13:27:14 Finished transferring input files
...
001 (10261767.104.000) 07/25 13:27:15 Job executing on host: <188.185.206.25:9618?addrs=188.185.206.25-9618+[2001-1458-303-b--100-16]-9618&alias=b9p05p0677.cern.ch&noUDP&sock=startd_3342_e999>
	SlotName: slot1_5@b9p05p0677.cern.ch
	CondorScratchDir = "/pool/condor/dir_775470"
	Cpus = 12
	Disk = 2769502
	Memory = 24000
...
006 (10261767.104.000) 07/25 13:27:21 Image size of job updated: 161164
	8  -  MemoryUsage of job (MB)
	7256  -  ResidentSetSize of job (KB)
...
040 (10261767.104.000) 07/25 13:27:21 Started transferring output files
...
040 (10261767.104.000) 07/25 13:27:21 Finished transferring output files
...
005 (10261767.104.000) 07/25 13:27:21 Job terminated.
	(1) Normal termination (return value 0)
		Usr 0 00:00:04, Sys 0 00:00:00  -  Run Remote Usage
		Usr 0 00:00:00, Sys 0 00:00:00  -  Run Local Usage
		Usr 0 00:00:04, Sys 0 00:00:00  -  Total Remote Usage
		Usr 0 00:00:00, Sys 0 00:00:00  -  Total Local Usage
	6204  -  Run Bytes Sent By Job
	409597  -  Run Bytes Received By Job
	6204  -  Total Bytes Sent By Job
	409597  -  Total Bytes Received By Job
	Partitionable Resources :    Usage  Request Allocated 
	   Cpus                 :        0       12        12 
	   Disk (KB)            :      431      425   2769502 
	   Memory (MB)          :        8    24000     24000 

	Job terminated of its own accord at 2024-07-25T11:27:21Z with exit-code 0.
...
000 (10284266.104.000) 08/02 15:44:53 Job submitted from host: <188.185.114.121:9618?addrs=188.185.114.121-9618+[2001-1458-d00-a--100-273]-9618&alias=bigbird19.cern.ch&noUDP&sock=schedd_4961_696e>
...
009 (10284266.104.000) 08/02 15:49:04 Job was aborted.
	via condor_rm (by user yelberke)
...
000 (10284267.104.000) 08/02 15:49:44 Job submitted from host: <188.185.114.121:9618?addrs=188.185.114.121-9618+[2001-1458-d00-a--100-273]-9618&alias=bigbird19.cern.ch&noUDP&sock=schedd_4961_696e>
...
040 (10284267.104.000) 08/02 15:57:48 Started transferring input files
	Transferring to host: <188.185.192.43:9618?addrs=188.185.192.43-9618+[2001-1458-303-1f--100-27]-9618&alias=b9p13p3492.cern.ch&noUDP&sock=slot1_5_574100_22ab_81>
...
040 (10284267.104.000) 08/02 15:57:48 Finished transferring input files
...
001 (10284267.104.000) 08/02 15:57:49 Job executing on host: <188.185.192.43:9618?addrs=188.185.192.43-9618+[2001-1458-303-1f--100-27]-9618&alias=b9p13p3492.cern.ch&noUDP&sock=startd_11676_57e3>
	SlotName: slot1_5@b9p13p3492.cern.ch
	CondorScratchDir = "/pool/condor/dir_594769"
	Cpus = 12
	Disk = 3123505
	Memory = 24000
...
006 (10284267.104.000) 08/02 15:57:50 Image size of job updated: 315464
	3  -  MemoryUsage of job (MB)
	2156  -  ResidentSetSize of job (KB)
...
040 (10284267.104.000) 08/02 15:57:50 Started transferring output files
...
040 (10284267.104.000) 08/02 15:57:51 Finished transferring output files
...
005 (10284267.104.000) 08/02 15:57:51 Job terminated.
	(1) Normal termination (return value 139)
		Usr 0 00:00:02, Sys 0 00:00:00  -  Run Remote Usage
		Usr 0 00:00:00, Sys 0 00:00:00  -  Run Local Usage
		Usr 0 00:00:02, Sys 0 00:00:00  -  Total Remote Usage
		Usr 0 00:00:00, Sys 0 00:00:00  -  Total Local Usage
	7696  -  Run Bytes Sent By Job
	409597  -  Run Bytes Received By Job
	7696  -  Total Bytes Sent By Job
	409597  -  Total Bytes Received By Job
	Partitionable Resources :    Usage  Request Allocated 
	   Cpus                 :        0       12        12 
	   Disk (KB)            :      429      425   3123505 
	   Memory (MB)          :        3    24000     24000 

	Job terminated of its own accord at 2024-08-02T13:57:50Z with exit-code 139.
...
