000 (10252905.1085.000) 07/24 16:13:16 Job submitted from host: <188.185.114.121:9618?addrs=188.185.114.121-9618+[2001-1458-d00-a--100-273]-9618&alias=bigbird19.cern.ch&noUDP&sock=schedd_4961_696e>
...
009 (10252905.1085.000) 07/24 16:14:47 Job was aborted.
	via condor_rm (by user yelberke)
...
000 (10252906.1085.000) 07/24 16:15:37 Job submitted from host: <188.185.114.121:9618?addrs=188.185.114.121-9618+[2001-1458-d00-a--100-273]-9618&alias=bigbird19.cern.ch&noUDP&sock=schedd_4961_696e>
...
000 (10252907.1085.000) 07/24 16:17:31 Job submitted from host: <188.185.114.121:9618?addrs=188.185.114.121-9618+[2001-1458-d00-a--100-273]-9618&alias=bigbird19.cern.ch&noUDP&sock=schedd_4961_696e>
...
000 (10252908.1085.000) 07/24 16:18:04 Job submitted from host: <188.185.114.121:9618?addrs=188.185.114.121-9618+[2001-1458-d00-a--100-273]-9618&alias=bigbird19.cern.ch&noUDP&sock=schedd_4961_696e>
...
000 (10252909.1085.000) 07/24 16:18:40 Job submitted from host: <188.185.114.121:9618?addrs=188.185.114.121-9618+[2001-1458-d00-a--100-273]-9618&alias=bigbird19.cern.ch&noUDP&sock=schedd_4961_696e>
...
000 (10252910.1085.000) 07/24 16:19:05 Job submitted from host: <188.185.114.121:9618?addrs=188.185.114.121-9618+[2001-1458-d00-a--100-273]-9618&alias=bigbird19.cern.ch&noUDP&sock=schedd_4961_696e>
...
000 (10252911.1085.000) 07/24 16:19:18 Job submitted from host: <188.185.114.121:9618?addrs=188.185.114.121-9618+[2001-1458-d00-a--100-273]-9618&alias=bigbird19.cern.ch&noUDP&sock=schedd_4961_696e>
...
000 (10252912.1085.000) 07/24 16:19:31 Job submitted from host: <188.185.114.121:9618?addrs=188.185.114.121-9618+[2001-1458-d00-a--100-273]-9618&alias=bigbird19.cern.ch&noUDP&sock=schedd_4961_696e>
...
000 (10252913.1085.000) 07/24 16:19:43 Job submitted from host: <188.185.114.121:9618?addrs=188.185.114.121-9618+[2001-1458-d00-a--100-273]-9618&alias=bigbird19.cern.ch&noUDP&sock=schedd_4961_696e>
...
040 (10252906.1085.000) 07/24 16:24:26 Started transferring input files
	Transferring to host: <188.185.193.137:9618?addrs=188.185.193.137-9618+[2001-1458-303-20--100-85]-9618&alias=b9p19p6030.cern.ch&noUDP&sock=slot1_2_2155823_140b_75>
...
040 (10252906.1085.000) 07/24 16:24:26 Finished transferring input files
...
001 (10252906.1085.000) 07/24 16:24:27 Job executing on host: <188.185.193.137:9618?addrs=188.185.193.137-9618+[2001-1458-303-20--100-85]-9618&alias=b9p19p6030.cern.ch&noUDP&sock=startd_128424_c2b8>
	SlotName: slot1_2@b9p19p6030.cern.ch
	CondorScratchDir = "/pool/condor/dir_2167704"
	Cpus = 8
	Disk = 3134025
	Memory = 16000
...
006 (10252906.1085.000) 07/24 16:24:32 Image size of job updated: 172828
	17  -  MemoryUsage of job (MB)
	17272  -  ResidentSetSize of job (KB)
...
040 (10252906.1085.000) 07/24 16:24:32 Started transferring output files
...
040 (10252906.1085.000) 07/24 16:24:32 Finished transferring output files
...
005 (10252906.1085.000) 07/24 16:24:32 Job terminated.
	(1) Normal termination (return value 0)
		Usr 0 00:00:04, Sys 0 00:00:00  -  Run Remote Usage
		Usr 0 00:00:00, Sys 0 00:00:00  -  Run Local Usage
		Usr 0 00:00:04, Sys 0 00:00:00  -  Total Remote Usage
		Usr 0 00:00:00, Sys 0 00:00:00  -  Total Local Usage
	6204  -  Run Bytes Sent By Job
	409597  -  Run Bytes Received By Job
	6204  -  Total Bytes Sent By Job
	409597  -  Total Bytes Received By Job
	Partitionable Resources :    Usage  Request Allocated 
	   Cpus                 :        0        8         8 
	   Disk (KB)            :      428      425   3134025 
	   Memory (MB)          :       17    16000     16000 

	Job terminated of its own accord at 2024-07-24T14:24:32Z with exit-code 0.
...
040 (10252907.1085.000) 07/24 17:51:01 Started transferring input files
	Transferring to host: <188.185.207.9:9618?addrs=188.185.207.9-9618+[2001-1458-303-d--100-6]-9618&alias=b9p07p6005.cern.ch&noUDP&sock=slot1_7_4138_5861_143845>
...
040 (10252907.1085.000) 07/24 17:51:01 Finished transferring input files
...
001 (10252907.1085.000) 07/24 17:51:02 Job executing on host: <188.185.207.9:9618?addrs=188.185.207.9-9618+[2001-1458-303-d--100-6]-9618&alias=b9p07p6005.cern.ch&noUDP&sock=startd_3645_becb>
	SlotName: slot1_7@b9p07p6005.cern.ch
	CondorScratchDir = "/pool/condor/dir_3999825"
	Cpus = 8
	Disk = 2965074
	Memory = 16000
...
006 (10252907.1085.000) 07/24 17:51:07 Image size of job updated: 160384
	8  -  MemoryUsage of job (MB)
	8068  -  ResidentSetSize of job (KB)
...
040 (10252907.1085.000) 07/24 17:51:07 Started transferring output files
...
040 (10252907.1085.000) 07/24 17:51:07 Finished transferring output files
...
005 (10252907.1085.000) 07/24 17:51:07 Job terminated.
	(1) Normal termination (return value 0)
		Usr 0 00:00:03, Sys 0 00:00:00  -  Run Remote Usage
		Usr 0 00:00:00, Sys 0 00:00:00  -  Run Local Usage
		Usr 0 00:00:03, Sys 0 00:00:00  -  Total Remote Usage
		Usr 0 00:00:00, Sys 0 00:00:00  -  Total Local Usage
	6204  -  Run Bytes Sent By Job
	409597  -  Run Bytes Received By Job
	6204  -  Total Bytes Sent By Job
	409597  -  Total Bytes Received By Job
	Partitionable Resources :    Usage  Request Allocated 
	   Cpus                 :        0        8         8 
	   Disk (KB)            :      428      425   2965074 
	   Memory (MB)          :        8    16000     16000 

	Job terminated of its own accord at 2024-07-24T15:51:07Z with exit-code 0.
...
040 (10252908.1085.000) 07/24 18:56:11 Started transferring input files
	Transferring to host: <188.185.208.9:9618?addrs=188.185.208.9-9618+[2001-1458-303-f--100-6]-9618&alias=b9p09p4155.cern.ch&noUDP&sock=slot1_9_24454_ce1b_24739>
...
040 (10252908.1085.000) 07/24 18:56:11 Finished transferring input files
...
001 (10252908.1085.000) 07/24 18:56:12 Job executing on host: <188.185.208.9:9618?addrs=188.185.208.9-9618+[2001-1458-303-f--100-6]-9618&alias=b9p09p4155.cern.ch&noUDP&sock=startd_22827_0076>
	SlotName: slot1_9@b9p09p4155.cern.ch
	CondorScratchDir = "/pool/condor/dir_1064346"
	Cpus = 8
	Disk = 2810781
	Memory = 16000
...
006 (10252908.1085.000) 07/24 18:56:17 Image size of job updated: 166908
	13  -  MemoryUsage of job (MB)
	12456  -  ResidentSetSize of job (KB)
...
040 (10252908.1085.000) 07/24 18:56:17 Started transferring output files
...
040 (10252908.1085.000) 07/24 18:56:17 Finished transferring output files
...
005 (10252908.1085.000) 07/24 18:56:17 Job terminated.
	(1) Normal termination (return value 0)
		Usr 0 00:00:03, Sys 0 00:00:00  -  Run Remote Usage
		Usr 0 00:00:00, Sys 0 00:00:00  -  Run Local Usage
		Usr 0 00:00:03, Sys 0 00:00:00  -  Total Remote Usage
		Usr 0 00:00:00, Sys 0 00:00:00  -  Total Local Usage
	6204  -  Run Bytes Sent By Job
	409597  -  Run Bytes Received By Job
	6204  -  Total Bytes Sent By Job
	409597  -  Total Bytes Received By Job
	Partitionable Resources :    Usage  Request Allocated 
	   Cpus                 :                 8         8 
	   Disk (KB)            :      420      425   2810781 
	   Memory (MB)          :       13    16000     16000 

	Job terminated of its own accord at 2024-07-24T16:56:17Z with exit-code 0.
...
040 (10252909.1085.000) 07/24 19:55:20 Started transferring input files
	Transferring to host: <188.185.204.184:9618?addrs=188.185.204.184-9618+[2001-1458-303-8--100-ac]-9618&alias=b9p02p4948.cern.ch&noUDP&sock=slot1_14_6765_4dec_155684>
...
040 (10252909.1085.000) 07/24 19:55:20 Finished transferring input files
...
001 (10252909.1085.000) 07/24 19:55:21 Job executing on host: <188.185.204.184:9618?addrs=188.185.204.184-9618+[2001-1458-303-8--100-ac]-9618&alias=b9p02p4948.cern.ch&noUDP&sock=startd_6316_d442>
	SlotName: slot1_14@b9p02p4948.cern.ch
	CondorScratchDir = "/pool/condor/dir_1132137"
	Cpus = 8
	Disk = 2508195
	Memory = 16000
...
006 (10252909.1085.000) 07/24 19:55:29 Image size of job updated: 351136
	194  -  MemoryUsage of job (MB)
	198448  -  ResidentSetSize of job (KB)
...
040 (10252909.1085.000) 07/24 19:55:29 Started transferring output files
...
040 (10252909.1085.000) 07/24 19:55:29 Finished transferring output files
...
005 (10252909.1085.000) 07/24 19:55:29 Job terminated.
	(1) Normal termination (return value 0)
		Usr 0 00:00:05, Sys 0 00:00:00  -  Run Remote Usage
		Usr 0 00:00:00, Sys 0 00:00:00  -  Run Local Usage
		Usr 0 00:00:05, Sys 0 00:00:00  -  Total Remote Usage
		Usr 0 00:00:00, Sys 0 00:00:00  -  Total Local Usage
	6204  -  Run Bytes Sent By Job
	409597  -  Run Bytes Received By Job
	6204  -  Total Bytes Sent By Job
	409597  -  Total Bytes Received By Job
	Partitionable Resources :    Usage  Request Allocated 
	   Cpus                 :        0        8         8 
	   Disk (KB)            :      427      425   2508195 
	   Memory (MB)          :      194    16000     16000 

	Job terminated of its own accord at 2024-07-24T17:55:29Z with exit-code 0.
...
040 (10252910.1085.000) 07/24 20:47:33 Started transferring input files
	Transferring to host: <188.185.198.64:9618?addrs=188.185.198.64-9618+[2001-1458-303-25--100-3c]-9618&alias=b9p15p6995.cern.ch&noUDP&sock=slot1_12_2903169_f181_5995>
...
040 (10252910.1085.000) 07/24 20:47:33 Finished transferring input files
...
001 (10252910.1085.000) 07/24 20:47:34 Job executing on host: <188.185.198.64:9618?addrs=188.185.198.64-9618+[2001-1458-303-25--100-3c]-9618&alias=b9p15p6995.cern.ch&noUDP&sock=startd_127659_08c5>
	SlotName: slot1_12@b9p15p6995.cern.ch
	CondorScratchDir = "/pool/condor/dir_830165"
	Cpus = 8
	Disk = 3020147
	Memory = 16000
...
006 (10252910.1085.000) 07/24 20:47:38 Image size of job updated: 161124
	9  -  MemoryUsage of job (MB)
	8616  -  ResidentSetSize of job (KB)
...
040 (10252910.1085.000) 07/24 20:47:38 Started transferring output files
...
040 (10252910.1085.000) 07/24 20:47:38 Finished transferring output files
...
005 (10252910.1085.000) 07/24 20:47:38 Job terminated.
	(1) Normal termination (return value 0)
		Usr 0 00:00:03, Sys 0 00:00:00  -  Run Remote Usage
		Usr 0 00:00:00, Sys 0 00:00:00  -  Run Local Usage
		Usr 0 00:00:03, Sys 0 00:00:00  -  Total Remote Usage
		Usr 0 00:00:00, Sys 0 00:00:00  -  Total Local Usage
	6201  -  Run Bytes Sent By Job
	409597  -  Run Bytes Received By Job
	6201  -  Total Bytes Sent By Job
	409597  -  Total Bytes Received By Job
	Partitionable Resources :    Usage  Request Allocated 
	   Cpus                 :        0        8         8 
	   Disk (KB)            :      428      425   3020147 
	   Memory (MB)          :        9    16000     16000 

	Job terminated of its own accord at 2024-07-24T18:47:38Z with exit-code 0.
...
040 (10252911.1085.000) 07/24 21:01:55 Started transferring input files
	Transferring to host: <188.185.207.197:9618?addrs=188.185.207.197-9618+[2001-1458-303-e--100-42]-9618&alias=b9p08p9966.cern.ch&noUDP&sock=slot1_11_7360_8924_143783>
...
040 (10252911.1085.000) 07/24 21:01:55 Finished transferring input files
...
001 (10252911.1085.000) 07/24 21:01:56 Job executing on host: <188.185.207.197:9618?addrs=188.185.207.197-9618+[2001-1458-303-e--100-42]-9618&alias=b9p08p9966.cern.ch&noUDP&sock=startd_5698_eeba>
	SlotName: slot1_11@b9p08p9966.cern.ch
	CondorScratchDir = "/pool/condor/dir_1830135"
	Cpus = 8
	Disk = 2904760
	Memory = 16000
...
006 (10252911.1085.000) 07/24 21:02:01 Image size of job updated: 164404
	10  -  MemoryUsage of job (MB)
	9936  -  ResidentSetSize of job (KB)
...
040 (10252911.1085.000) 07/24 21:02:01 Started transferring output files
...
040 (10252911.1085.000) 07/24 21:02:01 Finished transferring output files
...
005 (10252911.1085.000) 07/24 21:02:01 Job terminated.
	(1) Normal termination (return value 0)
		Usr 0 00:00:03, Sys 0 00:00:00  -  Run Remote Usage
		Usr 0 00:00:00, Sys 0 00:00:00  -  Run Local Usage
		Usr 0 00:00:03, Sys 0 00:00:00  -  Total Remote Usage
		Usr 0 00:00:00, Sys 0 00:00:00  -  Total Local Usage
	6204  -  Run Bytes Sent By Job
	409597  -  Run Bytes Received By Job
	6204  -  Total Bytes Sent By Job
	409597  -  Total Bytes Received By Job
	Partitionable Resources :    Usage  Request Allocated 
	   Cpus                 :        0        8         8 
	   Disk (KB)            :      428      425   2904760 
	   Memory (MB)          :       10    16000     16000 

	Job terminated of its own accord at 2024-07-24T19:02:01Z with exit-code 0.
...
040 (10252912.1085.000) 07/24 21:12:58 Started transferring input files
	Transferring to host: <188.185.206.169:9618?addrs=188.185.206.169-9618&alias=b9p06p2599.cern.ch&noUDP&sock=slot1_16_7399_03c6_154332>
...
040 (10252912.1085.000) 07/24 21:12:58 Finished transferring input files
...
001 (10252912.1085.000) 07/24 21:12:59 Job executing on host: <188.185.206.169:9618?addrs=188.185.206.169-9618&alias=b9p06p2599.cern.ch&noUDP&sock=startd_7329_a9b2>
	SlotName: slot1_16@b9p06p2599.cern.ch
	CondorScratchDir = "/pool/condor/dir_519392"
	Cpus = 8
	Disk = 2878266
	Memory = 16000
...
006 (10252912.1085.000) 07/24 21:13:03 Image size of job updated: 156172
	6  -  MemoryUsage of job (MB)
	5384  -  ResidentSetSize of job (KB)
...
040 (10252912.1085.000) 07/24 21:13:03 Started transferring output files
...
040 (10252912.1085.000) 07/24 21:13:03 Finished transferring output files
...
005 (10252912.1085.000) 07/24 21:13:03 Job terminated.
	(1) Normal termination (return value 0)
		Usr 0 00:00:03, Sys 0 00:00:00  -  Run Remote Usage
		Usr 0 00:00:00, Sys 0 00:00:00  -  Run Local Usage
		Usr 0 00:00:03, Sys 0 00:00:00  -  Total Remote Usage
		Usr 0 00:00:00, Sys 0 00:00:00  -  Total Local Usage
	6201  -  Run Bytes Sent By Job
	409597  -  Run Bytes Received By Job
	6201  -  Total Bytes Sent By Job
	409597  -  Total Bytes Received By Job
	Partitionable Resources :    Usage  Request Allocated 
	   Cpus                 :        0        8         8 
	   Disk (KB)            :      428      425   2878266 
	   Memory (MB)          :        6    16000     16000 

	Job terminated of its own accord at 2024-07-24T19:13:03Z with exit-code 0.
...
040 (10252913.1085.000) 07/24 21:26:47 Started transferring input files
	Transferring to host: <188.185.206.221:9618?addrs=188.185.206.221-9618&alias=b9p06p2951.cern.ch&noUDP&sock=slot1_1_6888_f811_157747>
...
040 (10252913.1085.000) 07/24 21:26:47 Finished transferring input files
...
001 (10252913.1085.000) 07/24 21:26:48 Job executing on host: <188.185.206.221:9618?addrs=188.185.206.221-9618&alias=b9p06p2951.cern.ch&noUDP&sock=startd_6818_28cd>
	SlotName: slot1_1@b9p06p2951.cern.ch
	CondorScratchDir = "/pool/condor/dir_1935197"
	Cpus = 8
	Disk = 2627373
	Memory = 16000
...
006 (10252913.1085.000) 07/24 21:26:52 Image size of job updated: 161472
	9  -  MemoryUsage of job (MB)
	9044  -  ResidentSetSize of job (KB)
...
040 (10252913.1085.000) 07/24 21:26:52 Started transferring output files
...
040 (10252913.1085.000) 07/24 21:26:52 Finished transferring output files
...
005 (10252913.1085.000) 07/24 21:26:52 Job terminated.
	(1) Normal termination (return value 0)
		Usr 0 00:00:03, Sys 0 00:00:00  -  Run Remote Usage
		Usr 0 00:00:00, Sys 0 00:00:00  -  Run Local Usage
		Usr 0 00:00:03, Sys 0 00:00:00  -  Total Remote Usage
		Usr 0 00:00:00, Sys 0 00:00:00  -  Total Local Usage
	6204  -  Run Bytes Sent By Job
	409597  -  Run Bytes Received By Job
	6204  -  Total Bytes Sent By Job
	409597  -  Total Bytes Received By Job
	Partitionable Resources :    Usage  Request Allocated 
	   Cpus                 :        0        8         8 
	   Disk (KB)            :      427      425   2627373 
	   Memory (MB)          :        9    16000     16000 

	Job terminated of its own accord at 2024-07-24T19:26:52Z with exit-code 0.
...
000 (10261715.1085.000) 07/25 13:01:46 Job submitted from host: <188.185.114.121:9618?addrs=188.185.114.121-9618+[2001-1458-d00-a--100-273]-9618&alias=bigbird19.cern.ch&noUDP&sock=schedd_4961_696e>
...
009 (10261715.1085.000) 07/25 13:06:41 Job was aborted.
	via condor_rm (by user yelberke)
...
000 (10261767.1085.000) 07/25 13:20:10 Job submitted from host: <188.185.114.121:9618?addrs=188.185.114.121-9618+[2001-1458-d00-a--100-273]-9618&alias=bigbird19.cern.ch&noUDP&sock=schedd_4961_696e>
...
040 (10261767.1085.000) 07/25 14:10:02 Started transferring input files
	Transferring to host: <188.185.205.70:9618?addrs=188.185.205.70-9618+[2001-1458-303-9--100-ba]-9618&alias=b9p03p3791.cern.ch&noUDP&sock=slot1_9_4502_d0f0_31408>
...
040 (10261767.1085.000) 07/25 14:10:02 Finished transferring input files
...
001 (10261767.1085.000) 07/25 14:10:03 Job executing on host: <188.185.205.70:9618?addrs=188.185.205.70-9618+[2001-1458-303-9--100-ba]-9618&alias=b9p03p3791.cern.ch&noUDP&sock=startd_3735_7a51>
	SlotName: slot1_9@b9p03p3791.cern.ch
	CondorScratchDir = "/pool/condor/dir_2412410"
	Cpus = 12
	Disk = 2833864
	Memory = 24000
...
006 (10261767.1085.000) 07/25 14:10:10 Image size of job updated: 168776
	11  -  MemoryUsage of job (MB)
	10660  -  ResidentSetSize of job (KB)
...
040 (10261767.1085.000) 07/25 14:10:10 Started transferring output files
...
040 (10261767.1085.000) 07/25 14:10:10 Finished transferring output files
...
005 (10261767.1085.000) 07/25 14:10:10 Job terminated.
	(1) Normal termination (return value 0)
		Usr 0 00:00:04, Sys 0 00:00:00  -  Run Remote Usage
		Usr 0 00:00:00, Sys 0 00:00:00  -  Run Local Usage
		Usr 0 00:00:04, Sys 0 00:00:00  -  Total Remote Usage
		Usr 0 00:00:00, Sys 0 00:00:00  -  Total Local Usage
	6204  -  Run Bytes Sent By Job
	409597  -  Run Bytes Received By Job
	6204  -  Total Bytes Sent By Job
	409597  -  Total Bytes Received By Job
	Partitionable Resources :    Usage  Request Allocated 
	   Cpus                 :        0       12        12 
	   Disk (KB)            :      428      425   2833864 
	   Memory (MB)          :       11    24000     24000 

	Job terminated of its own accord at 2024-07-25T12:10:10Z with exit-code 0.
...
000 (10284266.1085.000) 08/02 15:45:30 Job submitted from host: <188.185.114.121:9618?addrs=188.185.114.121-9618+[2001-1458-d00-a--100-273]-9618&alias=bigbird19.cern.ch&noUDP&sock=schedd_4961_696e>
...
009 (10284266.1085.000) 08/02 15:49:25 Job was aborted.
	via condor_rm (by user yelberke)
...
000 (10284267.1085.000) 08/02 15:49:49 Job submitted from host: <188.185.114.121:9618?addrs=188.185.114.121-9618+[2001-1458-d00-a--100-273]-9618&alias=bigbird19.cern.ch&noUDP&sock=schedd_4961_696e>
...
040 (10284267.1085.000) 08/02 16:24:05 Started transferring input files
	Transferring to host: <188.185.192.69:9618?addrs=188.185.192.69-9618+[2001-1458-303-1f--100-41]-9618&alias=b9p13p8505.cern.ch&noUDP&sock=slot1_4_1900559_7f7f_24>
...
040 (10284267.1085.000) 08/02 16:24:05 Finished transferring input files
...
001 (10284267.1085.000) 08/02 16:24:07 Job executing on host: <188.185.192.69:9618?addrs=188.185.192.69-9618+[2001-1458-303-1f--100-41]-9618&alias=b9p13p8505.cern.ch&noUDP&sock=startd_11113_2c11>
	SlotName: slot1_4@b9p13p8505.cern.ch
	CondorScratchDir = "/pool/condor/dir_1901507"
	Cpus = 12
	Disk = 3030001
	Memory = 24000
...
006 (10284267.1085.000) 08/02 16:24:15 Image size of job updated: 1
	0  -  MemoryUsage of job (MB)
	0  -  ResidentSetSize of job (KB)
...
006 (10284267.1085.000) 08/02 16:24:33 Image size of job updated: 315728
	3  -  MemoryUsage of job (MB)
	2984  -  ResidentSetSize of job (KB)
...
040 (10284267.1085.000) 08/02 16:24:33 Started transferring output files
...
040 (10284267.1085.000) 08/02 16:24:33 Finished transferring output files
...
005 (10284267.1085.000) 08/02 16:24:33 Job terminated.
	(1) Normal termination (return value 139)
		Usr 0 00:00:02, Sys 0 00:00:00  -  Run Remote Usage
		Usr 0 00:00:00, Sys 0 00:00:00  -  Run Local Usage
		Usr 0 00:00:02, Sys 0 00:00:00  -  Total Remote Usage
		Usr 0 00:00:00, Sys 0 00:00:00  -  Total Local Usage
	7696  -  Run Bytes Sent By Job
	409597  -  Run Bytes Received By Job
	7696  -  Total Bytes Sent By Job
	409597  -  Total Bytes Received By Job
	Partitionable Resources :    Usage  Request Allocated 
	   Cpus                 :        0       12        12 
	   Disk (KB)            :      428      425   3030001 
	   Memory (MB)          :        3    24000     24000 

	Job terminated of its own accord at 2024-08-02T14:24:33Z with exit-code 139.
...
