000 (10252905.108.000) 07/24 16:13:14 Job submitted from host: <188.185.114.121:9618?addrs=188.185.114.121-9618+[2001-1458-d00-a--100-273]-9618&alias=bigbird19.cern.ch&noUDP&sock=schedd_4961_696e>
...
009 (10252905.108.000) 07/24 16:14:45 Job was aborted.
	via condor_rm (by user yelberke)
...
000 (10252906.108.000) 07/24 16:15:36 Job submitted from host: <188.185.114.121:9618?addrs=188.185.114.121-9618+[2001-1458-d00-a--100-273]-9618&alias=bigbird19.cern.ch&noUDP&sock=schedd_4961_696e>
...
040 (10252906.108.000) 07/24 16:16:30 Started transferring input files
	Transferring to host: <188.185.205.56:9618?addrs=188.185.205.56-9618&alias=b9p03p4629.cern.ch&noUDP&sock=slot1_10_6907_5b32_153992>
...
040 (10252906.108.000) 07/24 16:16:30 Finished transferring input files
...
001 (10252906.108.000) 07/24 16:16:31 Job executing on host: <188.185.205.56:9618?addrs=188.185.205.56-9618&alias=b9p03p4629.cern.ch&noUDP&sock=startd_6838_e0b1>
	SlotName: slot1_10@b9p03p4629.cern.ch
	CondorScratchDir = "/pool/condor/dir_2811773"
	Cpus = 8
	Disk = 2489948
	Memory = 16000
...
006 (10252906.108.000) 07/24 16:16:35 Image size of job updated: 161836
	9  -  MemoryUsage of job (MB)
	8848  -  ResidentSetSize of job (KB)
...
040 (10252906.108.000) 07/24 16:16:35 Started transferring output files
...
040 (10252906.108.000) 07/24 16:16:35 Finished transferring output files
...
005 (10252906.108.000) 07/24 16:16:35 Job terminated.
	(1) Normal termination (return value 0)
		Usr 0 00:00:03, Sys 0 00:00:00  -  Run Remote Usage
		Usr 0 00:00:00, Sys 0 00:00:00  -  Run Local Usage
		Usr 0 00:00:03, Sys 0 00:00:00  -  Total Remote Usage
		Usr 0 00:00:00, Sys 0 00:00:00  -  Total Local Usage
	6204  -  Run Bytes Sent By Job
	409597  -  Run Bytes Received By Job
	6204  -  Total Bytes Sent By Job
	409597  -  Total Bytes Received By Job
	Partitionable Resources :    Usage  Request Allocated 
	   Cpus                 :        0        8         8 
	   Disk (KB)            :      426      425   2489948 
	   Memory (MB)          :        9    16000     16000 

	Job terminated of its own accord at 2024-07-24T14:16:35Z with exit-code 0.
...
000 (10252907.108.000) 07/24 16:17:29 Job submitted from host: <188.185.114.121:9618?addrs=188.185.114.121-9618+[2001-1458-d00-a--100-273]-9618&alias=bigbird19.cern.ch&noUDP&sock=schedd_4961_696e>
...
000 (10252908.108.000) 07/24 16:18:03 Job submitted from host: <188.185.114.121:9618?addrs=188.185.114.121-9618+[2001-1458-d00-a--100-273]-9618&alias=bigbird19.cern.ch&noUDP&sock=schedd_4961_696e>
...
000 (10252909.108.000) 07/24 16:18:38 Job submitted from host: <188.185.114.121:9618?addrs=188.185.114.121-9618+[2001-1458-d00-a--100-273]-9618&alias=bigbird19.cern.ch&noUDP&sock=schedd_4961_696e>
...
000 (10252910.108.000) 07/24 16:19:04 Job submitted from host: <188.185.114.121:9618?addrs=188.185.114.121-9618+[2001-1458-d00-a--100-273]-9618&alias=bigbird19.cern.ch&noUDP&sock=schedd_4961_696e>
...
000 (10252911.108.000) 07/24 16:19:17 Job submitted from host: <188.185.114.121:9618?addrs=188.185.114.121-9618+[2001-1458-d00-a--100-273]-9618&alias=bigbird19.cern.ch&noUDP&sock=schedd_4961_696e>
...
000 (10252912.108.000) 07/24 16:19:30 Job submitted from host: <188.185.114.121:9618?addrs=188.185.114.121-9618+[2001-1458-d00-a--100-273]-9618&alias=bigbird19.cern.ch&noUDP&sock=schedd_4961_696e>
...
000 (10252913.108.000) 07/24 16:19:42 Job submitted from host: <188.185.114.121:9618?addrs=188.185.114.121-9618+[2001-1458-d00-a--100-273]-9618&alias=bigbird19.cern.ch&noUDP&sock=schedd_4961_696e>
...
040 (10252907.108.000) 07/24 17:43:34 Started transferring input files
	Transferring to host: <188.185.208.204:9618?addrs=188.185.208.204-9618+[2001-1458-303-10--100-49]-9618&alias=b9p10p7122.cern.ch&noUDP&sock=slot1_2_10181_2f77_145406>
...
040 (10252907.108.000) 07/24 17:43:34 Finished transferring input files
...
001 (10252907.108.000) 07/24 17:43:35 Job executing on host: <188.185.208.204:9618?addrs=188.185.208.204-9618+[2001-1458-303-10--100-49]-9618&alias=b9p10p7122.cern.ch&noUDP&sock=startd_8805_137b>
	SlotName: slot1_2@b9p10p7122.cern.ch
	CondorScratchDir = "/pool/condor/dir_3107275"
	Cpus = 8
	Disk = 2753869
	Memory = 16000
...
006 (10252907.108.000) 07/24 17:43:40 Image size of job updated: 161040
	9  -  MemoryUsage of job (MB)
	8224  -  ResidentSetSize of job (KB)
...
040 (10252907.108.000) 07/24 17:43:40 Started transferring output files
...
040 (10252907.108.000) 07/24 17:43:40 Finished transferring output files
...
005 (10252907.108.000) 07/24 17:43:40 Job terminated.
	(1) Normal termination (return value 0)
		Usr 0 00:00:03, Sys 0 00:00:00  -  Run Remote Usage
		Usr 0 00:00:00, Sys 0 00:00:00  -  Run Local Usage
		Usr 0 00:00:03, Sys 0 00:00:00  -  Total Remote Usage
		Usr 0 00:00:00, Sys 0 00:00:00  -  Total Local Usage
	6204  -  Run Bytes Sent By Job
	409597  -  Run Bytes Received By Job
	6204  -  Total Bytes Sent By Job
	409597  -  Total Bytes Received By Job
	Partitionable Resources :    Usage  Request Allocated 
	   Cpus                 :        0        8         8 
	   Disk (KB)            :      428      425   2753869 
	   Memory (MB)          :        9    16000     16000 

	Job terminated of its own accord at 2024-07-24T15:43:40Z with exit-code 0.
...
040 (10252908.108.000) 07/24 18:44:20 Started transferring input files
	Transferring to host: <188.185.204.239:9618?addrs=188.185.204.239-9618+[2001-1458-303-8--100-6c]-9618&alias=b9p02p0016.cern.ch&noUDP&sock=slot1_10_14830_d394_30932>
...
040 (10252908.108.000) 07/24 18:44:20 Finished transferring input files
...
001 (10252908.108.000) 07/24 18:44:21 Job executing on host: <188.185.204.239:9618?addrs=188.185.204.239-9618+[2001-1458-303-8--100-6c]-9618&alias=b9p02p0016.cern.ch&noUDP&sock=startd_13767_986b>
	SlotName: slot1_10@b9p02p0016.cern.ch
	CondorScratchDir = "/pool/condor/dir_1100305"
	Cpus = 8
	Disk = 2733552
	Memory = 16000
...
006 (10252908.108.000) 07/24 18:44:25 Image size of job updated: 161300
	9  -  MemoryUsage of job (MB)
	8212  -  ResidentSetSize of job (KB)
...
040 (10252908.108.000) 07/24 18:44:25 Started transferring output files
...
040 (10252908.108.000) 07/24 18:44:25 Finished transferring output files
...
005 (10252908.108.000) 07/24 18:44:25 Job terminated.
	(1) Normal termination (return value 0)
		Usr 0 00:00:03, Sys 0 00:00:00  -  Run Remote Usage
		Usr 0 00:00:00, Sys 0 00:00:00  -  Run Local Usage
		Usr 0 00:00:03, Sys 0 00:00:00  -  Total Remote Usage
		Usr 0 00:00:00, Sys 0 00:00:00  -  Total Local Usage
	6204  -  Run Bytes Sent By Job
	409597  -  Run Bytes Received By Job
	6204  -  Total Bytes Sent By Job
	409597  -  Total Bytes Received By Job
	Partitionable Resources :    Usage  Request Allocated 
	   Cpus                 :        0        8         8 
	   Disk (KB)            :      428      425   2733552 
	   Memory (MB)          :        9    16000     16000 

	Job terminated of its own accord at 2024-07-24T16:44:25Z with exit-code 0.
...
040 (10252909.108.000) 07/24 19:47:46 Started transferring input files
	Transferring to host: <188.185.207.187:9618?addrs=188.185.207.187-9618+[2001-1458-303-e--100-38]-9618&alias=b9p08p7595.cern.ch&noUDP&sock=slot1_2_13633_6e83_143407>
...
040 (10252909.108.000) 07/24 19:47:46 Finished transferring input files
...
001 (10252909.108.000) 07/24 19:47:47 Job executing on host: <188.185.207.187:9618?addrs=188.185.207.187-9618+[2001-1458-303-e--100-38]-9618&alias=b9p08p7595.cern.ch&noUDP&sock=startd_12275_351d>
	SlotName: slot1_2@b9p08p7595.cern.ch
	CondorScratchDir = "/pool/condor/dir_3328452"
	Cpus = 8
	Disk = 2851880
	Memory = 16000
...
006 (10252909.108.000) 07/24 19:47:51 Image size of job updated: 156664
	7  -  MemoryUsage of job (MB)
	6352  -  ResidentSetSize of job (KB)
...
040 (10252909.108.000) 07/24 19:47:51 Started transferring output files
...
040 (10252909.108.000) 07/24 19:47:51 Finished transferring output files
...
005 (10252909.108.000) 07/24 19:47:51 Job terminated.
	(1) Normal termination (return value 0)
		Usr 0 00:00:03, Sys 0 00:00:00  -  Run Remote Usage
		Usr 0 00:00:00, Sys 0 00:00:00  -  Run Local Usage
		Usr 0 00:00:03, Sys 0 00:00:00  -  Total Remote Usage
		Usr 0 00:00:00, Sys 0 00:00:00  -  Total Local Usage
	6204  -  Run Bytes Sent By Job
	409597  -  Run Bytes Received By Job
	6204  -  Total Bytes Sent By Job
	409597  -  Total Bytes Received By Job
	Partitionable Resources :    Usage  Request Allocated 
	   Cpus                 :        0        8         8 
	   Disk (KB)            :      428      425   2851880 
	   Memory (MB)          :        7    16000     16000 

	Job terminated of its own accord at 2024-07-24T17:47:51Z with exit-code 0.
...
040 (10252910.108.000) 07/24 20:41:32 Started transferring input files
	Transferring to host: <188.185.198.65:9618?addrs=188.185.198.65-9618+[2001-1458-303-25--100-3d]-9618&alias=b9p15p6124.cern.ch&noUDP&sock=slot1_10_2651903_50d8_4029>
...
040 (10252910.108.000) 07/24 20:41:32 Finished transferring input files
...
001 (10252910.108.000) 07/24 20:41:33 Job executing on host: <188.185.198.65:9618?addrs=188.185.198.65-9618+[2001-1458-303-25--100-3d]-9618&alias=b9p15p6124.cern.ch&noUDP&sock=startd_127908_d3d9>
	SlotName: slot1_10@b9p15p6124.cern.ch
	CondorScratchDir = "/pool/condor/dir_526351"
	Cpus = 8
	Disk = 3029770
	Memory = 16000
...
006 (10252910.108.000) 07/24 20:41:41 Image size of job updated: 1
	0  -  MemoryUsage of job (MB)
	0  -  ResidentSetSize of job (KB)
...
006 (10252910.108.000) 07/24 20:42:04 Image size of job updated: 163164
	9  -  MemoryUsage of job (MB)
	9024  -  ResidentSetSize of job (KB)
...
040 (10252910.108.000) 07/24 20:42:04 Started transferring output files
...
040 (10252910.108.000) 07/24 20:42:04 Finished transferring output files
...
005 (10252910.108.000) 07/24 20:42:04 Job terminated.
	(1) Normal termination (return value 0)
		Usr 0 00:00:05, Sys 0 00:00:00  -  Run Remote Usage
		Usr 0 00:00:00, Sys 0 00:00:00  -  Run Local Usage
		Usr 0 00:00:05, Sys 0 00:00:00  -  Total Remote Usage
		Usr 0 00:00:00, Sys 0 00:00:00  -  Total Local Usage
	6201  -  Run Bytes Sent By Job
	409597  -  Run Bytes Received By Job
	6201  -  Total Bytes Sent By Job
	409597  -  Total Bytes Received By Job
	Partitionable Resources :    Usage  Request Allocated 
	   Cpus                 :        0        8         8 
	   Disk (KB)            :      426      425   3029770 
	   Memory (MB)          :        9    16000     16000 

	Job terminated of its own accord at 2024-07-24T18:42:04Z with exit-code 0.
...
040 (10252911.108.000) 07/24 20:54:29 Started transferring input files
	Transferring to host: <188.185.205.157:9618?addrs=188.185.205.157-9618&alias=b9p04p7188.cern.ch&noUDP&sock=slot1_14_5520_16da_155410>
...
040 (10252911.108.000) 07/24 20:54:29 Finished transferring input files
...
001 (10252911.108.000) 07/24 20:54:30 Job executing on host: <188.185.205.157:9618?addrs=188.185.205.157-9618&alias=b9p04p7188.cern.ch&noUDP&sock=startd_5080_0933>
	SlotName: slot1_14@b9p04p7188.cern.ch
	CondorScratchDir = "/pool/condor/dir_2582855"
	Cpus = 8
	Disk = 2809665
	Memory = 16000
...
006 (10252911.108.000) 07/24 20:54:34 Image size of job updated: 160316
	8  -  MemoryUsage of job (MB)
	7920  -  ResidentSetSize of job (KB)
...
040 (10252911.108.000) 07/24 20:54:34 Started transferring output files
...
040 (10252911.108.000) 07/24 20:54:34 Finished transferring output files
...
005 (10252911.108.000) 07/24 20:54:34 Job terminated.
	(1) Normal termination (return value 0)
		Usr 0 00:00:03, Sys 0 00:00:00  -  Run Remote Usage
		Usr 0 00:00:00, Sys 0 00:00:00  -  Run Local Usage
		Usr 0 00:00:03, Sys 0 00:00:00  -  Total Remote Usage
		Usr 0 00:00:00, Sys 0 00:00:00  -  Total Local Usage
	6201  -  Run Bytes Sent By Job
	409597  -  Run Bytes Received By Job
	6201  -  Total Bytes Sent By Job
	409597  -  Total Bytes Received By Job
	Partitionable Resources :    Usage  Request Allocated 
	   Cpus                 :        0        8         8 
	   Disk (KB)            :      428      425   2809665 
	   Memory (MB)          :        8    16000     16000 

	Job terminated of its own accord at 2024-07-24T18:54:34Z with exit-code 0.
...
040 (10252912.108.000) 07/24 21:07:33 Started transferring input files
	Transferring to host: <188.185.198.39:9618?addrs=188.185.198.39-9618+[2001-1458-303-25--100-23]-9618&alias=b9p15p8654.cern.ch&noUDP&sock=slot1_10_138190_1b2d_31561>
...
040 (10252912.108.000) 07/24 21:07:33 Finished transferring input files
...
001 (10252912.108.000) 07/24 21:07:34 Job executing on host: <188.185.198.39:9618?addrs=188.185.198.39-9618+[2001-1458-303-25--100-23]-9618&alias=b9p15p8654.cern.ch&noUDP&sock=startd_127822_d6b4>
	SlotName: slot1_10@b9p15p8654.cern.ch
	CondorScratchDir = "/pool/condor/dir_2927486"
	Cpus = 8
	Disk = 2928010
	Memory = 16000
...
006 (10252912.108.000) 07/24 21:07:43 Image size of job updated: 150768
	146  -  MemoryUsage of job (MB)
	149132  -  ResidentSetSize of job (KB)
...
006 (10252912.108.000) 07/24 21:07:44 Image size of job updated: 160036
	146  -  MemoryUsage of job (MB)
	149132  -  ResidentSetSize of job (KB)
...
040 (10252912.108.000) 07/24 21:07:44 Started transferring output files
...
040 (10252912.108.000) 07/24 21:07:44 Finished transferring output files
...
005 (10252912.108.000) 07/24 21:07:44 Job terminated.
	(1) Normal termination (return value 0)
		Usr 0 00:00:08, Sys 0 00:00:00  -  Run Remote Usage
		Usr 0 00:00:00, Sys 0 00:00:00  -  Run Local Usage
		Usr 0 00:00:08, Sys 0 00:00:00  -  Total Remote Usage
		Usr 0 00:00:00, Sys 0 00:00:00  -  Total Local Usage
	6201  -  Run Bytes Sent By Job
	409597  -  Run Bytes Received By Job
	6201  -  Total Bytes Sent By Job
	409597  -  Total Bytes Received By Job
	Partitionable Resources :    Usage  Request Allocated 
	   Cpus                 :        0        8         8 
	   Disk (KB)            :      428      425   2928010 
	   Memory (MB)          :      146    16000     16000 

	Job terminated of its own accord at 2024-07-24T19:07:44Z with exit-code 0.
...
040 (10252913.108.000) 07/24 21:21:12 Started transferring input files
	Transferring to host: <188.185.193.176:9618?addrs=188.185.193.176-9618+[2001-1458-303-20--100-ac]-9618&alias=b9p19p1353.cern.ch&noUDP&sock=slot1_12_187226_6777_24745>
...
040 (10252913.108.000) 07/24 21:21:12 Finished transferring input files
...
001 (10252913.108.000) 07/24 21:21:13 Job executing on host: <188.185.193.176:9618?addrs=188.185.193.176-9618+[2001-1458-303-20--100-ac]-9618&alias=b9p19p1353.cern.ch&noUDP&sock=startd_177779_2f79>
	SlotName: slot1_12@b9p19p1353.cern.ch
	CondorScratchDir = "/pool/condor/dir_312508"
	Cpus = 8
	Disk = 2871688
	Memory = 16000
...
006 (10252913.108.000) 07/24 21:21:22 Image size of job updated: 519708
	508  -  MemoryUsage of job (MB)
	519708  -  ResidentSetSize of job (KB)
...
006 (10252913.108.000) 07/24 21:21:24 Image size of job updated: 533092
	508  -  MemoryUsage of job (MB)
	519708  -  ResidentSetSize of job (KB)
...
040 (10252913.108.000) 07/24 21:21:27 Started transferring output files
...
040 (10252913.108.000) 07/24 21:21:27 Finished transferring output files
...
005 (10252913.108.000) 07/24 21:21:28 Job terminated.
	(1) Normal termination (return value 0)
		Usr 0 00:00:07, Sys 0 00:00:00  -  Run Remote Usage
		Usr 0 00:00:00, Sys 0 00:00:00  -  Run Local Usage
		Usr 0 00:00:07, Sys 0 00:00:00  -  Total Remote Usage
		Usr 0 00:00:00, Sys 0 00:00:00  -  Total Local Usage
	6204  -  Run Bytes Sent By Job
	409597  -  Run Bytes Received By Job
	6204  -  Total Bytes Sent By Job
	409597  -  Total Bytes Received By Job
	Partitionable Resources :    Usage  Request Allocated 
	   Cpus                 :        0        8         8 
	   Disk (KB)            :      428      425   2871688 
	   Memory (MB)          :      508    16000     16000 

	Job terminated of its own accord at 2024-07-24T19:21:24Z with exit-code 0.
...
000 (10261715.108.000) 07/25 13:01:15 Job submitted from host: <188.185.114.121:9618?addrs=188.185.114.121-9618+[2001-1458-d00-a--100-273]-9618&alias=bigbird19.cern.ch&noUDP&sock=schedd_4961_696e>
...
009 (10261715.108.000) 07/25 13:06:35 Job was aborted.
	via condor_rm (by user yelberke)
...
000 (10261767.108.000) 07/25 13:19:51 Job submitted from host: <188.185.114.121:9618?addrs=188.185.114.121-9618+[2001-1458-d00-a--100-273]-9618&alias=bigbird19.cern.ch&noUDP&sock=schedd_4961_696e>
...
040 (10261767.108.000) 07/25 13:27:16 Started transferring input files
	Transferring to host: <188.185.209.84:9618?addrs=188.185.209.84-9618+[2001-1458-303-11--100-51]-9618&alias=b9p11p6104.cern.ch&noUDP&sock=slot1_8_2042378_d026_80066>
...
040 (10261767.108.000) 07/25 13:27:16 Finished transferring input files
...
001 (10261767.108.000) 07/25 13:27:17 Job executing on host: <188.185.209.84:9618?addrs=188.185.209.84-9618+[2001-1458-303-11--100-51]-9618&alias=b9p11p6104.cern.ch&noUDP&sock=startd_14166_46b4>
	SlotName: slot1_8@b9p11p6104.cern.ch
	CondorScratchDir = "/pool/condor/dir_1012031"
	Cpus = 12
	Disk = 2838003
	Memory = 24000
...
006 (10261767.108.000) 07/25 13:27:21 Image size of job updated: 161332
	8  -  MemoryUsage of job (MB)
	7644  -  ResidentSetSize of job (KB)
...
040 (10261767.108.000) 07/25 13:27:21 Started transferring output files
...
040 (10261767.108.000) 07/25 13:27:21 Finished transferring output files
...
005 (10261767.108.000) 07/25 13:27:21 Job terminated.
	(1) Normal termination (return value 0)
		Usr 0 00:00:03, Sys 0 00:00:00  -  Run Remote Usage
		Usr 0 00:00:00, Sys 0 00:00:00  -  Run Local Usage
		Usr 0 00:00:03, Sys 0 00:00:00  -  Total Remote Usage
		Usr 0 00:00:00, Sys 0 00:00:00  -  Total Local Usage
	6204  -  Run Bytes Sent By Job
	409597  -  Run Bytes Received By Job
	6204  -  Total Bytes Sent By Job
	409597  -  Total Bytes Received By Job
	Partitionable Resources :    Usage  Request Allocated 
	   Cpus                 :        0       12        12 
	   Disk (KB)            :      428      425   2838003 
	   Memory (MB)          :        8    24000     24000 

	Job terminated of its own accord at 2024-07-25T11:27:21Z with exit-code 0.
...
000 (10284266.108.000) 08/02 15:44:53 Job submitted from host: <188.185.114.121:9618?addrs=188.185.114.121-9618+[2001-1458-d00-a--100-273]-9618&alias=bigbird19.cern.ch&noUDP&sock=schedd_4961_696e>
...
009 (10284266.108.000) 08/02 15:49:04 Job was aborted.
	via condor_rm (by user yelberke)
...
000 (10284267.108.000) 08/02 15:49:44 Job submitted from host: <188.185.114.121:9618?addrs=188.185.114.121-9618+[2001-1458-d00-a--100-273]-9618&alias=bigbird19.cern.ch&noUDP&sock=schedd_4961_696e>
...
040 (10284267.108.000) 08/02 15:57:49 Started transferring input files
	Transferring to host: <188.185.206.34:9618?addrs=188.185.206.34-9618+[2001-1458-303-b--100-1f]-9618&alias=b9p05p1763.cern.ch&noUDP&sock=slot1_3_4095_0c40_96404>
...
040 (10284267.108.000) 08/02 15:57:49 Finished transferring input files
...
001 (10284267.108.000) 08/02 15:57:50 Job executing on host: <188.185.206.34:9618?addrs=188.185.206.34-9618+[2001-1458-303-b--100-1f]-9618&alias=b9p05p1763.cern.ch&noUDP&sock=startd_3836_c162>
	SlotName: slot1_3@b9p05p1763.cern.ch
	CondorScratchDir = "/pool/condor/dir_2127426"
	Cpus = 12
	Disk = 2696573
	Memory = 24000
...
006 (10284267.108.000) 08/02 15:57:52 Image size of job updated: 323328
	1  -  MemoryUsage of job (MB)
	1020  -  ResidentSetSize of job (KB)
...
040 (10284267.108.000) 08/02 15:57:52 Started transferring output files
...
040 (10284267.108.000) 08/02 15:57:52 Finished transferring output files
...
005 (10284267.108.000) 08/02 15:57:52 Job terminated.
	(1) Normal termination (return value 139)
		Usr 0 00:00:02, Sys 0 00:00:01  -  Run Remote Usage
		Usr 0 00:00:00, Sys 0 00:00:00  -  Run Local Usage
		Usr 0 00:00:02, Sys 0 00:00:01  -  Total Remote Usage
		Usr 0 00:00:00, Sys 0 00:00:00  -  Total Local Usage
	7696  -  Run Bytes Sent By Job
	409597  -  Run Bytes Received By Job
	7696  -  Total Bytes Sent By Job
	409597  -  Total Bytes Received By Job
	Partitionable Resources :    Usage  Request Allocated 
	   Cpus                 :        0       12        12 
	   Disk (KB)            :      432      425   2696573 
	   Memory (MB)          :        1    24000     24000 

	Job terminated of its own accord at 2024-08-02T13:57:52Z with exit-code 139.
...
