000 (10252905.1100.000) 07/24 16:13:16 Job submitted from host: <188.185.114.121:9618?addrs=188.185.114.121-9618+[2001-1458-d00-a--100-273]-9618&alias=bigbird19.cern.ch&noUDP&sock=schedd_4961_696e>
...
009 (10252905.1100.000) 07/24 16:14:47 Job was aborted.
	via condor_rm (by user yelberke)
...
000 (10252906.1100.000) 07/24 16:15:37 Job submitted from host: <188.185.114.121:9618?addrs=188.185.114.121-9618+[2001-1458-d00-a--100-273]-9618&alias=bigbird19.cern.ch&noUDP&sock=schedd_4961_696e>
...
000 (10252907.1100.000) 07/24 16:17:31 Job submitted from host: <188.185.114.121:9618?addrs=188.185.114.121-9618+[2001-1458-d00-a--100-273]-9618&alias=bigbird19.cern.ch&noUDP&sock=schedd_4961_696e>
...
000 (10252908.1100.000) 07/24 16:18:04 Job submitted from host: <188.185.114.121:9618?addrs=188.185.114.121-9618+[2001-1458-d00-a--100-273]-9618&alias=bigbird19.cern.ch&noUDP&sock=schedd_4961_696e>
...
000 (10252909.1100.000) 07/24 16:18:40 Job submitted from host: <188.185.114.121:9618?addrs=188.185.114.121-9618+[2001-1458-d00-a--100-273]-9618&alias=bigbird19.cern.ch&noUDP&sock=schedd_4961_696e>
...
000 (10252910.1100.000) 07/24 16:19:05 Job submitted from host: <188.185.114.121:9618?addrs=188.185.114.121-9618+[2001-1458-d00-a--100-273]-9618&alias=bigbird19.cern.ch&noUDP&sock=schedd_4961_696e>
...
000 (10252911.1100.000) 07/24 16:19:18 Job submitted from host: <188.185.114.121:9618?addrs=188.185.114.121-9618+[2001-1458-d00-a--100-273]-9618&alias=bigbird19.cern.ch&noUDP&sock=schedd_4961_696e>
...
000 (10252912.1100.000) 07/24 16:19:31 Job submitted from host: <188.185.114.121:9618?addrs=188.185.114.121-9618+[2001-1458-d00-a--100-273]-9618&alias=bigbird19.cern.ch&noUDP&sock=schedd_4961_696e>
...
000 (10252913.1100.000) 07/24 16:19:43 Job submitted from host: <188.185.114.121:9618?addrs=188.185.114.121-9618+[2001-1458-d00-a--100-273]-9618&alias=bigbird19.cern.ch&noUDP&sock=schedd_4961_696e>
...
040 (10252906.1100.000) 07/24 16:24:32 Started transferring input files
	Transferring to host: <188.185.193.137:9618?addrs=188.185.193.137-9618+[2001-1458-303-20--100-85]-9618&alias=b9p19p6030.cern.ch&noUDP&sock=slot1_8_2155823_140b_81>
...
040 (10252906.1100.000) 07/24 16:24:32 Finished transferring input files
...
001 (10252906.1100.000) 07/24 16:24:33 Job executing on host: <188.185.193.137:9618?addrs=188.185.193.137-9618+[2001-1458-303-20--100-85]-9618&alias=b9p19p6030.cern.ch&noUDP&sock=startd_128424_c2b8>
	SlotName: slot1_8@b9p19p6030.cern.ch
	CondorScratchDir = "/pool/condor/dir_2168151"
	Cpus = 8
	Disk = 3134023
	Memory = 16000
...
006 (10252906.1100.000) 07/24 16:24:38 Image size of job updated: 157332
	7  -  MemoryUsage of job (MB)
	7084  -  ResidentSetSize of job (KB)
...
040 (10252906.1100.000) 07/24 16:24:38 Started transferring output files
...
040 (10252906.1100.000) 07/24 16:24:38 Finished transferring output files
...
005 (10252906.1100.000) 07/24 16:24:38 Job terminated.
	(1) Normal termination (return value 0)
		Usr 0 00:00:04, Sys 0 00:00:00  -  Run Remote Usage
		Usr 0 00:00:00, Sys 0 00:00:00  -  Run Local Usage
		Usr 0 00:00:04, Sys 0 00:00:00  -  Total Remote Usage
		Usr 0 00:00:00, Sys 0 00:00:00  -  Total Local Usage
	6204  -  Run Bytes Sent By Job
	409597  -  Run Bytes Received By Job
	6204  -  Total Bytes Sent By Job
	409597  -  Total Bytes Received By Job
	Partitionable Resources :    Usage  Request Allocated 
	   Cpus                 :        0        8         8 
	   Disk (KB)            :      428      425   3134023 
	   Memory (MB)          :        7    16000     16000 

	Job terminated of its own accord at 2024-07-24T14:24:38Z with exit-code 0.
...
040 (10252907.1100.000) 07/24 17:50:55 Started transferring input files
	Transferring to host: <188.185.207.185:9618?addrs=188.185.207.185-9618+[2001-1458-303-e--100-36]-9618&alias=b9p08p1505.cern.ch&noUDP&sock=slot1_6_5550_3a1b_145176>
...
040 (10252907.1100.000) 07/24 17:50:55 Finished transferring input files
...
001 (10252907.1100.000) 07/24 17:50:56 Job executing on host: <188.185.207.185:9618?addrs=188.185.207.185-9618+[2001-1458-303-e--100-36]-9618&alias=b9p08p1505.cern.ch&noUDP&sock=startd_4610_a7b0>
	SlotName: slot1_6@b9p08p1505.cern.ch
	CondorScratchDir = "/pool/condor/dir_2449536"
	Cpus = 8
	Disk = 2657747
	Memory = 16000
...
006 (10252907.1100.000) 07/24 17:51:00 Image size of job updated: 150212
	2  -  MemoryUsage of job (MB)
	1272  -  ResidentSetSize of job (KB)
...
040 (10252907.1100.000) 07/24 17:51:00 Started transferring output files
...
040 (10252907.1100.000) 07/24 17:51:00 Finished transferring output files
...
005 (10252907.1100.000) 07/24 17:51:00 Job terminated.
	(1) Normal termination (return value 0)
		Usr 0 00:00:03, Sys 0 00:00:00  -  Run Remote Usage
		Usr 0 00:00:00, Sys 0 00:00:00  -  Run Local Usage
		Usr 0 00:00:03, Sys 0 00:00:00  -  Total Remote Usage
		Usr 0 00:00:00, Sys 0 00:00:00  -  Total Local Usage
	6204  -  Run Bytes Sent By Job
	409597  -  Run Bytes Received By Job
	6204  -  Total Bytes Sent By Job
	409597  -  Total Bytes Received By Job
	Partitionable Resources :    Usage  Request Allocated 
	   Cpus                 :        0        8         8 
	   Disk (KB)            :      428      425   2657747 
	   Memory (MB)          :        2    16000     16000 

	Job terminated of its own accord at 2024-07-24T15:51:00Z with exit-code 0.
...
040 (10252908.1100.000) 07/24 18:56:08 Started transferring input files
	Transferring to host: <128.142.161.139:9618?addrs=128.142.161.139-9618+[2001-1458-301-b9--100-8]-9618&alias=b9g03p5522.cern.ch&noUDP&sock=slot1_21_746961_5900_105695>
...
040 (10252908.1100.000) 07/24 18:56:08 Finished transferring input files
...
001 (10252908.1100.000) 07/24 18:56:09 Job executing on host: <128.142.161.139:9618?addrs=128.142.161.139-9618+[2001-1458-301-b9--100-8]-9618&alias=b9g03p5522.cern.ch&noUDP&sock=startd_3164_d1be>
	SlotName: slot1_21@b9g03p5522.cern.ch
	CondorScratchDir = "/pool/condor/dir_139527"
	Cpus = 8
	Disk = 3137026
	Memory = 16000
...
006 (10252908.1100.000) 07/24 18:56:17 Image size of job updated: 483728
	326  -  MemoryUsage of job (MB)
	332896  -  ResidentSetSize of job (KB)
...
040 (10252908.1100.000) 07/24 18:56:17 Started transferring output files
...
040 (10252908.1100.000) 07/24 18:56:17 Finished transferring output files
...
005 (10252908.1100.000) 07/24 18:56:17 Job terminated.
	(1) Normal termination (return value 0)
		Usr 0 00:00:05, Sys 0 00:00:00  -  Run Remote Usage
		Usr 0 00:00:00, Sys 0 00:00:00  -  Run Local Usage
		Usr 0 00:00:05, Sys 0 00:00:00  -  Total Remote Usage
		Usr 0 00:00:00, Sys 0 00:00:00  -  Total Local Usage
	6204  -  Run Bytes Sent By Job
	409597  -  Run Bytes Received By Job
	6204  -  Total Bytes Sent By Job
	409597  -  Total Bytes Received By Job
	Partitionable Resources :    Usage  Request Allocated 
	   Cpus                 :        0        8         8 
	   Disk (KB)            :      427      425   3137026 
	   Memory (MB)          :      326    16000     16000 

	Job terminated of its own accord at 2024-07-24T16:56:17Z with exit-code 0.
...
040 (10252909.1100.000) 07/24 19:55:31 Started transferring input files
	Transferring to host: <188.185.195.31:9618?addrs=188.185.195.31-9618+[2001-1458-303-22--100-1b]-9618&alias=b9p17p3699.cern.ch&noUDP&sock=slot1_7_2163493_4983_3049>
...
040 (10252909.1100.000) 07/24 19:55:31 Finished transferring input files
...
001 (10252909.1100.000) 07/24 19:55:32 Job executing on host: <188.185.195.31:9618?addrs=188.185.195.31-9618+[2001-1458-303-22--100-1b]-9618&alias=b9p17p3699.cern.ch&noUDP&sock=startd_128028_2337>
	SlotName: slot1_7@b9p17p3699.cern.ch
	CondorScratchDir = "/pool/condor/dir_2885703"
	Cpus = 8
	Disk = 2922047
	Memory = 16000
...
006 (10252909.1100.000) 07/24 19:55:41 Image size of job updated: 1
	0  -  MemoryUsage of job (MB)
	0  -  ResidentSetSize of job (KB)
...
006 (10252909.1100.000) 07/24 19:56:04 Image size of job updated: 158772
	8  -  MemoryUsage of job (MB)
	7592  -  ResidentSetSize of job (KB)
...
040 (10252909.1100.000) 07/24 19:56:04 Started transferring output files
...
040 (10252909.1100.000) 07/24 19:56:04 Finished transferring output files
...
005 (10252909.1100.000) 07/24 19:56:04 Job terminated.
	(1) Normal termination (return value 0)
		Usr 0 00:00:05, Sys 0 00:00:00  -  Run Remote Usage
		Usr 0 00:00:00, Sys 0 00:00:00  -  Run Local Usage
		Usr 0 00:00:05, Sys 0 00:00:00  -  Total Remote Usage
		Usr 0 00:00:00, Sys 0 00:00:00  -  Total Local Usage
	6204  -  Run Bytes Sent By Job
	409597  -  Run Bytes Received By Job
	6204  -  Total Bytes Sent By Job
	409597  -  Total Bytes Received By Job
	Partitionable Resources :    Usage  Request Allocated 
	   Cpus                 :        0        8         8 
	   Disk (KB)            :      426      425   2922047 
	   Memory (MB)          :        8    16000     16000 

	Job terminated of its own accord at 2024-07-24T17:56:04Z with exit-code 0.
...
040 (10252910.1100.000) 07/24 20:47:37 Started transferring input files
	Transferring to host: <188.185.205.222:9618?addrs=188.185.205.222-9618&alias=b9p04p6496.cern.ch&noUDP&sock=slot1_12_6897_4f72_159257>
...
040 (10252910.1100.000) 07/24 20:47:37 Finished transferring input files
...
001 (10252910.1100.000) 07/24 20:47:38 Job executing on host: <188.185.205.222:9618?addrs=188.185.205.222-9618&alias=b9p04p6496.cern.ch&noUDP&sock=startd_6830_63f0>
	SlotName: slot1_12@b9p04p6496.cern.ch
	CondorScratchDir = "/pool/condor/dir_4135786"
	Cpus = 8
	Disk = 2743746
	Memory = 16000
...
006 (10252910.1100.000) 07/24 20:47:43 Image size of job updated: 163520
	9  -  MemoryUsage of job (MB)
	8816  -  ResidentSetSize of job (KB)
...
040 (10252910.1100.000) 07/24 20:47:43 Started transferring output files
...
040 (10252910.1100.000) 07/24 20:47:43 Finished transferring output files
...
005 (10252910.1100.000) 07/24 20:47:43 Job terminated.
	(1) Normal termination (return value 0)
		Usr 0 00:00:03, Sys 0 00:00:00  -  Run Remote Usage
		Usr 0 00:00:00, Sys 0 00:00:00  -  Run Local Usage
		Usr 0 00:00:03, Sys 0 00:00:00  -  Total Remote Usage
		Usr 0 00:00:00, Sys 0 00:00:00  -  Total Local Usage
	6201  -  Run Bytes Sent By Job
	409597  -  Run Bytes Received By Job
	6201  -  Total Bytes Sent By Job
	409597  -  Total Bytes Received By Job
	Partitionable Resources :    Usage  Request Allocated 
	   Cpus                 :        0        8         8 
	   Disk (KB)            :      427      425   2743746 
	   Memory (MB)          :        9    16000     16000 

	Job terminated of its own accord at 2024-07-24T18:47:43Z with exit-code 0.
...
040 (10252911.1100.000) 07/24 21:00:05 Started transferring input files
	Transferring to host: <188.185.208.162:9618?addrs=188.185.208.162-9618+[2001-1458-303-10--100-1f]-9618&alias=b9p10p3898.cern.ch&noUDP&sock=slot1_20_24276_6354_25032>
...
040 (10252911.1100.000) 07/24 21:00:05 Finished transferring input files
...
001 (10252911.1100.000) 07/24 21:00:06 Job executing on host: <188.185.208.162:9618?addrs=188.185.208.162-9618+[2001-1458-303-10--100-1f]-9618&alias=b9p10p3898.cern.ch&noUDP&sock=startd_23246_66a5>
	SlotName: slot1_20@b9p10p3898.cern.ch
	CondorScratchDir = "/pool/condor/dir_523748"
	Cpus = 8
	Disk = 2793492
	Memory = 16000
...
006 (10252911.1100.000) 07/24 21:00:11 Image size of job updated: 163584
	10  -  MemoryUsage of job (MB)
	9452  -  ResidentSetSize of job (KB)
...
040 (10252911.1100.000) 07/24 21:00:11 Started transferring output files
...
040 (10252911.1100.000) 07/24 21:00:11 Finished transferring output files
...
005 (10252911.1100.000) 07/24 21:00:11 Job terminated.
	(1) Normal termination (return value 0)
		Usr 0 00:00:04, Sys 0 00:00:00  -  Run Remote Usage
		Usr 0 00:00:00, Sys 0 00:00:00  -  Run Local Usage
		Usr 0 00:00:04, Sys 0 00:00:00  -  Total Remote Usage
		Usr 0 00:00:00, Sys 0 00:00:00  -  Total Local Usage
	6204  -  Run Bytes Sent By Job
	409597  -  Run Bytes Received By Job
	6204  -  Total Bytes Sent By Job
	409597  -  Total Bytes Received By Job
	Partitionable Resources :    Usage  Request Allocated 
	   Cpus                 :        0        8         8 
	   Disk (KB)            :      428      425   2793492 
	   Memory (MB)          :       10    16000     16000 

	Job terminated of its own accord at 2024-07-24T19:00:11Z with exit-code 0.
...
040 (10252912.1100.000) 07/24 21:13:03 Started transferring input files
	Transferring to host: <188.185.208.139:9618?addrs=188.185.208.139-9618+[2001-1458-303-10--100-8]-9618&alias=b9p10p2979.cern.ch&noUDP&sock=slot1_10_9205_814f_148324>
...
040 (10252912.1100.000) 07/24 21:13:03 Finished transferring input files
...
001 (10252912.1100.000) 07/24 21:13:04 Job executing on host: <188.185.208.139:9618?addrs=188.185.208.139-9618+[2001-1458-303-10--100-8]-9618&alias=b9p10p2979.cern.ch&noUDP&sock=startd_7858_834b>
	SlotName: slot1_10@b9p10p2979.cern.ch
	CondorScratchDir = "/pool/condor/dir_146773"
	Cpus = 8
	Disk = 2812226
	Memory = 16000
...
006 (10252912.1100.000) 07/24 21:13:08 Image size of job updated: 161520
	9  -  MemoryUsage of job (MB)
	8660  -  ResidentSetSize of job (KB)
...
040 (10252912.1100.000) 07/24 21:13:08 Started transferring output files
...
040 (10252912.1100.000) 07/24 21:13:08 Finished transferring output files
...
005 (10252912.1100.000) 07/24 21:13:08 Job terminated.
	(1) Normal termination (return value 0)
		Usr 0 00:00:03, Sys 0 00:00:00  -  Run Remote Usage
		Usr 0 00:00:00, Sys 0 00:00:00  -  Run Local Usage
		Usr 0 00:00:03, Sys 0 00:00:00  -  Total Remote Usage
		Usr 0 00:00:00, Sys 0 00:00:00  -  Total Local Usage
	6201  -  Run Bytes Sent By Job
	409597  -  Run Bytes Received By Job
	6201  -  Total Bytes Sent By Job
	409597  -  Total Bytes Received By Job
	Partitionable Resources :    Usage  Request Allocated 
	   Cpus                 :        0        8         8 
	   Disk (KB)            :      428      425   2812226 
	   Memory (MB)          :        9    16000     16000 

	Job terminated of its own accord at 2024-07-24T19:13:08Z with exit-code 0.
...
040 (10252913.1100.000) 07/24 21:26:58 Started transferring input files
	Transferring to host: <188.185.205.107:9618?addrs=188.185.205.107-9618+[2001-1458-303-9--100-68]-9618&alias=b9p03p1852.cern.ch&noUDP&sock=slot1_15_7657_cc90_72134>
...
040 (10252913.1100.000) 07/24 21:26:58 Finished transferring input files
...
001 (10252913.1100.000) 07/24 21:26:59 Job executing on host: <188.185.205.107:9618?addrs=188.185.205.107-9618+[2001-1458-303-9--100-68]-9618&alias=b9p03p1852.cern.ch&noUDP&sock=startd_6598_41f7>
	SlotName: slot1_15@b9p03p1852.cern.ch
	CondorScratchDir = "/pool/condor/dir_2298045"
	Cpus = 8
	Disk = 2658700
	Memory = 16000
...
006 (10252913.1100.000) 07/24 21:27:03 Image size of job updated: 164184
	10  -  MemoryUsage of job (MB)
	10024  -  ResidentSetSize of job (KB)
...
040 (10252913.1100.000) 07/24 21:27:03 Started transferring output files
...
040 (10252913.1100.000) 07/24 21:27:03 Finished transferring output files
...
005 (10252913.1100.000) 07/24 21:27:03 Job terminated.
	(1) Normal termination (return value 0)
		Usr 0 00:00:03, Sys 0 00:00:00  -  Run Remote Usage
		Usr 0 00:00:00, Sys 0 00:00:00  -  Run Local Usage
		Usr 0 00:00:03, Sys 0 00:00:00  -  Total Remote Usage
		Usr 0 00:00:00, Sys 0 00:00:00  -  Total Local Usage
	6204  -  Run Bytes Sent By Job
	409597  -  Run Bytes Received By Job
	6204  -  Total Bytes Sent By Job
	409597  -  Total Bytes Received By Job
	Partitionable Resources :    Usage  Request Allocated 
	   Cpus                 :                 8         8 
	   Disk (KB)            :      420      425   2658700 
	   Memory (MB)          :       10    16000     16000 

	Job terminated of its own accord at 2024-07-24T19:27:03Z with exit-code 0.
...
000 (10261715.1100.000) 07/25 13:01:46 Job submitted from host: <188.185.114.121:9618?addrs=188.185.114.121-9618+[2001-1458-d00-a--100-273]-9618&alias=bigbird19.cern.ch&noUDP&sock=schedd_4961_696e>
...
009 (10261715.1100.000) 07/25 13:06:41 Job was aborted.
	via condor_rm (by user yelberke)
...
000 (10261767.1100.000) 07/25 13:20:10 Job submitted from host: <188.185.114.121:9618?addrs=188.185.114.121-9618+[2001-1458-d00-a--100-273]-9618&alias=bigbird19.cern.ch&noUDP&sock=schedd_4961_696e>
...
040 (10261767.1100.000) 07/25 14:10:07 Started transferring input files
	Transferring to host: <188.185.206.169:9618?addrs=188.185.206.169-9618&alias=b9p06p2599.cern.ch&noUDP&sock=slot1_14_7399_03c6_155681>
...
040 (10261767.1100.000) 07/25 14:10:07 Finished transferring input files
...
001 (10261767.1100.000) 07/25 14:10:08 Job executing on host: <188.185.206.169:9618?addrs=188.185.206.169-9618&alias=b9p06p2599.cern.ch&noUDP&sock=startd_7329_a9b2>
	SlotName: slot1_14@b9p06p2599.cern.ch
	CondorScratchDir = "/pool/condor/dir_2694104"
	Cpus = 12
	Disk = 2843066
	Memory = 24000
...
006 (10261767.1100.000) 07/25 14:10:12 Image size of job updated: 169900
	12  -  MemoryUsage of job (MB)
	11584  -  ResidentSetSize of job (KB)
...
040 (10261767.1100.000) 07/25 14:10:12 Started transferring output files
...
040 (10261767.1100.000) 07/25 14:10:12 Finished transferring output files
...
005 (10261767.1100.000) 07/25 14:10:12 Job terminated.
	(1) Normal termination (return value 0)
		Usr 0 00:00:03, Sys 0 00:00:00  -  Run Remote Usage
		Usr 0 00:00:00, Sys 0 00:00:00  -  Run Local Usage
		Usr 0 00:00:03, Sys 0 00:00:00  -  Total Remote Usage
		Usr 0 00:00:00, Sys 0 00:00:00  -  Total Local Usage
	6204  -  Run Bytes Sent By Job
	409597  -  Run Bytes Received By Job
	6204  -  Total Bytes Sent By Job
	409597  -  Total Bytes Received By Job
	Partitionable Resources :    Usage  Request Allocated 
	   Cpus                 :        0       12        12 
	   Disk (KB)            :      427      425   2843066 
	   Memory (MB)          :       12    24000     24000 

	Job terminated of its own accord at 2024-07-25T12:10:12Z with exit-code 0.
...
000 (10284266.1100.000) 08/02 15:45:30 Job submitted from host: <188.185.114.121:9618?addrs=188.185.114.121-9618+[2001-1458-d00-a--100-273]-9618&alias=bigbird19.cern.ch&noUDP&sock=schedd_4961_696e>
...
009 (10284266.1100.000) 08/02 15:49:25 Job was aborted.
	via condor_rm (by user yelberke)
...
000 (10284267.1100.000) 08/02 15:49:49 Job submitted from host: <188.185.114.121:9618?addrs=188.185.114.121-9618+[2001-1458-d00-a--100-273]-9618&alias=bigbird19.cern.ch&noUDP&sock=schedd_4961_696e>
...
040 (10284267.1100.000) 08/02 16:24:09 Started transferring input files
	Transferring to host: <188.185.207.42:9618?addrs=188.185.207.42-9618+[2001-1458-303-d--100-27]-9618&alias=b9p07p6544.cern.ch&noUDP&sock=slot1_6_67735_2f5b_98510>
...
040 (10284267.1100.000) 08/02 16:24:09 Finished transferring input files
...
001 (10284267.1100.000) 08/02 16:24:10 Job executing on host: <188.185.207.42:9618?addrs=188.185.207.42-9618+[2001-1458-303-d--100-27]-9618&alias=b9p07p6544.cern.ch&noUDP&sock=startd_4059_b701>
	SlotName: slot1_6@b9p07p6544.cern.ch
	CondorScratchDir = "/pool/condor/dir_513729"
	Cpus = 12
	Disk = 2701631
	Memory = 24000
...
006 (10284267.1100.000) 08/02 16:24:12 Image size of job updated: 328868
	5  -  MemoryUsage of job (MB)
	5072  -  ResidentSetSize of job (KB)
...
040 (10284267.1100.000) 08/02 16:24:14 Started transferring output files
...
040 (10284267.1100.000) 08/02 16:24:15 Finished transferring output files
...
005 (10284267.1100.000) 08/02 16:24:15 Job terminated.
	(1) Normal termination (return value 139)
		Usr 0 00:00:02, Sys 0 00:00:01  -  Run Remote Usage
		Usr 0 00:00:00, Sys 0 00:00:00  -  Run Local Usage
		Usr 0 00:00:02, Sys 0 00:00:01  -  Total Remote Usage
		Usr 0 00:00:00, Sys 0 00:00:00  -  Total Local Usage
	7696  -  Run Bytes Sent By Job
	409597  -  Run Bytes Received By Job
	7696  -  Total Bytes Sent By Job
	409597  -  Total Bytes Received By Job
	Partitionable Resources :    Usage  Request Allocated 
	   Cpus                 :        0       12        12 
	   Disk (KB)            :      433      425   2701631 
	   Memory (MB)          :        5    24000     24000 

	Job terminated of its own accord at 2024-08-02T14:24:12Z with exit-code 139.
...
