000 (10252905.1133.000) 07/24 16:13:16 Job submitted from host: <188.185.114.121:9618?addrs=188.185.114.121-9618+[2001-1458-d00-a--100-273]-9618&alias=bigbird19.cern.ch&noUDP&sock=schedd_4961_696e>
...
009 (10252905.1133.000) 07/24 16:14:47 Job was aborted.
	via condor_rm (by user yelberke)
...
000 (10252906.1133.000) 07/24 16:15:37 Job submitted from host: <188.185.114.121:9618?addrs=188.185.114.121-9618+[2001-1458-d00-a--100-273]-9618&alias=bigbird19.cern.ch&noUDP&sock=schedd_4961_696e>
...
000 (10252907.1133.000) 07/24 16:17:31 Job submitted from host: <188.185.114.121:9618?addrs=188.185.114.121-9618+[2001-1458-d00-a--100-273]-9618&alias=bigbird19.cern.ch&noUDP&sock=schedd_4961_696e>
...
000 (10252908.1133.000) 07/24 16:18:04 Job submitted from host: <188.185.114.121:9618?addrs=188.185.114.121-9618+[2001-1458-d00-a--100-273]-9618&alias=bigbird19.cern.ch&noUDP&sock=schedd_4961_696e>
...
000 (10252909.1133.000) 07/24 16:18:40 Job submitted from host: <188.185.114.121:9618?addrs=188.185.114.121-9618+[2001-1458-d00-a--100-273]-9618&alias=bigbird19.cern.ch&noUDP&sock=schedd_4961_696e>
...
000 (10252910.1133.000) 07/24 16:19:05 Job submitted from host: <188.185.114.121:9618?addrs=188.185.114.121-9618+[2001-1458-d00-a--100-273]-9618&alias=bigbird19.cern.ch&noUDP&sock=schedd_4961_696e>
...
000 (10252911.1133.000) 07/24 16:19:18 Job submitted from host: <188.185.114.121:9618?addrs=188.185.114.121-9618+[2001-1458-d00-a--100-273]-9618&alias=bigbird19.cern.ch&noUDP&sock=schedd_4961_696e>
...
000 (10252912.1133.000) 07/24 16:19:31 Job submitted from host: <188.185.114.121:9618?addrs=188.185.114.121-9618+[2001-1458-d00-a--100-273]-9618&alias=bigbird19.cern.ch&noUDP&sock=schedd_4961_696e>
...
000 (10252913.1133.000) 07/24 16:19:43 Job submitted from host: <188.185.114.121:9618?addrs=188.185.114.121-9618+[2001-1458-d00-a--100-273]-9618&alias=bigbird19.cern.ch&noUDP&sock=schedd_4961_696e>
...
040 (10252906.1133.000) 07/24 16:24:42 Started transferring input files
	Transferring to host: <128.142.161.125:9618?addrs=128.142.161.125-9618+[2001-1458-301-b8--100-3d]-9618&alias=b9g03p3391.cern.ch&noUDP&sock=slot1_12_2388518_c1a1_37911>
...
040 (10252906.1133.000) 07/24 16:24:42 Finished transferring input files
...
001 (10252906.1133.000) 07/24 16:24:43 Job executing on host: <128.142.161.125:9618?addrs=128.142.161.125-9618+[2001-1458-301-b8--100-3d]-9618&alias=b9g03p3391.cern.ch&noUDP&sock=startd_6026_e9cb>
	SlotName: slot1_12@b9g03p3391.cern.ch
	CondorScratchDir = "/pool/condor/dir_1079792"
	Cpus = 8
	Disk = 3253072
	Memory = 16000
...
006 (10252906.1133.000) 07/24 16:24:51 Image size of job updated: 1
	0  -  MemoryUsage of job (MB)
	0  -  ResidentSetSize of job (KB)
...
006 (10252906.1133.000) 07/24 16:25:13 Image size of job updated: 158808
	7  -  MemoryUsage of job (MB)
	7024  -  ResidentSetSize of job (KB)
...
040 (10252906.1133.000) 07/24 16:25:13 Started transferring output files
...
040 (10252906.1133.000) 07/24 16:25:13 Finished transferring output files
...
005 (10252906.1133.000) 07/24 16:25:13 Job terminated.
	(1) Normal termination (return value 0)
		Usr 0 00:00:04, Sys 0 00:00:00  -  Run Remote Usage
		Usr 0 00:00:00, Sys 0 00:00:00  -  Run Local Usage
		Usr 0 00:00:04, Sys 0 00:00:00  -  Total Remote Usage
		Usr 0 00:00:00, Sys 0 00:00:00  -  Total Local Usage
	6204  -  Run Bytes Sent By Job
	409597  -  Run Bytes Received By Job
	6204  -  Total Bytes Sent By Job
	409597  -  Total Bytes Received By Job
	Partitionable Resources :    Usage  Request Allocated 
	   Cpus                 :                 8         8 
	   Disk (KB)            :      420      425   3253072 
	   Memory (MB)          :        7    16000     16000 

	Job terminated of its own accord at 2024-07-24T14:25:13Z with exit-code 0.
...
040 (10252907.1133.000) 07/24 17:51:05 Started transferring input files
	Transferring to host: <188.185.198.114:9618?addrs=188.185.198.114-9618+[2001-1458-303-25--100-6e]-9618&alias=b9p15p8665.cern.ch&noUDP&sock=slot1_14_3236175_cba7_4501>
...
040 (10252907.1133.000) 07/24 17:51:05 Finished transferring input files
...
001 (10252907.1133.000) 07/24 17:51:06 Job executing on host: <188.185.198.114:9618?addrs=188.185.198.114-9618+[2001-1458-303-25--100-6e]-9618&alias=b9p15p8665.cern.ch&noUDP&sock=startd_127870_c340>
	SlotName: slot1_14@b9p15p8665.cern.ch
	CondorScratchDir = "/pool/condor/dir_743117"
	Cpus = 8
	Disk = 3002082
	Memory = 16000
...
006 (10252907.1133.000) 07/24 17:51:13 Image size of job updated: 159684
	8  -  MemoryUsage of job (MB)
	7956  -  ResidentSetSize of job (KB)
...
040 (10252907.1133.000) 07/24 17:51:13 Started transferring output files
...
040 (10252907.1133.000) 07/24 17:51:13 Finished transferring output files
...
005 (10252907.1133.000) 07/24 17:51:13 Job terminated.
	(1) Normal termination (return value 0)
		Usr 0 00:00:06, Sys 0 00:00:00  -  Run Remote Usage
		Usr 0 00:00:00, Sys 0 00:00:00  -  Run Local Usage
		Usr 0 00:00:06, Sys 0 00:00:00  -  Total Remote Usage
		Usr 0 00:00:00, Sys 0 00:00:00  -  Total Local Usage
	6204  -  Run Bytes Sent By Job
	409597  -  Run Bytes Received By Job
	6204  -  Total Bytes Sent By Job
	409597  -  Total Bytes Received By Job
	Partitionable Resources :    Usage  Request Allocated 
	   Cpus                 :        0        8         8 
	   Disk (KB)            :      428      425   3002082 
	   Memory (MB)          :        8    16000     16000 

	Job terminated of its own accord at 2024-07-24T15:51:13Z with exit-code 0.
...
040 (10252908.1133.000) 07/24 18:56:19 Started transferring input files
	Transferring to host: <188.185.207.149:9618?addrs=188.185.207.149-9618+[2001-1458-303-e--100-12]-9618&alias=b9p08p1041.cern.ch&noUDP&sock=slot1_10_4139_0cc1_144713>
...
040 (10252908.1133.000) 07/24 18:56:19 Finished transferring input files
...
001 (10252908.1133.000) 07/24 18:56:20 Job executing on host: <188.185.207.149:9618?addrs=188.185.207.149-9618+[2001-1458-303-e--100-12]-9618&alias=b9p08p1041.cern.ch&noUDP&sock=startd_3644_0f33>
	SlotName: slot1_10@b9p08p1041.cern.ch
	CondorScratchDir = "/pool/condor/dir_1901022"
	Cpus = 8
	Disk = 2610318
	Memory = 16000
...
006 (10252908.1133.000) 07/24 18:56:24 Image size of job updated: 159100
	8  -  MemoryUsage of job (MB)
	8188  -  ResidentSetSize of job (KB)
...
040 (10252908.1133.000) 07/24 18:56:24 Started transferring output files
...
040 (10252908.1133.000) 07/24 18:56:24 Finished transferring output files
...
005 (10252908.1133.000) 07/24 18:56:24 Job terminated.
	(1) Normal termination (return value 0)
		Usr 0 00:00:03, Sys 0 00:00:00  -  Run Remote Usage
		Usr 0 00:00:00, Sys 0 00:00:00  -  Run Local Usage
		Usr 0 00:00:03, Sys 0 00:00:00  -  Total Remote Usage
		Usr 0 00:00:00, Sys 0 00:00:00  -  Total Local Usage
	6204  -  Run Bytes Sent By Job
	409597  -  Run Bytes Received By Job
	6204  -  Total Bytes Sent By Job
	409597  -  Total Bytes Received By Job
	Partitionable Resources :    Usage  Request Allocated 
	   Cpus                 :        0        8         8 
	   Disk (KB)            :      428      425   2610318 
	   Memory (MB)          :        8    16000     16000 

	Job terminated of its own accord at 2024-07-24T16:56:24Z with exit-code 0.
...
022 (10252909.1133.000) 07/24 19:55:35 Job disconnected, attempting to reconnect
    Socket between submit and execute hosts closed unexpectedly
    Trying to reconnect to slot1_10@b9p03p3527.cern.ch <188.185.205.57:9618?addrs=188.185.205.57-9618&alias=b9p03p3527.cern.ch&noUDP&sock=startd_4891_65cd>
...
024 (10252909.1133.000) 07/24 19:55:35 Job reconnection failed
    Job not found at execution machine
    Can not reconnect to slot1_10@b9p03p3527.cern.ch, rescheduling job
...
040 (10252909.1133.000) 07/24 19:58:08 Started transferring input files
	Transferring to host: <188.185.209.39:9618?addrs=188.185.209.39-9618+[2001-1458-303-11--100-24]-9618&alias=b9p11p9946.cern.ch&noUDP&sock=slot1_16_7565_fa0d_146583>
...
040 (10252909.1133.000) 07/24 19:58:08 Finished transferring input files
...
001 (10252909.1133.000) 07/24 19:58:09 Job executing on host: <188.185.209.39:9618?addrs=188.185.209.39-9618+[2001-1458-303-11--100-24]-9618&alias=b9p11p9946.cern.ch&noUDP&sock=startd_6035_1625>
	SlotName: slot1_16@b9p11p9946.cern.ch
	CondorScratchDir = "/pool/condor/dir_4083773"
	Cpus = 8
	Disk = 2882411
	Memory = 16000
...
006 (10252909.1133.000) 07/24 19:58:15 Image size of job updated: 162212
	9  -  MemoryUsage of job (MB)
	9100  -  ResidentSetSize of job (KB)
...
040 (10252909.1133.000) 07/24 19:58:15 Started transferring output files
...
040 (10252909.1133.000) 07/24 19:58:15 Finished transferring output files
...
005 (10252909.1133.000) 07/24 19:58:15 Job terminated.
	(1) Normal termination (return value 0)
		Usr 0 00:00:04, Sys 0 00:00:00  -  Run Remote Usage
		Usr 0 00:00:00, Sys 0 00:00:00  -  Run Local Usage
		Usr 0 00:00:04, Sys 0 00:00:00  -  Total Remote Usage
		Usr 0 00:00:00, Sys 0 00:00:00  -  Total Local Usage
	6204  -  Run Bytes Sent By Job
	409597  -  Run Bytes Received By Job
	6204  -  Total Bytes Sent By Job
	409597  -  Total Bytes Received By Job
	Partitionable Resources :    Usage  Request Allocated 
	   Cpus                 :        0        8         8 
	   Disk (KB)            :      428      425   2882411 
	   Memory (MB)          :        9    16000     16000 

	Job terminated of its own accord at 2024-07-24T17:58:15Z with exit-code 0.
...
040 (10252910.1133.000) 07/24 20:47:51 Started transferring input files
	Transferring to host: <188.185.206.161:9618?addrs=188.185.206.161-9618+[2001-1458-303-c--100-1e]-9618&alias=b9p06p4981.cern.ch&noUDP&sock=slot1_2_7395_3246_155164>
...
040 (10252910.1133.000) 07/24 20:47:51 Finished transferring input files
...
001 (10252910.1133.000) 07/24 20:47:52 Job executing on host: <188.185.206.161:9618?addrs=188.185.206.161-9618+[2001-1458-303-c--100-1e]-9618&alias=b9p06p4981.cern.ch&noUDP&sock=startd_7325_eb51>
	SlotName: slot1_2@b9p06p4981.cern.ch
	CondorScratchDir = "/pool/condor/dir_4176965"
	Cpus = 8
	Disk = 2867793
	Memory = 16000
...
006 (10252910.1133.000) 07/24 20:47:56 Image size of job updated: 161108
	9  -  MemoryUsage of job (MB)
	8416  -  ResidentSetSize of job (KB)
...
040 (10252910.1133.000) 07/24 20:47:56 Started transferring output files
...
040 (10252910.1133.000) 07/24 20:47:56 Finished transferring output files
...
005 (10252910.1133.000) 07/24 20:47:56 Job terminated.
	(1) Normal termination (return value 0)
		Usr 0 00:00:03, Sys 0 00:00:00  -  Run Remote Usage
		Usr 0 00:00:00, Sys 0 00:00:00  -  Run Local Usage
		Usr 0 00:00:03, Sys 0 00:00:00  -  Total Remote Usage
		Usr 0 00:00:00, Sys 0 00:00:00  -  Total Local Usage
	6201  -  Run Bytes Sent By Job
	409597  -  Run Bytes Received By Job
	6201  -  Total Bytes Sent By Job
	409597  -  Total Bytes Received By Job
	Partitionable Resources :    Usage  Request Allocated 
	   Cpus                 :        0        8         8 
	   Disk (KB)            :      428      425   2867793 
	   Memory (MB)          :        9    16000     16000 

	Job terminated of its own accord at 2024-07-24T18:47:56Z with exit-code 0.
...
040 (10252911.1133.000) 07/24 21:00:16 Started transferring input files
	Transferring to host: <128.142.161.94:9618?addrs=128.142.161.94-9618+[2001-1458-301-b8--100-1c]-9618&alias=b9g03p0774.cern.ch&noUDP&sock=slot1_5_1316958_cc6b_1044>
...
040 (10252911.1133.000) 07/24 21:00:16 Finished transferring input files
...
001 (10252911.1133.000) 07/24 21:00:17 Job executing on host: <128.142.161.94:9618?addrs=128.142.161.94-9618+[2001-1458-301-b8--100-1c]-9618&alias=b9g03p0774.cern.ch&noUDP&sock=startd_3150_376a>
	SlotName: slot1_5@b9g03p0774.cern.ch
	CondorScratchDir = "/pool/condor/dir_598771"
	Cpus = 8
	Disk = 3174572
	Memory = 16000
...
006 (10252911.1133.000) 07/24 21:00:24 Image size of job updated: 163968
	10  -  MemoryUsage of job (MB)
	9856  -  ResidentSetSize of job (KB)
...
040 (10252911.1133.000) 07/24 21:00:24 Started transferring output files
...
040 (10252911.1133.000) 07/24 21:00:24 Finished transferring output files
...
005 (10252911.1133.000) 07/24 21:00:24 Job terminated.
	(1) Normal termination (return value 0)
		Usr 0 00:00:06, Sys 0 00:00:00  -  Run Remote Usage
		Usr 0 00:00:00, Sys 0 00:00:00  -  Run Local Usage
		Usr 0 00:00:06, Sys 0 00:00:00  -  Total Remote Usage
		Usr 0 00:00:00, Sys 0 00:00:00  -  Total Local Usage
	6204  -  Run Bytes Sent By Job
	409597  -  Run Bytes Received By Job
	6204  -  Total Bytes Sent By Job
	409597  -  Total Bytes Received By Job
	Partitionable Resources :    Usage  Request Allocated 
	   Cpus                 :        0        8         8 
	   Disk (KB)            :      428      425   3174572 
	   Memory (MB)          :       10    16000     16000 

	Job terminated of its own accord at 2024-07-24T19:00:24Z with exit-code 0.
...
040 (10252912.1133.000) 07/24 21:13:15 Started transferring input files
	Transferring to host: <188.185.198.19:9618?addrs=188.185.198.19-9618&alias=b9p15p7863.cern.ch&noUDP&sock=slot1_5_523582_a264_208>
...
040 (10252912.1133.000) 07/24 21:13:15 Finished transferring input files
...
001 (10252912.1133.000) 07/24 21:13:16 Job executing on host: <188.185.198.19:9618?addrs=188.185.198.19-9618&alias=b9p15p7863.cern.ch&noUDP&sock=startd_128178_066c>
	SlotName: slot1_5@b9p15p7863.cern.ch
	CondorScratchDir = "/pool/condor/dir_557944"
	Cpus = 8
	Disk = 3022456
	Memory = 16000
...
006 (10252912.1133.000) 07/24 21:13:24 Image size of job updated: 1
	0  -  MemoryUsage of job (MB)
	0  -  ResidentSetSize of job (KB)
...
006 (10252912.1133.000) 07/24 21:13:45 Image size of job updated: 162532
	9  -  MemoryUsage of job (MB)
	8648  -  ResidentSetSize of job (KB)
...
040 (10252912.1133.000) 07/24 21:13:45 Started transferring output files
...
040 (10252912.1133.000) 07/24 21:13:45 Finished transferring output files
...
005 (10252912.1133.000) 07/24 21:13:45 Job terminated.
	(1) Normal termination (return value 0)
		Usr 0 00:00:03, Sys 0 00:00:00  -  Run Remote Usage
		Usr 0 00:00:00, Sys 0 00:00:00  -  Run Local Usage
		Usr 0 00:00:03, Sys 0 00:00:00  -  Total Remote Usage
		Usr 0 00:00:00, Sys 0 00:00:00  -  Total Local Usage
	6201  -  Run Bytes Sent By Job
	409597  -  Run Bytes Received By Job
	6201  -  Total Bytes Sent By Job
	409597  -  Total Bytes Received By Job
	Partitionable Resources :    Usage  Request Allocated 
	   Cpus                 :        0        8         8 
	   Disk (KB)            :      427      425   3022456 
	   Memory (MB)          :        9    16000     16000 

	Job terminated of its own accord at 2024-07-24T19:13:45Z with exit-code 0.
...
040 (10252913.1133.000) 07/24 21:27:08 Started transferring input files
	Transferring to host: <188.185.206.217:9618?addrs=188.185.206.217-9618&alias=b9p06p2502.cern.ch&noUDP&sock=slot1_8_4024_059d_158038>
...
040 (10252913.1133.000) 07/24 21:27:08 Finished transferring input files
...
001 (10252913.1133.000) 07/24 21:27:09 Job executing on host: <188.185.206.217:9618?addrs=188.185.206.217-9618&alias=b9p06p2502.cern.ch&noUDP&sock=startd_3790_3407>
	SlotName: slot1_8@b9p06p2502.cern.ch
	CondorScratchDir = "/pool/condor/dir_1067564"
	Cpus = 8
	Disk = 2664293
	Memory = 16000
...
006 (10252913.1133.000) 07/24 21:27:14 Image size of job updated: 164056
	10  -  MemoryUsage of job (MB)
	9772  -  ResidentSetSize of job (KB)
...
040 (10252913.1133.000) 07/24 21:27:14 Started transferring output files
...
040 (10252913.1133.000) 07/24 21:27:14 Finished transferring output files
...
005 (10252913.1133.000) 07/24 21:27:14 Job terminated.
	(1) Normal termination (return value 0)
		Usr 0 00:00:03, Sys 0 00:00:00  -  Run Remote Usage
		Usr 0 00:00:00, Sys 0 00:00:00  -  Run Local Usage
		Usr 0 00:00:03, Sys 0 00:00:00  -  Total Remote Usage
		Usr 0 00:00:00, Sys 0 00:00:00  -  Total Local Usage
	6204  -  Run Bytes Sent By Job
	409597  -  Run Bytes Received By Job
	6204  -  Total Bytes Sent By Job
	409597  -  Total Bytes Received By Job
	Partitionable Resources :    Usage  Request Allocated 
	   Cpus                 :        0        8         8 
	   Disk (KB)            :      428      425   2664293 
	   Memory (MB)          :       10    16000     16000 

	Job terminated of its own accord at 2024-07-24T19:27:14Z with exit-code 0.
...
000 (10261715.1133.000) 07/25 13:01:47 Job submitted from host: <188.185.114.121:9618?addrs=188.185.114.121-9618+[2001-1458-d00-a--100-273]-9618&alias=bigbird19.cern.ch&noUDP&sock=schedd_4961_696e>
...
009 (10261715.1133.000) 07/25 13:06:41 Job was aborted.
	via condor_rm (by user yelberke)
...
000 (10261767.1133.000) 07/25 13:20:10 Job submitted from host: <188.185.114.121:9618?addrs=188.185.114.121-9618+[2001-1458-d00-a--100-273]-9618&alias=bigbird19.cern.ch&noUDP&sock=schedd_4961_696e>
...
040 (10261767.1133.000) 07/25 14:10:20 Started transferring input files
	Transferring to host: <188.185.209.18:9618?addrs=188.185.209.18-9618+[2001-1458-303-11--100-f]-9618&alias=b9p11p3504.cern.ch&noUDP&sock=slot1_22_7620_baaf_147496>
...
040 (10261767.1133.000) 07/25 14:10:20 Finished transferring input files
...
001 (10261767.1133.000) 07/25 14:10:21 Job executing on host: <188.185.209.18:9618?addrs=188.185.209.18-9618+[2001-1458-303-11--100-f]-9618&alias=b9p11p3504.cern.ch&noUDP&sock=startd_6300_dabe>
	SlotName: slot1_22@b9p11p3504.cern.ch
	CondorScratchDir = "/pool/condor/dir_730199"
	Cpus = 12
	Disk = 2717176
	Memory = 24000
...
006 (10261767.1133.000) 07/25 14:10:26 Image size of job updated: 161808
	8  -  MemoryUsage of job (MB)
	7500  -  ResidentSetSize of job (KB)
...
040 (10261767.1133.000) 07/25 14:10:26 Started transferring output files
...
040 (10261767.1133.000) 07/25 14:10:26 Finished transferring output files
...
005 (10261767.1133.000) 07/25 14:10:26 Job terminated.
	(1) Normal termination (return value 0)
		Usr 0 00:00:04, Sys 0 00:00:00  -  Run Remote Usage
		Usr 0 00:00:00, Sys 0 00:00:00  -  Run Local Usage
		Usr 0 00:00:04, Sys 0 00:00:00  -  Total Remote Usage
		Usr 0 00:00:00, Sys 0 00:00:00  -  Total Local Usage
	6204  -  Run Bytes Sent By Job
	409597  -  Run Bytes Received By Job
	6204  -  Total Bytes Sent By Job
	409597  -  Total Bytes Received By Job
	Partitionable Resources :    Usage  Request Allocated 
	   Cpus                 :        0       12        12 
	   Disk (KB)            :      428      425   2717176 
	   Memory (MB)          :        8    24000     24000 

	Job terminated of its own accord at 2024-07-25T12:10:26Z with exit-code 0.
...
000 (10284266.1133.000) 08/02 15:45:31 Job submitted from host: <188.185.114.121:9618?addrs=188.185.114.121-9618+[2001-1458-d00-a--100-273]-9618&alias=bigbird19.cern.ch&noUDP&sock=schedd_4961_696e>
...
009 (10284266.1133.000) 08/02 15:49:25 Job was aborted.
	via condor_rm (by user yelberke)
...
000 (10284267.1133.000) 08/02 15:49:49 Job submitted from host: <188.185.114.121:9618?addrs=188.185.114.121-9618+[2001-1458-d00-a--100-273]-9618&alias=bigbird19.cern.ch&noUDP&sock=schedd_4961_696e>
...
040 (10284267.1133.000) 08/02 16:24:34 Started transferring input files
	Transferring to host: <188.185.204.200:9618?addrs=188.185.204.200-9618+[2001-1458-303-8--100-bc]-9618&alias=b9p02p1911.cern.ch&noUDP&sock=slot1_8_7272_8821_165980>
...
040 (10284267.1133.000) 08/02 16:24:34 Finished transferring input files
...
001 (10284267.1133.000) 08/02 16:24:35 Job executing on host: <188.185.204.200:9618?addrs=188.185.204.200-9618+[2001-1458-303-8--100-bc]-9618&alias=b9p02p1911.cern.ch&noUDP&sock=startd_7203_3cc3>
	SlotName: slot1_8@b9p02p1911.cern.ch
	CondorScratchDir = "/pool/condor/dir_1114391"
	Cpus = 12
	Disk = 2622592
	Memory = 24000
...
006 (10284267.1133.000) 08/02 16:24:37 Image size of job updated: 327108
	2  -  MemoryUsage of job (MB)
	1272  -  ResidentSetSize of job (KB)
...
040 (10284267.1133.000) 08/02 16:24:37 Started transferring output files
...
040 (10284267.1133.000) 08/02 16:24:37 Finished transferring output files
...
005 (10284267.1133.000) 08/02 16:24:37 Job terminated.
	(1) Normal termination (return value 139)
		Usr 0 00:00:02, Sys 0 00:00:00  -  Run Remote Usage
		Usr 0 00:00:00, Sys 0 00:00:00  -  Run Local Usage
		Usr 0 00:00:02, Sys 0 00:00:00  -  Total Remote Usage
		Usr 0 00:00:00, Sys 0 00:00:00  -  Total Local Usage
	7696  -  Run Bytes Sent By Job
	409597  -  Run Bytes Received By Job
	7696  -  Total Bytes Sent By Job
	409597  -  Total Bytes Received By Job
	Partitionable Resources :    Usage  Request Allocated 
	   Cpus                 :        0       12        12 
	   Disk (KB)            :      430      425   2622592 
	   Memory (MB)          :        2    24000     24000 

	Job terminated of its own accord at 2024-08-02T14:24:37Z with exit-code 139.
...
