000 (10252905.1158.000) 07/24 16:13:16 Job submitted from host: <188.185.114.121:9618?addrs=188.185.114.121-9618+[2001-1458-d00-a--100-273]-9618&alias=bigbird19.cern.ch&noUDP&sock=schedd_4961_696e>
...
009 (10252905.1158.000) 07/24 16:14:47 Job was aborted.
	via condor_rm (by user yelberke)
...
000 (10252906.1158.000) 07/24 16:15:37 Job submitted from host: <188.185.114.121:9618?addrs=188.185.114.121-9618+[2001-1458-d00-a--100-273]-9618&alias=bigbird19.cern.ch&noUDP&sock=schedd_4961_696e>
...
000 (10252907.1158.000) 07/24 16:17:31 Job submitted from host: <188.185.114.121:9618?addrs=188.185.114.121-9618+[2001-1458-d00-a--100-273]-9618&alias=bigbird19.cern.ch&noUDP&sock=schedd_4961_696e>
...
000 (10252908.1158.000) 07/24 16:18:04 Job submitted from host: <188.185.114.121:9618?addrs=188.185.114.121-9618+[2001-1458-d00-a--100-273]-9618&alias=bigbird19.cern.ch&noUDP&sock=schedd_4961_696e>
...
000 (10252909.1158.000) 07/24 16:18:40 Job submitted from host: <188.185.114.121:9618?addrs=188.185.114.121-9618+[2001-1458-d00-a--100-273]-9618&alias=bigbird19.cern.ch&noUDP&sock=schedd_4961_696e>
...
000 (10252910.1158.000) 07/24 16:19:05 Job submitted from host: <188.185.114.121:9618?addrs=188.185.114.121-9618+[2001-1458-d00-a--100-273]-9618&alias=bigbird19.cern.ch&noUDP&sock=schedd_4961_696e>
...
000 (10252911.1158.000) 07/24 16:19:18 Job submitted from host: <188.185.114.121:9618?addrs=188.185.114.121-9618+[2001-1458-d00-a--100-273]-9618&alias=bigbird19.cern.ch&noUDP&sock=schedd_4961_696e>
...
000 (10252912.1158.000) 07/24 16:19:31 Job submitted from host: <188.185.114.121:9618?addrs=188.185.114.121-9618+[2001-1458-d00-a--100-273]-9618&alias=bigbird19.cern.ch&noUDP&sock=schedd_4961_696e>
...
000 (10252913.1158.000) 07/24 16:19:43 Job submitted from host: <188.185.114.121:9618?addrs=188.185.114.121-9618+[2001-1458-d00-a--100-273]-9618&alias=bigbird19.cern.ch&noUDP&sock=schedd_4961_696e>
...
040 (10252906.1158.000) 07/24 16:24:51 Started transferring input files
	Transferring to host: <188.185.215.142:9618?addrs=188.185.215.142-9618+[2001-1458-303-26--100-a]-9618&alias=b9p18p7489.cern.ch&noUDP&sock=slot1_16_770653_8143_4775>
...
040 (10252906.1158.000) 07/24 16:24:51 Finished transferring input files
...
001 (10252906.1158.000) 07/24 16:24:52 Job executing on host: <188.185.215.142:9618?addrs=188.185.215.142-9618+[2001-1458-303-26--100-a]-9618&alias=b9p18p7489.cern.ch&noUDP&sock=startd_127047_40cf>
	SlotName: slot1_16@b9p18p7489.cern.ch
	CondorScratchDir = "/pool/condor/dir_3767608"
	Cpus = 8
	Disk = 2958163
	Memory = 16000
...
006 (10252906.1158.000) 07/24 16:24:57 Image size of job updated: 158020
	8  -  MemoryUsage of job (MB)
	7340  -  ResidentSetSize of job (KB)
...
040 (10252906.1158.000) 07/24 16:24:57 Started transferring output files
...
040 (10252906.1158.000) 07/24 16:24:57 Finished transferring output files
...
005 (10252906.1158.000) 07/24 16:24:57 Job terminated.
	(1) Normal termination (return value 0)
		Usr 0 00:00:04, Sys 0 00:00:00  -  Run Remote Usage
		Usr 0 00:00:00, Sys 0 00:00:00  -  Run Local Usage
		Usr 0 00:00:04, Sys 0 00:00:00  -  Total Remote Usage
		Usr 0 00:00:00, Sys 0 00:00:00  -  Total Local Usage
	6204  -  Run Bytes Sent By Job
	409597  -  Run Bytes Received By Job
	6204  -  Total Bytes Sent By Job
	409597  -  Total Bytes Received By Job
	Partitionable Resources :    Usage  Request Allocated 
	   Cpus                 :        0        8         8 
	   Disk (KB)            :      428      425   2958163 
	   Memory (MB)          :        8    16000     16000 

	Job terminated of its own accord at 2024-07-24T14:24:57Z with exit-code 0.
...
040 (10252907.1158.000) 07/24 17:52:28 Started transferring input files
	Transferring to host: <188.185.207.220:9618?addrs=188.185.207.220-9618+[2001-1458-303-e--100-59]-9618&alias=b9p08p3598.cern.ch&noUDP&sock=slot1_6_11879_947c_145228>
...
040 (10252907.1158.000) 07/24 17:52:28 Finished transferring input files
...
001 (10252907.1158.000) 07/24 17:52:29 Job executing on host: <188.185.207.220:9618?addrs=188.185.207.220-9618+[2001-1458-303-e--100-59]-9618&alias=b9p08p3598.cern.ch&noUDP&sock=startd_10573_c6ec>
	SlotName: slot1_6@b9p08p3598.cern.ch
	CondorScratchDir = "/pool/condor/dir_839226"
	Cpus = 8
	Disk = 2827567
	Memory = 16000
...
006 (10252907.1158.000) 07/24 17:52:33 Image size of job updated: 164436
	10  -  MemoryUsage of job (MB)
	9564  -  ResidentSetSize of job (KB)
...
040 (10252907.1158.000) 07/24 17:52:33 Started transferring output files
...
040 (10252907.1158.000) 07/24 17:52:33 Finished transferring output files
...
005 (10252907.1158.000) 07/24 17:52:33 Job terminated.
	(1) Normal termination (return value 0)
		Usr 0 00:00:03, Sys 0 00:00:00  -  Run Remote Usage
		Usr 0 00:00:00, Sys 0 00:00:00  -  Run Local Usage
		Usr 0 00:00:03, Sys 0 00:00:00  -  Total Remote Usage
		Usr 0 00:00:00, Sys 0 00:00:00  -  Total Local Usage
	6204  -  Run Bytes Sent By Job
	409597  -  Run Bytes Received By Job
	6204  -  Total Bytes Sent By Job
	409597  -  Total Bytes Received By Job
	Partitionable Resources :    Usage  Request Allocated 
	   Cpus                 :        0        8         8 
	   Disk (KB)            :      427      425   2827567 
	   Memory (MB)          :       10    16000     16000 

	Job terminated of its own accord at 2024-07-24T15:52:33Z with exit-code 0.
...
040 (10252908.1158.000) 07/24 18:56:27 Started transferring input files
	Transferring to host: <188.185.205.50:9618?addrs=188.185.205.50-9618+[2001-1458-303-9--100-a6]-9618&alias=b9p03p2099.cern.ch&noUDP&sock=slot1_1_5117_23a9_157169>
...
040 (10252908.1158.000) 07/24 18:56:27 Finished transferring input files
...
001 (10252908.1158.000) 07/24 18:56:28 Job executing on host: <188.185.205.50:9618?addrs=188.185.205.50-9618+[2001-1458-303-9--100-a6]-9618&alias=b9p03p2099.cern.ch&noUDP&sock=startd_4625_f19b>
	SlotName: slot1_1@b9p03p2099.cern.ch
	CondorScratchDir = "/pool/condor/dir_1344267"
	Cpus = 8
	Disk = 2767865
	Memory = 16000
...
006 (10252908.1158.000) 07/24 18:56:34 Image size of job updated: 158848
	7  -  MemoryUsage of job (MB)
	6940  -  ResidentSetSize of job (KB)
...
040 (10252908.1158.000) 07/24 18:56:34 Started transferring output files
...
040 (10252908.1158.000) 07/24 18:56:34 Finished transferring output files
...
005 (10252908.1158.000) 07/24 18:56:34 Job terminated.
	(1) Normal termination (return value 0)
		Usr 0 00:00:05, Sys 0 00:00:00  -  Run Remote Usage
		Usr 0 00:00:00, Sys 0 00:00:00  -  Run Local Usage
		Usr 0 00:00:05, Sys 0 00:00:00  -  Total Remote Usage
		Usr 0 00:00:00, Sys 0 00:00:00  -  Total Local Usage
	6204  -  Run Bytes Sent By Job
	409597  -  Run Bytes Received By Job
	6204  -  Total Bytes Sent By Job
	409597  -  Total Bytes Received By Job
	Partitionable Resources :    Usage  Request Allocated 
	   Cpus                 :        0        8         8 
	   Disk (KB)            :      428      425   2767865 
	   Memory (MB)          :        7    16000     16000 

	Job terminated of its own accord at 2024-07-24T16:56:34Z with exit-code 0.
...
040 (10252909.1158.000) 07/24 19:56:17 Started transferring input files
	Transferring to host: <188.185.207.63:9618?addrs=188.185.207.63-9618+[2001-1458-303-d--100-3c]-9618&alias=b9p07p9500.cern.ch&noUDP&sock=slot1_2_2107019_3eca_100657>
...
040 (10252909.1158.000) 07/24 19:56:17 Finished transferring input files
...
001 (10252909.1158.000) 07/24 19:56:18 Job executing on host: <188.185.207.63:9618?addrs=188.185.207.63-9618+[2001-1458-303-d--100-3c]-9618&alias=b9p07p9500.cern.ch&noUDP&sock=startd_2106977_8cb5>
	SlotName: slot1_2@b9p07p9500.cern.ch
	CondorScratchDir = "/pool/condor/dir_2693734"
	Cpus = 8
	Disk = 2696769
	Memory = 16000
...
006 (10252909.1158.000) 07/24 19:56:24 Image size of job updated: 159224
	8  -  MemoryUsage of job (MB)
	7908  -  ResidentSetSize of job (KB)
...
040 (10252909.1158.000) 07/24 19:56:24 Started transferring output files
...
040 (10252909.1158.000) 07/24 19:56:24 Finished transferring output files
...
005 (10252909.1158.000) 07/24 19:56:24 Job terminated.
	(1) Normal termination (return value 0)
		Usr 0 00:00:04, Sys 0 00:00:00  -  Run Remote Usage
		Usr 0 00:00:00, Sys 0 00:00:00  -  Run Local Usage
		Usr 0 00:00:04, Sys 0 00:00:00  -  Total Remote Usage
		Usr 0 00:00:00, Sys 0 00:00:00  -  Total Local Usage
	6204  -  Run Bytes Sent By Job
	409597  -  Run Bytes Received By Job
	6204  -  Total Bytes Sent By Job
	409597  -  Total Bytes Received By Job
	Partitionable Resources :    Usage  Request Allocated 
	   Cpus                 :        0        8         8 
	   Disk (KB)            :      431      425   2696769 
	   Memory (MB)          :        8    16000     16000 

	Job terminated of its own accord at 2024-07-24T17:56:24Z with exit-code 0.
...
040 (10252910.1158.000) 07/24 20:47:59 Started transferring input files
	Transferring to host: <128.142.161.139:9618?addrs=128.142.161.139-9618+[2001-1458-301-b9--100-8]-9618&alias=b9g03p5522.cern.ch&noUDP&sock=slot1_5_746961_5900_105845>
...
040 (10252910.1158.000) 07/24 20:47:59 Finished transferring input files
...
001 (10252910.1158.000) 07/24 20:48:00 Job executing on host: <128.142.161.139:9618?addrs=128.142.161.139-9618+[2001-1458-301-b9--100-8]-9618&alias=b9g03p5522.cern.ch&noUDP&sock=startd_3164_d1be>
	SlotName: slot1_5@b9g03p5522.cern.ch
	CondorScratchDir = "/pool/condor/dir_464265"
	Cpus = 8
	Disk = 3192164
	Memory = 16000
...
006 (10252910.1158.000) 07/24 20:48:08 Image size of job updated: 161032
	158  -  MemoryUsage of job (MB)
	160848  -  ResidentSetSize of job (KB)
...
006 (10252910.1158.000) 07/24 20:48:08 Image size of job updated: 161108
	158  -  MemoryUsage of job (MB)
	160848  -  ResidentSetSize of job (KB)
...
040 (10252910.1158.000) 07/24 20:48:08 Started transferring output files
...
040 (10252910.1158.000) 07/24 20:48:08 Finished transferring output files
...
005 (10252910.1158.000) 07/24 20:48:08 Job terminated.
	(1) Normal termination (return value 0)
		Usr 0 00:00:07, Sys 0 00:00:00  -  Run Remote Usage
		Usr 0 00:00:00, Sys 0 00:00:00  -  Run Local Usage
		Usr 0 00:00:07, Sys 0 00:00:00  -  Total Remote Usage
		Usr 0 00:00:00, Sys 0 00:00:00  -  Total Local Usage
	6201  -  Run Bytes Sent By Job
	409597  -  Run Bytes Received By Job
	6201  -  Total Bytes Sent By Job
	409597  -  Total Bytes Received By Job
	Partitionable Resources :    Usage  Request Allocated 
	   Cpus                 :        0        8         8 
	   Disk (KB)            :      428      425   3192164 
	   Memory (MB)          :      158    16000     16000 

	Job terminated of its own accord at 2024-07-24T18:48:08Z with exit-code 0.
...
040 (10252911.1158.000) 07/24 21:00:24 Started transferring input files
	Transferring to host: <188.185.209.144:9618?addrs=188.185.209.144-9618+[2001-1458-303-12--100-d]-9618&alias=b9p12p9592.cern.ch&noUDP&sock=slot1_3_5409_e135_144437>
...
040 (10252911.1158.000) 07/24 21:00:24 Finished transferring input files
...
001 (10252911.1158.000) 07/24 21:00:25 Job executing on host: <188.185.209.144:9618?addrs=188.185.209.144-9618+[2001-1458-303-12--100-d]-9618&alias=b9p12p9592.cern.ch&noUDP&sock=startd_4396_de6b>
	SlotName: slot1_3@b9p12p9592.cern.ch
	CondorScratchDir = "/pool/condor/dir_757864"
	Cpus = 8
	Disk = 2942612
	Memory = 16000
...
006 (10252911.1158.000) 07/24 21:00:29 Image size of job updated: 159320
	8  -  MemoryUsage of job (MB)
	7232  -  ResidentSetSize of job (KB)
...
040 (10252911.1158.000) 07/24 21:00:29 Started transferring output files
...
040 (10252911.1158.000) 07/24 21:00:29 Finished transferring output files
...
005 (10252911.1158.000) 07/24 21:00:29 Job terminated.
	(1) Normal termination (return value 0)
		Usr 0 00:00:03, Sys 0 00:00:00  -  Run Remote Usage
		Usr 0 00:00:00, Sys 0 00:00:00  -  Run Local Usage
		Usr 0 00:00:03, Sys 0 00:00:00  -  Total Remote Usage
		Usr 0 00:00:00, Sys 0 00:00:00  -  Total Local Usage
	6204  -  Run Bytes Sent By Job
	409597  -  Run Bytes Received By Job
	6204  -  Total Bytes Sent By Job
	409597  -  Total Bytes Received By Job
	Partitionable Resources :    Usage  Request Allocated 
	   Cpus                 :        0        8         8 
	   Disk (KB)            :      428      425   2942612 
	   Memory (MB)          :        8    16000     16000 

	Job terminated of its own accord at 2024-07-24T19:00:29Z with exit-code 0.
...
040 (10252912.1158.000) 07/24 21:13:24 Started transferring input files
	Transferring to host: <188.185.204.181:9618?addrs=188.185.204.181-9618+[2001-1458-303-8--100-a9]-9618&alias=b9p02p9149.cern.ch&noUDP&sock=slot1_11_7299_8e42_156732>
...
040 (10252912.1158.000) 07/24 21:13:24 Finished transferring input files
...
001 (10252912.1158.000) 07/24 21:13:25 Job executing on host: <188.185.204.181:9618?addrs=188.185.204.181-9618+[2001-1458-303-8--100-a9]-9618&alias=b9p02p9149.cern.ch&noUDP&sock=startd_7223_f4a8>
	SlotName: slot1_11@b9p02p9149.cern.ch
	CondorScratchDir = "/pool/condor/dir_182587"
	Cpus = 8
	Disk = 2671780
	Memory = 16000
...
006 (10252912.1158.000) 07/24 21:13:30 Image size of job updated: 162628
	9  -  MemoryUsage of job (MB)
	8924  -  ResidentSetSize of job (KB)
...
040 (10252912.1158.000) 07/24 21:13:30 Started transferring output files
...
040 (10252912.1158.000) 07/24 21:13:30 Finished transferring output files
...
005 (10252912.1158.000) 07/24 21:13:30 Job terminated.
	(1) Normal termination (return value 0)
		Usr 0 00:00:03, Sys 0 00:00:00  -  Run Remote Usage
		Usr 0 00:00:00, Sys 0 00:00:00  -  Run Local Usage
		Usr 0 00:00:03, Sys 0 00:00:00  -  Total Remote Usage
		Usr 0 00:00:00, Sys 0 00:00:00  -  Total Local Usage
	6201  -  Run Bytes Sent By Job
	409597  -  Run Bytes Received By Job
	6201  -  Total Bytes Sent By Job
	409597  -  Total Bytes Received By Job
	Partitionable Resources :    Usage  Request Allocated 
	   Cpus                 :        0        8         8 
	   Disk (KB)            :      428      425   2671780 
	   Memory (MB)          :        9    16000     16000 

	Job terminated of its own accord at 2024-07-24T19:13:30Z with exit-code 0.
...
040 (10252913.1158.000) 07/24 21:27:14 Started transferring input files
	Transferring to host: <188.185.204.172:9618?addrs=188.185.204.172-9618+[2001-1458-303-8--100-a0]-9618&alias=b9p02p9818.cern.ch&noUDP&sock=slot1_7_7197_affe_156132>
...
040 (10252913.1158.000) 07/24 21:27:14 Finished transferring input files
...
001 (10252913.1158.000) 07/24 21:27:15 Job executing on host: <188.185.204.172:9618?addrs=188.185.204.172-9618+[2001-1458-303-8--100-a0]-9618&alias=b9p02p9818.cern.ch&noUDP&sock=startd_6943_e623>
	SlotName: slot1_7@b9p02p9818.cern.ch
	CondorScratchDir = "/pool/condor/dir_2895860"
	Cpus = 8
	Disk = 2896132
	Memory = 16000
...
006 (10252913.1158.000) 07/24 21:27:22 Image size of job updated: 163864
	10  -  MemoryUsage of job (MB)
	9520  -  ResidentSetSize of job (KB)
...
040 (10252913.1158.000) 07/24 21:27:22 Started transferring output files
...
040 (10252913.1158.000) 07/24 21:27:22 Finished transferring output files
...
005 (10252913.1158.000) 07/24 21:27:22 Job terminated.
	(1) Normal termination (return value 0)
		Usr 0 00:00:05, Sys 0 00:00:00  -  Run Remote Usage
		Usr 0 00:00:00, Sys 0 00:00:00  -  Run Local Usage
		Usr 0 00:00:05, Sys 0 00:00:00  -  Total Remote Usage
		Usr 0 00:00:00, Sys 0 00:00:00  -  Total Local Usage
	6204  -  Run Bytes Sent By Job
	409597  -  Run Bytes Received By Job
	6204  -  Total Bytes Sent By Job
	409597  -  Total Bytes Received By Job
	Partitionable Resources :    Usage  Request Allocated 
	   Cpus                 :        0        8         8 
	   Disk (KB)            :      428      425   2896132 
	   Memory (MB)          :       10    16000     16000 

	Job terminated of its own accord at 2024-07-24T19:27:22Z with exit-code 0.
...
000 (10261715.1158.000) 07/25 13:01:48 Job submitted from host: <188.185.114.121:9618?addrs=188.185.114.121-9618+[2001-1458-d00-a--100-273]-9618&alias=bigbird19.cern.ch&noUDP&sock=schedd_4961_696e>
...
009 (10261715.1158.000) 07/25 13:06:41 Job was aborted.
	via condor_rm (by user yelberke)
...
000 (10261767.1158.000) 07/25 13:20:11 Job submitted from host: <188.185.114.121:9618?addrs=188.185.114.121-9618+[2001-1458-d00-a--100-273]-9618&alias=bigbird19.cern.ch&noUDP&sock=schedd_4961_696e>
...
040 (10261767.1158.000) 07/25 14:10:29 Started transferring input files
	Transferring to host: <188.185.204.171:9618?addrs=188.185.204.171-9618+[2001-1458-303-8--100-9f]-9618&alias=b9p02p3945.cern.ch&noUDP&sock=slot1_2_6784_b10d_155601>
...
040 (10261767.1158.000) 07/25 14:10:29 Finished transferring input files
...
001 (10261767.1158.000) 07/25 14:10:30 Job executing on host: <188.185.204.171:9618?addrs=188.185.204.171-9618+[2001-1458-303-8--100-9f]-9618&alias=b9p02p3945.cern.ch&noUDP&sock=startd_6714_d2f3>
	SlotName: slot1_2@b9p02p3945.cern.ch
	CondorScratchDir = "/pool/condor/dir_1746255"
	Cpus = 12
	Disk = 2845809
	Memory = 24000
...
006 (10261767.1158.000) 07/25 14:10:34 Image size of job updated: 160648
	7  -  MemoryUsage of job (MB)
	7024  -  ResidentSetSize of job (KB)
...
040 (10261767.1158.000) 07/25 14:10:34 Started transferring output files
...
040 (10261767.1158.000) 07/25 14:10:34 Finished transferring output files
...
005 (10261767.1158.000) 07/25 14:10:34 Job terminated.
	(1) Normal termination (return value 0)
		Usr 0 00:00:03, Sys 0 00:00:00  -  Run Remote Usage
		Usr 0 00:00:00, Sys 0 00:00:00  -  Run Local Usage
		Usr 0 00:00:03, Sys 0 00:00:00  -  Total Remote Usage
		Usr 0 00:00:00, Sys 0 00:00:00  -  Total Local Usage
	6204  -  Run Bytes Sent By Job
	409597  -  Run Bytes Received By Job
	6204  -  Total Bytes Sent By Job
	409597  -  Total Bytes Received By Job
	Partitionable Resources :    Usage  Request Allocated 
	   Cpus                 :        0       12        12 
	   Disk (KB)            :      428      425   2845809 
	   Memory (MB)          :        7    24000     24000 

	Job terminated of its own accord at 2024-07-25T12:10:34Z with exit-code 0.
...
000 (10284266.1158.000) 08/02 15:45:32 Job submitted from host: <188.185.114.121:9618?addrs=188.185.114.121-9618+[2001-1458-d00-a--100-273]-9618&alias=bigbird19.cern.ch&noUDP&sock=schedd_4961_696e>
...
009 (10284266.1158.000) 08/02 15:49:25 Job was aborted.
	via condor_rm (by user yelberke)
...
000 (10284267.1158.000) 08/02 15:49:49 Job submitted from host: <188.185.114.121:9618?addrs=188.185.114.121-9618+[2001-1458-d00-a--100-273]-9618&alias=bigbird19.cern.ch&noUDP&sock=schedd_4961_696e>
...
040 (10284267.1158.000) 08/02 16:24:41 Started transferring input files
	Transferring to host: <188.185.204.190:9618?addrs=188.185.204.190-9618+[2001-1458-303-8--100-b2]-9618&alias=b9p02p2557.cern.ch&noUDP&sock=slot1_21_14537_61a8_41060>
...
040 (10284267.1158.000) 08/02 16:24:41 Finished transferring input files
...
001 (10284267.1158.000) 08/02 16:24:42 Job executing on host: <188.185.204.190:9618?addrs=188.185.204.190-9618+[2001-1458-303-8--100-b2]-9618&alias=b9p02p2557.cern.ch&noUDP&sock=startd_13467_d201>
	SlotName: slot1_21@b9p02p2557.cern.ch
	CondorScratchDir = "/pool/condor/dir_779218"
	Cpus = 12
	Disk = 2632125
	Memory = 24000
...
006 (10284267.1158.000) 08/02 16:24:44 Image size of job updated: 325092
	2  -  MemoryUsage of job (MB)
	1220  -  ResidentSetSize of job (KB)
...
040 (10284267.1158.000) 08/02 16:24:44 Started transferring output files
...
040 (10284267.1158.000) 08/02 16:24:44 Finished transferring output files
...
005 (10284267.1158.000) 08/02 16:24:44 Job terminated.
	(1) Normal termination (return value 139)
		Usr 0 00:00:02, Sys 0 00:00:01  -  Run Remote Usage
		Usr 0 00:00:00, Sys 0 00:00:00  -  Run Local Usage
		Usr 0 00:00:02, Sys 0 00:00:01  -  Total Remote Usage
		Usr 0 00:00:00, Sys 0 00:00:00  -  Total Local Usage
	7696  -  Run Bytes Sent By Job
	409597  -  Run Bytes Received By Job
	7696  -  Total Bytes Sent By Job
	409597  -  Total Bytes Received By Job
	Partitionable Resources :    Usage  Request Allocated 
	   Cpus                 :        0       12        12 
	   Disk (KB)            :      430      425   2632125 
	   Memory (MB)          :        2    24000     24000 

	Job terminated of its own accord at 2024-08-02T14:24:44Z with exit-code 139.
...
