000 (10252905.1255.000) 07/24 16:13:16 Job submitted from host: <188.185.114.121:9618?addrs=188.185.114.121-9618+[2001-1458-d00-a--100-273]-9618&alias=bigbird19.cern.ch&noUDP&sock=schedd_4961_696e>
...
009 (10252905.1255.000) 07/24 16:14:47 Job was aborted.
	via condor_rm (by user yelberke)
...
000 (10252906.1255.000) 07/24 16:15:37 Job submitted from host: <188.185.114.121:9618?addrs=188.185.114.121-9618+[2001-1458-d00-a--100-273]-9618&alias=bigbird19.cern.ch&noUDP&sock=schedd_4961_696e>
...
000 (10252907.1255.000) 07/24 16:17:31 Job submitted from host: <188.185.114.121:9618?addrs=188.185.114.121-9618+[2001-1458-d00-a--100-273]-9618&alias=bigbird19.cern.ch&noUDP&sock=schedd_4961_696e>
...
000 (10252908.1255.000) 07/24 16:18:04 Job submitted from host: <188.185.114.121:9618?addrs=188.185.114.121-9618+[2001-1458-d00-a--100-273]-9618&alias=bigbird19.cern.ch&noUDP&sock=schedd_4961_696e>
...
000 (10252909.1255.000) 07/24 16:18:40 Job submitted from host: <188.185.114.121:9618?addrs=188.185.114.121-9618+[2001-1458-d00-a--100-273]-9618&alias=bigbird19.cern.ch&noUDP&sock=schedd_4961_696e>
...
000 (10252910.1255.000) 07/24 16:19:05 Job submitted from host: <188.185.114.121:9618?addrs=188.185.114.121-9618+[2001-1458-d00-a--100-273]-9618&alias=bigbird19.cern.ch&noUDP&sock=schedd_4961_696e>
...
000 (10252911.1255.000) 07/24 16:19:18 Job submitted from host: <188.185.114.121:9618?addrs=188.185.114.121-9618+[2001-1458-d00-a--100-273]-9618&alias=bigbird19.cern.ch&noUDP&sock=schedd_4961_696e>
...
000 (10252912.1255.000) 07/24 16:19:31 Job submitted from host: <188.185.114.121:9618?addrs=188.185.114.121-9618+[2001-1458-d00-a--100-273]-9618&alias=bigbird19.cern.ch&noUDP&sock=schedd_4961_696e>
...
000 (10252913.1255.000) 07/24 16:19:43 Job submitted from host: <188.185.114.121:9618?addrs=188.185.114.121-9618+[2001-1458-d00-a--100-273]-9618&alias=bigbird19.cern.ch&noUDP&sock=schedd_4961_696e>
...
040 (10252906.1255.000) 07/24 16:25:23 Started transferring input files
	Transferring to host: <188.185.194.122:9618?addrs=188.185.194.122-9618+[2001-1458-303-21--100-76]-9618&alias=b9p20p1245.cern.ch&noUDP&sock=slot1_6_184245_051d_24503>
...
040 (10252906.1255.000) 07/24 16:25:23 Finished transferring input files
...
001 (10252906.1255.000) 07/24 16:25:24 Job executing on host: <188.185.194.122:9618?addrs=188.185.194.122-9618+[2001-1458-303-21--100-76]-9618&alias=b9p20p1245.cern.ch&noUDP&sock=startd_174452_23e2>
	SlotName: slot1_6@b9p20p1245.cern.ch
	CondorScratchDir = "/pool/condor/dir_2399759"
	Cpus = 8
	Disk = 2987725
	Memory = 16000
...
006 (10252906.1255.000) 07/24 16:25:30 Image size of job updated: 159836
	8  -  MemoryUsage of job (MB)
	7344  -  ResidentSetSize of job (KB)
...
040 (10252906.1255.000) 07/24 16:25:30 Started transferring output files
...
040 (10252906.1255.000) 07/24 16:25:30 Finished transferring output files
...
005 (10252906.1255.000) 07/24 16:25:30 Job terminated.
	(1) Normal termination (return value 0)
		Usr 0 00:00:04, Sys 0 00:00:00  -  Run Remote Usage
		Usr 0 00:00:00, Sys 0 00:00:00  -  Run Local Usage
		Usr 0 00:00:04, Sys 0 00:00:00  -  Total Remote Usage
		Usr 0 00:00:00, Sys 0 00:00:00  -  Total Local Usage
	6204  -  Run Bytes Sent By Job
	409597  -  Run Bytes Received By Job
	6204  -  Total Bytes Sent By Job
	409597  -  Total Bytes Received By Job
	Partitionable Resources :    Usage  Request Allocated 
	   Cpus                 :        0        8         8 
	   Disk (KB)            :      428      425   2987725 
	   Memory (MB)          :        8    16000     16000 

	Job terminated of its own accord at 2024-07-24T14:25:30Z with exit-code 0.
...
040 (10252907.1255.000) 07/24 17:53:03 Started transferring input files
	Transferring to host: <188.185.206.175:9618?addrs=188.185.206.175-9618&alias=b9p06p7955.cern.ch&noUDP&sock=slot1_6_7362_f1e4_154649>
...
040 (10252907.1255.000) 07/24 17:53:03 Finished transferring input files
...
001 (10252907.1255.000) 07/24 17:53:04 Job executing on host: <188.185.206.175:9618?addrs=188.185.206.175-9618&alias=b9p06p7955.cern.ch&noUDP&sock=startd_7297_b6aa>
	SlotName: slot1_6@b9p06p7955.cern.ch
	CondorScratchDir = "/pool/condor/dir_3150511"
	Cpus = 8
	Disk = 2801075
	Memory = 16000
...
006 (10252907.1255.000) 07/24 17:53:08 Image size of job updated: 163140
	9  -  MemoryUsage of job (MB)
	9004  -  ResidentSetSize of job (KB)
...
040 (10252907.1255.000) 07/24 17:53:08 Started transferring output files
...
040 (10252907.1255.000) 07/24 17:53:08 Finished transferring output files
...
005 (10252907.1255.000) 07/24 17:53:08 Job terminated.
	(1) Normal termination (return value 0)
		Usr 0 00:00:03, Sys 0 00:00:00  -  Run Remote Usage
		Usr 0 00:00:00, Sys 0 00:00:00  -  Run Local Usage
		Usr 0 00:00:03, Sys 0 00:00:00  -  Total Remote Usage
		Usr 0 00:00:00, Sys 0 00:00:00  -  Total Local Usage
	6204  -  Run Bytes Sent By Job
	409597  -  Run Bytes Received By Job
	6204  -  Total Bytes Sent By Job
	409597  -  Total Bytes Received By Job
	Partitionable Resources :    Usage  Request Allocated 
	   Cpus                 :        0        8         8 
	   Disk (KB)            :      428      425   2801075 
	   Memory (MB)          :        9    16000     16000 

	Job terminated of its own accord at 2024-07-24T15:53:08Z with exit-code 0.
...
040 (10252908.1255.000) 07/24 18:57:13 Started transferring input files
	Transferring to host: <188.185.206.178:9618?addrs=188.185.206.178-9618&alias=b9p06p2822.cern.ch&noUDP&sock=slot1_7_5239_196e_155296>
...
040 (10252908.1255.000) 07/24 18:57:13 Finished transferring input files
...
001 (10252908.1255.000) 07/24 18:57:14 Job executing on host: <188.185.206.178:9618?addrs=188.185.206.178-9618&alias=b9p06p2822.cern.ch&noUDP&sock=startd_4791_ce54>
	SlotName: slot1_7@b9p06p2822.cern.ch
	CondorScratchDir = "/pool/condor/dir_3916674"
	Cpus = 8
	Disk = 2874955
	Memory = 16000
...
006 (10252908.1255.000) 07/24 18:57:18 Image size of job updated: 165232
	11  -  MemoryUsage of job (MB)
	10756  -  ResidentSetSize of job (KB)
...
040 (10252908.1255.000) 07/24 18:57:18 Started transferring output files
...
040 (10252908.1255.000) 07/24 18:57:18 Finished transferring output files
...
005 (10252908.1255.000) 07/24 18:57:18 Job terminated.
	(1) Normal termination (return value 0)
		Usr 0 00:00:03, Sys 0 00:00:00  -  Run Remote Usage
		Usr 0 00:00:00, Sys 0 00:00:00  -  Run Local Usage
		Usr 0 00:00:03, Sys 0 00:00:00  -  Total Remote Usage
		Usr 0 00:00:00, Sys 0 00:00:00  -  Total Local Usage
	6204  -  Run Bytes Sent By Job
	409597  -  Run Bytes Received By Job
	6204  -  Total Bytes Sent By Job
	409597  -  Total Bytes Received By Job
	Partitionable Resources :    Usage  Request Allocated 
	   Cpus                 :        0        8         8 
	   Disk (KB)            :      426      425   2874955 
	   Memory (MB)          :       11    16000     16000 

	Job terminated of its own accord at 2024-07-24T16:57:18Z with exit-code 0.
...
040 (10252909.1255.000) 07/24 19:56:51 Started transferring input files
	Transferring to host: <188.185.205.179:9618?addrs=188.185.205.179-9618+[2001-1458-303-a--100-30]-9618&alias=b9p04p5046.cern.ch&noUDP&sock=slot1_36_7364_5aa5_154570>
...
040 (10252909.1255.000) 07/24 19:56:51 Finished transferring input files
...
001 (10252909.1255.000) 07/24 19:56:52 Job executing on host: <188.185.205.179:9618?addrs=188.185.205.179-9618+[2001-1458-303-a--100-30]-9618&alias=b9p04p5046.cern.ch&noUDP&sock=startd_7297_b6aa>
	SlotName: slot1_36@b9p04p5046.cern.ch
	CondorScratchDir = "/pool/condor/dir_3456800"
	Cpus = 8
	Disk = 2721421
	Memory = 16000
...
006 (10252909.1255.000) 07/24 19:56:57 Image size of job updated: 162268
	10  -  MemoryUsage of job (MB)
	9652  -  ResidentSetSize of job (KB)
...
040 (10252909.1255.000) 07/24 19:56:57 Started transferring output files
...
040 (10252909.1255.000) 07/24 19:56:57 Finished transferring output files
...
005 (10252909.1255.000) 07/24 19:56:57 Job terminated.
	(1) Normal termination (return value 0)
		Usr 0 00:00:03, Sys 0 00:00:00  -  Run Remote Usage
		Usr 0 00:00:00, Sys 0 00:00:00  -  Run Local Usage
		Usr 0 00:00:03, Sys 0 00:00:00  -  Total Remote Usage
		Usr 0 00:00:00, Sys 0 00:00:00  -  Total Local Usage
	6204  -  Run Bytes Sent By Job
	409597  -  Run Bytes Received By Job
	6204  -  Total Bytes Sent By Job
	409597  -  Total Bytes Received By Job
	Partitionable Resources :    Usage  Request Allocated 
	   Cpus                 :        0        8         8 
	   Disk (KB)            :      427      425   2721421 
	   Memory (MB)          :       10    16000     16000 

	Job terminated of its own accord at 2024-07-24T17:56:57Z with exit-code 0.
...
040 (10252910.1255.000) 07/24 20:48:34 Started transferring input files
	Transferring to host: <188.185.208.216:9618?addrs=188.185.208.216-9618+[2001-1458-303-10--100-55]-9618&alias=b9p10p2529.cern.ch&noUDP&sock=slot1_6_9745_fbe5_141481>
...
040 (10252910.1255.000) 07/24 20:48:34 Finished transferring input files
...
001 (10252910.1255.000) 07/24 20:48:35 Job executing on host: <188.185.208.216:9618?addrs=188.185.208.216-9618+[2001-1458-303-10--100-55]-9618&alias=b9p10p2529.cern.ch&noUDP&sock=startd_8424_bde6>
	SlotName: slot1_6@b9p10p2529.cern.ch
	CondorScratchDir = "/pool/condor/dir_1735258"
	Cpus = 8
	Disk = 2909501
	Memory = 16000
...
006 (10252910.1255.000) 07/24 20:48:39 Image size of job updated: 165908
	11  -  MemoryUsage of job (MB)
	10844  -  ResidentSetSize of job (KB)
...
040 (10252910.1255.000) 07/24 20:48:39 Started transferring output files
...
040 (10252910.1255.000) 07/24 20:48:39 Finished transferring output files
...
005 (10252910.1255.000) 07/24 20:48:39 Job terminated.
	(1) Normal termination (return value 0)
		Usr 0 00:00:03, Sys 0 00:00:00  -  Run Remote Usage
		Usr 0 00:00:00, Sys 0 00:00:00  -  Run Local Usage
		Usr 0 00:00:03, Sys 0 00:00:00  -  Total Remote Usage
		Usr 0 00:00:00, Sys 0 00:00:00  -  Total Local Usage
	6201  -  Run Bytes Sent By Job
	409597  -  Run Bytes Received By Job
	6201  -  Total Bytes Sent By Job
	409597  -  Total Bytes Received By Job
	Partitionable Resources :    Usage  Request Allocated 
	   Cpus                 :        0        8         8 
	   Disk (KB)            :      428      425   2909501 
	   Memory (MB)          :       11    16000     16000 

	Job terminated of its own accord at 2024-07-24T18:48:39Z with exit-code 0.
...
040 (10252911.1255.000) 07/24 21:00:58 Started transferring input files
	Transferring to host: <188.185.208.30:9618?addrs=188.185.208.30-9618+[2001-1458-303-f--100-1b]-9618&alias=b9p09p1890.cern.ch&noUDP&sock=slot1_10_306847_3857_133422>
...
040 (10252911.1255.000) 07/24 21:00:58 Finished transferring input files
...
001 (10252911.1255.000) 07/24 21:00:59 Job executing on host: <188.185.208.30:9618?addrs=188.185.208.30-9618+[2001-1458-303-f--100-1b]-9618&alias=b9p09p1890.cern.ch&noUDP&sock=startd_7174_5884>
	SlotName: slot1_10@b9p09p1890.cern.ch
	CondorScratchDir = "/pool/condor/dir_2449482"
	Cpus = 8
	Disk = 2778229
	Memory = 16000
...
006 (10252911.1255.000) 07/24 21:01:03 Image size of job updated: 163308
	11  -  MemoryUsage of job (MB)
	10756  -  ResidentSetSize of job (KB)
...
040 (10252911.1255.000) 07/24 21:01:04 Started transferring output files
...
040 (10252911.1255.000) 07/24 21:01:05 Finished transferring output files
...
005 (10252911.1255.000) 07/24 21:01:07 Job terminated.
	(1) Normal termination (return value 0)
		Usr 0 00:00:03, Sys 0 00:00:00  -  Run Remote Usage
		Usr 0 00:00:00, Sys 0 00:00:00  -  Run Local Usage
		Usr 0 00:00:03, Sys 0 00:00:00  -  Total Remote Usage
		Usr 0 00:00:00, Sys 0 00:00:00  -  Total Local Usage
	6204  -  Run Bytes Sent By Job
	409597  -  Run Bytes Received By Job
	6204  -  Total Bytes Sent By Job
	409597  -  Total Bytes Received By Job
	Partitionable Resources :    Usage  Request Allocated 
	   Cpus                 :        0        8         8 
	   Disk (KB)            :      427      425   2778229 
	   Memory (MB)          :       11    16000     16000 

	Job terminated of its own accord at 2024-07-24T19:01:03Z with exit-code 0.
...
040 (10252912.1255.000) 07/24 21:13:56 Started transferring input files
	Transferring to host: <188.185.208.209:9618?addrs=188.185.208.209-9618+[2001-1458-303-10--100-4e]-9618&alias=b9p10p7626.cern.ch&noUDP&sock=slot1_3_3539340_f6af_26509>
...
040 (10252912.1255.000) 07/24 21:13:56 Finished transferring input files
...
001 (10252912.1255.000) 07/24 21:13:57 Job executing on host: <188.185.208.209:9618?addrs=188.185.208.209-9618+[2001-1458-303-10--100-4e]-9618&alias=b9p10p7626.cern.ch&noUDP&sock=startd_3998_dfba>
	SlotName: slot1_3@b9p10p7626.cern.ch
	CondorScratchDir = "/pool/condor/dir_3043169"
	Cpus = 8
	Disk = 2890034
	Memory = 16000
...
006 (10252912.1255.000) 07/24 21:14:03 Image size of job updated: 161280
	9  -  MemoryUsage of job (MB)
	8424  -  ResidentSetSize of job (KB)
...
040 (10252912.1255.000) 07/24 21:14:03 Started transferring output files
...
040 (10252912.1255.000) 07/24 21:14:03 Finished transferring output files
...
005 (10252912.1255.000) 07/24 21:14:03 Job terminated.
	(1) Normal termination (return value 0)
		Usr 0 00:00:04, Sys 0 00:00:00  -  Run Remote Usage
		Usr 0 00:00:00, Sys 0 00:00:00  -  Run Local Usage
		Usr 0 00:00:04, Sys 0 00:00:00  -  Total Remote Usage
		Usr 0 00:00:00, Sys 0 00:00:00  -  Total Local Usage
	6201  -  Run Bytes Sent By Job
	409597  -  Run Bytes Received By Job
	6201  -  Total Bytes Sent By Job
	409597  -  Total Bytes Received By Job
	Partitionable Resources :    Usage  Request Allocated 
	   Cpus                 :        0        8         8 
	   Disk (KB)            :      428      425   2890034 
	   Memory (MB)          :        9    16000     16000 

	Job terminated of its own accord at 2024-07-24T19:14:03Z with exit-code 0.
...
040 (10252913.1255.000) 07/24 21:27:48 Started transferring input files
	Transferring to host: <188.185.205.151:9618?addrs=188.185.205.151-9618&alias=b9p04p6494.cern.ch&noUDP&sock=slot1_10_4417_ed0d_151350>
...
040 (10252913.1255.000) 07/24 21:27:48 Finished transferring input files
...
001 (10252913.1255.000) 07/24 21:27:49 Job executing on host: <188.185.205.151:9618?addrs=188.185.205.151-9618&alias=b9p04p6494.cern.ch&noUDP&sock=startd_3739_38b2>
	SlotName: slot1_10@b9p04p6494.cern.ch
	CondorScratchDir = "/pool/condor/dir_4070649"
	Cpus = 8
	Disk = 2764431
	Memory = 16000
...
006 (10252913.1255.000) 07/24 21:27:53 Image size of job updated: 162524
	9  -  MemoryUsage of job (MB)
	8508  -  ResidentSetSize of job (KB)
...
040 (10252913.1255.000) 07/24 21:27:53 Started transferring output files
...
040 (10252913.1255.000) 07/24 21:27:53 Finished transferring output files
...
005 (10252913.1255.000) 07/24 21:27:53 Job terminated.
	(1) Normal termination (return value 0)
		Usr 0 00:00:03, Sys 0 00:00:00  -  Run Remote Usage
		Usr 0 00:00:00, Sys 0 00:00:00  -  Run Local Usage
		Usr 0 00:00:03, Sys 0 00:00:00  -  Total Remote Usage
		Usr 0 00:00:00, Sys 0 00:00:00  -  Total Local Usage
	6204  -  Run Bytes Sent By Job
	409597  -  Run Bytes Received By Job
	6204  -  Total Bytes Sent By Job
	409597  -  Total Bytes Received By Job
	Partitionable Resources :    Usage  Request Allocated 
	   Cpus                 :        0        8         8 
	   Disk (KB)            :      428      425   2764431 
	   Memory (MB)          :        9    16000     16000 

	Job terminated of its own accord at 2024-07-24T19:27:53Z with exit-code 0.
...
000 (10261715.1255.000) 07/25 13:01:53 Job submitted from host: <188.185.114.121:9618?addrs=188.185.114.121-9618+[2001-1458-d00-a--100-273]-9618&alias=bigbird19.cern.ch&noUDP&sock=schedd_4961_696e>
...
009 (10261715.1255.000) 07/25 13:06:43 Job was aborted.
	via condor_rm (by user yelberke)
...
000 (10261767.1255.000) 07/25 13:20:14 Job submitted from host: <188.185.114.121:9618?addrs=188.185.114.121-9618+[2001-1458-d00-a--100-273]-9618&alias=bigbird19.cern.ch&noUDP&sock=schedd_4961_696e>
...
040 (10261767.1255.000) 07/25 14:11:01 Started transferring input files
	Transferring to host: <188.185.204.171:9618?addrs=188.185.204.171-9618+[2001-1458-303-8--100-9f]-9618&alias=b9p02p3945.cern.ch&noUDP&sock=slot1_14_6784_b10d_155605>
...
040 (10261767.1255.000) 07/25 14:11:01 Finished transferring input files
...
001 (10261767.1255.000) 07/25 14:11:02 Job executing on host: <188.185.204.171:9618?addrs=188.185.204.171-9618+[2001-1458-303-8--100-9f]-9618&alias=b9p02p3945.cern.ch&noUDP&sock=startd_6714_d2f3>
	SlotName: slot1_14@b9p02p3945.cern.ch
	CondorScratchDir = "/pool/condor/dir_1775924"
	Cpus = 12
	Disk = 2845039
	Memory = 24000
...
006 (10261767.1255.000) 07/25 14:11:06 Image size of job updated: 168168
	10  -  MemoryUsage of job (MB)
	9944  -  ResidentSetSize of job (KB)
...
040 (10261767.1255.000) 07/25 14:11:06 Started transferring output files
...
040 (10261767.1255.000) 07/25 14:11:06 Finished transferring output files
...
005 (10261767.1255.000) 07/25 14:11:06 Job terminated.
	(1) Normal termination (return value 0)
		Usr 0 00:00:03, Sys 0 00:00:00  -  Run Remote Usage
		Usr 0 00:00:00, Sys 0 00:00:00  -  Run Local Usage
		Usr 0 00:00:03, Sys 0 00:00:00  -  Total Remote Usage
		Usr 0 00:00:00, Sys 0 00:00:00  -  Total Local Usage
	6204  -  Run Bytes Sent By Job
	409597  -  Run Bytes Received By Job
	6204  -  Total Bytes Sent By Job
	409597  -  Total Bytes Received By Job
	Partitionable Resources :    Usage  Request Allocated 
	   Cpus                 :        0       12        12 
	   Disk (KB)            :      428      425   2845039 
	   Memory (MB)          :       10    24000     24000 

	Job terminated of its own accord at 2024-07-25T12:11:06Z with exit-code 0.
...
000 (10284266.1255.000) 08/02 15:45:35 Job submitted from host: <188.185.114.121:9618?addrs=188.185.114.121-9618+[2001-1458-d00-a--100-273]-9618&alias=bigbird19.cern.ch&noUDP&sock=schedd_4961_696e>
...
009 (10284266.1255.000) 08/02 15:49:26 Job was aborted.
	via condor_rm (by user yelberke)
...
000 (10284267.1255.000) 08/02 15:49:49 Job submitted from host: <188.185.114.121:9618?addrs=188.185.114.121-9618+[2001-1458-d00-a--100-273]-9618&alias=bigbird19.cern.ch&noUDP&sock=schedd_4961_696e>
...
040 (10284267.1255.000) 08/02 16:25:14 Started transferring input files
	Transferring to host: <188.185.205.216:9618?addrs=188.185.205.216-9618&alias=b9p04p2069.cern.ch&noUDP&sock=slot1_8_5007_a265_164900>
...
040 (10284267.1255.000) 08/02 16:25:14 Finished transferring input files
...
001 (10284267.1255.000) 08/02 16:25:15 Job executing on host: <188.185.205.216:9618?addrs=188.185.205.216-9618&alias=b9p04p2069.cern.ch&noUDP&sock=startd_4543_b2d7>
	SlotName: slot1_8@b9p04p2069.cern.ch
	CondorScratchDir = "/pool/condor/dir_737652"
	Cpus = 12
	Disk = 2637907
	Memory = 24000
...
006 (10284267.1255.000) 08/02 16:25:16 Image size of job updated: 326428
	6  -  MemoryUsage of job (MB)
	5660  -  ResidentSetSize of job (KB)
...
040 (10284267.1255.000) 08/02 16:25:16 Started transferring output files
...
040 (10284267.1255.000) 08/02 16:25:16 Finished transferring output files
...
005 (10284267.1255.000) 08/02 16:25:16 Job terminated.
	(1) Normal termination (return value 139)
		Usr 0 00:00:01, Sys 0 00:00:00  -  Run Remote Usage
		Usr 0 00:00:00, Sys 0 00:00:00  -  Run Local Usage
		Usr 0 00:00:01, Sys 0 00:00:00  -  Total Remote Usage
		Usr 0 00:00:00, Sys 0 00:00:00  -  Total Local Usage
	7696  -  Run Bytes Sent By Job
	409597  -  Run Bytes Received By Job
	7696  -  Total Bytes Sent By Job
	409597  -  Total Bytes Received By Job
	Partitionable Resources :    Usage  Request Allocated 
	   Cpus                 :        0       12        12 
	   Disk (KB)            :      429      425   2637907 
	   Memory (MB)          :        6    24000     24000 

	Job terminated of its own accord at 2024-08-02T14:25:16Z with exit-code 139.
...
