000 (10252905.125.000) 07/24 16:13:14 Job submitted from host: <188.185.114.121:9618?addrs=188.185.114.121-9618+[2001-1458-d00-a--100-273]-9618&alias=bigbird19.cern.ch&noUDP&sock=schedd_4961_696e>
...
009 (10252905.125.000) 07/24 16:14:45 Job was aborted.
	via condor_rm (by user yelberke)
...
000 (10252906.125.000) 07/24 16:15:36 Job submitted from host: <188.185.114.121:9618?addrs=188.185.114.121-9618+[2001-1458-d00-a--100-273]-9618&alias=bigbird19.cern.ch&noUDP&sock=schedd_4961_696e>
...
040 (10252906.125.000) 07/24 16:16:41 Started transferring input files
	Transferring to host: <188.185.205.56:9618?addrs=188.185.205.56-9618&alias=b9p03p4629.cern.ch&noUDP&sock=slot1_21_6907_5b32_153993>
...
040 (10252906.125.000) 07/24 16:16:41 Finished transferring input files
...
001 (10252906.125.000) 07/24 16:16:42 Job executing on host: <188.185.205.56:9618?addrs=188.185.205.56-9618&alias=b9p03p4629.cern.ch&noUDP&sock=startd_6838_e0b1>
	SlotName: slot1_21@b9p03p4629.cern.ch
	CondorScratchDir = "/pool/condor/dir_2812468"
	Cpus = 8
	Disk = 2489946
	Memory = 16000
...
006 (10252906.125.000) 07/24 16:16:46 Image size of job updated: 160664
	9  -  MemoryUsage of job (MB)
	8400  -  ResidentSetSize of job (KB)
...
040 (10252906.125.000) 07/24 16:16:47 Started transferring output files
...
040 (10252906.125.000) 07/24 16:16:47 Finished transferring output files
...
005 (10252906.125.000) 07/24 16:16:51 Job terminated.
	(1) Normal termination (return value 0)
		Usr 0 00:00:03, Sys 0 00:00:00  -  Run Remote Usage
		Usr 0 00:00:00, Sys 0 00:00:00  -  Run Local Usage
		Usr 0 00:00:03, Sys 0 00:00:00  -  Total Remote Usage
		Usr 0 00:00:00, Sys 0 00:00:00  -  Total Local Usage
	6204  -  Run Bytes Sent By Job
	409597  -  Run Bytes Received By Job
	6204  -  Total Bytes Sent By Job
	409597  -  Total Bytes Received By Job
	Partitionable Resources :    Usage  Request Allocated 
	   Cpus                 :        0        8         8 
	   Disk (KB)            :      426      425   2489946 
	   Memory (MB)          :        9    16000     16000 

	Job terminated of its own accord at 2024-07-24T14:16:46Z with exit-code 0.
...
000 (10252907.125.000) 07/24 16:17:30 Job submitted from host: <188.185.114.121:9618?addrs=188.185.114.121-9618+[2001-1458-d00-a--100-273]-9618&alias=bigbird19.cern.ch&noUDP&sock=schedd_4961_696e>
...
000 (10252908.125.000) 07/24 16:18:03 Job submitted from host: <188.185.114.121:9618?addrs=188.185.114.121-9618+[2001-1458-d00-a--100-273]-9618&alias=bigbird19.cern.ch&noUDP&sock=schedd_4961_696e>
...
000 (10252909.125.000) 07/24 16:18:38 Job submitted from host: <188.185.114.121:9618?addrs=188.185.114.121-9618+[2001-1458-d00-a--100-273]-9618&alias=bigbird19.cern.ch&noUDP&sock=schedd_4961_696e>
...
000 (10252910.125.000) 07/24 16:19:04 Job submitted from host: <188.185.114.121:9618?addrs=188.185.114.121-9618+[2001-1458-d00-a--100-273]-9618&alias=bigbird19.cern.ch&noUDP&sock=schedd_4961_696e>
...
000 (10252911.125.000) 07/24 16:19:17 Job submitted from host: <188.185.114.121:9618?addrs=188.185.114.121-9618+[2001-1458-d00-a--100-273]-9618&alias=bigbird19.cern.ch&noUDP&sock=schedd_4961_696e>
...
000 (10252912.125.000) 07/24 16:19:30 Job submitted from host: <188.185.114.121:9618?addrs=188.185.114.121-9618+[2001-1458-d00-a--100-273]-9618&alias=bigbird19.cern.ch&noUDP&sock=schedd_4961_696e>
...
000 (10252913.125.000) 07/24 16:19:42 Job submitted from host: <188.185.114.121:9618?addrs=188.185.114.121-9618+[2001-1458-d00-a--100-273]-9618&alias=bigbird19.cern.ch&noUDP&sock=schedd_4961_696e>
...
040 (10252907.125.000) 07/24 17:43:53 Started transferring input files
	Transferring to host: <188.185.206.212:9618?addrs=188.185.206.212-9618&alias=b9p06p2007.cern.ch&noUDP&sock=slot1_7_7399_03c6_153311>
...
040 (10252907.125.000) 07/24 17:43:53 Finished transferring input files
...
001 (10252907.125.000) 07/24 17:43:54 Job executing on host: <188.185.206.212:9618?addrs=188.185.206.212-9618&alias=b9p06p2007.cern.ch&noUDP&sock=startd_7333_6813>
	SlotName: slot1_7@b9p06p2007.cern.ch
	CondorScratchDir = "/pool/condor/dir_1222731"
	Cpus = 8
	Disk = 2716980
	Memory = 16000
...
006 (10252907.125.000) 07/24 17:43:57 Image size of job updated: 160748
	10  -  MemoryUsage of job (MB)
	9820  -  ResidentSetSize of job (KB)
...
040 (10252907.125.000) 07/24 17:43:57 Started transferring output files
...
040 (10252907.125.000) 07/24 17:43:57 Finished transferring output files
...
005 (10252907.125.000) 07/24 17:43:58 Job terminated.
	(1) Normal termination (return value 0)
		Usr 0 00:00:02, Sys 0 00:00:00  -  Run Remote Usage
		Usr 0 00:00:00, Sys 0 00:00:00  -  Run Local Usage
		Usr 0 00:00:02, Sys 0 00:00:00  -  Total Remote Usage
		Usr 0 00:00:00, Sys 0 00:00:00  -  Total Local Usage
	6204  -  Run Bytes Sent By Job
	409597  -  Run Bytes Received By Job
	6204  -  Total Bytes Sent By Job
	409597  -  Total Bytes Received By Job
	Partitionable Resources :    Usage  Request Allocated 
	   Cpus                 :        0        8         8 
	   Disk (KB)            :      428      425   2716980 
	   Memory (MB)          :       10    16000     16000 

	Job terminated of its own accord at 2024-07-24T15:43:57Z with exit-code 0.
...
040 (10252908.125.000) 07/24 18:43:50 Started transferring input files
	Transferring to host: <188.185.207.36:9618?addrs=188.185.207.36-9618+[2001-1458-303-d--100-21]-9618&alias=b9p07p7288.cern.ch&noUDP&sock=slot1_13_584850_7ba0_77355>
...
040 (10252908.125.000) 07/24 18:43:50 Finished transferring input files
...
001 (10252908.125.000) 07/24 18:43:51 Job executing on host: <188.185.207.36:9618?addrs=188.185.207.36-9618+[2001-1458-303-d--100-21]-9618&alias=b9p07p7288.cern.ch&noUDP&sock=startd_2103159_b81e>
	SlotName: slot1_13@b9p07p7288.cern.ch
	CondorScratchDir = "/pool/condor/dir_334659"
	Cpus = 8
	Disk = 2844175
	Memory = 16000
...
006 (10252908.125.000) 07/24 18:43:55 Image size of job updated: 158536
	7  -  MemoryUsage of job (MB)
	6420  -  ResidentSetSize of job (KB)
...
040 (10252908.125.000) 07/24 18:43:55 Started transferring output files
...
040 (10252908.125.000) 07/24 18:43:55 Finished transferring output files
...
005 (10252908.125.000) 07/24 18:43:55 Job terminated.
	(1) Normal termination (return value 0)
		Usr 0 00:00:03, Sys 0 00:00:00  -  Run Remote Usage
		Usr 0 00:00:00, Sys 0 00:00:00  -  Run Local Usage
		Usr 0 00:00:03, Sys 0 00:00:00  -  Total Remote Usage
		Usr 0 00:00:00, Sys 0 00:00:00  -  Total Local Usage
	6204  -  Run Bytes Sent By Job
	409597  -  Run Bytes Received By Job
	6204  -  Total Bytes Sent By Job
	409597  -  Total Bytes Received By Job
	Partitionable Resources :    Usage  Request Allocated 
	   Cpus                 :        0        8         8 
	   Disk (KB)            :      430      425   2844175 
	   Memory (MB)          :        7    16000     16000 

	Job terminated of its own accord at 2024-07-24T16:43:55Z with exit-code 0.
...
040 (10252909.125.000) 07/24 19:47:52 Started transferring input files
	Transferring to host: <188.185.208.139:9618?addrs=188.185.208.139-9618+[2001-1458-303-10--100-8]-9618&alias=b9p10p2979.cern.ch&noUDP&sock=slot1_11_9205_814f_148111>
...
040 (10252909.125.000) 07/24 19:47:52 Finished transferring input files
...
001 (10252909.125.000) 07/24 19:47:53 Job executing on host: <188.185.208.139:9618?addrs=188.185.208.139-9618+[2001-1458-303-10--100-8]-9618&alias=b9p10p2979.cern.ch&noUDP&sock=startd_7858_834b>
	SlotName: slot1_11@b9p10p2979.cern.ch
	CondorScratchDir = "/pool/condor/dir_782564"
	Cpus = 8
	Disk = 2784712
	Memory = 16000
...
006 (10252909.125.000) 07/24 19:47:57 Image size of job updated: 160516
	8  -  MemoryUsage of job (MB)
	8076  -  ResidentSetSize of job (KB)
...
040 (10252909.125.000) 07/24 19:47:57 Started transferring output files
...
040 (10252909.125.000) 07/24 19:47:57 Finished transferring output files
...
005 (10252909.125.000) 07/24 19:47:57 Job terminated.
	(1) Normal termination (return value 0)
		Usr 0 00:00:03, Sys 0 00:00:00  -  Run Remote Usage
		Usr 0 00:00:00, Sys 0 00:00:00  -  Run Local Usage
		Usr 0 00:00:03, Sys 0 00:00:00  -  Total Remote Usage
		Usr 0 00:00:00, Sys 0 00:00:00  -  Total Local Usage
	6204  -  Run Bytes Sent By Job
	409597  -  Run Bytes Received By Job
	6204  -  Total Bytes Sent By Job
	409597  -  Total Bytes Received By Job
	Partitionable Resources :    Usage  Request Allocated 
	   Cpus                 :        0        8         8 
	   Disk (KB)            :      428      425   2784712 
	   Memory (MB)          :        8    16000     16000 

	Job terminated of its own accord at 2024-07-24T17:47:57Z with exit-code 0.
...
040 (10252910.125.000) 07/24 20:41:36 Started transferring input files
	Transferring to host: <188.185.194.61:9618?addrs=188.185.194.61-9618+[2001-1458-303-21--100-39]-9618&alias=b9p20p1071.cern.ch&noUDP&sock=slot1_5_988148_6870_3863>
...
040 (10252910.125.000) 07/24 20:41:36 Finished transferring input files
...
001 (10252910.125.000) 07/24 20:41:37 Job executing on host: <188.185.194.61:9618?addrs=188.185.194.61-9618+[2001-1458-303-21--100-39]-9618&alias=b9p20p1071.cern.ch&noUDP&sock=startd_127866_04df>
	SlotName: slot1_5@b9p20p1071.cern.ch
	CondorScratchDir = "/pool/condor/dir_85961"
	Cpus = 8
	Disk = 2972604
	Memory = 16000
...
006 (10252910.125.000) 07/24 20:41:42 Image size of job updated: 162624
	9  -  MemoryUsage of job (MB)
	8656  -  ResidentSetSize of job (KB)
...
040 (10252910.125.000) 07/24 20:41:42 Started transferring output files
...
040 (10252910.125.000) 07/24 20:41:43 Finished transferring output files
...
005 (10252910.125.000) 07/24 20:41:43 Job terminated.
	(1) Normal termination (return value 0)
		Usr 0 00:00:04, Sys 0 00:00:00  -  Run Remote Usage
		Usr 0 00:00:00, Sys 0 00:00:00  -  Run Local Usage
		Usr 0 00:00:04, Sys 0 00:00:00  -  Total Remote Usage
		Usr 0 00:00:00, Sys 0 00:00:00  -  Total Local Usage
	6201  -  Run Bytes Sent By Job
	409597  -  Run Bytes Received By Job
	6201  -  Total Bytes Sent By Job
	409597  -  Total Bytes Received By Job
	Partitionable Resources :    Usage  Request Allocated 
	   Cpus                 :     0.05        8         8 
	   Disk (KB)            :   426         425   2972604 
	   Memory (MB)          :     9       16000     16000 

	Job terminated of its own accord at 2024-07-24T18:41:42Z with exit-code 0.
...
040 (10252911.125.000) 07/24 20:54:35 Started transferring input files
	Transferring to host: <128.142.137.140:9618?addrs=128.142.137.140-9618+[2001-1458-301-5e--100-80]-9618&alias=b9g19p6024.cern.ch&noUDP&sock=slot1_8_2746_8e29_153>
...
040 (10252911.125.000) 07/24 20:54:35 Finished transferring input files
...
001 (10252911.125.000) 07/24 20:54:36 Job executing on host: <128.142.137.140:9618?addrs=128.142.137.140-9618+[2001-1458-301-5e--100-80]-9618&alias=b9g19p6024.cern.ch&noUDP&sock=startd_2420_7f47>
	SlotName: slot1_8@b9g19p6024.cern.ch
	CondorScratchDir = "/pool/condor/dir_39189"
	Cpus = 8
	Disk = 1773182
	Memory = 16000
...
006 (10252911.125.000) 07/24 20:54:45 Image size of job updated: 109500
	107  -  MemoryUsage of job (MB)
	109500  -  ResidentSetSize of job (KB)
...
006 (10252911.125.000) 07/24 20:55:00 Image size of job updated: 109500
	108  -  MemoryUsage of job (MB)
	109756  -  ResidentSetSize of job (KB)
...
040 (10252911.125.000) 07/24 20:55:00 Started transferring output files
...
040 (10252911.125.000) 07/24 20:55:00 Finished transferring output files
...
005 (10252911.125.000) 07/24 20:55:00 Job terminated.
	(1) Normal termination (return value 0)
		Usr 0 00:00:22, Sys 0 00:00:00  -  Run Remote Usage
		Usr 0 00:00:00, Sys 0 00:00:00  -  Run Local Usage
		Usr 0 00:00:22, Sys 0 00:00:00  -  Total Remote Usage
		Usr 0 00:00:00, Sys 0 00:00:00  -  Total Local Usage
	6201  -  Run Bytes Sent By Job
	409597  -  Run Bytes Received By Job
	6201  -  Total Bytes Sent By Job
	409597  -  Total Bytes Received By Job
	Partitionable Resources :    Usage  Request Allocated 
	   Cpus                 :        0        8         8 
	   Disk (KB)            :      428      425   1773182 
	   Memory (MB)          :      108    16000     16000 

	Job terminated of its own accord at 2024-07-24T18:55:00Z with exit-code 0.
...
040 (10252912.125.000) 07/24 21:07:35 Started transferring input files
	Transferring to host: <188.185.193.164:9618?addrs=188.185.193.164-9618+[2001-1458-303-20--100-a0]-9618&alias=b9p19p4506.cern.ch&noUDP&sock=slot1_7_544183_e70a_17391>
...
040 (10252912.125.000) 07/24 21:07:35 Finished transferring input files
...
001 (10252912.125.000) 07/24 21:07:36 Job executing on host: <188.185.193.164:9618?addrs=188.185.193.164-9618+[2001-1458-303-20--100-a0]-9618&alias=b9p19p4506.cern.ch&noUDP&sock=startd_128176_a73b>
	SlotName: slot1_7@b9p19p4506.cern.ch
	CondorScratchDir = "/pool/condor/dir_1180571"
	Cpus = 8
	Disk = 3040717
	Memory = 16000
...
006 (10252912.125.000) 07/24 21:07:42 Image size of job updated: 159564
	8  -  MemoryUsage of job (MB)
	7480  -  ResidentSetSize of job (KB)
...
040 (10252912.125.000) 07/24 21:07:42 Started transferring output files
...
040 (10252912.125.000) 07/24 21:07:42 Finished transferring output files
...
005 (10252912.125.000) 07/24 21:07:42 Job terminated.
	(1) Normal termination (return value 0)
		Usr 0 00:00:05, Sys 0 00:00:00  -  Run Remote Usage
		Usr 0 00:00:00, Sys 0 00:00:00  -  Run Local Usage
		Usr 0 00:00:05, Sys 0 00:00:00  -  Total Remote Usage
		Usr 0 00:00:00, Sys 0 00:00:00  -  Total Local Usage
	6201  -  Run Bytes Sent By Job
	409597  -  Run Bytes Received By Job
	6201  -  Total Bytes Sent By Job
	409597  -  Total Bytes Received By Job
	Partitionable Resources :    Usage  Request Allocated 
	   Cpus                 :        0        8         8 
	   Disk (KB)            :      428      425   3040717 
	   Memory (MB)          :        8    16000     16000 

	Job terminated of its own accord at 2024-07-24T19:07:42Z with exit-code 0.
...
040 (10252913.125.000) 07/24 21:21:15 Started transferring input files
	Transferring to host: <188.185.204.166:9618?addrs=188.185.204.166-9618+[2001-1458-303-8--100-9a]-9618&alias=b9p02p9797.cern.ch&noUDP&sock=slot1_2_13093_f3ee_30046>
...
040 (10252913.125.000) 07/24 21:21:15 Finished transferring input files
...
001 (10252913.125.000) 07/24 21:21:16 Job executing on host: <188.185.204.166:9618?addrs=188.185.204.166-9618+[2001-1458-303-8--100-9a]-9618&alias=b9p02p9797.cern.ch&noUDP&sock=startd_11996_d631>
	SlotName: slot1_2@b9p02p9797.cern.ch
	CondorScratchDir = "/pool/condor/dir_2222409"
	Cpus = 8
	Disk = 2781550
	Memory = 16000
...
006 (10252913.125.000) 07/24 21:21:21 Image size of job updated: 162364
	9  -  MemoryUsage of job (MB)
	8420  -  ResidentSetSize of job (KB)
...
040 (10252913.125.000) 07/24 21:21:22 Started transferring output files
...
040 (10252913.125.000) 07/24 21:21:23 Finished transferring output files
...
005 (10252913.125.000) 07/24 21:21:23 Job terminated.
	(1) Normal termination (return value 0)
		Usr 0 00:00:03, Sys 0 00:00:00  -  Run Remote Usage
		Usr 0 00:00:00, Sys 0 00:00:00  -  Run Local Usage
		Usr 0 00:00:03, Sys 0 00:00:00  -  Total Remote Usage
		Usr 0 00:00:00, Sys 0 00:00:00  -  Total Local Usage
	6204  -  Run Bytes Sent By Job
	409597  -  Run Bytes Received By Job
	6204  -  Total Bytes Sent By Job
	409597  -  Total Bytes Received By Job
	Partitionable Resources :    Usage  Request Allocated 
	   Cpus                 :        0        8         8 
	   Disk (KB)            :      427      425   2781550 
	   Memory (MB)          :        9    16000     16000 

	Job terminated of its own accord at 2024-07-24T19:21:21Z with exit-code 0.
...
000 (10261715.125.000) 07/25 13:01:16 Job submitted from host: <188.185.114.121:9618?addrs=188.185.114.121-9618+[2001-1458-d00-a--100-273]-9618&alias=bigbird19.cern.ch&noUDP&sock=schedd_4961_696e>
...
009 (10261715.125.000) 07/25 13:06:35 Job was aborted.
	via condor_rm (by user yelberke)
...
000 (10261767.125.000) 07/25 13:19:51 Job submitted from host: <188.185.114.121:9618?addrs=188.185.114.121-9618+[2001-1458-d00-a--100-273]-9618&alias=bigbird19.cern.ch&noUDP&sock=schedd_4961_696e>
...
040 (10261767.125.000) 07/25 13:27:30 Started transferring input files
	Transferring to host: <188.185.204.191:9618?addrs=188.185.204.191-9618+[2001-1458-303-8--100-b3]-9618&alias=b9p02p4879.cern.ch&noUDP&sock=slot1_16_8290_ce0a_29983>
...
040 (10261767.125.000) 07/25 13:27:30 Finished transferring input files
...
001 (10261767.125.000) 07/25 13:27:31 Job executing on host: <188.185.204.191:9618?addrs=188.185.204.191-9618+[2001-1458-303-8--100-b3]-9618&alias=b9p02p4879.cern.ch&noUDP&sock=startd_7347_0266>
	SlotName: slot1_16@b9p02p4879.cern.ch
	CondorScratchDir = "/pool/condor/dir_736042"
	Cpus = 12
	Disk = 2708254
	Memory = 24000
...
006 (10261767.125.000) 07/25 13:27:37 Image size of job updated: 159720
	7  -  MemoryUsage of job (MB)
	6628  -  ResidentSetSize of job (KB)
...
040 (10261767.125.000) 07/25 13:27:37 Started transferring output files
...
040 (10261767.125.000) 07/25 13:27:37 Finished transferring output files
...
005 (10261767.125.000) 07/25 13:27:37 Job terminated.
	(1) Normal termination (return value 0)
		Usr 0 00:00:03, Sys 0 00:00:00  -  Run Remote Usage
		Usr 0 00:00:00, Sys 0 00:00:00  -  Run Local Usage
		Usr 0 00:00:03, Sys 0 00:00:00  -  Total Remote Usage
		Usr 0 00:00:00, Sys 0 00:00:00  -  Total Local Usage
	6204  -  Run Bytes Sent By Job
	409597  -  Run Bytes Received By Job
	6204  -  Total Bytes Sent By Job
	409597  -  Total Bytes Received By Job
	Partitionable Resources :    Usage  Request Allocated 
	   Cpus                 :        0       12        12 
	   Disk (KB)            :      427      425   2708254 
	   Memory (MB)          :        7    24000     24000 

	Job terminated of its own accord at 2024-07-25T11:27:37Z with exit-code 0.
...
000 (10284266.125.000) 08/02 15:44:54 Job submitted from host: <188.185.114.121:9618?addrs=188.185.114.121-9618+[2001-1458-d00-a--100-273]-9618&alias=bigbird19.cern.ch&noUDP&sock=schedd_4961_696e>
...
009 (10284266.125.000) 08/02 15:49:05 Job was aborted.
	via condor_rm (by user yelberke)
...
000 (10284267.125.000) 08/02 15:49:44 Job submitted from host: <188.185.114.121:9618?addrs=188.185.114.121-9618+[2001-1458-d00-a--100-273]-9618&alias=bigbird19.cern.ch&noUDP&sock=schedd_4961_696e>
...
040 (10284267.125.000) 08/02 15:57:54 Started transferring input files
	Transferring to host: <188.185.192.43:9618?addrs=188.185.192.43-9618+[2001-1458-303-1f--100-27]-9618&alias=b9p13p3492.cern.ch&noUDP&sock=slot1_5_574100_22ab_86>
...
040 (10284267.125.000) 08/02 15:57:54 Finished transferring input files
...
001 (10284267.125.000) 08/02 15:57:55 Job executing on host: <188.185.192.43:9618?addrs=188.185.192.43-9618+[2001-1458-303-1f--100-27]-9618&alias=b9p13p3492.cern.ch&noUDP&sock=startd_11676_57e3>
	SlotName: slot1_5@b9p13p3492.cern.ch
	CondorScratchDir = "/pool/condor/dir_596360"
	Cpus = 12
	Disk = 3123505
	Memory = 24000
...
006 (10284267.125.000) 08/02 15:57:57 Image size of job updated: 315216
	4  -  MemoryUsage of job (MB)
	3612  -  ResidentSetSize of job (KB)
...
040 (10284267.125.000) 08/02 15:57:57 Started transferring output files
...
040 (10284267.125.000) 08/02 15:57:57 Finished transferring output files
...
005 (10284267.125.000) 08/02 15:57:57 Job terminated.
	(1) Normal termination (return value 139)
		Usr 0 00:00:02, Sys 0 00:00:00  -  Run Remote Usage
		Usr 0 00:00:00, Sys 0 00:00:00  -  Run Local Usage
		Usr 0 00:00:02, Sys 0 00:00:00  -  Total Remote Usage
		Usr 0 00:00:00, Sys 0 00:00:00  -  Total Local Usage
	7696  -  Run Bytes Sent By Job
	409597  -  Run Bytes Received By Job
	7696  -  Total Bytes Sent By Job
	409597  -  Total Bytes Received By Job
	Partitionable Resources :    Usage  Request Allocated 
	   Cpus                 :        0       12        12 
	   Disk (KB)            :      429      425   3123505 
	   Memory (MB)          :        4    24000     24000 

	Job terminated of its own accord at 2024-08-02T13:57:57Z with exit-code 139.
...
