000 (10252905.1270.000) 07/24 16:13:16 Job submitted from host: <188.185.114.121:9618?addrs=188.185.114.121-9618+[2001-1458-d00-a--100-273]-9618&alias=bigbird19.cern.ch&noUDP&sock=schedd_4961_696e>
...
009 (10252905.1270.000) 07/24 16:14:47 Job was aborted.
	via condor_rm (by user yelberke)
...
000 (10252906.1270.000) 07/24 16:15:37 Job submitted from host: <188.185.114.121:9618?addrs=188.185.114.121-9618+[2001-1458-d00-a--100-273]-9618&alias=bigbird19.cern.ch&noUDP&sock=schedd_4961_696e>
...
000 (10252907.1270.000) 07/24 16:17:31 Job submitted from host: <188.185.114.121:9618?addrs=188.185.114.121-9618+[2001-1458-d00-a--100-273]-9618&alias=bigbird19.cern.ch&noUDP&sock=schedd_4961_696e>
...
000 (10252908.1270.000) 07/24 16:18:04 Job submitted from host: <188.185.114.121:9618?addrs=188.185.114.121-9618+[2001-1458-d00-a--100-273]-9618&alias=bigbird19.cern.ch&noUDP&sock=schedd_4961_696e>
...
000 (10252909.1270.000) 07/24 16:18:40 Job submitted from host: <188.185.114.121:9618?addrs=188.185.114.121-9618+[2001-1458-d00-a--100-273]-9618&alias=bigbird19.cern.ch&noUDP&sock=schedd_4961_696e>
...
000 (10252910.1270.000) 07/24 16:19:05 Job submitted from host: <188.185.114.121:9618?addrs=188.185.114.121-9618+[2001-1458-d00-a--100-273]-9618&alias=bigbird19.cern.ch&noUDP&sock=schedd_4961_696e>
...
000 (10252911.1270.000) 07/24 16:19:18 Job submitted from host: <188.185.114.121:9618?addrs=188.185.114.121-9618+[2001-1458-d00-a--100-273]-9618&alias=bigbird19.cern.ch&noUDP&sock=schedd_4961_696e>
...
000 (10252912.1270.000) 07/24 16:19:31 Job submitted from host: <188.185.114.121:9618?addrs=188.185.114.121-9618+[2001-1458-d00-a--100-273]-9618&alias=bigbird19.cern.ch&noUDP&sock=schedd_4961_696e>
...
000 (10252913.1270.000) 07/24 16:19:43 Job submitted from host: <188.185.114.121:9618?addrs=188.185.114.121-9618+[2001-1458-d00-a--100-273]-9618&alias=bigbird19.cern.ch&noUDP&sock=schedd_4961_696e>
...
040 (10252906.1270.000) 07/24 16:25:35 Started transferring input files
	Transferring to host: <188.185.198.38:9618?addrs=188.185.198.38-9618+[2001-1458-303-25--100-22]-9618&alias=b9p15p9841.cern.ch&noUDP&sock=slot1_13_138193_384d_31183>
...
040 (10252906.1270.000) 07/24 16:25:35 Finished transferring input files
...
001 (10252906.1270.000) 07/24 16:25:36 Job executing on host: <188.185.198.38:9618?addrs=188.185.198.38-9618+[2001-1458-303-25--100-22]-9618&alias=b9p15p9841.cern.ch&noUDP&sock=startd_127617_39ca>
	SlotName: slot1_13@b9p15p9841.cern.ch
	CondorScratchDir = "/pool/condor/dir_1114258"
	Cpus = 8
	Disk = 2901222
	Memory = 16000
...
006 (10252906.1270.000) 07/24 16:25:41 Image size of job updated: 159828
	8  -  MemoryUsage of job (MB)
	7292  -  ResidentSetSize of job (KB)
...
040 (10252906.1270.000) 07/24 16:25:41 Started transferring output files
...
040 (10252906.1270.000) 07/24 16:25:41 Finished transferring output files
...
005 (10252906.1270.000) 07/24 16:25:41 Job terminated.
	(1) Normal termination (return value 0)
		Usr 0 00:00:04, Sys 0 00:00:00  -  Run Remote Usage
		Usr 0 00:00:00, Sys 0 00:00:00  -  Run Local Usage
		Usr 0 00:00:04, Sys 0 00:00:00  -  Total Remote Usage
		Usr 0 00:00:00, Sys 0 00:00:00  -  Total Local Usage
	6204  -  Run Bytes Sent By Job
	409597  -  Run Bytes Received By Job
	6204  -  Total Bytes Sent By Job
	409597  -  Total Bytes Received By Job
	Partitionable Resources :    Usage  Request Allocated 
	   Cpus                 :        0        8         8 
	   Disk (KB)            :      428      425   2901222 
	   Memory (MB)          :        8    16000     16000 

	Job terminated of its own accord at 2024-07-24T14:25:41Z with exit-code 0.
...
040 (10252907.1270.000) 07/24 17:53:06 Started transferring input files
	Transferring to host: <188.185.207.185:9618?addrs=188.185.207.185-9618+[2001-1458-303-e--100-36]-9618&alias=b9p08p1505.cern.ch&noUDP&sock=slot1_21_5550_3a1b_145179>
...
040 (10252907.1270.000) 07/24 17:53:06 Finished transferring input files
...
001 (10252907.1270.000) 07/24 17:53:07 Job executing on host: <188.185.207.185:9618?addrs=188.185.207.185-9618+[2001-1458-303-e--100-36]-9618&alias=b9p08p1505.cern.ch&noUDP&sock=startd_4610_a7b0>
	SlotName: slot1_21@b9p08p1505.cern.ch
	CondorScratchDir = "/pool/condor/dir_2454676"
	Cpus = 8
	Disk = 2647352
	Memory = 16000
...
006 (10252907.1270.000) 07/24 17:53:11 Image size of job updated: 160008
	8  -  MemoryUsage of job (MB)
	7928  -  ResidentSetSize of job (KB)
...
040 (10252907.1270.000) 07/24 17:53:11 Started transferring output files
...
040 (10252907.1270.000) 07/24 17:53:11 Finished transferring output files
...
005 (10252907.1270.000) 07/24 17:53:11 Job terminated.
	(1) Normal termination (return value 0)
		Usr 0 00:00:03, Sys 0 00:00:00  -  Run Remote Usage
		Usr 0 00:00:00, Sys 0 00:00:00  -  Run Local Usage
		Usr 0 00:00:03, Sys 0 00:00:00  -  Total Remote Usage
		Usr 0 00:00:00, Sys 0 00:00:00  -  Total Local Usage
	6204  -  Run Bytes Sent By Job
	409597  -  Run Bytes Received By Job
	6204  -  Total Bytes Sent By Job
	409597  -  Total Bytes Received By Job
	Partitionable Resources :    Usage  Request Allocated 
	   Cpus                 :        0        8         8 
	   Disk (KB)            :      427      425   2647352 
	   Memory (MB)          :        8    16000     16000 

	Job terminated of its own accord at 2024-07-24T15:53:11Z with exit-code 0.
...
040 (10252908.1270.000) 07/24 18:57:18 Started transferring input files
	Transferring to host: <188.185.206.178:9618?addrs=188.185.206.178-9618&alias=b9p06p2822.cern.ch&noUDP&sock=slot1_1_5239_196e_155298>
...
040 (10252908.1270.000) 07/24 18:57:18 Finished transferring input files
...
001 (10252908.1270.000) 07/24 18:57:19 Job executing on host: <188.185.206.178:9618?addrs=188.185.206.178-9618&alias=b9p06p2822.cern.ch&noUDP&sock=startd_4791_ce54>
	SlotName: slot1_1@b9p06p2822.cern.ch
	CondorScratchDir = "/pool/condor/dir_3917178"
	Cpus = 8
	Disk = 2875022
	Memory = 16000
...
006 (10252908.1270.000) 07/24 18:57:23 Image size of job updated: 164860
	11  -  MemoryUsage of job (MB)
	10544  -  ResidentSetSize of job (KB)
...
040 (10252908.1270.000) 07/24 18:57:23 Started transferring output files
...
040 (10252908.1270.000) 07/24 18:57:23 Finished transferring output files
...
005 (10252908.1270.000) 07/24 18:57:23 Job terminated.
	(1) Normal termination (return value 0)
		Usr 0 00:00:03, Sys 0 00:00:00  -  Run Remote Usage
		Usr 0 00:00:00, Sys 0 00:00:00  -  Run Local Usage
		Usr 0 00:00:03, Sys 0 00:00:00  -  Total Remote Usage
		Usr 0 00:00:00, Sys 0 00:00:00  -  Total Local Usage
	6204  -  Run Bytes Sent By Job
	409597  -  Run Bytes Received By Job
	6204  -  Total Bytes Sent By Job
	409597  -  Total Bytes Received By Job
	Partitionable Resources :    Usage  Request Allocated 
	   Cpus                 :        0        8         8 
	   Disk (KB)            :      428      425   2875022 
	   Memory (MB)          :       11    16000     16000 

	Job terminated of its own accord at 2024-07-24T16:57:23Z with exit-code 0.
...
040 (10252909.1270.000) 07/24 19:56:58 Started transferring input files
	Transferring to host: <188.185.206.174:9618?addrs=188.185.206.174-9618&alias=b9p06p8622.cern.ch&noUDP&sock=slot1_10_5453_e1b7_158585>
...
040 (10252909.1270.000) 07/24 19:56:58 Finished transferring input files
...
001 (10252909.1270.000) 07/24 19:56:59 Job executing on host: <188.185.206.174:9618?addrs=188.185.206.174-9618&alias=b9p06p8622.cern.ch&noUDP&sock=startd_5015_738b>
	SlotName: slot1_10@b9p06p8622.cern.ch
	CondorScratchDir = "/pool/condor/dir_227312"
	Cpus = 8
	Disk = 2423243
	Memory = 16000
...
006 (10252909.1270.000) 07/24 19:57:04 Image size of job updated: 158776
	8  -  MemoryUsage of job (MB)
	7608  -  ResidentSetSize of job (KB)
...
040 (10252909.1270.000) 07/24 19:57:04 Started transferring output files
...
040 (10252909.1270.000) 07/24 19:57:04 Finished transferring output files
...
005 (10252909.1270.000) 07/24 19:57:04 Job terminated.
	(1) Normal termination (return value 0)
		Usr 0 00:00:04, Sys 0 00:00:00  -  Run Remote Usage
		Usr 0 00:00:00, Sys 0 00:00:00  -  Run Local Usage
		Usr 0 00:00:04, Sys 0 00:00:00  -  Total Remote Usage
		Usr 0 00:00:00, Sys 0 00:00:00  -  Total Local Usage
	6204  -  Run Bytes Sent By Job
	409597  -  Run Bytes Received By Job
	6204  -  Total Bytes Sent By Job
	409597  -  Total Bytes Received By Job
	Partitionable Resources :    Usage  Request Allocated 
	   Cpus                 :        0        8         8 
	   Disk (KB)            :      428      425   2423243 
	   Memory (MB)          :        8    16000     16000 

	Job terminated of its own accord at 2024-07-24T17:57:04Z with exit-code 0.
...
040 (10252910.1270.000) 07/24 20:48:40 Started transferring input files
	Transferring to host: <188.185.207.192:9618?addrs=188.185.207.192-9618+[2001-1458-303-e--100-3d]-9618&alias=b9p08p9609.cern.ch&noUDP&sock=slot1_10_4004722_aedc_47066>
...
040 (10252910.1270.000) 07/24 20:48:40 Finished transferring input files
...
001 (10252910.1270.000) 07/24 20:48:41 Job executing on host: <188.185.207.192:9618?addrs=188.185.207.192-9618+[2001-1458-303-e--100-3d]-9618&alias=b9p08p9609.cern.ch&noUDP&sock=startd_4289_79c9>
	SlotName: slot1_10@b9p08p9609.cern.ch
	CondorScratchDir = "/pool/condor/dir_3217247"
	Cpus = 8
	Disk = 2977025
	Memory = 16000
...
006 (10252910.1270.000) 07/24 20:48:45 Image size of job updated: 160756
	9  -  MemoryUsage of job (MB)
	8368  -  ResidentSetSize of job (KB)
...
040 (10252910.1270.000) 07/24 20:48:45 Started transferring output files
...
040 (10252910.1270.000) 07/24 20:48:45 Finished transferring output files
...
005 (10252910.1270.000) 07/24 20:48:45 Job terminated.
	(1) Normal termination (return value 0)
		Usr 0 00:00:03, Sys 0 00:00:00  -  Run Remote Usage
		Usr 0 00:00:00, Sys 0 00:00:00  -  Run Local Usage
		Usr 0 00:00:03, Sys 0 00:00:00  -  Total Remote Usage
		Usr 0 00:00:00, Sys 0 00:00:00  -  Total Local Usage
	6201  -  Run Bytes Sent By Job
	409597  -  Run Bytes Received By Job
	6201  -  Total Bytes Sent By Job
	409597  -  Total Bytes Received By Job
	Partitionable Resources :    Usage  Request Allocated 
	   Cpus                 :        0        8         8 
	   Disk (KB)            :      428      425   2977025 
	   Memory (MB)          :        9    16000     16000 

	Job terminated of its own accord at 2024-07-24T18:48:45Z with exit-code 0.
...
040 (10252911.1270.000) 07/24 21:01:02 Started transferring input files
	Transferring to host: <188.185.206.143:9618?addrs=188.185.206.143-9618+[2001-1458-303-c--100-c]-9618&alias=b9p06p8627.cern.ch&noUDP&sock=slot1_11_2260572_398e_46815>
...
040 (10252911.1270.000) 07/24 21:01:02 Finished transferring input files
...
001 (10252911.1270.000) 07/24 21:01:03 Job executing on host: <188.185.206.143:9618?addrs=188.185.206.143-9618+[2001-1458-303-c--100-c]-9618&alias=b9p06p8627.cern.ch&noUDP&sock=startd_6828_04bf>
	SlotName: slot1_11@b9p06p8627.cern.ch
	CondorScratchDir = "/pool/condor/dir_3802882"
	Cpus = 8
	Disk = 2595370
	Memory = 16000
...
006 (10252911.1270.000) 07/24 21:01:07 Image size of job updated: 162824
	9  -  MemoryUsage of job (MB)
	9112  -  ResidentSetSize of job (KB)
...
040 (10252911.1270.000) 07/24 21:01:09 Started transferring output files
...
040 (10252911.1270.000) 07/24 21:01:09 Finished transferring output files
...
005 (10252911.1270.000) 07/24 21:01:09 Job terminated.
	(1) Normal termination (return value 0)
		Usr 0 00:00:03, Sys 0 00:00:00  -  Run Remote Usage
		Usr 0 00:00:00, Sys 0 00:00:00  -  Run Local Usage
		Usr 0 00:00:03, Sys 0 00:00:00  -  Total Remote Usage
		Usr 0 00:00:00, Sys 0 00:00:00  -  Total Local Usage
	6204  -  Run Bytes Sent By Job
	409597  -  Run Bytes Received By Job
	6204  -  Total Bytes Sent By Job
	409597  -  Total Bytes Received By Job
	Partitionable Resources :    Usage  Request Allocated 
	   Cpus                 :        0        8         8 
	   Disk (KB)            :      427      425   2595370 
	   Memory (MB)          :        9    16000     16000 

	Job terminated of its own accord at 2024-07-24T19:01:07Z with exit-code 0.
...
040 (10252912.1270.000) 07/24 21:14:01 Started transferring input files
	Transferring to host: <188.185.204.203:9618?addrs=188.185.204.203-9618+[2001-1458-303-8--100-bf]-9618&alias=b9p02p3162.cern.ch&noUDP&sock=slot1_16_6742_194b_156997>
...
040 (10252912.1270.000) 07/24 21:14:01 Finished transferring input files
...
001 (10252912.1270.000) 07/24 21:14:02 Job executing on host: <188.185.204.203:9618?addrs=188.185.204.203-9618+[2001-1458-303-8--100-bf]-9618&alias=b9p02p3162.cern.ch&noUDP&sock=startd_6639_6159>
	SlotName: slot1_16@b9p02p3162.cern.ch
	CondorScratchDir = "/pool/condor/dir_3319552"
	Cpus = 8
	Disk = 2833181
	Memory = 16000
...
006 (10252912.1270.000) 07/24 21:14:07 Image size of job updated: 161172
	9  -  MemoryUsage of job (MB)
	8748  -  ResidentSetSize of job (KB)
...
040 (10252912.1270.000) 07/24 21:14:07 Started transferring output files
...
040 (10252912.1270.000) 07/24 21:14:07 Finished transferring output files
...
005 (10252912.1270.000) 07/24 21:14:07 Job terminated.
	(1) Normal termination (return value 0)
		Usr 0 00:00:04, Sys 0 00:00:00  -  Run Remote Usage
		Usr 0 00:00:00, Sys 0 00:00:00  -  Run Local Usage
		Usr 0 00:00:04, Sys 0 00:00:00  -  Total Remote Usage
		Usr 0 00:00:00, Sys 0 00:00:00  -  Total Local Usage
	6201  -  Run Bytes Sent By Job
	409597  -  Run Bytes Received By Job
	6201  -  Total Bytes Sent By Job
	409597  -  Total Bytes Received By Job
	Partitionable Resources :    Usage  Request Allocated 
	   Cpus                 :        0        8         8 
	   Disk (KB)            :      428      425   2833181 
	   Memory (MB)          :        9    16000     16000 

	Job terminated of its own accord at 2024-07-24T19:14:07Z with exit-code 0.
...
040 (10252913.1270.000) 07/24 21:27:52 Started transferring input files
	Transferring to host: <188.185.205.136:9618?addrs=188.185.205.136-9618+[2001-1458-303-a--100-5]-9618&alias=b9p04p5422.cern.ch&noUDP&sock=slot1_13_4780_b13b_76563>
...
040 (10252913.1270.000) 07/24 21:27:52 Finished transferring input files
...
001 (10252913.1270.000) 07/24 21:27:53 Job executing on host: <188.185.205.136:9618?addrs=188.185.205.136-9618+[2001-1458-303-a--100-5]-9618&alias=b9p04p5422.cern.ch&noUDP&sock=startd_4004_fd4b>
	SlotName: slot1_13@b9p04p5422.cern.ch
	CondorScratchDir = "/pool/condor/dir_1262345"
	Cpus = 8
	Disk = 2783706
	Memory = 16000
...
006 (10252913.1270.000) 07/24 21:27:57 Image size of job updated: 164208
	10  -  MemoryUsage of job (MB)
	9704  -  ResidentSetSize of job (KB)
...
040 (10252913.1270.000) 07/24 21:27:57 Started transferring output files
...
040 (10252913.1270.000) 07/24 21:27:57 Finished transferring output files
...
005 (10252913.1270.000) 07/24 21:27:57 Job terminated.
	(1) Normal termination (return value 0)
		Usr 0 00:00:03, Sys 0 00:00:00  -  Run Remote Usage
		Usr 0 00:00:00, Sys 0 00:00:00  -  Run Local Usage
		Usr 0 00:00:03, Sys 0 00:00:00  -  Total Remote Usage
		Usr 0 00:00:00, Sys 0 00:00:00  -  Total Local Usage
	6204  -  Run Bytes Sent By Job
	409597  -  Run Bytes Received By Job
	6204  -  Total Bytes Sent By Job
	409597  -  Total Bytes Received By Job
	Partitionable Resources :    Usage  Request Allocated 
	   Cpus                 :                 8         8 
	   Disk (KB)            :      420      425   2783706 
	   Memory (MB)          :       10    16000     16000 

	Job terminated of its own accord at 2024-07-24T19:27:57Z with exit-code 0.
...
000 (10261715.1270.000) 07/25 13:01:53 Job submitted from host: <188.185.114.121:9618?addrs=188.185.114.121-9618+[2001-1458-d00-a--100-273]-9618&alias=bigbird19.cern.ch&noUDP&sock=schedd_4961_696e>
...
009 (10261715.1270.000) 07/25 13:06:43 Job was aborted.
	via condor_rm (by user yelberke)
...
000 (10261767.1270.000) 07/25 13:20:14 Job submitted from host: <188.185.114.121:9618?addrs=188.185.114.121-9618+[2001-1458-d00-a--100-273]-9618&alias=bigbird19.cern.ch&noUDP&sock=schedd_4961_696e>
...
040 (10261767.1270.000) 07/25 14:11:06 Started transferring input files
	Transferring to host: <188.185.206.169:9618?addrs=188.185.206.169-9618&alias=b9p06p2599.cern.ch&noUDP&sock=slot1_15_7399_03c6_155689>
...
040 (10261767.1270.000) 07/25 14:11:06 Finished transferring input files
...
001 (10261767.1270.000) 07/25 14:11:07 Job executing on host: <188.185.206.169:9618?addrs=188.185.206.169-9618&alias=b9p06p2599.cern.ch&noUDP&sock=startd_7329_a9b2>
	SlotName: slot1_15@b9p06p2599.cern.ch
	CondorScratchDir = "/pool/condor/dir_2696820"
	Cpus = 12
	Disk = 2842530
	Memory = 24000
...
006 (10261767.1270.000) 07/25 14:11:11 Image size of job updated: 165840
	10  -  MemoryUsage of job (MB)
	9948  -  ResidentSetSize of job (KB)
...
040 (10261767.1270.000) 07/25 14:11:11 Started transferring output files
...
040 (10261767.1270.000) 07/25 14:11:11 Finished transferring output files
...
005 (10261767.1270.000) 07/25 14:11:11 Job terminated.
	(1) Normal termination (return value 0)
		Usr 0 00:00:03, Sys 0 00:00:00  -  Run Remote Usage
		Usr 0 00:00:00, Sys 0 00:00:00  -  Run Local Usage
		Usr 0 00:00:03, Sys 0 00:00:00  -  Total Remote Usage
		Usr 0 00:00:00, Sys 0 00:00:00  -  Total Local Usage
	6204  -  Run Bytes Sent By Job
	409597  -  Run Bytes Received By Job
	6204  -  Total Bytes Sent By Job
	409597  -  Total Bytes Received By Job
	Partitionable Resources :    Usage  Request Allocated 
	   Cpus                 :        0       12        12 
	   Disk (KB)            :      427      425   2842530 
	   Memory (MB)          :       10    24000     24000 

	Job terminated of its own accord at 2024-07-25T12:11:11Z with exit-code 0.
...
000 (10284266.1270.000) 08/02 15:45:35 Job submitted from host: <188.185.114.121:9618?addrs=188.185.114.121-9618+[2001-1458-d00-a--100-273]-9618&alias=bigbird19.cern.ch&noUDP&sock=schedd_4961_696e>
...
009 (10284266.1270.000) 08/02 15:49:26 Job was aborted.
	via condor_rm (by user yelberke)
...
000 (10284267.1270.000) 08/02 15:49:49 Job submitted from host: <188.185.114.121:9618?addrs=188.185.114.121-9618+[2001-1458-d00-a--100-273]-9618&alias=bigbird19.cern.ch&noUDP&sock=schedd_4961_696e>
...
040 (10284267.1270.000) 08/02 16:25:20 Started transferring input files
	Transferring to host: <188.185.206.209:9618?addrs=188.185.206.209-9618+[2001-1458-303-c--100-4e]-9618&alias=b9p06p4022.cern.ch&noUDP&sock=slot1_15_6901_20f2_163805>
...
040 (10284267.1270.000) 08/02 16:25:20 Finished transferring input files
...
001 (10284267.1270.000) 08/02 16:25:21 Job executing on host: <188.185.206.209:9618?addrs=188.185.206.209-9618+[2001-1458-303-c--100-4e]-9618&alias=b9p06p4022.cern.ch&noUDP&sock=startd_6829_b457>
	SlotName: slot1_15@b9p06p4022.cern.ch
	CondorScratchDir = "/pool/condor/dir_2004074"
	Cpus = 12
	Disk = 2799416
	Memory = 24000
...
006 (10284267.1270.000) 08/02 16:25:23 Image size of job updated: 327448
	5  -  MemoryUsage of job (MB)
	4848  -  ResidentSetSize of job (KB)
...
040 (10284267.1270.000) 08/02 16:25:23 Started transferring output files
...
040 (10284267.1270.000) 08/02 16:25:23 Finished transferring output files
...
005 (10284267.1270.000) 08/02 16:25:23 Job terminated.
	(1) Normal termination (return value 139)
		Usr 0 00:00:01, Sys 0 00:00:00  -  Run Remote Usage
		Usr 0 00:00:00, Sys 0 00:00:00  -  Run Local Usage
		Usr 0 00:00:01, Sys 0 00:00:00  -  Total Remote Usage
		Usr 0 00:00:00, Sys 0 00:00:00  -  Total Local Usage
	7696  -  Run Bytes Sent By Job
	409597  -  Run Bytes Received By Job
	7696  -  Total Bytes Sent By Job
	409597  -  Total Bytes Received By Job
	Partitionable Resources :    Usage  Request Allocated 
	   Cpus                 :        0       12        12 
	   Disk (KB)            :      430      425   2799416 
	   Memory (MB)          :        5    24000     24000 

	Job terminated of its own accord at 2024-08-02T14:25:23Z with exit-code 139.
...
