000 (10252905.1288.000) 07/24 16:13:16 Job submitted from host: <188.185.114.121:9618?addrs=188.185.114.121-9618+[2001-1458-d00-a--100-273]-9618&alias=bigbird19.cern.ch&noUDP&sock=schedd_4961_696e>
...
009 (10252905.1288.000) 07/24 16:14:47 Job was aborted.
	via condor_rm (by user yelberke)
...
000 (10252906.1288.000) 07/24 16:15:37 Job submitted from host: <188.185.114.121:9618?addrs=188.185.114.121-9618+[2001-1458-d00-a--100-273]-9618&alias=bigbird19.cern.ch&noUDP&sock=schedd_4961_696e>
...
000 (10252907.1288.000) 07/24 16:17:31 Job submitted from host: <188.185.114.121:9618?addrs=188.185.114.121-9618+[2001-1458-d00-a--100-273]-9618&alias=bigbird19.cern.ch&noUDP&sock=schedd_4961_696e>
...
000 (10252908.1288.000) 07/24 16:18:04 Job submitted from host: <188.185.114.121:9618?addrs=188.185.114.121-9618+[2001-1458-d00-a--100-273]-9618&alias=bigbird19.cern.ch&noUDP&sock=schedd_4961_696e>
...
000 (10252909.1288.000) 07/24 16:18:40 Job submitted from host: <188.185.114.121:9618?addrs=188.185.114.121-9618+[2001-1458-d00-a--100-273]-9618&alias=bigbird19.cern.ch&noUDP&sock=schedd_4961_696e>
...
000 (10252910.1288.000) 07/24 16:19:05 Job submitted from host: <188.185.114.121:9618?addrs=188.185.114.121-9618+[2001-1458-d00-a--100-273]-9618&alias=bigbird19.cern.ch&noUDP&sock=schedd_4961_696e>
...
000 (10252911.1288.000) 07/24 16:19:18 Job submitted from host: <188.185.114.121:9618?addrs=188.185.114.121-9618+[2001-1458-d00-a--100-273]-9618&alias=bigbird19.cern.ch&noUDP&sock=schedd_4961_696e>
...
000 (10252912.1288.000) 07/24 16:19:31 Job submitted from host: <188.185.114.121:9618?addrs=188.185.114.121-9618+[2001-1458-d00-a--100-273]-9618&alias=bigbird19.cern.ch&noUDP&sock=schedd_4961_696e>
...
000 (10252913.1288.000) 07/24 16:19:43 Job submitted from host: <188.185.114.121:9618?addrs=188.185.114.121-9618+[2001-1458-d00-a--100-273]-9618&alias=bigbird19.cern.ch&noUDP&sock=schedd_4961_696e>
...
040 (10252906.1288.000) 07/24 16:25:32 Started transferring input files
	Transferring to host: <188.185.205.64:9618?addrs=188.185.205.64-9618+[2001-1458-303-9--100-b4]-9618&alias=b9p03p2405.cern.ch&noUDP&sock=slot1_10_3678_3bcf_82266>
...
040 (10252906.1288.000) 07/24 16:25:32 Finished transferring input files
...
001 (10252906.1288.000) 07/24 16:25:33 Job executing on host: <188.185.205.64:9618?addrs=188.185.205.64-9618+[2001-1458-303-9--100-b4]-9618&alias=b9p03p2405.cern.ch&noUDP&sock=startd_3347_5792>
	SlotName: slot1_10@b9p03p2405.cern.ch
	CondorScratchDir = "/pool/condor/dir_2210171"
	Cpus = 8
	Disk = 2839746
	Memory = 16000
...
006 (10252906.1288.000) 07/24 16:25:37 Image size of job updated: 156704
	7  -  MemoryUsage of job (MB)
	6500  -  ResidentSetSize of job (KB)
...
040 (10252906.1288.000) 07/24 16:25:37 Started transferring output files
...
040 (10252906.1288.000) 07/24 16:25:37 Finished transferring output files
...
005 (10252906.1288.000) 07/24 16:25:37 Job terminated.
	(1) Normal termination (return value 0)
		Usr 0 00:00:03, Sys 0 00:00:00  -  Run Remote Usage
		Usr 0 00:00:00, Sys 0 00:00:00  -  Run Local Usage
		Usr 0 00:00:03, Sys 0 00:00:00  -  Total Remote Usage
		Usr 0 00:00:00, Sys 0 00:00:00  -  Total Local Usage
	6204  -  Run Bytes Sent By Job
	409597  -  Run Bytes Received By Job
	6204  -  Total Bytes Sent By Job
	409597  -  Total Bytes Received By Job
	Partitionable Resources :    Usage  Request Allocated 
	   Cpus                 :        0        8         8 
	   Disk (KB)            :      428      425   2839746 
	   Memory (MB)          :        7    16000     16000 

	Job terminated of its own accord at 2024-07-24T14:25:37Z with exit-code 0.
...
040 (10252907.1288.000) 07/24 17:53:12 Started transferring input files
	Transferring to host: <188.185.209.87:9618?addrs=188.185.209.87-9618+[2001-1458-303-11--100-54]-9618&alias=b9p11p2849.cern.ch&noUDP&sock=slot1_43_5335_bd72_142892>
...
040 (10252907.1288.000) 07/24 17:53:12 Finished transferring input files
...
001 (10252907.1288.000) 07/24 17:53:13 Job executing on host: <188.185.209.87:9618?addrs=188.185.209.87-9618+[2001-1458-303-11--100-54]-9618&alias=b9p11p2849.cern.ch&noUDP&sock=startd_4300_0554>
	SlotName: slot1_43@b9p11p2849.cern.ch
	CondorScratchDir = "/pool/condor/dir_2699253"
	Cpus = 8
	Disk = 2828441
	Memory = 16000
...
006 (10252907.1288.000) 07/24 17:53:18 Image size of job updated: 164032
	10  -  MemoryUsage of job (MB)
	9840  -  ResidentSetSize of job (KB)
...
040 (10252907.1288.000) 07/24 17:53:18 Started transferring output files
...
040 (10252907.1288.000) 07/24 17:53:18 Finished transferring output files
...
005 (10252907.1288.000) 07/24 17:53:18 Job terminated.
	(1) Normal termination (return value 0)
		Usr 0 00:00:03, Sys 0 00:00:00  -  Run Remote Usage
		Usr 0 00:00:00, Sys 0 00:00:00  -  Run Local Usage
		Usr 0 00:00:03, Sys 0 00:00:00  -  Total Remote Usage
		Usr 0 00:00:00, Sys 0 00:00:00  -  Total Local Usage
	6204  -  Run Bytes Sent By Job
	409597  -  Run Bytes Received By Job
	6204  -  Total Bytes Sent By Job
	409597  -  Total Bytes Received By Job
	Partitionable Resources :    Usage  Request Allocated 
	   Cpus                 :        0        8         8 
	   Disk (KB)            :      428      425   2828441 
	   Memory (MB)          :       10    16000     16000 

	Job terminated of its own accord at 2024-07-24T15:53:18Z with exit-code 0.
...
040 (10252908.1288.000) 07/24 18:57:24 Started transferring input files
	Transferring to host: <188.185.207.9:9618?addrs=188.185.207.9-9618+[2001-1458-303-d--100-6]-9618&alias=b9p07p6005.cern.ch&noUDP&sock=slot1_15_4138_5861_143956>
...
040 (10252908.1288.000) 07/24 18:57:24 Finished transferring input files
...
001 (10252908.1288.000) 07/24 18:57:25 Job executing on host: <188.185.207.9:9618?addrs=188.185.207.9-9618+[2001-1458-303-d--100-6]-9618&alias=b9p07p6005.cern.ch&noUDP&sock=startd_3645_becb>
	SlotName: slot1_15@b9p07p6005.cern.ch
	CondorScratchDir = "/pool/condor/dir_4169592"
	Cpus = 8
	Disk = 2963273
	Memory = 16000
...
006 (10252908.1288.000) 07/24 18:57:29 Image size of job updated: 169188
	13  -  MemoryUsage of job (MB)
	12324  -  ResidentSetSize of job (KB)
...
040 (10252908.1288.000) 07/24 18:57:29 Started transferring output files
...
040 (10252908.1288.000) 07/24 18:57:29 Finished transferring output files
...
005 (10252908.1288.000) 07/24 18:57:29 Job terminated.
	(1) Normal termination (return value 0)
		Usr 0 00:00:03, Sys 0 00:00:00  -  Run Remote Usage
		Usr 0 00:00:00, Sys 0 00:00:00  -  Run Local Usage
		Usr 0 00:00:03, Sys 0 00:00:00  -  Total Remote Usage
		Usr 0 00:00:00, Sys 0 00:00:00  -  Total Local Usage
	6204  -  Run Bytes Sent By Job
	409597  -  Run Bytes Received By Job
	6204  -  Total Bytes Sent By Job
	409597  -  Total Bytes Received By Job
	Partitionable Resources :    Usage  Request Allocated 
	   Cpus                 :                 8         8 
	   Disk (KB)            :      420      425   2963273 
	   Memory (MB)          :       13    16000     16000 

	Job terminated of its own accord at 2024-07-24T16:57:29Z with exit-code 0.
...
040 (10252909.1288.000) 07/24 19:57:07 Started transferring input files
	Transferring to host: <188.185.195.101:9618?addrs=188.185.195.101-9618+[2001-1458-303-22--100-61]-9618&alias=b9p17p5877.cern.ch&noUDP&sock=slot1_1_1277736_59f0_2387>
...
040 (10252909.1288.000) 07/24 19:57:07 Finished transferring input files
...
001 (10252909.1288.000) 07/24 19:57:08 Job executing on host: <188.185.195.101:9618?addrs=188.185.195.101-9618+[2001-1458-303-22--100-61]-9618&alias=b9p17p5877.cern.ch&noUDP&sock=startd_128115_cff4>
	SlotName: slot1_1@b9p17p5877.cern.ch
	CondorScratchDir = "/pool/condor/dir_4021305"
	Cpus = 8
	Disk = 3043313
	Memory = 16000
...
006 (10252909.1288.000) 07/24 19:57:17 Image size of job updated: 158444
	9  -  MemoryUsage of job (MB)
	8536  -  ResidentSetSize of job (KB)
...
040 (10252909.1288.000) 07/24 19:57:17 Started transferring output files
...
040 (10252909.1288.000) 07/24 19:57:17 Finished transferring output files
...
005 (10252909.1288.000) 07/24 19:57:17 Job terminated.
	(1) Normal termination (return value 0)
		Usr 0 00:00:07, Sys 0 00:00:00  -  Run Remote Usage
		Usr 0 00:00:00, Sys 0 00:00:00  -  Run Local Usage
		Usr 0 00:00:07, Sys 0 00:00:00  -  Total Remote Usage
		Usr 0 00:00:00, Sys 0 00:00:00  -  Total Local Usage
	6204  -  Run Bytes Sent By Job
	409597  -  Run Bytes Received By Job
	6204  -  Total Bytes Sent By Job
	409597  -  Total Bytes Received By Job
	Partitionable Resources :    Usage  Request Allocated 
	   Cpus                 :        0        8         8 
	   Disk (KB)            :      428      425   3043313 
	   Memory (MB)          :        9    16000     16000 

	Job terminated of its own accord at 2024-07-24T17:57:17Z with exit-code 0.
...
040 (10252910.1288.000) 07/24 20:48:46 Started transferring input files
	Transferring to host: <188.185.206.138:9618?addrs=188.185.206.138-9618&alias=b9p06p1159.cern.ch&noUDP&sock=slot1_11_7389_f806_158445>
...
040 (10252910.1288.000) 07/24 20:48:46 Finished transferring input files
...
001 (10252910.1288.000) 07/24 20:48:47 Job executing on host: <188.185.206.138:9618?addrs=188.185.206.138-9618&alias=b9p06p1159.cern.ch&noUDP&sock=startd_7322_dc88>
	SlotName: slot1_11@b9p06p1159.cern.ch
	CondorScratchDir = "/pool/condor/dir_709697"
	Cpus = 8
	Disk = 2813132
	Memory = 16000
...
006 (10252910.1288.000) 07/24 20:48:51 Image size of job updated: 159840
	8  -  MemoryUsage of job (MB)
	7992  -  ResidentSetSize of job (KB)
...
040 (10252910.1288.000) 07/24 20:48:51 Started transferring output files
...
040 (10252910.1288.000) 07/24 20:48:51 Finished transferring output files
...
005 (10252910.1288.000) 07/24 20:48:51 Job terminated.
	(1) Normal termination (return value 0)
		Usr 0 00:00:03, Sys 0 00:00:00  -  Run Remote Usage
		Usr 0 00:00:00, Sys 0 00:00:00  -  Run Local Usage
		Usr 0 00:00:03, Sys 0 00:00:00  -  Total Remote Usage
		Usr 0 00:00:00, Sys 0 00:00:00  -  Total Local Usage
	6201  -  Run Bytes Sent By Job
	409597  -  Run Bytes Received By Job
	6201  -  Total Bytes Sent By Job
	409597  -  Total Bytes Received By Job
	Partitionable Resources :    Usage  Request Allocated 
	   Cpus                 :        0        8         8 
	   Disk (KB)            :      427      425   2813132 
	   Memory (MB)          :        8    16000     16000 

	Job terminated of its own accord at 2024-07-24T18:48:51Z with exit-code 0.
...
040 (10252911.1288.000) 07/24 21:01:09 Started transferring input files
	Transferring to host: <188.185.206.183:9618?addrs=188.185.206.183-9618&alias=b9p06p2267.cern.ch&noUDP&sock=slot1_8_6899_b832_156841>
...
040 (10252911.1288.000) 07/24 21:01:09 Finished transferring input files
...
001 (10252911.1288.000) 07/24 21:01:11 Job executing on host: <188.185.206.183:9618?addrs=188.185.206.183-9618&alias=b9p06p2267.cern.ch&noUDP&sock=startd_6833_72b8>
	SlotName: slot1_8@b9p06p2267.cern.ch
	CondorScratchDir = "/pool/condor/dir_2927265"
	Cpus = 8
	Disk = 2770335
	Memory = 16000
...
006 (10252911.1288.000) 07/24 21:01:15 Image size of job updated: 165100
	10  -  MemoryUsage of job (MB)
	9460  -  ResidentSetSize of job (KB)
...
040 (10252911.1288.000) 07/24 21:01:15 Started transferring output files
...
040 (10252911.1288.000) 07/24 21:01:15 Finished transferring output files
...
005 (10252911.1288.000) 07/24 21:01:16 Job terminated.
	(1) Normal termination (return value 0)
		Usr 0 00:00:03, Sys 0 00:00:00  -  Run Remote Usage
		Usr 0 00:00:00, Sys 0 00:00:00  -  Run Local Usage
		Usr 0 00:00:03, Sys 0 00:00:00  -  Total Remote Usage
		Usr 0 00:00:00, Sys 0 00:00:00  -  Total Local Usage
	6204  -  Run Bytes Sent By Job
	409597  -  Run Bytes Received By Job
	6204  -  Total Bytes Sent By Job
	409597  -  Total Bytes Received By Job
	Partitionable Resources :    Usage  Request Allocated 
	   Cpus                 :        0        8         8 
	   Disk (KB)            :      427      425   2770335 
	   Memory (MB)          :       10    16000     16000 

	Job terminated of its own accord at 2024-07-24T19:01:15Z with exit-code 0.
...
040 (10252912.1288.000) 07/24 21:14:06 Started transferring input files
	Transferring to host: <188.185.198.65:9618?addrs=188.185.198.65-9618+[2001-1458-303-25--100-3d]-9618&alias=b9p15p6124.cern.ch&noUDP&sock=slot1_4_2651903_50d8_4074>
...
040 (10252912.1288.000) 07/24 21:14:06 Finished transferring input files
...
001 (10252912.1288.000) 07/24 21:14:07 Job executing on host: <188.185.198.65:9618?addrs=188.185.198.65-9618+[2001-1458-303-25--100-3d]-9618&alias=b9p15p6124.cern.ch&noUDP&sock=startd_127908_d3d9>
	SlotName: slot1_4@b9p15p6124.cern.ch
	CondorScratchDir = "/pool/condor/dir_3008222"
	Cpus = 8
	Disk = 3025996
	Memory = 16000
...
006 (10252912.1288.000) 07/24 21:14:15 Image size of job updated: 2012
	2  -  MemoryUsage of job (MB)
	1496  -  ResidentSetSize of job (KB)
...
006 (10252912.1288.000) 07/24 21:14:37 Image size of job updated: 154860
	6  -  MemoryUsage of job (MB)
	5412  -  ResidentSetSize of job (KB)
...
040 (10252912.1288.000) 07/24 21:14:37 Started transferring output files
...
040 (10252912.1288.000) 07/24 21:14:37 Finished transferring output files
...
005 (10252912.1288.000) 07/24 21:14:37 Job terminated.
	(1) Normal termination (return value 0)
		Usr 0 00:00:04, Sys 0 00:00:00  -  Run Remote Usage
		Usr 0 00:00:00, Sys 0 00:00:00  -  Run Local Usage
		Usr 0 00:00:04, Sys 0 00:00:00  -  Total Remote Usage
		Usr 0 00:00:00, Sys 0 00:00:00  -  Total Local Usage
	6201  -  Run Bytes Sent By Job
	409597  -  Run Bytes Received By Job
	6201  -  Total Bytes Sent By Job
	409597  -  Total Bytes Received By Job
	Partitionable Resources :    Usage  Request Allocated 
	   Cpus                 :        0        8         8 
	   Disk (KB)            :      428      425   3025996 
	   Memory (MB)          :        6    16000     16000 

	Job terminated of its own accord at 2024-07-24T19:14:37Z with exit-code 0.
...
040 (10252913.1288.000) 07/24 21:27:59 Started transferring input files
	Transferring to host: <188.185.206.41:9618?addrs=188.185.206.41-9618+[2001-1458-303-b--100-26]-9618&alias=b9p05p0465.cern.ch&noUDP&sock=slot1_18_3583_4c2b_68979>
...
040 (10252913.1288.000) 07/24 21:27:59 Finished transferring input files
...
001 (10252913.1288.000) 07/24 21:28:00 Job executing on host: <188.185.206.41:9618?addrs=188.185.206.41-9618+[2001-1458-303-b--100-26]-9618&alias=b9p05p0465.cern.ch&noUDP&sock=startd_3251_7e7b>
	SlotName: slot1_18@b9p05p0465.cern.ch
	CondorScratchDir = "/pool/condor/dir_3404983"
	Cpus = 8
	Disk = 2846346
	Memory = 16000
...
006 (10252913.1288.000) 07/24 21:28:04 Image size of job updated: 162212
	9  -  MemoryUsage of job (MB)
	8276  -  ResidentSetSize of job (KB)
...
040 (10252913.1288.000) 07/24 21:28:04 Started transferring output files
...
040 (10252913.1288.000) 07/24 21:28:04 Finished transferring output files
...
005 (10252913.1288.000) 07/24 21:28:04 Job terminated.
	(1) Normal termination (return value 0)
		Usr 0 00:00:03, Sys 0 00:00:00  -  Run Remote Usage
		Usr 0 00:00:00, Sys 0 00:00:00  -  Run Local Usage
		Usr 0 00:00:03, Sys 0 00:00:00  -  Total Remote Usage
		Usr 0 00:00:00, Sys 0 00:00:00  -  Total Local Usage
	6204  -  Run Bytes Sent By Job
	409597  -  Run Bytes Received By Job
	6204  -  Total Bytes Sent By Job
	409597  -  Total Bytes Received By Job
	Partitionable Resources :    Usage  Request Allocated 
	   Cpus                 :        0        8         8 
	   Disk (KB)            :      433      425   2846346 
	   Memory (MB)          :        9    16000     16000 

	Job terminated of its own accord at 2024-07-24T19:28:04Z with exit-code 0.
...
000 (10261715.1288.000) 07/25 13:01:54 Job submitted from host: <188.185.114.121:9618?addrs=188.185.114.121-9618+[2001-1458-d00-a--100-273]-9618&alias=bigbird19.cern.ch&noUDP&sock=schedd_4961_696e>
...
009 (10261715.1288.000) 07/25 13:06:43 Job was aborted.
	via condor_rm (by user yelberke)
...
000 (10261767.1288.000) 07/25 13:20:14 Job submitted from host: <188.185.114.121:9618?addrs=188.185.114.121-9618+[2001-1458-d00-a--100-273]-9618&alias=bigbird19.cern.ch&noUDP&sock=schedd_4961_696e>
...
040 (10261767.1288.000) 07/25 14:11:12 Started transferring input files
	Transferring to host: <188.185.205.63:9618?addrs=188.185.205.63-9618&alias=b9p03p3877.cern.ch&noUDP&sock=slot1_9_7369_e085_158387>
...
040 (10261767.1288.000) 07/25 14:11:12 Finished transferring input files
...
001 (10261767.1288.000) 07/25 14:11:13 Job executing on host: <188.185.205.63:9618?addrs=188.185.205.63-9618&alias=b9p03p3877.cern.ch&noUDP&sock=startd_7252_d8e7>
	SlotName: slot1_9@b9p03p3877.cern.ch
	CondorScratchDir = "/pool/condor/dir_2823396"
	Cpus = 12
	Disk = 2778360
	Memory = 24000
...
006 (10261767.1288.000) 07/25 14:11:18 Image size of job updated: 169412
	12  -  MemoryUsage of job (MB)
	11276  -  ResidentSetSize of job (KB)
...
040 (10261767.1288.000) 07/25 14:11:18 Started transferring output files
...
040 (10261767.1288.000) 07/25 14:11:18 Finished transferring output files
...
005 (10261767.1288.000) 07/25 14:11:18 Job terminated.
	(1) Normal termination (return value 0)
		Usr 0 00:00:03, Sys 0 00:00:00  -  Run Remote Usage
		Usr 0 00:00:00, Sys 0 00:00:00  -  Run Local Usage
		Usr 0 00:00:03, Sys 0 00:00:00  -  Total Remote Usage
		Usr 0 00:00:00, Sys 0 00:00:00  -  Total Local Usage
	6204  -  Run Bytes Sent By Job
	409597  -  Run Bytes Received By Job
	6204  -  Total Bytes Sent By Job
	409597  -  Total Bytes Received By Job
	Partitionable Resources :    Usage  Request Allocated 
	   Cpus                 :        0       12        12 
	   Disk (KB)            :      428      425   2778360 
	   Memory (MB)          :       12    24000     24000 

	Job terminated of its own accord at 2024-07-25T12:11:18Z with exit-code 0.
...
000 (10284266.1288.000) 08/02 15:45:35 Job submitted from host: <188.185.114.121:9618?addrs=188.185.114.121-9618+[2001-1458-d00-a--100-273]-9618&alias=bigbird19.cern.ch&noUDP&sock=schedd_4961_696e>
...
009 (10284266.1288.000) 08/02 15:49:26 Job was aborted.
	via condor_rm (by user yelberke)
...
000 (10284267.1288.000) 08/02 15:49:49 Job submitted from host: <188.185.114.121:9618?addrs=188.185.114.121-9618+[2001-1458-d00-a--100-273]-9618&alias=bigbird19.cern.ch&noUDP&sock=schedd_4961_696e>
...
040 (10284267.1288.000) 08/02 16:25:25 Started transferring input files
	Transferring to host: <188.185.209.144:9618?addrs=188.185.209.144-9618+[2001-1458-303-12--100-d]-9618&alias=b9p12p9592.cern.ch&noUDP&sock=slot1_1_5409_e135_155001>
...
040 (10284267.1288.000) 08/02 16:25:25 Finished transferring input files
...
001 (10284267.1288.000) 08/02 16:25:26 Job executing on host: <188.185.209.144:9618?addrs=188.185.209.144-9618+[2001-1458-303-12--100-d]-9618&alias=b9p12p9592.cern.ch&noUDP&sock=startd_4396_de6b>
	SlotName: slot1_1@b9p12p9592.cern.ch
	CondorScratchDir = "/pool/condor/dir_2539489"
	Cpus = 12
	Disk = 2779298
	Memory = 24000
...
006 (10284267.1288.000) 08/02 16:25:28 Image size of job updated: 324736
	6  -  MemoryUsage of job (MB)
	5404  -  ResidentSetSize of job (KB)
...
040 (10284267.1288.000) 08/02 16:25:28 Started transferring output files
...
040 (10284267.1288.000) 08/02 16:25:28 Finished transferring output files
...
005 (10284267.1288.000) 08/02 16:25:28 Job terminated.
	(1) Normal termination (return value 139)
		Usr 0 00:00:01, Sys 0 00:00:00  -  Run Remote Usage
		Usr 0 00:00:00, Sys 0 00:00:00  -  Run Local Usage
		Usr 0 00:00:01, Sys 0 00:00:00  -  Total Remote Usage
		Usr 0 00:00:00, Sys 0 00:00:00  -  Total Local Usage
	7696  -  Run Bytes Sent By Job
	409597  -  Run Bytes Received By Job
	7696  -  Total Bytes Sent By Job
	409597  -  Total Bytes Received By Job
	Partitionable Resources :    Usage  Request Allocated 
	   Cpus                 :        0       12        12 
	   Disk (KB)            :      430      425   2779298 
	   Memory (MB)          :        6    24000     24000 

	Job terminated of its own accord at 2024-08-02T14:25:28Z with exit-code 139.
...
