000 (10252905.1299.000) 07/24 16:13:16 Job submitted from host: <188.185.114.121:9618?addrs=188.185.114.121-9618+[2001-1458-d00-a--100-273]-9618&alias=bigbird19.cern.ch&noUDP&sock=schedd_4961_696e>
...
009 (10252905.1299.000) 07/24 16:14:47 Job was aborted.
	via condor_rm (by user yelberke)
...
000 (10252906.1299.000) 07/24 16:15:37 Job submitted from host: <188.185.114.121:9618?addrs=188.185.114.121-9618+[2001-1458-d00-a--100-273]-9618&alias=bigbird19.cern.ch&noUDP&sock=schedd_4961_696e>
...
000 (10252907.1299.000) 07/24 16:17:31 Job submitted from host: <188.185.114.121:9618?addrs=188.185.114.121-9618+[2001-1458-d00-a--100-273]-9618&alias=bigbird19.cern.ch&noUDP&sock=schedd_4961_696e>
...
000 (10252908.1299.000) 07/24 16:18:04 Job submitted from host: <188.185.114.121:9618?addrs=188.185.114.121-9618+[2001-1458-d00-a--100-273]-9618&alias=bigbird19.cern.ch&noUDP&sock=schedd_4961_696e>
...
000 (10252909.1299.000) 07/24 16:18:40 Job submitted from host: <188.185.114.121:9618?addrs=188.185.114.121-9618+[2001-1458-d00-a--100-273]-9618&alias=bigbird19.cern.ch&noUDP&sock=schedd_4961_696e>
...
000 (10252910.1299.000) 07/24 16:19:05 Job submitted from host: <188.185.114.121:9618?addrs=188.185.114.121-9618+[2001-1458-d00-a--100-273]-9618&alias=bigbird19.cern.ch&noUDP&sock=schedd_4961_696e>
...
000 (10252911.1299.000) 07/24 16:19:18 Job submitted from host: <188.185.114.121:9618?addrs=188.185.114.121-9618+[2001-1458-d00-a--100-273]-9618&alias=bigbird19.cern.ch&noUDP&sock=schedd_4961_696e>
...
000 (10252912.1299.000) 07/24 16:19:31 Job submitted from host: <188.185.114.121:9618?addrs=188.185.114.121-9618+[2001-1458-d00-a--100-273]-9618&alias=bigbird19.cern.ch&noUDP&sock=schedd_4961_696e>
...
000 (10252913.1299.000) 07/24 16:19:43 Job submitted from host: <188.185.114.121:9618?addrs=188.185.114.121-9618+[2001-1458-d00-a--100-273]-9618&alias=bigbird19.cern.ch&noUDP&sock=schedd_4961_696e>
...
040 (10252906.1299.000) 07/24 16:25:39 Started transferring input files
	Transferring to host: <188.185.193.171:9618?addrs=188.185.193.171-9618+[2001-1458-303-20--100-a7]-9618&alias=b9p19p3059.cern.ch&noUDP&sock=slot1_8_1161098_5429_261>
...
040 (10252906.1299.000) 07/24 16:25:39 Finished transferring input files
...
001 (10252906.1299.000) 07/24 16:25:40 Job executing on host: <188.185.193.171:9618?addrs=188.185.193.171-9618+[2001-1458-303-20--100-a7]-9618&alias=b9p19p3059.cern.ch&noUDP&sock=startd_177208_86e6>
	SlotName: slot1_8@b9p19p3059.cern.ch
	CondorScratchDir = "/pool/condor/dir_1197108"
	Cpus = 8
	Disk = 2975532
	Memory = 16000
...
006 (10252906.1299.000) 07/24 16:25:45 Image size of job updated: 163640
	10  -  MemoryUsage of job (MB)
	9248  -  ResidentSetSize of job (KB)
...
040 (10252906.1299.000) 07/24 16:25:45 Started transferring output files
...
040 (10252906.1299.000) 07/24 16:25:45 Finished transferring output files
...
005 (10252906.1299.000) 07/24 16:25:45 Job terminated.
	(1) Normal termination (return value 0)
		Usr 0 00:00:04, Sys 0 00:00:00  -  Run Remote Usage
		Usr 0 00:00:00, Sys 0 00:00:00  -  Run Local Usage
		Usr 0 00:00:04, Sys 0 00:00:00  -  Total Remote Usage
		Usr 0 00:00:00, Sys 0 00:00:00  -  Total Local Usage
	6204  -  Run Bytes Sent By Job
	409597  -  Run Bytes Received By Job
	6204  -  Total Bytes Sent By Job
	409597  -  Total Bytes Received By Job
	Partitionable Resources :    Usage  Request Allocated 
	   Cpus                 :        0        8         8 
	   Disk (KB)            :      427      425   2975532 
	   Memory (MB)          :       10    16000     16000 

	Job terminated of its own accord at 2024-07-24T14:25:45Z with exit-code 0.
...
040 (10252907.1299.000) 07/24 17:53:17 Started transferring input files
	Transferring to host: <188.185.206.161:9618?addrs=188.185.206.161-9618+[2001-1458-303-c--100-1e]-9618&alias=b9p06p4981.cern.ch&noUDP&sock=slot1_5_7395_3246_154946>
...
040 (10252907.1299.000) 07/24 17:53:17 Finished transferring input files
...
001 (10252907.1299.000) 07/24 17:53:18 Job executing on host: <188.185.206.161:9618?addrs=188.185.206.161-9618+[2001-1458-303-c--100-1e]-9618&alias=b9p06p4981.cern.ch&noUDP&sock=startd_7325_eb51>
	SlotName: slot1_5@b9p06p4981.cern.ch
	CondorScratchDir = "/pool/condor/dir_706326"
	Cpus = 8
	Disk = 2793946
	Memory = 16000
...
006 (10252907.1299.000) 07/24 17:53:24 Image size of job updated: 161336
	9  -  MemoryUsage of job (MB)
	8932  -  ResidentSetSize of job (KB)
...
040 (10252907.1299.000) 07/24 17:53:24 Started transferring output files
...
040 (10252907.1299.000) 07/24 17:53:24 Finished transferring output files
...
005 (10252907.1299.000) 07/24 17:53:24 Job terminated.
	(1) Normal termination (return value 0)
		Usr 0 00:00:04, Sys 0 00:00:00  -  Run Remote Usage
		Usr 0 00:00:00, Sys 0 00:00:00  -  Run Local Usage
		Usr 0 00:00:04, Sys 0 00:00:00  -  Total Remote Usage
		Usr 0 00:00:00, Sys 0 00:00:00  -  Total Local Usage
	6204  -  Run Bytes Sent By Job
	409597  -  Run Bytes Received By Job
	6204  -  Total Bytes Sent By Job
	409597  -  Total Bytes Received By Job
	Partitionable Resources :    Usage  Request Allocated 
	   Cpus                 :        0        8         8 
	   Disk (KB)            :      428      425   2793946 
	   Memory (MB)          :        9    16000     16000 

	Job terminated of its own accord at 2024-07-24T15:53:24Z with exit-code 0.
...
040 (10252908.1299.000) 07/24 18:57:28 Started transferring input files
	Transferring to host: <188.185.205.46:9618?addrs=188.185.205.46-9618+[2001-1458-303-9--100-a2]-9618&alias=b9p03p8171.cern.ch&noUDP&sock=slot1_9_6935_15b3_158405>
...
040 (10252908.1299.000) 07/24 18:57:28 Finished transferring input files
...
001 (10252908.1299.000) 07/24 18:57:29 Job executing on host: <188.185.205.46:9618?addrs=188.185.205.46-9618+[2001-1458-303-9--100-a2]-9618&alias=b9p03p8171.cern.ch&noUDP&sock=startd_6868_7489>
	SlotName: slot1_9@b9p03p8171.cern.ch
	CondorScratchDir = "/pool/condor/dir_2462369"
	Cpus = 8
	Disk = 2907632
	Memory = 16000
...
006 (10252908.1299.000) 07/24 18:57:33 Image size of job updated: 158124
	8  -  MemoryUsage of job (MB)
	7296  -  ResidentSetSize of job (KB)
...
040 (10252908.1299.000) 07/24 18:57:33 Started transferring output files
...
040 (10252908.1299.000) 07/24 18:57:33 Finished transferring output files
...
005 (10252908.1299.000) 07/24 18:57:33 Job terminated.
	(1) Normal termination (return value 0)
		Usr 0 00:00:03, Sys 0 00:00:00  -  Run Remote Usage
		Usr 0 00:00:00, Sys 0 00:00:00  -  Run Local Usage
		Usr 0 00:00:03, Sys 0 00:00:00  -  Total Remote Usage
		Usr 0 00:00:00, Sys 0 00:00:00  -  Total Local Usage
	6204  -  Run Bytes Sent By Job
	409597  -  Run Bytes Received By Job
	6204  -  Total Bytes Sent By Job
	409597  -  Total Bytes Received By Job
	Partitionable Resources :    Usage  Request Allocated 
	   Cpus                 :        0        8         8 
	   Disk (KB)            :      428      425   2907632 
	   Memory (MB)          :        8    16000     16000 

	Job terminated of its own accord at 2024-07-24T16:57:33Z with exit-code 0.
...
040 (10252909.1299.000) 07/24 19:57:11 Started transferring input files
	Transferring to host: <188.185.206.205:9618?addrs=188.185.206.205-9618&alias=b9p06p1318.cern.ch&noUDP&sock=slot1_4_4974_6203_156514>
...
040 (10252909.1299.000) 07/24 19:57:11 Finished transferring input files
...
001 (10252909.1299.000) 07/24 19:57:12 Job executing on host: <188.185.206.205:9618?addrs=188.185.206.205-9618&alias=b9p06p1318.cern.ch&noUDP&sock=startd_4302_6484>
	SlotName: slot1_4@b9p06p1318.cern.ch
	CondorScratchDir = "/pool/condor/dir_1471021"
	Cpus = 8
	Disk = 2752087
	Memory = 16000
...
006 (10252909.1299.000) 07/24 19:57:16 Image size of job updated: 160284
	8  -  MemoryUsage of job (MB)
	8080  -  ResidentSetSize of job (KB)
...
040 (10252909.1299.000) 07/24 19:57:16 Started transferring output files
...
040 (10252909.1299.000) 07/24 19:57:16 Finished transferring output files
...
005 (10252909.1299.000) 07/24 19:57:16 Job terminated.
	(1) Normal termination (return value 0)
		Usr 0 00:00:03, Sys 0 00:00:00  -  Run Remote Usage
		Usr 0 00:00:00, Sys 0 00:00:00  -  Run Local Usage
		Usr 0 00:00:03, Sys 0 00:00:00  -  Total Remote Usage
		Usr 0 00:00:00, Sys 0 00:00:00  -  Total Local Usage
	6204  -  Run Bytes Sent By Job
	409597  -  Run Bytes Received By Job
	6204  -  Total Bytes Sent By Job
	409597  -  Total Bytes Received By Job
	Partitionable Resources :    Usage  Request Allocated 
	   Cpus                 :        0        8         8 
	   Disk (KB)            :      428      425   2752087 
	   Memory (MB)          :        8    16000     16000 

	Job terminated of its own accord at 2024-07-24T17:57:16Z with exit-code 0.
...
040 (10252910.1299.000) 07/24 20:48:49 Started transferring input files
	Transferring to host: <188.185.204.233:9618?addrs=188.185.204.233-9618+[2001-1458-303-8--100-66]-9618&alias=b9p02p4919.cern.ch&noUDP&sock=slot1_23_6717_7bea_82392>
...
040 (10252910.1299.000) 07/24 20:48:49 Finished transferring input files
...
001 (10252910.1299.000) 07/24 20:48:50 Job executing on host: <188.185.204.233:9618?addrs=188.185.204.233-9618+[2001-1458-303-8--100-66]-9618&alias=b9p02p4919.cern.ch&noUDP&sock=startd_5363_2680>
	SlotName: slot1_23@b9p02p4919.cern.ch
	CondorScratchDir = "/pool/condor/dir_542912"
	Cpus = 8
	Disk = 2907462
	Memory = 16000
...
006 (10252910.1299.000) 07/24 20:48:54 Image size of job updated: 162724
	9  -  MemoryUsage of job (MB)
	8820  -  ResidentSetSize of job (KB)
...
040 (10252910.1299.000) 07/24 20:48:54 Started transferring output files
...
040 (10252910.1299.000) 07/24 20:48:54 Finished transferring output files
...
005 (10252910.1299.000) 07/24 20:48:54 Job terminated.
	(1) Normal termination (return value 0)
		Usr 0 00:00:03, Sys 0 00:00:00  -  Run Remote Usage
		Usr 0 00:00:00, Sys 0 00:00:00  -  Run Local Usage
		Usr 0 00:00:03, Sys 0 00:00:00  -  Total Remote Usage
		Usr 0 00:00:00, Sys 0 00:00:00  -  Total Local Usage
	6201  -  Run Bytes Sent By Job
	409597  -  Run Bytes Received By Job
	6201  -  Total Bytes Sent By Job
	409597  -  Total Bytes Received By Job
	Partitionable Resources :    Usage  Request Allocated 
	   Cpus                 :        0        8         8 
	   Disk (KB)            :      427      425   2907462 
	   Memory (MB)          :        9    16000     16000 

	Job terminated of its own accord at 2024-07-24T18:48:54Z with exit-code 0.
...
040 (10252911.1299.000) 07/24 21:01:13 Started transferring input files
	Transferring to host: <188.185.208.71:9618?addrs=188.185.208.71-9618+[2001-1458-303-f--100-44]-9618&alias=b9p09p5977.cern.ch&noUDP&sock=slot1_7_5472_44d8_142443>
...
040 (10252911.1299.000) 07/24 21:01:13 Finished transferring input files
...
001 (10252911.1299.000) 07/24 21:01:15 Job executing on host: <188.185.208.71:9618?addrs=188.185.208.71-9618+[2001-1458-303-f--100-44]-9618&alias=b9p09p5977.cern.ch&noUDP&sock=startd_4471_5006>
	SlotName: slot1_7@b9p09p5977.cern.ch
	CondorScratchDir = "/pool/condor/dir_4038803"
	Cpus = 8
	Disk = 2894970
	Memory = 16000
...
006 (10252911.1299.000) 07/24 21:01:20 Image size of job updated: 160272
	8  -  MemoryUsage of job (MB)
	7568  -  ResidentSetSize of job (KB)
...
040 (10252911.1299.000) 07/24 21:01:22 Started transferring output files
...
040 (10252911.1299.000) 07/24 21:01:22 Finished transferring output files
...
005 (10252911.1299.000) 07/24 21:01:22 Job terminated.
	(1) Normal termination (return value 0)
		Usr 0 00:00:04, Sys 0 00:00:00  -  Run Remote Usage
		Usr 0 00:00:00, Sys 0 00:00:00  -  Run Local Usage
		Usr 0 00:00:04, Sys 0 00:00:00  -  Total Remote Usage
		Usr 0 00:00:00, Sys 0 00:00:00  -  Total Local Usage
	6204  -  Run Bytes Sent By Job
	409597  -  Run Bytes Received By Job
	6204  -  Total Bytes Sent By Job
	409597  -  Total Bytes Received By Job
	Partitionable Resources :    Usage  Request Allocated 
	   Cpus                 :        0        8         8 
	   Disk (KB)            :      427      425   2894970 
	   Memory (MB)          :        8    16000     16000 

	Job terminated of its own accord at 2024-07-24T19:01:20Z with exit-code 0.
...
040 (10252912.1299.000) 07/24 21:14:20 Started transferring input files
	Transferring to host: <188.185.195.55:9618?addrs=188.185.195.55-9618+[2001-1458-303-22--100-33]-9618&alias=b9p17p7601.cern.ch&noUDP&sock=slot1_5_2963604_de3b_2957>
...
040 (10252912.1299.000) 07/24 21:14:21 Finished transferring input files
...
001 (10252912.1299.000) 07/24 21:14:21 Job executing on host: <188.185.195.55:9618?addrs=188.185.195.55-9618+[2001-1458-303-22--100-33]-9618&alias=b9p17p7601.cern.ch&noUDP&sock=startd_177875_0891>
	SlotName: slot1_5@b9p17p7601.cern.ch
	CondorScratchDir = "/pool/condor/dir_4050908"
	Cpus = 8
	Disk = 2923286
	Memory = 16000
...
006 (10252912.1299.000) 07/24 21:14:27 Image size of job updated: 150680
	3  -  MemoryUsage of job (MB)
	2792  -  ResidentSetSize of job (KB)
...
040 (10252912.1299.000) 07/24 21:14:27 Started transferring output files
...
040 (10252912.1299.000) 07/24 21:14:27 Finished transferring output files
...
005 (10252912.1299.000) 07/24 21:14:27 Job terminated.
	(1) Normal termination (return value 0)
		Usr 0 00:00:04, Sys 0 00:00:00  -  Run Remote Usage
		Usr 0 00:00:00, Sys 0 00:00:00  -  Run Local Usage
		Usr 0 00:00:04, Sys 0 00:00:00  -  Total Remote Usage
		Usr 0 00:00:00, Sys 0 00:00:00  -  Total Local Usage
	6201  -  Run Bytes Sent By Job
	409597  -  Run Bytes Received By Job
	6201  -  Total Bytes Sent By Job
	409597  -  Total Bytes Received By Job
	Partitionable Resources :    Usage  Request Allocated 
	   Cpus                 :        0        8         8 
	   Disk (KB)            :      428      425   2923286 
	   Memory (MB)          :        3    16000     16000 

	Job terminated of its own accord at 2024-07-24T19:14:27Z with exit-code 0.
...
040 (10252913.1299.000) 07/24 21:28:01 Started transferring input files
	Transferring to host: <188.185.196.90:9618?addrs=188.185.196.90-9618+[2001-1458-303-23--100-56]-9618&alias=b9p16p8401.cern.ch&noUDP&sock=slot1_7_3768298_964e_4063>
...
040 (10252913.1299.000) 07/24 21:28:01 Finished transferring input files
...
001 (10252913.1299.000) 07/24 21:28:02 Job executing on host: <188.185.196.90:9618?addrs=188.185.196.90-9618+[2001-1458-303-23--100-56]-9618&alias=b9p16p8401.cern.ch&noUDP&sock=startd_177825_bcd5>
	SlotName: slot1_7@b9p16p8401.cern.ch
	CondorScratchDir = "/pool/condor/dir_3883697"
	Cpus = 8
	Disk = 2959066
	Memory = 16000
...
006 (10252913.1299.000) 07/24 21:28:08 Image size of job updated: 163456
	9  -  MemoryUsage of job (MB)
	8784  -  ResidentSetSize of job (KB)
...
040 (10252913.1299.000) 07/24 21:28:08 Started transferring output files
...
040 (10252913.1299.000) 07/24 21:28:08 Finished transferring output files
...
005 (10252913.1299.000) 07/24 21:28:08 Job terminated.
	(1) Normal termination (return value 0)
		Usr 0 00:00:05, Sys 0 00:00:00  -  Run Remote Usage
		Usr 0 00:00:00, Sys 0 00:00:00  -  Run Local Usage
		Usr 0 00:00:05, Sys 0 00:00:00  -  Total Remote Usage
		Usr 0 00:00:00, Sys 0 00:00:00  -  Total Local Usage
	6204  -  Run Bytes Sent By Job
	409597  -  Run Bytes Received By Job
	6204  -  Total Bytes Sent By Job
	409597  -  Total Bytes Received By Job
	Partitionable Resources :    Usage  Request Allocated 
	   Cpus                 :        0        8         8 
	   Disk (KB)            :      428      425   2959066 
	   Memory (MB)          :        9    16000     16000 

	Job terminated of its own accord at 2024-07-24T19:28:08Z with exit-code 0.
...
000 (10261715.1299.000) 07/25 13:01:54 Job submitted from host: <188.185.114.121:9618?addrs=188.185.114.121-9618+[2001-1458-d00-a--100-273]-9618&alias=bigbird19.cern.ch&noUDP&sock=schedd_4961_696e>
...
009 (10261715.1299.000) 07/25 13:06:43 Job was aborted.
	via condor_rm (by user yelberke)
...
000 (10261767.1299.000) 07/25 13:20:15 Job submitted from host: <188.185.114.121:9618?addrs=188.185.114.121-9618+[2001-1458-d00-a--100-273]-9618&alias=bigbird19.cern.ch&noUDP&sock=schedd_4961_696e>
...
040 (10261767.1299.000) 07/25 14:11:16 Started transferring input files
	Transferring to host: <188.185.209.159:9618?addrs=188.185.209.159-9618+[2001-1458-303-12--100-1c]-9618&alias=b9p12p5340.cern.ch&noUDP&sock=slot1_18_11900_605d_141448>
...
040 (10261767.1299.000) 07/25 14:11:16 Finished transferring input files
...
001 (10261767.1299.000) 07/25 14:11:17 Job executing on host: <188.185.209.159:9618?addrs=188.185.209.159-9618+[2001-1458-303-12--100-1c]-9618&alias=b9p12p5340.cern.ch&noUDP&sock=startd_10615_95e7>
	SlotName: slot1_18@b9p12p5340.cern.ch
	CondorScratchDir = "/pool/condor/dir_1558509"
	Cpus = 12
	Disk = 2691841
	Memory = 24000
...
006 (10261767.1299.000) 07/25 14:11:21 Image size of job updated: 160372
	7  -  MemoryUsage of job (MB)
	6596  -  ResidentSetSize of job (KB)
...
040 (10261767.1299.000) 07/25 14:11:21 Started transferring output files
...
040 (10261767.1299.000) 07/25 14:11:21 Finished transferring output files
...
005 (10261767.1299.000) 07/25 14:11:21 Job terminated.
	(1) Normal termination (return value 0)
		Usr 0 00:00:03, Sys 0 00:00:00  -  Run Remote Usage
		Usr 0 00:00:00, Sys 0 00:00:00  -  Run Local Usage
		Usr 0 00:00:03, Sys 0 00:00:00  -  Total Remote Usage
		Usr 0 00:00:00, Sys 0 00:00:00  -  Total Local Usage
	6204  -  Run Bytes Sent By Job
	409597  -  Run Bytes Received By Job
	6204  -  Total Bytes Sent By Job
	409597  -  Total Bytes Received By Job
	Partitionable Resources :    Usage  Request Allocated 
	   Cpus                 :        0       12        12 
	   Disk (KB)            :      428      425   2691841 
	   Memory (MB)          :        7    24000     24000 

	Job terminated of its own accord at 2024-07-25T12:11:21Z with exit-code 0.
...
000 (10284266.1299.000) 08/02 15:45:36 Job submitted from host: <188.185.114.121:9618?addrs=188.185.114.121-9618+[2001-1458-d00-a--100-273]-9618&alias=bigbird19.cern.ch&noUDP&sock=schedd_4961_696e>
...
009 (10284266.1299.000) 08/02 15:49:26 Job was aborted.
	via condor_rm (by user yelberke)
...
000 (10284267.1299.000) 08/02 15:49:49 Job submitted from host: <188.185.114.121:9618?addrs=188.185.114.121-9618+[2001-1458-d00-a--100-273]-9618&alias=bigbird19.cern.ch&noUDP&sock=schedd_4961_696e>
...
040 (10284267.1299.000) 08/02 16:25:28 Started transferring input files
	Transferring to host: <188.185.209.19:9618?addrs=188.185.209.19-9618+[2001-1458-303-11--100-10]-9618&alias=b9p11p3677.cern.ch&noUDP&sock=slot1_1_4976_cac3_155384>
...
040 (10284267.1299.000) 08/02 16:25:28 Finished transferring input files
...
001 (10284267.1299.000) 08/02 16:25:29 Job executing on host: <188.185.209.19:9618?addrs=188.185.209.19-9618+[2001-1458-303-11--100-10]-9618&alias=b9p11p3677.cern.ch&noUDP&sock=startd_4180_b5f6>
	SlotName: slot1_1@b9p11p3677.cern.ch
	CondorScratchDir = "/pool/condor/dir_1949621"
	Cpus = 12
	Disk = 2843254
	Memory = 24000
...
006 (10284267.1299.000) 08/02 16:25:31 Image size of job updated: 329868
	6  -  MemoryUsage of job (MB)
	5992  -  ResidentSetSize of job (KB)
...
040 (10284267.1299.000) 08/02 16:25:31 Started transferring output files
...
040 (10284267.1299.000) 08/02 16:25:31 Finished transferring output files
...
005 (10284267.1299.000) 08/02 16:25:31 Job terminated.
	(1) Normal termination (return value 139)
		Usr 0 00:00:02, Sys 0 00:00:01  -  Run Remote Usage
		Usr 0 00:00:00, Sys 0 00:00:00  -  Run Local Usage
		Usr 0 00:00:02, Sys 0 00:00:01  -  Total Remote Usage
		Usr 0 00:00:00, Sys 0 00:00:00  -  Total Local Usage
	7696  -  Run Bytes Sent By Job
	409597  -  Run Bytes Received By Job
	7696  -  Total Bytes Sent By Job
	409597  -  Total Bytes Received By Job
	Partitionable Resources :    Usage  Request Allocated 
	   Cpus                 :        0       12        12 
	   Disk (KB)            :      429      425   2843254 
	   Memory (MB)          :        6    24000     24000 

	Job terminated of its own accord at 2024-08-02T14:25:31Z with exit-code 139.
...
