000 (10252905.129.000) 07/24 16:13:14 Job submitted from host: <188.185.114.121:9618?addrs=188.185.114.121-9618+[2001-1458-d00-a--100-273]-9618&alias=bigbird19.cern.ch&noUDP&sock=schedd_4961_696e>
...
009 (10252905.129.000) 07/24 16:14:45 Job was aborted.
	via condor_rm (by user yelberke)
...
000 (10252906.129.000) 07/24 16:15:36 Job submitted from host: <188.185.114.121:9618?addrs=188.185.114.121-9618+[2001-1458-d00-a--100-273]-9618&alias=bigbird19.cern.ch&noUDP&sock=schedd_4961_696e>
...
040 (10252906.129.000) 07/24 16:16:44 Started transferring input files
	Transferring to host: <188.185.193.9:9618?addrs=188.185.193.9-9618+[2001-1458-303-20--100-5]-9618&alias=b9p19p9968.cern.ch&noUDP&sock=slot1_19_2939111_5577_84>
...
040 (10252906.129.000) 07/24 16:16:44 Finished transferring input files
...
001 (10252906.129.000) 07/24 16:16:45 Job executing on host: <188.185.193.9:9618?addrs=188.185.193.9-9618+[2001-1458-303-20--100-5]-9618&alias=b9p19p9968.cern.ch&noUDP&sock=startd_128509_1045>
	SlotName: slot1_19@b9p19p9968.cern.ch
	CondorScratchDir = "/pool/condor/dir_3186751"
	Cpus = 8
	Disk = 3014067
	Memory = 16000
...
006 (10252906.129.000) 07/24 16:16:54 Image size of job updated: 1
	0  -  MemoryUsage of job (MB)
	0  -  ResidentSetSize of job (KB)
...
006 (10252906.129.000) 07/24 16:17:16 Image size of job updated: 161000
	8  -  MemoryUsage of job (MB)
	8004  -  ResidentSetSize of job (KB)
...
040 (10252906.129.000) 07/24 16:17:16 Started transferring output files
...
040 (10252906.129.000) 07/24 16:17:16 Finished transferring output files
...
005 (10252906.129.000) 07/24 16:17:16 Job terminated.
	(1) Normal termination (return value 0)
		Usr 0 00:00:04, Sys 0 00:00:00  -  Run Remote Usage
		Usr 0 00:00:00, Sys 0 00:00:00  -  Run Local Usage
		Usr 0 00:00:04, Sys 0 00:00:00  -  Total Remote Usage
		Usr 0 00:00:00, Sys 0 00:00:00  -  Total Local Usage
	6204  -  Run Bytes Sent By Job
	409597  -  Run Bytes Received By Job
	6204  -  Total Bytes Sent By Job
	409597  -  Total Bytes Received By Job
	Partitionable Resources :    Usage  Request Allocated 
	   Cpus                 :        0        8         8 
	   Disk (KB)            :      426      425   3014067 
	   Memory (MB)          :        8    16000     16000 

	Job terminated of its own accord at 2024-07-24T14:17:16Z with exit-code 0.
...
000 (10252907.129.000) 07/24 16:17:30 Job submitted from host: <188.185.114.121:9618?addrs=188.185.114.121-9618+[2001-1458-d00-a--100-273]-9618&alias=bigbird19.cern.ch&noUDP&sock=schedd_4961_696e>
...
000 (10252908.129.000) 07/24 16:18:03 Job submitted from host: <188.185.114.121:9618?addrs=188.185.114.121-9618+[2001-1458-d00-a--100-273]-9618&alias=bigbird19.cern.ch&noUDP&sock=schedd_4961_696e>
...
000 (10252909.129.000) 07/24 16:18:38 Job submitted from host: <188.185.114.121:9618?addrs=188.185.114.121-9618+[2001-1458-d00-a--100-273]-9618&alias=bigbird19.cern.ch&noUDP&sock=schedd_4961_696e>
...
000 (10252910.129.000) 07/24 16:19:04 Job submitted from host: <188.185.114.121:9618?addrs=188.185.114.121-9618+[2001-1458-d00-a--100-273]-9618&alias=bigbird19.cern.ch&noUDP&sock=schedd_4961_696e>
...
000 (10252911.129.000) 07/24 16:19:17 Job submitted from host: <188.185.114.121:9618?addrs=188.185.114.121-9618+[2001-1458-d00-a--100-273]-9618&alias=bigbird19.cern.ch&noUDP&sock=schedd_4961_696e>
...
000 (10252912.129.000) 07/24 16:19:30 Job submitted from host: <188.185.114.121:9618?addrs=188.185.114.121-9618+[2001-1458-d00-a--100-273]-9618&alias=bigbird19.cern.ch&noUDP&sock=schedd_4961_696e>
...
000 (10252913.129.000) 07/24 16:19:42 Job submitted from host: <188.185.114.121:9618?addrs=188.185.114.121-9618+[2001-1458-d00-a--100-273]-9618&alias=bigbird19.cern.ch&noUDP&sock=schedd_4961_696e>
...
040 (10252907.129.000) 07/24 17:43:41 Started transferring input files
	Transferring to host: <188.185.205.210:9618?addrs=188.185.205.210-9618&alias=b9p04p4241.cern.ch&noUDP&sock=slot1_16_6901_20f2_153500>
...
040 (10252907.129.000) 07/24 17:43:41 Finished transferring input files
...
001 (10252907.129.000) 07/24 17:43:42 Job executing on host: <188.185.205.210:9618?addrs=188.185.205.210-9618&alias=b9p04p4241.cern.ch&noUDP&sock=startd_6683_8f84>
	SlotName: slot1_16@b9p04p4241.cern.ch
	CondorScratchDir = "/pool/condor/dir_632269"
	Cpus = 8
	Disk = 2681271
	Memory = 16000
...
006 (10252907.129.000) 07/24 17:43:47 Image size of job updated: 159820
	8  -  MemoryUsage of job (MB)
	7616  -  ResidentSetSize of job (KB)
...
040 (10252907.129.000) 07/24 17:43:47 Started transferring output files
...
040 (10252907.129.000) 07/24 17:43:47 Finished transferring output files
...
005 (10252907.129.000) 07/24 17:43:47 Job terminated.
	(1) Normal termination (return value 0)
		Usr 0 00:00:03, Sys 0 00:00:00  -  Run Remote Usage
		Usr 0 00:00:00, Sys 0 00:00:00  -  Run Local Usage
		Usr 0 00:00:03, Sys 0 00:00:00  -  Total Remote Usage
		Usr 0 00:00:00, Sys 0 00:00:00  -  Total Local Usage
	6204  -  Run Bytes Sent By Job
	409597  -  Run Bytes Received By Job
	6204  -  Total Bytes Sent By Job
	409597  -  Total Bytes Received By Job
	Partitionable Resources :    Usage  Request Allocated 
	   Cpus                 :        0        8         8 
	   Disk (KB)            :      427      425   2681271 
	   Memory (MB)          :        8    16000     16000 

	Job terminated of its own accord at 2024-07-24T15:43:47Z with exit-code 0.
...
040 (10252908.129.000) 07/24 18:44:05 Started transferring input files
	Transferring to host: <188.185.204.243:9618?addrs=188.185.204.243-9618+[2001-1458-303-8--100-70]-9618&alias=b9p02p9109.cern.ch&noUDP&sock=slot1_16_6803_142e_156678>
...
040 (10252908.129.000) 07/24 18:44:05 Finished transferring input files
...
001 (10252908.129.000) 07/24 18:44:06 Job executing on host: <188.185.204.243:9618?addrs=188.185.204.243-9618+[2001-1458-303-8--100-70]-9618&alias=b9p02p9109.cern.ch&noUDP&sock=startd_6735_3a70>
	SlotName: slot1_16@b9p02p9109.cern.ch
	CondorScratchDir = "/pool/condor/dir_3031525"
	Cpus = 8
	Disk = 2901352
	Memory = 16000
...
006 (10252908.129.000) 07/24 18:44:12 Image size of job updated: 159776
	8  -  MemoryUsage of job (MB)
	7636  -  ResidentSetSize of job (KB)
...
040 (10252908.129.000) 07/24 18:44:12 Started transferring output files
...
040 (10252908.129.000) 07/24 18:44:12 Finished transferring output files
...
005 (10252908.129.000) 07/24 18:44:12 Job terminated.
	(1) Normal termination (return value 0)
		Usr 0 00:00:04, Sys 0 00:00:00  -  Run Remote Usage
		Usr 0 00:00:00, Sys 0 00:00:00  -  Run Local Usage
		Usr 0 00:00:04, Sys 0 00:00:00  -  Total Remote Usage
		Usr 0 00:00:00, Sys 0 00:00:00  -  Total Local Usage
	6204  -  Run Bytes Sent By Job
	409597  -  Run Bytes Received By Job
	6204  -  Total Bytes Sent By Job
	409597  -  Total Bytes Received By Job
	Partitionable Resources :    Usage  Request Allocated 
	   Cpus                 :        0        8         8 
	   Disk (KB)            :      428      425   2901352 
	   Memory (MB)          :        8    16000     16000 

	Job terminated of its own accord at 2024-07-24T16:44:12Z with exit-code 0.
...
040 (10252909.129.000) 07/24 19:47:53 Started transferring input files
	Transferring to host: <188.185.207.187:9618?addrs=188.185.207.187-9618+[2001-1458-303-e--100-38]-9618&alias=b9p08p7595.cern.ch&noUDP&sock=slot1_6_13633_6e83_143409>
...
040 (10252909.129.000) 07/24 19:47:53 Finished transferring input files
...
001 (10252909.129.000) 07/24 19:47:54 Job executing on host: <188.185.207.187:9618?addrs=188.185.207.187-9618+[2001-1458-303-e--100-38]-9618&alias=b9p08p7595.cern.ch&noUDP&sock=startd_12275_351d>
	SlotName: slot1_6@b9p08p7595.cern.ch
	CondorScratchDir = "/pool/condor/dir_3329396"
	Cpus = 8
	Disk = 2852453
	Memory = 16000
...
006 (10252909.129.000) 07/24 19:47:59 Image size of job updated: 159296
	7  -  MemoryUsage of job (MB)
	7136  -  ResidentSetSize of job (KB)
...
040 (10252909.129.000) 07/24 19:47:59 Started transferring output files
...
040 (10252909.129.000) 07/24 19:47:59 Finished transferring output files
...
005 (10252909.129.000) 07/24 19:47:59 Job terminated.
	(1) Normal termination (return value 0)
		Usr 0 00:00:03, Sys 0 00:00:00  -  Run Remote Usage
		Usr 0 00:00:00, Sys 0 00:00:00  -  Run Local Usage
		Usr 0 00:00:03, Sys 0 00:00:00  -  Total Remote Usage
		Usr 0 00:00:00, Sys 0 00:00:00  -  Total Local Usage
	6204  -  Run Bytes Sent By Job
	409597  -  Run Bytes Received By Job
	6204  -  Total Bytes Sent By Job
	409597  -  Total Bytes Received By Job
	Partitionable Resources :    Usage  Request Allocated 
	   Cpus                 :        0        8         8 
	   Disk (KB)            :      428      425   2852453 
	   Memory (MB)          :        7    16000     16000 

	Job terminated of its own accord at 2024-07-24T17:47:59Z with exit-code 0.
...
040 (10252910.129.000) 07/24 20:41:37 Started transferring input files
	Transferring to host: <188.185.207.227:9618?addrs=188.185.207.227-9618+[2001-1458-303-e--100-60]-9618&alias=b9p08p7228.cern.ch&noUDP&sock=slot1_22_5307_02f1_143638>
...
040 (10252910.129.000) 07/24 20:41:37 Finished transferring input files
...
001 (10252910.129.000) 07/24 20:41:38 Job executing on host: <188.185.207.227:9618?addrs=188.185.207.227-9618+[2001-1458-303-e--100-60]-9618&alias=b9p08p7228.cern.ch&noUDP&sock=startd_4373_17be>
	SlotName: slot1_22@b9p08p7228.cern.ch
	CondorScratchDir = "/pool/condor/dir_2186110"
	Cpus = 8
	Disk = 2821073
	Memory = 16000
...
006 (10252910.129.000) 07/24 20:41:43 Image size of job updated: 162940
	9  -  MemoryUsage of job (MB)
	8916  -  ResidentSetSize of job (KB)
...
040 (10252910.129.000) 07/24 20:41:43 Started transferring output files
...
040 (10252910.129.000) 07/24 20:41:43 Finished transferring output files
...
005 (10252910.129.000) 07/24 20:41:43 Job terminated.
	(1) Normal termination (return value 0)
		Usr 0 00:00:03, Sys 0 00:00:00  -  Run Remote Usage
		Usr 0 00:00:00, Sys 0 00:00:00  -  Run Local Usage
		Usr 0 00:00:03, Sys 0 00:00:00  -  Total Remote Usage
		Usr 0 00:00:00, Sys 0 00:00:00  -  Total Local Usage
	6201  -  Run Bytes Sent By Job
	409597  -  Run Bytes Received By Job
	6201  -  Total Bytes Sent By Job
	409597  -  Total Bytes Received By Job
	Partitionable Resources :    Usage  Request Allocated 
	   Cpus                 :        0        8         8 
	   Disk (KB)            :      427      425   2821073 
	   Memory (MB)          :        9    16000     16000 

	Job terminated of its own accord at 2024-07-24T18:41:43Z with exit-code 0.
...
040 (10252911.129.000) 07/24 20:54:36 Started transferring input files
	Transferring to host: <188.185.205.207:9618?addrs=188.185.205.207-9618+[2001-1458-303-a--100-4c]-9618&alias=b9p04p5778.cern.ch&noUDP&sock=slot1_8_7408_5b26_158500>
...
040 (10252911.129.000) 07/24 20:54:36 Finished transferring input files
...
001 (10252911.129.000) 07/24 20:54:37 Job executing on host: <188.185.205.207:9618?addrs=188.185.205.207-9618+[2001-1458-303-a--100-4c]-9618&alias=b9p04p5778.cern.ch&noUDP&sock=startd_7340_353c>
	SlotName: slot1_8@b9p04p5778.cern.ch
	CondorScratchDir = "/pool/condor/dir_3924910"
	Cpus = 8
	Disk = 2962402
	Memory = 16000
...
006 (10252911.129.000) 07/24 20:54:42 Image size of job updated: 160044
	8  -  MemoryUsage of job (MB)
	7508  -  ResidentSetSize of job (KB)
...
040 (10252911.129.000) 07/24 20:54:42 Started transferring output files
...
040 (10252911.129.000) 07/24 20:54:42 Finished transferring output files
...
005 (10252911.129.000) 07/24 20:54:42 Job terminated.
	(1) Normal termination (return value 0)
		Usr 0 00:00:03, Sys 0 00:00:00  -  Run Remote Usage
		Usr 0 00:00:00, Sys 0 00:00:00  -  Run Local Usage
		Usr 0 00:00:03, Sys 0 00:00:00  -  Total Remote Usage
		Usr 0 00:00:00, Sys 0 00:00:00  -  Total Local Usage
	6201  -  Run Bytes Sent By Job
	409597  -  Run Bytes Received By Job
	6201  -  Total Bytes Sent By Job
	409597  -  Total Bytes Received By Job
	Partitionable Resources :    Usage  Request Allocated 
	   Cpus                 :        0        8         8 
	   Disk (KB)            :      428      425   2962402 
	   Memory (MB)          :        8    16000     16000 

	Job terminated of its own accord at 2024-07-24T18:54:42Z with exit-code 0.
...
040 (10252912.129.000) 07/24 21:07:36 Started transferring input files
	Transferring to host: <188.185.196.90:9618?addrs=188.185.196.90-9618+[2001-1458-303-23--100-56]-9618&alias=b9p16p8401.cern.ch&noUDP&sock=slot1_7_3768298_964e_3983>
...
040 (10252912.129.000) 07/24 21:07:36 Finished transferring input files
...
001 (10252912.129.000) 07/24 21:07:37 Job executing on host: <188.185.196.90:9618?addrs=188.185.196.90-9618+[2001-1458-303-23--100-56]-9618&alias=b9p16p8401.cern.ch&noUDP&sock=startd_177825_bcd5>
	SlotName: slot1_7@b9p16p8401.cern.ch
	CondorScratchDir = "/pool/condor/dir_477514"
	Cpus = 8
	Disk = 2958285
	Memory = 16000
...
006 (10252912.129.000) 07/24 21:07:43 Image size of job updated: 160236
	8  -  MemoryUsage of job (MB)
	7712  -  ResidentSetSize of job (KB)
...
040 (10252912.129.000) 07/24 21:07:43 Started transferring output files
...
040 (10252912.129.000) 07/24 21:07:43 Finished transferring output files
...
005 (10252912.129.000) 07/24 21:07:43 Job terminated.
	(1) Normal termination (return value 0)
		Usr 0 00:00:05, Sys 0 00:00:00  -  Run Remote Usage
		Usr 0 00:00:00, Sys 0 00:00:00  -  Run Local Usage
		Usr 0 00:00:05, Sys 0 00:00:00  -  Total Remote Usage
		Usr 0 00:00:00, Sys 0 00:00:00  -  Total Local Usage
	6201  -  Run Bytes Sent By Job
	409597  -  Run Bytes Received By Job
	6201  -  Total Bytes Sent By Job
	409597  -  Total Bytes Received By Job
	Partitionable Resources :    Usage  Request Allocated 
	   Cpus                 :        0        8         8 
	   Disk (KB)            :      427      425   2958285 
	   Memory (MB)          :        8    16000     16000 

	Job terminated of its own accord at 2024-07-24T19:07:43Z with exit-code 0.
...
040 (10252913.129.000) 07/24 21:21:18 Started transferring input files
	Transferring to host: <188.185.204.143:9618?addrs=188.185.204.143-9618+[2001-1458-303-8--100-83]-9618&alias=b9p02p6122.cern.ch&noUDP&sock=slot1_12_64849_bca6_90410>
...
040 (10252913.129.000) 07/24 21:21:18 Finished transferring input files
...
001 (10252913.129.000) 07/24 21:21:20 Job executing on host: <188.185.204.143:9618?addrs=188.185.204.143-9618+[2001-1458-303-8--100-83]-9618&alias=b9p02p6122.cern.ch&noUDP&sock=startd_4591_9f63>
	SlotName: slot1_12@b9p02p6122.cern.ch
	CondorScratchDir = "/pool/condor/dir_1421757"
	Cpus = 8
	Disk = 2954402
	Memory = 16000
...
006 (10252913.129.000) 07/24 21:21:25 Image size of job updated: 159864
	8  -  MemoryUsage of job (MB)
	8028  -  ResidentSetSize of job (KB)
...
040 (10252913.129.000) 07/24 21:21:27 Started transferring output files
...
040 (10252913.129.000) 07/24 21:21:27 Finished transferring output files
...
005 (10252913.129.000) 07/24 21:21:29 Job terminated.
	(1) Normal termination (return value 0)
		Usr 0 00:00:04, Sys 0 00:00:00  -  Run Remote Usage
		Usr 0 00:00:00, Sys 0 00:00:00  -  Run Local Usage
		Usr 0 00:00:04, Sys 0 00:00:00  -  Total Remote Usage
		Usr 0 00:00:00, Sys 0 00:00:00  -  Total Local Usage
	6204  -  Run Bytes Sent By Job
	409597  -  Run Bytes Received By Job
	6204  -  Total Bytes Sent By Job
	409597  -  Total Bytes Received By Job
	Partitionable Resources :    Usage  Request Allocated 
	   Cpus                 :        0        8         8 
	   Disk (KB)            :      430      425   2954402 
	   Memory (MB)          :        8    16000     16000 

	Job terminated of its own accord at 2024-07-24T19:21:25Z with exit-code 0.
...
000 (10261715.129.000) 07/25 13:01:16 Job submitted from host: <188.185.114.121:9618?addrs=188.185.114.121-9618+[2001-1458-d00-a--100-273]-9618&alias=bigbird19.cern.ch&noUDP&sock=schedd_4961_696e>
...
009 (10261715.129.000) 07/25 13:06:35 Job was aborted.
	via condor_rm (by user yelberke)
...
000 (10261767.129.000) 07/25 13:19:51 Job submitted from host: <188.185.114.121:9618?addrs=188.185.114.121-9618+[2001-1458-d00-a--100-273]-9618&alias=bigbird19.cern.ch&noUDP&sock=schedd_4961_696e>
...
040 (10261767.129.000) 07/25 13:27:33 Started transferring input files
	Transferring to host: <188.185.204.173:9618?addrs=188.185.204.173-9618+[2001-1458-303-8--100-a1]-9618&alias=b9p02p8393.cern.ch&noUDP&sock=slot1_4_15190_7aa3_31181>
...
040 (10261767.129.000) 07/25 13:27:33 Finished transferring input files
...
001 (10261767.129.000) 07/25 13:27:34 Job executing on host: <188.185.204.173:9618?addrs=188.185.204.173-9618+[2001-1458-303-8--100-a1]-9618&alias=b9p02p8393.cern.ch&noUDP&sock=startd_14111_8cff>
	SlotName: slot1_4@b9p02p8393.cern.ch
	CondorScratchDir = "/pool/condor/dir_1935724"
	Cpus = 12
	Disk = 2547354
	Memory = 24000
...
006 (10261767.129.000) 07/25 13:27:40 Image size of job updated: 161260
	7  -  MemoryUsage of job (MB)
	6724  -  ResidentSetSize of job (KB)
...
040 (10261767.129.000) 07/25 13:27:40 Started transferring output files
...
040 (10261767.129.000) 07/25 13:27:40 Finished transferring output files
...
005 (10261767.129.000) 07/25 13:27:40 Job terminated.
	(1) Normal termination (return value 0)
		Usr 0 00:00:04, Sys 0 00:00:00  -  Run Remote Usage
		Usr 0 00:00:00, Sys 0 00:00:00  -  Run Local Usage
		Usr 0 00:00:04, Sys 0 00:00:00  -  Total Remote Usage
		Usr 0 00:00:00, Sys 0 00:00:00  -  Total Local Usage
	6204  -  Run Bytes Sent By Job
	409597  -  Run Bytes Received By Job
	6204  -  Total Bytes Sent By Job
	409597  -  Total Bytes Received By Job
	Partitionable Resources :    Usage  Request Allocated 
	   Cpus                 :        0       12        12 
	   Disk (KB)            :      428      425   2547354 
	   Memory (MB)          :        7    24000     24000 

	Job terminated of its own accord at 2024-07-25T11:27:40Z with exit-code 0.
...
000 (10284266.129.000) 08/02 15:44:54 Job submitted from host: <188.185.114.121:9618?addrs=188.185.114.121-9618+[2001-1458-d00-a--100-273]-9618&alias=bigbird19.cern.ch&noUDP&sock=schedd_4961_696e>
...
009 (10284266.129.000) 08/02 15:49:05 Job was aborted.
	via condor_rm (by user yelberke)
...
000 (10284267.129.000) 08/02 15:49:44 Job submitted from host: <188.185.114.121:9618?addrs=188.185.114.121-9618+[2001-1458-d00-a--100-273]-9618&alias=bigbird19.cern.ch&noUDP&sock=schedd_4961_696e>
...
040 (10284267.129.000) 08/02 15:57:56 Started transferring input files
	Transferring to host: <188.185.209.204:9618?addrs=188.185.209.204-9618+[2001-1458-303-12--100-49]-9618&alias=b9p12p0289.cern.ch&noUDP&sock=slot1_11_133009_9f7a_152673>
...
040 (10284267.129.000) 08/02 15:57:56 Finished transferring input files
...
001 (10284267.129.000) 08/02 15:57:57 Job executing on host: <188.185.209.204:9618?addrs=188.185.209.204-9618+[2001-1458-303-12--100-49]-9618&alias=b9p12p0289.cern.ch&noUDP&sock=startd_118299_da50>
	SlotName: slot1_11@b9p12p0289.cern.ch
	CondorScratchDir = "/pool/condor/dir_283194"
	Cpus = 12
	Disk = 2557076
	Memory = 24000
...
006 (10284267.129.000) 08/02 15:57:58 Image size of job updated: 324952
	5  -  MemoryUsage of job (MB)
	4552  -  ResidentSetSize of job (KB)
...
040 (10284267.129.000) 08/02 15:57:58 Started transferring output files
...
040 (10284267.129.000) 08/02 15:57:58 Finished transferring output files
...
005 (10284267.129.000) 08/02 15:57:58 Job terminated.
	(1) Normal termination (return value 139)
		Usr 0 00:00:01, Sys 0 00:00:01  -  Run Remote Usage
		Usr 0 00:00:00, Sys 0 00:00:00  -  Run Local Usage
		Usr 0 00:00:01, Sys 0 00:00:01  -  Total Remote Usage
		Usr 0 00:00:00, Sys 0 00:00:00  -  Total Local Usage
	7696  -  Run Bytes Sent By Job
	409597  -  Run Bytes Received By Job
	7696  -  Total Bytes Sent By Job
	409597  -  Total Bytes Received By Job
	Partitionable Resources :    Usage  Request Allocated 
	   Cpus                 :        0       12        12 
	   Disk (KB)            :      430      425   2557076 
	   Memory (MB)          :        5    24000     24000 

	Job terminated of its own accord at 2024-08-02T13:57:58Z with exit-code 139.
...
