000 (10252905.1344.000) 07/24 16:13:17 Job submitted from host: <188.185.114.121:9618?addrs=188.185.114.121-9618+[2001-1458-d00-a--100-273]-9618&alias=bigbird19.cern.ch&noUDP&sock=schedd_4961_696e>
...
009 (10252905.1344.000) 07/24 16:14:47 Job was aborted.
	via condor_rm (by user yelberke)
...
000 (10252906.1344.000) 07/24 16:15:37 Job submitted from host: <188.185.114.121:9618?addrs=188.185.114.121-9618+[2001-1458-d00-a--100-273]-9618&alias=bigbird19.cern.ch&noUDP&sock=schedd_4961_696e>
...
000 (10252907.1344.000) 07/24 16:17:31 Job submitted from host: <188.185.114.121:9618?addrs=188.185.114.121-9618+[2001-1458-d00-a--100-273]-9618&alias=bigbird19.cern.ch&noUDP&sock=schedd_4961_696e>
...
000 (10252908.1344.000) 07/24 16:18:04 Job submitted from host: <188.185.114.121:9618?addrs=188.185.114.121-9618+[2001-1458-d00-a--100-273]-9618&alias=bigbird19.cern.ch&noUDP&sock=schedd_4961_696e>
...
000 (10252909.1344.000) 07/24 16:18:40 Job submitted from host: <188.185.114.121:9618?addrs=188.185.114.121-9618+[2001-1458-d00-a--100-273]-9618&alias=bigbird19.cern.ch&noUDP&sock=schedd_4961_696e>
...
000 (10252910.1344.000) 07/24 16:19:05 Job submitted from host: <188.185.114.121:9618?addrs=188.185.114.121-9618+[2001-1458-d00-a--100-273]-9618&alias=bigbird19.cern.ch&noUDP&sock=schedd_4961_696e>
...
000 (10252911.1344.000) 07/24 16:19:18 Job submitted from host: <188.185.114.121:9618?addrs=188.185.114.121-9618+[2001-1458-d00-a--100-273]-9618&alias=bigbird19.cern.ch&noUDP&sock=schedd_4961_696e>
...
000 (10252912.1344.000) 07/24 16:19:31 Job submitted from host: <188.185.114.121:9618?addrs=188.185.114.121-9618+[2001-1458-d00-a--100-273]-9618&alias=bigbird19.cern.ch&noUDP&sock=schedd_4961_696e>
...
000 (10252913.1344.000) 07/24 16:19:43 Job submitted from host: <188.185.114.121:9618?addrs=188.185.114.121-9618+[2001-1458-d00-a--100-273]-9618&alias=bigbird19.cern.ch&noUDP&sock=schedd_4961_696e>
...
040 (10252906.1344.000) 07/24 16:27:46 Started transferring input files
	Transferring to host: <128.142.131.168:9618?addrs=128.142.131.168-9618+[2001-1458-301-59--100-9c]-9618&alias=b9g11p9904.cern.ch&noUDP&sock=slot1_1_2993_96d3_72857>
...
040 (10252906.1344.000) 07/24 16:27:46 Finished transferring input files
...
001 (10252906.1344.000) 07/24 16:27:47 Job executing on host: <128.142.131.168:9618?addrs=128.142.131.168-9618+[2001-1458-301-59--100-9c]-9618&alias=b9g11p9904.cern.ch&noUDP&sock=startd_2640_661d>
	SlotName: slot1_1@b9g11p9904.cern.ch
	CondorScratchDir = "/pool/condor/dir_990531"
	Cpus = 8
	Disk = 1676962
	Memory = 16000
...
006 (10252906.1344.000) 07/24 16:27:55 Image size of job updated: 279864
	274  -  MemoryUsage of job (MB)
	279864  -  ResidentSetSize of job (KB)
...
040 (10252906.1344.000) 07/24 16:27:58 Started transferring output files
...
040 (10252906.1344.000) 07/24 16:27:58 Finished transferring output files
...
005 (10252906.1344.000) 07/24 16:27:58 Job terminated.
	(1) Normal termination (return value 0)
		Usr 0 00:00:07, Sys 0 00:00:00  -  Run Remote Usage
		Usr 0 00:00:00, Sys 0 00:00:00  -  Run Local Usage
		Usr 0 00:00:07, Sys 0 00:00:00  -  Total Remote Usage
		Usr 0 00:00:00, Sys 0 00:00:00  -  Total Local Usage
	6204  -  Run Bytes Sent By Job
	409597  -  Run Bytes Received By Job
	6204  -  Total Bytes Sent By Job
	409597  -  Total Bytes Received By Job
	Partitionable Resources :    Usage  Request Allocated 
	   Cpus                 :        0        8         8 
	   Disk (KB)            :      427      425   1676962 
	   Memory (MB)          :      274    16000     16000 

	Job terminated of its own accord at 2024-07-24T14:27:58Z with exit-code 0.
...
040 (10252907.1344.000) 07/24 17:53:33 Started transferring input files
	Transferring to host: <188.185.204.194:9618?addrs=188.185.204.194-9618+[2001-1458-303-8--100-b6]-9618&alias=b9p02p3136.cern.ch&noUDP&sock=slot1_3_7276_59a1_157297>
...
040 (10252907.1344.000) 07/24 17:53:33 Finished transferring input files
...
001 (10252907.1344.000) 07/24 17:53:34 Job executing on host: <188.185.204.194:9618?addrs=188.185.204.194-9618+[2001-1458-303-8--100-b6]-9618&alias=b9p02p3136.cern.ch&noUDP&sock=startd_7206_4b8c>
	SlotName: slot1_3@b9p02p3136.cern.ch
	CondorScratchDir = "/pool/condor/dir_1031238"
	Cpus = 8
	Disk = 2813302
	Memory = 16000
...
006 (10252907.1344.000) 07/24 17:53:38 Image size of job updated: 168624
	13  -  MemoryUsage of job (MB)
	12392  -  ResidentSetSize of job (KB)
...
040 (10252907.1344.000) 07/24 17:53:38 Started transferring output files
...
040 (10252907.1344.000) 07/24 17:53:38 Finished transferring output files
...
005 (10252907.1344.000) 07/24 17:53:38 Job terminated.
	(1) Normal termination (return value 0)
		Usr 0 00:00:03, Sys 0 00:00:00  -  Run Remote Usage
		Usr 0 00:00:00, Sys 0 00:00:00  -  Run Local Usage
		Usr 0 00:00:03, Sys 0 00:00:00  -  Total Remote Usage
		Usr 0 00:00:00, Sys 0 00:00:00  -  Total Local Usage
	6204  -  Run Bytes Sent By Job
	409597  -  Run Bytes Received By Job
	6204  -  Total Bytes Sent By Job
	409597  -  Total Bytes Received By Job
	Partitionable Resources :    Usage  Request Allocated 
	   Cpus                 :        0        8         8 
	   Disk (KB)            :      428      425   2813302 
	   Memory (MB)          :       13    16000     16000 

	Job terminated of its own accord at 2024-07-24T15:53:38Z with exit-code 0.
...
040 (10252908.1344.000) 07/24 18:57:44 Started transferring input files
	Transferring to host: <188.185.208.9:9618?addrs=188.185.208.9-9618+[2001-1458-303-f--100-6]-9618&alias=b9p09p4155.cern.ch&noUDP&sock=slot1_2_24454_ce1b_24758>
...
040 (10252908.1344.000) 07/24 18:57:44 Finished transferring input files
...
001 (10252908.1344.000) 07/24 18:57:45 Job executing on host: <188.185.208.9:9618?addrs=188.185.208.9-9618+[2001-1458-303-f--100-6]-9618&alias=b9p09p4155.cern.ch&noUDP&sock=startd_22827_0076>
	SlotName: slot1_2@b9p09p4155.cern.ch
	CondorScratchDir = "/pool/condor/dir_1071169"
	Cpus = 8
	Disk = 2809254
	Memory = 16000
...
006 (10252908.1344.000) 07/24 18:57:49 Image size of job updated: 164176
	10  -  MemoryUsage of job (MB)
	9728  -  ResidentSetSize of job (KB)
...
040 (10252908.1344.000) 07/24 18:57:49 Started transferring output files
...
040 (10252908.1344.000) 07/24 18:57:49 Finished transferring output files
...
005 (10252908.1344.000) 07/24 18:57:49 Job terminated.
	(1) Normal termination (return value 0)
		Usr 0 00:00:03, Sys 0 00:00:00  -  Run Remote Usage
		Usr 0 00:00:00, Sys 0 00:00:00  -  Run Local Usage
		Usr 0 00:00:03, Sys 0 00:00:00  -  Total Remote Usage
		Usr 0 00:00:00, Sys 0 00:00:00  -  Total Local Usage
	6204  -  Run Bytes Sent By Job
	409597  -  Run Bytes Received By Job
	6204  -  Total Bytes Sent By Job
	409597  -  Total Bytes Received By Job
	Partitionable Resources :    Usage  Request Allocated 
	   Cpus                 :        0        8         8 
	   Disk (KB)            :      428      425   2809254 
	   Memory (MB)          :       10    16000     16000 

	Job terminated of its own accord at 2024-07-24T16:57:49Z with exit-code 0.
...
040 (10252909.1344.000) 07/24 19:57:31 Started transferring input files
	Transferring to host: <188.185.209.23:9618?addrs=188.185.209.23-9618+[2001-1458-303-11--100-14]-9618&alias=b9p11p1230.cern.ch&noUDP&sock=slot1_7_21122_1c14_24809>
...
040 (10252909.1344.000) 07/24 19:57:31 Finished transferring input files
...
001 (10252909.1344.000) 07/24 19:57:32 Job executing on host: <188.185.209.23:9618?addrs=188.185.209.23-9618+[2001-1458-303-11--100-14]-9618&alias=b9p11p1230.cern.ch&noUDP&sock=startd_19973_652b>
	SlotName: slot1_7@b9p11p1230.cern.ch
	CondorScratchDir = "/pool/condor/dir_3575482"
	Cpus = 8
	Disk = 2808679
	Memory = 16000
...
006 (10252909.1344.000) 07/24 19:57:36 Image size of job updated: 161156
	9  -  MemoryUsage of job (MB)
	8496  -  ResidentSetSize of job (KB)
...
040 (10252909.1344.000) 07/24 19:57:36 Started transferring output files
...
040 (10252909.1344.000) 07/24 19:57:36 Finished transferring output files
...
005 (10252909.1344.000) 07/24 19:57:36 Job terminated.
	(1) Normal termination (return value 0)
		Usr 0 00:00:03, Sys 0 00:00:00  -  Run Remote Usage
		Usr 0 00:00:00, Sys 0 00:00:00  -  Run Local Usage
		Usr 0 00:00:03, Sys 0 00:00:00  -  Total Remote Usage
		Usr 0 00:00:00, Sys 0 00:00:00  -  Total Local Usage
	6204  -  Run Bytes Sent By Job
	409597  -  Run Bytes Received By Job
	6204  -  Total Bytes Sent By Job
	409597  -  Total Bytes Received By Job
	Partitionable Resources :    Usage  Request Allocated 
	   Cpus                 :        0        8         8 
	   Disk (KB)            :      428      425   2808679 
	   Memory (MB)          :        9    16000     16000 

	Job terminated of its own accord at 2024-07-24T17:57:36Z with exit-code 0.
...
040 (10252910.1344.000) 07/24 20:49:04 Started transferring input files
	Transferring to host: <188.185.205.217:9618?addrs=188.185.205.217-9618+[2001-1458-303-a--100-56]-9618&alias=b9p04p4590.cern.ch&noUDP&sock=slot1_6_7423_ecc7_155093>
...
040 (10252910.1344.000) 07/24 20:49:04 Finished transferring input files
...
001 (10252910.1344.000) 07/24 20:49:05 Job executing on host: <188.185.205.217:9618?addrs=188.185.205.217-9618+[2001-1458-303-a--100-56]-9618&alias=b9p04p4590.cern.ch&noUDP&sock=startd_7356_2ec0>
	SlotName: slot1_6@b9p04p4590.cern.ch
	CondorScratchDir = "/pool/condor/dir_3596741"
	Cpus = 8
	Disk = 2941725
	Memory = 16000
...
006 (10252910.1344.000) 07/24 20:49:09 Image size of job updated: 155672
	6  -  MemoryUsage of job (MB)
	5992  -  ResidentSetSize of job (KB)
...
040 (10252910.1344.000) 07/24 20:49:09 Started transferring output files
...
040 (10252910.1344.000) 07/24 20:49:09 Finished transferring output files
...
005 (10252910.1344.000) 07/24 20:49:09 Job terminated.
	(1) Normal termination (return value 0)
		Usr 0 00:00:03, Sys 0 00:00:00  -  Run Remote Usage
		Usr 0 00:00:00, Sys 0 00:00:00  -  Run Local Usage
		Usr 0 00:00:03, Sys 0 00:00:00  -  Total Remote Usage
		Usr 0 00:00:00, Sys 0 00:00:00  -  Total Local Usage
	6201  -  Run Bytes Sent By Job
	409597  -  Run Bytes Received By Job
	6201  -  Total Bytes Sent By Job
	409597  -  Total Bytes Received By Job
	Partitionable Resources :    Usage  Request Allocated 
	   Cpus                 :        0        8         8 
	   Disk (KB)            :      428      425   2941725 
	   Memory (MB)          :        6    16000     16000 

	Job terminated of its own accord at 2024-07-24T18:49:09Z with exit-code 0.
...
040 (10252911.1344.000) 07/24 21:01:30 Started transferring input files
	Transferring to host: <188.185.209.189:9618?addrs=188.185.209.189-9618+[2001-1458-303-12--100-3a]-9618&alias=b9p12p5961.cern.ch&noUDP&sock=slot1_17_3731474_bf74_74811>
...
040 (10252911.1344.000) 07/24 21:01:30 Finished transferring input files
...
001 (10252911.1344.000) 07/24 21:01:32 Job executing on host: <188.185.209.189:9618?addrs=188.185.209.189-9618+[2001-1458-303-12--100-3a]-9618&alias=b9p12p5961.cern.ch&noUDP&sock=startd_1532964_6041>
	SlotName: slot1_17@b9p12p5961.cern.ch
	CondorScratchDir = "/pool/condor/dir_349454"
	Cpus = 8
	Disk = 2809382
	Memory = 16000
...
006 (10252911.1344.000) 07/24 21:01:36 Image size of job updated: 159524
	8  -  MemoryUsage of job (MB)
	7676  -  ResidentSetSize of job (KB)
...
040 (10252911.1344.000) 07/24 21:01:36 Started transferring output files
...
040 (10252911.1344.000) 07/24 21:01:36 Finished transferring output files
...
005 (10252911.1344.000) 07/24 21:01:38 Job terminated.
	(1) Normal termination (return value 0)
		Usr 0 00:00:03, Sys 0 00:00:00  -  Run Remote Usage
		Usr 0 00:00:00, Sys 0 00:00:00  -  Run Local Usage
		Usr 0 00:00:03, Sys 0 00:00:00  -  Total Remote Usage
		Usr 0 00:00:00, Sys 0 00:00:00  -  Total Local Usage
	6204  -  Run Bytes Sent By Job
	409597  -  Run Bytes Received By Job
	6204  -  Total Bytes Sent By Job
	409597  -  Total Bytes Received By Job
	Partitionable Resources :    Usage  Request Allocated 
	   Cpus                 :        0        8         8 
	   Disk (KB)            :      430      425   2809382 
	   Memory (MB)          :        8    16000     16000 

	Job terminated of its own accord at 2024-07-24T19:01:36Z with exit-code 0.
...
040 (10252912.1344.000) 07/24 21:15:30 Started transferring input files
	Transferring to host: <188.185.206.216:9618?addrs=188.185.206.216-9618&alias=b9p06p6434.cern.ch&noUDP&sock=slot1_15_6544_9703_154339>
...
040 (10252912.1344.000) 07/24 21:15:30 Finished transferring input files
...
001 (10252912.1344.000) 07/24 21:15:31 Job executing on host: <188.185.206.216:9618?addrs=188.185.206.216-9618&alias=b9p06p6434.cern.ch&noUDP&sock=startd_6078_94b7>
	SlotName: slot1_15@b9p06p6434.cern.ch
	CondorScratchDir = "/pool/condor/dir_2139456"
	Cpus = 8
	Disk = 2803189
	Memory = 16000
...
006 (10252912.1344.000) 07/24 21:15:37 Image size of job updated: 162504
	9  -  MemoryUsage of job (MB)
	8584  -  ResidentSetSize of job (KB)
...
040 (10252912.1344.000) 07/24 21:15:37 Started transferring output files
...
040 (10252912.1344.000) 07/24 21:15:37 Finished transferring output files
...
005 (10252912.1344.000) 07/24 21:15:37 Job terminated.
	(1) Normal termination (return value 0)
		Usr 0 00:00:04, Sys 0 00:00:00  -  Run Remote Usage
		Usr 0 00:00:00, Sys 0 00:00:00  -  Run Local Usage
		Usr 0 00:00:04, Sys 0 00:00:00  -  Total Remote Usage
		Usr 0 00:00:00, Sys 0 00:00:00  -  Total Local Usage
	6201  -  Run Bytes Sent By Job
	409597  -  Run Bytes Received By Job
	6201  -  Total Bytes Sent By Job
	409597  -  Total Bytes Received By Job
	Partitionable Resources :    Usage  Request Allocated 
	   Cpus                 :        0        8         8 
	   Disk (KB)            :      427      425   2803189 
	   Memory (MB)          :        9    16000     16000 

	Job terminated of its own accord at 2024-07-24T19:15:37Z with exit-code 0.
...
040 (10252913.1344.000) 07/24 21:28:17 Started transferring input files
	Transferring to host: <188.185.207.227:9618?addrs=188.185.207.227-9618+[2001-1458-303-e--100-60]-9618&alias=b9p08p7228.cern.ch&noUDP&sock=slot1_22_5307_02f1_143763>
...
040 (10252913.1344.000) 07/24 21:28:17 Finished transferring input files
...
001 (10252913.1344.000) 07/24 21:28:18 Job executing on host: <188.185.207.227:9618?addrs=188.185.207.227-9618+[2001-1458-303-e--100-60]-9618&alias=b9p08p7228.cern.ch&noUDP&sock=startd_4373_17be>
	SlotName: slot1_22@b9p08p7228.cern.ch
	CondorScratchDir = "/pool/condor/dir_2326158"
	Cpus = 8
	Disk = 2811290
	Memory = 16000
...
006 (10252913.1344.000) 07/24 21:28:23 Image size of job updated: 163744
	10  -  MemoryUsage of job (MB)
	9804  -  ResidentSetSize of job (KB)
...
040 (10252913.1344.000) 07/24 21:28:23 Started transferring output files
...
040 (10252913.1344.000) 07/24 21:28:23 Finished transferring output files
...
005 (10252913.1344.000) 07/24 21:28:23 Job terminated.
	(1) Normal termination (return value 0)
		Usr 0 00:00:03, Sys 0 00:00:00  -  Run Remote Usage
		Usr 0 00:00:00, Sys 0 00:00:00  -  Run Local Usage
		Usr 0 00:00:03, Sys 0 00:00:00  -  Total Remote Usage
		Usr 0 00:00:00, Sys 0 00:00:00  -  Total Local Usage
	6204  -  Run Bytes Sent By Job
	409597  -  Run Bytes Received By Job
	6204  -  Total Bytes Sent By Job
	409597  -  Total Bytes Received By Job
	Partitionable Resources :    Usage  Request Allocated 
	   Cpus                 :        0        8         8 
	   Disk (KB)            :      428      425   2811290 
	   Memory (MB)          :       10    16000     16000 

	Job terminated of its own accord at 2024-07-24T19:28:23Z with exit-code 0.
...
000 (10261715.1344.000) 07/25 13:01:56 Job submitted from host: <188.185.114.121:9618?addrs=188.185.114.121-9618+[2001-1458-d00-a--100-273]-9618&alias=bigbird19.cern.ch&noUDP&sock=schedd_4961_696e>
...
009 (10261715.1344.000) 07/25 13:06:43 Job was aborted.
	via condor_rm (by user yelberke)
...
000 (10261767.1344.000) 07/25 13:20:15 Job submitted from host: <188.185.114.121:9618?addrs=188.185.114.121-9618+[2001-1458-d00-a--100-273]-9618&alias=bigbird19.cern.ch&noUDP&sock=schedd_4961_696e>
...
040 (10261767.1344.000) 07/25 14:11:31 Started transferring input files
	Transferring to host: <188.185.209.159:9618?addrs=188.185.209.159-9618+[2001-1458-303-12--100-1c]-9618&alias=b9p12p5340.cern.ch&noUDP&sock=slot1_11_11900_605d_141450>
...
040 (10261767.1344.000) 07/25 14:11:31 Finished transferring input files
...
001 (10261767.1344.000) 07/25 14:11:32 Job executing on host: <188.185.209.159:9618?addrs=188.185.209.159-9618+[2001-1458-303-12--100-1c]-9618&alias=b9p12p5340.cern.ch&noUDP&sock=startd_10615_95e7>
	SlotName: slot1_11@b9p12p5340.cern.ch
	CondorScratchDir = "/pool/condor/dir_1559236"
	Cpus = 12
	Disk = 2691837
	Memory = 24000
...
006 (10261767.1344.000) 07/25 14:11:37 Image size of job updated: 165996
	11  -  MemoryUsage of job (MB)
	10252  -  ResidentSetSize of job (KB)
...
040 (10261767.1344.000) 07/25 14:11:37 Started transferring output files
...
040 (10261767.1344.000) 07/25 14:11:38 Finished transferring output files
...
005 (10261767.1344.000) 07/25 14:11:38 Job terminated.
	(1) Normal termination (return value 0)
		Usr 0 00:00:04, Sys 0 00:00:00  -  Run Remote Usage
		Usr 0 00:00:00, Sys 0 00:00:00  -  Run Local Usage
		Usr 0 00:00:04, Sys 0 00:00:00  -  Total Remote Usage
		Usr 0 00:00:00, Sys 0 00:00:00  -  Total Local Usage
	6204  -  Run Bytes Sent By Job
	409597  -  Run Bytes Received By Job
	6204  -  Total Bytes Sent By Job
	409597  -  Total Bytes Received By Job
	Partitionable Resources :    Usage  Request Allocated 
	   Cpus                 :        0       12        12 
	   Disk (KB)            :      428      425   2691837 
	   Memory (MB)          :       11    24000     24000 

	Job terminated of its own accord at 2024-07-25T12:11:37Z with exit-code 0.
...
000 (10284266.1344.000) 08/02 15:45:37 Job submitted from host: <188.185.114.121:9618?addrs=188.185.114.121-9618+[2001-1458-d00-a--100-273]-9618&alias=bigbird19.cern.ch&noUDP&sock=schedd_4961_696e>
...
009 (10284266.1344.000) 08/02 15:49:26 Job was aborted.
	via condor_rm (by user yelberke)
...
000 (10284267.1344.000) 08/02 15:49:50 Job submitted from host: <188.185.114.121:9618?addrs=188.185.114.121-9618+[2001-1458-d00-a--100-273]-9618&alias=bigbird19.cern.ch&noUDP&sock=schedd_4961_696e>
...
040 (10284267.1344.000) 08/02 16:25:44 Started transferring input files
	Transferring to host: <188.185.195.165:9618?addrs=188.185.195.165-9618+[2001-1458-303-22--100-a1]-9618&alias=b9p17p9246.cern.ch&noUDP&sock=slot1_3_888432_7719_311>
...
040 (10284267.1344.000) 08/02 16:25:44 Finished transferring input files
...
001 (10284267.1344.000) 08/02 16:25:45 Job executing on host: <188.185.195.165:9618?addrs=188.185.195.165-9618+[2001-1458-303-22--100-a1]-9618&alias=b9p17p9246.cern.ch&noUDP&sock=startd_178045_a3ab>
	SlotName: slot1_3@b9p17p9246.cern.ch
	CondorScratchDir = "/pool/condor/dir_2597439"
	Cpus = 12
	Disk = 3076859
	Memory = 24000
...
006 (10284267.1344.000) 08/02 16:25:46 Image size of job updated: 316420
	6  -  MemoryUsage of job (MB)
	5512  -  ResidentSetSize of job (KB)
...
040 (10284267.1344.000) 08/02 16:25:46 Started transferring output files
...
040 (10284267.1344.000) 08/02 16:25:46 Finished transferring output files
...
005 (10284267.1344.000) 08/02 16:25:46 Job terminated.
	(1) Normal termination (return value 139)
		Usr 0 00:00:02, Sys 0 00:00:00  -  Run Remote Usage
		Usr 0 00:00:00, Sys 0 00:00:00  -  Run Local Usage
		Usr 0 00:00:02, Sys 0 00:00:00  -  Total Remote Usage
		Usr 0 00:00:00, Sys 0 00:00:00  -  Total Local Usage
	7696  -  Run Bytes Sent By Job
	409597  -  Run Bytes Received By Job
	7696  -  Total Bytes Sent By Job
	409597  -  Total Bytes Received By Job
	Partitionable Resources :    Usage  Request Allocated 
	   Cpus                 :        0       12        12 
	   Disk (KB)            :      429      425   3076859 
	   Memory (MB)          :        6    24000     24000 

	Job terminated of its own accord at 2024-08-02T14:25:46Z with exit-code 139.
...
