000 (10252905.1390.000) 07/24 16:13:17 Job submitted from host: <188.185.114.121:9618?addrs=188.185.114.121-9618+[2001-1458-d00-a--100-273]-9618&alias=bigbird19.cern.ch&noUDP&sock=schedd_4961_696e>
...
009 (10252905.1390.000) 07/24 16:14:47 Job was aborted.
	via condor_rm (by user yelberke)
...
000 (10252906.1390.000) 07/24 16:15:37 Job submitted from host: <188.185.114.121:9618?addrs=188.185.114.121-9618+[2001-1458-d00-a--100-273]-9618&alias=bigbird19.cern.ch&noUDP&sock=schedd_4961_696e>
...
000 (10252907.1390.000) 07/24 16:17:31 Job submitted from host: <188.185.114.121:9618?addrs=188.185.114.121-9618+[2001-1458-d00-a--100-273]-9618&alias=bigbird19.cern.ch&noUDP&sock=schedd_4961_696e>
...
000 (10252908.1390.000) 07/24 16:18:04 Job submitted from host: <188.185.114.121:9618?addrs=188.185.114.121-9618+[2001-1458-d00-a--100-273]-9618&alias=bigbird19.cern.ch&noUDP&sock=schedd_4961_696e>
...
000 (10252909.1390.000) 07/24 16:18:40 Job submitted from host: <188.185.114.121:9618?addrs=188.185.114.121-9618+[2001-1458-d00-a--100-273]-9618&alias=bigbird19.cern.ch&noUDP&sock=schedd_4961_696e>
...
000 (10252910.1390.000) 07/24 16:19:05 Job submitted from host: <188.185.114.121:9618?addrs=188.185.114.121-9618+[2001-1458-d00-a--100-273]-9618&alias=bigbird19.cern.ch&noUDP&sock=schedd_4961_696e>
...
000 (10252911.1390.000) 07/24 16:19:19 Job submitted from host: <188.185.114.121:9618?addrs=188.185.114.121-9618+[2001-1458-d00-a--100-273]-9618&alias=bigbird19.cern.ch&noUDP&sock=schedd_4961_696e>
...
000 (10252912.1390.000) 07/24 16:19:31 Job submitted from host: <188.185.114.121:9618?addrs=188.185.114.121-9618+[2001-1458-d00-a--100-273]-9618&alias=bigbird19.cern.ch&noUDP&sock=schedd_4961_696e>
...
000 (10252913.1390.000) 07/24 16:19:44 Job submitted from host: <188.185.114.121:9618?addrs=188.185.114.121-9618+[2001-1458-d00-a--100-273]-9618&alias=bigbird19.cern.ch&noUDP&sock=schedd_4961_696e>
...
040 (10252906.1390.000) 07/24 16:28:00 Started transferring input files
	Transferring to host: <188.185.208.58:9618?addrs=188.185.208.58-9618+[2001-1458-303-f--100-37]-9618&alias=b9p09p3569.cern.ch&noUDP&sock=slot1_4_5435_32f6_141172>
...
040 (10252906.1390.000) 07/24 16:28:00 Finished transferring input files
...
001 (10252906.1390.000) 07/24 16:28:01 Job executing on host: <188.185.208.58:9618?addrs=188.185.208.58-9618+[2001-1458-303-f--100-37]-9618&alias=b9p09p3569.cern.ch&noUDP&sock=startd_4527_b953>
	SlotName: slot1_4@b9p09p3569.cern.ch
	CondorScratchDir = "/pool/condor/dir_1265918"
	Cpus = 8
	Disk = 2805608
	Memory = 16000
...
006 (10252906.1390.000) 07/24 16:28:08 Image size of job updated: 159872
	8  -  MemoryUsage of job (MB)
	7536  -  ResidentSetSize of job (KB)
...
040 (10252906.1390.000) 07/24 16:28:08 Started transferring output files
...
040 (10252906.1390.000) 07/24 16:28:09 Finished transferring output files
...
005 (10252906.1390.000) 07/24 16:28:09 Job terminated.
	(1) Normal termination (return value 0)
		Usr 0 00:00:05, Sys 0 00:00:00  -  Run Remote Usage
		Usr 0 00:00:00, Sys 0 00:00:00  -  Run Local Usage
		Usr 0 00:00:05, Sys 0 00:00:00  -  Total Remote Usage
		Usr 0 00:00:00, Sys 0 00:00:00  -  Total Local Usage
	6204  -  Run Bytes Sent By Job
	409597  -  Run Bytes Received By Job
	6204  -  Total Bytes Sent By Job
	409597  -  Total Bytes Received By Job
	Partitionable Resources :    Usage  Request Allocated 
	   Cpus                 :        0        8         8 
	   Disk (KB)            :      427      425   2805608 
	   Memory (MB)          :        8    16000     16000 

	Job terminated of its own accord at 2024-07-24T14:28:08Z with exit-code 0.
...
040 (10252907.1390.000) 07/24 17:53:48 Started transferring input files
	Transferring to host: <188.185.193.120:9618?addrs=188.185.193.120-9618+[2001-1458-303-20--100-74]-9618&alias=b9p19p7803.cern.ch&noUDP&sock=slot1_11_2332722_6d44_202>
...
040 (10252907.1390.000) 07/24 17:53:48 Finished transferring input files
...
001 (10252907.1390.000) 07/24 17:53:49 Job executing on host: <188.185.193.120:9618?addrs=188.185.193.120-9618+[2001-1458-303-20--100-74]-9618&alias=b9p19p7803.cern.ch&noUDP&sock=startd_128574_a5ed>
	SlotName: slot1_11@b9p19p7803.cern.ch
	CondorScratchDir = "/pool/condor/dir_2495424"
	Cpus = 8
	Disk = 2998196
	Memory = 16000
...
006 (10252907.1390.000) 07/24 17:53:54 Image size of job updated: 162560
	10  -  MemoryUsage of job (MB)
	10136  -  ResidentSetSize of job (KB)
...
040 (10252907.1390.000) 07/24 17:53:54 Started transferring output files
...
040 (10252907.1390.000) 07/24 17:53:54 Finished transferring output files
...
005 (10252907.1390.000) 07/24 17:53:54 Job terminated.
	(1) Normal termination (return value 0)
		Usr 0 00:00:04, Sys 0 00:00:00  -  Run Remote Usage
		Usr 0 00:00:00, Sys 0 00:00:00  -  Run Local Usage
		Usr 0 00:00:04, Sys 0 00:00:00  -  Total Remote Usage
		Usr 0 00:00:00, Sys 0 00:00:00  -  Total Local Usage
	6204  -  Run Bytes Sent By Job
	409597  -  Run Bytes Received By Job
	6204  -  Total Bytes Sent By Job
	409597  -  Total Bytes Received By Job
	Partitionable Resources :    Usage  Request Allocated 
	   Cpus                 :        0        8         8 
	   Disk (KB)            :      428      425   2998196 
	   Memory (MB)          :       10    16000     16000 

	Job terminated of its own accord at 2024-07-24T15:53:54Z with exit-code 0.
...
040 (10252908.1390.000) 07/24 18:57:59 Started transferring input files
	Transferring to host: <188.185.207.7:9618?addrs=188.185.207.7-9618+[2001-1458-303-d--100-4]-9618&alias=b9p07p4996.cern.ch&noUDP&sock=slot1_12_41173_da63_24787>
...
040 (10252908.1390.000) 07/24 18:57:59 Finished transferring input files
...
001 (10252908.1390.000) 07/24 18:58:00 Job executing on host: <188.185.207.7:9618?addrs=188.185.207.7-9618+[2001-1458-303-d--100-4]-9618&alias=b9p07p4996.cern.ch&noUDP&sock=startd_39959_20fa>
	SlotName: slot1_12@b9p07p4996.cern.ch
	CondorScratchDir = "/pool/condor/dir_2638785"
	Cpus = 8
	Disk = 2822919
	Memory = 16000
...
006 (10252908.1390.000) 07/24 18:58:04 Image size of job updated: 158768
	8  -  MemoryUsage of job (MB)
	7828  -  ResidentSetSize of job (KB)
...
040 (10252908.1390.000) 07/24 18:58:04 Started transferring output files
...
040 (10252908.1390.000) 07/24 18:58:04 Finished transferring output files
...
005 (10252908.1390.000) 07/24 18:58:04 Job terminated.
	(1) Normal termination (return value 0)
		Usr 0 00:00:03, Sys 0 00:00:00  -  Run Remote Usage
		Usr 0 00:00:00, Sys 0 00:00:00  -  Run Local Usage
		Usr 0 00:00:03, Sys 0 00:00:00  -  Total Remote Usage
		Usr 0 00:00:00, Sys 0 00:00:00  -  Total Local Usage
	6204  -  Run Bytes Sent By Job
	409597  -  Run Bytes Received By Job
	6204  -  Total Bytes Sent By Job
	409597  -  Total Bytes Received By Job
	Partitionable Resources :    Usage  Request Allocated 
	   Cpus                 :        0        8         8 
	   Disk (KB)            :      428      425   2822919 
	   Memory (MB)          :        8    16000     16000 

	Job terminated of its own accord at 2024-07-24T16:58:04Z with exit-code 0.
...
040 (10252909.1390.000) 07/24 19:57:42 Started transferring input files
	Transferring to host: <188.185.207.143:9618?addrs=188.185.207.143-9618+[2001-1458-303-e--100-c]-9618&alias=b9p08p3391.cern.ch&noUDP&sock=slot1_12_20694_8b83_25588>
...
040 (10252909.1390.000) 07/24 19:57:42 Finished transferring input files
...
001 (10252909.1390.000) 07/24 19:57:43 Job executing on host: <188.185.207.143:9618?addrs=188.185.207.143-9618+[2001-1458-303-e--100-c]-9618&alias=b9p08p3391.cern.ch&noUDP&sock=startd_19462_e446>
	SlotName: slot1_12@b9p08p3391.cern.ch
	CondorScratchDir = "/pool/condor/dir_2007288"
	Cpus = 8
	Disk = 2775353
	Memory = 16000
...
006 (10252909.1390.000) 07/24 19:57:48 Image size of job updated: 157800
	7  -  MemoryUsage of job (MB)
	7044  -  ResidentSetSize of job (KB)
...
040 (10252909.1390.000) 07/24 19:57:48 Started transferring output files
...
040 (10252909.1390.000) 07/24 19:57:48 Finished transferring output files
...
005 (10252909.1390.000) 07/24 19:57:48 Job terminated.
	(1) Normal termination (return value 0)
		Usr 0 00:00:03, Sys 0 00:00:00  -  Run Remote Usage
		Usr 0 00:00:00, Sys 0 00:00:00  -  Run Local Usage
		Usr 0 00:00:03, Sys 0 00:00:00  -  Total Remote Usage
		Usr 0 00:00:00, Sys 0 00:00:00  -  Total Local Usage
	6204  -  Run Bytes Sent By Job
	409597  -  Run Bytes Received By Job
	6204  -  Total Bytes Sent By Job
	409597  -  Total Bytes Received By Job
	Partitionable Resources :    Usage  Request Allocated 
	   Cpus                 :        0        8         8 
	   Disk (KB)            :      431      425   2775353 
	   Memory (MB)          :        7    16000     16000 

	Job terminated of its own accord at 2024-07-24T17:57:48Z with exit-code 0.
...
040 (10252910.1390.000) 07/24 20:49:19 Started transferring input files
	Transferring to host: <188.185.195.157:9618?addrs=188.185.195.157-9618+[2001-1458-303-22--100-99]-9618&alias=b9p17p0988.cern.ch&noUDP&sock=slot1_7_137964_de63_30342>
...
040 (10252910.1390.000) 07/24 20:49:19 Finished transferring input files
...
001 (10252910.1390.000) 07/24 20:49:20 Job executing on host: <188.185.195.157:9618?addrs=188.185.195.157-9618+[2001-1458-303-22--100-99]-9618&alias=b9p17p0988.cern.ch&noUDP&sock=startd_127892_da56>
	SlotName: slot1_7@b9p17p0988.cern.ch
	CondorScratchDir = "/pool/condor/dir_2124981"
	Cpus = 8
	Disk = 3016221
	Memory = 16000
...
006 (10252910.1390.000) 07/24 20:49:25 Image size of job updated: 161316
	9  -  MemoryUsage of job (MB)
	8568  -  ResidentSetSize of job (KB)
...
040 (10252910.1390.000) 07/24 20:49:25 Started transferring output files
...
040 (10252910.1390.000) 07/24 20:49:25 Finished transferring output files
...
005 (10252910.1390.000) 07/24 20:49:25 Job terminated.
	(1) Normal termination (return value 0)
		Usr 0 00:00:04, Sys 0 00:00:00  -  Run Remote Usage
		Usr 0 00:00:00, Sys 0 00:00:00  -  Run Local Usage
		Usr 0 00:00:04, Sys 0 00:00:00  -  Total Remote Usage
		Usr 0 00:00:00, Sys 0 00:00:00  -  Total Local Usage
	6201  -  Run Bytes Sent By Job
	409597  -  Run Bytes Received By Job
	6201  -  Total Bytes Sent By Job
	409597  -  Total Bytes Received By Job
	Partitionable Resources :    Usage  Request Allocated 
	   Cpus                 :        0        8         8 
	   Disk (KB)            :      427      425   3016221 
	   Memory (MB)          :        9    16000     16000 

	Job terminated of its own accord at 2024-07-24T18:49:25Z with exit-code 0.
...
040 (10252911.1390.000) 07/24 21:01:45 Started transferring input files
	Transferring to host: <188.185.206.172:9618?addrs=188.185.206.172-9618&alias=b9p06p3808.cern.ch&noUDP&sock=slot1_16_6885_daf1_156980>
...
040 (10252911.1390.000) 07/24 21:01:45 Finished transferring input files
...
001 (10252911.1390.000) 07/24 21:01:46 Job executing on host: <188.185.206.172:9618?addrs=188.185.206.172-9618&alias=b9p06p3808.cern.ch&noUDP&sock=startd_6815_1a04>
	SlotName: slot1_16@b9p06p3808.cern.ch
	CondorScratchDir = "/pool/condor/dir_889722"
	Cpus = 8
	Disk = 2804305
	Memory = 16000
...
006 (10252911.1390.000) 07/24 21:01:50 Image size of job updated: 163472
	10  -  MemoryUsage of job (MB)
	9728  -  ResidentSetSize of job (KB)
...
040 (10252911.1390.000) 07/24 21:01:50 Started transferring output files
...
040 (10252911.1390.000) 07/24 21:01:50 Finished transferring output files
...
005 (10252911.1390.000) 07/24 21:01:52 Job terminated.
	(1) Normal termination (return value 0)
		Usr 0 00:00:03, Sys 0 00:00:00  -  Run Remote Usage
		Usr 0 00:00:00, Sys 0 00:00:00  -  Run Local Usage
		Usr 0 00:00:03, Sys 0 00:00:00  -  Total Remote Usage
		Usr 0 00:00:00, Sys 0 00:00:00  -  Total Local Usage
	6204  -  Run Bytes Sent By Job
	409597  -  Run Bytes Received By Job
	6204  -  Total Bytes Sent By Job
	409597  -  Total Bytes Received By Job
	Partitionable Resources :    Usage  Request Allocated 
	   Cpus                 :                 8         8 
	   Disk (KB)            :      419      425   2804305 
	   Memory (MB)          :       10    16000     16000 

	Job terminated of its own accord at 2024-07-24T19:01:50Z with exit-code 0.
...
040 (10252912.1390.000) 07/24 21:15:45 Started transferring input files
	Transferring to host: <188.185.198.26:9618?addrs=188.185.198.26-9618+[2001-1458-303-25--100-16]-9618&alias=b9p15p5462.cern.ch&noUDP&sock=slot1_3_414428_c44e_6551>
...
040 (10252912.1390.000) 07/24 21:15:45 Finished transferring input files
...
001 (10252912.1390.000) 07/24 21:15:46 Job executing on host: <188.185.198.26:9618?addrs=188.185.198.26-9618+[2001-1458-303-25--100-16]-9618&alias=b9p15p5462.cern.ch&noUDP&sock=startd_127737_8928>
	SlotName: slot1_3@b9p15p5462.cern.ch
	CondorScratchDir = "/pool/condor/dir_528950"
	Cpus = 8
	Disk = 3022989
	Memory = 16000
...
006 (10252912.1390.000) 07/24 21:15:52 Image size of job updated: 164232
	10  -  MemoryUsage of job (MB)
	9608  -  ResidentSetSize of job (KB)
...
040 (10252912.1390.000) 07/24 21:15:52 Started transferring output files
...
040 (10252912.1390.000) 07/24 21:15:52 Finished transferring output files
...
005 (10252912.1390.000) 07/24 21:15:52 Job terminated.
	(1) Normal termination (return value 0)
		Usr 0 00:00:04, Sys 0 00:00:00  -  Run Remote Usage
		Usr 0 00:00:00, Sys 0 00:00:00  -  Run Local Usage
		Usr 0 00:00:04, Sys 0 00:00:00  -  Total Remote Usage
		Usr 0 00:00:00, Sys 0 00:00:00  -  Total Local Usage
	6201  -  Run Bytes Sent By Job
	409597  -  Run Bytes Received By Job
	6201  -  Total Bytes Sent By Job
	409597  -  Total Bytes Received By Job
	Partitionable Resources :    Usage  Request Allocated 
	   Cpus                 :        0        8         8 
	   Disk (KB)            :      427      425   3022989 
	   Memory (MB)          :       10    16000     16000 

	Job terminated of its own accord at 2024-07-24T19:15:52Z with exit-code 0.
...
022 (10252913.1390.000) 07/24 21:28:33 Job disconnected, attempting to reconnect
    Socket between submit and execute hosts closed unexpectedly
    Trying to reconnect to slot1_16@b9p03p3527.cern.ch <188.185.205.57:9618?addrs=188.185.205.57-9618&alias=b9p03p3527.cern.ch&noUDP&sock=startd_4891_65cd>
...
024 (10252913.1390.000) 07/24 21:28:33 Job reconnection failed
    Job not found at execution machine
    Can not reconnect to slot1_16@b9p03p3527.cern.ch, rescheduling job
...
040 (10252913.1390.000) 07/24 21:30:24 Started transferring input files
	Transferring to host: <188.185.207.198:9618?addrs=188.185.207.198-9618+[2001-1458-303-e--100-43]-9618&alias=b9p08p3507.cern.ch&noUDP&sock=slot1_6_4228_c225_142066>
...
040 (10252913.1390.000) 07/24 21:30:24 Finished transferring input files
...
001 (10252913.1390.000) 07/24 21:30:25 Job executing on host: <188.185.207.198:9618?addrs=188.185.207.198-9618+[2001-1458-303-e--100-43]-9618&alias=b9p08p3507.cern.ch&noUDP&sock=startd_3653_3b8d>
	SlotName: slot1_6@b9p08p3507.cern.ch
	CondorScratchDir = "/pool/condor/dir_713516"
	Cpus = 8
	Disk = 2700145
	Memory = 16000
...
006 (10252913.1390.000) 07/24 21:30:29 Image size of job updated: 164072
	10  -  MemoryUsage of job (MB)
	9644  -  ResidentSetSize of job (KB)
...
040 (10252913.1390.000) 07/24 21:30:29 Started transferring output files
...
040 (10252913.1390.000) 07/24 21:30:29 Finished transferring output files
...
005 (10252913.1390.000) 07/24 21:30:29 Job terminated.
	(1) Normal termination (return value 0)
		Usr 0 00:00:03, Sys 0 00:00:00  -  Run Remote Usage
		Usr 0 00:00:00, Sys 0 00:00:00  -  Run Local Usage
		Usr 0 00:00:03, Sys 0 00:00:00  -  Total Remote Usage
		Usr 0 00:00:00, Sys 0 00:00:00  -  Total Local Usage
	6204  -  Run Bytes Sent By Job
	409597  -  Run Bytes Received By Job
	6204  -  Total Bytes Sent By Job
	409597  -  Total Bytes Received By Job
	Partitionable Resources :    Usage  Request Allocated 
	   Cpus                 :        0        8         8 
	   Disk (KB)            :      428      425   2700145 
	   Memory (MB)          :       10    16000     16000 

	Job terminated of its own accord at 2024-07-24T19:30:29Z with exit-code 0.
...
000 (10261715.1390.000) 07/25 13:01:57 Job submitted from host: <188.185.114.121:9618?addrs=188.185.114.121-9618+[2001-1458-d00-a--100-273]-9618&alias=bigbird19.cern.ch&noUDP&sock=schedd_4961_696e>
...
009 (10261715.1390.000) 07/25 13:06:43 Job was aborted.
	via condor_rm (by user yelberke)
...
000 (10261767.1390.000) 07/25 13:20:16 Job submitted from host: <188.185.114.121:9618?addrs=188.185.114.121-9618+[2001-1458-d00-a--100-273]-9618&alias=bigbird19.cern.ch&noUDP&sock=schedd_4961_696e>
...
040 (10261767.1390.000) 07/25 14:14:06 Started transferring input files
	Transferring to host: <188.185.205.63:9618?addrs=188.185.205.63-9618&alias=b9p03p3877.cern.ch&noUDP&sock=slot1_8_7369_e085_158400>
...
040 (10261767.1390.000) 07/25 14:14:06 Finished transferring input files
...
001 (10261767.1390.000) 07/25 14:14:07 Job executing on host: <188.185.205.63:9618?addrs=188.185.205.63-9618&alias=b9p03p3877.cern.ch&noUDP&sock=startd_7252_d8e7>
	SlotName: slot1_8@b9p03p3877.cern.ch
	CondorScratchDir = "/pool/condor/dir_1507000"
	Cpus = 12
	Disk = 2778660
	Memory = 24000
...
006 (10261767.1390.000) 07/25 14:14:11 Image size of job updated: 161232
	7  -  MemoryUsage of job (MB)
	7020  -  ResidentSetSize of job (KB)
...
040 (10261767.1390.000) 07/25 14:14:11 Started transferring output files
...
040 (10261767.1390.000) 07/25 14:14:11 Finished transferring output files
...
005 (10261767.1390.000) 07/25 14:14:11 Job terminated.
	(1) Normal termination (return value 0)
		Usr 0 00:00:03, Sys 0 00:00:00  -  Run Remote Usage
		Usr 0 00:00:00, Sys 0 00:00:00  -  Run Local Usage
		Usr 0 00:00:03, Sys 0 00:00:00  -  Total Remote Usage
		Usr 0 00:00:00, Sys 0 00:00:00  -  Total Local Usage
	6204  -  Run Bytes Sent By Job
	409597  -  Run Bytes Received By Job
	6204  -  Total Bytes Sent By Job
	409597  -  Total Bytes Received By Job
	Partitionable Resources :    Usage  Request Allocated 
	   Cpus                 :        0       12        12 
	   Disk (KB)            :      426      425   2778660 
	   Memory (MB)          :        7    24000     24000 

	Job terminated of its own accord at 2024-07-25T12:14:11Z with exit-code 0.
...
000 (10284266.1390.000) 08/02 15:45:38 Job submitted from host: <188.185.114.121:9618?addrs=188.185.114.121-9618+[2001-1458-d00-a--100-273]-9618&alias=bigbird19.cern.ch&noUDP&sock=schedd_4961_696e>
...
009 (10284266.1390.000) 08/02 15:49:26 Job was aborted.
	via condor_rm (by user yelberke)
...
000 (10284267.1390.000) 08/02 15:49:50 Job submitted from host: <188.185.114.121:9618?addrs=188.185.114.121-9618+[2001-1458-d00-a--100-273]-9618&alias=bigbird19.cern.ch&noUDP&sock=schedd_4961_696e>
...
040 (10284267.1390.000) 08/02 16:25:59 Started transferring input files
	Transferring to host: <188.185.192.69:9618?addrs=188.185.192.69-9618+[2001-1458-303-1f--100-41]-9618&alias=b9p13p8505.cern.ch&noUDP&sock=slot1_4_1900559_7f7f_35>
...
040 (10284267.1390.000) 08/02 16:25:59 Finished transferring input files
...
001 (10284267.1390.000) 08/02 16:26:00 Job executing on host: <188.185.192.69:9618?addrs=188.185.192.69-9618+[2001-1458-303-1f--100-41]-9618&alias=b9p13p8505.cern.ch&noUDP&sock=startd_11113_2c11>
	SlotName: slot1_4@b9p13p8505.cern.ch
	CondorScratchDir = "/pool/condor/dir_1904983"
	Cpus = 12
	Disk = 3030000
	Memory = 24000
...
006 (10284267.1390.000) 08/02 16:26:08 Image size of job updated: 1
	0  -  MemoryUsage of job (MB)
	0  -  ResidentSetSize of job (KB)
...
006 (10284267.1390.000) 08/02 16:26:26 Image size of job updated: 317492
	5  -  MemoryUsage of job (MB)
	4436  -  ResidentSetSize of job (KB)
...
040 (10284267.1390.000) 08/02 16:26:26 Started transferring output files
...
040 (10284267.1390.000) 08/02 16:26:26 Finished transferring output files
...
005 (10284267.1390.000) 08/02 16:26:26 Job terminated.
	(1) Normal termination (return value 139)
		Usr 0 00:00:02, Sys 0 00:00:00  -  Run Remote Usage
		Usr 0 00:00:00, Sys 0 00:00:00  -  Run Local Usage
		Usr 0 00:00:02, Sys 0 00:00:00  -  Total Remote Usage
		Usr 0 00:00:00, Sys 0 00:00:00  -  Total Local Usage
	7696  -  Run Bytes Sent By Job
	409597  -  Run Bytes Received By Job
	7696  -  Total Bytes Sent By Job
	409597  -  Total Bytes Received By Job
	Partitionable Resources :    Usage  Request Allocated 
	   Cpus                 :        0       12        12 
	   Disk (KB)            :      429      425   3030000 
	   Memory (MB)          :        5    24000     24000 

	Job terminated of its own accord at 2024-08-02T14:26:26Z with exit-code 139.
...
