000 (10252905.1404.000) 07/24 16:13:17 Job submitted from host: <188.185.114.121:9618?addrs=188.185.114.121-9618+[2001-1458-d00-a--100-273]-9618&alias=bigbird19.cern.ch&noUDP&sock=schedd_4961_696e>
...
009 (10252905.1404.000) 07/24 16:14:47 Job was aborted.
	via condor_rm (by user yelberke)
...
000 (10252906.1404.000) 07/24 16:15:37 Job submitted from host: <188.185.114.121:9618?addrs=188.185.114.121-9618+[2001-1458-d00-a--100-273]-9618&alias=bigbird19.cern.ch&noUDP&sock=schedd_4961_696e>
...
000 (10252907.1404.000) 07/24 16:17:31 Job submitted from host: <188.185.114.121:9618?addrs=188.185.114.121-9618+[2001-1458-d00-a--100-273]-9618&alias=bigbird19.cern.ch&noUDP&sock=schedd_4961_696e>
...
000 (10252908.1404.000) 07/24 16:18:04 Job submitted from host: <188.185.114.121:9618?addrs=188.185.114.121-9618+[2001-1458-d00-a--100-273]-9618&alias=bigbird19.cern.ch&noUDP&sock=schedd_4961_696e>
...
000 (10252909.1404.000) 07/24 16:18:40 Job submitted from host: <188.185.114.121:9618?addrs=188.185.114.121-9618+[2001-1458-d00-a--100-273]-9618&alias=bigbird19.cern.ch&noUDP&sock=schedd_4961_696e>
...
000 (10252910.1404.000) 07/24 16:19:05 Job submitted from host: <188.185.114.121:9618?addrs=188.185.114.121-9618+[2001-1458-d00-a--100-273]-9618&alias=bigbird19.cern.ch&noUDP&sock=schedd_4961_696e>
...
000 (10252911.1404.000) 07/24 16:19:19 Job submitted from host: <188.185.114.121:9618?addrs=188.185.114.121-9618+[2001-1458-d00-a--100-273]-9618&alias=bigbird19.cern.ch&noUDP&sock=schedd_4961_696e>
...
000 (10252912.1404.000) 07/24 16:19:31 Job submitted from host: <188.185.114.121:9618?addrs=188.185.114.121-9618+[2001-1458-d00-a--100-273]-9618&alias=bigbird19.cern.ch&noUDP&sock=schedd_4961_696e>
...
000 (10252913.1404.000) 07/24 16:19:44 Job submitted from host: <188.185.114.121:9618?addrs=188.185.114.121-9618+[2001-1458-d00-a--100-273]-9618&alias=bigbird19.cern.ch&noUDP&sock=schedd_4961_696e>
...
040 (10252906.1404.000) 07/24 16:28:04 Started transferring input files
	Transferring to host: <188.185.205.108:9618?addrs=188.185.205.108-9618+[2001-1458-303-9--100-69]-9618&alias=b9p03p9667.cern.ch&noUDP&sock=slot1_10_6794_bccd_159465>
...
040 (10252906.1404.000) 07/24 16:28:04 Finished transferring input files
...
001 (10252906.1404.000) 07/24 16:28:06 Job executing on host: <188.185.205.108:9618?addrs=188.185.205.108-9618+[2001-1458-303-9--100-69]-9618&alias=b9p03p9667.cern.ch&noUDP&sock=startd_6503_1877>
	SlotName: slot1_10@b9p03p9667.cern.ch
	CondorScratchDir = "/pool/condor/dir_2481767"
	Cpus = 8
	Disk = 2627050
	Memory = 16000
...
006 (10252906.1404.000) 07/24 16:28:11 Image size of job updated: 159760
	8  -  MemoryUsage of job (MB)
	7704  -  ResidentSetSize of job (KB)
...
040 (10252906.1404.000) 07/24 16:28:13 Started transferring output files
...
040 (10252906.1404.000) 07/24 16:28:14 Finished transferring output files
...
005 (10252906.1404.000) 07/24 16:28:14 Job terminated.
	(1) Normal termination (return value 0)
		Usr 0 00:00:04, Sys 0 00:00:00  -  Run Remote Usage
		Usr 0 00:00:00, Sys 0 00:00:00  -  Run Local Usage
		Usr 0 00:00:04, Sys 0 00:00:00  -  Total Remote Usage
		Usr 0 00:00:00, Sys 0 00:00:00  -  Total Local Usage
	6204  -  Run Bytes Sent By Job
	409597  -  Run Bytes Received By Job
	6204  -  Total Bytes Sent By Job
	409597  -  Total Bytes Received By Job
	Partitionable Resources :    Usage  Request Allocated 
	   Cpus                 :        0        8         8 
	   Disk (KB)            :      427      425   2627050 
	   Memory (MB)          :        8    16000     16000 

	Job terminated of its own accord at 2024-07-24T14:28:11Z with exit-code 0.
...
040 (10252907.1404.000) 07/24 17:53:52 Started transferring input files
	Transferring to host: <188.185.208.43:9618?addrs=188.185.208.43-9618+[2001-1458-303-f--100-28]-9618&alias=b9p09p2022.cern.ch&noUDP&sock=slot1_8_64729_2fa1_87865>
...
040 (10252907.1404.000) 07/24 17:53:52 Finished transferring input files
...
001 (10252907.1404.000) 07/24 17:53:53 Job executing on host: <188.185.208.43:9618?addrs=188.185.208.43-9618+[2001-1458-303-f--100-28]-9618&alias=b9p09p2022.cern.ch&noUDP&sock=startd_6905_d58a>
	SlotName: slot1_8@b9p09p2022.cern.ch
	CondorScratchDir = "/pool/condor/dir_2328795"
	Cpus = 8
	Disk = 2800526
	Memory = 16000
...
006 (10252907.1404.000) 07/24 17:53:58 Image size of job updated: 167176
	11  -  MemoryUsage of job (MB)
	10812  -  ResidentSetSize of job (KB)
...
040 (10252907.1404.000) 07/24 17:53:58 Started transferring output files
...
040 (10252907.1404.000) 07/24 17:53:58 Finished transferring output files
...
005 (10252907.1404.000) 07/24 17:53:58 Job terminated.
	(1) Normal termination (return value 0)
		Usr 0 00:00:03, Sys 0 00:00:00  -  Run Remote Usage
		Usr 0 00:00:00, Sys 0 00:00:00  -  Run Local Usage
		Usr 0 00:00:03, Sys 0 00:00:00  -  Total Remote Usage
		Usr 0 00:00:00, Sys 0 00:00:00  -  Total Local Usage
	6204  -  Run Bytes Sent By Job
	409597  -  Run Bytes Received By Job
	6204  -  Total Bytes Sent By Job
	409597  -  Total Bytes Received By Job
	Partitionable Resources :    Usage  Request Allocated 
	   Cpus                 :        0        8         8 
	   Disk (KB)            :      431      425   2800526 
	   Memory (MB)          :       11    16000     16000 

	Job terminated of its own accord at 2024-07-24T15:53:58Z with exit-code 0.
...
040 (10252908.1404.000) 07/24 18:58:04 Started transferring input files
	Transferring to host: <188.185.205.46:9618?addrs=188.185.205.46-9618+[2001-1458-303-9--100-a2]-9618&alias=b9p03p8171.cern.ch&noUDP&sock=slot1_9_6935_15b3_158423>
...
040 (10252908.1404.000) 07/24 18:58:04 Finished transferring input files
...
001 (10252908.1404.000) 07/24 18:58:05 Job executing on host: <188.185.205.46:9618?addrs=188.185.205.46-9618+[2001-1458-303-9--100-a2]-9618&alias=b9p03p8171.cern.ch&noUDP&sock=startd_6868_7489>
	SlotName: slot1_9@b9p03p8171.cern.ch
	CondorScratchDir = "/pool/condor/dir_2466688"
	Cpus = 8
	Disk = 2907749
	Memory = 16000
...
006 (10252908.1404.000) 07/24 18:58:09 Image size of job updated: 165312
	11  -  MemoryUsage of job (MB)
	10536  -  ResidentSetSize of job (KB)
...
040 (10252908.1404.000) 07/24 18:58:09 Started transferring output files
...
040 (10252908.1404.000) 07/24 18:58:09 Finished transferring output files
...
005 (10252908.1404.000) 07/24 18:58:10 Job terminated.
	(1) Normal termination (return value 0)
		Usr 0 00:00:03, Sys 0 00:00:00  -  Run Remote Usage
		Usr 0 00:00:00, Sys 0 00:00:00  -  Run Local Usage
		Usr 0 00:00:03, Sys 0 00:00:00  -  Total Remote Usage
		Usr 0 00:00:00, Sys 0 00:00:00  -  Total Local Usage
	6204  -  Run Bytes Sent By Job
	409597  -  Run Bytes Received By Job
	6204  -  Total Bytes Sent By Job
	409597  -  Total Bytes Received By Job
	Partitionable Resources :    Usage  Request Allocated 
	   Cpus                 :        0        8         8 
	   Disk (KB)            :      428      425   2907749 
	   Memory (MB)          :       11    16000     16000 

	Job terminated of its own accord at 2024-07-24T16:58:09Z with exit-code 0.
...
040 (10252909.1404.000) 07/24 19:57:47 Started transferring input files
	Transferring to host: <188.185.206.168:9618?addrs=188.185.206.168-9618&alias=b9p06p3387.cern.ch&noUDP&sock=slot1_9_6887_43b1_155442>
...
040 (10252909.1404.000) 07/24 19:57:47 Finished transferring input files
...
001 (10252909.1404.000) 07/24 19:57:48 Job executing on host: <188.185.206.168:9618?addrs=188.185.206.168-9618&alias=b9p06p3387.cern.ch&noUDP&sock=startd_6821_3795>
	SlotName: slot1_9@b9p06p3387.cern.ch
	CondorScratchDir = "/pool/condor/dir_2979347"
	Cpus = 8
	Disk = 2699764
	Memory = 16000
...
006 (10252909.1404.000) 07/24 19:57:52 Image size of job updated: 160380
	8  -  MemoryUsage of job (MB)
	7924  -  ResidentSetSize of job (KB)
...
040 (10252909.1404.000) 07/24 19:57:52 Started transferring output files
...
040 (10252909.1404.000) 07/24 19:57:52 Finished transferring output files
...
005 (10252909.1404.000) 07/24 19:57:52 Job terminated.
	(1) Normal termination (return value 0)
		Usr 0 00:00:03, Sys 0 00:00:00  -  Run Remote Usage
		Usr 0 00:00:00, Sys 0 00:00:00  -  Run Local Usage
		Usr 0 00:00:03, Sys 0 00:00:00  -  Total Remote Usage
		Usr 0 00:00:00, Sys 0 00:00:00  -  Total Local Usage
	6204  -  Run Bytes Sent By Job
	409597  -  Run Bytes Received By Job
	6204  -  Total Bytes Sent By Job
	409597  -  Total Bytes Received By Job
	Partitionable Resources :    Usage  Request Allocated 
	   Cpus                 :        0        8         8 
	   Disk (KB)            :      428      425   2699764 
	   Memory (MB)          :        8    16000     16000 

	Job terminated of its own accord at 2024-07-24T17:57:52Z with exit-code 0.
...
040 (10252910.1404.000) 07/24 20:49:24 Started transferring input files
	Transferring to host: <188.185.194.113:9618?addrs=188.185.194.113-9618+[2001-1458-303-21--100-6d]-9618&alias=b9p20p1163.cern.ch&noUDP&sock=slot1_8_1693239_cd90_5343>
...
040 (10252910.1404.000) 07/24 20:49:24 Finished transferring input files
...
001 (10252910.1404.000) 07/24 20:49:25 Job executing on host: <188.185.194.113:9618?addrs=188.185.194.113-9618+[2001-1458-303-21--100-6d]-9618&alias=b9p20p1163.cern.ch&noUDP&sock=startd_127943_d5aa>
	SlotName: slot1_8@b9p20p1163.cern.ch
	CondorScratchDir = "/pool/condor/dir_91071"
	Cpus = 8
	Disk = 3008450
	Memory = 16000
...
006 (10252910.1404.000) 07/24 20:49:30 Image size of job updated: 161860
	9  -  MemoryUsage of job (MB)
	8992  -  ResidentSetSize of job (KB)
...
040 (10252910.1404.000) 07/24 20:49:30 Started transferring output files
...
040 (10252910.1404.000) 07/24 20:49:30 Finished transferring output files
...
005 (10252910.1404.000) 07/24 20:49:30 Job terminated.
	(1) Normal termination (return value 0)
		Usr 0 00:00:04, Sys 0 00:00:00  -  Run Remote Usage
		Usr 0 00:00:00, Sys 0 00:00:00  -  Run Local Usage
		Usr 0 00:00:04, Sys 0 00:00:00  -  Total Remote Usage
		Usr 0 00:00:00, Sys 0 00:00:00  -  Total Local Usage
	6201  -  Run Bytes Sent By Job
	409597  -  Run Bytes Received By Job
	6201  -  Total Bytes Sent By Job
	409597  -  Total Bytes Received By Job
	Partitionable Resources :    Usage  Request Allocated 
	   Cpus                 :        0        8         8 
	   Disk (KB)            :      427      425   3008450 
	   Memory (MB)          :        9    16000     16000 

	Job terminated of its own accord at 2024-07-24T18:49:30Z with exit-code 0.
...
040 (10252911.1404.000) 07/24 21:01:49 Started transferring input files
	Transferring to host: <188.185.204.139:9618?addrs=188.185.204.139-9618+[2001-1458-303-8--100-7f]-9618&alias=b9p02p2256.cern.ch&noUDP&sock=slot1_16_6806_314e_156614>
...
040 (10252911.1404.000) 07/24 21:01:49 Finished transferring input files
...
001 (10252911.1404.000) 07/24 21:01:50 Job executing on host: <188.185.204.139:9618?addrs=188.185.204.139-9618+[2001-1458-303-8--100-7f]-9618&alias=b9p02p2256.cern.ch&noUDP&sock=startd_6736_ea08>
	SlotName: slot1_16@b9p02p2256.cern.ch
	CondorScratchDir = "/pool/condor/dir_3631303"
	Cpus = 8
	Disk = 2828843
	Memory = 16000
...
006 (10252911.1404.000) 07/24 21:01:56 Image size of job updated: 163292
	9  -  MemoryUsage of job (MB)
	8768  -  ResidentSetSize of job (KB)
...
040 (10252911.1404.000) 07/24 21:01:57 Started transferring output files
...
040 (10252911.1404.000) 07/24 21:01:57 Finished transferring output files
...
005 (10252911.1404.000) 07/24 21:01:58 Job terminated.
	(1) Normal termination (return value 0)
		Usr 0 00:00:04, Sys 0 00:00:00  -  Run Remote Usage
		Usr 0 00:00:00, Sys 0 00:00:00  -  Run Local Usage
		Usr 0 00:00:04, Sys 0 00:00:00  -  Total Remote Usage
		Usr 0 00:00:00, Sys 0 00:00:00  -  Total Local Usage
	6204  -  Run Bytes Sent By Job
	409597  -  Run Bytes Received By Job
	6204  -  Total Bytes Sent By Job
	409597  -  Total Bytes Received By Job
	Partitionable Resources :    Usage  Request Allocated 
	   Cpus                 :        0        8         8 
	   Disk (KB)            :      427      425   2828843 
	   Memory (MB)          :        9    16000     16000 

	Job terminated of its own accord at 2024-07-24T19:01:56Z with exit-code 0.
...
040 (10252912.1404.000) 07/24 21:15:50 Started transferring input files
	Transferring to host: <188.185.194.58:9618?addrs=188.185.194.58-9618+[2001-1458-303-21--100-36]-9618&alias=b9p20p2508.cern.ch&noUDP&sock=slot1_6_184637_382d_24636>
...
040 (10252912.1404.000) 07/24 21:15:50 Finished transferring input files
...
001 (10252912.1404.000) 07/24 21:15:51 Job executing on host: <188.185.194.58:9618?addrs=188.185.194.58-9618+[2001-1458-303-21--100-36]-9618&alias=b9p20p2508.cern.ch&noUDP&sock=startd_174974_3052>
	SlotName: slot1_6@b9p20p2508.cern.ch
	CondorScratchDir = "/pool/condor/dir_2734345"
	Cpus = 8
	Disk = 2970582
	Memory = 16000
...
006 (10252912.1404.000) 07/24 21:15:56 Image size of job updated: 162948
	9  -  MemoryUsage of job (MB)
	8496  -  ResidentSetSize of job (KB)
...
040 (10252912.1404.000) 07/24 21:15:56 Started transferring output files
...
040 (10252912.1404.000) 07/24 21:15:56 Finished transferring output files
...
005 (10252912.1404.000) 07/24 21:15:56 Job terminated.
	(1) Normal termination (return value 0)
		Usr 0 00:00:04, Sys 0 00:00:00  -  Run Remote Usage
		Usr 0 00:00:00, Sys 0 00:00:00  -  Run Local Usage
		Usr 0 00:00:04, Sys 0 00:00:00  -  Total Remote Usage
		Usr 0 00:00:00, Sys 0 00:00:00  -  Total Local Usage
	6201  -  Run Bytes Sent By Job
	409597  -  Run Bytes Received By Job
	6201  -  Total Bytes Sent By Job
	409597  -  Total Bytes Received By Job
	Partitionable Resources :    Usage  Request Allocated 
	   Cpus                 :        0        8         8 
	   Disk (KB)            :      427      425   2970582 
	   Memory (MB)          :        9    16000     16000 

	Job terminated of its own accord at 2024-07-24T19:15:56Z with exit-code 0.
...
040 (10252913.1404.000) 07/24 21:28:38 Started transferring input files
	Transferring to host: <128.142.248.179:9618?addrs=128.142.248.179-9618+[2001-1458-301-73--100-b2]-9618&alias=b9g23p9875.cern.ch&noUDP&sock=slot1_7_2156103_5d16_167>
...
040 (10252913.1404.000) 07/24 21:28:38 Finished transferring input files
...
001 (10252913.1404.000) 07/24 21:28:39 Job executing on host: <128.142.248.179:9618?addrs=128.142.248.179-9618+[2001-1458-301-73--100-b2]-9618&alias=b9g23p9875.cern.ch&noUDP&sock=startd_7852_65ba>
	SlotName: slot1_7@b9g23p9875.cern.ch
	CondorScratchDir = "/pool/condor/dir_2335580"
	Cpus = 8
	Disk = 3041728
	Memory = 16000
...
006 (10252913.1404.000) 07/24 21:28:48 Image size of job updated: 1
	0  -  MemoryUsage of job (MB)
	0  -  ResidentSetSize of job (KB)
...
006 (10252913.1404.000) 07/24 21:29:10 Image size of job updated: 160444
	8  -  MemoryUsage of job (MB)
	7312  -  ResidentSetSize of job (KB)
...
040 (10252913.1404.000) 07/24 21:29:10 Started transferring output files
...
040 (10252913.1404.000) 07/24 21:29:10 Finished transferring output files
...
005 (10252913.1404.000) 07/24 21:29:10 Job terminated.
	(1) Normal termination (return value 0)
		Usr 0 00:00:05, Sys 0 00:00:00  -  Run Remote Usage
		Usr 0 00:00:00, Sys 0 00:00:00  -  Run Local Usage
		Usr 0 00:00:05, Sys 0 00:00:00  -  Total Remote Usage
		Usr 0 00:00:00, Sys 0 00:00:00  -  Total Local Usage
	6204  -  Run Bytes Sent By Job
	409597  -  Run Bytes Received By Job
	6204  -  Total Bytes Sent By Job
	409597  -  Total Bytes Received By Job
	Partitionable Resources :    Usage  Request Allocated 
	   Cpus                 :        0        8         8 
	   Disk (KB)            :      428      425   3041728 
	   Memory (MB)          :        8    16000     16000 

	Job terminated of its own accord at 2024-07-24T19:29:10Z with exit-code 0.
...
000 (10261715.1404.000) 07/25 13:01:58 Job submitted from host: <188.185.114.121:9618?addrs=188.185.114.121-9618+[2001-1458-d00-a--100-273]-9618&alias=bigbird19.cern.ch&noUDP&sock=schedd_4961_696e>
...
009 (10261715.1404.000) 07/25 13:06:43 Job was aborted.
	via condor_rm (by user yelberke)
...
000 (10261767.1404.000) 07/25 13:20:16 Job submitted from host: <188.185.114.121:9618?addrs=188.185.114.121-9618+[2001-1458-d00-a--100-273]-9618&alias=bigbird19.cern.ch&noUDP&sock=schedd_4961_696e>
...
040 (10261767.1404.000) 07/25 14:14:18 Started transferring input files
	Transferring to host: <188.185.209.58:9618?addrs=188.185.209.58-9618+[2001-1458-303-11--100-37]-9618&alias=b9p11p4911.cern.ch&noUDP&sock=slot1_2_14286_877e_25707>
...
040 (10261767.1404.000) 07/25 14:14:18 Finished transferring input files
...
001 (10261767.1404.000) 07/25 14:14:19 Job executing on host: <188.185.209.58:9618?addrs=188.185.209.58-9618+[2001-1458-303-11--100-37]-9618&alias=b9p11p4911.cern.ch&noUDP&sock=startd_13248_9ac4>
	SlotName: slot1_2@b9p11p4911.cern.ch
	CondorScratchDir = "/pool/condor/dir_2658202"
	Cpus = 12
	Disk = 2873909
	Memory = 24000
...
006 (10261767.1404.000) 07/25 14:14:23 Image size of job updated: 166292
	11  -  MemoryUsage of job (MB)
	10840  -  ResidentSetSize of job (KB)
...
040 (10261767.1404.000) 07/25 14:14:23 Started transferring output files
...
040 (10261767.1404.000) 07/25 14:14:23 Finished transferring output files
...
005 (10261767.1404.000) 07/25 14:14:23 Job terminated.
	(1) Normal termination (return value 0)
		Usr 0 00:00:03, Sys 0 00:00:00  -  Run Remote Usage
		Usr 0 00:00:00, Sys 0 00:00:00  -  Run Local Usage
		Usr 0 00:00:03, Sys 0 00:00:00  -  Total Remote Usage
		Usr 0 00:00:00, Sys 0 00:00:00  -  Total Local Usage
	6204  -  Run Bytes Sent By Job
	409597  -  Run Bytes Received By Job
	6204  -  Total Bytes Sent By Job
	409597  -  Total Bytes Received By Job
	Partitionable Resources :    Usage  Request Allocated 
	   Cpus                 :        0       12        12 
	   Disk (KB)            :      428      425   2873909 
	   Memory (MB)          :       11    24000     24000 

	Job terminated of its own accord at 2024-07-25T12:14:23Z with exit-code 0.
...
000 (10284266.1404.000) 08/02 15:45:39 Job submitted from host: <188.185.114.121:9618?addrs=188.185.114.121-9618+[2001-1458-d00-a--100-273]-9618&alias=bigbird19.cern.ch&noUDP&sock=schedd_4961_696e>
...
009 (10284266.1404.000) 08/02 15:49:26 Job was aborted.
	via condor_rm (by user yelberke)
...
000 (10284267.1404.000) 08/02 15:49:50 Job submitted from host: <188.185.114.121:9618?addrs=188.185.114.121-9618+[2001-1458-d00-a--100-273]-9618&alias=bigbird19.cern.ch&noUDP&sock=schedd_4961_696e>
...
040 (10284267.1404.000) 08/02 16:26:03 Started transferring input files
	Transferring to host: <188.185.195.53:9618?addrs=188.185.195.53-9618+[2001-1458-303-22--100-31]-9618&alias=b9p17p9353.cern.ch&noUDP&sock=slot1_1_3740699_984b_70>
...
040 (10284267.1404.000) 08/02 16:26:03 Finished transferring input files
...
001 (10284267.1404.000) 08/02 16:26:04 Job executing on host: <188.185.195.53:9618?addrs=188.185.195.53-9618+[2001-1458-303-22--100-31]-9618&alias=b9p17p9353.cern.ch&noUDP&sock=startd_127978_d77b>
	SlotName: slot1_1@b9p17p9353.cern.ch
	CondorScratchDir = "/pool/condor/dir_3759421"
	Cpus = 12
	Disk = 2991476
	Memory = 24000
...
006 (10284267.1404.000) 08/02 16:26:06 Image size of job updated: 317472
	6  -  MemoryUsage of job (MB)
	5384  -  ResidentSetSize of job (KB)
...
040 (10284267.1404.000) 08/02 16:26:06 Started transferring output files
...
040 (10284267.1404.000) 08/02 16:26:06 Finished transferring output files
...
005 (10284267.1404.000) 08/02 16:26:06 Job terminated.
	(1) Normal termination (return value 139)
		Usr 0 00:00:02, Sys 0 00:00:00  -  Run Remote Usage
		Usr 0 00:00:00, Sys 0 00:00:00  -  Run Local Usage
		Usr 0 00:00:02, Sys 0 00:00:00  -  Total Remote Usage
		Usr 0 00:00:00, Sys 0 00:00:00  -  Total Local Usage
	7696  -  Run Bytes Sent By Job
	409597  -  Run Bytes Received By Job
	7696  -  Total Bytes Sent By Job
	409597  -  Total Bytes Received By Job
	Partitionable Resources :    Usage  Request Allocated 
	   Cpus                 :        0       12        12 
	   Disk (KB)            :      429      425   2991476 
	   Memory (MB)          :        6    24000     24000 

	Job terminated of its own accord at 2024-08-02T14:26:06Z with exit-code 139.
...
