000 (10252905.141.000) 07/24 16:13:14 Job submitted from host: <188.185.114.121:9618?addrs=188.185.114.121-9618+[2001-1458-d00-a--100-273]-9618&alias=bigbird19.cern.ch&noUDP&sock=schedd_4961_696e>
...
009 (10252905.141.000) 07/24 16:14:45 Job was aborted.
	via condor_rm (by user yelberke)
...
000 (10252906.141.000) 07/24 16:15:36 Job submitted from host: <188.185.114.121:9618?addrs=188.185.114.121-9618+[2001-1458-d00-a--100-273]-9618&alias=bigbird19.cern.ch&noUDP&sock=schedd_4961_696e>
...
040 (10252906.141.000) 07/24 16:16:44 Started transferring input files
	Transferring to host: <188.185.195.104:9618?addrs=188.185.195.104-9618+[2001-1458-303-22--100-64]-9618&alias=b9p17p4322.cern.ch&noUDP&sock=slot1_19_3733077_34d5_20155>
...
040 (10252906.141.000) 07/24 16:16:45 Finished transferring input files
...
001 (10252906.141.000) 07/24 16:16:46 Job executing on host: <188.185.195.104:9618?addrs=188.185.195.104-9618+[2001-1458-303-22--100-64]-9618&alias=b9p17p4322.cern.ch&noUDP&sock=startd_127965_ecbf>
	SlotName: slot1_19@b9p17p4322.cern.ch
	CondorScratchDir = "/pool/condor/dir_2471636"
	Cpus = 8
	Disk = 2971921
	Memory = 16000
...
006 (10252906.141.000) 07/24 16:16:52 Image size of job updated: 160652
	8  -  MemoryUsage of job (MB)
	8008  -  ResidentSetSize of job (KB)
...
040 (10252906.141.000) 07/24 16:16:54 Started transferring output files
...
040 (10252906.141.000) 07/24 16:16:55 Finished transferring output files
...
005 (10252906.141.000) 07/24 16:16:55 Job terminated.
	(1) Normal termination (return value 0)
		Usr 0 00:00:05, Sys 0 00:00:00  -  Run Remote Usage
		Usr 0 00:00:00, Sys 0 00:00:00  -  Run Local Usage
		Usr 0 00:00:05, Sys 0 00:00:00  -  Total Remote Usage
		Usr 0 00:00:00, Sys 0 00:00:00  -  Total Local Usage
	6204  -  Run Bytes Sent By Job
	409597  -  Run Bytes Received By Job
	6204  -  Total Bytes Sent By Job
	409597  -  Total Bytes Received By Job
	Partitionable Resources :    Usage  Request Allocated 
	   Cpus                 :        0        8         8 
	   Disk (KB)            :      427      425   2971921 
	   Memory (MB)          :        8    16000     16000 

	Job terminated of its own accord at 2024-07-24T14:16:52Z with exit-code 0.
...
000 (10252907.141.000) 07/24 16:17:30 Job submitted from host: <188.185.114.121:9618?addrs=188.185.114.121-9618+[2001-1458-d00-a--100-273]-9618&alias=bigbird19.cern.ch&noUDP&sock=schedd_4961_696e>
...
000 (10252908.141.000) 07/24 16:18:03 Job submitted from host: <188.185.114.121:9618?addrs=188.185.114.121-9618+[2001-1458-d00-a--100-273]-9618&alias=bigbird19.cern.ch&noUDP&sock=schedd_4961_696e>
...
000 (10252909.141.000) 07/24 16:18:38 Job submitted from host: <188.185.114.121:9618?addrs=188.185.114.121-9618+[2001-1458-d00-a--100-273]-9618&alias=bigbird19.cern.ch&noUDP&sock=schedd_4961_696e>
...
000 (10252910.141.000) 07/24 16:19:04 Job submitted from host: <188.185.114.121:9618?addrs=188.185.114.121-9618+[2001-1458-d00-a--100-273]-9618&alias=bigbird19.cern.ch&noUDP&sock=schedd_4961_696e>
...
000 (10252911.141.000) 07/24 16:19:17 Job submitted from host: <188.185.114.121:9618?addrs=188.185.114.121-9618+[2001-1458-d00-a--100-273]-9618&alias=bigbird19.cern.ch&noUDP&sock=schedd_4961_696e>
...
000 (10252912.141.000) 07/24 16:19:30 Job submitted from host: <188.185.114.121:9618?addrs=188.185.114.121-9618+[2001-1458-d00-a--100-273]-9618&alias=bigbird19.cern.ch&noUDP&sock=schedd_4961_696e>
...
000 (10252913.141.000) 07/24 16:19:42 Job submitted from host: <188.185.114.121:9618?addrs=188.185.114.121-9618+[2001-1458-d00-a--100-273]-9618&alias=bigbird19.cern.ch&noUDP&sock=schedd_4961_696e>
...
040 (10252907.141.000) 07/24 17:43:48 Started transferring input files
	Transferring to host: <188.185.205.118:9618?addrs=188.185.205.118-9618+[2001-1458-303-9--100-73]-9618&alias=b9p03p6728.cern.ch&noUDP&sock=slot1_10_6107_af11_157405>
...
040 (10252907.141.000) 07/24 17:43:48 Finished transferring input files
...
001 (10252907.141.000) 07/24 17:43:49 Job executing on host: <188.185.205.118:9618?addrs=188.185.205.118-9618+[2001-1458-303-9--100-73]-9618&alias=b9p03p6728.cern.ch&noUDP&sock=startd_5706_6b7c>
	SlotName: slot1_10@b9p03p6728.cern.ch
	CondorScratchDir = "/pool/condor/dir_3363930"
	Cpus = 8
	Disk = 2744619
	Memory = 16000
...
006 (10252907.141.000) 07/24 17:43:53 Image size of job updated: 162000
	10  -  MemoryUsage of job (MB)
	9632  -  ResidentSetSize of job (KB)
...
040 (10252907.141.000) 07/24 17:43:53 Started transferring output files
...
040 (10252907.141.000) 07/24 17:43:53 Finished transferring output files
...
005 (10252907.141.000) 07/24 17:43:53 Job terminated.
	(1) Normal termination (return value 0)
		Usr 0 00:00:03, Sys 0 00:00:00  -  Run Remote Usage
		Usr 0 00:00:00, Sys 0 00:00:00  -  Run Local Usage
		Usr 0 00:00:03, Sys 0 00:00:00  -  Total Remote Usage
		Usr 0 00:00:00, Sys 0 00:00:00  -  Total Local Usage
	6204  -  Run Bytes Sent By Job
	409597  -  Run Bytes Received By Job
	6204  -  Total Bytes Sent By Job
	409597  -  Total Bytes Received By Job
	Partitionable Resources :    Usage  Request Allocated 
	   Cpus                 :        0        8         8 
	   Disk (KB)            :      428      425   2744619 
	   Memory (MB)          :       10    16000     16000 

	Job terminated of its own accord at 2024-07-24T15:43:53Z with exit-code 0.
...
040 (10252908.141.000) 07/24 18:44:20 Started transferring input files
	Transferring to host: <188.185.194.62:9618?addrs=188.185.194.62-9618&alias=b9p20p1515.cern.ch&noUDP&sock=slot1_9_187338_517b_24823>
...
040 (10252908.141.000) 07/24 18:44:20 Finished transferring input files
...
001 (10252908.141.000) 07/24 18:44:21 Job executing on host: <188.185.194.62:9618?addrs=188.185.194.62-9618&alias=b9p20p1515.cern.ch&noUDP&sock=startd_177713_ea39>
	SlotName: slot1_9@b9p20p1515.cern.ch
	CondorScratchDir = "/pool/condor/dir_1682412"
	Cpus = 8
	Disk = 2967880
	Memory = 16000
...
006 (10252908.141.000) 07/24 18:44:27 Image size of job updated: 160232
	8  -  MemoryUsage of job (MB)
	7592  -  ResidentSetSize of job (KB)
...
040 (10252908.141.000) 07/24 18:44:27 Started transferring output files
...
040 (10252908.141.000) 07/24 18:44:27 Finished transferring output files
...
005 (10252908.141.000) 07/24 18:44:27 Job terminated.
	(1) Normal termination (return value 0)
		Usr 0 00:00:05, Sys 0 00:00:00  -  Run Remote Usage
		Usr 0 00:00:00, Sys 0 00:00:00  -  Run Local Usage
		Usr 0 00:00:05, Sys 0 00:00:00  -  Total Remote Usage
		Usr 0 00:00:00, Sys 0 00:00:00  -  Total Local Usage
	6204  -  Run Bytes Sent By Job
	409597  -  Run Bytes Received By Job
	6204  -  Total Bytes Sent By Job
	409597  -  Total Bytes Received By Job
	Partitionable Resources :    Usage  Request Allocated 
	   Cpus                 :        0        8         8 
	   Disk (KB)            :      427      425   2967880 
	   Memory (MB)          :        8    16000     16000 

	Job terminated of its own accord at 2024-07-24T16:44:27Z with exit-code 0.
...
040 (10252909.141.000) 07/24 19:47:57 Started transferring input files
	Transferring to host: <188.185.205.125:9618?addrs=188.185.205.125-9618+[2001-1458-303-9--100-7a]-9618&alias=b9p03p9078.cern.ch&noUDP&sock=slot1_13_6035_f40e_80848>
...
040 (10252909.141.000) 07/24 19:47:57 Finished transferring input files
...
001 (10252909.141.000) 07/24 19:47:58 Job executing on host: <188.185.205.125:9618?addrs=188.185.205.125-9618+[2001-1458-303-9--100-7a]-9618&alias=b9p03p9078.cern.ch&noUDP&sock=startd_4951_8d7b>
	SlotName: slot1_13@b9p03p9078.cern.ch
	CondorScratchDir = "/pool/condor/dir_1225227"
	Cpus = 8
	Disk = 2832239
	Memory = 16000
...
006 (10252909.141.000) 07/24 19:48:02 Image size of job updated: 160468
	8  -  MemoryUsage of job (MB)
	8032  -  ResidentSetSize of job (KB)
...
040 (10252909.141.000) 07/24 19:48:02 Started transferring output files
...
040 (10252909.141.000) 07/24 19:48:02 Finished transferring output files
...
005 (10252909.141.000) 07/24 19:48:02 Job terminated.
	(1) Normal termination (return value 0)
		Usr 0 00:00:03, Sys 0 00:00:00  -  Run Remote Usage
		Usr 0 00:00:00, Sys 0 00:00:00  -  Run Local Usage
		Usr 0 00:00:03, Sys 0 00:00:00  -  Total Remote Usage
		Usr 0 00:00:00, Sys 0 00:00:00  -  Total Local Usage
	6204  -  Run Bytes Sent By Job
	409597  -  Run Bytes Received By Job
	6204  -  Total Bytes Sent By Job
	409597  -  Total Bytes Received By Job
	Partitionable Resources :    Usage  Request Allocated 
	   Cpus                 :        0        8         8 
	   Disk (KB)            :      428      425   2832239 
	   Memory (MB)          :        8    16000     16000 

	Job terminated of its own accord at 2024-07-24T17:48:02Z with exit-code 0.
...
040 (10252910.141.000) 07/24 20:41:40 Started transferring input files
	Transferring to host: <128.142.137.140:9618?addrs=128.142.137.140-9618+[2001-1458-301-5e--100-80]-9618&alias=b9g19p6024.cern.ch&noUDP&sock=slot1_4_2746_8e29_134>
...
040 (10252910.141.000) 07/24 20:41:40 Finished transferring input files
...
001 (10252910.141.000) 07/24 20:41:41 Job executing on host: <128.142.137.140:9618?addrs=128.142.137.140-9618+[2001-1458-301-5e--100-80]-9618&alias=b9g19p6024.cern.ch&noUDP&sock=startd_2420_7f47>
	SlotName: slot1_4@b9g19p6024.cern.ch
	CondorScratchDir = "/pool/condor/dir_32377"
	Cpus = 8
	Disk = 1775654
	Memory = 16000
...
006 (10252910.141.000) 07/24 20:41:50 Image size of job updated: 127140
	125  -  MemoryUsage of job (MB)
	127140  -  ResidentSetSize of job (KB)
...
040 (10252910.141.000) 07/24 20:42:01 Started transferring output files
...
040 (10252910.141.000) 07/24 20:42:01 Finished transferring output files
...
005 (10252910.141.000) 07/24 20:42:01 Job terminated.
	(1) Normal termination (return value 0)
		Usr 0 00:00:17, Sys 0 00:00:00  -  Run Remote Usage
		Usr 0 00:00:00, Sys 0 00:00:00  -  Run Local Usage
		Usr 0 00:00:17, Sys 0 00:00:00  -  Total Remote Usage
		Usr 0 00:00:00, Sys 0 00:00:00  -  Total Local Usage
	6201  -  Run Bytes Sent By Job
	409597  -  Run Bytes Received By Job
	6201  -  Total Bytes Sent By Job
	409597  -  Total Bytes Received By Job
	Partitionable Resources :    Usage  Request Allocated 
	   Cpus                 :        0        8         8 
	   Disk (KB)            :      428      425   1775654 
	   Memory (MB)          :      125    16000     16000 

	Job terminated of its own accord at 2024-07-24T18:42:01Z with exit-code 0.
...
040 (10252911.141.000) 07/24 20:54:40 Started transferring input files
	Transferring to host: <188.185.205.49:9618?addrs=188.185.205.49-9618&alias=b9p03p3850.cern.ch&noUDP&sock=slot1_11_6916_b292_155408>
...
040 (10252911.141.000) 07/24 20:54:40 Finished transferring input files
...
001 (10252911.141.000) 07/24 20:54:41 Job executing on host: <188.185.205.49:9618?addrs=188.185.205.49-9618&alias=b9p03p3850.cern.ch&noUDP&sock=startd_6846_5d73>
	SlotName: slot1_11@b9p03p3850.cern.ch
	CondorScratchDir = "/pool/condor/dir_1744534"
	Cpus = 8
	Disk = 2903434
	Memory = 16000
...
006 (10252911.141.000) 07/24 20:54:45 Image size of job updated: 159976
	8  -  MemoryUsage of job (MB)
	7880  -  ResidentSetSize of job (KB)
...
040 (10252911.141.000) 07/24 20:54:45 Started transferring output files
...
040 (10252911.141.000) 07/24 20:54:45 Finished transferring output files
...
005 (10252911.141.000) 07/24 20:54:45 Job terminated.
	(1) Normal termination (return value 0)
		Usr 0 00:00:03, Sys 0 00:00:00  -  Run Remote Usage
		Usr 0 00:00:00, Sys 0 00:00:00  -  Run Local Usage
		Usr 0 00:00:03, Sys 0 00:00:00  -  Total Remote Usage
		Usr 0 00:00:00, Sys 0 00:00:00  -  Total Local Usage
	6201  -  Run Bytes Sent By Job
	409597  -  Run Bytes Received By Job
	6201  -  Total Bytes Sent By Job
	409597  -  Total Bytes Received By Job
	Partitionable Resources :    Usage  Request Allocated 
	   Cpus                 :        0        8         8 
	   Disk (KB)            :      428      425   2903434 
	   Memory (MB)          :        8    16000     16000 

	Job terminated of its own accord at 2024-07-24T18:54:45Z with exit-code 0.
...
040 (10252912.141.000) 07/24 21:07:39 Started transferring input files
	Transferring to host: <188.185.193.164:9618?addrs=188.185.193.164-9618+[2001-1458-303-20--100-a0]-9618&alias=b9p19p4506.cern.ch&noUDP&sock=slot1_8_544183_e70a_17392>
...
040 (10252912.141.000) 07/24 21:07:39 Finished transferring input files
...
001 (10252912.141.000) 07/24 21:07:40 Job executing on host: <188.185.193.164:9618?addrs=188.185.193.164-9618+[2001-1458-303-20--100-a0]-9618&alias=b9p19p4506.cern.ch&noUDP&sock=startd_128176_a73b>
	SlotName: slot1_8@b9p19p4506.cern.ch
	CondorScratchDir = "/pool/condor/dir_1180730"
	Cpus = 8
	Disk = 3040716
	Memory = 16000
...
006 (10252912.141.000) 07/24 21:07:46 Image size of job updated: 160464
	8  -  MemoryUsage of job (MB)
	8040  -  ResidentSetSize of job (KB)
...
040 (10252912.141.000) 07/24 21:07:46 Started transferring output files
...
040 (10252912.141.000) 07/24 21:07:46 Finished transferring output files
...
005 (10252912.141.000) 07/24 21:07:46 Job terminated.
	(1) Normal termination (return value 0)
		Usr 0 00:00:04, Sys 0 00:00:00  -  Run Remote Usage
		Usr 0 00:00:00, Sys 0 00:00:00  -  Run Local Usage
		Usr 0 00:00:04, Sys 0 00:00:00  -  Total Remote Usage
		Usr 0 00:00:00, Sys 0 00:00:00  -  Total Local Usage
	6201  -  Run Bytes Sent By Job
	409597  -  Run Bytes Received By Job
	6201  -  Total Bytes Sent By Job
	409597  -  Total Bytes Received By Job
	Partitionable Resources :    Usage  Request Allocated 
	   Cpus                 :        0        8         8 
	   Disk (KB)            :      428      425   3040716 
	   Memory (MB)          :        8    16000     16000 

	Job terminated of its own accord at 2024-07-24T19:07:46Z with exit-code 0.
...
040 (10252913.141.000) 07/24 21:21:27 Started transferring input files
	Transferring to host: <188.185.205.55:9618?addrs=188.185.205.55-9618+[2001-1458-303-9--100-ab]-9618&alias=b9p03p0892.cern.ch&noUDP&sock=slot1_23_3579_7aab_29740>
...
040 (10252913.141.000) 07/24 21:21:27 Finished transferring input files
...
001 (10252913.141.000) 07/24 21:21:29 Job executing on host: <188.185.205.55:9618?addrs=188.185.205.55-9618+[2001-1458-303-9--100-ab]-9618&alias=b9p03p0892.cern.ch&noUDP&sock=startd_3202_e257>
	SlotName: slot1_23@b9p03p0892.cern.ch
	CondorScratchDir = "/pool/condor/dir_2340576"
	Cpus = 8
	Disk = 2805013
	Memory = 16000
...
006 (10252913.141.000) 07/24 21:21:33 Image size of job updated: 160248
	9  -  MemoryUsage of job (MB)
	8368  -  ResidentSetSize of job (KB)
...
040 (10252913.141.000) 07/24 21:21:33 Started transferring output files
...
040 (10252913.141.000) 07/24 21:21:34 Finished transferring output files
...
005 (10252913.141.000) 07/24 21:21:36 Job terminated.
	(1) Normal termination (return value 0)
		Usr 0 00:00:03, Sys 0 00:00:00  -  Run Remote Usage
		Usr 0 00:00:00, Sys 0 00:00:00  -  Run Local Usage
		Usr 0 00:00:03, Sys 0 00:00:00  -  Total Remote Usage
		Usr 0 00:00:00, Sys 0 00:00:00  -  Total Local Usage
	6204  -  Run Bytes Sent By Job
	409597  -  Run Bytes Received By Job
	6204  -  Total Bytes Sent By Job
	409597  -  Total Bytes Received By Job
	Partitionable Resources :    Usage  Request Allocated 
	   Cpus                 :        0        8         8 
	   Disk (KB)            :      427      425   2805013 
	   Memory (MB)          :        9    16000     16000 

	Job terminated of its own accord at 2024-07-24T19:21:33Z with exit-code 0.
...
000 (10261715.141.000) 07/25 13:01:16 Job submitted from host: <188.185.114.121:9618?addrs=188.185.114.121-9618+[2001-1458-d00-a--100-273]-9618&alias=bigbird19.cern.ch&noUDP&sock=schedd_4961_696e>
...
009 (10261715.141.000) 07/25 13:06:35 Job was aborted.
	via condor_rm (by user yelberke)
...
000 (10261767.141.000) 07/25 13:19:52 Job submitted from host: <188.185.114.121:9618?addrs=188.185.114.121-9618+[2001-1458-d00-a--100-273]-9618&alias=bigbird19.cern.ch&noUDP&sock=schedd_4961_696e>
...
040 (10261767.141.000) 07/25 13:27:40 Started transferring input files
	Transferring to host: <188.185.206.25:9618?addrs=188.185.206.25-9618+[2001-1458-303-b--100-16]-9618&alias=b9p05p0677.cern.ch&noUDP&sock=slot1_5_64988_accc_93497>
...
040 (10261767.141.000) 07/25 13:27:40 Finished transferring input files
...
001 (10261767.141.000) 07/25 13:27:41 Job executing on host: <188.185.206.25:9618?addrs=188.185.206.25-9618+[2001-1458-303-b--100-16]-9618&alias=b9p05p0677.cern.ch&noUDP&sock=startd_3342_e999>
	SlotName: slot1_5@b9p05p0677.cern.ch
	CondorScratchDir = "/pool/condor/dir_1994304"
	Cpus = 12
	Disk = 2769455
	Memory = 24000
...
006 (10261767.141.000) 07/25 13:27:47 Image size of job updated: 160892
	7  -  MemoryUsage of job (MB)
	7128  -  ResidentSetSize of job (KB)
...
040 (10261767.141.000) 07/25 13:27:47 Started transferring output files
...
040 (10261767.141.000) 07/25 13:27:47 Finished transferring output files
...
005 (10261767.141.000) 07/25 13:27:47 Job terminated.
	(1) Normal termination (return value 0)
		Usr 0 00:00:04, Sys 0 00:00:00  -  Run Remote Usage
		Usr 0 00:00:00, Sys 0 00:00:00  -  Run Local Usage
		Usr 0 00:00:04, Sys 0 00:00:00  -  Total Remote Usage
		Usr 0 00:00:00, Sys 0 00:00:00  -  Total Local Usage
	6204  -  Run Bytes Sent By Job
	409597  -  Run Bytes Received By Job
	6204  -  Total Bytes Sent By Job
	409597  -  Total Bytes Received By Job
	Partitionable Resources :    Usage  Request Allocated 
	   Cpus                 :        0       12        12 
	   Disk (KB)            :      431      425   2769455 
	   Memory (MB)          :        7    24000     24000 

	Job terminated of its own accord at 2024-07-25T11:27:47Z with exit-code 0.
...
000 (10284266.141.000) 08/02 15:44:55 Job submitted from host: <188.185.114.121:9618?addrs=188.185.114.121-9618+[2001-1458-d00-a--100-273]-9618&alias=bigbird19.cern.ch&noUDP&sock=schedd_4961_696e>
...
009 (10284266.141.000) 08/02 15:49:05 Job was aborted.
	via condor_rm (by user yelberke)
...
000 (10284267.141.000) 08/02 15:49:44 Job submitted from host: <188.185.114.121:9618?addrs=188.185.114.121-9618+[2001-1458-d00-a--100-273]-9618&alias=bigbird19.cern.ch&noUDP&sock=schedd_4961_696e>
...
040 (10284267.141.000) 08/02 15:58:01 Started transferring input files
	Transferring to host: <188.185.192.43:9618?addrs=188.185.192.43-9618+[2001-1458-303-1f--100-27]-9618&alias=b9p13p3492.cern.ch&noUDP&sock=slot1_2_574100_22ab_93>
...
040 (10284267.141.000) 08/02 15:58:01 Finished transferring input files
...
001 (10284267.141.000) 08/02 15:58:02 Job executing on host: <188.185.192.43:9618?addrs=188.185.192.43-9618+[2001-1458-303-1f--100-27]-9618&alias=b9p13p3492.cern.ch&noUDP&sock=startd_11676_57e3>
	SlotName: slot1_2@b9p13p3492.cern.ch
	CondorScratchDir = "/pool/condor/dir_597900"
	Cpus = 12
	Disk = 3123505
	Memory = 24000
...
006 (10284267.141.000) 08/02 15:58:03 Image size of job updated: 316100
	2  -  MemoryUsage of job (MB)
	1452  -  ResidentSetSize of job (KB)
...
040 (10284267.141.000) 08/02 15:58:03 Started transferring output files
...
040 (10284267.141.000) 08/02 15:58:03 Finished transferring output files
...
005 (10284267.141.000) 08/02 15:58:03 Job terminated.
	(1) Normal termination (return value 139)
		Usr 0 00:00:02, Sys 0 00:00:00  -  Run Remote Usage
		Usr 0 00:00:00, Sys 0 00:00:00  -  Run Local Usage
		Usr 0 00:00:02, Sys 0 00:00:00  -  Total Remote Usage
		Usr 0 00:00:00, Sys 0 00:00:00  -  Total Local Usage
	7696  -  Run Bytes Sent By Job
	409597  -  Run Bytes Received By Job
	7696  -  Total Bytes Sent By Job
	409597  -  Total Bytes Received By Job
	Partitionable Resources :    Usage  Request Allocated 
	   Cpus                 :        0       12        12 
	   Disk (KB)            :      429      425   3123505 
	   Memory (MB)          :        2    24000     24000 

	Job terminated of its own accord at 2024-08-02T13:58:03Z with exit-code 139.
...
