000 (10252905.1429.000) 07/24 16:13:17 Job submitted from host: <188.185.114.121:9618?addrs=188.185.114.121-9618+[2001-1458-d00-a--100-273]-9618&alias=bigbird19.cern.ch&noUDP&sock=schedd_4961_696e>
...
009 (10252905.1429.000) 07/24 16:14:47 Job was aborted.
	via condor_rm (by user yelberke)
...
000 (10252906.1429.000) 07/24 16:15:37 Job submitted from host: <188.185.114.121:9618?addrs=188.185.114.121-9618+[2001-1458-d00-a--100-273]-9618&alias=bigbird19.cern.ch&noUDP&sock=schedd_4961_696e>
...
000 (10252907.1429.000) 07/24 16:17:31 Job submitted from host: <188.185.114.121:9618?addrs=188.185.114.121-9618+[2001-1458-d00-a--100-273]-9618&alias=bigbird19.cern.ch&noUDP&sock=schedd_4961_696e>
...
000 (10252908.1429.000) 07/24 16:18:04 Job submitted from host: <188.185.114.121:9618?addrs=188.185.114.121-9618+[2001-1458-d00-a--100-273]-9618&alias=bigbird19.cern.ch&noUDP&sock=schedd_4961_696e>
...
000 (10252909.1429.000) 07/24 16:18:40 Job submitted from host: <188.185.114.121:9618?addrs=188.185.114.121-9618+[2001-1458-d00-a--100-273]-9618&alias=bigbird19.cern.ch&noUDP&sock=schedd_4961_696e>
...
000 (10252910.1429.000) 07/24 16:19:05 Job submitted from host: <188.185.114.121:9618?addrs=188.185.114.121-9618+[2001-1458-d00-a--100-273]-9618&alias=bigbird19.cern.ch&noUDP&sock=schedd_4961_696e>
...
000 (10252911.1429.000) 07/24 16:19:19 Job submitted from host: <188.185.114.121:9618?addrs=188.185.114.121-9618+[2001-1458-d00-a--100-273]-9618&alias=bigbird19.cern.ch&noUDP&sock=schedd_4961_696e>
...
000 (10252912.1429.000) 07/24 16:19:31 Job submitted from host: <188.185.114.121:9618?addrs=188.185.114.121-9618+[2001-1458-d00-a--100-273]-9618&alias=bigbird19.cern.ch&noUDP&sock=schedd_4961_696e>
...
000 (10252913.1429.000) 07/24 16:19:44 Job submitted from host: <188.185.114.121:9618?addrs=188.185.114.121-9618+[2001-1458-d00-a--100-273]-9618&alias=bigbird19.cern.ch&noUDP&sock=schedd_4961_696e>
...
040 (10252906.1429.000) 07/24 16:28:16 Started transferring input files
	Transferring to host: <188.185.206.219:9618?addrs=188.185.206.219-9618+[2001-1458-303-c--100-58]-9618&alias=b9p06p4355.cern.ch&noUDP&sock=slot1_12_6910_7852_157681>
...
040 (10252906.1429.000) 07/24 16:28:16 Finished transferring input files
...
001 (10252906.1429.000) 07/24 16:28:17 Job executing on host: <188.185.206.219:9618?addrs=188.185.206.219-9618+[2001-1458-303-c--100-58]-9618&alias=b9p06p4355.cern.ch&noUDP&sock=startd_6844_fe43>
	SlotName: slot1_12@b9p06p4355.cern.ch
	CondorScratchDir = "/pool/condor/dir_3321356"
	Cpus = 8
	Disk = 2804555
	Memory = 16000
...
006 (10252906.1429.000) 07/24 16:28:25 Image size of job updated: 157416
	7  -  MemoryUsage of job (MB)
	6996  -  ResidentSetSize of job (KB)
...
040 (10252906.1429.000) 07/24 16:28:25 Started transferring output files
...
040 (10252906.1429.000) 07/24 16:28:25 Finished transferring output files
...
005 (10252906.1429.000) 07/24 16:28:25 Job terminated.
	(1) Normal termination (return value 0)
		Usr 0 00:00:04, Sys 0 00:00:00  -  Run Remote Usage
		Usr 0 00:00:00, Sys 0 00:00:00  -  Run Local Usage
		Usr 0 00:00:04, Sys 0 00:00:00  -  Total Remote Usage
		Usr 0 00:00:00, Sys 0 00:00:00  -  Total Local Usage
	6204  -  Run Bytes Sent By Job
	409597  -  Run Bytes Received By Job
	6204  -  Total Bytes Sent By Job
	409597  -  Total Bytes Received By Job
	Partitionable Resources :    Usage  Request Allocated 
	   Cpus                 :        0        8         8 
	   Disk (KB)            :      427      425   2804555 
	   Memory (MB)          :        7    16000     16000 

	Job terminated of its own accord at 2024-07-24T14:28:25Z with exit-code 0.
...
040 (10252907.1429.000) 07/24 17:54:11 Started transferring input files
	Transferring to host: <188.185.209.94:9618?addrs=188.185.209.94-9618+[2001-1458-303-11--100-5b]-9618&alias=b9p11p6418.cern.ch&noUDP&sock=slot1_19_52284_8ec7_24990>
...
001 (10252907.1429.000) 07/24 17:54:13 Job executing on host: <188.185.209.94:9618?addrs=188.185.209.94-9618+[2001-1458-303-11--100-5b]-9618&alias=b9p11p6418.cern.ch&noUDP&sock=startd_51524_c1c3>
	SlotName: slot1_19@b9p11p6418.cern.ch
	CondorScratchDir = "/pool/condor/dir_903174"
	Cpus = 8
	Disk = 2401673
	Memory = 16000
...
040 (10252907.1429.000) 07/24 17:54:13 Finished transferring input files
...
006 (10252907.1429.000) 07/24 17:54:17 Image size of job updated: 158544
	8  -  MemoryUsage of job (MB)
	7696  -  ResidentSetSize of job (KB)
...
040 (10252907.1429.000) 07/24 17:54:21 Started transferring output files
...
040 (10252907.1429.000) 07/24 17:54:21 Finished transferring output files
...
005 (10252907.1429.000) 07/24 17:54:21 Job terminated.
	(1) Normal termination (return value 0)
		Usr 0 00:00:03, Sys 0 00:00:00  -  Run Remote Usage
		Usr 0 00:00:00, Sys 0 00:00:00  -  Run Local Usage
		Usr 0 00:00:03, Sys 0 00:00:00  -  Total Remote Usage
		Usr 0 00:00:00, Sys 0 00:00:00  -  Total Local Usage
	6204  -  Run Bytes Sent By Job
	409597  -  Run Bytes Received By Job
	6204  -  Total Bytes Sent By Job
	409597  -  Total Bytes Received By Job
	Partitionable Resources :    Usage  Request Allocated 
	   Cpus                 :        0        8         8 
	   Disk (KB)            :      428      425   2401673 
	   Memory (MB)          :        8    16000     16000 

	Job terminated of its own accord at 2024-07-24T15:54:17Z with exit-code 0.
...
040 (10252908.1429.000) 07/24 18:58:46 Started transferring input files
	Transferring to host: <188.185.207.55:9618?addrs=188.185.207.55-9618+[2001-1458-303-d--100-34]-9618&alias=b9p07p0358.cern.ch&noUDP&sock=slot1_3_2103965_6d0e_98811>
...
040 (10252908.1429.000) 07/24 18:58:46 Finished transferring input files
...
001 (10252908.1429.000) 07/24 18:58:47 Job executing on host: <188.185.207.55:9618?addrs=188.185.207.55-9618+[2001-1458-303-d--100-34]-9618&alias=b9p07p0358.cern.ch&noUDP&sock=startd_2103919_0418>
	SlotName: slot1_3@b9p07p0358.cern.ch
	CondorScratchDir = "/pool/condor/dir_1286913"
	Cpus = 8
	Disk = 2877609
	Memory = 16000
...
006 (10252908.1429.000) 07/24 18:58:52 Image size of job updated: 165460
	11  -  MemoryUsage of job (MB)
	10820  -  ResidentSetSize of job (KB)
...
040 (10252908.1429.000) 07/24 18:58:52 Started transferring output files
...
040 (10252908.1429.000) 07/24 18:58:52 Finished transferring output files
...
005 (10252908.1429.000) 07/24 18:58:52 Job terminated.
	(1) Normal termination (return value 0)
		Usr 0 00:00:03, Sys 0 00:00:00  -  Run Remote Usage
		Usr 0 00:00:00, Sys 0 00:00:00  -  Run Local Usage
		Usr 0 00:00:03, Sys 0 00:00:00  -  Total Remote Usage
		Usr 0 00:00:00, Sys 0 00:00:00  -  Total Local Usage
	6204  -  Run Bytes Sent By Job
	409597  -  Run Bytes Received By Job
	6204  -  Total Bytes Sent By Job
	409597  -  Total Bytes Received By Job
	Partitionable Resources :    Usage  Request Allocated 
	   Cpus                 :        0        8         8 
	   Disk (KB)            :      429      425   2877609 
	   Memory (MB)          :       11    16000     16000 

	Job terminated of its own accord at 2024-07-24T16:58:52Z with exit-code 0.
...
040 (10252909.1429.000) 07/24 19:57:55 Started transferring input files
	Transferring to host: <188.185.205.107:9618?addrs=188.185.205.107-9618+[2001-1458-303-9--100-68]-9618&alias=b9p03p1852.cern.ch&noUDP&sock=slot1_16_7657_cc90_71905>
...
040 (10252909.1429.000) 07/24 19:57:55 Finished transferring input files
...
001 (10252909.1429.000) 07/24 19:57:56 Job executing on host: <188.185.205.107:9618?addrs=188.185.205.107-9618+[2001-1458-303-9--100-68]-9618&alias=b9p03p1852.cern.ch&noUDP&sock=startd_6598_41f7>
	SlotName: slot1_16@b9p03p1852.cern.ch
	CondorScratchDir = "/pool/condor/dir_2019262"
	Cpus = 8
	Disk = 2768469
	Memory = 16000
...
006 (10252909.1429.000) 07/24 19:58:00 Image size of job updated: 161228
	9  -  MemoryUsage of job (MB)
	8512  -  ResidentSetSize of job (KB)
...
040 (10252909.1429.000) 07/24 19:58:00 Started transferring output files
...
040 (10252909.1429.000) 07/24 19:58:00 Finished transferring output files
...
005 (10252909.1429.000) 07/24 19:58:00 Job terminated.
	(1) Normal termination (return value 0)
		Usr 0 00:00:03, Sys 0 00:00:00  -  Run Remote Usage
		Usr 0 00:00:00, Sys 0 00:00:00  -  Run Local Usage
		Usr 0 00:00:03, Sys 0 00:00:00  -  Total Remote Usage
		Usr 0 00:00:00, Sys 0 00:00:00  -  Total Local Usage
	6204  -  Run Bytes Sent By Job
	409597  -  Run Bytes Received By Job
	6204  -  Total Bytes Sent By Job
	409597  -  Total Bytes Received By Job
	Partitionable Resources :    Usage  Request Allocated 
	   Cpus                 :        0        8         8 
	   Disk (KB)            :      428      425   2768469 
	   Memory (MB)          :        9    16000     16000 

	Job terminated of its own accord at 2024-07-24T17:58:00Z with exit-code 0.
...
040 (10252910.1429.000) 07/24 20:49:33 Started transferring input files
	Transferring to host: <128.142.137.140:9618?addrs=128.142.137.140-9618+[2001-1458-301-5e--100-80]-9618&alias=b9g19p6024.cern.ch&noUDP&sock=slot1_8_2746_8e29_146>
...
040 (10252910.1429.000) 07/24 20:49:33 Finished transferring input files
...
001 (10252910.1429.000) 07/24 20:49:34 Job executing on host: <128.142.137.140:9618?addrs=128.142.137.140-9618+[2001-1458-301-5e--100-80]-9618&alias=b9g19p6024.cern.ch&noUDP&sock=startd_2420_7f47>
	SlotName: slot1_8@b9g19p6024.cern.ch
	CondorScratchDir = "/pool/condor/dir_37534"
	Cpus = 8
	Disk = 1773175
	Memory = 16000
...
006 (10252910.1429.000) 07/24 20:49:43 Image size of job updated: 141276
	138  -  MemoryUsage of job (MB)
	141276  -  ResidentSetSize of job (KB)
...
040 (10252910.1429.000) 07/24 20:49:47 Started transferring output files
...
040 (10252910.1429.000) 07/24 20:49:47 Finished transferring output files
...
005 (10252910.1429.000) 07/24 20:49:47 Job terminated.
	(1) Normal termination (return value 0)
		Usr 0 00:00:11, Sys 0 00:00:00  -  Run Remote Usage
		Usr 0 00:00:00, Sys 0 00:00:00  -  Run Local Usage
		Usr 0 00:00:11, Sys 0 00:00:00  -  Total Remote Usage
		Usr 0 00:00:00, Sys 0 00:00:00  -  Total Local Usage
	6201  -  Run Bytes Sent By Job
	409597  -  Run Bytes Received By Job
	6201  -  Total Bytes Sent By Job
	409597  -  Total Bytes Received By Job
	Partitionable Resources :    Usage  Request Allocated 
	   Cpus                 :        0        8         8 
	   Disk (KB)            :      428      425   1773175 
	   Memory (MB)          :      138    16000     16000 

	Job terminated of its own accord at 2024-07-24T18:49:47Z with exit-code 0.
...
040 (10252911.1429.000) 07/24 21:02:01 Started transferring input files
	Transferring to host: <188.185.195.68:9618?addrs=188.185.195.68-9618+[2001-1458-303-22--100-40]-9618&alias=b9p17p8519.cern.ch&noUDP&sock=slot1_2_901442_2fea_4176>
...
040 (10252911.1429.000) 07/24 21:02:01 Finished transferring input files
...
001 (10252911.1429.000) 07/24 21:02:02 Job executing on host: <188.185.195.68:9618?addrs=188.185.195.68-9618+[2001-1458-303-22--100-40]-9618&alias=b9p17p8519.cern.ch&noUDP&sock=startd_128068_9301>
	SlotName: slot1_2@b9p17p8519.cern.ch
	CondorScratchDir = "/pool/condor/dir_3205422"
	Cpus = 8
	Disk = 2972956
	Memory = 16000
...
006 (10252911.1429.000) 07/24 21:02:09 Image size of job updated: 159324
	8  -  MemoryUsage of job (MB)
	7236  -  ResidentSetSize of job (KB)
...
040 (10252911.1429.000) 07/24 21:02:09 Started transferring output files
...
040 (10252911.1429.000) 07/24 21:02:09 Finished transferring output files
...
005 (10252911.1429.000) 07/24 21:02:09 Job terminated.
	(1) Normal termination (return value 0)
		Usr 0 00:00:06, Sys 0 00:00:00  -  Run Remote Usage
		Usr 0 00:00:00, Sys 0 00:00:00  -  Run Local Usage
		Usr 0 00:00:06, Sys 0 00:00:00  -  Total Remote Usage
		Usr 0 00:00:00, Sys 0 00:00:00  -  Total Local Usage
	6204  -  Run Bytes Sent By Job
	409597  -  Run Bytes Received By Job
	6204  -  Total Bytes Sent By Job
	409597  -  Total Bytes Received By Job
	Partitionable Resources :    Usage  Request Allocated 
	   Cpus                 :        0        8         8 
	   Disk (KB)            :      428      425   2972956 
	   Memory (MB)          :        8    16000     16000 

	Job terminated of its own accord at 2024-07-24T19:02:09Z with exit-code 0.
...
040 (10252912.1429.000) 07/24 21:15:57 Started transferring input files
	Transferring to host: <188.185.205.13:9618?addrs=188.185.205.13-9618+[2001-1458-303-9--100-81]-9618&alias=b9p03p2205.cern.ch&noUDP&sock=slot1_13_3583_4c2b_30880>
...
040 (10252912.1429.000) 07/24 21:15:57 Finished transferring input files
...
001 (10252912.1429.000) 07/24 21:15:58 Job executing on host: <188.185.205.13:9618?addrs=188.185.205.13-9618+[2001-1458-303-9--100-81]-9618&alias=b9p03p2205.cern.ch&noUDP&sock=startd_3230_16fe>
	SlotName: slot1_13@b9p03p2205.cern.ch
	CondorScratchDir = "/pool/condor/dir_721305"
	Cpus = 8
	Disk = 2781622
	Memory = 16000
...
006 (10252912.1429.000) 07/24 21:16:02 Image size of job updated: 160364
	9  -  MemoryUsage of job (MB)
	8480  -  ResidentSetSize of job (KB)
...
040 (10252912.1429.000) 07/24 21:16:02 Started transferring output files
...
040 (10252912.1429.000) 07/24 21:16:02 Finished transferring output files
...
005 (10252912.1429.000) 07/24 21:16:02 Job terminated.
	(1) Normal termination (return value 0)
		Usr 0 00:00:03, Sys 0 00:00:00  -  Run Remote Usage
		Usr 0 00:00:00, Sys 0 00:00:00  -  Run Local Usage
		Usr 0 00:00:03, Sys 0 00:00:00  -  Total Remote Usage
		Usr 0 00:00:00, Sys 0 00:00:00  -  Total Local Usage
	6201  -  Run Bytes Sent By Job
	409597  -  Run Bytes Received By Job
	6201  -  Total Bytes Sent By Job
	409597  -  Total Bytes Received By Job
	Partitionable Resources :    Usage  Request Allocated 
	   Cpus                 :        0        8         8 
	   Disk (KB)            :      427      425   2781622 
	   Memory (MB)          :        9    16000     16000 

	Job terminated of its own accord at 2024-07-24T19:16:02Z with exit-code 0.
...
040 (10252913.1429.000) 07/24 21:28:45 Started transferring input files
	Transferring to host: <188.185.204.162:9618?addrs=188.185.204.162-9618+[2001-1458-303-8--100-96]-9618&alias=b9p02p3486.cern.ch&noUDP&sock=slot1_21_6779_2b2d_157033>
...
040 (10252913.1429.000) 07/24 21:28:45 Finished transferring input files
...
001 (10252913.1429.000) 07/24 21:28:46 Job executing on host: <188.185.204.162:9618?addrs=188.185.204.162-9618+[2001-1458-303-8--100-96]-9618&alias=b9p02p3486.cern.ch&noUDP&sock=startd_6709_64fa>
	SlotName: slot1_21@b9p02p3486.cern.ch
	CondorScratchDir = "/pool/condor/dir_2015676"
	Cpus = 8
	Disk = 2846143
	Memory = 16000
...
006 (10252913.1429.000) 07/24 21:28:51 Image size of job updated: 160144
	9  -  MemoryUsage of job (MB)
	8276  -  ResidentSetSize of job (KB)
...
040 (10252913.1429.000) 07/24 21:28:51 Started transferring output files
...
040 (10252913.1429.000) 07/24 21:28:51 Finished transferring output files
...
005 (10252913.1429.000) 07/24 21:28:51 Job terminated.
	(1) Normal termination (return value 0)
		Usr 0 00:00:04, Sys 0 00:00:00  -  Run Remote Usage
		Usr 0 00:00:00, Sys 0 00:00:00  -  Run Local Usage
		Usr 0 00:00:04, Sys 0 00:00:00  -  Total Remote Usage
		Usr 0 00:00:00, Sys 0 00:00:00  -  Total Local Usage
	6204  -  Run Bytes Sent By Job
	409597  -  Run Bytes Received By Job
	6204  -  Total Bytes Sent By Job
	409597  -  Total Bytes Received By Job
	Partitionable Resources :    Usage  Request Allocated 
	   Cpus                 :        0        8         8 
	   Disk (KB)            :      428      425   2846143 
	   Memory (MB)          :        9    16000     16000 

	Job terminated of its own accord at 2024-07-24T19:28:51Z with exit-code 0.
...
000 (10261715.1429.000) 07/25 13:01:59 Job submitted from host: <188.185.114.121:9618?addrs=188.185.114.121-9618+[2001-1458-d00-a--100-273]-9618&alias=bigbird19.cern.ch&noUDP&sock=schedd_4961_696e>
...
009 (10261715.1429.000) 07/25 13:06:44 Job was aborted.
	via condor_rm (by user yelberke)
...
000 (10261767.1429.000) 07/25 13:20:17 Job submitted from host: <188.185.114.121:9618?addrs=188.185.114.121-9618+[2001-1458-d00-a--100-273]-9618&alias=bigbird19.cern.ch&noUDP&sock=schedd_4961_696e>
...
040 (10261767.1429.000) 07/25 14:14:32 Started transferring input files
	Transferring to host: <188.185.205.63:9618?addrs=188.185.205.63-9618&alias=b9p03p3877.cern.ch&noUDP&sock=slot1_11_7369_e085_158425>
...
040 (10261767.1429.000) 07/25 14:14:32 Finished transferring input files
...
001 (10261767.1429.000) 07/25 14:14:33 Job executing on host: <188.185.205.63:9618?addrs=188.185.205.63-9618&alias=b9p03p3877.cern.ch&noUDP&sock=startd_7252_d8e7>
	SlotName: slot1_11@b9p03p3877.cern.ch
	CondorScratchDir = "/pool/condor/dir_1917884"
	Cpus = 12
	Disk = 2778656
	Memory = 24000
...
006 (10261767.1429.000) 07/25 14:14:37 Image size of job updated: 168480
	11  -  MemoryUsage of job (MB)
	10388  -  ResidentSetSize of job (KB)
...
040 (10261767.1429.000) 07/25 14:14:37 Started transferring output files
...
040 (10261767.1429.000) 07/25 14:14:37 Finished transferring output files
...
005 (10261767.1429.000) 07/25 14:14:37 Job terminated.
	(1) Normal termination (return value 0)
		Usr 0 00:00:03, Sys 0 00:00:00  -  Run Remote Usage
		Usr 0 00:00:00, Sys 0 00:00:00  -  Run Local Usage
		Usr 0 00:00:03, Sys 0 00:00:00  -  Total Remote Usage
		Usr 0 00:00:00, Sys 0 00:00:00  -  Total Local Usage
	6204  -  Run Bytes Sent By Job
	409597  -  Run Bytes Received By Job
	6204  -  Total Bytes Sent By Job
	409597  -  Total Bytes Received By Job
	Partitionable Resources :    Usage  Request Allocated 
	   Cpus                 :        0       12        12 
	   Disk (KB)            :      428      425   2778656 
	   Memory (MB)          :       11    24000     24000 

	Job terminated of its own accord at 2024-07-25T12:14:37Z with exit-code 0.
...
000 (10284266.1429.000) 08/02 15:45:40 Job submitted from host: <188.185.114.121:9618?addrs=188.185.114.121-9618+[2001-1458-d00-a--100-273]-9618&alias=bigbird19.cern.ch&noUDP&sock=schedd_4961_696e>
...
009 (10284266.1429.000) 08/02 15:49:26 Job was aborted.
	via condor_rm (by user yelberke)
...
000 (10284267.1429.000) 08/02 15:49:51 Job submitted from host: <188.185.114.121:9618?addrs=188.185.114.121-9618+[2001-1458-d00-a--100-273]-9618&alias=bigbird19.cern.ch&noUDP&sock=schedd_4961_696e>
...
040 (10284267.1429.000) 08/02 16:26:12 Started transferring input files
	Transferring to host: <188.185.209.55:9618?addrs=188.185.209.55-9618+[2001-1458-303-11--100-34]-9618&alias=b9p11p5238.cern.ch&noUDP&sock=slot1_27_20270_cc71_34603>
...
040 (10284267.1429.000) 08/02 16:26:12 Finished transferring input files
...
001 (10284267.1429.000) 08/02 16:26:13 Job executing on host: <188.185.209.55:9618?addrs=188.185.209.55-9618+[2001-1458-303-11--100-34]-9618&alias=b9p11p5238.cern.ch&noUDP&sock=startd_19257_475c>
	SlotName: slot1_27@b9p11p5238.cern.ch
	CondorScratchDir = "/pool/condor/dir_1201522"
	Cpus = 12
	Disk = 2678034
	Memory = 24000
...
006 (10284267.1429.000) 08/02 16:26:15 Image size of job updated: 326640
	5  -  MemoryUsage of job (MB)
	4924  -  ResidentSetSize of job (KB)
...
040 (10284267.1429.000) 08/02 16:26:15 Started transferring output files
...
040 (10284267.1429.000) 08/02 16:26:15 Finished transferring output files
...
005 (10284267.1429.000) 08/02 16:26:15 Job terminated.
	(1) Normal termination (return value 139)
		Usr 0 00:00:01, Sys 0 00:00:01  -  Run Remote Usage
		Usr 0 00:00:00, Sys 0 00:00:00  -  Run Local Usage
		Usr 0 00:00:01, Sys 0 00:00:01  -  Total Remote Usage
		Usr 0 00:00:00, Sys 0 00:00:00  -  Total Local Usage
	7696  -  Run Bytes Sent By Job
	409597  -  Run Bytes Received By Job
	7696  -  Total Bytes Sent By Job
	409597  -  Total Bytes Received By Job
	Partitionable Resources :    Usage  Request Allocated 
	   Cpus                 :        0       12        12 
	   Disk (KB)            :      429      425   2678034 
	   Memory (MB)          :        5    24000     24000 

	Job terminated of its own accord at 2024-08-02T14:26:15Z with exit-code 139.
...
