000 (10252905.1444.000) 07/24 16:13:17 Job submitted from host: <188.185.114.121:9618?addrs=188.185.114.121-9618+[2001-1458-d00-a--100-273]-9618&alias=bigbird19.cern.ch&noUDP&sock=schedd_4961_696e>
...
009 (10252905.1444.000) 07/24 16:14:47 Job was aborted.
	via condor_rm (by user yelberke)
...
000 (10252906.1444.000) 07/24 16:15:37 Job submitted from host: <188.185.114.121:9618?addrs=188.185.114.121-9618+[2001-1458-d00-a--100-273]-9618&alias=bigbird19.cern.ch&noUDP&sock=schedd_4961_696e>
...
000 (10252907.1444.000) 07/24 16:17:31 Job submitted from host: <188.185.114.121:9618?addrs=188.185.114.121-9618+[2001-1458-d00-a--100-273]-9618&alias=bigbird19.cern.ch&noUDP&sock=schedd_4961_696e>
...
000 (10252908.1444.000) 07/24 16:18:04 Job submitted from host: <188.185.114.121:9618?addrs=188.185.114.121-9618+[2001-1458-d00-a--100-273]-9618&alias=bigbird19.cern.ch&noUDP&sock=schedd_4961_696e>
...
000 (10252909.1444.000) 07/24 16:18:40 Job submitted from host: <188.185.114.121:9618?addrs=188.185.114.121-9618+[2001-1458-d00-a--100-273]-9618&alias=bigbird19.cern.ch&noUDP&sock=schedd_4961_696e>
...
000 (10252910.1444.000) 07/24 16:19:05 Job submitted from host: <188.185.114.121:9618?addrs=188.185.114.121-9618+[2001-1458-d00-a--100-273]-9618&alias=bigbird19.cern.ch&noUDP&sock=schedd_4961_696e>
...
000 (10252911.1444.000) 07/24 16:19:19 Job submitted from host: <188.185.114.121:9618?addrs=188.185.114.121-9618+[2001-1458-d00-a--100-273]-9618&alias=bigbird19.cern.ch&noUDP&sock=schedd_4961_696e>
...
000 (10252912.1444.000) 07/24 16:19:31 Job submitted from host: <188.185.114.121:9618?addrs=188.185.114.121-9618+[2001-1458-d00-a--100-273]-9618&alias=bigbird19.cern.ch&noUDP&sock=schedd_4961_696e>
...
000 (10252913.1444.000) 07/24 16:19:44 Job submitted from host: <188.185.114.121:9618?addrs=188.185.114.121-9618+[2001-1458-d00-a--100-273]-9618&alias=bigbird19.cern.ch&noUDP&sock=schedd_4961_696e>
...
040 (10252906.1444.000) 07/24 16:28:19 Started transferring input files
	Transferring to host: <188.185.195.47:9618?addrs=188.185.195.47-9618+[2001-1458-303-22--100-2b]-9618&alias=b9p17p5429.cern.ch&noUDP&sock=slot1_2_3817917_a94f_6410>
...
040 (10252906.1444.000) 07/24 16:28:19 Finished transferring input files
...
001 (10252906.1444.000) 07/24 16:28:20 Job executing on host: <188.185.195.47:9618?addrs=188.185.195.47-9618+[2001-1458-303-22--100-2b]-9618&alias=b9p17p5429.cern.ch&noUDP&sock=startd_167351_71df>
	SlotName: slot1_2@b9p17p5429.cern.ch
	CondorScratchDir = "/pool/condor/dir_1544442"
	Cpus = 8
	Disk = 2732307
	Memory = 16000
...
006 (10252906.1444.000) 07/24 16:28:27 Image size of job updated: 156972
	7  -  MemoryUsage of job (MB)
	6536  -  ResidentSetSize of job (KB)
...
040 (10252906.1444.000) 07/24 16:28:27 Started transferring output files
...
040 (10252906.1444.000) 07/24 16:28:27 Finished transferring output files
...
005 (10252906.1444.000) 07/24 16:28:27 Job terminated.
	(1) Normal termination (return value 0)
		Usr 0 00:00:06, Sys 0 00:00:00  -  Run Remote Usage
		Usr 0 00:00:00, Sys 0 00:00:00  -  Run Local Usage
		Usr 0 00:00:06, Sys 0 00:00:00  -  Total Remote Usage
		Usr 0 00:00:00, Sys 0 00:00:00  -  Total Local Usage
	6204  -  Run Bytes Sent By Job
	409597  -  Run Bytes Received By Job
	6204  -  Total Bytes Sent By Job
	409597  -  Total Bytes Received By Job
	Partitionable Resources :    Usage  Request Allocated 
	   Cpus                 :        0        8         8 
	   Disk (KB)            :      426      425   2732307 
	   Memory (MB)          :        7    16000     16000 

	Job terminated of its own accord at 2024-07-24T14:28:27Z with exit-code 0.
...
040 (10252907.1444.000) 07/24 17:54:17 Started transferring input files
	Transferring to host: <188.185.206.142:9618?addrs=188.185.206.142-9618&alias=b9p06p3480.cern.ch&noUDP&sock=slot1_24_6901_20f2_159646>
...
001 (10252907.1444.000) 07/24 17:54:21 Job executing on host: <188.185.206.142:9618?addrs=188.185.206.142-9618&alias=b9p06p3480.cern.ch&noUDP&sock=startd_6833_72b8>
	SlotName: slot1_24@b9p06p3480.cern.ch
	CondorScratchDir = "/pool/condor/dir_3249521"
	Cpus = 8
	Disk = 2635476
	Memory = 16000
...
040 (10252907.1444.000) 07/24 17:54:21 Finished transferring input files
...
006 (10252907.1444.000) 07/24 17:54:26 Image size of job updated: 160768
	8  -  MemoryUsage of job (MB)
	7668  -  ResidentSetSize of job (KB)
...
040 (10252907.1444.000) 07/24 17:54:26 Started transferring output files
...
040 (10252907.1444.000) 07/24 17:54:26 Finished transferring output files
...
005 (10252907.1444.000) 07/24 17:54:26 Job terminated.
	(1) Normal termination (return value 0)
		Usr 0 00:00:03, Sys 0 00:00:00  -  Run Remote Usage
		Usr 0 00:00:00, Sys 0 00:00:00  -  Run Local Usage
		Usr 0 00:00:03, Sys 0 00:00:00  -  Total Remote Usage
		Usr 0 00:00:00, Sys 0 00:00:00  -  Total Local Usage
	6204  -  Run Bytes Sent By Job
	409597  -  Run Bytes Received By Job
	6204  -  Total Bytes Sent By Job
	409597  -  Total Bytes Received By Job
	Partitionable Resources :    Usage  Request Allocated 
	   Cpus                 :        0        8         8 
	   Disk (KB)            :      428      425   2635476 
	   Memory (MB)          :        8    16000     16000 

	Job terminated of its own accord at 2024-07-24T15:54:26Z with exit-code 0.
...
040 (10252908.1444.000) 07/24 18:58:51 Started transferring input files
	Transferring to host: <188.185.207.30:9618?addrs=188.185.207.30-9618+[2001-1458-303-d--100-1b]-9618&alias=b9p07p3207.cern.ch&noUDP&sock=slot1_8_8886_bda2_141964>
...
040 (10252908.1444.000) 07/24 18:58:51 Finished transferring input files
...
001 (10252908.1444.000) 07/24 18:58:52 Job executing on host: <188.185.207.30:9618?addrs=188.185.207.30-9618+[2001-1458-303-d--100-1b]-9618&alias=b9p07p3207.cern.ch&noUDP&sock=startd_7360_ed21>
	SlotName: slot1_8@b9p07p3207.cern.ch
	CondorScratchDir = "/pool/condor/dir_1763894"
	Cpus = 8
	Disk = 2757806
	Memory = 16000
...
006 (10252908.1444.000) 07/24 18:58:56 Image size of job updated: 159908
	8  -  MemoryUsage of job (MB)
	7968  -  ResidentSetSize of job (KB)
...
040 (10252908.1444.000) 07/24 18:58:56 Started transferring output files
...
040 (10252908.1444.000) 07/24 18:58:56 Finished transferring output files
...
005 (10252908.1444.000) 07/24 18:58:56 Job terminated.
	(1) Normal termination (return value 0)
		Usr 0 00:00:03, Sys 0 00:00:00  -  Run Remote Usage
		Usr 0 00:00:00, Sys 0 00:00:00  -  Run Local Usage
		Usr 0 00:00:03, Sys 0 00:00:00  -  Total Remote Usage
		Usr 0 00:00:00, Sys 0 00:00:00  -  Total Local Usage
	6204  -  Run Bytes Sent By Job
	409597  -  Run Bytes Received By Job
	6204  -  Total Bytes Sent By Job
	409597  -  Total Bytes Received By Job
	Partitionable Resources :    Usage  Request Allocated 
	   Cpus                 :     0.06        8         8 
	   Disk (KB)            :   427         425   2757806 
	   Memory (MB)          :     8       16000     16000 

	Job terminated of its own accord at 2024-07-24T16:58:56Z with exit-code 0.
...
040 (10252909.1444.000) 07/24 19:58:00 Started transferring input files
	Transferring to host: <188.185.207.174:9618?addrs=188.185.207.174-9618+[2001-1458-303-e--100-2b]-9618&alias=b9p08p4180.cern.ch&noUDP&sock=slot1_35_12905_7d66_142087>
...
040 (10252909.1444.000) 07/24 19:58:00 Finished transferring input files
...
001 (10252909.1444.000) 07/24 19:58:01 Job executing on host: <188.185.207.174:9618?addrs=188.185.207.174-9618+[2001-1458-303-e--100-2b]-9618&alias=b9p08p4180.cern.ch&noUDP&sock=startd_11449_a3e3>
	SlotName: slot1_35@b9p08p4180.cern.ch
	CondorScratchDir = "/pool/condor/dir_2765640"
	Cpus = 8
	Disk = 2813584
	Memory = 16000
...
006 (10252909.1444.000) 07/24 19:58:08 Image size of job updated: 159760
	8  -  MemoryUsage of job (MB)
	7192  -  ResidentSetSize of job (KB)
...
040 (10252909.1444.000) 07/24 19:58:08 Started transferring output files
...
040 (10252909.1444.000) 07/24 19:58:08 Finished transferring output files
...
005 (10252909.1444.000) 07/24 19:58:08 Job terminated.
	(1) Normal termination (return value 0)
		Usr 0 00:00:05, Sys 0 00:00:00  -  Run Remote Usage
		Usr 0 00:00:00, Sys 0 00:00:00  -  Run Local Usage
		Usr 0 00:00:05, Sys 0 00:00:00  -  Total Remote Usage
		Usr 0 00:00:00, Sys 0 00:00:00  -  Total Local Usage
	6204  -  Run Bytes Sent By Job
	409597  -  Run Bytes Received By Job
	6204  -  Total Bytes Sent By Job
	409597  -  Total Bytes Received By Job
	Partitionable Resources :    Usage  Request Allocated 
	   Cpus                 :        0        8         8 
	   Disk (KB)            :      428      425   2813584 
	   Memory (MB)          :        8    16000     16000 

	Job terminated of its own accord at 2024-07-24T17:58:08Z with exit-code 0.
...
040 (10252910.1444.000) 07/24 20:49:38 Started transferring input files
	Transferring to host: <188.185.207.15:9618?addrs=188.185.207.15-9618+[2001-1458-303-d--100-c]-9618&alias=b9p07p1846.cern.ch&noUDP&sock=slot1_17_4594_a374_147794>
...
040 (10252910.1444.000) 07/24 20:49:38 Finished transferring input files
...
001 (10252910.1444.000) 07/24 20:49:39 Job executing on host: <188.185.207.15:9618?addrs=188.185.207.15-9618+[2001-1458-303-d--100-c]-9618&alias=b9p07p1846.cern.ch&noUDP&sock=startd_3880_ef8d>
	SlotName: slot1_17@b9p07p1846.cern.ch
	CondorScratchDir = "/pool/condor/dir_139464"
	Cpus = 8
	Disk = 3007911
	Memory = 16000
...
006 (10252910.1444.000) 07/24 20:49:43 Image size of job updated: 164384
	10  -  MemoryUsage of job (MB)
	9684  -  ResidentSetSize of job (KB)
...
040 (10252910.1444.000) 07/24 20:49:43 Started transferring output files
...
040 (10252910.1444.000) 07/24 20:49:43 Finished transferring output files
...
005 (10252910.1444.000) 07/24 20:49:43 Job terminated.
	(1) Normal termination (return value 0)
		Usr 0 00:00:03, Sys 0 00:00:00  -  Run Remote Usage
		Usr 0 00:00:00, Sys 0 00:00:00  -  Run Local Usage
		Usr 0 00:00:03, Sys 0 00:00:00  -  Total Remote Usage
		Usr 0 00:00:00, Sys 0 00:00:00  -  Total Local Usage
	6201  -  Run Bytes Sent By Job
	409597  -  Run Bytes Received By Job
	6201  -  Total Bytes Sent By Job
	409597  -  Total Bytes Received By Job
	Partitionable Resources :    Usage  Request Allocated 
	   Cpus                 :        0        8         8 
	   Disk (KB)            :      428      425   3007911 
	   Memory (MB)          :       10    16000     16000 

	Job terminated of its own accord at 2024-07-24T18:49:43Z with exit-code 0.
...
040 (10252911.1444.000) 07/24 21:02:05 Started transferring input files
	Transferring to host: <128.142.130.96:9618?addrs=128.142.130.96-9618+[2001-1458-301-58--100-54]-9618&alias=b9g20p3084.cern.ch&noUDP&sock=slot1_8_3606874_c6a9_176442>
...
040 (10252911.1444.000) 07/24 21:02:05 Finished transferring input files
...
001 (10252911.1444.000) 07/24 21:02:06 Job executing on host: <128.142.130.96:9618?addrs=128.142.130.96-9618+[2001-1458-301-58--100-54]-9618&alias=b9g20p3084.cern.ch&noUDP&sock=startd_138490_330a>
	SlotName: slot1_8@b9g20p3084.cern.ch
	CondorScratchDir = "/pool/condor/dir_3609040"
	Cpus = 8
	Disk = 1801156
	Memory = 16000
...
006 (10252911.1444.000) 07/24 21:02:15 Image size of job updated: 8768
	9  -  MemoryUsage of job (MB)
	8768  -  ResidentSetSize of job (KB)
...
040 (10252911.1444.000) 07/24 21:02:16 Started transferring output files
...
040 (10252911.1444.000) 07/24 21:02:16 Finished transferring output files
...
005 (10252911.1444.000) 07/24 21:02:17 Job terminated.
	(1) Normal termination (return value 0)
		Usr 0 00:00:07, Sys 0 00:00:00  -  Run Remote Usage
		Usr 0 00:00:00, Sys 0 00:00:00  -  Run Local Usage
		Usr 0 00:00:07, Sys 0 00:00:00  -  Total Remote Usage
		Usr 0 00:00:00, Sys 0 00:00:00  -  Total Local Usage
	6204  -  Run Bytes Sent By Job
	409597  -  Run Bytes Received By Job
	6204  -  Total Bytes Sent By Job
	409597  -  Total Bytes Received By Job
	Partitionable Resources :    Usage  Request Allocated 
	   Cpus                 :                 8         8 
	   Disk (KB)            :      420      425   1801156 
	   Memory (MB)          :        9    16000     16000 

	Job terminated of its own accord at 2024-07-24T19:02:15Z with exit-code 0.
...
040 (10252912.1444.000) 07/24 21:16:02 Started transferring input files
	Transferring to host: <188.185.204.206:9618?addrs=188.185.204.206-9618+[2001-1458-303-8--100-c2]-9618&alias=b9p02p9135.cern.ch&noUDP&sock=slot1_10_6763_e52c_156313>
...
040 (10252912.1444.000) 07/24 21:16:02 Finished transferring input files
...
001 (10252912.1444.000) 07/24 21:16:03 Job executing on host: <188.185.204.206:9618?addrs=188.185.204.206-9618+[2001-1458-303-8--100-c2]-9618&alias=b9p02p9135.cern.ch&noUDP&sock=startd_6695_caa6>
	SlotName: slot1_10@b9p02p9135.cern.ch
	CondorScratchDir = "/pool/condor/dir_2142101"
	Cpus = 8
	Disk = 2771472
	Memory = 16000
...
006 (10252912.1444.000) 07/24 21:16:08 Image size of job updated: 162804
	9  -  MemoryUsage of job (MB)
	8708  -  ResidentSetSize of job (KB)
...
040 (10252912.1444.000) 07/24 21:16:08 Started transferring output files
...
040 (10252912.1444.000) 07/24 21:16:08 Finished transferring output files
...
005 (10252912.1444.000) 07/24 21:16:08 Job terminated.
	(1) Normal termination (return value 0)
		Usr 0 00:00:04, Sys 0 00:00:00  -  Run Remote Usage
		Usr 0 00:00:00, Sys 0 00:00:00  -  Run Local Usage
		Usr 0 00:00:04, Sys 0 00:00:00  -  Total Remote Usage
		Usr 0 00:00:00, Sys 0 00:00:00  -  Total Local Usage
	6201  -  Run Bytes Sent By Job
	409597  -  Run Bytes Received By Job
	6201  -  Total Bytes Sent By Job
	409597  -  Total Bytes Received By Job
	Partitionable Resources :    Usage  Request Allocated 
	   Cpus                 :        0        8         8 
	   Disk (KB)            :      427      425   2771472 
	   Memory (MB)          :        9    16000     16000 

	Job terminated of its own accord at 2024-07-24T19:16:08Z with exit-code 0.
...
040 (10252913.1444.000) 07/24 21:28:50 Started transferring input files
	Transferring to host: <188.185.208.63:9618?addrs=188.185.208.63-9618+[2001-1458-303-f--100-3c]-9618&alias=b9p09p5455.cern.ch&noUDP&sock=slot1_14_8446_b891_144919>
...
040 (10252913.1444.000) 07/24 21:28:50 Finished transferring input files
...
001 (10252913.1444.000) 07/24 21:28:51 Job executing on host: <188.185.208.63:9618?addrs=188.185.208.63-9618+[2001-1458-303-f--100-3c]-9618&alias=b9p09p5455.cern.ch&noUDP&sock=startd_7144_c4ac>
	SlotName: slot1_14@b9p09p5455.cern.ch
	CondorScratchDir = "/pool/condor/dir_1317439"
	Cpus = 8
	Disk = 2854305
	Memory = 16000
...
006 (10252913.1444.000) 07/24 21:28:57 Image size of job updated: 163820
	10  -  MemoryUsage of job (MB)
	9548  -  ResidentSetSize of job (KB)
...
040 (10252913.1444.000) 07/24 21:28:57 Started transferring output files
...
040 (10252913.1444.000) 07/24 21:28:57 Finished transferring output files
...
005 (10252913.1444.000) 07/24 21:28:57 Job terminated.
	(1) Normal termination (return value 0)
		Usr 0 00:00:05, Sys 0 00:00:00  -  Run Remote Usage
		Usr 0 00:00:00, Sys 0 00:00:00  -  Run Local Usage
		Usr 0 00:00:05, Sys 0 00:00:00  -  Total Remote Usage
		Usr 0 00:00:00, Sys 0 00:00:00  -  Total Local Usage
	6204  -  Run Bytes Sent By Job
	409597  -  Run Bytes Received By Job
	6204  -  Total Bytes Sent By Job
	409597  -  Total Bytes Received By Job
	Partitionable Resources :    Usage  Request Allocated 
	   Cpus                 :        0        8         8 
	   Disk (KB)            :      428      425   2854305 
	   Memory (MB)          :       10    16000     16000 

	Job terminated of its own accord at 2024-07-24T19:28:57Z with exit-code 0.
...
000 (10261715.1444.000) 07/25 13:01:59 Job submitted from host: <188.185.114.121:9618?addrs=188.185.114.121-9618+[2001-1458-d00-a--100-273]-9618&alias=bigbird19.cern.ch&noUDP&sock=schedd_4961_696e>
...
009 (10261715.1444.000) 07/25 13:06:44 Job was aborted.
	via condor_rm (by user yelberke)
...
000 (10261767.1444.000) 07/25 13:20:17 Job submitted from host: <188.185.114.121:9618?addrs=188.185.114.121-9618+[2001-1458-d00-a--100-273]-9618&alias=bigbird19.cern.ch&noUDP&sock=schedd_4961_696e>
...
040 (10261767.1444.000) 07/25 14:20:08 Started transferring input files
	Transferring to host: <188.185.208.75:9618?addrs=188.185.208.75-9618+[2001-1458-303-f--100-48]-9618&alias=b9p09p5717.cern.ch&noUDP&sock=slot1_8_128920_8d74_36724>
...
040 (10261767.1444.000) 07/25 14:20:08 Finished transferring input files
...
001 (10261767.1444.000) 07/25 14:20:09 Job executing on host: <188.185.208.75:9618?addrs=188.185.208.75-9618+[2001-1458-303-f--100-48]-9618&alias=b9p09p5717.cern.ch&noUDP&sock=startd_118345_67ab>
	SlotName: slot1_8@b9p09p5717.cern.ch
	CondorScratchDir = "/pool/condor/dir_2273314"
	Cpus = 12
	Disk = 2701512
	Memory = 24000
...
006 (10261767.1444.000) 07/25 14:20:14 Image size of job updated: 162624
	9  -  MemoryUsage of job (MB)
	8656  -  ResidentSetSize of job (KB)
...
040 (10261767.1444.000) 07/25 14:20:15 Started transferring output files
...
040 (10261767.1444.000) 07/25 14:20:15 Finished transferring output files
...
005 (10261767.1444.000) 07/25 14:20:17 Job terminated.
	(1) Normal termination (return value 0)
		Usr 0 00:00:03, Sys 0 00:00:00  -  Run Remote Usage
		Usr 0 00:00:00, Sys 0 00:00:00  -  Run Local Usage
		Usr 0 00:00:03, Sys 0 00:00:00  -  Total Remote Usage
		Usr 0 00:00:00, Sys 0 00:00:00  -  Total Local Usage
	6204  -  Run Bytes Sent By Job
	409597  -  Run Bytes Received By Job
	6204  -  Total Bytes Sent By Job
	409597  -  Total Bytes Received By Job
	Partitionable Resources :    Usage  Request Allocated 
	   Cpus                 :        0       12        12 
	   Disk (KB)            :      427      425   2701512 
	   Memory (MB)          :        9    24000     24000 

	Job terminated of its own accord at 2024-07-25T12:20:14Z with exit-code 0.
...
000 (10284266.1444.000) 08/02 15:45:40 Job submitted from host: <188.185.114.121:9618?addrs=188.185.114.121-9618+[2001-1458-d00-a--100-273]-9618&alias=bigbird19.cern.ch&noUDP&sock=schedd_4961_696e>
...
009 (10284266.1444.000) 08/02 15:49:26 Job was aborted.
	via condor_rm (by user yelberke)
...
000 (10284267.1444.000) 08/02 15:49:51 Job submitted from host: <188.185.114.121:9618?addrs=188.185.114.121-9618+[2001-1458-d00-a--100-273]-9618&alias=bigbird19.cern.ch&noUDP&sock=schedd_4961_696e>
...
040 (10284267.1444.000) 08/02 16:26:17 Started transferring input files
	Transferring to host: <188.185.208.52:9618?addrs=188.185.208.52-9618+[2001-1458-303-f--100-31]-9618&alias=b9p09p4575.cern.ch&noUDP&sock=slot1_15_128918_24b3_156403>
...
040 (10284267.1444.000) 08/02 16:26:17 Finished transferring input files
...
001 (10284267.1444.000) 08/02 16:26:18 Job executing on host: <188.185.208.52:9618?addrs=188.185.208.52-9618+[2001-1458-303-f--100-31]-9618&alias=b9p09p4575.cern.ch&noUDP&sock=startd_116323_7b2c>
	SlotName: slot1_15@b9p09p4575.cern.ch
	CondorScratchDir = "/pool/condor/dir_926402"
	Cpus = 12
	Disk = 2739056
	Memory = 24000
...
006 (10284267.1444.000) 08/02 16:26:20 Image size of job updated: 324656
	5  -  MemoryUsage of job (MB)
	4104  -  ResidentSetSize of job (KB)
...
040 (10284267.1444.000) 08/02 16:26:20 Started transferring output files
...
040 (10284267.1444.000) 08/02 16:26:20 Finished transferring output files
...
005 (10284267.1444.000) 08/02 16:26:20 Job terminated.
	(1) Normal termination (return value 139)
		Usr 0 00:00:02, Sys 0 00:00:00  -  Run Remote Usage
		Usr 0 00:00:00, Sys 0 00:00:00  -  Run Local Usage
		Usr 0 00:00:02, Sys 0 00:00:00  -  Total Remote Usage
		Usr 0 00:00:00, Sys 0 00:00:00  -  Total Local Usage
	7696  -  Run Bytes Sent By Job
	409597  -  Run Bytes Received By Job
	7696  -  Total Bytes Sent By Job
	409597  -  Total Bytes Received By Job
	Partitionable Resources :    Usage  Request Allocated 
	   Cpus                 :                12        12 
	   Disk (KB)            :      422      425   2739056 
	   Memory (MB)          :        5    24000     24000 

	Job terminated of its own accord at 2024-08-02T14:26:20Z with exit-code 139.
...
