000 (10252905.1469.000) 07/24 16:13:17 Job submitted from host: <188.185.114.121:9618?addrs=188.185.114.121-9618+[2001-1458-d00-a--100-273]-9618&alias=bigbird19.cern.ch&noUDP&sock=schedd_4961_696e>
...
009 (10252905.1469.000) 07/24 16:14:47 Job was aborted.
	via condor_rm (by user yelberke)
...
000 (10252906.1469.000) 07/24 16:15:37 Job submitted from host: <188.185.114.121:9618?addrs=188.185.114.121-9618+[2001-1458-d00-a--100-273]-9618&alias=bigbird19.cern.ch&noUDP&sock=schedd_4961_696e>
...
000 (10252907.1469.000) 07/24 16:17:31 Job submitted from host: <188.185.114.121:9618?addrs=188.185.114.121-9618+[2001-1458-d00-a--100-273]-9618&alias=bigbird19.cern.ch&noUDP&sock=schedd_4961_696e>
...
000 (10252908.1469.000) 07/24 16:18:04 Job submitted from host: <188.185.114.121:9618?addrs=188.185.114.121-9618+[2001-1458-d00-a--100-273]-9618&alias=bigbird19.cern.ch&noUDP&sock=schedd_4961_696e>
...
000 (10252909.1469.000) 07/24 16:18:40 Job submitted from host: <188.185.114.121:9618?addrs=188.185.114.121-9618+[2001-1458-d00-a--100-273]-9618&alias=bigbird19.cern.ch&noUDP&sock=schedd_4961_696e>
...
000 (10252910.1469.000) 07/24 16:19:05 Job submitted from host: <188.185.114.121:9618?addrs=188.185.114.121-9618+[2001-1458-d00-a--100-273]-9618&alias=bigbird19.cern.ch&noUDP&sock=schedd_4961_696e>
...
000 (10252911.1469.000) 07/24 16:19:19 Job submitted from host: <188.185.114.121:9618?addrs=188.185.114.121-9618+[2001-1458-d00-a--100-273]-9618&alias=bigbird19.cern.ch&noUDP&sock=schedd_4961_696e>
...
000 (10252912.1469.000) 07/24 16:19:31 Job submitted from host: <188.185.114.121:9618?addrs=188.185.114.121-9618+[2001-1458-d00-a--100-273]-9618&alias=bigbird19.cern.ch&noUDP&sock=schedd_4961_696e>
...
000 (10252913.1469.000) 07/24 16:19:44 Job submitted from host: <188.185.114.121:9618?addrs=188.185.114.121-9618+[2001-1458-d00-a--100-273]-9618&alias=bigbird19.cern.ch&noUDP&sock=schedd_4961_696e>
...
040 (10252906.1469.000) 07/24 16:28:29 Started transferring input files
	Transferring to host: <188.185.207.192:9618?addrs=188.185.207.192-9618+[2001-1458-303-e--100-3d]-9618&alias=b9p08p9609.cern.ch&noUDP&sock=slot1_17_4004722_aedc_46657>
...
040 (10252906.1469.000) 07/24 16:28:29 Finished transferring input files
...
001 (10252906.1469.000) 07/24 16:28:30 Job executing on host: <188.185.207.192:9618?addrs=188.185.207.192-9618+[2001-1458-303-e--100-3d]-9618&alias=b9p08p9609.cern.ch&noUDP&sock=startd_4289_79c9>
	SlotName: slot1_17@b9p08p9609.cern.ch
	CondorScratchDir = "/pool/condor/dir_486361"
	Cpus = 8
	Disk = 2897370
	Memory = 16000
...
006 (10252906.1469.000) 07/24 16:28:35 Image size of job updated: 156828
	7  -  MemoryUsage of job (MB)
	6536  -  ResidentSetSize of job (KB)
...
040 (10252906.1469.000) 07/24 16:28:35 Started transferring output files
...
040 (10252906.1469.000) 07/24 16:28:35 Finished transferring output files
...
005 (10252906.1469.000) 07/24 16:28:35 Job terminated.
	(1) Normal termination (return value 0)
		Usr 0 00:00:04, Sys 0 00:00:00  -  Run Remote Usage
		Usr 0 00:00:00, Sys 0 00:00:00  -  Run Local Usage
		Usr 0 00:00:04, Sys 0 00:00:00  -  Total Remote Usage
		Usr 0 00:00:00, Sys 0 00:00:00  -  Total Local Usage
	6204  -  Run Bytes Sent By Job
	409597  -  Run Bytes Received By Job
	6204  -  Total Bytes Sent By Job
	409597  -  Total Bytes Received By Job
	Partitionable Resources :    Usage  Request Allocated 
	   Cpus                 :        0        8         8 
	   Disk (KB)            :      427      425   2897370 
	   Memory (MB)          :        7    16000     16000 

	Job terminated of its own accord at 2024-07-24T14:28:35Z with exit-code 0.
...
040 (10252907.1469.000) 07/24 17:54:28 Started transferring input files
	Transferring to host: <188.185.205.216:9618?addrs=188.185.205.216-9618&alias=b9p04p2069.cern.ch&noUDP&sock=slot1_10_5007_a265_154840>
...
040 (10252907.1469.000) 07/24 17:54:28 Finished transferring input files
...
001 (10252907.1469.000) 07/24 17:54:29 Job executing on host: <188.185.205.216:9618?addrs=188.185.205.216-9618&alias=b9p04p2069.cern.ch&noUDP&sock=startd_4543_b2d7>
	SlotName: slot1_10@b9p04p2069.cern.ch
	CondorScratchDir = "/pool/condor/dir_3977642"
	Cpus = 8
	Disk = 2716682
	Memory = 16000
...
006 (10252907.1469.000) 07/24 17:54:33 Image size of job updated: 157100
	7  -  MemoryUsage of job (MB)
	7068  -  ResidentSetSize of job (KB)
...
040 (10252907.1469.000) 07/24 17:54:33 Started transferring output files
...
040 (10252907.1469.000) 07/24 17:54:33 Finished transferring output files
...
005 (10252907.1469.000) 07/24 17:54:33 Job terminated.
	(1) Normal termination (return value 0)
		Usr 0 00:00:03, Sys 0 00:00:00  -  Run Remote Usage
		Usr 0 00:00:00, Sys 0 00:00:00  -  Run Local Usage
		Usr 0 00:00:03, Sys 0 00:00:00  -  Total Remote Usage
		Usr 0 00:00:00, Sys 0 00:00:00  -  Total Local Usage
	6204  -  Run Bytes Sent By Job
	409597  -  Run Bytes Received By Job
	6204  -  Total Bytes Sent By Job
	409597  -  Total Bytes Received By Job
	Partitionable Resources :    Usage  Request Allocated 
	   Cpus                 :        0        8         8 
	   Disk (KB)            :      428      425   2716682 
	   Memory (MB)          :        7    16000     16000 

	Job terminated of its own accord at 2024-07-24T15:54:33Z with exit-code 0.
...
040 (10252908.1469.000) 07/24 18:58:59 Started transferring input files
	Transferring to host: <188.185.205.179:9618?addrs=188.185.205.179-9618+[2001-1458-303-a--100-30]-9618&alias=b9p04p5046.cern.ch&noUDP&sock=slot1_6_7364_5aa5_154190>
...
040 (10252908.1469.000) 07/24 18:58:59 Finished transferring input files
...
001 (10252908.1469.000) 07/24 18:59:00 Job executing on host: <188.185.205.179:9618?addrs=188.185.205.179-9618+[2001-1458-303-a--100-30]-9618&alias=b9p04p5046.cern.ch&noUDP&sock=startd_7297_b6aa>
	SlotName: slot1_6@b9p04p5046.cern.ch
	CondorScratchDir = "/pool/condor/dir_2489273"
	Cpus = 8
	Disk = 2675045
	Memory = 16000
...
006 (10252908.1469.000) 07/24 18:59:04 Image size of job updated: 158400
	8  -  MemoryUsage of job (MB)
	7800  -  ResidentSetSize of job (KB)
...
040 (10252908.1469.000) 07/24 18:59:04 Started transferring output files
...
040 (10252908.1469.000) 07/24 18:59:04 Finished transferring output files
...
005 (10252908.1469.000) 07/24 18:59:04 Job terminated.
	(1) Normal termination (return value 0)
		Usr 0 00:00:03, Sys 0 00:00:00  -  Run Remote Usage
		Usr 0 00:00:00, Sys 0 00:00:00  -  Run Local Usage
		Usr 0 00:00:03, Sys 0 00:00:00  -  Total Remote Usage
		Usr 0 00:00:00, Sys 0 00:00:00  -  Total Local Usage
	6204  -  Run Bytes Sent By Job
	409597  -  Run Bytes Received By Job
	6204  -  Total Bytes Sent By Job
	409597  -  Total Bytes Received By Job
	Partitionable Resources :    Usage  Request Allocated 
	   Cpus                 :        0        8         8 
	   Disk (KB)            :      427      425   2675045 
	   Memory (MB)          :        8    16000     16000 

	Job terminated of its own accord at 2024-07-24T16:59:04Z with exit-code 0.
...
040 (10252909.1469.000) 07/24 19:58:10 Started transferring input files
	Transferring to host: <188.185.194.73:9618?addrs=188.185.194.73-9618+[2001-1458-303-21--100-45]-9618&alias=b9p20p4442.cern.ch&noUDP&sock=slot1_14_3389804_52ee_24278>
...
040 (10252909.1469.000) 07/24 19:58:10 Finished transferring input files
...
001 (10252909.1469.000) 07/24 19:58:11 Job executing on host: <188.185.194.73:9618?addrs=188.185.194.73-9618+[2001-1458-303-21--100-45]-9618&alias=b9p20p4442.cern.ch&noUDP&sock=startd_127905_c511>
	SlotName: slot1_14@b9p20p4442.cern.ch
	CondorScratchDir = "/pool/condor/dir_957372"
	Cpus = 8
	Disk = 2986818
	Memory = 16000
...
006 (10252909.1469.000) 07/24 19:58:17 Image size of job updated: 161184
	9  -  MemoryUsage of job (MB)
	8404  -  ResidentSetSize of job (KB)
...
040 (10252909.1469.000) 07/24 19:58:17 Started transferring output files
...
040 (10252909.1469.000) 07/24 19:58:17 Finished transferring output files
...
005 (10252909.1469.000) 07/24 19:58:17 Job terminated.
	(1) Normal termination (return value 0)
		Usr 0 00:00:05, Sys 0 00:00:00  -  Run Remote Usage
		Usr 0 00:00:00, Sys 0 00:00:00  -  Run Local Usage
		Usr 0 00:00:05, Sys 0 00:00:00  -  Total Remote Usage
		Usr 0 00:00:00, Sys 0 00:00:00  -  Total Local Usage
	6204  -  Run Bytes Sent By Job
	409597  -  Run Bytes Received By Job
	6204  -  Total Bytes Sent By Job
	409597  -  Total Bytes Received By Job
	Partitionable Resources :    Usage  Request Allocated 
	   Cpus                 :        0        8         8 
	   Disk (KB)            :      428      425   2986818 
	   Memory (MB)          :        9    16000     16000 

	Job terminated of its own accord at 2024-07-24T17:58:17Z with exit-code 0.
...
040 (10252910.1469.000) 07/24 20:49:46 Started transferring input files
	Transferring to host: <188.185.205.62:9618?addrs=188.185.205.62-9618&alias=b9p03p6269.cern.ch&noUDP&sock=slot1_16_7393_c986_157992>
...
001 (10252910.1469.000) 07/24 20:49:47 Job executing on host: <188.185.205.62:9618?addrs=188.185.205.62-9618&alias=b9p03p6269.cern.ch&noUDP&sock=startd_7320_7d58>
	SlotName: slot1_16@b9p03p6269.cern.ch
	CondorScratchDir = "/pool/condor/dir_3743321"
	Cpus = 8
	Disk = 2705854
	Memory = 16000
...
040 (10252910.1469.000) 07/24 20:49:47 Finished transferring input files
...
006 (10252910.1469.000) 07/24 20:49:52 Image size of job updated: 161260
	9  -  MemoryUsage of job (MB)
	8616  -  ResidentSetSize of job (KB)
...
040 (10252910.1469.000) 07/24 20:49:52 Started transferring output files
...
040 (10252910.1469.000) 07/24 20:49:52 Finished transferring output files
...
005 (10252910.1469.000) 07/24 20:49:52 Job terminated.
	(1) Normal termination (return value 0)
		Usr 0 00:00:03, Sys 0 00:00:00  -  Run Remote Usage
		Usr 0 00:00:00, Sys 0 00:00:00  -  Run Local Usage
		Usr 0 00:00:03, Sys 0 00:00:00  -  Total Remote Usage
		Usr 0 00:00:00, Sys 0 00:00:00  -  Total Local Usage
	6201  -  Run Bytes Sent By Job
	409597  -  Run Bytes Received By Job
	6201  -  Total Bytes Sent By Job
	409597  -  Total Bytes Received By Job
	Partitionable Resources :    Usage  Request Allocated 
	   Cpus                 :        0        8         8 
	   Disk (KB)            :      428      425   2705854 
	   Memory (MB)          :        9    16000     16000 

	Job terminated of its own accord at 2024-07-24T18:49:52Z with exit-code 0.
...
040 (10252911.1469.000) 07/24 21:02:55 Started transferring input files
	Transferring to host: <188.185.207.147:9618?addrs=188.185.207.147-9618+[2001-1458-303-e--100-10]-9618&alias=b9p08p3726.cern.ch&noUDP&sock=slot1_9_8740_dedc_144220>
...
040 (10252911.1469.000) 07/24 21:02:55 Finished transferring input files
...
001 (10252911.1469.000) 07/24 21:02:56 Job executing on host: <188.185.207.147:9618?addrs=188.185.207.147-9618+[2001-1458-303-e--100-10]-9618&alias=b9p08p3726.cern.ch&noUDP&sock=startd_7243_ac8d>
	SlotName: slot1_9@b9p08p3726.cern.ch
	CondorScratchDir = "/pool/condor/dir_1023158"
	Cpus = 8
	Disk = 2704912
	Memory = 16000
...
006 (10252911.1469.000) 07/24 21:03:00 Image size of job updated: 160768
	9  -  MemoryUsage of job (MB)
	8380  -  ResidentSetSize of job (KB)
...
040 (10252911.1469.000) 07/24 21:03:00 Started transferring output files
...
040 (10252911.1469.000) 07/24 21:03:00 Finished transferring output files
...
005 (10252911.1469.000) 07/24 21:03:00 Job terminated.
	(1) Normal termination (return value 0)
		Usr 0 00:00:03, Sys 0 00:00:00  -  Run Remote Usage
		Usr 0 00:00:00, Sys 0 00:00:00  -  Run Local Usage
		Usr 0 00:00:03, Sys 0 00:00:00  -  Total Remote Usage
		Usr 0 00:00:00, Sys 0 00:00:00  -  Total Local Usage
	6204  -  Run Bytes Sent By Job
	409597  -  Run Bytes Received By Job
	6204  -  Total Bytes Sent By Job
	409597  -  Total Bytes Received By Job
	Partitionable Resources :    Usage  Request Allocated 
	   Cpus                 :        0        8         8 
	   Disk (KB)            :      428      425   2704912 
	   Memory (MB)          :        9    16000     16000 

	Job terminated of its own accord at 2024-07-24T19:03:00Z with exit-code 0.
...
040 (10252912.1469.000) 07/24 21:16:12 Started transferring input files
	Transferring to host: <188.185.207.197:9618?addrs=188.185.207.197-9618+[2001-1458-303-e--100-42]-9618&alias=b9p08p9966.cern.ch&noUDP&sock=slot1_33_7360_8924_143844>
...
040 (10252912.1469.000) 07/24 21:16:12 Finished transferring input files
...
001 (10252912.1469.000) 07/24 21:16:13 Job executing on host: <188.185.207.197:9618?addrs=188.185.207.197-9618+[2001-1458-303-e--100-42]-9618&alias=b9p08p9966.cern.ch&noUDP&sock=startd_5698_eeba>
	SlotName: slot1_33@b9p08p9966.cern.ch
	CondorScratchDir = "/pool/condor/dir_3152512"
	Cpus = 8
	Disk = 2838034
	Memory = 16000
...
006 (10252912.1469.000) 07/24 21:16:19 Image size of job updated: 161316
	9  -  MemoryUsage of job (MB)
	8644  -  ResidentSetSize of job (KB)
...
040 (10252912.1469.000) 07/24 21:16:19 Started transferring output files
...
040 (10252912.1469.000) 07/24 21:16:20 Finished transferring output files
...
005 (10252912.1469.000) 07/24 21:16:20 Job terminated.
	(1) Normal termination (return value 0)
		Usr 0 00:00:05, Sys 0 00:00:00  -  Run Remote Usage
		Usr 0 00:00:00, Sys 0 00:00:00  -  Run Local Usage
		Usr 0 00:00:05, Sys 0 00:00:00  -  Total Remote Usage
		Usr 0 00:00:00, Sys 0 00:00:00  -  Total Local Usage
	6201  -  Run Bytes Sent By Job
	409597  -  Run Bytes Received By Job
	6201  -  Total Bytes Sent By Job
	409597  -  Total Bytes Received By Job
	Partitionable Resources :    Usage  Request Allocated 
	   Cpus                 :        0        8         8 
	   Disk (KB)            :      427      425   2838034 
	   Memory (MB)          :        9    16000     16000 

	Job terminated of its own accord at 2024-07-24T19:16:19Z with exit-code 0.
...
040 (10252913.1469.000) 07/24 21:28:59 Started transferring input files
	Transferring to host: <128.142.131.129:9618?addrs=128.142.131.129-9618+[2001-1458-301-59--100-75]-9618&alias=b9g11p8001.cern.ch&noUDP&sock=slot1_23_2970617_2938_39213>
...
040 (10252913.1469.000) 07/24 21:28:59 Finished transferring input files
...
001 (10252913.1469.000) 07/24 21:29:00 Job executing on host: <128.142.131.129:9618?addrs=128.142.131.129-9618+[2001-1458-301-59--100-75]-9618&alias=b9g11p8001.cern.ch&noUDP&sock=startd_2601_a5ec>
	SlotName: slot1_23@b9g11p8001.cern.ch
	CondorScratchDir = "/pool/condor/dir_2419836"
	Cpus = 8
	Disk = 1627480
	Memory = 16000
...
006 (10252913.1469.000) 07/24 21:29:08 Image size of job updated: 147344
	144  -  MemoryUsage of job (MB)
	147344  -  ResidentSetSize of job (KB)
...
040 (10252913.1469.000) 07/24 21:29:10 Started transferring output files
...
040 (10252913.1469.000) 07/24 21:29:10 Finished transferring output files
...
005 (10252913.1469.000) 07/24 21:29:10 Job terminated.
	(1) Normal termination (return value 0)
		Usr 0 00:00:08, Sys 0 00:00:00  -  Run Remote Usage
		Usr 0 00:00:00, Sys 0 00:00:00  -  Run Local Usage
		Usr 0 00:00:08, Sys 0 00:00:00  -  Total Remote Usage
		Usr 0 00:00:00, Sys 0 00:00:00  -  Total Local Usage
	6204  -  Run Bytes Sent By Job
	409597  -  Run Bytes Received By Job
	6204  -  Total Bytes Sent By Job
	409597  -  Total Bytes Received By Job
	Partitionable Resources :    Usage  Request Allocated 
	   Cpus                 :        0        8         8 
	   Disk (KB)            :      428      425   1627480 
	   Memory (MB)          :      144    16000     16000 

	Job terminated of its own accord at 2024-07-24T19:29:10Z with exit-code 0.
...
000 (10261715.1469.000) 07/25 13:02:00 Job submitted from host: <188.185.114.121:9618?addrs=188.185.114.121-9618+[2001-1458-d00-a--100-273]-9618&alias=bigbird19.cern.ch&noUDP&sock=schedd_4961_696e>
...
009 (10261715.1469.000) 07/25 13:06:44 Job was aborted.
	via condor_rm (by user yelberke)
...
000 (10261767.1469.000) 07/25 13:20:17 Job submitted from host: <188.185.114.121:9618?addrs=188.185.114.121-9618+[2001-1458-d00-a--100-273]-9618&alias=bigbird19.cern.ch&noUDP&sock=schedd_4961_696e>
...
040 (10261767.1469.000) 07/25 14:20:21 Started transferring input files
	Transferring to host: <188.185.209.228:9618?addrs=188.185.209.228-9618+[2001-1458-303-12--100-61]-9618&alias=b9p12p5161.cern.ch&noUDP&sock=slot1_5_6522_16c2_146769>
...
040 (10261767.1469.000) 07/25 14:20:21 Finished transferring input files
...
001 (10261767.1469.000) 07/25 14:20:22 Job executing on host: <188.185.209.228:9618?addrs=188.185.209.228-9618+[2001-1458-303-12--100-61]-9618&alias=b9p12p5161.cern.ch&noUDP&sock=startd_5255_1246>
	SlotName: slot1_5@b9p12p5161.cern.ch
	CondorScratchDir = "/pool/condor/dir_98911"
	Cpus = 12
	Disk = 2669305
	Memory = 24000
...
006 (10261767.1469.000) 07/25 14:20:27 Image size of job updated: 160940
	7  -  MemoryUsage of job (MB)
	6976  -  ResidentSetSize of job (KB)
...
040 (10261767.1469.000) 07/25 14:20:27 Started transferring output files
...
040 (10261767.1469.000) 07/25 14:20:27 Finished transferring output files
...
005 (10261767.1469.000) 07/25 14:20:27 Job terminated.
	(1) Normal termination (return value 0)
		Usr 0 00:00:03, Sys 0 00:00:00  -  Run Remote Usage
		Usr 0 00:00:00, Sys 0 00:00:00  -  Run Local Usage
		Usr 0 00:00:03, Sys 0 00:00:00  -  Total Remote Usage
		Usr 0 00:00:00, Sys 0 00:00:00  -  Total Local Usage
	6204  -  Run Bytes Sent By Job
	409597  -  Run Bytes Received By Job
	6204  -  Total Bytes Sent By Job
	409597  -  Total Bytes Received By Job
	Partitionable Resources :    Usage  Request Allocated 
	   Cpus                 :        0       12        12 
	   Disk (KB)            :      427      425   2669305 
	   Memory (MB)          :        7    24000     24000 

	Job terminated of its own accord at 2024-07-25T12:20:27Z with exit-code 0.
...
000 (10284266.1469.000) 08/02 15:45:41 Job submitted from host: <188.185.114.121:9618?addrs=188.185.114.121-9618+[2001-1458-d00-a--100-273]-9618&alias=bigbird19.cern.ch&noUDP&sock=schedd_4961_696e>
...
009 (10284266.1469.000) 08/02 15:49:26 Job was aborted.
	via condor_rm (by user yelberke)
...
000 (10284267.1469.000) 08/02 15:49:51 Job submitted from host: <188.185.114.121:9618?addrs=188.185.114.121-9618+[2001-1458-d00-a--100-273]-9618&alias=bigbird19.cern.ch&noUDP&sock=schedd_4961_696e>
...
040 (10284267.1469.000) 08/02 16:26:31 Started transferring input files
	Transferring to host: <188.185.192.29:9618?addrs=188.185.192.29-9618+[2001-1458-303-1f--100-19]-9618&alias=b9p13p1663.cern.ch&noUDP&sock=slot1_5_610342_e72c_41>
...
040 (10284267.1469.000) 08/02 16:26:31 Finished transferring input files
...
001 (10284267.1469.000) 08/02 16:26:32 Job executing on host: <188.185.192.29:9618?addrs=188.185.192.29-9618+[2001-1458-303-1f--100-19]-9618&alias=b9p13p1663.cern.ch&noUDP&sock=startd_128315_fee5>
	SlotName: slot1_5@b9p13p1663.cern.ch
	CondorScratchDir = "/pool/condor/dir_618963"
	Cpus = 12
	Disk = 3113895
	Memory = 24000
...
006 (10284267.1469.000) 08/02 16:26:41 Image size of job updated: 1
	0  -  MemoryUsage of job (MB)
	0  -  ResidentSetSize of job (KB)
...
006 (10284267.1469.000) 08/02 16:26:59 Image size of job updated: 318568
	5  -  MemoryUsage of job (MB)
	4312  -  ResidentSetSize of job (KB)
...
040 (10284267.1469.000) 08/02 16:26:59 Started transferring output files
...
040 (10284267.1469.000) 08/02 16:26:59 Finished transferring output files
...
005 (10284267.1469.000) 08/02 16:26:59 Job terminated.
	(1) Normal termination (return value 139)
		Usr 0 00:00:02, Sys 0 00:00:00  -  Run Remote Usage
		Usr 0 00:00:00, Sys 0 00:00:00  -  Run Local Usage
		Usr 0 00:00:02, Sys 0 00:00:00  -  Total Remote Usage
		Usr 0 00:00:00, Sys 0 00:00:00  -  Total Local Usage
	7696  -  Run Bytes Sent By Job
	409597  -  Run Bytes Received By Job
	7696  -  Total Bytes Sent By Job
	409597  -  Total Bytes Received By Job
	Partitionable Resources :    Usage  Request Allocated 
	   Cpus                 :        0       12        12 
	   Disk (KB)            :      429      425   3113895 
	   Memory (MB)          :        5    24000     24000 

	Job terminated of its own accord at 2024-08-02T14:26:59Z with exit-code 139.
...
