000 (10252905.1478.000) 07/24 16:13:17 Job submitted from host: <188.185.114.121:9618?addrs=188.185.114.121-9618+[2001-1458-d00-a--100-273]-9618&alias=bigbird19.cern.ch&noUDP&sock=schedd_4961_696e>
...
009 (10252905.1478.000) 07/24 16:14:47 Job was aborted.
	via condor_rm (by user yelberke)
...
000 (10252906.1478.000) 07/24 16:15:37 Job submitted from host: <188.185.114.121:9618?addrs=188.185.114.121-9618+[2001-1458-d00-a--100-273]-9618&alias=bigbird19.cern.ch&noUDP&sock=schedd_4961_696e>
...
000 (10252907.1478.000) 07/24 16:17:31 Job submitted from host: <188.185.114.121:9618?addrs=188.185.114.121-9618+[2001-1458-d00-a--100-273]-9618&alias=bigbird19.cern.ch&noUDP&sock=schedd_4961_696e>
...
000 (10252908.1478.000) 07/24 16:18:04 Job submitted from host: <188.185.114.121:9618?addrs=188.185.114.121-9618+[2001-1458-d00-a--100-273]-9618&alias=bigbird19.cern.ch&noUDP&sock=schedd_4961_696e>
...
000 (10252909.1478.000) 07/24 16:18:40 Job submitted from host: <188.185.114.121:9618?addrs=188.185.114.121-9618+[2001-1458-d00-a--100-273]-9618&alias=bigbird19.cern.ch&noUDP&sock=schedd_4961_696e>
...
000 (10252910.1478.000) 07/24 16:19:05 Job submitted from host: <188.185.114.121:9618?addrs=188.185.114.121-9618+[2001-1458-d00-a--100-273]-9618&alias=bigbird19.cern.ch&noUDP&sock=schedd_4961_696e>
...
000 (10252911.1478.000) 07/24 16:19:19 Job submitted from host: <188.185.114.121:9618?addrs=188.185.114.121-9618+[2001-1458-d00-a--100-273]-9618&alias=bigbird19.cern.ch&noUDP&sock=schedd_4961_696e>
...
000 (10252912.1478.000) 07/24 16:19:31 Job submitted from host: <188.185.114.121:9618?addrs=188.185.114.121-9618+[2001-1458-d00-a--100-273]-9618&alias=bigbird19.cern.ch&noUDP&sock=schedd_4961_696e>
...
000 (10252913.1478.000) 07/24 16:19:44 Job submitted from host: <188.185.114.121:9618?addrs=188.185.114.121-9618+[2001-1458-d00-a--100-273]-9618&alias=bigbird19.cern.ch&noUDP&sock=schedd_4961_696e>
...
040 (10252906.1478.000) 07/24 16:28:33 Started transferring input files
	Transferring to host: <188.185.205.206:9618?addrs=188.185.205.206-9618&alias=b9p04p2719.cern.ch&noUDP&sock=slot1_6_4129_0101_155465>
...
040 (10252906.1478.000) 07/24 16:28:33 Finished transferring input files
...
001 (10252906.1478.000) 07/24 16:28:35 Job executing on host: <188.185.205.206:9618?addrs=188.185.205.206-9618&alias=b9p04p2719.cern.ch&noUDP&sock=startd_3707_45ab>
	SlotName: slot1_6@b9p04p2719.cern.ch
	CondorScratchDir = "/pool/condor/dir_3485318"
	Cpus = 8
	Disk = 2741980
	Memory = 16000
...
006 (10252906.1478.000) 07/24 16:28:39 Image size of job updated: 158480
	8  -  MemoryUsage of job (MB)
	7308  -  ResidentSetSize of job (KB)
...
040 (10252906.1478.000) 07/24 16:28:39 Started transferring output files
...
040 (10252906.1478.000) 07/24 16:28:39 Finished transferring output files
...
005 (10252906.1478.000) 07/24 16:28:39 Job terminated.
	(1) Normal termination (return value 0)
		Usr 0 00:00:03, Sys 0 00:00:00  -  Run Remote Usage
		Usr 0 00:00:00, Sys 0 00:00:00  -  Run Local Usage
		Usr 0 00:00:03, Sys 0 00:00:00  -  Total Remote Usage
		Usr 0 00:00:00, Sys 0 00:00:00  -  Total Local Usage
	6204  -  Run Bytes Sent By Job
	409597  -  Run Bytes Received By Job
	6204  -  Total Bytes Sent By Job
	409597  -  Total Bytes Received By Job
	Partitionable Resources :    Usage  Request Allocated 
	   Cpus                 :        0        8         8 
	   Disk (KB)            :      426      425   2741980 
	   Memory (MB)          :        8    16000     16000 

	Job terminated of its own accord at 2024-07-24T14:28:39Z with exit-code 0.
...
040 (10252907.1478.000) 07/24 17:54:32 Started transferring input files
	Transferring to host: <188.185.205.216:9618?addrs=188.185.205.216-9618&alias=b9p04p2069.cern.ch&noUDP&sock=slot1_13_5007_a265_154841>
...
040 (10252907.1478.000) 07/24 17:54:32 Finished transferring input files
...
001 (10252907.1478.000) 07/24 17:54:33 Job executing on host: <188.185.205.216:9618?addrs=188.185.205.216-9618&alias=b9p04p2069.cern.ch&noUDP&sock=startd_4543_b2d7>
	SlotName: slot1_13@b9p04p2069.cern.ch
	CondorScratchDir = "/pool/condor/dir_3977809"
	Cpus = 8
	Disk = 2716682
	Memory = 16000
...
006 (10252907.1478.000) 07/24 17:54:37 Image size of job updated: 159972
	8  -  MemoryUsage of job (MB)
	7764  -  ResidentSetSize of job (KB)
...
040 (10252907.1478.000) 07/24 17:54:37 Started transferring output files
...
040 (10252907.1478.000) 07/24 17:54:37 Finished transferring output files
...
005 (10252907.1478.000) 07/24 17:54:37 Job terminated.
	(1) Normal termination (return value 0)
		Usr 0 00:00:03, Sys 0 00:00:00  -  Run Remote Usage
		Usr 0 00:00:00, Sys 0 00:00:00  -  Run Local Usage
		Usr 0 00:00:03, Sys 0 00:00:00  -  Total Remote Usage
		Usr 0 00:00:00, Sys 0 00:00:00  -  Total Local Usage
	6204  -  Run Bytes Sent By Job
	409597  -  Run Bytes Received By Job
	6204  -  Total Bytes Sent By Job
	409597  -  Total Bytes Received By Job
	Partitionable Resources :    Usage  Request Allocated 
	   Cpus                 :        0        8         8 
	   Disk (KB)            :      428      425   2716682 
	   Memory (MB)          :        8    16000     16000 

	Job terminated of its own accord at 2024-07-24T15:54:37Z with exit-code 0.
...
040 (10252908.1478.000) 07/24 18:59:03 Started transferring input files
	Transferring to host: <188.185.205.179:9618?addrs=188.185.205.179-9618+[2001-1458-303-a--100-30]-9618&alias=b9p04p5046.cern.ch&noUDP&sock=slot1_12_7364_5aa5_154194>
...
040 (10252908.1478.000) 07/24 18:59:03 Finished transferring input files
...
001 (10252908.1478.000) 07/24 18:59:04 Job executing on host: <188.185.205.179:9618?addrs=188.185.205.179-9618+[2001-1458-303-a--100-30]-9618&alias=b9p04p5046.cern.ch&noUDP&sock=startd_7297_b6aa>
	SlotName: slot1_12@b9p04p5046.cern.ch
	CondorScratchDir = "/pool/condor/dir_2489934"
	Cpus = 8
	Disk = 2675010
	Memory = 16000
...
006 (10252908.1478.000) 07/24 18:59:08 Image size of job updated: 165840
	12  -  MemoryUsage of job (MB)
	11464  -  ResidentSetSize of job (KB)
...
040 (10252908.1478.000) 07/24 18:59:08 Started transferring output files
...
040 (10252908.1478.000) 07/24 18:59:08 Finished transferring output files
...
005 (10252908.1478.000) 07/24 18:59:08 Job terminated.
	(1) Normal termination (return value 0)
		Usr 0 00:00:03, Sys 0 00:00:00  -  Run Remote Usage
		Usr 0 00:00:00, Sys 0 00:00:00  -  Run Local Usage
		Usr 0 00:00:03, Sys 0 00:00:00  -  Total Remote Usage
		Usr 0 00:00:00, Sys 0 00:00:00  -  Total Local Usage
	6204  -  Run Bytes Sent By Job
	409597  -  Run Bytes Received By Job
	6204  -  Total Bytes Sent By Job
	409597  -  Total Bytes Received By Job
	Partitionable Resources :    Usage  Request Allocated 
	   Cpus                 :        0        8         8 
	   Disk (KB)            :      427      425   2675010 
	   Memory (MB)          :       12    16000     16000 

	Job terminated of its own accord at 2024-07-24T16:59:08Z with exit-code 0.
...
040 (10252909.1478.000) 07/24 19:58:13 Started transferring input files
	Transferring to host: <188.185.195.23:9618?addrs=188.185.195.23-9618+[2001-1458-303-22--100-13]-9618&alias=b9p17p9165.cern.ch&noUDP&sock=slot1_4_2312498_ca0e_2464>
...
040 (10252909.1478.000) 07/24 19:58:13 Finished transferring input files
...
001 (10252909.1478.000) 07/24 19:58:14 Job executing on host: <188.185.195.23:9618?addrs=188.185.195.23-9618+[2001-1458-303-22--100-13]-9618&alias=b9p17p9165.cern.ch&noUDP&sock=startd_127790_e3ad>
	SlotName: slot1_4@b9p17p9165.cern.ch
	CondorScratchDir = "/pool/condor/dir_2771582"
	Cpus = 8
	Disk = 3028100
	Memory = 16000
...
006 (10252909.1478.000) 07/24 19:58:21 Image size of job updated: 159072
	8  -  MemoryUsage of job (MB)
	8136  -  ResidentSetSize of job (KB)
...
040 (10252909.1478.000) 07/24 19:58:21 Started transferring output files
...
040 (10252909.1478.000) 07/24 19:58:21 Finished transferring output files
...
005 (10252909.1478.000) 07/24 19:58:21 Job terminated.
	(1) Normal termination (return value 0)
		Usr 0 00:00:06, Sys 0 00:00:00  -  Run Remote Usage
		Usr 0 00:00:00, Sys 0 00:00:00  -  Run Local Usage
		Usr 0 00:00:06, Sys 0 00:00:00  -  Total Remote Usage
		Usr 0 00:00:00, Sys 0 00:00:00  -  Total Local Usage
	6204  -  Run Bytes Sent By Job
	409597  -  Run Bytes Received By Job
	6204  -  Total Bytes Sent By Job
	409597  -  Total Bytes Received By Job
	Partitionable Resources :    Usage  Request Allocated 
	   Cpus                 :        0        8         8 
	   Disk (KB)            :      428      425   3028100 
	   Memory (MB)          :        8    16000     16000 

	Job terminated of its own accord at 2024-07-24T17:58:21Z with exit-code 0.
...
040 (10252910.1478.000) 07/24 20:49:52 Started transferring input files
	Transferring to host: <188.185.206.28:9618?addrs=188.185.206.28-9618+[2001-1458-303-b--100-19]-9618&alias=b9p05p0564.cern.ch&noUDP&sock=slot1_3_65031_f8ee_90950>
...
040 (10252910.1478.000) 07/24 20:49:52 Finished transferring input files
...
001 (10252910.1478.000) 07/24 20:49:53 Job executing on host: <188.185.206.28:9618?addrs=188.185.206.28-9618+[2001-1458-303-b--100-19]-9618&alias=b9p05p0564.cern.ch&noUDP&sock=startd_3346_a7fa>
	SlotName: slot1_3@b9p05p0564.cern.ch
	CondorScratchDir = "/pool/condor/dir_3120579"
	Cpus = 8
	Disk = 2808740
	Memory = 16000
...
006 (10252910.1478.000) 07/24 20:49:57 Image size of job updated: 162816
	9  -  MemoryUsage of job (MB)
	8588  -  ResidentSetSize of job (KB)
...
040 (10252910.1478.000) 07/24 20:49:57 Started transferring output files
...
040 (10252910.1478.000) 07/24 20:49:57 Finished transferring output files
...
005 (10252910.1478.000) 07/24 20:49:57 Job terminated.
	(1) Normal termination (return value 0)
		Usr 0 00:00:03, Sys 0 00:00:00  -  Run Remote Usage
		Usr 0 00:00:00, Sys 0 00:00:00  -  Run Local Usage
		Usr 0 00:00:03, Sys 0 00:00:00  -  Total Remote Usage
		Usr 0 00:00:00, Sys 0 00:00:00  -  Total Local Usage
	6201  -  Run Bytes Sent By Job
	409597  -  Run Bytes Received By Job
	6201  -  Total Bytes Sent By Job
	409597  -  Total Bytes Received By Job
	Partitionable Resources :    Usage  Request Allocated 
	   Cpus                 :        0        8         8 
	   Disk (KB)            :      430      425   2808740 
	   Memory (MB)          :        9    16000     16000 

	Job terminated of its own accord at 2024-07-24T18:49:57Z with exit-code 0.
...
040 (10252911.1478.000) 07/24 21:02:15 Started transferring input files
	Transferring to host: <188.185.205.20:9618?addrs=188.185.205.20-9618+[2001-1458-303-9--100-88]-9618&alias=b9p03p1252.cern.ch&noUDP&sock=slot1_1_4532_f431_155355>
...
040 (10252911.1478.000) 07/24 21:02:16 Finished transferring input files
...
001 (10252911.1478.000) 07/24 21:02:17 Job executing on host: <188.185.205.20:9618?addrs=188.185.205.20-9618+[2001-1458-303-9--100-88]-9618&alias=b9p03p1252.cern.ch&noUDP&sock=startd_3940_173c>
	SlotName: slot1_1@b9p03p1252.cern.ch
	CondorScratchDir = "/pool/condor/dir_1618764"
	Cpus = 8
	Disk = 2800078
	Memory = 16000
...
006 (10252911.1478.000) 07/24 21:02:21 Image size of job updated: 161192
	9  -  MemoryUsage of job (MB)
	8608  -  ResidentSetSize of job (KB)
...
040 (10252911.1478.000) 07/24 21:02:22 Started transferring output files
...
040 (10252911.1478.000) 07/24 21:02:23 Finished transferring output files
...
005 (10252911.1478.000) 07/24 21:02:27 Job terminated.
	(1) Normal termination (return value 0)
		Usr 0 00:00:03, Sys 0 00:00:00  -  Run Remote Usage
		Usr 0 00:00:00, Sys 0 00:00:00  -  Run Local Usage
		Usr 0 00:00:03, Sys 0 00:00:00  -  Total Remote Usage
		Usr 0 00:00:00, Sys 0 00:00:00  -  Total Local Usage
	6204  -  Run Bytes Sent By Job
	409597  -  Run Bytes Received By Job
	6204  -  Total Bytes Sent By Job
	409597  -  Total Bytes Received By Job
	Partitionable Resources :    Usage  Request Allocated 
	   Cpus                 :        0        8         8 
	   Disk (KB)            :      428      425   2800078 
	   Memory (MB)          :        9    16000     16000 

	Job terminated of its own accord at 2024-07-24T19:02:21Z with exit-code 0.
...
040 (10252912.1478.000) 07/24 21:16:15 Started transferring input files
	Transferring to host: <188.185.195.86:9618?addrs=188.185.195.86-9618+[2001-1458-303-22--100-52]-9618&alias=b9p17p4088.cern.ch&noUDP&sock=slot1_8_187142_37f3_24947>
...
040 (10252912.1478.000) 07/24 21:16:15 Finished transferring input files
...
001 (10252912.1478.000) 07/24 21:16:16 Job executing on host: <188.185.195.86:9618?addrs=188.185.195.86-9618+[2001-1458-303-22--100-52]-9618&alias=b9p17p4088.cern.ch&noUDP&sock=startd_177353_fc21>
	SlotName: slot1_8@b9p17p4088.cern.ch
	CondorScratchDir = "/pool/condor/dir_3497730"
	Cpus = 8
	Disk = 2918364
	Memory = 16000
...
006 (10252912.1478.000) 07/24 21:16:21 Image size of job updated: 161360
	9  -  MemoryUsage of job (MB)
	8776  -  ResidentSetSize of job (KB)
...
040 (10252912.1478.000) 07/24 21:16:21 Started transferring output files
...
040 (10252912.1478.000) 07/24 21:16:21 Finished transferring output files
...
005 (10252912.1478.000) 07/24 21:16:21 Job terminated.
	(1) Normal termination (return value 0)
		Usr 0 00:00:04, Sys 0 00:00:00  -  Run Remote Usage
		Usr 0 00:00:00, Sys 0 00:00:00  -  Run Local Usage
		Usr 0 00:00:04, Sys 0 00:00:00  -  Total Remote Usage
		Usr 0 00:00:00, Sys 0 00:00:00  -  Total Local Usage
	6201  -  Run Bytes Sent By Job
	409597  -  Run Bytes Received By Job
	6201  -  Total Bytes Sent By Job
	409597  -  Total Bytes Received By Job
	Partitionable Resources :    Usage  Request Allocated 
	   Cpus                 :        0        8         8 
	   Disk (KB)            :      427      425   2918364 
	   Memory (MB)          :        9    16000     16000 

	Job terminated of its own accord at 2024-07-24T19:16:21Z with exit-code 0.
...
040 (10252913.1478.000) 07/24 21:29:02 Started transferring input files
	Transferring to host: <128.142.131.112:9618?addrs=128.142.131.112-9618+[2001-1458-301-59--100-64]-9618&alias=b9g11p7594.cern.ch&noUDP&sock=slot1_3_2919_7310_106778>
...
040 (10252913.1478.000) 07/24 21:29:02 Finished transferring input files
...
001 (10252913.1478.000) 07/24 21:29:03 Job executing on host: <128.142.131.112:9618?addrs=128.142.131.112-9618+[2001-1458-301-59--100-64]-9618&alias=b9g11p7594.cern.ch&noUDP&sock=startd_2604_b4b4>
	SlotName: slot1_3@b9g11p7594.cern.ch
	CondorScratchDir = "/pool/condor/dir_153457"
	Cpus = 8
	Disk = 1573917
	Memory = 16000
...
006 (10252913.1478.000) 07/24 21:29:11 Image size of job updated: 10344
	11  -  MemoryUsage of job (MB)
	10344  -  ResidentSetSize of job (KB)
...
040 (10252913.1478.000) 07/24 21:29:11 Started transferring output files
...
040 (10252913.1478.000) 07/24 21:29:11 Finished transferring output files
...
005 (10252913.1478.000) 07/24 21:29:11 Job terminated.
	(1) Normal termination (return value 0)
		Usr 0 00:00:06, Sys 0 00:00:00  -  Run Remote Usage
		Usr 0 00:00:00, Sys 0 00:00:00  -  Run Local Usage
		Usr 0 00:00:06, Sys 0 00:00:00  -  Total Remote Usage
		Usr 0 00:00:00, Sys 0 00:00:00  -  Total Local Usage
	6204  -  Run Bytes Sent By Job
	409597  -  Run Bytes Received By Job
	6204  -  Total Bytes Sent By Job
	409597  -  Total Bytes Received By Job
	Partitionable Resources :    Usage  Request Allocated 
	   Cpus                 :        0        8         8 
	   Disk (KB)            :      428      425   1573917 
	   Memory (MB)          :       11    16000     16000 

	Job terminated of its own accord at 2024-07-24T19:29:11Z with exit-code 0.
...
000 (10261715.1478.000) 07/25 13:02:00 Job submitted from host: <188.185.114.121:9618?addrs=188.185.114.121-9618+[2001-1458-d00-a--100-273]-9618&alias=bigbird19.cern.ch&noUDP&sock=schedd_4961_696e>
...
009 (10261715.1478.000) 07/25 13:06:44 Job was aborted.
	via condor_rm (by user yelberke)
...
000 (10261767.1478.000) 07/25 13:20:18 Job submitted from host: <188.185.114.121:9618?addrs=188.185.114.121-9618+[2001-1458-d00-a--100-273]-9618&alias=bigbird19.cern.ch&noUDP&sock=schedd_4961_696e>
...
040 (10261767.1478.000) 07/25 14:20:24 Started transferring input files
	Transferring to host: <188.185.207.228:9618?addrs=188.185.207.228-9618+[2001-1458-303-e--100-61]-9618&alias=b9p08p1817.cern.ch&noUDP&sock=slot1_3_5110_3509_144011>
...
040 (10261767.1478.000) 07/25 14:20:24 Finished transferring input files
...
001 (10261767.1478.000) 07/25 14:20:25 Job executing on host: <188.185.207.228:9618?addrs=188.185.207.228-9618+[2001-1458-303-e--100-61]-9618&alias=b9p08p1817.cern.ch&noUDP&sock=startd_4330_992b>
	SlotName: slot1_3@b9p08p1817.cern.ch
	CondorScratchDir = "/pool/condor/dir_1593291"
	Cpus = 12
	Disk = 2721437
	Memory = 24000
...
006 (10261767.1478.000) 07/25 14:20:29 Image size of job updated: 168652
	11  -  MemoryUsage of job (MB)
	10808  -  ResidentSetSize of job (KB)
...
040 (10261767.1478.000) 07/25 14:20:29 Started transferring output files
...
040 (10261767.1478.000) 07/25 14:20:29 Finished transferring output files
...
005 (10261767.1478.000) 07/25 14:20:29 Job terminated.
	(1) Normal termination (return value 0)
		Usr 0 00:00:03, Sys 0 00:00:00  -  Run Remote Usage
		Usr 0 00:00:00, Sys 0 00:00:00  -  Run Local Usage
		Usr 0 00:00:03, Sys 0 00:00:00  -  Total Remote Usage
		Usr 0 00:00:00, Sys 0 00:00:00  -  Total Local Usage
	6204  -  Run Bytes Sent By Job
	409597  -  Run Bytes Received By Job
	6204  -  Total Bytes Sent By Job
	409597  -  Total Bytes Received By Job
	Partitionable Resources :    Usage  Request Allocated 
	   Cpus                 :                12        12 
	   Disk (KB)            :      420      425   2721437 
	   Memory (MB)          :       11    24000     24000 

	Job terminated of its own accord at 2024-07-25T12:20:29Z with exit-code 0.
...
000 (10284266.1478.000) 08/02 15:45:42 Job submitted from host: <188.185.114.121:9618?addrs=188.185.114.121-9618+[2001-1458-d00-a--100-273]-9618&alias=bigbird19.cern.ch&noUDP&sock=schedd_4961_696e>
...
009 (10284266.1478.000) 08/02 15:49:26 Job was aborted.
	via condor_rm (by user yelberke)
...
000 (10284267.1478.000) 08/02 15:49:51 Job submitted from host: <188.185.114.121:9618?addrs=188.185.114.121-9618+[2001-1458-d00-a--100-273]-9618&alias=bigbird19.cern.ch&noUDP&sock=schedd_4961_696e>
...
040 (10284267.1478.000) 08/02 16:26:56 Started transferring input files
	Transferring to host: <188.185.192.69:9618?addrs=188.185.192.69-9618+[2001-1458-303-1f--100-41]-9618&alias=b9p13p8505.cern.ch&noUDP&sock=slot1_5_1900559_7f7f_46>
...
040 (10284267.1478.000) 08/02 16:26:56 Finished transferring input files
...
001 (10284267.1478.000) 08/02 16:26:57 Job executing on host: <188.185.192.69:9618?addrs=188.185.192.69-9618+[2001-1458-303-1f--100-41]-9618&alias=b9p13p8505.cern.ch&noUDP&sock=startd_11113_2c11>
	SlotName: slot1_5@b9p13p8505.cern.ch
	CondorScratchDir = "/pool/condor/dir_1908573"
	Cpus = 12
	Disk = 3030001
	Memory = 24000
...
006 (10284267.1478.000) 08/02 16:27:06 Image size of job updated: 1
	0  -  MemoryUsage of job (MB)
	0  -  ResidentSetSize of job (KB)
...
006 (10284267.1478.000) 08/02 16:27:24 Image size of job updated: 315320
	4  -  MemoryUsage of job (MB)
	3960  -  ResidentSetSize of job (KB)
...
040 (10284267.1478.000) 08/02 16:27:24 Started transferring output files
...
040 (10284267.1478.000) 08/02 16:27:24 Finished transferring output files
...
005 (10284267.1478.000) 08/02 16:27:24 Job terminated.
	(1) Normal termination (return value 139)
		Usr 0 00:00:02, Sys 0 00:00:00  -  Run Remote Usage
		Usr 0 00:00:00, Sys 0 00:00:00  -  Run Local Usage
		Usr 0 00:00:02, Sys 0 00:00:00  -  Total Remote Usage
		Usr 0 00:00:00, Sys 0 00:00:00  -  Total Local Usage
	7696  -  Run Bytes Sent By Job
	409597  -  Run Bytes Received By Job
	7696  -  Total Bytes Sent By Job
	409597  -  Total Bytes Received By Job
	Partitionable Resources :    Usage  Request Allocated 
	   Cpus                 :        0       12        12 
	   Disk (KB)            :      429      425   3030001 
	   Memory (MB)          :        4    24000     24000 

	Job terminated of its own accord at 2024-08-02T14:27:24Z with exit-code 139.
...
