000 (10252905.1496.000) 07/24 16:13:17 Job submitted from host: <188.185.114.121:9618?addrs=188.185.114.121-9618+[2001-1458-d00-a--100-273]-9618&alias=bigbird19.cern.ch&noUDP&sock=schedd_4961_696e>
...
009 (10252905.1496.000) 07/24 16:14:47 Job was aborted.
	via condor_rm (by user yelberke)
...
000 (10252906.1496.000) 07/24 16:15:37 Job submitted from host: <188.185.114.121:9618?addrs=188.185.114.121-9618+[2001-1458-d00-a--100-273]-9618&alias=bigbird19.cern.ch&noUDP&sock=schedd_4961_696e>
...
000 (10252907.1496.000) 07/24 16:17:31 Job submitted from host: <188.185.114.121:9618?addrs=188.185.114.121-9618+[2001-1458-d00-a--100-273]-9618&alias=bigbird19.cern.ch&noUDP&sock=schedd_4961_696e>
...
000 (10252908.1496.000) 07/24 16:18:04 Job submitted from host: <188.185.114.121:9618?addrs=188.185.114.121-9618+[2001-1458-d00-a--100-273]-9618&alias=bigbird19.cern.ch&noUDP&sock=schedd_4961_696e>
...
000 (10252909.1496.000) 07/24 16:18:40 Job submitted from host: <188.185.114.121:9618?addrs=188.185.114.121-9618+[2001-1458-d00-a--100-273]-9618&alias=bigbird19.cern.ch&noUDP&sock=schedd_4961_696e>
...
000 (10252910.1496.000) 07/24 16:19:05 Job submitted from host: <188.185.114.121:9618?addrs=188.185.114.121-9618+[2001-1458-d00-a--100-273]-9618&alias=bigbird19.cern.ch&noUDP&sock=schedd_4961_696e>
...
000 (10252911.1496.000) 07/24 16:19:19 Job submitted from host: <188.185.114.121:9618?addrs=188.185.114.121-9618+[2001-1458-d00-a--100-273]-9618&alias=bigbird19.cern.ch&noUDP&sock=schedd_4961_696e>
...
000 (10252912.1496.000) 07/24 16:19:31 Job submitted from host: <188.185.114.121:9618?addrs=188.185.114.121-9618+[2001-1458-d00-a--100-273]-9618&alias=bigbird19.cern.ch&noUDP&sock=schedd_4961_696e>
...
000 (10252913.1496.000) 07/24 16:19:44 Job submitted from host: <188.185.114.121:9618?addrs=188.185.114.121-9618+[2001-1458-d00-a--100-273]-9618&alias=bigbird19.cern.ch&noUDP&sock=schedd_4961_696e>
...
040 (10252906.1496.000) 07/24 16:28:38 Started transferring input files
	Transferring to host: <128.142.131.75:9618?addrs=128.142.131.75-9618+[2001-1458-301-59--100-3f]-9618&alias=b9g11p1959.cern.ch&noUDP&sock=slot1_28_2952_b371_105718>
...
040 (10252906.1496.000) 07/24 16:28:38 Finished transferring input files
...
001 (10252906.1496.000) 07/24 16:28:39 Job executing on host: <128.142.131.75:9618?addrs=128.142.131.75-9618+[2001-1458-301-59--100-3f]-9618&alias=b9g11p1959.cern.ch&noUDP&sock=startd_2622_0d69>
	SlotName: slot1_28@b9g11p1959.cern.ch
	CondorScratchDir = "/pool/condor/dir_1611624"
	Cpus = 8
	Disk = 1639200
	Memory = 16000
...
006 (10252906.1496.000) 07/24 16:28:48 Image size of job updated: 148164
	145  -  MemoryUsage of job (MB)
	148164  -  ResidentSetSize of job (KB)
...
040 (10252906.1496.000) 07/24 16:28:50 Started transferring output files
...
040 (10252906.1496.000) 07/24 16:28:50 Finished transferring output files
...
005 (10252906.1496.000) 07/24 16:28:50 Job terminated.
	(1) Normal termination (return value 0)
		Usr 0 00:00:09, Sys 0 00:00:00  -  Run Remote Usage
		Usr 0 00:00:00, Sys 0 00:00:00  -  Run Local Usage
		Usr 0 00:00:09, Sys 0 00:00:00  -  Total Remote Usage
		Usr 0 00:00:00, Sys 0 00:00:00  -  Total Local Usage
	6204  -  Run Bytes Sent By Job
	409597  -  Run Bytes Received By Job
	6204  -  Total Bytes Sent By Job
	409597  -  Total Bytes Received By Job
	Partitionable Resources :    Usage  Request Allocated 
	   Cpus                 :        0        8         8 
	   Disk (KB)            :      428      425   1639200 
	   Memory (MB)          :      145    16000     16000 

	Job terminated of its own accord at 2024-07-24T14:28:50Z with exit-code 0.
...
040 (10252907.1496.000) 07/24 17:54:39 Started transferring input files
	Transferring to host: <188.185.208.204:9618?addrs=188.185.208.204-9618+[2001-1458-303-10--100-49]-9618&alias=b9p10p7122.cern.ch&noUDP&sock=slot1_13_10181_2f77_145434>
...
040 (10252907.1496.000) 07/24 17:54:39 Finished transferring input files
...
001 (10252907.1496.000) 07/24 17:54:40 Job executing on host: <188.185.208.204:9618?addrs=188.185.208.204-9618+[2001-1458-303-10--100-49]-9618&alias=b9p10p7122.cern.ch&noUDP&sock=startd_8805_137b>
	SlotName: slot1_13@b9p10p7122.cern.ch
	CondorScratchDir = "/pool/condor/dir_417108"
	Cpus = 8
	Disk = 2747310
	Memory = 16000
...
006 (10252907.1496.000) 07/24 17:54:44 Image size of job updated: 157032
	7  -  MemoryUsage of job (MB)
	6684  -  ResidentSetSize of job (KB)
...
040 (10252907.1496.000) 07/24 17:54:44 Started transferring output files
...
040 (10252907.1496.000) 07/24 17:54:44 Finished transferring output files
...
005 (10252907.1496.000) 07/24 17:54:44 Job terminated.
	(1) Normal termination (return value 0)
		Usr 0 00:00:03, Sys 0 00:00:00  -  Run Remote Usage
		Usr 0 00:00:00, Sys 0 00:00:00  -  Run Local Usage
		Usr 0 00:00:03, Sys 0 00:00:00  -  Total Remote Usage
		Usr 0 00:00:00, Sys 0 00:00:00  -  Total Local Usage
	6204  -  Run Bytes Sent By Job
	409597  -  Run Bytes Received By Job
	6204  -  Total Bytes Sent By Job
	409597  -  Total Bytes Received By Job
	Partitionable Resources :    Usage  Request Allocated 
	   Cpus                 :        0        8         8 
	   Disk (KB)            :      428      425   2747310 
	   Memory (MB)          :        7    16000     16000 

	Job terminated of its own accord at 2024-07-24T15:54:44Z with exit-code 0.
...
040 (10252908.1496.000) 07/24 18:59:09 Started transferring input files
	Transferring to host: <188.185.205.65:9618?addrs=188.185.205.65-9618+[2001-1458-303-9--100-b5]-9618&alias=b9p03p9898.cern.ch&noUDP&sock=slot1_10_3671_4d2e_83532>
...
040 (10252908.1496.000) 07/24 18:59:09 Finished transferring input files
...
001 (10252908.1496.000) 07/24 18:59:10 Job executing on host: <188.185.205.65:9618?addrs=188.185.205.65-9618+[2001-1458-303-9--100-b5]-9618&alias=b9p03p9898.cern.ch&noUDP&sock=startd_3343_9931>
	SlotName: slot1_10@b9p03p9898.cern.ch
	CondorScratchDir = "/pool/condor/dir_3969236"
	Cpus = 8
	Disk = 2832307
	Memory = 16000
...
006 (10252908.1496.000) 07/24 18:59:14 Image size of job updated: 159664
	8  -  MemoryUsage of job (MB)
	7364  -  ResidentSetSize of job (KB)
...
040 (10252908.1496.000) 07/24 18:59:15 Started transferring output files
...
040 (10252908.1496.000) 07/24 18:59:15 Finished transferring output files
...
005 (10252908.1496.000) 07/24 18:59:16 Job terminated.
	(1) Normal termination (return value 0)
		Usr 0 00:00:03, Sys 0 00:00:00  -  Run Remote Usage
		Usr 0 00:00:00, Sys 0 00:00:00  -  Run Local Usage
		Usr 0 00:00:03, Sys 0 00:00:00  -  Total Remote Usage
		Usr 0 00:00:00, Sys 0 00:00:00  -  Total Local Usage
	6204  -  Run Bytes Sent By Job
	409597  -  Run Bytes Received By Job
	6204  -  Total Bytes Sent By Job
	409597  -  Total Bytes Received By Job
	Partitionable Resources :    Usage  Request Allocated 
	   Cpus                 :        0        8         8 
	   Disk (KB)            :      428      425   2832307 
	   Memory (MB)          :        8    16000     16000 

	Job terminated of its own accord at 2024-07-24T16:59:14Z with exit-code 0.
...
040 (10252909.1496.000) 07/24 19:58:21 Started transferring input files
	Transferring to host: <188.185.196.89:9618?addrs=188.185.196.89-9618+[2001-1458-303-23--100-55]-9618&alias=b9p16p4587.cern.ch&noUDP&sock=slot1_5_2553187_f6aa_6781>
...
040 (10252909.1496.000) 07/24 19:58:21 Finished transferring input files
...
001 (10252909.1496.000) 07/24 19:58:22 Job executing on host: <188.185.196.89:9618?addrs=188.185.196.89-9618+[2001-1458-303-23--100-55]-9618&alias=b9p16p4587.cern.ch&noUDP&sock=startd_127365_5fec>
	SlotName: slot1_5@b9p16p4587.cern.ch
	CondorScratchDir = "/pool/condor/dir_2601949"
	Cpus = 8
	Disk = 3031395
	Memory = 16000
...
006 (10252909.1496.000) 07/24 19:58:28 Image size of job updated: 159504
	9  -  MemoryUsage of job (MB)
	8276  -  ResidentSetSize of job (KB)
...
040 (10252909.1496.000) 07/24 19:58:28 Started transferring output files
...
040 (10252909.1496.000) 07/24 19:58:28 Finished transferring output files
...
005 (10252909.1496.000) 07/24 19:58:28 Job terminated.
	(1) Normal termination (return value 0)
		Usr 0 00:00:05, Sys 0 00:00:00  -  Run Remote Usage
		Usr 0 00:00:00, Sys 0 00:00:00  -  Run Local Usage
		Usr 0 00:00:05, Sys 0 00:00:00  -  Total Remote Usage
		Usr 0 00:00:00, Sys 0 00:00:00  -  Total Local Usage
	6204  -  Run Bytes Sent By Job
	409597  -  Run Bytes Received By Job
	6204  -  Total Bytes Sent By Job
	409597  -  Total Bytes Received By Job
	Partitionable Resources :    Usage  Request Allocated 
	   Cpus                 :        0        8         8 
	   Disk (KB)            :      428      425   3031395 
	   Memory (MB)          :        9    16000     16000 

	Job terminated of its own accord at 2024-07-24T17:58:28Z with exit-code 0.
...
040 (10252910.1496.000) 07/24 20:49:55 Started transferring input files
	Transferring to host: <188.185.209.199:9618?addrs=188.185.209.199-9618+[2001-1458-303-12--100-44]-9618&alias=b9p12p6840.cern.ch&noUDP&sock=slot1_10_4000792_a47c_77363>
...
040 (10252910.1496.000) 07/24 20:49:55 Finished transferring input files
...
001 (10252910.1496.000) 07/24 20:49:56 Job executing on host: <188.185.209.199:9618?addrs=188.185.209.199-9618+[2001-1458-303-12--100-44]-9618&alias=b9p12p6840.cern.ch&noUDP&sock=startd_5520_d6df>
	SlotName: slot1_10@b9p12p6840.cern.ch
	CondorScratchDir = "/pool/condor/dir_2665435"
	Cpus = 8
	Disk = 2740580
	Memory = 16000
...
006 (10252910.1496.000) 07/24 20:50:01 Image size of job updated: 160984
	9  -  MemoryUsage of job (MB)
	8360  -  ResidentSetSize of job (KB)
...
040 (10252910.1496.000) 07/24 20:50:01 Started transferring output files
...
040 (10252910.1496.000) 07/24 20:50:01 Finished transferring output files
...
005 (10252910.1496.000) 07/24 20:50:01 Job terminated.
	(1) Normal termination (return value 0)
		Usr 0 00:00:04, Sys 0 00:00:00  -  Run Remote Usage
		Usr 0 00:00:00, Sys 0 00:00:00  -  Run Local Usage
		Usr 0 00:00:04, Sys 0 00:00:00  -  Total Remote Usage
		Usr 0 00:00:00, Sys 0 00:00:00  -  Total Local Usage
	6201  -  Run Bytes Sent By Job
	409597  -  Run Bytes Received By Job
	6201  -  Total Bytes Sent By Job
	409597  -  Total Bytes Received By Job
	Partitionable Resources :    Usage  Request Allocated 
	   Cpus                 :        0        8         8 
	   Disk (KB)            :      428      425   2740580 
	   Memory (MB)          :        9    16000     16000 

	Job terminated of its own accord at 2024-07-24T18:50:01Z with exit-code 0.
...
040 (10252911.1496.000) 07/24 21:02:22 Started transferring input files
	Transferring to host: <188.185.206.25:9618?addrs=188.185.206.25-9618+[2001-1458-303-b--100-16]-9618&alias=b9p05p0677.cern.ch&noUDP&sock=slot1_1_64988_accc_92824>
...
001 (10252911.1496.000) 07/24 21:02:27 Job executing on host: <188.185.206.25:9618?addrs=188.185.206.25-9618+[2001-1458-303-b--100-16]-9618&alias=b9p05p0677.cern.ch&noUDP&sock=startd_3342_e999>
	SlotName: slot1_1@b9p05p0677.cern.ch
	CondorScratchDir = "/pool/condor/dir_3873459"
	Cpus = 8
	Disk = 2855431
	Memory = 16000
...
040 (10252911.1496.000) 07/24 21:02:27 Finished transferring input files
...
006 (10252911.1496.000) 07/24 21:02:31 Image size of job updated: 156132
	6  -  MemoryUsage of job (MB)
	5292  -  ResidentSetSize of job (KB)
...
040 (10252911.1496.000) 07/24 21:02:32 Started transferring output files
...
040 (10252911.1496.000) 07/24 21:02:32 Finished transferring output files
...
005 (10252911.1496.000) 07/24 21:02:32 Job terminated.
	(1) Normal termination (return value 0)
		Usr 0 00:00:03, Sys 0 00:00:00  -  Run Remote Usage
		Usr 0 00:00:00, Sys 0 00:00:00  -  Run Local Usage
		Usr 0 00:00:03, Sys 0 00:00:00  -  Total Remote Usage
		Usr 0 00:00:00, Sys 0 00:00:00  -  Total Local Usage
	6204  -  Run Bytes Sent By Job
	409597  -  Run Bytes Received By Job
	6204  -  Total Bytes Sent By Job
	409597  -  Total Bytes Received By Job
	Partitionable Resources :    Usage  Request Allocated 
	   Cpus                 :        0        8         8 
	   Disk (KB)            :      430      425   2855431 
	   Memory (MB)          :        6    16000     16000 

	Job terminated of its own accord at 2024-07-24T19:02:31Z with exit-code 0.
...
040 (10252912.1496.000) 07/24 21:16:21 Started transferring input files
	Transferring to host: <188.185.208.88:9618?addrs=188.185.208.88-9618+[2001-1458-303-f--100-55]-9618&alias=b9p09p1726.cern.ch&noUDP&sock=slot1_20_5006_ee05_144915>
...
040 (10252912.1496.000) 07/24 21:16:21 Finished transferring input files
...
001 (10252912.1496.000) 07/24 21:16:22 Job executing on host: <188.185.208.88:9618?addrs=188.185.208.88-9618+[2001-1458-303-f--100-55]-9618&alias=b9p09p1726.cern.ch&noUDP&sock=startd_4169_2a6c>
	SlotName: slot1_20@b9p09p1726.cern.ch
	CondorScratchDir = "/pool/condor/dir_208264"
	Cpus = 8
	Disk = 2727802
	Memory = 16000
...
006 (10252912.1496.000) 07/24 21:16:26 Image size of job updated: 161732
	9  -  MemoryUsage of job (MB)
	8508  -  ResidentSetSize of job (KB)
...
040 (10252912.1496.000) 07/24 21:16:26 Started transferring output files
...
040 (10252912.1496.000) 07/24 21:16:26 Finished transferring output files
...
005 (10252912.1496.000) 07/24 21:16:26 Job terminated.
	(1) Normal termination (return value 0)
		Usr 0 00:00:03, Sys 0 00:00:00  -  Run Remote Usage
		Usr 0 00:00:00, Sys 0 00:00:00  -  Run Local Usage
		Usr 0 00:00:03, Sys 0 00:00:00  -  Total Remote Usage
		Usr 0 00:00:00, Sys 0 00:00:00  -  Total Local Usage
	6201  -  Run Bytes Sent By Job
	409597  -  Run Bytes Received By Job
	6201  -  Total Bytes Sent By Job
	409597  -  Total Bytes Received By Job
	Partitionable Resources :    Usage  Request Allocated 
	   Cpus                 :        0        8         8 
	   Disk (KB)            :      427      425   2727802 
	   Memory (MB)          :        9    16000     16000 

	Job terminated of its own accord at 2024-07-24T19:16:26Z with exit-code 0.
...
040 (10252913.1496.000) 07/24 21:29:07 Started transferring input files
	Transferring to host: <188.185.207.180:9618?addrs=188.185.207.180-9618+[2001-1458-303-e--100-31]-9618&alias=b9p08p9471.cern.ch&noUDP&sock=slot1_7_4118_40e1_145126>
...
040 (10252913.1496.000) 07/24 21:29:07 Finished transferring input files
...
001 (10252913.1496.000) 07/24 21:29:08 Job executing on host: <188.185.207.180:9618?addrs=188.185.207.180-9618+[2001-1458-303-e--100-31]-9618&alias=b9p08p9471.cern.ch&noUDP&sock=startd_3629_c547>
	SlotName: slot1_7@b9p08p9471.cern.ch
	CondorScratchDir = "/pool/condor/dir_2027391"
	Cpus = 8
	Disk = 2800062
	Memory = 16000
...
006 (10252913.1496.000) 07/24 21:29:12 Image size of job updated: 163376
	10  -  MemoryUsage of job (MB)
	9308  -  ResidentSetSize of job (KB)
...
040 (10252913.1496.000) 07/24 21:29:12 Started transferring output files
...
040 (10252913.1496.000) 07/24 21:29:12 Finished transferring output files
...
005 (10252913.1496.000) 07/24 21:29:12 Job terminated.
	(1) Normal termination (return value 0)
		Usr 0 00:00:03, Sys 0 00:00:00  -  Run Remote Usage
		Usr 0 00:00:00, Sys 0 00:00:00  -  Run Local Usage
		Usr 0 00:00:03, Sys 0 00:00:00  -  Total Remote Usage
		Usr 0 00:00:00, Sys 0 00:00:00  -  Total Local Usage
	6204  -  Run Bytes Sent By Job
	409597  -  Run Bytes Received By Job
	6204  -  Total Bytes Sent By Job
	409597  -  Total Bytes Received By Job
	Partitionable Resources :    Usage  Request Allocated 
	   Cpus                 :        0        8         8 
	   Disk (KB)            :      428      425   2800062 
	   Memory (MB)          :       10    16000     16000 

	Job terminated of its own accord at 2024-07-24T19:29:12Z with exit-code 0.
...
000 (10261715.1496.000) 07/25 13:02:01 Job submitted from host: <188.185.114.121:9618?addrs=188.185.114.121-9618+[2001-1458-d00-a--100-273]-9618&alias=bigbird19.cern.ch&noUDP&sock=schedd_4961_696e>
...
009 (10261715.1496.000) 07/25 13:06:44 Job was aborted.
	via condor_rm (by user yelberke)
...
000 (10261767.1496.000) 07/25 13:20:18 Job submitted from host: <188.185.114.121:9618?addrs=188.185.114.121-9618+[2001-1458-d00-a--100-273]-9618&alias=bigbird19.cern.ch&noUDP&sock=schedd_4961_696e>
...
040 (10261767.1496.000) 07/25 14:20:30 Started transferring input files
	Transferring to host: <188.185.207.59:9618?addrs=188.185.207.59-9618+[2001-1458-303-d--100-38]-9618&alias=b9p07p9037.cern.ch&noUDP&sock=slot1_2_10084_d713_147676>
...
040 (10261767.1496.000) 07/25 14:20:30 Finished transferring input files
...
001 (10261767.1496.000) 07/25 14:20:31 Job executing on host: <188.185.207.59:9618?addrs=188.185.207.59-9618+[2001-1458-303-d--100-38]-9618&alias=b9p07p9037.cern.ch&noUDP&sock=startd_8752_b8f6>
	SlotName: slot1_2@b9p07p9037.cern.ch
	CondorScratchDir = "/pool/condor/dir_34358"
	Cpus = 12
	Disk = 2609828
	Memory = 24000
...
006 (10261767.1496.000) 07/25 14:20:36 Image size of job updated: 224624
	70  -  MemoryUsage of job (MB)
	71416  -  ResidentSetSize of job (KB)
...
040 (10261767.1496.000) 07/25 14:20:36 Started transferring output files
...
040 (10261767.1496.000) 07/25 14:20:36 Finished transferring output files
...
005 (10261767.1496.000) 07/25 14:20:36 Job terminated.
	(1) Normal termination (return value 0)
		Usr 0 00:00:03, Sys 0 00:00:00  -  Run Remote Usage
		Usr 0 00:00:00, Sys 0 00:00:00  -  Run Local Usage
		Usr 0 00:00:03, Sys 0 00:00:00  -  Total Remote Usage
		Usr 0 00:00:00, Sys 0 00:00:00  -  Total Local Usage
	6204  -  Run Bytes Sent By Job
	409597  -  Run Bytes Received By Job
	6204  -  Total Bytes Sent By Job
	409597  -  Total Bytes Received By Job
	Partitionable Resources :    Usage  Request Allocated 
	   Cpus                 :        0       12        12 
	   Disk (KB)            :      427      425   2609828 
	   Memory (MB)          :       70    24000     24000 

	Job terminated of its own accord at 2024-07-25T12:20:36Z with exit-code 0.
...
000 (10284266.1496.000) 08/02 15:45:43 Job submitted from host: <188.185.114.121:9618?addrs=188.185.114.121-9618+[2001-1458-d00-a--100-273]-9618&alias=bigbird19.cern.ch&noUDP&sock=schedd_4961_696e>
...
009 (10284266.1496.000) 08/02 15:49:26 Job was aborted.
	via condor_rm (by user yelberke)
...
000 (10284267.1496.000) 08/02 15:49:51 Job submitted from host: <188.185.114.121:9618?addrs=188.185.114.121-9618+[2001-1458-d00-a--100-273]-9618&alias=bigbird19.cern.ch&noUDP&sock=schedd_4961_696e>
...
040 (10284267.1496.000) 08/02 16:33:36 Started transferring input files
	Transferring to host: <188.185.207.207:9618?addrs=188.185.207.207-9618+[2001-1458-303-e--100-4c]-9618&alias=b9p08p5785.cern.ch&noUDP&sock=slot1_5_6643_5827_93095>
...
040 (10284267.1496.000) 08/02 16:33:36 Finished transferring input files
...
001 (10284267.1496.000) 08/02 16:33:37 Job executing on host: <188.185.207.207:9618?addrs=188.185.207.207-9618+[2001-1458-303-e--100-4c]-9618&alias=b9p08p5785.cern.ch&noUDP&sock=startd_5321_5786>
	SlotName: slot1_5@b9p08p5785.cern.ch
	CondorScratchDir = "/pool/condor/dir_1219964"
	Cpus = 12
	Disk = 2765601
	Memory = 24000
...
006 (10284267.1496.000) 08/02 16:33:39 Image size of job updated: 329636
	8  -  MemoryUsage of job (MB)
	7764  -  ResidentSetSize of job (KB)
...
040 (10284267.1496.000) 08/02 16:33:39 Started transferring output files
...
040 (10284267.1496.000) 08/02 16:33:39 Finished transferring output files
...
005 (10284267.1496.000) 08/02 16:33:39 Job terminated.
	(1) Normal termination (return value 139)
		Usr 0 00:00:01, Sys 0 00:00:01  -  Run Remote Usage
		Usr 0 00:00:00, Sys 0 00:00:00  -  Run Local Usage
		Usr 0 00:00:01, Sys 0 00:00:01  -  Total Remote Usage
		Usr 0 00:00:00, Sys 0 00:00:00  -  Total Local Usage
	7696  -  Run Bytes Sent By Job
	409597  -  Run Bytes Received By Job
	7696  -  Total Bytes Sent By Job
	409597  -  Total Bytes Received By Job
	Partitionable Resources :    Usage  Request Allocated 
	   Cpus                 :                12        12 
	   Disk (KB)            :      422      425   2765601 
	   Memory (MB)          :        8    24000     24000 

	Job terminated of its own accord at 2024-08-02T14:33:39Z with exit-code 139.
...
