000 (10252905.1530.000) 07/24 16:13:17 Job submitted from host: <188.185.114.121:9618?addrs=188.185.114.121-9618+[2001-1458-d00-a--100-273]-9618&alias=bigbird19.cern.ch&noUDP&sock=schedd_4961_696e>
...
009 (10252905.1530.000) 07/24 16:14:47 Job was aborted.
	via condor_rm (by user yelberke)
...
000 (10252906.1530.000) 07/24 16:15:37 Job submitted from host: <188.185.114.121:9618?addrs=188.185.114.121-9618+[2001-1458-d00-a--100-273]-9618&alias=bigbird19.cern.ch&noUDP&sock=schedd_4961_696e>
...
000 (10252907.1530.000) 07/24 16:17:31 Job submitted from host: <188.185.114.121:9618?addrs=188.185.114.121-9618+[2001-1458-d00-a--100-273]-9618&alias=bigbird19.cern.ch&noUDP&sock=schedd_4961_696e>
...
000 (10252908.1530.000) 07/24 16:18:04 Job submitted from host: <188.185.114.121:9618?addrs=188.185.114.121-9618+[2001-1458-d00-a--100-273]-9618&alias=bigbird19.cern.ch&noUDP&sock=schedd_4961_696e>
...
000 (10252909.1530.000) 07/24 16:18:40 Job submitted from host: <188.185.114.121:9618?addrs=188.185.114.121-9618+[2001-1458-d00-a--100-273]-9618&alias=bigbird19.cern.ch&noUDP&sock=schedd_4961_696e>
...
000 (10252910.1530.000) 07/24 16:19:05 Job submitted from host: <188.185.114.121:9618?addrs=188.185.114.121-9618+[2001-1458-d00-a--100-273]-9618&alias=bigbird19.cern.ch&noUDP&sock=schedd_4961_696e>
...
000 (10252911.1530.000) 07/24 16:19:19 Job submitted from host: <188.185.114.121:9618?addrs=188.185.114.121-9618+[2001-1458-d00-a--100-273]-9618&alias=bigbird19.cern.ch&noUDP&sock=schedd_4961_696e>
...
000 (10252912.1530.000) 07/24 16:19:31 Job submitted from host: <188.185.114.121:9618?addrs=188.185.114.121-9618+[2001-1458-d00-a--100-273]-9618&alias=bigbird19.cern.ch&noUDP&sock=schedd_4961_696e>
...
000 (10252913.1530.000) 07/24 16:19:44 Job submitted from host: <188.185.114.121:9618?addrs=188.185.114.121-9618+[2001-1458-d00-a--100-273]-9618&alias=bigbird19.cern.ch&noUDP&sock=schedd_4961_696e>
...
040 (10252906.1530.000) 07/24 16:28:48 Started transferring input files
	Transferring to host: <188.185.204.239:9618?addrs=188.185.204.239-9618+[2001-1458-303-8--100-6c]-9618&alias=b9p02p0016.cern.ch&noUDP&sock=slot1_1_14830_d394_30771>
...
040 (10252906.1530.000) 07/24 16:28:48 Finished transferring input files
...
001 (10252906.1530.000) 07/24 16:28:49 Job executing on host: <188.185.204.239:9618?addrs=188.185.204.239-9618+[2001-1458-303-8--100-6c]-9618&alias=b9p02p0016.cern.ch&noUDP&sock=startd_13767_986b>
	SlotName: slot1_1@b9p02p0016.cern.ch
	CondorScratchDir = "/pool/condor/dir_3837682"
	Cpus = 8
	Disk = 2741385
	Memory = 16000
...
006 (10252906.1530.000) 07/24 16:28:55 Image size of job updated: 158532
	8  -  MemoryUsage of job (MB)
	7364  -  ResidentSetSize of job (KB)
...
040 (10252906.1530.000) 07/24 16:28:55 Started transferring output files
...
040 (10252906.1530.000) 07/24 16:28:55 Finished transferring output files
...
005 (10252906.1530.000) 07/24 16:28:57 Job terminated.
	(1) Normal termination (return value 0)
		Usr 0 00:00:04, Sys 0 00:00:00  -  Run Remote Usage
		Usr 0 00:00:00, Sys 0 00:00:00  -  Run Local Usage
		Usr 0 00:00:04, Sys 0 00:00:00  -  Total Remote Usage
		Usr 0 00:00:00, Sys 0 00:00:00  -  Total Local Usage
	6204  -  Run Bytes Sent By Job
	409597  -  Run Bytes Received By Job
	6204  -  Total Bytes Sent By Job
	409597  -  Total Bytes Received By Job
	Partitionable Resources :    Usage  Request Allocated 
	   Cpus                 :        0        8         8 
	   Disk (KB)            :      428      425   2741385 
	   Memory (MB)          :        8    16000     16000 

	Job terminated of its own accord at 2024-07-24T14:28:55Z with exit-code 0.
...
040 (10252907.1530.000) 07/24 17:54:53 Started transferring input files
	Transferring to host: <188.185.206.196:9618?addrs=188.185.206.196-9618+[2001-1458-303-c--100-41]-9618&alias=b9p06p3703.cern.ch&noUDP&sock=slot1_21_7418_66e7_156173>
...
040 (10252907.1530.000) 07/24 17:54:53 Finished transferring input files
...
001 (10252907.1530.000) 07/24 17:54:54 Job executing on host: <188.185.206.196:9618?addrs=188.185.206.196-9618+[2001-1458-303-c--100-41]-9618&alias=b9p06p3703.cern.ch&noUDP&sock=startd_7349_6197>
	SlotName: slot1_21@b9p06p3703.cern.ch
	CondorScratchDir = "/pool/condor/dir_1485407"
	Cpus = 8
	Disk = 2729030
	Memory = 16000
...
006 (10252907.1530.000) 07/24 17:54:59 Image size of job updated: 159020
	8  -  MemoryUsage of job (MB)
	7840  -  ResidentSetSize of job (KB)
...
040 (10252907.1530.000) 07/24 17:54:59 Started transferring output files
...
040 (10252907.1530.000) 07/24 17:54:59 Finished transferring output files
...
005 (10252907.1530.000) 07/24 17:54:59 Job terminated.
	(1) Normal termination (return value 0)
		Usr 0 00:00:03, Sys 0 00:00:00  -  Run Remote Usage
		Usr 0 00:00:00, Sys 0 00:00:00  -  Run Local Usage
		Usr 0 00:00:03, Sys 0 00:00:00  -  Total Remote Usage
		Usr 0 00:00:00, Sys 0 00:00:00  -  Total Local Usage
	6204  -  Run Bytes Sent By Job
	409597  -  Run Bytes Received By Job
	6204  -  Total Bytes Sent By Job
	409597  -  Total Bytes Received By Job
	Partitionable Resources :    Usage  Request Allocated 
	   Cpus                 :        0        8         8 
	   Disk (KB)            :      428      425   2729030 
	   Memory (MB)          :        8    16000     16000 

	Job terminated of its own accord at 2024-07-24T15:54:59Z with exit-code 0.
...
040 (10252908.1530.000) 07/24 18:59:20 Started transferring input files
	Transferring to host: <188.185.205.107:9618?addrs=188.185.205.107-9618+[2001-1458-303-9--100-68]-9618&alias=b9p03p1852.cern.ch&noUDP&sock=slot1_9_7657_cc90_71604>
...
040 (10252908.1530.000) 07/24 18:59:21 Finished transferring input files
...
001 (10252908.1530.000) 07/24 18:59:23 Job executing on host: <188.185.205.107:9618?addrs=188.185.205.107-9618+[2001-1458-303-9--100-68]-9618&alias=b9p03p1852.cern.ch&noUDP&sock=startd_6598_41f7>
	SlotName: slot1_9@b9p03p1852.cern.ch
	CondorScratchDir = "/pool/condor/dir_1826530"
	Cpus = 8
	Disk = 2773422
	Memory = 16000
...
006 (10252908.1530.000) 07/24 18:59:26 Image size of job updated: 158316
	8  -  MemoryUsage of job (MB)
	7444  -  ResidentSetSize of job (KB)
...
040 (10252908.1530.000) 07/24 18:59:26 Started transferring output files
...
040 (10252908.1530.000) 07/24 18:59:26 Finished transferring output files
...
005 (10252908.1530.000) 07/24 18:59:26 Job terminated.
	(1) Normal termination (return value 0)
		Usr 0 00:00:03, Sys 0 00:00:00  -  Run Remote Usage
		Usr 0 00:00:00, Sys 0 00:00:00  -  Run Local Usage
		Usr 0 00:00:03, Sys 0 00:00:00  -  Total Remote Usage
		Usr 0 00:00:00, Sys 0 00:00:00  -  Total Local Usage
	6204  -  Run Bytes Sent By Job
	409597  -  Run Bytes Received By Job
	6204  -  Total Bytes Sent By Job
	409597  -  Total Bytes Received By Job
	Partitionable Resources :    Usage  Request Allocated 
	   Cpus                 :        0        8         8 
	   Disk (KB)            :      428      425   2773422 
	   Memory (MB)          :        8    16000     16000 

	Job terminated of its own accord at 2024-07-24T16:59:26Z with exit-code 0.
...
040 (10252909.1530.000) 07/24 19:58:32 Started transferring input files
	Transferring to host: <188.185.204.244:9618?addrs=188.185.204.244-9618+[2001-1458-303-8--100-71]-9618&alias=b9p02p9926.cern.ch&noUDP&sock=slot1_1_6619_6f26_156092>
...
040 (10252909.1530.000) 07/24 19:58:32 Finished transferring input files
...
001 (10252909.1530.000) 07/24 19:58:33 Job executing on host: <188.185.204.244:9618?addrs=188.185.204.244-9618+[2001-1458-303-8--100-71]-9618&alias=b9p02p9926.cern.ch&noUDP&sock=startd_6160_d37b>
	SlotName: slot1_1@b9p02p9926.cern.ch
	CondorScratchDir = "/pool/condor/dir_979831"
	Cpus = 8
	Disk = 2853835
	Memory = 16000
...
006 (10252909.1530.000) 07/24 19:58:37 Image size of job updated: 157352
	8  -  MemoryUsage of job (MB)
	7264  -  ResidentSetSize of job (KB)
...
040 (10252909.1530.000) 07/24 19:58:37 Started transferring output files
...
040 (10252909.1530.000) 07/24 19:58:37 Finished transferring output files
...
005 (10252909.1530.000) 07/24 19:58:37 Job terminated.
	(1) Normal termination (return value 0)
		Usr 0 00:00:03, Sys 0 00:00:00  -  Run Remote Usage
		Usr 0 00:00:00, Sys 0 00:00:00  -  Run Local Usage
		Usr 0 00:00:03, Sys 0 00:00:00  -  Total Remote Usage
		Usr 0 00:00:00, Sys 0 00:00:00  -  Total Local Usage
	6204  -  Run Bytes Sent By Job
	409597  -  Run Bytes Received By Job
	6204  -  Total Bytes Sent By Job
	409597  -  Total Bytes Received By Job
	Partitionable Resources :    Usage  Request Allocated 
	   Cpus                 :        0        8         8 
	   Disk (KB)            :      427      425   2853835 
	   Memory (MB)          :        8    16000     16000 

	Job terminated of its own accord at 2024-07-24T17:58:37Z with exit-code 0.
...
040 (10252910.1530.000) 07/24 20:50:07 Started transferring input files
	Transferring to host: <188.185.208.14:9618?addrs=188.185.208.14-9618+[2001-1458-303-f--100-b]-9618&alias=b9p09p3516.cern.ch&noUDP&sock=slot1_24_129456_3689_34991>
...
040 (10252910.1530.000) 07/24 20:50:07 Finished transferring input files
...
001 (10252910.1530.000) 07/24 20:50:08 Job executing on host: <188.185.208.14:9618?addrs=188.185.208.14-9618+[2001-1458-303-f--100-b]-9618&alias=b9p09p3516.cern.ch&noUDP&sock=startd_118971_c9f4>
	SlotName: slot1_24@b9p09p3516.cern.ch
	CondorScratchDir = "/pool/condor/dir_2454494"
	Cpus = 8
	Disk = 2915228
	Memory = 16000
...
006 (10252910.1530.000) 07/24 20:50:13 Image size of job updated: 161236
	9  -  MemoryUsage of job (MB)
	8840  -  ResidentSetSize of job (KB)
...
040 (10252910.1530.000) 07/24 20:50:13 Started transferring output files
...
040 (10252910.1530.000) 07/24 20:50:13 Finished transferring output files
...
005 (10252910.1530.000) 07/24 20:50:13 Job terminated.
	(1) Normal termination (return value 0)
		Usr 0 00:00:03, Sys 0 00:00:00  -  Run Remote Usage
		Usr 0 00:00:00, Sys 0 00:00:00  -  Run Local Usage
		Usr 0 00:00:03, Sys 0 00:00:00  -  Total Remote Usage
		Usr 0 00:00:00, Sys 0 00:00:00  -  Total Local Usage
	6201  -  Run Bytes Sent By Job
	409597  -  Run Bytes Received By Job
	6201  -  Total Bytes Sent By Job
	409597  -  Total Bytes Received By Job
	Partitionable Resources :    Usage  Request Allocated 
	   Cpus                 :        0        8         8 
	   Disk (KB)            :      428      425   2915228 
	   Memory (MB)          :        9    16000     16000 

	Job terminated of its own accord at 2024-07-24T18:50:13Z with exit-code 0.
...
040 (10252911.1530.000) 07/24 21:02:36 Started transferring input files
	Transferring to host: <188.185.207.198:9618?addrs=188.185.207.198-9618+[2001-1458-303-e--100-43]-9618&alias=b9p08p3507.cern.ch&noUDP&sock=slot1_6_4228_c225_142036>
...
040 (10252911.1530.000) 07/24 21:02:36 Finished transferring input files
...
001 (10252911.1530.000) 07/24 21:02:37 Job executing on host: <188.185.207.198:9618?addrs=188.185.207.198-9618+[2001-1458-303-e--100-43]-9618&alias=b9p08p3507.cern.ch&noUDP&sock=startd_3653_3b8d>
	SlotName: slot1_6@b9p08p3507.cern.ch
	CondorScratchDir = "/pool/condor/dir_1458685"
	Cpus = 8
	Disk = 2699322
	Memory = 16000
...
006 (10252911.1530.000) 07/24 21:02:42 Image size of job updated: 161232
	9  -  MemoryUsage of job (MB)
	8540  -  ResidentSetSize of job (KB)
...
040 (10252911.1530.000) 07/24 21:02:42 Started transferring output files
...
040 (10252911.1530.000) 07/24 21:02:43 Finished transferring output files
...
005 (10252911.1530.000) 07/24 21:02:43 Job terminated.
	(1) Normal termination (return value 0)
		Usr 0 00:00:04, Sys 0 00:00:00  -  Run Remote Usage
		Usr 0 00:00:00, Sys 0 00:00:00  -  Run Local Usage
		Usr 0 00:00:04, Sys 0 00:00:00  -  Total Remote Usage
		Usr 0 00:00:00, Sys 0 00:00:00  -  Total Local Usage
	6204  -  Run Bytes Sent By Job
	409597  -  Run Bytes Received By Job
	6204  -  Total Bytes Sent By Job
	409597  -  Total Bytes Received By Job
	Partitionable Resources :    Usage  Request Allocated 
	   Cpus                 :     0.07        8         8 
	   Disk (KB)            :   427         425   2699322 
	   Memory (MB)          :     9       16000     16000 

	Job terminated of its own accord at 2024-07-24T19:02:42Z with exit-code 0.
...
040 (10252912.1530.000) 07/24 21:16:33 Started transferring input files
	Transferring to host: <188.185.196.90:9618?addrs=188.185.196.90-9618+[2001-1458-303-23--100-56]-9618&alias=b9p16p8401.cern.ch&noUDP&sock=slot1_11_3768298_964e_4015>
...
040 (10252912.1530.000) 07/24 21:16:33 Finished transferring input files
...
001 (10252912.1530.000) 07/24 21:16:34 Job executing on host: <188.185.196.90:9618?addrs=188.185.196.90-9618+[2001-1458-303-23--100-56]-9618&alias=b9p16p8401.cern.ch&noUDP&sock=startd_177825_bcd5>
	SlotName: slot1_11@b9p16p8401.cern.ch
	CondorScratchDir = "/pool/condor/dir_1267599"
	Cpus = 8
	Disk = 2958853
	Memory = 16000
...
006 (10252912.1530.000) 07/24 21:16:40 Image size of job updated: 161572
	9  -  MemoryUsage of job (MB)
	8624  -  ResidentSetSize of job (KB)
...
040 (10252912.1530.000) 07/24 21:16:40 Started transferring output files
...
040 (10252912.1530.000) 07/24 21:16:40 Finished transferring output files
...
005 (10252912.1530.000) 07/24 21:16:40 Job terminated.
	(1) Normal termination (return value 0)
		Usr 0 00:00:05, Sys 0 00:00:00  -  Run Remote Usage
		Usr 0 00:00:00, Sys 0 00:00:00  -  Run Local Usage
		Usr 0 00:00:05, Sys 0 00:00:00  -  Total Remote Usage
		Usr 0 00:00:00, Sys 0 00:00:00  -  Total Local Usage
	6201  -  Run Bytes Sent By Job
	409597  -  Run Bytes Received By Job
	6201  -  Total Bytes Sent By Job
	409597  -  Total Bytes Received By Job
	Partitionable Resources :    Usage  Request Allocated 
	   Cpus                 :        0        8         8 
	   Disk (KB)            :      426      425   2958853 
	   Memory (MB)          :        9    16000     16000 

	Job terminated of its own accord at 2024-07-24T19:16:40Z with exit-code 0.
...
040 (10252913.1530.000) 07/24 21:29:19 Started transferring input files
	Transferring to host: <188.185.204.140:9618?addrs=188.185.204.140-9618+[2001-1458-303-8--100-80]-9618&alias=b9p02p4573.cern.ch&noUDP&sock=slot1_15_7270_1f61_158115>
...
040 (10252913.1530.000) 07/24 21:29:19 Finished transferring input files
...
001 (10252913.1530.000) 07/24 21:29:20 Job executing on host: <188.185.204.140:9618?addrs=188.185.204.140-9618+[2001-1458-303-8--100-80]-9618&alias=b9p02p4573.cern.ch&noUDP&sock=startd_7203_3cc3>
	SlotName: slot1_15@b9p02p4573.cern.ch
	CondorScratchDir = "/pool/condor/dir_3626303"
	Cpus = 8
	Disk = 2834309
	Memory = 16000
...
006 (10252913.1530.000) 07/24 21:29:24 Image size of job updated: 164856
	11  -  MemoryUsage of job (MB)
	10312  -  ResidentSetSize of job (KB)
...
040 (10252913.1530.000) 07/24 21:29:24 Started transferring output files
...
040 (10252913.1530.000) 07/24 21:29:24 Finished transferring output files
...
005 (10252913.1530.000) 07/24 21:29:24 Job terminated.
	(1) Normal termination (return value 0)
		Usr 0 00:00:03, Sys 0 00:00:00  -  Run Remote Usage
		Usr 0 00:00:00, Sys 0 00:00:00  -  Run Local Usage
		Usr 0 00:00:03, Sys 0 00:00:00  -  Total Remote Usage
		Usr 0 00:00:00, Sys 0 00:00:00  -  Total Local Usage
	6204  -  Run Bytes Sent By Job
	409597  -  Run Bytes Received By Job
	6204  -  Total Bytes Sent By Job
	409597  -  Total Bytes Received By Job
	Partitionable Resources :    Usage  Request Allocated 
	   Cpus                 :        0        8         8 
	   Disk (KB)            :      428      425   2834309 
	   Memory (MB)          :       11    16000     16000 

	Job terminated of its own accord at 2024-07-24T19:29:24Z with exit-code 0.
...
000 (10261715.1530.000) 07/25 13:02:03 Job submitted from host: <188.185.114.121:9618?addrs=188.185.114.121-9618+[2001-1458-d00-a--100-273]-9618&alias=bigbird19.cern.ch&noUDP&sock=schedd_4961_696e>
...
009 (10261715.1530.000) 07/25 13:06:44 Job was aborted.
	via condor_rm (by user yelberke)
...
000 (10261767.1530.000) 07/25 13:20:19 Job submitted from host: <188.185.114.121:9618?addrs=188.185.114.121-9618+[2001-1458-d00-a--100-273]-9618&alias=bigbird19.cern.ch&noUDP&sock=schedd_4961_696e>
...
040 (10261767.1530.000) 07/25 14:20:41 Started transferring input files
	Transferring to host: <188.185.208.190:9618?addrs=188.185.208.190-9618+[2001-1458-303-10--100-3b]-9618&alias=b9p10p8400.cern.ch&noUDP&sock=slot1_2_8610_4617_144277>
...
040 (10261767.1530.000) 07/25 14:20:41 Finished transferring input files
...
001 (10261767.1530.000) 07/25 14:20:42 Job executing on host: <188.185.208.190:9618?addrs=188.185.208.190-9618+[2001-1458-303-10--100-3b]-9618&alias=b9p10p8400.cern.ch&noUDP&sock=startd_6643_1fba>
	SlotName: slot1_2@b9p10p8400.cern.ch
	CondorScratchDir = "/pool/condor/dir_3911848"
	Cpus = 12
	Disk = 2846488
	Memory = 24000
...
006 (10261767.1530.000) 07/25 14:20:47 Image size of job updated: 160672
	7  -  MemoryUsage of job (MB)
	6840  -  ResidentSetSize of job (KB)
...
040 (10261767.1530.000) 07/25 14:20:47 Started transferring output files
...
040 (10261767.1530.000) 07/25 14:20:47 Finished transferring output files
...
005 (10261767.1530.000) 07/25 14:20:47 Job terminated.
	(1) Normal termination (return value 0)
		Usr 0 00:00:03, Sys 0 00:00:00  -  Run Remote Usage
		Usr 0 00:00:00, Sys 0 00:00:00  -  Run Local Usage
		Usr 0 00:00:03, Sys 0 00:00:00  -  Total Remote Usage
		Usr 0 00:00:00, Sys 0 00:00:00  -  Total Local Usage
	6204  -  Run Bytes Sent By Job
	409597  -  Run Bytes Received By Job
	6204  -  Total Bytes Sent By Job
	409597  -  Total Bytes Received By Job
	Partitionable Resources :    Usage  Request Allocated 
	   Cpus                 :        0       12        12 
	   Disk (KB)            :      428      425   2846488 
	   Memory (MB)          :        7    24000     24000 

	Job terminated of its own accord at 2024-07-25T12:20:47Z with exit-code 0.
...
000 (10284266.1530.000) 08/02 15:45:44 Job submitted from host: <188.185.114.121:9618?addrs=188.185.114.121-9618+[2001-1458-d00-a--100-273]-9618&alias=bigbird19.cern.ch&noUDP&sock=schedd_4961_696e>
...
009 (10284266.1530.000) 08/02 15:49:27 Job was aborted.
	via condor_rm (by user yelberke)
...
000 (10284267.1530.000) 08/02 15:49:51 Job submitted from host: <188.185.114.121:9618?addrs=188.185.114.121-9618+[2001-1458-d00-a--100-273]-9618&alias=bigbird19.cern.ch&noUDP&sock=schedd_4961_696e>
...
040 (10284267.1530.000) 08/02 16:35:04 Started transferring input files
	Transferring to host: <128.142.51.215:9618?addrs=128.142.51.215-9618+[2001-1458-301-3--100-14]-9618&alias=b9g02p1339.cern.ch&noUDP&sock=slot1_1_2700322_e1a9_74>
...
040 (10284267.1530.000) 08/02 16:35:04 Finished transferring input files
...
001 (10284267.1530.000) 08/02 16:35:05 Job executing on host: <128.142.51.215:9618?addrs=128.142.51.215-9618+[2001-1458-301-3--100-14]-9618&alias=b9g02p1339.cern.ch&noUDP&sock=startd_5196_9a2f>
	SlotName: slot1_1@b9g02p1339.cern.ch
	CondorScratchDir = "/pool/condor/dir_2717258"
	Cpus = 12
	Disk = 3134855
	Memory = 24000
...
006 (10284267.1530.000) 08/02 16:35:13 Image size of job updated: 138780
	135  -  MemoryUsage of job (MB)
	137576  -  ResidentSetSize of job (KB)
...
006 (10284267.1530.000) 08/02 16:35:25 Image size of job updated: 320072
	135  -  MemoryUsage of job (MB)
	137576  -  ResidentSetSize of job (KB)
...
040 (10284267.1530.000) 08/02 16:35:25 Started transferring output files
...
040 (10284267.1530.000) 08/02 16:35:25 Finished transferring output files
...
005 (10284267.1530.000) 08/02 16:35:25 Job terminated.
	(1) Normal termination (return value 139)
		Usr 0 00:00:03, Sys 0 00:00:00  -  Run Remote Usage
		Usr 0 00:00:00, Sys 0 00:00:00  -  Run Local Usage
		Usr 0 00:00:03, Sys 0 00:00:00  -  Total Remote Usage
		Usr 0 00:00:00, Sys 0 00:00:00  -  Total Local Usage
	7992  -  Run Bytes Sent By Job
	409597  -  Run Bytes Received By Job
	7992  -  Total Bytes Sent By Job
	409597  -  Total Bytes Received By Job
	Partitionable Resources :    Usage  Request Allocated 
	   Cpus                 :        0       12        12 
	   Disk (KB)            :      429      425   3134855 
	   Memory (MB)          :      135    24000     24000 

	Job terminated of its own accord at 2024-08-02T14:35:25Z with exit-code 139.
...
