000 (10252905.1649.000) 07/24 16:13:17 Job submitted from host: <188.185.114.121:9618?addrs=188.185.114.121-9618+[2001-1458-d00-a--100-273]-9618&alias=bigbird19.cern.ch&noUDP&sock=schedd_4961_696e>
...
009 (10252905.1649.000) 07/24 16:14:47 Job was aborted.
	via condor_rm (by user yelberke)
...
000 (10252906.1649.000) 07/24 16:15:37 Job submitted from host: <188.185.114.121:9618?addrs=188.185.114.121-9618+[2001-1458-d00-a--100-273]-9618&alias=bigbird19.cern.ch&noUDP&sock=schedd_4961_696e>
...
000 (10252907.1649.000) 07/24 16:17:31 Job submitted from host: <188.185.114.121:9618?addrs=188.185.114.121-9618+[2001-1458-d00-a--100-273]-9618&alias=bigbird19.cern.ch&noUDP&sock=schedd_4961_696e>
...
000 (10252908.1649.000) 07/24 16:18:04 Job submitted from host: <188.185.114.121:9618?addrs=188.185.114.121-9618+[2001-1458-d00-a--100-273]-9618&alias=bigbird19.cern.ch&noUDP&sock=schedd_4961_696e>
...
000 (10252909.1649.000) 07/24 16:18:40 Job submitted from host: <188.185.114.121:9618?addrs=188.185.114.121-9618+[2001-1458-d00-a--100-273]-9618&alias=bigbird19.cern.ch&noUDP&sock=schedd_4961_696e>
...
000 (10252910.1649.000) 07/24 16:19:06 Job submitted from host: <188.185.114.121:9618?addrs=188.185.114.121-9618+[2001-1458-d00-a--100-273]-9618&alias=bigbird19.cern.ch&noUDP&sock=schedd_4961_696e>
...
000 (10252911.1649.000) 07/24 16:19:19 Job submitted from host: <188.185.114.121:9618?addrs=188.185.114.121-9618+[2001-1458-d00-a--100-273]-9618&alias=bigbird19.cern.ch&noUDP&sock=schedd_4961_696e>
...
000 (10252912.1649.000) 07/24 16:19:32 Job submitted from host: <188.185.114.121:9618?addrs=188.185.114.121-9618+[2001-1458-d00-a--100-273]-9618&alias=bigbird19.cern.ch&noUDP&sock=schedd_4961_696e>
...
000 (10252913.1649.000) 07/24 16:19:44 Job submitted from host: <188.185.114.121:9618?addrs=188.185.114.121-9618+[2001-1458-d00-a--100-273]-9618&alias=bigbird19.cern.ch&noUDP&sock=schedd_4961_696e>
...
040 (10252906.1649.000) 07/24 16:29:31 Started transferring input files
	Transferring to host: <128.142.131.75:9618?addrs=128.142.131.75-9618+[2001-1458-301-59--100-3f]-9618&alias=b9g11p1959.cern.ch&noUDP&sock=slot1_28_2952_b371_105719>
...
040 (10252906.1649.000) 07/24 16:29:31 Finished transferring input files
...
001 (10252906.1649.000) 07/24 16:29:32 Job executing on host: <128.142.131.75:9618?addrs=128.142.131.75-9618+[2001-1458-301-59--100-3f]-9618&alias=b9g11p1959.cern.ch&noUDP&sock=startd_2622_0d69>
	SlotName: slot1_28@b9g11p1959.cern.ch
	CondorScratchDir = "/pool/condor/dir_1824188"
	Cpus = 8
	Disk = 1646957
	Memory = 16000
...
006 (10252906.1649.000) 07/24 16:29:41 Image size of job updated: 146780
	144  -  MemoryUsage of job (MB)
	146780  -  ResidentSetSize of job (KB)
...
040 (10252906.1649.000) 07/24 16:29:43 Started transferring output files
...
040 (10252906.1649.000) 07/24 16:29:43 Finished transferring output files
...
005 (10252906.1649.000) 07/24 16:29:43 Job terminated.
	(1) Normal termination (return value 0)
		Usr 0 00:00:09, Sys 0 00:00:00  -  Run Remote Usage
		Usr 0 00:00:00, Sys 0 00:00:00  -  Run Local Usage
		Usr 0 00:00:09, Sys 0 00:00:00  -  Total Remote Usage
		Usr 0 00:00:00, Sys 0 00:00:00  -  Total Local Usage
	6204  -  Run Bytes Sent By Job
	409597  -  Run Bytes Received By Job
	6204  -  Total Bytes Sent By Job
	409597  -  Total Bytes Received By Job
	Partitionable Resources :    Usage  Request Allocated 
	   Cpus                 :        0        8         8 
	   Disk (KB)            :      428      425   1646957 
	   Memory (MB)          :      144    16000     16000 

	Job terminated of its own accord at 2024-07-24T14:29:43Z with exit-code 0.
...
040 (10252907.1649.000) 07/24 17:57:10 Started transferring input files
	Transferring to host: <188.185.207.23:9618?addrs=188.185.207.23-9618+[2001-1458-303-d--100-14]-9618&alias=b9p07p4705.cern.ch&noUDP&sock=slot1_1_4745_081a_144650>
...
040 (10252907.1649.000) 07/24 17:57:11 Finished transferring input files
...
001 (10252907.1649.000) 07/24 17:57:11 Job executing on host: <188.185.207.23:9618?addrs=188.185.207.23-9618+[2001-1458-303-d--100-14]-9618&alias=b9p07p4705.cern.ch&noUDP&sock=startd_4012_7a0d>
	SlotName: slot1_1@b9p07p4705.cern.ch
	CondorScratchDir = "/pool/condor/dir_2793875"
	Cpus = 8
	Disk = 2800456
	Memory = 16000
...
006 (10252907.1649.000) 07/24 17:57:17 Image size of job updated: 160212
	8  -  MemoryUsage of job (MB)
	8044  -  ResidentSetSize of job (KB)
...
040 (10252907.1649.000) 07/24 17:57:17 Started transferring output files
...
040 (10252907.1649.000) 07/24 17:57:17 Finished transferring output files
...
005 (10252907.1649.000) 07/24 17:57:17 Job terminated.
	(1) Normal termination (return value 0)
		Usr 0 00:00:04, Sys 0 00:00:00  -  Run Remote Usage
		Usr 0 00:00:00, Sys 0 00:00:00  -  Run Local Usage
		Usr 0 00:00:04, Sys 0 00:00:00  -  Total Remote Usage
		Usr 0 00:00:00, Sys 0 00:00:00  -  Total Local Usage
	6204  -  Run Bytes Sent By Job
	409597  -  Run Bytes Received By Job
	6204  -  Total Bytes Sent By Job
	409597  -  Total Bytes Received By Job
	Partitionable Resources :    Usage  Request Allocated 
	   Cpus                 :        0        8         8 
	   Disk (KB)            :      428      425   2800456 
	   Memory (MB)          :        8    16000     16000 

	Job terminated of its own accord at 2024-07-24T15:57:17Z with exit-code 0.
...
040 (10252908.1649.000) 07/24 19:00:01 Started transferring input files
	Transferring to host: <188.185.205.170:9618?addrs=188.185.205.170-9618+[2001-1458-303-a--100-27]-9618&alias=b9p04p9679.cern.ch&noUDP&sock=slot1_5_7857_b799_96941>
...
040 (10252908.1649.000) 07/24 19:00:01 Finished transferring input files
...
001 (10252908.1649.000) 07/24 19:00:02 Job executing on host: <188.185.205.170:9618?addrs=188.185.205.170-9618+[2001-1458-303-a--100-27]-9618&alias=b9p04p9679.cern.ch&noUDP&sock=startd_6891_3b36>
	SlotName: slot1_5@b9p04p9679.cern.ch
	CondorScratchDir = "/pool/condor/dir_4114969"
	Cpus = 8
	Disk = 2390424
	Memory = 16000
...
006 (10252908.1649.000) 07/24 19:00:07 Image size of job updated: 159712
	8  -  MemoryUsage of job (MB)
	7504  -  ResidentSetSize of job (KB)
...
040 (10252908.1649.000) 07/24 19:00:07 Started transferring output files
...
040 (10252908.1649.000) 07/24 19:00:07 Finished transferring output files
...
005 (10252908.1649.000) 07/24 19:00:07 Job terminated.
	(1) Normal termination (return value 0)
		Usr 0 00:00:03, Sys 0 00:00:00  -  Run Remote Usage
		Usr 0 00:00:00, Sys 0 00:00:00  -  Run Local Usage
		Usr 0 00:00:03, Sys 0 00:00:00  -  Total Remote Usage
		Usr 0 00:00:00, Sys 0 00:00:00  -  Total Local Usage
	6204  -  Run Bytes Sent By Job
	409597  -  Run Bytes Received By Job
	6204  -  Total Bytes Sent By Job
	409597  -  Total Bytes Received By Job
	Partitionable Resources :    Usage  Request Allocated 
	   Cpus                 :        0        8         8 
	   Disk (KB)            :      427      425   2390424 
	   Memory (MB)          :        8    16000     16000 

	Job terminated of its own accord at 2024-07-24T17:00:07Z with exit-code 0.
...
040 (10252909.1649.000) 07/24 19:59:12 Started transferring input files
	Transferring to host: <188.185.205.171:9618?addrs=188.185.205.171-9618+[2001-1458-303-a--100-28]-9618&alias=b9p04p2638.cern.ch&noUDP&sock=slot1_8_7287_19c1_73249>
...
040 (10252909.1649.000) 07/24 19:59:12 Finished transferring input files
...
001 (10252909.1649.000) 07/24 19:59:13 Job executing on host: <188.185.205.171:9618?addrs=188.185.205.171-9618+[2001-1458-303-a--100-28]-9618&alias=b9p04p2638.cern.ch&noUDP&sock=startd_5941_9c3e>
	SlotName: slot1_8@b9p04p2638.cern.ch
	CondorScratchDir = "/pool/condor/dir_1166417"
	Cpus = 8
	Disk = 2917985
	Memory = 16000
...
006 (10252909.1649.000) 07/24 19:59:17 Image size of job updated: 158104
	8  -  MemoryUsage of job (MB)
	7392  -  ResidentSetSize of job (KB)
...
040 (10252909.1649.000) 07/24 19:59:17 Started transferring output files
...
040 (10252909.1649.000) 07/24 19:59:17 Finished transferring output files
...
005 (10252909.1649.000) 07/24 19:59:17 Job terminated.
	(1) Normal termination (return value 0)
		Usr 0 00:00:03, Sys 0 00:00:00  -  Run Remote Usage
		Usr 0 00:00:00, Sys 0 00:00:00  -  Run Local Usage
		Usr 0 00:00:03, Sys 0 00:00:00  -  Total Remote Usage
		Usr 0 00:00:00, Sys 0 00:00:00  -  Total Local Usage
	6204  -  Run Bytes Sent By Job
	409597  -  Run Bytes Received By Job
	6204  -  Total Bytes Sent By Job
	409597  -  Total Bytes Received By Job
	Partitionable Resources :    Usage  Request Allocated 
	   Cpus                 :        0        8         8 
	   Disk (KB)            :      427      425   2917985 
	   Memory (MB)          :        8    16000     16000 

	Job terminated of its own accord at 2024-07-24T17:59:17Z with exit-code 0.
...
040 (10252910.1649.000) 07/24 20:50:46 Started transferring input files
	Transferring to host: <188.185.208.190:9618?addrs=188.185.208.190-9618+[2001-1458-303-10--100-3b]-9618&alias=b9p10p8400.cern.ch&noUDP&sock=slot1_26_8610_4617_143334>
...
040 (10252910.1649.000) 07/24 20:50:46 Finished transferring input files
...
001 (10252910.1649.000) 07/24 20:50:47 Job executing on host: <188.185.208.190:9618?addrs=188.185.208.190-9618+[2001-1458-303-10--100-3b]-9618&alias=b9p10p8400.cern.ch&noUDP&sock=startd_6643_1fba>
	SlotName: slot1_26@b9p10p8400.cern.ch
	CondorScratchDir = "/pool/condor/dir_3336574"
	Cpus = 8
	Disk = 2676125
	Memory = 16000
...
006 (10252910.1649.000) 07/24 20:50:52 Image size of job updated: 161276
	9  -  MemoryUsage of job (MB)
	8504  -  ResidentSetSize of job (KB)
...
040 (10252910.1649.000) 07/24 20:50:52 Started transferring output files
...
040 (10252910.1649.000) 07/24 20:50:52 Finished transferring output files
...
005 (10252910.1649.000) 07/24 20:50:52 Job terminated.
	(1) Normal termination (return value 0)
		Usr 0 00:00:04, Sys 0 00:00:00  -  Run Remote Usage
		Usr 0 00:00:00, Sys 0 00:00:00  -  Run Local Usage
		Usr 0 00:00:04, Sys 0 00:00:00  -  Total Remote Usage
		Usr 0 00:00:00, Sys 0 00:00:00  -  Total Local Usage
	6201  -  Run Bytes Sent By Job
	409597  -  Run Bytes Received By Job
	6201  -  Total Bytes Sent By Job
	409597  -  Total Bytes Received By Job
	Partitionable Resources :    Usage  Request Allocated 
	   Cpus                 :        0        8         8 
	   Disk (KB)            :      428      425   2676125 
	   Memory (MB)          :        9    16000     16000 

	Job terminated of its own accord at 2024-07-24T18:50:52Z with exit-code 0.
...
040 (10252911.1649.000) 07/24 21:03:20 Started transferring input files
	Transferring to host: <188.185.206.193:9618?addrs=188.185.206.193-9618+[2001-1458-303-c--100-3e]-9618&alias=b9p06p4695.cern.ch&noUDP&sock=slot1_12_65071_27ef_90733>
...
040 (10252911.1649.000) 07/24 21:03:20 Finished transferring input files
...
001 (10252911.1649.000) 07/24 21:03:21 Job executing on host: <188.185.206.193:9618?addrs=188.185.206.193-9618+[2001-1458-303-c--100-3e]-9618&alias=b9p06p4695.cern.ch&noUDP&sock=startd_3345_f862>
	SlotName: slot1_12@b9p06p4695.cern.ch
	CondorScratchDir = "/pool/condor/dir_1252191"
	Cpus = 8
	Disk = 2787305
	Memory = 16000
...
006 (10252911.1649.000) 07/24 21:03:25 Image size of job updated: 155420
	6  -  MemoryUsage of job (MB)
	5244  -  ResidentSetSize of job (KB)
...
040 (10252911.1649.000) 07/24 21:03:25 Started transferring output files
...
040 (10252911.1649.000) 07/24 21:03:25 Finished transferring output files
...
005 (10252911.1649.000) 07/24 21:03:25 Job terminated.
	(1) Normal termination (return value 0)
		Usr 0 00:00:03, Sys 0 00:00:00  -  Run Remote Usage
		Usr 0 00:00:00, Sys 0 00:00:00  -  Run Local Usage
		Usr 0 00:00:03, Sys 0 00:00:00  -  Total Remote Usage
		Usr 0 00:00:00, Sys 0 00:00:00  -  Total Local Usage
	6204  -  Run Bytes Sent By Job
	409597  -  Run Bytes Received By Job
	6204  -  Total Bytes Sent By Job
	409597  -  Total Bytes Received By Job
	Partitionable Resources :    Usage  Request Allocated 
	   Cpus                 :        0        8         8 
	   Disk (KB)            :      430      425   2787305 
	   Memory (MB)          :        6    16000     16000 

	Job terminated of its own accord at 2024-07-24T19:03:25Z with exit-code 0.
...
040 (10252912.1649.000) 07/24 21:17:11 Started transferring input files
	Transferring to host: <188.185.193.164:9618?addrs=188.185.193.164-9618+[2001-1458-303-20--100-a0]-9618&alias=b9p19p4506.cern.ch&noUDP&sock=slot1_7_544183_e70a_17410>
...
040 (10252912.1649.000) 07/24 21:17:11 Finished transferring input files
...
001 (10252912.1649.000) 07/24 21:17:12 Job executing on host: <188.185.193.164:9618?addrs=188.185.193.164-9618+[2001-1458-303-20--100-a0]-9618&alias=b9p19p4506.cern.ch&noUDP&sock=startd_128176_a73b>
	SlotName: slot1_7@b9p19p4506.cern.ch
	CondorScratchDir = "/pool/condor/dir_1192866"
	Cpus = 8
	Disk = 3041178
	Memory = 16000
...
006 (10252912.1649.000) 07/24 21:17:17 Image size of job updated: 164452
	11  -  MemoryUsage of job (MB)
	10500  -  ResidentSetSize of job (KB)
...
040 (10252912.1649.000) 07/24 21:17:17 Started transferring output files
...
040 (10252912.1649.000) 07/24 21:17:17 Finished transferring output files
...
005 (10252912.1649.000) 07/24 21:17:17 Job terminated.
	(1) Normal termination (return value 0)
		Usr 0 00:00:04, Sys 0 00:00:00  -  Run Remote Usage
		Usr 0 00:00:00, Sys 0 00:00:00  -  Run Local Usage
		Usr 0 00:00:04, Sys 0 00:00:00  -  Total Remote Usage
		Usr 0 00:00:00, Sys 0 00:00:00  -  Total Local Usage
	6204  -  Run Bytes Sent By Job
	409597  -  Run Bytes Received By Job
	6204  -  Total Bytes Sent By Job
	409597  -  Total Bytes Received By Job
	Partitionable Resources :    Usage  Request Allocated 
	   Cpus                 :        0        8         8 
	   Disk (KB)            :      428      425   3041178 
	   Memory (MB)          :       11    16000     16000 

	Job terminated of its own accord at 2024-07-24T19:17:17Z with exit-code 0.
...
040 (10252913.1649.000) 07/24 21:29:59 Started transferring input files
	Transferring to host: <188.185.209.205:9618?addrs=188.185.209.205-9618+[2001-1458-303-12--100-4a]-9618&alias=b9p12p0038.cern.ch&noUDP&sock=slot1_5_15203_a383_145074>
...
040 (10252913.1649.000) 07/24 21:29:59 Finished transferring input files
...
001 (10252913.1649.000) 07/24 21:30:00 Job executing on host: <188.185.209.205:9618?addrs=188.185.209.205-9618+[2001-1458-303-12--100-4a]-9618&alias=b9p12p0038.cern.ch&noUDP&sock=startd_13777_745d>
	SlotName: slot1_5@b9p12p0038.cern.ch
	CondorScratchDir = "/pool/condor/dir_99838"
	Cpus = 8
	Disk = 2862545
	Memory = 16000
...
006 (10252913.1649.000) 07/24 21:30:05 Image size of job updated: 159972
	8  -  MemoryUsage of job (MB)
	8128  -  ResidentSetSize of job (KB)
...
040 (10252913.1649.000) 07/24 21:30:05 Started transferring output files
...
040 (10252913.1649.000) 07/24 21:30:05 Finished transferring output files
...
005 (10252913.1649.000) 07/24 21:30:05 Job terminated.
	(1) Normal termination (return value 0)
		Usr 0 00:00:03, Sys 0 00:00:00  -  Run Remote Usage
		Usr 0 00:00:00, Sys 0 00:00:00  -  Run Local Usage
		Usr 0 00:00:03, Sys 0 00:00:00  -  Total Remote Usage
		Usr 0 00:00:00, Sys 0 00:00:00  -  Total Local Usage
	6204  -  Run Bytes Sent By Job
	409597  -  Run Bytes Received By Job
	6204  -  Total Bytes Sent By Job
	409597  -  Total Bytes Received By Job
	Partitionable Resources :    Usage  Request Allocated 
	   Cpus                 :        0        8         8 
	   Disk (KB)            :      428      425   2862545 
	   Memory (MB)          :        8    16000     16000 

	Job terminated of its own accord at 2024-07-24T19:30:05Z with exit-code 0.
...
000 (10261715.1649.000) 07/25 13:02:07 Job submitted from host: <188.185.114.121:9618?addrs=188.185.114.121-9618+[2001-1458-d00-a--100-273]-9618&alias=bigbird19.cern.ch&noUDP&sock=schedd_4961_696e>
...
009 (10261715.1649.000) 07/25 13:06:46 Job was aborted.
	via condor_rm (by user yelberke)
...
000 (10261767.1649.000) 07/25 13:20:20 Job submitted from host: <188.185.114.121:9618?addrs=188.185.114.121-9618+[2001-1458-d00-a--100-273]-9618&alias=bigbird19.cern.ch&noUDP&sock=schedd_4961_696e>
...
040 (10261767.1649.000) 07/25 14:21:21 Started transferring input files
	Transferring to host: <188.185.205.164:9618?addrs=188.185.205.164-9618+[2001-1458-303-a--100-21]-9618&alias=b9p04p3531.cern.ch&noUDP&sock=slot1_3_3834_2655_83695>
...
040 (10261767.1649.000) 07/25 14:21:21 Finished transferring input files
...
001 (10261767.1649.000) 07/25 14:21:22 Job executing on host: <188.185.205.164:9618?addrs=188.185.205.164-9618+[2001-1458-303-a--100-21]-9618&alias=b9p04p3531.cern.ch&noUDP&sock=startd_3713_633c>
	SlotName: slot1_3@b9p04p3531.cern.ch
	CondorScratchDir = "/pool/condor/dir_1539850"
	Cpus = 12
	Disk = 2599911
	Memory = 24000
...
006 (10261767.1649.000) 07/25 14:21:28 Image size of job updated: 163800
	10  -  MemoryUsage of job (MB)
	9624  -  ResidentSetSize of job (KB)
...
040 (10261767.1649.000) 07/25 14:21:28 Started transferring output files
...
040 (10261767.1649.000) 07/25 14:21:28 Finished transferring output files
...
005 (10261767.1649.000) 07/25 14:21:28 Job terminated.
	(1) Normal termination (return value 0)
		Usr 0 00:00:04, Sys 0 00:00:00  -  Run Remote Usage
		Usr 0 00:00:00, Sys 0 00:00:00  -  Run Local Usage
		Usr 0 00:00:04, Sys 0 00:00:00  -  Total Remote Usage
		Usr 0 00:00:00, Sys 0 00:00:00  -  Total Local Usage
	6204  -  Run Bytes Sent By Job
	409597  -  Run Bytes Received By Job
	6204  -  Total Bytes Sent By Job
	409597  -  Total Bytes Received By Job
	Partitionable Resources :    Usage  Request Allocated 
	   Cpus                 :        0       12        12 
	   Disk (KB)            :      428      425   2599911 
	   Memory (MB)          :       10    24000     24000 

	Job terminated of its own accord at 2024-07-25T12:21:28Z with exit-code 0.
...
000 (10284266.1649.000) 08/02 15:45:50 Job submitted from host: <188.185.114.121:9618?addrs=188.185.114.121-9618+[2001-1458-d00-a--100-273]-9618&alias=bigbird19.cern.ch&noUDP&sock=schedd_4961_696e>
...
009 (10284266.1649.000) 08/02 15:49:27 Job was aborted.
	via condor_rm (by user yelberke)
...
000 (10284267.1649.000) 08/02 15:49:52 Job submitted from host: <188.185.114.121:9618?addrs=188.185.114.121-9618+[2001-1458-d00-a--100-273]-9618&alias=bigbird19.cern.ch&noUDP&sock=schedd_4961_696e>
...
040 (10284267.1649.000) 08/02 16:35:44 Started transferring input files
	Transferring to host: <188.185.198.65:9618?addrs=188.185.198.65-9618+[2001-1458-303-25--100-3d]-9618&alias=b9p15p6124.cern.ch&noUDP&sock=slot1_4_2651903_50d8_13235>
...
040 (10284267.1649.000) 08/02 16:35:44 Finished transferring input files
...
001 (10284267.1649.000) 08/02 16:35:45 Job executing on host: <188.185.198.65:9618?addrs=188.185.198.65-9618+[2001-1458-303-25--100-3d]-9618&alias=b9p15p6124.cern.ch&noUDP&sock=startd_127908_d3d9>
	SlotName: slot1_4@b9p15p6124.cern.ch
	CondorScratchDir = "/pool/condor/dir_3826050"
	Cpus = 12
	Disk = 2845531
	Memory = 24000
...
006 (10284267.1649.000) 08/02 16:35:53 Image size of job updated: 1
	0  -  MemoryUsage of job (MB)
	0  -  ResidentSetSize of job (KB)
...
006 (10284267.1649.000) 08/02 16:36:13 Image size of job updated: 314260
	1  -  MemoryUsage of job (MB)
	848  -  ResidentSetSize of job (KB)
...
040 (10284267.1649.000) 08/02 16:36:13 Started transferring output files
...
040 (10284267.1649.000) 08/02 16:36:13 Finished transferring output files
...
005 (10284267.1649.000) 08/02 16:36:13 Job terminated.
	(1) Normal termination (return value 139)
		Usr 0 00:00:03, Sys 0 00:00:00  -  Run Remote Usage
		Usr 0 00:00:00, Sys 0 00:00:00  -  Run Local Usage
		Usr 0 00:00:03, Sys 0 00:00:00  -  Total Remote Usage
		Usr 0 00:00:00, Sys 0 00:00:00  -  Total Local Usage
	7696  -  Run Bytes Sent By Job
	409597  -  Run Bytes Received By Job
	7696  -  Total Bytes Sent By Job
	409597  -  Total Bytes Received By Job
	Partitionable Resources :    Usage  Request Allocated 
	   Cpus                 :        0       12        12 
	   Disk (KB)            :      430      425   2845531 
	   Memory (MB)          :        1    24000     24000 

	Job terminated of its own accord at 2024-08-02T14:36:13Z with exit-code 139.
...
