000 (10252905.1706.000) 07/24 16:13:17 Job submitted from host: <188.185.114.121:9618?addrs=188.185.114.121-9618+[2001-1458-d00-a--100-273]-9618&alias=bigbird19.cern.ch&noUDP&sock=schedd_4961_696e>
...
009 (10252905.1706.000) 07/24 16:14:47 Job was aborted.
	via condor_rm (by user yelberke)
...
000 (10252906.1706.000) 07/24 16:15:37 Job submitted from host: <188.185.114.121:9618?addrs=188.185.114.121-9618+[2001-1458-d00-a--100-273]-9618&alias=bigbird19.cern.ch&noUDP&sock=schedd_4961_696e>
...
000 (10252907.1706.000) 07/24 16:17:31 Job submitted from host: <188.185.114.121:9618?addrs=188.185.114.121-9618+[2001-1458-d00-a--100-273]-9618&alias=bigbird19.cern.ch&noUDP&sock=schedd_4961_696e>
...
000 (10252908.1706.000) 07/24 16:18:04 Job submitted from host: <188.185.114.121:9618?addrs=188.185.114.121-9618+[2001-1458-d00-a--100-273]-9618&alias=bigbird19.cern.ch&noUDP&sock=schedd_4961_696e>
...
000 (10252909.1706.000) 07/24 16:18:40 Job submitted from host: <188.185.114.121:9618?addrs=188.185.114.121-9618+[2001-1458-d00-a--100-273]-9618&alias=bigbird19.cern.ch&noUDP&sock=schedd_4961_696e>
...
000 (10252910.1706.000) 07/24 16:19:06 Job submitted from host: <188.185.114.121:9618?addrs=188.185.114.121-9618+[2001-1458-d00-a--100-273]-9618&alias=bigbird19.cern.ch&noUDP&sock=schedd_4961_696e>
...
000 (10252911.1706.000) 07/24 16:19:19 Job submitted from host: <188.185.114.121:9618?addrs=188.185.114.121-9618+[2001-1458-d00-a--100-273]-9618&alias=bigbird19.cern.ch&noUDP&sock=schedd_4961_696e>
...
000 (10252912.1706.000) 07/24 16:19:32 Job submitted from host: <188.185.114.121:9618?addrs=188.185.114.121-9618+[2001-1458-d00-a--100-273]-9618&alias=bigbird19.cern.ch&noUDP&sock=schedd_4961_696e>
...
000 (10252913.1706.000) 07/24 16:19:44 Job submitted from host: <188.185.114.121:9618?addrs=188.185.114.121-9618+[2001-1458-d00-a--100-273]-9618&alias=bigbird19.cern.ch&noUDP&sock=schedd_4961_696e>
...
040 (10252906.1706.000) 07/24 16:29:44 Started transferring input files
	Transferring to host: <128.142.130.61:9618?addrs=128.142.130.61-9618+[2001-1458-301-58--100-31]-9618&alias=b9g20p2827.cern.ch&noUDP&sock=slot1_2_2647512_7585_179472>
...
040 (10252906.1706.000) 07/24 16:29:44 Finished transferring input files
...
001 (10252906.1706.000) 07/24 16:29:45 Job executing on host: <128.142.130.61:9618?addrs=128.142.130.61-9618+[2001-1458-301-58--100-31]-9618&alias=b9g20p2827.cern.ch&noUDP&sock=startd_135932_9fc7>
	SlotName: slot1_2@b9g20p2827.cern.ch
	CondorScratchDir = "/pool/condor/dir_252681"
	Cpus = 8
	Disk = 1723861
	Memory = 16000
...
006 (10252906.1706.000) 07/24 16:29:54 Image size of job updated: 7488
	8  -  MemoryUsage of job (MB)
	7488  -  ResidentSetSize of job (KB)
...
040 (10252906.1706.000) 07/24 16:29:54 Started transferring output files
...
040 (10252906.1706.000) 07/24 16:29:54 Finished transferring output files
...
005 (10252906.1706.000) 07/24 16:29:54 Job terminated.
	(1) Normal termination (return value 0)
		Usr 0 00:00:07, Sys 0 00:00:00  -  Run Remote Usage
		Usr 0 00:00:00, Sys 0 00:00:00  -  Run Local Usage
		Usr 0 00:00:07, Sys 0 00:00:00  -  Total Remote Usage
		Usr 0 00:00:00, Sys 0 00:00:00  -  Total Local Usage
	6204  -  Run Bytes Sent By Job
	409597  -  Run Bytes Received By Job
	6204  -  Total Bytes Sent By Job
	409597  -  Total Bytes Received By Job
	Partitionable Resources :    Usage  Request Allocated 
	   Cpus                 :                 8         8 
	   Disk (KB)            :      420      425   1723861 
	   Memory (MB)          :        8    16000     16000 

	Job terminated of its own accord at 2024-07-24T14:29:54Z with exit-code 0.
...
040 (10252907.1706.000) 07/24 17:57:34 Started transferring input files
	Transferring to host: <188.185.208.20:9618?addrs=188.185.208.20-9618+[2001-1458-303-f--100-11]-9618&alias=b9p09p4616.cern.ch&noUDP&sock=slot1_3_129071_f21a_35469>
...
040 (10252907.1706.000) 07/24 17:57:34 Finished transferring input files
...
001 (10252907.1706.000) 07/24 17:57:35 Job executing on host: <188.185.208.20:9618?addrs=188.185.208.20-9618+[2001-1458-303-f--100-11]-9618&alias=b9p09p4616.cern.ch&noUDP&sock=startd_118754_f1e7>
	SlotName: slot1_3@b9p09p4616.cern.ch
	CondorScratchDir = "/pool/condor/dir_3648816"
	Cpus = 8
	Disk = 2895297
	Memory = 16000
...
006 (10252907.1706.000) 07/24 17:57:40 Image size of job updated: 160836
	9  -  MemoryUsage of job (MB)
	8352  -  ResidentSetSize of job (KB)
...
040 (10252907.1706.000) 07/24 17:57:40 Started transferring output files
...
040 (10252907.1706.000) 07/24 17:57:40 Finished transferring output files
...
005 (10252907.1706.000) 07/24 17:57:40 Job terminated.
	(1) Normal termination (return value 0)
		Usr 0 00:00:03, Sys 0 00:00:00  -  Run Remote Usage
		Usr 0 00:00:00, Sys 0 00:00:00  -  Run Local Usage
		Usr 0 00:00:03, Sys 0 00:00:00  -  Total Remote Usage
		Usr 0 00:00:00, Sys 0 00:00:00  -  Total Local Usage
	6204  -  Run Bytes Sent By Job
	409597  -  Run Bytes Received By Job
	6204  -  Total Bytes Sent By Job
	409597  -  Total Bytes Received By Job
	Partitionable Resources :    Usage  Request Allocated 
	   Cpus                 :        0        8         8 
	   Disk (KB)            :      428      425   2895297 
	   Memory (MB)          :        9    16000     16000 

	Job terminated of its own accord at 2024-07-24T15:57:40Z with exit-code 0.
...
040 (10252908.1706.000) 07/24 19:00:20 Started transferring input files
	Transferring to host: <188.185.204.253:9618?addrs=188.185.204.253-9618+[2001-1458-303-8--100-7a]-9618&alias=b9p02p8717.cern.ch&noUDP&sock=slot1_7_7342_da64_154100>
...
040 (10252908.1706.000) 07/24 19:00:20 Finished transferring input files
...
001 (10252908.1706.000) 07/24 19:00:21 Job executing on host: <188.185.204.253:9618?addrs=188.185.204.253-9618+[2001-1458-303-8--100-7a]-9618&alias=b9p02p8717.cern.ch&noUDP&sock=startd_7272_90cc>
	SlotName: slot1_7@b9p02p8717.cern.ch
	CondorScratchDir = "/pool/condor/dir_3139863"
	Cpus = 8
	Disk = 2780658
	Memory = 16000
...
006 (10252908.1706.000) 07/24 19:00:25 Image size of job updated: 158624
	8  -  MemoryUsage of job (MB)
	7516  -  ResidentSetSize of job (KB)
...
040 (10252908.1706.000) 07/24 19:00:25 Started transferring output files
...
040 (10252908.1706.000) 07/24 19:00:25 Finished transferring output files
...
005 (10252908.1706.000) 07/24 19:00:26 Job terminated.
	(1) Normal termination (return value 0)
		Usr 0 00:00:03, Sys 0 00:00:00  -  Run Remote Usage
		Usr 0 00:00:00, Sys 0 00:00:00  -  Run Local Usage
		Usr 0 00:00:03, Sys 0 00:00:00  -  Total Remote Usage
		Usr 0 00:00:00, Sys 0 00:00:00  -  Total Local Usage
	6204  -  Run Bytes Sent By Job
	409597  -  Run Bytes Received By Job
	6204  -  Total Bytes Sent By Job
	409597  -  Total Bytes Received By Job
	Partitionable Resources :    Usage  Request Allocated 
	   Cpus                 :        0        8         8 
	   Disk (KB)            :      428      425   2780658 
	   Memory (MB)          :        8    16000     16000 

	Job terminated of its own accord at 2024-07-24T17:00:25Z with exit-code 0.
...
040 (10252909.1706.000) 07/24 19:59:28 Started transferring input files
	Transferring to host: <128.142.248.197:9618?addrs=128.142.248.197-9618+[2001-1458-301-73--100-c4]-9618&alias=b9g23p2961.cern.ch&noUDP&sock=slot1_5_1510901_2fd9_26>
...
040 (10252909.1706.000) 07/24 19:59:28 Finished transferring input files
...
001 (10252909.1706.000) 07/24 19:59:29 Job executing on host: <128.142.248.197:9618?addrs=128.142.248.197-9618+[2001-1458-301-73--100-c4]-9618&alias=b9g23p2961.cern.ch&noUDP&sock=startd_5338_00a2>
	SlotName: slot1_5@b9g23p2961.cern.ch
	CondorScratchDir = "/pool/condor/dir_1512796"
	Cpus = 8
	Disk = 3038827
	Memory = 16000
...
006 (10252909.1706.000) 07/24 19:59:37 Image size of job updated: 1
	0  -  MemoryUsage of job (MB)
	0  -  ResidentSetSize of job (KB)
...
006 (10252909.1706.000) 07/24 19:59:59 Image size of job updated: 159120
	8  -  MemoryUsage of job (MB)
	8184  -  ResidentSetSize of job (KB)
...
040 (10252909.1706.000) 07/24 19:59:59 Started transferring output files
...
040 (10252909.1706.000) 07/24 19:59:59 Finished transferring output files
...
005 (10252909.1706.000) 07/24 19:59:59 Job terminated.
	(1) Normal termination (return value 0)
		Usr 0 00:00:04, Sys 0 00:00:00  -  Run Remote Usage
		Usr 0 00:00:00, Sys 0 00:00:00  -  Run Local Usage
		Usr 0 00:00:04, Sys 0 00:00:00  -  Total Remote Usage
		Usr 0 00:00:00, Sys 0 00:00:00  -  Total Local Usage
	6204  -  Run Bytes Sent By Job
	409597  -  Run Bytes Received By Job
	6204  -  Total Bytes Sent By Job
	409597  -  Total Bytes Received By Job
	Partitionable Resources :    Usage  Request Allocated 
	   Cpus                 :                 8         8 
	   Disk (KB)            :      419      425   3038827 
	   Memory (MB)          :        8    16000     16000 

	Job terminated of its own accord at 2024-07-24T17:59:59Z with exit-code 0.
...
040 (10252910.1706.000) 07/24 20:51:05 Started transferring input files
	Transferring to host: <188.185.207.57:9618?addrs=188.185.207.57-9618+[2001-1458-303-d--100-36]-9618&alias=b9p07p9712.cern.ch&noUDP&sock=slot1_50_11440_43ca_143030>
...
040 (10252910.1706.000) 07/24 20:51:05 Finished transferring input files
...
001 (10252910.1706.000) 07/24 20:51:06 Job executing on host: <188.185.207.57:9618?addrs=188.185.207.57-9618+[2001-1458-303-d--100-36]-9618&alias=b9p07p9712.cern.ch&noUDP&sock=startd_10088_1b7e>
	SlotName: slot1_50@b9p07p9712.cern.ch
	CondorScratchDir = "/pool/condor/dir_772201"
	Cpus = 8
	Disk = 2780583
	Memory = 16000
...
006 (10252910.1706.000) 07/24 20:51:10 Image size of job updated: 162592
	9  -  MemoryUsage of job (MB)
	8932  -  ResidentSetSize of job (KB)
...
040 (10252910.1706.000) 07/24 20:51:10 Started transferring output files
...
040 (10252910.1706.000) 07/24 20:51:10 Finished transferring output files
...
005 (10252910.1706.000) 07/24 20:51:10 Job terminated.
	(1) Normal termination (return value 0)
		Usr 0 00:00:03, Sys 0 00:00:00  -  Run Remote Usage
		Usr 0 00:00:00, Sys 0 00:00:00  -  Run Local Usage
		Usr 0 00:00:03, Sys 0 00:00:00  -  Total Remote Usage
		Usr 0 00:00:00, Sys 0 00:00:00  -  Total Local Usage
	6201  -  Run Bytes Sent By Job
	409597  -  Run Bytes Received By Job
	6201  -  Total Bytes Sent By Job
	409597  -  Total Bytes Received By Job
	Partitionable Resources :    Usage  Request Allocated 
	   Cpus                 :        0        8         8 
	   Disk (KB)            :      428      425   2780583 
	   Memory (MB)          :        9    16000     16000 

	Job terminated of its own accord at 2024-07-24T18:51:10Z with exit-code 0.
...
040 (10252911.1706.000) 07/24 21:03:38 Started transferring input files
	Transferring to host: <188.185.209.20:9618?addrs=188.185.209.20-9618+[2001-1458-303-11--100-11]-9618&alias=b9p11p8179.cern.ch&noUDP&sock=slot1_11_6261_30d8_145321>
...
040 (10252911.1706.000) 07/24 21:03:38 Finished transferring input files
...
001 (10252911.1706.000) 07/24 21:03:39 Job executing on host: <188.185.209.20:9618?addrs=188.185.209.20-9618+[2001-1458-303-11--100-11]-9618&alias=b9p11p8179.cern.ch&noUDP&sock=startd_5154_cb35>
	SlotName: slot1_11@b9p11p8179.cern.ch
	CondorScratchDir = "/pool/condor/dir_1754134"
	Cpus = 8
	Disk = 2861708
	Memory = 16000
...
006 (10252911.1706.000) 07/24 21:03:43 Image size of job updated: 164600
	10  -  MemoryUsage of job (MB)
	9956  -  ResidentSetSize of job (KB)
...
040 (10252911.1706.000) 07/24 21:03:43 Started transferring output files
...
040 (10252911.1706.000) 07/24 21:03:43 Finished transferring output files
...
005 (10252911.1706.000) 07/24 21:03:43 Job terminated.
	(1) Normal termination (return value 0)
		Usr 0 00:00:03, Sys 0 00:00:00  -  Run Remote Usage
		Usr 0 00:00:00, Sys 0 00:00:00  -  Run Local Usage
		Usr 0 00:00:03, Sys 0 00:00:00  -  Total Remote Usage
		Usr 0 00:00:00, Sys 0 00:00:00  -  Total Local Usage
	6201  -  Run Bytes Sent By Job
	409597  -  Run Bytes Received By Job
	6201  -  Total Bytes Sent By Job
	409597  -  Total Bytes Received By Job
	Partitionable Resources :    Usage  Request Allocated 
	   Cpus                 :        0        8         8 
	   Disk (KB)            :      428      425   2861708 
	   Memory (MB)          :       10    16000     16000 

	Job terminated of its own accord at 2024-07-24T19:03:43Z with exit-code 0.
...
040 (10252912.1706.000) 07/24 21:17:31 Started transferring input files
	Transferring to host: <188.185.196.90:9618?addrs=188.185.196.90-9618+[2001-1458-303-23--100-56]-9618&alias=b9p16p8401.cern.ch&noUDP&sock=slot1_8_3768298_964e_4018>
...
040 (10252912.1706.000) 07/24 21:17:31 Finished transferring input files
...
001 (10252912.1706.000) 07/24 21:17:32 Job executing on host: <188.185.196.90:9618?addrs=188.185.196.90-9618+[2001-1458-303-23--100-56]-9618&alias=b9p16p8401.cern.ch&noUDP&sock=startd_177825_bcd5>
	SlotName: slot1_8@b9p16p8401.cern.ch
	CondorScratchDir = "/pool/condor/dir_3661804"
	Cpus = 8
	Disk = 2958833
	Memory = 16000
...
006 (10252912.1706.000) 07/24 21:17:39 Image size of job updated: 164656
	10  -  MemoryUsage of job (MB)
	10112  -  ResidentSetSize of job (KB)
...
040 (10252912.1706.000) 07/24 21:17:39 Started transferring output files
...
040 (10252912.1706.000) 07/24 21:17:39 Finished transferring output files
...
005 (10252912.1706.000) 07/24 21:17:39 Job terminated.
	(1) Normal termination (return value 0)
		Usr 0 00:00:05, Sys 0 00:00:00  -  Run Remote Usage
		Usr 0 00:00:00, Sys 0 00:00:00  -  Run Local Usage
		Usr 0 00:00:05, Sys 0 00:00:00  -  Total Remote Usage
		Usr 0 00:00:00, Sys 0 00:00:00  -  Total Local Usage
	6204  -  Run Bytes Sent By Job
	409597  -  Run Bytes Received By Job
	6204  -  Total Bytes Sent By Job
	409597  -  Total Bytes Received By Job
	Partitionable Resources :    Usage  Request Allocated 
	   Cpus                 :        0        8         8 
	   Disk (KB)            :      427      425   2958833 
	   Memory (MB)          :       10    16000     16000 

	Job terminated of its own accord at 2024-07-24T19:17:39Z with exit-code 0.
...
040 (10252913.1706.000) 07/24 21:30:18 Started transferring input files
	Transferring to host: <188.185.205.41:9618?addrs=188.185.205.41-9618&alias=b9p03p4642.cern.ch&noUDP&sock=slot1_25_7380_a0a5_153902>
...
040 (10252913.1706.000) 07/24 21:30:18 Finished transferring input files
...
001 (10252913.1706.000) 07/24 21:30:19 Job executing on host: <188.185.205.41:9618?addrs=188.185.205.41-9618&alias=b9p03p4642.cern.ch&noUDP&sock=startd_7312_0096>
	SlotName: slot1_25@b9p03p4642.cern.ch
	CondorScratchDir = "/pool/condor/dir_2918256"
	Cpus = 8
	Disk = 2839216
	Memory = 16000
...
006 (10252913.1706.000) 07/24 21:30:23 Image size of job updated: 162936
	9  -  MemoryUsage of job (MB)
	8732  -  ResidentSetSize of job (KB)
...
040 (10252913.1706.000) 07/24 21:30:23 Started transferring output files
...
040 (10252913.1706.000) 07/24 21:30:23 Finished transferring output files
...
005 (10252913.1706.000) 07/24 21:30:23 Job terminated.
	(1) Normal termination (return value 0)
		Usr 0 00:00:03, Sys 0 00:00:00  -  Run Remote Usage
		Usr 0 00:00:00, Sys 0 00:00:00  -  Run Local Usage
		Usr 0 00:00:03, Sys 0 00:00:00  -  Total Remote Usage
		Usr 0 00:00:00, Sys 0 00:00:00  -  Total Local Usage
	6204  -  Run Bytes Sent By Job
	409597  -  Run Bytes Received By Job
	6204  -  Total Bytes Sent By Job
	409597  -  Total Bytes Received By Job
	Partitionable Resources :    Usage  Request Allocated 
	   Cpus                 :        0        8         8 
	   Disk (KB)            :      427      425   2839216 
	   Memory (MB)          :        9    16000     16000 

	Job terminated of its own accord at 2024-07-24T19:30:23Z with exit-code 0.
...
000 (10261715.1706.000) 07/25 13:02:09 Job submitted from host: <188.185.114.121:9618?addrs=188.185.114.121-9618+[2001-1458-d00-a--100-273]-9618&alias=bigbird19.cern.ch&noUDP&sock=schedd_4961_696e>
...
009 (10261715.1706.000) 07/25 13:06:48 Job was aborted.
	via condor_rm (by user yelberke)
...
000 (10261767.1706.000) 07/25 13:20:21 Job submitted from host: <188.185.114.121:9618?addrs=188.185.114.121-9618+[2001-1458-d00-a--100-273]-9618&alias=bigbird19.cern.ch&noUDP&sock=schedd_4961_696e>
...
040 (10261767.1706.000) 07/25 14:21:38 Started transferring input files
	Transferring to host: <188.185.204.154:9618?addrs=188.185.204.154-9618+[2001-1458-303-8--100-8e]-9618&alias=b9p02p9176.cern.ch&noUDP&sock=slot1_7_6745_366b_154079>
...
040 (10261767.1706.000) 07/25 14:21:38 Finished transferring input files
...
001 (10261767.1706.000) 07/25 14:21:39 Job executing on host: <188.185.204.154:9618?addrs=188.185.204.154-9618+[2001-1458-303-8--100-8e]-9618&alias=b9p02p9176.cern.ch&noUDP&sock=startd_6677_71f2>
	SlotName: slot1_7@b9p02p9176.cern.ch
	CondorScratchDir = "/pool/condor/dir_1527926"
	Cpus = 12
	Disk = 2671066
	Memory = 24000
...
006 (10261767.1706.000) 07/25 14:21:44 Image size of job updated: 160584
	7  -  MemoryUsage of job (MB)
	6916  -  ResidentSetSize of job (KB)
...
040 (10261767.1706.000) 07/25 14:21:44 Started transferring output files
...
040 (10261767.1706.000) 07/25 14:21:44 Finished transferring output files
...
005 (10261767.1706.000) 07/25 14:21:44 Job terminated.
	(1) Normal termination (return value 0)
		Usr 0 00:00:03, Sys 0 00:00:00  -  Run Remote Usage
		Usr 0 00:00:00, Sys 0 00:00:00  -  Run Local Usage
		Usr 0 00:00:03, Sys 0 00:00:00  -  Total Remote Usage
		Usr 0 00:00:00, Sys 0 00:00:00  -  Total Local Usage
	6204  -  Run Bytes Sent By Job
	409597  -  Run Bytes Received By Job
	6204  -  Total Bytes Sent By Job
	409597  -  Total Bytes Received By Job
	Partitionable Resources :    Usage  Request Allocated 
	   Cpus                 :        0       12        12 
	   Disk (KB)            :      428      425   2671066 
	   Memory (MB)          :        7    24000     24000 

	Job terminated of its own accord at 2024-07-25T12:21:44Z with exit-code 0.
...
000 (10284266.1706.000) 08/02 15:45:53 Job submitted from host: <188.185.114.121:9618?addrs=188.185.114.121-9618+[2001-1458-d00-a--100-273]-9618&alias=bigbird19.cern.ch&noUDP&sock=schedd_4961_696e>
...
009 (10284266.1706.000) 08/02 15:49:27 Job was aborted.
	via condor_rm (by user yelberke)
...
000 (10284267.1706.000) 08/02 15:49:52 Job submitted from host: <188.185.114.121:9618?addrs=188.185.114.121-9618+[2001-1458-d00-a--100-273]-9618&alias=bigbird19.cern.ch&noUDP&sock=schedd_4961_696e>
...
040 (10284267.1706.000) 08/02 16:36:03 Started transferring input files
	Transferring to host: <188.185.205.221:9618?addrs=188.185.205.221-9618+[2001-1458-303-a--100-5a]-9618&alias=b9p04p3091.cern.ch&noUDP&sock=slot1_12_3641_29ed_41345>
...
040 (10284267.1706.000) 08/02 16:36:03 Finished transferring input files
...
001 (10284267.1706.000) 08/02 16:36:04 Job executing on host: <188.185.205.221:9618?addrs=188.185.205.221-9618+[2001-1458-303-a--100-5a]-9618&alias=b9p04p3091.cern.ch&noUDP&sock=startd_3261_5a6d>
	SlotName: slot1_12@b9p04p3091.cern.ch
	CondorScratchDir = "/pool/condor/dir_3848629"
	Cpus = 12
	Disk = 2903535
	Memory = 24000
...
006 (10284267.1706.000) 08/02 16:36:05 Image size of job updated: 324832
	4  -  MemoryUsage of job (MB)
	3076  -  ResidentSetSize of job (KB)
...
040 (10284267.1706.000) 08/02 16:36:05 Started transferring output files
...
040 (10284267.1706.000) 08/02 16:36:05 Finished transferring output files
...
005 (10284267.1706.000) 08/02 16:36:05 Job terminated.
	(1) Normal termination (return value 139)
		Usr 0 00:00:01, Sys 0 00:00:00  -  Run Remote Usage
		Usr 0 00:00:00, Sys 0 00:00:00  -  Run Local Usage
		Usr 0 00:00:01, Sys 0 00:00:00  -  Total Remote Usage
		Usr 0 00:00:00, Sys 0 00:00:00  -  Total Local Usage
	7696  -  Run Bytes Sent By Job
	409597  -  Run Bytes Received By Job
	7696  -  Total Bytes Sent By Job
	409597  -  Total Bytes Received By Job
	Partitionable Resources :    Usage  Request Allocated 
	   Cpus                 :        0       12        12 
	   Disk (KB)            :      430      425   2903535 
	   Memory (MB)          :        4    24000     24000 

	Job terminated of its own accord at 2024-08-02T14:36:05Z with exit-code 139.
...
