000 (10252905.1714.000) 07/24 16:13:17 Job submitted from host: <188.185.114.121:9618?addrs=188.185.114.121-9618+[2001-1458-d00-a--100-273]-9618&alias=bigbird19.cern.ch&noUDP&sock=schedd_4961_696e>
...
009 (10252905.1714.000) 07/24 16:14:47 Job was aborted.
	via condor_rm (by user yelberke)
...
000 (10252906.1714.000) 07/24 16:15:37 Job submitted from host: <188.185.114.121:9618?addrs=188.185.114.121-9618+[2001-1458-d00-a--100-273]-9618&alias=bigbird19.cern.ch&noUDP&sock=schedd_4961_696e>
...
000 (10252907.1714.000) 07/24 16:17:31 Job submitted from host: <188.185.114.121:9618?addrs=188.185.114.121-9618+[2001-1458-d00-a--100-273]-9618&alias=bigbird19.cern.ch&noUDP&sock=schedd_4961_696e>
...
000 (10252908.1714.000) 07/24 16:18:04 Job submitted from host: <188.185.114.121:9618?addrs=188.185.114.121-9618+[2001-1458-d00-a--100-273]-9618&alias=bigbird19.cern.ch&noUDP&sock=schedd_4961_696e>
...
000 (10252909.1714.000) 07/24 16:18:40 Job submitted from host: <188.185.114.121:9618?addrs=188.185.114.121-9618+[2001-1458-d00-a--100-273]-9618&alias=bigbird19.cern.ch&noUDP&sock=schedd_4961_696e>
...
000 (10252910.1714.000) 07/24 16:19:06 Job submitted from host: <188.185.114.121:9618?addrs=188.185.114.121-9618+[2001-1458-d00-a--100-273]-9618&alias=bigbird19.cern.ch&noUDP&sock=schedd_4961_696e>
...
000 (10252911.1714.000) 07/24 16:19:19 Job submitted from host: <188.185.114.121:9618?addrs=188.185.114.121-9618+[2001-1458-d00-a--100-273]-9618&alias=bigbird19.cern.ch&noUDP&sock=schedd_4961_696e>
...
000 (10252912.1714.000) 07/24 16:19:32 Job submitted from host: <188.185.114.121:9618?addrs=188.185.114.121-9618+[2001-1458-d00-a--100-273]-9618&alias=bigbird19.cern.ch&noUDP&sock=schedd_4961_696e>
...
000 (10252913.1714.000) 07/24 16:19:44 Job submitted from host: <188.185.114.121:9618?addrs=188.185.114.121-9618+[2001-1458-d00-a--100-273]-9618&alias=bigbird19.cern.ch&noUDP&sock=schedd_4961_696e>
...
040 (10252906.1714.000) 07/24 16:29:47 Started transferring input files
	Transferring to host: <128.142.161.125:9618?addrs=128.142.161.125-9618+[2001-1458-301-b8--100-3d]-9618&alias=b9g03p3391.cern.ch&noUDP&sock=slot1_12_2388518_c1a1_37943>
...
040 (10252906.1714.000) 07/24 16:29:47 Finished transferring input files
...
001 (10252906.1714.000) 07/24 16:29:48 Job executing on host: <128.142.161.125:9618?addrs=128.142.161.125-9618+[2001-1458-301-b8--100-3d]-9618&alias=b9g03p3391.cern.ch&noUDP&sock=startd_6026_e9cb>
	SlotName: slot1_12@b9g03p3391.cern.ch
	CondorScratchDir = "/pool/condor/dir_1087592"
	Cpus = 8
	Disk = 3253066
	Memory = 16000
...
006 (10252906.1714.000) 07/24 16:29:56 Image size of job updated: 1
	0  -  MemoryUsage of job (MB)
	0  -  ResidentSetSize of job (KB)
...
006 (10252906.1714.000) 07/24 16:30:19 Image size of job updated: 158080
	7  -  MemoryUsage of job (MB)
	7108  -  ResidentSetSize of job (KB)
...
040 (10252906.1714.000) 07/24 16:30:19 Started transferring output files
...
040 (10252906.1714.000) 07/24 16:30:19 Finished transferring output files
...
005 (10252906.1714.000) 07/24 16:30:19 Job terminated.
	(1) Normal termination (return value 0)
		Usr 0 00:00:04, Sys 0 00:00:00  -  Run Remote Usage
		Usr 0 00:00:00, Sys 0 00:00:00  -  Run Local Usage
		Usr 0 00:00:04, Sys 0 00:00:00  -  Total Remote Usage
		Usr 0 00:00:00, Sys 0 00:00:00  -  Total Local Usage
	6204  -  Run Bytes Sent By Job
	409597  -  Run Bytes Received By Job
	6204  -  Total Bytes Sent By Job
	409597  -  Total Bytes Received By Job
	Partitionable Resources :    Usage  Request Allocated 
	   Cpus                 :                 8         8 
	   Disk (KB)            :      420      425   3253066 
	   Memory (MB)          :        7    16000     16000 

	Job terminated of its own accord at 2024-07-24T14:30:19Z with exit-code 0.
...
040 (10252907.1714.000) 07/24 18:04:25 Started transferring input files
	Transferring to host: <188.185.205.137:9618?addrs=188.185.205.137-9618+[2001-1458-303-a--100-6]-9618&alias=b9p04p9214.cern.ch&noUDP&sock=slot1_10_4380_db2b_156150>
...
040 (10252907.1714.000) 07/24 18:04:25 Finished transferring input files
...
001 (10252907.1714.000) 07/24 18:04:26 Job executing on host: <188.185.205.137:9618?addrs=188.185.205.137-9618+[2001-1458-303-a--100-6]-9618&alias=b9p04p9214.cern.ch&noUDP&sock=startd_3838_2093>
	SlotName: slot1_10@b9p04p9214.cern.ch
	CondorScratchDir = "/pool/condor/dir_2299794"
	Cpus = 8
	Disk = 2966052
	Memory = 16000
...
006 (10252907.1714.000) 07/24 18:04:34 Image size of job updated: 160476
	8  -  MemoryUsage of job (MB)
	8044  -  ResidentSetSize of job (KB)
...
040 (10252907.1714.000) 07/24 18:04:34 Started transferring output files
...
040 (10252907.1714.000) 07/24 18:04:34 Finished transferring output files
...
005 (10252907.1714.000) 07/24 18:04:34 Job terminated.
	(1) Normal termination (return value 0)
		Usr 0 00:00:03, Sys 0 00:00:00  -  Run Remote Usage
		Usr 0 00:00:00, Sys 0 00:00:00  -  Run Local Usage
		Usr 0 00:00:03, Sys 0 00:00:00  -  Total Remote Usage
		Usr 0 00:00:00, Sys 0 00:00:00  -  Total Local Usage
	6204  -  Run Bytes Sent By Job
	409597  -  Run Bytes Received By Job
	6204  -  Total Bytes Sent By Job
	409597  -  Total Bytes Received By Job
	Partitionable Resources :    Usage  Request Allocated 
	   Cpus                 :        0        8         8 
	   Disk (KB)            :      428      425   2966052 
	   Memory (MB)          :        8    16000     16000 

	Job terminated of its own accord at 2024-07-24T16:04:34Z with exit-code 0.
...
040 (10252908.1714.000) 07/24 19:00:23 Started transferring input files
	Transferring to host: <188.185.207.55:9618?addrs=188.185.207.55-9618+[2001-1458-303-d--100-34]-9618&alias=b9p07p0358.cern.ch&noUDP&sock=slot1_1_2103965_6d0e_98827>
...
040 (10252908.1714.000) 07/24 19:00:23 Finished transferring input files
...
001 (10252908.1714.000) 07/24 19:00:25 Job executing on host: <188.185.207.55:9618?addrs=188.185.207.55-9618+[2001-1458-303-d--100-34]-9618&alias=b9p07p0358.cern.ch&noUDP&sock=startd_2103919_0418>
	SlotName: slot1_1@b9p07p0358.cern.ch
	CondorScratchDir = "/pool/condor/dir_2785651"
	Cpus = 8
	Disk = 2885394
	Memory = 16000
...
006 (10252908.1714.000) 07/24 19:00:29 Image size of job updated: 161852
	9  -  MemoryUsage of job (MB)
	9140  -  ResidentSetSize of job (KB)
...
040 (10252908.1714.000) 07/24 19:00:29 Started transferring output files
...
040 (10252908.1714.000) 07/24 19:00:29 Finished transferring output files
...
005 (10252908.1714.000) 07/24 19:00:30 Job terminated.
	(1) Normal termination (return value 0)
		Usr 0 00:00:03, Sys 0 00:00:00  -  Run Remote Usage
		Usr 0 00:00:00, Sys 0 00:00:00  -  Run Local Usage
		Usr 0 00:00:03, Sys 0 00:00:00  -  Total Remote Usage
		Usr 0 00:00:00, Sys 0 00:00:00  -  Total Local Usage
	6204  -  Run Bytes Sent By Job
	409597  -  Run Bytes Received By Job
	6204  -  Total Bytes Sent By Job
	409597  -  Total Bytes Received By Job
	Partitionable Resources :    Usage  Request Allocated 
	   Cpus                 :        0        8         8 
	   Disk (KB)            :      430      425   2885394 
	   Memory (MB)          :        9    16000     16000 

	Job terminated of its own accord at 2024-07-24T17:00:29Z with exit-code 0.
...
040 (10252909.1714.000) 07/24 19:59:33 Started transferring input files
	Transferring to host: <188.185.207.187:9618?addrs=188.185.207.187-9618+[2001-1458-303-e--100-38]-9618&alias=b9p08p7595.cern.ch&noUDP&sock=slot1_12_13633_6e83_143436>
...
040 (10252909.1714.000) 07/24 19:59:33 Finished transferring input files
...
001 (10252909.1714.000) 07/24 19:59:34 Job executing on host: <188.185.207.187:9618?addrs=188.185.207.187-9618+[2001-1458-303-e--100-38]-9618&alias=b9p08p7595.cern.ch&noUDP&sock=startd_12275_351d>
	SlotName: slot1_12@b9p08p7595.cern.ch
	CondorScratchDir = "/pool/condor/dir_3752644"
	Cpus = 8
	Disk = 2870993
	Memory = 16000
...
006 (10252909.1714.000) 07/24 19:59:39 Image size of job updated: 160984
	8  -  MemoryUsage of job (MB)
	7992  -  ResidentSetSize of job (KB)
...
040 (10252909.1714.000) 07/24 19:59:39 Started transferring output files
...
040 (10252909.1714.000) 07/24 19:59:39 Finished transferring output files
...
005 (10252909.1714.000) 07/24 19:59:40 Job terminated.
	(1) Normal termination (return value 0)
		Usr 0 00:00:03, Sys 0 00:00:00  -  Run Remote Usage
		Usr 0 00:00:00, Sys 0 00:00:00  -  Run Local Usage
		Usr 0 00:00:03, Sys 0 00:00:00  -  Total Remote Usage
		Usr 0 00:00:00, Sys 0 00:00:00  -  Total Local Usage
	6204  -  Run Bytes Sent By Job
	409597  -  Run Bytes Received By Job
	6204  -  Total Bytes Sent By Job
	409597  -  Total Bytes Received By Job
	Partitionable Resources :    Usage  Request Allocated 
	   Cpus                 :        0        8         8 
	   Disk (KB)            :      427      425   2870993 
	   Memory (MB)          :        8    16000     16000 

	Job terminated of its own accord at 2024-07-24T17:59:39Z with exit-code 0.
...
040 (10252910.1714.000) 07/24 20:51:08 Started transferring input files
	Transferring to host: <188.185.209.79:9618?addrs=188.185.209.79-9618+[2001-1458-303-11--100-4c]-9618&alias=b9p11p7130.cern.ch&noUDP&sock=slot1_14_131223_3971_143579>
...
040 (10252910.1714.000) 07/24 20:51:08 Finished transferring input files
...
001 (10252910.1714.000) 07/24 20:51:09 Job executing on host: <188.185.209.79:9618?addrs=188.185.209.79-9618+[2001-1458-303-11--100-4c]-9618&alias=b9p11p7130.cern.ch&noUDP&sock=startd_118880_5ed6>
	SlotName: slot1_14@b9p11p7130.cern.ch
	CondorScratchDir = "/pool/condor/dir_2791605"
	Cpus = 8
	Disk = 2901879
	Memory = 16000
...
006 (10252910.1714.000) 07/24 20:51:14 Image size of job updated: 164008
	10  -  MemoryUsage of job (MB)
	10124  -  ResidentSetSize of job (KB)
...
040 (10252910.1714.000) 07/24 20:51:14 Started transferring output files
...
040 (10252910.1714.000) 07/24 20:51:14 Finished transferring output files
...
005 (10252910.1714.000) 07/24 20:51:14 Job terminated.
	(1) Normal termination (return value 0)
		Usr 0 00:00:04, Sys 0 00:00:00  -  Run Remote Usage
		Usr 0 00:00:00, Sys 0 00:00:00  -  Run Local Usage
		Usr 0 00:00:04, Sys 0 00:00:00  -  Total Remote Usage
		Usr 0 00:00:00, Sys 0 00:00:00  -  Total Local Usage
	6201  -  Run Bytes Sent By Job
	409597  -  Run Bytes Received By Job
	6201  -  Total Bytes Sent By Job
	409597  -  Total Bytes Received By Job
	Partitionable Resources :    Usage  Request Allocated 
	   Cpus                 :        0        8         8 
	   Disk (KB)            :      428      425   2901879 
	   Memory (MB)          :       10    16000     16000 

	Job terminated of its own accord at 2024-07-24T18:51:14Z with exit-code 0.
...
040 (10252911.1714.000) 07/24 21:03:38 Started transferring input files
	Transferring to host: <188.185.207.177:9618?addrs=188.185.207.177-9618+[2001-1458-303-e--100-2e]-9618&alias=b9p08p0553.cern.ch&noUDP&sock=slot1_11_11105_3a1d_145491>
...
040 (10252911.1714.000) 07/24 21:03:38 Finished transferring input files
...
001 (10252911.1714.000) 07/24 21:03:39 Job executing on host: <188.185.207.177:9618?addrs=188.185.207.177-9618+[2001-1458-303-e--100-2e]-9618&alias=b9p08p0553.cern.ch&noUDP&sock=startd_9742_c7b9>
	SlotName: slot1_11@b9p08p0553.cern.ch
	CondorScratchDir = "/pool/condor/dir_672244"
	Cpus = 8
	Disk = 2802366
	Memory = 16000
...
006 (10252911.1714.000) 07/24 21:03:43 Image size of job updated: 163448
	10  -  MemoryUsage of job (MB)
	9500  -  ResidentSetSize of job (KB)
...
040 (10252911.1714.000) 07/24 21:03:43 Started transferring output files
...
040 (10252911.1714.000) 07/24 21:03:43 Finished transferring output files
...
005 (10252911.1714.000) 07/24 21:03:43 Job terminated.
	(1) Normal termination (return value 0)
		Usr 0 00:00:03, Sys 0 00:00:00  -  Run Remote Usage
		Usr 0 00:00:00, Sys 0 00:00:00  -  Run Local Usage
		Usr 0 00:00:03, Sys 0 00:00:00  -  Total Remote Usage
		Usr 0 00:00:00, Sys 0 00:00:00  -  Total Local Usage
	6201  -  Run Bytes Sent By Job
	409597  -  Run Bytes Received By Job
	6201  -  Total Bytes Sent By Job
	409597  -  Total Bytes Received By Job
	Partitionable Resources :    Usage  Request Allocated 
	   Cpus                 :        0        8         8 
	   Disk (KB)            :      427      425   2802366 
	   Memory (MB)          :       10    16000     16000 

	Job terminated of its own accord at 2024-07-24T19:03:43Z with exit-code 0.
...
040 (10252912.1714.000) 07/24 21:17:35 Started transferring input files
	Transferring to host: <188.185.206.218:9618?addrs=188.185.206.218-9618+[2001-1458-303-c--100-57]-9618&alias=b9p06p2595.cern.ch&noUDP&sock=slot1_7_65036_7ece_92305>
...
040 (10252912.1714.000) 07/24 21:17:35 Finished transferring input files
...
001 (10252912.1714.000) 07/24 21:17:36 Job executing on host: <188.185.206.218:9618?addrs=188.185.206.218-9618+[2001-1458-303-c--100-57]-9618&alias=b9p06p2595.cern.ch&noUDP&sock=startd_3387_c75c>
	SlotName: slot1_7@b9p06p2595.cern.ch
	CondorScratchDir = "/pool/condor/dir_107626"
	Cpus = 8
	Disk = 2700900
	Memory = 16000
...
006 (10252912.1714.000) 07/24 21:17:40 Image size of job updated: 162448
	9  -  MemoryUsage of job (MB)
	8816  -  ResidentSetSize of job (KB)
...
040 (10252912.1714.000) 07/24 21:17:40 Started transferring output files
...
040 (10252912.1714.000) 07/24 21:17:40 Finished transferring output files
...
005 (10252912.1714.000) 07/24 21:17:40 Job terminated.
	(1) Normal termination (return value 0)
		Usr 0 00:00:03, Sys 0 00:00:00  -  Run Remote Usage
		Usr 0 00:00:00, Sys 0 00:00:00  -  Run Local Usage
		Usr 0 00:00:03, Sys 0 00:00:00  -  Total Remote Usage
		Usr 0 00:00:00, Sys 0 00:00:00  -  Total Local Usage
	6204  -  Run Bytes Sent By Job
	409597  -  Run Bytes Received By Job
	6204  -  Total Bytes Sent By Job
	409597  -  Total Bytes Received By Job
	Partitionable Resources :    Usage  Request Allocated 
	   Cpus                 :        0        8         8 
	   Disk (KB)            :      431      425   2700900 
	   Memory (MB)          :        9    16000     16000 

	Job terminated of its own accord at 2024-07-24T19:17:40Z with exit-code 0.
...
040 (10252913.1714.000) 07/24 21:30:20 Started transferring input files
	Transferring to host: <188.185.204.145:9618?addrs=188.185.204.145-9618+[2001-1458-303-8--100-85]-9618&alias=b9p02p5696.cern.ch&noUDP&sock=slot1_16_6767_b6ac_158481>
...
040 (10252913.1714.000) 07/24 21:30:20 Finished transferring input files
...
001 (10252913.1714.000) 07/24 21:30:21 Job executing on host: <188.185.204.145:9618?addrs=188.185.204.145-9618+[2001-1458-303-8--100-85]-9618&alias=b9p02p5696.cern.ch&noUDP&sock=startd_6608_1de9>
	SlotName: slot1_16@b9p02p5696.cern.ch
	CondorScratchDir = "/pool/condor/dir_1697765"
	Cpus = 8
	Disk = 2804314
	Memory = 16000
...
006 (10252913.1714.000) 07/24 21:30:25 Image size of job updated: 163320
	9  -  MemoryUsage of job (MB)
	9100  -  ResidentSetSize of job (KB)
...
040 (10252913.1714.000) 07/24 21:30:25 Started transferring output files
...
040 (10252913.1714.000) 07/24 21:30:25 Finished transferring output files
...
005 (10252913.1714.000) 07/24 21:30:25 Job terminated.
	(1) Normal termination (return value 0)
		Usr 0 00:00:03, Sys 0 00:00:00  -  Run Remote Usage
		Usr 0 00:00:00, Sys 0 00:00:00  -  Run Local Usage
		Usr 0 00:00:03, Sys 0 00:00:00  -  Total Remote Usage
		Usr 0 00:00:00, Sys 0 00:00:00  -  Total Local Usage
	6204  -  Run Bytes Sent By Job
	409597  -  Run Bytes Received By Job
	6204  -  Total Bytes Sent By Job
	409597  -  Total Bytes Received By Job
	Partitionable Resources :    Usage  Request Allocated 
	   Cpus                 :        0        8         8 
	   Disk (KB)            :      428      425   2804314 
	   Memory (MB)          :        9    16000     16000 

	Job terminated of its own accord at 2024-07-24T19:30:25Z with exit-code 0.
...
000 (10261715.1714.000) 07/25 13:02:09 Job submitted from host: <188.185.114.121:9618?addrs=188.185.114.121-9618+[2001-1458-d00-a--100-273]-9618&alias=bigbird19.cern.ch&noUDP&sock=schedd_4961_696e>
...
009 (10261715.1714.000) 07/25 13:06:48 Job was aborted.
	via condor_rm (by user yelberke)
...
000 (10261767.1714.000) 07/25 13:20:21 Job submitted from host: <188.185.114.121:9618?addrs=188.185.114.121-9618+[2001-1458-d00-a--100-273]-9618&alias=bigbird19.cern.ch&noUDP&sock=schedd_4961_696e>
...
040 (10261767.1714.000) 07/25 14:21:43 Started transferring input files
	Transferring to host: <188.185.204.139:9618?addrs=188.185.204.139-9618+[2001-1458-303-8--100-7f]-9618&alias=b9p02p2256.cern.ch&noUDP&sock=slot1_3_6806_314e_157560>
...
040 (10261767.1714.000) 07/25 14:21:43 Finished transferring input files
...
001 (10261767.1714.000) 07/25 14:21:44 Job executing on host: <188.185.204.139:9618?addrs=188.185.204.139-9618+[2001-1458-303-8--100-7f]-9618&alias=b9p02p2256.cern.ch&noUDP&sock=startd_6736_ea08>
	SlotName: slot1_3@b9p02p2256.cern.ch
	CondorScratchDir = "/pool/condor/dir_431675"
	Cpus = 12
	Disk = 2728344
	Memory = 24000
...
006 (10261767.1714.000) 07/25 14:21:49 Image size of job updated: 164468
	9  -  MemoryUsage of job (MB)
	8900  -  ResidentSetSize of job (KB)
...
040 (10261767.1714.000) 07/25 14:21:49 Started transferring output files
...
040 (10261767.1714.000) 07/25 14:21:49 Finished transferring output files
...
005 (10261767.1714.000) 07/25 14:21:49 Job terminated.
	(1) Normal termination (return value 0)
		Usr 0 00:00:03, Sys 0 00:00:00  -  Run Remote Usage
		Usr 0 00:00:00, Sys 0 00:00:00  -  Run Local Usage
		Usr 0 00:00:03, Sys 0 00:00:00  -  Total Remote Usage
		Usr 0 00:00:00, Sys 0 00:00:00  -  Total Local Usage
	6204  -  Run Bytes Sent By Job
	409597  -  Run Bytes Received By Job
	6204  -  Total Bytes Sent By Job
	409597  -  Total Bytes Received By Job
	Partitionable Resources :    Usage  Request Allocated 
	   Cpus                 :        0       12        12 
	   Disk (KB)            :      428      425   2728344 
	   Memory (MB)          :        9    24000     24000 

	Job terminated of its own accord at 2024-07-25T12:21:49Z with exit-code 0.
...
000 (10284266.1714.000) 08/02 15:45:53 Job submitted from host: <188.185.114.121:9618?addrs=188.185.114.121-9618+[2001-1458-d00-a--100-273]-9618&alias=bigbird19.cern.ch&noUDP&sock=schedd_4961_696e>
...
009 (10284266.1714.000) 08/02 15:49:27 Job was aborted.
	via condor_rm (by user yelberke)
...
000 (10284267.1714.000) 08/02 15:49:52 Job submitted from host: <188.185.114.121:9618?addrs=188.185.114.121-9618+[2001-1458-d00-a--100-273]-9618&alias=bigbird19.cern.ch&noUDP&sock=schedd_4961_696e>
...
040 (10284267.1714.000) 08/02 16:36:05 Started transferring input files
	Transferring to host: <128.142.51.215:9618?addrs=128.142.51.215-9618+[2001-1458-301-3--100-14]-9618&alias=b9g02p1339.cern.ch&noUDP&sock=slot1_12_2700322_e1a9_89>
...
040 (10284267.1714.000) 08/02 16:36:05 Finished transferring input files
...
001 (10284267.1714.000) 08/02 16:36:06 Job executing on host: <128.142.51.215:9618?addrs=128.142.51.215-9618+[2001-1458-301-3--100-14]-9618&alias=b9g02p1339.cern.ch&noUDP&sock=startd_5196_9a2f>
	SlotName: slot1_12@b9g02p1339.cern.ch
	CondorScratchDir = "/pool/condor/dir_2722052"
	Cpus = 12
	Disk = 3134921
	Memory = 24000
...
006 (10284267.1714.000) 08/02 16:36:07 Image size of job updated: 320004
	1  -  MemoryUsage of job (MB)
	860  -  ResidentSetSize of job (KB)
...
040 (10284267.1714.000) 08/02 16:36:07 Started transferring output files
...
040 (10284267.1714.000) 08/02 16:36:07 Finished transferring output files
...
005 (10284267.1714.000) 08/02 16:36:07 Job terminated.
	(1) Normal termination (return value 139)
		Usr 0 00:00:02, Sys 0 00:00:00  -  Run Remote Usage
		Usr 0 00:00:00, Sys 0 00:00:00  -  Run Local Usage
		Usr 0 00:00:02, Sys 0 00:00:00  -  Total Remote Usage
		Usr 0 00:00:00, Sys 0 00:00:00  -  Total Local Usage
	7992  -  Run Bytes Sent By Job
	409597  -  Run Bytes Received By Job
	7992  -  Total Bytes Sent By Job
	409597  -  Total Bytes Received By Job
	Partitionable Resources :    Usage  Request Allocated 
	   Cpus                 :        0       12        12 
	   Disk (KB)            :      430      425   3134921 
	   Memory (MB)          :        1    24000     24000 

	Job terminated of its own accord at 2024-08-02T14:36:07Z with exit-code 139.
...
