000 (10252905.1725.000) 07/24 16:13:17 Job submitted from host: <188.185.114.121:9618?addrs=188.185.114.121-9618+[2001-1458-d00-a--100-273]-9618&alias=bigbird19.cern.ch&noUDP&sock=schedd_4961_696e>
...
009 (10252905.1725.000) 07/24 16:14:47 Job was aborted.
	via condor_rm (by user yelberke)
...
000 (10252906.1725.000) 07/24 16:15:37 Job submitted from host: <188.185.114.121:9618?addrs=188.185.114.121-9618+[2001-1458-d00-a--100-273]-9618&alias=bigbird19.cern.ch&noUDP&sock=schedd_4961_696e>
...
000 (10252907.1725.000) 07/24 16:17:31 Job submitted from host: <188.185.114.121:9618?addrs=188.185.114.121-9618+[2001-1458-d00-a--100-273]-9618&alias=bigbird19.cern.ch&noUDP&sock=schedd_4961_696e>
...
000 (10252908.1725.000) 07/24 16:18:04 Job submitted from host: <188.185.114.121:9618?addrs=188.185.114.121-9618+[2001-1458-d00-a--100-273]-9618&alias=bigbird19.cern.ch&noUDP&sock=schedd_4961_696e>
...
000 (10252909.1725.000) 07/24 16:18:40 Job submitted from host: <188.185.114.121:9618?addrs=188.185.114.121-9618+[2001-1458-d00-a--100-273]-9618&alias=bigbird19.cern.ch&noUDP&sock=schedd_4961_696e>
...
000 (10252910.1725.000) 07/24 16:19:06 Job submitted from host: <188.185.114.121:9618?addrs=188.185.114.121-9618+[2001-1458-d00-a--100-273]-9618&alias=bigbird19.cern.ch&noUDP&sock=schedd_4961_696e>
...
000 (10252911.1725.000) 07/24 16:19:19 Job submitted from host: <188.185.114.121:9618?addrs=188.185.114.121-9618+[2001-1458-d00-a--100-273]-9618&alias=bigbird19.cern.ch&noUDP&sock=schedd_4961_696e>
...
000 (10252912.1725.000) 07/24 16:19:32 Job submitted from host: <188.185.114.121:9618?addrs=188.185.114.121-9618+[2001-1458-d00-a--100-273]-9618&alias=bigbird19.cern.ch&noUDP&sock=schedd_4961_696e>
...
000 (10252913.1725.000) 07/24 16:19:44 Job submitted from host: <188.185.114.121:9618?addrs=188.185.114.121-9618+[2001-1458-d00-a--100-273]-9618&alias=bigbird19.cern.ch&noUDP&sock=schedd_4961_696e>
...
040 (10252906.1725.000) 07/24 16:29:57 Started transferring input files
	Transferring to host: <128.142.248.211:9618?addrs=128.142.248.211-9618+[2001-1458-301-73--100-d2]-9618&alias=b9g23p8105.cern.ch&noUDP&sock=slot1_12_6598_a345_18303>
...
040 (10252906.1725.000) 07/24 16:29:58 Finished transferring input files
...
001 (10252906.1725.000) 07/24 16:29:58 Job executing on host: <128.142.248.211:9618?addrs=128.142.248.211-9618+[2001-1458-301-73--100-d2]-9618&alias=b9g23p8105.cern.ch&noUDP&sock=startd_4760_8ae4>
	SlotName: slot1_12@b9g23p8105.cern.ch
	CondorScratchDir = "/pool/condor/dir_3049631"
	Cpus = 8
	Disk = 2872199
	Memory = 16000
...
006 (10252906.1725.000) 07/24 16:30:07 Image size of job updated: 479996
	469  -  MemoryUsage of job (MB)
	479992  -  ResidentSetSize of job (KB)
...
006 (10252906.1725.000) 07/24 16:30:09 Image size of job updated: 499584
	469  -  MemoryUsage of job (MB)
	479992  -  ResidentSetSize of job (KB)
...
040 (10252906.1725.000) 07/24 16:30:09 Started transferring output files
...
040 (10252906.1725.000) 07/24 16:30:09 Finished transferring output files
...
005 (10252906.1725.000) 07/24 16:30:09 Job terminated.
	(1) Normal termination (return value 0)
		Usr 0 00:00:08, Sys 0 00:00:00  -  Run Remote Usage
		Usr 0 00:00:00, Sys 0 00:00:00  -  Run Local Usage
		Usr 0 00:00:08, Sys 0 00:00:00  -  Total Remote Usage
		Usr 0 00:00:00, Sys 0 00:00:00  -  Total Local Usage
	6204  -  Run Bytes Sent By Job
	409597  -  Run Bytes Received By Job
	6204  -  Total Bytes Sent By Job
	409597  -  Total Bytes Received By Job
	Partitionable Resources :    Usage  Request Allocated 
	   Cpus                 :        0        8         8 
	   Disk (KB)            :      427      425   2872199 
	   Memory (MB)          :      469    16000     16000 

	Job terminated of its own accord at 2024-07-24T14:30:09Z with exit-code 0.
...
040 (10252907.1725.000) 07/24 17:57:41 Started transferring input files
	Transferring to host: <188.185.207.183:9618?addrs=188.185.207.183-9618+[2001-1458-303-e--100-34]-9618&alias=b9p08p7963.cern.ch&noUDP&sock=slot1_16_4756_c83a_142137>
...
040 (10252907.1725.000) 07/24 17:57:41 Finished transferring input files
...
001 (10252907.1725.000) 07/24 17:57:42 Job executing on host: <188.185.207.183:9618?addrs=188.185.207.183-9618+[2001-1458-303-e--100-34]-9618&alias=b9p08p7963.cern.ch&noUDP&sock=startd_4071_f224>
	SlotName: slot1_16@b9p08p7963.cern.ch
	CondorScratchDir = "/pool/condor/dir_1894158"
	Cpus = 8
	Disk = 2646777
	Memory = 16000
...
006 (10252907.1725.000) 07/24 17:57:46 Image size of job updated: 159904
	8  -  MemoryUsage of job (MB)
	7728  -  ResidentSetSize of job (KB)
...
040 (10252907.1725.000) 07/24 17:57:47 Started transferring output files
...
040 (10252907.1725.000) 07/24 17:57:47 Finished transferring output files
...
005 (10252907.1725.000) 07/24 17:57:47 Job terminated.
	(1) Normal termination (return value 0)
		Usr 0 00:00:03, Sys 0 00:00:00  -  Run Remote Usage
		Usr 0 00:00:00, Sys 0 00:00:00  -  Run Local Usage
		Usr 0 00:00:03, Sys 0 00:00:00  -  Total Remote Usage
		Usr 0 00:00:00, Sys 0 00:00:00  -  Total Local Usage
	6204  -  Run Bytes Sent By Job
	409597  -  Run Bytes Received By Job
	6204  -  Total Bytes Sent By Job
	409597  -  Total Bytes Received By Job
	Partitionable Resources :    Usage  Request Allocated 
	   Cpus                 :        0        8         8 
	   Disk (KB)            :      428      425   2646777 
	   Memory (MB)          :        8    16000     16000 

	Job terminated of its own accord at 2024-07-24T15:57:46Z with exit-code 0.
...
040 (10252908.1725.000) 07/24 19:00:28 Started transferring input files
	Transferring to host: <188.185.207.30:9618?addrs=188.185.207.30-9618+[2001-1458-303-d--100-1b]-9618&alias=b9p07p3207.cern.ch&noUDP&sock=slot1_5_8886_bda2_141981>
...
040 (10252908.1725.000) 07/24 19:00:28 Finished transferring input files
...
001 (10252908.1725.000) 07/24 19:00:29 Job executing on host: <188.185.207.30:9618?addrs=188.185.207.30-9618+[2001-1458-303-d--100-1b]-9618&alias=b9p07p3207.cern.ch&noUDP&sock=startd_7360_ed21>
	SlotName: slot1_5@b9p07p3207.cern.ch
	CondorScratchDir = "/pool/condor/dir_1771546"
	Cpus = 8
	Disk = 2770127
	Memory = 16000
...
006 (10252908.1725.000) 07/24 19:00:33 Image size of job updated: 158744
	7  -  MemoryUsage of job (MB)
	6576  -  ResidentSetSize of job (KB)
...
040 (10252908.1725.000) 07/24 19:00:35 Started transferring output files
...
040 (10252908.1725.000) 07/24 19:00:35 Finished transferring output files
...
005 (10252908.1725.000) 07/24 19:00:36 Job terminated.
	(1) Normal termination (return value 0)
		Usr 0 00:00:03, Sys 0 00:00:00  -  Run Remote Usage
		Usr 0 00:00:00, Sys 0 00:00:00  -  Run Local Usage
		Usr 0 00:00:03, Sys 0 00:00:00  -  Total Remote Usage
		Usr 0 00:00:00, Sys 0 00:00:00  -  Total Local Usage
	6204  -  Run Bytes Sent By Job
	409597  -  Run Bytes Received By Job
	6204  -  Total Bytes Sent By Job
	409597  -  Total Bytes Received By Job
	Partitionable Resources :    Usage  Request Allocated 
	   Cpus                 :        0        8         8 
	   Disk (KB)            :      428      425   2770127 
	   Memory (MB)          :        7    16000     16000 

	Job terminated of its own accord at 2024-07-24T17:00:33Z with exit-code 0.
...
040 (10252909.1725.000) 07/24 19:59:37 Started transferring input files
	Transferring to host: <188.185.209.193:9618?addrs=188.185.209.193-9618+[2001-1458-303-12--100-3e]-9618&alias=b9p12p5505.cern.ch&noUDP&sock=slot1_15_13655_eec4_80962>
...
040 (10252909.1725.000) 07/24 19:59:37 Finished transferring input files
...
001 (10252909.1725.000) 07/24 19:59:38 Job executing on host: <188.185.209.193:9618?addrs=188.185.209.193-9618+[2001-1458-303-12--100-3e]-9618&alias=b9p12p5505.cern.ch&noUDP&sock=startd_12249_5fa7>
	SlotName: slot1_15@b9p12p5505.cern.ch
	CondorScratchDir = "/pool/condor/dir_716352"
	Cpus = 8
	Disk = 2798800
	Memory = 16000
...
006 (10252909.1725.000) 07/24 19:59:42 Image size of job updated: 160600
	8  -  MemoryUsage of job (MB)
	8184  -  ResidentSetSize of job (KB)
...
040 (10252909.1725.000) 07/24 19:59:42 Started transferring output files
...
040 (10252909.1725.000) 07/24 19:59:42 Finished transferring output files
...
005 (10252909.1725.000) 07/24 19:59:42 Job terminated.
	(1) Normal termination (return value 0)
		Usr 0 00:00:03, Sys 0 00:00:00  -  Run Remote Usage
		Usr 0 00:00:00, Sys 0 00:00:00  -  Run Local Usage
		Usr 0 00:00:03, Sys 0 00:00:00  -  Total Remote Usage
		Usr 0 00:00:00, Sys 0 00:00:00  -  Total Local Usage
	6204  -  Run Bytes Sent By Job
	409597  -  Run Bytes Received By Job
	6204  -  Total Bytes Sent By Job
	409597  -  Total Bytes Received By Job
	Partitionable Resources :    Usage  Request Allocated 
	   Cpus                 :        0        8         8 
	   Disk (KB)            :      429      425   2798800 
	   Memory (MB)          :        8    16000     16000 

	Job terminated of its own accord at 2024-07-24T17:59:42Z with exit-code 0.
...
040 (10252910.1725.000) 07/24 20:51:11 Started transferring input files
	Transferring to host: <188.185.206.221:9618?addrs=188.185.206.221-9618&alias=b9p06p2951.cern.ch&noUDP&sock=slot1_23_6888_f811_157664>
...
040 (10252910.1725.000) 07/24 20:51:11 Finished transferring input files
...
001 (10252910.1725.000) 07/24 20:51:12 Job executing on host: <188.185.206.221:9618?addrs=188.185.206.221-9618&alias=b9p06p2951.cern.ch&noUDP&sock=startd_6818_28cd>
	SlotName: slot1_23@b9p06p2951.cern.ch
	CondorScratchDir = "/pool/condor/dir_1776162"
	Cpus = 8
	Disk = 2636396
	Memory = 16000
...
006 (10252910.1725.000) 07/24 20:51:16 Image size of job updated: 155988
	6  -  MemoryUsage of job (MB)
	5520  -  ResidentSetSize of job (KB)
...
040 (10252910.1725.000) 07/24 20:51:16 Started transferring output files
...
040 (10252910.1725.000) 07/24 20:51:16 Finished transferring output files
...
005 (10252910.1725.000) 07/24 20:51:16 Job terminated.
	(1) Normal termination (return value 0)
		Usr 0 00:00:03, Sys 0 00:00:00  -  Run Remote Usage
		Usr 0 00:00:00, Sys 0 00:00:00  -  Run Local Usage
		Usr 0 00:00:03, Sys 0 00:00:00  -  Total Remote Usage
		Usr 0 00:00:00, Sys 0 00:00:00  -  Total Local Usage
	6201  -  Run Bytes Sent By Job
	409597  -  Run Bytes Received By Job
	6201  -  Total Bytes Sent By Job
	409597  -  Total Bytes Received By Job
	Partitionable Resources :    Usage  Request Allocated 
	   Cpus                 :        0        8         8 
	   Disk (KB)            :      428      425   2636396 
	   Memory (MB)          :        6    16000     16000 

	Job terminated of its own accord at 2024-07-24T18:51:16Z with exit-code 0.
...
040 (10252911.1725.000) 07/24 21:03:42 Started transferring input files
	Transferring to host: <188.185.209.189:9618?addrs=188.185.209.189-9618+[2001-1458-303-12--100-3a]-9618&alias=b9p12p5961.cern.ch&noUDP&sock=slot1_17_3731474_bf74_74819>
...
040 (10252911.1725.000) 07/24 21:03:42 Finished transferring input files
...
001 (10252911.1725.000) 07/24 21:03:43 Job executing on host: <188.185.209.189:9618?addrs=188.185.209.189-9618+[2001-1458-303-12--100-3a]-9618&alias=b9p12p5961.cern.ch&noUDP&sock=startd_1532964_6041>
	SlotName: slot1_17@b9p12p5961.cern.ch
	CondorScratchDir = "/pool/condor/dir_1387754"
	Cpus = 8
	Disk = 2809667
	Memory = 16000
...
006 (10252911.1725.000) 07/24 21:03:47 Image size of job updated: 165416
	11  -  MemoryUsage of job (MB)
	10524  -  ResidentSetSize of job (KB)
...
040 (10252911.1725.000) 07/24 21:03:47 Started transferring output files
...
040 (10252911.1725.000) 07/24 21:03:47 Finished transferring output files
...
005 (10252911.1725.000) 07/24 21:03:47 Job terminated.
	(1) Normal termination (return value 0)
		Usr 0 00:00:03, Sys 0 00:00:00  -  Run Remote Usage
		Usr 0 00:00:00, Sys 0 00:00:00  -  Run Local Usage
		Usr 0 00:00:03, Sys 0 00:00:00  -  Total Remote Usage
		Usr 0 00:00:00, Sys 0 00:00:00  -  Total Local Usage
	6201  -  Run Bytes Sent By Job
	409597  -  Run Bytes Received By Job
	6201  -  Total Bytes Sent By Job
	409597  -  Total Bytes Received By Job
	Partitionable Resources :    Usage  Request Allocated 
	   Cpus                 :        0        8         8 
	   Disk (KB)            :      430      425   2809667 
	   Memory (MB)          :       11    16000     16000 

	Job terminated of its own accord at 2024-07-24T19:03:47Z with exit-code 0.
...
040 (10252912.1725.000) 07/24 21:17:38 Started transferring input files
	Transferring to host: <188.185.205.149:9618?addrs=188.185.205.149-9618+[2001-1458-303-a--100-12]-9618&alias=b9p04p3486.cern.ch&noUDP&sock=slot1_8_65002_8a0c_93053>
...
040 (10252912.1725.000) 07/24 21:17:38 Finished transferring input files
...
001 (10252912.1725.000) 07/24 21:17:39 Job executing on host: <188.185.205.149:9618?addrs=188.185.205.149-9618+[2001-1458-303-a--100-12]-9618&alias=b9p04p3486.cern.ch&noUDP&sock=startd_3342_e999>
	SlotName: slot1_8@b9p04p3486.cern.ch
	CondorScratchDir = "/pool/condor/dir_676952"
	Cpus = 8
	Disk = 2891594
	Memory = 16000
...
006 (10252912.1725.000) 07/24 21:17:43 Image size of job updated: 164492
	11  -  MemoryUsage of job (MB)
	10304  -  ResidentSetSize of job (KB)
...
040 (10252912.1725.000) 07/24 21:17:43 Started transferring output files
...
040 (10252912.1725.000) 07/24 21:17:43 Finished transferring output files
...
005 (10252912.1725.000) 07/24 21:17:43 Job terminated.
	(1) Normal termination (return value 0)
		Usr 0 00:00:03, Sys 0 00:00:00  -  Run Remote Usage
		Usr 0 00:00:00, Sys 0 00:00:00  -  Run Local Usage
		Usr 0 00:00:03, Sys 0 00:00:00  -  Total Remote Usage
		Usr 0 00:00:00, Sys 0 00:00:00  -  Total Local Usage
	6204  -  Run Bytes Sent By Job
	409597  -  Run Bytes Received By Job
	6204  -  Total Bytes Sent By Job
	409597  -  Total Bytes Received By Job
	Partitionable Resources :    Usage  Request Allocated 
	   Cpus                 :        0        8         8 
	   Disk (KB)            :      431      425   2891594 
	   Memory (MB)          :       11    16000     16000 

	Job terminated of its own accord at 2024-07-24T19:17:43Z with exit-code 0.
...
040 (10252913.1725.000) 07/24 21:30:25 Started transferring input files
	Transferring to host: <188.185.208.219:9618?addrs=188.185.208.219-9618+[2001-1458-303-10--100-58]-9618&alias=b9p10p7427.cern.ch&noUDP&sock=slot1_1_3677_876f_141792>
...
040 (10252913.1725.000) 07/24 21:30:25 Finished transferring input files
...
001 (10252913.1725.000) 07/24 21:30:26 Job executing on host: <188.185.208.219:9618?addrs=188.185.208.219-9618+[2001-1458-303-10--100-58]-9618&alias=b9p10p7427.cern.ch&noUDP&sock=startd_3561_20d7>
	SlotName: slot1_1@b9p10p7427.cern.ch
	CondorScratchDir = "/pool/condor/dir_2966337"
	Cpus = 8
	Disk = 2873806
	Memory = 16000
...
006 (10252913.1725.000) 07/24 21:30:31 Image size of job updated: 164488
	10  -  MemoryUsage of job (MB)
	10200  -  ResidentSetSize of job (KB)
...
040 (10252913.1725.000) 07/24 21:30:31 Started transferring output files
...
040 (10252913.1725.000) 07/24 21:30:31 Finished transferring output files
...
005 (10252913.1725.000) 07/24 21:30:31 Job terminated.
	(1) Normal termination (return value 0)
		Usr 0 00:00:04, Sys 0 00:00:00  -  Run Remote Usage
		Usr 0 00:00:00, Sys 0 00:00:00  -  Run Local Usage
		Usr 0 00:00:04, Sys 0 00:00:00  -  Total Remote Usage
		Usr 0 00:00:00, Sys 0 00:00:00  -  Total Local Usage
	6204  -  Run Bytes Sent By Job
	409597  -  Run Bytes Received By Job
	6204  -  Total Bytes Sent By Job
	409597  -  Total Bytes Received By Job
	Partitionable Resources :    Usage  Request Allocated 
	   Cpus                 :        0        8         8 
	   Disk (KB)            :      428      425   2873806 
	   Memory (MB)          :       10    16000     16000 

	Job terminated of its own accord at 2024-07-24T19:30:31Z with exit-code 0.
...
000 (10261715.1725.000) 07/25 13:02:09 Job submitted from host: <188.185.114.121:9618?addrs=188.185.114.121-9618+[2001-1458-d00-a--100-273]-9618&alias=bigbird19.cern.ch&noUDP&sock=schedd_4961_696e>
...
009 (10261715.1725.000) 07/25 13:06:48 Job was aborted.
	via condor_rm (by user yelberke)
...
000 (10261767.1725.000) 07/25 13:20:22 Job submitted from host: <188.185.114.121:9618?addrs=188.185.114.121-9618+[2001-1458-d00-a--100-273]-9618&alias=bigbird19.cern.ch&noUDP&sock=schedd_4961_696e>
...
040 (10261767.1725.000) 07/25 14:21:45 Started transferring input files
	Transferring to host: <188.185.206.173:9618?addrs=188.185.206.173-9618&alias=b9p06p1080.cern.ch&noUDP&sock=slot1_1_6102_2931_156268>
...
040 (10261767.1725.000) 07/25 14:21:45 Finished transferring input files
...
001 (10261767.1725.000) 07/25 14:21:46 Job executing on host: <188.185.206.173:9618?addrs=188.185.206.173-9618&alias=b9p06p1080.cern.ch&noUDP&sock=startd_5698_eeba>
	SlotName: slot1_1@b9p06p1080.cern.ch
	CondorScratchDir = "/pool/condor/dir_80235"
	Cpus = 12
	Disk = 2458471
	Memory = 24000
...
006 (10261767.1725.000) 07/25 14:21:52 Image size of job updated: 159768
	8  -  MemoryUsage of job (MB)
	7248  -  ResidentSetSize of job (KB)
...
040 (10261767.1725.000) 07/25 14:21:52 Started transferring output files
...
040 (10261767.1725.000) 07/25 14:21:52 Finished transferring output files
...
005 (10261767.1725.000) 07/25 14:21:52 Job terminated.
	(1) Normal termination (return value 0)
		Usr 0 00:00:04, Sys 0 00:00:00  -  Run Remote Usage
		Usr 0 00:00:00, Sys 0 00:00:00  -  Run Local Usage
		Usr 0 00:00:04, Sys 0 00:00:00  -  Total Remote Usage
		Usr 0 00:00:00, Sys 0 00:00:00  -  Total Local Usage
	6204  -  Run Bytes Sent By Job
	409597  -  Run Bytes Received By Job
	6204  -  Total Bytes Sent By Job
	409597  -  Total Bytes Received By Job
	Partitionable Resources :    Usage  Request Allocated 
	   Cpus                 :        0       12        12 
	   Disk (KB)            :      428      425   2458471 
	   Memory (MB)          :        8    24000     24000 

	Job terminated of its own accord at 2024-07-25T12:21:52Z with exit-code 0.
...
000 (10284266.1725.000) 08/02 15:45:54 Job submitted from host: <188.185.114.121:9618?addrs=188.185.114.121-9618+[2001-1458-d00-a--100-273]-9618&alias=bigbird19.cern.ch&noUDP&sock=schedd_4961_696e>
...
009 (10284266.1725.000) 08/02 15:49:27 Job was aborted.
	via condor_rm (by user yelberke)
...
000 (10284267.1725.000) 08/02 15:49:52 Job submitted from host: <188.185.114.121:9618?addrs=188.185.114.121-9618+[2001-1458-d00-a--100-273]-9618&alias=bigbird19.cern.ch&noUDP&sock=schedd_4961_696e>
...
040 (10284267.1725.000) 08/02 16:36:08 Started transferring input files
	Transferring to host: <188.185.207.59:9618?addrs=188.185.207.59-9618+[2001-1458-303-d--100-38]-9618&alias=b9p07p9037.cern.ch&noUDP&sock=slot1_17_10084_d713_157430>
...
040 (10284267.1725.000) 08/02 16:36:08 Finished transferring input files
...
001 (10284267.1725.000) 08/02 16:36:09 Job executing on host: <188.185.207.59:9618?addrs=188.185.207.59-9618+[2001-1458-303-d--100-38]-9618&alias=b9p07p9037.cern.ch&noUDP&sock=startd_8752_b8f6>
	SlotName: slot1_17@b9p07p9037.cern.ch
	CondorScratchDir = "/pool/condor/dir_1816185"
	Cpus = 12
	Disk = 2685854
	Memory = 24000
...
006 (10284267.1725.000) 08/02 16:36:10 Image size of job updated: 324504
	5  -  MemoryUsage of job (MB)
	4116  -  ResidentSetSize of job (KB)
...
040 (10284267.1725.000) 08/02 16:36:11 Started transferring output files
...
040 (10284267.1725.000) 08/02 16:36:11 Finished transferring output files
...
005 (10284267.1725.000) 08/02 16:36:11 Job terminated.
	(1) Normal termination (return value 139)
		Usr 0 00:00:01, Sys 0 00:00:01  -  Run Remote Usage
		Usr 0 00:00:00, Sys 0 00:00:00  -  Run Local Usage
		Usr 0 00:00:01, Sys 0 00:00:01  -  Total Remote Usage
		Usr 0 00:00:00, Sys 0 00:00:00  -  Total Local Usage
	7696  -  Run Bytes Sent By Job
	409597  -  Run Bytes Received By Job
	7696  -  Total Bytes Sent By Job
	409597  -  Total Bytes Received By Job
	Partitionable Resources :    Usage  Request Allocated 
	   Cpus                 :        0       12        12 
	   Disk (KB)            :      429      425   2685854 
	   Memory (MB)          :        5    24000     24000 

	Job terminated of its own accord at 2024-08-02T14:36:10Z with exit-code 139.
...
