000 (10252905.1786.000) 07/24 16:13:17 Job submitted from host: <188.185.114.121:9618?addrs=188.185.114.121-9618+[2001-1458-d00-a--100-273]-9618&alias=bigbird19.cern.ch&noUDP&sock=schedd_4961_696e>
...
009 (10252905.1786.000) 07/24 16:14:48 Job was aborted.
	via condor_rm (by user yelberke)
...
000 (10252906.1786.000) 07/24 16:15:37 Job submitted from host: <188.185.114.121:9618?addrs=188.185.114.121-9618+[2001-1458-d00-a--100-273]-9618&alias=bigbird19.cern.ch&noUDP&sock=schedd_4961_696e>
...
000 (10252907.1786.000) 07/24 16:17:31 Job submitted from host: <188.185.114.121:9618?addrs=188.185.114.121-9618+[2001-1458-d00-a--100-273]-9618&alias=bigbird19.cern.ch&noUDP&sock=schedd_4961_696e>
...
000 (10252908.1786.000) 07/24 16:18:04 Job submitted from host: <188.185.114.121:9618?addrs=188.185.114.121-9618+[2001-1458-d00-a--100-273]-9618&alias=bigbird19.cern.ch&noUDP&sock=schedd_4961_696e>
...
000 (10252909.1786.000) 07/24 16:18:40 Job submitted from host: <188.185.114.121:9618?addrs=188.185.114.121-9618+[2001-1458-d00-a--100-273]-9618&alias=bigbird19.cern.ch&noUDP&sock=schedd_4961_696e>
...
000 (10252910.1786.000) 07/24 16:19:06 Job submitted from host: <188.185.114.121:9618?addrs=188.185.114.121-9618+[2001-1458-d00-a--100-273]-9618&alias=bigbird19.cern.ch&noUDP&sock=schedd_4961_696e>
...
000 (10252911.1786.000) 07/24 16:19:19 Job submitted from host: <188.185.114.121:9618?addrs=188.185.114.121-9618+[2001-1458-d00-a--100-273]-9618&alias=bigbird19.cern.ch&noUDP&sock=schedd_4961_696e>
...
000 (10252912.1786.000) 07/24 16:19:32 Job submitted from host: <188.185.114.121:9618?addrs=188.185.114.121-9618+[2001-1458-d00-a--100-273]-9618&alias=bigbird19.cern.ch&noUDP&sock=schedd_4961_696e>
...
000 (10252913.1786.000) 07/24 16:19:44 Job submitted from host: <188.185.114.121:9618?addrs=188.185.114.121-9618+[2001-1458-d00-a--100-273]-9618&alias=bigbird19.cern.ch&noUDP&sock=schedd_4961_696e>
...
040 (10252906.1786.000) 07/24 16:30:15 Started transferring input files
	Transferring to host: <188.185.192.140:9618?addrs=188.185.192.140-9618+[2001-1458-303-1f--100-88]-9618&alias=b9p13p9186.cern.ch&noUDP&sock=slot1_18_3475412_e788_6405>
...
040 (10252906.1786.000) 07/24 16:30:15 Finished transferring input files
...
001 (10252906.1786.000) 07/24 16:30:16 Job executing on host: <188.185.192.140:9618?addrs=188.185.192.140-9618+[2001-1458-303-1f--100-88]-9618&alias=b9p13p9186.cern.ch&noUDP&sock=startd_127844_edca>
	SlotName: slot1_18@b9p13p9186.cern.ch
	CondorScratchDir = "/pool/condor/dir_2068646"
	Cpus = 8
	Disk = 2959432
	Memory = 16000
...
006 (10252906.1786.000) 07/24 16:30:25 Image size of job updated: 268720
	263  -  MemoryUsage of job (MB)
	268720  -  ResidentSetSize of job (KB)
...
006 (10252906.1786.000) 07/24 16:30:26 Image size of job updated: 278380
	263  -  MemoryUsage of job (MB)
	268720  -  ResidentSetSize of job (KB)
...
040 (10252906.1786.000) 07/24 16:30:26 Started transferring output files
...
040 (10252906.1786.000) 07/24 16:30:26 Finished transferring output files
...
005 (10252906.1786.000) 07/24 16:30:26 Job terminated.
	(1) Normal termination (return value 0)
		Usr 0 00:00:07, Sys 0 00:00:00  -  Run Remote Usage
		Usr 0 00:00:00, Sys 0 00:00:00  -  Run Local Usage
		Usr 0 00:00:07, Sys 0 00:00:00  -  Total Remote Usage
		Usr 0 00:00:00, Sys 0 00:00:00  -  Total Local Usage
	6204  -  Run Bytes Sent By Job
	409597  -  Run Bytes Received By Job
	6204  -  Total Bytes Sent By Job
	409597  -  Total Bytes Received By Job
	Partitionable Resources :    Usage  Request Allocated 
	   Cpus                 :        0        8         8 
	   Disk (KB)            :      427      425   2959432 
	   Memory (MB)          :      263    16000     16000 

	Job terminated of its own accord at 2024-07-24T14:30:26Z with exit-code 0.
...
040 (10252907.1786.000) 07/24 17:58:01 Started transferring input files
	Transferring to host: <188.185.196.67:9618?addrs=188.185.196.67-9618+[2001-1458-303-23--100-3f]-9618&alias=b9p16p9691.cern.ch&noUDP&sock=slot1_14_137964_de63_31755>
...
040 (10252907.1786.000) 07/24 17:58:01 Finished transferring input files
...
001 (10252907.1786.000) 07/24 17:58:02 Job executing on host: <188.185.196.67:9618?addrs=188.185.196.67-9618+[2001-1458-303-23--100-3f]-9618&alias=b9p16p9691.cern.ch&noUDP&sock=startd_127944_8542>
	SlotName: slot1_14@b9p16p9691.cern.ch
	CondorScratchDir = "/pool/condor/dir_878345"
	Cpus = 8
	Disk = 2929958
	Memory = 16000
...
006 (10252907.1786.000) 07/24 17:58:10 Image size of job updated: 151512
	142  -  MemoryUsage of job (MB)
	145284  -  ResidentSetSize of job (KB)
...
006 (10252907.1786.000) 07/24 17:58:10 Image size of job updated: 158800
	142  -  MemoryUsage of job (MB)
	145284  -  ResidentSetSize of job (KB)
...
040 (10252907.1786.000) 07/24 17:58:10 Started transferring output files
...
040 (10252907.1786.000) 07/24 17:58:10 Finished transferring output files
...
005 (10252907.1786.000) 07/24 17:58:10 Job terminated.
	(1) Normal termination (return value 0)
		Usr 0 00:00:07, Sys 0 00:00:00  -  Run Remote Usage
		Usr 0 00:00:00, Sys 0 00:00:00  -  Run Local Usage
		Usr 0 00:00:07, Sys 0 00:00:00  -  Total Remote Usage
		Usr 0 00:00:00, Sys 0 00:00:00  -  Total Local Usage
	6204  -  Run Bytes Sent By Job
	409597  -  Run Bytes Received By Job
	6204  -  Total Bytes Sent By Job
	409597  -  Total Bytes Received By Job
	Partitionable Resources :    Usage  Request Allocated 
	   Cpus                 :        0        8         8 
	   Disk (KB)            :      427      425   2929958 
	   Memory (MB)          :      142    16000     16000 

	Job terminated of its own accord at 2024-07-24T15:58:10Z with exit-code 0.
...
040 (10252908.1786.000) 07/24 19:00:59 Started transferring input files
	Transferring to host: <188.185.204.250:9618?addrs=188.185.204.250-9618+[2001-1458-303-8--100-77]-9618&alias=b9p02p6861.cern.ch&noUDP&sock=slot1_29_7249_5380_155333>
...
040 (10252908.1786.000) 07/24 19:00:59 Finished transferring input files
...
001 (10252908.1786.000) 07/24 19:01:00 Job executing on host: <188.185.204.250:9618?addrs=188.185.204.250-9618+[2001-1458-303-8--100-77]-9618&alias=b9p02p6861.cern.ch&noUDP&sock=startd_7180_7615>
	SlotName: slot1_29@b9p02p6861.cern.ch
	CondorScratchDir = "/pool/condor/dir_69746"
	Cpus = 8
	Disk = 2839083
	Memory = 16000
...
006 (10252908.1786.000) 07/24 19:01:05 Image size of job updated: 158648
	8  -  MemoryUsage of job (MB)
	7592  -  ResidentSetSize of job (KB)
...
040 (10252908.1786.000) 07/24 19:01:05 Started transferring output files
...
040 (10252908.1786.000) 07/24 19:01:05 Finished transferring output files
...
005 (10252908.1786.000) 07/24 19:01:06 Job terminated.
	(1) Normal termination (return value 0)
		Usr 0 00:00:03, Sys 0 00:00:00  -  Run Remote Usage
		Usr 0 00:00:00, Sys 0 00:00:00  -  Run Local Usage
		Usr 0 00:00:03, Sys 0 00:00:00  -  Total Remote Usage
		Usr 0 00:00:00, Sys 0 00:00:00  -  Total Local Usage
	6204  -  Run Bytes Sent By Job
	409597  -  Run Bytes Received By Job
	6204  -  Total Bytes Sent By Job
	409597  -  Total Bytes Received By Job
	Partitionable Resources :    Usage  Request Allocated 
	   Cpus                 :        0        8         8 
	   Disk (KB)            :      428      425   2839083 
	   Memory (MB)          :        8    16000     16000 

	Job terminated of its own accord at 2024-07-24T17:01:05Z with exit-code 0.
...
040 (10252909.1786.000) 07/24 20:04:24 Started transferring input files
	Transferring to host: <188.185.207.49:9618?addrs=188.185.207.49-9618+[2001-1458-303-d--100-2e]-9618&alias=b9p07p8967.cern.ch&noUDP&sock=slot1_65_4942_d602_143690>
...
040 (10252909.1786.000) 07/24 20:04:24 Finished transferring input files
...
001 (10252909.1786.000) 07/24 20:04:25 Job executing on host: <188.185.207.49:9618?addrs=188.185.207.49-9618+[2001-1458-303-d--100-2e]-9618&alias=b9p07p8967.cern.ch&noUDP&sock=startd_4205_dbd5>
	SlotName: slot1_65@b9p07p8967.cern.ch
	CondorScratchDir = "/pool/condor/dir_2068120"
	Cpus = 8
	Disk = 2845621
	Memory = 16000
...
006 (10252909.1786.000) 07/24 20:04:30 Image size of job updated: 160288
	8  -  MemoryUsage of job (MB)
	7932  -  ResidentSetSize of job (KB)
...
040 (10252909.1786.000) 07/24 20:04:30 Started transferring output files
...
040 (10252909.1786.000) 07/24 20:04:30 Finished transferring output files
...
005 (10252909.1786.000) 07/24 20:04:30 Job terminated.
	(1) Normal termination (return value 0)
		Usr 0 00:00:03, Sys 0 00:00:00  -  Run Remote Usage
		Usr 0 00:00:00, Sys 0 00:00:00  -  Run Local Usage
		Usr 0 00:00:03, Sys 0 00:00:00  -  Total Remote Usage
		Usr 0 00:00:00, Sys 0 00:00:00  -  Total Local Usage
	6204  -  Run Bytes Sent By Job
	409597  -  Run Bytes Received By Job
	6204  -  Total Bytes Sent By Job
	409597  -  Total Bytes Received By Job
	Partitionable Resources :    Usage  Request Allocated 
	   Cpus                 :        0        8         8 
	   Disk (KB)            :      428      425   2845621 
	   Memory (MB)          :        8    16000     16000 

	Job terminated of its own accord at 2024-07-24T18:04:30Z with exit-code 0.
...
040 (10252910.1786.000) 07/24 20:51:32 Started transferring input files
	Transferring to host: <188.185.205.75:9618?addrs=188.185.205.75-9618&alias=b9p03p8216.cern.ch&noUDP&sock=slot1_11_4013_457c_155953>
...
040 (10252910.1786.000) 07/24 20:51:32 Finished transferring input files
...
001 (10252910.1786.000) 07/24 20:51:33 Job executing on host: <188.185.205.75:9618?addrs=188.185.205.75-9618&alias=b9p03p8216.cern.ch&noUDP&sock=startd_3776_99b3>
	SlotName: slot1_11@b9p03p8216.cern.ch
	CondorScratchDir = "/pool/condor/dir_3331427"
	Cpus = 8
	Disk = 2713146
	Memory = 16000
...
006 (10252910.1786.000) 07/24 20:51:37 Image size of job updated: 163344
	9  -  MemoryUsage of job (MB)
	9084  -  ResidentSetSize of job (KB)
...
040 (10252910.1786.000) 07/24 20:51:37 Started transferring output files
...
040 (10252910.1786.000) 07/24 20:51:37 Finished transferring output files
...
005 (10252910.1786.000) 07/24 20:51:37 Job terminated.
	(1) Normal termination (return value 0)
		Usr 0 00:00:03, Sys 0 00:00:00  -  Run Remote Usage
		Usr 0 00:00:00, Sys 0 00:00:00  -  Run Local Usage
		Usr 0 00:00:03, Sys 0 00:00:00  -  Total Remote Usage
		Usr 0 00:00:00, Sys 0 00:00:00  -  Total Local Usage
	6201  -  Run Bytes Sent By Job
	409597  -  Run Bytes Received By Job
	6201  -  Total Bytes Sent By Job
	409597  -  Total Bytes Received By Job
	Partitionable Resources :    Usage  Request Allocated 
	   Cpus                 :        0        8         8 
	   Disk (KB)            :      427      425   2713146 
	   Memory (MB)          :        9    16000     16000 

	Job terminated of its own accord at 2024-07-24T18:51:37Z with exit-code 0.
...
040 (10252911.1786.000) 07/24 21:04:02 Started transferring input files
	Transferring to host: <188.185.205.40:9618?addrs=188.185.205.40-9618+[2001-1458-303-9--100-9c]-9618&alias=b9p03p9453.cern.ch&noUDP&sock=slot1_39_3571_d7aa_32133>
...
040 (10252911.1786.000) 07/24 21:04:02 Finished transferring input files
...
001 (10252911.1786.000) 07/24 21:04:03 Job executing on host: <188.185.205.40:9618?addrs=188.185.205.40-9618+[2001-1458-303-9--100-9c]-9618&alias=b9p03p9453.cern.ch&noUDP&sock=startd_3222_9a3c>
	SlotName: slot1_39@b9p03p9453.cern.ch
	CondorScratchDir = "/pool/condor/dir_2276535"
	Cpus = 8
	Disk = 2852996
	Memory = 16000
...
006 (10252911.1786.000) 07/24 21:04:07 Image size of job updated: 163912
	10  -  MemoryUsage of job (MB)
	9384  -  ResidentSetSize of job (KB)
...
040 (10252911.1786.000) 07/24 21:04:07 Started transferring output files
...
040 (10252911.1786.000) 07/24 21:04:07 Finished transferring output files
...
005 (10252911.1786.000) 07/24 21:04:07 Job terminated.
	(1) Normal termination (return value 0)
		Usr 0 00:00:03, Sys 0 00:00:00  -  Run Remote Usage
		Usr 0 00:00:00, Sys 0 00:00:00  -  Run Local Usage
		Usr 0 00:00:03, Sys 0 00:00:00  -  Total Remote Usage
		Usr 0 00:00:00, Sys 0 00:00:00  -  Total Local Usage
	6201  -  Run Bytes Sent By Job
	409597  -  Run Bytes Received By Job
	6201  -  Total Bytes Sent By Job
	409597  -  Total Bytes Received By Job
	Partitionable Resources :    Usage  Request Allocated 
	   Cpus                 :        0        8         8 
	   Disk (KB)            :      427      425   2852996 
	   Memory (MB)          :       10    16000     16000 

	Job terminated of its own accord at 2024-07-24T19:04:07Z with exit-code 0.
...
040 (10252912.1786.000) 07/24 21:17:59 Started transferring input files
	Transferring to host: <188.185.195.55:9618?addrs=188.185.195.55-9618+[2001-1458-303-22--100-33]-9618&alias=b9p17p7601.cern.ch&noUDP&sock=slot1_5_2963604_de3b_2968>
...
040 (10252912.1786.000) 07/24 21:17:59 Finished transferring input files
...
001 (10252912.1786.000) 07/24 21:18:00 Job executing on host: <188.185.195.55:9618?addrs=188.185.195.55-9618+[2001-1458-303-22--100-33]-9618&alias=b9p17p7601.cern.ch&noUDP&sock=startd_177875_0891>
	SlotName: slot1_5@b9p17p7601.cern.ch
	CondorScratchDir = "/pool/condor/dir_4060250"
	Cpus = 8
	Disk = 2918880
	Memory = 16000
...
006 (10252912.1786.000) 07/24 21:18:05 Image size of job updated: 165052
	10  -  MemoryUsage of job (MB)
	10228  -  ResidentSetSize of job (KB)
...
040 (10252912.1786.000) 07/24 21:18:05 Started transferring output files
...
040 (10252912.1786.000) 07/24 21:18:05 Finished transferring output files
...
005 (10252912.1786.000) 07/24 21:18:05 Job terminated.
	(1) Normal termination (return value 0)
		Usr 0 00:00:04, Sys 0 00:00:00  -  Run Remote Usage
		Usr 0 00:00:00, Sys 0 00:00:00  -  Run Local Usage
		Usr 0 00:00:04, Sys 0 00:00:00  -  Total Remote Usage
		Usr 0 00:00:00, Sys 0 00:00:00  -  Total Local Usage
	6204  -  Run Bytes Sent By Job
	409597  -  Run Bytes Received By Job
	6204  -  Total Bytes Sent By Job
	409597  -  Total Bytes Received By Job
	Partitionable Resources :    Usage  Request Allocated 
	   Cpus                 :        0        8         8 
	   Disk (KB)            :      428      425   2918880 
	   Memory (MB)          :       10    16000     16000 

	Job terminated of its own accord at 2024-07-24T19:18:05Z with exit-code 0.
...
040 (10252913.1786.000) 07/24 21:30:46 Started transferring input files
	Transferring to host: <188.185.205.55:9618?addrs=188.185.205.55-9618+[2001-1458-303-9--100-ab]-9618&alias=b9p03p0892.cern.ch&noUDP&sock=slot1_23_3579_7aab_29757>
...
040 (10252913.1786.000) 07/24 21:30:46 Finished transferring input files
...
001 (10252913.1786.000) 07/24 21:30:47 Job executing on host: <188.185.205.55:9618?addrs=188.185.205.55-9618+[2001-1458-303-9--100-ab]-9618&alias=b9p03p0892.cern.ch&noUDP&sock=startd_3202_e257>
	SlotName: slot1_23@b9p03p0892.cern.ch
	CondorScratchDir = "/pool/condor/dir_2401509"
	Cpus = 8
	Disk = 2797707
	Memory = 16000
...
006 (10252913.1786.000) 07/24 21:30:52 Image size of job updated: 164480
	10  -  MemoryUsage of job (MB)
	9728  -  ResidentSetSize of job (KB)
...
040 (10252913.1786.000) 07/24 21:30:52 Started transferring output files
...
040 (10252913.1786.000) 07/24 21:30:52 Finished transferring output files
...
005 (10252913.1786.000) 07/24 21:30:52 Job terminated.
	(1) Normal termination (return value 0)
		Usr 0 00:00:03, Sys 0 00:00:00  -  Run Remote Usage
		Usr 0 00:00:00, Sys 0 00:00:00  -  Run Local Usage
		Usr 0 00:00:03, Sys 0 00:00:00  -  Total Remote Usage
		Usr 0 00:00:00, Sys 0 00:00:00  -  Total Local Usage
	6204  -  Run Bytes Sent By Job
	409597  -  Run Bytes Received By Job
	6204  -  Total Bytes Sent By Job
	409597  -  Total Bytes Received By Job
	Partitionable Resources :    Usage  Request Allocated 
	   Cpus                 :        0        8         8 
	   Disk (KB)            :      428      425   2797707 
	   Memory (MB)          :       10    16000     16000 

	Job terminated of its own accord at 2024-07-24T19:30:52Z with exit-code 0.
...
000 (10261715.1786.000) 07/25 13:02:11 Job submitted from host: <188.185.114.121:9618?addrs=188.185.114.121-9618+[2001-1458-d00-a--100-273]-9618&alias=bigbird19.cern.ch&noUDP&sock=schedd_4961_696e>
...
009 (10261715.1786.000) 07/25 13:06:48 Job was aborted.
	via condor_rm (by user yelberke)
...
000 (10261767.1786.000) 07/25 13:20:23 Job submitted from host: <188.185.114.121:9618?addrs=188.185.114.121-9618+[2001-1458-d00-a--100-273]-9618&alias=bigbird19.cern.ch&noUDP&sock=schedd_4961_696e>
...
040 (10261767.1786.000) 07/25 14:24:44 Started transferring input files
	Transferring to host: <188.185.204.195:9618?addrs=188.185.204.195-9618+[2001-1458-303-8--100-b7]-9618&alias=b9p02p7448.cern.ch&noUDP&sock=slot1_3_7260_13a0_156110>
...
040 (10261767.1786.000) 07/25 14:24:44 Finished transferring input files
...
001 (10261767.1786.000) 07/25 14:24:45 Job executing on host: <188.185.204.195:9618?addrs=188.185.204.195-9618+[2001-1458-303-8--100-b7]-9618&alias=b9p02p7448.cern.ch&noUDP&sock=startd_7195_c001>
	SlotName: slot1_3@b9p02p7448.cern.ch
	CondorScratchDir = "/pool/condor/dir_722476"
	Cpus = 12
	Disk = 2573536
	Memory = 24000
...
006 (10261767.1786.000) 07/25 14:24:48 Image size of job updated: 362960
	62  -  MemoryUsage of job (MB)
	62664  -  ResidentSetSize of job (KB)
...
040 (10261767.1786.000) 07/25 14:24:48 Started transferring output files
...
040 (10261767.1786.000) 07/25 14:24:48 Finished transferring output files
...
005 (10261767.1786.000) 07/25 14:24:48 Job terminated.
	(1) Normal termination (return value 139)
		Usr 0 00:00:02, Sys 0 00:00:01  -  Run Remote Usage
		Usr 0 00:00:00, Sys 0 00:00:00  -  Run Local Usage
		Usr 0 00:00:02, Sys 0 00:00:01  -  Total Remote Usage
		Usr 0 00:00:00, Sys 0 00:00:00  -  Total Local Usage
	2099  -  Run Bytes Sent By Job
	409597  -  Run Bytes Received By Job
	2099  -  Total Bytes Sent By Job
	409597  -  Total Bytes Received By Job
	Partitionable Resources :    Usage  Request Allocated 
	   Cpus                 :        0       12        12 
	   Disk (KB)            :      426      425   2573536 
	   Memory (MB)          :       62    24000     24000 

	Job terminated of its own accord at 2024-07-25T12:24:48Z with exit-code 139.
...
000 (10284266.1786.000) 08/02 15:45:56 Job submitted from host: <188.185.114.121:9618?addrs=188.185.114.121-9618+[2001-1458-d00-a--100-273]-9618&alias=bigbird19.cern.ch&noUDP&sock=schedd_4961_696e>
...
009 (10284266.1786.000) 08/02 15:49:28 Job was aborted.
	via condor_rm (by user yelberke)
...
000 (10284267.1786.000) 08/02 15:49:53 Job submitted from host: <188.185.114.121:9618?addrs=188.185.114.121-9618+[2001-1458-d00-a--100-273]-9618&alias=bigbird19.cern.ch&noUDP&sock=schedd_4961_696e>
...
040 (10284267.1786.000) 08/02 16:38:43 Started transferring input files
	Transferring to host: <188.185.207.185:9618?addrs=188.185.207.185-9618+[2001-1458-303-e--100-36]-9618&alias=b9p08p1505.cern.ch&noUDP&sock=slot1_13_5550_3a1b_156367>
...
040 (10284267.1786.000) 08/02 16:38:43 Finished transferring input files
...
001 (10284267.1786.000) 08/02 16:38:44 Job executing on host: <188.185.207.185:9618?addrs=188.185.207.185-9618+[2001-1458-303-e--100-36]-9618&alias=b9p08p1505.cern.ch&noUDP&sock=startd_4610_a7b0>
	SlotName: slot1_13@b9p08p1505.cern.ch
	CondorScratchDir = "/pool/condor/dir_2929232"
	Cpus = 12
	Disk = 2690414
	Memory = 24000
...
006 (10284267.1786.000) 08/02 16:38:46 Image size of job updated: 324872
	3  -  MemoryUsage of job (MB)
	2796  -  ResidentSetSize of job (KB)
...
040 (10284267.1786.000) 08/02 16:38:46 Started transferring output files
...
040 (10284267.1786.000) 08/02 16:38:46 Finished transferring output files
...
005 (10284267.1786.000) 08/02 16:38:46 Job terminated.
	(1) Normal termination (return value 139)
		Usr 0 00:00:01, Sys 0 00:00:01  -  Run Remote Usage
		Usr 0 00:00:00, Sys 0 00:00:00  -  Run Local Usage
		Usr 0 00:00:01, Sys 0 00:00:01  -  Total Remote Usage
		Usr 0 00:00:00, Sys 0 00:00:00  -  Total Local Usage
	7696  -  Run Bytes Sent By Job
	409597  -  Run Bytes Received By Job
	7696  -  Total Bytes Sent By Job
	409597  -  Total Bytes Received By Job
	Partitionable Resources :    Usage  Request Allocated 
	   Cpus                 :        0       12        12 
	   Disk (KB)            :      429      425   2690414 
	   Memory (MB)          :        3    24000     24000 

	Job terminated of its own accord at 2024-08-02T14:38:46Z with exit-code 139.
...
