000 (10252905.179.000) 07/24 16:13:14 Job submitted from host: <188.185.114.121:9618?addrs=188.185.114.121-9618+[2001-1458-d00-a--100-273]-9618&alias=bigbird19.cern.ch&noUDP&sock=schedd_4961_696e>
...
009 (10252905.179.000) 07/24 16:14:45 Job was aborted.
	via condor_rm (by user yelberke)
...
000 (10252906.179.000) 07/24 16:15:36 Job submitted from host: <188.185.114.121:9618?addrs=188.185.114.121-9618+[2001-1458-d00-a--100-273]-9618&alias=bigbird19.cern.ch&noUDP&sock=schedd_4961_696e>
...
040 (10252906.179.000) 07/24 16:17:03 Started transferring input files
	Transferring to host: <188.185.209.225:9618?addrs=188.185.209.225-9618+[2001-1458-303-12--100-5e]-9618&alias=b9p12p3280.cern.ch&noUDP&sock=slot1_7_7365_0f05_146647>
...
040 (10252906.179.000) 07/24 16:17:04 Finished transferring input files
...
001 (10252906.179.000) 07/24 16:17:05 Job executing on host: <188.185.209.225:9618?addrs=188.185.209.225-9618+[2001-1458-303-12--100-5e]-9618&alias=b9p12p3280.cern.ch&noUDP&sock=startd_5922_93f1>
	SlotName: slot1_7@b9p12p3280.cern.ch
	CondorScratchDir = "/pool/condor/dir_3268516"
	Cpus = 8
	Disk = 2512728
	Memory = 16000
...
006 (10252906.179.000) 07/24 16:17:11 Image size of job updated: 161356
	9  -  MemoryUsage of job (MB)
	8232  -  ResidentSetSize of job (KB)
...
040 (10252906.179.000) 07/24 16:17:11 Started transferring output files
...
040 (10252906.179.000) 07/24 16:17:11 Finished transferring output files
...
005 (10252906.179.000) 07/24 16:17:11 Job terminated.
	(1) Normal termination (return value 0)
		Usr 0 00:00:04, Sys 0 00:00:00  -  Run Remote Usage
		Usr 0 00:00:00, Sys 0 00:00:00  -  Run Local Usage
		Usr 0 00:00:04, Sys 0 00:00:00  -  Total Remote Usage
		Usr 0 00:00:00, Sys 0 00:00:00  -  Total Local Usage
	6204  -  Run Bytes Sent By Job
	409597  -  Run Bytes Received By Job
	6204  -  Total Bytes Sent By Job
	409597  -  Total Bytes Received By Job
	Partitionable Resources :    Usage  Request Allocated 
	   Cpus                 :        0        8         8 
	   Disk (KB)            :      428      425   2512728 
	   Memory (MB)          :        9    16000     16000 

	Job terminated of its own accord at 2024-07-24T14:17:11Z with exit-code 0.
...
000 (10252907.179.000) 07/24 16:17:30 Job submitted from host: <188.185.114.121:9618?addrs=188.185.114.121-9618+[2001-1458-d00-a--100-273]-9618&alias=bigbird19.cern.ch&noUDP&sock=schedd_4961_696e>
...
000 (10252908.179.000) 07/24 16:18:03 Job submitted from host: <188.185.114.121:9618?addrs=188.185.114.121-9618+[2001-1458-d00-a--100-273]-9618&alias=bigbird19.cern.ch&noUDP&sock=schedd_4961_696e>
...
000 (10252909.179.000) 07/24 16:18:39 Job submitted from host: <188.185.114.121:9618?addrs=188.185.114.121-9618+[2001-1458-d00-a--100-273]-9618&alias=bigbird19.cern.ch&noUDP&sock=schedd_4961_696e>
...
000 (10252910.179.000) 07/24 16:19:04 Job submitted from host: <188.185.114.121:9618?addrs=188.185.114.121-9618+[2001-1458-d00-a--100-273]-9618&alias=bigbird19.cern.ch&noUDP&sock=schedd_4961_696e>
...
000 (10252911.179.000) 07/24 16:19:17 Job submitted from host: <188.185.114.121:9618?addrs=188.185.114.121-9618+[2001-1458-d00-a--100-273]-9618&alias=bigbird19.cern.ch&noUDP&sock=schedd_4961_696e>
...
000 (10252912.179.000) 07/24 16:19:30 Job submitted from host: <188.185.114.121:9618?addrs=188.185.114.121-9618+[2001-1458-d00-a--100-273]-9618&alias=bigbird19.cern.ch&noUDP&sock=schedd_4961_696e>
...
000 (10252913.179.000) 07/24 16:19:42 Job submitted from host: <188.185.114.121:9618?addrs=188.185.114.121-9618+[2001-1458-d00-a--100-273]-9618&alias=bigbird19.cern.ch&noUDP&sock=schedd_4961_696e>
...
040 (10252907.179.000) 07/24 17:44:00 Started transferring input files
	Transferring to host: <188.185.205.118:9618?addrs=188.185.205.118-9618+[2001-1458-303-9--100-73]-9618&alias=b9p03p6728.cern.ch&noUDP&sock=slot1_16_6107_af11_157406>
...
040 (10252907.179.000) 07/24 17:44:00 Finished transferring input files
...
001 (10252907.179.000) 07/24 17:44:01 Job executing on host: <188.185.205.118:9618?addrs=188.185.205.118-9618+[2001-1458-303-9--100-73]-9618&alias=b9p03p6728.cern.ch&noUDP&sock=startd_5706_6b7c>
	SlotName: slot1_16@b9p03p6728.cern.ch
	CondorScratchDir = "/pool/condor/dir_3364295"
	Cpus = 8
	Disk = 2743755
	Memory = 16000
...
006 (10252907.179.000) 07/24 17:44:05 Image size of job updated: 157980
	8  -  MemoryUsage of job (MB)
	7308  -  ResidentSetSize of job (KB)
...
040 (10252907.179.000) 07/24 17:44:06 Started transferring output files
...
040 (10252907.179.000) 07/24 17:44:06 Finished transferring output files
...
005 (10252907.179.000) 07/24 17:44:06 Job terminated.
	(1) Normal termination (return value 0)
		Usr 0 00:00:03, Sys 0 00:00:00  -  Run Remote Usage
		Usr 0 00:00:00, Sys 0 00:00:00  -  Run Local Usage
		Usr 0 00:00:03, Sys 0 00:00:00  -  Total Remote Usage
		Usr 0 00:00:00, Sys 0 00:00:00  -  Total Local Usage
	6204  -  Run Bytes Sent By Job
	409597  -  Run Bytes Received By Job
	6204  -  Total Bytes Sent By Job
	409597  -  Total Bytes Received By Job
	Partitionable Resources :    Usage  Request Allocated 
	   Cpus                 :        0        8         8 
	   Disk (KB)            :      428      425   2743755 
	   Memory (MB)          :        8    16000     16000 

	Job terminated of its own accord at 2024-07-24T15:44:05Z with exit-code 0.
...
040 (10252908.179.000) 07/24 18:44:02 Started transferring input files
	Transferring to host: <188.185.205.192:9618?addrs=188.185.205.192-9618&alias=b9p04p3879.cern.ch&noUDP&sock=slot1_12_7377_8385_158362>
...
040 (10252908.179.000) 07/24 18:44:02 Finished transferring input files
...
001 (10252908.179.000) 07/24 18:44:03 Job executing on host: <188.185.205.192:9618?addrs=188.185.205.192-9618&alias=b9p04p3879.cern.ch&noUDP&sock=startd_7305_336c>
	SlotName: slot1_12@b9p04p3879.cern.ch
	CondorScratchDir = "/pool/condor/dir_605432"
	Cpus = 8
	Disk = 2842227
	Memory = 16000
...
006 (10252908.179.000) 07/24 18:44:07 Image size of job updated: 158592
	7  -  MemoryUsage of job (MB)
	6728  -  ResidentSetSize of job (KB)
...
040 (10252908.179.000) 07/24 18:44:07 Started transferring output files
...
040 (10252908.179.000) 07/24 18:44:07 Finished transferring output files
...
005 (10252908.179.000) 07/24 18:44:07 Job terminated.
	(1) Normal termination (return value 0)
		Usr 0 00:00:03, Sys 0 00:00:00  -  Run Remote Usage
		Usr 0 00:00:00, Sys 0 00:00:00  -  Run Local Usage
		Usr 0 00:00:03, Sys 0 00:00:00  -  Total Remote Usage
		Usr 0 00:00:00, Sys 0 00:00:00  -  Total Local Usage
	6204  -  Run Bytes Sent By Job
	409597  -  Run Bytes Received By Job
	6204  -  Total Bytes Sent By Job
	409597  -  Total Bytes Received By Job
	Partitionable Resources :    Usage  Request Allocated 
	   Cpus                 :        0        8         8 
	   Disk (KB)            :      428      425   2842227 
	   Memory (MB)          :        7    16000     16000 

	Job terminated of its own accord at 2024-07-24T16:44:07Z with exit-code 0.
...
040 (10252909.179.000) 07/24 19:48:06 Started transferring input files
	Transferring to host: <188.185.208.191:9618?addrs=188.185.208.191-9618+[2001-1458-303-10--100-3c]-9618&alias=b9p10p1964.cern.ch&noUDP&sock=slot1_15_6028_056e_147100>
...
040 (10252909.179.000) 07/24 19:48:06 Finished transferring input files
...
001 (10252909.179.000) 07/24 19:48:07 Job executing on host: <188.185.208.191:9618?addrs=188.185.208.191-9618+[2001-1458-303-10--100-3c]-9618&alias=b9p10p1964.cern.ch&noUDP&sock=startd_4543_b2d7>
	SlotName: slot1_15@b9p10p1964.cern.ch
	CondorScratchDir = "/pool/condor/dir_1695258"
	Cpus = 8
	Disk = 2737226
	Memory = 16000
...
006 (10252909.179.000) 07/24 19:48:13 Image size of job updated: 159444
	7  -  MemoryUsage of job (MB)
	7056  -  ResidentSetSize of job (KB)
...
040 (10252909.179.000) 07/24 19:48:13 Started transferring output files
...
040 (10252909.179.000) 07/24 19:48:13 Finished transferring output files
...
005 (10252909.179.000) 07/24 19:48:13 Job terminated.
	(1) Normal termination (return value 0)
		Usr 0 00:00:05, Sys 0 00:00:00  -  Run Remote Usage
		Usr 0 00:00:00, Sys 0 00:00:00  -  Run Local Usage
		Usr 0 00:00:05, Sys 0 00:00:00  -  Total Remote Usage
		Usr 0 00:00:00, Sys 0 00:00:00  -  Total Local Usage
	6204  -  Run Bytes Sent By Job
	409597  -  Run Bytes Received By Job
	6204  -  Total Bytes Sent By Job
	409597  -  Total Bytes Received By Job
	Partitionable Resources :    Usage  Request Allocated 
	   Cpus                 :        0        8         8 
	   Disk (KB)            :      427      425   2737226 
	   Memory (MB)          :        7    16000     16000 

	Job terminated of its own accord at 2024-07-24T17:48:13Z with exit-code 0.
...
040 (10252910.179.000) 07/24 20:41:59 Started transferring input files
	Transferring to host: <188.185.194.81:9618?addrs=188.185.194.81-9618+[2001-1458-303-21--100-4d]-9618&alias=b9p20p1066.cern.ch&noUDP&sock=slot1_3_806206_cf49_96>
...
040 (10252910.179.000) 07/24 20:41:59 Finished transferring input files
...
001 (10252910.179.000) 07/24 20:42:00 Job executing on host: <188.185.194.81:9618?addrs=188.185.194.81-9618+[2001-1458-303-21--100-4d]-9618&alias=b9p20p1066.cern.ch&noUDP&sock=startd_128486_4997>
	SlotName: slot1_3@b9p20p1066.cern.ch
	CondorScratchDir = "/pool/condor/dir_830212"
	Cpus = 8
	Disk = 3039245
	Memory = 16000
...
006 (10252910.179.000) 07/24 20:42:05 Image size of job updated: 164004
	10  -  MemoryUsage of job (MB)
	9432  -  ResidentSetSize of job (KB)
...
040 (10252910.179.000) 07/24 20:42:05 Started transferring output files
...
040 (10252910.179.000) 07/24 20:42:05 Finished transferring output files
...
005 (10252910.179.000) 07/24 20:42:05 Job terminated.
	(1) Normal termination (return value 0)
		Usr 0 00:00:04, Sys 0 00:00:00  -  Run Remote Usage
		Usr 0 00:00:00, Sys 0 00:00:00  -  Run Local Usage
		Usr 0 00:00:04, Sys 0 00:00:00  -  Total Remote Usage
		Usr 0 00:00:00, Sys 0 00:00:00  -  Total Local Usage
	6201  -  Run Bytes Sent By Job
	409597  -  Run Bytes Received By Job
	6201  -  Total Bytes Sent By Job
	409597  -  Total Bytes Received By Job
	Partitionable Resources :    Usage  Request Allocated 
	   Cpus                 :        0        8         8 
	   Disk (KB)            :      427      425   3039245 
	   Memory (MB)          :       10    16000     16000 

	Job terminated of its own accord at 2024-07-24T18:42:05Z with exit-code 0.
...
040 (10252911.179.000) 07/24 20:54:53 Started transferring input files
	Transferring to host: <188.185.204.138:9618?addrs=188.185.204.138-9618+[2001-1458-303-8--100-7e]-9618&alias=b9p02p3882.cern.ch&noUDP&sock=slot1_39_6546_ffc3_156147>
...
040 (10252911.179.000) 07/24 20:54:53 Finished transferring input files
...
001 (10252911.179.000) 07/24 20:54:54 Job executing on host: <188.185.204.138:9618?addrs=188.185.204.138-9618+[2001-1458-303-8--100-7e]-9618&alias=b9p02p3882.cern.ch&noUDP&sock=startd_6104_6a2e>
	SlotName: slot1_39@b9p02p3882.cern.ch
	CondorScratchDir = "/pool/condor/dir_3556682"
	Cpus = 8
	Disk = 2894649
	Memory = 16000
...
006 (10252911.179.000) 07/24 20:54:58 Image size of job updated: 163636
	10  -  MemoryUsage of job (MB)
	9512  -  ResidentSetSize of job (KB)
...
040 (10252911.179.000) 07/24 20:54:58 Started transferring output files
...
040 (10252911.179.000) 07/24 20:54:58 Finished transferring output files
...
005 (10252911.179.000) 07/24 20:54:58 Job terminated.
	(1) Normal termination (return value 0)
		Usr 0 00:00:03, Sys 0 00:00:00  -  Run Remote Usage
		Usr 0 00:00:00, Sys 0 00:00:00  -  Run Local Usage
		Usr 0 00:00:03, Sys 0 00:00:00  -  Total Remote Usage
		Usr 0 00:00:00, Sys 0 00:00:00  -  Total Local Usage
	6201  -  Run Bytes Sent By Job
	409597  -  Run Bytes Received By Job
	6201  -  Total Bytes Sent By Job
	409597  -  Total Bytes Received By Job
	Partitionable Resources :    Usage  Request Allocated 
	   Cpus                 :        0        8         8 
	   Disk (KB)            :      428      425   2894649 
	   Memory (MB)          :       10    16000     16000 

	Job terminated of its own accord at 2024-07-24T18:54:58Z with exit-code 0.
...
040 (10252912.179.000) 07/24 21:07:53 Started transferring input files
	Transferring to host: <188.185.205.166:9618?addrs=188.185.205.166-9618&alias=b9p04p1739.cern.ch&noUDP&sock=slot1_15_6909_c3f2_156168>
...
040 (10252912.179.000) 07/24 21:07:53 Finished transferring input files
...
001 (10252912.179.000) 07/24 21:07:54 Job executing on host: <188.185.205.166:9618?addrs=188.185.205.166-9618&alias=b9p04p1739.cern.ch&noUDP&sock=startd_6832_c320>
	SlotName: slot1_15@b9p04p1739.cern.ch
	CondorScratchDir = "/pool/condor/dir_1813990"
	Cpus = 8
	Disk = 2812252
	Memory = 16000
...
006 (10252912.179.000) 07/24 21:07:58 Image size of job updated: 163644
	10  -  MemoryUsage of job (MB)
	9744  -  ResidentSetSize of job (KB)
...
040 (10252912.179.000) 07/24 21:07:59 Started transferring output files
...
040 (10252912.179.000) 07/24 21:07:59 Finished transferring output files
...
005 (10252912.179.000) 07/24 21:07:59 Job terminated.
	(1) Normal termination (return value 0)
		Usr 0 00:00:03, Sys 0 00:00:00  -  Run Remote Usage
		Usr 0 00:00:00, Sys 0 00:00:00  -  Run Local Usage
		Usr 0 00:00:03, Sys 0 00:00:00  -  Total Remote Usage
		Usr 0 00:00:00, Sys 0 00:00:00  -  Total Local Usage
	6201  -  Run Bytes Sent By Job
	409597  -  Run Bytes Received By Job
	6201  -  Total Bytes Sent By Job
	409597  -  Total Bytes Received By Job
	Partitionable Resources :    Usage  Request Allocated 
	   Cpus                 :        0        8         8 
	   Disk (KB)            :      428      425   2812252 
	   Memory (MB)          :       10    16000     16000 

	Job terminated of its own accord at 2024-07-24T19:07:58Z with exit-code 0.
...
040 (10252913.179.000) 07/24 21:21:39 Started transferring input files
	Transferring to host: <188.185.208.173:9618?addrs=188.185.208.173-9618+[2001-1458-303-10--100-2a]-9618&alias=b9p10p7754.cern.ch&noUDP&sock=slot1_11_15921_88e1_24669>
...
040 (10252913.179.000) 07/24 21:21:39 Finished transferring input files
...
001 (10252913.179.000) 07/24 21:21:40 Job executing on host: <188.185.208.173:9618?addrs=188.185.208.173-9618+[2001-1458-303-10--100-2a]-9618&alias=b9p10p7754.cern.ch&noUDP&sock=startd_14897_ae70>
	SlotName: slot1_11@b9p10p7754.cern.ch
	CondorScratchDir = "/pool/condor/dir_1460268"
	Cpus = 8
	Disk = 2960946
	Memory = 16000
...
006 (10252913.179.000) 07/24 21:21:45 Image size of job updated: 162840
	9  -  MemoryUsage of job (MB)
	8784  -  ResidentSetSize of job (KB)
...
040 (10252913.179.000) 07/24 21:21:45 Started transferring output files
...
040 (10252913.179.000) 07/24 21:21:45 Finished transferring output files
...
005 (10252913.179.000) 07/24 21:21:45 Job terminated.
	(1) Normal termination (return value 0)
		Usr 0 00:00:03, Sys 0 00:00:00  -  Run Remote Usage
		Usr 0 00:00:00, Sys 0 00:00:00  -  Run Local Usage
		Usr 0 00:00:03, Sys 0 00:00:00  -  Total Remote Usage
		Usr 0 00:00:00, Sys 0 00:00:00  -  Total Local Usage
	6204  -  Run Bytes Sent By Job
	409597  -  Run Bytes Received By Job
	6204  -  Total Bytes Sent By Job
	409597  -  Total Bytes Received By Job
	Partitionable Resources :    Usage  Request Allocated 
	   Cpus                 :        0        8         8 
	   Disk (KB)            :      427      425   2960946 
	   Memory (MB)          :        9    16000     16000 

	Job terminated of its own accord at 2024-07-24T19:21:45Z with exit-code 0.
...
000 (10261715.179.000) 07/25 13:01:17 Job submitted from host: <188.185.114.121:9618?addrs=188.185.114.121-9618+[2001-1458-d00-a--100-273]-9618&alias=bigbird19.cern.ch&noUDP&sock=schedd_4961_696e>
...
009 (10261715.179.000) 07/25 13:06:36 Job was aborted.
	via condor_rm (by user yelberke)
...
000 (10261767.179.000) 07/25 13:19:52 Job submitted from host: <188.185.114.121:9618?addrs=188.185.114.121-9618+[2001-1458-d00-a--100-273]-9618&alias=bigbird19.cern.ch&noUDP&sock=schedd_4961_696e>
...
040 (10261767.179.000) 07/25 13:28:08 Started transferring input files
	Transferring to host: <188.185.208.141:9618?addrs=188.185.208.141-9618+[2001-1458-303-10--100-a]-9618&alias=b9p10p2306.cern.ch&noUDP&sock=slot1_6_13778_98e9_26103>
...
040 (10261767.179.000) 07/25 13:28:08 Finished transferring input files
...
001 (10261767.179.000) 07/25 13:28:09 Job executing on host: <188.185.208.141:9618?addrs=188.185.208.141-9618+[2001-1458-303-10--100-a]-9618&alias=b9p10p2306.cern.ch&noUDP&sock=startd_12774_7adf>
	SlotName: slot1_6@b9p10p2306.cern.ch
	CondorScratchDir = "/pool/condor/dir_1104623"
	Cpus = 12
	Disk = 2763720
	Memory = 24000
...
006 (10261767.179.000) 07/25 13:28:15 Image size of job updated: 160500
	7  -  MemoryUsage of job (MB)
	6704  -  ResidentSetSize of job (KB)
...
040 (10261767.179.000) 07/25 13:28:15 Started transferring output files
...
040 (10261767.179.000) 07/25 13:28:15 Finished transferring output files
...
005 (10261767.179.000) 07/25 13:28:15 Job terminated.
	(1) Normal termination (return value 0)
		Usr 0 00:00:04, Sys 0 00:00:00  -  Run Remote Usage
		Usr 0 00:00:00, Sys 0 00:00:00  -  Run Local Usage
		Usr 0 00:00:04, Sys 0 00:00:00  -  Total Remote Usage
		Usr 0 00:00:00, Sys 0 00:00:00  -  Total Local Usage
	6204  -  Run Bytes Sent By Job
	409597  -  Run Bytes Received By Job
	6204  -  Total Bytes Sent By Job
	409597  -  Total Bytes Received By Job
	Partitionable Resources :    Usage  Request Allocated 
	   Cpus                 :        0       12        12 
	   Disk (KB)            :      428      425   2763720 
	   Memory (MB)          :        7    24000     24000 

	Job terminated of its own accord at 2024-07-25T11:28:15Z with exit-code 0.
...
000 (10284266.179.000) 08/02 15:44:56 Job submitted from host: <188.185.114.121:9618?addrs=188.185.114.121-9618+[2001-1458-d00-a--100-273]-9618&alias=bigbird19.cern.ch&noUDP&sock=schedd_4961_696e>
...
009 (10284266.179.000) 08/02 15:49:05 Job was aborted.
	via condor_rm (by user yelberke)
...
000 (10284267.179.000) 08/02 15:49:45 Job submitted from host: <188.185.114.121:9618?addrs=188.185.114.121-9618+[2001-1458-d00-a--100-273]-9618&alias=bigbird19.cern.ch&noUDP&sock=schedd_4961_696e>
...
040 (10284267.179.000) 08/02 15:59:01 Started transferring input files
	Transferring to host: <188.185.194.122:9618?addrs=188.185.194.122-9618+[2001-1458-303-21--100-76]-9618&alias=b9p20p1245.cern.ch&noUDP&sock=slot1_4_1257280_3fb0_49>
...
040 (10284267.179.000) 08/02 15:59:01 Finished transferring input files
...
001 (10284267.179.000) 08/02 15:59:02 Job executing on host: <188.185.194.122:9618?addrs=188.185.194.122-9618+[2001-1458-303-21--100-76]-9618&alias=b9p20p1245.cern.ch&noUDP&sock=startd_174452_23e2>
	SlotName: slot1_4@b9p20p1245.cern.ch
	CondorScratchDir = "/pool/condor/dir_1266291"
	Cpus = 12
	Disk = 3109714
	Memory = 24000
...
006 (10284267.179.000) 08/02 15:59:03 Image size of job updated: 316756
	5  -  MemoryUsage of job (MB)
	4636  -  ResidentSetSize of job (KB)
...
040 (10284267.179.000) 08/02 15:59:03 Started transferring output files
...
040 (10284267.179.000) 08/02 15:59:03 Finished transferring output files
...
005 (10284267.179.000) 08/02 15:59:03 Job terminated.
	(1) Normal termination (return value 139)
		Usr 0 00:00:02, Sys 0 00:00:00  -  Run Remote Usage
		Usr 0 00:00:00, Sys 0 00:00:00  -  Run Local Usage
		Usr 0 00:00:02, Sys 0 00:00:00  -  Total Remote Usage
		Usr 0 00:00:00, Sys 0 00:00:00  -  Total Local Usage
	7696  -  Run Bytes Sent By Job
	409597  -  Run Bytes Received By Job
	7696  -  Total Bytes Sent By Job
	409597  -  Total Bytes Received By Job
	Partitionable Resources :    Usage  Request Allocated 
	   Cpus                 :        0       12        12 
	   Disk (KB)            :      428      425   3109714 
	   Memory (MB)          :        5    24000     24000 

	Job terminated of its own accord at 2024-08-02T13:59:03Z with exit-code 139.
...
