000 (10252905.1829.000) 07/24 16:13:17 Job submitted from host: <188.185.114.121:9618?addrs=188.185.114.121-9618+[2001-1458-d00-a--100-273]-9618&alias=bigbird19.cern.ch&noUDP&sock=schedd_4961_696e>
...
009 (10252905.1829.000) 07/24 16:14:48 Job was aborted.
	via condor_rm (by user yelberke)
...
000 (10252906.1829.000) 07/24 16:15:37 Job submitted from host: <188.185.114.121:9618?addrs=188.185.114.121-9618+[2001-1458-d00-a--100-273]-9618&alias=bigbird19.cern.ch&noUDP&sock=schedd_4961_696e>
...
000 (10252907.1829.000) 07/24 16:17:31 Job submitted from host: <188.185.114.121:9618?addrs=188.185.114.121-9618+[2001-1458-d00-a--100-273]-9618&alias=bigbird19.cern.ch&noUDP&sock=schedd_4961_696e>
...
000 (10252908.1829.000) 07/24 16:18:05 Job submitted from host: <188.185.114.121:9618?addrs=188.185.114.121-9618+[2001-1458-d00-a--100-273]-9618&alias=bigbird19.cern.ch&noUDP&sock=schedd_4961_696e>
...
000 (10252909.1829.000) 07/24 16:18:40 Job submitted from host: <188.185.114.121:9618?addrs=188.185.114.121-9618+[2001-1458-d00-a--100-273]-9618&alias=bigbird19.cern.ch&noUDP&sock=schedd_4961_696e>
...
000 (10252910.1829.000) 07/24 16:19:06 Job submitted from host: <188.185.114.121:9618?addrs=188.185.114.121-9618+[2001-1458-d00-a--100-273]-9618&alias=bigbird19.cern.ch&noUDP&sock=schedd_4961_696e>
...
000 (10252911.1829.000) 07/24 16:19:19 Job submitted from host: <188.185.114.121:9618?addrs=188.185.114.121-9618+[2001-1458-d00-a--100-273]-9618&alias=bigbird19.cern.ch&noUDP&sock=schedd_4961_696e>
...
000 (10252912.1829.000) 07/24 16:19:32 Job submitted from host: <188.185.114.121:9618?addrs=188.185.114.121-9618+[2001-1458-d00-a--100-273]-9618&alias=bigbird19.cern.ch&noUDP&sock=schedd_4961_696e>
...
000 (10252913.1829.000) 07/24 16:19:44 Job submitted from host: <188.185.114.121:9618?addrs=188.185.114.121-9618+[2001-1458-d00-a--100-273]-9618&alias=bigbird19.cern.ch&noUDP&sock=schedd_4961_696e>
...
040 (10252906.1829.000) 07/24 16:30:58 Started transferring input files
	Transferring to host: <188.185.206.221:9618?addrs=188.185.206.221-9618&alias=b9p06p2951.cern.ch&noUDP&sock=slot1_28_6888_f811_157330>
...
040 (10252906.1829.000) 07/24 16:30:58 Finished transferring input files
...
001 (10252906.1829.000) 07/24 16:30:59 Job executing on host: <188.185.206.221:9618?addrs=188.185.206.221-9618&alias=b9p06p2951.cern.ch&noUDP&sock=startd_6818_28cd>
	SlotName: slot1_28@b9p06p2951.cern.ch
	CondorScratchDir = "/pool/condor/dir_1456085"
	Cpus = 8
	Disk = 2236524
	Memory = 16000
...
006 (10252906.1829.000) 07/24 16:31:03 Image size of job updated: 159824
	8  -  MemoryUsage of job (MB)
	7936  -  ResidentSetSize of job (KB)
...
040 (10252906.1829.000) 07/24 16:31:03 Started transferring output files
...
040 (10252906.1829.000) 07/24 16:31:03 Finished transferring output files
...
005 (10252906.1829.000) 07/24 16:31:03 Job terminated.
	(1) Normal termination (return value 0)
		Usr 0 00:00:03, Sys 0 00:00:00  -  Run Remote Usage
		Usr 0 00:00:00, Sys 0 00:00:00  -  Run Local Usage
		Usr 0 00:00:03, Sys 0 00:00:00  -  Total Remote Usage
		Usr 0 00:00:00, Sys 0 00:00:00  -  Total Local Usage
	6204  -  Run Bytes Sent By Job
	409597  -  Run Bytes Received By Job
	6204  -  Total Bytes Sent By Job
	409597  -  Total Bytes Received By Job
	Partitionable Resources :    Usage  Request Allocated 
	   Cpus                 :        0        8         8 
	   Disk (KB)            :      427      425   2236524 
	   Memory (MB)          :        8    16000     16000 

	Job terminated of its own accord at 2024-07-24T14:31:03Z with exit-code 0.
...
040 (10252907.1829.000) 07/24 17:58:24 Started transferring input files
	Transferring to host: <188.185.208.68:9618?addrs=188.185.208.68-9618+[2001-1458-303-f--100-41]-9618&alias=b9p09p2759.cern.ch&noUDP&sock=slot1_9_6343_f79b_142685>
...
040 (10252907.1829.000) 07/24 17:58:24 Finished transferring input files
...
001 (10252907.1829.000) 07/24 17:58:25 Job executing on host: <188.185.208.68:9618?addrs=188.185.208.68-9618+[2001-1458-303-f--100-41]-9618&alias=b9p09p2759.cern.ch&noUDP&sock=startd_5176_e24a>
	SlotName: slot1_9@b9p09p2759.cern.ch
	CondorScratchDir = "/pool/condor/dir_1338200"
	Cpus = 8
	Disk = 2848115
	Memory = 16000
...
006 (10252907.1829.000) 07/24 17:58:29 Image size of job updated: 158380
	8  -  MemoryUsage of job (MB)
	7484  -  ResidentSetSize of job (KB)
...
040 (10252907.1829.000) 07/24 17:58:29 Started transferring output files
...
040 (10252907.1829.000) 07/24 17:58:29 Finished transferring output files
...
005 (10252907.1829.000) 07/24 17:58:29 Job terminated.
	(1) Normal termination (return value 0)
		Usr 0 00:00:03, Sys 0 00:00:00  -  Run Remote Usage
		Usr 0 00:00:00, Sys 0 00:00:00  -  Run Local Usage
		Usr 0 00:00:03, Sys 0 00:00:00  -  Total Remote Usage
		Usr 0 00:00:00, Sys 0 00:00:00  -  Total Local Usage
	6204  -  Run Bytes Sent By Job
	409597  -  Run Bytes Received By Job
	6204  -  Total Bytes Sent By Job
	409597  -  Total Bytes Received By Job
	Partitionable Resources :    Usage  Request Allocated 
	   Cpus                 :                 8         8 
	   Disk (KB)            :      421      425   2848115 
	   Memory (MB)          :        8    16000     16000 

	Job terminated of its own accord at 2024-07-24T15:58:29Z with exit-code 0.
...
040 (10252908.1829.000) 07/24 19:01:18 Started transferring input files
	Transferring to host: <188.185.205.199:9618?addrs=188.185.205.199-9618&alias=b9p04p8089.cern.ch&noUDP&sock=slot1_23_3928_6199_155098>
...
040 (10252908.1829.000) 07/24 19:01:18 Finished transferring input files
...
001 (10252908.1829.000) 07/24 19:01:19 Job executing on host: <188.185.205.199:9618?addrs=188.185.205.199-9618&alias=b9p04p8089.cern.ch&noUDP&sock=startd_3795_a200>
	SlotName: slot1_23@b9p04p8089.cern.ch
	CondorScratchDir = "/pool/condor/dir_2056251"
	Cpus = 8
	Disk = 2507112
	Memory = 16000
...
006 (10252908.1829.000) 07/24 19:01:24 Image size of job updated: 165964
	11  -  MemoryUsage of job (MB)
	10620  -  ResidentSetSize of job (KB)
...
040 (10252908.1829.000) 07/24 19:01:24 Started transferring output files
...
040 (10252908.1829.000) 07/24 19:01:24 Finished transferring output files
...
005 (10252908.1829.000) 07/24 19:01:24 Job terminated.
	(1) Normal termination (return value 0)
		Usr 0 00:00:04, Sys 0 00:00:00  -  Run Remote Usage
		Usr 0 00:00:00, Sys 0 00:00:00  -  Run Local Usage
		Usr 0 00:00:04, Sys 0 00:00:00  -  Total Remote Usage
		Usr 0 00:00:00, Sys 0 00:00:00  -  Total Local Usage
	6204  -  Run Bytes Sent By Job
	409597  -  Run Bytes Received By Job
	6204  -  Total Bytes Sent By Job
	409597  -  Total Bytes Received By Job
	Partitionable Resources :    Usage  Request Allocated 
	   Cpus                 :        0        8         8 
	   Disk (KB)            :      428      425   2507112 
	   Memory (MB)          :       11    16000     16000 

	Job terminated of its own accord at 2024-07-24T17:01:24Z with exit-code 0.
...
040 (10252909.1829.000) 07/24 20:04:52 Started transferring input files
	Transferring to host: <188.185.206.28:9618?addrs=188.185.206.28-9618+[2001-1458-303-b--100-19]-9618&alias=b9p05p0564.cern.ch&noUDP&sock=slot1_3_65031_f8ee_90901>
...
040 (10252909.1829.000) 07/24 20:04:52 Finished transferring input files
...
001 (10252909.1829.000) 07/24 20:04:53 Job executing on host: <188.185.206.28:9618?addrs=188.185.206.28-9618+[2001-1458-303-b--100-19]-9618&alias=b9p05p0564.cern.ch&noUDP&sock=startd_3346_a7fa>
	SlotName: slot1_3@b9p05p0564.cern.ch
	CondorScratchDir = "/pool/condor/dir_2909316"
	Cpus = 8
	Disk = 2789955
	Memory = 16000
...
006 (10252909.1829.000) 07/24 20:04:58 Image size of job updated: 160948
	8  -  MemoryUsage of job (MB)
	8036  -  ResidentSetSize of job (KB)
...
040 (10252909.1829.000) 07/24 20:04:58 Started transferring output files
...
040 (10252909.1829.000) 07/24 20:04:58 Finished transferring output files
...
005 (10252909.1829.000) 07/24 20:04:58 Job terminated.
	(1) Normal termination (return value 0)
		Usr 0 00:00:03, Sys 0 00:00:00  -  Run Remote Usage
		Usr 0 00:00:00, Sys 0 00:00:00  -  Run Local Usage
		Usr 0 00:00:03, Sys 0 00:00:00  -  Total Remote Usage
		Usr 0 00:00:00, Sys 0 00:00:00  -  Total Local Usage
	6204  -  Run Bytes Sent By Job
	409597  -  Run Bytes Received By Job
	6204  -  Total Bytes Sent By Job
	409597  -  Total Bytes Received By Job
	Partitionable Resources :    Usage  Request Allocated 
	   Cpus                 :        0        8         8 
	   Disk (KB)            :      431      425   2789955 
	   Memory (MB)          :        8    16000     16000 

	Job terminated of its own accord at 2024-07-24T18:04:58Z with exit-code 0.
...
040 (10252910.1829.000) 07/24 20:51:48 Started transferring input files
	Transferring to host: <188.185.205.211:9618?addrs=188.185.205.211-9618&alias=b9p04p3844.cern.ch&noUDP&sock=slot1_15_6874_1ad1_153248>
...
040 (10252910.1829.000) 07/24 20:51:48 Finished transferring input files
...
001 (10252910.1829.000) 07/24 20:51:49 Job executing on host: <188.185.205.211:9618?addrs=188.185.205.211-9618&alias=b9p04p3844.cern.ch&noUDP&sock=startd_6807_9d42>
	SlotName: slot1_15@b9p04p3844.cern.ch
	CondorScratchDir = "/pool/condor/dir_859183"
	Cpus = 8
	Disk = 2823528
	Memory = 16000
...
006 (10252910.1829.000) 07/24 20:51:55 Image size of job updated: 155876
	6  -  MemoryUsage of job (MB)
	5408  -  ResidentSetSize of job (KB)
...
040 (10252910.1829.000) 07/24 20:51:55 Started transferring output files
...
040 (10252910.1829.000) 07/24 20:51:55 Finished transferring output files
...
005 (10252910.1829.000) 07/24 20:51:55 Job terminated.
	(1) Normal termination (return value 0)
		Usr 0 00:00:05, Sys 0 00:00:00  -  Run Remote Usage
		Usr 0 00:00:00, Sys 0 00:00:00  -  Run Local Usage
		Usr 0 00:00:05, Sys 0 00:00:00  -  Total Remote Usage
		Usr 0 00:00:00, Sys 0 00:00:00  -  Total Local Usage
	6201  -  Run Bytes Sent By Job
	409597  -  Run Bytes Received By Job
	6201  -  Total Bytes Sent By Job
	409597  -  Total Bytes Received By Job
	Partitionable Resources :    Usage  Request Allocated 
	   Cpus                 :        0        8         8 
	   Disk (KB)            :      428      425   2823528 
	   Memory (MB)          :        6    16000     16000 

	Job terminated of its own accord at 2024-07-24T18:51:55Z with exit-code 0.
...
040 (10252911.1829.000) 07/24 21:04:31 Started transferring input files
	Transferring to host: <188.185.194.65:9618?addrs=188.185.194.65-9618+[2001-1458-303-21--100-3d]-9618&alias=b9p20p5952.cern.ch&noUDP&sock=slot1_8_2084864_0b25_2675>
...
040 (10252911.1829.000) 07/24 21:04:31 Finished transferring input files
...
001 (10252911.1829.000) 07/24 21:04:32 Job executing on host: <188.185.194.65:9618?addrs=188.185.194.65-9618+[2001-1458-303-21--100-3d]-9618&alias=b9p20p5952.cern.ch&noUDP&sock=startd_177727_848d>
	SlotName: slot1_8@b9p20p5952.cern.ch
	CondorScratchDir = "/pool/condor/dir_1967217"
	Cpus = 8
	Disk = 2818666
	Memory = 16000
...
006 (10252911.1829.000) 07/24 21:04:38 Image size of job updated: 165104
	11  -  MemoryUsage of job (MB)
	10424  -  ResidentSetSize of job (KB)
...
040 (10252911.1829.000) 07/24 21:04:38 Started transferring output files
...
040 (10252911.1829.000) 07/24 21:04:38 Finished transferring output files
...
005 (10252911.1829.000) 07/24 21:04:38 Job terminated.
	(1) Normal termination (return value 0)
		Usr 0 00:00:05, Sys 0 00:00:00  -  Run Remote Usage
		Usr 0 00:00:00, Sys 0 00:00:00  -  Run Local Usage
		Usr 0 00:00:05, Sys 0 00:00:00  -  Total Remote Usage
		Usr 0 00:00:00, Sys 0 00:00:00  -  Total Local Usage
	6201  -  Run Bytes Sent By Job
	409597  -  Run Bytes Received By Job
	6201  -  Total Bytes Sent By Job
	409597  -  Total Bytes Received By Job
	Partitionable Resources :    Usage  Request Allocated 
	   Cpus                 :        0        8         8 
	   Disk (KB)            :      428      425   2818666 
	   Memory (MB)          :       11    16000     16000 

	Job terminated of its own accord at 2024-07-24T19:04:38Z with exit-code 0.
...
040 (10252912.1829.000) 07/24 21:18:14 Started transferring input files
	Transferring to host: <188.185.196.70:9618?addrs=188.185.196.70-9618+[2001-1458-303-23--100-42]-9618&alias=b9p16p4422.cern.ch&noUDP&sock=slot1_1_2075027_fcb5_5698>
...
040 (10252912.1829.000) 07/24 21:18:14 Finished transferring input files
...
001 (10252912.1829.000) 07/24 21:18:15 Job executing on host: <188.185.196.70:9618?addrs=188.185.196.70-9618+[2001-1458-303-23--100-42]-9618&alias=b9p16p4422.cern.ch&noUDP&sock=startd_127969_ab20>
	SlotName: slot1_1@b9p16p4422.cern.ch
	CondorScratchDir = "/pool/condor/dir_3131649"
	Cpus = 8
	Disk = 2993427
	Memory = 16000
...
006 (10252912.1829.000) 07/24 21:18:23 Image size of job updated: 164728
	151  -  MemoryUsage of job (MB)
	154104  -  ResidentSetSize of job (KB)
...
040 (10252912.1829.000) 07/24 21:18:23 Started transferring output files
...
040 (10252912.1829.000) 07/24 21:18:23 Finished transferring output files
...
005 (10252912.1829.000) 07/24 21:18:23 Job terminated.
	(1) Normal termination (return value 0)
		Usr 0 00:00:07, Sys 0 00:00:00  -  Run Remote Usage
		Usr 0 00:00:00, Sys 0 00:00:00  -  Run Local Usage
		Usr 0 00:00:07, Sys 0 00:00:00  -  Total Remote Usage
		Usr 0 00:00:00, Sys 0 00:00:00  -  Total Local Usage
	6204  -  Run Bytes Sent By Job
	409597  -  Run Bytes Received By Job
	6204  -  Total Bytes Sent By Job
	409597  -  Total Bytes Received By Job
	Partitionable Resources :    Usage  Request Allocated 
	   Cpus                 :        0        8         8 
	   Disk (KB)            :      428      425   2993427 
	   Memory (MB)          :      151    16000     16000 

	Job terminated of its own accord at 2024-07-24T19:18:23Z with exit-code 0.
...
040 (10252913.1829.000) 07/24 21:31:00 Started transferring input files
	Transferring to host: <188.185.206.221:9618?addrs=188.185.206.221-9618&alias=b9p06p2951.cern.ch&noUDP&sock=slot1_4_6888_f811_157760>
...
040 (10252913.1829.000) 07/24 21:31:00 Finished transferring input files
...
001 (10252913.1829.000) 07/24 21:31:01 Job executing on host: <188.185.206.221:9618?addrs=188.185.206.221-9618&alias=b9p06p2951.cern.ch&noUDP&sock=startd_6818_28cd>
	SlotName: slot1_4@b9p06p2951.cern.ch
	CondorScratchDir = "/pool/condor/dir_1965932"
	Cpus = 8
	Disk = 2612746
	Memory = 16000
...
006 (10252913.1829.000) 07/24 21:31:05 Image size of job updated: 163248
	10  -  MemoryUsage of job (MB)
	9284  -  ResidentSetSize of job (KB)
...
040 (10252913.1829.000) 07/24 21:31:05 Started transferring output files
...
040 (10252913.1829.000) 07/24 21:31:05 Finished transferring output files
...
005 (10252913.1829.000) 07/24 21:31:05 Job terminated.
	(1) Normal termination (return value 0)
		Usr 0 00:00:03, Sys 0 00:00:00  -  Run Remote Usage
		Usr 0 00:00:00, Sys 0 00:00:00  -  Run Local Usage
		Usr 0 00:00:03, Sys 0 00:00:00  -  Total Remote Usage
		Usr 0 00:00:00, Sys 0 00:00:00  -  Total Local Usage
	6204  -  Run Bytes Sent By Job
	409597  -  Run Bytes Received By Job
	6204  -  Total Bytes Sent By Job
	409597  -  Total Bytes Received By Job
	Partitionable Resources :    Usage  Request Allocated 
	   Cpus                 :                 8         8 
	   Disk (KB)            :      420      425   2612746 
	   Memory (MB)          :       10    16000     16000 

	Job terminated of its own accord at 2024-07-24T19:31:05Z with exit-code 0.
...
000 (10261715.1829.000) 07/25 13:02:13 Job submitted from host: <188.185.114.121:9618?addrs=188.185.114.121-9618+[2001-1458-d00-a--100-273]-9618&alias=bigbird19.cern.ch&noUDP&sock=schedd_4961_696e>
...
009 (10261715.1829.000) 07/25 13:06:49 Job was aborted.
	via condor_rm (by user yelberke)
...
000 (10261767.1829.000) 07/25 13:20:23 Job submitted from host: <188.185.114.121:9618?addrs=188.185.114.121-9618+[2001-1458-d00-a--100-273]-9618&alias=bigbird19.cern.ch&noUDP&sock=schedd_4961_696e>
...
040 (10261767.1829.000) 07/25 14:24:55 Started transferring input files
	Transferring to host: <188.185.208.75:9618?addrs=188.185.208.75-9618+[2001-1458-303-f--100-48]-9618&alias=b9p09p5717.cern.ch&noUDP&sock=slot1_9_128920_8d74_36736>
...
040 (10261767.1829.000) 07/25 14:24:55 Finished transferring input files
...
001 (10261767.1829.000) 07/25 14:24:56 Job executing on host: <188.185.208.75:9618?addrs=188.185.208.75-9618+[2001-1458-303-f--100-48]-9618&alias=b9p09p5717.cern.ch&noUDP&sock=startd_118345_67ab>
	SlotName: slot1_9@b9p09p5717.cern.ch
	CondorScratchDir = "/pool/condor/dir_2290834"
	Cpus = 12
	Disk = 2700166
	Memory = 24000
...
006 (10261767.1829.000) 07/25 14:24:57 Image size of job updated: 316872
	5  -  MemoryUsage of job (MB)
	4912  -  ResidentSetSize of job (KB)
...
040 (10261767.1829.000) 07/25 14:24:57 Started transferring output files
...
040 (10261767.1829.000) 07/25 14:24:57 Finished transferring output files
...
005 (10261767.1829.000) 07/25 14:24:57 Job terminated.
	(1) Normal termination (return value 139)
		Usr 0 00:00:01, Sys 0 00:00:00  -  Run Remote Usage
		Usr 0 00:00:00, Sys 0 00:00:00  -  Run Local Usage
		Usr 0 00:00:01, Sys 0 00:00:00  -  Total Remote Usage
		Usr 0 00:00:00, Sys 0 00:00:00  -  Total Local Usage
	2099  -  Run Bytes Sent By Job
	409597  -  Run Bytes Received By Job
	2099  -  Total Bytes Sent By Job
	409597  -  Total Bytes Received By Job
	Partitionable Resources :    Usage  Request Allocated 
	   Cpus                 :                12        12 
	   Disk (KB)            :      419      425   2700166 
	   Memory (MB)          :        5    24000     24000 

	Job terminated of its own accord at 2024-07-25T12:24:57Z with exit-code 139.
...
000 (10284266.1829.000) 08/02 15:45:58 Job submitted from host: <188.185.114.121:9618?addrs=188.185.114.121-9618+[2001-1458-d00-a--100-273]-9618&alias=bigbird19.cern.ch&noUDP&sock=schedd_4961_696e>
...
009 (10284266.1829.000) 08/02 15:49:28 Job was aborted.
	via condor_rm (by user yelberke)
...
000 (10284267.1829.000) 08/02 15:49:53 Job submitted from host: <188.185.114.121:9618?addrs=188.185.114.121-9618+[2001-1458-d00-a--100-273]-9618&alias=bigbird19.cern.ch&noUDP&sock=schedd_4961_696e>
...
040 (10284267.1829.000) 08/02 16:39:00 Started transferring input files
	Transferring to host: <188.185.208.146:9618?addrs=188.185.208.146-9618+[2001-1458-303-10--100-f]-9618&alias=b9p10p7008.cern.ch&noUDP&sock=slot1_3_38151_94a8_33501>
...
040 (10284267.1829.000) 08/02 16:39:00 Finished transferring input files
...
001 (10284267.1829.000) 08/02 16:39:01 Job executing on host: <188.185.208.146:9618?addrs=188.185.208.146-9618+[2001-1458-303-10--100-f]-9618&alias=b9p10p7008.cern.ch&noUDP&sock=startd_36797_4284>
	SlotName: slot1_3@b9p10p7008.cern.ch
	CondorScratchDir = "/pool/condor/dir_3561270"
	Cpus = 12
	Disk = 2764534
	Memory = 24000
...
006 (10284267.1829.000) 08/02 16:39:03 Image size of job updated: 327016
	6  -  MemoryUsage of job (MB)
	5456  -  ResidentSetSize of job (KB)
...
040 (10284267.1829.000) 08/02 16:39:03 Started transferring output files
...
040 (10284267.1829.000) 08/02 16:39:03 Finished transferring output files
...
005 (10284267.1829.000) 08/02 16:39:03 Job terminated.
	(1) Normal termination (return value 139)
		Usr 0 00:00:01, Sys 0 00:00:00  -  Run Remote Usage
		Usr 0 00:00:00, Sys 0 00:00:00  -  Run Local Usage
		Usr 0 00:00:01, Sys 0 00:00:00  -  Total Remote Usage
		Usr 0 00:00:00, Sys 0 00:00:00  -  Total Local Usage
	7696  -  Run Bytes Sent By Job
	409597  -  Run Bytes Received By Job
	7696  -  Total Bytes Sent By Job
	409597  -  Total Bytes Received By Job
	Partitionable Resources :    Usage  Request Allocated 
	   Cpus                 :        0       12        12 
	   Disk (KB)            :      431      425   2764534 
	   Memory (MB)          :        6    24000     24000 

	Job terminated of its own accord at 2024-08-02T14:39:03Z with exit-code 139.
...
