000 (10252905.1834.000) 07/24 16:13:17 Job submitted from host: <188.185.114.121:9618?addrs=188.185.114.121-9618+[2001-1458-d00-a--100-273]-9618&alias=bigbird19.cern.ch&noUDP&sock=schedd_4961_696e>
...
009 (10252905.1834.000) 07/24 16:14:48 Job was aborted.
	via condor_rm (by user yelberke)
...
000 (10252906.1834.000) 07/24 16:15:37 Job submitted from host: <188.185.114.121:9618?addrs=188.185.114.121-9618+[2001-1458-d00-a--100-273]-9618&alias=bigbird19.cern.ch&noUDP&sock=schedd_4961_696e>
...
000 (10252907.1834.000) 07/24 16:17:31 Job submitted from host: <188.185.114.121:9618?addrs=188.185.114.121-9618+[2001-1458-d00-a--100-273]-9618&alias=bigbird19.cern.ch&noUDP&sock=schedd_4961_696e>
...
000 (10252908.1834.000) 07/24 16:18:05 Job submitted from host: <188.185.114.121:9618?addrs=188.185.114.121-9618+[2001-1458-d00-a--100-273]-9618&alias=bigbird19.cern.ch&noUDP&sock=schedd_4961_696e>
...
000 (10252909.1834.000) 07/24 16:18:40 Job submitted from host: <188.185.114.121:9618?addrs=188.185.114.121-9618+[2001-1458-d00-a--100-273]-9618&alias=bigbird19.cern.ch&noUDP&sock=schedd_4961_696e>
...
000 (10252910.1834.000) 07/24 16:19:06 Job submitted from host: <188.185.114.121:9618?addrs=188.185.114.121-9618+[2001-1458-d00-a--100-273]-9618&alias=bigbird19.cern.ch&noUDP&sock=schedd_4961_696e>
...
000 (10252911.1834.000) 07/24 16:19:19 Job submitted from host: <188.185.114.121:9618?addrs=188.185.114.121-9618+[2001-1458-d00-a--100-273]-9618&alias=bigbird19.cern.ch&noUDP&sock=schedd_4961_696e>
...
000 (10252912.1834.000) 07/24 16:19:32 Job submitted from host: <188.185.114.121:9618?addrs=188.185.114.121-9618+[2001-1458-d00-a--100-273]-9618&alias=bigbird19.cern.ch&noUDP&sock=schedd_4961_696e>
...
000 (10252913.1834.000) 07/24 16:19:44 Job submitted from host: <188.185.114.121:9618?addrs=188.185.114.121-9618+[2001-1458-d00-a--100-273]-9618&alias=bigbird19.cern.ch&noUDP&sock=schedd_4961_696e>
...
040 (10252906.1834.000) 07/24 16:31:00 Started transferring input files
	Transferring to host: <188.185.194.122:9618?addrs=188.185.194.122-9618+[2001-1458-303-21--100-76]-9618&alias=b9p20p1245.cern.ch&noUDP&sock=slot1_18_184245_051d_24518>
...
040 (10252906.1834.000) 07/24 16:31:00 Finished transferring input files
...
001 (10252906.1834.000) 07/24 16:31:01 Job executing on host: <188.185.194.122:9618?addrs=188.185.194.122-9618+[2001-1458-303-21--100-76]-9618&alias=b9p20p1245.cern.ch&noUDP&sock=startd_174452_23e2>
	SlotName: slot1_18@b9p20p1245.cern.ch
	CondorScratchDir = "/pool/condor/dir_2408213"
	Cpus = 8
	Disk = 2954494
	Memory = 16000
...
006 (10252906.1834.000) 07/24 16:31:06 Image size of job updated: 158600
	8  -  MemoryUsage of job (MB)
	7512  -  ResidentSetSize of job (KB)
...
040 (10252906.1834.000) 07/24 16:31:06 Started transferring output files
...
040 (10252906.1834.000) 07/24 16:31:06 Finished transferring output files
...
005 (10252906.1834.000) 07/24 16:31:07 Job terminated.
	(1) Normal termination (return value 0)
		Usr 0 00:00:04, Sys 0 00:00:00  -  Run Remote Usage
		Usr 0 00:00:00, Sys 0 00:00:00  -  Run Local Usage
		Usr 0 00:00:04, Sys 0 00:00:00  -  Total Remote Usage
		Usr 0 00:00:00, Sys 0 00:00:00  -  Total Local Usage
	6204  -  Run Bytes Sent By Job
	409597  -  Run Bytes Received By Job
	6204  -  Total Bytes Sent By Job
	409597  -  Total Bytes Received By Job
	Partitionable Resources :    Usage  Request Allocated 
	   Cpus                 :        0        8         8 
	   Disk (KB)            :      427      425   2954494 
	   Memory (MB)          :        8    16000     16000 

	Job terminated of its own accord at 2024-07-24T14:31:06Z with exit-code 0.
...
040 (10252907.1834.000) 07/24 17:58:27 Started transferring input files
	Transferring to host: <188.185.206.212:9618?addrs=188.185.206.212-9618&alias=b9p06p2007.cern.ch&noUDP&sock=slot1_16_7399_03c6_153350>
...
040 (10252907.1834.000) 07/24 17:58:27 Finished transferring input files
...
001 (10252907.1834.000) 07/24 17:58:28 Job executing on host: <188.185.206.212:9618?addrs=188.185.206.212-9618&alias=b9p06p2007.cern.ch&noUDP&sock=startd_7333_6813>
	SlotName: slot1_16@b9p06p2007.cern.ch
	CondorScratchDir = "/pool/condor/dir_1314385"
	Cpus = 8
	Disk = 2742047
	Memory = 16000
...
006 (10252907.1834.000) 07/24 17:58:32 Image size of job updated: 159808
	8  -  MemoryUsage of job (MB)
	7592  -  ResidentSetSize of job (KB)
...
040 (10252907.1834.000) 07/24 17:58:32 Started transferring output files
...
040 (10252907.1834.000) 07/24 17:58:32 Finished transferring output files
...
005 (10252907.1834.000) 07/24 17:58:32 Job terminated.
	(1) Normal termination (return value 0)
		Usr 0 00:00:03, Sys 0 00:00:00  -  Run Remote Usage
		Usr 0 00:00:00, Sys 0 00:00:00  -  Run Local Usage
		Usr 0 00:00:03, Sys 0 00:00:00  -  Total Remote Usage
		Usr 0 00:00:00, Sys 0 00:00:00  -  Total Local Usage
	6204  -  Run Bytes Sent By Job
	409597  -  Run Bytes Received By Job
	6204  -  Total Bytes Sent By Job
	409597  -  Total Bytes Received By Job
	Partitionable Resources :    Usage  Request Allocated 
	   Cpus                 :        0        8         8 
	   Disk (KB)            :      428      425   2742047 
	   Memory (MB)          :        8    16000     16000 

	Job terminated of its own accord at 2024-07-24T15:58:32Z with exit-code 0.
...
040 (10252908.1834.000) 07/24 19:01:59 Started transferring input files
	Transferring to host: <188.185.204.141:9618?addrs=188.185.204.141-9618+[2001-1458-303-8--100-81]-9618&alias=b9p02p4906.cern.ch&noUDP&sock=slot1_13_5975_ad8c_154814>
...
040 (10252908.1834.000) 07/24 19:01:59 Finished transferring input files
...
001 (10252908.1834.000) 07/24 19:02:00 Job executing on host: <188.185.204.141:9618?addrs=188.185.204.141-9618+[2001-1458-303-8--100-81]-9618&alias=b9p02p4906.cern.ch&noUDP&sock=startd_5533_c19a>
	SlotName: slot1_13@b9p02p4906.cern.ch
	CondorScratchDir = "/pool/condor/dir_2802685"
	Cpus = 8
	Disk = 2790503
	Memory = 16000
...
006 (10252908.1834.000) 07/24 19:02:07 Image size of job updated: 169396
	13  -  MemoryUsage of job (MB)
	12644  -  ResidentSetSize of job (KB)
...
040 (10252908.1834.000) 07/24 19:02:08 Started transferring output files
...
040 (10252908.1834.000) 07/24 19:02:08 Finished transferring output files
...
005 (10252908.1834.000) 07/24 19:02:11 Job terminated.
	(1) Normal termination (return value 0)
		Usr 0 00:00:04, Sys 0 00:00:00  -  Run Remote Usage
		Usr 0 00:00:00, Sys 0 00:00:00  -  Run Local Usage
		Usr 0 00:00:04, Sys 0 00:00:00  -  Total Remote Usage
		Usr 0 00:00:00, Sys 0 00:00:00  -  Total Local Usage
	6204  -  Run Bytes Sent By Job
	409597  -  Run Bytes Received By Job
	6204  -  Total Bytes Sent By Job
	409597  -  Total Bytes Received By Job
	Partitionable Resources :    Usage  Request Allocated 
	   Cpus                 :        0        8         8 
	   Disk (KB)            :      428      425   2790503 
	   Memory (MB)          :       13    16000     16000 

	Job terminated of its own accord at 2024-07-24T17:02:07Z with exit-code 0.
...
040 (10252909.1834.000) 07/24 20:04:55 Started transferring input files
	Transferring to host: <188.185.207.36:9618?addrs=188.185.207.36-9618+[2001-1458-303-d--100-21]-9618&alias=b9p07p7288.cern.ch&noUDP&sock=slot1_16_584850_7ba0_77440>
...
040 (10252909.1834.000) 07/24 20:04:55 Finished transferring input files
...
001 (10252909.1834.000) 07/24 20:04:57 Job executing on host: <188.185.207.36:9618?addrs=188.185.207.36-9618+[2001-1458-303-d--100-21]-9618&alias=b9p07p7288.cern.ch&noUDP&sock=startd_2103159_b81e>
	SlotName: slot1_16@b9p07p7288.cern.ch
	CondorScratchDir = "/pool/condor/dir_3273782"
	Cpus = 8
	Disk = 2822499
	Memory = 16000
...
006 (10252909.1834.000) 07/24 20:05:01 Image size of job updated: 158520
	8  -  MemoryUsage of job (MB)
	7416  -  ResidentSetSize of job (KB)
...
040 (10252909.1834.000) 07/24 20:05:02 Started transferring output files
...
040 (10252909.1834.000) 07/24 20:05:02 Finished transferring output files
...
005 (10252909.1834.000) 07/24 20:05:03 Job terminated.
	(1) Normal termination (return value 0)
		Usr 0 00:00:03, Sys 0 00:00:00  -  Run Remote Usage
		Usr 0 00:00:00, Sys 0 00:00:00  -  Run Local Usage
		Usr 0 00:00:03, Sys 0 00:00:00  -  Total Remote Usage
		Usr 0 00:00:00, Sys 0 00:00:00  -  Total Local Usage
	6204  -  Run Bytes Sent By Job
	409597  -  Run Bytes Received By Job
	6204  -  Total Bytes Sent By Job
	409597  -  Total Bytes Received By Job
	Partitionable Resources :    Usage  Request Allocated 
	   Cpus                 :        0        8         8 
	   Disk (KB)            :      432      425   2822499 
	   Memory (MB)          :        8    16000     16000 

	Job terminated of its own accord at 2024-07-24T18:05:01Z with exit-code 0.
...
040 (10252910.1834.000) 07/24 20:51:46 Started transferring input files
	Transferring to host: <188.185.209.218:9618?addrs=188.185.209.218-9618+[2001-1458-303-12--100-57]-9618&alias=b9p12p0668.cern.ch&noUDP&sock=slot1_14_4203_24c4_144824>
...
040 (10252910.1834.000) 07/24 20:51:46 Finished transferring input files
...
001 (10252910.1834.000) 07/24 20:51:47 Job executing on host: <188.185.209.218:9618?addrs=188.185.209.218-9618+[2001-1458-303-12--100-57]-9618&alias=b9p12p0668.cern.ch&noUDP&sock=startd_3693_ab57>
	SlotName: slot1_14@b9p12p0668.cern.ch
	CondorScratchDir = "/pool/condor/dir_1436232"
	Cpus = 8
	Disk = 2777318
	Memory = 16000
...
006 (10252910.1834.000) 07/24 20:51:51 Image size of job updated: 155556
	6  -  MemoryUsage of job (MB)
	5344  -  ResidentSetSize of job (KB)
...
040 (10252910.1834.000) 07/24 20:51:51 Started transferring output files
...
040 (10252910.1834.000) 07/24 20:51:51 Finished transferring output files
...
005 (10252910.1834.000) 07/24 20:51:51 Job terminated.
	(1) Normal termination (return value 0)
		Usr 0 00:00:03, Sys 0 00:00:00  -  Run Remote Usage
		Usr 0 00:00:00, Sys 0 00:00:00  -  Run Local Usage
		Usr 0 00:00:03, Sys 0 00:00:00  -  Total Remote Usage
		Usr 0 00:00:00, Sys 0 00:00:00  -  Total Local Usage
	6201  -  Run Bytes Sent By Job
	409597  -  Run Bytes Received By Job
	6201  -  Total Bytes Sent By Job
	409597  -  Total Bytes Received By Job
	Partitionable Resources :    Usage  Request Allocated 
	   Cpus                 :        0        8         8 
	   Disk (KB)            :      427      425   2777318 
	   Memory (MB)          :        6    16000     16000 

	Job terminated of its own accord at 2024-07-24T18:51:51Z with exit-code 0.
...
040 (10252911.1834.000) 07/24 21:04:18 Started transferring input files
	Transferring to host: <188.185.206.193:9618?addrs=188.185.206.193-9618+[2001-1458-303-c--100-3e]-9618&alias=b9p06p4695.cern.ch&noUDP&sock=slot1_8_65071_27ef_90735>
...
040 (10252911.1834.000) 07/24 21:04:18 Finished transferring input files
...
001 (10252911.1834.000) 07/24 21:04:19 Job executing on host: <188.185.206.193:9618?addrs=188.185.206.193-9618+[2001-1458-303-c--100-3e]-9618&alias=b9p06p4695.cern.ch&noUDP&sock=startd_3345_f862>
	SlotName: slot1_8@b9p06p4695.cern.ch
	CondorScratchDir = "/pool/condor/dir_3078335"
	Cpus = 8
	Disk = 2786977
	Memory = 16000
...
006 (10252911.1834.000) 07/24 21:04:23 Image size of job updated: 163784
	10  -  MemoryUsage of job (MB)
	9784  -  ResidentSetSize of job (KB)
...
040 (10252911.1834.000) 07/24 21:04:23 Started transferring output files
...
040 (10252911.1834.000) 07/24 21:04:23 Finished transferring output files
...
005 (10252911.1834.000) 07/24 21:04:23 Job terminated.
	(1) Normal termination (return value 0)
		Usr 0 00:00:03, Sys 0 00:00:00  -  Run Remote Usage
		Usr 0 00:00:00, Sys 0 00:00:00  -  Run Local Usage
		Usr 0 00:00:03, Sys 0 00:00:00  -  Total Remote Usage
		Usr 0 00:00:00, Sys 0 00:00:00  -  Total Local Usage
	6201  -  Run Bytes Sent By Job
	409597  -  Run Bytes Received By Job
	6201  -  Total Bytes Sent By Job
	409597  -  Total Bytes Received By Job
	Partitionable Resources :    Usage  Request Allocated 
	   Cpus                 :        0        8         8 
	   Disk (KB)            :      430      425   2786977 
	   Memory (MB)          :       10    16000     16000 

	Job terminated of its own accord at 2024-07-24T19:04:23Z with exit-code 0.
...
040 (10252912.1834.000) 07/24 21:18:16 Started transferring input files
	Transferring to host: <188.185.205.221:9618?addrs=188.185.205.221-9618+[2001-1458-303-a--100-5a]-9618&alias=b9p04p3091.cern.ch&noUDP&sock=slot1_9_3641_29ed_31181>
...
040 (10252912.1834.000) 07/24 21:18:16 Finished transferring input files
...
001 (10252912.1834.000) 07/24 21:18:17 Job executing on host: <188.185.205.221:9618?addrs=188.185.205.221-9618+[2001-1458-303-a--100-5a]-9618&alias=b9p04p3091.cern.ch&noUDP&sock=startd_3261_5a6d>
	SlotName: slot1_9@b9p04p3091.cern.ch
	CondorScratchDir = "/pool/condor/dir_3667551"
	Cpus = 8
	Disk = 2857235
	Memory = 16000
...
006 (10252912.1834.000) 07/24 21:18:23 Image size of job updated: 164208
	11  -  MemoryUsage of job (MB)
	10256  -  ResidentSetSize of job (KB)
...
040 (10252912.1834.000) 07/24 21:18:23 Started transferring output files
...
040 (10252912.1834.000) 07/24 21:18:23 Finished transferring output files
...
005 (10252912.1834.000) 07/24 21:18:23 Job terminated.
	(1) Normal termination (return value 0)
		Usr 0 00:00:05, Sys 0 00:00:00  -  Run Remote Usage
		Usr 0 00:00:00, Sys 0 00:00:00  -  Run Local Usage
		Usr 0 00:00:05, Sys 0 00:00:00  -  Total Remote Usage
		Usr 0 00:00:00, Sys 0 00:00:00  -  Total Local Usage
	6204  -  Run Bytes Sent By Job
	409597  -  Run Bytes Received By Job
	6204  -  Total Bytes Sent By Job
	409597  -  Total Bytes Received By Job
	Partitionable Resources :    Usage  Request Allocated 
	   Cpus                 :        0        8         8 
	   Disk (KB)            :      428      425   2857235 
	   Memory (MB)          :       11    16000     16000 

	Job terminated of its own accord at 2024-07-24T19:18:23Z with exit-code 0.
...
040 (10252913.1834.000) 07/24 21:31:02 Started transferring input files
	Transferring to host: <188.185.206.160:9618?addrs=188.185.206.160-9618&alias=b9p06p9417.cern.ch&noUDP&sock=slot1_3_7383_bdc5_157256>
...
040 (10252913.1834.000) 07/24 21:31:02 Finished transferring input files
...
001 (10252913.1834.000) 07/24 21:31:03 Job executing on host: <188.185.206.160:9618?addrs=188.185.206.160-9618&alias=b9p06p9417.cern.ch&noUDP&sock=startd_7311_50fd>
	SlotName: slot1_3@b9p06p9417.cern.ch
	CondorScratchDir = "/pool/condor/dir_920220"
	Cpus = 8
	Disk = 2811999
	Memory = 16000
...
006 (10252913.1834.000) 07/24 21:31:09 Image size of job updated: 162712
	9  -  MemoryUsage of job (MB)
	8492  -  ResidentSetSize of job (KB)
...
040 (10252913.1834.000) 07/24 21:31:09 Started transferring output files
...
040 (10252913.1834.000) 07/24 21:31:09 Finished transferring output files
...
005 (10252913.1834.000) 07/24 21:31:09 Job terminated.
	(1) Normal termination (return value 0)
		Usr 0 00:00:04, Sys 0 00:00:00  -  Run Remote Usage
		Usr 0 00:00:00, Sys 0 00:00:00  -  Run Local Usage
		Usr 0 00:00:04, Sys 0 00:00:00  -  Total Remote Usage
		Usr 0 00:00:00, Sys 0 00:00:00  -  Total Local Usage
	6204  -  Run Bytes Sent By Job
	409597  -  Run Bytes Received By Job
	6204  -  Total Bytes Sent By Job
	409597  -  Total Bytes Received By Job
	Partitionable Resources :    Usage  Request Allocated 
	   Cpus                 :        0        8         8 
	   Disk (KB)            :      428      425   2811999 
	   Memory (MB)          :        9    16000     16000 

	Job terminated of its own accord at 2024-07-24T19:31:09Z with exit-code 0.
...
000 (10261715.1834.000) 07/25 13:02:13 Job submitted from host: <188.185.114.121:9618?addrs=188.185.114.121-9618+[2001-1458-d00-a--100-273]-9618&alias=bigbird19.cern.ch&noUDP&sock=schedd_4961_696e>
...
009 (10261715.1834.000) 07/25 13:06:49 Job was aborted.
	via condor_rm (by user yelberke)
...
000 (10261767.1834.000) 07/25 13:20:24 Job submitted from host: <188.185.114.121:9618?addrs=188.185.114.121-9618+[2001-1458-d00-a--100-273]-9618&alias=bigbird19.cern.ch&noUDP&sock=schedd_4961_696e>
...
040 (10261767.1834.000) 07/25 14:24:56 Started transferring input files
	Transferring to host: <188.185.204.170:9618?addrs=188.185.204.170-9618+[2001-1458-303-8--100-9e]-9618&alias=b9p02p5024.cern.ch&noUDP&sock=slot1_8_7263_30c0_156692>
...
040 (10261767.1834.000) 07/25 14:24:56 Finished transferring input files
...
001 (10261767.1834.000) 07/25 14:24:57 Job executing on host: <188.185.204.170:9618?addrs=188.185.204.170-9618+[2001-1458-303-8--100-9e]-9618&alias=b9p02p5024.cern.ch&noUDP&sock=startd_7195_c001>
	SlotName: slot1_8@b9p02p5024.cern.ch
	CondorScratchDir = "/pool/condor/dir_2024237"
	Cpus = 12
	Disk = 2778452
	Memory = 24000
...
006 (10261767.1834.000) 07/25 14:24:59 Image size of job updated: 314924
	5  -  MemoryUsage of job (MB)
	4268  -  ResidentSetSize of job (KB)
...
040 (10261767.1834.000) 07/25 14:24:59 Started transferring output files
...
040 (10261767.1834.000) 07/25 14:24:59 Finished transferring output files
...
005 (10261767.1834.000) 07/25 14:24:59 Job terminated.
	(1) Normal termination (return value 139)
		Usr 0 00:00:01, Sys 0 00:00:00  -  Run Remote Usage
		Usr 0 00:00:00, Sys 0 00:00:00  -  Run Local Usage
		Usr 0 00:00:01, Sys 0 00:00:00  -  Total Remote Usage
		Usr 0 00:00:00, Sys 0 00:00:00  -  Total Local Usage
	2099  -  Run Bytes Sent By Job
	409597  -  Run Bytes Received By Job
	2099  -  Total Bytes Sent By Job
	409597  -  Total Bytes Received By Job
	Partitionable Resources :    Usage  Request Allocated 
	   Cpus                 :        0       12        12 
	   Disk (KB)            :      426      425   2778452 
	   Memory (MB)          :        5    24000     24000 

	Job terminated of its own accord at 2024-07-25T12:24:59Z with exit-code 139.
...
000 (10284266.1834.000) 08/02 15:45:58 Job submitted from host: <188.185.114.121:9618?addrs=188.185.114.121-9618+[2001-1458-d00-a--100-273]-9618&alias=bigbird19.cern.ch&noUDP&sock=schedd_4961_696e>
...
009 (10284266.1834.000) 08/02 15:49:28 Job was aborted.
	via condor_rm (by user yelberke)
...
000 (10284267.1834.000) 08/02 15:49:53 Job submitted from host: <188.185.114.121:9618?addrs=188.185.114.121-9618+[2001-1458-d00-a--100-273]-9618&alias=bigbird19.cern.ch&noUDP&sock=schedd_4961_696e>
...
040 (10284267.1834.000) 08/02 16:38:58 Started transferring input files
	Transferring to host: <128.142.51.215:9618?addrs=128.142.51.215-9618+[2001-1458-301-3--100-14]-9618&alias=b9g02p1339.cern.ch&noUDP&sock=slot1_3_2700322_e1a9_100>
...
040 (10284267.1834.000) 08/02 16:38:58 Finished transferring input files
...
001 (10284267.1834.000) 08/02 16:38:59 Job executing on host: <128.142.51.215:9618?addrs=128.142.51.215-9618+[2001-1458-301-3--100-14]-9618&alias=b9g02p1339.cern.ch&noUDP&sock=startd_5196_9a2f>
	SlotName: slot1_3@b9g02p1339.cern.ch
	CondorScratchDir = "/pool/condor/dir_2725620"
	Cpus = 12
	Disk = 3134920
	Memory = 24000
...
006 (10284267.1834.000) 08/02 16:39:00 Image size of job updated: 323380
	6  -  MemoryUsage of job (MB)
	6080  -  ResidentSetSize of job (KB)
...
040 (10284267.1834.000) 08/02 16:39:00 Started transferring output files
...
040 (10284267.1834.000) 08/02 16:39:00 Finished transferring output files
...
005 (10284267.1834.000) 08/02 16:39:00 Job terminated.
	(1) Normal termination (return value 139)
		Usr 0 00:00:02, Sys 0 00:00:00  -  Run Remote Usage
		Usr 0 00:00:00, Sys 0 00:00:00  -  Run Local Usage
		Usr 0 00:00:02, Sys 0 00:00:00  -  Total Remote Usage
		Usr 0 00:00:00, Sys 0 00:00:00  -  Total Local Usage
	7992  -  Run Bytes Sent By Job
	409597  -  Run Bytes Received By Job
	7992  -  Total Bytes Sent By Job
	409597  -  Total Bytes Received By Job
	Partitionable Resources :    Usage  Request Allocated 
	   Cpus                 :        0       12        12 
	   Disk (KB)            :      428      425   3134920 
	   Memory (MB)          :        6    24000     24000 

	Job terminated of its own accord at 2024-08-02T14:39:00Z with exit-code 139.
...
