000 (10252905.1836.000) 07/24 16:13:17 Job submitted from host: <188.185.114.121:9618?addrs=188.185.114.121-9618+[2001-1458-d00-a--100-273]-9618&alias=bigbird19.cern.ch&noUDP&sock=schedd_4961_696e>
...
009 (10252905.1836.000) 07/24 16:14:48 Job was aborted.
	via condor_rm (by user yelberke)
...
000 (10252906.1836.000) 07/24 16:15:37 Job submitted from host: <188.185.114.121:9618?addrs=188.185.114.121-9618+[2001-1458-d00-a--100-273]-9618&alias=bigbird19.cern.ch&noUDP&sock=schedd_4961_696e>
...
000 (10252907.1836.000) 07/24 16:17:31 Job submitted from host: <188.185.114.121:9618?addrs=188.185.114.121-9618+[2001-1458-d00-a--100-273]-9618&alias=bigbird19.cern.ch&noUDP&sock=schedd_4961_696e>
...
000 (10252908.1836.000) 07/24 16:18:05 Job submitted from host: <188.185.114.121:9618?addrs=188.185.114.121-9618+[2001-1458-d00-a--100-273]-9618&alias=bigbird19.cern.ch&noUDP&sock=schedd_4961_696e>
...
000 (10252909.1836.000) 07/24 16:18:40 Job submitted from host: <188.185.114.121:9618?addrs=188.185.114.121-9618+[2001-1458-d00-a--100-273]-9618&alias=bigbird19.cern.ch&noUDP&sock=schedd_4961_696e>
...
000 (10252910.1836.000) 07/24 16:19:06 Job submitted from host: <188.185.114.121:9618?addrs=188.185.114.121-9618+[2001-1458-d00-a--100-273]-9618&alias=bigbird19.cern.ch&noUDP&sock=schedd_4961_696e>
...
000 (10252911.1836.000) 07/24 16:19:19 Job submitted from host: <188.185.114.121:9618?addrs=188.185.114.121-9618+[2001-1458-d00-a--100-273]-9618&alias=bigbird19.cern.ch&noUDP&sock=schedd_4961_696e>
...
000 (10252912.1836.000) 07/24 16:19:32 Job submitted from host: <188.185.114.121:9618?addrs=188.185.114.121-9618+[2001-1458-d00-a--100-273]-9618&alias=bigbird19.cern.ch&noUDP&sock=schedd_4961_696e>
...
000 (10252913.1836.000) 07/24 16:19:44 Job submitted from host: <188.185.114.121:9618?addrs=188.185.114.121-9618+[2001-1458-d00-a--100-273]-9618&alias=bigbird19.cern.ch&noUDP&sock=schedd_4961_696e>
...
040 (10252906.1836.000) 07/24 16:31:01 Started transferring input files
	Transferring to host: <188.185.195.28:9618?addrs=188.185.195.28-9618+[2001-1458-303-22--100-18]-9618&alias=b9p17p5972.cern.ch&noUDP&sock=slot1_3_1929610_8e3c_7627>
...
040 (10252906.1836.000) 07/24 16:31:01 Finished transferring input files
...
001 (10252906.1836.000) 07/24 16:31:02 Job executing on host: <188.185.195.28:9618?addrs=188.185.195.28-9618+[2001-1458-303-22--100-18]-9618&alias=b9p17p5972.cern.ch&noUDP&sock=startd_127908_d3d9>
	SlotName: slot1_3@b9p17p5972.cern.ch
	CondorScratchDir = "/pool/condor/dir_3076693"
	Cpus = 8
	Disk = 2977564
	Memory = 16000
...
006 (10252906.1836.000) 07/24 16:31:10 Image size of job updated: 1
	0  -  MemoryUsage of job (MB)
	0  -  ResidentSetSize of job (KB)
...
006 (10252906.1836.000) 07/24 16:31:32 Image size of job updated: 158444
	8  -  MemoryUsage of job (MB)
	7612  -  ResidentSetSize of job (KB)
...
040 (10252906.1836.000) 07/24 16:31:32 Started transferring output files
...
040 (10252906.1836.000) 07/24 16:31:32 Finished transferring output files
...
005 (10252906.1836.000) 07/24 16:31:32 Job terminated.
	(1) Normal termination (return value 0)
		Usr 0 00:00:04, Sys 0 00:00:00  -  Run Remote Usage
		Usr 0 00:00:00, Sys 0 00:00:00  -  Run Local Usage
		Usr 0 00:00:04, Sys 0 00:00:00  -  Total Remote Usage
		Usr 0 00:00:00, Sys 0 00:00:00  -  Total Local Usage
	6204  -  Run Bytes Sent By Job
	409597  -  Run Bytes Received By Job
	6204  -  Total Bytes Sent By Job
	409597  -  Total Bytes Received By Job
	Partitionable Resources :    Usage  Request Allocated 
	   Cpus                 :        0        8         8 
	   Disk (KB)            :      426      425   2977564 
	   Memory (MB)          :        8    16000     16000 

	Job terminated of its own accord at 2024-07-24T14:31:32Z with exit-code 0.
...
040 (10252907.1836.000) 07/24 17:58:28 Started transferring input files
	Transferring to host: <188.185.205.217:9618?addrs=188.185.205.217-9618+[2001-1458-303-a--100-56]-9618&alias=b9p04p4590.cern.ch&noUDP&sock=slot1_19_7423_ecc7_154821>
...
040 (10252907.1836.000) 07/24 17:58:28 Finished transferring input files
...
001 (10252907.1836.000) 07/24 17:58:29 Job executing on host: <188.185.205.217:9618?addrs=188.185.205.217-9618+[2001-1458-303-a--100-56]-9618&alias=b9p04p4590.cern.ch&noUDP&sock=startd_7356_2ec0>
	SlotName: slot1_19@b9p04p4590.cern.ch
	CondorScratchDir = "/pool/condor/dir_2566182"
	Cpus = 8
	Disk = 2872826
	Memory = 16000
...
006 (10252907.1836.000) 07/24 17:58:37 Image size of job updated: 160024
	157  -  MemoryUsage of job (MB)
	160020  -  ResidentSetSize of job (KB)
...
040 (10252907.1836.000) 07/24 17:58:37 Started transferring output files
...
040 (10252907.1836.000) 07/24 17:58:37 Finished transferring output files
...
005 (10252907.1836.000) 07/24 17:58:37 Job terminated.
	(1) Normal termination (return value 0)
		Usr 0 00:00:05, Sys 0 00:00:00  -  Run Remote Usage
		Usr 0 00:00:00, Sys 0 00:00:00  -  Run Local Usage
		Usr 0 00:00:05, Sys 0 00:00:00  -  Total Remote Usage
		Usr 0 00:00:00, Sys 0 00:00:00  -  Total Local Usage
	6204  -  Run Bytes Sent By Job
	409597  -  Run Bytes Received By Job
	6204  -  Total Bytes Sent By Job
	409597  -  Total Bytes Received By Job
	Partitionable Resources :    Usage  Request Allocated 
	   Cpus                 :        0        8         8 
	   Disk (KB)            :      428      425   2872826 
	   Memory (MB)          :      157    16000     16000 

	Job terminated of its own accord at 2024-07-24T15:58:37Z with exit-code 0.
...
040 (10252908.1836.000) 07/24 19:01:55 Started transferring input files
	Transferring to host: <188.185.208.23:9618?addrs=188.185.208.23-9618+[2001-1458-303-f--100-14]-9618&alias=b9p09p8149.cern.ch&noUDP&sock=slot1_2_11983_db80_143892>
...
040 (10252908.1836.000) 07/24 19:01:55 Finished transferring input files
...
001 (10252908.1836.000) 07/24 19:01:57 Job executing on host: <188.185.208.23:9618?addrs=188.185.208.23-9618+[2001-1458-303-f--100-14]-9618&alias=b9p09p8149.cern.ch&noUDP&sock=startd_10662_d2da>
	SlotName: slot1_2@b9p09p8149.cern.ch
	CondorScratchDir = "/pool/condor/dir_2198209"
	Cpus = 8
	Disk = 2825853
	Memory = 16000
...
006 (10252908.1836.000) 07/24 19:02:01 Image size of job updated: 163496
	10  -  MemoryUsage of job (MB)
	9352  -  ResidentSetSize of job (KB)
...
040 (10252908.1836.000) 07/24 19:02:01 Started transferring output files
...
040 (10252908.1836.000) 07/24 19:02:01 Finished transferring output files
...
005 (10252908.1836.000) 07/24 19:02:01 Job terminated.
	(1) Normal termination (return value 0)
		Usr 0 00:00:03, Sys 0 00:00:00  -  Run Remote Usage
		Usr 0 00:00:00, Sys 0 00:00:00  -  Run Local Usage
		Usr 0 00:00:03, Sys 0 00:00:00  -  Total Remote Usage
		Usr 0 00:00:00, Sys 0 00:00:00  -  Total Local Usage
	6204  -  Run Bytes Sent By Job
	409597  -  Run Bytes Received By Job
	6204  -  Total Bytes Sent By Job
	409597  -  Total Bytes Received By Job
	Partitionable Resources :    Usage  Request Allocated 
	   Cpus                 :        0        8         8 
	   Disk (KB)            :      427      425   2825853 
	   Memory (MB)          :       10    16000     16000 

	Job terminated of its own accord at 2024-07-24T17:02:01Z with exit-code 0.
...
040 (10252909.1836.000) 07/24 20:04:55 Started transferring input files
	Transferring to host: <188.185.205.107:9618?addrs=188.185.205.107-9618+[2001-1458-303-9--100-68]-9618&alias=b9p03p1852.cern.ch&noUDP&sock=slot1_1_7657_cc90_71910>
...
040 (10252909.1836.000) 07/24 20:04:55 Finished transferring input files
...
001 (10252909.1836.000) 07/24 20:04:57 Job executing on host: <188.185.205.107:9618?addrs=188.185.205.107-9618+[2001-1458-303-9--100-68]-9618&alias=b9p03p1852.cern.ch&noUDP&sock=startd_6598_41f7>
	SlotName: slot1_1@b9p03p1852.cern.ch
	CondorScratchDir = "/pool/condor/dir_2032979"
	Cpus = 8
	Disk = 2770139
	Memory = 16000
...
006 (10252909.1836.000) 07/24 20:05:01 Image size of job updated: 158060
	8  -  MemoryUsage of job (MB)
	7640  -  ResidentSetSize of job (KB)
...
040 (10252909.1836.000) 07/24 20:05:02 Started transferring output files
...
040 (10252909.1836.000) 07/24 20:05:02 Finished transferring output files
...
005 (10252909.1836.000) 07/24 20:05:03 Job terminated.
	(1) Normal termination (return value 0)
		Usr 0 00:00:03, Sys 0 00:00:00  -  Run Remote Usage
		Usr 0 00:00:00, Sys 0 00:00:00  -  Run Local Usage
		Usr 0 00:00:03, Sys 0 00:00:00  -  Total Remote Usage
		Usr 0 00:00:00, Sys 0 00:00:00  -  Total Local Usage
	6204  -  Run Bytes Sent By Job
	409597  -  Run Bytes Received By Job
	6204  -  Total Bytes Sent By Job
	409597  -  Total Bytes Received By Job
	Partitionable Resources :    Usage  Request Allocated 
	   Cpus                 :        0        8         8 
	   Disk (KB)            :      428      425   2770139 
	   Memory (MB)          :        8    16000     16000 

	Job terminated of its own accord at 2024-07-24T18:05:01Z with exit-code 0.
...
040 (10252910.1836.000) 07/24 20:51:47 Started transferring input files
	Transferring to host: <188.185.206.150:9618?addrs=188.185.206.150-9618+[2001-1458-303-c--100-13]-9618&alias=b9p06p0480.cern.ch&noUDP&sock=slot1_17_4351_6c4a_85415>
...
040 (10252910.1836.000) 07/24 20:51:47 Finished transferring input files
...
001 (10252910.1836.000) 07/24 20:51:48 Job executing on host: <188.185.206.150:9618?addrs=188.185.206.150-9618+[2001-1458-303-c--100-13]-9618&alias=b9p06p0480.cern.ch&noUDP&sock=startd_3635_e2d9>
	SlotName: slot1_17@b9p06p0480.cern.ch
	CondorScratchDir = "/pool/condor/dir_739883"
	Cpus = 8
	Disk = 2808890
	Memory = 16000
...
006 (10252910.1836.000) 07/24 20:51:52 Image size of job updated: 163608
	10  -  MemoryUsage of job (MB)
	9684  -  ResidentSetSize of job (KB)
...
040 (10252910.1836.000) 07/24 20:51:52 Started transferring output files
...
040 (10252910.1836.000) 07/24 20:51:52 Finished transferring output files
...
005 (10252910.1836.000) 07/24 20:51:52 Job terminated.
	(1) Normal termination (return value 0)
		Usr 0 00:00:03, Sys 0 00:00:00  -  Run Remote Usage
		Usr 0 00:00:00, Sys 0 00:00:00  -  Run Local Usage
		Usr 0 00:00:03, Sys 0 00:00:00  -  Total Remote Usage
		Usr 0 00:00:00, Sys 0 00:00:00  -  Total Local Usage
	6201  -  Run Bytes Sent By Job
	409597  -  Run Bytes Received By Job
	6201  -  Total Bytes Sent By Job
	409597  -  Total Bytes Received By Job
	Partitionable Resources :    Usage  Request Allocated 
	   Cpus                 :        0        8         8 
	   Disk (KB)            :      428      425   2808890 
	   Memory (MB)          :       10    16000     16000 

	Job terminated of its own accord at 2024-07-24T18:51:52Z with exit-code 0.
...
040 (10252911.1836.000) 07/24 21:04:26 Started transferring input files
	Transferring to host: <188.185.195.134:9618?addrs=188.185.195.134-9618+[2001-1458-303-22--100-82]-9618&alias=b9p17p8202.cern.ch&noUDP&sock=slot1_1_184846_7a96_23958>
...
040 (10252911.1836.000) 07/24 21:04:26 Finished transferring input files
...
001 (10252911.1836.000) 07/24 21:04:27 Job executing on host: <188.185.195.134:9618?addrs=188.185.195.134-9618+[2001-1458-303-22--100-82]-9618&alias=b9p17p8202.cern.ch&noUDP&sock=startd_175039_c5fa>
	SlotName: slot1_1@b9p17p8202.cern.ch
	CondorScratchDir = "/pool/condor/dir_90214"
	Cpus = 8
	Disk = 2953113
	Memory = 16000
...
006 (10252911.1836.000) 07/24 21:04:33 Image size of job updated: 163892
	10  -  MemoryUsage of job (MB)
	9220  -  ResidentSetSize of job (KB)
...
040 (10252911.1836.000) 07/24 21:04:33 Started transferring output files
...
040 (10252911.1836.000) 07/24 21:04:33 Finished transferring output files
...
005 (10252911.1836.000) 07/24 21:04:33 Job terminated.
	(1) Normal termination (return value 0)
		Usr 0 00:00:04, Sys 0 00:00:00  -  Run Remote Usage
		Usr 0 00:00:00, Sys 0 00:00:00  -  Run Local Usage
		Usr 0 00:00:04, Sys 0 00:00:00  -  Total Remote Usage
		Usr 0 00:00:00, Sys 0 00:00:00  -  Total Local Usage
	6201  -  Run Bytes Sent By Job
	409597  -  Run Bytes Received By Job
	6201  -  Total Bytes Sent By Job
	409597  -  Total Bytes Received By Job
	Partitionable Resources :    Usage  Request Allocated 
	   Cpus                 :        0        8         8 
	   Disk (KB)            :      428      425   2953113 
	   Memory (MB)          :       10    16000     16000 

	Job terminated of its own accord at 2024-07-24T19:04:33Z with exit-code 0.
...
040 (10252912.1836.000) 07/24 21:18:16 Started transferring input files
	Transferring to host: <188.185.198.26:9618?addrs=188.185.198.26-9618+[2001-1458-303-25--100-16]-9618&alias=b9p15p5462.cern.ch&noUDP&sock=slot1_4_414428_c44e_6557>
...
040 (10252912.1836.000) 07/24 21:18:16 Finished transferring input files
...
001 (10252912.1836.000) 07/24 21:18:17 Job executing on host: <188.185.198.26:9618?addrs=188.185.198.26-9618+[2001-1458-303-25--100-16]-9618&alias=b9p15p5462.cern.ch&noUDP&sock=startd_127737_8928>
	SlotName: slot1_4@b9p15p5462.cern.ch
	CondorScratchDir = "/pool/condor/dir_534259"
	Cpus = 8
	Disk = 3022996
	Memory = 16000
...
006 (10252912.1836.000) 07/24 21:18:22 Image size of job updated: 165804
	11  -  MemoryUsage of job (MB)
	11144  -  ResidentSetSize of job (KB)
...
040 (10252912.1836.000) 07/24 21:18:22 Started transferring output files
...
040 (10252912.1836.000) 07/24 21:18:22 Finished transferring output files
...
005 (10252912.1836.000) 07/24 21:18:22 Job terminated.
	(1) Normal termination (return value 0)
		Usr 0 00:00:04, Sys 0 00:00:00  -  Run Remote Usage
		Usr 0 00:00:00, Sys 0 00:00:00  -  Run Local Usage
		Usr 0 00:00:04, Sys 0 00:00:00  -  Total Remote Usage
		Usr 0 00:00:00, Sys 0 00:00:00  -  Total Local Usage
	6204  -  Run Bytes Sent By Job
	409597  -  Run Bytes Received By Job
	6204  -  Total Bytes Sent By Job
	409597  -  Total Bytes Received By Job
	Partitionable Resources :    Usage  Request Allocated 
	   Cpus                 :        0        8         8 
	   Disk (KB)            :      428      425   3022996 
	   Memory (MB)          :       11    16000     16000 

	Job terminated of its own accord at 2024-07-24T19:18:22Z with exit-code 0.
...
040 (10252913.1836.000) 07/24 21:31:03 Started transferring input files
	Transferring to host: <188.185.205.199:9618?addrs=188.185.205.199-9618&alias=b9p04p8089.cern.ch&noUDP&sock=slot1_18_3928_6199_155358>
...
040 (10252913.1836.000) 07/24 21:31:03 Finished transferring input files
...
001 (10252913.1836.000) 07/24 21:31:04 Job executing on host: <188.185.205.199:9618?addrs=188.185.205.199-9618&alias=b9p04p8089.cern.ch&noUDP&sock=startd_3795_a200>
	SlotName: slot1_18@b9p04p8089.cern.ch
	CondorScratchDir = "/pool/condor/dir_1010895"
	Cpus = 8
	Disk = 2739472
	Memory = 16000
...
006 (10252913.1836.000) 07/24 21:31:08 Image size of job updated: 164724
	10  -  MemoryUsage of job (MB)
	10148  -  ResidentSetSize of job (KB)
...
040 (10252913.1836.000) 07/24 21:31:08 Started transferring output files
...
040 (10252913.1836.000) 07/24 21:31:08 Finished transferring output files
...
005 (10252913.1836.000) 07/24 21:31:08 Job terminated.
	(1) Normal termination (return value 0)
		Usr 0 00:00:03, Sys 0 00:00:00  -  Run Remote Usage
		Usr 0 00:00:00, Sys 0 00:00:00  -  Run Local Usage
		Usr 0 00:00:03, Sys 0 00:00:00  -  Total Remote Usage
		Usr 0 00:00:00, Sys 0 00:00:00  -  Total Local Usage
	6204  -  Run Bytes Sent By Job
	409597  -  Run Bytes Received By Job
	6204  -  Total Bytes Sent By Job
	409597  -  Total Bytes Received By Job
	Partitionable Resources :    Usage  Request Allocated 
	   Cpus                 :        0        8         8 
	   Disk (KB)            :      428      425   2739472 
	   Memory (MB)          :       10    16000     16000 

	Job terminated of its own accord at 2024-07-24T19:31:08Z with exit-code 0.
...
000 (10261715.1836.000) 07/25 13:02:13 Job submitted from host: <188.185.114.121:9618?addrs=188.185.114.121-9618+[2001-1458-d00-a--100-273]-9618&alias=bigbird19.cern.ch&noUDP&sock=schedd_4961_696e>
...
009 (10261715.1836.000) 07/25 13:06:49 Job was aborted.
	via condor_rm (by user yelberke)
...
000 (10261767.1836.000) 07/25 13:20:24 Job submitted from host: <188.185.114.121:9618?addrs=188.185.114.121-9618+[2001-1458-d00-a--100-273]-9618&alias=bigbird19.cern.ch&noUDP&sock=schedd_4961_696e>
...
040 (10261767.1836.000) 07/25 14:24:57 Started transferring input files
	Transferring to host: <188.185.208.220:9618?addrs=188.185.208.220-9618+[2001-1458-303-10--100-59]-9618&alias=b9p10p6632.cern.ch&noUDP&sock=slot1_7_6565_62e4_146789>
...
040 (10261767.1836.000) 07/25 14:24:57 Finished transferring input files
...
001 (10261767.1836.000) 07/25 14:24:58 Job executing on host: <188.185.208.220:9618?addrs=188.185.208.220-9618+[2001-1458-303-10--100-59]-9618&alias=b9p10p6632.cern.ch&noUDP&sock=startd_5300_f009>
	SlotName: slot1_7@b9p10p6632.cern.ch
	CondorScratchDir = "/pool/condor/dir_1239774"
	Cpus = 12
	Disk = 2862952
	Memory = 24000
...
006 (10261767.1836.000) 07/25 14:25:03 Image size of job updated: 190880
	35  -  MemoryUsage of job (MB)
	35176  -  ResidentSetSize of job (KB)
...
040 (10261767.1836.000) 07/25 14:25:03 Started transferring output files
...
040 (10261767.1836.000) 07/25 14:25:03 Finished transferring output files
...
005 (10261767.1836.000) 07/25 14:25:03 Job terminated.
	(1) Normal termination (return value 0)
		Usr 0 00:00:03, Sys 0 00:00:00  -  Run Remote Usage
		Usr 0 00:00:00, Sys 0 00:00:00  -  Run Local Usage
		Usr 0 00:00:03, Sys 0 00:00:00  -  Total Remote Usage
		Usr 0 00:00:00, Sys 0 00:00:00  -  Total Local Usage
	6676  -  Run Bytes Sent By Job
	409597  -  Run Bytes Received By Job
	6676  -  Total Bytes Sent By Job
	409597  -  Total Bytes Received By Job
	Partitionable Resources :    Usage  Request Allocated 
	   Cpus                 :        0       12        12 
	   Disk (KB)            :      428      425   2862952 
	   Memory (MB)          :       35    24000     24000 

	Job terminated of its own accord at 2024-07-25T12:25:03Z with exit-code 0.
...
000 (10284266.1836.000) 08/02 15:45:58 Job submitted from host: <188.185.114.121:9618?addrs=188.185.114.121-9618+[2001-1458-d00-a--100-273]-9618&alias=bigbird19.cern.ch&noUDP&sock=schedd_4961_696e>
...
009 (10284266.1836.000) 08/02 15:49:28 Job was aborted.
	via condor_rm (by user yelberke)
...
000 (10284267.1836.000) 08/02 15:49:53 Job submitted from host: <188.185.114.121:9618?addrs=188.185.114.121-9618+[2001-1458-d00-a--100-273]-9618&alias=bigbird19.cern.ch&noUDP&sock=schedd_4961_696e>
...
040 (10284267.1836.000) 08/02 16:38:59 Started transferring input files
	Transferring to host: <188.185.195.8:9618?addrs=188.185.195.8-9618+[2001-1458-303-22--100-4]-9618&alias=b9p17p3223.cern.ch&noUDP&sock=slot1_2_3929046_1856_64>
...
040 (10284267.1836.000) 08/02 16:38:59 Finished transferring input files
...
001 (10284267.1836.000) 08/02 16:39:00 Job executing on host: <188.185.195.8:9618?addrs=188.185.195.8-9618+[2001-1458-303-22--100-4]-9618&alias=b9p17p3223.cern.ch&noUDP&sock=startd_174921_d5cd>
	SlotName: slot1_2@b9p17p3223.cern.ch
	CondorScratchDir = "/pool/condor/dir_3952085"
	Cpus = 12
	Disk = 3066425
	Memory = 24000
...
006 (10284267.1836.000) 08/02 16:39:01 Image size of job updated: 316156
	3  -  MemoryUsage of job (MB)
	2672  -  ResidentSetSize of job (KB)
...
040 (10284267.1836.000) 08/02 16:39:01 Started transferring output files
...
040 (10284267.1836.000) 08/02 16:39:01 Finished transferring output files
...
005 (10284267.1836.000) 08/02 16:39:01 Job terminated.
	(1) Normal termination (return value 139)
		Usr 0 00:00:02, Sys 0 00:00:00  -  Run Remote Usage
		Usr 0 00:00:00, Sys 0 00:00:00  -  Run Local Usage
		Usr 0 00:00:02, Sys 0 00:00:00  -  Total Remote Usage
		Usr 0 00:00:00, Sys 0 00:00:00  -  Total Local Usage
	7696  -  Run Bytes Sent By Job
	409597  -  Run Bytes Received By Job
	7696  -  Total Bytes Sent By Job
	409597  -  Total Bytes Received By Job
	Partitionable Resources :    Usage  Request Allocated 
	   Cpus                 :        0       12        12 
	   Disk (KB)            :      428      425   3066425 
	   Memory (MB)          :        3    24000     24000 

	Job terminated of its own accord at 2024-08-02T14:39:01Z with exit-code 139.
...
