000 (10252905.1848.000) 07/24 16:13:17 Job submitted from host: <188.185.114.121:9618?addrs=188.185.114.121-9618+[2001-1458-d00-a--100-273]-9618&alias=bigbird19.cern.ch&noUDP&sock=schedd_4961_696e>
...
009 (10252905.1848.000) 07/24 16:14:48 Job was aborted.
	via condor_rm (by user yelberke)
...
000 (10252906.1848.000) 07/24 16:15:37 Job submitted from host: <188.185.114.121:9618?addrs=188.185.114.121-9618+[2001-1458-d00-a--100-273]-9618&alias=bigbird19.cern.ch&noUDP&sock=schedd_4961_696e>
...
000 (10252907.1848.000) 07/24 16:17:31 Job submitted from host: <188.185.114.121:9618?addrs=188.185.114.121-9618+[2001-1458-d00-a--100-273]-9618&alias=bigbird19.cern.ch&noUDP&sock=schedd_4961_696e>
...
000 (10252908.1848.000) 07/24 16:18:05 Job submitted from host: <188.185.114.121:9618?addrs=188.185.114.121-9618+[2001-1458-d00-a--100-273]-9618&alias=bigbird19.cern.ch&noUDP&sock=schedd_4961_696e>
...
000 (10252909.1848.000) 07/24 16:18:40 Job submitted from host: <188.185.114.121:9618?addrs=188.185.114.121-9618+[2001-1458-d00-a--100-273]-9618&alias=bigbird19.cern.ch&noUDP&sock=schedd_4961_696e>
...
000 (10252910.1848.000) 07/24 16:19:06 Job submitted from host: <188.185.114.121:9618?addrs=188.185.114.121-9618+[2001-1458-d00-a--100-273]-9618&alias=bigbird19.cern.ch&noUDP&sock=schedd_4961_696e>
...
000 (10252911.1848.000) 07/24 16:19:19 Job submitted from host: <188.185.114.121:9618?addrs=188.185.114.121-9618+[2001-1458-d00-a--100-273]-9618&alias=bigbird19.cern.ch&noUDP&sock=schedd_4961_696e>
...
000 (10252912.1848.000) 07/24 16:19:32 Job submitted from host: <188.185.114.121:9618?addrs=188.185.114.121-9618+[2001-1458-d00-a--100-273]-9618&alias=bigbird19.cern.ch&noUDP&sock=schedd_4961_696e>
...
000 (10252913.1848.000) 07/24 16:19:44 Job submitted from host: <188.185.114.121:9618?addrs=188.185.114.121-9618+[2001-1458-d00-a--100-273]-9618&alias=bigbird19.cern.ch&noUDP&sock=schedd_4961_696e>
...
040 (10252906.1848.000) 07/24 16:31:05 Started transferring input files
	Transferring to host: <188.185.193.116:9618?addrs=188.185.193.116-9618+[2001-1458-303-20--100-70]-9618&alias=b9p19p3501.cern.ch&noUDP&sock=slot1_4_1787515_c60a_75>
...
040 (10252906.1848.000) 07/24 16:31:05 Finished transferring input files
...
001 (10252906.1848.000) 07/24 16:31:06 Job executing on host: <188.185.193.116:9618?addrs=188.185.193.116-9618+[2001-1458-303-20--100-70]-9618&alias=b9p19p3501.cern.ch&noUDP&sock=startd_127841_df01>
	SlotName: slot1_4@b9p19p3501.cern.ch
	CondorScratchDir = "/pool/condor/dir_1829689"
	Cpus = 8
	Disk = 3070168
	Memory = 16000
...
006 (10252906.1848.000) 07/24 16:31:11 Image size of job updated: 158452
	8  -  MemoryUsage of job (MB)
	7512  -  ResidentSetSize of job (KB)
...
040 (10252906.1848.000) 07/24 16:31:11 Started transferring output files
...
040 (10252906.1848.000) 07/24 16:31:11 Finished transferring output files
...
005 (10252906.1848.000) 07/24 16:31:11 Job terminated.
	(1) Normal termination (return value 0)
		Usr 0 00:00:04, Sys 0 00:00:00  -  Run Remote Usage
		Usr 0 00:00:00, Sys 0 00:00:00  -  Run Local Usage
		Usr 0 00:00:04, Sys 0 00:00:00  -  Total Remote Usage
		Usr 0 00:00:00, Sys 0 00:00:00  -  Total Local Usage
	6204  -  Run Bytes Sent By Job
	409597  -  Run Bytes Received By Job
	6204  -  Total Bytes Sent By Job
	409597  -  Total Bytes Received By Job
	Partitionable Resources :    Usage  Request Allocated 
	   Cpus                 :        0        8         8 
	   Disk (KB)            :      427      425   3070168 
	   Memory (MB)          :        8    16000     16000 

	Job terminated of its own accord at 2024-07-24T14:31:11Z with exit-code 0.
...
040 (10252907.1848.000) 07/24 17:58:32 Started transferring input files
	Transferring to host: <188.185.205.150:9618?addrs=188.185.205.150-9618+[2001-1458-303-a--100-13]-9618&alias=b9p04p9410.cern.ch&noUDP&sock=slot1_33_3555_91aa_31165>
...
040 (10252907.1848.000) 07/24 17:58:32 Finished transferring input files
...
001 (10252907.1848.000) 07/24 17:58:33 Job executing on host: <188.185.205.150:9618?addrs=188.185.205.150-9618+[2001-1458-303-a--100-13]-9618&alias=b9p04p9410.cern.ch&noUDP&sock=startd_3196_c4c5>
	SlotName: slot1_33@b9p04p9410.cern.ch
	CondorScratchDir = "/pool/condor/dir_3260171"
	Cpus = 8
	Disk = 2805554
	Memory = 16000
...
006 (10252907.1848.000) 07/24 17:58:37 Image size of job updated: 158852
	8  -  MemoryUsage of job (MB)
	7640  -  ResidentSetSize of job (KB)
...
040 (10252907.1848.000) 07/24 17:58:37 Started transferring output files
...
040 (10252907.1848.000) 07/24 17:58:37 Finished transferring output files
...
005 (10252907.1848.000) 07/24 17:58:37 Job terminated.
	(1) Normal termination (return value 0)
		Usr 0 00:00:03, Sys 0 00:00:00  -  Run Remote Usage
		Usr 0 00:00:00, Sys 0 00:00:00  -  Run Local Usage
		Usr 0 00:00:03, Sys 0 00:00:00  -  Total Remote Usage
		Usr 0 00:00:00, Sys 0 00:00:00  -  Total Local Usage
	6204  -  Run Bytes Sent By Job
	409597  -  Run Bytes Received By Job
	6204  -  Total Bytes Sent By Job
	409597  -  Total Bytes Received By Job
	Partitionable Resources :    Usage  Request Allocated 
	   Cpus                 :        0        8         8 
	   Disk (KB)            :      428      425   2805554 
	   Memory (MB)          :        8    16000     16000 

	Job terminated of its own accord at 2024-07-24T15:58:37Z with exit-code 0.
...
040 (10252908.1848.000) 07/24 19:02:57 Started transferring input files
	Transferring to host: <188.185.204.253:9618?addrs=188.185.204.253-9618+[2001-1458-303-8--100-7a]-9618&alias=b9p02p8717.cern.ch&noUDP&sock=slot1_21_7342_da64_154112>
...
040 (10252908.1848.000) 07/24 19:02:58 Finished transferring input files
...
001 (10252908.1848.000) 07/24 19:02:59 Job executing on host: <188.185.204.253:9618?addrs=188.185.204.253-9618+[2001-1458-303-8--100-7a]-9618&alias=b9p02p8717.cern.ch&noUDP&sock=startd_7272_90cc>
	SlotName: slot1_21@b9p02p8717.cern.ch
	CondorScratchDir = "/pool/condor/dir_3147990"
	Cpus = 8
	Disk = 2777587
	Memory = 16000
...
006 (10252908.1848.000) 07/24 19:03:03 Image size of job updated: 168548
	12  -  MemoryUsage of job (MB)
	11912  -  ResidentSetSize of job (KB)
...
040 (10252908.1848.000) 07/24 19:03:03 Started transferring output files
...
040 (10252908.1848.000) 07/24 19:03:03 Finished transferring output files
...
005 (10252908.1848.000) 07/24 19:03:03 Job terminated.
	(1) Normal termination (return value 0)
		Usr 0 00:00:03, Sys 0 00:00:00  -  Run Remote Usage
		Usr 0 00:00:00, Sys 0 00:00:00  -  Run Local Usage
		Usr 0 00:00:03, Sys 0 00:00:00  -  Total Remote Usage
		Usr 0 00:00:00, Sys 0 00:00:00  -  Total Local Usage
	6204  -  Run Bytes Sent By Job
	409597  -  Run Bytes Received By Job
	6204  -  Total Bytes Sent By Job
	409597  -  Total Bytes Received By Job
	Partitionable Resources :    Usage  Request Allocated 
	   Cpus                 :        0        8         8 
	   Disk (KB)            :      428      425   2777587 
	   Memory (MB)          :       12    16000     16000 

	Job terminated of its own accord at 2024-07-24T17:03:03Z with exit-code 0.
...
040 (10252909.1848.000) 07/24 20:05:02 Started transferring input files
	Transferring to host: <188.185.198.16:9618?addrs=188.185.198.16-9618+[2001-1458-303-25--100-c]-9618&alias=b9p15p6846.cern.ch&noUDP&sock=slot1_41_1679189_4e95_3343>
...
040 (10252909.1848.000) 07/24 20:05:02 Finished transferring input files
...
001 (10252909.1848.000) 07/24 20:05:04 Job executing on host: <188.185.198.16:9618?addrs=188.185.198.16-9618+[2001-1458-303-25--100-c]-9618&alias=b9p15p6846.cern.ch&noUDP&sock=startd_127058_cc59>
	SlotName: slot1_41@b9p15p6846.cern.ch
	CondorScratchDir = "/pool/condor/dir_2899588"
	Cpus = 8
	Disk = 2957300
	Memory = 16000
...
006 (10252909.1848.000) 07/24 20:05:12 Image size of job updated: 148180
	145  -  MemoryUsage of job (MB)
	148180  -  ResidentSetSize of job (KB)
...
006 (10252909.1848.000) 07/24 20:05:12 Image size of job updated: 159584
	145  -  MemoryUsage of job (MB)
	148180  -  ResidentSetSize of job (KB)
...
040 (10252909.1848.000) 07/24 20:05:12 Started transferring output files
...
040 (10252909.1848.000) 07/24 20:05:13 Finished transferring output files
...
005 (10252909.1848.000) 07/24 20:05:13 Job terminated.
	(1) Normal termination (return value 0)
		Usr 0 00:00:06, Sys 0 00:00:00  -  Run Remote Usage
		Usr 0 00:00:00, Sys 0 00:00:00  -  Run Local Usage
		Usr 0 00:00:06, Sys 0 00:00:00  -  Total Remote Usage
		Usr 0 00:00:00, Sys 0 00:00:00  -  Total Local Usage
	6204  -  Run Bytes Sent By Job
	409597  -  Run Bytes Received By Job
	6204  -  Total Bytes Sent By Job
	409597  -  Total Bytes Received By Job
	Partitionable Resources :    Usage  Request Allocated 
	   Cpus                 :        0        8         8 
	   Disk (KB)            :      428      425   2957300 
	   Memory (MB)          :      145    16000     16000 

	Job terminated of its own accord at 2024-07-24T18:05:12Z with exit-code 0.
...
040 (10252910.1848.000) 07/24 20:51:52 Started transferring input files
	Transferring to host: <188.185.195.185:9618?addrs=188.185.195.185-9618+[2001-1458-303-22--100-b5]-9618&alias=b9p17p2560.cern.ch&noUDP&sock=slot1_14_176736_400c_25505>
...
040 (10252910.1848.000) 07/24 20:51:52 Finished transferring input files
...
001 (10252910.1848.000) 07/24 20:51:53 Job executing on host: <188.185.195.185:9618?addrs=188.185.195.185-9618+[2001-1458-303-22--100-b5]-9618&alias=b9p17p2560.cern.ch&noUDP&sock=startd_167101_f732>
	SlotName: slot1_14@b9p17p2560.cern.ch
	CondorScratchDir = "/pool/condor/dir_2461277"
	Cpus = 8
	Disk = 2925480
	Memory = 16000
...
006 (10252910.1848.000) 07/24 20:51:59 Image size of job updated: 162572
	9  -  MemoryUsage of job (MB)
	8444  -  ResidentSetSize of job (KB)
...
040 (10252910.1848.000) 07/24 20:51:59 Started transferring output files
...
040 (10252910.1848.000) 07/24 20:51:59 Finished transferring output files
...
005 (10252910.1848.000) 07/24 20:51:59 Job terminated.
	(1) Normal termination (return value 0)
		Usr 0 00:00:05, Sys 0 00:00:00  -  Run Remote Usage
		Usr 0 00:00:00, Sys 0 00:00:00  -  Run Local Usage
		Usr 0 00:00:05, Sys 0 00:00:00  -  Total Remote Usage
		Usr 0 00:00:00, Sys 0 00:00:00  -  Total Local Usage
	6201  -  Run Bytes Sent By Job
	409597  -  Run Bytes Received By Job
	6201  -  Total Bytes Sent By Job
	409597  -  Total Bytes Received By Job
	Partitionable Resources :    Usage  Request Allocated 
	   Cpus                 :        0        8         8 
	   Disk (KB)            :      428      425   2925480 
	   Memory (MB)          :        9    16000     16000 

	Job terminated of its own accord at 2024-07-24T18:51:59Z with exit-code 0.
...
040 (10252911.1848.000) 07/24 21:04:20 Started transferring input files
	Transferring to host: <188.185.205.20:9618?addrs=188.185.205.20-9618+[2001-1458-303-9--100-88]-9618&alias=b9p03p1252.cern.ch&noUDP&sock=slot1_1_4532_f431_155357>
...
040 (10252911.1848.000) 07/24 21:04:20 Finished transferring input files
...
001 (10252911.1848.000) 07/24 21:04:21 Job executing on host: <188.185.205.20:9618?addrs=188.185.205.20-9618+[2001-1458-303-9--100-88]-9618&alias=b9p03p1252.cern.ch&noUDP&sock=startd_3940_173c>
	SlotName: slot1_1@b9p03p1252.cern.ch
	CondorScratchDir = "/pool/condor/dir_1628783"
	Cpus = 8
	Disk = 2799218
	Memory = 16000
...
006 (10252911.1848.000) 07/24 21:04:25 Image size of job updated: 165364
	11  -  MemoryUsage of job (MB)
	10632  -  ResidentSetSize of job (KB)
...
040 (10252911.1848.000) 07/24 21:04:25 Started transferring output files
...
040 (10252911.1848.000) 07/24 21:04:25 Finished transferring output files
...
005 (10252911.1848.000) 07/24 21:04:25 Job terminated.
	(1) Normal termination (return value 0)
		Usr 0 00:00:03, Sys 0 00:00:00  -  Run Remote Usage
		Usr 0 00:00:00, Sys 0 00:00:00  -  Run Local Usage
		Usr 0 00:00:03, Sys 0 00:00:00  -  Total Remote Usage
		Usr 0 00:00:00, Sys 0 00:00:00  -  Total Local Usage
	6201  -  Run Bytes Sent By Job
	409597  -  Run Bytes Received By Job
	6201  -  Total Bytes Sent By Job
	409597  -  Total Bytes Received By Job
	Partitionable Resources :    Usage  Request Allocated 
	   Cpus                 :        0        8         8 
	   Disk (KB)            :      428      425   2799218 
	   Memory (MB)          :       11    16000     16000 

	Job terminated of its own accord at 2024-07-24T19:04:25Z with exit-code 0.
...
040 (10252912.1848.000) 07/24 21:18:20 Started transferring input files
	Transferring to host: <188.185.207.204:9618?addrs=188.185.207.204-9618+[2001-1458-303-e--100-49]-9618&alias=b9p08p5225.cern.ch&noUDP&sock=slot1_11_13348_9f98_142673>
...
040 (10252912.1848.000) 07/24 21:18:20 Finished transferring input files
...
001 (10252912.1848.000) 07/24 21:18:21 Job executing on host: <188.185.207.204:9618?addrs=188.185.207.204-9618+[2001-1458-303-e--100-49]-9618&alias=b9p08p5225.cern.ch&noUDP&sock=startd_5173_d382>
	SlotName: slot1_11@b9p08p5225.cern.ch
	CondorScratchDir = "/pool/condor/dir_1477894"
	Cpus = 8
	Disk = 2834850
	Memory = 16000
...
006 (10252912.1848.000) 07/24 21:18:25 Image size of job updated: 164164
	10  -  MemoryUsage of job (MB)
	10212  -  ResidentSetSize of job (KB)
...
040 (10252912.1848.000) 07/24 21:18:25 Started transferring output files
...
040 (10252912.1848.000) 07/24 21:18:25 Finished transferring output files
...
005 (10252912.1848.000) 07/24 21:18:25 Job terminated.
	(1) Normal termination (return value 0)
		Usr 0 00:00:03, Sys 0 00:00:00  -  Run Remote Usage
		Usr 0 00:00:00, Sys 0 00:00:00  -  Run Local Usage
		Usr 0 00:00:03, Sys 0 00:00:00  -  Total Remote Usage
		Usr 0 00:00:00, Sys 0 00:00:00  -  Total Local Usage
	6204  -  Run Bytes Sent By Job
	409597  -  Run Bytes Received By Job
	6204  -  Total Bytes Sent By Job
	409597  -  Total Bytes Received By Job
	Partitionable Resources :    Usage  Request Allocated 
	   Cpus                 :        0        8         8 
	   Disk (KB)            :      428      425   2834850 
	   Memory (MB)          :       10    16000     16000 

	Job terminated of its own accord at 2024-07-24T19:18:25Z with exit-code 0.
...
040 (10252913.1848.000) 07/24 21:31:13 Started transferring input files
	Transferring to host: <188.185.215.153:9618?addrs=188.185.215.153-9618+[2001-1458-303-26--100-15]-9618&alias=b9p18p4537.cern.ch&noUDP&sock=slot1_8_8377_1aae_3038>
...
040 (10252913.1848.000) 07/24 21:31:13 Finished transferring input files
...
001 (10252913.1848.000) 07/24 21:31:14 Job executing on host: <188.185.215.153:9618?addrs=188.185.215.153-9618+[2001-1458-303-26--100-15]-9618&alias=b9p18p4537.cern.ch&noUDP&sock=startd_127705_9620>
	SlotName: slot1_8@b9p18p4537.cern.ch
	CondorScratchDir = "/pool/condor/dir_1583072"
	Cpus = 8
	Disk = 3047506
	Memory = 16000
...
006 (10252913.1848.000) 07/24 21:31:19 Image size of job updated: 162656
	9  -  MemoryUsage of job (MB)
	8496  -  ResidentSetSize of job (KB)
...
040 (10252913.1848.000) 07/24 21:31:19 Started transferring output files
...
040 (10252913.1848.000) 07/24 21:31:19 Finished transferring output files
...
005 (10252913.1848.000) 07/24 21:31:19 Job terminated.
	(1) Normal termination (return value 0)
		Usr 0 00:00:04, Sys 0 00:00:00  -  Run Remote Usage
		Usr 0 00:00:00, Sys 0 00:00:00  -  Run Local Usage
		Usr 0 00:00:04, Sys 0 00:00:00  -  Total Remote Usage
		Usr 0 00:00:00, Sys 0 00:00:00  -  Total Local Usage
	6204  -  Run Bytes Sent By Job
	409597  -  Run Bytes Received By Job
	6204  -  Total Bytes Sent By Job
	409597  -  Total Bytes Received By Job
	Partitionable Resources :    Usage  Request Allocated 
	   Cpus                 :        0        8         8 
	   Disk (KB)            :      428      425   3047506 
	   Memory (MB)          :        9    16000     16000 

	Job terminated of its own accord at 2024-07-24T19:31:19Z with exit-code 0.
...
000 (10261715.1848.000) 07/25 13:02:14 Job submitted from host: <188.185.114.121:9618?addrs=188.185.114.121-9618+[2001-1458-d00-a--100-273]-9618&alias=bigbird19.cern.ch&noUDP&sock=schedd_4961_696e>
...
009 (10261715.1848.000) 07/25 13:06:49 Job was aborted.
	via condor_rm (by user yelberke)
...
000 (10261767.1848.000) 07/25 13:20:24 Job submitted from host: <188.185.114.121:9618?addrs=188.185.114.121-9618+[2001-1458-d00-a--100-273]-9618&alias=bigbird19.cern.ch&noUDP&sock=schedd_4961_696e>
...
040 (10261767.1848.000) 07/25 14:25:02 Started transferring input files
	Transferring to host: <188.185.204.169:9618?addrs=188.185.204.169-9618+[2001-1458-303-8--100-9d]-9618&alias=b9p02p9794.cern.ch&noUDP&sock=slot1_2_7026_33d7_156044>
...
040 (10261767.1848.000) 07/25 14:25:02 Finished transferring input files
...
001 (10261767.1848.000) 07/25 14:25:03 Job executing on host: <188.185.204.169:9618?addrs=188.185.204.169-9618+[2001-1458-303-8--100-9d]-9618&alias=b9p02p9794.cern.ch&noUDP&sock=startd_6869_2421>
	SlotName: slot1_2@b9p02p9794.cern.ch
	CondorScratchDir = "/pool/condor/dir_808261"
	Cpus = 12
	Disk = 2709697
	Memory = 24000
...
006 (10261767.1848.000) 07/25 14:25:06 Image size of job updated: 347972
	38  -  MemoryUsage of job (MB)
	38860  -  ResidentSetSize of job (KB)
...
040 (10261767.1848.000) 07/25 14:25:06 Started transferring output files
...
040 (10261767.1848.000) 07/25 14:25:06 Finished transferring output files
...
005 (10261767.1848.000) 07/25 14:25:06 Job terminated.
	(1) Normal termination (return value 139)
		Usr 0 00:00:01, Sys 0 00:00:00  -  Run Remote Usage
		Usr 0 00:00:00, Sys 0 00:00:00  -  Run Local Usage
		Usr 0 00:00:01, Sys 0 00:00:00  -  Total Remote Usage
		Usr 0 00:00:00, Sys 0 00:00:00  -  Total Local Usage
	2099  -  Run Bytes Sent By Job
	409597  -  Run Bytes Received By Job
	2099  -  Total Bytes Sent By Job
	409597  -  Total Bytes Received By Job
	Partitionable Resources :    Usage  Request Allocated 
	   Cpus                 :        0       12        12 
	   Disk (KB)            :      426      425   2709697 
	   Memory (MB)          :       38    24000     24000 

	Job terminated of its own accord at 2024-07-25T12:25:06Z with exit-code 139.
...
000 (10284266.1848.000) 08/02 15:45:59 Job submitted from host: <188.185.114.121:9618?addrs=188.185.114.121-9618+[2001-1458-d00-a--100-273]-9618&alias=bigbird19.cern.ch&noUDP&sock=schedd_4961_696e>
...
009 (10284266.1848.000) 08/02 15:49:28 Job was aborted.
	via condor_rm (by user yelberke)
...
000 (10284267.1848.000) 08/02 15:49:53 Job submitted from host: <188.185.114.121:9618?addrs=188.185.114.121-9618+[2001-1458-d00-a--100-273]-9618&alias=bigbird19.cern.ch&noUDP&sock=schedd_4961_696e>
...
040 (10284267.1848.000) 08/02 16:39:04 Started transferring input files
	Transferring to host: <188.185.192.29:9618?addrs=188.185.192.29-9618+[2001-1458-303-1f--100-19]-9618&alias=b9p13p1663.cern.ch&noUDP&sock=slot1_3_610342_e72c_105>
...
040 (10284267.1848.000) 08/02 16:39:04 Finished transferring input files
...
001 (10284267.1848.000) 08/02 16:39:05 Job executing on host: <188.185.192.29:9618?addrs=188.185.192.29-9618+[2001-1458-303-1f--100-19]-9618&alias=b9p13p1663.cern.ch&noUDP&sock=startd_128315_fee5>
	SlotName: slot1_3@b9p13p1663.cern.ch
	CondorScratchDir = "/pool/condor/dir_636696"
	Cpus = 12
	Disk = 3113891
	Memory = 24000
...
006 (10284267.1848.000) 08/02 16:39:13 Image size of job updated: 1
	0  -  MemoryUsage of job (MB)
	0  -  ResidentSetSize of job (KB)
...
006 (10284267.1848.000) 08/02 16:39:32 Image size of job updated: 316648
	5  -  MemoryUsage of job (MB)
	4936  -  ResidentSetSize of job (KB)
...
040 (10284267.1848.000) 08/02 16:39:32 Started transferring output files
...
040 (10284267.1848.000) 08/02 16:39:32 Finished transferring output files
...
005 (10284267.1848.000) 08/02 16:39:32 Job terminated.
	(1) Normal termination (return value 139)
		Usr 0 00:00:02, Sys 0 00:00:00  -  Run Remote Usage
		Usr 0 00:00:00, Sys 0 00:00:00  -  Run Local Usage
		Usr 0 00:00:02, Sys 0 00:00:00  -  Total Remote Usage
		Usr 0 00:00:00, Sys 0 00:00:00  -  Total Local Usage
	7696  -  Run Bytes Sent By Job
	409597  -  Run Bytes Received By Job
	7696  -  Total Bytes Sent By Job
	409597  -  Total Bytes Received By Job
	Partitionable Resources :    Usage  Request Allocated 
	   Cpus                 :        0       12        12 
	   Disk (KB)            :      428      425   3113891 
	   Memory (MB)          :        5    24000     24000 

	Job terminated of its own accord at 2024-08-02T14:39:32Z with exit-code 139.
...
