000 (10252905.1892.000) 07/24 16:13:17 Job submitted from host: <188.185.114.121:9618?addrs=188.185.114.121-9618+[2001-1458-d00-a--100-273]-9618&alias=bigbird19.cern.ch&noUDP&sock=schedd_4961_696e>
...
009 (10252905.1892.000) 07/24 16:14:48 Job was aborted.
	via condor_rm (by user yelberke)
...
000 (10252906.1892.000) 07/24 16:15:37 Job submitted from host: <188.185.114.121:9618?addrs=188.185.114.121-9618+[2001-1458-d00-a--100-273]-9618&alias=bigbird19.cern.ch&noUDP&sock=schedd_4961_696e>
...
000 (10252907.1892.000) 07/24 16:17:31 Job submitted from host: <188.185.114.121:9618?addrs=188.185.114.121-9618+[2001-1458-d00-a--100-273]-9618&alias=bigbird19.cern.ch&noUDP&sock=schedd_4961_696e>
...
000 (10252908.1892.000) 07/24 16:18:05 Job submitted from host: <188.185.114.121:9618?addrs=188.185.114.121-9618+[2001-1458-d00-a--100-273]-9618&alias=bigbird19.cern.ch&noUDP&sock=schedd_4961_696e>
...
000 (10252909.1892.000) 07/24 16:18:40 Job submitted from host: <188.185.114.121:9618?addrs=188.185.114.121-9618+[2001-1458-d00-a--100-273]-9618&alias=bigbird19.cern.ch&noUDP&sock=schedd_4961_696e>
...
000 (10252910.1892.000) 07/24 16:19:06 Job submitted from host: <188.185.114.121:9618?addrs=188.185.114.121-9618+[2001-1458-d00-a--100-273]-9618&alias=bigbird19.cern.ch&noUDP&sock=schedd_4961_696e>
...
000 (10252911.1892.000) 07/24 16:19:19 Job submitted from host: <188.185.114.121:9618?addrs=188.185.114.121-9618+[2001-1458-d00-a--100-273]-9618&alias=bigbird19.cern.ch&noUDP&sock=schedd_4961_696e>
...
000 (10252912.1892.000) 07/24 16:19:32 Job submitted from host: <188.185.114.121:9618?addrs=188.185.114.121-9618+[2001-1458-d00-a--100-273]-9618&alias=bigbird19.cern.ch&noUDP&sock=schedd_4961_696e>
...
000 (10252913.1892.000) 07/24 16:19:44 Job submitted from host: <188.185.114.121:9618?addrs=188.185.114.121-9618+[2001-1458-d00-a--100-273]-9618&alias=bigbird19.cern.ch&noUDP&sock=schedd_4961_696e>
...
040 (10252906.1892.000) 07/24 16:31:24 Started transferring input files
	Transferring to host: <188.185.196.65:9618?addrs=188.185.196.65-9618+[2001-1458-303-23--100-3d]-9618&alias=b9p16p1796.cern.ch&noUDP&sock=slot1_1_1768268_855b_4838>
...
040 (10252906.1892.000) 07/24 16:31:24 Finished transferring input files
...
001 (10252906.1892.000) 07/24 16:31:25 Job executing on host: <188.185.196.65:9618?addrs=188.185.196.65-9618+[2001-1458-303-23--100-3d]-9618&alias=b9p16p1796.cern.ch&noUDP&sock=startd_175330_6009>
	SlotName: slot1_1@b9p16p1796.cern.ch
	CondorScratchDir = "/pool/condor/dir_1196880"
	Cpus = 8
	Disk = 2873869
	Memory = 16000
...
006 (10252906.1892.000) 07/24 16:31:32 Image size of job updated: 156816
	7  -  MemoryUsage of job (MB)
	6352  -  ResidentSetSize of job (KB)
...
040 (10252906.1892.000) 07/24 16:31:32 Started transferring output files
...
040 (10252906.1892.000) 07/24 16:31:32 Finished transferring output files
...
005 (10252906.1892.000) 07/24 16:31:32 Job terminated.
	(1) Normal termination (return value 0)
		Usr 0 00:00:06, Sys 0 00:00:00  -  Run Remote Usage
		Usr 0 00:00:00, Sys 0 00:00:00  -  Run Local Usage
		Usr 0 00:00:06, Sys 0 00:00:00  -  Total Remote Usage
		Usr 0 00:00:00, Sys 0 00:00:00  -  Total Local Usage
	6204  -  Run Bytes Sent By Job
	409597  -  Run Bytes Received By Job
	6204  -  Total Bytes Sent By Job
	409597  -  Total Bytes Received By Job
	Partitionable Resources :    Usage  Request Allocated 
	   Cpus                 :        0        8         8 
	   Disk (KB)            :      428      425   2873869 
	   Memory (MB)          :        7    16000     16000 

	Job terminated of its own accord at 2024-07-24T14:31:32Z with exit-code 0.
...
040 (10252907.1892.000) 07/24 17:58:47 Started transferring input files
	Transferring to host: <188.185.208.145:9618?addrs=188.185.208.145-9618+[2001-1458-303-10--100-e]-9618&alias=b9p10p1680.cern.ch&noUDP&sock=slot1_9_12955_b828_25339>
...
040 (10252907.1892.000) 07/24 17:58:47 Finished transferring input files
...
001 (10252907.1892.000) 07/24 17:58:48 Job executing on host: <188.185.208.145:9618?addrs=188.185.208.145-9618+[2001-1458-303-10--100-e]-9618&alias=b9p10p1680.cern.ch&noUDP&sock=startd_11975_6eb4>
	SlotName: slot1_9@b9p10p1680.cern.ch
	CondorScratchDir = "/pool/condor/dir_3407667"
	Cpus = 8
	Disk = 2833060
	Memory = 16000
...
006 (10252907.1892.000) 07/24 17:58:52 Image size of job updated: 159876
	8  -  MemoryUsage of job (MB)
	7388  -  ResidentSetSize of job (KB)
...
040 (10252907.1892.000) 07/24 17:58:52 Started transferring output files
...
040 (10252907.1892.000) 07/24 17:58:52 Finished transferring output files
...
005 (10252907.1892.000) 07/24 17:58:52 Job terminated.
	(1) Normal termination (return value 0)
		Usr 0 00:00:03, Sys 0 00:00:00  -  Run Remote Usage
		Usr 0 00:00:00, Sys 0 00:00:00  -  Run Local Usage
		Usr 0 00:00:03, Sys 0 00:00:00  -  Total Remote Usage
		Usr 0 00:00:00, Sys 0 00:00:00  -  Total Local Usage
	6204  -  Run Bytes Sent By Job
	409597  -  Run Bytes Received By Job
	6204  -  Total Bytes Sent By Job
	409597  -  Total Bytes Received By Job
	Partitionable Resources :    Usage  Request Allocated 
	   Cpus                 :        0        8         8 
	   Disk (KB)            :      428      425   2833060 
	   Memory (MB)          :        8    16000     16000 

	Job terminated of its own accord at 2024-07-24T15:58:52Z with exit-code 0.
...
040 (10252908.1892.000) 07/24 19:02:20 Started transferring input files
	Transferring to host: <188.185.205.179:9618?addrs=188.185.205.179-9618+[2001-1458-303-a--100-30]-9618&alias=b9p04p5046.cern.ch&noUDP&sock=slot1_8_7364_5aa5_154238>
...
040 (10252908.1892.000) 07/24 19:02:20 Finished transferring input files
...
001 (10252908.1892.000) 07/24 19:02:21 Job executing on host: <188.185.205.179:9618?addrs=188.185.205.179-9618+[2001-1458-303-a--100-30]-9618&alias=b9p04p5046.cern.ch&noUDP&sock=startd_7297_b6aa>
	SlotName: slot1_8@b9p04p5046.cern.ch
	CondorScratchDir = "/pool/condor/dir_2506172"
	Cpus = 8
	Disk = 2665706
	Memory = 16000
...
006 (10252908.1892.000) 07/24 19:02:25 Image size of job updated: 165444
	11  -  MemoryUsage of job (MB)
	10724  -  ResidentSetSize of job (KB)
...
040 (10252908.1892.000) 07/24 19:02:25 Started transferring output files
...
040 (10252908.1892.000) 07/24 19:02:25 Finished transferring output files
...
005 (10252908.1892.000) 07/24 19:02:25 Job terminated.
	(1) Normal termination (return value 0)
		Usr 0 00:00:03, Sys 0 00:00:00  -  Run Remote Usage
		Usr 0 00:00:00, Sys 0 00:00:00  -  Run Local Usage
		Usr 0 00:00:03, Sys 0 00:00:00  -  Total Remote Usage
		Usr 0 00:00:00, Sys 0 00:00:00  -  Total Local Usage
	6204  -  Run Bytes Sent By Job
	409597  -  Run Bytes Received By Job
	6204  -  Total Bytes Sent By Job
	409597  -  Total Bytes Received By Job
	Partitionable Resources :    Usage  Request Allocated 
	   Cpus                 :        0        8         8 
	   Disk (KB)            :      427      425   2665706 
	   Memory (MB)          :       11    16000     16000 

	Job terminated of its own accord at 2024-07-24T17:02:25Z with exit-code 0.
...
040 (10252909.1892.000) 07/24 20:05:17 Started transferring input files
	Transferring to host: <188.185.208.52:9618?addrs=188.185.208.52-9618+[2001-1458-303-f--100-31]-9618&alias=b9p09p4575.cern.ch&noUDP&sock=slot1_27_128918_24b3_146196>
...
040 (10252909.1892.000) 07/24 20:05:17 Finished transferring input files
...
001 (10252909.1892.000) 07/24 20:05:18 Job executing on host: <188.185.208.52:9618?addrs=188.185.208.52-9618+[2001-1458-303-f--100-31]-9618&alias=b9p09p4575.cern.ch&noUDP&sock=startd_116323_7b2c>
	SlotName: slot1_27@b9p09p4575.cern.ch
	CondorScratchDir = "/pool/condor/dir_3070930"
	Cpus = 8
	Disk = 2857596
	Memory = 16000
...
006 (10252909.1892.000) 07/24 20:05:22 Image size of job updated: 158420
	8  -  MemoryUsage of job (MB)
	7676  -  ResidentSetSize of job (KB)
...
040 (10252909.1892.000) 07/24 20:05:22 Started transferring output files
...
040 (10252909.1892.000) 07/24 20:05:22 Finished transferring output files
...
005 (10252909.1892.000) 07/24 20:05:22 Job terminated.
	(1) Normal termination (return value 0)
		Usr 0 00:00:03, Sys 0 00:00:00  -  Run Remote Usage
		Usr 0 00:00:00, Sys 0 00:00:00  -  Run Local Usage
		Usr 0 00:00:03, Sys 0 00:00:00  -  Total Remote Usage
		Usr 0 00:00:00, Sys 0 00:00:00  -  Total Local Usage
	6204  -  Run Bytes Sent By Job
	409597  -  Run Bytes Received By Job
	6204  -  Total Bytes Sent By Job
	409597  -  Total Bytes Received By Job
	Partitionable Resources :    Usage  Request Allocated 
	   Cpus                 :        0        8         8 
	   Disk (KB)            :      428      425   2857596 
	   Memory (MB)          :        8    16000     16000 

	Job terminated of its own accord at 2024-07-24T18:05:22Z with exit-code 0.
...
040 (10252910.1892.000) 07/24 20:52:07 Started transferring input files
	Transferring to host: <188.185.206.161:9618?addrs=188.185.206.161-9618+[2001-1458-303-c--100-1e]-9618&alias=b9p06p4981.cern.ch&noUDP&sock=slot1_1_7395_3246_155171>
...
040 (10252910.1892.000) 07/24 20:52:07 Finished transferring input files
...
001 (10252910.1892.000) 07/24 20:52:08 Job executing on host: <188.185.206.161:9618?addrs=188.185.206.161-9618+[2001-1458-303-c--100-1e]-9618&alias=b9p06p4981.cern.ch&noUDP&sock=startd_7325_eb51>
	SlotName: slot1_1@b9p06p4981.cern.ch
	CondorScratchDir = "/pool/condor/dir_4189133"
	Cpus = 8
	Disk = 2862774
	Memory = 16000
...
006 (10252910.1892.000) 07/24 20:52:12 Image size of job updated: 164604
	10  -  MemoryUsage of job (MB)
	9676  -  ResidentSetSize of job (KB)
...
040 (10252910.1892.000) 07/24 20:52:12 Started transferring output files
...
040 (10252910.1892.000) 07/24 20:52:12 Finished transferring output files
...
005 (10252910.1892.000) 07/24 20:52:12 Job terminated.
	(1) Normal termination (return value 0)
		Usr 0 00:00:03, Sys 0 00:00:00  -  Run Remote Usage
		Usr 0 00:00:00, Sys 0 00:00:00  -  Run Local Usage
		Usr 0 00:00:03, Sys 0 00:00:00  -  Total Remote Usage
		Usr 0 00:00:00, Sys 0 00:00:00  -  Total Local Usage
	6201  -  Run Bytes Sent By Job
	409597  -  Run Bytes Received By Job
	6201  -  Total Bytes Sent By Job
	409597  -  Total Bytes Received By Job
	Partitionable Resources :    Usage  Request Allocated 
	   Cpus                 :        0        8         8 
	   Disk (KB)            :      428      425   2862774 
	   Memory (MB)          :       10    16000     16000 

	Job terminated of its own accord at 2024-07-24T18:52:12Z with exit-code 0.
...
040 (10252911.1892.000) 07/24 21:04:38 Started transferring input files
	Transferring to host: <188.185.198.39:9618?addrs=188.185.198.39-9618+[2001-1458-303-25--100-23]-9618&alias=b9p15p8654.cern.ch&noUDP&sock=slot1_2_138190_1b2d_31557>
...
040 (10252911.1892.000) 07/24 21:04:38 Finished transferring input files
...
001 (10252911.1892.000) 07/24 21:04:39 Job executing on host: <188.185.198.39:9618?addrs=188.185.198.39-9618+[2001-1458-303-25--100-23]-9618&alias=b9p15p8654.cern.ch&noUDP&sock=startd_127822_d6b4>
	SlotName: slot1_2@b9p15p8654.cern.ch
	CondorScratchDir = "/pool/condor/dir_2497440"
	Cpus = 8
	Disk = 2898602
	Memory = 16000
...
006 (10252911.1892.000) 07/24 21:04:48 Image size of job updated: 163380
	160  -  MemoryUsage of job (MB)
	163364  -  ResidentSetSize of job (KB)
...
006 (10252911.1892.000) 07/24 21:04:48 Image size of job updated: 164084
	160  -  MemoryUsage of job (MB)
	163364  -  ResidentSetSize of job (KB)
...
040 (10252911.1892.000) 07/24 21:04:48 Started transferring output files
...
040 (10252911.1892.000) 07/24 21:04:48 Finished transferring output files
...
005 (10252911.1892.000) 07/24 21:04:48 Job terminated.
	(1) Normal termination (return value 0)
		Usr 0 00:00:08, Sys 0 00:00:00  -  Run Remote Usage
		Usr 0 00:00:00, Sys 0 00:00:00  -  Run Local Usage
		Usr 0 00:00:08, Sys 0 00:00:00  -  Total Remote Usage
		Usr 0 00:00:00, Sys 0 00:00:00  -  Total Local Usage
	6201  -  Run Bytes Sent By Job
	409597  -  Run Bytes Received By Job
	6201  -  Total Bytes Sent By Job
	409597  -  Total Bytes Received By Job
	Partitionable Resources :    Usage  Request Allocated 
	   Cpus                 :        0        8         8 
	   Disk (KB)            :      427      425   2898602 
	   Memory (MB)          :      160    16000     16000 

	Job terminated of its own accord at 2024-07-24T19:04:48Z with exit-code 0.
...
040 (10252912.1892.000) 07/24 21:18:35 Started transferring input files
	Transferring to host: <188.185.204.139:9618?addrs=188.185.204.139-9618+[2001-1458-303-8--100-7f]-9618&alias=b9p02p2256.cern.ch&noUDP&sock=slot1_23_6806_314e_156655>
...
040 (10252912.1892.000) 07/24 21:18:35 Finished transferring input files
...
001 (10252912.1892.000) 07/24 21:18:36 Job executing on host: <188.185.204.139:9618?addrs=188.185.204.139-9618+[2001-1458-303-8--100-7f]-9618&alias=b9p02p2256.cern.ch&noUDP&sock=startd_6736_ea08>
	SlotName: slot1_23@b9p02p2256.cern.ch
	CondorScratchDir = "/pool/condor/dir_559128"
	Cpus = 8
	Disk = 2820026
	Memory = 16000
...
006 (10252912.1892.000) 07/24 21:18:41 Image size of job updated: 164200
	10  -  MemoryUsage of job (MB)
	9872  -  ResidentSetSize of job (KB)
...
040 (10252912.1892.000) 07/24 21:18:41 Started transferring output files
...
040 (10252912.1892.000) 07/24 21:18:41 Finished transferring output files
...
005 (10252912.1892.000) 07/24 21:18:41 Job terminated.
	(1) Normal termination (return value 0)
		Usr 0 00:00:03, Sys 0 00:00:00  -  Run Remote Usage
		Usr 0 00:00:00, Sys 0 00:00:00  -  Run Local Usage
		Usr 0 00:00:03, Sys 0 00:00:00  -  Total Remote Usage
		Usr 0 00:00:00, Sys 0 00:00:00  -  Total Local Usage
	6204  -  Run Bytes Sent By Job
	409597  -  Run Bytes Received By Job
	6204  -  Total Bytes Sent By Job
	409597  -  Total Bytes Received By Job
	Partitionable Resources :    Usage  Request Allocated 
	   Cpus                 :        0        8         8 
	   Disk (KB)            :      428      425   2820026 
	   Memory (MB)          :       10    16000     16000 

	Job terminated of its own accord at 2024-07-24T19:18:41Z with exit-code 0.
...
040 (10252913.1892.000) 07/24 21:31:28 Started transferring input files
	Transferring to host: <188.185.204.166:9618?addrs=188.185.204.166-9618+[2001-1458-303-8--100-9a]-9618&alias=b9p02p9797.cern.ch&noUDP&sock=slot1_19_13093_f3ee_30076>
...
040 (10252913.1892.000) 07/24 21:31:28 Finished transferring input files
...
001 (10252913.1892.000) 07/24 21:31:29 Job executing on host: <188.185.204.166:9618?addrs=188.185.204.166-9618+[2001-1458-303-8--100-9a]-9618&alias=b9p02p9797.cern.ch&noUDP&sock=startd_11996_d631>
	SlotName: slot1_19@b9p02p9797.cern.ch
	CondorScratchDir = "/pool/condor/dir_2274961"
	Cpus = 8
	Disk = 2759404
	Memory = 16000
...
006 (10252913.1892.000) 07/24 21:31:34 Image size of job updated: 163288
	9  -  MemoryUsage of job (MB)
	9180  -  ResidentSetSize of job (KB)
...
040 (10252913.1892.000) 07/24 21:31:34 Started transferring output files
...
040 (10252913.1892.000) 07/24 21:31:34 Finished transferring output files
...
005 (10252913.1892.000) 07/24 21:31:34 Job terminated.
	(1) Normal termination (return value 0)
		Usr 0 00:00:04, Sys 0 00:00:00  -  Run Remote Usage
		Usr 0 00:00:00, Sys 0 00:00:00  -  Run Local Usage
		Usr 0 00:00:04, Sys 0 00:00:00  -  Total Remote Usage
		Usr 0 00:00:00, Sys 0 00:00:00  -  Total Local Usage
	6204  -  Run Bytes Sent By Job
	409597  -  Run Bytes Received By Job
	6204  -  Total Bytes Sent By Job
	409597  -  Total Bytes Received By Job
	Partitionable Resources :    Usage  Request Allocated 
	   Cpus                 :        0        8         8 
	   Disk (KB)            :      428      425   2759404 
	   Memory (MB)          :        9    16000     16000 

	Job terminated of its own accord at 2024-07-24T19:31:34Z with exit-code 0.
...
000 (10261715.1892.000) 07/25 13:02:15 Job submitted from host: <188.185.114.121:9618?addrs=188.185.114.121-9618+[2001-1458-d00-a--100-273]-9618&alias=bigbird19.cern.ch&noUDP&sock=schedd_4961_696e>
...
009 (10261715.1892.000) 07/25 13:06:49 Job was aborted.
	via condor_rm (by user yelberke)
...
000 (10261767.1892.000) 07/25 13:20:25 Job submitted from host: <188.185.114.121:9618?addrs=188.185.114.121-9618+[2001-1458-d00-a--100-273]-9618&alias=bigbird19.cern.ch&noUDP&sock=schedd_4961_696e>
...
040 (10261767.1892.000) 07/25 14:25:15 Started transferring input files
	Transferring to host: <188.185.205.201:9618?addrs=188.185.205.201-9618&alias=b9p04p9523.cern.ch&noUDP&sock=slot1_16_6912_e112_153733>
...
040 (10261767.1892.000) 07/25 14:25:15 Finished transferring input files
...
001 (10261767.1892.000) 07/25 14:25:16 Job executing on host: <188.185.205.201:9618?addrs=188.185.205.201-9618&alias=b9p04p9523.cern.ch&noUDP&sock=startd_6847_0d0c>
	SlotName: slot1_16@b9p04p9523.cern.ch
	CondorScratchDir = "/pool/condor/dir_2639523"
	Cpus = 12
	Disk = 2713653
	Memory = 24000
...
006 (10261767.1892.000) 07/25 14:25:20 Image size of job updated: 176588
	19  -  MemoryUsage of job (MB)
	18612  -  ResidentSetSize of job (KB)
...
040 (10261767.1892.000) 07/25 14:25:20 Started transferring output files
...
040 (10261767.1892.000) 07/25 14:25:20 Finished transferring output files
...
005 (10261767.1892.000) 07/25 14:25:20 Job terminated.
	(1) Normal termination (return value 0)
		Usr 0 00:00:03, Sys 0 00:00:00  -  Run Remote Usage
		Usr 0 00:00:00, Sys 0 00:00:00  -  Run Local Usage
		Usr 0 00:00:03, Sys 0 00:00:00  -  Total Remote Usage
		Usr 0 00:00:00, Sys 0 00:00:00  -  Total Local Usage
	6676  -  Run Bytes Sent By Job
	409597  -  Run Bytes Received By Job
	6676  -  Total Bytes Sent By Job
	409597  -  Total Bytes Received By Job
	Partitionable Resources :    Usage  Request Allocated 
	   Cpus                 :        0       12        12 
	   Disk (KB)            :      428      425   2713653 
	   Memory (MB)          :       19    24000     24000 

	Job terminated of its own accord at 2024-07-25T12:25:20Z with exit-code 0.
...
000 (10284266.1892.000) 08/02 15:46:02 Job submitted from host: <188.185.114.121:9618?addrs=188.185.114.121-9618+[2001-1458-d00-a--100-273]-9618&alias=bigbird19.cern.ch&noUDP&sock=schedd_4961_696e>
...
009 (10284266.1892.000) 08/02 15:49:28 Job was aborted.
	via condor_rm (by user yelberke)
...
000 (10284267.1892.000) 08/02 15:49:53 Job submitted from host: <188.185.114.121:9618?addrs=188.185.114.121-9618+[2001-1458-d00-a--100-273]-9618&alias=bigbird19.cern.ch&noUDP&sock=schedd_4961_696e>
...
040 (10284267.1892.000) 08/02 16:39:19 Started transferring input files
	Transferring to host: <188.185.208.65:9618?addrs=188.185.208.65-9618&alias=b9p09p7685.cern.ch&noUDP&sock=slot1_2_3676_d30f_153374>
...
040 (10284267.1892.000) 08/02 16:39:19 Finished transferring input files
...
001 (10284267.1892.000) 08/02 16:39:20 Job executing on host: <188.185.208.65:9618?addrs=188.185.208.65-9618&alias=b9p09p7685.cern.ch&noUDP&sock=startd_3573_5bfa>
	SlotName: slot1_2@b9p09p7685.cern.ch
	CondorScratchDir = "/pool/condor/dir_3446380"
	Cpus = 12
	Disk = 2650204
	Memory = 24000
...
006 (10284267.1892.000) 08/02 16:39:22 Image size of job updated: 324956
	4  -  MemoryUsage of job (MB)
	3612  -  ResidentSetSize of job (KB)
...
040 (10284267.1892.000) 08/02 16:39:22 Started transferring output files
...
040 (10284267.1892.000) 08/02 16:39:22 Finished transferring output files
...
005 (10284267.1892.000) 08/02 16:39:22 Job terminated.
	(1) Normal termination (return value 139)
		Usr 0 00:00:01, Sys 0 00:00:00  -  Run Remote Usage
		Usr 0 00:00:00, Sys 0 00:00:00  -  Run Local Usage
		Usr 0 00:00:01, Sys 0 00:00:00  -  Total Remote Usage
		Usr 0 00:00:00, Sys 0 00:00:00  -  Total Local Usage
	7696  -  Run Bytes Sent By Job
	409597  -  Run Bytes Received By Job
	7696  -  Total Bytes Sent By Job
	409597  -  Total Bytes Received By Job
	Partitionable Resources :    Usage  Request Allocated 
	   Cpus                 :        0       12        12 
	   Disk (KB)            :      429      425   2650204 
	   Memory (MB)          :        4    24000     24000 

	Job terminated of its own accord at 2024-08-02T14:39:22Z with exit-code 139.
...
