000 (10252905.1935.000) 07/24 16:13:18 Job submitted from host: <188.185.114.121:9618?addrs=188.185.114.121-9618+[2001-1458-d00-a--100-273]-9618&alias=bigbird19.cern.ch&noUDP&sock=schedd_4961_696e>
...
009 (10252905.1935.000) 07/24 16:14:48 Job was aborted.
	via condor_rm (by user yelberke)
...
000 (10252906.1935.000) 07/24 16:15:37 Job submitted from host: <188.185.114.121:9618?addrs=188.185.114.121-9618+[2001-1458-d00-a--100-273]-9618&alias=bigbird19.cern.ch&noUDP&sock=schedd_4961_696e>
...
000 (10252907.1935.000) 07/24 16:17:31 Job submitted from host: <188.185.114.121:9618?addrs=188.185.114.121-9618+[2001-1458-d00-a--100-273]-9618&alias=bigbird19.cern.ch&noUDP&sock=schedd_4961_696e>
...
000 (10252908.1935.000) 07/24 16:18:05 Job submitted from host: <188.185.114.121:9618?addrs=188.185.114.121-9618+[2001-1458-d00-a--100-273]-9618&alias=bigbird19.cern.ch&noUDP&sock=schedd_4961_696e>
...
000 (10252909.1935.000) 07/24 16:18:40 Job submitted from host: <188.185.114.121:9618?addrs=188.185.114.121-9618+[2001-1458-d00-a--100-273]-9618&alias=bigbird19.cern.ch&noUDP&sock=schedd_4961_696e>
...
000 (10252910.1935.000) 07/24 16:19:06 Job submitted from host: <188.185.114.121:9618?addrs=188.185.114.121-9618+[2001-1458-d00-a--100-273]-9618&alias=bigbird19.cern.ch&noUDP&sock=schedd_4961_696e>
...
000 (10252911.1935.000) 07/24 16:19:19 Job submitted from host: <188.185.114.121:9618?addrs=188.185.114.121-9618+[2001-1458-d00-a--100-273]-9618&alias=bigbird19.cern.ch&noUDP&sock=schedd_4961_696e>
...
000 (10252912.1935.000) 07/24 16:19:32 Job submitted from host: <188.185.114.121:9618?addrs=188.185.114.121-9618+[2001-1458-d00-a--100-273]-9618&alias=bigbird19.cern.ch&noUDP&sock=schedd_4961_696e>
...
000 (10252913.1935.000) 07/24 16:19:44 Job submitted from host: <188.185.114.121:9618?addrs=188.185.114.121-9618+[2001-1458-d00-a--100-273]-9618&alias=bigbird19.cern.ch&noUDP&sock=schedd_4961_696e>
...
040 (10252906.1935.000) 07/24 16:31:33 Started transferring input files
	Transferring to host: <188.185.207.30:9618?addrs=188.185.207.30-9618+[2001-1458-303-d--100-1b]-9618&alias=b9p07p3207.cern.ch&noUDP&sock=slot1_16_8886_bda2_141765>
...
040 (10252906.1935.000) 07/24 16:31:33 Finished transferring input files
...
001 (10252906.1935.000) 07/24 16:31:34 Job executing on host: <188.185.207.30:9618?addrs=188.185.207.30-9618+[2001-1458-303-d--100-1b]-9618&alias=b9p07p3207.cern.ch&noUDP&sock=startd_7360_ed21>
	SlotName: slot1_16@b9p07p3207.cern.ch
	CondorScratchDir = "/pool/condor/dir_819437"
	Cpus = 8
	Disk = 2711699
	Memory = 16000
...
006 (10252906.1935.000) 07/24 16:31:40 Image size of job updated: 159528
	7  -  MemoryUsage of job (MB)
	7008  -  ResidentSetSize of job (KB)
...
040 (10252906.1935.000) 07/24 16:31:40 Started transferring output files
...
040 (10252906.1935.000) 07/24 16:31:40 Finished transferring output files
...
005 (10252906.1935.000) 07/24 16:31:40 Job terminated.
	(1) Normal termination (return value 0)
		Usr 0 00:00:04, Sys 0 00:00:00  -  Run Remote Usage
		Usr 0 00:00:00, Sys 0 00:00:00  -  Run Local Usage
		Usr 0 00:00:04, Sys 0 00:00:00  -  Total Remote Usage
		Usr 0 00:00:00, Sys 0 00:00:00  -  Total Local Usage
	6204  -  Run Bytes Sent By Job
	409597  -  Run Bytes Received By Job
	6204  -  Total Bytes Sent By Job
	409597  -  Total Bytes Received By Job
	Partitionable Resources :    Usage  Request Allocated 
	   Cpus                 :        0        8         8 
	   Disk (KB)            :      428      425   2711699 
	   Memory (MB)          :        7    16000     16000 

	Job terminated of its own accord at 2024-07-24T14:31:40Z with exit-code 0.
...
040 (10252907.1935.000) 07/24 17:59:00 Started transferring input files
	Transferring to host: <188.185.209.87:9618?addrs=188.185.209.87-9618+[2001-1458-303-11--100-54]-9618&alias=b9p11p2849.cern.ch&noUDP&sock=slot1_43_5335_bd72_142902>
...
040 (10252907.1935.000) 07/24 17:59:00 Finished transferring input files
...
001 (10252907.1935.000) 07/24 17:59:01 Job executing on host: <188.185.209.87:9618?addrs=188.185.209.87-9618+[2001-1458-303-11--100-54]-9618&alias=b9p11p2849.cern.ch&noUDP&sock=startd_4300_0554>
	SlotName: slot1_43@b9p11p2849.cern.ch
	CondorScratchDir = "/pool/condor/dir_2758041"
	Cpus = 8
	Disk = 2846168
	Memory = 16000
...
006 (10252907.1935.000) 07/24 17:59:08 Image size of job updated: 162396
	10  -  MemoryUsage of job (MB)
	9968  -  ResidentSetSize of job (KB)
...
040 (10252907.1935.000) 07/24 17:59:08 Started transferring output files
...
040 (10252907.1935.000) 07/24 17:59:08 Finished transferring output files
...
005 (10252907.1935.000) 07/24 17:59:08 Job terminated.
	(1) Normal termination (return value 0)
		Usr 0 00:00:03, Sys 0 00:00:00  -  Run Remote Usage
		Usr 0 00:00:00, Sys 0 00:00:00  -  Run Local Usage
		Usr 0 00:00:03, Sys 0 00:00:00  -  Total Remote Usage
		Usr 0 00:00:00, Sys 0 00:00:00  -  Total Local Usage
	6204  -  Run Bytes Sent By Job
	409597  -  Run Bytes Received By Job
	6204  -  Total Bytes Sent By Job
	409597  -  Total Bytes Received By Job
	Partitionable Resources :    Usage  Request Allocated 
	   Cpus                 :     0.06        8         8 
	   Disk (KB)            :   427         425   2846168 
	   Memory (MB)          :    10       16000     16000 

	Job terminated of its own accord at 2024-07-24T15:59:08Z with exit-code 0.
...
040 (10252908.1935.000) 07/24 19:02:29 Started transferring input files
	Transferring to host: <188.185.207.147:9618?addrs=188.185.207.147-9618+[2001-1458-303-e--100-10]-9618&alias=b9p08p3726.cern.ch&noUDP&sock=slot1_8_8740_dedc_144074>
...
040 (10252908.1935.000) 07/24 19:02:29 Finished transferring input files
...
001 (10252908.1935.000) 07/24 19:02:30 Job executing on host: <188.185.207.147:9618?addrs=188.185.207.147-9618+[2001-1458-303-e--100-10]-9618&alias=b9p08p3726.cern.ch&noUDP&sock=startd_7243_ac8d>
	SlotName: slot1_8@b9p08p3726.cern.ch
	CondorScratchDir = "/pool/condor/dir_99816"
	Cpus = 8
	Disk = 2601762
	Memory = 16000
...
006 (10252908.1935.000) 07/24 19:02:34 Image size of job updated: 163456
	9  -  MemoryUsage of job (MB)
	9116  -  ResidentSetSize of job (KB)
...
040 (10252908.1935.000) 07/24 19:02:34 Started transferring output files
...
040 (10252908.1935.000) 07/24 19:02:34 Finished transferring output files
...
005 (10252908.1935.000) 07/24 19:02:35 Job terminated.
	(1) Normal termination (return value 0)
		Usr 0 00:00:03, Sys 0 00:00:00  -  Run Remote Usage
		Usr 0 00:00:00, Sys 0 00:00:00  -  Run Local Usage
		Usr 0 00:00:03, Sys 0 00:00:00  -  Total Remote Usage
		Usr 0 00:00:00, Sys 0 00:00:00  -  Total Local Usage
	6204  -  Run Bytes Sent By Job
	409597  -  Run Bytes Received By Job
	6204  -  Total Bytes Sent By Job
	409597  -  Total Bytes Received By Job
	Partitionable Resources :    Usage  Request Allocated 
	   Cpus                 :        0        8         8 
	   Disk (KB)            :      427      425   2601762 
	   Memory (MB)          :        9    16000     16000 

	Job terminated of its own accord at 2024-07-24T17:02:34Z with exit-code 0.
...
040 (10252909.1935.000) 07/24 20:05:30 Started transferring input files
	Transferring to host: <188.185.207.143:9618?addrs=188.185.207.143-9618+[2001-1458-303-e--100-c]-9618&alias=b9p08p3391.cern.ch&noUDP&sock=slot1_11_20694_8b83_25597>
...
040 (10252909.1935.000) 07/24 20:05:31 Finished transferring input files
...
001 (10252909.1935.000) 07/24 20:05:31 Job executing on host: <188.185.207.143:9618?addrs=188.185.207.143-9618+[2001-1458-303-e--100-c]-9618&alias=b9p08p3391.cern.ch&noUDP&sock=startd_19462_e446>
	SlotName: slot1_11@b9p08p3391.cern.ch
	CondorScratchDir = "/pool/condor/dir_1353610"
	Cpus = 8
	Disk = 2775003
	Memory = 16000
...
006 (10252909.1935.000) 07/24 20:05:36 Image size of job updated: 158104
	8  -  MemoryUsage of job (MB)
	7300  -  ResidentSetSize of job (KB)
...
040 (10252909.1935.000) 07/24 20:05:36 Started transferring output files
...
040 (10252909.1935.000) 07/24 20:05:36 Finished transferring output files
...
005 (10252909.1935.000) 07/24 20:05:36 Job terminated.
	(1) Normal termination (return value 0)
		Usr 0 00:00:03, Sys 0 00:00:00  -  Run Remote Usage
		Usr 0 00:00:00, Sys 0 00:00:00  -  Run Local Usage
		Usr 0 00:00:03, Sys 0 00:00:00  -  Total Remote Usage
		Usr 0 00:00:00, Sys 0 00:00:00  -  Total Local Usage
	6204  -  Run Bytes Sent By Job
	409597  -  Run Bytes Received By Job
	6204  -  Total Bytes Sent By Job
	409597  -  Total Bytes Received By Job
	Partitionable Resources :    Usage  Request Allocated 
	   Cpus                 :        0        8         8 
	   Disk (KB)            :      431      425   2775003 
	   Memory (MB)          :        8    16000     16000 

	Job terminated of its own accord at 2024-07-24T18:05:36Z with exit-code 0.
...
040 (10252910.1935.000) 07/24 20:52:21 Started transferring input files
	Transferring to host: <188.185.208.45:9618?addrs=188.185.208.45-9618+[2001-1458-303-f--100-2a]-9618&alias=b9p09p3305.cern.ch&noUDP&sock=slot1_6_4202_7064_143688>
...
040 (10252910.1935.000) 07/24 20:52:21 Finished transferring input files
...
001 (10252910.1935.000) 07/24 20:52:22 Job executing on host: <188.185.208.45:9618?addrs=188.185.208.45-9618+[2001-1458-303-f--100-2a]-9618&alias=b9p09p3305.cern.ch&noUDP&sock=startd_3765_0e29>
	SlotName: slot1_6@b9p09p3305.cern.ch
	CondorScratchDir = "/pool/condor/dir_1795765"
	Cpus = 8
	Disk = 2775934
	Memory = 16000
...
006 (10252910.1935.000) 07/24 20:52:27 Image size of job updated: 162556
	9  -  MemoryUsage of job (MB)
	8492  -  ResidentSetSize of job (KB)
...
040 (10252910.1935.000) 07/24 20:52:27 Started transferring output files
...
040 (10252910.1935.000) 07/24 20:52:27 Finished transferring output files
...
005 (10252910.1935.000) 07/24 20:52:27 Job terminated.
	(1) Normal termination (return value 0)
		Usr 0 00:00:04, Sys 0 00:00:00  -  Run Remote Usage
		Usr 0 00:00:00, Sys 0 00:00:00  -  Run Local Usage
		Usr 0 00:00:04, Sys 0 00:00:00  -  Total Remote Usage
		Usr 0 00:00:00, Sys 0 00:00:00  -  Total Local Usage
	6201  -  Run Bytes Sent By Job
	409597  -  Run Bytes Received By Job
	6201  -  Total Bytes Sent By Job
	409597  -  Total Bytes Received By Job
	Partitionable Resources :    Usage  Request Allocated 
	   Cpus                 :        0        8         8 
	   Disk (KB)            :      428      425   2775934 
	   Memory (MB)          :        9    16000     16000 

	Job terminated of its own accord at 2024-07-24T18:52:27Z with exit-code 0.
...
040 (10252911.1935.000) 07/24 21:04:53 Started transferring input files
	Transferring to host: <188.185.193.164:9618?addrs=188.185.193.164-9618+[2001-1458-303-20--100-a0]-9618&alias=b9p19p4506.cern.ch&noUDP&sock=slot1_7_544183_e70a_17385>
...
040 (10252911.1935.000) 07/24 21:04:53 Finished transferring input files
...
001 (10252911.1935.000) 07/24 21:04:54 Job executing on host: <188.185.193.164:9618?addrs=188.185.193.164-9618+[2001-1458-303-20--100-a0]-9618&alias=b9p19p4506.cern.ch&noUDP&sock=startd_128176_a73b>
	SlotName: slot1_7@b9p19p4506.cern.ch
	CondorScratchDir = "/pool/condor/dir_1177322"
	Cpus = 8
	Disk = 3040742
	Memory = 16000
...
006 (10252911.1935.000) 07/24 21:04:59 Image size of job updated: 162964
	9  -  MemoryUsage of job (MB)
	8892  -  ResidentSetSize of job (KB)
...
040 (10252911.1935.000) 07/24 21:04:59 Started transferring output files
...
040 (10252911.1935.000) 07/24 21:04:59 Finished transferring output files
...
005 (10252911.1935.000) 07/24 21:04:59 Job terminated.
	(1) Normal termination (return value 0)
		Usr 0 00:00:04, Sys 0 00:00:00  -  Run Remote Usage
		Usr 0 00:00:00, Sys 0 00:00:00  -  Run Local Usage
		Usr 0 00:00:04, Sys 0 00:00:00  -  Total Remote Usage
		Usr 0 00:00:00, Sys 0 00:00:00  -  Total Local Usage
	6201  -  Run Bytes Sent By Job
	409597  -  Run Bytes Received By Job
	6201  -  Total Bytes Sent By Job
	409597  -  Total Bytes Received By Job
	Partitionable Resources :    Usage  Request Allocated 
	   Cpus                 :        0        8         8 
	   Disk (KB)            :      427      425   3040742 
	   Memory (MB)          :        9    16000     16000 

	Job terminated of its own accord at 2024-07-24T19:04:59Z with exit-code 0.
...
040 (10252912.1935.000) 07/24 21:18:52 Started transferring input files
	Transferring to host: <188.185.206.208:9618?addrs=188.185.206.208-9618&alias=b9p06p8579.cern.ch&noUDP&sock=slot1_15_5099_74e8_159979>
...
040 (10252912.1935.000) 07/24 21:18:52 Finished transferring input files
...
001 (10252912.1935.000) 07/24 21:18:53 Job executing on host: <188.185.206.208:9618?addrs=188.185.206.208-9618&alias=b9p06p8579.cern.ch&noUDP&sock=startd_4632_bec5>
	SlotName: slot1_15@b9p06p8579.cern.ch
	CondorScratchDir = "/pool/condor/dir_1471155"
	Cpus = 8
	Disk = 2962256
	Memory = 16000
...
006 (10252912.1935.000) 07/24 21:18:57 Image size of job updated: 163936
	10  -  MemoryUsage of job (MB)
	9712  -  ResidentSetSize of job (KB)
...
040 (10252912.1935.000) 07/24 21:18:57 Started transferring output files
...
040 (10252912.1935.000) 07/24 21:18:57 Finished transferring output files
...
005 (10252912.1935.000) 07/24 21:18:57 Job terminated.
	(1) Normal termination (return value 0)
		Usr 0 00:00:03, Sys 0 00:00:00  -  Run Remote Usage
		Usr 0 00:00:00, Sys 0 00:00:00  -  Run Local Usage
		Usr 0 00:00:03, Sys 0 00:00:00  -  Total Remote Usage
		Usr 0 00:00:00, Sys 0 00:00:00  -  Total Local Usage
	6204  -  Run Bytes Sent By Job
	409597  -  Run Bytes Received By Job
	6204  -  Total Bytes Sent By Job
	409597  -  Total Bytes Received By Job
	Partitionable Resources :    Usage  Request Allocated 
	   Cpus                 :        0        8         8 
	   Disk (KB)            :      428      425   2962256 
	   Memory (MB)          :       10    16000     16000 

	Job terminated of its own accord at 2024-07-24T19:18:57Z with exit-code 0.
...
040 (10252913.1935.000) 07/24 21:31:42 Started transferring input files
	Transferring to host: <188.185.206.221:9618?addrs=188.185.206.221-9618&alias=b9p06p2951.cern.ch&noUDP&sock=slot1_10_6888_f811_157768>
...
040 (10252913.1935.000) 07/24 21:31:42 Finished transferring input files
...
001 (10252913.1935.000) 07/24 21:31:43 Job executing on host: <188.185.206.221:9618?addrs=188.185.206.221-9618&alias=b9p06p2951.cern.ch&noUDP&sock=startd_6818_28cd>
	SlotName: slot1_10@b9p06p2951.cern.ch
	CondorScratchDir = "/pool/condor/dir_1970333"
	Cpus = 8
	Disk = 2612682
	Memory = 16000
...
006 (10252913.1935.000) 07/24 21:31:47 Image size of job updated: 158712
	7  -  MemoryUsage of job (MB)
	6896  -  ResidentSetSize of job (KB)
...
040 (10252913.1935.000) 07/24 21:31:47 Started transferring output files
...
040 (10252913.1935.000) 07/24 21:31:47 Finished transferring output files
...
005 (10252913.1935.000) 07/24 21:31:47 Job terminated.
	(1) Normal termination (return value 0)
		Usr 0 00:00:03, Sys 0 00:00:00  -  Run Remote Usage
		Usr 0 00:00:00, Sys 0 00:00:00  -  Run Local Usage
		Usr 0 00:00:03, Sys 0 00:00:00  -  Total Remote Usage
		Usr 0 00:00:00, Sys 0 00:00:00  -  Total Local Usage
	6204  -  Run Bytes Sent By Job
	409597  -  Run Bytes Received By Job
	6204  -  Total Bytes Sent By Job
	409597  -  Total Bytes Received By Job
	Partitionable Resources :    Usage  Request Allocated 
	   Cpus                 :        0        8         8 
	   Disk (KB)            :      428      425   2612682 
	   Memory (MB)          :        7    16000     16000 

	Job terminated of its own accord at 2024-07-24T19:31:47Z with exit-code 0.
...
000 (10261715.1935.000) 07/25 13:02:17 Job submitted from host: <188.185.114.121:9618?addrs=188.185.114.121-9618+[2001-1458-d00-a--100-273]-9618&alias=bigbird19.cern.ch&noUDP&sock=schedd_4961_696e>
...
009 (10261715.1935.000) 07/25 13:06:49 Job was aborted.
	via condor_rm (by user yelberke)
...
000 (10261767.1935.000) 07/25 13:20:26 Job submitted from host: <188.185.114.121:9618?addrs=188.185.114.121-9618+[2001-1458-d00-a--100-273]-9618&alias=bigbird19.cern.ch&noUDP&sock=schedd_4961_696e>
...
040 (10261767.1935.000) 07/25 14:25:30 Started transferring input files
	Transferring to host: <188.185.209.176:9618?addrs=188.185.209.176-9618+[2001-1458-303-12--100-2d]-9618&alias=b9p12p8107.cern.ch&noUDP&sock=slot1_6_3753_13f2_145165>
...
040 (10261767.1935.000) 07/25 14:25:30 Finished transferring input files
...
001 (10261767.1935.000) 07/25 14:25:31 Job executing on host: <188.185.209.176:9618?addrs=188.185.209.176-9618+[2001-1458-303-12--100-2d]-9618&alias=b9p12p8107.cern.ch&noUDP&sock=startd_3699_c8e9>
	SlotName: slot1_6@b9p12p8107.cern.ch
	CondorScratchDir = "/pool/condor/dir_2427423"
	Cpus = 12
	Disk = 2823538
	Memory = 24000
...
006 (10261767.1935.000) 07/25 14:25:37 Image size of job updated: 164540
	9  -  MemoryUsage of job (MB)
	8664  -  ResidentSetSize of job (KB)
...
040 (10261767.1935.000) 07/25 14:25:37 Started transferring output files
...
040 (10261767.1935.000) 07/25 14:25:37 Finished transferring output files
...
005 (10261767.1935.000) 07/25 14:25:37 Job terminated.
	(1) Normal termination (return value 0)
		Usr 0 00:00:04, Sys 0 00:00:00  -  Run Remote Usage
		Usr 0 00:00:00, Sys 0 00:00:00  -  Run Local Usage
		Usr 0 00:00:04, Sys 0 00:00:00  -  Total Remote Usage
		Usr 0 00:00:00, Sys 0 00:00:00  -  Total Local Usage
	6676  -  Run Bytes Sent By Job
	409597  -  Run Bytes Received By Job
	6676  -  Total Bytes Sent By Job
	409597  -  Total Bytes Received By Job
	Partitionable Resources :    Usage  Request Allocated 
	   Cpus                 :        0       12        12 
	   Disk (KB)            :      429      425   2823538 
	   Memory (MB)          :        9    24000     24000 

	Job terminated of its own accord at 2024-07-25T12:25:37Z with exit-code 0.
...
000 (10284266.1935.000) 08/02 15:46:03 Job submitted from host: <188.185.114.121:9618?addrs=188.185.114.121-9618+[2001-1458-d00-a--100-273]-9618&alias=bigbird19.cern.ch&noUDP&sock=schedd_4961_696e>
...
009 (10284266.1935.000) 08/02 15:49:28 Job was aborted.
	via condor_rm (by user yelberke)
...
000 (10284267.1935.000) 08/02 15:49:54 Job submitted from host: <188.185.114.121:9618?addrs=188.185.114.121-9618+[2001-1458-d00-a--100-273]-9618&alias=bigbird19.cern.ch&noUDP&sock=schedd_4961_696e>
...
040 (10284267.1935.000) 08/02 16:39:33 Started transferring input files
	Transferring to host: <188.185.206.207:9618?addrs=188.185.206.207-9618+[2001-1458-303-c--100-4c]-9618&alias=b9p06p6342.cern.ch&noUDP&sock=slot1_10_3649_cced_93546>
...
040 (10284267.1935.000) 08/02 16:39:33 Finished transferring input files
...
001 (10284267.1935.000) 08/02 16:39:34 Job executing on host: <188.185.206.207:9618?addrs=188.185.206.207-9618+[2001-1458-303-c--100-4c]-9618&alias=b9p06p6342.cern.ch&noUDP&sock=startd_3322_31b4>
	SlotName: slot1_10@b9p06p6342.cern.ch
	CondorScratchDir = "/pool/condor/dir_1270768"
	Cpus = 12
	Disk = 2773434
	Memory = 24000
...
006 (10284267.1935.000) 08/02 16:39:35 Image size of job updated: 327692
	6  -  MemoryUsage of job (MB)
	5452  -  ResidentSetSize of job (KB)
...
040 (10284267.1935.000) 08/02 16:39:35 Started transferring output files
...
040 (10284267.1935.000) 08/02 16:39:35 Finished transferring output files
...
005 (10284267.1935.000) 08/02 16:39:35 Job terminated.
	(1) Normal termination (return value 139)
		Usr 0 00:00:01, Sys 0 00:00:00  -  Run Remote Usage
		Usr 0 00:00:00, Sys 0 00:00:00  -  Run Local Usage
		Usr 0 00:00:01, Sys 0 00:00:00  -  Total Remote Usage
		Usr 0 00:00:00, Sys 0 00:00:00  -  Total Local Usage
	7696  -  Run Bytes Sent By Job
	409597  -  Run Bytes Received By Job
	7696  -  Total Bytes Sent By Job
	409597  -  Total Bytes Received By Job
	Partitionable Resources :    Usage  Request Allocated 
	   Cpus                 :        0       12        12 
	   Disk (KB)            :      429      425   2773434 
	   Memory (MB)          :        6    24000     24000 

	Job terminated of its own accord at 2024-08-02T14:39:35Z with exit-code 139.
...
