000 (10252905.1942.000) 07/24 16:13:18 Job submitted from host: <188.185.114.121:9618?addrs=188.185.114.121-9618+[2001-1458-d00-a--100-273]-9618&alias=bigbird19.cern.ch&noUDP&sock=schedd_4961_696e>
...
009 (10252905.1942.000) 07/24 16:14:48 Job was aborted.
	via condor_rm (by user yelberke)
...
000 (10252906.1942.000) 07/24 16:15:37 Job submitted from host: <188.185.114.121:9618?addrs=188.185.114.121-9618+[2001-1458-d00-a--100-273]-9618&alias=bigbird19.cern.ch&noUDP&sock=schedd_4961_696e>
...
000 (10252907.1942.000) 07/24 16:17:31 Job submitted from host: <188.185.114.121:9618?addrs=188.185.114.121-9618+[2001-1458-d00-a--100-273]-9618&alias=bigbird19.cern.ch&noUDP&sock=schedd_4961_696e>
...
000 (10252908.1942.000) 07/24 16:18:05 Job submitted from host: <188.185.114.121:9618?addrs=188.185.114.121-9618+[2001-1458-d00-a--100-273]-9618&alias=bigbird19.cern.ch&noUDP&sock=schedd_4961_696e>
...
000 (10252909.1942.000) 07/24 16:18:40 Job submitted from host: <188.185.114.121:9618?addrs=188.185.114.121-9618+[2001-1458-d00-a--100-273]-9618&alias=bigbird19.cern.ch&noUDP&sock=schedd_4961_696e>
...
000 (10252910.1942.000) 07/24 16:19:06 Job submitted from host: <188.185.114.121:9618?addrs=188.185.114.121-9618+[2001-1458-d00-a--100-273]-9618&alias=bigbird19.cern.ch&noUDP&sock=schedd_4961_696e>
...
000 (10252911.1942.000) 07/24 16:19:19 Job submitted from host: <188.185.114.121:9618?addrs=188.185.114.121-9618+[2001-1458-d00-a--100-273]-9618&alias=bigbird19.cern.ch&noUDP&sock=schedd_4961_696e>
...
000 (10252912.1942.000) 07/24 16:19:32 Job submitted from host: <188.185.114.121:9618?addrs=188.185.114.121-9618+[2001-1458-d00-a--100-273]-9618&alias=bigbird19.cern.ch&noUDP&sock=schedd_4961_696e>
...
000 (10252913.1942.000) 07/24 16:19:44 Job submitted from host: <188.185.114.121:9618?addrs=188.185.114.121-9618+[2001-1458-d00-a--100-273]-9618&alias=bigbird19.cern.ch&noUDP&sock=schedd_4961_696e>
...
040 (10252906.1942.000) 07/24 16:31:37 Started transferring input files
	Transferring to host: <188.185.209.97:9618?addrs=188.185.209.97-9618+[2001-1458-303-11--100-5e]-9618&alias=b9p11p6894.cern.ch&noUDP&sock=slot1_3_7554_39ec_147864>
...
040 (10252906.1942.000) 07/24 16:31:37 Finished transferring input files
...
001 (10252906.1942.000) 07/24 16:31:38 Job executing on host: <188.185.209.97:9618?addrs=188.185.209.97-9618+[2001-1458-303-11--100-5e]-9618&alias=b9p11p6894.cern.ch&noUDP&sock=startd_6111_3757>
	SlotName: slot1_3@b9p11p6894.cern.ch
	CondorScratchDir = "/pool/condor/dir_3454430"
	Cpus = 8
	Disk = 2759612
	Memory = 16000
...
006 (10252906.1942.000) 07/24 16:31:43 Image size of job updated: 158324
	8  -  MemoryUsage of job (MB)
	7380  -  ResidentSetSize of job (KB)
...
040 (10252906.1942.000) 07/24 16:31:43 Started transferring output files
...
040 (10252906.1942.000) 07/24 16:31:43 Finished transferring output files
...
005 (10252906.1942.000) 07/24 16:31:43 Job terminated.
	(1) Normal termination (return value 0)
		Usr 0 00:00:04, Sys 0 00:00:00  -  Run Remote Usage
		Usr 0 00:00:00, Sys 0 00:00:00  -  Run Local Usage
		Usr 0 00:00:04, Sys 0 00:00:00  -  Total Remote Usage
		Usr 0 00:00:00, Sys 0 00:00:00  -  Total Local Usage
	6204  -  Run Bytes Sent By Job
	409597  -  Run Bytes Received By Job
	6204  -  Total Bytes Sent By Job
	409597  -  Total Bytes Received By Job
	Partitionable Resources :    Usage  Request Allocated 
	   Cpus                 :        0        8         8 
	   Disk (KB)            :      428      425   2759612 
	   Memory (MB)          :        8    16000     16000 

	Job terminated of its own accord at 2024-07-24T14:31:43Z with exit-code 0.
...
040 (10252907.1942.000) 07/24 17:59:03 Started transferring input files
	Transferring to host: <188.185.204.200:9618?addrs=188.185.204.200-9618+[2001-1458-303-8--100-bc]-9618&alias=b9p02p1911.cern.ch&noUDP&sock=slot1_14_7272_8821_155686>
...
040 (10252907.1942.000) 07/24 17:59:03 Finished transferring input files
...
001 (10252907.1942.000) 07/24 17:59:04 Job executing on host: <188.185.204.200:9618?addrs=188.185.204.200-9618+[2001-1458-303-8--100-bc]-9618&alias=b9p02p1911.cern.ch&noUDP&sock=startd_7203_3cc3>
	SlotName: slot1_14@b9p02p1911.cern.ch
	CondorScratchDir = "/pool/condor/dir_2712865"
	Cpus = 8
	Disk = 2833006
	Memory = 16000
...
006 (10252907.1942.000) 07/24 17:59:08 Image size of job updated: 158360
	8  -  MemoryUsage of job (MB)
	7432  -  ResidentSetSize of job (KB)
...
040 (10252907.1942.000) 07/24 17:59:08 Started transferring output files
...
040 (10252907.1942.000) 07/24 17:59:08 Finished transferring output files
...
005 (10252907.1942.000) 07/24 17:59:08 Job terminated.
	(1) Normal termination (return value 0)
		Usr 0 00:00:03, Sys 0 00:00:00  -  Run Remote Usage
		Usr 0 00:00:00, Sys 0 00:00:00  -  Run Local Usage
		Usr 0 00:00:03, Sys 0 00:00:00  -  Total Remote Usage
		Usr 0 00:00:00, Sys 0 00:00:00  -  Total Local Usage
	6204  -  Run Bytes Sent By Job
	409597  -  Run Bytes Received By Job
	6204  -  Total Bytes Sent By Job
	409597  -  Total Bytes Received By Job
	Partitionable Resources :    Usage  Request Allocated 
	   Cpus                 :        0        8         8 
	   Disk (KB)            :      428      425   2833006 
	   Memory (MB)          :        8    16000     16000 

	Job terminated of its own accord at 2024-07-24T15:59:08Z with exit-code 0.
...
040 (10252908.1942.000) 07/24 19:02:29 Started transferring input files
	Transferring to host: <188.185.204.192:9618?addrs=188.185.204.192-9618+[2001-1458-303-8--100-b4]-9618&alias=b9p02p2177.cern.ch&noUDP&sock=slot1_18_5286_3710_160532>
...
040 (10252908.1942.000) 07/24 19:02:29 Finished transferring input files
...
001 (10252908.1942.000) 07/24 19:02:30 Job executing on host: <188.185.204.192:9618?addrs=188.185.204.192-9618+[2001-1458-303-8--100-b4]-9618&alias=b9p02p2177.cern.ch&noUDP&sock=startd_4793_2d85>
	SlotName: slot1_18@b9p02p2177.cern.ch
	CondorScratchDir = "/pool/condor/dir_1706488"
	Cpus = 8
	Disk = 2729292
	Memory = 16000
...
006 (10252908.1942.000) 07/24 19:02:35 Image size of job updated: 158260
	8  -  MemoryUsage of job (MB)
	7556  -  ResidentSetSize of job (KB)
...
040 (10252908.1942.000) 07/24 19:02:35 Started transferring output files
...
040 (10252908.1942.000) 07/24 19:02:35 Finished transferring output files
...
005 (10252908.1942.000) 07/24 19:02:35 Job terminated.
	(1) Normal termination (return value 0)
		Usr 0 00:00:03, Sys 0 00:00:00  -  Run Remote Usage
		Usr 0 00:00:00, Sys 0 00:00:00  -  Run Local Usage
		Usr 0 00:00:03, Sys 0 00:00:00  -  Total Remote Usage
		Usr 0 00:00:00, Sys 0 00:00:00  -  Total Local Usage
	6204  -  Run Bytes Sent By Job
	409597  -  Run Bytes Received By Job
	6204  -  Total Bytes Sent By Job
	409597  -  Total Bytes Received By Job
	Partitionable Resources :    Usage  Request Allocated 
	   Cpus                 :        0        8         8 
	   Disk (KB)            :      427      425   2729292 
	   Memory (MB)          :        8    16000     16000 

	Job terminated of its own accord at 2024-07-24T17:02:35Z with exit-code 0.
...
040 (10252909.1942.000) 07/24 20:05:33 Started transferring input files
	Transferring to host: <188.185.204.149:9618?addrs=188.185.204.149-9618+[2001-1458-303-8--100-89]-9618&alias=b9p02p1875.cern.ch&noUDP&sock=slot1_58_7282_93e1_157202>
...
040 (10252909.1942.000) 07/24 20:05:33 Finished transferring input files
...
001 (10252909.1942.000) 07/24 20:05:34 Job executing on host: <188.185.204.149:9618?addrs=188.185.204.149-9618+[2001-1458-303-8--100-89]-9618&alias=b9p02p1875.cern.ch&noUDP&sock=startd_7214_c84e>
	SlotName: slot1_58@b9p02p1875.cern.ch
	CondorScratchDir = "/pool/condor/dir_1062330"
	Cpus = 8
	Disk = 2598531
	Memory = 16000
...
006 (10252909.1942.000) 07/24 20:05:38 Image size of job updated: 159368
	9  -  MemoryUsage of job (MB)
	8212  -  ResidentSetSize of job (KB)
...
040 (10252909.1942.000) 07/24 20:05:38 Started transferring output files
...
040 (10252909.1942.000) 07/24 20:05:38 Finished transferring output files
...
005 (10252909.1942.000) 07/24 20:05:38 Job terminated.
	(1) Normal termination (return value 0)
		Usr 0 00:00:03, Sys 0 00:00:00  -  Run Remote Usage
		Usr 0 00:00:00, Sys 0 00:00:00  -  Run Local Usage
		Usr 0 00:00:03, Sys 0 00:00:00  -  Total Remote Usage
		Usr 0 00:00:00, Sys 0 00:00:00  -  Total Local Usage
	6204  -  Run Bytes Sent By Job
	409597  -  Run Bytes Received By Job
	6204  -  Total Bytes Sent By Job
	409597  -  Total Bytes Received By Job
	Partitionable Resources :    Usage  Request Allocated 
	   Cpus                 :     0.06        8         8 
	   Disk (KB)            :   428         425   2598531 
	   Memory (MB)          :     9       16000     16000 

	Job terminated of its own accord at 2024-07-24T18:05:38Z with exit-code 0.
...
040 (10252910.1942.000) 07/24 20:52:23 Started transferring input files
	Transferring to host: <188.185.209.218:9618?addrs=188.185.209.218-9618+[2001-1458-303-12--100-57]-9618&alias=b9p12p0668.cern.ch&noUDP&sock=slot1_16_4203_24c4_144825>
...
040 (10252910.1942.000) 07/24 20:52:23 Finished transferring input files
...
001 (10252910.1942.000) 07/24 20:52:24 Job executing on host: <188.185.209.218:9618?addrs=188.185.209.218-9618+[2001-1458-303-12--100-57]-9618&alias=b9p12p0668.cern.ch&noUDP&sock=startd_3693_ab57>
	SlotName: slot1_16@b9p12p0668.cern.ch
	CondorScratchDir = "/pool/condor/dir_1437860"
	Cpus = 8
	Disk = 2778156
	Memory = 16000
...
006 (10252910.1942.000) 07/24 20:52:28 Image size of job updated: 161276
	9  -  MemoryUsage of job (MB)
	8824  -  ResidentSetSize of job (KB)
...
040 (10252910.1942.000) 07/24 20:52:28 Started transferring output files
...
040 (10252910.1942.000) 07/24 20:52:28 Finished transferring output files
...
005 (10252910.1942.000) 07/24 20:52:28 Job terminated.
	(1) Normal termination (return value 0)
		Usr 0 00:00:03, Sys 0 00:00:00  -  Run Remote Usage
		Usr 0 00:00:00, Sys 0 00:00:00  -  Run Local Usage
		Usr 0 00:00:03, Sys 0 00:00:00  -  Total Remote Usage
		Usr 0 00:00:00, Sys 0 00:00:00  -  Total Local Usage
	6201  -  Run Bytes Sent By Job
	409597  -  Run Bytes Received By Job
	6201  -  Total Bytes Sent By Job
	409597  -  Total Bytes Received By Job
	Partitionable Resources :    Usage  Request Allocated 
	   Cpus                 :        0        8         8 
	   Disk (KB)            :      427      425   2778156 
	   Memory (MB)          :        9    16000     16000 

	Job terminated of its own accord at 2024-07-24T18:52:28Z with exit-code 0.
...
040 (10252911.1942.000) 07/24 21:04:58 Started transferring input files
	Transferring to host: <188.185.194.106:9618?addrs=188.185.194.106-9618+[2001-1458-303-21--100-66]-9618&alias=b9p20p7002.cern.ch&noUDP&sock=slot1_11_2896738_b8dc_6869>
...
040 (10252911.1942.000) 07/24 21:04:58 Finished transferring input files
...
001 (10252911.1942.000) 07/24 21:04:59 Job executing on host: <188.185.194.106:9618?addrs=188.185.194.106-9618+[2001-1458-303-21--100-66]-9618&alias=b9p20p7002.cern.ch&noUDP&sock=startd_128245_fb44>
	SlotName: slot1_11@b9p20p7002.cern.ch
	CondorScratchDir = "/pool/condor/dir_4121832"
	Cpus = 8
	Disk = 2976381
	Memory = 16000
...
006 (10252911.1942.000) 07/24 21:05:07 Image size of job updated: 147240
	144  -  MemoryUsage of job (MB)
	147236  -  ResidentSetSize of job (KB)
...
006 (10252911.1942.000) 07/24 21:05:08 Image size of job updated: 163028
	144  -  MemoryUsage of job (MB)
	147236  -  ResidentSetSize of job (KB)
...
040 (10252911.1942.000) 07/24 21:05:08 Started transferring output files
...
040 (10252911.1942.000) 07/24 21:05:08 Finished transferring output files
...
005 (10252911.1942.000) 07/24 21:05:08 Job terminated.
	(1) Normal termination (return value 0)
		Usr 0 00:00:08, Sys 0 00:00:00  -  Run Remote Usage
		Usr 0 00:00:00, Sys 0 00:00:00  -  Run Local Usage
		Usr 0 00:00:08, Sys 0 00:00:00  -  Total Remote Usage
		Usr 0 00:00:00, Sys 0 00:00:00  -  Total Local Usage
	6201  -  Run Bytes Sent By Job
	409597  -  Run Bytes Received By Job
	6201  -  Total Bytes Sent By Job
	409597  -  Total Bytes Received By Job
	Partitionable Resources :    Usage  Request Allocated 
	   Cpus                 :        0        8         8 
	   Disk (KB)            :      427      425   2976381 
	   Memory (MB)          :      144    16000     16000 

	Job terminated of its own accord at 2024-07-24T19:05:08Z with exit-code 0.
...
040 (10252912.1942.000) 07/24 21:18:51 Started transferring input files
	Transferring to host: <188.185.206.154:9618?addrs=188.185.206.154-9618+[2001-1458-303-c--100-17]-9618&alias=b9p06p5094.cern.ch&noUDP&sock=slot1_5_7368_2c25_158658>
...
040 (10252912.1942.000) 07/24 21:18:51 Finished transferring input files
...
001 (10252912.1942.000) 07/24 21:18:52 Job executing on host: <188.185.206.154:9618?addrs=188.185.206.154-9618+[2001-1458-303-c--100-17]-9618&alias=b9p06p5094.cern.ch&noUDP&sock=startd_7086_fc2e>
	SlotName: slot1_5@b9p06p5094.cern.ch
	CondorScratchDir = "/pool/condor/dir_1835212"
	Cpus = 8
	Disk = 2926989
	Memory = 16000
...
006 (10252912.1942.000) 07/24 21:18:58 Image size of job updated: 165960
	11  -  MemoryUsage of job (MB)
	11076  -  ResidentSetSize of job (KB)
...
040 (10252912.1942.000) 07/24 21:18:58 Started transferring output files
...
040 (10252912.1942.000) 07/24 21:18:58 Finished transferring output files
...
005 (10252912.1942.000) 07/24 21:18:58 Job terminated.
	(1) Normal termination (return value 0)
		Usr 0 00:00:04, Sys 0 00:00:00  -  Run Remote Usage
		Usr 0 00:00:00, Sys 0 00:00:00  -  Run Local Usage
		Usr 0 00:00:04, Sys 0 00:00:00  -  Total Remote Usage
		Usr 0 00:00:00, Sys 0 00:00:00  -  Total Local Usage
	6204  -  Run Bytes Sent By Job
	409597  -  Run Bytes Received By Job
	6204  -  Total Bytes Sent By Job
	409597  -  Total Bytes Received By Job
	Partitionable Resources :    Usage  Request Allocated 
	   Cpus                 :        0        8         8 
	   Disk (KB)            :      428      425   2926989 
	   Memory (MB)          :       11    16000     16000 

	Job terminated of its own accord at 2024-07-24T19:18:58Z with exit-code 0.
...
040 (10252913.1942.000) 07/24 21:31:46 Started transferring input files
	Transferring to host: <188.185.209.39:9618?addrs=188.185.209.39-9618+[2001-1458-303-11--100-24]-9618&alias=b9p11p9946.cern.ch&noUDP&sock=slot1_8_7565_fa0d_146719>
...
040 (10252913.1942.000) 07/24 21:31:46 Finished transferring input files
...
001 (10252913.1942.000) 07/24 21:31:47 Job executing on host: <188.185.209.39:9618?addrs=188.185.209.39-9618+[2001-1458-303-11--100-24]-9618&alias=b9p11p9946.cern.ch&noUDP&sock=startd_6035_1625>
	SlotName: slot1_8@b9p11p9946.cern.ch
	CondorScratchDir = "/pool/condor/dir_1734848"
	Cpus = 8
	Disk = 2815243
	Memory = 16000
...
006 (10252913.1942.000) 07/24 21:31:52 Image size of job updated: 160132
	9  -  MemoryUsage of job (MB)
	8412  -  ResidentSetSize of job (KB)
...
040 (10252913.1942.000) 07/24 21:31:52 Started transferring output files
...
040 (10252913.1942.000) 07/24 21:31:52 Finished transferring output files
...
005 (10252913.1942.000) 07/24 21:31:52 Job terminated.
	(1) Normal termination (return value 0)
		Usr 0 00:00:04, Sys 0 00:00:00  -  Run Remote Usage
		Usr 0 00:00:00, Sys 0 00:00:00  -  Run Local Usage
		Usr 0 00:00:04, Sys 0 00:00:00  -  Total Remote Usage
		Usr 0 00:00:00, Sys 0 00:00:00  -  Total Local Usage
	6204  -  Run Bytes Sent By Job
	409597  -  Run Bytes Received By Job
	6204  -  Total Bytes Sent By Job
	409597  -  Total Bytes Received By Job
	Partitionable Resources :    Usage  Request Allocated 
	   Cpus                 :        0        8         8 
	   Disk (KB)            :      428      425   2815243 
	   Memory (MB)          :        9    16000     16000 

	Job terminated of its own accord at 2024-07-24T19:31:52Z with exit-code 0.
...
000 (10261715.1942.000) 07/25 13:02:17 Job submitted from host: <188.185.114.121:9618?addrs=188.185.114.121-9618+[2001-1458-d00-a--100-273]-9618&alias=bigbird19.cern.ch&noUDP&sock=schedd_4961_696e>
...
009 (10261715.1942.000) 07/25 13:06:49 Job was aborted.
	via condor_rm (by user yelberke)
...
000 (10261767.1942.000) 07/25 13:20:26 Job submitted from host: <188.185.114.121:9618?addrs=188.185.114.121-9618+[2001-1458-d00-a--100-273]-9618&alias=bigbird19.cern.ch&noUDP&sock=schedd_4961_696e>
...
040 (10261767.1942.000) 07/25 14:25:36 Started transferring input files
	Transferring to host: <188.185.208.190:9618?addrs=188.185.208.190-9618+[2001-1458-303-10--100-3b]-9618&alias=b9p10p8400.cern.ch&noUDP&sock=slot1_7_8610_4617_144291>
...
040 (10261767.1942.000) 07/25 14:25:36 Finished transferring input files
...
001 (10261767.1942.000) 07/25 14:25:37 Job executing on host: <188.185.208.190:9618?addrs=188.185.208.190-9618+[2001-1458-303-10--100-3b]-9618&alias=b9p10p8400.cern.ch&noUDP&sock=startd_6643_1fba>
	SlotName: slot1_7@b9p10p8400.cern.ch
	CondorScratchDir = "/pool/condor/dir_3925626"
	Cpus = 12
	Disk = 2863173
	Memory = 24000
...
006 (10261767.1942.000) 07/25 14:25:42 Image size of job updated: 160880
	7  -  MemoryUsage of job (MB)
	6776  -  ResidentSetSize of job (KB)
...
040 (10261767.1942.000) 07/25 14:25:42 Started transferring output files
...
040 (10261767.1942.000) 07/25 14:25:42 Finished transferring output files
...
005 (10261767.1942.000) 07/25 14:25:42 Job terminated.
	(1) Normal termination (return value 0)
		Usr 0 00:00:04, Sys 0 00:00:00  -  Run Remote Usage
		Usr 0 00:00:00, Sys 0 00:00:00  -  Run Local Usage
		Usr 0 00:00:04, Sys 0 00:00:00  -  Total Remote Usage
		Usr 0 00:00:00, Sys 0 00:00:00  -  Total Local Usage
	6676  -  Run Bytes Sent By Job
	409597  -  Run Bytes Received By Job
	6676  -  Total Bytes Sent By Job
	409597  -  Total Bytes Received By Job
	Partitionable Resources :    Usage  Request Allocated 
	   Cpus                 :        0       12        12 
	   Disk (KB)            :      429      425   2863173 
	   Memory (MB)          :        7    24000     24000 

	Job terminated of its own accord at 2024-07-25T12:25:42Z with exit-code 0.
...
000 (10284266.1942.000) 08/02 15:46:03 Job submitted from host: <188.185.114.121:9618?addrs=188.185.114.121-9618+[2001-1458-d00-a--100-273]-9618&alias=bigbird19.cern.ch&noUDP&sock=schedd_4961_696e>
...
009 (10284266.1942.000) 08/02 15:49:28 Job was aborted.
	via condor_rm (by user yelberke)
...
000 (10284267.1942.000) 08/02 15:49:54 Job submitted from host: <188.185.114.121:9618?addrs=188.185.114.121-9618+[2001-1458-d00-a--100-273]-9618&alias=bigbird19.cern.ch&noUDP&sock=schedd_4961_696e>
...
040 (10284267.1942.000) 08/02 16:39:36 Started transferring input files
	Transferring to host: <188.185.208.10:9618?addrs=188.185.208.10-9618+[2001-1458-303-f--100-7]-9618&alias=b9p09p6812.cern.ch&noUDP&sock=slot1_9_8512_3953_153504>
...
040 (10284267.1942.000) 08/02 16:39:36 Finished transferring input files
...
001 (10284267.1942.000) 08/02 16:39:37 Job executing on host: <188.185.208.10:9618?addrs=188.185.208.10-9618+[2001-1458-303-f--100-7]-9618&alias=b9p09p6812.cern.ch&noUDP&sock=startd_7123_5d2f>
	SlotName: slot1_9@b9p09p6812.cern.ch
	CondorScratchDir = "/pool/condor/dir_2283399"
	Cpus = 12
	Disk = 2749309
	Memory = 24000
...
006 (10284267.1942.000) 08/02 16:39:38 Image size of job updated: 325840
	3  -  MemoryUsage of job (MB)
	2908  -  ResidentSetSize of job (KB)
...
040 (10284267.1942.000) 08/02 16:39:38 Started transferring output files
...
040 (10284267.1942.000) 08/02 16:39:39 Finished transferring output files
...
005 (10284267.1942.000) 08/02 16:39:39 Job terminated.
	(1) Normal termination (return value 139)
		Usr 0 00:00:01, Sys 0 00:00:00  -  Run Remote Usage
		Usr 0 00:00:00, Sys 0 00:00:00  -  Run Local Usage
		Usr 0 00:00:01, Sys 0 00:00:00  -  Total Remote Usage
		Usr 0 00:00:00, Sys 0 00:00:00  -  Total Local Usage
	7696  -  Run Bytes Sent By Job
	409597  -  Run Bytes Received By Job
	7696  -  Total Bytes Sent By Job
	409597  -  Total Bytes Received By Job
	Partitionable Resources :    Usage  Request Allocated 
	   Cpus                 :        0       12        12 
	   Disk (KB)            :      430      425   2749309 
	   Memory (MB)          :        3    24000     24000 

	Job terminated of its own accord at 2024-08-02T14:39:38Z with exit-code 139.
...
