000 (10252905.1946.000) 07/24 16:13:18 Job submitted from host: <188.185.114.121:9618?addrs=188.185.114.121-9618+[2001-1458-d00-a--100-273]-9618&alias=bigbird19.cern.ch&noUDP&sock=schedd_4961_696e>
...
009 (10252905.1946.000) 07/24 16:14:48 Job was aborted.
	via condor_rm (by user yelberke)
...
000 (10252906.1946.000) 07/24 16:15:37 Job submitted from host: <188.185.114.121:9618?addrs=188.185.114.121-9618+[2001-1458-d00-a--100-273]-9618&alias=bigbird19.cern.ch&noUDP&sock=schedd_4961_696e>
...
000 (10252907.1946.000) 07/24 16:17:31 Job submitted from host: <188.185.114.121:9618?addrs=188.185.114.121-9618+[2001-1458-d00-a--100-273]-9618&alias=bigbird19.cern.ch&noUDP&sock=schedd_4961_696e>
...
000 (10252908.1946.000) 07/24 16:18:05 Job submitted from host: <188.185.114.121:9618?addrs=188.185.114.121-9618+[2001-1458-d00-a--100-273]-9618&alias=bigbird19.cern.ch&noUDP&sock=schedd_4961_696e>
...
000 (10252909.1946.000) 07/24 16:18:40 Job submitted from host: <188.185.114.121:9618?addrs=188.185.114.121-9618+[2001-1458-d00-a--100-273]-9618&alias=bigbird19.cern.ch&noUDP&sock=schedd_4961_696e>
...
000 (10252910.1946.000) 07/24 16:19:06 Job submitted from host: <188.185.114.121:9618?addrs=188.185.114.121-9618+[2001-1458-d00-a--100-273]-9618&alias=bigbird19.cern.ch&noUDP&sock=schedd_4961_696e>
...
000 (10252911.1946.000) 07/24 16:19:19 Job submitted from host: <188.185.114.121:9618?addrs=188.185.114.121-9618+[2001-1458-d00-a--100-273]-9618&alias=bigbird19.cern.ch&noUDP&sock=schedd_4961_696e>
...
000 (10252912.1946.000) 07/24 16:19:32 Job submitted from host: <188.185.114.121:9618?addrs=188.185.114.121-9618+[2001-1458-d00-a--100-273]-9618&alias=bigbird19.cern.ch&noUDP&sock=schedd_4961_696e>
...
000 (10252913.1946.000) 07/24 16:19:44 Job submitted from host: <188.185.114.121:9618?addrs=188.185.114.121-9618+[2001-1458-d00-a--100-273]-9618&alias=bigbird19.cern.ch&noUDP&sock=schedd_4961_696e>
...
040 (10252906.1946.000) 07/24 16:31:38 Started transferring input files
	Transferring to host: <188.185.209.98:9618?addrs=188.185.209.98-9618+[2001-1458-303-11--100-5f]-9618&alias=b9p11p6140.cern.ch&noUDP&sock=slot1_28_10907_b7d5_143753>
...
040 (10252906.1946.000) 07/24 16:31:38 Finished transferring input files
...
001 (10252906.1946.000) 07/24 16:31:39 Job executing on host: <188.185.209.98:9618?addrs=188.185.209.98-9618+[2001-1458-303-11--100-5f]-9618&alias=b9p11p6140.cern.ch&noUDP&sock=startd_9569_1dd6>
	SlotName: slot1_28@b9p11p6140.cern.ch
	CondorScratchDir = "/pool/condor/dir_1865389"
	Cpus = 8
	Disk = 2722722
	Memory = 16000
...
006 (10252906.1946.000) 07/24 16:31:44 Image size of job updated: 158360
	8  -  MemoryUsage of job (MB)
	7360  -  ResidentSetSize of job (KB)
...
040 (10252906.1946.000) 07/24 16:31:44 Started transferring output files
...
040 (10252906.1946.000) 07/24 16:31:44 Finished transferring output files
...
005 (10252906.1946.000) 07/24 16:31:44 Job terminated.
	(1) Normal termination (return value 0)
		Usr 0 00:00:04, Sys 0 00:00:00  -  Run Remote Usage
		Usr 0 00:00:00, Sys 0 00:00:00  -  Run Local Usage
		Usr 0 00:00:04, Sys 0 00:00:00  -  Total Remote Usage
		Usr 0 00:00:00, Sys 0 00:00:00  -  Total Local Usage
	6204  -  Run Bytes Sent By Job
	409597  -  Run Bytes Received By Job
	6204  -  Total Bytes Sent By Job
	409597  -  Total Bytes Received By Job
	Partitionable Resources :    Usage  Request Allocated 
	   Cpus                 :        0        8         8 
	   Disk (KB)            :      428      425   2722722 
	   Memory (MB)          :        8    16000     16000 

	Job terminated of its own accord at 2024-07-24T14:31:44Z with exit-code 0.
...
040 (10252907.1946.000) 07/24 17:59:04 Started transferring input files
	Transferring to host: <188.185.208.145:9618?addrs=188.185.208.145-9618+[2001-1458-303-10--100-e]-9618&alias=b9p10p1680.cern.ch&noUDP&sock=slot1_15_12955_b828_25347>
...
040 (10252907.1946.000) 07/24 17:59:04 Finished transferring input files
...
001 (10252907.1946.000) 07/24 17:59:05 Job executing on host: <188.185.208.145:9618?addrs=188.185.208.145-9618+[2001-1458-303-10--100-e]-9618&alias=b9p10p1680.cern.ch&noUDP&sock=startd_11975_6eb4>
	SlotName: slot1_15@b9p10p1680.cern.ch
	CondorScratchDir = "/pool/condor/dir_3681261"
	Cpus = 8
	Disk = 2830645
	Memory = 16000
...
006 (10252907.1946.000) 07/24 17:59:09 Image size of job updated: 160448
	8  -  MemoryUsage of job (MB)
	8136  -  ResidentSetSize of job (KB)
...
040 (10252907.1946.000) 07/24 17:59:09 Started transferring output files
...
040 (10252907.1946.000) 07/24 17:59:09 Finished transferring output files
...
005 (10252907.1946.000) 07/24 17:59:09 Job terminated.
	(1) Normal termination (return value 0)
		Usr 0 00:00:03, Sys 0 00:00:00  -  Run Remote Usage
		Usr 0 00:00:00, Sys 0 00:00:00  -  Run Local Usage
		Usr 0 00:00:03, Sys 0 00:00:00  -  Total Remote Usage
		Usr 0 00:00:00, Sys 0 00:00:00  -  Total Local Usage
	6204  -  Run Bytes Sent By Job
	409597  -  Run Bytes Received By Job
	6204  -  Total Bytes Sent By Job
	409597  -  Total Bytes Received By Job
	Partitionable Resources :    Usage  Request Allocated 
	   Cpus                 :        0        8         8 
	   Disk (KB)            :      428      425   2830645 
	   Memory (MB)          :        8    16000     16000 

	Job terminated of its own accord at 2024-07-24T15:59:09Z with exit-code 0.
...
040 (10252908.1946.000) 07/24 19:02:30 Started transferring input files
	Transferring to host: <188.185.204.237:9618?addrs=188.185.204.237-9618+[2001-1458-303-8--100-6a]-9618&alias=b9p02p4140.cern.ch&noUDP&sock=slot1_14_5256_13cf_158009>
...
040 (10252908.1946.000) 07/24 19:02:30 Finished transferring input files
...
001 (10252908.1946.000) 07/24 19:02:31 Job executing on host: <188.185.204.237:9618?addrs=188.185.204.237-9618+[2001-1458-303-8--100-6a]-9618&alias=b9p02p4140.cern.ch&noUDP&sock=startd_4863_3126>
	SlotName: slot1_14@b9p02p4140.cern.ch
	CondorScratchDir = "/pool/condor/dir_2776782"
	Cpus = 8
	Disk = 2759674
	Memory = 16000
...
006 (10252908.1946.000) 07/24 19:02:37 Image size of job updated: 167532
	13  -  MemoryUsage of job (MB)
	12380  -  ResidentSetSize of job (KB)
...
040 (10252908.1946.000) 07/24 19:02:38 Started transferring output files
...
040 (10252908.1946.000) 07/24 19:02:39 Finished transferring output files
...
005 (10252908.1946.000) 07/24 19:02:42 Job terminated.
	(1) Normal termination (return value 0)
		Usr 0 00:00:05, Sys 0 00:00:00  -  Run Remote Usage
		Usr 0 00:00:00, Sys 0 00:00:00  -  Run Local Usage
		Usr 0 00:00:05, Sys 0 00:00:00  -  Total Remote Usage
		Usr 0 00:00:00, Sys 0 00:00:00  -  Total Local Usage
	6204  -  Run Bytes Sent By Job
	409597  -  Run Bytes Received By Job
	6204  -  Total Bytes Sent By Job
	409597  -  Total Bytes Received By Job
	Partitionable Resources :    Usage  Request Allocated 
	   Cpus                 :        0        8         8 
	   Disk (KB)            :      427      425   2759674 
	   Memory (MB)          :       13    16000     16000 

	Job terminated of its own accord at 2024-07-24T17:02:37Z with exit-code 0.
...
040 (10252909.1946.000) 07/24 20:05:35 Started transferring input files
	Transferring to host: <188.185.209.35:9618?addrs=188.185.209.35-9618+[2001-1458-303-11--100-20]-9618&alias=b9p11p8066.cern.ch&noUDP&sock=slot1_10_4904_0fc0_144065>
...
040 (10252909.1946.000) 07/24 20:05:35 Finished transferring input files
...
001 (10252909.1946.000) 07/24 20:05:36 Job executing on host: <188.185.209.35:9618?addrs=188.185.209.35-9618+[2001-1458-303-11--100-20]-9618&alias=b9p11p8066.cern.ch&noUDP&sock=startd_4188_32b8>
	SlotName: slot1_10@b9p11p8066.cern.ch
	CondorScratchDir = "/pool/condor/dir_1706041"
	Cpus = 8
	Disk = 2665908
	Memory = 16000
...
006 (10252909.1946.000) 07/24 20:05:40 Image size of job updated: 157856
	8  -  MemoryUsage of job (MB)
	7496  -  ResidentSetSize of job (KB)
...
040 (10252909.1946.000) 07/24 20:05:40 Started transferring output files
...
040 (10252909.1946.000) 07/24 20:05:40 Finished transferring output files
...
005 (10252909.1946.000) 07/24 20:05:40 Job terminated.
	(1) Normal termination (return value 0)
		Usr 0 00:00:03, Sys 0 00:00:00  -  Run Remote Usage
		Usr 0 00:00:00, Sys 0 00:00:00  -  Run Local Usage
		Usr 0 00:00:03, Sys 0 00:00:00  -  Total Remote Usage
		Usr 0 00:00:00, Sys 0 00:00:00  -  Total Local Usage
	6204  -  Run Bytes Sent By Job
	409597  -  Run Bytes Received By Job
	6204  -  Total Bytes Sent By Job
	409597  -  Total Bytes Received By Job
	Partitionable Resources :    Usage  Request Allocated 
	   Cpus                 :                 8         8 
	   Disk (KB)            :      421      425   2665908 
	   Memory (MB)          :        8    16000     16000 

	Job terminated of its own accord at 2024-07-24T18:05:40Z with exit-code 0.
...
040 (10252910.1946.000) 07/24 20:52:24 Started transferring input files
	Transferring to host: <188.185.207.70:9618?addrs=188.185.207.70-9618+[2001-1458-303-d--100-43]-9618&alias=b9p07p6748.cern.ch&noUDP&sock=slot1_32_9465_b2da_22912>
...
040 (10252910.1946.000) 07/24 20:52:24 Finished transferring input files
...
001 (10252910.1946.000) 07/24 20:52:25 Job executing on host: <188.185.207.70:9618?addrs=188.185.207.70-9618+[2001-1458-303-d--100-43]-9618&alias=b9p07p6748.cern.ch&noUDP&sock=startd_6774_faa2>
	SlotName: slot1_32@b9p07p6748.cern.ch
	CondorScratchDir = "/pool/condor/dir_1557840"
	Cpus = 8
	Disk = 2823106
	Memory = 16000
...
006 (10252910.1946.000) 07/24 20:52:29 Image size of job updated: 164132
	10  -  MemoryUsage of job (MB)
	9512  -  ResidentSetSize of job (KB)
...
040 (10252910.1946.000) 07/24 20:52:29 Started transferring output files
...
040 (10252910.1946.000) 07/24 20:52:29 Finished transferring output files
...
005 (10252910.1946.000) 07/24 20:52:29 Job terminated.
	(1) Normal termination (return value 0)
		Usr 0 00:00:03, Sys 0 00:00:00  -  Run Remote Usage
		Usr 0 00:00:00, Sys 0 00:00:00  -  Run Local Usage
		Usr 0 00:00:03, Sys 0 00:00:00  -  Total Remote Usage
		Usr 0 00:00:00, Sys 0 00:00:00  -  Total Local Usage
	6201  -  Run Bytes Sent By Job
	409597  -  Run Bytes Received By Job
	6201  -  Total Bytes Sent By Job
	409597  -  Total Bytes Received By Job
	Partitionable Resources :    Usage  Request Allocated 
	   Cpus                 :        0        8         8 
	   Disk (KB)            :      428      425   2823106 
	   Memory (MB)          :       10    16000     16000 

	Job terminated of its own accord at 2024-07-24T18:52:29Z with exit-code 0.
...
040 (10252911.1946.000) 07/24 21:04:56 Started transferring input files
	Transferring to host: <188.185.205.9:9618?addrs=188.185.205.9-9618+[2001-1458-303-9--100-7e]-9618&alias=b9p03p7969.cern.ch&noUDP&sock=slot1_15_7347_6044_29740>
...
040 (10252911.1946.000) 07/24 21:04:56 Finished transferring input files
...
001 (10252911.1946.000) 07/24 21:04:57 Job executing on host: <188.185.205.9:9618?addrs=188.185.205.9-9618+[2001-1458-303-9--100-7e]-9618&alias=b9p03p7969.cern.ch&noUDP&sock=startd_6402_d167>
	SlotName: slot1_15@b9p03p7969.cern.ch
	CondorScratchDir = "/pool/condor/dir_2415522"
	Cpus = 8
	Disk = 2743596
	Memory = 16000
...
006 (10252911.1946.000) 07/24 21:05:01 Image size of job updated: 165572
	11  -  MemoryUsage of job (MB)
	10576  -  ResidentSetSize of job (KB)
...
040 (10252911.1946.000) 07/24 21:05:01 Started transferring output files
...
040 (10252911.1946.000) 07/24 21:05:01 Finished transferring output files
...
005 (10252911.1946.000) 07/24 21:05:01 Job terminated.
	(1) Normal termination (return value 0)
		Usr 0 00:00:03, Sys 0 00:00:00  -  Run Remote Usage
		Usr 0 00:00:00, Sys 0 00:00:00  -  Run Local Usage
		Usr 0 00:00:03, Sys 0 00:00:00  -  Total Remote Usage
		Usr 0 00:00:00, Sys 0 00:00:00  -  Total Local Usage
	6201  -  Run Bytes Sent By Job
	409597  -  Run Bytes Received By Job
	6201  -  Total Bytes Sent By Job
	409597  -  Total Bytes Received By Job
	Partitionable Resources :    Usage  Request Allocated 
	   Cpus                 :        0        8         8 
	   Disk (KB)            :      427      425   2743596 
	   Memory (MB)          :       11    16000     16000 

	Job terminated of its own accord at 2024-07-24T19:05:01Z with exit-code 0.
...
040 (10252912.1946.000) 07/24 21:18:53 Started transferring input files
	Transferring to host: <188.185.198.65:9618?addrs=188.185.198.65-9618+[2001-1458-303-25--100-3d]-9618&alias=b9p15p6124.cern.ch&noUDP&sock=slot1_4_2651903_50d8_4086>
...
040 (10252912.1946.000) 07/24 21:18:53 Finished transferring input files
...
001 (10252912.1946.000) 07/24 21:18:54 Job executing on host: <188.185.198.65:9618?addrs=188.185.198.65-9618+[2001-1458-303-25--100-3d]-9618&alias=b9p15p6124.cern.ch&noUDP&sock=startd_127908_d3d9>
	SlotName: slot1_4@b9p15p6124.cern.ch
	CondorScratchDir = "/pool/condor/dir_1410140"
	Cpus = 8
	Disk = 3013451
	Memory = 16000
...
006 (10252912.1946.000) 07/24 21:19:02 Image size of job updated: 1
	0  -  MemoryUsage of job (MB)
	0  -  ResidentSetSize of job (KB)
...
006 (10252912.1946.000) 07/24 21:19:25 Image size of job updated: 163324
	9  -  MemoryUsage of job (MB)
	9076  -  ResidentSetSize of job (KB)
...
040 (10252912.1946.000) 07/24 21:19:25 Started transferring output files
...
040 (10252912.1946.000) 07/24 21:19:25 Finished transferring output files
...
005 (10252912.1946.000) 07/24 21:19:25 Job terminated.
	(1) Normal termination (return value 0)
		Usr 0 00:00:05, Sys 0 00:00:00  -  Run Remote Usage
		Usr 0 00:00:00, Sys 0 00:00:00  -  Run Local Usage
		Usr 0 00:00:05, Sys 0 00:00:00  -  Total Remote Usage
		Usr 0 00:00:00, Sys 0 00:00:00  -  Total Local Usage
	6204  -  Run Bytes Sent By Job
	409597  -  Run Bytes Received By Job
	6204  -  Total Bytes Sent By Job
	409597  -  Total Bytes Received By Job
	Partitionable Resources :    Usage  Request Allocated 
	   Cpus                 :        0        8         8 
	   Disk (KB)            :      428      425   3013451 
	   Memory (MB)          :        9    16000     16000 

	Job terminated of its own accord at 2024-07-24T19:19:25Z with exit-code 0.
...
040 (10252913.1946.000) 07/24 21:31:45 Started transferring input files
	Transferring to host: <188.185.208.212:9618?addrs=188.185.208.212-9618+[2001-1458-303-10--100-51]-9618&alias=b9p10p9536.cern.ch&noUDP&sock=slot1_12_15197_6943_24777>
...
040 (10252913.1946.000) 07/24 21:31:45 Finished transferring input files
...
001 (10252913.1946.000) 07/24 21:31:46 Job executing on host: <188.185.208.212:9618?addrs=188.185.208.212-9618+[2001-1458-303-10--100-51]-9618&alias=b9p10p9536.cern.ch&noUDP&sock=startd_14210_74df>
	SlotName: slot1_12@b9p10p9536.cern.ch
	CondorScratchDir = "/pool/condor/dir_4065840"
	Cpus = 8
	Disk = 2781732
	Memory = 16000
...
006 (10252913.1946.000) 07/24 21:31:50 Image size of job updated: 160368
	8  -  MemoryUsage of job (MB)
	7888  -  ResidentSetSize of job (KB)
...
040 (10252913.1946.000) 07/24 21:31:50 Started transferring output files
...
040 (10252913.1946.000) 07/24 21:31:50 Finished transferring output files
...
005 (10252913.1946.000) 07/24 21:31:50 Job terminated.
	(1) Normal termination (return value 0)
		Usr 0 00:00:03, Sys 0 00:00:00  -  Run Remote Usage
		Usr 0 00:00:00, Sys 0 00:00:00  -  Run Local Usage
		Usr 0 00:00:03, Sys 0 00:00:00  -  Total Remote Usage
		Usr 0 00:00:00, Sys 0 00:00:00  -  Total Local Usage
	6204  -  Run Bytes Sent By Job
	409597  -  Run Bytes Received By Job
	6204  -  Total Bytes Sent By Job
	409597  -  Total Bytes Received By Job
	Partitionable Resources :    Usage  Request Allocated 
	   Cpus                 :        0        8         8 
	   Disk (KB)            :      428      425   2781732 
	   Memory (MB)          :        8    16000     16000 

	Job terminated of its own accord at 2024-07-24T19:31:50Z with exit-code 0.
...
000 (10261715.1946.000) 07/25 13:02:17 Job submitted from host: <188.185.114.121:9618?addrs=188.185.114.121-9618+[2001-1458-d00-a--100-273]-9618&alias=bigbird19.cern.ch&noUDP&sock=schedd_4961_696e>
...
009 (10261715.1946.000) 07/25 13:06:49 Job was aborted.
	via condor_rm (by user yelberke)
...
000 (10261767.1946.000) 07/25 13:20:26 Job submitted from host: <188.185.114.121:9618?addrs=188.185.114.121-9618+[2001-1458-d00-a--100-273]-9618&alias=bigbird19.cern.ch&noUDP&sock=schedd_4961_696e>
...
040 (10261767.1946.000) 07/25 14:25:38 Started transferring input files
	Transferring to host: <188.185.206.41:9618?addrs=188.185.206.41-9618+[2001-1458-303-b--100-26]-9618&alias=b9p05p0465.cern.ch&noUDP&sock=slot1_19_3583_4c2b_69844>
...
040 (10261767.1946.000) 07/25 14:25:38 Finished transferring input files
...
001 (10261767.1946.000) 07/25 14:25:39 Job executing on host: <188.185.206.41:9618?addrs=188.185.206.41-9618+[2001-1458-303-b--100-26]-9618&alias=b9p05p0465.cern.ch&noUDP&sock=startd_3251_7e7b>
	SlotName: slot1_19@b9p05p0465.cern.ch
	CondorScratchDir = "/pool/condor/dir_1812933"
	Cpus = 12
	Disk = 2825370
	Memory = 24000
...
006 (10261767.1946.000) 07/25 14:25:43 Image size of job updated: 169996
	12  -  MemoryUsage of job (MB)
	11864  -  ResidentSetSize of job (KB)
...
040 (10261767.1946.000) 07/25 14:25:43 Started transferring output files
...
040 (10261767.1946.000) 07/25 14:25:43 Finished transferring output files
...
005 (10261767.1946.000) 07/25 14:25:43 Job terminated.
	(1) Normal termination (return value 0)
		Usr 0 00:00:03, Sys 0 00:00:00  -  Run Remote Usage
		Usr 0 00:00:00, Sys 0 00:00:00  -  Run Local Usage
		Usr 0 00:00:03, Sys 0 00:00:00  -  Total Remote Usage
		Usr 0 00:00:00, Sys 0 00:00:00  -  Total Local Usage
	6676  -  Run Bytes Sent By Job
	409597  -  Run Bytes Received By Job
	6676  -  Total Bytes Sent By Job
	409597  -  Total Bytes Received By Job
	Partitionable Resources :    Usage  Request Allocated 
	   Cpus                 :        0       12        12 
	   Disk (KB)            :      431      425   2825370 
	   Memory (MB)          :       12    24000     24000 

	Job terminated of its own accord at 2024-07-25T12:25:43Z with exit-code 0.
...
000 (10284266.1946.000) 08/02 15:46:03 Job submitted from host: <188.185.114.121:9618?addrs=188.185.114.121-9618+[2001-1458-d00-a--100-273]-9618&alias=bigbird19.cern.ch&noUDP&sock=schedd_4961_696e>
...
009 (10284266.1946.000) 08/02 15:49:28 Job was aborted.
	via condor_rm (by user yelberke)
...
000 (10284267.1946.000) 08/02 15:49:54 Job submitted from host: <188.185.114.121:9618?addrs=188.185.114.121-9618+[2001-1458-d00-a--100-273]-9618&alias=bigbird19.cern.ch&noUDP&sock=schedd_4961_696e>
...
040 (10284267.1946.000) 08/02 16:39:37 Started transferring input files
	Transferring to host: <188.185.209.59:9618?addrs=188.185.209.59-9618+[2001-1458-303-11--100-38]-9618&alias=b9p11p1917.cern.ch&noUDP&sock=slot1_6_9376_fd76_153965>
...
040 (10284267.1946.000) 08/02 16:39:37 Finished transferring input files
...
001 (10284267.1946.000) 08/02 16:39:38 Job executing on host: <188.185.209.59:9618?addrs=188.185.209.59-9618+[2001-1458-303-11--100-38]-9618&alias=b9p11p1917.cern.ch&noUDP&sock=startd_8062_709d>
	SlotName: slot1_6@b9p11p1917.cern.ch
	CondorScratchDir = "/pool/condor/dir_4088803"
	Cpus = 12
	Disk = 2756108
	Memory = 24000
...
006 (10284267.1946.000) 08/02 16:39:40 Image size of job updated: 325696
	6  -  MemoryUsage of job (MB)
	5368  -  ResidentSetSize of job (KB)
...
040 (10284267.1946.000) 08/02 16:39:40 Started transferring output files
...
040 (10284267.1946.000) 08/02 16:39:40 Finished transferring output files
...
005 (10284267.1946.000) 08/02 16:39:40 Job terminated.
	(1) Normal termination (return value 139)
		Usr 0 00:00:01, Sys 0 00:00:01  -  Run Remote Usage
		Usr 0 00:00:00, Sys 0 00:00:00  -  Run Local Usage
		Usr 0 00:00:01, Sys 0 00:00:01  -  Total Remote Usage
		Usr 0 00:00:00, Sys 0 00:00:00  -  Total Local Usage
	7696  -  Run Bytes Sent By Job
	409597  -  Run Bytes Received By Job
	7696  -  Total Bytes Sent By Job
	409597  -  Total Bytes Received By Job
	Partitionable Resources :    Usage  Request Allocated 
	   Cpus                 :        0       12        12 
	   Disk (KB)            :      430      425   2756108 
	   Memory (MB)          :        6    24000     24000 

	Job terminated of its own accord at 2024-08-02T14:39:40Z with exit-code 139.
...
