000 (10252905.1967.000) 07/24 16:13:18 Job submitted from host: <188.185.114.121:9618?addrs=188.185.114.121-9618+[2001-1458-d00-a--100-273]-9618&alias=bigbird19.cern.ch&noUDP&sock=schedd_4961_696e>
...
009 (10252905.1967.000) 07/24 16:14:48 Job was aborted.
	via condor_rm (by user yelberke)
...
000 (10252906.1967.000) 07/24 16:15:37 Job submitted from host: <188.185.114.121:9618?addrs=188.185.114.121-9618+[2001-1458-d00-a--100-273]-9618&alias=bigbird19.cern.ch&noUDP&sock=schedd_4961_696e>
...
000 (10252907.1967.000) 07/24 16:17:32 Job submitted from host: <188.185.114.121:9618?addrs=188.185.114.121-9618+[2001-1458-d00-a--100-273]-9618&alias=bigbird19.cern.ch&noUDP&sock=schedd_4961_696e>
...
000 (10252908.1967.000) 07/24 16:18:05 Job submitted from host: <188.185.114.121:9618?addrs=188.185.114.121-9618+[2001-1458-d00-a--100-273]-9618&alias=bigbird19.cern.ch&noUDP&sock=schedd_4961_696e>
...
000 (10252909.1967.000) 07/24 16:18:40 Job submitted from host: <188.185.114.121:9618?addrs=188.185.114.121-9618+[2001-1458-d00-a--100-273]-9618&alias=bigbird19.cern.ch&noUDP&sock=schedd_4961_696e>
...
000 (10252910.1967.000) 07/24 16:19:06 Job submitted from host: <188.185.114.121:9618?addrs=188.185.114.121-9618+[2001-1458-d00-a--100-273]-9618&alias=bigbird19.cern.ch&noUDP&sock=schedd_4961_696e>
...
000 (10252911.1967.000) 07/24 16:19:19 Job submitted from host: <188.185.114.121:9618?addrs=188.185.114.121-9618+[2001-1458-d00-a--100-273]-9618&alias=bigbird19.cern.ch&noUDP&sock=schedd_4961_696e>
...
000 (10252912.1967.000) 07/24 16:19:32 Job submitted from host: <188.185.114.121:9618?addrs=188.185.114.121-9618+[2001-1458-d00-a--100-273]-9618&alias=bigbird19.cern.ch&noUDP&sock=schedd_4961_696e>
...
000 (10252913.1967.000) 07/24 16:19:44 Job submitted from host: <188.185.114.121:9618?addrs=188.185.114.121-9618+[2001-1458-d00-a--100-273]-9618&alias=bigbird19.cern.ch&noUDP&sock=schedd_4961_696e>
...
040 (10252906.1967.000) 07/24 16:31:45 Started transferring input files
	Transferring to host: <188.185.198.72:9618?addrs=188.185.198.72-9618&alias=b9p15p4602.cern.ch&noUDP&sock=slot1_3_2708225_428a_5954>
...
040 (10252906.1967.000) 07/24 16:31:45 Finished transferring input files
...
001 (10252906.1967.000) 07/24 16:31:46 Job executing on host: <188.185.198.72:9618?addrs=188.185.198.72-9618&alias=b9p15p4602.cern.ch&noUDP&sock=startd_128045_cc53>
	SlotName: slot1_3@b9p15p4602.cern.ch
	CondorScratchDir = "/pool/condor/dir_2880272"
	Cpus = 8
	Disk = 2976196
	Memory = 16000
...
006 (10252906.1967.000) 07/24 16:31:52 Image size of job updated: 169152
	13  -  MemoryUsage of job (MB)
	12612  -  ResidentSetSize of job (KB)
...
040 (10252906.1967.000) 07/24 16:31:52 Started transferring output files
...
040 (10252906.1967.000) 07/24 16:31:52 Finished transferring output files
...
005 (10252906.1967.000) 07/24 16:31:52 Job terminated.
	(1) Normal termination (return value 0)
		Usr 0 00:00:05, Sys 0 00:00:00  -  Run Remote Usage
		Usr 0 00:00:00, Sys 0 00:00:00  -  Run Local Usage
		Usr 0 00:00:05, Sys 0 00:00:00  -  Total Remote Usage
		Usr 0 00:00:00, Sys 0 00:00:00  -  Total Local Usage
	6204  -  Run Bytes Sent By Job
	409597  -  Run Bytes Received By Job
	6204  -  Total Bytes Sent By Job
	409597  -  Total Bytes Received By Job
	Partitionable Resources :    Usage  Request Allocated 
	   Cpus                 :        0        8         8 
	   Disk (KB)            :      427      425   2976196 
	   Memory (MB)          :       13    16000     16000 

	Job terminated of its own accord at 2024-07-24T14:31:52Z with exit-code 0.
...
040 (10252907.1967.000) 07/24 17:59:11 Started transferring input files
	Transferring to host: <188.185.208.29:9618?addrs=188.185.208.29-9618+[2001-1458-303-f--100-1a]-9618&alias=b9p09p1329.cern.ch&noUDP&sock=slot1_26_10967_fe57_144861>
...
040 (10252907.1967.000) 07/24 17:59:11 Finished transferring input files
...
001 (10252907.1967.000) 07/24 17:59:12 Job executing on host: <188.185.208.29:9618?addrs=188.185.208.29-9618+[2001-1458-303-f--100-1a]-9618&alias=b9p09p1329.cern.ch&noUDP&sock=startd_9485_7fe2>
	SlotName: slot1_26@b9p09p1329.cern.ch
	CondorScratchDir = "/pool/condor/dir_729205"
	Cpus = 8
	Disk = 2918264
	Memory = 16000
...
006 (10252907.1967.000) 07/24 17:59:16 Image size of job updated: 158132
	8  -  MemoryUsage of job (MB)
	7500  -  ResidentSetSize of job (KB)
...
040 (10252907.1967.000) 07/24 17:59:16 Started transferring output files
...
040 (10252907.1967.000) 07/24 17:59:16 Finished transferring output files
...
005 (10252907.1967.000) 07/24 17:59:16 Job terminated.
	(1) Normal termination (return value 0)
		Usr 0 00:00:03, Sys 0 00:00:00  -  Run Remote Usage
		Usr 0 00:00:00, Sys 0 00:00:00  -  Run Local Usage
		Usr 0 00:00:03, Sys 0 00:00:00  -  Total Remote Usage
		Usr 0 00:00:00, Sys 0 00:00:00  -  Total Local Usage
	6204  -  Run Bytes Sent By Job
	409597  -  Run Bytes Received By Job
	6204  -  Total Bytes Sent By Job
	409597  -  Total Bytes Received By Job
	Partitionable Resources :    Usage  Request Allocated 
	   Cpus                 :        0        8         8 
	   Disk (KB)            :      428      425   2918264 
	   Memory (MB)          :        8    16000     16000 

	Job terminated of its own accord at 2024-07-24T15:59:16Z with exit-code 0.
...
040 (10252908.1967.000) 07/24 19:02:46 Started transferring input files
	Transferring to host: <188.185.205.179:9618?addrs=188.185.205.179-9618+[2001-1458-303-a--100-30]-9618&alias=b9p04p5046.cern.ch&noUDP&sock=slot1_7_7364_5aa5_154246>
...
040 (10252908.1967.000) 07/24 19:02:46 Finished transferring input files
...
001 (10252908.1967.000) 07/24 19:02:47 Job executing on host: <188.185.205.179:9618?addrs=188.185.205.179-9618+[2001-1458-303-a--100-30]-9618&alias=b9p04p5046.cern.ch&noUDP&sock=startd_7297_b6aa>
	SlotName: slot1_7@b9p04p5046.cern.ch
	CondorScratchDir = "/pool/condor/dir_2508050"
	Cpus = 8
	Disk = 2666084
	Memory = 16000
...
006 (10252908.1967.000) 07/24 19:02:51 Image size of job updated: 158724
	8  -  MemoryUsage of job (MB)
	7736  -  ResidentSetSize of job (KB)
...
040 (10252908.1967.000) 07/24 19:02:52 Started transferring output files
...
040 (10252908.1967.000) 07/24 19:02:53 Finished transferring output files
...
005 (10252908.1967.000) 07/24 19:02:53 Job terminated.
	(1) Normal termination (return value 0)
		Usr 0 00:00:03, Sys 0 00:00:00  -  Run Remote Usage
		Usr 0 00:00:00, Sys 0 00:00:00  -  Run Local Usage
		Usr 0 00:00:03, Sys 0 00:00:00  -  Total Remote Usage
		Usr 0 00:00:00, Sys 0 00:00:00  -  Total Local Usage
	6204  -  Run Bytes Sent By Job
	409597  -  Run Bytes Received By Job
	6204  -  Total Bytes Sent By Job
	409597  -  Total Bytes Received By Job
	Partitionable Resources :    Usage  Request Allocated 
	   Cpus                 :        0        8         8 
	   Disk (KB)            :      428      425   2666084 
	   Memory (MB)          :        8    16000     16000 

	Job terminated of its own accord at 2024-07-24T17:02:51Z with exit-code 0.
...
040 (10252909.1967.000) 07/24 20:05:42 Started transferring input files
	Transferring to host: <188.185.209.35:9618?addrs=188.185.209.35-9618+[2001-1458-303-11--100-20]-9618&alias=b9p11p8066.cern.ch&noUDP&sock=slot1_13_4904_0fc0_144067>
...
040 (10252909.1967.000) 07/24 20:05:42 Finished transferring input files
...
001 (10252909.1967.000) 07/24 20:05:43 Job executing on host: <188.185.209.35:9618?addrs=188.185.209.35-9618+[2001-1458-303-11--100-20]-9618&alias=b9p11p8066.cern.ch&noUDP&sock=startd_4188_32b8>
	SlotName: slot1_13@b9p11p8066.cern.ch
	CondorScratchDir = "/pool/condor/dir_1706596"
	Cpus = 8
	Disk = 2678239
	Memory = 16000
...
006 (10252909.1967.000) 07/24 20:05:47 Image size of job updated: 167756
	12  -  MemoryUsage of job (MB)
	11772  -  ResidentSetSize of job (KB)
...
040 (10252909.1967.000) 07/24 20:05:47 Started transferring output files
...
040 (10252909.1967.000) 07/24 20:05:47 Finished transferring output files
...
005 (10252909.1967.000) 07/24 20:05:47 Job terminated.
	(1) Normal termination (return value 0)
		Usr 0 00:00:03, Sys 0 00:00:00  -  Run Remote Usage
		Usr 0 00:00:00, Sys 0 00:00:00  -  Run Local Usage
		Usr 0 00:00:03, Sys 0 00:00:00  -  Total Remote Usage
		Usr 0 00:00:00, Sys 0 00:00:00  -  Total Local Usage
	6204  -  Run Bytes Sent By Job
	409597  -  Run Bytes Received By Job
	6204  -  Total Bytes Sent By Job
	409597  -  Total Bytes Received By Job
	Partitionable Resources :    Usage  Request Allocated 
	   Cpus                 :        0        8         8 
	   Disk (KB)            :      428      425   2678239 
	   Memory (MB)          :       12    16000     16000 

	Job terminated of its own accord at 2024-07-24T18:05:47Z with exit-code 0.
...
040 (10252910.1967.000) 07/24 20:52:32 Started transferring input files
	Transferring to host: <188.185.205.32:9618?addrs=188.185.205.32-9618&alias=b9p03p5159.cern.ch&noUDP&sock=slot1_23_6906_a6d2_153555>
...
040 (10252910.1967.000) 07/24 20:52:32 Finished transferring input files
...
001 (10252910.1967.000) 07/24 20:52:33 Job executing on host: <188.185.205.32:9618?addrs=188.185.205.32-9618&alias=b9p03p5159.cern.ch&noUDP&sock=startd_6839_904a>
	SlotName: slot1_23@b9p03p5159.cern.ch
	CondorScratchDir = "/pool/condor/dir_3975235"
	Cpus = 8
	Disk = 2801171
	Memory = 16000
...
006 (10252910.1967.000) 07/24 20:52:37 Image size of job updated: 161152
	9  -  MemoryUsage of job (MB)
	8548  -  ResidentSetSize of job (KB)
...
040 (10252910.1967.000) 07/24 20:52:37 Started transferring output files
...
040 (10252910.1967.000) 07/24 20:52:37 Finished transferring output files
...
005 (10252910.1967.000) 07/24 20:52:37 Job terminated.
	(1) Normal termination (return value 0)
		Usr 0 00:00:03, Sys 0 00:00:00  -  Run Remote Usage
		Usr 0 00:00:00, Sys 0 00:00:00  -  Run Local Usage
		Usr 0 00:00:03, Sys 0 00:00:00  -  Total Remote Usage
		Usr 0 00:00:00, Sys 0 00:00:00  -  Total Local Usage
	6201  -  Run Bytes Sent By Job
	409597  -  Run Bytes Received By Job
	6201  -  Total Bytes Sent By Job
	409597  -  Total Bytes Received By Job
	Partitionable Resources :    Usage  Request Allocated 
	   Cpus                 :        0        8         8 
	   Disk (KB)            :      428      425   2801171 
	   Memory (MB)          :        9    16000     16000 

	Job terminated of its own accord at 2024-07-24T18:52:37Z with exit-code 0.
...
040 (10252911.1967.000) 07/24 21:05:01 Started transferring input files
	Transferring to host: <188.185.208.15:9618?addrs=188.185.208.15-9618+[2001-1458-303-f--100-c]-9618&alias=b9p09p9130.cern.ch&noUDP&sock=slot1_5_5425_2736_145333>
...
040 (10252911.1967.000) 07/24 21:05:01 Finished transferring input files
...
001 (10252911.1967.000) 07/24 21:05:02 Job executing on host: <188.185.208.15:9618?addrs=188.185.208.15-9618+[2001-1458-303-f--100-c]-9618&alias=b9p09p9130.cern.ch&noUDP&sock=startd_4457_b5b2>
	SlotName: slot1_5@b9p09p9130.cern.ch
	CondorScratchDir = "/pool/condor/dir_1491390"
	Cpus = 8
	Disk = 2635244
	Memory = 16000
...
006 (10252911.1967.000) 07/24 21:05:09 Image size of job updated: 164836
	10  -  MemoryUsage of job (MB)
	10032  -  ResidentSetSize of job (KB)
...
040 (10252911.1967.000) 07/24 21:05:09 Started transferring output files
...
040 (10252911.1967.000) 07/24 21:05:09 Finished transferring output files
...
005 (10252911.1967.000) 07/24 21:05:09 Job terminated.
	(1) Normal termination (return value 0)
		Usr 0 00:00:05, Sys 0 00:00:00  -  Run Remote Usage
		Usr 0 00:00:00, Sys 0 00:00:00  -  Run Local Usage
		Usr 0 00:00:05, Sys 0 00:00:00  -  Total Remote Usage
		Usr 0 00:00:00, Sys 0 00:00:00  -  Total Local Usage
	6201  -  Run Bytes Sent By Job
	409597  -  Run Bytes Received By Job
	6201  -  Total Bytes Sent By Job
	409597  -  Total Bytes Received By Job
	Partitionable Resources :    Usage  Request Allocated 
	   Cpus                 :        0        8         8 
	   Disk (KB)            :      428      425   2635244 
	   Memory (MB)          :       10    16000     16000 

	Job terminated of its own accord at 2024-07-24T19:05:09Z with exit-code 0.
...
040 (10252912.1967.000) 07/24 21:19:00 Started transferring input files
	Transferring to host: <188.185.208.68:9618?addrs=188.185.208.68-9618+[2001-1458-303-f--100-41]-9618&alias=b9p09p2759.cern.ch&noUDP&sock=slot1_7_6343_f79b_142984>
...
040 (10252912.1967.000) 07/24 21:19:00 Finished transferring input files
...
001 (10252912.1967.000) 07/24 21:19:01 Job executing on host: <188.185.208.68:9618?addrs=188.185.208.68-9618+[2001-1458-303-f--100-41]-9618&alias=b9p09p2759.cern.ch&noUDP&sock=startd_5176_e24a>
	SlotName: slot1_7@b9p09p2759.cern.ch
	CondorScratchDir = "/pool/condor/dir_394590"
	Cpus = 8
	Disk = 2806433
	Memory = 16000
...
006 (10252912.1967.000) 07/24 21:19:07 Image size of job updated: 164156
	10  -  MemoryUsage of job (MB)
	9728  -  ResidentSetSize of job (KB)
...
040 (10252912.1967.000) 07/24 21:19:07 Started transferring output files
...
040 (10252912.1967.000) 07/24 21:19:07 Finished transferring output files
...
005 (10252912.1967.000) 07/24 21:19:07 Job terminated.
	(1) Normal termination (return value 0)
		Usr 0 00:00:05, Sys 0 00:00:00  -  Run Remote Usage
		Usr 0 00:00:00, Sys 0 00:00:00  -  Run Local Usage
		Usr 0 00:00:05, Sys 0 00:00:00  -  Total Remote Usage
		Usr 0 00:00:00, Sys 0 00:00:00  -  Total Local Usage
	6204  -  Run Bytes Sent By Job
	409597  -  Run Bytes Received By Job
	6204  -  Total Bytes Sent By Job
	409597  -  Total Bytes Received By Job
	Partitionable Resources :    Usage  Request Allocated 
	   Cpus                 :        0        8         8 
	   Disk (KB)            :      428      425   2806433 
	   Memory (MB)          :       10    16000     16000 

	Job terminated of its own accord at 2024-07-24T19:19:07Z with exit-code 0.
...
040 (10252913.1967.000) 07/24 21:31:53 Started transferring input files
	Transferring to host: <188.185.198.36:9618?addrs=188.185.198.36-9618+[2001-1458-303-25--100-20]-9618&alias=b9p15p5197.cern.ch&noUDP&sock=slot1_19_481950_1fc7_3091>
...
040 (10252913.1967.000) 07/24 21:31:53 Finished transferring input files
...
001 (10252913.1967.000) 07/24 21:31:54 Job executing on host: <188.185.198.36:9618?addrs=188.185.198.36-9618+[2001-1458-303-25--100-20]-9618&alias=b9p15p5197.cern.ch&noUDP&sock=startd_127539_b967>
	SlotName: slot1_19@b9p15p5197.cern.ch
	CondorScratchDir = "/pool/condor/dir_3400331"
	Cpus = 8
	Disk = 2961973
	Memory = 16000
...
006 (10252913.1967.000) 07/24 21:32:00 Image size of job updated: 164532
	11  -  MemoryUsage of job (MB)
	10436  -  ResidentSetSize of job (KB)
...
040 (10252913.1967.000) 07/24 21:32:00 Started transferring output files
...
040 (10252913.1967.000) 07/24 21:32:00 Finished transferring output files
...
005 (10252913.1967.000) 07/24 21:32:00 Job terminated.
	(1) Normal termination (return value 0)
		Usr 0 00:00:05, Sys 0 00:00:00  -  Run Remote Usage
		Usr 0 00:00:00, Sys 0 00:00:00  -  Run Local Usage
		Usr 0 00:00:05, Sys 0 00:00:00  -  Total Remote Usage
		Usr 0 00:00:00, Sys 0 00:00:00  -  Total Local Usage
	6204  -  Run Bytes Sent By Job
	409597  -  Run Bytes Received By Job
	6204  -  Total Bytes Sent By Job
	409597  -  Total Bytes Received By Job
	Partitionable Resources :    Usage  Request Allocated 
	   Cpus                 :                 8         8 
	   Disk (KB)            :      420      425   2961973 
	   Memory (MB)          :       11    16000     16000 

	Job terminated of its own accord at 2024-07-24T19:32:00Z with exit-code 0.
...
000 (10261715.1967.000) 07/25 13:02:17 Job submitted from host: <188.185.114.121:9618?addrs=188.185.114.121-9618+[2001-1458-d00-a--100-273]-9618&alias=bigbird19.cern.ch&noUDP&sock=schedd_4961_696e>
...
009 (10261715.1967.000) 07/25 13:06:49 Job was aborted.
	via condor_rm (by user yelberke)
...
000 (10261767.1967.000) 07/25 13:20:26 Job submitted from host: <188.185.114.121:9618?addrs=188.185.114.121-9618+[2001-1458-d00-a--100-273]-9618&alias=bigbird19.cern.ch&noUDP&sock=schedd_4961_696e>
...
040 (10261767.1967.000) 07/25 14:25:47 Started transferring input files
	Transferring to host: <188.185.204.235:9618?addrs=188.185.204.235-9618+[2001-1458-303-8--100-68]-9618&alias=b9p02p6705.cern.ch&noUDP&sock=slot1_22_7031_b9b7_84440>
...
040 (10261767.1967.000) 07/25 14:25:47 Finished transferring input files
...
001 (10261767.1967.000) 07/25 14:25:48 Job executing on host: <188.185.204.235:9618?addrs=188.185.204.235-9618+[2001-1458-303-8--100-68]-9618&alias=b9p02p6705.cern.ch&noUDP&sock=startd_5676_d7a5>
	SlotName: slot1_22@b9p02p6705.cern.ch
	CondorScratchDir = "/pool/condor/dir_4096306"
	Cpus = 12
	Disk = 2804081
	Memory = 24000
...
006 (10261767.1967.000) 07/25 14:25:53 Image size of job updated: 160576
	8  -  MemoryUsage of job (MB)
	7416  -  ResidentSetSize of job (KB)
...
040 (10261767.1967.000) 07/25 14:25:53 Started transferring output files
...
040 (10261767.1967.000) 07/25 14:25:53 Finished transferring output files
...
005 (10261767.1967.000) 07/25 14:25:53 Job terminated.
	(1) Normal termination (return value 0)
		Usr 0 00:00:04, Sys 0 00:00:00  -  Run Remote Usage
		Usr 0 00:00:00, Sys 0 00:00:00  -  Run Local Usage
		Usr 0 00:00:04, Sys 0 00:00:00  -  Total Remote Usage
		Usr 0 00:00:00, Sys 0 00:00:00  -  Total Local Usage
	6676  -  Run Bytes Sent By Job
	409597  -  Run Bytes Received By Job
	6676  -  Total Bytes Sent By Job
	409597  -  Total Bytes Received By Job
	Partitionable Resources :    Usage  Request Allocated 
	   Cpus                 :        0       12        12 
	   Disk (KB)            :      429      425   2804081 
	   Memory (MB)          :        8    24000     24000 

	Job terminated of its own accord at 2024-07-25T12:25:53Z with exit-code 0.
...
000 (10284266.1967.000) 08/02 15:46:04 Job submitted from host: <188.185.114.121:9618?addrs=188.185.114.121-9618+[2001-1458-d00-a--100-273]-9618&alias=bigbird19.cern.ch&noUDP&sock=schedd_4961_696e>
...
009 (10284266.1967.000) 08/02 15:49:28 Job was aborted.
	via condor_rm (by user yelberke)
...
000 (10284267.1967.000) 08/02 15:49:54 Job submitted from host: <188.185.114.121:9618?addrs=188.185.114.121-9618+[2001-1458-d00-a--100-273]-9618&alias=bigbird19.cern.ch&noUDP&sock=schedd_4961_696e>
...
040 (10284267.1967.000) 08/02 16:39:45 Started transferring input files
	Transferring to host: <188.185.192.136:9618?addrs=188.185.192.136-9618+[2001-1458-303-1f--100-84]-9618&alias=b9p13p0967.cern.ch&noUDP&sock=slot1_3_4142837_31ec_2073>
...
040 (10284267.1967.000) 08/02 16:39:45 Finished transferring input files
...
001 (10284267.1967.000) 08/02 16:39:46 Job executing on host: <188.185.192.136:9618?addrs=188.185.192.136-9618+[2001-1458-303-1f--100-84]-9618&alias=b9p13p0967.cern.ch&noUDP&sock=startd_127835_c170>
	SlotName: slot1_3@b9p13p0967.cern.ch
	CondorScratchDir = "/pool/condor/dir_3178849"
	Cpus = 12
	Disk = 2983846
	Memory = 24000
...
006 (10284267.1967.000) 08/02 16:39:48 Image size of job updated: 316588
	5  -  MemoryUsage of job (MB)
	4928  -  ResidentSetSize of job (KB)
...
040 (10284267.1967.000) 08/02 16:39:48 Started transferring output files
...
040 (10284267.1967.000) 08/02 16:39:48 Finished transferring output files
...
005 (10284267.1967.000) 08/02 16:39:49 Job terminated.
	(1) Normal termination (return value 139)
		Usr 0 00:00:02, Sys 0 00:00:00  -  Run Remote Usage
		Usr 0 00:00:00, Sys 0 00:00:00  -  Run Local Usage
		Usr 0 00:00:02, Sys 0 00:00:00  -  Total Remote Usage
		Usr 0 00:00:00, Sys 0 00:00:00  -  Total Local Usage
	7696  -  Run Bytes Sent By Job
	409597  -  Run Bytes Received By Job
	7696  -  Total Bytes Sent By Job
	409597  -  Total Bytes Received By Job
	Partitionable Resources :    Usage  Request Allocated 
	   Cpus                 :        0       12        12 
	   Disk (KB)            :      429      425   2983846 
	   Memory (MB)          :        5    24000     24000 

	Job terminated of its own accord at 2024-08-02T14:39:48Z with exit-code 139.
...
