000 (10252905.2030.000) 07/24 16:13:18 Job submitted from host: <188.185.114.121:9618?addrs=188.185.114.121-9618+[2001-1458-d00-a--100-273]-9618&alias=bigbird19.cern.ch&noUDP&sock=schedd_4961_696e>
...
009 (10252905.2030.000) 07/24 16:14:48 Job was aborted.
	via condor_rm (by user yelberke)
...
000 (10252906.2030.000) 07/24 16:15:37 Job submitted from host: <188.185.114.121:9618?addrs=188.185.114.121-9618+[2001-1458-d00-a--100-273]-9618&alias=bigbird19.cern.ch&noUDP&sock=schedd_4961_696e>
...
000 (10252907.2030.000) 07/24 16:17:32 Job submitted from host: <188.185.114.121:9618?addrs=188.185.114.121-9618+[2001-1458-d00-a--100-273]-9618&alias=bigbird19.cern.ch&noUDP&sock=schedd_4961_696e>
...
000 (10252908.2030.000) 07/24 16:18:05 Job submitted from host: <188.185.114.121:9618?addrs=188.185.114.121-9618+[2001-1458-d00-a--100-273]-9618&alias=bigbird19.cern.ch&noUDP&sock=schedd_4961_696e>
...
000 (10252909.2030.000) 07/24 16:18:40 Job submitted from host: <188.185.114.121:9618?addrs=188.185.114.121-9618+[2001-1458-d00-a--100-273]-9618&alias=bigbird19.cern.ch&noUDP&sock=schedd_4961_696e>
...
000 (10252910.2030.000) 07/24 16:19:06 Job submitted from host: <188.185.114.121:9618?addrs=188.185.114.121-9618+[2001-1458-d00-a--100-273]-9618&alias=bigbird19.cern.ch&noUDP&sock=schedd_4961_696e>
...
000 (10252911.2030.000) 07/24 16:19:19 Job submitted from host: <188.185.114.121:9618?addrs=188.185.114.121-9618+[2001-1458-d00-a--100-273]-9618&alias=bigbird19.cern.ch&noUDP&sock=schedd_4961_696e>
...
000 (10252912.2030.000) 07/24 16:19:32 Job submitted from host: <188.185.114.121:9618?addrs=188.185.114.121-9618+[2001-1458-d00-a--100-273]-9618&alias=bigbird19.cern.ch&noUDP&sock=schedd_4961_696e>
...
000 (10252913.2030.000) 07/24 16:19:44 Job submitted from host: <188.185.114.121:9618?addrs=188.185.114.121-9618+[2001-1458-d00-a--100-273]-9618&alias=bigbird19.cern.ch&noUDP&sock=schedd_4961_696e>
...
040 (10252906.2030.000) 07/24 16:32:04 Started transferring input files
	Transferring to host: <188.185.206.98:9618?addrs=188.185.206.98-9618+[2001-1458-303-b--100-5f]-9618&alias=b9p05p9848.cern.ch&noUDP&sock=slot1_2_65051_106e_91687>
...
040 (10252906.2030.000) 07/24 16:32:04 Finished transferring input files
...
001 (10252906.2030.000) 07/24 16:32:05 Job executing on host: <188.185.206.98:9618?addrs=188.185.206.98-9618+[2001-1458-303-b--100-5f]-9618&alias=b9p05p9848.cern.ch&noUDP&sock=startd_3385_682c>
	SlotName: slot1_2@b9p05p9848.cern.ch
	CondorScratchDir = "/pool/condor/dir_918492"
	Cpus = 8
	Disk = 2012621
	Memory = 16000
...
006 (10252906.2030.000) 07/24 16:32:09 Image size of job updated: 165652
	11  -  MemoryUsage of job (MB)
	11128  -  ResidentSetSize of job (KB)
...
040 (10252906.2030.000) 07/24 16:32:09 Started transferring output files
...
040 (10252906.2030.000) 07/24 16:32:09 Finished transferring output files
...
005 (10252906.2030.000) 07/24 16:32:09 Job terminated.
	(1) Normal termination (return value 0)
		Usr 0 00:00:03, Sys 0 00:00:00  -  Run Remote Usage
		Usr 0 00:00:00, Sys 0 00:00:00  -  Run Local Usage
		Usr 0 00:00:03, Sys 0 00:00:00  -  Total Remote Usage
		Usr 0 00:00:00, Sys 0 00:00:00  -  Total Local Usage
	6204  -  Run Bytes Sent By Job
	409597  -  Run Bytes Received By Job
	6204  -  Total Bytes Sent By Job
	409597  -  Total Bytes Received By Job
	Partitionable Resources :    Usage  Request Allocated 
	   Cpus                 :        0        8         8 
	   Disk (KB)            :      430      425   2012621 
	   Memory (MB)          :       11    16000     16000 

	Job terminated of its own accord at 2024-07-24T14:32:09Z with exit-code 0.
...
040 (10252907.2030.000) 07/24 17:59:32 Started transferring input files
	Transferring to host: <188.185.209.51:9618?addrs=188.185.209.51-9618+[2001-1458-303-11--100-30]-9618&alias=b9p11p0504.cern.ch&noUDP&sock=slot1_8_10285_767b_144701>
...
040 (10252907.2030.000) 07/24 17:59:32 Finished transferring input files
...
001 (10252907.2030.000) 07/24 17:59:33 Job executing on host: <188.185.209.51:9618?addrs=188.185.209.51-9618+[2001-1458-303-11--100-30]-9618&alias=b9p11p0504.cern.ch&noUDP&sock=startd_8859_1d99>
	SlotName: slot1_8@b9p11p0504.cern.ch
	CondorScratchDir = "/pool/condor/dir_1784129"
	Cpus = 8
	Disk = 2710441
	Memory = 16000
...
006 (10252907.2030.000) 07/24 17:59:37 Image size of job updated: 160232
	8  -  MemoryUsage of job (MB)
	7800  -  ResidentSetSize of job (KB)
...
040 (10252907.2030.000) 07/24 17:59:37 Started transferring output files
...
040 (10252907.2030.000) 07/24 17:59:37 Finished transferring output files
...
005 (10252907.2030.000) 07/24 17:59:37 Job terminated.
	(1) Normal termination (return value 0)
		Usr 0 00:00:03, Sys 0 00:00:00  -  Run Remote Usage
		Usr 0 00:00:00, Sys 0 00:00:00  -  Run Local Usage
		Usr 0 00:00:03, Sys 0 00:00:00  -  Total Remote Usage
		Usr 0 00:00:00, Sys 0 00:00:00  -  Total Local Usage
	6204  -  Run Bytes Sent By Job
	409597  -  Run Bytes Received By Job
	6204  -  Total Bytes Sent By Job
	409597  -  Total Bytes Received By Job
	Partitionable Resources :    Usage  Request Allocated 
	   Cpus                 :        0        8         8 
	   Disk (KB)            :      428      425   2710441 
	   Memory (MB)          :        8    16000     16000 

	Job terminated of its own accord at 2024-07-24T15:59:37Z with exit-code 0.
...
040 (10252908.2030.000) 07/24 19:03:10 Started transferring input files
	Transferring to host: <188.185.204.253:9618?addrs=188.185.204.253-9618+[2001-1458-303-8--100-7a]-9618&alias=b9p02p8717.cern.ch&noUDP&sock=slot1_7_7342_da64_154113>
...
040 (10252908.2030.000) 07/24 19:03:11 Finished transferring input files
...
001 (10252908.2030.000) 07/24 19:03:11 Job executing on host: <188.185.204.253:9618?addrs=188.185.204.253-9618+[2001-1458-303-8--100-7a]-9618&alias=b9p02p8717.cern.ch&noUDP&sock=startd_7272_90cc>
	SlotName: slot1_7@b9p02p8717.cern.ch
	CondorScratchDir = "/pool/condor/dir_3161377"
	Cpus = 8
	Disk = 2777510
	Memory = 16000
...
006 (10252908.2030.000) 07/24 19:03:16 Image size of job updated: 157940
	7  -  MemoryUsage of job (MB)
	7004  -  ResidentSetSize of job (KB)
...
040 (10252908.2030.000) 07/24 19:03:16 Started transferring output files
...
040 (10252908.2030.000) 07/24 19:03:16 Finished transferring output files
...
005 (10252908.2030.000) 07/24 19:03:16 Job terminated.
	(1) Normal termination (return value 0)
		Usr 0 00:00:03, Sys 0 00:00:00  -  Run Remote Usage
		Usr 0 00:00:00, Sys 0 00:00:00  -  Run Local Usage
		Usr 0 00:00:03, Sys 0 00:00:00  -  Total Remote Usage
		Usr 0 00:00:00, Sys 0 00:00:00  -  Total Local Usage
	6204  -  Run Bytes Sent By Job
	409597  -  Run Bytes Received By Job
	6204  -  Total Bytes Sent By Job
	409597  -  Total Bytes Received By Job
	Partitionable Resources :    Usage  Request Allocated 
	   Cpus                 :        0        8         8 
	   Disk (KB)            :      428      425   2777510 
	   Memory (MB)          :        7    16000     16000 

	Job terminated of its own accord at 2024-07-24T17:03:16Z with exit-code 0.
...
040 (10252909.2030.000) 07/24 20:06:04 Started transferring input files
	Transferring to host: <188.185.198.178:9618?addrs=188.185.198.178-9618+[2001-1458-303-25--100-ae]-9618&alias=b9p15p6631.cern.ch&noUDP&sock=slot1_11_138726_c442_31910>
...
040 (10252909.2030.000) 07/24 20:06:04 Finished transferring input files
...
001 (10252909.2030.000) 07/24 20:06:05 Job executing on host: <188.185.198.178:9618?addrs=188.185.198.178-9618+[2001-1458-303-25--100-ae]-9618&alias=b9p15p6631.cern.ch&noUDP&sock=startd_128359_2d10>
	SlotName: slot1_11@b9p15p6631.cern.ch
	CondorScratchDir = "/pool/condor/dir_2330317"
	Cpus = 8
	Disk = 3002919
	Memory = 16000
...
006 (10252909.2030.000) 07/24 20:06:10 Image size of job updated: 158524
	8  -  MemoryUsage of job (MB)
	7620  -  ResidentSetSize of job (KB)
...
040 (10252909.2030.000) 07/24 20:06:10 Started transferring output files
...
040 (10252909.2030.000) 07/24 20:06:10 Finished transferring output files
...
005 (10252909.2030.000) 07/24 20:06:10 Job terminated.
	(1) Normal termination (return value 0)
		Usr 0 00:00:04, Sys 0 00:00:00  -  Run Remote Usage
		Usr 0 00:00:00, Sys 0 00:00:00  -  Run Local Usage
		Usr 0 00:00:04, Sys 0 00:00:00  -  Total Remote Usage
		Usr 0 00:00:00, Sys 0 00:00:00  -  Total Local Usage
	6204  -  Run Bytes Sent By Job
	409597  -  Run Bytes Received By Job
	6204  -  Total Bytes Sent By Job
	409597  -  Total Bytes Received By Job
	Partitionable Resources :    Usage  Request Allocated 
	   Cpus                 :        0        8         8 
	   Disk (KB)            :      428      425   3002919 
	   Memory (MB)          :        8    16000     16000 

	Job terminated of its own accord at 2024-07-24T18:06:10Z with exit-code 0.
...
040 (10252910.2030.000) 07/24 20:52:53 Started transferring input files
	Transferring to host: <188.185.206.221:9618?addrs=188.185.206.221-9618&alias=b9p06p2951.cern.ch&noUDP&sock=slot1_4_6888_f811_157667>
...
040 (10252910.2030.000) 07/24 20:52:53 Finished transferring input files
...
001 (10252910.2030.000) 07/24 20:52:54 Job executing on host: <188.185.206.221:9618?addrs=188.185.206.221-9618&alias=b9p06p2951.cern.ch&noUDP&sock=startd_6818_28cd>
	SlotName: slot1_4@b9p06p2951.cern.ch
	CondorScratchDir = "/pool/condor/dir_1782469"
	Cpus = 8
	Disk = 2635222
	Memory = 16000
...
006 (10252910.2030.000) 07/24 20:52:58 Image size of job updated: 159348
	8  -  MemoryUsage of job (MB)
	7516  -  ResidentSetSize of job (KB)
...
040 (10252910.2030.000) 07/24 20:52:58 Started transferring output files
...
040 (10252910.2030.000) 07/24 20:52:58 Finished transferring output files
...
005 (10252910.2030.000) 07/24 20:52:58 Job terminated.
	(1) Normal termination (return value 0)
		Usr 0 00:00:03, Sys 0 00:00:00  -  Run Remote Usage
		Usr 0 00:00:00, Sys 0 00:00:00  -  Run Local Usage
		Usr 0 00:00:03, Sys 0 00:00:00  -  Total Remote Usage
		Usr 0 00:00:00, Sys 0 00:00:00  -  Total Local Usage
	6201  -  Run Bytes Sent By Job
	409597  -  Run Bytes Received By Job
	6201  -  Total Bytes Sent By Job
	409597  -  Total Bytes Received By Job
	Partitionable Resources :    Usage  Request Allocated 
	   Cpus                 :        0        8         8 
	   Disk (KB)            :      428      425   2635222 
	   Memory (MB)          :        8    16000     16000 

	Job terminated of its own accord at 2024-07-24T18:52:58Z with exit-code 0.
...
040 (10252911.2030.000) 07/24 21:05:46 Started transferring input files
	Transferring to host: <188.185.205.162:9618?addrs=188.185.205.162-9618+[2001-1458-303-a--100-1f]-9618&alias=b9p04p5294.cern.ch&noUDP&sock=slot1_27_4129_0101_156639>
...
040 (10252911.2030.000) 07/24 21:05:46 Finished transferring input files
...
001 (10252911.2030.000) 07/24 21:05:47 Job executing on host: <188.185.205.162:9618?addrs=188.185.205.162-9618+[2001-1458-303-a--100-1f]-9618&alias=b9p04p5294.cern.ch&noUDP&sock=startd_3797_0131>
	SlotName: slot1_27@b9p04p5294.cern.ch
	CondorScratchDir = "/pool/condor/dir_2990918"
	Cpus = 8
	Disk = 2844390
	Memory = 16000
...
006 (10252911.2030.000) 07/24 21:05:52 Image size of job updated: 164340
	10  -  MemoryUsage of job (MB)
	9688  -  ResidentSetSize of job (KB)
...
040 (10252911.2030.000) 07/24 21:05:52 Started transferring output files
...
040 (10252911.2030.000) 07/24 21:05:52 Finished transferring output files
...
005 (10252911.2030.000) 07/24 21:05:52 Job terminated.
	(1) Normal termination (return value 0)
		Usr 0 00:00:04, Sys 0 00:00:00  -  Run Remote Usage
		Usr 0 00:00:00, Sys 0 00:00:00  -  Run Local Usage
		Usr 0 00:00:04, Sys 0 00:00:00  -  Total Remote Usage
		Usr 0 00:00:00, Sys 0 00:00:00  -  Total Local Usage
	6201  -  Run Bytes Sent By Job
	409597  -  Run Bytes Received By Job
	6201  -  Total Bytes Sent By Job
	409597  -  Total Bytes Received By Job
	Partitionable Resources :    Usage  Request Allocated 
	   Cpus                 :        0        8         8 
	   Disk (KB)            :      428      425   2844390 
	   Memory (MB)          :       10    16000     16000 

	Job terminated of its own accord at 2024-07-24T19:05:52Z with exit-code 0.
...
040 (10252912.2030.000) 07/24 21:19:21 Started transferring input files
	Transferring to host: <188.185.207.180:9618?addrs=188.185.207.180-9618+[2001-1458-303-e--100-31]-9618&alias=b9p08p9471.cern.ch&noUDP&sock=slot1_13_4118_40e1_145111>
...
040 (10252912.2030.000) 07/24 21:19:21 Finished transferring input files
...
001 (10252912.2030.000) 07/24 21:19:22 Job executing on host: <188.185.207.180:9618?addrs=188.185.207.180-9618+[2001-1458-303-e--100-31]-9618&alias=b9p08p9471.cern.ch&noUDP&sock=startd_3629_c547>
	SlotName: slot1_13@b9p08p9471.cern.ch
	CondorScratchDir = "/pool/condor/dir_1793825"
	Cpus = 8
	Disk = 2807660
	Memory = 16000
...
006 (10252912.2030.000) 07/24 21:19:27 Image size of job updated: 163628
	10  -  MemoryUsage of job (MB)
	9580  -  ResidentSetSize of job (KB)
...
040 (10252912.2030.000) 07/24 21:19:29 Started transferring output files
...
040 (10252912.2030.000) 07/24 21:19:29 Finished transferring output files
...
005 (10252912.2030.000) 07/24 21:19:29 Job terminated.
	(1) Normal termination (return value 0)
		Usr 0 00:00:04, Sys 0 00:00:00  -  Run Remote Usage
		Usr 0 00:00:00, Sys 0 00:00:00  -  Run Local Usage
		Usr 0 00:00:04, Sys 0 00:00:00  -  Total Remote Usage
		Usr 0 00:00:00, Sys 0 00:00:00  -  Total Local Usage
	6204  -  Run Bytes Sent By Job
	409597  -  Run Bytes Received By Job
	6204  -  Total Bytes Sent By Job
	409597  -  Total Bytes Received By Job
	Partitionable Resources :    Usage  Request Allocated 
	   Cpus                 :        0        8         8 
	   Disk (KB)            :      428      425   2807660 
	   Memory (MB)          :       10    16000     16000 

	Job terminated of its own accord at 2024-07-24T19:19:27Z with exit-code 0.
...
040 (10252913.2030.000) 07/24 21:32:14 Started transferring input files
	Transferring to host: <188.185.207.228:9618?addrs=188.185.207.228-9618+[2001-1458-303-e--100-61]-9618&alias=b9p08p1817.cern.ch&noUDP&sock=slot1_14_5110_3509_143121>
...
040 (10252913.2030.000) 07/24 21:32:14 Finished transferring input files
...
001 (10252913.2030.000) 07/24 21:32:15 Job executing on host: <188.185.207.228:9618?addrs=188.185.207.228-9618+[2001-1458-303-e--100-61]-9618&alias=b9p08p1817.cern.ch&noUDP&sock=startd_4330_992b>
	SlotName: slot1_14@b9p08p1817.cern.ch
	CondorScratchDir = "/pool/condor/dir_3746558"
	Cpus = 8
	Disk = 2877921
	Memory = 16000
...
006 (10252913.2030.000) 07/24 21:32:20 Image size of job updated: 164148
	10  -  MemoryUsage of job (MB)
	9668  -  ResidentSetSize of job (KB)
...
040 (10252913.2030.000) 07/24 21:32:20 Started transferring output files
...
040 (10252913.2030.000) 07/24 21:32:20 Finished transferring output files
...
005 (10252913.2030.000) 07/24 21:32:20 Job terminated.
	(1) Normal termination (return value 0)
		Usr 0 00:00:04, Sys 0 00:00:00  -  Run Remote Usage
		Usr 0 00:00:00, Sys 0 00:00:00  -  Run Local Usage
		Usr 0 00:00:04, Sys 0 00:00:00  -  Total Remote Usage
		Usr 0 00:00:00, Sys 0 00:00:00  -  Total Local Usage
	6204  -  Run Bytes Sent By Job
	409597  -  Run Bytes Received By Job
	6204  -  Total Bytes Sent By Job
	409597  -  Total Bytes Received By Job
	Partitionable Resources :    Usage  Request Allocated 
	   Cpus                 :                 8         8 
	   Disk (KB)            :      421      425   2877921 
	   Memory (MB)          :       10    16000     16000 

	Job terminated of its own accord at 2024-07-24T19:32:20Z with exit-code 0.
...
000 (10261715.2030.000) 07/25 13:02:20 Job submitted from host: <188.185.114.121:9618?addrs=188.185.114.121-9618+[2001-1458-d00-a--100-273]-9618&alias=bigbird19.cern.ch&noUDP&sock=schedd_4961_696e>
...
009 (10261715.2030.000) 07/25 13:06:50 Job was aborted.
	via condor_rm (by user yelberke)
...
000 (10261767.2030.000) 07/25 13:20:27 Job submitted from host: <188.185.114.121:9618?addrs=188.185.114.121-9618+[2001-1458-d00-a--100-273]-9618&alias=bigbird19.cern.ch&noUDP&sock=schedd_4961_696e>
...
040 (10261767.2030.000) 07/25 14:26:08 Started transferring input files
	Transferring to host: <188.185.205.201:9618?addrs=188.185.205.201-9618&alias=b9p04p9523.cern.ch&noUDP&sock=slot1_16_6912_e112_153736>
...
040 (10261767.2030.000) 07/25 14:26:08 Finished transferring input files
...
001 (10261767.2030.000) 07/25 14:26:09 Job executing on host: <188.185.205.201:9618?addrs=188.185.205.201-9618&alias=b9p04p9523.cern.ch&noUDP&sock=startd_6847_0d0c>
	SlotName: slot1_16@b9p04p9523.cern.ch
	CondorScratchDir = "/pool/condor/dir_2642744"
	Cpus = 12
	Disk = 2714581
	Memory = 24000
...
006 (10261767.2030.000) 07/25 14:26:13 Image size of job updated: 160804
	8  -  MemoryUsage of job (MB)
	7436  -  ResidentSetSize of job (KB)
...
040 (10261767.2030.000) 07/25 14:26:13 Started transferring output files
...
040 (10261767.2030.000) 07/25 14:26:13 Finished transferring output files
...
005 (10261767.2030.000) 07/25 14:26:13 Job terminated.
	(1) Normal termination (return value 0)
		Usr 0 00:00:03, Sys 0 00:00:00  -  Run Remote Usage
		Usr 0 00:00:00, Sys 0 00:00:00  -  Run Local Usage
		Usr 0 00:00:03, Sys 0 00:00:00  -  Total Remote Usage
		Usr 0 00:00:00, Sys 0 00:00:00  -  Total Local Usage
	6676  -  Run Bytes Sent By Job
	409597  -  Run Bytes Received By Job
	6676  -  Total Bytes Sent By Job
	409597  -  Total Bytes Received By Job
	Partitionable Resources :    Usage  Request Allocated 
	   Cpus                 :        0       12        12 
	   Disk (KB)            :      428      425   2714581 
	   Memory (MB)          :        8    24000     24000 

	Job terminated of its own accord at 2024-07-25T12:26:13Z with exit-code 0.
...
000 (10284266.2030.000) 08/02 15:46:06 Job submitted from host: <188.185.114.121:9618?addrs=188.185.114.121-9618+[2001-1458-d00-a--100-273]-9618&alias=bigbird19.cern.ch&noUDP&sock=schedd_4961_696e>
...
009 (10284266.2030.000) 08/02 15:49:29 Job was aborted.
	via condor_rm (by user yelberke)
...
000 (10284267.2030.000) 08/02 15:49:54 Job submitted from host: <188.185.114.121:9618?addrs=188.185.114.121-9618+[2001-1458-d00-a--100-273]-9618&alias=bigbird19.cern.ch&noUDP&sock=schedd_4961_696e>
...
040 (10284267.2030.000) 08/02 16:40:16 Started transferring input files
	Transferring to host: <188.185.209.61:9618?addrs=188.185.209.61-9618+[2001-1458-303-11--100-3a]-9618&alias=b9p11p8216.cern.ch&noUDP&sock=slot1_18_47161_f0d7_8490>
...
040 (10284267.2030.000) 08/02 16:40:16 Finished transferring input files
...
001 (10284267.2030.000) 08/02 16:40:17 Job executing on host: <188.185.209.61:9618?addrs=188.185.209.61-9618+[2001-1458-303-11--100-3a]-9618&alias=b9p11p8216.cern.ch&noUDP&sock=startd_46134_aa4b>
	SlotName: slot1_18@b9p11p8216.cern.ch
	CondorScratchDir = "/pool/condor/dir_2646721"
	Cpus = 12
	Disk = 2919007
	Memory = 24000
...
006 (10284267.2030.000) 08/02 16:40:19 Image size of job updated: 326508
	5  -  MemoryUsage of job (MB)
	4376  -  ResidentSetSize of job (KB)
...
040 (10284267.2030.000) 08/02 16:40:19 Started transferring output files
...
040 (10284267.2030.000) 08/02 16:40:19 Finished transferring output files
...
005 (10284267.2030.000) 08/02 16:40:19 Job terminated.
	(1) Normal termination (return value 139)
		Usr 0 00:00:02, Sys 0 00:00:01  -  Run Remote Usage
		Usr 0 00:00:00, Sys 0 00:00:00  -  Run Local Usage
		Usr 0 00:00:02, Sys 0 00:00:01  -  Total Remote Usage
		Usr 0 00:00:00, Sys 0 00:00:00  -  Total Local Usage
	7696  -  Run Bytes Sent By Job
	409597  -  Run Bytes Received By Job
	7696  -  Total Bytes Sent By Job
	409597  -  Total Bytes Received By Job
	Partitionable Resources :    Usage  Request Allocated 
	   Cpus                 :        0       12        12 
	   Disk (KB)            :      432      425   2919007 
	   Memory (MB)          :        5    24000     24000 

	Job terminated of its own accord at 2024-08-02T14:40:19Z with exit-code 139.
...
