000 (10252905.2058.000) 07/24 16:13:18 Job submitted from host: <188.185.114.121:9618?addrs=188.185.114.121-9618+[2001-1458-d00-a--100-273]-9618&alias=bigbird19.cern.ch&noUDP&sock=schedd_4961_696e>
...
009 (10252905.2058.000) 07/24 16:14:48 Job was aborted.
	via condor_rm (by user yelberke)
...
000 (10252906.2058.000) 07/24 16:15:37 Job submitted from host: <188.185.114.121:9618?addrs=188.185.114.121-9618+[2001-1458-d00-a--100-273]-9618&alias=bigbird19.cern.ch&noUDP&sock=schedd_4961_696e>
...
000 (10252907.2058.000) 07/24 16:17:32 Job submitted from host: <188.185.114.121:9618?addrs=188.185.114.121-9618+[2001-1458-d00-a--100-273]-9618&alias=bigbird19.cern.ch&noUDP&sock=schedd_4961_696e>
...
000 (10252908.2058.000) 07/24 16:18:05 Job submitted from host: <188.185.114.121:9618?addrs=188.185.114.121-9618+[2001-1458-d00-a--100-273]-9618&alias=bigbird19.cern.ch&noUDP&sock=schedd_4961_696e>
...
000 (10252909.2058.000) 07/24 16:18:41 Job submitted from host: <188.185.114.121:9618?addrs=188.185.114.121-9618+[2001-1458-d00-a--100-273]-9618&alias=bigbird19.cern.ch&noUDP&sock=schedd_4961_696e>
...
000 (10252910.2058.000) 07/24 16:19:06 Job submitted from host: <188.185.114.121:9618?addrs=188.185.114.121-9618+[2001-1458-d00-a--100-273]-9618&alias=bigbird19.cern.ch&noUDP&sock=schedd_4961_696e>
...
000 (10252911.2058.000) 07/24 16:19:19 Job submitted from host: <188.185.114.121:9618?addrs=188.185.114.121-9618+[2001-1458-d00-a--100-273]-9618&alias=bigbird19.cern.ch&noUDP&sock=schedd_4961_696e>
...
000 (10252912.2058.000) 07/24 16:19:32 Job submitted from host: <188.185.114.121:9618?addrs=188.185.114.121-9618+[2001-1458-d00-a--100-273]-9618&alias=bigbird19.cern.ch&noUDP&sock=schedd_4961_696e>
...
000 (10252913.2058.000) 07/24 16:19:44 Job submitted from host: <188.185.114.121:9618?addrs=188.185.114.121-9618+[2001-1458-d00-a--100-273]-9618&alias=bigbird19.cern.ch&noUDP&sock=schedd_4961_696e>
...
040 (10252906.2058.000) 07/24 16:32:11 Started transferring input files
	Transferring to host: <128.142.51.205:9618?addrs=128.142.51.205-9618+[2001-1458-301-3--100-a]-9618&alias=b9g02p9532.cern.ch&noUDP&sock=slot1_3_5395_03f4_119144>
...
040 (10252906.2058.000) 07/24 16:32:11 Finished transferring input files
...
001 (10252906.2058.000) 07/24 16:32:12 Job executing on host: <128.142.51.205:9618?addrs=128.142.51.205-9618+[2001-1458-301-3--100-a]-9618&alias=b9g02p9532.cern.ch&noUDP&sock=startd_4710_3f28>
	SlotName: slot1_3@b9g02p9532.cern.ch
	CondorScratchDir = "/pool/condor/dir_2968376"
	Cpus = 8
	Disk = 2998984
	Memory = 16000
...
006 (10252906.2058.000) 07/24 16:32:21 Image size of job updated: 170104
	165  -  MemoryUsage of job (MB)
	168472  -  ResidentSetSize of job (KB)
...
006 (10252906.2058.000) 07/24 16:32:23 Image size of job updated: 181548
	165  -  MemoryUsage of job (MB)
	168472  -  ResidentSetSize of job (KB)
...
040 (10252906.2058.000) 07/24 16:32:23 Started transferring output files
...
040 (10252906.2058.000) 07/24 16:32:23 Finished transferring output files
...
005 (10252906.2058.000) 07/24 16:32:23 Job terminated.
	(1) Normal termination (return value 0)
		Usr 0 00:00:08, Sys 0 00:00:00  -  Run Remote Usage
		Usr 0 00:00:00, Sys 0 00:00:00  -  Run Local Usage
		Usr 0 00:00:08, Sys 0 00:00:00  -  Total Remote Usage
		Usr 0 00:00:00, Sys 0 00:00:00  -  Total Local Usage
	6204  -  Run Bytes Sent By Job
	409597  -  Run Bytes Received By Job
	6204  -  Total Bytes Sent By Job
	409597  -  Total Bytes Received By Job
	Partitionable Resources :    Usage  Request Allocated 
	   Cpus                 :        0        8         8 
	   Disk (KB)            :      428      425   2998984 
	   Memory (MB)          :      165    16000     16000 

	Job terminated of its own accord at 2024-07-24T14:32:23Z with exit-code 0.
...
040 (10252907.2058.000) 07/24 17:59:40 Started transferring input files
	Transferring to host: <188.185.205.210:9618?addrs=188.185.205.210-9618&alias=b9p04p4241.cern.ch&noUDP&sock=slot1_16_6901_20f2_153516>
...
040 (10252907.2058.000) 07/24 17:59:40 Finished transferring input files
...
001 (10252907.2058.000) 07/24 17:59:41 Job executing on host: <188.185.205.210:9618?addrs=188.185.205.210-9618&alias=b9p04p4241.cern.ch&noUDP&sock=startd_6683_8f84>
	SlotName: slot1_16@b9p04p4241.cern.ch
	CondorScratchDir = "/pool/condor/dir_690285"
	Cpus = 8
	Disk = 2669398
	Memory = 16000
...
006 (10252907.2058.000) 07/24 17:59:46 Image size of job updated: 159772
	8  -  MemoryUsage of job (MB)
	7444  -  ResidentSetSize of job (KB)
...
040 (10252907.2058.000) 07/24 17:59:46 Started transferring output files
...
040 (10252907.2058.000) 07/24 17:59:46 Finished transferring output files
...
005 (10252907.2058.000) 07/24 17:59:46 Job terminated.
	(1) Normal termination (return value 0)
		Usr 0 00:00:03, Sys 0 00:00:00  -  Run Remote Usage
		Usr 0 00:00:00, Sys 0 00:00:00  -  Run Local Usage
		Usr 0 00:00:03, Sys 0 00:00:00  -  Total Remote Usage
		Usr 0 00:00:00, Sys 0 00:00:00  -  Total Local Usage
	6204  -  Run Bytes Sent By Job
	409597  -  Run Bytes Received By Job
	6204  -  Total Bytes Sent By Job
	409597  -  Total Bytes Received By Job
	Partitionable Resources :    Usage  Request Allocated 
	   Cpus                 :        0        8         8 
	   Disk (KB)            :      428      425   2669398 
	   Memory (MB)          :        8    16000     16000 

	Job terminated of its own accord at 2024-07-24T15:59:46Z with exit-code 0.
...
040 (10252908.2058.000) 07/24 19:03:26 Started transferring input files
	Transferring to host: <188.185.208.18:9618?addrs=188.185.208.18-9618+[2001-1458-303-f--100-f]-9618&alias=b9p09p0548.cern.ch&noUDP&sock=slot1_7_10671_6f4b_143803>
...
040 (10252908.2058.000) 07/24 19:03:26 Finished transferring input files
...
001 (10252908.2058.000) 07/24 19:03:27 Job executing on host: <188.185.208.18:9618?addrs=188.185.208.18-9618+[2001-1458-303-f--100-f]-9618&alias=b9p09p0548.cern.ch&noUDP&sock=startd_9278_83c7>
	SlotName: slot1_7@b9p09p0548.cern.ch
	CondorScratchDir = "/pool/condor/dir_4021907"
	Cpus = 8
	Disk = 2644949
	Memory = 16000
...
006 (10252908.2058.000) 07/24 19:03:32 Image size of job updated: 158196
	8  -  MemoryUsage of job (MB)
	7296  -  ResidentSetSize of job (KB)
...
040 (10252908.2058.000) 07/24 19:03:32 Started transferring output files
...
040 (10252908.2058.000) 07/24 19:03:32 Finished transferring output files
...
005 (10252908.2058.000) 07/24 19:03:32 Job terminated.
	(1) Normal termination (return value 0)
		Usr 0 00:00:03, Sys 0 00:00:00  -  Run Remote Usage
		Usr 0 00:00:00, Sys 0 00:00:00  -  Run Local Usage
		Usr 0 00:00:03, Sys 0 00:00:00  -  Total Remote Usage
		Usr 0 00:00:00, Sys 0 00:00:00  -  Total Local Usage
	6204  -  Run Bytes Sent By Job
	409597  -  Run Bytes Received By Job
	6204  -  Total Bytes Sent By Job
	409597  -  Total Bytes Received By Job
	Partitionable Resources :    Usage  Request Allocated 
	   Cpus                 :        0        8         8 
	   Disk (KB)            :      428      425   2644949 
	   Memory (MB)          :        8    16000     16000 

	Job terminated of its own accord at 2024-07-24T17:03:32Z with exit-code 0.
...
040 (10252909.2058.000) 07/24 20:06:55 Started transferring input files
	Transferring to host: <188.185.205.179:9618?addrs=188.185.205.179-9618+[2001-1458-303-a--100-30]-9618&alias=b9p04p5046.cern.ch&noUDP&sock=slot1_3_7364_5aa5_154583>
...
040 (10252909.2058.000) 07/24 20:06:55 Finished transferring input files
...
001 (10252909.2058.000) 07/24 20:06:56 Job executing on host: <188.185.205.179:9618?addrs=188.185.205.179-9618+[2001-1458-303-a--100-30]-9618&alias=b9p04p5046.cern.ch&noUDP&sock=startd_7297_b6aa>
	SlotName: slot1_3@b9p04p5046.cern.ch
	CondorScratchDir = "/pool/condor/dir_3492968"
	Cpus = 8
	Disk = 2719011
	Memory = 16000
...
006 (10252909.2058.000) 07/24 20:07:00 Image size of job updated: 159676
	8  -  MemoryUsage of job (MB)
	7276  -  ResidentSetSize of job (KB)
...
040 (10252909.2058.000) 07/24 20:07:00 Started transferring output files
...
040 (10252909.2058.000) 07/24 20:07:00 Finished transferring output files
...
005 (10252909.2058.000) 07/24 20:07:00 Job terminated.
	(1) Normal termination (return value 0)
		Usr 0 00:00:03, Sys 0 00:00:00  -  Run Remote Usage
		Usr 0 00:00:00, Sys 0 00:00:00  -  Run Local Usage
		Usr 0 00:00:03, Sys 0 00:00:00  -  Total Remote Usage
		Usr 0 00:00:00, Sys 0 00:00:00  -  Total Local Usage
	6204  -  Run Bytes Sent By Job
	409597  -  Run Bytes Received By Job
	6204  -  Total Bytes Sent By Job
	409597  -  Total Bytes Received By Job
	Partitionable Resources :    Usage  Request Allocated 
	   Cpus                 :        0        8         8 
	   Disk (KB)            :      428      425   2719011 
	   Memory (MB)          :        8    16000     16000 

	Job terminated of its own accord at 2024-07-24T18:07:00Z with exit-code 0.
...
040 (10252910.2058.000) 07/24 20:53:02 Started transferring input files
	Transferring to host: <188.185.209.174:9618?addrs=188.185.209.174-9618+[2001-1458-303-12--100-2b]-9618&alias=b9p12p6137.cern.ch&noUDP&sock=slot1_3_9785_2ae7_143682>
...
040 (10252910.2058.000) 07/24 20:53:02 Finished transferring input files
...
001 (10252910.2058.000) 07/24 20:53:03 Job executing on host: <188.185.209.174:9618?addrs=188.185.209.174-9618+[2001-1458-303-12--100-2b]-9618&alias=b9p12p6137.cern.ch&noUDP&sock=startd_8396_893f>
	SlotName: slot1_3@b9p12p6137.cern.ch
	CondorScratchDir = "/pool/condor/dir_554735"
	Cpus = 8
	Disk = 2887847
	Memory = 16000
...
006 (10252910.2058.000) 07/24 20:53:07 Image size of job updated: 159428
	8  -  MemoryUsage of job (MB)
	7580  -  ResidentSetSize of job (KB)
...
040 (10252910.2058.000) 07/24 20:53:07 Started transferring output files
...
040 (10252910.2058.000) 07/24 20:53:07 Finished transferring output files
...
005 (10252910.2058.000) 07/24 20:53:07 Job terminated.
	(1) Normal termination (return value 0)
		Usr 0 00:00:03, Sys 0 00:00:00  -  Run Remote Usage
		Usr 0 00:00:00, Sys 0 00:00:00  -  Run Local Usage
		Usr 0 00:00:03, Sys 0 00:00:00  -  Total Remote Usage
		Usr 0 00:00:00, Sys 0 00:00:00  -  Total Local Usage
	6201  -  Run Bytes Sent By Job
	409597  -  Run Bytes Received By Job
	6201  -  Total Bytes Sent By Job
	409597  -  Total Bytes Received By Job
	Partitionable Resources :    Usage  Request Allocated 
	   Cpus                 :        0        8         8 
	   Disk (KB)            :      428      425   2887847 
	   Memory (MB)          :        8    16000     16000 

	Job terminated of its own accord at 2024-07-24T18:53:07Z with exit-code 0.
...
040 (10252911.2058.000) 07/24 21:05:56 Started transferring input files
	Transferring to host: <188.185.208.139:9618?addrs=188.185.208.139-9618+[2001-1458-303-10--100-8]-9618&alias=b9p10p2979.cern.ch&noUDP&sock=slot1_11_9205_814f_148302>
...
040 (10252911.2058.000) 07/24 21:05:56 Finished transferring input files
...
001 (10252911.2058.000) 07/24 21:05:57 Job executing on host: <188.185.208.139:9618?addrs=188.185.208.139-9618+[2001-1458-303-10--100-8]-9618&alias=b9p10p2979.cern.ch&noUDP&sock=startd_7858_834b>
	SlotName: slot1_11@b9p10p2979.cern.ch
	CondorScratchDir = "/pool/condor/dir_1462158"
	Cpus = 8
	Disk = 2827040
	Memory = 16000
...
006 (10252911.2058.000) 07/24 21:06:01 Image size of job updated: 160340
	9  -  MemoryUsage of job (MB)
	8228  -  ResidentSetSize of job (KB)
...
040 (10252911.2058.000) 07/24 21:06:01 Started transferring output files
...
040 (10252911.2058.000) 07/24 21:06:01 Finished transferring output files
...
005 (10252911.2058.000) 07/24 21:06:01 Job terminated.
	(1) Normal termination (return value 0)
		Usr 0 00:00:03, Sys 0 00:00:00  -  Run Remote Usage
		Usr 0 00:00:00, Sys 0 00:00:00  -  Run Local Usage
		Usr 0 00:00:03, Sys 0 00:00:00  -  Total Remote Usage
		Usr 0 00:00:00, Sys 0 00:00:00  -  Total Local Usage
	6201  -  Run Bytes Sent By Job
	409597  -  Run Bytes Received By Job
	6201  -  Total Bytes Sent By Job
	409597  -  Total Bytes Received By Job
	Partitionable Resources :    Usage  Request Allocated 
	   Cpus                 :        0        8         8 
	   Disk (KB)            :      428      425   2827040 
	   Memory (MB)          :        9    16000     16000 

	Job terminated of its own accord at 2024-07-24T19:06:01Z with exit-code 0.
...
040 (10252912.2058.000) 07/24 21:19:32 Started transferring input files
	Transferring to host: <188.185.207.15:9618?addrs=188.185.207.15-9618+[2001-1458-303-d--100-c]-9618&alias=b9p07p1846.cern.ch&noUDP&sock=slot1_34_4594_a374_147913>
...
040 (10252912.2058.000) 07/24 21:19:32 Finished transferring input files
...
001 (10252912.2058.000) 07/24 21:19:33 Job executing on host: <188.185.207.15:9618?addrs=188.185.207.15-9618+[2001-1458-303-d--100-c]-9618&alias=b9p07p1846.cern.ch&noUDP&sock=startd_3880_ef8d>
	SlotName: slot1_34@b9p07p1846.cern.ch
	CondorScratchDir = "/pool/condor/dir_279978"
	Cpus = 8
	Disk = 2957603
	Memory = 16000
...
006 (10252912.2058.000) 07/24 21:19:37 Image size of job updated: 159780
	8  -  MemoryUsage of job (MB)
	7976  -  ResidentSetSize of job (KB)
...
040 (10252912.2058.000) 07/24 21:19:37 Started transferring output files
...
040 (10252912.2058.000) 07/24 21:19:37 Finished transferring output files
...
005 (10252912.2058.000) 07/24 21:19:37 Job terminated.
	(1) Normal termination (return value 0)
		Usr 0 00:00:03, Sys 0 00:00:00  -  Run Remote Usage
		Usr 0 00:00:00, Sys 0 00:00:00  -  Run Local Usage
		Usr 0 00:00:03, Sys 0 00:00:00  -  Total Remote Usage
		Usr 0 00:00:00, Sys 0 00:00:00  -  Total Local Usage
	6204  -  Run Bytes Sent By Job
	409597  -  Run Bytes Received By Job
	6204  -  Total Bytes Sent By Job
	409597  -  Total Bytes Received By Job
	Partitionable Resources :    Usage  Request Allocated 
	   Cpus                 :        0        8         8 
	   Disk (KB)            :      428      425   2957603 
	   Memory (MB)          :        8    16000     16000 

	Job terminated of its own accord at 2024-07-24T19:19:37Z with exit-code 0.
...
040 (10252913.2058.000) 07/24 21:32:23 Started transferring input files
	Transferring to host: <188.185.208.173:9618?addrs=188.185.208.173-9618+[2001-1458-303-10--100-2a]-9618&alias=b9p10p7754.cern.ch&noUDP&sock=slot1_12_15921_88e1_24691>
...
040 (10252913.2058.000) 07/24 21:32:23 Finished transferring input files
...
001 (10252913.2058.000) 07/24 21:32:24 Job executing on host: <188.185.208.173:9618?addrs=188.185.208.173-9618+[2001-1458-303-10--100-2a]-9618&alias=b9p10p7754.cern.ch&noUDP&sock=startd_14897_ae70>
	SlotName: slot1_12@b9p10p7754.cern.ch
	CondorScratchDir = "/pool/condor/dir_1243631"
	Cpus = 8
	Disk = 2972501
	Memory = 16000
...
006 (10252913.2058.000) 07/24 21:32:28 Image size of job updated: 163584
	9  -  MemoryUsage of job (MB)
	8948  -  ResidentSetSize of job (KB)
...
040 (10252913.2058.000) 07/24 21:32:28 Started transferring output files
...
040 (10252913.2058.000) 07/24 21:32:28 Finished transferring output files
...
005 (10252913.2058.000) 07/24 21:32:28 Job terminated.
	(1) Normal termination (return value 0)
		Usr 0 00:00:03, Sys 0 00:00:00  -  Run Remote Usage
		Usr 0 00:00:00, Sys 0 00:00:00  -  Run Local Usage
		Usr 0 00:00:03, Sys 0 00:00:00  -  Total Remote Usage
		Usr 0 00:00:00, Sys 0 00:00:00  -  Total Local Usage
	6204  -  Run Bytes Sent By Job
	409597  -  Run Bytes Received By Job
	6204  -  Total Bytes Sent By Job
	409597  -  Total Bytes Received By Job
	Partitionable Resources :    Usage  Request Allocated 
	   Cpus                 :        0        8         8 
	   Disk (KB)            :      428      425   2972501 
	   Memory (MB)          :        9    16000     16000 

	Job terminated of its own accord at 2024-07-24T19:32:28Z with exit-code 0.
...
000 (10261715.2058.000) 07/25 13:02:21 Job submitted from host: <188.185.114.121:9618?addrs=188.185.114.121-9618+[2001-1458-d00-a--100-273]-9618&alias=bigbird19.cern.ch&noUDP&sock=schedd_4961_696e>
...
009 (10261715.2058.000) 07/25 13:06:50 Job was aborted.
	via condor_rm (by user yelberke)
...
000 (10261767.2058.000) 07/25 13:20:28 Job submitted from host: <188.185.114.121:9618?addrs=188.185.114.121-9618+[2001-1458-d00-a--100-273]-9618&alias=bigbird19.cern.ch&noUDP&sock=schedd_4961_696e>
...
040 (10261767.2058.000) 07/25 14:26:18 Started transferring input files
	Transferring to host: <188.185.206.167:9618?addrs=188.185.206.167-9618&alias=b9p06p8662.cern.ch&noUDP&sock=slot1_6_7391_60c6_155174>
...
040 (10261767.2058.000) 07/25 14:26:18 Finished transferring input files
...
001 (10261767.2058.000) 07/25 14:26:19 Job executing on host: <188.185.206.167:9618?addrs=188.185.206.167-9618&alias=b9p06p8662.cern.ch&noUDP&sock=startd_7323_8c20>
	SlotName: slot1_6@b9p06p8662.cern.ch
	CondorScratchDir = "/pool/condor/dir_4109718"
	Cpus = 12
	Disk = 2896325
	Memory = 24000
...
006 (10261767.2058.000) 07/25 14:26:23 Image size of job updated: 161088
	7  -  MemoryUsage of job (MB)
	6976  -  ResidentSetSize of job (KB)
...
040 (10261767.2058.000) 07/25 14:26:23 Started transferring output files
...
040 (10261767.2058.000) 07/25 14:26:23 Finished transferring output files
...
005 (10261767.2058.000) 07/25 14:26:23 Job terminated.
	(1) Normal termination (return value 0)
		Usr 0 00:00:03, Sys 0 00:00:00  -  Run Remote Usage
		Usr 0 00:00:00, Sys 0 00:00:00  -  Run Local Usage
		Usr 0 00:00:03, Sys 0 00:00:00  -  Total Remote Usage
		Usr 0 00:00:00, Sys 0 00:00:00  -  Total Local Usage
	6676  -  Run Bytes Sent By Job
	409597  -  Run Bytes Received By Job
	6676  -  Total Bytes Sent By Job
	409597  -  Total Bytes Received By Job
	Partitionable Resources :    Usage  Request Allocated 
	   Cpus                 :     0.06       12        12 
	   Disk (KB)            :   428         425   2896325 
	   Memory (MB)          :     7       24000     24000 

	Job terminated of its own accord at 2024-07-25T12:26:23Z with exit-code 0.
...
000 (10284266.2058.000) 08/02 15:46:07 Job submitted from host: <188.185.114.121:9618?addrs=188.185.114.121-9618+[2001-1458-d00-a--100-273]-9618&alias=bigbird19.cern.ch&noUDP&sock=schedd_4961_696e>
...
009 (10284266.2058.000) 08/02 15:49:29 Job was aborted.
	via condor_rm (by user yelberke)
...
000 (10284267.2058.000) 08/02 15:49:54 Job submitted from host: <188.185.114.121:9618?addrs=188.185.114.121-9618+[2001-1458-d00-a--100-273]-9618&alias=bigbird19.cern.ch&noUDP&sock=schedd_4961_696e>
...
040 (10284267.2058.000) 08/02 16:40:26 Started transferring input files
	Transferring to host: <188.185.195.8:9618?addrs=188.185.195.8-9618+[2001-1458-303-22--100-4]-9618&alias=b9p17p3223.cern.ch&noUDP&sock=slot1_1_3929046_1856_71>
...
040 (10284267.2058.000) 08/02 16:40:26 Finished transferring input files
...
001 (10284267.2058.000) 08/02 16:40:27 Job executing on host: <188.185.195.8:9618?addrs=188.185.195.8-9618+[2001-1458-303-22--100-4]-9618&alias=b9p17p3223.cern.ch&noUDP&sock=startd_174921_d5cd>
	SlotName: slot1_1@b9p17p3223.cern.ch
	CondorScratchDir = "/pool/condor/dir_3954443"
	Cpus = 12
	Disk = 3066425
	Memory = 24000
...
006 (10284267.2058.000) 08/02 16:40:28 Image size of job updated: 317328
	4  -  MemoryUsage of job (MB)
	3628  -  ResidentSetSize of job (KB)
...
040 (10284267.2058.000) 08/02 16:40:28 Started transferring output files
...
040 (10284267.2058.000) 08/02 16:40:28 Finished transferring output files
...
005 (10284267.2058.000) 08/02 16:40:28 Job terminated.
	(1) Normal termination (return value 139)
		Usr 0 00:00:02, Sys 0 00:00:00  -  Run Remote Usage
		Usr 0 00:00:00, Sys 0 00:00:00  -  Run Local Usage
		Usr 0 00:00:02, Sys 0 00:00:00  -  Total Remote Usage
		Usr 0 00:00:00, Sys 0 00:00:00  -  Total Local Usage
	7696  -  Run Bytes Sent By Job
	409597  -  Run Bytes Received By Job
	7696  -  Total Bytes Sent By Job
	409597  -  Total Bytes Received By Job
	Partitionable Resources :    Usage  Request Allocated 
	   Cpus                 :        0       12        12 
	   Disk (KB)            :      429      425   3066425 
	   Memory (MB)          :        4    24000     24000 

	Job terminated of its own accord at 2024-08-02T14:40:28Z with exit-code 139.
...
