000 (10252905.2083.000) 07/24 16:13:18 Job submitted from host: <188.185.114.121:9618?addrs=188.185.114.121-9618+[2001-1458-d00-a--100-273]-9618&alias=bigbird19.cern.ch&noUDP&sock=schedd_4961_696e>
...
009 (10252905.2083.000) 07/24 16:14:48 Job was aborted.
	via condor_rm (by user yelberke)
...
000 (10252906.2083.000) 07/24 16:15:37 Job submitted from host: <188.185.114.121:9618?addrs=188.185.114.121-9618+[2001-1458-d00-a--100-273]-9618&alias=bigbird19.cern.ch&noUDP&sock=schedd_4961_696e>
...
000 (10252907.2083.000) 07/24 16:17:32 Job submitted from host: <188.185.114.121:9618?addrs=188.185.114.121-9618+[2001-1458-d00-a--100-273]-9618&alias=bigbird19.cern.ch&noUDP&sock=schedd_4961_696e>
...
000 (10252908.2083.000) 07/24 16:18:05 Job submitted from host: <188.185.114.121:9618?addrs=188.185.114.121-9618+[2001-1458-d00-a--100-273]-9618&alias=bigbird19.cern.ch&noUDP&sock=schedd_4961_696e>
...
000 (10252909.2083.000) 07/24 16:18:41 Job submitted from host: <188.185.114.121:9618?addrs=188.185.114.121-9618+[2001-1458-d00-a--100-273]-9618&alias=bigbird19.cern.ch&noUDP&sock=schedd_4961_696e>
...
000 (10252910.2083.000) 07/24 16:19:06 Job submitted from host: <188.185.114.121:9618?addrs=188.185.114.121-9618+[2001-1458-d00-a--100-273]-9618&alias=bigbird19.cern.ch&noUDP&sock=schedd_4961_696e>
...
000 (10252911.2083.000) 07/24 16:19:19 Job submitted from host: <188.185.114.121:9618?addrs=188.185.114.121-9618+[2001-1458-d00-a--100-273]-9618&alias=bigbird19.cern.ch&noUDP&sock=schedd_4961_696e>
...
000 (10252912.2083.000) 07/24 16:19:32 Job submitted from host: <188.185.114.121:9618?addrs=188.185.114.121-9618+[2001-1458-d00-a--100-273]-9618&alias=bigbird19.cern.ch&noUDP&sock=schedd_4961_696e>
...
000 (10252913.2083.000) 07/24 16:19:44 Job submitted from host: <188.185.114.121:9618?addrs=188.185.114.121-9618+[2001-1458-d00-a--100-273]-9618&alias=bigbird19.cern.ch&noUDP&sock=schedd_4961_696e>
...
040 (10252906.2083.000) 07/24 16:32:24 Started transferring input files
	Transferring to host: <188.185.195.104:9618?addrs=188.185.195.104-9618+[2001-1458-303-22--100-64]-9618&alias=b9p17p4322.cern.ch&noUDP&sock=slot1_18_3733077_34d5_20194>
...
040 (10252906.2083.000) 07/24 16:32:24 Finished transferring input files
...
001 (10252906.2083.000) 07/24 16:32:25 Job executing on host: <188.185.195.104:9618?addrs=188.185.195.104-9618+[2001-1458-303-22--100-64]-9618&alias=b9p17p4322.cern.ch&noUDP&sock=startd_127965_ecbf>
	SlotName: slot1_18@b9p17p4322.cern.ch
	CondorScratchDir = "/pool/condor/dir_362611"
	Cpus = 8
	Disk = 3016165
	Memory = 16000
...
006 (10252906.2083.000) 07/24 16:32:33 Image size of job updated: 151460
	147  -  MemoryUsage of job (MB)
	149828  -  ResidentSetSize of job (KB)
...
006 (10252906.2083.000) 07/24 16:32:34 Image size of job updated: 165524
	147  -  MemoryUsage of job (MB)
	149828  -  ResidentSetSize of job (KB)
...
040 (10252906.2083.000) 07/24 16:32:34 Started transferring output files
...
040 (10252906.2083.000) 07/24 16:32:34 Finished transferring output files
...
005 (10252906.2083.000) 07/24 16:32:34 Job terminated.
	(1) Normal termination (return value 0)
		Usr 0 00:00:07, Sys 0 00:00:00  -  Run Remote Usage
		Usr 0 00:00:00, Sys 0 00:00:00  -  Run Local Usage
		Usr 0 00:00:07, Sys 0 00:00:00  -  Total Remote Usage
		Usr 0 00:00:00, Sys 0 00:00:00  -  Total Local Usage
	6204  -  Run Bytes Sent By Job
	409597  -  Run Bytes Received By Job
	6204  -  Total Bytes Sent By Job
	409597  -  Total Bytes Received By Job
	Partitionable Resources :    Usage  Request Allocated 
	   Cpus                 :        0        8         8 
	   Disk (KB)            :      428      425   3016165 
	   Memory (MB)          :      147    16000     16000 

	Job terminated of its own accord at 2024-07-24T14:32:34Z with exit-code 0.
...
040 (10252907.2083.000) 07/24 17:59:48 Started transferring input files
	Transferring to host: <188.185.209.86:9618?addrs=188.185.209.86-9618+[2001-1458-303-11--100-53]-9618&alias=b9p11p8182.cern.ch&noUDP&sock=slot1_7_27409_deb4_25266>
...
040 (10252907.2083.000) 07/24 17:59:48 Finished transferring input files
...
001 (10252907.2083.000) 07/24 17:59:49 Job executing on host: <188.185.209.86:9618?addrs=188.185.209.86-9618+[2001-1458-303-11--100-53]-9618&alias=b9p11p8182.cern.ch&noUDP&sock=startd_26232_8c70>
	SlotName: slot1_7@b9p11p8182.cern.ch
	CondorScratchDir = "/pool/condor/dir_1175527"
	Cpus = 8
	Disk = 2944911
	Memory = 16000
...
006 (10252907.2083.000) 07/24 17:59:53 Image size of job updated: 158440
	8  -  MemoryUsage of job (MB)
	7504  -  ResidentSetSize of job (KB)
...
040 (10252907.2083.000) 07/24 17:59:53 Started transferring output files
...
040 (10252907.2083.000) 07/24 17:59:53 Finished transferring output files
...
005 (10252907.2083.000) 07/24 17:59:53 Job terminated.
	(1) Normal termination (return value 0)
		Usr 0 00:00:03, Sys 0 00:00:00  -  Run Remote Usage
		Usr 0 00:00:00, Sys 0 00:00:00  -  Run Local Usage
		Usr 0 00:00:03, Sys 0 00:00:00  -  Total Remote Usage
		Usr 0 00:00:00, Sys 0 00:00:00  -  Total Local Usage
	6204  -  Run Bytes Sent By Job
	409597  -  Run Bytes Received By Job
	6204  -  Total Bytes Sent By Job
	409597  -  Total Bytes Received By Job
	Partitionable Resources :    Usage  Request Allocated 
	   Cpus                 :        0        8         8 
	   Disk (KB)            :      427      425   2944911 
	   Memory (MB)          :        8    16000     16000 

	Job terminated of its own accord at 2024-07-24T15:59:53Z with exit-code 0.
...
040 (10252908.2083.000) 07/24 19:03:29 Started transferring input files
	Transferring to host: <188.185.206.77:9618?addrs=188.185.206.77-9618+[2001-1458-303-b--100-4a]-9618&alias=b9p05p8888.cern.ch&noUDP&sock=slot1_11_65017_1bad_87484>
...
040 (10252908.2083.000) 07/24 19:03:29 Finished transferring input files
...
001 (10252908.2083.000) 07/24 19:03:30 Job executing on host: <188.185.206.77:9618?addrs=188.185.206.77-9618+[2001-1458-303-b--100-4a]-9618&alias=b9p05p8888.cern.ch&noUDP&sock=startd_5469_db8a>
	SlotName: slot1_11@b9p05p8888.cern.ch
	CondorScratchDir = "/pool/condor/dir_2731037"
	Cpus = 8
	Disk = 2737051
	Memory = 16000
...
006 (10252908.2083.000) 07/24 19:03:35 Image size of job updated: 158692
	8  -  MemoryUsage of job (MB)
	7660  -  ResidentSetSize of job (KB)
...
040 (10252908.2083.000) 07/24 19:03:35 Started transferring output files
...
040 (10252908.2083.000) 07/24 19:03:35 Finished transferring output files
...
005 (10252908.2083.000) 07/24 19:03:35 Job terminated.
	(1) Normal termination (return value 0)
		Usr 0 00:00:04, Sys 0 00:00:00  -  Run Remote Usage
		Usr 0 00:00:00, Sys 0 00:00:00  -  Run Local Usage
		Usr 0 00:00:04, Sys 0 00:00:00  -  Total Remote Usage
		Usr 0 00:00:00, Sys 0 00:00:00  -  Total Local Usage
	6307  -  Run Bytes Sent By Job
	409597  -  Run Bytes Received By Job
	6307  -  Total Bytes Sent By Job
	409597  -  Total Bytes Received By Job
	Partitionable Resources :    Usage  Request Allocated 
	   Cpus                 :        0        8         8 
	   Disk (KB)            :      431      425   2737051 
	   Memory (MB)          :        8    16000     16000 

	Job terminated of its own accord at 2024-07-24T17:03:35Z with exit-code 0.
...
040 (10252909.2083.000) 07/24 20:07:04 Started transferring input files
	Transferring to host: <128.142.137.140:9618?addrs=128.142.137.140-9618+[2001-1458-301-5e--100-80]-9618&alias=b9g19p6024.cern.ch&noUDP&sock=slot1_4_2746_8e29_73>
...
040 (10252909.2083.000) 07/24 20:07:04 Finished transferring input files
...
001 (10252909.2083.000) 07/24 20:07:05 Job executing on host: <128.142.137.140:9618?addrs=128.142.137.140-9618+[2001-1458-301-5e--100-80]-9618&alias=b9g19p6024.cern.ch&noUDP&sock=startd_2420_7f47>
	SlotName: slot1_4@b9g19p6024.cern.ch
	CondorScratchDir = "/pool/condor/dir_20809"
	Cpus = 8
	Disk = 1775728
	Memory = 16000
...
006 (10252909.2083.000) 07/24 20:07:14 Image size of job updated: 142284
	139  -  MemoryUsage of job (MB)
	142284  -  ResidentSetSize of job (KB)
...
040 (10252909.2083.000) 07/24 20:07:20 Started transferring output files
...
040 (10252909.2083.000) 07/24 20:07:20 Finished transferring output files
...
005 (10252909.2083.000) 07/24 20:07:20 Job terminated.
	(1) Normal termination (return value 0)
		Usr 0 00:00:13, Sys 0 00:00:00  -  Run Remote Usage
		Usr 0 00:00:00, Sys 0 00:00:00  -  Run Local Usage
		Usr 0 00:00:13, Sys 0 00:00:00  -  Total Remote Usage
		Usr 0 00:00:00, Sys 0 00:00:00  -  Total Local Usage
	6204  -  Run Bytes Sent By Job
	409597  -  Run Bytes Received By Job
	6204  -  Total Bytes Sent By Job
	409597  -  Total Bytes Received By Job
	Partitionable Resources :    Usage  Request Allocated 
	   Cpus                 :     0.11        8         8 
	   Disk (KB)            :   428         425   1775728 
	   Memory (MB)          :   139       16000     16000 

	Job terminated of its own accord at 2024-07-24T18:07:20Z with exit-code 0.
...
040 (10252910.2083.000) 07/24 20:53:10 Started transferring input files
	Transferring to host: <188.185.194.11:9618?addrs=188.185.194.11-9618+[2001-1458-303-21--100-7]-9618&alias=b9p20p3359.cern.ch&noUDP&sock=slot1_3_176732_6e8c_25054>
...
040 (10252910.2083.000) 07/24 20:53:10 Finished transferring input files
...
001 (10252910.2083.000) 07/24 20:53:11 Job executing on host: <188.185.194.11:9618?addrs=188.185.194.11-9618+[2001-1458-303-21--100-7]-9618&alias=b9p20p3359.cern.ch&noUDP&sock=startd_167080_8fb5>
	SlotName: slot1_3@b9p20p3359.cern.ch
	CondorScratchDir = "/pool/condor/dir_578441"
	Cpus = 8
	Disk = 2921117
	Memory = 16000
...
006 (10252910.2083.000) 07/24 20:53:17 Image size of job updated: 161164
	9  -  MemoryUsage of job (MB)
	8392  -  ResidentSetSize of job (KB)
...
040 (10252910.2083.000) 07/24 20:53:17 Started transferring output files
...
040 (10252910.2083.000) 07/24 20:53:17 Finished transferring output files
...
005 (10252910.2083.000) 07/24 20:53:17 Job terminated.
	(1) Normal termination (return value 0)
		Usr 0 00:00:05, Sys 0 00:00:00  -  Run Remote Usage
		Usr 0 00:00:00, Sys 0 00:00:00  -  Run Local Usage
		Usr 0 00:00:05, Sys 0 00:00:00  -  Total Remote Usage
		Usr 0 00:00:00, Sys 0 00:00:00  -  Total Local Usage
	6201  -  Run Bytes Sent By Job
	409597  -  Run Bytes Received By Job
	6201  -  Total Bytes Sent By Job
	409597  -  Total Bytes Received By Job
	Partitionable Resources :    Usage  Request Allocated 
	   Cpus                 :        0        8         8 
	   Disk (KB)            :      428      425   2921117 
	   Memory (MB)          :        9    16000     16000 

	Job terminated of its own accord at 2024-07-24T18:53:17Z with exit-code 0.
...
040 (10252911.2083.000) 07/24 21:06:05 Started transferring input files
	Transferring to host: <188.185.204.233:9618?addrs=188.185.204.233-9618+[2001-1458-303-8--100-66]-9618&alias=b9p02p4919.cern.ch&noUDP&sock=slot1_10_6717_7bea_82440>
...
040 (10252911.2083.000) 07/24 21:06:05 Finished transferring input files
...
001 (10252911.2083.000) 07/24 21:06:06 Job executing on host: <188.185.204.233:9618?addrs=188.185.204.233-9618+[2001-1458-303-8--100-66]-9618&alias=b9p02p4919.cern.ch&noUDP&sock=startd_5363_2680>
	SlotName: slot1_10@b9p02p4919.cern.ch
	CondorScratchDir = "/pool/condor/dir_623061"
	Cpus = 8
	Disk = 2882701
	Memory = 16000
...
006 (10252911.2083.000) 07/24 21:06:10 Image size of job updated: 164888
	10  -  MemoryUsage of job (MB)
	10028  -  ResidentSetSize of job (KB)
...
040 (10252911.2083.000) 07/24 21:06:10 Started transferring output files
...
040 (10252911.2083.000) 07/24 21:06:10 Finished transferring output files
...
005 (10252911.2083.000) 07/24 21:06:10 Job terminated.
	(1) Normal termination (return value 0)
		Usr 0 00:00:03, Sys 0 00:00:00  -  Run Remote Usage
		Usr 0 00:00:00, Sys 0 00:00:00  -  Run Local Usage
		Usr 0 00:00:03, Sys 0 00:00:00  -  Total Remote Usage
		Usr 0 00:00:00, Sys 0 00:00:00  -  Total Local Usage
	6201  -  Run Bytes Sent By Job
	409597  -  Run Bytes Received By Job
	6201  -  Total Bytes Sent By Job
	409597  -  Total Bytes Received By Job
	Partitionable Resources :    Usage  Request Allocated 
	   Cpus                 :        0        8         8 
	   Disk (KB)            :      428      425   2882701 
	   Memory (MB)          :       10    16000     16000 

	Job terminated of its own accord at 2024-07-24T19:06:10Z with exit-code 0.
...
040 (10252912.2083.000) 07/24 21:19:40 Started transferring input files
	Transferring to host: <188.185.209.46:9618?addrs=188.185.209.46-9618+[2001-1458-303-11--100-2b]-9618&alias=b9p11p5617.cern.ch&noUDP&sock=slot1_21_13557_e200_144131>
...
040 (10252912.2083.000) 07/24 21:19:41 Finished transferring input files
...
001 (10252912.2083.000) 07/24 21:19:41 Job executing on host: <188.185.209.46:9618?addrs=188.185.209.46-9618+[2001-1458-303-11--100-2b]-9618&alias=b9p11p5617.cern.ch&noUDP&sock=startd_12097_1d42>
	SlotName: slot1_21@b9p11p5617.cern.ch
	CondorScratchDir = "/pool/condor/dir_2909763"
	Cpus = 8
	Disk = 2882907
	Memory = 16000
...
006 (10252912.2083.000) 07/24 21:19:46 Image size of job updated: 166056
	12  -  MemoryUsage of job (MB)
	11380  -  ResidentSetSize of job (KB)
...
040 (10252912.2083.000) 07/24 21:19:46 Started transferring output files
...
040 (10252912.2083.000) 07/24 21:19:46 Finished transferring output files
...
005 (10252912.2083.000) 07/24 21:19:46 Job terminated.
	(1) Normal termination (return value 0)
		Usr 0 00:00:03, Sys 0 00:00:00  -  Run Remote Usage
		Usr 0 00:00:00, Sys 0 00:00:00  -  Run Local Usage
		Usr 0 00:00:03, Sys 0 00:00:00  -  Total Remote Usage
		Usr 0 00:00:00, Sys 0 00:00:00  -  Total Local Usage
	6204  -  Run Bytes Sent By Job
	409597  -  Run Bytes Received By Job
	6204  -  Total Bytes Sent By Job
	409597  -  Total Bytes Received By Job
	Partitionable Resources :    Usage  Request Allocated 
	   Cpus                 :        0        8         8 
	   Disk (KB)            :      428      425   2882907 
	   Memory (MB)          :       12    16000     16000 

	Job terminated of its own accord at 2024-07-24T19:19:46Z with exit-code 0.
...
040 (10252913.2083.000) 07/24 21:32:31 Started transferring input files
	Transferring to host: <188.185.194.52:9618?addrs=188.185.194.52-9618+[2001-1458-303-21--100-30]-9618&alias=b9p20p3709.cern.ch&noUDP&sock=slot1_4_1067503_2f2b_6469>
...
040 (10252913.2083.000) 07/24 21:32:31 Finished transferring input files
...
001 (10252913.2083.000) 07/24 21:32:32 Job executing on host: <188.185.194.52:9618?addrs=188.185.194.52-9618+[2001-1458-303-21--100-30]-9618&alias=b9p20p3709.cern.ch&noUDP&sock=startd_128413_372d>
	SlotName: slot1_4@b9p20p3709.cern.ch
	CondorScratchDir = "/pool/condor/dir_3944008"
	Cpus = 8
	Disk = 3023073
	Memory = 16000
...
006 (10252913.2083.000) 07/24 21:32:38 Image size of job updated: 164136
	10  -  MemoryUsage of job (MB)
	9676  -  ResidentSetSize of job (KB)
...
040 (10252913.2083.000) 07/24 21:32:38 Started transferring output files
...
040 (10252913.2083.000) 07/24 21:32:38 Finished transferring output files
...
005 (10252913.2083.000) 07/24 21:32:38 Job terminated.
	(1) Normal termination (return value 0)
		Usr 0 00:00:05, Sys 0 00:00:00  -  Run Remote Usage
		Usr 0 00:00:00, Sys 0 00:00:00  -  Run Local Usage
		Usr 0 00:00:05, Sys 0 00:00:00  -  Total Remote Usage
		Usr 0 00:00:00, Sys 0 00:00:00  -  Total Local Usage
	6204  -  Run Bytes Sent By Job
	409597  -  Run Bytes Received By Job
	6204  -  Total Bytes Sent By Job
	409597  -  Total Bytes Received By Job
	Partitionable Resources :    Usage  Request Allocated 
	   Cpus                 :        0        8         8 
	   Disk (KB)            :      428      425   3023073 
	   Memory (MB)          :       10    16000     16000 

	Job terminated of its own accord at 2024-07-24T19:32:38Z with exit-code 0.
...
000 (10261715.2083.000) 07/25 13:02:22 Job submitted from host: <188.185.114.121:9618?addrs=188.185.114.121-9618+[2001-1458-d00-a--100-273]-9618&alias=bigbird19.cern.ch&noUDP&sock=schedd_4961_696e>
...
009 (10261715.2083.000) 07/25 13:06:50 Job was aborted.
	via condor_rm (by user yelberke)
...
000 (10261767.2083.000) 07/25 13:20:28 Job submitted from host: <188.185.114.121:9618?addrs=188.185.114.121-9618+[2001-1458-d00-a--100-273]-9618&alias=bigbird19.cern.ch&noUDP&sock=schedd_4961_696e>
...
040 (10261767.2083.000) 07/25 14:26:26 Started transferring input files
	Transferring to host: <188.185.206.41:9618?addrs=188.185.206.41-9618+[2001-1458-303-b--100-26]-9618&alias=b9p05p0465.cern.ch&noUDP&sock=slot1_5_3583_4c2b_69850>
...
040 (10261767.2083.000) 07/25 14:26:26 Finished transferring input files
...
001 (10261767.2083.000) 07/25 14:26:27 Job executing on host: <188.185.206.41:9618?addrs=188.185.206.41-9618+[2001-1458-303-b--100-26]-9618&alias=b9p05p0465.cern.ch&noUDP&sock=startd_3251_7e7b>
	SlotName: slot1_5@b9p05p0465.cern.ch
	CondorScratchDir = "/pool/condor/dir_1821151"
	Cpus = 12
	Disk = 2826598
	Memory = 24000
...
006 (10261767.2083.000) 07/25 14:26:31 Image size of job updated: 161100
	8  -  MemoryUsage of job (MB)
	7416  -  ResidentSetSize of job (KB)
...
040 (10261767.2083.000) 07/25 14:26:31 Started transferring output files
...
040 (10261767.2083.000) 07/25 14:26:31 Finished transferring output files
...
005 (10261767.2083.000) 07/25 14:26:31 Job terminated.
	(1) Normal termination (return value 0)
		Usr 0 00:00:03, Sys 0 00:00:00  -  Run Remote Usage
		Usr 0 00:00:00, Sys 0 00:00:00  -  Run Local Usage
		Usr 0 00:00:03, Sys 0 00:00:00  -  Total Remote Usage
		Usr 0 00:00:00, Sys 0 00:00:00  -  Total Local Usage
	6676  -  Run Bytes Sent By Job
	409597  -  Run Bytes Received By Job
	6676  -  Total Bytes Sent By Job
	409597  -  Total Bytes Received By Job
	Partitionable Resources :    Usage  Request Allocated 
	   Cpus                 :        0       12        12 
	   Disk (KB)            :      431      425   2826598 
	   Memory (MB)          :        8    24000     24000 

	Job terminated of its own accord at 2024-07-25T12:26:31Z with exit-code 0.
...
000 (10284266.2083.000) 08/02 15:46:08 Job submitted from host: <188.185.114.121:9618?addrs=188.185.114.121-9618+[2001-1458-d00-a--100-273]-9618&alias=bigbird19.cern.ch&noUDP&sock=schedd_4961_696e>
...
009 (10284266.2083.000) 08/02 15:49:29 Job was aborted.
	via condor_rm (by user yelberke)
...
000 (10284267.2083.000) 08/02 15:49:54 Job submitted from host: <188.185.114.121:9618?addrs=188.185.114.121-9618+[2001-1458-d00-a--100-273]-9618&alias=bigbird19.cern.ch&noUDP&sock=schedd_4961_696e>
...
040 (10284267.2083.000) 08/02 16:40:34 Started transferring input files
	Transferring to host: <188.185.208.144:9618?addrs=188.185.208.144-9618+[2001-1458-303-10--100-d]-9618&alias=b9p10p0399.cern.ch&noUDP&sock=slot1_9_10396_ac20_154236>
...
040 (10284267.2083.000) 08/02 16:40:34 Finished transferring input files
...
001 (10284267.2083.000) 08/02 16:40:35 Job executing on host: <188.185.208.144:9618?addrs=188.185.208.144-9618+[2001-1458-303-10--100-d]-9618&alias=b9p10p0399.cern.ch&noUDP&sock=startd_9071_87ac>
	SlotName: slot1_9@b9p10p0399.cern.ch
	CondorScratchDir = "/pool/condor/dir_756979"
	Cpus = 12
	Disk = 2655971
	Memory = 24000
...
006 (10284267.2083.000) 08/02 16:40:37 Image size of job updated: 325728
	5  -  MemoryUsage of job (MB)
	4972  -  ResidentSetSize of job (KB)
...
040 (10284267.2083.000) 08/02 16:40:37 Started transferring output files
...
040 (10284267.2083.000) 08/02 16:40:37 Finished transferring output files
...
005 (10284267.2083.000) 08/02 16:40:37 Job terminated.
	(1) Normal termination (return value 139)
		Usr 0 00:00:02, Sys 0 00:00:01  -  Run Remote Usage
		Usr 0 00:00:00, Sys 0 00:00:00  -  Run Local Usage
		Usr 0 00:00:02, Sys 0 00:00:01  -  Total Remote Usage
		Usr 0 00:00:00, Sys 0 00:00:00  -  Total Local Usage
	7696  -  Run Bytes Sent By Job
	409597  -  Run Bytes Received By Job
	7696  -  Total Bytes Sent By Job
	409597  -  Total Bytes Received By Job
	Partitionable Resources :    Usage  Request Allocated 
	   Cpus                 :        0       12        12 
	   Disk (KB)            :      430      425   2655971 
	   Memory (MB)          :        5    24000     24000 

	Job terminated of its own accord at 2024-08-02T14:40:37Z with exit-code 139.
...
