000 (10252905.2174.000) 07/24 16:13:18 Job submitted from host: <188.185.114.121:9618?addrs=188.185.114.121-9618+[2001-1458-d00-a--100-273]-9618&alias=bigbird19.cern.ch&noUDP&sock=schedd_4961_696e>
...
009 (10252905.2174.000) 07/24 16:14:48 Job was aborted.
	via condor_rm (by user yelberke)
...
000 (10252906.2174.000) 07/24 16:15:38 Job submitted from host: <188.185.114.121:9618?addrs=188.185.114.121-9618+[2001-1458-d00-a--100-273]-9618&alias=bigbird19.cern.ch&noUDP&sock=schedd_4961_696e>
...
000 (10252907.2174.000) 07/24 16:17:32 Job submitted from host: <188.185.114.121:9618?addrs=188.185.114.121-9618+[2001-1458-d00-a--100-273]-9618&alias=bigbird19.cern.ch&noUDP&sock=schedd_4961_696e>
...
000 (10252908.2174.000) 07/24 16:18:05 Job submitted from host: <188.185.114.121:9618?addrs=188.185.114.121-9618+[2001-1458-d00-a--100-273]-9618&alias=bigbird19.cern.ch&noUDP&sock=schedd_4961_696e>
...
000 (10252909.2174.000) 07/24 16:18:41 Job submitted from host: <188.185.114.121:9618?addrs=188.185.114.121-9618+[2001-1458-d00-a--100-273]-9618&alias=bigbird19.cern.ch&noUDP&sock=schedd_4961_696e>
...
000 (10252910.2174.000) 07/24 16:19:06 Job submitted from host: <188.185.114.121:9618?addrs=188.185.114.121-9618+[2001-1458-d00-a--100-273]-9618&alias=bigbird19.cern.ch&noUDP&sock=schedd_4961_696e>
...
000 (10252911.2174.000) 07/24 16:19:20 Job submitted from host: <188.185.114.121:9618?addrs=188.185.114.121-9618+[2001-1458-d00-a--100-273]-9618&alias=bigbird19.cern.ch&noUDP&sock=schedd_4961_696e>
...
000 (10252912.2174.000) 07/24 16:19:32 Job submitted from host: <188.185.114.121:9618?addrs=188.185.114.121-9618+[2001-1458-d00-a--100-273]-9618&alias=bigbird19.cern.ch&noUDP&sock=schedd_4961_696e>
...
000 (10252913.2174.000) 07/24 16:19:45 Job submitted from host: <188.185.114.121:9618?addrs=188.185.114.121-9618+[2001-1458-d00-a--100-273]-9618&alias=bigbird19.cern.ch&noUDP&sock=schedd_4961_696e>
...
040 (10252906.2174.000) 07/24 16:32:55 Started transferring input files
	Transferring to host: <188.185.207.14:9618?addrs=188.185.207.14-9618+[2001-1458-303-d--100-b]-9618&alias=b9p07p6280.cern.ch&noUDP&sock=slot1_7_14047_21d4_143243>
...
040 (10252906.2174.000) 07/24 16:32:55 Finished transferring input files
...
001 (10252906.2174.000) 07/24 16:32:56 Job executing on host: <188.185.207.14:9618?addrs=188.185.207.14-9618+[2001-1458-303-d--100-b]-9618&alias=b9p07p6280.cern.ch&noUDP&sock=startd_12560_b19b>
	SlotName: slot1_7@b9p07p6280.cern.ch
	CondorScratchDir = "/pool/condor/dir_3540987"
	Cpus = 8
	Disk = 2643937
	Memory = 16000
...
006 (10252906.2174.000) 07/24 16:33:02 Image size of job updated: 158020
	7  -  MemoryUsage of job (MB)
	7168  -  ResidentSetSize of job (KB)
...
040 (10252906.2174.000) 07/24 16:33:03 Started transferring output files
...
040 (10252906.2174.000) 07/24 16:33:03 Finished transferring output files
...
005 (10252906.2174.000) 07/24 16:33:03 Job terminated.
	(1) Normal termination (return value 0)
		Usr 0 00:00:05, Sys 0 00:00:00  -  Run Remote Usage
		Usr 0 00:00:00, Sys 0 00:00:00  -  Run Local Usage
		Usr 0 00:00:05, Sys 0 00:00:00  -  Total Remote Usage
		Usr 0 00:00:00, Sys 0 00:00:00  -  Total Local Usage
	6204  -  Run Bytes Sent By Job
	409597  -  Run Bytes Received By Job
	6204  -  Total Bytes Sent By Job
	409597  -  Total Bytes Received By Job
	Partitionable Resources :    Usage  Request Allocated 
	   Cpus                 :        0        8         8 
	   Disk (KB)            :      428      425   2643937 
	   Memory (MB)          :        7    16000     16000 

	Job terminated of its own accord at 2024-07-24T14:33:02Z with exit-code 0.
...
040 (10252907.2174.000) 07/24 18:00:19 Started transferring input files
	Transferring to host: <188.185.204.194:9618?addrs=188.185.204.194-9618+[2001-1458-303-8--100-b6]-9618&alias=b9p02p3136.cern.ch&noUDP&sock=slot1_1_7276_59a1_157309>
...
040 (10252907.2174.000) 07/24 18:00:19 Finished transferring input files
...
001 (10252907.2174.000) 07/24 18:00:20 Job executing on host: <188.185.204.194:9618?addrs=188.185.204.194-9618+[2001-1458-303-8--100-b6]-9618&alias=b9p02p3136.cern.ch&noUDP&sock=startd_7206_4b8c>
	SlotName: slot1_1@b9p02p3136.cern.ch
	CondorScratchDir = "/pool/condor/dir_1068262"
	Cpus = 8
	Disk = 2816280
	Memory = 16000
...
006 (10252907.2174.000) 07/24 18:00:24 Image size of job updated: 159836
	8  -  MemoryUsage of job (MB)
	7632  -  ResidentSetSize of job (KB)
...
040 (10252907.2174.000) 07/24 18:00:24 Started transferring output files
...
040 (10252907.2174.000) 07/24 18:00:24 Finished transferring output files
...
005 (10252907.2174.000) 07/24 18:00:24 Job terminated.
	(1) Normal termination (return value 0)
		Usr 0 00:00:03, Sys 0 00:00:00  -  Run Remote Usage
		Usr 0 00:00:00, Sys 0 00:00:00  -  Run Local Usage
		Usr 0 00:00:03, Sys 0 00:00:00  -  Total Remote Usage
		Usr 0 00:00:00, Sys 0 00:00:00  -  Total Local Usage
	6204  -  Run Bytes Sent By Job
	409597  -  Run Bytes Received By Job
	6204  -  Total Bytes Sent By Job
	409597  -  Total Bytes Received By Job
	Partitionable Resources :    Usage  Request Allocated 
	   Cpus                 :        0        8         8 
	   Disk (KB)            :      428      425   2816280 
	   Memory (MB)          :        8    16000     16000 

	Job terminated of its own accord at 2024-07-24T16:00:24Z with exit-code 0.
...
040 (10252908.2174.000) 07/24 19:04:01 Started transferring input files
	Transferring to host: <188.185.205.179:9618?addrs=188.185.205.179-9618+[2001-1458-303-a--100-30]-9618&alias=b9p04p5046.cern.ch&noUDP&sock=slot1_8_7364_5aa5_154276>
...
040 (10252908.2174.000) 07/24 19:04:01 Finished transferring input files
...
001 (10252908.2174.000) 07/24 19:04:02 Job executing on host: <188.185.205.179:9618?addrs=188.185.205.179-9618+[2001-1458-303-a--100-30]-9618&alias=b9p04p5046.cern.ch&noUDP&sock=startd_7297_b6aa>
	SlotName: slot1_8@b9p04p5046.cern.ch
	CondorScratchDir = "/pool/condor/dir_2513886"
	Cpus = 8
	Disk = 2657529
	Memory = 16000
...
006 (10252908.2174.000) 07/24 19:04:06 Image size of job updated: 158340
	8  -  MemoryUsage of job (MB)
	7744  -  ResidentSetSize of job (KB)
...
040 (10252908.2174.000) 07/24 19:04:06 Started transferring output files
...
040 (10252908.2174.000) 07/24 19:04:06 Finished transferring output files
...
005 (10252908.2174.000) 07/24 19:04:06 Job terminated.
	(1) Normal termination (return value 0)
		Usr 0 00:00:03, Sys 0 00:00:00  -  Run Remote Usage
		Usr 0 00:00:00, Sys 0 00:00:00  -  Run Local Usage
		Usr 0 00:00:03, Sys 0 00:00:00  -  Total Remote Usage
		Usr 0 00:00:00, Sys 0 00:00:00  -  Total Local Usage
	6204  -  Run Bytes Sent By Job
	409597  -  Run Bytes Received By Job
	6204  -  Total Bytes Sent By Job
	409597  -  Total Bytes Received By Job
	Partitionable Resources :    Usage  Request Allocated 
	   Cpus                 :        0        8         8 
	   Disk (KB)            :      428      425   2657529 
	   Memory (MB)          :        8    16000     16000 

	Job terminated of its own accord at 2024-07-24T17:04:06Z with exit-code 0.
...
040 (10252909.2174.000) 07/24 20:07:35 Started transferring input files
	Transferring to host: <188.185.207.38:9618?addrs=188.185.207.38-9618+[2001-1458-303-d--100-23]-9618&alias=b9p07p9496.cern.ch&noUDP&sock=slot1_19_4910_4a01_145438>
...
040 (10252909.2174.000) 07/24 20:07:35 Finished transferring input files
...
001 (10252909.2174.000) 07/24 20:07:36 Job executing on host: <188.185.207.38:9618?addrs=188.185.207.38-9618+[2001-1458-303-d--100-23]-9618&alias=b9p07p9496.cern.ch&noUDP&sock=startd_4213_5896>
	SlotName: slot1_19@b9p07p9496.cern.ch
	CondorScratchDir = "/pool/condor/dir_2688879"
	Cpus = 8
	Disk = 2810229
	Memory = 16000
...
006 (10252909.2174.000) 07/24 20:07:40 Image size of job updated: 161416
	8  -  MemoryUsage of job (MB)
	8128  -  ResidentSetSize of job (KB)
...
040 (10252909.2174.000) 07/24 20:07:40 Started transferring output files
...
040 (10252909.2174.000) 07/24 20:07:40 Finished transferring output files
...
005 (10252909.2174.000) 07/24 20:07:40 Job terminated.
	(1) Normal termination (return value 0)
		Usr 0 00:00:03, Sys 0 00:00:00  -  Run Remote Usage
		Usr 0 00:00:00, Sys 0 00:00:00  -  Run Local Usage
		Usr 0 00:00:03, Sys 0 00:00:00  -  Total Remote Usage
		Usr 0 00:00:00, Sys 0 00:00:00  -  Total Local Usage
	6204  -  Run Bytes Sent By Job
	409597  -  Run Bytes Received By Job
	6204  -  Total Bytes Sent By Job
	409597  -  Total Bytes Received By Job
	Partitionable Resources :    Usage  Request Allocated 
	   Cpus                 :        0        8         8 
	   Disk (KB)            :      428      425   2810229 
	   Memory (MB)          :        8    16000     16000 

	Job terminated of its own accord at 2024-07-24T18:07:40Z with exit-code 0.
...
040 (10252910.2174.000) 07/24 20:53:41 Started transferring input files
	Transferring to host: <188.185.207.177:9618?addrs=188.185.207.177-9618+[2001-1458-303-e--100-2e]-9618&alias=b9p08p0553.cern.ch&noUDP&sock=slot1_8_11105_3a1d_145466>
...
040 (10252910.2174.000) 07/24 20:53:41 Finished transferring input files
...
001 (10252910.2174.000) 07/24 20:53:42 Job executing on host: <188.185.207.177:9618?addrs=188.185.207.177-9618+[2001-1458-303-e--100-2e]-9618&alias=b9p08p0553.cern.ch&noUDP&sock=startd_9742_c7b9>
	SlotName: slot1_8@b9p08p0553.cern.ch
	CondorScratchDir = "/pool/condor/dir_638843"
	Cpus = 8
	Disk = 2783024
	Memory = 16000
...
006 (10252910.2174.000) 07/24 20:53:46 Image size of job updated: 159896
	8  -  MemoryUsage of job (MB)
	8012  -  ResidentSetSize of job (KB)
...
040 (10252910.2174.000) 07/24 20:53:46 Started transferring output files
...
040 (10252910.2174.000) 07/24 20:53:46 Finished transferring output files
...
005 (10252910.2174.000) 07/24 20:53:46 Job terminated.
	(1) Normal termination (return value 0)
		Usr 0 00:00:03, Sys 0 00:00:00  -  Run Remote Usage
		Usr 0 00:00:00, Sys 0 00:00:00  -  Run Local Usage
		Usr 0 00:00:03, Sys 0 00:00:00  -  Total Remote Usage
		Usr 0 00:00:00, Sys 0 00:00:00  -  Total Local Usage
	6201  -  Run Bytes Sent By Job
	409597  -  Run Bytes Received By Job
	6201  -  Total Bytes Sent By Job
	409597  -  Total Bytes Received By Job
	Partitionable Resources :    Usage  Request Allocated 
	   Cpus                 :        0        8         8 
	   Disk (KB)            :      428      425   2783024 
	   Memory (MB)          :        8    16000     16000 

	Job terminated of its own accord at 2024-07-24T18:53:46Z with exit-code 0.
...
040 (10252911.2174.000) 07/24 21:06:35 Started transferring input files
	Transferring to host: <188.185.205.40:9618?addrs=188.185.205.40-9618+[2001-1458-303-9--100-9c]-9618&alias=b9p03p9453.cern.ch&noUDP&sock=slot1_16_3571_d7aa_32134>
...
040 (10252911.2174.000) 07/24 21:06:35 Finished transferring input files
...
001 (10252911.2174.000) 07/24 21:06:36 Job executing on host: <188.185.205.40:9618?addrs=188.185.205.40-9618+[2001-1458-303-9--100-9c]-9618&alias=b9p03p9453.cern.ch&noUDP&sock=startd_3222_9a3c>
	SlotName: slot1_16@b9p03p9453.cern.ch
	CondorScratchDir = "/pool/condor/dir_2299874"
	Cpus = 8
	Disk = 2850913
	Memory = 16000
...
006 (10252911.2174.000) 07/24 21:06:40 Image size of job updated: 164284
	10  -  MemoryUsage of job (MB)
	9608  -  ResidentSetSize of job (KB)
...
040 (10252911.2174.000) 07/24 21:06:40 Started transferring output files
...
040 (10252911.2174.000) 07/24 21:06:40 Finished transferring output files
...
005 (10252911.2174.000) 07/24 21:06:40 Job terminated.
	(1) Normal termination (return value 0)
		Usr 0 00:00:03, Sys 0 00:00:00  -  Run Remote Usage
		Usr 0 00:00:00, Sys 0 00:00:00  -  Run Local Usage
		Usr 0 00:00:03, Sys 0 00:00:00  -  Total Remote Usage
		Usr 0 00:00:00, Sys 0 00:00:00  -  Total Local Usage
	6201  -  Run Bytes Sent By Job
	409597  -  Run Bytes Received By Job
	6201  -  Total Bytes Sent By Job
	409597  -  Total Bytes Received By Job
	Partitionable Resources :    Usage  Request Allocated 
	   Cpus                 :        0        8         8 
	   Disk (KB)            :      428      425   2850913 
	   Memory (MB)          :       10    16000     16000 

	Job terminated of its own accord at 2024-07-24T19:06:40Z with exit-code 0.
...
040 (10252912.2174.000) 07/24 21:20:12 Started transferring input files
	Transferring to host: <188.185.207.171:9618?addrs=188.185.207.171-9618+[2001-1458-303-e--100-28]-9618&alias=b9p08p6779.cern.ch&noUDP&sock=slot1_5_6216_7bf6_144478>
...
040 (10252912.2174.000) 07/24 21:20:13 Finished transferring input files
...
001 (10252912.2174.000) 07/24 21:20:13 Job executing on host: <188.185.207.171:9618?addrs=188.185.207.171-9618+[2001-1458-303-e--100-28]-9618&alias=b9p08p6779.cern.ch&noUDP&sock=startd_4995_bba6>
	SlotName: slot1_5@b9p08p6779.cern.ch
	CondorScratchDir = "/pool/condor/dir_1578141"
	Cpus = 8
	Disk = 2740548
	Memory = 16000
...
006 (10252912.2174.000) 07/24 21:20:19 Image size of job updated: 161368
	9  -  MemoryUsage of job (MB)
	8620  -  ResidentSetSize of job (KB)
...
040 (10252912.2174.000) 07/24 21:20:19 Started transferring output files
...
040 (10252912.2174.000) 07/24 21:20:19 Finished transferring output files
...
005 (10252912.2174.000) 07/24 21:20:19 Job terminated.
	(1) Normal termination (return value 0)
		Usr 0 00:00:04, Sys 0 00:00:00  -  Run Remote Usage
		Usr 0 00:00:00, Sys 0 00:00:00  -  Run Local Usage
		Usr 0 00:00:04, Sys 0 00:00:00  -  Total Remote Usage
		Usr 0 00:00:00, Sys 0 00:00:00  -  Total Local Usage
	6204  -  Run Bytes Sent By Job
	409597  -  Run Bytes Received By Job
	6204  -  Total Bytes Sent By Job
	409597  -  Total Bytes Received By Job
	Partitionable Resources :    Usage  Request Allocated 
	   Cpus                 :        0        8         8 
	   Disk (KB)            :      428      425   2740548 
	   Memory (MB)          :        9    16000     16000 

	Job terminated of its own accord at 2024-07-24T19:20:19Z with exit-code 0.
...
040 (10252913.2174.000) 07/24 21:33:02 Started transferring input files
	Transferring to host: <188.185.204.251:9618?addrs=188.185.204.251-9618+[2001-1458-303-8--100-78]-9618&alias=b9p02p8722.cern.ch&noUDP&sock=slot1_15_6920_8412_155623>
...
040 (10252913.2174.000) 07/24 21:33:02 Finished transferring input files
...
001 (10252913.2174.000) 07/24 21:33:03 Job executing on host: <188.185.204.251:9618?addrs=188.185.204.251-9618+[2001-1458-303-8--100-78]-9618&alias=b9p02p8722.cern.ch&noUDP&sock=startd_6728_6d47>
	SlotName: slot1_15@b9p02p8722.cern.ch
	CondorScratchDir = "/pool/condor/dir_173187"
	Cpus = 8
	Disk = 2967818
	Memory = 16000
...
006 (10252913.2174.000) 07/24 21:33:07 Image size of job updated: 161840
	9  -  MemoryUsage of job (MB)
	8960  -  ResidentSetSize of job (KB)
...
040 (10252913.2174.000) 07/24 21:33:07 Started transferring output files
...
040 (10252913.2174.000) 07/24 21:33:07 Finished transferring output files
...
005 (10252913.2174.000) 07/24 21:33:07 Job terminated.
	(1) Normal termination (return value 0)
		Usr 0 00:00:03, Sys 0 00:00:00  -  Run Remote Usage
		Usr 0 00:00:00, Sys 0 00:00:00  -  Run Local Usage
		Usr 0 00:00:03, Sys 0 00:00:00  -  Total Remote Usage
		Usr 0 00:00:00, Sys 0 00:00:00  -  Total Local Usage
	6204  -  Run Bytes Sent By Job
	409597  -  Run Bytes Received By Job
	6204  -  Total Bytes Sent By Job
	409597  -  Total Bytes Received By Job
	Partitionable Resources :    Usage  Request Allocated 
	   Cpus                 :        0        8         8 
	   Disk (KB)            :      428      425   2967818 
	   Memory (MB)          :        9    16000     16000 

	Job terminated of its own accord at 2024-07-24T19:33:07Z with exit-code 0.
...
000 (10261715.2174.000) 07/25 13:02:24 Job submitted from host: <188.185.114.121:9618?addrs=188.185.114.121-9618+[2001-1458-d00-a--100-273]-9618&alias=bigbird19.cern.ch&noUDP&sock=schedd_4961_696e>
...
009 (10261715.2174.000) 07/25 13:06:51 Job was aborted.
	via condor_rm (by user yelberke)
...
000 (10261767.2174.000) 07/25 13:20:30 Job submitted from host: <188.185.114.121:9618?addrs=188.185.114.121-9618+[2001-1458-d00-a--100-273]-9618&alias=bigbird19.cern.ch&noUDP&sock=schedd_4961_696e>
...
040 (10261767.2174.000) 07/25 14:27:17 Started transferring input files
	Transferring to host: <188.185.193.53:9618?addrs=188.185.193.53-9618+[2001-1458-303-20--100-31]-9618&alias=b9p19p9278.cern.ch&noUDP&sock=slot1_5_1743550_742e_2787>
...
040 (10261767.2174.000) 07/25 14:27:17 Finished transferring input files
...
001 (10261767.2174.000) 07/25 14:27:18 Job executing on host: <188.185.193.53:9618?addrs=188.185.193.53-9618+[2001-1458-303-20--100-31]-9618&alias=b9p19p9278.cern.ch&noUDP&sock=startd_173718_ad5f>
	SlotName: slot1_5@b9p19p9278.cern.ch
	CondorScratchDir = "/pool/condor/dir_495543"
	Cpus = 12
	Disk = 2953904
	Memory = 24000
...
006 (10261767.2174.000) 07/25 14:27:27 Image size of job updated: 1
	0  -  MemoryUsage of job (MB)
	0  -  ResidentSetSize of job (KB)
...
006 (10261767.2174.000) 07/25 14:27:49 Image size of job updated: 161064
	7  -  MemoryUsage of job (MB)
	7048  -  ResidentSetSize of job (KB)
...
040 (10261767.2174.000) 07/25 14:27:49 Started transferring output files
...
040 (10261767.2174.000) 07/25 14:27:49 Finished transferring output files
...
005 (10261767.2174.000) 07/25 14:27:49 Job terminated.
	(1) Normal termination (return value 0)
		Usr 0 00:00:04, Sys 0 00:00:00  -  Run Remote Usage
		Usr 0 00:00:00, Sys 0 00:00:00  -  Run Local Usage
		Usr 0 00:00:04, Sys 0 00:00:00  -  Total Remote Usage
		Usr 0 00:00:00, Sys 0 00:00:00  -  Total Local Usage
	6676  -  Run Bytes Sent By Job
	409597  -  Run Bytes Received By Job
	6676  -  Total Bytes Sent By Job
	409597  -  Total Bytes Received By Job
	Partitionable Resources :    Usage  Request Allocated 
	   Cpus                 :        0       12        12 
	   Disk (KB)            :      428      425   2953904 
	   Memory (MB)          :        7    24000     24000 

	Job terminated of its own accord at 2024-07-25T12:27:49Z with exit-code 0.
...
000 (10284266.2174.000) 08/02 15:46:11 Job submitted from host: <188.185.114.121:9618?addrs=188.185.114.121-9618+[2001-1458-d00-a--100-273]-9618&alias=bigbird19.cern.ch&noUDP&sock=schedd_4961_696e>
...
009 (10284266.2174.000) 08/02 15:49:30 Job was aborted.
	via condor_rm (by user yelberke)
...
000 (10284267.2174.000) 08/02 15:49:55 Job submitted from host: <188.185.114.121:9618?addrs=188.185.114.121-9618+[2001-1458-d00-a--100-273]-9618&alias=bigbird19.cern.ch&noUDP&sock=schedd_4961_696e>
...
040 (10284267.2174.000) 08/02 16:41:05 Started transferring input files
	Transferring to host: <188.185.192.137:9618?addrs=188.185.192.137-9618+[2001-1458-303-1f--100-85]-9618&alias=b9p13p3671.cern.ch&noUDP&sock=slot1_2_277198_d141_305>
...
040 (10284267.2174.000) 08/02 16:41:05 Finished transferring input files
...
001 (10284267.2174.000) 08/02 16:41:06 Job executing on host: <188.185.192.137:9618?addrs=188.185.192.137-9618+[2001-1458-303-1f--100-85]-9618&alias=b9p13p3671.cern.ch&noUDP&sock=startd_166910_f49b>
	SlotName: slot1_2@b9p13p3671.cern.ch
	CondorScratchDir = "/pool/condor/dir_581753"
	Cpus = 12
	Disk = 3073828
	Memory = 24000
...
006 (10284267.2174.000) 08/02 16:41:07 Image size of job updated: 317292
	5  -  MemoryUsage of job (MB)
	4248  -  ResidentSetSize of job (KB)
...
040 (10284267.2174.000) 08/02 16:41:07 Started transferring output files
...
040 (10284267.2174.000) 08/02 16:41:07 Finished transferring output files
...
005 (10284267.2174.000) 08/02 16:41:07 Job terminated.
	(1) Normal termination (return value 139)
		Usr 0 00:00:02, Sys 0 00:00:00  -  Run Remote Usage
		Usr 0 00:00:00, Sys 0 00:00:00  -  Run Local Usage
		Usr 0 00:00:02, Sys 0 00:00:00  -  Total Remote Usage
		Usr 0 00:00:00, Sys 0 00:00:00  -  Total Local Usage
	7696  -  Run Bytes Sent By Job
	409597  -  Run Bytes Received By Job
	7696  -  Total Bytes Sent By Job
	409597  -  Total Bytes Received By Job
	Partitionable Resources :    Usage  Request Allocated 
	   Cpus                 :        0       12        12 
	   Disk (KB)            :      429      425   3073828 
	   Memory (MB)          :        5    24000     24000 

	Job terminated of its own accord at 2024-08-02T14:41:07Z with exit-code 139.
...
