000 (10252905.2203.000) 07/24 16:13:18 Job submitted from host: <188.185.114.121:9618?addrs=188.185.114.121-9618+[2001-1458-d00-a--100-273]-9618&alias=bigbird19.cern.ch&noUDP&sock=schedd_4961_696e>
...
009 (10252905.2203.000) 07/24 16:14:48 Job was aborted.
	via condor_rm (by user yelberke)
...
000 (10252906.2203.000) 07/24 16:15:38 Job submitted from host: <188.185.114.121:9618?addrs=188.185.114.121-9618+[2001-1458-d00-a--100-273]-9618&alias=bigbird19.cern.ch&noUDP&sock=schedd_4961_696e>
...
000 (10252907.2203.000) 07/24 16:17:32 Job submitted from host: <188.185.114.121:9618?addrs=188.185.114.121-9618+[2001-1458-d00-a--100-273]-9618&alias=bigbird19.cern.ch&noUDP&sock=schedd_4961_696e>
...
000 (10252908.2203.000) 07/24 16:18:05 Job submitted from host: <188.185.114.121:9618?addrs=188.185.114.121-9618+[2001-1458-d00-a--100-273]-9618&alias=bigbird19.cern.ch&noUDP&sock=schedd_4961_696e>
...
000 (10252909.2203.000) 07/24 16:18:41 Job submitted from host: <188.185.114.121:9618?addrs=188.185.114.121-9618+[2001-1458-d00-a--100-273]-9618&alias=bigbird19.cern.ch&noUDP&sock=schedd_4961_696e>
...
000 (10252910.2203.000) 07/24 16:19:06 Job submitted from host: <188.185.114.121:9618?addrs=188.185.114.121-9618+[2001-1458-d00-a--100-273]-9618&alias=bigbird19.cern.ch&noUDP&sock=schedd_4961_696e>
...
000 (10252911.2203.000) 07/24 16:19:20 Job submitted from host: <188.185.114.121:9618?addrs=188.185.114.121-9618+[2001-1458-d00-a--100-273]-9618&alias=bigbird19.cern.ch&noUDP&sock=schedd_4961_696e>
...
000 (10252912.2203.000) 07/24 16:19:32 Job submitted from host: <188.185.114.121:9618?addrs=188.185.114.121-9618+[2001-1458-d00-a--100-273]-9618&alias=bigbird19.cern.ch&noUDP&sock=schedd_4961_696e>
...
000 (10252913.2203.000) 07/24 16:19:45 Job submitted from host: <188.185.114.121:9618?addrs=188.185.114.121-9618+[2001-1458-d00-a--100-273]-9618&alias=bigbird19.cern.ch&noUDP&sock=schedd_4961_696e>
...
040 (10252906.2203.000) 07/24 16:33:05 Started transferring input files
	Transferring to host: <188.185.195.87:9618?addrs=188.185.195.87-9618+[2001-1458-303-22--100-53]-9618&alias=b9p17p3514.cern.ch&noUDP&sock=slot1_5_622236_4d50_4129>
...
040 (10252906.2203.000) 07/24 16:33:05 Finished transferring input files
...
001 (10252906.2203.000) 07/24 16:33:06 Job executing on host: <188.185.195.87:9618?addrs=188.185.195.87-9618+[2001-1458-303-22--100-53]-9618&alias=b9p17p3514.cern.ch&noUDP&sock=startd_164418_a699>
	SlotName: slot1_5@b9p17p3514.cern.ch
	CondorScratchDir = "/pool/condor/dir_2527823"
	Cpus = 8
	Disk = 2616128
	Memory = 16000
...
006 (10252906.2203.000) 07/24 16:33:14 Image size of job updated: 149020
	146  -  MemoryUsage of job (MB)
	149016  -  ResidentSetSize of job (KB)
...
006 (10252906.2203.000) 07/24 16:33:15 Image size of job updated: 170612
	146  -  MemoryUsage of job (MB)
	149016  -  ResidentSetSize of job (KB)
...
040 (10252906.2203.000) 07/24 16:33:15 Started transferring output files
...
040 (10252906.2203.000) 07/24 16:33:15 Finished transferring output files
...
005 (10252906.2203.000) 07/24 16:33:15 Job terminated.
	(1) Normal termination (return value 0)
		Usr 0 00:00:08, Sys 0 00:00:00  -  Run Remote Usage
		Usr 0 00:00:00, Sys 0 00:00:00  -  Run Local Usage
		Usr 0 00:00:08, Sys 0 00:00:00  -  Total Remote Usage
		Usr 0 00:00:00, Sys 0 00:00:00  -  Total Local Usage
	6204  -  Run Bytes Sent By Job
	409597  -  Run Bytes Received By Job
	6204  -  Total Bytes Sent By Job
	409597  -  Total Bytes Received By Job
	Partitionable Resources :    Usage  Request Allocated 
	   Cpus                 :        0        8         8 
	   Disk (KB)            :      428      425   2616128 
	   Memory (MB)          :      146    16000     16000 

	Job terminated of its own accord at 2024-07-24T14:33:15Z with exit-code 0.
...
040 (10252907.2203.000) 07/24 18:00:25 Started transferring input files
	Transferring to host: <188.185.206.196:9618?addrs=188.185.206.196-9618+[2001-1458-303-c--100-41]-9618&alias=b9p06p3703.cern.ch&noUDP&sock=slot1_21_7418_66e7_156179>
...
040 (10252907.2203.000) 07/24 18:00:25 Finished transferring input files
...
001 (10252907.2203.000) 07/24 18:00:26 Job executing on host: <188.185.206.196:9618?addrs=188.185.206.196-9618+[2001-1458-303-c--100-41]-9618&alias=b9p06p3703.cern.ch&noUDP&sock=startd_7349_6197>
	SlotName: slot1_21@b9p06p3703.cern.ch
	CondorScratchDir = "/pool/condor/dir_1523231"
	Cpus = 8
	Disk = 2749233
	Memory = 16000
...
006 (10252907.2203.000) 07/24 18:00:30 Image size of job updated: 158700
	8  -  MemoryUsage of job (MB)
	7720  -  ResidentSetSize of job (KB)
...
040 (10252907.2203.000) 07/24 18:00:30 Started transferring output files
...
040 (10252907.2203.000) 07/24 18:00:30 Finished transferring output files
...
005 (10252907.2203.000) 07/24 18:00:30 Job terminated.
	(1) Normal termination (return value 0)
		Usr 0 00:00:03, Sys 0 00:00:00  -  Run Remote Usage
		Usr 0 00:00:00, Sys 0 00:00:00  -  Run Local Usage
		Usr 0 00:00:03, Sys 0 00:00:00  -  Total Remote Usage
		Usr 0 00:00:00, Sys 0 00:00:00  -  Total Local Usage
	6204  -  Run Bytes Sent By Job
	409597  -  Run Bytes Received By Job
	6204  -  Total Bytes Sent By Job
	409597  -  Total Bytes Received By Job
	Partitionable Resources :    Usage  Request Allocated 
	   Cpus                 :        0        8         8 
	   Disk (KB)            :      428      425   2749233 
	   Memory (MB)          :        8    16000     16000 

	Job terminated of its own accord at 2024-07-24T16:00:30Z with exit-code 0.
...
040 (10252908.2203.000) 07/24 19:04:17 Started transferring input files
	Transferring to host: <188.185.205.54:9618?addrs=188.185.205.54-9618+[2001-1458-303-9--100-aa]-9618&alias=b9p03p2398.cern.ch&noUDP&sock=slot1_6_6585_7a65_31201>
...
040 (10252908.2203.000) 07/24 19:04:17 Finished transferring input files
...
001 (10252908.2203.000) 07/24 19:04:18 Job executing on host: <188.185.205.54:9618?addrs=188.185.205.54-9618+[2001-1458-303-9--100-aa]-9618&alias=b9p03p2398.cern.ch&noUDP&sock=startd_5427_0c90>
	SlotName: slot1_6@b9p03p2398.cern.ch
	CondorScratchDir = "/pool/condor/dir_3966901"
	Cpus = 8
	Disk = 2690388
	Memory = 16000
...
006 (10252908.2203.000) 07/24 19:04:22 Image size of job updated: 158228
	8  -  MemoryUsage of job (MB)
	7196  -  ResidentSetSize of job (KB)
...
040 (10252908.2203.000) 07/24 19:04:23 Started transferring output files
...
040 (10252908.2203.000) 07/24 19:04:23 Finished transferring output files
...
005 (10252908.2203.000) 07/24 19:04:23 Job terminated.
	(1) Normal termination (return value 0)
		Usr 0 00:00:03, Sys 0 00:00:00  -  Run Remote Usage
		Usr 0 00:00:00, Sys 0 00:00:00  -  Run Local Usage
		Usr 0 00:00:03, Sys 0 00:00:00  -  Total Remote Usage
		Usr 0 00:00:00, Sys 0 00:00:00  -  Total Local Usage
	6204  -  Run Bytes Sent By Job
	409597  -  Run Bytes Received By Job
	6204  -  Total Bytes Sent By Job
	409597  -  Total Bytes Received By Job
	Partitionable Resources :    Usage  Request Allocated 
	   Cpus                 :                 8         8 
	   Disk (KB)            :      421      425   2690388 
	   Memory (MB)          :        8    16000     16000 

	Job terminated of its own accord at 2024-07-24T17:04:22Z with exit-code 0.
...
040 (10252909.2203.000) 07/24 20:07:45 Started transferring input files
	Transferring to host: <188.185.207.43:9618?addrs=188.185.207.43-9618+[2001-1458-303-d--100-28]-9618&alias=b9p07p8370.cern.ch&noUDP&sock=slot1_11_11671_0674_141251>
...
040 (10252909.2203.000) 07/24 20:07:45 Finished transferring input files
...
001 (10252909.2203.000) 07/24 20:07:46 Job executing on host: <188.185.207.43:9618?addrs=188.185.207.43-9618+[2001-1458-303-d--100-28]-9618&alias=b9p07p8370.cern.ch&noUDP&sock=startd_10161_2de7>
	SlotName: slot1_11@b9p07p8370.cern.ch
	CondorScratchDir = "/pool/condor/dir_3708528"
	Cpus = 8
	Disk = 2783232
	Memory = 16000
...
006 (10252909.2203.000) 07/24 20:07:51 Image size of job updated: 158324
	8  -  MemoryUsage of job (MB)
	7376  -  ResidentSetSize of job (KB)
...
040 (10252909.2203.000) 07/24 20:07:51 Started transferring output files
...
040 (10252909.2203.000) 07/24 20:07:51 Finished transferring output files
...
005 (10252909.2203.000) 07/24 20:07:51 Job terminated.
	(1) Normal termination (return value 0)
		Usr 0 00:00:04, Sys 0 00:00:00  -  Run Remote Usage
		Usr 0 00:00:00, Sys 0 00:00:00  -  Run Local Usage
		Usr 0 00:00:04, Sys 0 00:00:00  -  Total Remote Usage
		Usr 0 00:00:00, Sys 0 00:00:00  -  Total Local Usage
	6204  -  Run Bytes Sent By Job
	409597  -  Run Bytes Received By Job
	6204  -  Total Bytes Sent By Job
	409597  -  Total Bytes Received By Job
	Partitionable Resources :    Usage  Request Allocated 
	   Cpus                 :     0.07        8         8 
	   Disk (KB)            :   428         425   2783232 
	   Memory (MB)          :     8       16000     16000 

	Job terminated of its own accord at 2024-07-24T18:07:51Z with exit-code 0.
...
040 (10252910.2203.000) 07/24 20:53:51 Started transferring input files
	Transferring to host: <188.185.209.143:9618?addrs=188.185.209.143-9618+[2001-1458-303-12--100-c]-9618&alias=b9p12p0201.cern.ch&noUDP&sock=slot1_16_26718_ff78_24139>
...
040 (10252910.2203.000) 07/24 20:53:51 Finished transferring input files
...
001 (10252910.2203.000) 07/24 20:53:52 Job executing on host: <188.185.209.143:9618?addrs=188.185.209.143-9618+[2001-1458-303-12--100-c]-9618&alias=b9p12p0201.cern.ch&noUDP&sock=startd_25648_f921>
	SlotName: slot1_16@b9p12p0201.cern.ch
	CondorScratchDir = "/pool/condor/dir_1436173"
	Cpus = 8
	Disk = 2739963
	Memory = 16000
...
006 (10252910.2203.000) 07/24 20:53:56 Image size of job updated: 163748
	10  -  MemoryUsage of job (MB)
	9764  -  ResidentSetSize of job (KB)
...
040 (10252910.2203.000) 07/24 20:53:56 Started transferring output files
...
040 (10252910.2203.000) 07/24 20:53:56 Finished transferring output files
...
005 (10252910.2203.000) 07/24 20:53:56 Job terminated.
	(1) Normal termination (return value 0)
		Usr 0 00:00:03, Sys 0 00:00:00  -  Run Remote Usage
		Usr 0 00:00:00, Sys 0 00:00:00  -  Run Local Usage
		Usr 0 00:00:03, Sys 0 00:00:00  -  Total Remote Usage
		Usr 0 00:00:00, Sys 0 00:00:00  -  Total Local Usage
	6201  -  Run Bytes Sent By Job
	409597  -  Run Bytes Received By Job
	6201  -  Total Bytes Sent By Job
	409597  -  Total Bytes Received By Job
	Partitionable Resources :    Usage  Request Allocated 
	   Cpus                 :        0        8         8 
	   Disk (KB)            :      431      425   2739963 
	   Memory (MB)          :       10    16000     16000 

	Job terminated of its own accord at 2024-07-24T18:53:56Z with exit-code 0.
...
040 (10252911.2203.000) 07/24 21:06:45 Started transferring input files
	Transferring to host: <188.185.207.197:9618?addrs=188.185.207.197-9618+[2001-1458-303-e--100-42]-9618&alias=b9p08p9966.cern.ch&noUDP&sock=slot1_7_7360_8924_143806>
...
040 (10252911.2203.000) 07/24 21:06:45 Finished transferring input files
...
001 (10252911.2203.000) 07/24 21:06:46 Job executing on host: <188.185.207.197:9618?addrs=188.185.207.197-9618+[2001-1458-303-e--100-42]-9618&alias=b9p08p9966.cern.ch&noUDP&sock=startd_5698_eeba>
	SlotName: slot1_7@b9p08p9966.cern.ch
	CondorScratchDir = "/pool/condor/dir_3371963"
	Cpus = 8
	Disk = 2868463
	Memory = 16000
...
006 (10252911.2203.000) 07/24 21:06:51 Image size of job updated: 164716
	10  -  MemoryUsage of job (MB)
	9720  -  ResidentSetSize of job (KB)
...
040 (10252911.2203.000) 07/24 21:06:51 Started transferring output files
...
040 (10252911.2203.000) 07/24 21:06:51 Finished transferring output files
...
005 (10252911.2203.000) 07/24 21:06:51 Job terminated.
	(1) Normal termination (return value 0)
		Usr 0 00:00:04, Sys 0 00:00:00  -  Run Remote Usage
		Usr 0 00:00:00, Sys 0 00:00:00  -  Run Local Usage
		Usr 0 00:00:04, Sys 0 00:00:00  -  Total Remote Usage
		Usr 0 00:00:00, Sys 0 00:00:00  -  Total Local Usage
	6201  -  Run Bytes Sent By Job
	409597  -  Run Bytes Received By Job
	6201  -  Total Bytes Sent By Job
	409597  -  Total Bytes Received By Job
	Partitionable Resources :    Usage  Request Allocated 
	   Cpus                 :        0        8         8 
	   Disk (KB)            :      428      425   2868463 
	   Memory (MB)          :       10    16000     16000 

	Job terminated of its own accord at 2024-07-24T19:06:51Z with exit-code 0.
...
040 (10252912.2203.000) 07/24 21:20:22 Started transferring input files
	Transferring to host: <188.185.209.46:9618?addrs=188.185.209.46-9618+[2001-1458-303-11--100-2b]-9618&alias=b9p11p5617.cern.ch&noUDP&sock=slot1_14_13557_e200_144133>
...
040 (10252912.2203.000) 07/24 21:20:22 Finished transferring input files
...
001 (10252912.2203.000) 07/24 21:20:23 Job executing on host: <188.185.209.46:9618?addrs=188.185.209.46-9618+[2001-1458-303-11--100-2b]-9618&alias=b9p11p5617.cern.ch&noUDP&sock=startd_12097_1d42>
	SlotName: slot1_14@b9p11p5617.cern.ch
	CondorScratchDir = "/pool/condor/dir_3461313"
	Cpus = 8
	Disk = 2882805
	Memory = 16000
...
006 (10252912.2203.000) 07/24 21:20:28 Image size of job updated: 164788
	10  -  MemoryUsage of job (MB)
	10172  -  ResidentSetSize of job (KB)
...
040 (10252912.2203.000) 07/24 21:20:28 Started transferring output files
...
040 (10252912.2203.000) 07/24 21:20:28 Finished transferring output files
...
005 (10252912.2203.000) 07/24 21:20:28 Job terminated.
	(1) Normal termination (return value 0)
		Usr 0 00:00:04, Sys 0 00:00:00  -  Run Remote Usage
		Usr 0 00:00:00, Sys 0 00:00:00  -  Run Local Usage
		Usr 0 00:00:04, Sys 0 00:00:00  -  Total Remote Usage
		Usr 0 00:00:00, Sys 0 00:00:00  -  Total Local Usage
	6204  -  Run Bytes Sent By Job
	409597  -  Run Bytes Received By Job
	6204  -  Total Bytes Sent By Job
	409597  -  Total Bytes Received By Job
	Partitionable Resources :    Usage  Request Allocated 
	   Cpus                 :        0        8         8 
	   Disk (KB)            :      428      425   2882805 
	   Memory (MB)          :       10    16000     16000 

	Job terminated of its own accord at 2024-07-24T19:20:28Z with exit-code 0.
...
040 (10252913.2203.000) 07/24 21:33:11 Started transferring input files
	Transferring to host: <188.185.207.45:9618?addrs=188.185.207.45-9618+[2001-1458-303-d--100-2a]-9618&alias=b9p07p4685.cern.ch&noUDP&sock=slot1_11_6215_c796_146515>
...
040 (10252913.2203.000) 07/24 21:33:11 Finished transferring input files
...
001 (10252913.2203.000) 07/24 21:33:12 Job executing on host: <188.185.207.45:9618?addrs=188.185.207.45-9618+[2001-1458-303-d--100-2a]-9618&alias=b9p07p4685.cern.ch&noUDP&sock=startd_5162_47f7>
	SlotName: slot1_11@b9p07p4685.cern.ch
	CondorScratchDir = "/pool/condor/dir_2161754"
	Cpus = 8
	Disk = 2699289
	Memory = 16000
...
006 (10252913.2203.000) 07/24 21:33:16 Image size of job updated: 160084
	8  -  MemoryUsage of job (MB)
	8088  -  ResidentSetSize of job (KB)
...
040 (10252913.2203.000) 07/24 21:33:16 Started transferring output files
...
040 (10252913.2203.000) 07/24 21:33:16 Finished transferring output files
...
005 (10252913.2203.000) 07/24 21:33:16 Job terminated.
	(1) Normal termination (return value 0)
		Usr 0 00:00:03, Sys 0 00:00:00  -  Run Remote Usage
		Usr 0 00:00:00, Sys 0 00:00:00  -  Run Local Usage
		Usr 0 00:00:03, Sys 0 00:00:00  -  Total Remote Usage
		Usr 0 00:00:00, Sys 0 00:00:00  -  Total Local Usage
	6204  -  Run Bytes Sent By Job
	409597  -  Run Bytes Received By Job
	6204  -  Total Bytes Sent By Job
	409597  -  Total Bytes Received By Job
	Partitionable Resources :    Usage  Request Allocated 
	   Cpus                 :        0        8         8 
	   Disk (KB)            :      428      425   2699289 
	   Memory (MB)          :        8    16000     16000 

	Job terminated of its own accord at 2024-07-24T19:33:16Z with exit-code 0.
...
000 (10261715.2203.000) 07/25 13:02:25 Job submitted from host: <188.185.114.121:9618?addrs=188.185.114.121-9618+[2001-1458-d00-a--100-273]-9618&alias=bigbird19.cern.ch&noUDP&sock=schedd_4961_696e>
...
009 (10261715.2203.000) 07/25 13:06:51 Job was aborted.
	via condor_rm (by user yelberke)
...
000 (10261767.2203.000) 07/25 13:20:30 Job submitted from host: <188.185.114.121:9618?addrs=188.185.114.121-9618+[2001-1458-d00-a--100-273]-9618&alias=bigbird19.cern.ch&noUDP&sock=schedd_4961_696e>
...
040 (10261767.2203.000) 07/25 14:29:49 Started transferring input files
	Transferring to host: <188.185.209.46:9618?addrs=188.185.209.46-9618+[2001-1458-303-11--100-2b]-9618&alias=b9p11p5617.cern.ch&noUDP&sock=slot1_13_13557_e200_145180>
...
040 (10261767.2203.000) 07/25 14:29:49 Finished transferring input files
...
001 (10261767.2203.000) 07/25 14:29:50 Job executing on host: <188.185.209.46:9618?addrs=188.185.209.46-9618+[2001-1458-303-11--100-2b]-9618&alias=b9p11p5617.cern.ch&noUDP&sock=startd_12097_1d42>
	SlotName: slot1_13@b9p11p5617.cern.ch
	CondorScratchDir = "/pool/condor/dir_151129"
	Cpus = 12
	Disk = 2857666
	Memory = 24000
...
006 (10261767.2203.000) 07/25 14:29:56 Image size of job updated: 171908
	18  -  MemoryUsage of job (MB)
	17660  -  ResidentSetSize of job (KB)
...
040 (10261767.2203.000) 07/25 14:29:56 Started transferring output files
...
040 (10261767.2203.000) 07/25 14:29:56 Finished transferring output files
...
005 (10261767.2203.000) 07/25 14:29:56 Job terminated.
	(1) Normal termination (return value 0)
		Usr 0 00:00:04, Sys 0 00:00:00  -  Run Remote Usage
		Usr 0 00:00:00, Sys 0 00:00:00  -  Run Local Usage
		Usr 0 00:00:04, Sys 0 00:00:00  -  Total Remote Usage
		Usr 0 00:00:00, Sys 0 00:00:00  -  Total Local Usage
	6676  -  Run Bytes Sent By Job
	409597  -  Run Bytes Received By Job
	6676  -  Total Bytes Sent By Job
	409597  -  Total Bytes Received By Job
	Partitionable Resources :    Usage  Request Allocated 
	   Cpus                 :        0       12        12 
	   Disk (KB)            :      428      425   2857666 
	   Memory (MB)          :       18    24000     24000 

	Job terminated of its own accord at 2024-07-25T12:29:56Z with exit-code 0.
...
000 (10284266.2203.000) 08/02 15:46:12 Job submitted from host: <188.185.114.121:9618?addrs=188.185.114.121-9618+[2001-1458-d00-a--100-273]-9618&alias=bigbird19.cern.ch&noUDP&sock=schedd_4961_696e>
...
009 (10284266.2203.000) 08/02 15:49:31 Job was aborted.
	via condor_rm (by user yelberke)
...
000 (10284267.2203.000) 08/02 15:49:55 Job submitted from host: <188.185.114.121:9618?addrs=188.185.114.121-9618+[2001-1458-d00-a--100-273]-9618&alias=bigbird19.cern.ch&noUDP&sock=schedd_4961_696e>
...
040 (10284267.2203.000) 08/02 16:41:15 Started transferring input files
	Transferring to host: <188.185.208.15:9618?addrs=188.185.208.15-9618+[2001-1458-303-f--100-c]-9618&alias=b9p09p9130.cern.ch&noUDP&sock=slot1_4_5425_2736_155589>
...
040 (10284267.2203.000) 08/02 16:41:15 Finished transferring input files
...
001 (10284267.2203.000) 08/02 16:41:16 Job executing on host: <188.185.208.15:9618?addrs=188.185.208.15-9618+[2001-1458-303-f--100-c]-9618&alias=b9p09p9130.cern.ch&noUDP&sock=startd_4457_b5b2>
	SlotName: slot1_4@b9p09p9130.cern.ch
	CondorScratchDir = "/pool/condor/dir_747887"
	Cpus = 12
	Disk = 2647783
	Memory = 24000
...
006 (10284267.2203.000) 08/02 16:41:18 Image size of job updated: 325584
	4  -  MemoryUsage of job (MB)
	3688  -  ResidentSetSize of job (KB)
...
040 (10284267.2203.000) 08/02 16:41:18 Started transferring output files
...
040 (10284267.2203.000) 08/02 16:41:18 Finished transferring output files
...
005 (10284267.2203.000) 08/02 16:41:18 Job terminated.
	(1) Normal termination (return value 139)
		Usr 0 00:00:01, Sys 0 00:00:00  -  Run Remote Usage
		Usr 0 00:00:00, Sys 0 00:00:00  -  Run Local Usage
		Usr 0 00:00:01, Sys 0 00:00:00  -  Total Remote Usage
		Usr 0 00:00:00, Sys 0 00:00:00  -  Total Local Usage
	7696  -  Run Bytes Sent By Job
	409597  -  Run Bytes Received By Job
	7696  -  Total Bytes Sent By Job
	409597  -  Total Bytes Received By Job
	Partitionable Resources :    Usage  Request Allocated 
	   Cpus                 :        0       12        12 
	   Disk (KB)            :      430      425   2647783 
	   Memory (MB)          :        4    24000     24000 

	Job terminated of its own accord at 2024-08-02T14:41:18Z with exit-code 139.
...
