000 (10252905.2293.000) 07/24 16:13:18 Job submitted from host: <188.185.114.121:9618?addrs=188.185.114.121-9618+[2001-1458-d00-a--100-273]-9618&alias=bigbird19.cern.ch&noUDP&sock=schedd_4961_696e>
...
009 (10252905.2293.000) 07/24 16:14:49 Job was aborted.
	via condor_rm (by user yelberke)
...
000 (10252906.2293.000) 07/24 16:15:38 Job submitted from host: <188.185.114.121:9618?addrs=188.185.114.121-9618+[2001-1458-d00-a--100-273]-9618&alias=bigbird19.cern.ch&noUDP&sock=schedd_4961_696e>
...
000 (10252907.2293.000) 07/24 16:17:32 Job submitted from host: <188.185.114.121:9618?addrs=188.185.114.121-9618+[2001-1458-d00-a--100-273]-9618&alias=bigbird19.cern.ch&noUDP&sock=schedd_4961_696e>
...
000 (10252908.2293.000) 07/24 16:18:05 Job submitted from host: <188.185.114.121:9618?addrs=188.185.114.121-9618+[2001-1458-d00-a--100-273]-9618&alias=bigbird19.cern.ch&noUDP&sock=schedd_4961_696e>
...
000 (10252909.2293.000) 07/24 16:18:41 Job submitted from host: <188.185.114.121:9618?addrs=188.185.114.121-9618+[2001-1458-d00-a--100-273]-9618&alias=bigbird19.cern.ch&noUDP&sock=schedd_4961_696e>
...
040 (10252906.2293.000) 07/24 16:33:35 Started transferring input files
	Transferring to host: <128.142.248.164:9618?addrs=128.142.248.164-9618+[2001-1458-301-73--100-a3]-9618&alias=b9g23p1155.cern.ch&noUDP&sock=slot1_13_2816278_5f94_36604>
...
040 (10252906.2293.000) 07/24 16:33:35 Finished transferring input files
...
001 (10252906.2293.000) 07/24 16:33:36 Job executing on host: <128.142.248.164:9618?addrs=128.142.248.164-9618+[2001-1458-301-73--100-a3]-9618&alias=b9g23p1155.cern.ch&noUDP&sock=startd_8091_54dc>
	SlotName: slot1_13@b9g23p1155.cern.ch
	CondorScratchDir = "/pool/condor/dir_3393957"
	Cpus = 8
	Disk = 3026664
	Memory = 16000
...
006 (10252906.2293.000) 07/24 16:33:44 Image size of job updated: 156172
	7  -  MemoryUsage of job (MB)
	6612  -  ResidentSetSize of job (KB)
...
040 (10252906.2293.000) 07/24 16:33:44 Started transferring output files
...
040 (10252906.2293.000) 07/24 16:33:44 Finished transferring output files
...
005 (10252906.2293.000) 07/24 16:33:44 Job terminated.
	(1) Normal termination (return value 0)
		Usr 0 00:00:07, Sys 0 00:00:00  -  Run Remote Usage
		Usr 0 00:00:00, Sys 0 00:00:00  -  Run Local Usage
		Usr 0 00:00:07, Sys 0 00:00:00  -  Total Remote Usage
		Usr 0 00:00:00, Sys 0 00:00:00  -  Total Local Usage
	6204  -  Run Bytes Sent By Job
	409597  -  Run Bytes Received By Job
	6204  -  Total Bytes Sent By Job
	409597  -  Total Bytes Received By Job
	Partitionable Resources :    Usage  Request Allocated 
	   Cpus                 :        0        8         8 
	   Disk (KB)            :      428      425   3026664 
	   Memory (MB)          :        7    16000     16000 

	Job terminated of its own accord at 2024-07-24T14:33:44Z with exit-code 0.
...
040 (10252907.2293.000) 07/24 18:01:17 Started transferring input files
	Transferring to host: <188.185.208.63:9618?addrs=188.185.208.63-9618+[2001-1458-303-f--100-3c]-9618&alias=b9p09p5455.cern.ch&noUDP&sock=slot1_23_8446_b891_144730>
...
040 (10252907.2293.000) 07/24 18:01:17 Finished transferring input files
...
001 (10252907.2293.000) 07/24 18:01:18 Job executing on host: <188.185.208.63:9618?addrs=188.185.208.63-9618+[2001-1458-303-f--100-3c]-9618&alias=b9p09p5455.cern.ch&noUDP&sock=startd_7144_c4ac>
	SlotName: slot1_23@b9p09p5455.cern.ch
	CondorScratchDir = "/pool/condor/dir_3640023"
	Cpus = 8
	Disk = 2800142
	Memory = 16000
...
006 (10252907.2293.000) 07/24 18:01:22 Image size of job updated: 161288
	9  -  MemoryUsage of job (MB)
	8356  -  ResidentSetSize of job (KB)
...
040 (10252907.2293.000) 07/24 18:01:22 Started transferring output files
...
040 (10252907.2293.000) 07/24 18:01:22 Finished transferring output files
...
005 (10252907.2293.000) 07/24 18:01:22 Job terminated.
	(1) Normal termination (return value 0)
		Usr 0 00:00:03, Sys 0 00:00:00  -  Run Remote Usage
		Usr 0 00:00:00, Sys 0 00:00:00  -  Run Local Usage
		Usr 0 00:00:03, Sys 0 00:00:00  -  Total Remote Usage
		Usr 0 00:00:00, Sys 0 00:00:00  -  Total Local Usage
	6204  -  Run Bytes Sent By Job
	409597  -  Run Bytes Received By Job
	6204  -  Total Bytes Sent By Job
	409597  -  Total Bytes Received By Job
	Partitionable Resources :    Usage  Request Allocated 
	   Cpus                 :        0        8         8 
	   Disk (KB)            :      427      425   2800142 
	   Memory (MB)          :        9    16000     16000 

	Job terminated of its own accord at 2024-07-24T16:01:22Z with exit-code 0.
...
040 (10252908.2293.000) 07/24 19:05:37 Started transferring input files
	Transferring to host: <188.185.209.47:9618?addrs=188.185.209.47-9618+[2001-1458-303-11--100-2c]-9618&alias=b9p11p0303.cern.ch&noUDP&sock=slot1_1_5965_a1cc_143723>
...
040 (10252908.2293.000) 07/24 19:05:37 Finished transferring input files
...
001 (10252908.2293.000) 07/24 19:05:38 Job executing on host: <188.185.209.47:9618?addrs=188.185.209.47-9618+[2001-1458-303-11--100-2c]-9618&alias=b9p11p0303.cern.ch&noUDP&sock=startd_4915_dc12>
	SlotName: slot1_1@b9p11p0303.cern.ch
	CondorScratchDir = "/pool/condor/dir_519370"
	Cpus = 8
	Disk = 2834126
	Memory = 16000
...
006 (10252908.2293.000) 07/24 19:05:44 Image size of job updated: 159940
	8  -  MemoryUsage of job (MB)
	7376  -  ResidentSetSize of job (KB)
...
040 (10252908.2293.000) 07/24 19:05:44 Started transferring output files
...
040 (10252908.2293.000) 07/24 19:05:44 Finished transferring output files
...
005 (10252908.2293.000) 07/24 19:05:45 Job terminated.
	(1) Normal termination (return value 0)
		Usr 0 00:00:05, Sys 0 00:00:00  -  Run Remote Usage
		Usr 0 00:00:00, Sys 0 00:00:00  -  Run Local Usage
		Usr 0 00:00:05, Sys 0 00:00:00  -  Total Remote Usage
		Usr 0 00:00:00, Sys 0 00:00:00  -  Total Local Usage
	6204  -  Run Bytes Sent By Job
	409597  -  Run Bytes Received By Job
	6204  -  Total Bytes Sent By Job
	409597  -  Total Bytes Received By Job
	Partitionable Resources :    Usage  Request Allocated 
	   Cpus                 :        0        8         8 
	   Disk (KB)            :      428      425   2834126 
	   Memory (MB)          :        8    16000     16000 

	Job terminated of its own accord at 2024-07-24T17:05:44Z with exit-code 0.
...
040 (10252909.2293.000) 07/24 20:08:15 Started transferring input files
	Transferring to host: <188.185.206.175:9618?addrs=188.185.206.175-9618&alias=b9p06p7955.cern.ch&noUDP&sock=slot1_44_7362_f1e4_155062>
...
040 (10252909.2293.000) 07/24 20:08:15 Finished transferring input files
...
001 (10252909.2293.000) 07/24 20:08:16 Job executing on host: <188.185.206.175:9618?addrs=188.185.206.175-9618&alias=b9p06p7955.cern.ch&noUDP&sock=startd_7297_b6aa>
	SlotName: slot1_44@b9p06p7955.cern.ch
	CondorScratchDir = "/pool/condor/dir_713318"
	Cpus = 8
	Disk = 2783416
	Memory = 16000
...
006 (10252909.2293.000) 07/24 20:08:20 Image size of job updated: 157296
	7  -  MemoryUsage of job (MB)
	6896  -  ResidentSetSize of job (KB)
...
040 (10252909.2293.000) 07/24 20:08:20 Started transferring output files
...
040 (10252909.2293.000) 07/24 20:08:20 Finished transferring output files
...
005 (10252909.2293.000) 07/24 20:08:20 Job terminated.
	(1) Normal termination (return value 0)
		Usr 0 00:00:03, Sys 0 00:00:00  -  Run Remote Usage
		Usr 0 00:00:00, Sys 0 00:00:00  -  Run Local Usage
		Usr 0 00:00:03, Sys 0 00:00:00  -  Total Remote Usage
		Usr 0 00:00:00, Sys 0 00:00:00  -  Total Local Usage
	6204  -  Run Bytes Sent By Job
	409597  -  Run Bytes Received By Job
	6204  -  Total Bytes Sent By Job
	409597  -  Total Bytes Received By Job
	Partitionable Resources :    Usage  Request Allocated 
	   Cpus                 :        0        8         8 
	   Disk (KB)            :      426      425   2783416 
	   Memory (MB)          :        7    16000     16000 

	Job terminated of its own accord at 2024-07-24T18:08:20Z with exit-code 0.
...
000 (10261715.2293.000) 07/25 13:02:26 Job submitted from host: <188.185.114.121:9618?addrs=188.185.114.121-9618+[2001-1458-d00-a--100-273]-9618&alias=bigbird19.cern.ch&noUDP&sock=schedd_4961_696e>
...
009 (10261715.2293.000) 07/25 13:06:51 Job was aborted.
	via condor_rm (by user yelberke)
...
000 (10261767.2293.000) 07/25 13:20:30 Job submitted from host: <188.185.114.121:9618?addrs=188.185.114.121-9618+[2001-1458-d00-a--100-273]-9618&alias=bigbird19.cern.ch&noUDP&sock=schedd_4961_696e>
...
040 (10261767.2293.000) 07/25 14:30:19 Started transferring input files
	Transferring to host: <188.185.209.35:9618?addrs=188.185.209.35-9618+[2001-1458-303-11--100-20]-9618&alias=b9p11p8066.cern.ch&noUDP&sock=slot1_10_4904_0fc0_145084>
...
040 (10261767.2293.000) 07/25 14:30:19 Finished transferring input files
...
001 (10261767.2293.000) 07/25 14:30:20 Job executing on host: <188.185.209.35:9618?addrs=188.185.209.35-9618+[2001-1458-303-11--100-20]-9618&alias=b9p11p8066.cern.ch&noUDP&sock=startd_4188_32b8>
	SlotName: slot1_10@b9p11p8066.cern.ch
	CondorScratchDir = "/pool/condor/dir_1512239"
	Cpus = 12
	Disk = 2690147
	Memory = 24000
...
006 (10261767.2293.000) 07/25 14:30:25 Image size of job updated: 160668
	7  -  MemoryUsage of job (MB)
	6648  -  ResidentSetSize of job (KB)
...
040 (10261767.2293.000) 07/25 14:30:25 Started transferring output files
...
040 (10261767.2293.000) 07/25 14:30:25 Finished transferring output files
...
005 (10261767.2293.000) 07/25 14:30:25 Job terminated.
	(1) Normal termination (return value 0)
		Usr 0 00:00:04, Sys 0 00:00:00  -  Run Remote Usage
		Usr 0 00:00:00, Sys 0 00:00:00  -  Run Local Usage
		Usr 0 00:00:04, Sys 0 00:00:00  -  Total Remote Usage
		Usr 0 00:00:00, Sys 0 00:00:00  -  Total Local Usage
	6676  -  Run Bytes Sent By Job
	409597  -  Run Bytes Received By Job
	6676  -  Total Bytes Sent By Job
	409597  -  Total Bytes Received By Job
	Partitionable Resources :    Usage  Request Allocated 
	   Cpus                 :        0       12        12 
	   Disk (KB)            :      428      425   2690147 
	   Memory (MB)          :        7    24000     24000 

	Job terminated of its own accord at 2024-07-25T12:30:25Z with exit-code 0.
...
000 (10284266.2293.000) 08/02 15:46:14 Job submitted from host: <188.185.114.121:9618?addrs=188.185.114.121-9618+[2001-1458-d00-a--100-273]-9618&alias=bigbird19.cern.ch&noUDP&sock=schedd_4961_696e>
...
009 (10284266.2293.000) 08/02 15:49:32 Job was aborted.
	via condor_rm (by user yelberke)
...
000 (10284267.2293.000) 08/02 15:49:55 Job submitted from host: <188.185.114.121:9618?addrs=188.185.114.121-9618+[2001-1458-d00-a--100-273]-9618&alias=bigbird19.cern.ch&noUDP&sock=schedd_4961_696e>
...
040 (10284267.2293.000) 08/02 16:41:47 Started transferring input files
	Transferring to host: <128.142.51.215:9618?addrs=128.142.51.215-9618+[2001-1458-301-3--100-14]-9618&alias=b9g02p1339.cern.ch&noUDP&sock=slot1_1_2700322_e1a9_122>
...
040 (10284267.2293.000) 08/02 16:41:47 Finished transferring input files
...
001 (10284267.2293.000) 08/02 16:41:48 Job executing on host: <128.142.51.215:9618?addrs=128.142.51.215-9618+[2001-1458-301-3--100-14]-9618&alias=b9g02p1339.cern.ch&noUDP&sock=startd_5196_9a2f>
	SlotName: slot1_1@b9g02p1339.cern.ch
	CondorScratchDir = "/pool/condor/dir_2732544"
	Cpus = 12
	Disk = 3134917
	Memory = 24000
...
006 (10284267.2293.000) 08/02 16:41:50 Image size of job updated: 322236
	5  -  MemoryUsage of job (MB)
	4984  -  ResidentSetSize of job (KB)
...
040 (10284267.2293.000) 08/02 16:41:50 Started transferring output files
...
040 (10284267.2293.000) 08/02 16:41:50 Finished transferring output files
...
005 (10284267.2293.000) 08/02 16:41:50 Job terminated.
	(1) Normal termination (return value 139)
		Usr 0 00:00:02, Sys 0 00:00:00  -  Run Remote Usage
		Usr 0 00:00:00, Sys 0 00:00:00  -  Run Local Usage
		Usr 0 00:00:02, Sys 0 00:00:00  -  Total Remote Usage
		Usr 0 00:00:00, Sys 0 00:00:00  -  Total Local Usage
	7992  -  Run Bytes Sent By Job
	409597  -  Run Bytes Received By Job
	7992  -  Total Bytes Sent By Job
	409597  -  Total Bytes Received By Job
	Partitionable Resources :    Usage  Request Allocated 
	   Cpus                 :        0       12        12 
	   Disk (KB)            :      430      425   3134917 
	   Memory (MB)          :        5    24000     24000 

	Job terminated of its own accord at 2024-08-02T14:41:50Z with exit-code 139.
...
