000 (10252905.2374.000) 07/24 16:13:18 Job submitted from host: <188.185.114.121:9618?addrs=188.185.114.121-9618+[2001-1458-d00-a--100-273]-9618&alias=bigbird19.cern.ch&noUDP&sock=schedd_4961_696e>
...
009 (10252905.2374.000) 07/24 16:14:49 Job was aborted.
	via condor_rm (by user yelberke)
...
000 (10252906.2374.000) 07/24 16:15:38 Job submitted from host: <188.185.114.121:9618?addrs=188.185.114.121-9618+[2001-1458-d00-a--100-273]-9618&alias=bigbird19.cern.ch&noUDP&sock=schedd_4961_696e>
...
000 (10252907.2374.000) 07/24 16:17:32 Job submitted from host: <188.185.114.121:9618?addrs=188.185.114.121-9618+[2001-1458-d00-a--100-273]-9618&alias=bigbird19.cern.ch&noUDP&sock=schedd_4961_696e>
...
000 (10252908.2374.000) 07/24 16:18:05 Job submitted from host: <188.185.114.121:9618?addrs=188.185.114.121-9618+[2001-1458-d00-a--100-273]-9618&alias=bigbird19.cern.ch&noUDP&sock=schedd_4961_696e>
...
000 (10252909.2374.000) 07/24 16:18:41 Job submitted from host: <188.185.114.121:9618?addrs=188.185.114.121-9618+[2001-1458-d00-a--100-273]-9618&alias=bigbird19.cern.ch&noUDP&sock=schedd_4961_696e>
...
040 (10252906.2374.000) 07/24 16:34:03 Started transferring input files
	Transferring to host: <188.185.206.198:9618?addrs=188.185.206.198-9618&alias=b9p06p1091.cern.ch&noUDP&sock=slot1_21_6054_572f_149615>
...
040 (10252906.2374.000) 07/24 16:34:03 Finished transferring input files
...
001 (10252906.2374.000) 07/24 16:34:04 Job executing on host: <188.185.206.198:9618?addrs=188.185.206.198-9618&alias=b9p06p1091.cern.ch&noUDP&sock=startd_5659_2e89>
	SlotName: slot1_21@b9p06p1091.cern.ch
	CondorScratchDir = "/pool/condor/dir_476646"
	Cpus = 8
	Disk = 2651944
	Memory = 16000
...
006 (10252906.2374.000) 07/24 16:34:12 Image size of job updated: 185268
	30  -  MemoryUsage of job (MB)
	30352  -  ResidentSetSize of job (KB)
...
040 (10252906.2374.000) 07/24 16:34:12 Started transferring output files
...
040 (10252906.2374.000) 07/24 16:34:12 Finished transferring output files
...
005 (10252906.2374.000) 07/24 16:34:12 Job terminated.
	(1) Normal termination (return value 0)
		Usr 0 00:00:05, Sys 0 00:00:00  -  Run Remote Usage
		Usr 0 00:00:00, Sys 0 00:00:00  -  Run Local Usage
		Usr 0 00:00:05, Sys 0 00:00:00  -  Total Remote Usage
		Usr 0 00:00:00, Sys 0 00:00:00  -  Total Local Usage
	6204  -  Run Bytes Sent By Job
	409597  -  Run Bytes Received By Job
	6204  -  Total Bytes Sent By Job
	409597  -  Total Bytes Received By Job
	Partitionable Resources :    Usage  Request Allocated 
	   Cpus                 :        0        8         8 
	   Disk (KB)            :      428      425   2651944 
	   Memory (MB)          :       30    16000     16000 

	Job terminated of its own accord at 2024-07-24T14:34:12Z with exit-code 0.
...
040 (10252907.2374.000) 07/24 18:01:46 Started transferring input files
	Transferring to host: <188.185.209.147:9618?addrs=188.185.209.147-9618+[2001-1458-303-12--100-10]-9618&alias=b9p12p6312.cern.ch&noUDP&sock=slot1_12_125263_dd7f_145302>
...
040 (10252907.2374.000) 07/24 18:01:46 Finished transferring input files
...
001 (10252907.2374.000) 07/24 18:01:47 Job executing on host: <188.185.209.147:9618?addrs=188.185.209.147-9618+[2001-1458-303-12--100-10]-9618&alias=b9p12p6312.cern.ch&noUDP&sock=startd_115713_1266>
	SlotName: slot1_12@b9p12p6312.cern.ch
	CondorScratchDir = "/pool/condor/dir_3771973"
	Cpus = 8
	Disk = 2754570
	Memory = 16000
...
006 (10252907.2374.000) 07/24 18:01:51 Image size of job updated: 164348
	12  -  MemoryUsage of job (MB)
	11324  -  ResidentSetSize of job (KB)
...
040 (10252907.2374.000) 07/24 18:01:51 Started transferring output files
...
040 (10252907.2374.000) 07/24 18:01:51 Finished transferring output files
...
005 (10252907.2374.000) 07/24 18:01:51 Job terminated.
	(1) Normal termination (return value 0)
		Usr 0 00:00:03, Sys 0 00:00:00  -  Run Remote Usage
		Usr 0 00:00:00, Sys 0 00:00:00  -  Run Local Usage
		Usr 0 00:00:03, Sys 0 00:00:00  -  Total Remote Usage
		Usr 0 00:00:00, Sys 0 00:00:00  -  Total Local Usage
	6204  -  Run Bytes Sent By Job
	409597  -  Run Bytes Received By Job
	6204  -  Total Bytes Sent By Job
	409597  -  Total Bytes Received By Job
	Partitionable Resources :    Usage  Request Allocated 
	   Cpus                 :        0        8         8 
	   Disk (KB)            :      427      425   2754570 
	   Memory (MB)          :       12    16000     16000 

	Job terminated of its own accord at 2024-07-24T16:01:51Z with exit-code 0.
...
040 (10252908.2374.000) 07/24 19:06:04 Started transferring input files
	Transferring to host: <188.185.204.253:9618?addrs=188.185.204.253-9618+[2001-1458-303-8--100-7a]-9618&alias=b9p02p8717.cern.ch&noUDP&sock=slot1_21_7342_da64_154127>
...
040 (10252908.2374.000) 07/24 19:06:04 Finished transferring input files
...
001 (10252908.2374.000) 07/24 19:06:05 Job executing on host: <188.185.204.253:9618?addrs=188.185.204.253-9618+[2001-1458-303-8--100-7a]-9618&alias=b9p02p8717.cern.ch&noUDP&sock=startd_7272_90cc>
	SlotName: slot1_21@b9p02p8717.cern.ch
	CondorScratchDir = "/pool/condor/dir_3171825"
	Cpus = 8
	Disk = 2778831
	Memory = 16000
...
006 (10252908.2374.000) 07/24 19:06:10 Image size of job updated: 159452
	8  -  MemoryUsage of job (MB)
	7636  -  ResidentSetSize of job (KB)
...
040 (10252908.2374.000) 07/24 19:06:10 Started transferring output files
...
040 (10252908.2374.000) 07/24 19:06:10 Finished transferring output files
...
005 (10252908.2374.000) 07/24 19:06:10 Job terminated.
	(1) Normal termination (return value 0)
		Usr 0 00:00:03, Sys 0 00:00:00  -  Run Remote Usage
		Usr 0 00:00:00, Sys 0 00:00:00  -  Run Local Usage
		Usr 0 00:00:03, Sys 0 00:00:00  -  Total Remote Usage
		Usr 0 00:00:00, Sys 0 00:00:00  -  Total Local Usage
	6204  -  Run Bytes Sent By Job
	409597  -  Run Bytes Received By Job
	6204  -  Total Bytes Sent By Job
	409597  -  Total Bytes Received By Job
	Partitionable Resources :    Usage  Request Allocated 
	   Cpus                 :        0        8         8 
	   Disk (KB)            :      428      425   2778831 
	   Memory (MB)          :        8    16000     16000 

	Job terminated of its own accord at 2024-07-24T17:06:10Z with exit-code 0.
...
040 (10252909.2374.000) 07/24 20:08:45 Started transferring input files
	Transferring to host: <128.142.248.197:9618?addrs=128.142.248.197-9618+[2001-1458-301-73--100-c4]-9618&alias=b9g23p2961.cern.ch&noUDP&sock=slot1_8_1510901_2fd9_41>
...
040 (10252909.2374.000) 07/24 20:08:45 Finished transferring input files
...
001 (10252909.2374.000) 07/24 20:08:46 Job executing on host: <128.142.248.197:9618?addrs=128.142.248.197-9618+[2001-1458-301-73--100-c4]-9618&alias=b9g23p2961.cern.ch&noUDP&sock=startd_5338_00a2>
	SlotName: slot1_8@b9g23p2961.cern.ch
	CondorScratchDir = "/pool/condor/dir_1514663"
	Cpus = 8
	Disk = 3038826
	Memory = 16000
...
006 (10252909.2374.000) 07/24 20:08:54 Image size of job updated: 1
	0  -  MemoryUsage of job (MB)
	0  -  ResidentSetSize of job (KB)
...
006 (10252909.2374.000) 07/24 20:09:16 Image size of job updated: 158644
	8  -  MemoryUsage of job (MB)
	7960  -  ResidentSetSize of job (KB)
...
040 (10252909.2374.000) 07/24 20:09:16 Started transferring output files
...
040 (10252909.2374.000) 07/24 20:09:16 Finished transferring output files
...
005 (10252909.2374.000) 07/24 20:09:16 Job terminated.
	(1) Normal termination (return value 0)
		Usr 0 00:00:04, Sys 0 00:00:00  -  Run Remote Usage
		Usr 0 00:00:00, Sys 0 00:00:00  -  Run Local Usage
		Usr 0 00:00:04, Sys 0 00:00:00  -  Total Remote Usage
		Usr 0 00:00:00, Sys 0 00:00:00  -  Total Local Usage
	6204  -  Run Bytes Sent By Job
	409597  -  Run Bytes Received By Job
	6204  -  Total Bytes Sent By Job
	409597  -  Total Bytes Received By Job
	Partitionable Resources :    Usage  Request Allocated 
	   Cpus                 :                 8         8 
	   Disk (KB)            :      420      425   3038826 
	   Memory (MB)          :        8    16000     16000 

	Job terminated of its own accord at 2024-07-24T18:09:16Z with exit-code 0.
...
000 (10261715.2374.000) 07/25 13:02:27 Job submitted from host: <188.185.114.121:9618?addrs=188.185.114.121-9618+[2001-1458-d00-a--100-273]-9618&alias=bigbird19.cern.ch&noUDP&sock=schedd_4961_696e>
...
009 (10261715.2374.000) 07/25 13:06:52 Job was aborted.
	via condor_rm (by user yelberke)
...
000 (10261767.2374.000) 07/25 13:20:31 Job submitted from host: <188.185.114.121:9618?addrs=188.185.114.121-9618+[2001-1458-d00-a--100-273]-9618&alias=bigbird19.cern.ch&noUDP&sock=schedd_4961_696e>
...
040 (10261767.2374.000) 07/25 14:30:50 Started transferring input files
	Transferring to host: <188.185.209.214:9618?addrs=188.185.209.214-9618+[2001-1458-303-12--100-53]-9618&alias=b9p12p0096.cern.ch&noUDP&sock=slot1_5_6886_8f51_144739>
...
040 (10261767.2374.000) 07/25 14:30:50 Finished transferring input files
...
001 (10261767.2374.000) 07/25 14:30:51 Job executing on host: <188.185.209.214:9618?addrs=188.185.209.214-9618+[2001-1458-303-12--100-53]-9618&alias=b9p12p0096.cern.ch&noUDP&sock=startd_5534_7132>
	SlotName: slot1_5@b9p12p0096.cern.ch
	CondorScratchDir = "/pool/condor/dir_1177008"
	Cpus = 12
	Disk = 2595010
	Memory = 24000
...
006 (10261767.2374.000) 07/25 14:30:57 Image size of job updated: 159600
	7  -  MemoryUsage of job (MB)
	6336  -  ResidentSetSize of job (KB)
...
040 (10261767.2374.000) 07/25 14:30:57 Started transferring output files
...
040 (10261767.2374.000) 07/25 14:30:57 Finished transferring output files
...
005 (10261767.2374.000) 07/25 14:30:57 Job terminated.
	(1) Normal termination (return value 0)
		Usr 0 00:00:04, Sys 0 00:00:00  -  Run Remote Usage
		Usr 0 00:00:00, Sys 0 00:00:00  -  Run Local Usage
		Usr 0 00:00:04, Sys 0 00:00:00  -  Total Remote Usage
		Usr 0 00:00:00, Sys 0 00:00:00  -  Total Local Usage
	6676  -  Run Bytes Sent By Job
	409597  -  Run Bytes Received By Job
	6676  -  Total Bytes Sent By Job
	409597  -  Total Bytes Received By Job
	Partitionable Resources :    Usage  Request Allocated 
	   Cpus                 :        0       12        12 
	   Disk (KB)            :      429      425   2595010 
	   Memory (MB)          :        7    24000     24000 

	Job terminated of its own accord at 2024-07-25T12:30:57Z with exit-code 0.
...
000 (10284266.2374.000) 08/02 15:46:16 Job submitted from host: <188.185.114.121:9618?addrs=188.185.114.121-9618+[2001-1458-d00-a--100-273]-9618&alias=bigbird19.cern.ch&noUDP&sock=schedd_4961_696e>
...
009 (10284266.2374.000) 08/02 15:49:33 Job was aborted.
	via condor_rm (by user yelberke)
...
000 (10284267.2374.000) 08/02 15:49:55 Job submitted from host: <188.185.114.121:9618?addrs=188.185.114.121-9618+[2001-1458-d00-a--100-273]-9618&alias=bigbird19.cern.ch&noUDP&sock=schedd_4961_696e>
...
040 (10284267.2374.000) 08/02 16:42:12 Started transferring input files
	Transferring to host: <188.185.192.29:9618?addrs=188.185.192.29-9618+[2001-1458-303-1f--100-19]-9618&alias=b9p13p1663.cern.ch&noUDP&sock=slot1_1_610342_e72c_118>
...
040 (10284267.2374.000) 08/02 16:42:12 Finished transferring input files
...
001 (10284267.2374.000) 08/02 16:42:13 Job executing on host: <188.185.192.29:9618?addrs=188.185.192.29-9618+[2001-1458-303-1f--100-19]-9618&alias=b9p13p1663.cern.ch&noUDP&sock=startd_128315_fee5>
	SlotName: slot1_1@b9p13p1663.cern.ch
	CondorScratchDir = "/pool/condor/dir_641413"
	Cpus = 12
	Disk = 3113893
	Memory = 24000
...
006 (10284267.2374.000) 08/02 16:42:21 Image size of job updated: 1
	0  -  MemoryUsage of job (MB)
	0  -  ResidentSetSize of job (KB)
...
006 (10284267.2374.000) 08/02 16:42:40 Image size of job updated: 319944
	3  -  MemoryUsage of job (MB)
	2792  -  ResidentSetSize of job (KB)
...
040 (10284267.2374.000) 08/02 16:42:40 Started transferring output files
...
040 (10284267.2374.000) 08/02 16:42:40 Finished transferring output files
...
005 (10284267.2374.000) 08/02 16:42:40 Job terminated.
	(1) Normal termination (return value 139)
		Usr 0 00:00:02, Sys 0 00:00:00  -  Run Remote Usage
		Usr 0 00:00:00, Sys 0 00:00:00  -  Run Local Usage
		Usr 0 00:00:02, Sys 0 00:00:00  -  Total Remote Usage
		Usr 0 00:00:00, Sys 0 00:00:00  -  Total Local Usage
	7696  -  Run Bytes Sent By Job
	409597  -  Run Bytes Received By Job
	7696  -  Total Bytes Sent By Job
	409597  -  Total Bytes Received By Job
	Partitionable Resources :    Usage  Request Allocated 
	   Cpus                 :        0       12        12 
	   Disk (KB)            :      430      425   3113893 
	   Memory (MB)          :        3    24000     24000 

	Job terminated of its own accord at 2024-08-02T14:42:40Z with exit-code 139.
...
