000 (10252905.2415.000) 07/24 16:13:18 Job submitted from host: <188.185.114.121:9618?addrs=188.185.114.121-9618+[2001-1458-d00-a--100-273]-9618&alias=bigbird19.cern.ch&noUDP&sock=schedd_4961_696e>
...
009 (10252905.2415.000) 07/24 16:14:49 Job was aborted.
	via condor_rm (by user yelberke)
...
000 (10252906.2415.000) 07/24 16:15:38 Job submitted from host: <188.185.114.121:9618?addrs=188.185.114.121-9618+[2001-1458-d00-a--100-273]-9618&alias=bigbird19.cern.ch&noUDP&sock=schedd_4961_696e>
...
000 (10252907.2415.000) 07/24 16:17:32 Job submitted from host: <188.185.114.121:9618?addrs=188.185.114.121-9618+[2001-1458-d00-a--100-273]-9618&alias=bigbird19.cern.ch&noUDP&sock=schedd_4961_696e>
...
000 (10252908.2415.000) 07/24 16:18:05 Job submitted from host: <188.185.114.121:9618?addrs=188.185.114.121-9618+[2001-1458-d00-a--100-273]-9618&alias=bigbird19.cern.ch&noUDP&sock=schedd_4961_696e>
...
000 (10252909.2415.000) 07/24 16:18:41 Job submitted from host: <188.185.114.121:9618?addrs=188.185.114.121-9618+[2001-1458-d00-a--100-273]-9618&alias=bigbird19.cern.ch&noUDP&sock=schedd_4961_696e>
...
040 (10252906.2415.000) 07/24 16:34:14 Started transferring input files
	Transferring to host: <188.185.206.159:9618?addrs=188.185.206.159-9618&alias=b9p06p8389.cern.ch&noUDP&sock=slot1_26_6893_7df1_156627>
...
040 (10252906.2415.000) 07/24 16:34:14 Finished transferring input files
...
001 (10252906.2415.000) 07/24 16:34:15 Job executing on host: <188.185.206.159:9618?addrs=188.185.206.159-9618&alias=b9p06p8389.cern.ch&noUDP&sock=startd_6779_689b>
	SlotName: slot1_26@b9p06p8389.cern.ch
	CondorScratchDir = "/pool/condor/dir_1775339"
	Cpus = 8
	Disk = 2232254
	Memory = 16000
...
006 (10252906.2415.000) 07/24 16:34:22 Image size of job updated: 165200
	11  -  MemoryUsage of job (MB)
	10888  -  ResidentSetSize of job (KB)
...
040 (10252906.2415.000) 07/24 16:34:22 Started transferring output files
...
040 (10252906.2415.000) 07/24 16:34:22 Finished transferring output files
...
005 (10252906.2415.000) 07/24 16:34:22 Job terminated.
	(1) Normal termination (return value 0)
		Usr 0 00:00:03, Sys 0 00:00:00  -  Run Remote Usage
		Usr 0 00:00:00, Sys 0 00:00:00  -  Run Local Usage
		Usr 0 00:00:03, Sys 0 00:00:00  -  Total Remote Usage
		Usr 0 00:00:00, Sys 0 00:00:00  -  Total Local Usage
	6204  -  Run Bytes Sent By Job
	409597  -  Run Bytes Received By Job
	6204  -  Total Bytes Sent By Job
	409597  -  Total Bytes Received By Job
	Partitionable Resources :    Usage  Request Allocated 
	   Cpus                 :        0        8         8 
	   Disk (KB)            :      428      425   2232254 
	   Memory (MB)          :       11    16000     16000 

	Job terminated of its own accord at 2024-07-24T14:34:22Z with exit-code 0.
...
040 (10252907.2415.000) 07/24 18:02:01 Started transferring input files
	Transferring to host: <188.185.198.49:9618?addrs=188.185.198.49-9618+[2001-1458-303-25--100-2d]-9618&alias=b9p15p7424.cern.ch&noUDP&sock=slot1_1_3032006_43d9_7204>
...
040 (10252907.2415.000) 07/24 18:02:01 Finished transferring input files
...
001 (10252907.2415.000) 07/24 18:02:02 Job executing on host: <188.185.198.49:9618?addrs=188.185.198.49-9618+[2001-1458-303-25--100-2d]-9618&alias=b9p15p7424.cern.ch&noUDP&sock=startd_119890_257d>
	SlotName: slot1_1@b9p15p7424.cern.ch
	CondorScratchDir = "/pool/condor/dir_2893829"
	Cpus = 8
	Disk = 2940906
	Memory = 16000
...
006 (10252907.2415.000) 07/24 18:02:10 Image size of job updated: 392544
	384  -  MemoryUsage of job (MB)
	392292  -  ResidentSetSize of job (KB)
...
040 (10252907.2415.000) 07/24 18:02:10 Started transferring output files
...
040 (10252907.2415.000) 07/24 18:02:10 Finished transferring output files
...
005 (10252907.2415.000) 07/24 18:02:10 Job terminated.
	(1) Normal termination (return value 0)
		Usr 0 00:00:06, Sys 0 00:00:00  -  Run Remote Usage
		Usr 0 00:00:00, Sys 0 00:00:00  -  Run Local Usage
		Usr 0 00:00:06, Sys 0 00:00:00  -  Total Remote Usage
		Usr 0 00:00:00, Sys 0 00:00:00  -  Total Local Usage
	6204  -  Run Bytes Sent By Job
	409597  -  Run Bytes Received By Job
	6204  -  Total Bytes Sent By Job
	409597  -  Total Bytes Received By Job
	Partitionable Resources :    Usage  Request Allocated 
	   Cpus                 :        0        8         8 
	   Disk (KB)            :      427      425   2940906 
	   Memory (MB)          :      384    16000     16000 

	Job terminated of its own accord at 2024-07-24T16:02:10Z with exit-code 0.
...
040 (10252908.2415.000) 07/24 19:06:24 Started transferring input files
	Transferring to host: <188.185.205.168:9618?addrs=188.185.205.168-9618&alias=b9p04p2155.cern.ch&noUDP&sock=slot1_19_7133_97fb_155177>
...
040 (10252908.2415.000) 07/24 19:06:24 Finished transferring input files
...
001 (10252908.2415.000) 07/24 19:06:25 Job executing on host: <188.185.205.168:9618?addrs=188.185.205.168-9618&alias=b9p04p2155.cern.ch&noUDP&sock=startd_6985_b51d>
	SlotName: slot1_19@b9p04p2155.cern.ch
	CondorScratchDir = "/pool/condor/dir_1444701"
	Cpus = 8
	Disk = 2664355
	Memory = 16000
...
006 (10252908.2415.000) 07/24 19:06:30 Image size of job updated: 159336
	8  -  MemoryUsage of job (MB)
	7220  -  ResidentSetSize of job (KB)
...
040 (10252908.2415.000) 07/24 19:06:30 Started transferring output files
...
040 (10252908.2415.000) 07/24 19:06:30 Finished transferring output files
...
005 (10252908.2415.000) 07/24 19:06:30 Job terminated.
	(1) Normal termination (return value 0)
		Usr 0 00:00:04, Sys 0 00:00:00  -  Run Remote Usage
		Usr 0 00:00:00, Sys 0 00:00:00  -  Run Local Usage
		Usr 0 00:00:04, Sys 0 00:00:00  -  Total Remote Usage
		Usr 0 00:00:00, Sys 0 00:00:00  -  Total Local Usage
	6204  -  Run Bytes Sent By Job
	409597  -  Run Bytes Received By Job
	6204  -  Total Bytes Sent By Job
	409597  -  Total Bytes Received By Job
	Partitionable Resources :    Usage  Request Allocated 
	   Cpus                 :        0        8         8 
	   Disk (KB)            :      428      425   2664355 
	   Memory (MB)          :        8    16000     16000 

	Job terminated of its own accord at 2024-07-24T17:06:30Z with exit-code 0.
...
040 (10252909.2415.000) 07/24 20:09:27 Started transferring input files
	Transferring to host: <188.185.207.198:9618?addrs=188.185.207.198-9618+[2001-1458-303-e--100-43]-9618&alias=b9p08p3507.cern.ch&noUDP&sock=slot1_21_4228_c225_141983>
...
040 (10252909.2415.000) 07/24 20:09:27 Finished transferring input files
...
001 (10252909.2415.000) 07/24 20:09:28 Job executing on host: <188.185.207.198:9618?addrs=188.185.207.198-9618+[2001-1458-303-e--100-43]-9618&alias=b9p08p3507.cern.ch&noUDP&sock=startd_3653_3b8d>
	SlotName: slot1_21@b9p08p3507.cern.ch
	CondorScratchDir = "/pool/condor/dir_3826860"
	Cpus = 8
	Disk = 2686889
	Memory = 16000
...
006 (10252909.2415.000) 07/24 20:09:32 Image size of job updated: 150696
	3  -  MemoryUsage of job (MB)
	2668  -  ResidentSetSize of job (KB)
...
040 (10252909.2415.000) 07/24 20:09:32 Started transferring output files
...
040 (10252909.2415.000) 07/24 20:09:32 Finished transferring output files
...
005 (10252909.2415.000) 07/24 20:09:33 Job terminated.
	(1) Normal termination (return value 0)
		Usr 0 00:00:03, Sys 0 00:00:00  -  Run Remote Usage
		Usr 0 00:00:00, Sys 0 00:00:00  -  Run Local Usage
		Usr 0 00:00:03, Sys 0 00:00:00  -  Total Remote Usage
		Usr 0 00:00:00, Sys 0 00:00:00  -  Total Local Usage
	6204  -  Run Bytes Sent By Job
	409597  -  Run Bytes Received By Job
	6204  -  Total Bytes Sent By Job
	409597  -  Total Bytes Received By Job
	Partitionable Resources :    Usage  Request Allocated 
	   Cpus                 :        0        8         8 
	   Disk (KB)            :      428      425   2686889 
	   Memory (MB)          :        3    16000     16000 

	Job terminated of its own accord at 2024-07-24T18:09:32Z with exit-code 0.
...
000 (10261715.2415.000) 07/25 13:02:28 Job submitted from host: <188.185.114.121:9618?addrs=188.185.114.121-9618+[2001-1458-d00-a--100-273]-9618&alias=bigbird19.cern.ch&noUDP&sock=schedd_4961_696e>
...
009 (10261715.2415.000) 07/25 13:06:52 Job was aborted.
	via condor_rm (by user yelberke)
...
000 (10261767.2415.000) 07/25 13:20:31 Job submitted from host: <188.185.114.121:9618?addrs=188.185.114.121-9618+[2001-1458-d00-a--100-273]-9618&alias=bigbird19.cern.ch&noUDP&sock=schedd_4961_696e>
...
040 (10261767.2415.000) 07/25 14:31:04 Started transferring input files
	Transferring to host: <188.185.206.167:9618?addrs=188.185.206.167-9618&alias=b9p06p8662.cern.ch&noUDP&sock=slot1_5_7391_60c6_155183>
...
040 (10261767.2415.000) 07/25 14:31:04 Finished transferring input files
...
001 (10261767.2415.000) 07/25 14:31:05 Job executing on host: <188.185.206.167:9618?addrs=188.185.206.167-9618&alias=b9p06p8662.cern.ch&noUDP&sock=startd_7323_8c20>
	SlotName: slot1_5@b9p06p8662.cern.ch
	CondorScratchDir = "/pool/condor/dir_4118305"
	Cpus = 12
	Disk = 2910525
	Memory = 24000
...
006 (10261767.2415.000) 07/25 14:31:09 Image size of job updated: 161416
	7  -  MemoryUsage of job (MB)
	7044  -  ResidentSetSize of job (KB)
...
040 (10261767.2415.000) 07/25 14:31:09 Started transferring output files
...
040 (10261767.2415.000) 07/25 14:31:09 Finished transferring output files
...
005 (10261767.2415.000) 07/25 14:31:09 Job terminated.
	(1) Normal termination (return value 0)
		Usr 0 00:00:03, Sys 0 00:00:00  -  Run Remote Usage
		Usr 0 00:00:00, Sys 0 00:00:00  -  Run Local Usage
		Usr 0 00:00:03, Sys 0 00:00:00  -  Total Remote Usage
		Usr 0 00:00:00, Sys 0 00:00:00  -  Total Local Usage
	6676  -  Run Bytes Sent By Job
	409597  -  Run Bytes Received By Job
	6676  -  Total Bytes Sent By Job
	409597  -  Total Bytes Received By Job
	Partitionable Resources :    Usage  Request Allocated 
	   Cpus                 :        0       12        12 
	   Disk (KB)            :      428      425   2910525 
	   Memory (MB)          :        7    24000     24000 

	Job terminated of its own accord at 2024-07-25T12:31:09Z with exit-code 0.
...
000 (10284266.2415.000) 08/02 15:46:17 Job submitted from host: <188.185.114.121:9618?addrs=188.185.114.121-9618+[2001-1458-d00-a--100-273]-9618&alias=bigbird19.cern.ch&noUDP&sock=schedd_4961_696e>
...
009 (10284266.2415.000) 08/02 15:49:34 Job was aborted.
	via condor_rm (by user yelberke)
...
000 (10284267.2415.000) 08/02 15:49:55 Job submitted from host: <188.185.114.121:9618?addrs=188.185.114.121-9618+[2001-1458-d00-a--100-273]-9618&alias=bigbird19.cern.ch&noUDP&sock=schedd_4961_696e>
...
040 (10284267.2415.000) 08/02 16:42:49 Started transferring input files
	Transferring to host: <188.185.208.15:9618?addrs=188.185.208.15-9618+[2001-1458-303-f--100-c]-9618&alias=b9p09p9130.cern.ch&noUDP&sock=slot1_1_5425_2736_155594>
...
040 (10284267.2415.000) 08/02 16:42:49 Finished transferring input files
...
001 (10284267.2415.000) 08/02 16:42:50 Job executing on host: <188.185.208.15:9618?addrs=188.185.208.15-9618+[2001-1458-303-f--100-c]-9618&alias=b9p09p9130.cern.ch&noUDP&sock=startd_4457_b5b2>
	SlotName: slot1_1@b9p09p9130.cern.ch
	CondorScratchDir = "/pool/condor/dir_757366"
	Cpus = 12
	Disk = 2647629
	Memory = 24000
...
006 (10284267.2415.000) 08/02 16:42:52 Image size of job updated: 324276
	4  -  MemoryUsage of job (MB)
	3552  -  ResidentSetSize of job (KB)
...
040 (10284267.2415.000) 08/02 16:42:52 Started transferring output files
...
040 (10284267.2415.000) 08/02 16:42:52 Finished transferring output files
...
005 (10284267.2415.000) 08/02 16:42:52 Job terminated.
	(1) Normal termination (return value 139)
		Usr 0 00:00:01, Sys 0 00:00:00  -  Run Remote Usage
		Usr 0 00:00:00, Sys 0 00:00:00  -  Run Local Usage
		Usr 0 00:00:01, Sys 0 00:00:00  -  Total Remote Usage
		Usr 0 00:00:00, Sys 0 00:00:00  -  Total Local Usage
	7696  -  Run Bytes Sent By Job
	409597  -  Run Bytes Received By Job
	7696  -  Total Bytes Sent By Job
	409597  -  Total Bytes Received By Job
	Partitionable Resources :    Usage  Request Allocated 
	   Cpus                 :        0       12        12 
	   Disk (KB)            :      429      425   2647629 
	   Memory (MB)          :        4    24000     24000 

	Job terminated of its own accord at 2024-08-02T14:42:52Z with exit-code 139.
...
