000 (10252905.2464.000) 07/24 16:13:18 Job submitted from host: <188.185.114.121:9618?addrs=188.185.114.121-9618+[2001-1458-d00-a--100-273]-9618&alias=bigbird19.cern.ch&noUDP&sock=schedd_4961_696e>
...
009 (10252905.2464.000) 07/24 16:14:49 Job was aborted.
	via condor_rm (by user yelberke)
...
000 (10252906.2464.000) 07/24 16:15:38 Job submitted from host: <188.185.114.121:9618?addrs=188.185.114.121-9618+[2001-1458-d00-a--100-273]-9618&alias=bigbird19.cern.ch&noUDP&sock=schedd_4961_696e>
...
000 (10252907.2464.000) 07/24 16:17:32 Job submitted from host: <188.185.114.121:9618?addrs=188.185.114.121-9618+[2001-1458-d00-a--100-273]-9618&alias=bigbird19.cern.ch&noUDP&sock=schedd_4961_696e>
...
000 (10252908.2464.000) 07/24 16:18:05 Job submitted from host: <188.185.114.121:9618?addrs=188.185.114.121-9618+[2001-1458-d00-a--100-273]-9618&alias=bigbird19.cern.ch&noUDP&sock=schedd_4961_696e>
...
000 (10252909.2464.000) 07/24 16:18:41 Job submitted from host: <188.185.114.121:9618?addrs=188.185.114.121-9618+[2001-1458-d00-a--100-273]-9618&alias=bigbird19.cern.ch&noUDP&sock=schedd_4961_696e>
...
040 (10252906.2464.000) 07/24 16:34:35 Started transferring input files
	Transferring to host: <188.185.193.171:9618?addrs=188.185.193.171-9618+[2001-1458-303-20--100-a7]-9618&alias=b9p19p3059.cern.ch&noUDP&sock=slot1_6_1161098_5429_292>
...
040 (10252906.2464.000) 07/24 16:34:35 Finished transferring input files
...
001 (10252906.2464.000) 07/24 16:34:36 Job executing on host: <188.185.193.171:9618?addrs=188.185.193.171-9618+[2001-1458-303-20--100-a7]-9618&alias=b9p19p3059.cern.ch&noUDP&sock=startd_177208_86e6>
	SlotName: slot1_6@b9p19p3059.cern.ch
	CondorScratchDir = "/pool/condor/dir_1200399"
	Cpus = 8
	Disk = 2975533
	Memory = 16000
...
006 (10252906.2464.000) 07/24 16:34:41 Image size of job updated: 157172
	8  -  MemoryUsage of job (MB)
	7200  -  ResidentSetSize of job (KB)
...
040 (10252906.2464.000) 07/24 16:34:41 Started transferring output files
...
040 (10252906.2464.000) 07/24 16:34:41 Finished transferring output files
...
005 (10252906.2464.000) 07/24 16:34:41 Job terminated.
	(1) Normal termination (return value 0)
		Usr 0 00:00:04, Sys 0 00:00:00  -  Run Remote Usage
		Usr 0 00:00:00, Sys 0 00:00:00  -  Run Local Usage
		Usr 0 00:00:04, Sys 0 00:00:00  -  Total Remote Usage
		Usr 0 00:00:00, Sys 0 00:00:00  -  Total Local Usage
	6204  -  Run Bytes Sent By Job
	409597  -  Run Bytes Received By Job
	6204  -  Total Bytes Sent By Job
	409597  -  Total Bytes Received By Job
	Partitionable Resources :    Usage  Request Allocated 
	   Cpus                 :        0        8         8 
	   Disk (KB)            :      427      425   2975533 
	   Memory (MB)          :        8    16000     16000 

	Job terminated of its own accord at 2024-07-24T14:34:41Z with exit-code 0.
...
040 (10252907.2464.000) 07/24 18:02:16 Started transferring input files
	Transferring to host: <188.185.205.138:9618?addrs=188.185.205.138-9618+[2001-1458-303-a--100-7]-9618&alias=b9p04p5793.cern.ch&noUDP&sock=slot1_15_5046_1d06_81264>
...
040 (10252907.2464.000) 07/24 18:02:16 Finished transferring input files
...
001 (10252907.2464.000) 07/24 18:02:17 Job executing on host: <188.185.205.138:9618?addrs=188.185.205.138-9618+[2001-1458-303-a--100-7]-9618&alias=b9p04p5793.cern.ch&noUDP&sock=startd_4238_7e75>
	SlotName: slot1_15@b9p04p5793.cern.ch
	CondorScratchDir = "/pool/condor/dir_1514335"
	Cpus = 8
	Disk = 2807566
	Memory = 16000
...
006 (10252907.2464.000) 07/24 18:02:22 Image size of job updated: 170572
	16  -  MemoryUsage of job (MB)
	15472  -  ResidentSetSize of job (KB)
...
040 (10252907.2464.000) 07/24 18:02:22 Started transferring output files
...
040 (10252907.2464.000) 07/24 18:02:22 Finished transferring output files
...
005 (10252907.2464.000) 07/24 18:02:22 Job terminated.
	(1) Normal termination (return value 0)
		Usr 0 00:00:03, Sys 0 00:00:00  -  Run Remote Usage
		Usr 0 00:00:00, Sys 0 00:00:00  -  Run Local Usage
		Usr 0 00:00:03, Sys 0 00:00:00  -  Total Remote Usage
		Usr 0 00:00:00, Sys 0 00:00:00  -  Total Local Usage
	6204  -  Run Bytes Sent By Job
	409597  -  Run Bytes Received By Job
	6204  -  Total Bytes Sent By Job
	409597  -  Total Bytes Received By Job
	Partitionable Resources :    Usage  Request Allocated 
	   Cpus                 :        0        8         8 
	   Disk (KB)            :      427      425   2807566 
	   Memory (MB)          :       16    16000     16000 

	Job terminated of its own accord at 2024-07-24T16:02:22Z with exit-code 0.
...
040 (10252908.2464.000) 07/24 19:06:33 Started transferring input files
	Transferring to host: <188.185.205.125:9618?addrs=188.185.205.125-9618+[2001-1458-303-9--100-7a]-9618&alias=b9p03p9078.cern.ch&noUDP&sock=slot1_13_6035_f40e_80770>
...
040 (10252908.2464.000) 07/24 19:06:33 Finished transferring input files
...
001 (10252908.2464.000) 07/24 19:06:34 Job executing on host: <188.185.205.125:9618?addrs=188.185.205.125-9618+[2001-1458-303-9--100-7a]-9618&alias=b9p03p9078.cern.ch&noUDP&sock=startd_4951_8d7b>
	SlotName: slot1_13@b9p03p9078.cern.ch
	CondorScratchDir = "/pool/condor/dir_224321"
	Cpus = 8
	Disk = 2809852
	Memory = 16000
...
006 (10252908.2464.000) 07/24 19:06:38 Image size of job updated: 157520
	7  -  MemoryUsage of job (MB)
	6976  -  ResidentSetSize of job (KB)
...
040 (10252908.2464.000) 07/24 19:06:38 Started transferring output files
...
040 (10252908.2464.000) 07/24 19:06:38 Finished transferring output files
...
005 (10252908.2464.000) 07/24 19:06:38 Job terminated.
	(1) Normal termination (return value 0)
		Usr 0 00:00:03, Sys 0 00:00:00  -  Run Remote Usage
		Usr 0 00:00:00, Sys 0 00:00:00  -  Run Local Usage
		Usr 0 00:00:03, Sys 0 00:00:00  -  Total Remote Usage
		Usr 0 00:00:00, Sys 0 00:00:00  -  Total Local Usage
	6204  -  Run Bytes Sent By Job
	409597  -  Run Bytes Received By Job
	6204  -  Total Bytes Sent By Job
	409597  -  Total Bytes Received By Job
	Partitionable Resources :    Usage  Request Allocated 
	   Cpus                 :                 8         8 
	   Disk (KB)            :      420      425   2809852 
	   Memory (MB)          :        7    16000     16000 

	Job terminated of its own accord at 2024-07-24T17:06:38Z with exit-code 0.
...
040 (10252909.2464.000) 07/24 20:09:46 Started transferring input files
	Transferring to host: <188.185.195.101:9618?addrs=188.185.195.101-9618+[2001-1458-303-22--100-61]-9618&alias=b9p17p5877.cern.ch&noUDP&sock=slot1_1_1277736_59f0_2395>
...
040 (10252909.2464.000) 07/24 20:09:46 Finished transferring input files
...
001 (10252909.2464.000) 07/24 20:09:47 Job executing on host: <188.185.195.101:9618?addrs=188.185.195.101-9618+[2001-1458-303-22--100-61]-9618&alias=b9p17p5877.cern.ch&noUDP&sock=startd_128115_cff4>
	SlotName: slot1_1@b9p17p5877.cern.ch
	CondorScratchDir = "/pool/condor/dir_4046685"
	Cpus = 8
	Disk = 3042074
	Memory = 16000
...
006 (10252909.2464.000) 07/24 20:09:55 Image size of job updated: 158476
	8  -  MemoryUsage of job (MB)
	7468  -  ResidentSetSize of job (KB)
...
040 (10252909.2464.000) 07/24 20:09:55 Started transferring output files
...
040 (10252909.2464.000) 07/24 20:09:55 Finished transferring output files
...
005 (10252909.2464.000) 07/24 20:09:55 Job terminated.
	(1) Normal termination (return value 0)
		Usr 0 00:00:06, Sys 0 00:00:00  -  Run Remote Usage
		Usr 0 00:00:00, Sys 0 00:00:00  -  Run Local Usage
		Usr 0 00:00:06, Sys 0 00:00:00  -  Total Remote Usage
		Usr 0 00:00:00, Sys 0 00:00:00  -  Total Local Usage
	6204  -  Run Bytes Sent By Job
	409597  -  Run Bytes Received By Job
	6204  -  Total Bytes Sent By Job
	409597  -  Total Bytes Received By Job
	Partitionable Resources :    Usage  Request Allocated 
	   Cpus                 :     0.07        8         8 
	   Disk (KB)            :   428         425   3042074 
	   Memory (MB)          :     8       16000     16000 

	Job terminated of its own accord at 2024-07-24T18:09:55Z with exit-code 0.
...
000 (10261715.2464.000) 07/25 13:02:28 Job submitted from host: <188.185.114.121:9618?addrs=188.185.114.121-9618+[2001-1458-d00-a--100-273]-9618&alias=bigbird19.cern.ch&noUDP&sock=schedd_4961_696e>
...
009 (10261715.2464.000) 07/25 13:06:52 Job was aborted.
	via condor_rm (by user yelberke)
...
000 (10261767.2464.000) 07/25 13:20:31 Job submitted from host: <188.185.114.121:9618?addrs=188.185.114.121-9618+[2001-1458-d00-a--100-273]-9618&alias=bigbird19.cern.ch&noUDP&sock=schedd_4961_696e>
...
040 (10261767.2464.000) 07/25 14:31:18 Started transferring input files
	Transferring to host: <188.185.193.35:9618?addrs=188.185.193.35-9618+[2001-1458-303-20--100-1f]-9618&alias=b9p19p3119.cern.ch&noUDP&sock=slot1_6_1291539_d041_4848>
...
040 (10261767.2464.000) 07/25 14:31:18 Finished transferring input files
...
001 (10261767.2464.000) 07/25 14:31:19 Job executing on host: <188.185.193.35:9618?addrs=188.185.193.35-9618+[2001-1458-303-20--100-1f]-9618&alias=b9p19p3119.cern.ch&noUDP&sock=startd_167436_bf6c>
	SlotName: slot1_6@b9p19p3119.cern.ch
	CondorScratchDir = "/pool/condor/dir_2414942"
	Cpus = 12
	Disk = 2971210
	Memory = 24000
...
006 (10261767.2464.000) 07/25 14:31:26 Image size of job updated: 160396
	7  -  MemoryUsage of job (MB)
	6348  -  ResidentSetSize of job (KB)
...
040 (10261767.2464.000) 07/25 14:31:26 Started transferring output files
...
040 (10261767.2464.000) 07/25 14:31:26 Finished transferring output files
...
005 (10261767.2464.000) 07/25 14:31:26 Job terminated.
	(1) Normal termination (return value 0)
		Usr 0 00:00:06, Sys 0 00:00:00  -  Run Remote Usage
		Usr 0 00:00:00, Sys 0 00:00:00  -  Run Local Usage
		Usr 0 00:00:06, Sys 0 00:00:00  -  Total Remote Usage
		Usr 0 00:00:00, Sys 0 00:00:00  -  Total Local Usage
	6676  -  Run Bytes Sent By Job
	409597  -  Run Bytes Received By Job
	6676  -  Total Bytes Sent By Job
	409597  -  Total Bytes Received By Job
	Partitionable Resources :    Usage  Request Allocated 
	   Cpus                 :        0       12        12 
	   Disk (KB)            :      427      425   2971210 
	   Memory (MB)          :        7    24000     24000 

	Job terminated of its own accord at 2024-07-25T12:31:26Z with exit-code 0.
...
000 (10284266.2464.000) 08/02 15:46:17 Job submitted from host: <188.185.114.121:9618?addrs=188.185.114.121-9618+[2001-1458-d00-a--100-273]-9618&alias=bigbird19.cern.ch&noUDP&sock=schedd_4961_696e>
...
009 (10284266.2464.000) 08/02 15:49:34 Job was aborted.
	via condor_rm (by user yelberke)
...
000 (10284267.2464.000) 08/02 15:49:56 Job submitted from host: <188.185.114.121:9618?addrs=188.185.114.121-9618+[2001-1458-d00-a--100-273]-9618&alias=bigbird19.cern.ch&noUDP&sock=schedd_4961_696e>
...
040 (10284267.2464.000) 08/02 16:43:06 Started transferring input files
	Transferring to host: <188.185.209.48:9618?addrs=188.185.209.48-9618+[2001-1458-303-11--100-2d]-9618&alias=b9p11p2682.cern.ch&noUDP&sock=slot1_9_8029_e820_153579>
...
040 (10284267.2464.000) 08/02 16:43:06 Finished transferring input files
...
001 (10284267.2464.000) 08/02 16:43:07 Job executing on host: <188.185.209.48:9618?addrs=188.185.209.48-9618+[2001-1458-303-11--100-2d]-9618&alias=b9p11p2682.cern.ch&noUDP&sock=startd_6404_3097>
	SlotName: slot1_9@b9p11p2682.cern.ch
	CondorScratchDir = "/pool/condor/dir_1136424"
	Cpus = 12
	Disk = 2688075
	Memory = 24000
...
006 (10284267.2464.000) 08/02 16:43:09 Image size of job updated: 324548
	5  -  MemoryUsage of job (MB)
	4288  -  ResidentSetSize of job (KB)
...
040 (10284267.2464.000) 08/02 16:43:09 Started transferring output files
...
040 (10284267.2464.000) 08/02 16:43:09 Finished transferring output files
...
005 (10284267.2464.000) 08/02 16:43:09 Job terminated.
	(1) Normal termination (return value 139)
		Usr 0 00:00:02, Sys 0 00:00:01  -  Run Remote Usage
		Usr 0 00:00:00, Sys 0 00:00:00  -  Run Local Usage
		Usr 0 00:00:02, Sys 0 00:00:01  -  Total Remote Usage
		Usr 0 00:00:00, Sys 0 00:00:00  -  Total Local Usage
	7696  -  Run Bytes Sent By Job
	409597  -  Run Bytes Received By Job
	7696  -  Total Bytes Sent By Job
	409597  -  Total Bytes Received By Job
	Partitionable Resources :    Usage  Request Allocated 
	   Cpus                 :        0       12        12 
	   Disk (KB)            :      430      425   2688075 
	   Memory (MB)          :        5    24000     24000 

	Job terminated of its own accord at 2024-08-02T14:43:09Z with exit-code 139.
...
