000 (10252905.2478.000) 07/24 16:13:18 Job submitted from host: <188.185.114.121:9618?addrs=188.185.114.121-9618+[2001-1458-d00-a--100-273]-9618&alias=bigbird19.cern.ch&noUDP&sock=schedd_4961_696e>
...
009 (10252905.2478.000) 07/24 16:14:49 Job was aborted.
	via condor_rm (by user yelberke)
...
000 (10252906.2478.000) 07/24 16:15:38 Job submitted from host: <188.185.114.121:9618?addrs=188.185.114.121-9618+[2001-1458-d00-a--100-273]-9618&alias=bigbird19.cern.ch&noUDP&sock=schedd_4961_696e>
...
000 (10252907.2478.000) 07/24 16:17:32 Job submitted from host: <188.185.114.121:9618?addrs=188.185.114.121-9618+[2001-1458-d00-a--100-273]-9618&alias=bigbird19.cern.ch&noUDP&sock=schedd_4961_696e>
...
000 (10252908.2478.000) 07/24 16:18:05 Job submitted from host: <188.185.114.121:9618?addrs=188.185.114.121-9618+[2001-1458-d00-a--100-273]-9618&alias=bigbird19.cern.ch&noUDP&sock=schedd_4961_696e>
...
000 (10252909.2478.000) 07/24 16:18:41 Job submitted from host: <188.185.114.121:9618?addrs=188.185.114.121-9618+[2001-1458-d00-a--100-273]-9618&alias=bigbird19.cern.ch&noUDP&sock=schedd_4961_696e>
...
040 (10252906.2478.000) 07/24 16:34:37 Started transferring input files
	Transferring to host: <188.185.193.148:9618?addrs=188.185.193.148-9618+[2001-1458-303-20--100-90]-9618&alias=b9p19p0264.cern.ch&noUDP&sock=slot1_10_3475399_bea7_160>
...
040 (10252906.2478.000) 07/24 16:34:37 Finished transferring input files
...
001 (10252906.2478.000) 07/24 16:34:38 Job executing on host: <188.185.193.148:9618?addrs=188.185.193.148-9618+[2001-1458-303-20--100-90]-9618&alias=b9p19p0264.cern.ch&noUDP&sock=startd_128187_32c6>
	SlotName: slot1_10@b9p19p0264.cern.ch
	CondorScratchDir = "/pool/condor/dir_3738308"
	Cpus = 8
	Disk = 3007665
	Memory = 16000
...
006 (10252906.2478.000) 07/24 16:34:43 Image size of job updated: 158764
	8  -  MemoryUsage of job (MB)
	7608  -  ResidentSetSize of job (KB)
...
040 (10252906.2478.000) 07/24 16:34:43 Started transferring output files
...
040 (10252906.2478.000) 07/24 16:34:43 Finished transferring output files
...
005 (10252906.2478.000) 07/24 16:34:43 Job terminated.
	(1) Normal termination (return value 0)
		Usr 0 00:00:04, Sys 0 00:00:00  -  Run Remote Usage
		Usr 0 00:00:00, Sys 0 00:00:00  -  Run Local Usage
		Usr 0 00:00:04, Sys 0 00:00:00  -  Total Remote Usage
		Usr 0 00:00:00, Sys 0 00:00:00  -  Total Local Usage
	6204  -  Run Bytes Sent By Job
	409597  -  Run Bytes Received By Job
	6204  -  Total Bytes Sent By Job
	409597  -  Total Bytes Received By Job
	Partitionable Resources :    Usage  Request Allocated 
	   Cpus                 :        0        8         8 
	   Disk (KB)            :      428      425   3007665 
	   Memory (MB)          :        8    16000     16000 

	Job terminated of its own accord at 2024-07-24T14:34:43Z with exit-code 0.
...
040 (10252907.2478.000) 07/24 18:02:22 Started transferring input files
	Transferring to host: <188.185.209.150:9618?addrs=188.185.209.150-9618+[2001-1458-303-12--100-13]-9618&alias=b9p12p9730.cern.ch&noUDP&sock=slot1_2_6331_831b_144865>
...
040 (10252907.2478.000) 07/24 18:02:22 Finished transferring input files
...
001 (10252907.2478.000) 07/24 18:02:23 Job executing on host: <188.185.209.150:9618?addrs=188.185.209.150-9618+[2001-1458-303-12--100-13]-9618&alias=b9p12p9730.cern.ch&noUDP&sock=startd_5106_dea9>
	SlotName: slot1_2@b9p12p9730.cern.ch
	CondorScratchDir = "/pool/condor/dir_404926"
	Cpus = 8
	Disk = 2686031
	Memory = 16000
...
006 (10252907.2478.000) 07/24 18:02:27 Image size of job updated: 160100
	8  -  MemoryUsage of job (MB)
	7872  -  ResidentSetSize of job (KB)
...
040 (10252907.2478.000) 07/24 18:02:27 Started transferring output files
...
040 (10252907.2478.000) 07/24 18:02:27 Finished transferring output files
...
005 (10252907.2478.000) 07/24 18:02:27 Job terminated.
	(1) Normal termination (return value 0)
		Usr 0 00:00:03, Sys 0 00:00:00  -  Run Remote Usage
		Usr 0 00:00:00, Sys 0 00:00:00  -  Run Local Usage
		Usr 0 00:00:03, Sys 0 00:00:00  -  Total Remote Usage
		Usr 0 00:00:00, Sys 0 00:00:00  -  Total Local Usage
	6204  -  Run Bytes Sent By Job
	409597  -  Run Bytes Received By Job
	6204  -  Total Bytes Sent By Job
	409597  -  Total Bytes Received By Job
	Partitionable Resources :    Usage  Request Allocated 
	   Cpus                 :        0        8         8 
	   Disk (KB)            :      427      425   2686031 
	   Memory (MB)          :        8    16000     16000 

	Job terminated of its own accord at 2024-07-24T16:02:27Z with exit-code 0.
...
040 (10252908.2478.000) 07/24 19:06:39 Started transferring input files
	Transferring to host: <188.185.196.160:9618?addrs=188.185.196.160-9618+[2001-1458-303-23--100-9c]-9618&alias=b9p16p4006.cern.ch&noUDP&sock=slot1_1_2398728_a001_2323>
...
040 (10252908.2478.000) 07/24 19:06:39 Finished transferring input files
...
001 (10252908.2478.000) 07/24 19:06:40 Job executing on host: <188.185.196.160:9618?addrs=188.185.196.160-9618+[2001-1458-303-23--100-9c]-9618&alias=b9p16p4006.cern.ch&noUDP&sock=startd_127969_ab20>
	SlotName: slot1_1@b9p16p4006.cern.ch
	CondorScratchDir = "/pool/condor/dir_1149292"
	Cpus = 8
	Disk = 3045594
	Memory = 16000
...
006 (10252908.2478.000) 07/24 19:06:48 Image size of job updated: 151316
	142  -  MemoryUsage of job (MB)
	145216  -  ResidentSetSize of job (KB)
...
006 (10252908.2478.000) 07/24 19:06:48 Image size of job updated: 160116
	142  -  MemoryUsage of job (MB)
	145216  -  ResidentSetSize of job (KB)
...
040 (10252908.2478.000) 07/24 19:06:48 Started transferring output files
...
040 (10252908.2478.000) 07/24 19:06:48 Finished transferring output files
...
005 (10252908.2478.000) 07/24 19:06:48 Job terminated.
	(1) Normal termination (return value 0)
		Usr 0 00:00:07, Sys 0 00:00:00  -  Run Remote Usage
		Usr 0 00:00:00, Sys 0 00:00:00  -  Run Local Usage
		Usr 0 00:00:07, Sys 0 00:00:00  -  Total Remote Usage
		Usr 0 00:00:00, Sys 0 00:00:00  -  Total Local Usage
	6204  -  Run Bytes Sent By Job
	409597  -  Run Bytes Received By Job
	6204  -  Total Bytes Sent By Job
	409597  -  Total Bytes Received By Job
	Partitionable Resources :    Usage  Request Allocated 
	   Cpus                 :        0        8         8 
	   Disk (KB)            :      428      425   3045594 
	   Memory (MB)          :      142    16000     16000 

	Job terminated of its own accord at 2024-07-24T17:06:48Z with exit-code 0.
...
040 (10252909.2478.000) 07/24 20:09:49 Started transferring input files
	Transferring to host: <188.185.205.112:9618?addrs=188.185.205.112-9618+[2001-1458-303-9--100-6d]-9618&alias=b9p03p6940.cern.ch&noUDP&sock=slot1_14_6785_656d_156216>
...
040 (10252909.2478.000) 07/24 20:09:49 Finished transferring input files
...
001 (10252909.2478.000) 07/24 20:09:50 Job executing on host: <188.185.205.112:9618?addrs=188.185.205.112-9618+[2001-1458-303-9--100-6d]-9618&alias=b9p03p6940.cern.ch&noUDP&sock=startd_6713_235b>
	SlotName: slot1_14@b9p03p6940.cern.ch
	CondorScratchDir = "/pool/condor/dir_2129984"
	Cpus = 8
	Disk = 2807388
	Memory = 16000
...
006 (10252909.2478.000) 07/24 20:09:54 Image size of job updated: 159996
	8  -  MemoryUsage of job (MB)
	7644  -  ResidentSetSize of job (KB)
...
040 (10252909.2478.000) 07/24 20:09:54 Started transferring output files
...
040 (10252909.2478.000) 07/24 20:09:54 Finished transferring output files
...
005 (10252909.2478.000) 07/24 20:09:54 Job terminated.
	(1) Normal termination (return value 0)
		Usr 0 00:00:03, Sys 0 00:00:00  -  Run Remote Usage
		Usr 0 00:00:00, Sys 0 00:00:00  -  Run Local Usage
		Usr 0 00:00:03, Sys 0 00:00:00  -  Total Remote Usage
		Usr 0 00:00:00, Sys 0 00:00:00  -  Total Local Usage
	6204  -  Run Bytes Sent By Job
	409597  -  Run Bytes Received By Job
	6204  -  Total Bytes Sent By Job
	409597  -  Total Bytes Received By Job
	Partitionable Resources :    Usage  Request Allocated 
	   Cpus                 :        0        8         8 
	   Disk (KB)            :      428      425   2807388 
	   Memory (MB)          :        8    16000     16000 

	Job terminated of its own accord at 2024-07-24T18:09:54Z with exit-code 0.
...
000 (10261715.2478.000) 07/25 13:02:29 Job submitted from host: <188.185.114.121:9618?addrs=188.185.114.121-9618+[2001-1458-d00-a--100-273]-9618&alias=bigbird19.cern.ch&noUDP&sock=schedd_4961_696e>
...
009 (10261715.2478.000) 07/25 13:06:52 Job was aborted.
	via condor_rm (by user yelberke)
...
000 (10261767.2478.000) 07/25 13:20:31 Job submitted from host: <188.185.114.121:9618?addrs=188.185.114.121-9618+[2001-1458-d00-a--100-273]-9618&alias=bigbird19.cern.ch&noUDP&sock=schedd_4961_696e>
...
040 (10261767.2478.000) 07/25 14:31:30 Started transferring input files
	Transferring to host: <188.185.209.198:9618?addrs=188.185.209.198-9618+[2001-1458-303-12--100-43]-9618&alias=b9p12p4148.cern.ch&noUDP&sock=slot1_19_5516_4559_143335>
...
040 (10261767.2478.000) 07/25 14:31:30 Finished transferring input files
...
001 (10261767.2478.000) 07/25 14:31:31 Job executing on host: <188.185.209.198:9618?addrs=188.185.209.198-9618+[2001-1458-303-12--100-43]-9618&alias=b9p12p4148.cern.ch&noUDP&sock=startd_4513_1f00>
	SlotName: slot1_19@b9p12p4148.cern.ch
	CondorScratchDir = "/pool/condor/dir_1853794"
	Cpus = 12
	Disk = 2620310
	Memory = 24000
...
006 (10261767.2478.000) 07/25 14:31:36 Image size of job updated: 160512
	7  -  MemoryUsage of job (MB)
	7020  -  ResidentSetSize of job (KB)
...
040 (10261767.2478.000) 07/25 14:31:36 Started transferring output files
...
040 (10261767.2478.000) 07/25 14:31:36 Finished transferring output files
...
005 (10261767.2478.000) 07/25 14:31:36 Job terminated.
	(1) Normal termination (return value 0)
		Usr 0 00:00:03, Sys 0 00:00:00  -  Run Remote Usage
		Usr 0 00:00:00, Sys 0 00:00:00  -  Run Local Usage
		Usr 0 00:00:03, Sys 0 00:00:00  -  Total Remote Usage
		Usr 0 00:00:00, Sys 0 00:00:00  -  Total Local Usage
	6676  -  Run Bytes Sent By Job
	409597  -  Run Bytes Received By Job
	6676  -  Total Bytes Sent By Job
	409597  -  Total Bytes Received By Job
	Partitionable Resources :    Usage  Request Allocated 
	   Cpus                 :        0       12        12 
	   Disk (KB)            :      429      425   2620310 
	   Memory (MB)          :        7    24000     24000 

	Job terminated of its own accord at 2024-07-25T12:31:36Z with exit-code 0.
...
000 (10284266.2478.000) 08/02 15:46:18 Job submitted from host: <188.185.114.121:9618?addrs=188.185.114.121-9618+[2001-1458-d00-a--100-273]-9618&alias=bigbird19.cern.ch&noUDP&sock=schedd_4961_696e>
...
009 (10284266.2478.000) 08/02 15:49:34 Job was aborted.
	via condor_rm (by user yelberke)
...
000 (10284267.2478.000) 08/02 15:49:56 Job submitted from host: <188.185.114.121:9618?addrs=188.185.114.121-9618+[2001-1458-d00-a--100-273]-9618&alias=bigbird19.cern.ch&noUDP&sock=schedd_4961_696e>
...
040 (10284267.2478.000) 08/02 16:43:10 Started transferring input files
	Transferring to host: <188.185.209.72:9618?addrs=188.185.209.72-9618+[2001-1458-303-11--100-45]-9618&alias=b9p11p5689.cern.ch&noUDP&sock=slot1_2_6483_9c21_154585>
...
040 (10284267.2478.000) 08/02 16:43:10 Finished transferring input files
...
001 (10284267.2478.000) 08/02 16:43:11 Job executing on host: <188.185.209.72:9618?addrs=188.185.209.72-9618+[2001-1458-303-11--100-45]-9618&alias=b9p11p5689.cern.ch&noUDP&sock=startd_5219_60dd>
	SlotName: slot1_2@b9p11p5689.cern.ch
	CondorScratchDir = "/pool/condor/dir_3439345"
	Cpus = 12
	Disk = 2575307
	Memory = 24000
...
006 (10284267.2478.000) 08/02 16:43:13 Image size of job updated: 325376
	4  -  MemoryUsage of job (MB)
	3528  -  ResidentSetSize of job (KB)
...
040 (10284267.2478.000) 08/02 16:43:13 Started transferring output files
...
040 (10284267.2478.000) 08/02 16:43:13 Finished transferring output files
...
005 (10284267.2478.000) 08/02 16:43:13 Job terminated.
	(1) Normal termination (return value 139)
		Usr 0 00:00:02, Sys 0 00:00:01  -  Run Remote Usage
		Usr 0 00:00:00, Sys 0 00:00:00  -  Run Local Usage
		Usr 0 00:00:02, Sys 0 00:00:01  -  Total Remote Usage
		Usr 0 00:00:00, Sys 0 00:00:00  -  Total Local Usage
	7696  -  Run Bytes Sent By Job
	409597  -  Run Bytes Received By Job
	7696  -  Total Bytes Sent By Job
	409597  -  Total Bytes Received By Job
	Partitionable Resources :    Usage  Request Allocated 
	   Cpus                 :        0       12        12 
	   Disk (KB)            :      430      425   2575307 
	   Memory (MB)          :        4    24000     24000 

	Job terminated of its own accord at 2024-08-02T14:43:13Z with exit-code 139.
...
