000 (10252905.024.000) 07/24 16:13:14 Job submitted from host: <188.185.114.121:9618?addrs=188.185.114.121-9618+[2001-1458-d00-a--100-273]-9618&alias=bigbird19.cern.ch&noUDP&sock=schedd_4961_696e>
...
009 (10252905.024.000) 07/24 16:14:43 Job was aborted.
	via condor_rm (by user yelberke)
...
000 (10252906.024.000) 07/24 16:15:36 Job submitted from host: <188.185.114.121:9618?addrs=188.185.114.121-9618+[2001-1458-d00-a--100-273]-9618&alias=bigbird19.cern.ch&noUDP&sock=schedd_4961_696e>
...
040 (10252906.024.000) 07/24 16:16:07 Started transferring input files
	Transferring to host: <188.185.209.24:9618?addrs=188.185.209.24-9618+[2001-1458-303-11--100-15]-9618&alias=b9p11p1123.cern.ch&noUDP&sock=slot1_21_5242_368e_145867>
...
040 (10252906.024.000) 07/24 16:16:07 Finished transferring input files
...
001 (10252906.024.000) 07/24 16:16:08 Job executing on host: <188.185.209.24:9618?addrs=188.185.209.24-9618+[2001-1458-303-11--100-15]-9618&alias=b9p11p1123.cern.ch&noUDP&sock=startd_4376_2686>
	SlotName: slot1_21@b9p11p1123.cern.ch
	CondorScratchDir = "/pool/condor/dir_2757676"
	Cpus = 8
	Disk = 2710756
	Memory = 16000
...
006 (10252906.024.000) 07/24 16:16:13 Image size of job updated: 256272
	100  -  MemoryUsage of job (MB)
	101972  -  ResidentSetSize of job (KB)
...
040 (10252906.024.000) 07/24 16:16:13 Started transferring output files
...
040 (10252906.024.000) 07/24 16:16:13 Finished transferring output files
...
005 (10252906.024.000) 07/24 16:16:13 Job terminated.
	(1) Normal termination (return value 0)
		Usr 0 00:00:03, Sys 0 00:00:00  -  Run Remote Usage
		Usr 0 00:00:00, Sys 0 00:00:00  -  Run Local Usage
		Usr 0 00:00:03, Sys 0 00:00:00  -  Total Remote Usage
		Usr 0 00:00:00, Sys 0 00:00:00  -  Total Local Usage
	6204  -  Run Bytes Sent By Job
	409597  -  Run Bytes Received By Job
	6204  -  Total Bytes Sent By Job
	409597  -  Total Bytes Received By Job
	Partitionable Resources :    Usage  Request Allocated 
	   Cpus                 :        0        8         8 
	   Disk (KB)            :      427      425   2710756 
	   Memory (MB)          :      100    16000     16000 

	Job terminated of its own accord at 2024-07-24T14:16:13Z with exit-code 0.
...
000 (10252907.024.000) 07/24 16:17:29 Job submitted from host: <188.185.114.121:9618?addrs=188.185.114.121-9618+[2001-1458-d00-a--100-273]-9618&alias=bigbird19.cern.ch&noUDP&sock=schedd_4961_696e>
...
000 (10252908.024.000) 07/24 16:18:03 Job submitted from host: <188.185.114.121:9618?addrs=188.185.114.121-9618+[2001-1458-d00-a--100-273]-9618&alias=bigbird19.cern.ch&noUDP&sock=schedd_4961_696e>
...
000 (10252909.024.000) 07/24 16:18:38 Job submitted from host: <188.185.114.121:9618?addrs=188.185.114.121-9618+[2001-1458-d00-a--100-273]-9618&alias=bigbird19.cern.ch&noUDP&sock=schedd_4961_696e>
...
000 (10252910.024.000) 07/24 16:19:04 Job submitted from host: <188.185.114.121:9618?addrs=188.185.114.121-9618+[2001-1458-d00-a--100-273]-9618&alias=bigbird19.cern.ch&noUDP&sock=schedd_4961_696e>
...
000 (10252911.024.000) 07/24 16:19:17 Job submitted from host: <188.185.114.121:9618?addrs=188.185.114.121-9618+[2001-1458-d00-a--100-273]-9618&alias=bigbird19.cern.ch&noUDP&sock=schedd_4961_696e>
...
000 (10252912.024.000) 07/24 16:19:29 Job submitted from host: <188.185.114.121:9618?addrs=188.185.114.121-9618+[2001-1458-d00-a--100-273]-9618&alias=bigbird19.cern.ch&noUDP&sock=schedd_4961_696e>
...
000 (10252913.024.000) 07/24 16:19:42 Job submitted from host: <188.185.114.121:9618?addrs=188.185.114.121-9618+[2001-1458-d00-a--100-273]-9618&alias=bigbird19.cern.ch&noUDP&sock=schedd_4961_696e>
...
040 (10252907.024.000) 07/24 17:43:17 Started transferring input files
	Transferring to host: <188.185.207.139:9618?addrs=188.185.207.139-9618+[2001-1458-303-e--100-8]-9618&alias=b9p08p1203.cern.ch&noUDP&sock=slot1_1_64850_7106_92449>
...
040 (10252907.024.000) 07/24 17:43:17 Finished transferring input files
...
001 (10252907.024.000) 07/24 17:43:18 Job executing on host: <188.185.207.139:9618?addrs=188.185.207.139-9618+[2001-1458-303-e--100-8]-9618&alias=b9p08p1203.cern.ch&noUDP&sock=startd_3519_51dc>
	SlotName: slot1_1@b9p08p1203.cern.ch
	CondorScratchDir = "/pool/condor/dir_3513363"
	Cpus = 8
	Disk = 2565390
	Memory = 16000
...
006 (10252907.024.000) 07/24 17:43:23 Image size of job updated: 163216
	10  -  MemoryUsage of job (MB)
	9616  -  ResidentSetSize of job (KB)
...
040 (10252907.024.000) 07/24 17:43:23 Started transferring output files
...
040 (10252907.024.000) 07/24 17:43:23 Finished transferring output files
...
005 (10252907.024.000) 07/24 17:43:23 Job terminated.
	(1) Normal termination (return value 0)
		Usr 0 00:00:03, Sys 0 00:00:00  -  Run Remote Usage
		Usr 0 00:00:00, Sys 0 00:00:00  -  Run Local Usage
		Usr 0 00:00:03, Sys 0 00:00:00  -  Total Remote Usage
		Usr 0 00:00:00, Sys 0 00:00:00  -  Total Local Usage
	6204  -  Run Bytes Sent By Job
	409597  -  Run Bytes Received By Job
	6204  -  Total Bytes Sent By Job
	409597  -  Total Bytes Received By Job
	Partitionable Resources :    Usage  Request Allocated 
	   Cpus                 :        0        8         8 
	   Disk (KB)            :      431      425   2565390 
	   Memory (MB)          :       10    16000     16000 

	Job terminated of its own accord at 2024-07-24T15:43:23Z with exit-code 0.
...
040 (10252908.024.000) 07/24 18:43:14 Started transferring input files
	Transferring to host: <188.185.206.195:9618?addrs=188.185.206.195-9618&alias=b9p06p8468.cern.ch&noUDP&sock=slot1_3_5427_8ff6_158254>
...
040 (10252908.024.000) 07/24 18:43:14 Finished transferring input files
...
001 (10252908.024.000) 07/24 18:43:15 Job executing on host: <188.185.206.195:9618?addrs=188.185.206.195-9618&alias=b9p06p8468.cern.ch&noUDP&sock=startd_4975_03c1>
	SlotName: slot1_3@b9p06p8468.cern.ch
	CondorScratchDir = "/pool/condor/dir_2560982"
	Cpus = 8
	Disk = 2749895
	Memory = 16000
...
006 (10252908.024.000) 07/24 18:43:19 Image size of job updated: 160132
	8  -  MemoryUsage of job (MB)
	7816  -  ResidentSetSize of job (KB)
...
040 (10252908.024.000) 07/24 18:43:19 Started transferring output files
...
040 (10252908.024.000) 07/24 18:43:19 Finished transferring output files
...
005 (10252908.024.000) 07/24 18:43:19 Job terminated.
	(1) Normal termination (return value 0)
		Usr 0 00:00:03, Sys 0 00:00:00  -  Run Remote Usage
		Usr 0 00:00:00, Sys 0 00:00:00  -  Run Local Usage
		Usr 0 00:00:03, Sys 0 00:00:00  -  Total Remote Usage
		Usr 0 00:00:00, Sys 0 00:00:00  -  Total Local Usage
	6204  -  Run Bytes Sent By Job
	409597  -  Run Bytes Received By Job
	6204  -  Total Bytes Sent By Job
	409597  -  Total Bytes Received By Job
	Partitionable Resources :    Usage  Request Allocated 
	   Cpus                 :        0        8         8 
	   Disk (KB)            :      428      425   2749895 
	   Memory (MB)          :        8    16000     16000 

	Job terminated of its own accord at 2024-07-24T16:43:19Z with exit-code 0.
...
040 (10252909.024.000) 07/24 19:47:17 Started transferring input files
	Transferring to host: <188.185.207.38:9618?addrs=188.185.207.38-9618+[2001-1458-303-d--100-23]-9618&alias=b9p07p9496.cern.ch&noUDP&sock=slot1_4_4910_4a01_145410>
...
040 (10252909.024.000) 07/24 19:47:17 Finished transferring input files
...
001 (10252909.024.000) 07/24 19:47:18 Job executing on host: <188.185.207.38:9618?addrs=188.185.207.38-9618+[2001-1458-303-d--100-23]-9618&alias=b9p07p9496.cern.ch&noUDP&sock=startd_4213_5896>
	SlotName: slot1_4@b9p07p9496.cern.ch
	CondorScratchDir = "/pool/condor/dir_2616212"
	Cpus = 8
	Disk = 2786577
	Memory = 16000
...
006 (10252909.024.000) 07/24 19:47:22 Image size of job updated: 160312
	9  -  MemoryUsage of job (MB)
	8252  -  ResidentSetSize of job (KB)
...
040 (10252909.024.000) 07/24 19:47:22 Started transferring output files
...
040 (10252909.024.000) 07/24 19:47:22 Finished transferring output files
...
005 (10252909.024.000) 07/24 19:47:22 Job terminated.
	(1) Normal termination (return value 0)
		Usr 0 00:00:03, Sys 0 00:00:00  -  Run Remote Usage
		Usr 0 00:00:00, Sys 0 00:00:00  -  Run Local Usage
		Usr 0 00:00:03, Sys 0 00:00:00  -  Total Remote Usage
		Usr 0 00:00:00, Sys 0 00:00:00  -  Total Local Usage
	6204  -  Run Bytes Sent By Job
	409597  -  Run Bytes Received By Job
	6204  -  Total Bytes Sent By Job
	409597  -  Total Bytes Received By Job
	Partitionable Resources :    Usage  Request Allocated 
	   Cpus                 :        0        8         8 
	   Disk (KB)            :      428      425   2786577 
	   Memory (MB)          :        9    16000     16000 

	Job terminated of its own accord at 2024-07-24T17:47:22Z with exit-code 0.
...
040 (10252910.024.000) 07/24 20:41:08 Started transferring input files
	Transferring to host: <188.185.207.198:9618?addrs=188.185.207.198-9618+[2001-1458-303-e--100-43]-9618&alias=b9p08p3507.cern.ch&noUDP&sock=slot1_6_4228_c225_142015>
...
040 (10252910.024.000) 07/24 20:41:08 Finished transferring input files
...
001 (10252910.024.000) 07/24 20:41:09 Job executing on host: <188.185.207.198:9618?addrs=188.185.207.198-9618+[2001-1458-303-e--100-43]-9618&alias=b9p08p3507.cern.ch&noUDP&sock=startd_3653_3b8d>
	SlotName: slot1_6@b9p08p3507.cern.ch
	CondorScratchDir = "/pool/condor/dir_2073801"
	Cpus = 8
	Disk = 2729963
	Memory = 16000
...
006 (10252910.024.000) 07/24 20:41:13 Image size of job updated: 159920
	8  -  MemoryUsage of job (MB)
	7768  -  ResidentSetSize of job (KB)
...
040 (10252910.024.000) 07/24 20:41:13 Started transferring output files
...
040 (10252910.024.000) 07/24 20:41:13 Finished transferring output files
...
005 (10252910.024.000) 07/24 20:41:13 Job terminated.
	(1) Normal termination (return value 0)
		Usr 0 00:00:03, Sys 0 00:00:00  -  Run Remote Usage
		Usr 0 00:00:00, Sys 0 00:00:00  -  Run Local Usage
		Usr 0 00:00:03, Sys 0 00:00:00  -  Total Remote Usage
		Usr 0 00:00:00, Sys 0 00:00:00  -  Total Local Usage
	6201  -  Run Bytes Sent By Job
	409597  -  Run Bytes Received By Job
	6201  -  Total Bytes Sent By Job
	409597  -  Total Bytes Received By Job
	Partitionable Resources :    Usage  Request Allocated 
	   Cpus                 :     0.06        8         8 
	   Disk (KB)            :   427         425   2729963 
	   Memory (MB)          :     8       16000     16000 

	Job terminated of its own accord at 2024-07-24T18:41:13Z with exit-code 0.
...
040 (10252911.024.000) 07/24 20:54:01 Started transferring input files
	Transferring to host: <188.185.206.176:9618?addrs=188.185.206.176-9618&alias=b9p06p2041.cern.ch&noUDP&sock=slot1_20_6897_4f72_153044>
...
040 (10252911.024.000) 07/24 20:54:01 Finished transferring input files
...
001 (10252911.024.000) 07/24 20:54:02 Job executing on host: <188.185.206.176:9618?addrs=188.185.206.176-9618&alias=b9p06p2041.cern.ch&noUDP&sock=startd_6825_f5f6>
	SlotName: slot1_20@b9p06p2041.cern.ch
	CondorScratchDir = "/pool/condor/dir_592714"
	Cpus = 8
	Disk = 2918912
	Memory = 16000
...
006 (10252911.024.000) 07/24 20:54:06 Image size of job updated: 163572
	10  -  MemoryUsage of job (MB)
	9748  -  ResidentSetSize of job (KB)
...
040 (10252911.024.000) 07/24 20:54:06 Started transferring output files
...
040 (10252911.024.000) 07/24 20:54:06 Finished transferring output files
...
005 (10252911.024.000) 07/24 20:54:06 Job terminated.
	(1) Normal termination (return value 0)
		Usr 0 00:00:03, Sys 0 00:00:00  -  Run Remote Usage
		Usr 0 00:00:00, Sys 0 00:00:00  -  Run Local Usage
		Usr 0 00:00:03, Sys 0 00:00:00  -  Total Remote Usage
		Usr 0 00:00:00, Sys 0 00:00:00  -  Total Local Usage
	6201  -  Run Bytes Sent By Job
	409597  -  Run Bytes Received By Job
	6201  -  Total Bytes Sent By Job
	409597  -  Total Bytes Received By Job
	Partitionable Resources :    Usage  Request Allocated 
	   Cpus                 :        0        8         8 
	   Disk (KB)            :      428      425   2918912 
	   Memory (MB)          :       10    16000     16000 

	Job terminated of its own accord at 2024-07-24T18:54:06Z with exit-code 0.
...
040 (10252912.024.000) 07/24 21:07:01 Started transferring input files
	Transferring to host: <188.185.208.92:9618?addrs=188.185.208.92-9618+[2001-1458-303-f--100-59]-9618&alias=b9p09p7688.cern.ch&noUDP&sock=slot1_2_7858_6bf9_145293>
...
040 (10252912.024.000) 07/24 21:07:01 Finished transferring input files
...
001 (10252912.024.000) 07/24 21:07:02 Job executing on host: <188.185.208.92:9618?addrs=188.185.208.92-9618+[2001-1458-303-f--100-59]-9618&alias=b9p09p7688.cern.ch&noUDP&sock=startd_6533_ac4f>
	SlotName: slot1_2@b9p09p7688.cern.ch
	CondorScratchDir = "/pool/condor/dir_1282638"
	Cpus = 8
	Disk = 2688823
	Memory = 16000
...
006 (10252912.024.000) 07/24 21:07:07 Image size of job updated: 162708
	9  -  MemoryUsage of job (MB)
	8768  -  ResidentSetSize of job (KB)
...
040 (10252912.024.000) 07/24 21:07:07 Started transferring output files
...
040 (10252912.024.000) 07/24 21:07:07 Finished transferring output files
...
005 (10252912.024.000) 07/24 21:07:07 Job terminated.
	(1) Normal termination (return value 0)
		Usr 0 00:00:03, Sys 0 00:00:00  -  Run Remote Usage
		Usr 0 00:00:00, Sys 0 00:00:00  -  Run Local Usage
		Usr 0 00:00:03, Sys 0 00:00:00  -  Total Remote Usage
		Usr 0 00:00:00, Sys 0 00:00:00  -  Total Local Usage
	6201  -  Run Bytes Sent By Job
	409597  -  Run Bytes Received By Job
	6201  -  Total Bytes Sent By Job
	409597  -  Total Bytes Received By Job
	Partitionable Resources :    Usage  Request Allocated 
	   Cpus                 :        0        8         8 
	   Disk (KB)            :      428      425   2688823 
	   Memory (MB)          :        9    16000     16000 

	Job terminated of its own accord at 2024-07-24T19:07:07Z with exit-code 0.
...
040 (10252913.024.000) 07/24 21:20:39 Started transferring input files
	Transferring to host: <188.185.205.13:9618?addrs=188.185.205.13-9618+[2001-1458-303-9--100-81]-9618&alias=b9p03p2205.cern.ch&noUDP&sock=slot1_56_3583_4c2b_30903>
...
040 (10252913.024.000) 07/24 21:20:39 Finished transferring input files
...
001 (10252913.024.000) 07/24 21:20:40 Job executing on host: <188.185.205.13:9618?addrs=188.185.205.13-9618+[2001-1458-303-9--100-81]-9618&alias=b9p03p2205.cern.ch&noUDP&sock=startd_3230_16fe>
	SlotName: slot1_56@b9p03p2205.cern.ch
	CondorScratchDir = "/pool/condor/dir_776581"
	Cpus = 8
	Disk = 2774863
	Memory = 16000
...
006 (10252913.024.000) 07/24 21:20:45 Image size of job updated: 160524
	8  -  MemoryUsage of job (MB)
	8132  -  ResidentSetSize of job (KB)
...
040 (10252913.024.000) 07/24 21:20:45 Started transferring output files
...
040 (10252913.024.000) 07/24 21:20:45 Finished transferring output files
...
005 (10252913.024.000) 07/24 21:20:45 Job terminated.
	(1) Normal termination (return value 0)
		Usr 0 00:00:03, Sys 0 00:00:00  -  Run Remote Usage
		Usr 0 00:00:00, Sys 0 00:00:00  -  Run Local Usage
		Usr 0 00:00:03, Sys 0 00:00:00  -  Total Remote Usage
		Usr 0 00:00:00, Sys 0 00:00:00  -  Total Local Usage
	6204  -  Run Bytes Sent By Job
	409597  -  Run Bytes Received By Job
	6204  -  Total Bytes Sent By Job
	409597  -  Total Bytes Received By Job
	Partitionable Resources :    Usage  Request Allocated 
	   Cpus                 :        0        8         8 
	   Disk (KB)            :      428      425   2774863 
	   Memory (MB)          :        8    16000     16000 

	Job terminated of its own accord at 2024-07-24T19:20:45Z with exit-code 0.
...
000 (10261715.024.000) 07/25 13:01:13 Job submitted from host: <188.185.114.121:9618?addrs=188.185.114.121-9618+[2001-1458-d00-a--100-273]-9618&alias=bigbird19.cern.ch&noUDP&sock=schedd_4961_696e>
...
009 (10261715.024.000) 07/25 13:06:35 Job was aborted.
	via condor_rm (by user yelberke)
...
000 (10261767.024.000) 07/25 13:19:50 Job submitted from host: <188.185.114.121:9618?addrs=188.185.114.121-9618+[2001-1458-d00-a--100-273]-9618&alias=bigbird19.cern.ch&noUDP&sock=schedd_4961_696e>
...
040 (10261767.024.000) 07/25 13:25:56 Started transferring input files
	Transferring to host: <188.185.206.25:9618?addrs=188.185.206.25-9618+[2001-1458-303-b--100-16]-9618&alias=b9p05p0677.cern.ch&noUDP&sock=slot1_5_64988_accc_93491>
...
040 (10261767.024.000) 07/25 13:25:56 Finished transferring input files
...
001 (10261767.024.000) 07/25 13:25:57 Job executing on host: <188.185.206.25:9618?addrs=188.185.206.25-9618+[2001-1458-303-b--100-16]-9618&alias=b9p05p0677.cern.ch&noUDP&sock=startd_3342_e999>
	SlotName: slot1_5@b9p05p0677.cern.ch
	CondorScratchDir = "/pool/condor/dir_1323974"
	Cpus = 12
	Disk = 2769760
	Memory = 24000
...
006 (10261767.024.000) 07/25 13:26:04 Image size of job updated: 160996
	7  -  MemoryUsage of job (MB)
	7024  -  ResidentSetSize of job (KB)
...
040 (10261767.024.000) 07/25 13:26:04 Started transferring output files
...
040 (10261767.024.000) 07/25 13:26:04 Finished transferring output files
...
005 (10261767.024.000) 07/25 13:26:04 Job terminated.
	(1) Normal termination (return value 0)
		Usr 0 00:00:05, Sys 0 00:00:00  -  Run Remote Usage
		Usr 0 00:00:00, Sys 0 00:00:00  -  Run Local Usage
		Usr 0 00:00:05, Sys 0 00:00:00  -  Total Remote Usage
		Usr 0 00:00:00, Sys 0 00:00:00  -  Total Local Usage
	6204  -  Run Bytes Sent By Job
	409597  -  Run Bytes Received By Job
	6204  -  Total Bytes Sent By Job
	409597  -  Total Bytes Received By Job
	Partitionable Resources :    Usage  Request Allocated 
	   Cpus                 :        0       12        12 
	   Disk (KB)            :      429      425   2769760 
	   Memory (MB)          :        7    24000     24000 

	Job terminated of its own accord at 2024-07-25T11:26:04Z with exit-code 0.
...
000 (10284266.024.000) 08/02 15:44:50 Job submitted from host: <188.185.114.121:9618?addrs=188.185.114.121-9618+[2001-1458-d00-a--100-273]-9618&alias=bigbird19.cern.ch&noUDP&sock=schedd_4961_696e>
...
009 (10284266.024.000) 08/02 15:49:04 Job was aborted.
	via condor_rm (by user yelberke)
...
000 (10284267.024.000) 08/02 15:49:44 Job submitted from host: <188.185.114.121:9618?addrs=188.185.114.121-9618+[2001-1458-d00-a--100-273]-9618&alias=bigbird19.cern.ch&noUDP&sock=schedd_4961_696e>
...
040 (10284267.024.000) 08/02 15:54:46 Started transferring input files
	Transferring to host: <188.185.192.43:9618?addrs=188.185.192.43-9618+[2001-1458-303-1f--100-27]-9618&alias=b9p13p3492.cern.ch&noUDP&sock=slot1_1_574100_22ab_29>
...
040 (10284267.024.000) 08/02 15:54:46 Finished transferring input files
...
001 (10284267.024.000) 08/02 15:54:47 Job executing on host: <188.185.192.43:9618?addrs=188.185.192.43-9618+[2001-1458-303-1f--100-27]-9618&alias=b9p13p3492.cern.ch&noUDP&sock=startd_11676_57e3>
	SlotName: slot1_1@b9p13p3492.cern.ch
	CondorScratchDir = "/pool/condor/dir_578132"
	Cpus = 12
	Disk = 3123504
	Memory = 24000
...
006 (10284267.024.000) 08/02 15:54:48 Image size of job updated: 318540
	3  -  MemoryUsage of job (MB)
	2760  -  ResidentSetSize of job (KB)
...
040 (10284267.024.000) 08/02 15:54:48 Started transferring output files
...
040 (10284267.024.000) 08/02 15:54:49 Finished transferring output files
...
005 (10284267.024.000) 08/02 15:54:49 Job terminated.
	(1) Normal termination (return value 139)
		Usr 0 00:00:02, Sys 0 00:00:00  -  Run Remote Usage
		Usr 0 00:00:00, Sys 0 00:00:00  -  Run Local Usage
		Usr 0 00:00:02, Sys 0 00:00:00  -  Total Remote Usage
		Usr 0 00:00:00, Sys 0 00:00:00  -  Total Local Usage
	7696  -  Run Bytes Sent By Job
	409597  -  Run Bytes Received By Job
	7696  -  Total Bytes Sent By Job
	409597  -  Total Bytes Received By Job
	Partitionable Resources :    Usage  Request Allocated 
	   Cpus                 :                12        12 
	   Disk (KB)            :      421      425   3123504 
	   Memory (MB)          :        3    24000     24000 

	Job terminated of its own accord at 2024-08-02T13:54:48Z with exit-code 139.
...
