000 (10252905.2501.000) 07/24 16:13:18 Job submitted from host: <188.185.114.121:9618?addrs=188.185.114.121-9618+[2001-1458-d00-a--100-273]-9618&alias=bigbird19.cern.ch&noUDP&sock=schedd_4961_696e>
...
009 (10252905.2501.000) 07/24 16:14:49 Job was aborted.
	via condor_rm (by user yelberke)
...
000 (10252906.2501.000) 07/24 16:15:38 Job submitted from host: <188.185.114.121:9618?addrs=188.185.114.121-9618+[2001-1458-d00-a--100-273]-9618&alias=bigbird19.cern.ch&noUDP&sock=schedd_4961_696e>
...
000 (10252907.2501.000) 07/24 16:17:32 Job submitted from host: <188.185.114.121:9618?addrs=188.185.114.121-9618+[2001-1458-d00-a--100-273]-9618&alias=bigbird19.cern.ch&noUDP&sock=schedd_4961_696e>
...
000 (10252908.2501.000) 07/24 16:18:05 Job submitted from host: <188.185.114.121:9618?addrs=188.185.114.121-9618+[2001-1458-d00-a--100-273]-9618&alias=bigbird19.cern.ch&noUDP&sock=schedd_4961_696e>
...
000 (10252909.2501.000) 07/24 16:18:41 Job submitted from host: <188.185.114.121:9618?addrs=188.185.114.121-9618+[2001-1458-d00-a--100-273]-9618&alias=bigbird19.cern.ch&noUDP&sock=schedd_4961_696e>
...
040 (10252906.2501.000) 07/24 16:34:52 Started transferring input files
	Transferring to host: <188.185.204.197:9618?addrs=188.185.204.197-9618+[2001-1458-303-8--100-b9]-9618&alias=b9p02p4569.cern.ch&noUDP&sock=slot1_9_9998_3ed0_27265>
...
040 (10252906.2501.000) 07/24 16:34:52 Finished transferring input files
...
001 (10252906.2501.000) 07/24 16:34:53 Job executing on host: <188.185.204.197:9618?addrs=188.185.204.197-9618+[2001-1458-303-8--100-b9]-9618&alias=b9p02p4569.cern.ch&noUDP&sock=startd_9040_443d>
	SlotName: slot1_9@b9p02p4569.cern.ch
	CondorScratchDir = "/pool/condor/dir_3794333"
	Cpus = 8
	Disk = 2590573
	Memory = 16000
...
006 (10252906.2501.000) 07/24 16:34:57 Image size of job updated: 158452
	8  -  MemoryUsage of job (MB)
	7588  -  ResidentSetSize of job (KB)
...
040 (10252906.2501.000) 07/24 16:34:57 Started transferring output files
...
040 (10252906.2501.000) 07/24 16:34:57 Finished transferring output files
...
005 (10252906.2501.000) 07/24 16:34:57 Job terminated.
	(1) Normal termination (return value 0)
		Usr 0 00:00:03, Sys 0 00:00:00  -  Run Remote Usage
		Usr 0 00:00:00, Sys 0 00:00:00  -  Run Local Usage
		Usr 0 00:00:03, Sys 0 00:00:00  -  Total Remote Usage
		Usr 0 00:00:00, Sys 0 00:00:00  -  Total Local Usage
	6204  -  Run Bytes Sent By Job
	409597  -  Run Bytes Received By Job
	6204  -  Total Bytes Sent By Job
	409597  -  Total Bytes Received By Job
	Partitionable Resources :    Usage  Request Allocated 
	   Cpus                 :        0        8         8 
	   Disk (KB)            :      428      425   2590573 
	   Memory (MB)          :        8    16000     16000 

	Job terminated of its own accord at 2024-07-24T14:34:57Z with exit-code 0.
...
040 (10252907.2501.000) 07/24 18:02:30 Started transferring input files
	Transferring to host: <188.185.193.45:9618?addrs=188.185.193.45-9618+[2001-1458-303-20--100-29]-9618&alias=b9p19p7705.cern.ch&noUDP&sock=slot1_21_2256950_32bb_5433>
...
040 (10252907.2501.000) 07/24 18:02:30 Finished transferring input files
...
001 (10252907.2501.000) 07/24 18:02:31 Job executing on host: <188.185.193.45:9618?addrs=188.185.193.45-9618+[2001-1458-303-20--100-29]-9618&alias=b9p19p7705.cern.ch&noUDP&sock=startd_127931_9a87>
	SlotName: slot1_21@b9p19p7705.cern.ch
	CondorScratchDir = "/pool/condor/dir_1341095"
	Cpus = 8
	Disk = 2916234
	Memory = 16000
...
006 (10252907.2501.000) 07/24 18:02:38 Image size of job updated: 159724
	8  -  MemoryUsage of job (MB)
	7440  -  ResidentSetSize of job (KB)
...
040 (10252907.2501.000) 07/24 18:02:38 Started transferring output files
...
040 (10252907.2501.000) 07/24 18:02:38 Finished transferring output files
...
005 (10252907.2501.000) 07/24 18:02:38 Job terminated.
	(1) Normal termination (return value 0)
		Usr 0 00:00:05, Sys 0 00:00:00  -  Run Remote Usage
		Usr 0 00:00:00, Sys 0 00:00:00  -  Run Local Usage
		Usr 0 00:00:05, Sys 0 00:00:00  -  Total Remote Usage
		Usr 0 00:00:00, Sys 0 00:00:00  -  Total Local Usage
	6204  -  Run Bytes Sent By Job
	409597  -  Run Bytes Received By Job
	6204  -  Total Bytes Sent By Job
	409597  -  Total Bytes Received By Job
	Partitionable Resources :    Usage  Request Allocated 
	   Cpus                 :        0        8         8 
	   Disk (KB)            :      427      425   2916234 
	   Memory (MB)          :        8    16000     16000 

	Job terminated of its own accord at 2024-07-24T16:02:38Z with exit-code 0.
...
040 (10252908.2501.000) 07/24 19:06:48 Started transferring input files
	Transferring to host: <188.185.204.207:9618?addrs=188.185.204.207-9618+[2001-1458-303-8--100-c3]-9618&alias=b9p02p9959.cern.ch&noUDP&sock=slot1_13_7774_3c75_155327>
...
040 (10252908.2501.000) 07/24 19:06:48 Finished transferring input files
...
001 (10252908.2501.000) 07/24 19:06:49 Job executing on host: <188.185.204.207:9618?addrs=188.185.204.207-9618+[2001-1458-303-8--100-c3]-9618&alias=b9p02p9959.cern.ch&noUDP&sock=startd_7706_40e6>
	SlotName: slot1_13@b9p02p9959.cern.ch
	CondorScratchDir = "/pool/condor/dir_3130104"
	Cpus = 8
	Disk = 2800925
	Memory = 16000
...
006 (10252908.2501.000) 07/24 19:06:53 Image size of job updated: 159304
	8  -  MemoryUsage of job (MB)
	7244  -  ResidentSetSize of job (KB)
...
040 (10252908.2501.000) 07/24 19:06:53 Started transferring output files
...
040 (10252908.2501.000) 07/24 19:06:53 Finished transferring output files
...
005 (10252908.2501.000) 07/24 19:06:53 Job terminated.
	(1) Normal termination (return value 0)
		Usr 0 00:00:03, Sys 0 00:00:00  -  Run Remote Usage
		Usr 0 00:00:00, Sys 0 00:00:00  -  Run Local Usage
		Usr 0 00:00:03, Sys 0 00:00:00  -  Total Remote Usage
		Usr 0 00:00:00, Sys 0 00:00:00  -  Total Local Usage
	6204  -  Run Bytes Sent By Job
	409597  -  Run Bytes Received By Job
	6204  -  Total Bytes Sent By Job
	409597  -  Total Bytes Received By Job
	Partitionable Resources :    Usage  Request Allocated 
	   Cpus                 :        0        8         8 
	   Disk (KB)            :      428      425   2800925 
	   Memory (MB)          :        8    16000     16000 

	Job terminated of its own accord at 2024-07-24T17:06:53Z with exit-code 0.
...
040 (10252909.2501.000) 07/24 20:09:57 Started transferring input files
	Transferring to host: <188.185.204.181:9618?addrs=188.185.204.181-9618+[2001-1458-303-8--100-a9]-9618&alias=b9p02p9149.cern.ch&noUDP&sock=slot1_47_7299_8e42_156640>
...
040 (10252909.2501.000) 07/24 20:09:57 Finished transferring input files
...
001 (10252909.2501.000) 07/24 20:09:58 Job executing on host: <188.185.204.181:9618?addrs=188.185.204.181-9618+[2001-1458-303-8--100-a9]-9618&alias=b9p02p9149.cern.ch&noUDP&sock=startd_7223_f4a8>
	SlotName: slot1_47@b9p02p9149.cern.ch
	CondorScratchDir = "/pool/condor/dir_4103619"
	Cpus = 8
	Disk = 2726839
	Memory = 16000
...
006 (10252909.2501.000) 07/24 20:10:03 Image size of job updated: 159376
	8  -  MemoryUsage of job (MB)
	8176  -  ResidentSetSize of job (KB)
...
040 (10252909.2501.000) 07/24 20:10:03 Started transferring output files
...
040 (10252909.2501.000) 07/24 20:10:03 Finished transferring output files
...
005 (10252909.2501.000) 07/24 20:10:03 Job terminated.
	(1) Normal termination (return value 0)
		Usr 0 00:00:04, Sys 0 00:00:00  -  Run Remote Usage
		Usr 0 00:00:00, Sys 0 00:00:00  -  Run Local Usage
		Usr 0 00:00:04, Sys 0 00:00:00  -  Total Remote Usage
		Usr 0 00:00:00, Sys 0 00:00:00  -  Total Local Usage
	6204  -  Run Bytes Sent By Job
	409597  -  Run Bytes Received By Job
	6204  -  Total Bytes Sent By Job
	409597  -  Total Bytes Received By Job
	Partitionable Resources :    Usage  Request Allocated 
	   Cpus                 :        0        8         8 
	   Disk (KB)            :      428      425   2726839 
	   Memory (MB)          :        8    16000     16000 

	Job terminated of its own accord at 2024-07-24T18:10:03Z with exit-code 0.
...
000 (10261715.2501.000) 07/25 13:02:29 Job submitted from host: <188.185.114.121:9618?addrs=188.185.114.121-9618+[2001-1458-d00-a--100-273]-9618&alias=bigbird19.cern.ch&noUDP&sock=schedd_4961_696e>
...
009 (10261715.2501.000) 07/25 13:06:52 Job was aborted.
	via condor_rm (by user yelberke)
...
000 (10261767.2501.000) 07/25 13:20:31 Job submitted from host: <188.185.114.121:9618?addrs=188.185.114.121-9618+[2001-1458-d00-a--100-273]-9618&alias=bigbird19.cern.ch&noUDP&sock=schedd_4961_696e>
...
040 (10261767.2501.000) 07/25 14:31:32 Started transferring input files
	Transferring to host: <188.185.209.46:9618?addrs=188.185.209.46-9618+[2001-1458-303-11--100-2b]-9618&alias=b9p11p5617.cern.ch&noUDP&sock=slot1_13_13557_e200_145186>
...
040 (10261767.2501.000) 07/25 14:31:32 Finished transferring input files
...
001 (10261767.2501.000) 07/25 14:31:33 Job executing on host: <188.185.209.46:9618?addrs=188.185.209.46-9618+[2001-1458-303-11--100-2b]-9618&alias=b9p11p5617.cern.ch&noUDP&sock=startd_12097_1d42>
	SlotName: slot1_13@b9p11p5617.cern.ch
	CondorScratchDir = "/pool/condor/dir_929371"
	Cpus = 12
	Disk = 2865072
	Memory = 24000
...
006 (10261767.2501.000) 07/25 14:31:38 Image size of job updated: 160608
	7  -  MemoryUsage of job (MB)
	6716  -  ResidentSetSize of job (KB)
...
040 (10261767.2501.000) 07/25 14:31:38 Started transferring output files
...
040 (10261767.2501.000) 07/25 14:31:38 Finished transferring output files
...
005 (10261767.2501.000) 07/25 14:31:38 Job terminated.
	(1) Normal termination (return value 0)
		Usr 0 00:00:04, Sys 0 00:00:00  -  Run Remote Usage
		Usr 0 00:00:00, Sys 0 00:00:00  -  Run Local Usage
		Usr 0 00:00:04, Sys 0 00:00:00  -  Total Remote Usage
		Usr 0 00:00:00, Sys 0 00:00:00  -  Total Local Usage
	6676  -  Run Bytes Sent By Job
	409597  -  Run Bytes Received By Job
	6676  -  Total Bytes Sent By Job
	409597  -  Total Bytes Received By Job
	Partitionable Resources :    Usage  Request Allocated 
	   Cpus                 :        0       12        12 
	   Disk (KB)            :      429      425   2865072 
	   Memory (MB)          :        7    24000     24000 

	Job terminated of its own accord at 2024-07-25T12:31:38Z with exit-code 0.
...
000 (10284266.2501.000) 08/02 15:46:18 Job submitted from host: <188.185.114.121:9618?addrs=188.185.114.121-9618+[2001-1458-d00-a--100-273]-9618&alias=bigbird19.cern.ch&noUDP&sock=schedd_4961_696e>
...
009 (10284266.2501.000) 08/02 15:49:34 Job was aborted.
	via condor_rm (by user yelberke)
...
000 (10284267.2501.000) 08/02 15:49:56 Job submitted from host: <188.185.114.121:9618?addrs=188.185.114.121-9618+[2001-1458-d00-a--100-273]-9618&alias=bigbird19.cern.ch&noUDP&sock=schedd_4961_696e>
...
040 (10284267.2501.000) 08/02 16:43:17 Started transferring input files
	Transferring to host: <188.185.205.116:9618?addrs=188.185.205.116-9618+[2001-1458-303-9--100-71]-9618&alias=b9p03p3930.cern.ch&noUDP&sock=slot1_14_7506_67ea_92209>
...
040 (10284267.2501.000) 08/02 16:43:17 Finished transferring input files
...
001 (10284267.2501.000) 08/02 16:43:18 Job executing on host: <188.185.205.116:9618?addrs=188.185.205.116-9618+[2001-1458-303-9--100-71]-9618&alias=b9p03p3930.cern.ch&noUDP&sock=startd_6184_49c1>
	SlotName: slot1_14@b9p03p3930.cern.ch
	CondorScratchDir = "/pool/condor/dir_1899984"
	Cpus = 12
	Disk = 2829244
	Memory = 24000
...
006 (10284267.2501.000) 08/02 16:43:20 Image size of job updated: 323484
	1  -  MemoryUsage of job (MB)
	724  -  ResidentSetSize of job (KB)
...
040 (10284267.2501.000) 08/02 16:43:20 Started transferring output files
...
040 (10284267.2501.000) 08/02 16:43:20 Finished transferring output files
...
005 (10284267.2501.000) 08/02 16:43:20 Job terminated.
	(1) Normal termination (return value 139)
		Usr 0 00:00:02, Sys 0 00:00:00  -  Run Remote Usage
		Usr 0 00:00:00, Sys 0 00:00:00  -  Run Local Usage
		Usr 0 00:00:02, Sys 0 00:00:00  -  Total Remote Usage
		Usr 0 00:00:00, Sys 0 00:00:00  -  Total Local Usage
	7696  -  Run Bytes Sent By Job
	409597  -  Run Bytes Received By Job
	7696  -  Total Bytes Sent By Job
	409597  -  Total Bytes Received By Job
	Partitionable Resources :    Usage  Request Allocated 
	   Cpus                 :        0       12        12 
	   Disk (KB)            :      430      425   2829244 
	   Memory (MB)          :        1    24000     24000 

	Job terminated of its own accord at 2024-08-02T14:43:20Z with exit-code 139.
...
