000 (10252905.2514.000) 07/24 16:13:18 Job submitted from host: <188.185.114.121:9618?addrs=188.185.114.121-9618+[2001-1458-d00-a--100-273]-9618&alias=bigbird19.cern.ch&noUDP&sock=schedd_4961_696e>
...
009 (10252905.2514.000) 07/24 16:14:49 Job was aborted.
	via condor_rm (by user yelberke)
...
000 (10252906.2514.000) 07/24 16:15:38 Job submitted from host: <188.185.114.121:9618?addrs=188.185.114.121-9618+[2001-1458-d00-a--100-273]-9618&alias=bigbird19.cern.ch&noUDP&sock=schedd_4961_696e>
...
000 (10252907.2514.000) 07/24 16:17:32 Job submitted from host: <188.185.114.121:9618?addrs=188.185.114.121-9618+[2001-1458-d00-a--100-273]-9618&alias=bigbird19.cern.ch&noUDP&sock=schedd_4961_696e>
...
000 (10252908.2514.000) 07/24 16:18:05 Job submitted from host: <188.185.114.121:9618?addrs=188.185.114.121-9618+[2001-1458-d00-a--100-273]-9618&alias=bigbird19.cern.ch&noUDP&sock=schedd_4961_696e>
...
000 (10252909.2514.000) 07/24 16:18:41 Job submitted from host: <188.185.114.121:9618?addrs=188.185.114.121-9618+[2001-1458-d00-a--100-273]-9618&alias=bigbird19.cern.ch&noUDP&sock=schedd_4961_696e>
...
040 (10252906.2514.000) 07/24 16:34:47 Started transferring input files
	Transferring to host: <188.185.206.148:9618?addrs=188.185.206.148-9618&alias=b9p06p7528.cern.ch&noUDP&sock=slot1_3_5460_d057_155802>
...
040 (10252906.2514.000) 07/24 16:34:47 Finished transferring input files
...
001 (10252906.2514.000) 07/24 16:34:48 Job executing on host: <188.185.206.148:9618?addrs=188.185.206.148-9618&alias=b9p06p7528.cern.ch&noUDP&sock=startd_5003_3868>
	SlotName: slot1_3@b9p06p7528.cern.ch
	CondorScratchDir = "/pool/condor/dir_1739148"
	Cpus = 8
	Disk = 2653184
	Memory = 16000
...
006 (10252906.2514.000) 07/24 16:34:52 Image size of job updated: 164528
	10  -  MemoryUsage of job (MB)
	9976  -  ResidentSetSize of job (KB)
...
040 (10252906.2514.000) 07/24 16:34:52 Started transferring output files
...
040 (10252906.2514.000) 07/24 16:34:52 Finished transferring output files
...
005 (10252906.2514.000) 07/24 16:34:52 Job terminated.
	(1) Normal termination (return value 0)
		Usr 0 00:00:03, Sys 0 00:00:00  -  Run Remote Usage
		Usr 0 00:00:00, Sys 0 00:00:00  -  Run Local Usage
		Usr 0 00:00:03, Sys 0 00:00:00  -  Total Remote Usage
		Usr 0 00:00:00, Sys 0 00:00:00  -  Total Local Usage
	6204  -  Run Bytes Sent By Job
	409597  -  Run Bytes Received By Job
	6204  -  Total Bytes Sent By Job
	409597  -  Total Bytes Received By Job
	Partitionable Resources :    Usage  Request Allocated 
	   Cpus                 :        0        8         8 
	   Disk (KB)            :      428      425   2653184 
	   Memory (MB)          :       10    16000     16000 

	Job terminated of its own accord at 2024-07-24T14:34:52Z with exit-code 0.
...
040 (10252907.2514.000) 07/24 18:02:35 Started transferring input files
	Transferring to host: <188.185.208.225:9618?addrs=188.185.208.225-9618+[2001-1458-303-10--100-5e]-9618&alias=b9p10p2513.cern.ch&noUDP&sock=slot1_5_12029_44c2_23869>
...
040 (10252907.2514.000) 07/24 18:02:35 Finished transferring input files
...
001 (10252907.2514.000) 07/24 18:02:36 Job executing on host: <188.185.208.225:9618?addrs=188.185.208.225-9618+[2001-1458-303-10--100-5e]-9618&alias=b9p10p2513.cern.ch&noUDP&sock=startd_10913_fd20>
	SlotName: slot1_5@b9p10p2513.cern.ch
	CondorScratchDir = "/pool/condor/dir_1499869"
	Cpus = 8
	Disk = 2331725
	Memory = 16000
...
006 (10252907.2514.000) 07/24 18:02:42 Image size of job updated: 158744
	8  -  MemoryUsage of job (MB)
	7992  -  ResidentSetSize of job (KB)
...
040 (10252907.2514.000) 07/24 18:02:42 Started transferring output files
...
040 (10252907.2514.000) 07/24 18:02:42 Finished transferring output files
...
005 (10252907.2514.000) 07/24 18:02:42 Job terminated.
	(1) Normal termination (return value 0)
		Usr 0 00:00:04, Sys 0 00:00:00  -  Run Remote Usage
		Usr 0 00:00:00, Sys 0 00:00:00  -  Run Local Usage
		Usr 0 00:00:04, Sys 0 00:00:00  -  Total Remote Usage
		Usr 0 00:00:00, Sys 0 00:00:00  -  Total Local Usage
	6204  -  Run Bytes Sent By Job
	409597  -  Run Bytes Received By Job
	6204  -  Total Bytes Sent By Job
	409597  -  Total Bytes Received By Job
	Partitionable Resources :    Usage  Request Allocated 
	   Cpus                 :        0        8         8 
	   Disk (KB)            :      427      425   2331725 
	   Memory (MB)          :        8    16000     16000 

	Job terminated of its own accord at 2024-07-24T16:02:42Z with exit-code 0.
...
040 (10252908.2514.000) 07/24 19:06:52 Started transferring input files
	Transferring to host: <188.185.209.150:9618?addrs=188.185.209.150-9618+[2001-1458-303-12--100-13]-9618&alias=b9p12p9730.cern.ch&noUDP&sock=slot1_2_6331_831b_145006>
...
040 (10252908.2514.000) 07/24 19:06:52 Finished transferring input files
...
001 (10252908.2514.000) 07/24 19:06:53 Job executing on host: <188.185.209.150:9618?addrs=188.185.209.150-9618+[2001-1458-303-12--100-13]-9618&alias=b9p12p9730.cern.ch&noUDP&sock=startd_5106_dea9>
	SlotName: slot1_2@b9p12p9730.cern.ch
	CondorScratchDir = "/pool/condor/dir_1588764"
	Cpus = 8
	Disk = 2764166
	Memory = 16000
...
006 (10252908.2514.000) 07/24 19:06:57 Image size of job updated: 158496
	8  -  MemoryUsage of job (MB)
	7500  -  ResidentSetSize of job (KB)
...
040 (10252908.2514.000) 07/24 19:06:57 Started transferring output files
...
040 (10252908.2514.000) 07/24 19:06:57 Finished transferring output files
...
005 (10252908.2514.000) 07/24 19:06:57 Job terminated.
	(1) Normal termination (return value 0)
		Usr 0 00:00:03, Sys 0 00:00:00  -  Run Remote Usage
		Usr 0 00:00:00, Sys 0 00:00:00  -  Run Local Usage
		Usr 0 00:00:03, Sys 0 00:00:00  -  Total Remote Usage
		Usr 0 00:00:00, Sys 0 00:00:00  -  Total Local Usage
	6204  -  Run Bytes Sent By Job
	409597  -  Run Bytes Received By Job
	6204  -  Total Bytes Sent By Job
	409597  -  Total Bytes Received By Job
	Partitionable Resources :    Usage  Request Allocated 
	   Cpus                 :     0.06        8         8 
	   Disk (KB)            :   428         425   2764166 
	   Memory (MB)          :     8       16000     16000 

	Job terminated of its own accord at 2024-07-24T17:06:57Z with exit-code 0.
...
040 (10252909.2514.000) 07/24 20:10:06 Started transferring input files
	Transferring to host: <188.185.205.107:9618?addrs=188.185.205.107-9618+[2001-1458-303-9--100-68]-9618&alias=b9p03p1852.cern.ch&noUDP&sock=slot1_6_7657_cc90_71926>
...
040 (10252909.2514.000) 07/24 20:10:06 Finished transferring input files
...
001 (10252909.2514.000) 07/24 20:10:07 Job executing on host: <188.185.205.107:9618?addrs=188.185.205.107-9618+[2001-1458-303-9--100-68]-9618&alias=b9p03p1852.cern.ch&noUDP&sock=startd_6598_41f7>
	SlotName: slot1_6@b9p03p1852.cern.ch
	CondorScratchDir = "/pool/condor/dir_2039245"
	Cpus = 8
	Disk = 2770455
	Memory = 16000
...
006 (10252909.2514.000) 07/24 20:10:11 Image size of job updated: 165132
	10  -  MemoryUsage of job (MB)
	10200  -  ResidentSetSize of job (KB)
...
040 (10252909.2514.000) 07/24 20:10:11 Started transferring output files
...
040 (10252909.2514.000) 07/24 20:10:11 Finished transferring output files
...
005 (10252909.2514.000) 07/24 20:10:11 Job terminated.
	(1) Normal termination (return value 0)
		Usr 0 00:00:03, Sys 0 00:00:00  -  Run Remote Usage
		Usr 0 00:00:00, Sys 0 00:00:00  -  Run Local Usage
		Usr 0 00:00:03, Sys 0 00:00:00  -  Total Remote Usage
		Usr 0 00:00:00, Sys 0 00:00:00  -  Total Local Usage
	6204  -  Run Bytes Sent By Job
	409597  -  Run Bytes Received By Job
	6204  -  Total Bytes Sent By Job
	409597  -  Total Bytes Received By Job
	Partitionable Resources :    Usage  Request Allocated 
	   Cpus                 :        0        8         8 
	   Disk (KB)            :      428      425   2770455 
	   Memory (MB)          :       10    16000     16000 

	Job terminated of its own accord at 2024-07-24T18:10:11Z with exit-code 0.
...
000 (10261715.2514.000) 07/25 13:02:29 Job submitted from host: <188.185.114.121:9618?addrs=188.185.114.121-9618+[2001-1458-d00-a--100-273]-9618&alias=bigbird19.cern.ch&noUDP&sock=schedd_4961_696e>
...
009 (10261715.2514.000) 07/25 13:06:52 Job was aborted.
	via condor_rm (by user yelberke)
...
000 (10261767.2514.000) 07/25 13:20:31 Job submitted from host: <188.185.114.121:9618?addrs=188.185.114.121-9618+[2001-1458-d00-a--100-273]-9618&alias=bigbird19.cern.ch&noUDP&sock=schedd_4961_696e>
...
040 (10261767.2514.000) 07/25 14:31:37 Started transferring input files
	Transferring to host: <188.185.206.166:9618?addrs=188.185.206.166-9618+[2001-1458-303-c--100-23]-9618&alias=b9p06p7022.cern.ch&noUDP&sock=slot1_4_65019_846d_94078>
...
040 (10261767.2514.000) 07/25 14:31:37 Finished transferring input files
...
001 (10261767.2514.000) 07/25 14:31:38 Job executing on host: <188.185.206.166:9618?addrs=188.185.206.166-9618+[2001-1458-303-c--100-23]-9618&alias=b9p06p7022.cern.ch&noUDP&sock=startd_3379_4a9a>
	SlotName: slot1_4@b9p06p7022.cern.ch
	CondorScratchDir = "/pool/condor/dir_370753"
	Cpus = 12
	Disk = 2715235
	Memory = 24000
...
006 (10261767.2514.000) 07/25 14:31:44 Image size of job updated: 160516
	7  -  MemoryUsage of job (MB)
	6568  -  ResidentSetSize of job (KB)
...
040 (10261767.2514.000) 07/25 14:31:44 Started transferring output files
...
040 (10261767.2514.000) 07/25 14:31:44 Finished transferring output files
...
005 (10261767.2514.000) 07/25 14:31:44 Job terminated.
	(1) Normal termination (return value 0)
		Usr 0 00:00:04, Sys 0 00:00:00  -  Run Remote Usage
		Usr 0 00:00:00, Sys 0 00:00:00  -  Run Local Usage
		Usr 0 00:00:04, Sys 0 00:00:00  -  Total Remote Usage
		Usr 0 00:00:00, Sys 0 00:00:00  -  Total Local Usage
	6676  -  Run Bytes Sent By Job
	409597  -  Run Bytes Received By Job
	6676  -  Total Bytes Sent By Job
	409597  -  Total Bytes Received By Job
	Partitionable Resources :    Usage  Request Allocated 
	   Cpus                 :     0.07       12        12 
	   Disk (KB)            :   432         425   2715235 
	   Memory (MB)          :     7       24000     24000 

	Job terminated of its own accord at 2024-07-25T12:31:44Z with exit-code 0.
...
000 (10284266.2514.000) 08/02 15:46:19 Job submitted from host: <188.185.114.121:9618?addrs=188.185.114.121-9618+[2001-1458-d00-a--100-273]-9618&alias=bigbird19.cern.ch&noUDP&sock=schedd_4961_696e>
...
000 (10284267.2514.000) 08/02 15:49:56 Job submitted from host: <188.185.114.121:9618?addrs=188.185.114.121-9618+[2001-1458-d00-a--100-273]-9618&alias=bigbird19.cern.ch&noUDP&sock=schedd_4961_696e>
...
009 (10284266.2514.000) 08/02 15:50:21 Job was aborted.
	via condor_rm (by user yelberke)
...
040 (10284267.2514.000) 08/02 16:43:22 Started transferring input files
	Transferring to host: <188.185.209.48:9618?addrs=188.185.209.48-9618+[2001-1458-303-11--100-2d]-9618&alias=b9p11p2682.cern.ch&noUDP&sock=slot1_9_8029_e820_153580>
...
040 (10284267.2514.000) 08/02 16:43:22 Finished transferring input files
...
001 (10284267.2514.000) 08/02 16:43:23 Job executing on host: <188.185.209.48:9618?addrs=188.185.209.48-9618+[2001-1458-303-11--100-2d]-9618&alias=b9p11p2682.cern.ch&noUDP&sock=startd_6404_3097>
	SlotName: slot1_9@b9p11p2682.cern.ch
	CondorScratchDir = "/pool/condor/dir_1138629"
	Cpus = 12
	Disk = 2685181
	Memory = 24000
...
006 (10284267.2514.000) 08/02 16:43:25 Image size of job updated: 316980
	4  -  MemoryUsage of job (MB)
	3680  -  ResidentSetSize of job (KB)
...
040 (10284267.2514.000) 08/02 16:43:25 Started transferring output files
...
040 (10284267.2514.000) 08/02 16:43:25 Finished transferring output files
...
005 (10284267.2514.000) 08/02 16:43:25 Job terminated.
	(1) Normal termination (return value 139)
		Usr 0 00:00:02, Sys 0 00:00:01  -  Run Remote Usage
		Usr 0 00:00:00, Sys 0 00:00:00  -  Run Local Usage
		Usr 0 00:00:02, Sys 0 00:00:01  -  Total Remote Usage
		Usr 0 00:00:00, Sys 0 00:00:00  -  Total Local Usage
	7696  -  Run Bytes Sent By Job
	409597  -  Run Bytes Received By Job
	7696  -  Total Bytes Sent By Job
	409597  -  Total Bytes Received By Job
	Partitionable Resources :    Usage  Request Allocated 
	   Cpus                 :        0       12        12 
	   Disk (KB)            :      430      425   2685181 
	   Memory (MB)          :        4    24000     24000 

	Job terminated of its own accord at 2024-08-02T14:43:25Z with exit-code 139.
...
