000 (10252905.2531.000) 07/24 16:13:18 Job submitted from host: <188.185.114.121:9618?addrs=188.185.114.121-9618+[2001-1458-d00-a--100-273]-9618&alias=bigbird19.cern.ch&noUDP&sock=schedd_4961_696e>
...
009 (10252905.2531.000) 07/24 16:14:49 Job was aborted.
	via condor_rm (by user yelberke)
...
000 (10252906.2531.000) 07/24 16:15:38 Job submitted from host: <188.185.114.121:9618?addrs=188.185.114.121-9618+[2001-1458-d00-a--100-273]-9618&alias=bigbird19.cern.ch&noUDP&sock=schedd_4961_696e>
...
000 (10252907.2531.000) 07/24 16:17:32 Job submitted from host: <188.185.114.121:9618?addrs=188.185.114.121-9618+[2001-1458-d00-a--100-273]-9618&alias=bigbird19.cern.ch&noUDP&sock=schedd_4961_696e>
...
000 (10252908.2531.000) 07/24 16:18:05 Job submitted from host: <188.185.114.121:9618?addrs=188.185.114.121-9618+[2001-1458-d00-a--100-273]-9618&alias=bigbird19.cern.ch&noUDP&sock=schedd_4961_696e>
...
000 (10252909.2531.000) 07/24 16:18:41 Job submitted from host: <188.185.114.121:9618?addrs=188.185.114.121-9618+[2001-1458-d00-a--100-273]-9618&alias=bigbird19.cern.ch&noUDP&sock=schedd_4961_696e>
...
040 (10252906.2531.000) 07/24 16:34:56 Started transferring input files
	Transferring to host: <188.185.207.10:9618?addrs=188.185.207.10-9618+[2001-1458-303-d--100-7]-9618&alias=b9p07p2827.cern.ch&noUDP&sock=slot1_18_3557_fa6a_84140>
...
040 (10252906.2531.000) 07/24 16:34:56 Finished transferring input files
...
001 (10252906.2531.000) 07/24 16:34:57 Job executing on host: <188.185.207.10:9618?addrs=188.185.207.10-9618+[2001-1458-303-d--100-7]-9618&alias=b9p07p2827.cern.ch&noUDP&sock=startd_3468_5688>
	SlotName: slot1_18@b9p07p2827.cern.ch
	CondorScratchDir = "/pool/condor/dir_1483422"
	Cpus = 8
	Disk = 2671090
	Memory = 16000
...
006 (10252906.2531.000) 07/24 16:35:04 Image size of job updated: 158144
	8  -  MemoryUsage of job (MB)
	7676  -  ResidentSetSize of job (KB)
...
040 (10252906.2531.000) 07/24 16:35:04 Started transferring output files
...
040 (10252906.2531.000) 07/24 16:35:04 Finished transferring output files
...
005 (10252906.2531.000) 07/24 16:35:04 Job terminated.
	(1) Normal termination (return value 0)
		Usr 0 00:00:04, Sys 0 00:00:00  -  Run Remote Usage
		Usr 0 00:00:00, Sys 0 00:00:00  -  Run Local Usage
		Usr 0 00:00:04, Sys 0 00:00:00  -  Total Remote Usage
		Usr 0 00:00:00, Sys 0 00:00:00  -  Total Local Usage
	6204  -  Run Bytes Sent By Job
	409597  -  Run Bytes Received By Job
	6204  -  Total Bytes Sent By Job
	409597  -  Total Bytes Received By Job
	Partitionable Resources :    Usage  Request Allocated 
	   Cpus                 :        0        8         8 
	   Disk (KB)            :      428      425   2671090 
	   Memory (MB)          :        8    16000     16000 

	Job terminated of its own accord at 2024-07-24T14:35:04Z with exit-code 0.
...
040 (10252907.2531.000) 07/24 18:02:40 Started transferring input files
	Transferring to host: <188.185.205.113:9618?addrs=188.185.205.113-9618+[2001-1458-303-9--100-6e]-9618&alias=b9p03p4710.cern.ch&noUDP&sock=slot1_13_7285_b101_155104>
...
040 (10252907.2531.000) 07/24 18:02:40 Finished transferring input files
...
001 (10252907.2531.000) 07/24 18:02:41 Job executing on host: <188.185.205.113:9618?addrs=188.185.205.113-9618+[2001-1458-303-9--100-6e]-9618&alias=b9p03p4710.cern.ch&noUDP&sock=startd_7219_3647>
	SlotName: slot1_13@b9p03p4710.cern.ch
	CondorScratchDir = "/pool/condor/dir_1756765"
	Cpus = 8
	Disk = 2754221
	Memory = 16000
...
006 (10252907.2531.000) 07/24 18:02:45 Image size of job updated: 159748
	9  -  MemoryUsage of job (MB)
	8204  -  ResidentSetSize of job (KB)
...
040 (10252907.2531.000) 07/24 18:02:45 Started transferring output files
...
040 (10252907.2531.000) 07/24 18:02:45 Finished transferring output files
...
005 (10252907.2531.000) 07/24 18:02:45 Job terminated.
	(1) Normal termination (return value 0)
		Usr 0 00:00:03, Sys 0 00:00:00  -  Run Remote Usage
		Usr 0 00:00:00, Sys 0 00:00:00  -  Run Local Usage
		Usr 0 00:00:03, Sys 0 00:00:00  -  Total Remote Usage
		Usr 0 00:00:00, Sys 0 00:00:00  -  Total Local Usage
	6204  -  Run Bytes Sent By Job
	409597  -  Run Bytes Received By Job
	6204  -  Total Bytes Sent By Job
	409597  -  Total Bytes Received By Job
	Partitionable Resources :    Usage  Request Allocated 
	   Cpus                 :        0        8         8 
	   Disk (KB)            :      427      425   2754221 
	   Memory (MB)          :        9    16000     16000 

	Job terminated of its own accord at 2024-07-24T16:02:45Z with exit-code 0.
...
040 (10252908.2531.000) 07/24 19:06:57 Started transferring input files
	Transferring to host: <188.185.206.77:9618?addrs=188.185.206.77-9618+[2001-1458-303-b--100-4a]-9618&alias=b9p05p8888.cern.ch&noUDP&sock=slot1_4_65017_1bad_87506>
...
040 (10252908.2531.000) 07/24 19:06:57 Finished transferring input files
...
001 (10252908.2531.000) 07/24 19:06:58 Job executing on host: <188.185.206.77:9618?addrs=188.185.206.77-9618+[2001-1458-303-b--100-4a]-9618&alias=b9p05p8888.cern.ch&noUDP&sock=startd_5469_db8a>
	SlotName: slot1_4@b9p05p8888.cern.ch
	CondorScratchDir = "/pool/condor/dir_2784798"
	Cpus = 8
	Disk = 2731419
	Memory = 16000
...
006 (10252908.2531.000) 07/24 19:07:05 Image size of job updated: 159732
	8  -  MemoryUsage of job (MB)
	7560  -  ResidentSetSize of job (KB)
...
040 (10252908.2531.000) 07/24 19:07:05 Started transferring output files
...
040 (10252908.2531.000) 07/24 19:07:05 Finished transferring output files
...
005 (10252908.2531.000) 07/24 19:07:05 Job terminated.
	(1) Normal termination (return value 0)
		Usr 0 00:00:05, Sys 0 00:00:00  -  Run Remote Usage
		Usr 0 00:00:00, Sys 0 00:00:00  -  Run Local Usage
		Usr 0 00:00:05, Sys 0 00:00:00  -  Total Remote Usage
		Usr 0 00:00:00, Sys 0 00:00:00  -  Total Local Usage
	6204  -  Run Bytes Sent By Job
	409597  -  Run Bytes Received By Job
	6204  -  Total Bytes Sent By Job
	409597  -  Total Bytes Received By Job
	Partitionable Resources :    Usage  Request Allocated 
	   Cpus                 :        0        8         8 
	   Disk (KB)            :      431      425   2731419 
	   Memory (MB)          :        8    16000     16000 

	Job terminated of its own accord at 2024-07-24T17:07:05Z with exit-code 0.
...
040 (10252909.2531.000) 07/24 20:10:07 Started transferring input files
	Transferring to host: <188.185.209.230:9618?addrs=188.185.209.230-9618+[2001-1458-303-12--100-63]-9618&alias=b9p12p8570.cern.ch&noUDP&sock=slot1_3_2040237_48ef_101934>
...
040 (10252909.2531.000) 07/24 20:10:07 Finished transferring input files
...
001 (10252909.2531.000) 07/24 20:10:08 Job executing on host: <188.185.209.230:9618?addrs=188.185.209.230-9618+[2001-1458-303-12--100-63]-9618&alias=b9p12p8570.cern.ch&noUDP&sock=startd_2040196_5697>
	SlotName: slot1_3@b9p12p8570.cern.ch
	CondorScratchDir = "/pool/condor/dir_1595314"
	Cpus = 8
	Disk = 2745042
	Memory = 16000
...
006 (10252909.2531.000) 07/24 20:10:15 Image size of job updated: 158160
	8  -  MemoryUsage of job (MB)
	7336  -  ResidentSetSize of job (KB)
...
040 (10252909.2531.000) 07/24 20:10:15 Started transferring output files
...
040 (10252909.2531.000) 07/24 20:10:15 Finished transferring output files
...
005 (10252909.2531.000) 07/24 20:10:15 Job terminated.
	(1) Normal termination (return value 0)
		Usr 0 00:00:04, Sys 0 00:00:00  -  Run Remote Usage
		Usr 0 00:00:00, Sys 0 00:00:00  -  Run Local Usage
		Usr 0 00:00:04, Sys 0 00:00:00  -  Total Remote Usage
		Usr 0 00:00:00, Sys 0 00:00:00  -  Total Local Usage
	6204  -  Run Bytes Sent By Job
	409597  -  Run Bytes Received By Job
	6204  -  Total Bytes Sent By Job
	409597  -  Total Bytes Received By Job
	Partitionable Resources :    Usage  Request Allocated 
	   Cpus                 :        0        8         8 
	   Disk (KB)            :      431      425   2745042 
	   Memory (MB)          :        8    16000     16000 

	Job terminated of its own accord at 2024-07-24T18:10:15Z with exit-code 0.
...
000 (10261715.2531.000) 07/25 13:02:29 Job submitted from host: <188.185.114.121:9618?addrs=188.185.114.121-9618+[2001-1458-d00-a--100-273]-9618&alias=bigbird19.cern.ch&noUDP&sock=schedd_4961_696e>
...
009 (10261715.2531.000) 07/25 13:06:52 Job was aborted.
	via condor_rm (by user yelberke)
...
000 (10261767.2531.000) 07/25 13:20:31 Job submitted from host: <188.185.114.121:9618?addrs=188.185.114.121-9618+[2001-1458-d00-a--100-273]-9618&alias=bigbird19.cern.ch&noUDP&sock=schedd_4961_696e>
...
040 (10261767.2531.000) 07/25 14:31:42 Started transferring input files
	Transferring to host: <188.185.204.183:9618?addrs=188.185.204.183-9618+[2001-1458-303-8--100-ab]-9618&alias=b9p02p1447.cern.ch&noUDP&sock=slot1_14_7183_d2bd_157750>
...
040 (10261767.2531.000) 07/25 14:31:42 Finished transferring input files
...
001 (10261767.2531.000) 07/25 14:31:43 Job executing on host: <188.185.204.183:9618?addrs=188.185.204.183-9618+[2001-1458-303-8--100-ab]-9618&alias=b9p02p1447.cern.ch&noUDP&sock=startd_6952_127d>
	SlotName: slot1_14@b9p02p1447.cern.ch
	CondorScratchDir = "/pool/condor/dir_3946078"
	Cpus = 12
	Disk = 2707620
	Memory = 24000
...
006 (10261767.2531.000) 07/25 14:31:47 Image size of job updated: 160804
	8  -  MemoryUsage of job (MB)
	7248  -  ResidentSetSize of job (KB)
...
040 (10261767.2531.000) 07/25 14:31:47 Started transferring output files
...
040 (10261767.2531.000) 07/25 14:31:47 Finished transferring output files
...
005 (10261767.2531.000) 07/25 14:31:47 Job terminated.
	(1) Normal termination (return value 0)
		Usr 0 00:00:03, Sys 0 00:00:00  -  Run Remote Usage
		Usr 0 00:00:00, Sys 0 00:00:00  -  Run Local Usage
		Usr 0 00:00:03, Sys 0 00:00:00  -  Total Remote Usage
		Usr 0 00:00:00, Sys 0 00:00:00  -  Total Local Usage
	6676  -  Run Bytes Sent By Job
	409597  -  Run Bytes Received By Job
	6676  -  Total Bytes Sent By Job
	409597  -  Total Bytes Received By Job
	Partitionable Resources :    Usage  Request Allocated 
	   Cpus                 :        0       12        12 
	   Disk (KB)            :      429      425   2707620 
	   Memory (MB)          :        8    24000     24000 

	Job terminated of its own accord at 2024-07-25T12:31:47Z with exit-code 0.
...
000 (10284266.2531.000) 08/02 15:46:19 Job submitted from host: <188.185.114.121:9618?addrs=188.185.114.121-9618+[2001-1458-d00-a--100-273]-9618&alias=bigbird19.cern.ch&noUDP&sock=schedd_4961_696e>
...
000 (10284267.2531.000) 08/02 15:49:56 Job submitted from host: <188.185.114.121:9618?addrs=188.185.114.121-9618+[2001-1458-d00-a--100-273]-9618&alias=bigbird19.cern.ch&noUDP&sock=schedd_4961_696e>
...
009 (10284266.2531.000) 08/02 15:50:22 Job was aborted.
	via condor_rm (by user yelberke)
...
040 (10284267.2531.000) 08/02 16:43:28 Started transferring input files
	Transferring to host: <188.185.192.30:9618?addrs=188.185.192.30-9618+[2001-1458-303-1f--100-1a]-9618&alias=b9p13p4361.cern.ch&noUDP&sock=slot1_1_300688_a5bc_31>
...
040 (10284267.2531.000) 08/02 16:43:28 Finished transferring input files
...
001 (10284267.2531.000) 08/02 16:43:29 Job executing on host: <188.185.192.30:9618?addrs=188.185.192.30-9618+[2001-1458-303-1f--100-1a]-9618&alias=b9p13p4361.cern.ch&noUDP&sock=startd_128754_1cf9>
	SlotName: slot1_1@b9p13p4361.cern.ch
	CondorScratchDir = "/pool/condor/dir_305991"
	Cpus = 12
	Disk = 2971653
	Memory = 24000
...
006 (10284267.2531.000) 08/02 16:43:30 Image size of job updated: 316828
	5  -  MemoryUsage of job (MB)
	4472  -  ResidentSetSize of job (KB)
...
040 (10284267.2531.000) 08/02 16:43:30 Started transferring output files
...
040 (10284267.2531.000) 08/02 16:43:31 Finished transferring output files
...
005 (10284267.2531.000) 08/02 16:43:31 Job terminated.
	(1) Normal termination (return value 139)
		Usr 0 00:00:02, Sys 0 00:00:00  -  Run Remote Usage
		Usr 0 00:00:00, Sys 0 00:00:00  -  Run Local Usage
		Usr 0 00:00:02, Sys 0 00:00:00  -  Total Remote Usage
		Usr 0 00:00:00, Sys 0 00:00:00  -  Total Local Usage
	7696  -  Run Bytes Sent By Job
	409597  -  Run Bytes Received By Job
	7696  -  Total Bytes Sent By Job
	409597  -  Total Bytes Received By Job
	Partitionable Resources :    Usage  Request Allocated 
	   Cpus                 :        0       12        12 
	   Disk (KB)            :      429      425   2971653 
	   Memory (MB)          :        5    24000     24000 

	Job terminated of its own accord at 2024-08-02T14:43:30Z with exit-code 139.
...
