000 (10252905.2565.000) 07/24 16:13:18 Job submitted from host: <188.185.114.121:9618?addrs=188.185.114.121-9618+[2001-1458-d00-a--100-273]-9618&alias=bigbird19.cern.ch&noUDP&sock=schedd_4961_696e>
...
009 (10252905.2565.000) 07/24 16:14:49 Job was aborted.
	via condor_rm (by user yelberke)
...
000 (10252906.2565.000) 07/24 16:15:38 Job submitted from host: <188.185.114.121:9618?addrs=188.185.114.121-9618+[2001-1458-d00-a--100-273]-9618&alias=bigbird19.cern.ch&noUDP&sock=schedd_4961_696e>
...
000 (10252907.2565.000) 07/24 16:17:32 Job submitted from host: <188.185.114.121:9618?addrs=188.185.114.121-9618+[2001-1458-d00-a--100-273]-9618&alias=bigbird19.cern.ch&noUDP&sock=schedd_4961_696e>
...
000 (10252908.2565.000) 07/24 16:18:05 Job submitted from host: <188.185.114.121:9618?addrs=188.185.114.121-9618+[2001-1458-d00-a--100-273]-9618&alias=bigbird19.cern.ch&noUDP&sock=schedd_4961_696e>
...
000 (10252909.2565.000) 07/24 16:18:41 Job submitted from host: <188.185.114.121:9618?addrs=188.185.114.121-9618+[2001-1458-d00-a--100-273]-9618&alias=bigbird19.cern.ch&noUDP&sock=schedd_4961_696e>
...
040 (10252906.2565.000) 07/24 16:35:08 Started transferring input files
	Transferring to host: <188.185.209.81:9618?addrs=188.185.209.81-9618+[2001-1458-303-11--100-4e]-9618&alias=b9p11p4508.cern.ch&noUDP&sock=slot1_21_4154_9e62_83815>
...
040 (10252906.2565.000) 07/24 16:35:08 Finished transferring input files
...
001 (10252906.2565.000) 07/24 16:35:09 Job executing on host: <188.185.209.81:9618?addrs=188.185.209.81-9618+[2001-1458-303-11--100-4e]-9618&alias=b9p11p4508.cern.ch&noUDP&sock=startd_3498_ea5f>
	SlotName: slot1_21@b9p11p4508.cern.ch
	CondorScratchDir = "/pool/condor/dir_135695"
	Cpus = 8
	Disk = 2426016
	Memory = 16000
...
006 (10252906.2565.000) 07/24 16:35:15 Image size of job updated: 166936
	11  -  MemoryUsage of job (MB)
	10884  -  ResidentSetSize of job (KB)
...
040 (10252906.2565.000) 07/24 16:35:15 Started transferring output files
...
040 (10252906.2565.000) 07/24 16:35:15 Finished transferring output files
...
005 (10252906.2565.000) 07/24 16:35:18 Job terminated.
	(1) Normal termination (return value 0)
		Usr 0 00:00:04, Sys 0 00:00:00  -  Run Remote Usage
		Usr 0 00:00:00, Sys 0 00:00:00  -  Run Local Usage
		Usr 0 00:00:04, Sys 0 00:00:00  -  Total Remote Usage
		Usr 0 00:00:00, Sys 0 00:00:00  -  Total Local Usage
	6204  -  Run Bytes Sent By Job
	409597  -  Run Bytes Received By Job
	6204  -  Total Bytes Sent By Job
	409597  -  Total Bytes Received By Job
	Partitionable Resources :    Usage  Request Allocated 
	   Cpus                 :        0        8         8 
	   Disk (KB)            :      428      425   2426016 
	   Memory (MB)          :       11    16000     16000 

	Job terminated of its own accord at 2024-07-24T14:35:15Z with exit-code 0.
...
040 (10252907.2565.000) 07/24 18:02:51 Started transferring input files
	Transferring to host: <188.185.206.168:9618?addrs=188.185.206.168-9618&alias=b9p06p3387.cern.ch&noUDP&sock=slot1_5_6887_43b1_155221>
...
040 (10252907.2565.000) 07/24 18:02:51 Finished transferring input files
...
001 (10252907.2565.000) 07/24 18:02:52 Job executing on host: <188.185.206.168:9618?addrs=188.185.206.168-9618&alias=b9p06p3387.cern.ch&noUDP&sock=startd_6821_3795>
	SlotName: slot1_5@b9p06p3387.cern.ch
	CondorScratchDir = "/pool/condor/dir_70576"
	Cpus = 8
	Disk = 2733101
	Memory = 16000
...
006 (10252907.2565.000) 07/24 18:02:56 Image size of job updated: 164332
	10  -  MemoryUsage of job (MB)
	9488  -  ResidentSetSize of job (KB)
...
040 (10252907.2565.000) 07/24 18:02:56 Started transferring output files
...
040 (10252907.2565.000) 07/24 18:02:56 Finished transferring output files
...
005 (10252907.2565.000) 07/24 18:02:56 Job terminated.
	(1) Normal termination (return value 0)
		Usr 0 00:00:03, Sys 0 00:00:00  -  Run Remote Usage
		Usr 0 00:00:00, Sys 0 00:00:00  -  Run Local Usage
		Usr 0 00:00:03, Sys 0 00:00:00  -  Total Remote Usage
		Usr 0 00:00:00, Sys 0 00:00:00  -  Total Local Usage
	6204  -  Run Bytes Sent By Job
	409597  -  Run Bytes Received By Job
	6204  -  Total Bytes Sent By Job
	409597  -  Total Bytes Received By Job
	Partitionable Resources :    Usage  Request Allocated 
	   Cpus                 :        0        8         8 
	   Disk (KB)            :      426      425   2733101 
	   Memory (MB)          :       10    16000     16000 

	Job terminated of its own accord at 2024-07-24T16:02:56Z with exit-code 0.
...
040 (10252908.2565.000) 07/24 19:07:09 Started transferring input files
	Transferring to host: <188.185.205.107:9618?addrs=188.185.205.107-9618+[2001-1458-303-9--100-68]-9618&alias=b9p03p1852.cern.ch&noUDP&sock=slot1_6_7657_cc90_71716>
...
040 (10252908.2565.000) 07/24 19:07:09 Finished transferring input files
...
001 (10252908.2565.000) 07/24 19:07:10 Job executing on host: <188.185.205.107:9618?addrs=188.185.205.107-9618+[2001-1458-303-9--100-68]-9618&alias=b9p03p1852.cern.ch&noUDP&sock=startd_6598_41f7>
	SlotName: slot1_6@b9p03p1852.cern.ch
	CondorScratchDir = "/pool/condor/dir_1861570"
	Cpus = 8
	Disk = 2761694
	Memory = 16000
...
006 (10252908.2565.000) 07/24 19:07:14 Image size of job updated: 158908
	8  -  MemoryUsage of job (MB)
	7564  -  ResidentSetSize of job (KB)
...
040 (10252908.2565.000) 07/24 19:07:14 Started transferring output files
...
040 (10252908.2565.000) 07/24 19:07:14 Finished transferring output files
...
005 (10252908.2565.000) 07/24 19:07:14 Job terminated.
	(1) Normal termination (return value 0)
		Usr 0 00:00:03, Sys 0 00:00:00  -  Run Remote Usage
		Usr 0 00:00:00, Sys 0 00:00:00  -  Run Local Usage
		Usr 0 00:00:03, Sys 0 00:00:00  -  Total Remote Usage
		Usr 0 00:00:00, Sys 0 00:00:00  -  Total Local Usage
	6204  -  Run Bytes Sent By Job
	409597  -  Run Bytes Received By Job
	6204  -  Total Bytes Sent By Job
	409597  -  Total Bytes Received By Job
	Partitionable Resources :    Usage  Request Allocated 
	   Cpus                 :        0        8         8 
	   Disk (KB)            :      428      425   2761694 
	   Memory (MB)          :        8    16000     16000 

	Job terminated of its own accord at 2024-07-24T17:07:14Z with exit-code 0.
...
040 (10252909.2565.000) 07/24 20:10:17 Started transferring input files
	Transferring to host: <188.185.207.40:9618?addrs=188.185.207.40-9618+[2001-1458-303-d--100-25]-9618&alias=b9p07p2176.cern.ch&noUDP&sock=slot1_16_36687_0f6d_24595>
...
040 (10252909.2565.000) 07/24 20:10:17 Finished transferring input files
...
001 (10252909.2565.000) 07/24 20:10:18 Job executing on host: <188.185.207.40:9618?addrs=188.185.207.40-9618+[2001-1458-303-d--100-25]-9618&alias=b9p07p2176.cern.ch&noUDP&sock=startd_35168_e6bd>
	SlotName: slot1_16@b9p07p2176.cern.ch
	CondorScratchDir = "/pool/condor/dir_578540"
	Cpus = 8
	Disk = 2965329
	Memory = 16000
...
006 (10252909.2565.000) 07/24 20:10:22 Image size of job updated: 158152
	8  -  MemoryUsage of job (MB)
	7492  -  ResidentSetSize of job (KB)
...
040 (10252909.2565.000) 07/24 20:10:22 Started transferring output files
...
040 (10252909.2565.000) 07/24 20:10:22 Finished transferring output files
...
005 (10252909.2565.000) 07/24 20:10:22 Job terminated.
	(1) Normal termination (return value 0)
		Usr 0 00:00:03, Sys 0 00:00:00  -  Run Remote Usage
		Usr 0 00:00:00, Sys 0 00:00:00  -  Run Local Usage
		Usr 0 00:00:03, Sys 0 00:00:00  -  Total Remote Usage
		Usr 0 00:00:00, Sys 0 00:00:00  -  Total Local Usage
	6204  -  Run Bytes Sent By Job
	409597  -  Run Bytes Received By Job
	6204  -  Total Bytes Sent By Job
	409597  -  Total Bytes Received By Job
	Partitionable Resources :    Usage  Request Allocated 
	   Cpus                 :        0        8         8 
	   Disk (KB)            :      427      425   2965329 
	   Memory (MB)          :        8    16000     16000 

	Job terminated of its own accord at 2024-07-24T18:10:22Z with exit-code 0.
...
000 (10261715.2565.000) 07/25 13:02:30 Job submitted from host: <188.185.114.121:9618?addrs=188.185.114.121-9618+[2001-1458-d00-a--100-273]-9618&alias=bigbird19.cern.ch&noUDP&sock=schedd_4961_696e>
...
009 (10261715.2565.000) 07/25 13:06:53 Job was aborted.
	via condor_rm (by user yelberke)
...
000 (10261767.2565.000) 07/25 13:20:31 Job submitted from host: <188.185.114.121:9618?addrs=188.185.114.121-9618+[2001-1458-d00-a--100-273]-9618&alias=bigbird19.cern.ch&noUDP&sock=schedd_4961_696e>
...
040 (10261767.2565.000) 07/25 14:31:54 Started transferring input files
	Transferring to host: <188.185.198.38:9618?addrs=188.185.198.38-9618+[2001-1458-303-25--100-22]-9618&alias=b9p15p9841.cern.ch&noUDP&sock=slot1_8_138193_384d_32552>
...
040 (10261767.2565.000) 07/25 14:31:54 Finished transferring input files
...
001 (10261767.2565.000) 07/25 14:31:55 Job executing on host: <188.185.198.38:9618?addrs=188.185.198.38-9618+[2001-1458-303-25--100-22]-9618&alias=b9p15p9841.cern.ch&noUDP&sock=startd_127617_39ca>
	SlotName: slot1_8@b9p15p9841.cern.ch
	CondorScratchDir = "/pool/condor/dir_1467777"
	Cpus = 12
	Disk = 3000767
	Memory = 24000
...
006 (10261767.2565.000) 07/25 14:32:01 Image size of job updated: 160756
	8  -  MemoryUsage of job (MB)
	7328  -  ResidentSetSize of job (KB)
...
040 (10261767.2565.000) 07/25 14:32:01 Started transferring output files
...
040 (10261767.2565.000) 07/25 14:32:01 Finished transferring output files
...
005 (10261767.2565.000) 07/25 14:32:01 Job terminated.
	(1) Normal termination (return value 0)
		Usr 0 00:00:05, Sys 0 00:00:00  -  Run Remote Usage
		Usr 0 00:00:00, Sys 0 00:00:00  -  Run Local Usage
		Usr 0 00:00:05, Sys 0 00:00:00  -  Total Remote Usage
		Usr 0 00:00:00, Sys 0 00:00:00  -  Total Local Usage
	6676  -  Run Bytes Sent By Job
	409597  -  Run Bytes Received By Job
	6676  -  Total Bytes Sent By Job
	409597  -  Total Bytes Received By Job
	Partitionable Resources :    Usage  Request Allocated 
	   Cpus                 :        0       12        12 
	   Disk (KB)            :      429      425   3000767 
	   Memory (MB)          :        8    24000     24000 

	Job terminated of its own accord at 2024-07-25T12:32:01Z with exit-code 0.
...
000 (10284266.2565.000) 08/02 15:46:19 Job submitted from host: <188.185.114.121:9618?addrs=188.185.114.121-9618+[2001-1458-d00-a--100-273]-9618&alias=bigbird19.cern.ch&noUDP&sock=schedd_4961_696e>
...
000 (10284267.2565.000) 08/02 15:49:56 Job submitted from host: <188.185.114.121:9618?addrs=188.185.114.121-9618+[2001-1458-d00-a--100-273]-9618&alias=bigbird19.cern.ch&noUDP&sock=schedd_4961_696e>
...
009 (10284266.2565.000) 08/02 15:50:22 Job was aborted.
	via condor_rm (by user yelberke)
...
040 (10284267.2565.000) 08/02 16:43:39 Started transferring input files
	Transferring to host: <188.185.209.59:9618?addrs=188.185.209.59-9618+[2001-1458-303-11--100-38]-9618&alias=b9p11p1917.cern.ch&noUDP&sock=slot1_5_9376_fd76_153979>
...
040 (10284267.2565.000) 08/02 16:43:39 Finished transferring input files
...
001 (10284267.2565.000) 08/02 16:43:40 Job executing on host: <188.185.209.59:9618?addrs=188.185.209.59-9618+[2001-1458-303-11--100-38]-9618&alias=b9p11p1917.cern.ch&noUDP&sock=startd_8062_709d>
	SlotName: slot1_5@b9p11p1917.cern.ch
	CondorScratchDir = "/pool/condor/dir_4136533"
	Cpus = 12
	Disk = 2778236
	Memory = 24000
...
006 (10284267.2565.000) 08/02 16:43:42 Image size of job updated: 324392
	2  -  MemoryUsage of job (MB)
	1864  -  ResidentSetSize of job (KB)
...
040 (10284267.2565.000) 08/02 16:43:42 Started transferring output files
...
040 (10284267.2565.000) 08/02 16:43:42 Finished transferring output files
...
005 (10284267.2565.000) 08/02 16:43:42 Job terminated.
	(1) Normal termination (return value 139)
		Usr 0 00:00:02, Sys 0 00:00:01  -  Run Remote Usage
		Usr 0 00:00:00, Sys 0 00:00:00  -  Run Local Usage
		Usr 0 00:00:02, Sys 0 00:00:01  -  Total Remote Usage
		Usr 0 00:00:00, Sys 0 00:00:00  -  Total Local Usage
	7696  -  Run Bytes Sent By Job
	409597  -  Run Bytes Received By Job
	7696  -  Total Bytes Sent By Job
	409597  -  Total Bytes Received By Job
	Partitionable Resources :    Usage  Request Allocated 
	   Cpus                 :        0       12        12 
	   Disk (KB)            :      430      425   2778236 
	   Memory (MB)          :        2    24000     24000 

	Job terminated of its own accord at 2024-08-02T14:43:42Z with exit-code 139.
...
