000 (10252905.2599.000) 07/24 16:13:19 Job submitted from host: <188.185.114.121:9618?addrs=188.185.114.121-9618+[2001-1458-d00-a--100-273]-9618&alias=bigbird19.cern.ch&noUDP&sock=schedd_4961_696e>
...
009 (10252905.2599.000) 07/24 16:14:49 Job was aborted.
	via condor_rm (by user yelberke)
...
000 (10252906.2599.000) 07/24 16:15:38 Job submitted from host: <188.185.114.121:9618?addrs=188.185.114.121-9618+[2001-1458-d00-a--100-273]-9618&alias=bigbird19.cern.ch&noUDP&sock=schedd_4961_696e>
...
000 (10252907.2599.000) 07/24 16:17:32 Job submitted from host: <188.185.114.121:9618?addrs=188.185.114.121-9618+[2001-1458-d00-a--100-273]-9618&alias=bigbird19.cern.ch&noUDP&sock=schedd_4961_696e>
...
000 (10252908.2599.000) 07/24 16:18:05 Job submitted from host: <188.185.114.121:9618?addrs=188.185.114.121-9618+[2001-1458-d00-a--100-273]-9618&alias=bigbird19.cern.ch&noUDP&sock=schedd_4961_696e>
...
000 (10252909.2599.000) 07/24 16:18:41 Job submitted from host: <188.185.114.121:9618?addrs=188.185.114.121-9618+[2001-1458-d00-a--100-273]-9618&alias=bigbird19.cern.ch&noUDP&sock=schedd_4961_696e>
...
040 (10252906.2599.000) 07/24 16:35:25 Started transferring input files
	Transferring to host: <128.142.161.74:9618?addrs=128.142.161.74-9618+[2001-1458-301-b8--100-8]-9618&alias=b9g03p5829.cern.ch&noUDP&sock=slot1_3_738502_3788_152>
...
040 (10252906.2599.000) 07/24 16:35:25 Finished transferring input files
...
001 (10252906.2599.000) 07/24 16:35:26 Job executing on host: <128.142.161.74:9618?addrs=128.142.161.74-9618+[2001-1458-301-b8--100-8]-9618&alias=b9g03p5829.cern.ch&noUDP&sock=startd_3091_bf54>
	SlotName: slot1_3@b9g03p5829.cern.ch
	CondorScratchDir = "/pool/condor/dir_869917"
	Cpus = 8
	Disk = 3161107
	Memory = 16000
...
006 (10252906.2599.000) 07/24 16:35:31 Image size of job updated: 165312
	11  -  MemoryUsage of job (MB)
	11044  -  ResidentSetSize of job (KB)
...
040 (10252906.2599.000) 07/24 16:35:31 Started transferring output files
...
040 (10252906.2599.000) 07/24 16:35:31 Finished transferring output files
...
005 (10252906.2599.000) 07/24 16:35:31 Job terminated.
	(1) Normal termination (return value 0)
		Usr 0 00:00:04, Sys 0 00:00:00  -  Run Remote Usage
		Usr 0 00:00:00, Sys 0 00:00:00  -  Run Local Usage
		Usr 0 00:00:04, Sys 0 00:00:00  -  Total Remote Usage
		Usr 0 00:00:00, Sys 0 00:00:00  -  Total Local Usage
	6204  -  Run Bytes Sent By Job
	409597  -  Run Bytes Received By Job
	6204  -  Total Bytes Sent By Job
	409597  -  Total Bytes Received By Job
	Partitionable Resources :    Usage  Request Allocated 
	   Cpus                 :        0        8         8 
	   Disk (KB)            :      428      425   3161107 
	   Memory (MB)          :       11    16000     16000 

	Job terminated of its own accord at 2024-07-24T14:35:31Z with exit-code 0.
...
040 (10252907.2599.000) 07/24 18:03:03 Started transferring input files
	Transferring to host: <188.185.209.220:9618?addrs=188.185.209.220-9618+[2001-1458-303-12--100-59]-9618&alias=b9p12p5136.cern.ch&noUDP&sock=slot1_4_5587_4bfc_143947>
...
040 (10252907.2599.000) 07/24 18:03:03 Finished transferring input files
...
001 (10252907.2599.000) 07/24 18:03:04 Job executing on host: <188.185.209.220:9618?addrs=188.185.209.220-9618+[2001-1458-303-12--100-59]-9618&alias=b9p12p5136.cern.ch&noUDP&sock=startd_4620_83a2>
	SlotName: slot1_4@b9p12p5136.cern.ch
	CondorScratchDir = "/pool/condor/dir_1479533"
	Cpus = 8
	Disk = 2636896
	Memory = 16000
...
006 (10252907.2599.000) 07/24 18:03:10 Image size of job updated: 161084
	8  -  MemoryUsage of job (MB)
	7956  -  ResidentSetSize of job (KB)
...
040 (10252907.2599.000) 07/24 18:03:10 Started transferring output files
...
040 (10252907.2599.000) 07/24 18:03:10 Finished transferring output files
...
005 (10252907.2599.000) 07/24 18:03:10 Job terminated.
	(1) Normal termination (return value 0)
		Usr 0 00:00:03, Sys 0 00:00:00  -  Run Remote Usage
		Usr 0 00:00:00, Sys 0 00:00:00  -  Run Local Usage
		Usr 0 00:00:03, Sys 0 00:00:00  -  Total Remote Usage
		Usr 0 00:00:00, Sys 0 00:00:00  -  Total Local Usage
	6204  -  Run Bytes Sent By Job
	409597  -  Run Bytes Received By Job
	6204  -  Total Bytes Sent By Job
	409597  -  Total Bytes Received By Job
	Partitionable Resources :    Usage  Request Allocated 
	   Cpus                 :        0        8         8 
	   Disk (KB)            :      427      425   2636896 
	   Memory (MB)          :        8    16000     16000 

	Job terminated of its own accord at 2024-07-24T16:03:10Z with exit-code 0.
...
040 (10252908.2599.000) 07/24 19:11:11 Started transferring input files
	Transferring to host: <188.185.207.44:9618?addrs=188.185.207.44-9618+[2001-1458-303-d--100-29]-9618&alias=b9p07p9435.cern.ch&noUDP&sock=slot1_2_6360_f1fc_144874>
...
040 (10252908.2599.000) 07/24 19:11:11 Finished transferring input files
...
001 (10252908.2599.000) 07/24 19:11:12 Job executing on host: <188.185.207.44:9618?addrs=188.185.207.44-9618+[2001-1458-303-d--100-29]-9618&alias=b9p07p9435.cern.ch&noUDP&sock=startd_5164_a727>
	SlotName: slot1_2@b9p07p9435.cern.ch
	CondorScratchDir = "/pool/condor/dir_139765"
	Cpus = 8
	Disk = 2725280
	Memory = 16000
...
006 (10252908.2599.000) 07/24 19:11:18 Image size of job updated: 157968
	7  -  MemoryUsage of job (MB)
	6268  -  ResidentSetSize of job (KB)
...
040 (10252908.2599.000) 07/24 19:11:18 Started transferring output files
...
040 (10252908.2599.000) 07/24 19:11:18 Finished transferring output files
...
005 (10252908.2599.000) 07/24 19:11:18 Job terminated.
	(1) Normal termination (return value 0)
		Usr 0 00:00:04, Sys 0 00:00:00  -  Run Remote Usage
		Usr 0 00:00:00, Sys 0 00:00:00  -  Run Local Usage
		Usr 0 00:00:04, Sys 0 00:00:00  -  Total Remote Usage
		Usr 0 00:00:00, Sys 0 00:00:00  -  Total Local Usage
	6204  -  Run Bytes Sent By Job
	409597  -  Run Bytes Received By Job
	6204  -  Total Bytes Sent By Job
	409597  -  Total Bytes Received By Job
	Partitionable Resources :    Usage  Request Allocated 
	   Cpus                 :        0        8         8 
	   Disk (KB)            :      428      425   2725280 
	   Memory (MB)          :        7    16000     16000 

	Job terminated of its own accord at 2024-07-24T17:11:18Z with exit-code 0.
...
040 (10252909.2599.000) 07/24 20:10:30 Started transferring input files
	Transferring to host: <188.185.204.244:9618?addrs=188.185.204.244-9618+[2001-1458-303-8--100-71]-9618&alias=b9p02p9926.cern.ch&noUDP&sock=slot1_4_6619_6f26_156108>
...
040 (10252909.2599.000) 07/24 20:10:30 Finished transferring input files
...
001 (10252909.2599.000) 07/24 20:10:31 Job executing on host: <188.185.204.244:9618?addrs=188.185.204.244-9618+[2001-1458-303-8--100-71]-9618&alias=b9p02p9926.cern.ch&noUDP&sock=startd_6160_d37b>
	SlotName: slot1_4@b9p02p9926.cern.ch
	CondorScratchDir = "/pool/condor/dir_1022335"
	Cpus = 8
	Disk = 2927385
	Memory = 16000
...
006 (10252909.2599.000) 07/24 20:10:36 Image size of job updated: 173856
	17  -  MemoryUsage of job (MB)
	17176  -  ResidentSetSize of job (KB)
...
040 (10252909.2599.000) 07/24 20:10:36 Started transferring output files
...
040 (10252909.2599.000) 07/24 20:10:37 Finished transferring output files
...
005 (10252909.2599.000) 07/24 20:10:37 Job terminated.
	(1) Normal termination (return value 0)
		Usr 0 00:00:03, Sys 0 00:00:00  -  Run Remote Usage
		Usr 0 00:00:00, Sys 0 00:00:00  -  Run Local Usage
		Usr 0 00:00:03, Sys 0 00:00:00  -  Total Remote Usage
		Usr 0 00:00:00, Sys 0 00:00:00  -  Total Local Usage
	6204  -  Run Bytes Sent By Job
	409597  -  Run Bytes Received By Job
	6204  -  Total Bytes Sent By Job
	409597  -  Total Bytes Received By Job
	Partitionable Resources :    Usage  Request Allocated 
	   Cpus                 :        0        8         8 
	   Disk (KB)            :      428      425   2927385 
	   Memory (MB)          :       17    16000     16000 

	Job terminated of its own accord at 2024-07-24T18:10:36Z with exit-code 0.
...
000 (10261715.2599.000) 07/25 13:02:31 Job submitted from host: <188.185.114.121:9618?addrs=188.185.114.121-9618+[2001-1458-d00-a--100-273]-9618&alias=bigbird19.cern.ch&noUDP&sock=schedd_4961_696e>
...
009 (10261715.2599.000) 07/25 13:06:53 Job was aborted.
	via condor_rm (by user yelberke)
...
000 (10261767.2599.000) 07/25 13:20:31 Job submitted from host: <188.185.114.121:9618?addrs=188.185.114.121-9618+[2001-1458-d00-a--100-273]-9618&alias=bigbird19.cern.ch&noUDP&sock=schedd_4961_696e>
...
040 (10261767.2599.000) 07/25 14:32:05 Started transferring input files
	Transferring to host: <188.185.205.112:9618?addrs=188.185.205.112-9618+[2001-1458-303-9--100-6d]-9618&alias=b9p03p6940.cern.ch&noUDP&sock=slot1_2_6785_656d_156946>
...
040 (10261767.2599.000) 07/25 14:32:05 Finished transferring input files
...
001 (10261767.2599.000) 07/25 14:32:06 Job executing on host: <188.185.205.112:9618?addrs=188.185.205.112-9618+[2001-1458-303-9--100-6d]-9618&alias=b9p03p6940.cern.ch&noUDP&sock=startd_6713_235b>
	SlotName: slot1_2@b9p03p6940.cern.ch
	CondorScratchDir = "/pool/condor/dir_565566"
	Cpus = 12
	Disk = 2800146
	Memory = 24000
...
006 (10261767.2599.000) 07/25 14:32:10 Image size of job updated: 160152
	7  -  MemoryUsage of job (MB)
	6544  -  ResidentSetSize of job (KB)
...
040 (10261767.2599.000) 07/25 14:32:10 Started transferring output files
...
040 (10261767.2599.000) 07/25 14:32:10 Finished transferring output files
...
005 (10261767.2599.000) 07/25 14:32:10 Job terminated.
	(1) Normal termination (return value 0)
		Usr 0 00:00:03, Sys 0 00:00:00  -  Run Remote Usage
		Usr 0 00:00:00, Sys 0 00:00:00  -  Run Local Usage
		Usr 0 00:00:03, Sys 0 00:00:00  -  Total Remote Usage
		Usr 0 00:00:00, Sys 0 00:00:00  -  Total Local Usage
	6676  -  Run Bytes Sent By Job
	409597  -  Run Bytes Received By Job
	6676  -  Total Bytes Sent By Job
	409597  -  Total Bytes Received By Job
	Partitionable Resources :    Usage  Request Allocated 
	   Cpus                 :        0       12        12 
	   Disk (KB)            :      429      425   2800146 
	   Memory (MB)          :        7    24000     24000 

	Job terminated of its own accord at 2024-07-25T12:32:10Z with exit-code 0.
...
000 (10284266.2599.000) 08/02 15:46:20 Job submitted from host: <188.185.114.121:9618?addrs=188.185.114.121-9618+[2001-1458-d00-a--100-273]-9618&alias=bigbird19.cern.ch&noUDP&sock=schedd_4961_696e>
...
000 (10284267.2599.000) 08/02 15:49:56 Job submitted from host: <188.185.114.121:9618?addrs=188.185.114.121-9618+[2001-1458-d00-a--100-273]-9618&alias=bigbird19.cern.ch&noUDP&sock=schedd_4961_696e>
...
009 (10284266.2599.000) 08/02 15:50:22 Job was aborted.
	via condor_rm (by user yelberke)
...
040 (10284267.2599.000) 08/02 16:43:52 Started transferring input files
	Transferring to host: <188.185.207.12:9618?addrs=188.185.207.12-9618+[2001-1458-303-d--100-9]-9618&alias=b9p07p0675.cern.ch&noUDP&sock=slot1_1_5401_3e35_155265>
...
040 (10284267.2599.000) 08/02 16:43:52 Finished transferring input files
...
001 (10284267.2599.000) 08/02 16:43:53 Job executing on host: <188.185.207.12:9618?addrs=188.185.207.12-9618+[2001-1458-303-d--100-9]-9618&alias=b9p07p0675.cern.ch&noUDP&sock=startd_4427_21db>
	SlotName: slot1_1@b9p07p0675.cern.ch
	CondorScratchDir = "/pool/condor/dir_1786187"
	Cpus = 12
	Disk = 2648552
	Memory = 24000
...
006 (10284267.2599.000) 08/02 16:43:55 Image size of job updated: 325540
	2  -  MemoryUsage of job (MB)
	1996  -  ResidentSetSize of job (KB)
...
040 (10284267.2599.000) 08/02 16:43:55 Started transferring output files
...
040 (10284267.2599.000) 08/02 16:43:55 Finished transferring output files
...
005 (10284267.2599.000) 08/02 16:43:55 Job terminated.
	(1) Normal termination (return value 139)
		Usr 0 00:00:02, Sys 0 00:00:01  -  Run Remote Usage
		Usr 0 00:00:00, Sys 0 00:00:00  -  Run Local Usage
		Usr 0 00:00:02, Sys 0 00:00:01  -  Total Remote Usage
		Usr 0 00:00:00, Sys 0 00:00:00  -  Total Local Usage
	7696  -  Run Bytes Sent By Job
	409597  -  Run Bytes Received By Job
	7696  -  Total Bytes Sent By Job
	409597  -  Total Bytes Received By Job
	Partitionable Resources :    Usage  Request Allocated 
	   Cpus                 :        0       12        12 
	   Disk (KB)            :      430      425   2648552 
	   Memory (MB)          :        2    24000     24000 

	Job terminated of its own accord at 2024-08-02T14:43:55Z with exit-code 139.
...
