000 (10252905.2621.000) 07/24 16:13:19 Job submitted from host: <188.185.114.121:9618?addrs=188.185.114.121-9618+[2001-1458-d00-a--100-273]-9618&alias=bigbird19.cern.ch&noUDP&sock=schedd_4961_696e>
...
009 (10252905.2621.000) 07/24 16:14:49 Job was aborted.
	via condor_rm (by user yelberke)
...
000 (10252906.2621.000) 07/24 16:15:38 Job submitted from host: <188.185.114.121:9618?addrs=188.185.114.121-9618+[2001-1458-d00-a--100-273]-9618&alias=bigbird19.cern.ch&noUDP&sock=schedd_4961_696e>
...
000 (10252907.2621.000) 07/24 16:17:32 Job submitted from host: <188.185.114.121:9618?addrs=188.185.114.121-9618+[2001-1458-d00-a--100-273]-9618&alias=bigbird19.cern.ch&noUDP&sock=schedd_4961_696e>
...
000 (10252908.2621.000) 07/24 16:18:05 Job submitted from host: <188.185.114.121:9618?addrs=188.185.114.121-9618+[2001-1458-d00-a--100-273]-9618&alias=bigbird19.cern.ch&noUDP&sock=schedd_4961_696e>
...
000 (10252909.2621.000) 07/24 16:18:41 Job submitted from host: <188.185.114.121:9618?addrs=188.185.114.121-9618+[2001-1458-d00-a--100-273]-9618&alias=bigbird19.cern.ch&noUDP&sock=schedd_4961_696e>
...
040 (10252906.2621.000) 07/24 16:35:32 Started transferring input files
	Transferring to host: <188.185.193.147:9618?addrs=188.185.193.147-9618+[2001-1458-303-20--100-8f]-9618&alias=b9p19p7061.cern.ch&noUDP&sock=slot1_28_3289561_0fe2_179>
...
040 (10252906.2621.000) 07/24 16:35:32 Finished transferring input files
...
001 (10252906.2621.000) 07/24 16:35:33 Job executing on host: <188.185.193.147:9618?addrs=188.185.193.147-9618+[2001-1458-303-20--100-8f]-9618&alias=b9p19p7061.cern.ch&noUDP&sock=startd_174853_315d>
	SlotName: slot1_28@b9p19p7061.cern.ch
	CondorScratchDir = "/pool/condor/dir_3826438"
	Cpus = 8
	Disk = 2929961
	Memory = 16000
...
006 (10252906.2621.000) 07/24 16:35:40 Image size of job updated: 162324
	10  -  MemoryUsage of job (MB)
	9412  -  ResidentSetSize of job (KB)
...
040 (10252906.2621.000) 07/24 16:35:40 Started transferring output files
...
040 (10252906.2621.000) 07/24 16:35:40 Finished transferring output files
...
005 (10252906.2621.000) 07/24 16:35:40 Job terminated.
	(1) Normal termination (return value 0)
		Usr 0 00:00:05, Sys 0 00:00:00  -  Run Remote Usage
		Usr 0 00:00:00, Sys 0 00:00:00  -  Run Local Usage
		Usr 0 00:00:05, Sys 0 00:00:00  -  Total Remote Usage
		Usr 0 00:00:00, Sys 0 00:00:00  -  Total Local Usage
	6204  -  Run Bytes Sent By Job
	409597  -  Run Bytes Received By Job
	6204  -  Total Bytes Sent By Job
	409597  -  Total Bytes Received By Job
	Partitionable Resources :    Usage  Request Allocated 
	   Cpus                 :        0        8         8 
	   Disk (KB)            :      428      425   2929961 
	   Memory (MB)          :       10    16000     16000 

	Job terminated of its own accord at 2024-07-24T14:35:40Z with exit-code 0.
...
040 (10252907.2621.000) 07/24 18:03:11 Started transferring input files
	Transferring to host: <188.185.205.118:9618?addrs=188.185.205.118-9618+[2001-1458-303-9--100-73]-9618&alias=b9p03p6728.cern.ch&noUDP&sock=slot1_9_6107_af11_157418>
...
040 (10252907.2621.000) 07/24 18:03:11 Finished transferring input files
...
001 (10252907.2621.000) 07/24 18:03:12 Job executing on host: <188.185.205.118:9618?addrs=188.185.205.118-9618+[2001-1458-303-9--100-73]-9618&alias=b9p03p6728.cern.ch&noUDP&sock=startd_5706_6b7c>
	SlotName: slot1_9@b9p03p6728.cern.ch
	CondorScratchDir = "/pool/condor/dir_3444271"
	Cpus = 8
	Disk = 2758179
	Memory = 16000
...
006 (10252907.2621.000) 07/24 18:03:16 Image size of job updated: 161072
	8  -  MemoryUsage of job (MB)
	8120  -  ResidentSetSize of job (KB)
...
040 (10252907.2621.000) 07/24 18:03:16 Started transferring output files
...
040 (10252907.2621.000) 07/24 18:03:16 Finished transferring output files
...
005 (10252907.2621.000) 07/24 18:03:16 Job terminated.
	(1) Normal termination (return value 0)
		Usr 0 00:00:03, Sys 0 00:00:00  -  Run Remote Usage
		Usr 0 00:00:00, Sys 0 00:00:00  -  Run Local Usage
		Usr 0 00:00:03, Sys 0 00:00:00  -  Total Remote Usage
		Usr 0 00:00:00, Sys 0 00:00:00  -  Total Local Usage
	6204  -  Run Bytes Sent By Job
	409597  -  Run Bytes Received By Job
	6204  -  Total Bytes Sent By Job
	409597  -  Total Bytes Received By Job
	Partitionable Resources :    Usage  Request Allocated 
	   Cpus                 :                 8         8 
	   Disk (KB)            :      420      425   2758179 
	   Memory (MB)          :        8    16000     16000 

	Job terminated of its own accord at 2024-07-24T16:03:16Z with exit-code 0.
...
040 (10252908.2621.000) 07/24 19:11:15 Started transferring input files
	Transferring to host: <188.185.208.165:9618?addrs=188.185.208.165-9618+[2001-1458-303-10--100-22]-9618&alias=b9p10p4119.cern.ch&noUDP&sock=slot1_8_5895_4f89_145165>
...
040 (10252908.2621.000) 07/24 19:11:15 Finished transferring input files
...
001 (10252908.2621.000) 07/24 19:11:16 Job executing on host: <188.185.208.165:9618?addrs=188.185.208.165-9618+[2001-1458-303-10--100-22]-9618&alias=b9p10p4119.cern.ch&noUDP&sock=startd_4860_225d>
	SlotName: slot1_8@b9p10p4119.cern.ch
	CondorScratchDir = "/pool/condor/dir_3662534"
	Cpus = 8
	Disk = 2750185
	Memory = 16000
...
006 (10252908.2621.000) 07/24 19:11:21 Image size of job updated: 160036
	8  -  MemoryUsage of job (MB)
	7440  -  ResidentSetSize of job (KB)
...
040 (10252908.2621.000) 07/24 19:11:21 Started transferring output files
...
040 (10252908.2621.000) 07/24 19:11:21 Finished transferring output files
...
005 (10252908.2621.000) 07/24 19:11:21 Job terminated.
	(1) Normal termination (return value 0)
		Usr 0 00:00:03, Sys 0 00:00:00  -  Run Remote Usage
		Usr 0 00:00:00, Sys 0 00:00:00  -  Run Local Usage
		Usr 0 00:00:03, Sys 0 00:00:00  -  Total Remote Usage
		Usr 0 00:00:00, Sys 0 00:00:00  -  Total Local Usage
	6204  -  Run Bytes Sent By Job
	409597  -  Run Bytes Received By Job
	6204  -  Total Bytes Sent By Job
	409597  -  Total Bytes Received By Job
	Partitionable Resources :    Usage  Request Allocated 
	   Cpus                 :        0        8         8 
	   Disk (KB)            :      427      425   2750185 
	   Memory (MB)          :        8    16000     16000 

	Job terminated of its own accord at 2024-07-24T17:11:21Z with exit-code 0.
...
040 (10252909.2621.000) 07/24 20:10:39 Started transferring input files
	Transferring to host: <188.185.194.73:9618?addrs=188.185.194.73-9618+[2001-1458-303-21--100-45]-9618&alias=b9p20p4442.cern.ch&noUDP&sock=slot1_13_3389804_52ee_24295>
...
040 (10252909.2621.000) 07/24 20:10:39 Finished transferring input files
...
001 (10252909.2621.000) 07/24 20:10:41 Job executing on host: <188.185.194.73:9618?addrs=188.185.194.73-9618+[2001-1458-303-21--100-45]-9618&alias=b9p20p4442.cern.ch&noUDP&sock=startd_127905_c511>
	SlotName: slot1_13@b9p20p4442.cern.ch
	CondorScratchDir = "/pool/condor/dir_1703770"
	Cpus = 8
	Disk = 2983288
	Memory = 16000
...
006 (10252909.2621.000) 07/24 20:10:48 Image size of job updated: 161516
	8  -  MemoryUsage of job (MB)
	7900  -  ResidentSetSize of job (KB)
...
040 (10252909.2621.000) 07/24 20:10:48 Started transferring output files
...
040 (10252909.2621.000) 07/24 20:10:48 Finished transferring output files
...
005 (10252909.2621.000) 07/24 20:10:48 Job terminated.
	(1) Normal termination (return value 0)
		Usr 0 00:00:06, Sys 0 00:00:00  -  Run Remote Usage
		Usr 0 00:00:00, Sys 0 00:00:00  -  Run Local Usage
		Usr 0 00:00:06, Sys 0 00:00:00  -  Total Remote Usage
		Usr 0 00:00:00, Sys 0 00:00:00  -  Total Local Usage
	6204  -  Run Bytes Sent By Job
	409597  -  Run Bytes Received By Job
	6204  -  Total Bytes Sent By Job
	409597  -  Total Bytes Received By Job
	Partitionable Resources :    Usage  Request Allocated 
	   Cpus                 :        0        8         8 
	   Disk (KB)            :      428      425   2983288 
	   Memory (MB)          :        8    16000     16000 

	Job terminated of its own accord at 2024-07-24T18:10:48Z with exit-code 0.
...
000 (10261715.2621.000) 07/25 13:02:31 Job submitted from host: <188.185.114.121:9618?addrs=188.185.114.121-9618+[2001-1458-d00-a--100-273]-9618&alias=bigbird19.cern.ch&noUDP&sock=schedd_4961_696e>
...
009 (10261715.2621.000) 07/25 13:06:53 Job was aborted.
	via condor_rm (by user yelberke)
...
000 (10261767.2621.000) 07/25 13:20:31 Job submitted from host: <188.185.114.121:9618?addrs=188.185.114.121-9618+[2001-1458-d00-a--100-273]-9618&alias=bigbird19.cern.ch&noUDP&sock=schedd_4961_696e>
...
040 (10261767.2621.000) 07/25 14:32:12 Started transferring input files
	Transferring to host: <188.185.206.213:9618?addrs=188.185.206.213-9618+[2001-1458-303-c--100-52]-9618&alias=b9p06p7091.cern.ch&noUDP&sock=slot1_9_6466_a1c0_154123>
...
040 (10261767.2621.000) 07/25 14:32:12 Finished transferring input files
...
001 (10261767.2621.000) 07/25 14:32:13 Job executing on host: <188.185.206.213:9618?addrs=188.185.206.213-9618+[2001-1458-303-c--100-52]-9618&alias=b9p06p7091.cern.ch&noUDP&sock=startd_6073_26be>
	SlotName: slot1_9@b9p06p7091.cern.ch
	CondorScratchDir = "/pool/condor/dir_3346337"
	Cpus = 12
	Disk = 2692032
	Memory = 24000
...
006 (10261767.2621.000) 07/25 14:32:17 Image size of job updated: 160340
	7  -  MemoryUsage of job (MB)
	6696  -  ResidentSetSize of job (KB)
...
040 (10261767.2621.000) 07/25 14:32:17 Started transferring output files
...
040 (10261767.2621.000) 07/25 14:32:17 Finished transferring output files
...
005 (10261767.2621.000) 07/25 14:32:17 Job terminated.
	(1) Normal termination (return value 0)
		Usr 0 00:00:03, Sys 0 00:00:00  -  Run Remote Usage
		Usr 0 00:00:00, Sys 0 00:00:00  -  Run Local Usage
		Usr 0 00:00:03, Sys 0 00:00:00  -  Total Remote Usage
		Usr 0 00:00:00, Sys 0 00:00:00  -  Total Local Usage
	6676  -  Run Bytes Sent By Job
	409597  -  Run Bytes Received By Job
	6676  -  Total Bytes Sent By Job
	409597  -  Total Bytes Received By Job
	Partitionable Resources :    Usage  Request Allocated 
	   Cpus                 :        0       12        12 
	   Disk (KB)            :      429      425   2692032 
	   Memory (MB)          :        7    24000     24000 

	Job terminated of its own accord at 2024-07-25T12:32:17Z with exit-code 0.
...
000 (10284266.2621.000) 08/02 15:46:20 Job submitted from host: <188.185.114.121:9618?addrs=188.185.114.121-9618+[2001-1458-d00-a--100-273]-9618&alias=bigbird19.cern.ch&noUDP&sock=schedd_4961_696e>
...
000 (10284267.2621.000) 08/02 15:49:56 Job submitted from host: <188.185.114.121:9618?addrs=188.185.114.121-9618+[2001-1458-d00-a--100-273]-9618&alias=bigbird19.cern.ch&noUDP&sock=schedd_4961_696e>
...
009 (10284266.2621.000) 08/02 15:50:22 Job was aborted.
	via condor_rm (by user yelberke)
...
040 (10284267.2621.000) 08/02 16:43:57 Started transferring input files
	Transferring to host: <188.185.206.158:9618?addrs=188.185.206.158-9618&alias=b9p06p1568.cern.ch&noUDP&sock=slot1_2_6932_f893_164881>
...
040 (10284267.2621.000) 08/02 16:43:57 Finished transferring input files
...
001 (10284267.2621.000) 08/02 16:43:58 Job executing on host: <188.185.206.158:9618?addrs=188.185.206.158-9618&alias=b9p06p1568.cern.ch&noUDP&sock=startd_6831_1388>
	SlotName: slot1_2@b9p06p1568.cern.ch
	CondorScratchDir = "/pool/condor/dir_2842793"
	Cpus = 12
	Disk = 2796852
	Memory = 24000
...
006 (10284267.2621.000) 08/02 16:44:00 Image size of job updated: 326680
	7  -  MemoryUsage of job (MB)
	6384  -  ResidentSetSize of job (KB)
...
040 (10284267.2621.000) 08/02 16:44:00 Started transferring output files
...
040 (10284267.2621.000) 08/02 16:44:00 Finished transferring output files
...
005 (10284267.2621.000) 08/02 16:44:00 Job terminated.
	(1) Normal termination (return value 139)
		Usr 0 00:00:01, Sys 0 00:00:01  -  Run Remote Usage
		Usr 0 00:00:00, Sys 0 00:00:00  -  Run Local Usage
		Usr 0 00:00:01, Sys 0 00:00:01  -  Total Remote Usage
		Usr 0 00:00:00, Sys 0 00:00:00  -  Total Local Usage
	7696  -  Run Bytes Sent By Job
	409597  -  Run Bytes Received By Job
	7696  -  Total Bytes Sent By Job
	409597  -  Total Bytes Received By Job
	Partitionable Resources :    Usage  Request Allocated 
	   Cpus                 :        0       12        12 
	   Disk (KB)            :      429      425   2796852 
	   Memory (MB)          :        7    24000     24000 

	Job terminated of its own accord at 2024-08-02T14:44:00Z with exit-code 139.
...
