000 (10252905.2629.000) 07/24 16:13:19 Job submitted from host: <188.185.114.121:9618?addrs=188.185.114.121-9618+[2001-1458-d00-a--100-273]-9618&alias=bigbird19.cern.ch&noUDP&sock=schedd_4961_696e>
...
009 (10252905.2629.000) 07/24 16:14:49 Job was aborted.
	via condor_rm (by user yelberke)
...
000 (10252906.2629.000) 07/24 16:15:38 Job submitted from host: <188.185.114.121:9618?addrs=188.185.114.121-9618+[2001-1458-d00-a--100-273]-9618&alias=bigbird19.cern.ch&noUDP&sock=schedd_4961_696e>
...
000 (10252907.2629.000) 07/24 16:17:32 Job submitted from host: <188.185.114.121:9618?addrs=188.185.114.121-9618+[2001-1458-d00-a--100-273]-9618&alias=bigbird19.cern.ch&noUDP&sock=schedd_4961_696e>
...
000 (10252908.2629.000) 07/24 16:18:05 Job submitted from host: <188.185.114.121:9618?addrs=188.185.114.121-9618+[2001-1458-d00-a--100-273]-9618&alias=bigbird19.cern.ch&noUDP&sock=schedd_4961_696e>
...
000 (10252909.2629.000) 07/24 16:18:41 Job submitted from host: <188.185.114.121:9618?addrs=188.185.114.121-9618+[2001-1458-d00-a--100-273]-9618&alias=bigbird19.cern.ch&noUDP&sock=schedd_4961_696e>
...
040 (10252906.2629.000) 07/24 16:35:35 Started transferring input files
	Transferring to host: <188.185.209.12:9618?addrs=188.185.209.12-9618+[2001-1458-303-11--100-9]-9618&alias=b9p11p3922.cern.ch&noUDP&sock=slot1_4_9942_c9cd_145239>
...
040 (10252906.2629.000) 07/24 16:35:35 Finished transferring input files
...
001 (10252906.2629.000) 07/24 16:35:36 Job executing on host: <188.185.209.12:9618?addrs=188.185.209.12-9618+[2001-1458-303-11--100-9]-9618&alias=b9p11p3922.cern.ch&noUDP&sock=startd_8580_beac>
	SlotName: slot1_4@b9p11p3922.cern.ch
	CondorScratchDir = "/pool/condor/dir_3409294"
	Cpus = 8
	Disk = 2714512
	Memory = 16000
...
006 (10252906.2629.000) 07/24 16:35:40 Image size of job updated: 159164
	7  -  MemoryUsage of job (MB)
	7112  -  ResidentSetSize of job (KB)
...
040 (10252906.2629.000) 07/24 16:35:40 Started transferring output files
...
040 (10252906.2629.000) 07/24 16:35:40 Finished transferring output files
...
005 (10252906.2629.000) 07/24 16:35:40 Job terminated.
	(1) Normal termination (return value 0)
		Usr 0 00:00:03, Sys 0 00:00:00  -  Run Remote Usage
		Usr 0 00:00:00, Sys 0 00:00:00  -  Run Local Usage
		Usr 0 00:00:03, Sys 0 00:00:00  -  Total Remote Usage
		Usr 0 00:00:00, Sys 0 00:00:00  -  Total Local Usage
	6204  -  Run Bytes Sent By Job
	409597  -  Run Bytes Received By Job
	6204  -  Total Bytes Sent By Job
	409597  -  Total Bytes Received By Job
	Partitionable Resources :    Usage  Request Allocated 
	   Cpus                 :        0        8         8 
	   Disk (KB)            :      428      425   2714512 
	   Memory (MB)          :        7    16000     16000 

	Job terminated of its own accord at 2024-07-24T14:35:40Z with exit-code 0.
...
040 (10252907.2629.000) 07/24 18:03:13 Started transferring input files
	Transferring to host: <188.185.206.168:9618?addrs=188.185.206.168-9618&alias=b9p06p3387.cern.ch&noUDP&sock=slot1_19_6887_43b1_155224>
...
040 (10252907.2629.000) 07/24 18:03:13 Finished transferring input files
...
001 (10252907.2629.000) 07/24 18:03:14 Job executing on host: <188.185.206.168:9618?addrs=188.185.206.168-9618&alias=b9p06p3387.cern.ch&noUDP&sock=startd_6821_3795>
	SlotName: slot1_19@b9p06p3387.cern.ch
	CondorScratchDir = "/pool/condor/dir_74094"
	Cpus = 8
	Disk = 2733056
	Memory = 16000
...
006 (10252907.2629.000) 07/24 18:03:19 Image size of job updated: 160492
	9  -  MemoryUsage of job (MB)
	8280  -  ResidentSetSize of job (KB)
...
040 (10252907.2629.000) 07/24 18:03:19 Started transferring output files
...
040 (10252907.2629.000) 07/24 18:03:19 Finished transferring output files
...
005 (10252907.2629.000) 07/24 18:03:19 Job terminated.
	(1) Normal termination (return value 0)
		Usr 0 00:00:03, Sys 0 00:00:00  -  Run Remote Usage
		Usr 0 00:00:00, Sys 0 00:00:00  -  Run Local Usage
		Usr 0 00:00:03, Sys 0 00:00:00  -  Total Remote Usage
		Usr 0 00:00:00, Sys 0 00:00:00  -  Total Local Usage
	6204  -  Run Bytes Sent By Job
	409597  -  Run Bytes Received By Job
	6204  -  Total Bytes Sent By Job
	409597  -  Total Bytes Received By Job
	Partitionable Resources :    Usage  Request Allocated 
	   Cpus                 :        0        8         8 
	   Disk (KB)            :      426      425   2733056 
	   Memory (MB)          :        9    16000     16000 

	Job terminated of its own accord at 2024-07-24T16:03:19Z with exit-code 0.
...
040 (10252908.2629.000) 07/24 19:11:19 Started transferring input files
	Transferring to host: <188.185.196.33:9618?addrs=188.185.196.33-9618+[2001-1458-303-23--100-1d]-9618&alias=b9p16p1711.cern.ch&noUDP&sock=slot1_6_2986075_b86d_6252>
...
040 (10252908.2629.000) 07/24 19:11:19 Finished transferring input files
...
001 (10252908.2629.000) 07/24 19:11:20 Job executing on host: <188.185.196.33:9618?addrs=188.185.196.33-9618+[2001-1458-303-23--100-1d]-9618&alias=b9p16p1711.cern.ch&noUDP&sock=startd_127831_030f>
	SlotName: slot1_6@b9p16p1711.cern.ch
	CondorScratchDir = "/pool/condor/dir_782490"
	Cpus = 8
	Disk = 2978754
	Memory = 16000
...
006 (10252908.2629.000) 07/24 19:11:28 Image size of job updated: 158256
	8  -  MemoryUsage of job (MB)
	7604  -  ResidentSetSize of job (KB)
...
040 (10252908.2629.000) 07/24 19:11:28 Started transferring output files
...
040 (10252908.2629.000) 07/24 19:11:28 Finished transferring output files
...
005 (10252908.2629.000) 07/24 19:11:28 Job terminated.
	(1) Normal termination (return value 0)
		Usr 0 00:00:07, Sys 0 00:00:00  -  Run Remote Usage
		Usr 0 00:00:00, Sys 0 00:00:00  -  Run Local Usage
		Usr 0 00:00:07, Sys 0 00:00:00  -  Total Remote Usage
		Usr 0 00:00:00, Sys 0 00:00:00  -  Total Local Usage
	6204  -  Run Bytes Sent By Job
	409597  -  Run Bytes Received By Job
	6204  -  Total Bytes Sent By Job
	409597  -  Total Bytes Received By Job
	Partitionable Resources :    Usage  Request Allocated 
	   Cpus                 :        0        8         8 
	   Disk (KB)            :      427      425   2978754 
	   Memory (MB)          :        8    16000     16000 

	Job terminated of its own accord at 2024-07-24T17:11:28Z with exit-code 0.
...
040 (10252909.2629.000) 07/24 20:10:42 Started transferring input files
	Transferring to host: <188.185.196.164:9618?addrs=188.185.196.164-9618&alias=b9p16p8556.cern.ch&noUDP&sock=slot1_3_3383026_9c1b_5493>
...
040 (10252909.2629.000) 07/24 20:10:42 Finished transferring input files
...
001 (10252909.2629.000) 07/24 20:10:43 Job executing on host: <188.185.196.164:9618?addrs=188.185.196.164-9618&alias=b9p16p8556.cern.ch&noUDP&sock=startd_128079_1e8b>
	SlotName: slot1_3@b9p16p8556.cern.ch
	CondorScratchDir = "/pool/condor/dir_1403853"
	Cpus = 8
	Disk = 2992265
	Memory = 16000
...
006 (10252909.2629.000) 07/24 20:10:48 Image size of job updated: 157900
	8  -  MemoryUsage of job (MB)
	7196  -  ResidentSetSize of job (KB)
...
040 (10252909.2629.000) 07/24 20:10:48 Started transferring output files
...
040 (10252909.2629.000) 07/24 20:10:48 Finished transferring output files
...
005 (10252909.2629.000) 07/24 20:10:48 Job terminated.
	(1) Normal termination (return value 0)
		Usr 0 00:00:04, Sys 0 00:00:00  -  Run Remote Usage
		Usr 0 00:00:00, Sys 0 00:00:00  -  Run Local Usage
		Usr 0 00:00:04, Sys 0 00:00:00  -  Total Remote Usage
		Usr 0 00:00:00, Sys 0 00:00:00  -  Total Local Usage
	6204  -  Run Bytes Sent By Job
	409597  -  Run Bytes Received By Job
	6204  -  Total Bytes Sent By Job
	409597  -  Total Bytes Received By Job
	Partitionable Resources :    Usage  Request Allocated 
	   Cpus                 :        0        8         8 
	   Disk (KB)            :      427      425   2992265 
	   Memory (MB)          :        8    16000     16000 

	Job terminated of its own accord at 2024-07-24T18:10:48Z with exit-code 0.
...
000 (10261715.2629.000) 07/25 13:02:31 Job submitted from host: <188.185.114.121:9618?addrs=188.185.114.121-9618+[2001-1458-d00-a--100-273]-9618&alias=bigbird19.cern.ch&noUDP&sock=schedd_4961_696e>
...
009 (10261715.2629.000) 07/25 13:06:53 Job was aborted.
	via condor_rm (by user yelberke)
...
000 (10261767.2629.000) 07/25 13:20:31 Job submitted from host: <188.185.114.121:9618?addrs=188.185.114.121-9618+[2001-1458-d00-a--100-273]-9618&alias=bigbird19.cern.ch&noUDP&sock=schedd_4961_696e>
...
040 (10261767.2629.000) 07/25 14:32:15 Started transferring input files
	Transferring to host: <188.185.209.147:9618?addrs=188.185.209.147-9618+[2001-1458-303-12--100-10]-9618&alias=b9p12p6312.cern.ch&noUDP&sock=slot1_10_125263_dd7f_146415>
...
040 (10261767.2629.000) 07/25 14:32:15 Finished transferring input files
...
001 (10261767.2629.000) 07/25 14:32:16 Job executing on host: <188.185.209.147:9618?addrs=188.185.209.147-9618+[2001-1458-303-12--100-10]-9618&alias=b9p12p6312.cern.ch&noUDP&sock=startd_115713_1266>
	SlotName: slot1_10@b9p12p6312.cern.ch
	CondorScratchDir = "/pool/condor/dir_852456"
	Cpus = 12
	Disk = 2585177
	Memory = 24000
...
006 (10261767.2629.000) 07/25 14:32:22 Image size of job updated: 160668
	7  -  MemoryUsage of job (MB)
	7108  -  ResidentSetSize of job (KB)
...
040 (10261767.2629.000) 07/25 14:32:22 Started transferring output files
...
040 (10261767.2629.000) 07/25 14:32:22 Finished transferring output files
...
005 (10261767.2629.000) 07/25 14:32:22 Job terminated.
	(1) Normal termination (return value 0)
		Usr 0 00:00:04, Sys 0 00:00:00  -  Run Remote Usage
		Usr 0 00:00:00, Sys 0 00:00:00  -  Run Local Usage
		Usr 0 00:00:04, Sys 0 00:00:00  -  Total Remote Usage
		Usr 0 00:00:00, Sys 0 00:00:00  -  Total Local Usage
	6676  -  Run Bytes Sent By Job
	409597  -  Run Bytes Received By Job
	6676  -  Total Bytes Sent By Job
	409597  -  Total Bytes Received By Job
	Partitionable Resources :    Usage  Request Allocated 
	   Cpus                 :        0       12        12 
	   Disk (KB)            :      429      425   2585177 
	   Memory (MB)          :        7    24000     24000 

	Job terminated of its own accord at 2024-07-25T12:32:22Z with exit-code 0.
...
000 (10284266.2629.000) 08/02 15:46:20 Job submitted from host: <188.185.114.121:9618?addrs=188.185.114.121-9618+[2001-1458-d00-a--100-273]-9618&alias=bigbird19.cern.ch&noUDP&sock=schedd_4961_696e>
...
000 (10284267.2629.000) 08/02 15:49:56 Job submitted from host: <188.185.114.121:9618?addrs=188.185.114.121-9618+[2001-1458-d00-a--100-273]-9618&alias=bigbird19.cern.ch&noUDP&sock=schedd_4961_696e>
...
009 (10284266.2629.000) 08/02 15:50:22 Job was aborted.
	via condor_rm (by user yelberke)
...
040 (10284267.2629.000) 08/02 16:44:00 Started transferring input files
	Transferring to host: <188.185.192.30:9618?addrs=188.185.192.30-9618+[2001-1458-303-1f--100-1a]-9618&alias=b9p13p4361.cern.ch&noUDP&sock=slot1_1_300688_a5bc_41>
...
040 (10284267.2629.000) 08/02 16:44:00 Finished transferring input files
...
001 (10284267.2629.000) 08/02 16:44:01 Job executing on host: <188.185.192.30:9618?addrs=188.185.192.30-9618+[2001-1458-303-1f--100-1a]-9618&alias=b9p13p4361.cern.ch&noUDP&sock=startd_128754_1cf9>
	SlotName: slot1_1@b9p13p4361.cern.ch
	CondorScratchDir = "/pool/condor/dir_309205"
	Cpus = 12
	Disk = 2971653
	Memory = 24000
...
006 (10284267.2629.000) 08/02 16:44:03 Image size of job updated: 318656
	5  -  MemoryUsage of job (MB)
	4940  -  ResidentSetSize of job (KB)
...
040 (10284267.2629.000) 08/02 16:44:03 Started transferring output files
...
040 (10284267.2629.000) 08/02 16:44:03 Finished transferring output files
...
005 (10284267.2629.000) 08/02 16:44:03 Job terminated.
	(1) Normal termination (return value 139)
		Usr 0 00:00:02, Sys 0 00:00:00  -  Run Remote Usage
		Usr 0 00:00:00, Sys 0 00:00:00  -  Run Local Usage
		Usr 0 00:00:02, Sys 0 00:00:00  -  Total Remote Usage
		Usr 0 00:00:00, Sys 0 00:00:00  -  Total Local Usage
	7696  -  Run Bytes Sent By Job
	409597  -  Run Bytes Received By Job
	7696  -  Total Bytes Sent By Job
	409597  -  Total Bytes Received By Job
	Partitionable Resources :    Usage  Request Allocated 
	   Cpus                 :        0       12        12 
	   Disk (KB)            :      429      425   2971653 
	   Memory (MB)          :        5    24000     24000 

	Job terminated of its own accord at 2024-08-02T14:44:03Z with exit-code 139.
...
