000 (10252905.2630.000) 07/24 16:13:19 Job submitted from host: <188.185.114.121:9618?addrs=188.185.114.121-9618+[2001-1458-d00-a--100-273]-9618&alias=bigbird19.cern.ch&noUDP&sock=schedd_4961_696e>
...
009 (10252905.2630.000) 07/24 16:14:49 Job was aborted.
	via condor_rm (by user yelberke)
...
000 (10252906.2630.000) 07/24 16:15:38 Job submitted from host: <188.185.114.121:9618?addrs=188.185.114.121-9618+[2001-1458-d00-a--100-273]-9618&alias=bigbird19.cern.ch&noUDP&sock=schedd_4961_696e>
...
000 (10252907.2630.000) 07/24 16:17:32 Job submitted from host: <188.185.114.121:9618?addrs=188.185.114.121-9618+[2001-1458-d00-a--100-273]-9618&alias=bigbird19.cern.ch&noUDP&sock=schedd_4961_696e>
...
000 (10252908.2630.000) 07/24 16:18:05 Job submitted from host: <188.185.114.121:9618?addrs=188.185.114.121-9618+[2001-1458-d00-a--100-273]-9618&alias=bigbird19.cern.ch&noUDP&sock=schedd_4961_696e>
...
000 (10252909.2630.000) 07/24 16:18:41 Job submitted from host: <188.185.114.121:9618?addrs=188.185.114.121-9618+[2001-1458-d00-a--100-273]-9618&alias=bigbird19.cern.ch&noUDP&sock=schedd_4961_696e>
...
040 (10252906.2630.000) 07/24 16:35:35 Started transferring input files
	Transferring to host: <188.185.198.38:9618?addrs=188.185.198.38-9618+[2001-1458-303-25--100-22]-9618&alias=b9p15p9841.cern.ch&noUDP&sock=slot1_3_138193_384d_31215>
...
040 (10252906.2630.000) 07/24 16:35:35 Finished transferring input files
...
001 (10252906.2630.000) 07/24 16:35:36 Job executing on host: <188.185.198.38:9618?addrs=188.185.198.38-9618+[2001-1458-303-25--100-22]-9618&alias=b9p15p9841.cern.ch&noUDP&sock=startd_127617_39ca>
	SlotName: slot1_3@b9p15p9841.cern.ch
	CondorScratchDir = "/pool/condor/dir_1139842"
	Cpus = 8
	Disk = 2914198
	Memory = 16000
...
006 (10252906.2630.000) 07/24 16:35:42 Image size of job updated: 176884
	20  -  MemoryUsage of job (MB)
	20456  -  ResidentSetSize of job (KB)
...
040 (10252906.2630.000) 07/24 16:35:43 Started transferring output files
...
040 (10252906.2630.000) 07/24 16:35:43 Finished transferring output files
...
005 (10252906.2630.000) 07/24 16:35:43 Job terminated.
	(1) Normal termination (return value 0)
		Usr 0 00:00:04, Sys 0 00:00:00  -  Run Remote Usage
		Usr 0 00:00:00, Sys 0 00:00:00  -  Run Local Usage
		Usr 0 00:00:04, Sys 0 00:00:00  -  Total Remote Usage
		Usr 0 00:00:00, Sys 0 00:00:00  -  Total Local Usage
	6204  -  Run Bytes Sent By Job
	409597  -  Run Bytes Received By Job
	6204  -  Total Bytes Sent By Job
	409597  -  Total Bytes Received By Job
	Partitionable Resources :    Usage  Request Allocated 
	   Cpus                 :        0        8         8 
	   Disk (KB)            :      428      425   2914198 
	   Memory (MB)          :       20    16000     16000 

	Job terminated of its own accord at 2024-07-24T14:35:42Z with exit-code 0.
...
040 (10252907.2630.000) 07/24 18:03:14 Started transferring input files
	Transferring to host: <188.185.204.191:9618?addrs=188.185.204.191-9618+[2001-1458-303-8--100-b3]-9618&alias=b9p02p4879.cern.ch&noUDP&sock=slot1_22_8290_ce0a_28747>
...
040 (10252907.2630.000) 07/24 18:03:14 Finished transferring input files
...
001 (10252907.2630.000) 07/24 18:03:15 Job executing on host: <188.185.204.191:9618?addrs=188.185.204.191-9618+[2001-1458-303-8--100-b3]-9618&alias=b9p02p4879.cern.ch&noUDP&sock=startd_7347_0266>
	SlotName: slot1_22@b9p02p4879.cern.ch
	CondorScratchDir = "/pool/condor/dir_1969504"
	Cpus = 8
	Disk = 2880485
	Memory = 16000
...
006 (10252907.2630.000) 07/24 18:03:19 Image size of job updated: 161008
	9  -  MemoryUsage of job (MB)
	8384  -  ResidentSetSize of job (KB)
...
040 (10252907.2630.000) 07/24 18:03:19 Started transferring output files
...
040 (10252907.2630.000) 07/24 18:03:19 Finished transferring output files
...
005 (10252907.2630.000) 07/24 18:03:19 Job terminated.
	(1) Normal termination (return value 0)
		Usr 0 00:00:03, Sys 0 00:00:00  -  Run Remote Usage
		Usr 0 00:00:00, Sys 0 00:00:00  -  Run Local Usage
		Usr 0 00:00:03, Sys 0 00:00:00  -  Total Remote Usage
		Usr 0 00:00:00, Sys 0 00:00:00  -  Total Local Usage
	6204  -  Run Bytes Sent By Job
	409597  -  Run Bytes Received By Job
	6204  -  Total Bytes Sent By Job
	409597  -  Total Bytes Received By Job
	Partitionable Resources :    Usage  Request Allocated 
	   Cpus                 :        0        8         8 
	   Disk (KB)            :      427      425   2880485 
	   Memory (MB)          :        9    16000     16000 

	Job terminated of its own accord at 2024-07-24T16:03:19Z with exit-code 0.
...
040 (10252908.2630.000) 07/24 19:11:21 Started transferring input files
	Transferring to host: <188.185.194.151:9618?addrs=188.185.194.151-9618+[2001-1458-303-21--100-93]-9618&alias=b9p20p8169.cern.ch&noUDP&sock=slot1_10_2215987_0f19_4875>
...
040 (10252908.2630.000) 07/24 19:11:21 Finished transferring input files
...
001 (10252908.2630.000) 07/24 19:11:22 Job executing on host: <188.185.194.151:9618?addrs=188.185.194.151-9618+[2001-1458-303-21--100-93]-9618&alias=b9p20p8169.cern.ch&noUDP&sock=startd_174440_e8bf>
	SlotName: slot1_10@b9p20p8169.cern.ch
	CondorScratchDir = "/pool/condor/dir_515851"
	Cpus = 8
	Disk = 2944042
	Memory = 16000
...
006 (10252908.2630.000) 07/24 19:11:30 Image size of job updated: 276144
	123  -  MemoryUsage of job (MB)
	125524  -  ResidentSetSize of job (KB)
...
040 (10252908.2630.000) 07/24 19:11:30 Started transferring output files
...
040 (10252908.2630.000) 07/24 19:11:30 Finished transferring output files
...
005 (10252908.2630.000) 07/24 19:11:30 Job terminated.
	(1) Normal termination (return value 0)
		Usr 0 00:00:06, Sys 0 00:00:00  -  Run Remote Usage
		Usr 0 00:00:00, Sys 0 00:00:00  -  Run Local Usage
		Usr 0 00:00:06, Sys 0 00:00:00  -  Total Remote Usage
		Usr 0 00:00:00, Sys 0 00:00:00  -  Total Local Usage
	6204  -  Run Bytes Sent By Job
	409597  -  Run Bytes Received By Job
	6204  -  Total Bytes Sent By Job
	409597  -  Total Bytes Received By Job
	Partitionable Resources :    Usage  Request Allocated 
	   Cpus                 :        0        8         8 
	   Disk (KB)            :      427      425   2944042 
	   Memory (MB)          :      123    16000     16000 

	Job terminated of its own accord at 2024-07-24T17:11:30Z with exit-code 0.
...
040 (10252909.2630.000) 07/24 20:10:42 Started transferring input files
	Transferring to host: <188.185.195.96:9618?addrs=188.185.195.96-9618+[2001-1458-303-22--100-5c]-9618&alias=b9p17p6924.cern.ch&noUDP&sock=slot1_9_184774_bf93_24283>
...
040 (10252909.2630.000) 07/24 20:10:42 Finished transferring input files
...
001 (10252909.2630.000) 07/24 20:10:43 Job executing on host: <188.185.195.96:9618?addrs=188.185.195.96-9618+[2001-1458-303-22--100-5c]-9618&alias=b9p17p6924.cern.ch&noUDP&sock=startd_175038_1662>
	SlotName: slot1_9@b9p17p6924.cern.ch
	CondorScratchDir = "/pool/condor/dir_2052441"
	Cpus = 8
	Disk = 2891053
	Memory = 16000
...
006 (10252909.2630.000) 07/24 20:10:49 Image size of job updated: 159492
	8  -  MemoryUsage of job (MB)
	7332  -  ResidentSetSize of job (KB)
...
040 (10252909.2630.000) 07/24 20:10:49 Started transferring output files
...
040 (10252909.2630.000) 07/24 20:10:49 Finished transferring output files
...
005 (10252909.2630.000) 07/24 20:10:49 Job terminated.
	(1) Normal termination (return value 0)
		Usr 0 00:00:05, Sys 0 00:00:00  -  Run Remote Usage
		Usr 0 00:00:00, Sys 0 00:00:00  -  Run Local Usage
		Usr 0 00:00:05, Sys 0 00:00:00  -  Total Remote Usage
		Usr 0 00:00:00, Sys 0 00:00:00  -  Total Local Usage
	6204  -  Run Bytes Sent By Job
	409597  -  Run Bytes Received By Job
	6204  -  Total Bytes Sent By Job
	409597  -  Total Bytes Received By Job
	Partitionable Resources :    Usage  Request Allocated 
	   Cpus                 :        0        8         8 
	   Disk (KB)            :      428      425   2891053 
	   Memory (MB)          :        8    16000     16000 

	Job terminated of its own accord at 2024-07-24T18:10:49Z with exit-code 0.
...
000 (10261715.2630.000) 07/25 13:02:32 Job submitted from host: <188.185.114.121:9618?addrs=188.185.114.121-9618+[2001-1458-d00-a--100-273]-9618&alias=bigbird19.cern.ch&noUDP&sock=schedd_4961_696e>
...
009 (10261715.2630.000) 07/25 13:06:53 Job was aborted.
	via condor_rm (by user yelberke)
...
000 (10261767.2630.000) 07/25 13:20:31 Job submitted from host: <188.185.114.121:9618?addrs=188.185.114.121-9618+[2001-1458-d00-a--100-273]-9618&alias=bigbird19.cern.ch&noUDP&sock=schedd_4961_696e>
...
040 (10261767.2630.000) 07/25 14:32:15 Started transferring input files
	Transferring to host: <188.185.205.188:9618?addrs=188.185.205.188-9618&alias=b9p04p6505.cern.ch&noUDP&sock=slot1_5_6904_3e12_155626>
...
040 (10261767.2630.000) 07/25 14:32:15 Finished transferring input files
...
001 (10261767.2630.000) 07/25 14:32:16 Job executing on host: <188.185.205.188:9618?addrs=188.185.205.188-9618&alias=b9p04p6505.cern.ch&noUDP&sock=startd_6831_1388>
	SlotName: slot1_5@b9p04p6505.cern.ch
	CondorScratchDir = "/pool/condor/dir_732779"
	Cpus = 12
	Disk = 2815359
	Memory = 24000
...
006 (10261767.2630.000) 07/25 14:32:20 Image size of job updated: 160984
	7  -  MemoryUsage of job (MB)
	6788  -  ResidentSetSize of job (KB)
...
040 (10261767.2630.000) 07/25 14:32:21 Started transferring output files
...
040 (10261767.2630.000) 07/25 14:32:21 Finished transferring output files
...
005 (10261767.2630.000) 07/25 14:32:21 Job terminated.
	(1) Normal termination (return value 0)
		Usr 0 00:00:03, Sys 0 00:00:00  -  Run Remote Usage
		Usr 0 00:00:00, Sys 0 00:00:00  -  Run Local Usage
		Usr 0 00:00:03, Sys 0 00:00:00  -  Total Remote Usage
		Usr 0 00:00:00, Sys 0 00:00:00  -  Total Local Usage
	6676  -  Run Bytes Sent By Job
	409597  -  Run Bytes Received By Job
	6676  -  Total Bytes Sent By Job
	409597  -  Total Bytes Received By Job
	Partitionable Resources :    Usage  Request Allocated 
	   Cpus                 :        0       12        12 
	   Disk (KB)            :      428      425   2815359 
	   Memory (MB)          :        7    24000     24000 

	Job terminated of its own accord at 2024-07-25T12:32:20Z with exit-code 0.
...
000 (10284266.2630.000) 08/02 15:46:20 Job submitted from host: <188.185.114.121:9618?addrs=188.185.114.121-9618+[2001-1458-d00-a--100-273]-9618&alias=bigbird19.cern.ch&noUDP&sock=schedd_4961_696e>
...
000 (10284267.2630.000) 08/02 15:49:56 Job submitted from host: <188.185.114.121:9618?addrs=188.185.114.121-9618+[2001-1458-d00-a--100-273]-9618&alias=bigbird19.cern.ch&noUDP&sock=schedd_4961_696e>
...
009 (10284266.2630.000) 08/02 15:50:22 Job was aborted.
	via condor_rm (by user yelberke)
...
040 (10284267.2630.000) 08/02 16:44:01 Started transferring input files
	Transferring to host: <188.185.209.59:9618?addrs=188.185.209.59-9618+[2001-1458-303-11--100-38]-9618&alias=b9p11p1917.cern.ch&noUDP&sock=slot1_6_9376_fd76_153982>
...
040 (10284267.2630.000) 08/02 16:44:01 Finished transferring input files
...
001 (10284267.2630.000) 08/02 16:44:02 Job executing on host: <188.185.209.59:9618?addrs=188.185.209.59-9618+[2001-1458-303-11--100-38]-9618&alias=b9p11p1917.cern.ch&noUDP&sock=startd_8062_709d>
	SlotName: slot1_6@b9p11p1917.cern.ch
	CondorScratchDir = "/pool/condor/dir_4142589"
	Cpus = 12
	Disk = 2778677
	Memory = 24000
...
006 (10284267.2630.000) 08/02 16:44:04 Image size of job updated: 325128
	3  -  MemoryUsage of job (MB)
	2440  -  ResidentSetSize of job (KB)
...
040 (10284267.2630.000) 08/02 16:44:04 Started transferring output files
...
040 (10284267.2630.000) 08/02 16:44:04 Finished transferring output files
...
005 (10284267.2630.000) 08/02 16:44:04 Job terminated.
	(1) Normal termination (return value 139)
		Usr 0 00:00:01, Sys 0 00:00:01  -  Run Remote Usage
		Usr 0 00:00:00, Sys 0 00:00:00  -  Run Local Usage
		Usr 0 00:00:01, Sys 0 00:00:01  -  Total Remote Usage
		Usr 0 00:00:00, Sys 0 00:00:00  -  Total Local Usage
	7696  -  Run Bytes Sent By Job
	409597  -  Run Bytes Received By Job
	7696  -  Total Bytes Sent By Job
	409597  -  Total Bytes Received By Job
	Partitionable Resources :    Usage  Request Allocated 
	   Cpus                 :        0       12        12 
	   Disk (KB)            :      430      425   2778677 
	   Memory (MB)          :        3    24000     24000 

	Job terminated of its own accord at 2024-08-02T14:44:04Z with exit-code 139.
...
