000 (10252905.2641.000) 07/24 16:13:19 Job submitted from host: <188.185.114.121:9618?addrs=188.185.114.121-9618+[2001-1458-d00-a--100-273]-9618&alias=bigbird19.cern.ch&noUDP&sock=schedd_4961_696e>
...
009 (10252905.2641.000) 07/24 16:14:49 Job was aborted.
	via condor_rm (by user yelberke)
...
000 (10252906.2641.000) 07/24 16:15:38 Job submitted from host: <188.185.114.121:9618?addrs=188.185.114.121-9618+[2001-1458-d00-a--100-273]-9618&alias=bigbird19.cern.ch&noUDP&sock=schedd_4961_696e>
...
000 (10252907.2641.000) 07/24 16:17:32 Job submitted from host: <188.185.114.121:9618?addrs=188.185.114.121-9618+[2001-1458-d00-a--100-273]-9618&alias=bigbird19.cern.ch&noUDP&sock=schedd_4961_696e>
...
000 (10252908.2641.000) 07/24 16:18:05 Job submitted from host: <188.185.114.121:9618?addrs=188.185.114.121-9618+[2001-1458-d00-a--100-273]-9618&alias=bigbird19.cern.ch&noUDP&sock=schedd_4961_696e>
...
000 (10252909.2641.000) 07/24 16:18:41 Job submitted from host: <188.185.114.121:9618?addrs=188.185.114.121-9618+[2001-1458-d00-a--100-273]-9618&alias=bigbird19.cern.ch&noUDP&sock=schedd_4961_696e>
...
040 (10252906.2641.000) 07/24 16:35:39 Started transferring input files
	Transferring to host: <188.185.206.198:9618?addrs=188.185.206.198-9618&alias=b9p06p1091.cern.ch&noUDP&sock=slot1_32_6054_572f_149619>
...
040 (10252906.2641.000) 07/24 16:35:39 Finished transferring input files
...
001 (10252906.2641.000) 07/24 16:35:40 Job executing on host: <188.185.206.198:9618?addrs=188.185.206.198-9618&alias=b9p06p1091.cern.ch&noUDP&sock=startd_5659_2e89>
	SlotName: slot1_32@b9p06p1091.cern.ch
	CondorScratchDir = "/pool/condor/dir_531924"
	Cpus = 8
	Disk = 2634634
	Memory = 16000
...
006 (10252906.2641.000) 07/24 16:35:47 Image size of job updated: 162788
	12  -  MemoryUsage of job (MB)
	11800  -  ResidentSetSize of job (KB)
...
040 (10252906.2641.000) 07/24 16:35:47 Started transferring output files
...
040 (10252906.2641.000) 07/24 16:35:47 Finished transferring output files
...
005 (10252906.2641.000) 07/24 16:35:48 Job terminated.
	(1) Normal termination (return value 0)
		Usr 0 00:00:05, Sys 0 00:00:00  -  Run Remote Usage
		Usr 0 00:00:00, Sys 0 00:00:00  -  Run Local Usage
		Usr 0 00:00:05, Sys 0 00:00:00  -  Total Remote Usage
		Usr 0 00:00:00, Sys 0 00:00:00  -  Total Local Usage
	6204  -  Run Bytes Sent By Job
	409597  -  Run Bytes Received By Job
	6204  -  Total Bytes Sent By Job
	409597  -  Total Bytes Received By Job
	Partitionable Resources :    Usage  Request Allocated 
	   Cpus                 :        0        8         8 
	   Disk (KB)            :      428      425   2634634 
	   Memory (MB)          :       12    16000     16000 

	Job terminated of its own accord at 2024-07-24T14:35:47Z with exit-code 0.
...
040 (10252907.2641.000) 07/24 18:03:19 Started transferring input files
	Transferring to host: <188.185.205.107:9618?addrs=188.185.205.107-9618+[2001-1458-303-9--100-68]-9618&alias=b9p03p1852.cern.ch&noUDP&sock=slot1_15_7657_cc90_71532>
...
040 (10252907.2641.000) 07/24 18:03:19 Finished transferring input files
...
001 (10252907.2641.000) 07/24 18:03:20 Job executing on host: <188.185.205.107:9618?addrs=188.185.205.107-9618+[2001-1458-303-9--100-68]-9618&alias=b9p03p1852.cern.ch&noUDP&sock=startd_6598_41f7>
	SlotName: slot1_15@b9p03p1852.cern.ch
	CondorScratchDir = "/pool/condor/dir_1664853"
	Cpus = 8
	Disk = 2755358
	Memory = 16000
...
006 (10252907.2641.000) 07/24 18:03:24 Image size of job updated: 160000
	8  -  MemoryUsage of job (MB)
	7536  -  ResidentSetSize of job (KB)
...
040 (10252907.2641.000) 07/24 18:03:24 Started transferring output files
...
040 (10252907.2641.000) 07/24 18:03:24 Finished transferring output files
...
005 (10252907.2641.000) 07/24 18:03:24 Job terminated.
	(1) Normal termination (return value 0)
		Usr 0 00:00:03, Sys 0 00:00:00  -  Run Remote Usage
		Usr 0 00:00:00, Sys 0 00:00:00  -  Run Local Usage
		Usr 0 00:00:03, Sys 0 00:00:00  -  Total Remote Usage
		Usr 0 00:00:00, Sys 0 00:00:00  -  Total Local Usage
	6204  -  Run Bytes Sent By Job
	409597  -  Run Bytes Received By Job
	6204  -  Total Bytes Sent By Job
	409597  -  Total Bytes Received By Job
	Partitionable Resources :    Usage  Request Allocated 
	   Cpus                 :        0        8         8 
	   Disk (KB)            :      427      425   2755358 
	   Memory (MB)          :        8    16000     16000 

	Job terminated of its own accord at 2024-07-24T16:03:24Z with exit-code 0.
...
040 (10252908.2641.000) 07/24 19:11:23 Started transferring input files
	Transferring to host: <188.185.204.253:9618?addrs=188.185.204.253-9618+[2001-1458-303-8--100-7a]-9618&alias=b9p02p8717.cern.ch&noUDP&sock=slot1_7_7342_da64_154140>
...
040 (10252908.2641.000) 07/24 19:11:23 Finished transferring input files
...
001 (10252908.2641.000) 07/24 19:11:24 Job executing on host: <188.185.204.253:9618?addrs=188.185.204.253-9618+[2001-1458-303-8--100-7a]-9618&alias=b9p02p8717.cern.ch&noUDP&sock=startd_7272_90cc>
	SlotName: slot1_7@b9p02p8717.cern.ch
	CondorScratchDir = "/pool/condor/dir_3210763"
	Cpus = 8
	Disk = 2793043
	Memory = 16000
...
006 (10252908.2641.000) 07/24 19:11:28 Image size of job updated: 157520
	8  -  MemoryUsage of job (MB)
	7256  -  ResidentSetSize of job (KB)
...
040 (10252908.2641.000) 07/24 19:11:28 Started transferring output files
...
040 (10252908.2641.000) 07/24 19:11:28 Finished transferring output files
...
005 (10252908.2641.000) 07/24 19:11:28 Job terminated.
	(1) Normal termination (return value 0)
		Usr 0 00:00:03, Sys 0 00:00:00  -  Run Remote Usage
		Usr 0 00:00:00, Sys 0 00:00:00  -  Run Local Usage
		Usr 0 00:00:03, Sys 0 00:00:00  -  Total Remote Usage
		Usr 0 00:00:00, Sys 0 00:00:00  -  Total Local Usage
	6204  -  Run Bytes Sent By Job
	409597  -  Run Bytes Received By Job
	6204  -  Total Bytes Sent By Job
	409597  -  Total Bytes Received By Job
	Partitionable Resources :    Usage  Request Allocated 
	   Cpus                 :        0        8         8 
	   Disk (KB)            :      427      425   2793043 
	   Memory (MB)          :        8    16000     16000 

	Job terminated of its own accord at 2024-07-24T17:11:28Z with exit-code 0.
...
040 (10252909.2641.000) 07/24 20:10:46 Started transferring input files
	Transferring to host: <188.185.193.160:9618?addrs=188.185.193.160-9618+[2001-1458-303-20--100-9c]-9618&alias=b9p19p6126.cern.ch&noUDP&sock=slot1_8_458104_75be_5540>
...
040 (10252909.2641.000) 07/24 20:10:46 Finished transferring input files
...
001 (10252909.2641.000) 07/24 20:10:47 Job executing on host: <188.185.193.160:9618?addrs=188.185.193.160-9618+[2001-1458-303-20--100-9c]-9618&alias=b9p19p6126.cern.ch&noUDP&sock=startd_128277_ee4c>
	SlotName: slot1_8@b9p19p6126.cern.ch
	CondorScratchDir = "/pool/condor/dir_2025856"
	Cpus = 8
	Disk = 3002575
	Memory = 16000
...
006 (10252909.2641.000) 07/24 20:10:53 Image size of job updated: 159764
	8  -  MemoryUsage of job (MB)
	7588  -  ResidentSetSize of job (KB)
...
040 (10252909.2641.000) 07/24 20:10:53 Started transferring output files
...
040 (10252909.2641.000) 07/24 20:10:53 Finished transferring output files
...
005 (10252909.2641.000) 07/24 20:10:53 Job terminated.
	(1) Normal termination (return value 0)
		Usr 0 00:00:05, Sys 0 00:00:00  -  Run Remote Usage
		Usr 0 00:00:00, Sys 0 00:00:00  -  Run Local Usage
		Usr 0 00:00:05, Sys 0 00:00:00  -  Total Remote Usage
		Usr 0 00:00:00, Sys 0 00:00:00  -  Total Local Usage
	6204  -  Run Bytes Sent By Job
	409597  -  Run Bytes Received By Job
	6204  -  Total Bytes Sent By Job
	409597  -  Total Bytes Received By Job
	Partitionable Resources :    Usage  Request Allocated 
	   Cpus                 :        0        8         8 
	   Disk (KB)            :      428      425   3002575 
	   Memory (MB)          :        8    16000     16000 

	Job terminated of its own accord at 2024-07-24T18:10:53Z with exit-code 0.
...
000 (10261715.2641.000) 07/25 13:02:32 Job submitted from host: <188.185.114.121:9618?addrs=188.185.114.121-9618+[2001-1458-d00-a--100-273]-9618&alias=bigbird19.cern.ch&noUDP&sock=schedd_4961_696e>
...
009 (10261715.2641.000) 07/25 13:06:53 Job was aborted.
	via condor_rm (by user yelberke)
...
000 (10261767.2641.000) 07/25 13:20:31 Job submitted from host: <188.185.114.121:9618?addrs=188.185.114.121-9618+[2001-1458-d00-a--100-273]-9618&alias=bigbird19.cern.ch&noUDP&sock=schedd_4961_696e>
...
040 (10261767.2641.000) 07/25 14:32:19 Started transferring input files
	Transferring to host: <188.185.205.26:9618?addrs=188.185.205.26-9618+[2001-1458-303-9--100-8e]-9618&alias=b9p03p6145.cern.ch&noUDP&sock=slot1_28_7414_9567_157462>
...
040 (10261767.2641.000) 07/25 14:32:19 Finished transferring input files
...
001 (10261767.2641.000) 07/25 14:32:21 Job executing on host: <188.185.205.26:9618?addrs=188.185.205.26-9618+[2001-1458-303-9--100-8e]-9618&alias=b9p03p6145.cern.ch&noUDP&sock=startd_7340_353c>
	SlotName: slot1_28@b9p03p6145.cern.ch
	CondorScratchDir = "/pool/condor/dir_556573"
	Cpus = 12
	Disk = 2698632
	Memory = 24000
...
006 (10261767.2641.000) 07/25 14:32:25 Image size of job updated: 160748
	8  -  MemoryUsage of job (MB)
	7196  -  ResidentSetSize of job (KB)
...
040 (10261767.2641.000) 07/25 14:32:25 Started transferring output files
...
040 (10261767.2641.000) 07/25 14:32:25 Finished transferring output files
...
005 (10261767.2641.000) 07/25 14:32:25 Job terminated.
	(1) Normal termination (return value 0)
		Usr 0 00:00:03, Sys 0 00:00:00  -  Run Remote Usage
		Usr 0 00:00:00, Sys 0 00:00:00  -  Run Local Usage
		Usr 0 00:00:03, Sys 0 00:00:00  -  Total Remote Usage
		Usr 0 00:00:00, Sys 0 00:00:00  -  Total Local Usage
	6676  -  Run Bytes Sent By Job
	409597  -  Run Bytes Received By Job
	6676  -  Total Bytes Sent By Job
	409597  -  Total Bytes Received By Job
	Partitionable Resources :    Usage  Request Allocated 
	   Cpus                 :        0       12        12 
	   Disk (KB)            :      429      425   2698632 
	   Memory (MB)          :        8    24000     24000 

	Job terminated of its own accord at 2024-07-25T12:32:25Z with exit-code 0.
...
000 (10284266.2641.000) 08/02 15:46:20 Job submitted from host: <188.185.114.121:9618?addrs=188.185.114.121-9618+[2001-1458-d00-a--100-273]-9618&alias=bigbird19.cern.ch&noUDP&sock=schedd_4961_696e>
...
000 (10284267.2641.000) 08/02 15:49:56 Job submitted from host: <188.185.114.121:9618?addrs=188.185.114.121-9618+[2001-1458-d00-a--100-273]-9618&alias=bigbird19.cern.ch&noUDP&sock=schedd_4961_696e>
...
009 (10284266.2641.000) 08/02 15:50:22 Job was aborted.
	via condor_rm (by user yelberke)
...
040 (10284267.2641.000) 08/02 16:44:05 Started transferring input files
	Transferring to host: <188.185.209.187:9618?addrs=188.185.209.187-9618+[2001-1458-303-12--100-38]-9618&alias=b9p12p4999.cern.ch&noUDP&sock=slot1_10_4284_3727_155961>
...
040 (10284267.2641.000) 08/02 16:44:05 Finished transferring input files
...
001 (10284267.2641.000) 08/02 16:44:06 Job executing on host: <188.185.209.187:9618?addrs=188.185.209.187-9618+[2001-1458-303-12--100-38]-9618&alias=b9p12p4999.cern.ch&noUDP&sock=startd_3866_5539>
	SlotName: slot1_10@b9p12p4999.cern.ch
	CondorScratchDir = "/pool/condor/dir_879317"
	Cpus = 12
	Disk = 2703496
	Memory = 24000
...
006 (10284267.2641.000) 08/02 16:44:07 Image size of job updated: 327836
	6  -  MemoryUsage of job (MB)
	5228  -  ResidentSetSize of job (KB)
...
040 (10284267.2641.000) 08/02 16:44:08 Started transferring output files
...
040 (10284267.2641.000) 08/02 16:44:08 Finished transferring output files
...
005 (10284267.2641.000) 08/02 16:44:08 Job terminated.
	(1) Normal termination (return value 139)
		Usr 0 00:00:01, Sys 0 00:00:01  -  Run Remote Usage
		Usr 0 00:00:00, Sys 0 00:00:00  -  Run Local Usage
		Usr 0 00:00:01, Sys 0 00:00:01  -  Total Remote Usage
		Usr 0 00:00:00, Sys 0 00:00:00  -  Total Local Usage
	7696  -  Run Bytes Sent By Job
	409597  -  Run Bytes Received By Job
	7696  -  Total Bytes Sent By Job
	409597  -  Total Bytes Received By Job
	Partitionable Resources :    Usage  Request Allocated 
	   Cpus                 :        0       12        12 
	   Disk (KB)            :      430      425   2703496 
	   Memory (MB)          :        6    24000     24000 

	Job terminated of its own accord at 2024-08-02T14:44:07Z with exit-code 139.
...
