000 (10252905.2653.000) 07/24 16:13:19 Job submitted from host: <188.185.114.121:9618?addrs=188.185.114.121-9618+[2001-1458-d00-a--100-273]-9618&alias=bigbird19.cern.ch&noUDP&sock=schedd_4961_696e>
...
009 (10252905.2653.000) 07/24 16:14:49 Job was aborted.
	via condor_rm (by user yelberke)
...
000 (10252906.2653.000) 07/24 16:15:38 Job submitted from host: <188.185.114.121:9618?addrs=188.185.114.121-9618+[2001-1458-d00-a--100-273]-9618&alias=bigbird19.cern.ch&noUDP&sock=schedd_4961_696e>
...
000 (10252907.2653.000) 07/24 16:17:32 Job submitted from host: <188.185.114.121:9618?addrs=188.185.114.121-9618+[2001-1458-d00-a--100-273]-9618&alias=bigbird19.cern.ch&noUDP&sock=schedd_4961_696e>
...
000 (10252908.2653.000) 07/24 16:18:05 Job submitted from host: <188.185.114.121:9618?addrs=188.185.114.121-9618+[2001-1458-d00-a--100-273]-9618&alias=bigbird19.cern.ch&noUDP&sock=schedd_4961_696e>
...
000 (10252909.2653.000) 07/24 16:18:41 Job submitted from host: <188.185.114.121:9618?addrs=188.185.114.121-9618+[2001-1458-d00-a--100-273]-9618&alias=bigbird19.cern.ch&noUDP&sock=schedd_4961_696e>
...
040 (10252906.2653.000) 07/24 16:35:44 Started transferring input files
	Transferring to host: <188.185.198.38:9618?addrs=188.185.198.38-9618+[2001-1458-303-25--100-22]-9618&alias=b9p15p9841.cern.ch&noUDP&sock=slot1_5_138193_384d_31216>
...
040 (10252906.2653.000) 07/24 16:35:44 Finished transferring input files
...
001 (10252906.2653.000) 07/24 16:35:45 Job executing on host: <188.185.198.38:9618?addrs=188.185.198.38-9618+[2001-1458-303-25--100-22]-9618&alias=b9p15p9841.cern.ch&noUDP&sock=startd_127617_39ca>
	SlotName: slot1_5@b9p15p9841.cern.ch
	CondorScratchDir = "/pool/condor/dir_1140307"
	Cpus = 8
	Disk = 2907460
	Memory = 16000
...
006 (10252906.2653.000) 07/24 16:35:51 Image size of job updated: 160084
	8  -  MemoryUsage of job (MB)
	7964  -  ResidentSetSize of job (KB)
...
040 (10252906.2653.000) 07/24 16:35:51 Started transferring output files
...
040 (10252906.2653.000) 07/24 16:35:51 Finished transferring output files
...
005 (10252906.2653.000) 07/24 16:35:51 Job terminated.
	(1) Normal termination (return value 0)
		Usr 0 00:00:04, Sys 0 00:00:00  -  Run Remote Usage
		Usr 0 00:00:00, Sys 0 00:00:00  -  Run Local Usage
		Usr 0 00:00:04, Sys 0 00:00:00  -  Total Remote Usage
		Usr 0 00:00:00, Sys 0 00:00:00  -  Total Local Usage
	6204  -  Run Bytes Sent By Job
	409597  -  Run Bytes Received By Job
	6204  -  Total Bytes Sent By Job
	409597  -  Total Bytes Received By Job
	Partitionable Resources :    Usage  Request Allocated 
	   Cpus                 :        0        8         8 
	   Disk (KB)            :      428      425   2907460 
	   Memory (MB)          :        8    16000     16000 

	Job terminated of its own accord at 2024-07-24T14:35:51Z with exit-code 0.
...
040 (10252907.2653.000) 07/24 18:03:23 Started transferring input files
	Transferring to host: <188.185.207.150:9618?addrs=188.185.207.150-9618+[2001-1458-303-e--100-13]-9618&alias=b9p08p4939.cern.ch&noUDP&sock=slot1_12_4045_d17e_144625>
...
040 (10252907.2653.000) 07/24 18:03:23 Finished transferring input files
...
001 (10252907.2653.000) 07/24 18:03:24 Job executing on host: <188.185.207.150:9618?addrs=188.185.207.150-9618+[2001-1458-303-e--100-13]-9618&alias=b9p08p4939.cern.ch&noUDP&sock=startd_3678_616b>
	SlotName: slot1_12@b9p08p4939.cern.ch
	CondorScratchDir = "/pool/condor/dir_3138388"
	Cpus = 8
	Disk = 2871458
	Memory = 16000
...
006 (10252907.2653.000) 07/24 18:03:29 Image size of job updated: 163500
	10  -  MemoryUsage of job (MB)
	9592  -  ResidentSetSize of job (KB)
...
040 (10252907.2653.000) 07/24 18:03:29 Started transferring output files
...
040 (10252907.2653.000) 07/24 18:03:29 Finished transferring output files
...
005 (10252907.2653.000) 07/24 18:03:29 Job terminated.
	(1) Normal termination (return value 0)
		Usr 0 00:00:03, Sys 0 00:00:00  -  Run Remote Usage
		Usr 0 00:00:00, Sys 0 00:00:00  -  Run Local Usage
		Usr 0 00:00:03, Sys 0 00:00:00  -  Total Remote Usage
		Usr 0 00:00:00, Sys 0 00:00:00  -  Total Local Usage
	6204  -  Run Bytes Sent By Job
	409597  -  Run Bytes Received By Job
	6204  -  Total Bytes Sent By Job
	409597  -  Total Bytes Received By Job
	Partitionable Resources :    Usage  Request Allocated 
	   Cpus                 :        0        8         8 
	   Disk (KB)            :      427      425   2871458 
	   Memory (MB)          :       10    16000     16000 

	Job terminated of its own accord at 2024-07-24T16:03:29Z with exit-code 0.
...
040 (10252908.2653.000) 07/24 19:11:28 Started transferring input files
	Transferring to host: <188.185.206.220:9618?addrs=188.185.206.220-9618&alias=b9p06p0934.cern.ch&noUDP&sock=slot1_8_17773_6fac_155243>
...
040 (10252908.2653.000) 07/24 19:11:28 Finished transferring input files
...
001 (10252908.2653.000) 07/24 19:11:29 Job executing on host: <188.185.206.220:9618?addrs=188.185.206.220-9618&alias=b9p06p0934.cern.ch&noUDP&sock=startd_16758_2c2f>
	SlotName: slot1_8@b9p06p0934.cern.ch
	CondorScratchDir = "/pool/condor/dir_1344011"
	Cpus = 8
	Disk = 2582542
	Memory = 16000
...
006 (10252908.2653.000) 07/24 19:11:33 Image size of job updated: 159764
	8  -  MemoryUsage of job (MB)
	7756  -  ResidentSetSize of job (KB)
...
040 (10252908.2653.000) 07/24 19:11:33 Started transferring output files
...
040 (10252908.2653.000) 07/24 19:11:33 Finished transferring output files
...
005 (10252908.2653.000) 07/24 19:11:33 Job terminated.
	(1) Normal termination (return value 0)
		Usr 0 00:00:03, Sys 0 00:00:00  -  Run Remote Usage
		Usr 0 00:00:00, Sys 0 00:00:00  -  Run Local Usage
		Usr 0 00:00:03, Sys 0 00:00:00  -  Total Remote Usage
		Usr 0 00:00:00, Sys 0 00:00:00  -  Total Local Usage
	6204  -  Run Bytes Sent By Job
	409597  -  Run Bytes Received By Job
	6204  -  Total Bytes Sent By Job
	409597  -  Total Bytes Received By Job
	Partitionable Resources :    Usage  Request Allocated 
	   Cpus                 :        0        8         8 
	   Disk (KB)            :      427      425   2582542 
	   Memory (MB)          :        8    16000     16000 

	Job terminated of its own accord at 2024-07-24T17:11:33Z with exit-code 0.
...
040 (10252909.2653.000) 07/24 20:10:50 Started transferring input files
	Transferring to host: <188.185.207.38:9618?addrs=188.185.207.38-9618+[2001-1458-303-d--100-23]-9618&alias=b9p07p9496.cern.ch&noUDP&sock=slot1_4_4910_4a01_145440>
...
040 (10252909.2653.000) 07/24 20:10:50 Finished transferring input files
...
001 (10252909.2653.000) 07/24 20:10:51 Job executing on host: <188.185.207.38:9618?addrs=188.185.207.38-9618+[2001-1458-303-d--100-23]-9618&alias=b9p07p9496.cern.ch&noUDP&sock=startd_4213_5896>
	SlotName: slot1_4@b9p07p9496.cern.ch
	CondorScratchDir = "/pool/condor/dir_2697943"
	Cpus = 8
	Disk = 2807987
	Memory = 16000
...
006 (10252909.2653.000) 07/24 20:10:55 Image size of job updated: 157508
	8  -  MemoryUsage of job (MB)
	7412  -  ResidentSetSize of job (KB)
...
040 (10252909.2653.000) 07/24 20:10:55 Started transferring output files
...
040 (10252909.2653.000) 07/24 20:10:55 Finished transferring output files
...
005 (10252909.2653.000) 07/24 20:10:55 Job terminated.
	(1) Normal termination (return value 0)
		Usr 0 00:00:03, Sys 0 00:00:00  -  Run Remote Usage
		Usr 0 00:00:00, Sys 0 00:00:00  -  Run Local Usage
		Usr 0 00:00:03, Sys 0 00:00:00  -  Total Remote Usage
		Usr 0 00:00:00, Sys 0 00:00:00  -  Total Local Usage
	6204  -  Run Bytes Sent By Job
	409597  -  Run Bytes Received By Job
	6204  -  Total Bytes Sent By Job
	409597  -  Total Bytes Received By Job
	Partitionable Resources :    Usage  Request Allocated 
	   Cpus                 :        0        8         8 
	   Disk (KB)            :      428      425   2807987 
	   Memory (MB)          :        8    16000     16000 

	Job terminated of its own accord at 2024-07-24T18:10:55Z with exit-code 0.
...
000 (10261715.2653.000) 07/25 13:02:32 Job submitted from host: <188.185.114.121:9618?addrs=188.185.114.121-9618+[2001-1458-d00-a--100-273]-9618&alias=bigbird19.cern.ch&noUDP&sock=schedd_4961_696e>
...
009 (10261715.2653.000) 07/25 13:06:53 Job was aborted.
	via condor_rm (by user yelberke)
...
000 (10261767.2653.000) 07/25 13:20:31 Job submitted from host: <188.185.114.121:9618?addrs=188.185.114.121-9618+[2001-1458-d00-a--100-273]-9618&alias=bigbird19.cern.ch&noUDP&sock=schedd_4961_696e>
...
040 (10261767.2653.000) 07/25 14:32:24 Started transferring input files
	Transferring to host: <188.185.204.146:9618?addrs=188.185.204.146-9618+[2001-1458-303-8--100-86]-9618&alias=b9p02p8097.cern.ch&noUDP&sock=slot1_22_7262_7c60_159490>
...
040 (10261767.2653.000) 07/25 14:32:24 Finished transferring input files
...
001 (10261767.2653.000) 07/25 14:32:25 Job executing on host: <188.185.204.146:9618?addrs=188.185.204.146-9618+[2001-1458-303-8--100-86]-9618&alias=b9p02p8097.cern.ch&noUDP&sock=startd_7194_1069>
	SlotName: slot1_22@b9p02p8097.cern.ch
	CondorScratchDir = "/pool/condor/dir_2109023"
	Cpus = 12
	Disk = 2761641
	Memory = 24000
...
006 (10261767.2653.000) 07/25 14:32:30 Image size of job updated: 160472
	7  -  MemoryUsage of job (MB)
	6692  -  ResidentSetSize of job (KB)
...
040 (10261767.2653.000) 07/25 14:32:30 Started transferring output files
...
040 (10261767.2653.000) 07/25 14:32:30 Finished transferring output files
...
005 (10261767.2653.000) 07/25 14:32:30 Job terminated.
	(1) Normal termination (return value 0)
		Usr 0 00:00:03, Sys 0 00:00:00  -  Run Remote Usage
		Usr 0 00:00:00, Sys 0 00:00:00  -  Run Local Usage
		Usr 0 00:00:03, Sys 0 00:00:00  -  Total Remote Usage
		Usr 0 00:00:00, Sys 0 00:00:00  -  Total Local Usage
	6676  -  Run Bytes Sent By Job
	409597  -  Run Bytes Received By Job
	6676  -  Total Bytes Sent By Job
	409597  -  Total Bytes Received By Job
	Partitionable Resources :    Usage  Request Allocated 
	   Cpus                 :        0       12        12 
	   Disk (KB)            :      429      425   2761641 
	   Memory (MB)          :        7    24000     24000 

	Job terminated of its own accord at 2024-07-25T12:32:30Z with exit-code 0.
...
000 (10284266.2653.000) 08/02 15:46:21 Job submitted from host: <188.185.114.121:9618?addrs=188.185.114.121-9618+[2001-1458-d00-a--100-273]-9618&alias=bigbird19.cern.ch&noUDP&sock=schedd_4961_696e>
...
000 (10284267.2653.000) 08/02 15:49:56 Job submitted from host: <188.185.114.121:9618?addrs=188.185.114.121-9618+[2001-1458-d00-a--100-273]-9618&alias=bigbird19.cern.ch&noUDP&sock=schedd_4961_696e>
...
009 (10284266.2653.000) 08/02 15:50:22 Job was aborted.
	via condor_rm (by user yelberke)
...
040 (10284267.2653.000) 08/02 16:44:08 Started transferring input files
	Transferring to host: <188.185.204.149:9618?addrs=188.185.204.149-9618+[2001-1458-303-8--100-89]-9618&alias=b9p02p1875.cern.ch&noUDP&sock=slot1_2_7282_93e1_167476>
...
040 (10284267.2653.000) 08/02 16:44:08 Finished transferring input files
...
001 (10284267.2653.000) 08/02 16:44:09 Job executing on host: <188.185.204.149:9618?addrs=188.185.204.149-9618+[2001-1458-303-8--100-89]-9618&alias=b9p02p1875.cern.ch&noUDP&sock=startd_7214_c84e>
	SlotName: slot1_2@b9p02p1875.cern.ch
	CondorScratchDir = "/pool/condor/dir_3455816"
	Cpus = 12
	Disk = 2583895
	Memory = 24000
...
006 (10284267.2653.000) 08/02 16:44:11 Image size of job updated: 325904
	6  -  MemoryUsage of job (MB)
	5728  -  ResidentSetSize of job (KB)
...
040 (10284267.2653.000) 08/02 16:44:11 Started transferring output files
...
040 (10284267.2653.000) 08/02 16:44:11 Finished transferring output files
...
005 (10284267.2653.000) 08/02 16:44:11 Job terminated.
	(1) Normal termination (return value 139)
		Usr 0 00:00:01, Sys 0 00:00:01  -  Run Remote Usage
		Usr 0 00:00:00, Sys 0 00:00:00  -  Run Local Usage
		Usr 0 00:00:01, Sys 0 00:00:01  -  Total Remote Usage
		Usr 0 00:00:00, Sys 0 00:00:00  -  Total Local Usage
	7696  -  Run Bytes Sent By Job
	409597  -  Run Bytes Received By Job
	7696  -  Total Bytes Sent By Job
	409597  -  Total Bytes Received By Job
	Partitionable Resources :    Usage  Request Allocated 
	   Cpus                 :        0       12        12 
	   Disk (KB)            :      429      425   2583895 
	   Memory (MB)          :        6    24000     24000 

	Job terminated of its own accord at 2024-08-02T14:44:11Z with exit-code 139.
...
