000 (10252905.2675.000) 07/24 16:13:19 Job submitted from host: <188.185.114.121:9618?addrs=188.185.114.121-9618+[2001-1458-d00-a--100-273]-9618&alias=bigbird19.cern.ch&noUDP&sock=schedd_4961_696e>
...
009 (10252905.2675.000) 07/24 16:14:49 Job was aborted.
	via condor_rm (by user yelberke)
...
000 (10252906.2675.000) 07/24 16:15:38 Job submitted from host: <188.185.114.121:9618?addrs=188.185.114.121-9618+[2001-1458-d00-a--100-273]-9618&alias=bigbird19.cern.ch&noUDP&sock=schedd_4961_696e>
...
000 (10252907.2675.000) 07/24 16:17:32 Job submitted from host: <188.185.114.121:9618?addrs=188.185.114.121-9618+[2001-1458-d00-a--100-273]-9618&alias=bigbird19.cern.ch&noUDP&sock=schedd_4961_696e>
...
000 (10252908.2675.000) 07/24 16:18:05 Job submitted from host: <188.185.114.121:9618?addrs=188.185.114.121-9618+[2001-1458-d00-a--100-273]-9618&alias=bigbird19.cern.ch&noUDP&sock=schedd_4961_696e>
...
000 (10252909.2675.000) 07/24 16:18:41 Job submitted from host: <188.185.114.121:9618?addrs=188.185.114.121-9618+[2001-1458-d00-a--100-273]-9618&alias=bigbird19.cern.ch&noUDP&sock=schedd_4961_696e>
...
040 (10252906.2675.000) 07/24 16:35:50 Started transferring input files
	Transferring to host: <188.185.192.140:9618?addrs=188.185.192.140-9618+[2001-1458-303-1f--100-88]-9618&alias=b9p13p9186.cern.ch&noUDP&sock=slot1_20_3475412_e788_6431>
...
040 (10252906.2675.000) 07/24 16:35:50 Finished transferring input files
...
001 (10252906.2675.000) 07/24 16:35:51 Job executing on host: <188.185.192.140:9618?addrs=188.185.192.140-9618+[2001-1458-303-1f--100-88]-9618&alias=b9p13p9186.cern.ch&noUDP&sock=startd_127844_edca>
	SlotName: slot1_20@b9p13p9186.cern.ch
	CondorScratchDir = "/pool/condor/dir_2097266"
	Cpus = 8
	Disk = 2898991
	Memory = 16000
...
006 (10252906.2675.000) 07/24 16:35:59 Image size of job updated: 147768
	145  -  MemoryUsage of job (MB)
	147768  -  ResidentSetSize of job (KB)
...
006 (10252906.2675.000) 07/24 16:36:00 Image size of job updated: 158260
	145  -  MemoryUsage of job (MB)
	147768  -  ResidentSetSize of job (KB)
...
040 (10252906.2675.000) 07/24 16:36:00 Started transferring output files
...
040 (10252906.2675.000) 07/24 16:36:00 Finished transferring output files
...
005 (10252906.2675.000) 07/24 16:36:00 Job terminated.
	(1) Normal termination (return value 0)
		Usr 0 00:00:08, Sys 0 00:00:00  -  Run Remote Usage
		Usr 0 00:00:00, Sys 0 00:00:00  -  Run Local Usage
		Usr 0 00:00:08, Sys 0 00:00:00  -  Total Remote Usage
		Usr 0 00:00:00, Sys 0 00:00:00  -  Total Local Usage
	6204  -  Run Bytes Sent By Job
	409597  -  Run Bytes Received By Job
	6204  -  Total Bytes Sent By Job
	409597  -  Total Bytes Received By Job
	Partitionable Resources :    Usage  Request Allocated 
	   Cpus                 :        0        8         8 
	   Disk (KB)            :      428      425   2898991 
	   Memory (MB)          :      145    16000     16000 

	Job terminated of its own accord at 2024-07-24T14:36:00Z with exit-code 0.
...
040 (10252907.2675.000) 07/24 18:03:28 Started transferring input files
	Transferring to host: <188.185.208.15:9618?addrs=188.185.208.15-9618+[2001-1458-303-f--100-c]-9618&alias=b9p09p9130.cern.ch&noUDP&sock=slot1_16_5425_2736_145114>
...
040 (10252907.2675.000) 07/24 18:03:28 Finished transferring input files
...
001 (10252907.2675.000) 07/24 18:03:29 Job executing on host: <188.185.208.15:9618?addrs=188.185.208.15-9618+[2001-1458-303-f--100-c]-9618&alias=b9p09p9130.cern.ch&noUDP&sock=startd_4457_b5b2>
	SlotName: slot1_16@b9p09p9130.cern.ch
	CondorScratchDir = "/pool/condor/dir_3758974"
	Cpus = 8
	Disk = 2641513
	Memory = 16000
...
006 (10252907.2675.000) 07/24 18:03:34 Image size of job updated: 161304
	9  -  MemoryUsage of job (MB)
	8412  -  ResidentSetSize of job (KB)
...
040 (10252907.2675.000) 07/24 18:03:35 Started transferring output files
...
040 (10252907.2675.000) 07/24 18:03:35 Finished transferring output files
...
005 (10252907.2675.000) 07/24 18:03:35 Job terminated.
	(1) Normal termination (return value 0)
		Usr 0 00:00:04, Sys 0 00:00:00  -  Run Remote Usage
		Usr 0 00:00:00, Sys 0 00:00:00  -  Run Local Usage
		Usr 0 00:00:04, Sys 0 00:00:00  -  Total Remote Usage
		Usr 0 00:00:00, Sys 0 00:00:00  -  Total Local Usage
	6204  -  Run Bytes Sent By Job
	409597  -  Run Bytes Received By Job
	6204  -  Total Bytes Sent By Job
	409597  -  Total Bytes Received By Job
	Partitionable Resources :    Usage  Request Allocated 
	   Cpus                 :        0        8         8 
	   Disk (KB)            :      428      425   2641513 
	   Memory (MB)          :        9    16000     16000 

	Job terminated of its own accord at 2024-07-24T16:03:34Z with exit-code 0.
...
040 (10252908.2675.000) 07/24 19:11:35 Started transferring input files
	Transferring to host: <188.185.206.77:9618?addrs=188.185.206.77-9618+[2001-1458-303-b--100-4a]-9618&alias=b9p05p8888.cern.ch&noUDP&sock=slot1_6_65017_1bad_87511>
...
040 (10252908.2675.000) 07/24 19:11:35 Finished transferring input files
...
001 (10252908.2675.000) 07/24 19:11:36 Job executing on host: <188.185.206.77:9618?addrs=188.185.206.77-9618+[2001-1458-303-b--100-4a]-9618&alias=b9p05p8888.cern.ch&noUDP&sock=startd_5469_db8a>
	SlotName: slot1_6@b9p05p8888.cern.ch
	CondorScratchDir = "/pool/condor/dir_2869358"
	Cpus = 8
	Disk = 2724110
	Memory = 16000
...
006 (10252908.2675.000) 07/24 19:11:41 Image size of job updated: 159816
	8  -  MemoryUsage of job (MB)
	7632  -  ResidentSetSize of job (KB)
...
040 (10252908.2675.000) 07/24 19:11:41 Started transferring output files
...
040 (10252908.2675.000) 07/24 19:11:41 Finished transferring output files
...
005 (10252908.2675.000) 07/24 19:11:41 Job terminated.
	(1) Normal termination (return value 0)
		Usr 0 00:00:04, Sys 0 00:00:00  -  Run Remote Usage
		Usr 0 00:00:00, Sys 0 00:00:00  -  Run Local Usage
		Usr 0 00:00:04, Sys 0 00:00:00  -  Total Remote Usage
		Usr 0 00:00:00, Sys 0 00:00:00  -  Total Local Usage
	6204  -  Run Bytes Sent By Job
	409597  -  Run Bytes Received By Job
	6204  -  Total Bytes Sent By Job
	409597  -  Total Bytes Received By Job
	Partitionable Resources :    Usage  Request Allocated 
	   Cpus                 :        0        8         8 
	   Disk (KB)            :      429      425   2724110 
	   Memory (MB)          :        8    16000     16000 

	Job terminated of its own accord at 2024-07-24T17:11:41Z with exit-code 0.
...
040 (10252909.2675.000) 07/24 20:10:57 Started transferring input files
	Transferring to host: <188.185.205.32:9618?addrs=188.185.205.32-9618&alias=b9p03p5159.cern.ch&noUDP&sock=slot1_2_6906_a6d2_153476>
...
040 (10252909.2675.000) 07/24 20:10:57 Finished transferring input files
...
001 (10252909.2675.000) 07/24 20:10:58 Job executing on host: <188.185.205.32:9618?addrs=188.185.205.32-9618&alias=b9p03p5159.cern.ch&noUDP&sock=startd_6839_904a>
	SlotName: slot1_2@b9p03p5159.cern.ch
	CondorScratchDir = "/pool/condor/dir_3402180"
	Cpus = 8
	Disk = 2777527
	Memory = 16000
...
006 (10252909.2675.000) 07/24 20:11:03 Image size of job updated: 164972
	10  -  MemoryUsage of job (MB)
	10232  -  ResidentSetSize of job (KB)
...
040 (10252909.2675.000) 07/24 20:11:03 Started transferring output files
...
040 (10252909.2675.000) 07/24 20:11:03 Finished transferring output files
...
005 (10252909.2675.000) 07/24 20:11:03 Job terminated.
	(1) Normal termination (return value 0)
		Usr 0 00:00:03, Sys 0 00:00:00  -  Run Remote Usage
		Usr 0 00:00:00, Sys 0 00:00:00  -  Run Local Usage
		Usr 0 00:00:03, Sys 0 00:00:00  -  Total Remote Usage
		Usr 0 00:00:00, Sys 0 00:00:00  -  Total Local Usage
	6204  -  Run Bytes Sent By Job
	409597  -  Run Bytes Received By Job
	6204  -  Total Bytes Sent By Job
	409597  -  Total Bytes Received By Job
	Partitionable Resources :    Usage  Request Allocated 
	   Cpus                 :        0        8         8 
	   Disk (KB)            :      428      425   2777527 
	   Memory (MB)          :       10    16000     16000 

	Job terminated of its own accord at 2024-07-24T18:11:03Z with exit-code 0.
...
000 (10261715.2675.000) 07/25 13:02:33 Job submitted from host: <188.185.114.121:9618?addrs=188.185.114.121-9618+[2001-1458-d00-a--100-273]-9618&alias=bigbird19.cern.ch&noUDP&sock=schedd_4961_696e>
...
009 (10261715.2675.000) 07/25 13:06:53 Job was aborted.
	via condor_rm (by user yelberke)
...
000 (10261767.2675.000) 07/25 13:20:31 Job submitted from host: <188.185.114.121:9618?addrs=188.185.114.121-9618+[2001-1458-d00-a--100-273]-9618&alias=bigbird19.cern.ch&noUDP&sock=schedd_4961_696e>
...
040 (10261767.2675.000) 07/25 14:32:31 Started transferring input files
	Transferring to host: <188.185.205.67:9618?addrs=188.185.205.67-9618+[2001-1458-303-9--100-b7]-9618&alias=b9p03p5425.cern.ch&noUDP&sock=slot1_8_3623_7b2c_31495>
...
040 (10261767.2675.000) 07/25 14:32:31 Finished transferring input files
...
001 (10261767.2675.000) 07/25 14:32:32 Job executing on host: <188.185.205.67:9618?addrs=188.185.205.67-9618+[2001-1458-303-9--100-b7]-9618&alias=b9p03p5425.cern.ch&noUDP&sock=startd_3513_344b>
	SlotName: slot1_8@b9p03p5425.cern.ch
	CondorScratchDir = "/pool/condor/dir_843651"
	Cpus = 12
	Disk = 2683753
	Memory = 24000
...
006 (10261767.2675.000) 07/25 14:32:38 Image size of job updated: 160832
	7  -  MemoryUsage of job (MB)
	6808  -  ResidentSetSize of job (KB)
...
040 (10261767.2675.000) 07/25 14:32:38 Started transferring output files
...
040 (10261767.2675.000) 07/25 14:32:38 Finished transferring output files
...
005 (10261767.2675.000) 07/25 14:32:38 Job terminated.
	(1) Normal termination (return value 0)
		Usr 0 00:00:04, Sys 0 00:00:00  -  Run Remote Usage
		Usr 0 00:00:00, Sys 0 00:00:00  -  Run Local Usage
		Usr 0 00:00:04, Sys 0 00:00:00  -  Total Remote Usage
		Usr 0 00:00:00, Sys 0 00:00:00  -  Total Local Usage
	6676  -  Run Bytes Sent By Job
	409597  -  Run Bytes Received By Job
	6676  -  Total Bytes Sent By Job
	409597  -  Total Bytes Received By Job
	Partitionable Resources :    Usage  Request Allocated 
	   Cpus                 :        0       12        12 
	   Disk (KB)            :      429      425   2683753 
	   Memory (MB)          :        7    24000     24000 

	Job terminated of its own accord at 2024-07-25T12:32:38Z with exit-code 0.
...
000 (10284266.2675.000) 08/02 15:46:21 Job submitted from host: <188.185.114.121:9618?addrs=188.185.114.121-9618+[2001-1458-d00-a--100-273]-9618&alias=bigbird19.cern.ch&noUDP&sock=schedd_4961_696e>
...
000 (10284267.2675.000) 08/02 15:49:56 Job submitted from host: <188.185.114.121:9618?addrs=188.185.114.121-9618+[2001-1458-d00-a--100-273]-9618&alias=bigbird19.cern.ch&noUDP&sock=schedd_4961_696e>
...
009 (10284266.2675.000) 08/02 15:50:22 Job was aborted.
	via condor_rm (by user yelberke)
...
040 (10284267.2675.000) 08/02 16:44:25 Started transferring input files
	Transferring to host: <188.185.208.65:9618?addrs=188.185.208.65-9618&alias=b9p09p7685.cern.ch&noUDP&sock=slot1_3_3676_d30f_153382>
...
040 (10284267.2675.000) 08/02 16:44:25 Finished transferring input files
...
001 (10284267.2675.000) 08/02 16:44:26 Job executing on host: <188.185.208.65:9618?addrs=188.185.208.65-9618&alias=b9p09p7685.cern.ch&noUDP&sock=startd_3573_5bfa>
	SlotName: slot1_3@b9p09p7685.cern.ch
	CondorScratchDir = "/pool/condor/dir_3488710"
	Cpus = 12
	Disk = 2645139
	Memory = 24000
...
006 (10284267.2675.000) 08/02 16:44:28 Image size of job updated: 326040
	4  -  MemoryUsage of job (MB)
	3904  -  ResidentSetSize of job (KB)
...
040 (10284267.2675.000) 08/02 16:44:28 Started transferring output files
...
040 (10284267.2675.000) 08/02 16:44:28 Finished transferring output files
...
005 (10284267.2675.000) 08/02 16:44:28 Job terminated.
	(1) Normal termination (return value 139)
		Usr 0 00:00:01, Sys 0 00:00:00  -  Run Remote Usage
		Usr 0 00:00:00, Sys 0 00:00:00  -  Run Local Usage
		Usr 0 00:00:01, Sys 0 00:00:00  -  Total Remote Usage
		Usr 0 00:00:00, Sys 0 00:00:00  -  Total Local Usage
	7696  -  Run Bytes Sent By Job
	409597  -  Run Bytes Received By Job
	7696  -  Total Bytes Sent By Job
	409597  -  Total Bytes Received By Job
	Partitionable Resources :    Usage  Request Allocated 
	   Cpus                 :                12        12 
	   Disk (KB)            :      421      425   2645139 
	   Memory (MB)          :        4    24000     24000 

	Job terminated of its own accord at 2024-08-02T14:44:28Z with exit-code 139.
...
