000 (10252905.274.000) 07/24 16:13:15 Job submitted from host: <188.185.114.121:9618?addrs=188.185.114.121-9618+[2001-1458-d00-a--100-273]-9618&alias=bigbird19.cern.ch&noUDP&sock=schedd_4961_696e>
...
009 (10252905.274.000) 07/24 16:14:45 Job was aborted.
	via condor_rm (by user yelberke)
...
000 (10252906.274.000) 07/24 16:15:36 Job submitted from host: <188.185.114.121:9618?addrs=188.185.114.121-9618+[2001-1458-d00-a--100-273]-9618&alias=bigbird19.cern.ch&noUDP&sock=schedd_4961_696e>
...
000 (10252907.274.000) 07/24 16:17:30 Job submitted from host: <188.185.114.121:9618?addrs=188.185.114.121-9618+[2001-1458-d00-a--100-273]-9618&alias=bigbird19.cern.ch&noUDP&sock=schedd_4961_696e>
...
000 (10252908.274.000) 07/24 16:18:03 Job submitted from host: <188.185.114.121:9618?addrs=188.185.114.121-9618+[2001-1458-d00-a--100-273]-9618&alias=bigbird19.cern.ch&noUDP&sock=schedd_4961_696e>
...
000 (10252909.274.000) 07/24 16:18:39 Job submitted from host: <188.185.114.121:9618?addrs=188.185.114.121-9618+[2001-1458-d00-a--100-273]-9618&alias=bigbird19.cern.ch&noUDP&sock=schedd_4961_696e>
...
040 (10252906.274.000) 07/24 16:18:48 Started transferring input files
	Transferring to host: <188.185.193.148:9618?addrs=188.185.193.148-9618+[2001-1458-303-20--100-90]-9618&alias=b9p19p0264.cern.ch&noUDP&sock=slot1_14_3475399_bea7_117>
...
040 (10252906.274.000) 07/24 16:18:48 Finished transferring input files
...
001 (10252906.274.000) 07/24 16:18:49 Job executing on host: <188.185.193.148:9618?addrs=188.185.193.148-9618+[2001-1458-303-20--100-90]-9618&alias=b9p19p0264.cern.ch&noUDP&sock=startd_128187_32c6>
	SlotName: slot1_14@b9p19p0264.cern.ch
	CondorScratchDir = "/pool/condor/dir_3710134"
	Cpus = 8
	Disk = 3020617
	Memory = 16000
...
006 (10252906.274.000) 07/24 16:18:54 Image size of job updated: 150544
	3  -  MemoryUsage of job (MB)
	2736  -  ResidentSetSize of job (KB)
...
040 (10252906.274.000) 07/24 16:18:54 Started transferring output files
...
040 (10252906.274.000) 07/24 16:18:54 Finished transferring output files
...
005 (10252906.274.000) 07/24 16:18:54 Job terminated.
	(1) Normal termination (return value 0)
		Usr 0 00:00:04, Sys 0 00:00:00  -  Run Remote Usage
		Usr 0 00:00:00, Sys 0 00:00:00  -  Run Local Usage
		Usr 0 00:00:04, Sys 0 00:00:00  -  Total Remote Usage
		Usr 0 00:00:00, Sys 0 00:00:00  -  Total Local Usage
	6204  -  Run Bytes Sent By Job
	409597  -  Run Bytes Received By Job
	6204  -  Total Bytes Sent By Job
	409597  -  Total Bytes Received By Job
	Partitionable Resources :    Usage  Request Allocated 
	   Cpus                 :        0        8         8 
	   Disk (KB)            :      428      425   3020617 
	   Memory (MB)          :        3    16000     16000 

	Job terminated of its own accord at 2024-07-24T14:18:54Z with exit-code 0.
...
000 (10252910.274.000) 07/24 16:19:04 Job submitted from host: <188.185.114.121:9618?addrs=188.185.114.121-9618+[2001-1458-d00-a--100-273]-9618&alias=bigbird19.cern.ch&noUDP&sock=schedd_4961_696e>
...
000 (10252911.274.000) 07/24 16:19:17 Job submitted from host: <188.185.114.121:9618?addrs=188.185.114.121-9618+[2001-1458-d00-a--100-273]-9618&alias=bigbird19.cern.ch&noUDP&sock=schedd_4961_696e>
...
000 (10252912.274.000) 07/24 16:19:30 Job submitted from host: <188.185.114.121:9618?addrs=188.185.114.121-9618+[2001-1458-d00-a--100-273]-9618&alias=bigbird19.cern.ch&noUDP&sock=schedd_4961_696e>
...
000 (10252913.274.000) 07/24 16:19:42 Job submitted from host: <188.185.114.121:9618?addrs=188.185.114.121-9618+[2001-1458-d00-a--100-273]-9618&alias=bigbird19.cern.ch&noUDP&sock=schedd_4961_696e>
...
040 (10252907.274.000) 07/24 17:44:30 Started transferring input files
	Transferring to host: <188.185.196.129:9618?addrs=188.185.196.129-9618+[2001-1458-303-23--100-7d]-9618&alias=b9p16p9151.cern.ch&noUDP&sock=slot1_5_2282230_3ebf_3356>
...
040 (10252907.274.000) 07/24 17:44:30 Finished transferring input files
...
001 (10252907.274.000) 07/24 17:44:31 Job executing on host: <188.185.196.129:9618?addrs=188.185.196.129-9618+[2001-1458-303-23--100-7d]-9618&alias=b9p16p9151.cern.ch&noUDP&sock=startd_174562_974d>
	SlotName: slot1_5@b9p16p9151.cern.ch
	CondorScratchDir = "/pool/condor/dir_3658520"
	Cpus = 8
	Disk = 2960935
	Memory = 16000
...
006 (10252907.274.000) 07/24 17:44:37 Image size of job updated: 159200
	9  -  MemoryUsage of job (MB)
	8260  -  ResidentSetSize of job (KB)
...
040 (10252907.274.000) 07/24 17:44:37 Started transferring output files
...
040 (10252907.274.000) 07/24 17:44:37 Finished transferring output files
...
005 (10252907.274.000) 07/24 17:44:37 Job terminated.
	(1) Normal termination (return value 0)
		Usr 0 00:00:05, Sys 0 00:00:00  -  Run Remote Usage
		Usr 0 00:00:00, Sys 0 00:00:00  -  Run Local Usage
		Usr 0 00:00:05, Sys 0 00:00:00  -  Total Remote Usage
		Usr 0 00:00:00, Sys 0 00:00:00  -  Total Local Usage
	6204  -  Run Bytes Sent By Job
	409597  -  Run Bytes Received By Job
	6204  -  Total Bytes Sent By Job
	409597  -  Total Bytes Received By Job
	Partitionable Resources :    Usage  Request Allocated 
	   Cpus                 :        0        8         8 
	   Disk (KB)            :      427      425   2960935 
	   Memory (MB)          :        9    16000     16000 

	Job terminated of its own accord at 2024-07-24T15:44:37Z with exit-code 0.
...
040 (10252908.274.000) 07/24 18:44:47 Started transferring input files
	Transferring to host: <188.185.209.181:9618?addrs=188.185.209.181-9618+[2001-1458-303-12--100-32]-9618&alias=b9p12p8135.cern.ch&noUDP&sock=slot1_14_5061_aea7_144896>
...
040 (10252908.274.000) 07/24 18:44:47 Finished transferring input files
...
001 (10252908.274.000) 07/24 18:44:48 Job executing on host: <188.185.209.181:9618?addrs=188.185.209.181-9618+[2001-1458-303-12--100-32]-9618&alias=b9p12p8135.cern.ch&noUDP&sock=startd_4310_e146>
	SlotName: slot1_14@b9p12p8135.cern.ch
	CondorScratchDir = "/pool/condor/dir_1373938"
	Cpus = 8
	Disk = 2761365
	Memory = 16000
...
006 (10252908.274.000) 07/24 18:44:52 Image size of job updated: 158576
	7  -  MemoryUsage of job (MB)
	6424  -  ResidentSetSize of job (KB)
...
040 (10252908.274.000) 07/24 18:44:52 Started transferring output files
...
040 (10252908.274.000) 07/24 18:44:52 Finished transferring output files
...
005 (10252908.274.000) 07/24 18:44:52 Job terminated.
	(1) Normal termination (return value 0)
		Usr 0 00:00:03, Sys 0 00:00:00  -  Run Remote Usage
		Usr 0 00:00:00, Sys 0 00:00:00  -  Run Local Usage
		Usr 0 00:00:03, Sys 0 00:00:00  -  Total Remote Usage
		Usr 0 00:00:00, Sys 0 00:00:00  -  Total Local Usage
	6204  -  Run Bytes Sent By Job
	409597  -  Run Bytes Received By Job
	6204  -  Total Bytes Sent By Job
	409597  -  Total Bytes Received By Job
	Partitionable Resources :    Usage  Request Allocated 
	   Cpus                 :        0        8         8 
	   Disk (KB)            :      428      425   2761365 
	   Memory (MB)          :        7    16000     16000 

	Job terminated of its own accord at 2024-07-24T16:44:52Z with exit-code 0.
...
040 (10252909.274.000) 07/24 19:49:41 Started transferring input files
	Transferring to host: <188.185.205.39:9618?addrs=188.185.205.39-9618+[2001-1458-303-9--100-9b]-9618&alias=b9p03p7515.cern.ch&noUDP&sock=slot1_3_6969_0a74_155230>
...
040 (10252909.274.000) 07/24 19:49:41 Finished transferring input files
...
001 (10252909.274.000) 07/24 19:49:42 Job executing on host: <188.185.205.39:9618?addrs=188.185.205.39-9618+[2001-1458-303-9--100-9b]-9618&alias=b9p03p7515.cern.ch&noUDP&sock=startd_6864_b628>
	SlotName: slot1_3@b9p03p7515.cern.ch
	CondorScratchDir = "/pool/condor/dir_2661866"
	Cpus = 8
	Disk = 2759031
	Memory = 16000
...
006 (10252909.274.000) 07/24 19:49:46 Image size of job updated: 157920
	7  -  MemoryUsage of job (MB)
	6980  -  ResidentSetSize of job (KB)
...
040 (10252909.274.000) 07/24 19:49:46 Started transferring output files
...
040 (10252909.274.000) 07/24 19:49:46 Finished transferring output files
...
005 (10252909.274.000) 07/24 19:49:46 Job terminated.
	(1) Normal termination (return value 0)
		Usr 0 00:00:03, Sys 0 00:00:00  -  Run Remote Usage
		Usr 0 00:00:00, Sys 0 00:00:00  -  Run Local Usage
		Usr 0 00:00:03, Sys 0 00:00:00  -  Total Remote Usage
		Usr 0 00:00:00, Sys 0 00:00:00  -  Total Local Usage
	6204  -  Run Bytes Sent By Job
	409597  -  Run Bytes Received By Job
	6204  -  Total Bytes Sent By Job
	409597  -  Total Bytes Received By Job
	Partitionable Resources :    Usage  Request Allocated 
	   Cpus                 :        0        8         8 
	   Disk (KB)            :      428      425   2759031 
	   Memory (MB)          :        7    16000     16000 

	Job terminated of its own accord at 2024-07-24T17:49:46Z with exit-code 0.
...
040 (10252910.274.000) 07/24 20:42:31 Started transferring input files
	Transferring to host: <188.185.205.142:9618?addrs=188.185.205.142-9618&alias=b9p04p9108.cern.ch&noUDP&sock=slot1_16_6904_3e12_155872>
...
040 (10252910.274.000) 07/24 20:42:31 Finished transferring input files
...
001 (10252910.274.000) 07/24 20:42:32 Job executing on host: <188.185.205.142:9618?addrs=188.185.205.142-9618&alias=b9p04p9108.cern.ch&noUDP&sock=startd_6793_02ee>
	SlotName: slot1_16@b9p04p9108.cern.ch
	CondorScratchDir = "/pool/condor/dir_4009021"
	Cpus = 8
	Disk = 2845961
	Memory = 16000
...
006 (10252910.274.000) 07/24 20:42:36 Image size of job updated: 153764
	5  -  MemoryUsage of job (MB)
	4964  -  ResidentSetSize of job (KB)
...
040 (10252910.274.000) 07/24 20:42:36 Started transferring output files
...
040 (10252910.274.000) 07/24 20:42:36 Finished transferring output files
...
005 (10252910.274.000) 07/24 20:42:36 Job terminated.
	(1) Normal termination (return value 0)
		Usr 0 00:00:03, Sys 0 00:00:00  -  Run Remote Usage
		Usr 0 00:00:00, Sys 0 00:00:00  -  Run Local Usage
		Usr 0 00:00:03, Sys 0 00:00:00  -  Total Remote Usage
		Usr 0 00:00:00, Sys 0 00:00:00  -  Total Local Usage
	6201  -  Run Bytes Sent By Job
	409597  -  Run Bytes Received By Job
	6201  -  Total Bytes Sent By Job
	409597  -  Total Bytes Received By Job
	Partitionable Resources :    Usage  Request Allocated 
	   Cpus                 :        0        8         8 
	   Disk (KB)            :      427      425   2845961 
	   Memory (MB)          :        5    16000     16000 

	Job terminated of its own accord at 2024-07-24T18:42:36Z with exit-code 0.
...
040 (10252911.274.000) 07/24 20:55:25 Started transferring input files
	Transferring to host: <188.185.207.175:9618?addrs=188.185.207.175-9618+[2001-1458-303-e--100-2c]-9618&alias=b9p08p6650.cern.ch&noUDP&sock=slot1_2_2053062_a858_99334>
...
040 (10252911.274.000) 07/24 20:55:25 Finished transferring input files
...
001 (10252911.274.000) 07/24 20:55:26 Job executing on host: <188.185.207.175:9618?addrs=188.185.207.175-9618+[2001-1458-303-e--100-2c]-9618&alias=b9p08p6650.cern.ch&noUDP&sock=startd_2053021_38b5>
	SlotName: slot1_2@b9p08p6650.cern.ch
	CondorScratchDir = "/pool/condor/dir_1282455"
	Cpus = 8
	Disk = 2589769
	Memory = 16000
...
006 (10252911.274.000) 07/24 20:55:30 Image size of job updated: 163580
	10  -  MemoryUsage of job (MB)
	9396  -  ResidentSetSize of job (KB)
...
040 (10252911.274.000) 07/24 20:55:30 Started transferring output files
...
040 (10252911.274.000) 07/24 20:55:30 Finished transferring output files
...
005 (10252911.274.000) 07/24 20:55:30 Job terminated.
	(1) Normal termination (return value 0)
		Usr 0 00:00:03, Sys 0 00:00:00  -  Run Remote Usage
		Usr 0 00:00:00, Sys 0 00:00:00  -  Run Local Usage
		Usr 0 00:00:03, Sys 0 00:00:00  -  Total Remote Usage
		Usr 0 00:00:00, Sys 0 00:00:00  -  Total Local Usage
	6201  -  Run Bytes Sent By Job
	409597  -  Run Bytes Received By Job
	6201  -  Total Bytes Sent By Job
	409597  -  Total Bytes Received By Job
	Partitionable Resources :    Usage  Request Allocated 
	   Cpus                 :        0        8         8 
	   Disk (KB)            :      430      425   2589769 
	   Memory (MB)          :       10    16000     16000 

	Job terminated of its own accord at 2024-07-24T18:55:30Z with exit-code 0.
...
040 (10252912.274.000) 07/24 21:08:25 Started transferring input files
	Transferring to host: <188.185.207.187:9618?addrs=188.185.207.187-9618+[2001-1458-303-e--100-38]-9618&alias=b9p08p7595.cern.ch&noUDP&sock=slot1_7_13633_6e83_143616>
...
040 (10252912.274.000) 07/24 21:08:25 Finished transferring input files
...
001 (10252912.274.000) 07/24 21:08:26 Job executing on host: <188.185.207.187:9618?addrs=188.185.207.187-9618+[2001-1458-303-e--100-38]-9618&alias=b9p08p7595.cern.ch&noUDP&sock=startd_12275_351d>
	SlotName: slot1_7@b9p08p7595.cern.ch
	CondorScratchDir = "/pool/condor/dir_4102155"
	Cpus = 8
	Disk = 2892267
	Memory = 16000
...
006 (10252912.274.000) 07/24 21:08:30 Image size of job updated: 159792
	8  -  MemoryUsage of job (MB)
	7900  -  ResidentSetSize of job (KB)
...
040 (10252912.274.000) 07/24 21:08:30 Started transferring output files
...
040 (10252912.274.000) 07/24 21:08:30 Finished transferring output files
...
005 (10252912.274.000) 07/24 21:08:30 Job terminated.
	(1) Normal termination (return value 0)
		Usr 0 00:00:03, Sys 0 00:00:00  -  Run Remote Usage
		Usr 0 00:00:00, Sys 0 00:00:00  -  Run Local Usage
		Usr 0 00:00:03, Sys 0 00:00:00  -  Total Remote Usage
		Usr 0 00:00:00, Sys 0 00:00:00  -  Total Local Usage
	6201  -  Run Bytes Sent By Job
	409597  -  Run Bytes Received By Job
	6201  -  Total Bytes Sent By Job
	409597  -  Total Bytes Received By Job
	Partitionable Resources :    Usage  Request Allocated 
	   Cpus                 :        0        8         8 
	   Disk (KB)            :      428      425   2892267 
	   Memory (MB)          :        8    16000     16000 

	Job terminated of its own accord at 2024-07-24T19:08:30Z with exit-code 0.
...
040 (10252913.274.000) 07/24 21:22:14 Started transferring input files
	Transferring to host: <188.185.204.173:9618?addrs=188.185.204.173-9618+[2001-1458-303-8--100-a1]-9618&alias=b9p02p8393.cern.ch&noUDP&sock=slot1_1_15190_7aa3_30392>
...
040 (10252913.274.000) 07/24 21:22:14 Finished transferring input files
...
001 (10252913.274.000) 07/24 21:22:15 Job executing on host: <188.185.204.173:9618?addrs=188.185.204.173-9618+[2001-1458-303-8--100-a1]-9618&alias=b9p02p8393.cern.ch&noUDP&sock=startd_14111_8cff>
	SlotName: slot1_1@b9p02p8393.cern.ch
	CondorScratchDir = "/pool/condor/dir_2827768"
	Cpus = 8
	Disk = 2739469
	Memory = 16000
...
006 (10252913.274.000) 07/24 21:22:21 Image size of job updated: 159860
	8  -  MemoryUsage of job (MB)
	7924  -  ResidentSetSize of job (KB)
...
040 (10252913.274.000) 07/24 21:22:21 Started transferring output files
...
040 (10252913.274.000) 07/24 21:22:21 Finished transferring output files
...
005 (10252913.274.000) 07/24 21:22:21 Job terminated.
	(1) Normal termination (return value 0)
		Usr 0 00:00:05, Sys 0 00:00:00  -  Run Remote Usage
		Usr 0 00:00:00, Sys 0 00:00:00  -  Run Local Usage
		Usr 0 00:00:05, Sys 0 00:00:00  -  Total Remote Usage
		Usr 0 00:00:00, Sys 0 00:00:00  -  Total Local Usage
	6204  -  Run Bytes Sent By Job
	409597  -  Run Bytes Received By Job
	6204  -  Total Bytes Sent By Job
	409597  -  Total Bytes Received By Job
	Partitionable Resources :    Usage  Request Allocated 
	   Cpus                 :        0        8         8 
	   Disk (KB)            :      427      425   2739469 
	   Memory (MB)          :        8    16000     16000 

	Job terminated of its own accord at 2024-07-24T19:22:21Z with exit-code 0.
...
000 (10261715.274.000) 07/25 13:01:20 Job submitted from host: <188.185.114.121:9618?addrs=188.185.114.121-9618+[2001-1458-d00-a--100-273]-9618&alias=bigbird19.cern.ch&noUDP&sock=schedd_4961_696e>
...
009 (10261715.274.000) 07/25 13:06:36 Job was aborted.
	via condor_rm (by user yelberke)
...
000 (10261767.274.000) 07/25 13:19:53 Job submitted from host: <188.185.114.121:9618?addrs=188.185.114.121-9618+[2001-1458-d00-a--100-273]-9618&alias=bigbird19.cern.ch&noUDP&sock=schedd_4961_696e>
...
040 (10261767.274.000) 07/25 13:31:03 Started transferring input files
	Transferring to host: <188.185.208.141:9618?addrs=188.185.208.141-9618+[2001-1458-303-10--100-a]-9618&alias=b9p10p2306.cern.ch&noUDP&sock=slot1_4_13778_98e9_26120>
...
040 (10261767.274.000) 07/25 13:31:03 Finished transferring input files
...
001 (10261767.274.000) 07/25 13:31:04 Job executing on host: <188.185.208.141:9618?addrs=188.185.208.141-9618+[2001-1458-303-10--100-a]-9618&alias=b9p10p2306.cern.ch&noUDP&sock=startd_12774_7adf>
	SlotName: slot1_4@b9p10p2306.cern.ch
	CondorScratchDir = "/pool/condor/dir_1155102"
	Cpus = 12
	Disk = 2739652
	Memory = 24000
...
006 (10261767.274.000) 07/25 13:31:09 Image size of job updated: 160176
	7  -  MemoryUsage of job (MB)
	6756  -  ResidentSetSize of job (KB)
...
040 (10261767.274.000) 07/25 13:31:09 Started transferring output files
...
040 (10261767.274.000) 07/25 13:31:09 Finished transferring output files
...
005 (10261767.274.000) 07/25 13:31:09 Job terminated.
	(1) Normal termination (return value 0)
		Usr 0 00:00:03, Sys 0 00:00:00  -  Run Remote Usage
		Usr 0 00:00:00, Sys 0 00:00:00  -  Run Local Usage
		Usr 0 00:00:03, Sys 0 00:00:00  -  Total Remote Usage
		Usr 0 00:00:00, Sys 0 00:00:00  -  Total Local Usage
	6204  -  Run Bytes Sent By Job
	409597  -  Run Bytes Received By Job
	6204  -  Total Bytes Sent By Job
	409597  -  Total Bytes Received By Job
	Partitionable Resources :    Usage  Request Allocated 
	   Cpus                 :        0       12        12 
	   Disk (KB)            :      428      425   2739652 
	   Memory (MB)          :        7    24000     24000 

	Job terminated of its own accord at 2024-07-25T11:31:09Z with exit-code 0.
...
000 (10284266.274.000) 08/02 15:45:00 Job submitted from host: <188.185.114.121:9618?addrs=188.185.114.121-9618+[2001-1458-d00-a--100-273]-9618&alias=bigbird19.cern.ch&noUDP&sock=schedd_4961_696e>
...
009 (10284266.274.000) 08/02 15:49:06 Job was aborted.
	via condor_rm (by user yelberke)
...
000 (10284267.274.000) 08/02 15:49:45 Job submitted from host: <188.185.114.121:9618?addrs=188.185.114.121-9618+[2001-1458-d00-a--100-273]-9618&alias=bigbird19.cern.ch&noUDP&sock=schedd_4961_696e>
...
040 (10284267.274.000) 08/02 15:59:40 Started transferring input files
	Transferring to host: <188.185.195.103:9618?addrs=188.185.195.103-9618+[2001-1458-303-22--100-63]-9618&alias=b9p17p7284.cern.ch&noUDP&sock=slot1_2_3094785_bff1_43>
...
040 (10284267.274.000) 08/02 15:59:40 Finished transferring input files
...
001 (10284267.274.000) 08/02 15:59:41 Job executing on host: <188.185.195.103:9618?addrs=188.185.195.103-9618+[2001-1458-303-22--100-63]-9618&alias=b9p17p7284.cern.ch&noUDP&sock=startd_164136_38e4>
	SlotName: slot1_2@b9p17p7284.cern.ch
	CondorScratchDir = "/pool/condor/dir_3104882"
	Cpus = 12
	Disk = 3106105
	Memory = 24000
...
006 (10284267.274.000) 08/02 15:59:42 Image size of job updated: 315104
	2  -  MemoryUsage of job (MB)
	1244  -  ResidentSetSize of job (KB)
...
040 (10284267.274.000) 08/02 15:59:42 Started transferring output files
...
040 (10284267.274.000) 08/02 15:59:42 Finished transferring output files
...
005 (10284267.274.000) 08/02 15:59:42 Job terminated.
	(1) Normal termination (return value 139)
		Usr 0 00:00:02, Sys 0 00:00:00  -  Run Remote Usage
		Usr 0 00:00:00, Sys 0 00:00:00  -  Run Local Usage
		Usr 0 00:00:02, Sys 0 00:00:00  -  Total Remote Usage
		Usr 0 00:00:00, Sys 0 00:00:00  -  Total Local Usage
	7696  -  Run Bytes Sent By Job
	409597  -  Run Bytes Received By Job
	7696  -  Total Bytes Sent By Job
	409597  -  Total Bytes Received By Job
	Partitionable Resources :    Usage  Request Allocated 
	   Cpus                 :                12        12 
	   Disk (KB)            :      422      425   3106105 
	   Memory (MB)          :        2    24000     24000 

	Job terminated of its own accord at 2024-08-02T13:59:42Z with exit-code 139.
...
