000 (10252905.2791.000) 07/24 16:13:19 Job submitted from host: <188.185.114.121:9618?addrs=188.185.114.121-9618+[2001-1458-d00-a--100-273]-9618&alias=bigbird19.cern.ch&noUDP&sock=schedd_4961_696e>
...
009 (10252905.2791.000) 07/24 16:14:49 Job was aborted.
	via condor_rm (by user yelberke)
...
000 (10252906.2791.000) 07/24 16:15:38 Job submitted from host: <188.185.114.121:9618?addrs=188.185.114.121-9618+[2001-1458-d00-a--100-273]-9618&alias=bigbird19.cern.ch&noUDP&sock=schedd_4961_696e>
...
000 (10252907.2791.000) 07/24 16:17:32 Job submitted from host: <188.185.114.121:9618?addrs=188.185.114.121-9618+[2001-1458-d00-a--100-273]-9618&alias=bigbird19.cern.ch&noUDP&sock=schedd_4961_696e>
...
000 (10252908.2791.000) 07/24 16:18:05 Job submitted from host: <188.185.114.121:9618?addrs=188.185.114.121-9618+[2001-1458-d00-a--100-273]-9618&alias=bigbird19.cern.ch&noUDP&sock=schedd_4961_696e>
...
000 (10252909.2791.000) 07/24 16:18:41 Job submitted from host: <188.185.114.121:9618?addrs=188.185.114.121-9618+[2001-1458-d00-a--100-273]-9618&alias=bigbird19.cern.ch&noUDP&sock=schedd_4961_696e>
...
040 (10252906.2791.000) 07/24 16:36:31 Started transferring input files
	Transferring to host: <188.185.204.191:9618?addrs=188.185.204.191-9618+[2001-1458-303-8--100-b3]-9618&alias=b9p02p4879.cern.ch&noUDP&sock=slot1_37_8290_ce0a_28444>
...
040 (10252906.2791.000) 07/24 16:36:31 Finished transferring input files
...
001 (10252906.2791.000) 07/24 16:36:32 Job executing on host: <188.185.204.191:9618?addrs=188.185.204.191-9618+[2001-1458-303-8--100-b3]-9618&alias=b9p02p4879.cern.ch&noUDP&sock=startd_7347_0266>
	SlotName: slot1_37@b9p02p4879.cern.ch
	CondorScratchDir = "/pool/condor/dir_1400095"
	Cpus = 8
	Disk = 2747494
	Memory = 16000
...
006 (10252906.2791.000) 07/24 16:36:36 Image size of job updated: 159916
	8  -  MemoryUsage of job (MB)
	7944  -  ResidentSetSize of job (KB)
...
040 (10252906.2791.000) 07/24 16:36:36 Started transferring output files
...
040 (10252906.2791.000) 07/24 16:36:36 Finished transferring output files
...
005 (10252906.2791.000) 07/24 16:36:36 Job terminated.
	(1) Normal termination (return value 0)
		Usr 0 00:00:03, Sys 0 00:00:00  -  Run Remote Usage
		Usr 0 00:00:00, Sys 0 00:00:00  -  Run Local Usage
		Usr 0 00:00:03, Sys 0 00:00:00  -  Total Remote Usage
		Usr 0 00:00:00, Sys 0 00:00:00  -  Total Local Usage
	6204  -  Run Bytes Sent By Job
	409597  -  Run Bytes Received By Job
	6204  -  Total Bytes Sent By Job
	409597  -  Total Bytes Received By Job
	Partitionable Resources :    Usage  Request Allocated 
	   Cpus                 :        0        8         8 
	   Disk (KB)            :      428      425   2747494 
	   Memory (MB)          :        8    16000     16000 

	Job terminated of its own accord at 2024-07-24T14:36:36Z with exit-code 0.
...
040 (10252907.2791.000) 07/24 18:04:10 Started transferring input files
	Transferring to host: <188.185.204.204:9618?addrs=188.185.204.204-9618+[2001-1458-303-8--100-c0]-9618&alias=b9p02p9432.cern.ch&noUDP&sock=slot1_16_7255_8dc0_158868>
...
040 (10252907.2791.000) 07/24 18:04:10 Finished transferring input files
...
001 (10252907.2791.000) 07/24 18:04:11 Job executing on host: <188.185.204.204:9618?addrs=188.185.204.204-9618+[2001-1458-303-8--100-c0]-9618&alias=b9p02p9432.cern.ch&noUDP&sock=startd_7186_93a7>
	SlotName: slot1_16@b9p02p9432.cern.ch
	CondorScratchDir = "/pool/condor/dir_1867839"
	Cpus = 8
	Disk = 2813763
	Memory = 16000
...
006 (10252907.2791.000) 07/24 18:04:15 Image size of job updated: 161676
	9  -  MemoryUsage of job (MB)
	8856  -  ResidentSetSize of job (KB)
...
040 (10252907.2791.000) 07/24 18:04:15 Started transferring output files
...
040 (10252907.2791.000) 07/24 18:04:15 Finished transferring output files
...
005 (10252907.2791.000) 07/24 18:04:15 Job terminated.
	(1) Normal termination (return value 0)
		Usr 0 00:00:03, Sys 0 00:00:00  -  Run Remote Usage
		Usr 0 00:00:00, Sys 0 00:00:00  -  Run Local Usage
		Usr 0 00:00:03, Sys 0 00:00:00  -  Total Remote Usage
		Usr 0 00:00:00, Sys 0 00:00:00  -  Total Local Usage
	6204  -  Run Bytes Sent By Job
	409597  -  Run Bytes Received By Job
	6204  -  Total Bytes Sent By Job
	409597  -  Total Bytes Received By Job
	Partitionable Resources :    Usage  Request Allocated 
	   Cpus                 :        0        8         8 
	   Disk (KB)            :      428      425   2813763 
	   Memory (MB)          :        9    16000     16000 

	Job terminated of its own accord at 2024-07-24T16:04:15Z with exit-code 0.
...
040 (10252908.2791.000) 07/24 19:12:14 Started transferring input files
	Transferring to host: <188.185.204.141:9618?addrs=188.185.204.141-9618+[2001-1458-303-8--100-81]-9618&alias=b9p02p4906.cern.ch&noUDP&sock=slot1_12_5975_ad8c_154842>
...
040 (10252908.2791.000) 07/24 19:12:14 Finished transferring input files
...
001 (10252908.2791.000) 07/24 19:12:15 Job executing on host: <188.185.204.141:9618?addrs=188.185.204.141-9618+[2001-1458-303-8--100-81]-9618&alias=b9p02p4906.cern.ch&noUDP&sock=startd_5533_c19a>
	SlotName: slot1_12@b9p02p4906.cern.ch
	CondorScratchDir = "/pool/condor/dir_2896982"
	Cpus = 8
	Disk = 2784315
	Memory = 16000
...
006 (10252908.2791.000) 07/24 19:12:21 Image size of job updated: 157504
	7  -  MemoryUsage of job (MB)
	6888  -  ResidentSetSize of job (KB)
...
040 (10252908.2791.000) 07/24 19:12:21 Started transferring output files
...
040 (10252908.2791.000) 07/24 19:12:21 Finished transferring output files
...
005 (10252908.2791.000) 07/24 19:12:21 Job terminated.
	(1) Normal termination (return value 0)
		Usr 0 00:00:04, Sys 0 00:00:00  -  Run Remote Usage
		Usr 0 00:00:00, Sys 0 00:00:00  -  Run Local Usage
		Usr 0 00:00:04, Sys 0 00:00:00  -  Total Remote Usage
		Usr 0 00:00:00, Sys 0 00:00:00  -  Total Local Usage
	6204  -  Run Bytes Sent By Job
	409597  -  Run Bytes Received By Job
	6204  -  Total Bytes Sent By Job
	409597  -  Total Bytes Received By Job
	Partitionable Resources :    Usage  Request Allocated 
	   Cpus                 :        0        8         8 
	   Disk (KB)            :      428      425   2784315 
	   Memory (MB)          :        7    16000     16000 

	Job terminated of its own accord at 2024-07-24T17:12:21Z with exit-code 0.
...
040 (10252909.2791.000) 07/24 20:11:36 Started transferring input files
	Transferring to host: <188.185.204.156:9618?addrs=188.185.204.156-9618+[2001-1458-303-8--100-90]-9618&alias=b9p02p9293.cern.ch&noUDP&sock=slot1_14_7266_4de1_156319>
...
040 (10252909.2791.000) 07/24 20:11:36 Finished transferring input files
...
001 (10252909.2791.000) 07/24 20:11:37 Job executing on host: <188.185.204.156:9618?addrs=188.185.204.156-9618+[2001-1458-303-8--100-90]-9618&alias=b9p02p9293.cern.ch&noUDP&sock=startd_7189_a26f>
	SlotName: slot1_14@b9p02p9293.cern.ch
	CondorScratchDir = "/pool/condor/dir_1382875"
	Cpus = 8
	Disk = 2917612
	Memory = 16000
...
006 (10252909.2791.000) 07/24 20:11:41 Image size of job updated: 159704
	8  -  MemoryUsage of job (MB)
	7528  -  ResidentSetSize of job (KB)
...
040 (10252909.2791.000) 07/24 20:11:41 Started transferring output files
...
040 (10252909.2791.000) 07/24 20:11:41 Finished transferring output files
...
005 (10252909.2791.000) 07/24 20:11:41 Job terminated.
	(1) Normal termination (return value 0)
		Usr 0 00:00:03, Sys 0 00:00:00  -  Run Remote Usage
		Usr 0 00:00:00, Sys 0 00:00:00  -  Run Local Usage
		Usr 0 00:00:03, Sys 0 00:00:00  -  Total Remote Usage
		Usr 0 00:00:00, Sys 0 00:00:00  -  Total Local Usage
	6204  -  Run Bytes Sent By Job
	409597  -  Run Bytes Received By Job
	6204  -  Total Bytes Sent By Job
	409597  -  Total Bytes Received By Job
	Partitionable Resources :    Usage  Request Allocated 
	   Cpus                 :        0        8         8 
	   Disk (KB)            :      428      425   2917612 
	   Memory (MB)          :        8    16000     16000 

	Job terminated of its own accord at 2024-07-24T18:11:41Z with exit-code 0.
...
000 (10261715.2791.000) 07/25 13:02:37 Job submitted from host: <188.185.114.121:9618?addrs=188.185.114.121-9618+[2001-1458-d00-a--100-273]-9618&alias=bigbird19.cern.ch&noUDP&sock=schedd_4961_696e>
...
009 (10261715.2791.000) 07/25 13:06:54 Job was aborted.
	via condor_rm (by user yelberke)
...
000 (10261767.2791.000) 07/25 13:20:32 Job submitted from host: <188.185.114.121:9618?addrs=188.185.114.121-9618+[2001-1458-d00-a--100-273]-9618&alias=bigbird19.cern.ch&noUDP&sock=schedd_4961_696e>
...
040 (10261767.2791.000) 07/25 14:33:10 Started transferring input files
	Transferring to host: <188.185.208.71:9618?addrs=188.185.208.71-9618+[2001-1458-303-f--100-44]-9618&alias=b9p09p5977.cern.ch&noUDP&sock=slot1_5_5472_44d8_143377>
...
040 (10261767.2791.000) 07/25 14:33:10 Finished transferring input files
...
001 (10261767.2791.000) 07/25 14:33:11 Job executing on host: <188.185.208.71:9618?addrs=188.185.208.71-9618+[2001-1458-303-f--100-44]-9618&alias=b9p09p5977.cern.ch&noUDP&sock=startd_4471_5006>
	SlotName: slot1_5@b9p09p5977.cern.ch
	CondorScratchDir = "/pool/condor/dir_2799325"
	Cpus = 12
	Disk = 2910798
	Memory = 24000
...
006 (10261767.2791.000) 07/25 14:33:15 Image size of job updated: 160860
	7  -  MemoryUsage of job (MB)
	7136  -  ResidentSetSize of job (KB)
...
040 (10261767.2791.000) 07/25 14:33:15 Started transferring output files
...
040 (10261767.2791.000) 07/25 14:33:15 Finished transferring output files
...
005 (10261767.2791.000) 07/25 14:33:15 Job terminated.
	(1) Normal termination (return value 0)
		Usr 0 00:00:03, Sys 0 00:00:00  -  Run Remote Usage
		Usr 0 00:00:00, Sys 0 00:00:00  -  Run Local Usage
		Usr 0 00:00:03, Sys 0 00:00:00  -  Total Remote Usage
		Usr 0 00:00:00, Sys 0 00:00:00  -  Total Local Usage
	6676  -  Run Bytes Sent By Job
	409597  -  Run Bytes Received By Job
	6676  -  Total Bytes Sent By Job
	409597  -  Total Bytes Received By Job
	Partitionable Resources :    Usage  Request Allocated 
	   Cpus                 :        0       12        12 
	   Disk (KB)            :      429      425   2910798 
	   Memory (MB)          :        7    24000     24000 

	Job terminated of its own accord at 2024-07-25T12:33:15Z with exit-code 0.
...
000 (10284266.2791.000) 08/02 15:46:23 Job submitted from host: <188.185.114.121:9618?addrs=188.185.114.121-9618+[2001-1458-d00-a--100-273]-9618&alias=bigbird19.cern.ch&noUDP&sock=schedd_4961_696e>
...
000 (10284267.2791.000) 08/02 15:49:57 Job submitted from host: <188.185.114.121:9618?addrs=188.185.114.121-9618+[2001-1458-d00-a--100-273]-9618&alias=bigbird19.cern.ch&noUDP&sock=schedd_4961_696e>
...
009 (10284266.2791.000) 08/02 15:50:23 Job was aborted.
	via condor_rm (by user yelberke)
...
040 (10284267.2791.000) 08/02 16:44:55 Started transferring input files
	Transferring to host: <188.185.195.8:9618?addrs=188.185.195.8-9618+[2001-1458-303-22--100-4]-9618&alias=b9p17p3223.cern.ch&noUDP&sock=slot1_4_3929046_1856_90>
...
040 (10284267.2791.000) 08/02 16:44:55 Finished transferring input files
...
001 (10284267.2791.000) 08/02 16:44:56 Job executing on host: <188.185.195.8:9618?addrs=188.185.195.8-9618+[2001-1458-303-22--100-4]-9618&alias=b9p17p3223.cern.ch&noUDP&sock=startd_174921_d5cd>
	SlotName: slot1_4@b9p17p3223.cern.ch
	CondorScratchDir = "/pool/condor/dir_3961753"
	Cpus = 12
	Disk = 3066422
	Memory = 24000
...
006 (10284267.2791.000) 08/02 16:44:57 Image size of job updated: 317464
	5  -  MemoryUsage of job (MB)
	4584  -  ResidentSetSize of job (KB)
...
040 (10284267.2791.000) 08/02 16:44:57 Started transferring output files
...
040 (10284267.2791.000) 08/02 16:44:57 Finished transferring output files
...
005 (10284267.2791.000) 08/02 16:44:58 Job terminated.
	(1) Normal termination (return value 139)
		Usr 0 00:00:02, Sys 0 00:00:00  -  Run Remote Usage
		Usr 0 00:00:00, Sys 0 00:00:00  -  Run Local Usage
		Usr 0 00:00:02, Sys 0 00:00:00  -  Total Remote Usage
		Usr 0 00:00:00, Sys 0 00:00:00  -  Total Local Usage
	7696  -  Run Bytes Sent By Job
	409597  -  Run Bytes Received By Job
	7696  -  Total Bytes Sent By Job
	409597  -  Total Bytes Received By Job
	Partitionable Resources :    Usage  Request Allocated 
	   Cpus                 :        0       12        12 
	   Disk (KB)            :      428      425   3066422 
	   Memory (MB)          :        5    24000     24000 

	Job terminated of its own accord at 2024-08-02T14:44:57Z with exit-code 139.
...
