000 (10252905.2813.000) 07/24 16:13:19 Job submitted from host: <188.185.114.121:9618?addrs=188.185.114.121-9618+[2001-1458-d00-a--100-273]-9618&alias=bigbird19.cern.ch&noUDP&sock=schedd_4961_696e>
...
009 (10252905.2813.000) 07/24 16:14:49 Job was aborted.
	via condor_rm (by user yelberke)
...
000 (10252906.2813.000) 07/24 16:15:38 Job submitted from host: <188.185.114.121:9618?addrs=188.185.114.121-9618+[2001-1458-d00-a--100-273]-9618&alias=bigbird19.cern.ch&noUDP&sock=schedd_4961_696e>
...
000 (10252907.2813.000) 07/24 16:17:32 Job submitted from host: <188.185.114.121:9618?addrs=188.185.114.121-9618+[2001-1458-d00-a--100-273]-9618&alias=bigbird19.cern.ch&noUDP&sock=schedd_4961_696e>
...
000 (10252908.2813.000) 07/24 16:18:05 Job submitted from host: <188.185.114.121:9618?addrs=188.185.114.121-9618+[2001-1458-d00-a--100-273]-9618&alias=bigbird19.cern.ch&noUDP&sock=schedd_4961_696e>
...
000 (10252909.2813.000) 07/24 16:18:41 Job submitted from host: <188.185.114.121:9618?addrs=188.185.114.121-9618+[2001-1458-d00-a--100-273]-9618&alias=bigbird19.cern.ch&noUDP&sock=schedd_4961_696e>
...
040 (10252906.2813.000) 07/24 16:36:38 Started transferring input files
	Transferring to host: <188.185.206.159:9618?addrs=188.185.206.159-9618&alias=b9p06p8389.cern.ch&noUDP&sock=slot1_27_6893_7df1_156636>
...
040 (10252906.2813.000) 07/24 16:36:38 Finished transferring input files
...
001 (10252906.2813.000) 07/24 16:36:39 Job executing on host: <188.185.206.159:9618?addrs=188.185.206.159-9618&alias=b9p06p8389.cern.ch&noUDP&sock=startd_6779_689b>
	SlotName: slot1_27@b9p06p8389.cern.ch
	CondorScratchDir = "/pool/condor/dir_1783167"
	Cpus = 8
	Disk = 2219887
	Memory = 16000
...
006 (10252906.2813.000) 07/24 16:36:44 Image size of job updated: 158628
	7  -  MemoryUsage of job (MB)
	6584  -  ResidentSetSize of job (KB)
...
040 (10252906.2813.000) 07/24 16:36:44 Started transferring output files
...
040 (10252906.2813.000) 07/24 16:36:44 Finished transferring output files
...
005 (10252906.2813.000) 07/24 16:36:44 Job terminated.
	(1) Normal termination (return value 0)
		Usr 0 00:00:04, Sys 0 00:00:00  -  Run Remote Usage
		Usr 0 00:00:00, Sys 0 00:00:00  -  Run Local Usage
		Usr 0 00:00:04, Sys 0 00:00:00  -  Total Remote Usage
		Usr 0 00:00:00, Sys 0 00:00:00  -  Total Local Usage
	6204  -  Run Bytes Sent By Job
	409597  -  Run Bytes Received By Job
	6204  -  Total Bytes Sent By Job
	409597  -  Total Bytes Received By Job
	Partitionable Resources :    Usage  Request Allocated 
	   Cpus                 :        0        8         8 
	   Disk (KB)            :      428      425   2219887 
	   Memory (MB)          :        7    16000     16000 

	Job terminated of its own accord at 2024-07-24T14:36:44Z with exit-code 0.
...
040 (10252907.2813.000) 07/24 18:04:21 Started transferring input files
	Transferring to host: <188.185.209.80:9618?addrs=188.185.209.80-9618+[2001-1458-303-11--100-4d]-9618&alias=b9p11p9887.cern.ch&noUDP&sock=slot1_22_125546_43aa_144413>
...
040 (10252907.2813.000) 07/24 18:04:21 Finished transferring input files
...
001 (10252907.2813.000) 07/24 18:04:22 Job executing on host: <188.185.209.80:9618?addrs=188.185.209.80-9618+[2001-1458-303-11--100-4d]-9618&alias=b9p11p9887.cern.ch&noUDP&sock=startd_115963_8d14>
	SlotName: slot1_22@b9p11p9887.cern.ch
	CondorScratchDir = "/pool/condor/dir_225699"
	Cpus = 8
	Disk = 2720085
	Memory = 16000
...
006 (10252907.2813.000) 07/24 18:04:27 Image size of job updated: 159016
	8  -  MemoryUsage of job (MB)
	7880  -  ResidentSetSize of job (KB)
...
040 (10252907.2813.000) 07/24 18:04:27 Started transferring output files
...
040 (10252907.2813.000) 07/24 18:04:27 Finished transferring output files
...
005 (10252907.2813.000) 07/24 18:04:27 Job terminated.
	(1) Normal termination (return value 0)
		Usr 0 00:00:04, Sys 0 00:00:00  -  Run Remote Usage
		Usr 0 00:00:00, Sys 0 00:00:00  -  Run Local Usage
		Usr 0 00:00:04, Sys 0 00:00:00  -  Total Remote Usage
		Usr 0 00:00:00, Sys 0 00:00:00  -  Total Local Usage
	6204  -  Run Bytes Sent By Job
	409597  -  Run Bytes Received By Job
	6204  -  Total Bytes Sent By Job
	409597  -  Total Bytes Received By Job
	Partitionable Resources :    Usage  Request Allocated 
	   Cpus                 :        0        8         8 
	   Disk (KB)            :      429      425   2720085 
	   Memory (MB)          :        8    16000     16000 

	Job terminated of its own accord at 2024-07-24T16:04:27Z with exit-code 0.
...
040 (10252908.2813.000) 07/24 19:12:21 Started transferring input files
	Transferring to host: <188.185.206.62:9618?addrs=188.185.206.62-9618+[2001-1458-303-b--100-3b]-9618&alias=b9p05p3252.cern.ch&noUDP&sock=slot1_9_3531_a8a9_29610>
...
040 (10252908.2813.000) 07/24 19:12:21 Finished transferring input files
...
001 (10252908.2813.000) 07/24 19:12:22 Job executing on host: <188.185.206.62:9618?addrs=188.185.206.62-9618+[2001-1458-303-b--100-3b]-9618&alias=b9p05p3252.cern.ch&noUDP&sock=startd_3180_cb41>
	SlotName: slot1_9@b9p05p3252.cern.ch
	CondorScratchDir = "/pool/condor/dir_3230534"
	Cpus = 8
	Disk = 2650397
	Memory = 16000
...
006 (10252908.2813.000) 07/24 19:12:28 Image size of job updated: 159984
	8  -  MemoryUsage of job (MB)
	7544  -  ResidentSetSize of job (KB)
...
040 (10252908.2813.000) 07/24 19:12:28 Started transferring output files
...
040 (10252908.2813.000) 07/24 19:12:28 Finished transferring output files
...
005 (10252908.2813.000) 07/24 19:12:28 Job terminated.
	(1) Normal termination (return value 0)
		Usr 0 00:00:05, Sys 0 00:00:00  -  Run Remote Usage
		Usr 0 00:00:00, Sys 0 00:00:00  -  Run Local Usage
		Usr 0 00:00:05, Sys 0 00:00:00  -  Total Remote Usage
		Usr 0 00:00:00, Sys 0 00:00:00  -  Total Local Usage
	6204  -  Run Bytes Sent By Job
	409597  -  Run Bytes Received By Job
	6204  -  Total Bytes Sent By Job
	409597  -  Total Bytes Received By Job
	Partitionable Resources :    Usage  Request Allocated 
	   Cpus                 :        0        8         8 
	   Disk (KB)            :      431      425   2650397 
	   Memory (MB)          :        8    16000     16000 

	Job terminated of its own accord at 2024-07-24T17:12:28Z with exit-code 0.
...
040 (10252909.2813.000) 07/24 20:11:43 Started transferring input files
	Transferring to host: <188.185.204.139:9618?addrs=188.185.204.139-9618+[2001-1458-303-8--100-7f]-9618&alias=b9p02p2256.cern.ch&noUDP&sock=slot1_2_6806_314e_156524>
...
040 (10252909.2813.000) 07/24 20:11:43 Finished transferring input files
...
001 (10252909.2813.000) 07/24 20:11:44 Job executing on host: <188.185.204.139:9618?addrs=188.185.204.139-9618+[2001-1458-303-8--100-7f]-9618&alias=b9p02p2256.cern.ch&noUDP&sock=startd_6736_ea08>
	SlotName: slot1_2@b9p02p2256.cern.ch
	CondorScratchDir = "/pool/condor/dir_1637125"
	Cpus = 8
	Disk = 2862249
	Memory = 16000
...
006 (10252909.2813.000) 07/24 20:11:49 Image size of job updated: 158596
	8  -  MemoryUsage of job (MB)
	7412  -  ResidentSetSize of job (KB)
...
040 (10252909.2813.000) 07/24 20:11:49 Started transferring output files
...
040 (10252909.2813.000) 07/24 20:11:49 Finished transferring output files
...
005 (10252909.2813.000) 07/24 20:11:49 Job terminated.
	(1) Normal termination (return value 0)
		Usr 0 00:00:04, Sys 0 00:00:00  -  Run Remote Usage
		Usr 0 00:00:00, Sys 0 00:00:00  -  Run Local Usage
		Usr 0 00:00:04, Sys 0 00:00:00  -  Total Remote Usage
		Usr 0 00:00:00, Sys 0 00:00:00  -  Total Local Usage
	6204  -  Run Bytes Sent By Job
	409597  -  Run Bytes Received By Job
	6204  -  Total Bytes Sent By Job
	409597  -  Total Bytes Received By Job
	Partitionable Resources :    Usage  Request Allocated 
	   Cpus                 :        0        8         8 
	   Disk (KB)            :      428      425   2862249 
	   Memory (MB)          :        8    16000     16000 

	Job terminated of its own accord at 2024-07-24T18:11:49Z with exit-code 0.
...
000 (10261715.2813.000) 07/25 13:02:38 Job submitted from host: <188.185.114.121:9618?addrs=188.185.114.121-9618+[2001-1458-d00-a--100-273]-9618&alias=bigbird19.cern.ch&noUDP&sock=schedd_4961_696e>
...
009 (10261715.2813.000) 07/25 13:06:54 Job was aborted.
	via condor_rm (by user yelberke)
...
000 (10261767.2813.000) 07/25 13:20:32 Job submitted from host: <188.185.114.121:9618?addrs=188.185.114.121-9618+[2001-1458-d00-a--100-273]-9618&alias=bigbird19.cern.ch&noUDP&sock=schedd_4961_696e>
...
040 (10261767.2813.000) 07/25 14:33:17 Started transferring input files
	Transferring to host: <188.185.193.116:9618?addrs=188.185.193.116-9618+[2001-1458-303-20--100-70]-9618&alias=b9p19p3501.cern.ch&noUDP&sock=slot1_3_1787515_c60a_1264>
...
040 (10261767.2813.000) 07/25 14:33:17 Finished transferring input files
...
001 (10261767.2813.000) 07/25 14:33:18 Job executing on host: <188.185.193.116:9618?addrs=188.185.193.116-9618+[2001-1458-303-20--100-70]-9618&alias=b9p19p3501.cern.ch&noUDP&sock=startd_127841_df01>
	SlotName: slot1_3@b9p19p3501.cern.ch
	CondorScratchDir = "/pool/condor/dir_471300"
	Cpus = 12
	Disk = 3042876
	Memory = 24000
...
006 (10261767.2813.000) 07/25 14:33:23 Image size of job updated: 160824
	8  -  MemoryUsage of job (MB)
	7376  -  ResidentSetSize of job (KB)
...
040 (10261767.2813.000) 07/25 14:33:23 Started transferring output files
...
040 (10261767.2813.000) 07/25 14:33:23 Finished transferring output files
...
005 (10261767.2813.000) 07/25 14:33:24 Job terminated.
	(1) Normal termination (return value 0)
		Usr 0 00:00:04, Sys 0 00:00:00  -  Run Remote Usage
		Usr 0 00:00:00, Sys 0 00:00:00  -  Run Local Usage
		Usr 0 00:00:04, Sys 0 00:00:00  -  Total Remote Usage
		Usr 0 00:00:00, Sys 0 00:00:00  -  Total Local Usage
	6676  -  Run Bytes Sent By Job
	409597  -  Run Bytes Received By Job
	6676  -  Total Bytes Sent By Job
	409597  -  Total Bytes Received By Job
	Partitionable Resources :    Usage  Request Allocated 
	   Cpus                 :        0       12        12 
	   Disk (KB)            :      429      425   3042876 
	   Memory (MB)          :        8    24000     24000 

	Job terminated of its own accord at 2024-07-25T12:33:23Z with exit-code 0.
...
000 (10284266.2813.000) 08/02 15:46:23 Job submitted from host: <188.185.114.121:9618?addrs=188.185.114.121-9618+[2001-1458-d00-a--100-273]-9618&alias=bigbird19.cern.ch&noUDP&sock=schedd_4961_696e>
...
000 (10284267.2813.000) 08/02 15:49:57 Job submitted from host: <188.185.114.121:9618?addrs=188.185.114.121-9618+[2001-1458-d00-a--100-273]-9618&alias=bigbird19.cern.ch&noUDP&sock=schedd_4961_696e>
...
009 (10284266.2813.000) 08/02 15:50:23 Job was aborted.
	via condor_rm (by user yelberke)
...
040 (10284267.2813.000) 08/02 16:45:01 Started transferring input files
	Transferring to host: <188.185.195.165:9618?addrs=188.185.195.165-9618+[2001-1458-303-22--100-a1]-9618&alias=b9p17p9246.cern.ch&noUDP&sock=slot1_8_888432_7719_390>
...
040 (10284267.2813.000) 08/02 16:45:01 Finished transferring input files
...
001 (10284267.2813.000) 08/02 16:45:02 Job executing on host: <188.185.195.165:9618?addrs=188.185.195.165-9618+[2001-1458-303-22--100-a1]-9618&alias=b9p17p9246.cern.ch&noUDP&sock=startd_178045_a3ab>
	SlotName: slot1_8@b9p17p9246.cern.ch
	CondorScratchDir = "/pool/condor/dir_2706837"
	Cpus = 12
	Disk = 3067122
	Memory = 24000
...
006 (10284267.2813.000) 08/02 16:45:04 Image size of job updated: 317004
	5  -  MemoryUsage of job (MB)
	4912  -  ResidentSetSize of job (KB)
...
040 (10284267.2813.000) 08/02 16:45:04 Started transferring output files
...
040 (10284267.2813.000) 08/02 16:45:04 Finished transferring output files
...
005 (10284267.2813.000) 08/02 16:45:04 Job terminated.
	(1) Normal termination (return value 139)
		Usr 0 00:00:02, Sys 0 00:00:00  -  Run Remote Usage
		Usr 0 00:00:00, Sys 0 00:00:00  -  Run Local Usage
		Usr 0 00:00:02, Sys 0 00:00:00  -  Total Remote Usage
		Usr 0 00:00:00, Sys 0 00:00:00  -  Total Local Usage
	7696  -  Run Bytes Sent By Job
	409597  -  Run Bytes Received By Job
	7696  -  Total Bytes Sent By Job
	409597  -  Total Bytes Received By Job
	Partitionable Resources :    Usage  Request Allocated 
	   Cpus                 :        0       12        12 
	   Disk (KB)            :      428      425   3067122 
	   Memory (MB)          :        5    24000     24000 

	Job terminated of its own accord at 2024-08-02T14:45:04Z with exit-code 139.
...
