000 (10252905.2833.000) 07/24 16:13:19 Job submitted from host: <188.185.114.121:9618?addrs=188.185.114.121-9618+[2001-1458-d00-a--100-273]-9618&alias=bigbird19.cern.ch&noUDP&sock=schedd_4961_696e>
...
009 (10252905.2833.000) 07/24 16:14:49 Job was aborted.
	via condor_rm (by user yelberke)
...
000 (10252906.2833.000) 07/24 16:15:38 Job submitted from host: <188.185.114.121:9618?addrs=188.185.114.121-9618+[2001-1458-d00-a--100-273]-9618&alias=bigbird19.cern.ch&noUDP&sock=schedd_4961_696e>
...
000 (10252907.2833.000) 07/24 16:17:32 Job submitted from host: <188.185.114.121:9618?addrs=188.185.114.121-9618+[2001-1458-d00-a--100-273]-9618&alias=bigbird19.cern.ch&noUDP&sock=schedd_4961_696e>
...
000 (10252908.2833.000) 07/24 16:18:05 Job submitted from host: <188.185.114.121:9618?addrs=188.185.114.121-9618+[2001-1458-d00-a--100-273]-9618&alias=bigbird19.cern.ch&noUDP&sock=schedd_4961_696e>
...
000 (10252909.2833.000) 07/24 16:18:41 Job submitted from host: <188.185.114.121:9618?addrs=188.185.114.121-9618+[2001-1458-d00-a--100-273]-9618&alias=bigbird19.cern.ch&noUDP&sock=schedd_4961_696e>
...
040 (10252906.2833.000) 07/24 16:36:45 Started transferring input files
	Transferring to host: <188.185.195.24:9618?addrs=188.185.195.24-9618+[2001-1458-303-22--100-14]-9618&alias=b9p17p3186.cern.ch&noUDP&sock=slot1_24_151883_1039_7405>
...
040 (10252906.2833.000) 07/24 16:36:45 Finished transferring input files
...
001 (10252906.2833.000) 07/24 16:36:46 Job executing on host: <188.185.195.24:9618?addrs=188.185.195.24-9618+[2001-1458-303-22--100-14]-9618&alias=b9p17p3186.cern.ch&noUDP&sock=startd_175168_41b2>
	SlotName: slot1_24@b9p17p3186.cern.ch
	CondorScratchDir = "/pool/condor/dir_3753936"
	Cpus = 8
	Disk = 2777145
	Memory = 16000
...
006 (10252906.2833.000) 07/24 16:36:55 Image size of job updated: 157976
	155  -  MemoryUsage of job (MB)
	157976  -  ResidentSetSize of job (KB)
...
006 (10252906.2833.000) 07/24 16:36:55 Image size of job updated: 158200
	155  -  MemoryUsage of job (MB)
	157976  -  ResidentSetSize of job (KB)
...
040 (10252906.2833.000) 07/24 16:36:55 Started transferring output files
...
040 (10252906.2833.000) 07/24 16:36:55 Finished transferring output files
...
005 (10252906.2833.000) 07/24 16:36:55 Job terminated.
	(1) Normal termination (return value 0)
		Usr 0 00:00:08, Sys 0 00:00:00  -  Run Remote Usage
		Usr 0 00:00:00, Sys 0 00:00:00  -  Run Local Usage
		Usr 0 00:00:08, Sys 0 00:00:00  -  Total Remote Usage
		Usr 0 00:00:00, Sys 0 00:00:00  -  Total Local Usage
	6204  -  Run Bytes Sent By Job
	409597  -  Run Bytes Received By Job
	6204  -  Total Bytes Sent By Job
	409597  -  Total Bytes Received By Job
	Partitionable Resources :    Usage  Request Allocated 
	   Cpus                 :        0        8         8 
	   Disk (KB)            :      428      425   2777145 
	   Memory (MB)          :      155    16000     16000 

	Job terminated of its own accord at 2024-07-24T14:36:55Z with exit-code 0.
...
040 (10252907.2833.000) 07/24 18:04:29 Started transferring input files
	Transferring to host: <188.185.204.243:9618?addrs=188.185.204.243-9618+[2001-1458-303-8--100-70]-9618&alias=b9p02p9109.cern.ch&noUDP&sock=slot1_30_6803_142e_156609>
...
040 (10252907.2833.000) 07/24 18:04:29 Finished transferring input files
...
001 (10252907.2833.000) 07/24 18:04:30 Job executing on host: <188.185.204.243:9618?addrs=188.185.204.243-9618+[2001-1458-303-8--100-70]-9618&alias=b9p02p9109.cern.ch&noUDP&sock=startd_6735_3a70>
	SlotName: slot1_30@b9p02p9109.cern.ch
	CondorScratchDir = "/pool/condor/dir_2621462"
	Cpus = 8
	Disk = 2922573
	Memory = 16000
...
006 (10252907.2833.000) 07/24 18:04:35 Image size of job updated: 159720
	8  -  MemoryUsage of job (MB)
	7352  -  ResidentSetSize of job (KB)
...
040 (10252907.2833.000) 07/24 18:04:35 Started transferring output files
...
040 (10252907.2833.000) 07/24 18:04:35 Finished transferring output files
...
005 (10252907.2833.000) 07/24 18:04:35 Job terminated.
	(1) Normal termination (return value 0)
		Usr 0 00:00:04, Sys 0 00:00:00  -  Run Remote Usage
		Usr 0 00:00:00, Sys 0 00:00:00  -  Run Local Usage
		Usr 0 00:00:04, Sys 0 00:00:00  -  Total Remote Usage
		Usr 0 00:00:00, Sys 0 00:00:00  -  Total Local Usage
	6204  -  Run Bytes Sent By Job
	409597  -  Run Bytes Received By Job
	6204  -  Total Bytes Sent By Job
	409597  -  Total Bytes Received By Job
	Partitionable Resources :    Usage  Request Allocated 
	   Cpus                 :        0        8         8 
	   Disk (KB)            :      428      425   2922573 
	   Memory (MB)          :        8    16000     16000 

	Job terminated of its own accord at 2024-07-24T16:04:35Z with exit-code 0.
...
040 (10252908.2833.000) 07/24 19:12:28 Started transferring input files
	Transferring to host: <188.185.204.253:9618?addrs=188.185.204.253-9618+[2001-1458-303-8--100-7a]-9618&alias=b9p02p8717.cern.ch&noUDP&sock=slot1_21_7342_da64_154144>
...
001 (10252908.2833.000) 07/24 19:12:29 Job executing on host: <188.185.204.253:9618?addrs=188.185.204.253-9618+[2001-1458-303-8--100-7a]-9618&alias=b9p02p8717.cern.ch&noUDP&sock=startd_7272_90cc>
	SlotName: slot1_21@b9p02p8717.cern.ch
	CondorScratchDir = "/pool/condor/dir_3216389"
	Cpus = 8
	Disk = 2791512
	Memory = 16000
...
040 (10252908.2833.000) 07/24 19:12:29 Finished transferring input files
...
006 (10252908.2833.000) 07/24 19:12:33 Image size of job updated: 159332
	8  -  MemoryUsage of job (MB)
	7188  -  ResidentSetSize of job (KB)
...
040 (10252908.2833.000) 07/24 19:12:33 Started transferring output files
...
040 (10252908.2833.000) 07/24 19:12:34 Finished transferring output files
...
005 (10252908.2833.000) 07/24 19:12:34 Job terminated.
	(1) Normal termination (return value 0)
		Usr 0 00:00:03, Sys 0 00:00:00  -  Run Remote Usage
		Usr 0 00:00:00, Sys 0 00:00:00  -  Run Local Usage
		Usr 0 00:00:03, Sys 0 00:00:00  -  Total Remote Usage
		Usr 0 00:00:00, Sys 0 00:00:00  -  Total Local Usage
	6204  -  Run Bytes Sent By Job
	409597  -  Run Bytes Received By Job
	6204  -  Total Bytes Sent By Job
	409597  -  Total Bytes Received By Job
	Partitionable Resources :    Usage  Request Allocated 
	   Cpus                 :        0        8         8 
	   Disk (KB)            :      428      425   2791512 
	   Memory (MB)          :        8    16000     16000 

	Job terminated of its own accord at 2024-07-24T17:12:33Z with exit-code 0.
...
040 (10252909.2833.000) 07/24 20:11:50 Started transferring input files
	Transferring to host: <188.185.207.192:9618?addrs=188.185.207.192-9618+[2001-1458-303-e--100-3d]-9618&alias=b9p08p9609.cern.ch&noUDP&sock=slot1_6_4004722_aedc_46999>
...
040 (10252909.2833.000) 07/24 20:11:50 Finished transferring input files
...
001 (10252909.2833.000) 07/24 20:11:51 Job executing on host: <188.185.207.192:9618?addrs=188.185.207.192-9618+[2001-1458-303-e--100-3d]-9618&alias=b9p08p9609.cern.ch&noUDP&sock=startd_4289_79c9>
	SlotName: slot1_6@b9p08p9609.cern.ch
	CondorScratchDir = "/pool/condor/dir_2870017"
	Cpus = 8
	Disk = 3001382
	Memory = 16000
...
006 (10252909.2833.000) 07/24 20:11:56 Image size of job updated: 158200
	8  -  MemoryUsage of job (MB)
	7360  -  ResidentSetSize of job (KB)
...
040 (10252909.2833.000) 07/24 20:11:56 Started transferring output files
...
040 (10252909.2833.000) 07/24 20:11:56 Finished transferring output files
...
005 (10252909.2833.000) 07/24 20:11:56 Job terminated.
	(1) Normal termination (return value 0)
		Usr 0 00:00:03, Sys 0 00:00:00  -  Run Remote Usage
		Usr 0 00:00:00, Sys 0 00:00:00  -  Run Local Usage
		Usr 0 00:00:03, Sys 0 00:00:00  -  Total Remote Usage
		Usr 0 00:00:00, Sys 0 00:00:00  -  Total Local Usage
	6204  -  Run Bytes Sent By Job
	409597  -  Run Bytes Received By Job
	6204  -  Total Bytes Sent By Job
	409597  -  Total Bytes Received By Job
	Partitionable Resources :    Usage  Request Allocated 
	   Cpus                 :        0        8         8 
	   Disk (KB)            :      428      425   3001382 
	   Memory (MB)          :        8    16000     16000 

	Job terminated of its own accord at 2024-07-24T18:11:56Z with exit-code 0.
...
000 (10261715.2833.000) 07/25 13:02:39 Job submitted from host: <188.185.114.121:9618?addrs=188.185.114.121-9618+[2001-1458-d00-a--100-273]-9618&alias=bigbird19.cern.ch&noUDP&sock=schedd_4961_696e>
...
009 (10261715.2833.000) 07/25 13:06:54 Job was aborted.
	via condor_rm (by user yelberke)
...
000 (10261767.2833.000) 07/25 13:20:32 Job submitted from host: <188.185.114.121:9618?addrs=188.185.114.121-9618+[2001-1458-d00-a--100-273]-9618&alias=bigbird19.cern.ch&noUDP&sock=schedd_4961_696e>
...
040 (10261767.2833.000) 07/25 14:33:23 Started transferring input files
	Transferring to host: <188.185.205.155:9618?addrs=188.185.205.155-9618&alias=b9p04p0710.cern.ch&noUDP&sock=slot1_3_4371_83cb_157125>
...
040 (10261767.2833.000) 07/25 14:33:23 Finished transferring input files
...
001 (10261767.2833.000) 07/25 14:33:24 Job executing on host: <188.185.205.155:9618?addrs=188.185.205.155-9618&alias=b9p04p0710.cern.ch&noUDP&sock=startd_3917_508e>
	SlotName: slot1_3@b9p04p0710.cern.ch
	CondorScratchDir = "/pool/condor/dir_4123420"
	Cpus = 12
	Disk = 2621221
	Memory = 24000
...
006 (10261767.2833.000) 07/25 14:33:30 Image size of job updated: 160448
	7  -  MemoryUsage of job (MB)
	6612  -  ResidentSetSize of job (KB)
...
040 (10261767.2833.000) 07/25 14:33:30 Started transferring output files
...
040 (10261767.2833.000) 07/25 14:33:30 Finished transferring output files
...
005 (10261767.2833.000) 07/25 14:33:30 Job terminated.
	(1) Normal termination (return value 0)
		Usr 0 00:00:04, Sys 0 00:00:00  -  Run Remote Usage
		Usr 0 00:00:00, Sys 0 00:00:00  -  Run Local Usage
		Usr 0 00:00:04, Sys 0 00:00:00  -  Total Remote Usage
		Usr 0 00:00:00, Sys 0 00:00:00  -  Total Local Usage
	6676  -  Run Bytes Sent By Job
	409597  -  Run Bytes Received By Job
	6676  -  Total Bytes Sent By Job
	409597  -  Total Bytes Received By Job
	Partitionable Resources :    Usage  Request Allocated 
	   Cpus                 :        0       12        12 
	   Disk (KB)            :      428      425   2621221 
	   Memory (MB)          :        7    24000     24000 

	Job terminated of its own accord at 2024-07-25T12:33:30Z with exit-code 0.
...
000 (10284266.2833.000) 08/02 15:46:23 Job submitted from host: <188.185.114.121:9618?addrs=188.185.114.121-9618+[2001-1458-d00-a--100-273]-9618&alias=bigbird19.cern.ch&noUDP&sock=schedd_4961_696e>
...
000 (10284267.2833.000) 08/02 15:49:57 Job submitted from host: <188.185.114.121:9618?addrs=188.185.114.121-9618+[2001-1458-d00-a--100-273]-9618&alias=bigbird19.cern.ch&noUDP&sock=schedd_4961_696e>
...
009 (10284266.2833.000) 08/02 15:50:23 Job was aborted.
	via condor_rm (by user yelberke)
...
040 (10284267.2833.000) 08/02 16:45:08 Started transferring input files
	Transferring to host: <188.185.205.32:9618?addrs=188.185.205.32-9618&alias=b9p03p5159.cern.ch&noUDP&sock=slot1_17_6906_a6d2_163456>
...
040 (10284267.2833.000) 08/02 16:45:08 Finished transferring input files
...
001 (10284267.2833.000) 08/02 16:45:09 Job executing on host: <188.185.205.32:9618?addrs=188.185.205.32-9618&alias=b9p03p5159.cern.ch&noUDP&sock=startd_6839_904a>
	SlotName: slot1_17@b9p03p5159.cern.ch
	CondorScratchDir = "/pool/condor/dir_4175121"
	Cpus = 12
	Disk = 2758750
	Memory = 24000
...
006 (10284267.2833.000) 08/02 16:45:11 Image size of job updated: 326996
	6  -  MemoryUsage of job (MB)
	5412  -  ResidentSetSize of job (KB)
...
040 (10284267.2833.000) 08/02 16:45:11 Started transferring output files
...
040 (10284267.2833.000) 08/02 16:45:11 Finished transferring output files
...
005 (10284267.2833.000) 08/02 16:45:11 Job terminated.
	(1) Normal termination (return value 139)
		Usr 0 00:00:01, Sys 0 00:00:00  -  Run Remote Usage
		Usr 0 00:00:00, Sys 0 00:00:00  -  Run Local Usage
		Usr 0 00:00:01, Sys 0 00:00:00  -  Total Remote Usage
		Usr 0 00:00:00, Sys 0 00:00:00  -  Total Local Usage
	7696  -  Run Bytes Sent By Job
	409597  -  Run Bytes Received By Job
	7696  -  Total Bytes Sent By Job
	409597  -  Total Bytes Received By Job
	Partitionable Resources :    Usage  Request Allocated 
	   Cpus                 :        0       12        12 
	   Disk (KB)            :      428      425   2758750 
	   Memory (MB)          :        6    24000     24000 

	Job terminated of its own accord at 2024-08-02T14:45:11Z with exit-code 139.
...
