000 (10252905.2852.000) 07/24 16:13:19 Job submitted from host: <188.185.114.121:9618?addrs=188.185.114.121-9618+[2001-1458-d00-a--100-273]-9618&alias=bigbird19.cern.ch&noUDP&sock=schedd_4961_696e>
...
009 (10252905.2852.000) 07/24 16:14:49 Job was aborted.
	via condor_rm (by user yelberke)
...
000 (10252906.2852.000) 07/24 16:15:38 Job submitted from host: <188.185.114.121:9618?addrs=188.185.114.121-9618+[2001-1458-d00-a--100-273]-9618&alias=bigbird19.cern.ch&noUDP&sock=schedd_4961_696e>
...
000 (10252907.2852.000) 07/24 16:17:32 Job submitted from host: <188.185.114.121:9618?addrs=188.185.114.121-9618+[2001-1458-d00-a--100-273]-9618&alias=bigbird19.cern.ch&noUDP&sock=schedd_4961_696e>
...
000 (10252908.2852.000) 07/24 16:18:05 Job submitted from host: <188.185.114.121:9618?addrs=188.185.114.121-9618+[2001-1458-d00-a--100-273]-9618&alias=bigbird19.cern.ch&noUDP&sock=schedd_4961_696e>
...
000 (10252909.2852.000) 07/24 16:18:41 Job submitted from host: <188.185.114.121:9618?addrs=188.185.114.121-9618+[2001-1458-d00-a--100-273]-9618&alias=bigbird19.cern.ch&noUDP&sock=schedd_4961_696e>
...
040 (10252906.2852.000) 07/24 16:36:52 Started transferring input files
	Transferring to host: <188.185.209.12:9618?addrs=188.185.209.12-9618+[2001-1458-303-11--100-9]-9618&alias=b9p11p3922.cern.ch&noUDP&sock=slot1_14_9942_c9cd_145250>
...
040 (10252906.2852.000) 07/24 16:36:52 Finished transferring input files
...
001 (10252906.2852.000) 07/24 16:36:53 Job executing on host: <188.185.209.12:9618?addrs=188.185.209.12-9618+[2001-1458-303-11--100-9]-9618&alias=b9p11p3922.cern.ch&noUDP&sock=startd_8580_beac>
	SlotName: slot1_14@b9p11p3922.cern.ch
	CondorScratchDir = "/pool/condor/dir_3417577"
	Cpus = 8
	Disk = 2726353
	Memory = 16000
...
006 (10252906.2852.000) 07/24 16:36:57 Image size of job updated: 158172
	8  -  MemoryUsage of job (MB)
	7300  -  ResidentSetSize of job (KB)
...
040 (10252906.2852.000) 07/24 16:36:57 Started transferring output files
...
040 (10252906.2852.000) 07/24 16:36:57 Finished transferring output files
...
005 (10252906.2852.000) 07/24 16:36:57 Job terminated.
	(1) Normal termination (return value 0)
		Usr 0 00:00:03, Sys 0 00:00:00  -  Run Remote Usage
		Usr 0 00:00:00, Sys 0 00:00:00  -  Run Local Usage
		Usr 0 00:00:03, Sys 0 00:00:00  -  Total Remote Usage
		Usr 0 00:00:00, Sys 0 00:00:00  -  Total Local Usage
	6204  -  Run Bytes Sent By Job
	409597  -  Run Bytes Received By Job
	6204  -  Total Bytes Sent By Job
	409597  -  Total Bytes Received By Job
	Partitionable Resources :    Usage  Request Allocated 
	   Cpus                 :        0        8         8 
	   Disk (KB)            :      428      425   2726353 
	   Memory (MB)          :        8    16000     16000 

	Job terminated of its own accord at 2024-07-24T14:36:57Z with exit-code 0.
...
040 (10252907.2852.000) 07/24 18:04:34 Started transferring input files
	Transferring to host: <188.185.198.114:9618?addrs=188.185.198.114-9618+[2001-1458-303-25--100-6e]-9618&alias=b9p15p8665.cern.ch&noUDP&sock=slot1_14_3236175_cba7_4515>
...
040 (10252907.2852.000) 07/24 18:04:34 Finished transferring input files
...
001 (10252907.2852.000) 07/24 18:04:35 Job executing on host: <188.185.198.114:9618?addrs=188.185.198.114-9618+[2001-1458-303-25--100-6e]-9618&alias=b9p15p8665.cern.ch&noUDP&sock=startd_127870_c340>
	SlotName: slot1_14@b9p15p8665.cern.ch
	CondorScratchDir = "/pool/condor/dir_3319184"
	Cpus = 8
	Disk = 2985752
	Memory = 16000
...
006 (10252907.2852.000) 07/24 18:04:44 Image size of job updated: 158644
	8  -  MemoryUsage of job (MB)
	7620  -  ResidentSetSize of job (KB)
...
040 (10252907.2852.000) 07/24 18:04:44 Started transferring output files
...
040 (10252907.2852.000) 07/24 18:04:44 Finished transferring output files
...
005 (10252907.2852.000) 07/24 18:04:44 Job terminated.
	(1) Normal termination (return value 0)
		Usr 0 00:00:06, Sys 0 00:00:00  -  Run Remote Usage
		Usr 0 00:00:00, Sys 0 00:00:00  -  Run Local Usage
		Usr 0 00:00:06, Sys 0 00:00:00  -  Total Remote Usage
		Usr 0 00:00:00, Sys 0 00:00:00  -  Total Local Usage
	6204  -  Run Bytes Sent By Job
	409597  -  Run Bytes Received By Job
	6204  -  Total Bytes Sent By Job
	409597  -  Total Bytes Received By Job
	Partitionable Resources :    Usage  Request Allocated 
	   Cpus                 :        0        8         8 
	   Disk (KB)            :      428      425   2985752 
	   Memory (MB)          :        8    16000     16000 

	Job terminated of its own accord at 2024-07-24T16:04:44Z with exit-code 0.
...
040 (10252908.2852.000) 07/24 19:12:33 Started transferring input files
	Transferring to host: <188.185.209.76:9618?addrs=188.185.209.76-9618+[2001-1458-303-11--100-49]-9618&alias=b9p11p1755.cern.ch&noUDP&sock=slot1_12_22950_19de_24905>
...
001 (10252908.2852.000) 07/24 19:12:34 Job executing on host: <188.185.209.76:9618?addrs=188.185.209.76-9618+[2001-1458-303-11--100-49]-9618&alias=b9p11p1755.cern.ch&noUDP&sock=startd_21984_c61f>
	SlotName: slot1_12@b9p11p1755.cern.ch
	CondorScratchDir = "/pool/condor/dir_3196337"
	Cpus = 8
	Disk = 2514963
	Memory = 16000
...
040 (10252908.2852.000) 07/24 19:12:34 Finished transferring input files
...
006 (10252908.2852.000) 07/24 19:12:40 Image size of job updated: 158532
	8  -  MemoryUsage of job (MB)
	7432  -  ResidentSetSize of job (KB)
...
040 (10252908.2852.000) 07/24 19:12:40 Started transferring output files
...
040 (10252908.2852.000) 07/24 19:12:40 Finished transferring output files
...
005 (10252908.2852.000) 07/24 19:12:40 Job terminated.
	(1) Normal termination (return value 0)
		Usr 0 00:00:04, Sys 0 00:00:00  -  Run Remote Usage
		Usr 0 00:00:00, Sys 0 00:00:00  -  Run Local Usage
		Usr 0 00:00:04, Sys 0 00:00:00  -  Total Remote Usage
		Usr 0 00:00:00, Sys 0 00:00:00  -  Total Local Usage
	6204  -  Run Bytes Sent By Job
	409597  -  Run Bytes Received By Job
	6204  -  Total Bytes Sent By Job
	409597  -  Total Bytes Received By Job
	Partitionable Resources :    Usage  Request Allocated 
	   Cpus                 :        0        8         8 
	   Disk (KB)            :      428      425   2514963 
	   Memory (MB)          :        8    16000     16000 

	Job terminated of its own accord at 2024-07-24T17:12:40Z with exit-code 0.
...
040 (10252909.2852.000) 07/24 20:11:56 Started transferring input files
	Transferring to host: <188.185.206.172:9618?addrs=188.185.206.172-9618&alias=b9p06p3808.cern.ch&noUDP&sock=slot1_15_6885_daf1_156840>
...
040 (10252909.2852.000) 07/24 20:11:56 Finished transferring input files
...
001 (10252909.2852.000) 07/24 20:11:57 Job executing on host: <188.185.206.172:9618?addrs=188.185.206.172-9618&alias=b9p06p3808.cern.ch&noUDP&sock=startd_6815_1a04>
	SlotName: slot1_15@b9p06p3808.cern.ch
	CondorScratchDir = "/pool/condor/dir_191335"
	Cpus = 8
	Disk = 2919370
	Memory = 16000
...
006 (10252909.2852.000) 07/24 20:12:01 Image size of job updated: 157448
	7  -  MemoryUsage of job (MB)
	7116  -  ResidentSetSize of job (KB)
...
040 (10252909.2852.000) 07/24 20:12:01 Started transferring output files
...
040 (10252909.2852.000) 07/24 20:12:01 Finished transferring output files
...
005 (10252909.2852.000) 07/24 20:12:01 Job terminated.
	(1) Normal termination (return value 0)
		Usr 0 00:00:03, Sys 0 00:00:00  -  Run Remote Usage
		Usr 0 00:00:00, Sys 0 00:00:00  -  Run Local Usage
		Usr 0 00:00:03, Sys 0 00:00:00  -  Total Remote Usage
		Usr 0 00:00:00, Sys 0 00:00:00  -  Total Local Usage
	6204  -  Run Bytes Sent By Job
	409597  -  Run Bytes Received By Job
	6204  -  Total Bytes Sent By Job
	409597  -  Total Bytes Received By Job
	Partitionable Resources :    Usage  Request Allocated 
	   Cpus                 :        0        8         8 
	   Disk (KB)            :      427      425   2919370 
	   Memory (MB)          :        7    16000     16000 

	Job terminated of its own accord at 2024-07-24T18:12:01Z with exit-code 0.
...
000 (10261715.2852.000) 07/25 13:02:39 Job submitted from host: <188.185.114.121:9618?addrs=188.185.114.121-9618+[2001-1458-d00-a--100-273]-9618&alias=bigbird19.cern.ch&noUDP&sock=schedd_4961_696e>
...
009 (10261715.2852.000) 07/25 13:06:54 Job was aborted.
	via condor_rm (by user yelberke)
...
000 (10261767.2852.000) 07/25 13:20:32 Job submitted from host: <188.185.114.121:9618?addrs=188.185.114.121-9618+[2001-1458-d00-a--100-273]-9618&alias=bigbird19.cern.ch&noUDP&sock=schedd_4961_696e>
...
040 (10261767.2852.000) 07/25 14:33:30 Started transferring input files
	Transferring to host: <188.185.209.96:9618?addrs=188.185.209.96-9618+[2001-1458-303-11--100-5d]-9618&alias=b9p11p5408.cern.ch&noUDP&sock=slot1_5_5516_4559_143170>
...
040 (10261767.2852.000) 07/25 14:33:30 Finished transferring input files
...
001 (10261767.2852.000) 07/25 14:33:31 Job executing on host: <188.185.209.96:9618?addrs=188.185.209.96-9618+[2001-1458-303-11--100-5d]-9618&alias=b9p11p5408.cern.ch&noUDP&sock=startd_4586_316a>
	SlotName: slot1_5@b9p11p5408.cern.ch
	CondorScratchDir = "/pool/condor/dir_1605170"
	Cpus = 12
	Disk = 2778805
	Memory = 24000
...
006 (10261767.2852.000) 07/25 14:33:35 Image size of job updated: 160488
	7  -  MemoryUsage of job (MB)
	6736  -  ResidentSetSize of job (KB)
...
040 (10261767.2852.000) 07/25 14:33:35 Started transferring output files
...
040 (10261767.2852.000) 07/25 14:33:35 Finished transferring output files
...
005 (10261767.2852.000) 07/25 14:33:35 Job terminated.
	(1) Normal termination (return value 0)
		Usr 0 00:00:03, Sys 0 00:00:00  -  Run Remote Usage
		Usr 0 00:00:00, Sys 0 00:00:00  -  Run Local Usage
		Usr 0 00:00:03, Sys 0 00:00:00  -  Total Remote Usage
		Usr 0 00:00:00, Sys 0 00:00:00  -  Total Local Usage
	6676  -  Run Bytes Sent By Job
	409597  -  Run Bytes Received By Job
	6676  -  Total Bytes Sent By Job
	409597  -  Total Bytes Received By Job
	Partitionable Resources :    Usage  Request Allocated 
	   Cpus                 :        0       12        12 
	   Disk (KB)            :      429      425   2778805 
	   Memory (MB)          :        7    24000     24000 

	Job terminated of its own accord at 2024-07-25T12:33:35Z with exit-code 0.
...
000 (10284266.2852.000) 08/02 15:46:24 Job submitted from host: <188.185.114.121:9618?addrs=188.185.114.121-9618+[2001-1458-d00-a--100-273]-9618&alias=bigbird19.cern.ch&noUDP&sock=schedd_4961_696e>
...
000 (10284267.2852.000) 08/02 15:49:58 Job submitted from host: <188.185.114.121:9618?addrs=188.185.114.121-9618+[2001-1458-d00-a--100-273]-9618&alias=bigbird19.cern.ch&noUDP&sock=schedd_4961_696e>
...
009 (10284266.2852.000) 08/02 15:50:23 Job was aborted.
	via condor_rm (by user yelberke)
...
040 (10284267.2852.000) 08/02 16:45:14 Started transferring input files
	Transferring to host: <188.185.209.25:9618?addrs=188.185.209.25-9618+[2001-1458-303-11--100-16]-9618&alias=b9p11p8699.cern.ch&noUDP&sock=slot1_6_7028_9c97_153281>
...
040 (10284267.2852.000) 08/02 16:45:14 Finished transferring input files
...
001 (10284267.2852.000) 08/02 16:45:15 Job executing on host: <188.185.209.25:9618?addrs=188.185.209.25-9618+[2001-1458-303-11--100-16]-9618&alias=b9p11p8699.cern.ch&noUDP&sock=startd_5632_a97a>
	SlotName: slot1_6@b9p11p8699.cern.ch
	CondorScratchDir = "/pool/condor/dir_2842975"
	Cpus = 12
	Disk = 2703490
	Memory = 24000
...
006 (10284267.2852.000) 08/02 16:45:17 Image size of job updated: 325944
	4  -  MemoryUsage of job (MB)
	4048  -  ResidentSetSize of job (KB)
...
040 (10284267.2852.000) 08/02 16:45:17 Started transferring output files
...
040 (10284267.2852.000) 08/02 16:45:17 Finished transferring output files
...
005 (10284267.2852.000) 08/02 16:45:17 Job terminated.
	(1) Normal termination (return value 139)
		Usr 0 00:00:02, Sys 0 00:00:00  -  Run Remote Usage
		Usr 0 00:00:00, Sys 0 00:00:00  -  Run Local Usage
		Usr 0 00:00:02, Sys 0 00:00:00  -  Total Remote Usage
		Usr 0 00:00:00, Sys 0 00:00:00  -  Total Local Usage
	7696  -  Run Bytes Sent By Job
	409597  -  Run Bytes Received By Job
	7696  -  Total Bytes Sent By Job
	409597  -  Total Bytes Received By Job
	Partitionable Resources :    Usage  Request Allocated 
	   Cpus                 :        0       12        12 
	   Disk (KB)            :      429      425   2703490 
	   Memory (MB)          :        4    24000     24000 

	Job terminated of its own accord at 2024-08-02T14:45:17Z with exit-code 139.
...
