000 (10252905.2869.000) 07/24 16:13:19 Job submitted from host: <188.185.114.121:9618?addrs=188.185.114.121-9618+[2001-1458-d00-a--100-273]-9618&alias=bigbird19.cern.ch&noUDP&sock=schedd_4961_696e>
...
009 (10252905.2869.000) 07/24 16:14:49 Job was aborted.
	via condor_rm (by user yelberke)
...
000 (10252906.2869.000) 07/24 16:15:38 Job submitted from host: <188.185.114.121:9618?addrs=188.185.114.121-9618+[2001-1458-d00-a--100-273]-9618&alias=bigbird19.cern.ch&noUDP&sock=schedd_4961_696e>
...
000 (10252907.2869.000) 07/24 16:17:32 Job submitted from host: <188.185.114.121:9618?addrs=188.185.114.121-9618+[2001-1458-d00-a--100-273]-9618&alias=bigbird19.cern.ch&noUDP&sock=schedd_4961_696e>
...
000 (10252908.2869.000) 07/24 16:18:05 Job submitted from host: <188.185.114.121:9618?addrs=188.185.114.121-9618+[2001-1458-d00-a--100-273]-9618&alias=bigbird19.cern.ch&noUDP&sock=schedd_4961_696e>
...
000 (10252909.2869.000) 07/24 16:18:41 Job submitted from host: <188.185.114.121:9618?addrs=188.185.114.121-9618+[2001-1458-d00-a--100-273]-9618&alias=bigbird19.cern.ch&noUDP&sock=schedd_4961_696e>
...
040 (10252906.2869.000) 07/24 16:37:03 Started transferring input files
	Transferring to host: <188.185.195.15:9618?addrs=188.185.195.15-9618+[2001-1458-303-22--100-b]-9618&alias=b9p17p8817.cern.ch&noUDP&sock=slot1_18_3300890_5e0f_4041>
...
040 (10252906.2869.000) 07/24 16:37:03 Finished transferring input files
...
001 (10252906.2869.000) 07/24 16:37:04 Job executing on host: <188.185.195.15:9618?addrs=188.185.195.15-9618+[2001-1458-303-22--100-b]-9618&alias=b9p17p8817.cern.ch&noUDP&sock=startd_127896_98b7>
	SlotName: slot1_18@b9p17p8817.cern.ch
	CondorScratchDir = "/pool/condor/dir_98414"
	Cpus = 8
	Disk = 2925033
	Memory = 16000
...
006 (10252906.2869.000) 07/24 16:37:13 Image size of job updated: 1
	0  -  MemoryUsage of job (MB)
	0  -  ResidentSetSize of job (KB)
...
006 (10252906.2869.000) 07/24 16:37:39 Image size of job updated: 157400
	7  -  MemoryUsage of job (MB)
	6888  -  ResidentSetSize of job (KB)
...
040 (10252906.2869.000) 07/24 16:37:39 Started transferring output files
...
040 (10252906.2869.000) 07/24 16:37:39 Finished transferring output files
...
005 (10252906.2869.000) 07/24 16:37:39 Job terminated.
	(1) Normal termination (return value 0)
		Usr 0 00:00:08, Sys 0 00:00:00  -  Run Remote Usage
		Usr 0 00:00:00, Sys 0 00:00:00  -  Run Local Usage
		Usr 0 00:00:08, Sys 0 00:00:00  -  Total Remote Usage
		Usr 0 00:00:00, Sys 0 00:00:00  -  Total Local Usage
	6204  -  Run Bytes Sent By Job
	409597  -  Run Bytes Received By Job
	6204  -  Total Bytes Sent By Job
	409597  -  Total Bytes Received By Job
	Partitionable Resources :    Usage  Request Allocated 
	   Cpus                 :     0.09        8         8 
	   Disk (KB)            :   428         425   2925033 
	   Memory (MB)          :     7       16000     16000 

	Job terminated of its own accord at 2024-07-24T14:37:39Z with exit-code 0.
...
040 (10252907.2869.000) 07/24 18:04:46 Started transferring input files
	Transferring to host: <188.185.205.45:9618?addrs=188.185.205.45-9618&alias=b9p03p4758.cern.ch&noUDP&sock=slot1_19_7423_ecc7_156849>
...
040 (10252907.2869.000) 07/24 18:04:46 Finished transferring input files
...
001 (10252907.2869.000) 07/24 18:04:47 Job executing on host: <188.185.205.45:9618?addrs=188.185.205.45-9618&alias=b9p03p4758.cern.ch&noUDP&sock=startd_7352_705f>
	SlotName: slot1_19@b9p03p4758.cern.ch
	CondorScratchDir = "/pool/condor/dir_3609941"
	Cpus = 8
	Disk = 2812895
	Memory = 16000
...
006 (10252907.2869.000) 07/24 18:04:52 Image size of job updated: 158836
	8  -  MemoryUsage of job (MB)
	8168  -  ResidentSetSize of job (KB)
...
040 (10252907.2869.000) 07/24 18:04:52 Started transferring output files
...
040 (10252907.2869.000) 07/24 18:04:52 Finished transferring output files
...
005 (10252907.2869.000) 07/24 18:04:52 Job terminated.
	(1) Normal termination (return value 0)
		Usr 0 00:00:03, Sys 0 00:00:00  -  Run Remote Usage
		Usr 0 00:00:00, Sys 0 00:00:00  -  Run Local Usage
		Usr 0 00:00:03, Sys 0 00:00:00  -  Total Remote Usage
		Usr 0 00:00:00, Sys 0 00:00:00  -  Total Local Usage
	6204  -  Run Bytes Sent By Job
	409597  -  Run Bytes Received By Job
	6204  -  Total Bytes Sent By Job
	409597  -  Total Bytes Received By Job
	Partitionable Resources :    Usage  Request Allocated 
	   Cpus                 :        0        8         8 
	   Disk (KB)            :      428      425   2812895 
	   Memory (MB)          :        8    16000     16000 

	Job terminated of its own accord at 2024-07-24T16:04:52Z with exit-code 0.
...
040 (10252908.2869.000) 07/24 19:12:39 Started transferring input files
	Transferring to host: <188.185.204.187:9618?addrs=188.185.204.187-9618+[2001-1458-303-8--100-af]-9618&alias=b9p02p6866.cern.ch&noUDP&sock=slot1_18_7254_d960_153439>
...
040 (10252908.2869.000) 07/24 19:12:39 Finished transferring input files
...
001 (10252908.2869.000) 07/24 19:12:40 Job executing on host: <188.185.204.187:9618?addrs=188.185.204.187-9618+[2001-1458-303-8--100-af]-9618&alias=b9p02p6866.cern.ch&noUDP&sock=startd_7190_5208>
	SlotName: slot1_18@b9p02p6866.cern.ch
	CondorScratchDir = "/pool/condor/dir_3814500"
	Cpus = 8
	Disk = 2869111
	Memory = 16000
...
006 (10252908.2869.000) 07/24 19:12:46 Image size of job updated: 158308
	8  -  MemoryUsage of job (MB)
	7464  -  ResidentSetSize of job (KB)
...
040 (10252908.2869.000) 07/24 19:12:46 Started transferring output files
...
040 (10252908.2869.000) 07/24 19:12:46 Finished transferring output files
...
005 (10252908.2869.000) 07/24 19:12:46 Job terminated.
	(1) Normal termination (return value 0)
		Usr 0 00:00:03, Sys 0 00:00:00  -  Run Remote Usage
		Usr 0 00:00:00, Sys 0 00:00:00  -  Run Local Usage
		Usr 0 00:00:03, Sys 0 00:00:00  -  Total Remote Usage
		Usr 0 00:00:00, Sys 0 00:00:00  -  Total Local Usage
	6204  -  Run Bytes Sent By Job
	409597  -  Run Bytes Received By Job
	6204  -  Total Bytes Sent By Job
	409597  -  Total Bytes Received By Job
	Partitionable Resources :    Usage  Request Allocated 
	   Cpus                 :        0        8         8 
	   Disk (KB)            :      428      425   2869111 
	   Memory (MB)          :        8    16000     16000 

	Job terminated of its own accord at 2024-07-24T17:12:46Z with exit-code 0.
...
040 (10252909.2869.000) 07/24 20:12:06 Started transferring input files
	Transferring to host: <188.185.209.189:9618?addrs=188.185.209.189-9618+[2001-1458-303-12--100-3a]-9618&alias=b9p12p5961.cern.ch&noUDP&sock=slot1_20_3731474_bf74_74704>
...
040 (10252909.2869.000) 07/24 20:12:06 Finished transferring input files
...
001 (10252909.2869.000) 07/24 20:12:07 Job executing on host: <188.185.209.189:9618?addrs=188.185.209.189-9618+[2001-1458-303-12--100-3a]-9618&alias=b9p12p5961.cern.ch&noUDP&sock=startd_1532964_6041>
	SlotName: slot1_20@b9p12p5961.cern.ch
	CondorScratchDir = "/pool/condor/dir_2270614"
	Cpus = 8
	Disk = 2802795
	Memory = 16000
...
006 (10252909.2869.000) 07/24 20:12:11 Image size of job updated: 158228
	8  -  MemoryUsage of job (MB)
	7592  -  ResidentSetSize of job (KB)
...
040 (10252909.2869.000) 07/24 20:12:11 Started transferring output files
...
040 (10252909.2869.000) 07/24 20:12:11 Finished transferring output files
...
005 (10252909.2869.000) 07/24 20:12:11 Job terminated.
	(1) Normal termination (return value 0)
		Usr 0 00:00:03, Sys 0 00:00:00  -  Run Remote Usage
		Usr 0 00:00:00, Sys 0 00:00:00  -  Run Local Usage
		Usr 0 00:00:03, Sys 0 00:00:00  -  Total Remote Usage
		Usr 0 00:00:00, Sys 0 00:00:00  -  Total Local Usage
	6204  -  Run Bytes Sent By Job
	409597  -  Run Bytes Received By Job
	6204  -  Total Bytes Sent By Job
	409597  -  Total Bytes Received By Job
	Partitionable Resources :    Usage  Request Allocated 
	   Cpus                 :        0        8         8 
	   Disk (KB)            :      431      425   2802795 
	   Memory (MB)          :        8    16000     16000 

	Job terminated of its own accord at 2024-07-24T18:12:11Z with exit-code 0.
...
000 (10261715.2869.000) 07/25 13:02:39 Job submitted from host: <188.185.114.121:9618?addrs=188.185.114.121-9618+[2001-1458-d00-a--100-273]-9618&alias=bigbird19.cern.ch&noUDP&sock=schedd_4961_696e>
...
009 (10261715.2869.000) 07/25 13:06:54 Job was aborted.
	via condor_rm (by user yelberke)
...
000 (10261767.2869.000) 07/25 13:20:32 Job submitted from host: <188.185.114.121:9618?addrs=188.185.114.121-9618+[2001-1458-d00-a--100-273]-9618&alias=bigbird19.cern.ch&noUDP&sock=schedd_4961_696e>
...
040 (10261767.2869.000) 07/25 14:33:36 Started transferring input files
	Transferring to host: <188.185.205.164:9618?addrs=188.185.205.164-9618+[2001-1458-303-a--100-21]-9618&alias=b9p04p3531.cern.ch&noUDP&sock=slot1_3_3834_2655_83711>
...
040 (10261767.2869.000) 07/25 14:33:36 Finished transferring input files
...
001 (10261767.2869.000) 07/25 14:33:37 Job executing on host: <188.185.205.164:9618?addrs=188.185.205.164-9618+[2001-1458-303-a--100-21]-9618&alias=b9p04p3531.cern.ch&noUDP&sock=startd_3713_633c>
	SlotName: slot1_3@b9p04p3531.cern.ch
	CondorScratchDir = "/pool/condor/dir_1608145"
	Cpus = 12
	Disk = 2693317
	Memory = 24000
...
006 (10261767.2869.000) 07/25 14:33:43 Image size of job updated: 160708
	7  -  MemoryUsage of job (MB)
	6684  -  ResidentSetSize of job (KB)
...
040 (10261767.2869.000) 07/25 14:33:43 Started transferring output files
...
040 (10261767.2869.000) 07/25 14:33:43 Finished transferring output files
...
005 (10261767.2869.000) 07/25 14:33:43 Job terminated.
	(1) Normal termination (return value 0)
		Usr 0 00:00:04, Sys 0 00:00:00  -  Run Remote Usage
		Usr 0 00:00:00, Sys 0 00:00:00  -  Run Local Usage
		Usr 0 00:00:04, Sys 0 00:00:00  -  Total Remote Usage
		Usr 0 00:00:00, Sys 0 00:00:00  -  Total Local Usage
	6676  -  Run Bytes Sent By Job
	409597  -  Run Bytes Received By Job
	6676  -  Total Bytes Sent By Job
	409597  -  Total Bytes Received By Job
	Partitionable Resources :    Usage  Request Allocated 
	   Cpus                 :        0       12        12 
	   Disk (KB)            :      429      425   2693317 
	   Memory (MB)          :        7    24000     24000 

	Job terminated of its own accord at 2024-07-25T12:33:43Z with exit-code 0.
...
000 (10284266.2869.000) 08/02 15:46:24 Job submitted from host: <188.185.114.121:9618?addrs=188.185.114.121-9618+[2001-1458-d00-a--100-273]-9618&alias=bigbird19.cern.ch&noUDP&sock=schedd_4961_696e>
...
000 (10284267.2869.000) 08/02 15:49:58 Job submitted from host: <188.185.114.121:9618?addrs=188.185.114.121-9618+[2001-1458-d00-a--100-273]-9618&alias=bigbird19.cern.ch&noUDP&sock=schedd_4961_696e>
...
009 (10284266.2869.000) 08/02 15:50:23 Job was aborted.
	via condor_rm (by user yelberke)
...
040 (10284267.2869.000) 08/02 16:45:20 Started transferring input files
	Transferring to host: <188.185.208.159:9618?addrs=188.185.208.159-9618+[2001-1458-303-10--100-1c]-9618&alias=b9p10p0331.cern.ch&noUDP&sock=slot1_13_6646_7547_33768>
...
040 (10284267.2869.000) 08/02 16:45:20 Finished transferring input files
...
001 (10284267.2869.000) 08/02 16:45:21 Job executing on host: <188.185.208.159:9618?addrs=188.185.208.159-9618+[2001-1458-303-10--100-1c]-9618&alias=b9p10p0331.cern.ch&noUDP&sock=startd_5478_07e4>
	SlotName: slot1_13@b9p10p0331.cern.ch
	CondorScratchDir = "/pool/condor/dir_2686148"
	Cpus = 12
	Disk = 2676864
	Memory = 24000
...
006 (10284267.2869.000) 08/02 16:45:23 Image size of job updated: 325360
	3  -  MemoryUsage of job (MB)
	2124  -  ResidentSetSize of job (KB)
...
040 (10284267.2869.000) 08/02 16:45:23 Started transferring output files
...
040 (10284267.2869.000) 08/02 16:45:23 Finished transferring output files
...
005 (10284267.2869.000) 08/02 16:45:23 Job terminated.
	(1) Normal termination (return value 139)
		Usr 0 00:00:02, Sys 0 00:00:01  -  Run Remote Usage
		Usr 0 00:00:00, Sys 0 00:00:00  -  Run Local Usage
		Usr 0 00:00:02, Sys 0 00:00:01  -  Total Remote Usage
		Usr 0 00:00:00, Sys 0 00:00:00  -  Total Local Usage
	7696  -  Run Bytes Sent By Job
	409597  -  Run Bytes Received By Job
	7696  -  Total Bytes Sent By Job
	409597  -  Total Bytes Received By Job
	Partitionable Resources :    Usage  Request Allocated 
	   Cpus                 :        0       12        12 
	   Disk (KB)            :      429      425   2676864 
	   Memory (MB)          :        3    24000     24000 

	Job terminated of its own accord at 2024-08-02T14:45:23Z with exit-code 139.
...
