000 (10252905.2885.000) 07/24 16:13:19 Job submitted from host: <188.185.114.121:9618?addrs=188.185.114.121-9618+[2001-1458-d00-a--100-273]-9618&alias=bigbird19.cern.ch&noUDP&sock=schedd_4961_696e>
...
009 (10252905.2885.000) 07/24 16:14:49 Job was aborted.
	via condor_rm (by user yelberke)
...
000 (10252906.2885.000) 07/24 16:15:38 Job submitted from host: <188.185.114.121:9618?addrs=188.185.114.121-9618+[2001-1458-d00-a--100-273]-9618&alias=bigbird19.cern.ch&noUDP&sock=schedd_4961_696e>
...
000 (10252907.2885.000) 07/24 16:17:32 Job submitted from host: <188.185.114.121:9618?addrs=188.185.114.121-9618+[2001-1458-d00-a--100-273]-9618&alias=bigbird19.cern.ch&noUDP&sock=schedd_4961_696e>
...
000 (10252908.2885.000) 07/24 16:18:06 Job submitted from host: <188.185.114.121:9618?addrs=188.185.114.121-9618+[2001-1458-d00-a--100-273]-9618&alias=bigbird19.cern.ch&noUDP&sock=schedd_4961_696e>
...
000 (10252909.2885.000) 07/24 16:18:41 Job submitted from host: <188.185.114.121:9618?addrs=188.185.114.121-9618+[2001-1458-d00-a--100-273]-9618&alias=bigbird19.cern.ch&noUDP&sock=schedd_4961_696e>
...
040 (10252906.2885.000) 07/24 16:37:01 Started transferring input files
	Transferring to host: <128.142.248.37:9618?addrs=128.142.248.37-9618+[2001-1458-301-73--100-115]-9618&alias=b9g23p1754.cern.ch&noUDP&sock=slot1_8_7975_dbdd_84013>
...
040 (10252906.2885.000) 07/24 16:37:01 Finished transferring input files
...
001 (10252906.2885.000) 07/24 16:37:02 Job executing on host: <128.142.248.37:9618?addrs=128.142.248.37-9618+[2001-1458-301-73--100-115]-9618&alias=b9g23p1754.cern.ch&noUDP&sock=startd_6716_3224>
	SlotName: slot1_8@b9g23p1754.cern.ch
	CondorScratchDir = "/pool/condor/dir_2365832"
	Cpus = 8
	Disk = 2970952
	Memory = 16000
...
006 (10252906.2885.000) 07/24 16:37:07 Image size of job updated: 157336
	8  -  MemoryUsage of job (MB)
	7288  -  ResidentSetSize of job (KB)
...
040 (10252906.2885.000) 07/24 16:37:07 Started transferring output files
...
040 (10252906.2885.000) 07/24 16:37:07 Finished transferring output files
...
005 (10252906.2885.000) 07/24 16:37:07 Job terminated.
	(1) Normal termination (return value 0)
		Usr 0 00:00:04, Sys 0 00:00:00  -  Run Remote Usage
		Usr 0 00:00:00, Sys 0 00:00:00  -  Run Local Usage
		Usr 0 00:00:04, Sys 0 00:00:00  -  Total Remote Usage
		Usr 0 00:00:00, Sys 0 00:00:00  -  Total Local Usage
	6204  -  Run Bytes Sent By Job
	409597  -  Run Bytes Received By Job
	6204  -  Total Bytes Sent By Job
	409597  -  Total Bytes Received By Job
	Partitionable Resources :    Usage  Request Allocated 
	   Cpus                 :                 8         8 
	   Disk (KB)            :      421      425   2970952 
	   Memory (MB)          :        8    16000     16000 

	Job terminated of its own accord at 2024-07-24T14:37:07Z with exit-code 0.
...
040 (10252907.2885.000) 07/24 18:04:51 Started transferring input files
	Transferring to host: <188.185.208.68:9618?addrs=188.185.208.68-9618+[2001-1458-303-f--100-41]-9618&alias=b9p09p2759.cern.ch&noUDP&sock=slot1_6_6343_f79b_142697>
...
040 (10252907.2885.000) 07/24 18:04:51 Finished transferring input files
...
001 (10252907.2885.000) 07/24 18:04:52 Job executing on host: <188.185.208.68:9618?addrs=188.185.208.68-9618+[2001-1458-303-f--100-41]-9618&alias=b9p09p2759.cern.ch&noUDP&sock=startd_5176_e24a>
	SlotName: slot1_6@b9p09p2759.cern.ch
	CondorScratchDir = "/pool/condor/dir_1350374"
	Cpus = 8
	Disk = 2834508
	Memory = 16000
...
006 (10252907.2885.000) 07/24 18:04:56 Image size of job updated: 159788
	8  -  MemoryUsage of job (MB)
	7604  -  ResidentSetSize of job (KB)
...
040 (10252907.2885.000) 07/24 18:04:56 Started transferring output files
...
040 (10252907.2885.000) 07/24 18:04:56 Finished transferring output files
...
005 (10252907.2885.000) 07/24 18:04:56 Job terminated.
	(1) Normal termination (return value 0)
		Usr 0 00:00:03, Sys 0 00:00:00  -  Run Remote Usage
		Usr 0 00:00:00, Sys 0 00:00:00  -  Run Local Usage
		Usr 0 00:00:03, Sys 0 00:00:00  -  Total Remote Usage
		Usr 0 00:00:00, Sys 0 00:00:00  -  Total Local Usage
	6204  -  Run Bytes Sent By Job
	409597  -  Run Bytes Received By Job
	6204  -  Total Bytes Sent By Job
	409597  -  Total Bytes Received By Job
	Partitionable Resources :    Usage  Request Allocated 
	   Cpus                 :        0        8         8 
	   Disk (KB)            :      428      425   2834508 
	   Memory (MB)          :        8    16000     16000 

	Job terminated of its own accord at 2024-07-24T16:04:56Z with exit-code 0.
...
040 (10252908.2885.000) 07/24 19:12:45 Started transferring input files
	Transferring to host: <188.185.206.183:9618?addrs=188.185.206.183-9618&alias=b9p06p2267.cern.ch&noUDP&sock=slot1_1_6899_b832_156606>
...
040 (10252908.2885.000) 07/24 19:12:45 Finished transferring input files
...
001 (10252908.2885.000) 07/24 19:12:46 Job executing on host: <188.185.206.183:9618?addrs=188.185.206.183-9618&alias=b9p06p2267.cern.ch&noUDP&sock=startd_6833_72b8>
	SlotName: slot1_1@b9p06p2267.cern.ch
	CondorScratchDir = "/pool/condor/dir_2395765"
	Cpus = 8
	Disk = 2788169
	Memory = 16000
...
006 (10252908.2885.000) 07/24 19:12:50 Image size of job updated: 159888
	8  -  MemoryUsage of job (MB)
	7520  -  ResidentSetSize of job (KB)
...
040 (10252908.2885.000) 07/24 19:12:50 Started transferring output files
...
040 (10252908.2885.000) 07/24 19:12:50 Finished transferring output files
...
005 (10252908.2885.000) 07/24 19:12:50 Job terminated.
	(1) Normal termination (return value 0)
		Usr 0 00:00:03, Sys 0 00:00:00  -  Run Remote Usage
		Usr 0 00:00:00, Sys 0 00:00:00  -  Run Local Usage
		Usr 0 00:00:03, Sys 0 00:00:00  -  Total Remote Usage
		Usr 0 00:00:00, Sys 0 00:00:00  -  Total Local Usage
	6204  -  Run Bytes Sent By Job
	409597  -  Run Bytes Received By Job
	6204  -  Total Bytes Sent By Job
	409597  -  Total Bytes Received By Job
	Partitionable Resources :    Usage  Request Allocated 
	   Cpus                 :        0        8         8 
	   Disk (KB)            :      428      425   2788169 
	   Memory (MB)          :        8    16000     16000 

	Job terminated of its own accord at 2024-07-24T17:12:50Z with exit-code 0.
...
040 (10252909.2885.000) 07/24 20:12:08 Started transferring input files
	Transferring to host: <188.185.209.189:9618?addrs=188.185.209.189-9618+[2001-1458-303-12--100-3a]-9618&alias=b9p12p5961.cern.ch&noUDP&sock=slot1_22_3731474_bf74_74705>
...
040 (10252909.2885.000) 07/24 20:12:08 Finished transferring input files
...
001 (10252909.2885.000) 07/24 20:12:09 Job executing on host: <188.185.209.189:9618?addrs=188.185.209.189-9618+[2001-1458-303-12--100-3a]-9618&alias=b9p12p5961.cern.ch&noUDP&sock=startd_1532964_6041>
	SlotName: slot1_22@b9p12p5961.cern.ch
	CondorScratchDir = "/pool/condor/dir_2270925"
	Cpus = 8
	Disk = 2802793
	Memory = 16000
...
006 (10252909.2885.000) 07/24 20:12:13 Image size of job updated: 156836
	7  -  MemoryUsage of job (MB)
	6660  -  ResidentSetSize of job (KB)
...
040 (10252909.2885.000) 07/24 20:12:13 Started transferring output files
...
040 (10252909.2885.000) 07/24 20:12:13 Finished transferring output files
...
005 (10252909.2885.000) 07/24 20:12:13 Job terminated.
	(1) Normal termination (return value 0)
		Usr 0 00:00:03, Sys 0 00:00:00  -  Run Remote Usage
		Usr 0 00:00:00, Sys 0 00:00:00  -  Run Local Usage
		Usr 0 00:00:03, Sys 0 00:00:00  -  Total Remote Usage
		Usr 0 00:00:00, Sys 0 00:00:00  -  Total Local Usage
	6204  -  Run Bytes Sent By Job
	409597  -  Run Bytes Received By Job
	6204  -  Total Bytes Sent By Job
	409597  -  Total Bytes Received By Job
	Partitionable Resources :    Usage  Request Allocated 
	   Cpus                 :        0        8         8 
	   Disk (KB)            :      431      425   2802793 
	   Memory (MB)          :        7    16000     16000 

	Job terminated of its own accord at 2024-07-24T18:12:13Z with exit-code 0.
...
000 (10261715.2885.000) 07/25 13:02:39 Job submitted from host: <188.185.114.121:9618?addrs=188.185.114.121-9618+[2001-1458-d00-a--100-273]-9618&alias=bigbird19.cern.ch&noUDP&sock=schedd_4961_696e>
...
009 (10261715.2885.000) 07/25 13:06:54 Job was aborted.
	via condor_rm (by user yelberke)
...
000 (10261767.2885.000) 07/25 13:20:33 Job submitted from host: <188.185.114.121:9618?addrs=188.185.114.121-9618+[2001-1458-d00-a--100-273]-9618&alias=bigbird19.cern.ch&noUDP&sock=schedd_4961_696e>
...
040 (10261767.2885.000) 07/25 14:33:42 Started transferring input files
	Transferring to host: <188.185.205.165:9618?addrs=188.185.205.165-9618&alias=b9p04p5916.cern.ch&noUDP&sock=slot1_11_6910_7852_157624>
...
040 (10261767.2885.000) 07/25 14:33:42 Finished transferring input files
...
001 (10261767.2885.000) 07/25 14:33:43 Job executing on host: <188.185.205.165:9618?addrs=188.185.205.165-9618&alias=b9p04p5916.cern.ch&noUDP&sock=startd_6844_fe43>
	SlotName: slot1_11@b9p04p5916.cern.ch
	CondorScratchDir = "/pool/condor/dir_3992301"
	Cpus = 12
	Disk = 2995756
	Memory = 24000
...
006 (10261767.2885.000) 07/25 14:33:47 Image size of job updated: 161012
	8  -  MemoryUsage of job (MB)
	7436  -  ResidentSetSize of job (KB)
...
040 (10261767.2885.000) 07/25 14:33:47 Started transferring output files
...
040 (10261767.2885.000) 07/25 14:33:47 Finished transferring output files
...
005 (10261767.2885.000) 07/25 14:33:47 Job terminated.
	(1) Normal termination (return value 0)
		Usr 0 00:00:03, Sys 0 00:00:00  -  Run Remote Usage
		Usr 0 00:00:00, Sys 0 00:00:00  -  Run Local Usage
		Usr 0 00:00:03, Sys 0 00:00:00  -  Total Remote Usage
		Usr 0 00:00:00, Sys 0 00:00:00  -  Total Local Usage
	6676  -  Run Bytes Sent By Job
	409597  -  Run Bytes Received By Job
	6676  -  Total Bytes Sent By Job
	409597  -  Total Bytes Received By Job
	Partitionable Resources :    Usage  Request Allocated 
	   Cpus                 :        0       12        12 
	   Disk (KB)            :      428      425   2995756 
	   Memory (MB)          :        8    24000     24000 

	Job terminated of its own accord at 2024-07-25T12:33:47Z with exit-code 0.
...
000 (10284266.2885.000) 08/02 15:46:25 Job submitted from host: <188.185.114.121:9618?addrs=188.185.114.121-9618+[2001-1458-d00-a--100-273]-9618&alias=bigbird19.cern.ch&noUDP&sock=schedd_4961_696e>
...
000 (10284267.2885.000) 08/02 15:49:58 Job submitted from host: <188.185.114.121:9618?addrs=188.185.114.121-9618+[2001-1458-d00-a--100-273]-9618&alias=bigbird19.cern.ch&noUDP&sock=schedd_4961_696e>
...
009 (10284266.2885.000) 08/02 15:50:23 Job was aborted.
	via condor_rm (by user yelberke)
...
040 (10284267.2885.000) 08/02 16:45:31 Started transferring input files
	Transferring to host: <188.185.205.32:9618?addrs=188.185.205.32-9618&alias=b9p03p5159.cern.ch&noUDP&sock=slot1_4_6906_a6d2_163457>
...
040 (10284267.2885.000) 08/02 16:45:31 Finished transferring input files
...
001 (10284267.2885.000) 08/02 16:45:32 Job executing on host: <188.185.205.32:9618?addrs=188.185.205.32-9618&alias=b9p03p5159.cern.ch&noUDP&sock=startd_6839_904a>
	SlotName: slot1_4@b9p03p5159.cern.ch
	CondorScratchDir = "/pool/condor/dir_4175801"
	Cpus = 12
	Disk = 2758177
	Memory = 24000
...
006 (10284267.2885.000) 08/02 16:45:33 Image size of job updated: 326496
	8  -  MemoryUsage of job (MB)
	7216  -  ResidentSetSize of job (KB)
...
040 (10284267.2885.000) 08/02 16:45:33 Started transferring output files
...
040 (10284267.2885.000) 08/02 16:45:33 Finished transferring output files
...
005 (10284267.2885.000) 08/02 16:45:33 Job terminated.
	(1) Normal termination (return value 139)
		Usr 0 00:00:01, Sys 0 00:00:00  -  Run Remote Usage
		Usr 0 00:00:00, Sys 0 00:00:00  -  Run Local Usage
		Usr 0 00:00:01, Sys 0 00:00:00  -  Total Remote Usage
		Usr 0 00:00:00, Sys 0 00:00:00  -  Total Local Usage
	7696  -  Run Bytes Sent By Job
	409597  -  Run Bytes Received By Job
	7696  -  Total Bytes Sent By Job
	409597  -  Total Bytes Received By Job
	Partitionable Resources :    Usage  Request Allocated 
	   Cpus                 :        0       12        12 
	   Disk (KB)            :      429      425   2758177 
	   Memory (MB)          :        8    24000     24000 

	Job terminated of its own accord at 2024-08-02T14:45:33Z with exit-code 139.
...
