000 (10252905.2918.000) 07/24 16:13:19 Job submitted from host: <188.185.114.121:9618?addrs=188.185.114.121-9618+[2001-1458-d00-a--100-273]-9618&alias=bigbird19.cern.ch&noUDP&sock=schedd_4961_696e>
...
009 (10252905.2918.000) 07/24 16:14:49 Job was aborted.
	via condor_rm (by user yelberke)
...
000 (10252906.2918.000) 07/24 16:15:38 Job submitted from host: <188.185.114.121:9618?addrs=188.185.114.121-9618+[2001-1458-d00-a--100-273]-9618&alias=bigbird19.cern.ch&noUDP&sock=schedd_4961_696e>
...
000 (10252907.2918.000) 07/24 16:17:32 Job submitted from host: <188.185.114.121:9618?addrs=188.185.114.121-9618+[2001-1458-d00-a--100-273]-9618&alias=bigbird19.cern.ch&noUDP&sock=schedd_4961_696e>
...
000 (10252908.2918.000) 07/24 16:18:06 Job submitted from host: <188.185.114.121:9618?addrs=188.185.114.121-9618+[2001-1458-d00-a--100-273]-9618&alias=bigbird19.cern.ch&noUDP&sock=schedd_4961_696e>
...
000 (10252909.2918.000) 07/24 16:18:41 Job submitted from host: <188.185.114.121:9618?addrs=188.185.114.121-9618+[2001-1458-d00-a--100-273]-9618&alias=bigbird19.cern.ch&noUDP&sock=schedd_4961_696e>
...
040 (10252906.2918.000) 07/24 16:39:56 Started transferring input files
	Transferring to host: <188.185.207.147:9618?addrs=188.185.207.147-9618+[2001-1458-303-e--100-10]-9618&alias=b9p08p3726.cern.ch&noUDP&sock=slot1_4_8740_dedc_143871>
...
040 (10252906.2918.000) 07/24 16:39:56 Finished transferring input files
...
001 (10252906.2918.000) 07/24 16:39:57 Job executing on host: <188.185.207.147:9618?addrs=188.185.207.147-9618+[2001-1458-303-e--100-10]-9618&alias=b9p08p3726.cern.ch&noUDP&sock=startd_7243_ac8d>
	SlotName: slot1_4@b9p08p3726.cern.ch
	CondorScratchDir = "/pool/condor/dir_2440995"
	Cpus = 8
	Disk = 2653557
	Memory = 16000
...
006 (10252906.2918.000) 07/24 16:40:03 Image size of job updated: 505524
	352  -  MemoryUsage of job (MB)
	359532  -  ResidentSetSize of job (KB)
...
040 (10252906.2918.000) 07/24 16:40:03 Started transferring output files
...
040 (10252906.2918.000) 07/24 16:40:03 Finished transferring output files
...
005 (10252906.2918.000) 07/24 16:40:03 Job terminated.
	(1) Normal termination (return value 0)
		Usr 0 00:00:03, Sys 0 00:00:00  -  Run Remote Usage
		Usr 0 00:00:00, Sys 0 00:00:00  -  Run Local Usage
		Usr 0 00:00:03, Sys 0 00:00:00  -  Total Remote Usage
		Usr 0 00:00:00, Sys 0 00:00:00  -  Total Local Usage
	6204  -  Run Bytes Sent By Job
	409597  -  Run Bytes Received By Job
	6204  -  Total Bytes Sent By Job
	409597  -  Total Bytes Received By Job
	Partitionable Resources :    Usage  Request Allocated 
	   Cpus                 :        0        8         8 
	   Disk (KB)            :      427      425   2653557 
	   Memory (MB)          :      352    16000     16000 

	Job terminated of its own accord at 2024-07-24T14:40:03Z with exit-code 0.
...
040 (10252907.2918.000) 07/24 18:05:02 Started transferring input files
	Transferring to host: <188.185.209.15:9618?addrs=188.185.209.15-9618+[2001-1458-303-11--100-c]-9618&alias=b9p11p0957.cern.ch&noUDP&sock=slot1_15_5213_c7ad_146408>
...
040 (10252907.2918.000) 07/24 18:05:02 Finished transferring input files
...
001 (10252907.2918.000) 07/24 18:05:03 Job executing on host: <188.185.209.15:9618?addrs=188.185.209.15-9618+[2001-1458-303-11--100-c]-9618&alias=b9p11p0957.cern.ch&noUDP&sock=startd_4362_8c33>
	SlotName: slot1_15@b9p11p0957.cern.ch
	CondorScratchDir = "/pool/condor/dir_4135932"
	Cpus = 8
	Disk = 2862418
	Memory = 16000
...
006 (10252907.2918.000) 07/24 18:05:11 Image size of job updated: 160292
	157  -  MemoryUsage of job (MB)
	160288  -  ResidentSetSize of job (KB)
...
040 (10252907.2918.000) 07/24 18:05:12 Started transferring output files
...
040 (10252907.2918.000) 07/24 18:05:13 Finished transferring output files
...
005 (10252907.2918.000) 07/24 18:05:13 Job terminated.
	(1) Normal termination (return value 0)
		Usr 0 00:00:04, Sys 0 00:00:00  -  Run Remote Usage
		Usr 0 00:00:00, Sys 0 00:00:00  -  Run Local Usage
		Usr 0 00:00:04, Sys 0 00:00:00  -  Total Remote Usage
		Usr 0 00:00:00, Sys 0 00:00:00  -  Total Local Usage
	6204  -  Run Bytes Sent By Job
	409597  -  Run Bytes Received By Job
	6204  -  Total Bytes Sent By Job
	409597  -  Total Bytes Received By Job
	Partitionable Resources :    Usage  Request Allocated 
	   Cpus                 :        0        8         8 
	   Disk (KB)            :      427      425   2862418 
	   Memory (MB)          :      157    16000     16000 

	Job terminated of its own accord at 2024-07-24T16:05:11Z with exit-code 0.
...
040 (10252908.2918.000) 07/24 19:12:56 Started transferring input files
	Transferring to host: <188.185.205.107:9618?addrs=188.185.205.107-9618+[2001-1458-303-9--100-68]-9618&alias=b9p03p1852.cern.ch&noUDP&sock=slot1_11_7657_cc90_71737>
...
040 (10252908.2918.000) 07/24 19:12:56 Finished transferring input files
...
001 (10252908.2918.000) 07/24 19:12:57 Job executing on host: <188.185.205.107:9618?addrs=188.185.205.107-9618+[2001-1458-303-9--100-68]-9618&alias=b9p03p1852.cern.ch&noUDP&sock=startd_6598_41f7>
	SlotName: slot1_11@b9p03p1852.cern.ch
	CondorScratchDir = "/pool/condor/dir_1881783"
	Cpus = 8
	Disk = 2761206
	Memory = 16000
...
006 (10252908.2918.000) 07/24 19:13:02 Image size of job updated: 159732
	8  -  MemoryUsage of job (MB)
	7300  -  ResidentSetSize of job (KB)
...
040 (10252908.2918.000) 07/24 19:13:02 Started transferring output files
...
040 (10252908.2918.000) 07/24 19:13:02 Finished transferring output files
...
005 (10252908.2918.000) 07/24 19:13:02 Job terminated.
	(1) Normal termination (return value 0)
		Usr 0 00:00:03, Sys 0 00:00:00  -  Run Remote Usage
		Usr 0 00:00:00, Sys 0 00:00:00  -  Run Local Usage
		Usr 0 00:00:03, Sys 0 00:00:00  -  Total Remote Usage
		Usr 0 00:00:00, Sys 0 00:00:00  -  Total Local Usage
	6204  -  Run Bytes Sent By Job
	409597  -  Run Bytes Received By Job
	6204  -  Total Bytes Sent By Job
	409597  -  Total Bytes Received By Job
	Partitionable Resources :    Usage  Request Allocated 
	   Cpus                 :        0        8         8 
	   Disk (KB)            :      428      425   2761206 
	   Memory (MB)          :        8    16000     16000 

	Job terminated of its own accord at 2024-07-24T17:13:02Z with exit-code 0.
...
040 (10252909.2918.000) 07/24 20:12:19 Started transferring input files
	Transferring to host: <128.142.248.197:9618?addrs=128.142.248.197-9618+[2001-1458-301-73--100-c4]-9618&alias=b9g23p2961.cern.ch&noUDP&sock=slot1_2_1510901_2fd9_43>
...
040 (10252909.2918.000) 07/24 20:12:19 Finished transferring input files
...
001 (10252909.2918.000) 07/24 20:12:20 Job executing on host: <128.142.248.197:9618?addrs=128.142.248.197-9618+[2001-1458-301-73--100-c4]-9618&alias=b9g23p2961.cern.ch&noUDP&sock=startd_5338_00a2>
	SlotName: slot1_2@b9g23p2961.cern.ch
	CondorScratchDir = "/pool/condor/dir_1515804"
	Cpus = 8
	Disk = 3038828
	Memory = 16000
...
006 (10252909.2918.000) 07/24 20:12:28 Image size of job updated: 1
	0  -  MemoryUsage of job (MB)
	0  -  ResidentSetSize of job (KB)
...
006 (10252909.2918.000) 07/24 20:12:50 Image size of job updated: 158580
	8  -  MemoryUsage of job (MB)
	7380  -  ResidentSetSize of job (KB)
...
040 (10252909.2918.000) 07/24 20:12:50 Started transferring output files
...
040 (10252909.2918.000) 07/24 20:12:50 Finished transferring output files
...
005 (10252909.2918.000) 07/24 20:12:50 Job terminated.
	(1) Normal termination (return value 0)
		Usr 0 00:00:04, Sys 0 00:00:00  -  Run Remote Usage
		Usr 0 00:00:00, Sys 0 00:00:00  -  Run Local Usage
		Usr 0 00:00:04, Sys 0 00:00:00  -  Total Remote Usage
		Usr 0 00:00:00, Sys 0 00:00:00  -  Total Local Usage
	6204  -  Run Bytes Sent By Job
	409597  -  Run Bytes Received By Job
	6204  -  Total Bytes Sent By Job
	409597  -  Total Bytes Received By Job
	Partitionable Resources :    Usage  Request Allocated 
	   Cpus                 :                 8         8 
	   Disk (KB)            :      420      425   3038828 
	   Memory (MB)          :        8    16000     16000 

	Job terminated of its own accord at 2024-07-24T18:12:50Z with exit-code 0.
...
000 (10261715.2918.000) 07/25 13:02:40 Job submitted from host: <188.185.114.121:9618?addrs=188.185.114.121-9618+[2001-1458-d00-a--100-273]-9618&alias=bigbird19.cern.ch&noUDP&sock=schedd_4961_696e>
...
009 (10261715.2918.000) 07/25 13:06:54 Job was aborted.
	via condor_rm (by user yelberke)
...
000 (10261767.2918.000) 07/25 13:20:33 Job submitted from host: <188.185.114.121:9618?addrs=188.185.114.121-9618+[2001-1458-d00-a--100-273]-9618&alias=bigbird19.cern.ch&noUDP&sock=schedd_4961_696e>
...
040 (10261767.2918.000) 07/25 14:33:52 Started transferring input files
	Transferring to host: <188.185.209.135:9618?addrs=188.185.209.135-9618+[2001-1458-303-12--100-4]-9618&alias=b9p12p1465.cern.ch&noUDP&sock=slot1_21_5248_70ce_144426>
...
040 (10261767.2918.000) 07/25 14:33:52 Finished transferring input files
...
001 (10261767.2918.000) 07/25 14:33:53 Job executing on host: <188.185.209.135:9618?addrs=188.185.209.135-9618+[2001-1458-303-12--100-4]-9618&alias=b9p12p1465.cern.ch&noUDP&sock=startd_4392_200a>
	SlotName: slot1_21@b9p12p1465.cern.ch
	CondorScratchDir = "/pool/condor/dir_4194053"
	Cpus = 12
	Disk = 2749871
	Memory = 24000
...
006 (10261767.2918.000) 07/25 14:33:57 Image size of job updated: 160976
	7  -  MemoryUsage of job (MB)
	7040  -  ResidentSetSize of job (KB)
...
040 (10261767.2918.000) 07/25 14:33:57 Started transferring output files
...
040 (10261767.2918.000) 07/25 14:33:57 Finished transferring output files
...
005 (10261767.2918.000) 07/25 14:33:57 Job terminated.
	(1) Normal termination (return value 0)
		Usr 0 00:00:03, Sys 0 00:00:00  -  Run Remote Usage
		Usr 0 00:00:00, Sys 0 00:00:00  -  Run Local Usage
		Usr 0 00:00:03, Sys 0 00:00:00  -  Total Remote Usage
		Usr 0 00:00:00, Sys 0 00:00:00  -  Total Local Usage
	6676  -  Run Bytes Sent By Job
	409597  -  Run Bytes Received By Job
	6676  -  Total Bytes Sent By Job
	409597  -  Total Bytes Received By Job
	Partitionable Resources :    Usage  Request Allocated 
	   Cpus                 :        0       12        12 
	   Disk (KB)            :      429      425   2749871 
	   Memory (MB)          :        7    24000     24000 

	Job terminated of its own accord at 2024-07-25T12:33:57Z with exit-code 0.
...
000 (10284266.2918.000) 08/02 15:46:25 Job submitted from host: <188.185.114.121:9618?addrs=188.185.114.121-9618+[2001-1458-d00-a--100-273]-9618&alias=bigbird19.cern.ch&noUDP&sock=schedd_4961_696e>
...
000 (10284267.2918.000) 08/02 15:49:58 Job submitted from host: <188.185.114.121:9618?addrs=188.185.114.121-9618+[2001-1458-d00-a--100-273]-9618&alias=bigbird19.cern.ch&noUDP&sock=schedd_4961_696e>
...
009 (10284266.2918.000) 08/02 15:50:23 Job was aborted.
	via condor_rm (by user yelberke)
...
040 (10284267.2918.000) 08/02 16:45:37 Started transferring input files
	Transferring to host: <188.185.205.193:9618?addrs=188.185.205.193-9618&alias=b9p04p8349.cern.ch&noUDP&sock=slot1_13_6903_89b2_165208>
...
040 (10284267.2918.000) 08/02 16:45:37 Finished transferring input files
...
001 (10284267.2918.000) 08/02 16:45:38 Job executing on host: <188.185.205.193:9618?addrs=188.185.205.193-9618&alias=b9p04p8349.cern.ch&noUDP&sock=startd_6833_72b8>
	SlotName: slot1_13@b9p04p8349.cern.ch
	CondorScratchDir = "/pool/condor/dir_1614790"
	Cpus = 12
	Disk = 2771825
	Memory = 24000
...
006 (10284267.2918.000) 08/02 16:45:41 Image size of job updated: 324708
	3  -  MemoryUsage of job (MB)
	2196  -  ResidentSetSize of job (KB)
...
040 (10284267.2918.000) 08/02 16:45:41 Started transferring output files
...
040 (10284267.2918.000) 08/02 16:45:41 Finished transferring output files
...
005 (10284267.2918.000) 08/02 16:45:41 Job terminated.
	(1) Normal termination (return value 139)
		Usr 0 00:00:02, Sys 0 00:00:01  -  Run Remote Usage
		Usr 0 00:00:00, Sys 0 00:00:00  -  Run Local Usage
		Usr 0 00:00:02, Sys 0 00:00:01  -  Total Remote Usage
		Usr 0 00:00:00, Sys 0 00:00:00  -  Total Local Usage
	7696  -  Run Bytes Sent By Job
	409597  -  Run Bytes Received By Job
	7696  -  Total Bytes Sent By Job
	409597  -  Total Bytes Received By Job
	Partitionable Resources :    Usage  Request Allocated 
	   Cpus                 :        0       12        12 
	   Disk (KB)            :      429      425   2771825 
	   Memory (MB)          :        3    24000     24000 

	Job terminated of its own accord at 2024-08-02T14:45:41Z with exit-code 139.
...
