000 (10252905.2927.000) 07/24 16:13:19 Job submitted from host: <188.185.114.121:9618?addrs=188.185.114.121-9618+[2001-1458-d00-a--100-273]-9618&alias=bigbird19.cern.ch&noUDP&sock=schedd_4961_696e>
...
009 (10252905.2927.000) 07/24 16:14:49 Job was aborted.
	via condor_rm (by user yelberke)
...
000 (10252906.2927.000) 07/24 16:15:38 Job submitted from host: <188.185.114.121:9618?addrs=188.185.114.121-9618+[2001-1458-d00-a--100-273]-9618&alias=bigbird19.cern.ch&noUDP&sock=schedd_4961_696e>
...
000 (10252907.2927.000) 07/24 16:17:32 Job submitted from host: <188.185.114.121:9618?addrs=188.185.114.121-9618+[2001-1458-d00-a--100-273]-9618&alias=bigbird19.cern.ch&noUDP&sock=schedd_4961_696e>
...
000 (10252908.2927.000) 07/24 16:18:06 Job submitted from host: <188.185.114.121:9618?addrs=188.185.114.121-9618+[2001-1458-d00-a--100-273]-9618&alias=bigbird19.cern.ch&noUDP&sock=schedd_4961_696e>
...
000 (10252909.2927.000) 07/24 16:18:41 Job submitted from host: <188.185.114.121:9618?addrs=188.185.114.121-9618+[2001-1458-d00-a--100-273]-9618&alias=bigbird19.cern.ch&noUDP&sock=schedd_4961_696e>
...
040 (10252906.2927.000) 07/24 16:39:59 Started transferring input files
	Transferring to host: <188.185.204.231:9618?addrs=188.185.204.231-9618+[2001-1458-303-8--100-64]-9618&alias=b9p02p9489.cern.ch&noUDP&sock=slot1_1_4818_777d_79769>
...
040 (10252906.2927.000) 07/24 16:39:59 Finished transferring input files
...
001 (10252906.2927.000) 07/24 16:40:02 Job executing on host: <188.185.204.231:9618?addrs=188.185.204.231-9618+[2001-1458-303-8--100-64]-9618&alias=b9p02p9489.cern.ch&noUDP&sock=startd_3946_34cd>
	SlotName: slot1_1@b9p02p9489.cern.ch
	CondorScratchDir = "/pool/condor/dir_2897314"
	Cpus = 8
	Disk = 2877689
	Memory = 16000
...
006 (10252906.2927.000) 07/24 16:40:09 Image size of job updated: 505660
	345  -  MemoryUsage of job (MB)
	353096  -  ResidentSetSize of job (KB)
...
040 (10252906.2927.000) 07/24 16:40:09 Started transferring output files
...
040 (10252906.2927.000) 07/24 16:40:09 Finished transferring output files
...
005 (10252906.2927.000) 07/24 16:40:09 Job terminated.
	(1) Normal termination (return value 0)
		Usr 0 00:00:05, Sys 0 00:00:00  -  Run Remote Usage
		Usr 0 00:00:00, Sys 0 00:00:00  -  Run Local Usage
		Usr 0 00:00:05, Sys 0 00:00:00  -  Total Remote Usage
		Usr 0 00:00:00, Sys 0 00:00:00  -  Total Local Usage
	6204  -  Run Bytes Sent By Job
	409597  -  Run Bytes Received By Job
	6204  -  Total Bytes Sent By Job
	409597  -  Total Bytes Received By Job
	Partitionable Resources :    Usage  Request Allocated 
	   Cpus                 :        0        8         8 
	   Disk (KB)            :      427      425   2877689 
	   Memory (MB)          :      345    16000     16000 

	Job terminated of its own accord at 2024-07-24T14:40:09Z with exit-code 0.
...
040 (10252907.2927.000) 07/24 18:05:07 Started transferring input files
	Transferring to host: <188.185.205.29:9618?addrs=188.185.205.29-9618+[2001-1458-303-9--100-91]-9618&alias=b9p03p7199.cern.ch&noUDP&sock=slot1_13_6925_09f3_155048>
...
040 (10252907.2927.000) 07/24 18:05:07 Finished transferring input files
...
001 (10252907.2927.000) 07/24 18:05:08 Job executing on host: <188.185.205.29:9618?addrs=188.185.205.29-9618+[2001-1458-303-9--100-91]-9618&alias=b9p03p7199.cern.ch&noUDP&sock=startd_6852_7b05>
	SlotName: slot1_13@b9p03p7199.cern.ch
	CondorScratchDir = "/pool/condor/dir_1126455"
	Cpus = 8
	Disk = 2753529
	Memory = 16000
...
006 (10252907.2927.000) 07/24 18:05:12 Image size of job updated: 161796
	9  -  MemoryUsage of job (MB)
	8708  -  ResidentSetSize of job (KB)
...
040 (10252907.2927.000) 07/24 18:05:13 Started transferring output files
...
040 (10252907.2927.000) 07/24 18:05:13 Finished transferring output files
...
005 (10252907.2927.000) 07/24 18:05:13 Job terminated.
	(1) Normal termination (return value 0)
		Usr 0 00:00:03, Sys 0 00:00:00  -  Run Remote Usage
		Usr 0 00:00:00, Sys 0 00:00:00  -  Run Local Usage
		Usr 0 00:00:03, Sys 0 00:00:00  -  Total Remote Usage
		Usr 0 00:00:00, Sys 0 00:00:00  -  Total Local Usage
	6204  -  Run Bytes Sent By Job
	409597  -  Run Bytes Received By Job
	6204  -  Total Bytes Sent By Job
	409597  -  Total Bytes Received By Job
	Partitionable Resources :    Usage  Request Allocated 
	   Cpus                 :        0        8         8 
	   Disk (KB)            :      428      425   2753529 
	   Memory (MB)          :        9    16000     16000 

	Job terminated of its own accord at 2024-07-24T16:05:12Z with exit-code 0.
...
040 (10252908.2927.000) 07/24 19:12:59 Started transferring input files
	Transferring to host: <188.185.207.70:9618?addrs=188.185.207.70-9618+[2001-1458-303-d--100-43]-9618&alias=b9p07p6748.cern.ch&noUDP&sock=slot1_14_9465_b2da_22635>
...
040 (10252908.2927.000) 07/24 19:12:59 Finished transferring input files
...
001 (10252908.2927.000) 07/24 19:13:00 Job executing on host: <188.185.207.70:9618?addrs=188.185.207.70-9618+[2001-1458-303-d--100-43]-9618&alias=b9p07p6748.cern.ch&noUDP&sock=startd_6774_faa2>
	SlotName: slot1_14@b9p07p6748.cern.ch
	CondorScratchDir = "/pool/condor/dir_2066396"
	Cpus = 8
	Disk = 2822446
	Memory = 16000
...
006 (10252908.2927.000) 07/24 19:13:04 Image size of job updated: 157340
	8  -  MemoryUsage of job (MB)
	7256  -  ResidentSetSize of job (KB)
...
040 (10252908.2927.000) 07/24 19:13:04 Started transferring output files
...
040 (10252908.2927.000) 07/24 19:13:05 Finished transferring output files
...
005 (10252908.2927.000) 07/24 19:13:05 Job terminated.
	(1) Normal termination (return value 0)
		Usr 0 00:00:03, Sys 0 00:00:00  -  Run Remote Usage
		Usr 0 00:00:00, Sys 0 00:00:00  -  Run Local Usage
		Usr 0 00:00:03, Sys 0 00:00:00  -  Total Remote Usage
		Usr 0 00:00:00, Sys 0 00:00:00  -  Total Local Usage
	6204  -  Run Bytes Sent By Job
	409597  -  Run Bytes Received By Job
	6204  -  Total Bytes Sent By Job
	409597  -  Total Bytes Received By Job
	Partitionable Resources :    Usage  Request Allocated 
	   Cpus                 :        0        8         8 
	   Disk (KB)            :      428      425   2822446 
	   Memory (MB)          :        8    16000     16000 

	Job terminated of its own accord at 2024-07-24T17:13:04Z with exit-code 0.
...
040 (10252909.2927.000) 07/24 20:12:23 Started transferring input files
	Transferring to host: <128.142.248.197:9618?addrs=128.142.248.197-9618+[2001-1458-301-73--100-c4]-9618&alias=b9g23p2961.cern.ch&noUDP&sock=slot1_7_1510901_2fd9_49>
...
040 (10252909.2927.000) 07/24 20:12:23 Finished transferring input files
...
001 (10252909.2927.000) 07/24 20:12:24 Job executing on host: <128.142.248.197:9618?addrs=128.142.248.197-9618+[2001-1458-301-73--100-c4]-9618&alias=b9g23p2961.cern.ch&noUDP&sock=startd_5338_00a2>
	SlotName: slot1_7@b9g23p2961.cern.ch
	CondorScratchDir = "/pool/condor/dir_1515834"
	Cpus = 8
	Disk = 3038825
	Memory = 16000
...
006 (10252909.2927.000) 07/24 20:12:32 Image size of job updated: 1
	0  -  MemoryUsage of job (MB)
	0  -  ResidentSetSize of job (KB)
...
006 (10252909.2927.000) 07/24 20:12:54 Image size of job updated: 160060
	8  -  MemoryUsage of job (MB)
	7868  -  ResidentSetSize of job (KB)
...
040 (10252909.2927.000) 07/24 20:12:54 Started transferring output files
...
040 (10252909.2927.000) 07/24 20:12:54 Finished transferring output files
...
005 (10252909.2927.000) 07/24 20:12:54 Job terminated.
	(1) Normal termination (return value 0)
		Usr 0 00:00:04, Sys 0 00:00:00  -  Run Remote Usage
		Usr 0 00:00:00, Sys 0 00:00:00  -  Run Local Usage
		Usr 0 00:00:04, Sys 0 00:00:00  -  Total Remote Usage
		Usr 0 00:00:00, Sys 0 00:00:00  -  Total Local Usage
	6204  -  Run Bytes Sent By Job
	409597  -  Run Bytes Received By Job
	6204  -  Total Bytes Sent By Job
	409597  -  Total Bytes Received By Job
	Partitionable Resources :    Usage  Request Allocated 
	   Cpus                 :                 8         8 
	   Disk (KB)            :      420      425   3038825 
	   Memory (MB)          :        8    16000     16000 

	Job terminated of its own accord at 2024-07-24T18:12:54Z with exit-code 0.
...
000 (10261715.2927.000) 07/25 13:02:40 Job submitted from host: <188.185.114.121:9618?addrs=188.185.114.121-9618+[2001-1458-d00-a--100-273]-9618&alias=bigbird19.cern.ch&noUDP&sock=schedd_4961_696e>
...
009 (10261715.2927.000) 07/25 13:06:54 Job was aborted.
	via condor_rm (by user yelberke)
...
000 (10261767.2927.000) 07/25 13:20:33 Job submitted from host: <188.185.114.121:9618?addrs=188.185.114.121-9618+[2001-1458-d00-a--100-273]-9618&alias=bigbird19.cern.ch&noUDP&sock=schedd_4961_696e>
...
040 (10261767.2927.000) 07/25 14:33:55 Started transferring input files
	Transferring to host: <188.185.209.228:9618?addrs=188.185.209.228-9618+[2001-1458-303-12--100-61]-9618&alias=b9p12p5161.cern.ch&noUDP&sock=slot1_5_6522_16c2_146804>
...
040 (10261767.2927.000) 07/25 14:33:55 Finished transferring input files
...
001 (10261767.2927.000) 07/25 14:33:56 Job executing on host: <188.185.209.228:9618?addrs=188.185.209.228-9618+[2001-1458-303-12--100-61]-9618&alias=b9p12p5161.cern.ch&noUDP&sock=startd_5255_1246>
	SlotName: slot1_5@b9p12p5161.cern.ch
	CondorScratchDir = "/pool/condor/dir_158061"
	Cpus = 12
	Disk = 2683804
	Memory = 24000
...
006 (10261767.2927.000) 07/25 14:34:01 Image size of job updated: 160292
	6  -  MemoryUsage of job (MB)
	6120  -  ResidentSetSize of job (KB)
...
040 (10261767.2927.000) 07/25 14:34:01 Started transferring output files
...
040 (10261767.2927.000) 07/25 14:34:01 Finished transferring output files
...
005 (10261767.2927.000) 07/25 14:34:01 Job terminated.
	(1) Normal termination (return value 0)
		Usr 0 00:00:04, Sys 0 00:00:00  -  Run Remote Usage
		Usr 0 00:00:00, Sys 0 00:00:00  -  Run Local Usage
		Usr 0 00:00:04, Sys 0 00:00:00  -  Total Remote Usage
		Usr 0 00:00:00, Sys 0 00:00:00  -  Total Local Usage
	6676  -  Run Bytes Sent By Job
	409597  -  Run Bytes Received By Job
	6676  -  Total Bytes Sent By Job
	409597  -  Total Bytes Received By Job
	Partitionable Resources :    Usage  Request Allocated 
	   Cpus                 :        0       12        12 
	   Disk (KB)            :      428      425   2683804 
	   Memory (MB)          :        6    24000     24000 

	Job terminated of its own accord at 2024-07-25T12:34:01Z with exit-code 0.
...
000 (10284266.2927.000) 08/02 15:46:25 Job submitted from host: <188.185.114.121:9618?addrs=188.185.114.121-9618+[2001-1458-d00-a--100-273]-9618&alias=bigbird19.cern.ch&noUDP&sock=schedd_4961_696e>
...
000 (10284267.2927.000) 08/02 15:49:59 Job submitted from host: <188.185.114.121:9618?addrs=188.185.114.121-9618+[2001-1458-d00-a--100-273]-9618&alias=bigbird19.cern.ch&noUDP&sock=schedd_4961_696e>
...
009 (10284266.2927.000) 08/02 15:50:23 Job was aborted.
	via condor_rm (by user yelberke)
...
040 (10284267.2927.000) 08/02 16:45:39 Started transferring input files
	Transferring to host: <188.185.209.204:9618?addrs=188.185.209.204-9618+[2001-1458-303-12--100-49]-9618&alias=b9p12p0289.cern.ch&noUDP&sock=slot1_36_133009_9f7a_152844>
...
040 (10284267.2927.000) 08/02 16:45:39 Finished transferring input files
...
001 (10284267.2927.000) 08/02 16:45:40 Job executing on host: <188.185.209.204:9618?addrs=188.185.209.204-9618+[2001-1458-303-12--100-49]-9618&alias=b9p12p0289.cern.ch&noUDP&sock=startd_118299_da50>
	SlotName: slot1_36@b9p12p0289.cern.ch
	CondorScratchDir = "/pool/condor/dir_880377"
	Cpus = 12
	Disk = 2555943
	Memory = 24000
...
006 (10284267.2927.000) 08/02 16:45:41 Image size of job updated: 329912
	6  -  MemoryUsage of job (MB)
	5616  -  ResidentSetSize of job (KB)
...
040 (10284267.2927.000) 08/02 16:45:41 Started transferring output files
...
040 (10284267.2927.000) 08/02 16:45:41 Finished transferring output files
...
005 (10284267.2927.000) 08/02 16:45:41 Job terminated.
	(1) Normal termination (return value 139)
		Usr 0 00:00:01, Sys 0 00:00:00  -  Run Remote Usage
		Usr 0 00:00:00, Sys 0 00:00:00  -  Run Local Usage
		Usr 0 00:00:01, Sys 0 00:00:00  -  Total Remote Usage
		Usr 0 00:00:00, Sys 0 00:00:00  -  Total Local Usage
	7696  -  Run Bytes Sent By Job
	409597  -  Run Bytes Received By Job
	7696  -  Total Bytes Sent By Job
	409597  -  Total Bytes Received By Job
	Partitionable Resources :    Usage  Request Allocated 
	   Cpus                 :        0       12        12 
	   Disk (KB)            :      429      425   2555943 
	   Memory (MB)          :        6    24000     24000 

	Job terminated of its own accord at 2024-08-02T14:45:41Z with exit-code 139.
...
