000 (10252905.2930.000) 07/24 16:13:19 Job submitted from host: <188.185.114.121:9618?addrs=188.185.114.121-9618+[2001-1458-d00-a--100-273]-9618&alias=bigbird19.cern.ch&noUDP&sock=schedd_4961_696e>
...
009 (10252905.2930.000) 07/24 16:14:49 Job was aborted.
	via condor_rm (by user yelberke)
...
000 (10252906.2930.000) 07/24 16:15:38 Job submitted from host: <188.185.114.121:9618?addrs=188.185.114.121-9618+[2001-1458-d00-a--100-273]-9618&alias=bigbird19.cern.ch&noUDP&sock=schedd_4961_696e>
...
000 (10252907.2930.000) 07/24 16:17:32 Job submitted from host: <188.185.114.121:9618?addrs=188.185.114.121-9618+[2001-1458-d00-a--100-273]-9618&alias=bigbird19.cern.ch&noUDP&sock=schedd_4961_696e>
...
000 (10252908.2930.000) 07/24 16:18:06 Job submitted from host: <188.185.114.121:9618?addrs=188.185.114.121-9618+[2001-1458-d00-a--100-273]-9618&alias=bigbird19.cern.ch&noUDP&sock=schedd_4961_696e>
...
000 (10252909.2930.000) 07/24 16:18:41 Job submitted from host: <188.185.114.121:9618?addrs=188.185.114.121-9618+[2001-1458-d00-a--100-273]-9618&alias=bigbird19.cern.ch&noUDP&sock=schedd_4961_696e>
...
040 (10252906.2930.000) 07/24 16:40:02 Started transferring input files
	Transferring to host: <188.185.207.183:9618?addrs=188.185.207.183-9618+[2001-1458-303-e--100-34]-9618&alias=b9p08p7963.cern.ch&noUDP&sock=slot1_10_4756_c83a_142044>
...
040 (10252906.2930.000) 07/24 16:40:02 Finished transferring input files
...
001 (10252906.2930.000) 07/24 16:40:03 Job executing on host: <188.185.207.183:9618?addrs=188.185.207.183-9618+[2001-1458-303-e--100-34]-9618&alias=b9p08p7963.cern.ch&noUDP&sock=startd_4071_f224>
	SlotName: slot1_10@b9p08p7963.cern.ch
	CondorScratchDir = "/pool/condor/dir_2062466"
	Cpus = 8
	Disk = 2653186
	Memory = 16000
...
006 (10252906.2930.000) 07/24 16:40:10 Image size of job updated: 170252
	19  -  MemoryUsage of job (MB)
	19148  -  ResidentSetSize of job (KB)
...
040 (10252906.2930.000) 07/24 16:40:10 Started transferring output files
...
040 (10252906.2930.000) 07/24 16:40:11 Finished transferring output files
...
005 (10252906.2930.000) 07/24 16:40:11 Job terminated.
	(1) Normal termination (return value 0)
		Usr 0 00:00:03, Sys 0 00:00:00  -  Run Remote Usage
		Usr 0 00:00:00, Sys 0 00:00:00  -  Run Local Usage
		Usr 0 00:00:03, Sys 0 00:00:00  -  Total Remote Usage
		Usr 0 00:00:00, Sys 0 00:00:00  -  Total Local Usage
	6204  -  Run Bytes Sent By Job
	409597  -  Run Bytes Received By Job
	6204  -  Total Bytes Sent By Job
	409597  -  Total Bytes Received By Job
	Partitionable Resources :    Usage  Request Allocated 
	   Cpus                 :        0        8         8 
	   Disk (KB)            :      427      425   2653186 
	   Memory (MB)          :       19    16000     16000 

	Job terminated of its own accord at 2024-07-24T14:40:10Z with exit-code 0.
...
040 (10252907.2930.000) 07/24 18:05:08 Started transferring input files
	Transferring to host: <188.185.207.178:9618?addrs=188.185.207.178-9618+[2001-1458-303-e--100-2f]-9618&alias=b9p08p2121.cern.ch&noUDP&sock=slot1_20_8046_e280_145443>
...
040 (10252907.2930.000) 07/24 18:05:08 Finished transferring input files
...
001 (10252907.2930.000) 07/24 18:05:09 Job executing on host: <188.185.207.178:9618?addrs=188.185.207.178-9618+[2001-1458-303-e--100-2f]-9618&alias=b9p08p2121.cern.ch&noUDP&sock=startd_6691_0c45>
	SlotName: slot1_20@b9p08p2121.cern.ch
	CondorScratchDir = "/pool/condor/dir_1754304"
	Cpus = 8
	Disk = 2835024
	Memory = 16000
...
006 (10252907.2930.000) 07/24 18:05:14 Image size of job updated: 161952
	9  -  MemoryUsage of job (MB)
	8788  -  ResidentSetSize of job (KB)
...
040 (10252907.2930.000) 07/24 18:05:14 Started transferring output files
...
040 (10252907.2930.000) 07/24 18:05:14 Finished transferring output files
...
005 (10252907.2930.000) 07/24 18:05:14 Job terminated.
	(1) Normal termination (return value 0)
		Usr 0 00:00:03, Sys 0 00:00:00  -  Run Remote Usage
		Usr 0 00:00:00, Sys 0 00:00:00  -  Run Local Usage
		Usr 0 00:00:03, Sys 0 00:00:00  -  Total Remote Usage
		Usr 0 00:00:00, Sys 0 00:00:00  -  Total Local Usage
	6204  -  Run Bytes Sent By Job
	409597  -  Run Bytes Received By Job
	6204  -  Total Bytes Sent By Job
	409597  -  Total Bytes Received By Job
	Partitionable Resources :    Usage  Request Allocated 
	   Cpus                 :        0        8         8 
	   Disk (KB)            :      428      425   2835024 
	   Memory (MB)          :        9    16000     16000 

	Job terminated of its own accord at 2024-07-24T16:05:14Z with exit-code 0.
...
040 (10252908.2930.000) 07/24 19:13:00 Started transferring input files
	Transferring to host: <188.185.205.69:9618?addrs=188.185.205.69-9618+[2001-1458-303-9--100-b9]-9618&alias=b9p03p3225.cern.ch&noUDP&sock=slot1_19_7400_b826_156105>
...
040 (10252908.2930.000) 07/24 19:13:00 Finished transferring input files
...
001 (10252908.2930.000) 07/24 19:13:01 Job executing on host: <188.185.205.69:9618?addrs=188.185.205.69-9618+[2001-1458-303-9--100-b9]-9618&alias=b9p03p3225.cern.ch&noUDP&sock=startd_7326_9ae9>
	SlotName: slot1_19@b9p03p3225.cern.ch
	CondorScratchDir = "/pool/condor/dir_2544719"
	Cpus = 8
	Disk = 2944626
	Memory = 16000
...
006 (10252908.2930.000) 07/24 19:13:05 Image size of job updated: 159616
	7  -  MemoryUsage of job (MB)
	7124  -  ResidentSetSize of job (KB)
...
040 (10252908.2930.000) 07/24 19:13:05 Started transferring output files
...
040 (10252908.2930.000) 07/24 19:13:05 Finished transferring output files
...
005 (10252908.2930.000) 07/24 19:13:05 Job terminated.
	(1) Normal termination (return value 0)
		Usr 0 00:00:03, Sys 0 00:00:00  -  Run Remote Usage
		Usr 0 00:00:00, Sys 0 00:00:00  -  Run Local Usage
		Usr 0 00:00:03, Sys 0 00:00:00  -  Total Remote Usage
		Usr 0 00:00:00, Sys 0 00:00:00  -  Total Local Usage
	6204  -  Run Bytes Sent By Job
	409597  -  Run Bytes Received By Job
	6204  -  Total Bytes Sent By Job
	409597  -  Total Bytes Received By Job
	Partitionable Resources :    Usage  Request Allocated 
	   Cpus                 :        0        8         8 
	   Disk (KB)            :      428      425   2944626 
	   Memory (MB)          :        7    16000     16000 

	Job terminated of its own accord at 2024-07-24T17:13:05Z with exit-code 0.
...
040 (10252909.2930.000) 07/24 20:12:25 Started transferring input files
	Transferring to host: <188.185.204.137:9618?addrs=188.185.204.137-9618+[2001-1458-303-8--100-7d]-9618&alias=b9p02p1188.cern.ch&noUDP&sock=slot1_34_6771_882c_156235>
...
040 (10252909.2930.000) 07/24 20:12:25 Finished transferring input files
...
001 (10252909.2930.000) 07/24 20:12:26 Job executing on host: <188.185.204.137:9618?addrs=188.185.204.137-9618+[2001-1458-303-8--100-7d]-9618&alias=b9p02p1188.cern.ch&noUDP&sock=startd_6708_b562>
	SlotName: slot1_34@b9p02p1188.cern.ch
	CondorScratchDir = "/pool/condor/dir_725161"
	Cpus = 8
	Disk = 2858589
	Memory = 16000
...
006 (10252909.2930.000) 07/24 20:12:33 Image size of job updated: 158368
	8  -  MemoryUsage of job (MB)
	7348  -  ResidentSetSize of job (KB)
...
040 (10252909.2930.000) 07/24 20:12:33 Started transferring output files
...
040 (10252909.2930.000) 07/24 20:12:33 Finished transferring output files
...
005 (10252909.2930.000) 07/24 20:12:33 Job terminated.
	(1) Normal termination (return value 0)
		Usr 0 00:00:05, Sys 0 00:00:00  -  Run Remote Usage
		Usr 0 00:00:00, Sys 0 00:00:00  -  Run Local Usage
		Usr 0 00:00:05, Sys 0 00:00:00  -  Total Remote Usage
		Usr 0 00:00:00, Sys 0 00:00:00  -  Total Local Usage
	6204  -  Run Bytes Sent By Job
	409597  -  Run Bytes Received By Job
	6204  -  Total Bytes Sent By Job
	409597  -  Total Bytes Received By Job
	Partitionable Resources :    Usage  Request Allocated 
	   Cpus                 :        0        8         8 
	   Disk (KB)            :      428      425   2858589 
	   Memory (MB)          :        8    16000     16000 

	Job terminated of its own accord at 2024-07-24T18:12:33Z with exit-code 0.
...
000 (10261715.2930.000) 07/25 13:02:40 Job submitted from host: <188.185.114.121:9618?addrs=188.185.114.121-9618+[2001-1458-d00-a--100-273]-9618&alias=bigbird19.cern.ch&noUDP&sock=schedd_4961_696e>
...
009 (10261715.2930.000) 07/25 13:06:54 Job was aborted.
	via condor_rm (by user yelberke)
...
000 (10261767.2930.000) 07/25 13:20:33 Job submitted from host: <188.185.114.121:9618?addrs=188.185.114.121-9618+[2001-1458-d00-a--100-273]-9618&alias=bigbird19.cern.ch&noUDP&sock=schedd_4961_696e>
...
040 (10261767.2930.000) 07/25 14:33:56 Started transferring input files
	Transferring to host: <188.185.206.228:9618?addrs=188.185.206.228-9618+[2001-1458-303-c--100-61]-9618&alias=b9p06p1865.cern.ch&noUDP&sock=slot1_14_6073_ba50_29153>
...
040 (10261767.2930.000) 07/25 14:33:56 Finished transferring input files
...
001 (10261767.2930.000) 07/25 14:33:57 Job executing on host: <188.185.206.228:9618?addrs=188.185.206.228-9618+[2001-1458-303-c--100-61]-9618&alias=b9p06p1865.cern.ch&noUDP&sock=startd_4919_9a73>
	SlotName: slot1_14@b9p06p1865.cern.ch
	CondorScratchDir = "/pool/condor/dir_3904262"
	Cpus = 12
	Disk = 2798632
	Memory = 24000
...
006 (10261767.2930.000) 07/25 14:34:01 Image size of job updated: 160360
	7  -  MemoryUsage of job (MB)
	7140  -  ResidentSetSize of job (KB)
...
040 (10261767.2930.000) 07/25 14:34:01 Started transferring output files
...
040 (10261767.2930.000) 07/25 14:34:01 Finished transferring output files
...
005 (10261767.2930.000) 07/25 14:34:01 Job terminated.
	(1) Normal termination (return value 0)
		Usr 0 00:00:03, Sys 0 00:00:00  -  Run Remote Usage
		Usr 0 00:00:00, Sys 0 00:00:00  -  Run Local Usage
		Usr 0 00:00:03, Sys 0 00:00:00  -  Total Remote Usage
		Usr 0 00:00:00, Sys 0 00:00:00  -  Total Local Usage
	6676  -  Run Bytes Sent By Job
	409597  -  Run Bytes Received By Job
	6676  -  Total Bytes Sent By Job
	409597  -  Total Bytes Received By Job
	Partitionable Resources :    Usage  Request Allocated 
	   Cpus                 :        0       12        12 
	   Disk (KB)            :      428      425   2798632 
	   Memory (MB)          :        7    24000     24000 

	Job terminated of its own accord at 2024-07-25T12:34:01Z with exit-code 0.
...
000 (10284266.2930.000) 08/02 15:46:25 Job submitted from host: <188.185.114.121:9618?addrs=188.185.114.121-9618+[2001-1458-d00-a--100-273]-9618&alias=bigbird19.cern.ch&noUDP&sock=schedd_4961_696e>
...
000 (10284267.2930.000) 08/02 15:49:59 Job submitted from host: <188.185.114.121:9618?addrs=188.185.114.121-9618+[2001-1458-d00-a--100-273]-9618&alias=bigbird19.cern.ch&noUDP&sock=schedd_4961_696e>
...
009 (10284266.2930.000) 08/02 15:50:23 Job was aborted.
	via condor_rm (by user yelberke)
...
040 (10284267.2930.000) 08/02 16:45:41 Started transferring input files
	Transferring to host: <188.185.209.61:9618?addrs=188.185.209.61-9618+[2001-1458-303-11--100-3a]-9618&alias=b9p11p8216.cern.ch&noUDP&sock=slot1_20_47161_f0d7_8505>
...
040 (10284267.2930.000) 08/02 16:45:41 Finished transferring input files
...
001 (10284267.2930.000) 08/02 16:45:42 Job executing on host: <188.185.209.61:9618?addrs=188.185.209.61-9618+[2001-1458-303-11--100-3a]-9618&alias=b9p11p8216.cern.ch&noUDP&sock=startd_46134_aa4b>
	SlotName: slot1_20@b9p11p8216.cern.ch
	CondorScratchDir = "/pool/condor/dir_2702639"
	Cpus = 12
	Disk = 2915841
	Memory = 24000
...
006 (10284267.2930.000) 08/02 16:45:44 Image size of job updated: 324760
	3  -  MemoryUsage of job (MB)
	2272  -  ResidentSetSize of job (KB)
...
040 (10284267.2930.000) 08/02 16:45:44 Started transferring output files
...
040 (10284267.2930.000) 08/02 16:45:45 Finished transferring output files
...
005 (10284267.2930.000) 08/02 16:45:45 Job terminated.
	(1) Normal termination (return value 139)
		Usr 0 00:00:02, Sys 0 00:00:01  -  Run Remote Usage
		Usr 0 00:00:00, Sys 0 00:00:00  -  Run Local Usage
		Usr 0 00:00:02, Sys 0 00:00:01  -  Total Remote Usage
		Usr 0 00:00:00, Sys 0 00:00:00  -  Total Local Usage
	7696  -  Run Bytes Sent By Job
	409597  -  Run Bytes Received By Job
	7696  -  Total Bytes Sent By Job
	409597  -  Total Bytes Received By Job
	Partitionable Resources :    Usage  Request Allocated 
	   Cpus                 :     0.08       12        12 
	   Disk (KB)            :   433         425   2915841 
	   Memory (MB)          :     3       24000     24000 

	Job terminated of its own accord at 2024-08-02T14:45:44Z with exit-code 139.
...
