000 (10252905.2949.000) 07/24 16:13:19 Job submitted from host: <188.185.114.121:9618?addrs=188.185.114.121-9618+[2001-1458-d00-a--100-273]-9618&alias=bigbird19.cern.ch&noUDP&sock=schedd_4961_696e>
...
009 (10252905.2949.000) 07/24 16:14:49 Job was aborted.
	via condor_rm (by user yelberke)
...
000 (10252906.2949.000) 07/24 16:15:38 Job submitted from host: <188.185.114.121:9618?addrs=188.185.114.121-9618+[2001-1458-d00-a--100-273]-9618&alias=bigbird19.cern.ch&noUDP&sock=schedd_4961_696e>
...
000 (10252907.2949.000) 07/24 16:17:32 Job submitted from host: <188.185.114.121:9618?addrs=188.185.114.121-9618+[2001-1458-d00-a--100-273]-9618&alias=bigbird19.cern.ch&noUDP&sock=schedd_4961_696e>
...
000 (10252908.2949.000) 07/24 16:18:06 Job submitted from host: <188.185.114.121:9618?addrs=188.185.114.121-9618+[2001-1458-d00-a--100-273]-9618&alias=bigbird19.cern.ch&noUDP&sock=schedd_4961_696e>
...
000 (10252909.2949.000) 07/24 16:18:41 Job submitted from host: <188.185.114.121:9618?addrs=188.185.114.121-9618+[2001-1458-d00-a--100-273]-9618&alias=bigbird19.cern.ch&noUDP&sock=schedd_4961_696e>
...
040 (10252906.2949.000) 07/24 16:41:49 Started transferring input files
	Transferring to host: <188.185.207.147:9618?addrs=188.185.207.147-9618+[2001-1458-303-e--100-10]-9618&alias=b9p08p3726.cern.ch&noUDP&sock=slot1_6_8740_dedc_143872>
...
040 (10252906.2949.000) 07/24 16:41:49 Finished transferring input files
...
001 (10252906.2949.000) 07/24 16:41:50 Job executing on host: <188.185.207.147:9618?addrs=188.185.207.147-9618+[2001-1458-303-e--100-10]-9618&alias=b9p08p3726.cern.ch&noUDP&sock=startd_7243_ac8d>
	SlotName: slot1_6@b9p08p3726.cern.ch
	CondorScratchDir = "/pool/condor/dir_2459174"
	Cpus = 8
	Disk = 2663278
	Memory = 16000
...
006 (10252906.2949.000) 07/24 16:41:56 Image size of job updated: 157240
	7  -  MemoryUsage of job (MB)
	6928  -  ResidentSetSize of job (KB)
...
040 (10252906.2949.000) 07/24 16:41:56 Started transferring output files
...
040 (10252906.2949.000) 07/24 16:41:56 Finished transferring output files
...
005 (10252906.2949.000) 07/24 16:41:56 Job terminated.
	(1) Normal termination (return value 0)
		Usr 0 00:00:03, Sys 0 00:00:00  -  Run Remote Usage
		Usr 0 00:00:00, Sys 0 00:00:00  -  Run Local Usage
		Usr 0 00:00:03, Sys 0 00:00:00  -  Total Remote Usage
		Usr 0 00:00:00, Sys 0 00:00:00  -  Total Local Usage
	6204  -  Run Bytes Sent By Job
	409597  -  Run Bytes Received By Job
	6204  -  Total Bytes Sent By Job
	409597  -  Total Bytes Received By Job
	Partitionable Resources :    Usage  Request Allocated 
	   Cpus                 :        0        8         8 
	   Disk (KB)            :      427      425   2663278 
	   Memory (MB)          :        7    16000     16000 

	Job terminated of its own accord at 2024-07-24T14:41:56Z with exit-code 0.
...
040 (10252907.2949.000) 07/24 18:05:14 Started transferring input files
	Transferring to host: <188.185.205.59:9618?addrs=188.185.205.59-9618+[2001-1458-303-9--100-af]-9618&alias=b9p03p3911.cern.ch&noUDP&sock=slot1_15_4558_45f2_82640>
...
040 (10252907.2949.000) 07/24 18:05:14 Finished transferring input files
...
001 (10252907.2949.000) 07/24 18:05:15 Job executing on host: <188.185.205.59:9618?addrs=188.185.205.59-9618+[2001-1458-303-9--100-af]-9618&alias=b9p03p3911.cern.ch&noUDP&sock=startd_3823_d6a7>
	SlotName: slot1_15@b9p03p3911.cern.ch
	CondorScratchDir = "/pool/condor/dir_677165"
	Cpus = 8
	Disk = 2521805
	Memory = 16000
...
006 (10252907.2949.000) 07/24 18:05:20 Image size of job updated: 158396
	8  -  MemoryUsage of job (MB)
	7472  -  ResidentSetSize of job (KB)
...
040 (10252907.2949.000) 07/24 18:05:20 Started transferring output files
...
040 (10252907.2949.000) 07/24 18:05:20 Finished transferring output files
...
005 (10252907.2949.000) 07/24 18:05:20 Job terminated.
	(1) Normal termination (return value 0)
		Usr 0 00:00:03, Sys 0 00:00:00  -  Run Remote Usage
		Usr 0 00:00:00, Sys 0 00:00:00  -  Run Local Usage
		Usr 0 00:00:03, Sys 0 00:00:00  -  Total Remote Usage
		Usr 0 00:00:00, Sys 0 00:00:00  -  Total Local Usage
	6204  -  Run Bytes Sent By Job
	409597  -  Run Bytes Received By Job
	6204  -  Total Bytes Sent By Job
	409597  -  Total Bytes Received By Job
	Partitionable Resources :    Usage  Request Allocated 
	   Cpus                 :        0        8         8 
	   Disk (KB)            :      428      425   2521805 
	   Memory (MB)          :        8    16000     16000 

	Job terminated of its own accord at 2024-07-24T16:05:20Z with exit-code 0.
...
040 (10252908.2949.000) 07/24 19:13:06 Started transferring input files
	Transferring to host: <188.185.205.179:9618?addrs=188.185.205.179-9618+[2001-1458-303-a--100-30]-9618&alias=b9p04p5046.cern.ch&noUDP&sock=slot1_12_7364_5aa5_154344>
...
040 (10252908.2949.000) 07/24 19:13:06 Finished transferring input files
...
001 (10252908.2949.000) 07/24 19:13:07 Job executing on host: <188.185.205.179:9618?addrs=188.185.205.179-9618+[2001-1458-303-a--100-30]-9618&alias=b9p04p5046.cern.ch&noUDP&sock=startd_7297_b6aa>
	SlotName: slot1_12@b9p04p5046.cern.ch
	CondorScratchDir = "/pool/condor/dir_2643026"
	Cpus = 8
	Disk = 2716105
	Memory = 16000
...
006 (10252908.2949.000) 07/24 19:13:11 Image size of job updated: 159856
	8  -  MemoryUsage of job (MB)
	7392  -  ResidentSetSize of job (KB)
...
040 (10252908.2949.000) 07/24 19:13:11 Started transferring output files
...
040 (10252908.2949.000) 07/24 19:13:11 Finished transferring output files
...
005 (10252908.2949.000) 07/24 19:13:11 Job terminated.
	(1) Normal termination (return value 0)
		Usr 0 00:00:03, Sys 0 00:00:00  -  Run Remote Usage
		Usr 0 00:00:00, Sys 0 00:00:00  -  Run Local Usage
		Usr 0 00:00:03, Sys 0 00:00:00  -  Total Remote Usage
		Usr 0 00:00:00, Sys 0 00:00:00  -  Total Local Usage
	6204  -  Run Bytes Sent By Job
	409597  -  Run Bytes Received By Job
	6204  -  Total Bytes Sent By Job
	409597  -  Total Bytes Received By Job
	Partitionable Resources :    Usage  Request Allocated 
	   Cpus                 :        0        8         8 
	   Disk (KB)            :      428      425   2716105 
	   Memory (MB)          :        8    16000     16000 

	Job terminated of its own accord at 2024-07-24T17:13:11Z with exit-code 0.
...
040 (10252909.2949.000) 07/24 20:12:31 Started transferring input files
	Transferring to host: <188.185.205.179:9618?addrs=188.185.205.179-9618+[2001-1458-303-a--100-30]-9618&alias=b9p04p5046.cern.ch&noUDP&sock=slot1_29_7364_5aa5_154596>
...
040 (10252909.2949.000) 07/24 20:12:31 Finished transferring input files
...
001 (10252909.2949.000) 07/24 20:12:32 Job executing on host: <188.185.205.179:9618?addrs=188.185.205.179-9618+[2001-1458-303-a--100-30]-9618&alias=b9p04p5046.cern.ch&noUDP&sock=startd_7297_b6aa>
	SlotName: slot1_29@b9p04p5046.cern.ch
	CondorScratchDir = "/pool/condor/dir_3522404"
	Cpus = 8
	Disk = 2719280
	Memory = 16000
...
006 (10252909.2949.000) 07/24 20:12:37 Image size of job updated: 157376
	8  -  MemoryUsage of job (MB)
	7176  -  ResidentSetSize of job (KB)
...
040 (10252909.2949.000) 07/24 20:12:37 Started transferring output files
...
040 (10252909.2949.000) 07/24 20:12:37 Finished transferring output files
...
005 (10252909.2949.000) 07/24 20:12:37 Job terminated.
	(1) Normal termination (return value 0)
		Usr 0 00:00:03, Sys 0 00:00:00  -  Run Remote Usage
		Usr 0 00:00:00, Sys 0 00:00:00  -  Run Local Usage
		Usr 0 00:00:03, Sys 0 00:00:00  -  Total Remote Usage
		Usr 0 00:00:00, Sys 0 00:00:00  -  Total Local Usage
	6204  -  Run Bytes Sent By Job
	409597  -  Run Bytes Received By Job
	6204  -  Total Bytes Sent By Job
	409597  -  Total Bytes Received By Job
	Partitionable Resources :    Usage  Request Allocated 
	   Cpus                 :        0        8         8 
	   Disk (KB)            :      428      425   2719280 
	   Memory (MB)          :        8    16000     16000 

	Job terminated of its own accord at 2024-07-24T18:12:37Z with exit-code 0.
...
000 (10261715.2949.000) 07/25 13:02:41 Job submitted from host: <188.185.114.121:9618?addrs=188.185.114.121-9618+[2001-1458-d00-a--100-273]-9618&alias=bigbird19.cern.ch&noUDP&sock=schedd_4961_696e>
...
009 (10261715.2949.000) 07/25 13:06:54 Job was aborted.
	via condor_rm (by user yelberke)
...
000 (10261767.2949.000) 07/25 13:20:33 Job submitted from host: <188.185.114.121:9618?addrs=188.185.114.121-9618+[2001-1458-d00-a--100-273]-9618&alias=bigbird19.cern.ch&noUDP&sock=schedd_4961_696e>
...
040 (10261767.2949.000) 07/25 14:34:15 Started transferring input files
	Transferring to host: <188.185.207.219:9618?addrs=188.185.207.219-9618+[2001-1458-303-e--100-58]-9618&alias=b9p08p2667.cern.ch&noUDP&sock=slot1_5_10622_e8e9_143660>
...
040 (10261767.2949.000) 07/25 14:34:15 Finished transferring input files
...
001 (10261767.2949.000) 07/25 14:34:16 Job executing on host: <188.185.207.219:9618?addrs=188.185.207.219-9618+[2001-1458-303-e--100-58]-9618&alias=b9p08p2667.cern.ch&noUDP&sock=startd_9222_1a79>
	SlotName: slot1_5@b9p08p2667.cern.ch
	CondorScratchDir = "/pool/condor/dir_731094"
	Cpus = 12
	Disk = 2635341
	Memory = 24000
...
006 (10261767.2949.000) 07/25 14:34:21 Image size of job updated: 160692
	7  -  MemoryUsage of job (MB)
	6772  -  ResidentSetSize of job (KB)
...
040 (10261767.2949.000) 07/25 14:34:21 Started transferring output files
...
040 (10261767.2949.000) 07/25 14:34:21 Finished transferring output files
...
005 (10261767.2949.000) 07/25 14:34:21 Job terminated.
	(1) Normal termination (return value 0)
		Usr 0 00:00:04, Sys 0 00:00:00  -  Run Remote Usage
		Usr 0 00:00:00, Sys 0 00:00:00  -  Run Local Usage
		Usr 0 00:00:04, Sys 0 00:00:00  -  Total Remote Usage
		Usr 0 00:00:00, Sys 0 00:00:00  -  Total Local Usage
	6676  -  Run Bytes Sent By Job
	409597  -  Run Bytes Received By Job
	6676  -  Total Bytes Sent By Job
	409597  -  Total Bytes Received By Job
	Partitionable Resources :    Usage  Request Allocated 
	   Cpus                 :                12        12 
	   Disk (KB)            :      420      425   2635341 
	   Memory (MB)          :        7    24000     24000 

	Job terminated of its own accord at 2024-07-25T12:34:21Z with exit-code 0.
...
000 (10284266.2949.000) 08/02 15:46:26 Job submitted from host: <188.185.114.121:9618?addrs=188.185.114.121-9618+[2001-1458-d00-a--100-273]-9618&alias=bigbird19.cern.ch&noUDP&sock=schedd_4961_696e>
...
000 (10284267.2949.000) 08/02 15:49:59 Job submitted from host: <188.185.114.121:9618?addrs=188.185.114.121-9618+[2001-1458-d00-a--100-273]-9618&alias=bigbird19.cern.ch&noUDP&sock=schedd_4961_696e>
...
009 (10284266.2949.000) 08/02 15:50:23 Job was aborted.
	via condor_rm (by user yelberke)
...
040 (10284267.2949.000) 08/02 16:45:53 Started transferring input files
	Transferring to host: <188.185.196.78:9618?addrs=188.185.196.78-9618+[2001-1458-303-23--100-4a]-9618&alias=b9p16p7600.cern.ch&noUDP&sock=slot1_7_2565132_4bef_174>
...
040 (10284267.2949.000) 08/02 16:45:53 Finished transferring input files
...
001 (10284267.2949.000) 08/02 16:45:54 Job executing on host: <188.185.196.78:9618?addrs=188.185.196.78-9618+[2001-1458-303-23--100-4a]-9618&alias=b9p16p7600.cern.ch&noUDP&sock=startd_128132_7910>
	SlotName: slot1_7@b9p16p7600.cern.ch
	CondorScratchDir = "/pool/condor/dir_2935751"
	Cpus = 12
	Disk = 2978948
	Memory = 24000
...
006 (10284267.2949.000) 08/02 16:45:55 Image size of job updated: 316464
	5  -  MemoryUsage of job (MB)
	4428  -  ResidentSetSize of job (KB)
...
040 (10284267.2949.000) 08/02 16:45:55 Started transferring output files
...
040 (10284267.2949.000) 08/02 16:45:55 Finished transferring output files
...
005 (10284267.2949.000) 08/02 16:45:55 Job terminated.
	(1) Normal termination (return value 139)
		Usr 0 00:00:02, Sys 0 00:00:00  -  Run Remote Usage
		Usr 0 00:00:00, Sys 0 00:00:00  -  Run Local Usage
		Usr 0 00:00:02, Sys 0 00:00:00  -  Total Remote Usage
		Usr 0 00:00:00, Sys 0 00:00:00  -  Total Local Usage
	7696  -  Run Bytes Sent By Job
	409597  -  Run Bytes Received By Job
	7696  -  Total Bytes Sent By Job
	409597  -  Total Bytes Received By Job
	Partitionable Resources :    Usage  Request Allocated 
	   Cpus                 :        0       12        12 
	   Disk (KB)            :      429      425   2978948 
	   Memory (MB)          :        5    24000     24000 

	Job terminated of its own accord at 2024-08-02T14:45:55Z with exit-code 139.
...
