000 (10252905.2991.000) 07/24 16:13:19 Job submitted from host: <188.185.114.121:9618?addrs=188.185.114.121-9618+[2001-1458-d00-a--100-273]-9618&alias=bigbird19.cern.ch&noUDP&sock=schedd_4961_696e>
...
009 (10252905.2991.000) 07/24 16:14:49 Job was aborted.
	via condor_rm (by user yelberke)
...
000 (10252906.2991.000) 07/24 16:15:38 Job submitted from host: <188.185.114.121:9618?addrs=188.185.114.121-9618+[2001-1458-d00-a--100-273]-9618&alias=bigbird19.cern.ch&noUDP&sock=schedd_4961_696e>
...
000 (10252907.2991.000) 07/24 16:17:32 Job submitted from host: <188.185.114.121:9618?addrs=188.185.114.121-9618+[2001-1458-d00-a--100-273]-9618&alias=bigbird19.cern.ch&noUDP&sock=schedd_4961_696e>
...
000 (10252908.2991.000) 07/24 16:18:06 Job submitted from host: <188.185.114.121:9618?addrs=188.185.114.121-9618+[2001-1458-d00-a--100-273]-9618&alias=bigbird19.cern.ch&noUDP&sock=schedd_4961_696e>
...
000 (10252909.2991.000) 07/24 16:18:42 Job submitted from host: <188.185.114.121:9618?addrs=188.185.114.121-9618+[2001-1458-d00-a--100-273]-9618&alias=bigbird19.cern.ch&noUDP&sock=schedd_4961_696e>
...
040 (10252906.2991.000) 07/24 16:43:44 Started transferring input files
	Transferring to host: <128.142.161.74:9618?addrs=128.142.161.74-9618+[2001-1458-301-b8--100-8]-9618&alias=b9g03p5829.cern.ch&noUDP&sock=slot1_8_738502_3788_173>
...
040 (10252906.2991.000) 07/24 16:43:44 Finished transferring input files
...
001 (10252906.2991.000) 07/24 16:43:45 Job executing on host: <128.142.161.74:9618?addrs=128.142.161.74-9618+[2001-1458-301-b8--100-8]-9618&alias=b9g03p5829.cern.ch&noUDP&sock=startd_3091_bf54>
	SlotName: slot1_8@b9g03p5829.cern.ch
	CondorScratchDir = "/pool/condor/dir_873780"
	Cpus = 8
	Disk = 3160558
	Memory = 16000
...
006 (10252906.2991.000) 07/24 16:43:50 Image size of job updated: 157040
	7  -  MemoryUsage of job (MB)
	6636  -  ResidentSetSize of job (KB)
...
040 (10252906.2991.000) 07/24 16:43:50 Started transferring output files
...
040 (10252906.2991.000) 07/24 16:43:50 Finished transferring output files
...
005 (10252906.2991.000) 07/24 16:43:50 Job terminated.
	(1) Normal termination (return value 0)
		Usr 0 00:00:04, Sys 0 00:00:00  -  Run Remote Usage
		Usr 0 00:00:00, Sys 0 00:00:00  -  Run Local Usage
		Usr 0 00:00:04, Sys 0 00:00:00  -  Total Remote Usage
		Usr 0 00:00:00, Sys 0 00:00:00  -  Total Local Usage
	6204  -  Run Bytes Sent By Job
	409597  -  Run Bytes Received By Job
	6204  -  Total Bytes Sent By Job
	409597  -  Total Bytes Received By Job
	Partitionable Resources :    Usage  Request Allocated 
	   Cpus                 :        0        8         8 
	   Disk (KB)            :      427      425   3160558 
	   Memory (MB)          :        7    16000     16000 

	Job terminated of its own accord at 2024-07-24T14:43:50Z with exit-code 0.
...
040 (10252907.2991.000) 07/24 18:05:29 Started transferring input files
	Transferring to host: <188.185.206.207:9618?addrs=188.185.206.207-9618+[2001-1458-303-c--100-4c]-9618&alias=b9p06p6342.cern.ch&noUDP&sock=slot1_15_3649_cced_83225>
...
040 (10252907.2991.000) 07/24 18:05:29 Finished transferring input files
...
001 (10252907.2991.000) 07/24 18:05:30 Job executing on host: <188.185.206.207:9618?addrs=188.185.206.207-9618+[2001-1458-303-c--100-4c]-9618&alias=b9p06p6342.cern.ch&noUDP&sock=startd_3322_31b4>
	SlotName: slot1_15@b9p06p6342.cern.ch
	CondorScratchDir = "/pool/condor/dir_3335001"
	Cpus = 8
	Disk = 2864709
	Memory = 16000
...
006 (10252907.2991.000) 07/24 18:05:35 Image size of job updated: 160808
	9  -  MemoryUsage of job (MB)
	8424  -  ResidentSetSize of job (KB)
...
040 (10252907.2991.000) 07/24 18:05:35 Started transferring output files
...
040 (10252907.2991.000) 07/24 18:05:35 Finished transferring output files
...
005 (10252907.2991.000) 07/24 18:05:35 Job terminated.
	(1) Normal termination (return value 0)
		Usr 0 00:00:03, Sys 0 00:00:00  -  Run Remote Usage
		Usr 0 00:00:00, Sys 0 00:00:00  -  Run Local Usage
		Usr 0 00:00:03, Sys 0 00:00:00  -  Total Remote Usage
		Usr 0 00:00:00, Sys 0 00:00:00  -  Total Local Usage
	6204  -  Run Bytes Sent By Job
	409597  -  Run Bytes Received By Job
	6204  -  Total Bytes Sent By Job
	409597  -  Total Bytes Received By Job
	Partitionable Resources :    Usage  Request Allocated 
	   Cpus                 :        0        8         8 
	   Disk (KB)            :      428      425   2864709 
	   Memory (MB)          :        9    16000     16000 

	Job terminated of its own accord at 2024-07-24T16:05:35Z with exit-code 0.
...
040 (10252908.2991.000) 07/24 19:13:20 Started transferring input files
	Transferring to host: <188.185.206.62:9618?addrs=188.185.206.62-9618+[2001-1458-303-b--100-3b]-9618&alias=b9p05p3252.cern.ch&noUDP&sock=slot1_9_3531_a8a9_29613>
...
040 (10252908.2991.000) 07/24 19:13:20 Finished transferring input files
...
001 (10252908.2991.000) 07/24 19:13:21 Job executing on host: <188.185.206.62:9618?addrs=188.185.206.62-9618+[2001-1458-303-b--100-3b]-9618&alias=b9p05p3252.cern.ch&noUDP&sock=startd_3180_cb41>
	SlotName: slot1_9@b9p05p3252.cern.ch
	CondorScratchDir = "/pool/condor/dir_991541"
	Cpus = 8
	Disk = 2637618
	Memory = 16000
...
006 (10252908.2991.000) 07/24 19:13:28 Image size of job updated: 157696
	7  -  MemoryUsage of job (MB)
	7028  -  ResidentSetSize of job (KB)
...
040 (10252908.2991.000) 07/24 19:13:28 Started transferring output files
...
040 (10252908.2991.000) 07/24 19:13:28 Finished transferring output files
...
005 (10252908.2991.000) 07/24 19:13:28 Job terminated.
	(1) Normal termination (return value 0)
		Usr 0 00:00:05, Sys 0 00:00:00  -  Run Remote Usage
		Usr 0 00:00:00, Sys 0 00:00:00  -  Run Local Usage
		Usr 0 00:00:05, Sys 0 00:00:00  -  Total Remote Usage
		Usr 0 00:00:00, Sys 0 00:00:00  -  Total Local Usage
	6204  -  Run Bytes Sent By Job
	409597  -  Run Bytes Received By Job
	6204  -  Total Bytes Sent By Job
	409597  -  Total Bytes Received By Job
	Partitionable Resources :    Usage  Request Allocated 
	   Cpus                 :        0        8         8 
	   Disk (KB)            :      430      425   2637618 
	   Memory (MB)          :        7    16000     16000 

	Job terminated of its own accord at 2024-07-24T17:13:28Z with exit-code 0.
...
040 (10252909.2991.000) 07/24 20:12:44 Started transferring input files
	Transferring to host: <188.185.205.118:9618?addrs=188.185.205.118-9618+[2001-1458-303-9--100-73]-9618&alias=b9p03p6728.cern.ch&noUDP&sock=slot1_13_6107_af11_157677>
...
040 (10252909.2991.000) 07/24 20:12:44 Finished transferring input files
...
001 (10252909.2991.000) 07/24 20:12:45 Job executing on host: <188.185.205.118:9618?addrs=188.185.205.118-9618+[2001-1458-303-9--100-73]-9618&alias=b9p03p6728.cern.ch&noUDP&sock=startd_5706_6b7c>
	SlotName: slot1_13@b9p03p6728.cern.ch
	CondorScratchDir = "/pool/condor/dir_4162630"
	Cpus = 8
	Disk = 2837532
	Memory = 16000
...
006 (10252909.2991.000) 07/24 20:12:49 Image size of job updated: 164660
	11  -  MemoryUsage of job (MB)
	10252  -  ResidentSetSize of job (KB)
...
040 (10252909.2991.000) 07/24 20:12:50 Started transferring output files
...
040 (10252909.2991.000) 07/24 20:12:50 Finished transferring output files
...
005 (10252909.2991.000) 07/24 20:12:50 Job terminated.
	(1) Normal termination (return value 0)
		Usr 0 00:00:03, Sys 0 00:00:00  -  Run Remote Usage
		Usr 0 00:00:00, Sys 0 00:00:00  -  Run Local Usage
		Usr 0 00:00:03, Sys 0 00:00:00  -  Total Remote Usage
		Usr 0 00:00:00, Sys 0 00:00:00  -  Total Local Usage
	6204  -  Run Bytes Sent By Job
	409597  -  Run Bytes Received By Job
	6204  -  Total Bytes Sent By Job
	409597  -  Total Bytes Received By Job
	Partitionable Resources :    Usage  Request Allocated 
	   Cpus                 :        0        8         8 
	   Disk (KB)            :      427      425   2837532 
	   Memory (MB)          :       11    16000     16000 

	Job terminated of its own accord at 2024-07-24T18:12:49Z with exit-code 0.
...
000 (10261715.2991.000) 07/25 13:02:42 Job submitted from host: <188.185.114.121:9618?addrs=188.185.114.121-9618+[2001-1458-d00-a--100-273]-9618&alias=bigbird19.cern.ch&noUDP&sock=schedd_4961_696e>
...
009 (10261715.2991.000) 07/25 13:06:55 Job was aborted.
	via condor_rm (by user yelberke)
...
000 (10261767.2991.000) 07/25 13:20:33 Job submitted from host: <188.185.114.121:9618?addrs=188.185.114.121-9618+[2001-1458-d00-a--100-273]-9618&alias=bigbird19.cern.ch&noUDP&sock=schedd_4961_696e>
...
040 (10261767.2991.000) 07/25 14:34:29 Started transferring input files
	Transferring to host: <188.185.206.225:9618?addrs=188.185.206.225-9618&alias=b9p06p0505.cern.ch&noUDP&sock=slot1_13_4947_5be2_158892>
...
040 (10261767.2991.000) 07/25 14:34:29 Finished transferring input files
...
001 (10261767.2991.000) 07/25 14:34:30 Job executing on host: <188.185.206.225:9618?addrs=188.185.206.225-9618&alias=b9p06p0505.cern.ch&noUDP&sock=startd_4467_91a5>
	SlotName: slot1_13@b9p06p0505.cern.ch
	CondorScratchDir = "/pool/condor/dir_2498672"
	Cpus = 12
	Disk = 2737759
	Memory = 24000
...
006 (10261767.2991.000) 07/25 14:34:34 Image size of job updated: 160508
	7  -  MemoryUsage of job (MB)
	6520  -  ResidentSetSize of job (KB)
...
040 (10261767.2991.000) 07/25 14:34:34 Started transferring output files
...
040 (10261767.2991.000) 07/25 14:34:34 Finished transferring output files
...
005 (10261767.2991.000) 07/25 14:34:34 Job terminated.
	(1) Normal termination (return value 0)
		Usr 0 00:00:03, Sys 0 00:00:00  -  Run Remote Usage
		Usr 0 00:00:00, Sys 0 00:00:00  -  Run Local Usage
		Usr 0 00:00:03, Sys 0 00:00:00  -  Total Remote Usage
		Usr 0 00:00:00, Sys 0 00:00:00  -  Total Local Usage
	6676  -  Run Bytes Sent By Job
	409597  -  Run Bytes Received By Job
	6676  -  Total Bytes Sent By Job
	409597  -  Total Bytes Received By Job
	Partitionable Resources :    Usage  Request Allocated 
	   Cpus                 :     0.06       12        12 
	   Disk (KB)            :   427         425   2737759 
	   Memory (MB)          :     7       24000     24000 

	Job terminated of its own accord at 2024-07-25T12:34:34Z with exit-code 0.
...
000 (10284266.2991.000) 08/02 15:46:26 Job submitted from host: <188.185.114.121:9618?addrs=188.185.114.121-9618+[2001-1458-d00-a--100-273]-9618&alias=bigbird19.cern.ch&noUDP&sock=schedd_4961_696e>
...
000 (10284267.2991.000) 08/02 15:49:59 Job submitted from host: <188.185.114.121:9618?addrs=188.185.114.121-9618+[2001-1458-d00-a--100-273]-9618&alias=bigbird19.cern.ch&noUDP&sock=schedd_4961_696e>
...
009 (10284266.2991.000) 08/02 15:50:23 Job was aborted.
	via condor_rm (by user yelberke)
...
040 (10284267.2991.000) 08/02 16:46:01 Started transferring input files
	Transferring to host: <188.185.206.164:9618?addrs=188.185.206.164-9618&alias=b9p06p6630.cern.ch&noUDP&sock=slot1_14_6652_af88_165867>
...
040 (10284267.2991.000) 08/02 16:46:01 Finished transferring input files
...
001 (10284267.2991.000) 08/02 16:46:02 Job executing on host: <188.185.206.164:9618?addrs=188.185.206.164-9618&alias=b9p06p6630.cern.ch&noUDP&sock=startd_6377_ab89>
	SlotName: slot1_14@b9p06p6630.cern.ch
	CondorScratchDir = "/pool/condor/dir_1019063"
	Cpus = 12
	Disk = 2824925
	Memory = 24000
...
006 (10284267.2991.000) 08/02 16:46:04 Image size of job updated: 327632
	6  -  MemoryUsage of job (MB)
	5580  -  ResidentSetSize of job (KB)
...
040 (10284267.2991.000) 08/02 16:46:04 Started transferring output files
...
040 (10284267.2991.000) 08/02 16:46:04 Finished transferring output files
...
005 (10284267.2991.000) 08/02 16:46:04 Job terminated.
	(1) Normal termination (return value 139)
		Usr 0 00:00:01, Sys 0 00:00:00  -  Run Remote Usage
		Usr 0 00:00:00, Sys 0 00:00:00  -  Run Local Usage
		Usr 0 00:00:01, Sys 0 00:00:00  -  Total Remote Usage
		Usr 0 00:00:00, Sys 0 00:00:00  -  Total Local Usage
	7696  -  Run Bytes Sent By Job
	409597  -  Run Bytes Received By Job
	7696  -  Total Bytes Sent By Job
	409597  -  Total Bytes Received By Job
	Partitionable Resources :    Usage  Request Allocated 
	   Cpus                 :        0       12        12 
	   Disk (KB)            :      429      425   2824925 
	   Memory (MB)          :        6    24000     24000 

	Job terminated of its own accord at 2024-08-02T14:46:04Z with exit-code 139.
...
