000 (10252905.3024.000) 07/24 16:13:19 Job submitted from host: <188.185.114.121:9618?addrs=188.185.114.121-9618+[2001-1458-d00-a--100-273]-9618&alias=bigbird19.cern.ch&noUDP&sock=schedd_4961_696e>
...
009 (10252905.3024.000) 07/24 16:14:49 Job was aborted.
	via condor_rm (by user yelberke)
...
000 (10252906.3024.000) 07/24 16:15:38 Job submitted from host: <188.185.114.121:9618?addrs=188.185.114.121-9618+[2001-1458-d00-a--100-273]-9618&alias=bigbird19.cern.ch&noUDP&sock=schedd_4961_696e>
...
000 (10252907.3024.000) 07/24 16:17:32 Job submitted from host: <188.185.114.121:9618?addrs=188.185.114.121-9618+[2001-1458-d00-a--100-273]-9618&alias=bigbird19.cern.ch&noUDP&sock=schedd_4961_696e>
...
000 (10252908.3024.000) 07/24 16:18:06 Job submitted from host: <188.185.114.121:9618?addrs=188.185.114.121-9618+[2001-1458-d00-a--100-273]-9618&alias=bigbird19.cern.ch&noUDP&sock=schedd_4961_696e>
...
000 (10252909.3024.000) 07/24 16:18:42 Job submitted from host: <188.185.114.121:9618?addrs=188.185.114.121-9618+[2001-1458-d00-a--100-273]-9618&alias=bigbird19.cern.ch&noUDP&sock=schedd_4961_696e>
...
040 (10252906.3024.000) 07/24 16:47:22 Started transferring input files
	Transferring to host: <188.185.209.12:9618?addrs=188.185.209.12-9618+[2001-1458-303-11--100-9]-9618&alias=b9p11p3922.cern.ch&noUDP&sock=slot1_30_9942_c9cd_145274>
...
040 (10252906.3024.000) 07/24 16:47:22 Finished transferring input files
...
001 (10252906.3024.000) 07/24 16:47:23 Job executing on host: <188.185.209.12:9618?addrs=188.185.209.12-9618+[2001-1458-303-11--100-9]-9618&alias=b9p11p3922.cern.ch&noUDP&sock=startd_8580_beac>
	SlotName: slot1_30@b9p11p3922.cern.ch
	CondorScratchDir = "/pool/condor/dir_3487643"
	Cpus = 8
	Disk = 2697940
	Memory = 16000
...
006 (10252906.3024.000) 07/24 16:47:27 Image size of job updated: 159736
	8  -  MemoryUsage of job (MB)
	7256  -  ResidentSetSize of job (KB)
...
040 (10252906.3024.000) 07/24 16:47:27 Started transferring output files
...
040 (10252906.3024.000) 07/24 16:47:27 Finished transferring output files
...
005 (10252906.3024.000) 07/24 16:47:27 Job terminated.
	(1) Normal termination (return value 0)
		Usr 0 00:00:03, Sys 0 00:00:00  -  Run Remote Usage
		Usr 0 00:00:00, Sys 0 00:00:00  -  Run Local Usage
		Usr 0 00:00:03, Sys 0 00:00:00  -  Total Remote Usage
		Usr 0 00:00:00, Sys 0 00:00:00  -  Total Local Usage
	6204  -  Run Bytes Sent By Job
	409597  -  Run Bytes Received By Job
	6204  -  Total Bytes Sent By Job
	409597  -  Total Bytes Received By Job
	Partitionable Resources :    Usage  Request Allocated 
	   Cpus                 :        0        8         8 
	   Disk (KB)            :      427      425   2697940 
	   Memory (MB)          :        8    16000     16000 

	Job terminated of its own accord at 2024-07-24T14:47:27Z with exit-code 0.
...
040 (10252907.3024.000) 07/24 18:05:53 Started transferring input files
	Transferring to host: <188.185.207.53:9618?addrs=188.185.207.53-9618+[2001-1458-303-d--100-32]-9618&alias=b9p07p5264.cern.ch&noUDP&sock=slot1_15_7269_6b01_145828>
...
001 (10252907.3024.000) 07/24 18:05:55 Job executing on host: <188.185.207.53:9618?addrs=188.185.207.53-9618+[2001-1458-303-d--100-32]-9618&alias=b9p07p5264.cern.ch&noUDP&sock=startd_5825_0b41>
	SlotName: slot1_15@b9p07p5264.cern.ch
	CondorScratchDir = "/pool/condor/dir_3111558"
	Cpus = 8
	Disk = 2765406
	Memory = 16000
...
040 (10252907.3024.000) 07/24 18:05:55 Finished transferring input files
...
006 (10252907.3024.000) 07/24 18:05:59 Image size of job updated: 158628
	8  -  MemoryUsage of job (MB)
	7500  -  ResidentSetSize of job (KB)
...
040 (10252907.3024.000) 07/24 18:06:03 Started transferring output files
...
040 (10252907.3024.000) 07/24 18:06:07 Finished transferring output files
...
005 (10252907.3024.000) 07/24 18:06:09 Job terminated.
	(1) Normal termination (return value 0)
		Usr 0 00:00:03, Sys 0 00:00:00  -  Run Remote Usage
		Usr 0 00:00:00, Sys 0 00:00:00  -  Run Local Usage
		Usr 0 00:00:03, Sys 0 00:00:00  -  Total Remote Usage
		Usr 0 00:00:00, Sys 0 00:00:00  -  Total Local Usage
	6204  -  Run Bytes Sent By Job
	409597  -  Run Bytes Received By Job
	6204  -  Total Bytes Sent By Job
	409597  -  Total Bytes Received By Job
	Partitionable Resources :    Usage  Request Allocated 
	   Cpus                 :        0        8         8 
	   Disk (KB)            :      428      425   2765406 
	   Memory (MB)          :        8    16000     16000 

	Job terminated of its own accord at 2024-07-24T16:05:59Z with exit-code 0.
...
040 (10252908.3024.000) 07/24 19:13:31 Started transferring input files
	Transferring to host: <188.185.194.151:9618?addrs=188.185.194.151-9618+[2001-1458-303-21--100-93]-9618&alias=b9p20p8169.cern.ch&noUDP&sock=slot1_14_2215987_0f19_4881>
...
040 (10252908.3024.000) 07/24 19:13:31 Finished transferring input files
...
001 (10252908.3024.000) 07/24 19:13:32 Job executing on host: <188.185.194.151:9618?addrs=188.185.194.151-9618+[2001-1458-303-21--100-93]-9618&alias=b9p20p8169.cern.ch&noUDP&sock=startd_174440_e8bf>
	SlotName: slot1_14@b9p20p8169.cern.ch
	CondorScratchDir = "/pool/condor/dir_3850366"
	Cpus = 8
	Disk = 2941781
	Memory = 16000
...
006 (10252908.3024.000) 07/24 19:13:40 Image size of job updated: 158528
	8  -  MemoryUsage of job (MB)
	7540  -  ResidentSetSize of job (KB)
...
040 (10252908.3024.000) 07/24 19:13:40 Started transferring output files
...
040 (10252908.3024.000) 07/24 19:13:40 Finished transferring output files
...
005 (10252908.3024.000) 07/24 19:13:40 Job terminated.
	(1) Normal termination (return value 0)
		Usr 0 00:00:07, Sys 0 00:00:00  -  Run Remote Usage
		Usr 0 00:00:00, Sys 0 00:00:00  -  Run Local Usage
		Usr 0 00:00:07, Sys 0 00:00:00  -  Total Remote Usage
		Usr 0 00:00:00, Sys 0 00:00:00  -  Total Local Usage
	6204  -  Run Bytes Sent By Job
	409597  -  Run Bytes Received By Job
	6204  -  Total Bytes Sent By Job
	409597  -  Total Bytes Received By Job
	Partitionable Resources :    Usage  Request Allocated 
	   Cpus                 :        0        8         8 
	   Disk (KB)            :      428      425   2941781 
	   Memory (MB)          :        8    16000     16000 

	Job terminated of its own accord at 2024-07-24T17:13:40Z with exit-code 0.
...
040 (10252909.3024.000) 07/24 20:12:56 Started transferring input files
	Transferring to host: <188.184.185.30:9618?addrs=188.184.185.30-9618+[2001-1458-301-52--100-1d]-9618&alias=b9g37p3652.cern.ch&noUDP&sock=slot1_9_1603866_707e_3610>
...
040 (10252909.3024.000) 07/24 20:12:56 Finished transferring input files
...
001 (10252909.3024.000) 07/24 20:12:57 Job executing on host: <188.184.185.30:9618?addrs=188.184.185.30-9618+[2001-1458-301-52--100-1d]-9618&alias=b9g37p3652.cern.ch&noUDP&sock=startd_5031_6d0f>
	SlotName: slot1_9@b9g37p3652.cern.ch
	CondorScratchDir = "/pool/condor/dir_3131190"
	Cpus = 8
	Disk = 2769158
	Memory = 16000
...
006 (10252909.3024.000) 07/24 20:13:03 Image size of job updated: 7512
	8  -  MemoryUsage of job (MB)
	7512  -  ResidentSetSize of job (KB)
...
040 (10252909.3024.000) 07/24 20:13:03 Started transferring output files
...
040 (10252909.3024.000) 07/24 20:13:03 Finished transferring output files
...
005 (10252909.3024.000) 07/24 20:13:03 Job terminated.
	(1) Normal termination (return value 0)
		Usr 0 00:00:05, Sys 0 00:00:00  -  Run Remote Usage
		Usr 0 00:00:00, Sys 0 00:00:00  -  Run Local Usage
		Usr 0 00:00:05, Sys 0 00:00:00  -  Total Remote Usage
		Usr 0 00:00:00, Sys 0 00:00:00  -  Total Local Usage
	6204  -  Run Bytes Sent By Job
	409597  -  Run Bytes Received By Job
	6204  -  Total Bytes Sent By Job
	409597  -  Total Bytes Received By Job
	Partitionable Resources :    Usage  Request Allocated 
	   Cpus                 :                 8         8 
	   Disk (KB)            :      419      425   2769158 
	   Memory (MB)          :        8    16000     16000 

	Job terminated of its own accord at 2024-07-24T18:13:03Z with exit-code 0.
...
000 (10261715.3024.000) 07/25 13:02:42 Job submitted from host: <188.185.114.121:9618?addrs=188.185.114.121-9618+[2001-1458-d00-a--100-273]-9618&alias=bigbird19.cern.ch&noUDP&sock=schedd_4961_696e>
...
009 (10261715.3024.000) 07/25 13:06:55 Job was aborted.
	via condor_rm (by user yelberke)
...
000 (10261767.3024.000) 07/25 13:20:33 Job submitted from host: <188.185.114.121:9618?addrs=188.185.114.121-9618+[2001-1458-d00-a--100-273]-9618&alias=bigbird19.cern.ch&noUDP&sock=schedd_4961_696e>
...
040 (10261767.3024.000) 07/25 14:34:41 Started transferring input files
	Transferring to host: <188.185.205.9:9618?addrs=188.185.205.9-9618+[2001-1458-303-9--100-7e]-9618&alias=b9p03p7969.cern.ch&noUDP&sock=slot1_20_7347_6044_30780>
...
040 (10261767.3024.000) 07/25 14:34:41 Finished transferring input files
...
001 (10261767.3024.000) 07/25 14:34:42 Job executing on host: <188.185.205.9:9618?addrs=188.185.205.9-9618+[2001-1458-303-9--100-7e]-9618&alias=b9p03p7969.cern.ch&noUDP&sock=startd_6402_d167>
	SlotName: slot1_20@b9p03p7969.cern.ch
	CondorScratchDir = "/pool/condor/dir_4115146"
	Cpus = 12
	Disk = 2784353
	Memory = 24000
...
006 (10261767.3024.000) 07/25 14:34:46 Image size of job updated: 160840
	7  -  MemoryUsage of job (MB)
	6912  -  ResidentSetSize of job (KB)
...
040 (10261767.3024.000) 07/25 14:34:46 Started transferring output files
...
040 (10261767.3024.000) 07/25 14:34:46 Finished transferring output files
...
005 (10261767.3024.000) 07/25 14:34:46 Job terminated.
	(1) Normal termination (return value 0)
		Usr 0 00:00:03, Sys 0 00:00:00  -  Run Remote Usage
		Usr 0 00:00:00, Sys 0 00:00:00  -  Run Local Usage
		Usr 0 00:00:03, Sys 0 00:00:00  -  Total Remote Usage
		Usr 0 00:00:00, Sys 0 00:00:00  -  Total Local Usage
	6676  -  Run Bytes Sent By Job
	409597  -  Run Bytes Received By Job
	6676  -  Total Bytes Sent By Job
	409597  -  Total Bytes Received By Job
	Partitionable Resources :    Usage  Request Allocated 
	   Cpus                 :        0       12        12 
	   Disk (KB)            :      427      425   2784353 
	   Memory (MB)          :        7    24000     24000 

	Job terminated of its own accord at 2024-07-25T12:34:46Z with exit-code 0.
...
000 (10284266.3024.000) 08/02 15:46:27 Job submitted from host: <188.185.114.121:9618?addrs=188.185.114.121-9618+[2001-1458-d00-a--100-273]-9618&alias=bigbird19.cern.ch&noUDP&sock=schedd_4961_696e>
...
000 (10284267.3024.000) 08/02 15:50:00 Job submitted from host: <188.185.114.121:9618?addrs=188.185.114.121-9618+[2001-1458-d00-a--100-273]-9618&alias=bigbird19.cern.ch&noUDP&sock=schedd_4961_696e>
...
009 (10284266.3024.000) 08/02 15:50:23 Job was aborted.
	via condor_rm (by user yelberke)
...
040 (10284267.3024.000) 08/02 16:46:12 Started transferring input files
	Transferring to host: <188.185.205.125:9618?addrs=188.185.205.125-9618+[2001-1458-303-9--100-7a]-9618&alias=b9p03p9078.cern.ch&noUDP&sock=slot1_19_6035_f40e_90932>
...
040 (10284267.3024.000) 08/02 16:46:12 Finished transferring input files
...
001 (10284267.3024.000) 08/02 16:46:13 Job executing on host: <188.185.205.125:9618?addrs=188.185.205.125-9618+[2001-1458-303-9--100-7a]-9618&alias=b9p03p9078.cern.ch&noUDP&sock=startd_4951_8d7b>
	SlotName: slot1_19@b9p03p9078.cern.ch
	CondorScratchDir = "/pool/condor/dir_2100042"
	Cpus = 12
	Disk = 2561911
	Memory = 24000
...
006 (10284267.3024.000) 08/02 16:46:14 Image size of job updated: 329836
	5  -  MemoryUsage of job (MB)
	4408  -  ResidentSetSize of job (KB)
...
040 (10284267.3024.000) 08/02 16:46:14 Started transferring output files
...
040 (10284267.3024.000) 08/02 16:46:14 Finished transferring output files
...
005 (10284267.3024.000) 08/02 16:46:14 Job terminated.
	(1) Normal termination (return value 139)
		Usr 0 00:00:01, Sys 0 00:00:00  -  Run Remote Usage
		Usr 0 00:00:00, Sys 0 00:00:00  -  Run Local Usage
		Usr 0 00:00:01, Sys 0 00:00:00  -  Total Remote Usage
		Usr 0 00:00:00, Sys 0 00:00:00  -  Total Local Usage
	7696  -  Run Bytes Sent By Job
	409597  -  Run Bytes Received By Job
	7696  -  Total Bytes Sent By Job
	409597  -  Total Bytes Received By Job
	Partitionable Resources :    Usage  Request Allocated 
	   Cpus                 :        0       12        12 
	   Disk (KB)            :      430      425   2561911 
	   Memory (MB)          :        5    24000     24000 

	Job terminated of its own accord at 2024-08-02T14:46:14Z with exit-code 139.
...
