000 (10252905.030.000) 07/24 16:13:14 Job submitted from host: <188.185.114.121:9618?addrs=188.185.114.121-9618+[2001-1458-d00-a--100-273]-9618&alias=bigbird19.cern.ch&noUDP&sock=schedd_4961_696e>
...
009 (10252905.030.000) 07/24 16:14:43 Job was aborted.
	via condor_rm (by user yelberke)
...
000 (10252906.030.000) 07/24 16:15:36 Job submitted from host: <188.185.114.121:9618?addrs=188.185.114.121-9618+[2001-1458-d00-a--100-273]-9618&alias=bigbird19.cern.ch&noUDP&sock=schedd_4961_696e>
...
040 (10252906.030.000) 07/24 16:16:09 Started transferring input files
	Transferring to host: <188.185.196.67:9618?addrs=188.185.196.67-9618+[2001-1458-303-23--100-3f]-9618&alias=b9p16p9691.cern.ch&noUDP&sock=slot1_1_137964_de63_31515>
...
040 (10252906.030.000) 07/24 16:16:09 Finished transferring input files
...
001 (10252906.030.000) 07/24 16:16:10 Job executing on host: <188.185.196.67:9618?addrs=188.185.196.67-9618+[2001-1458-303-23--100-3f]-9618&alias=b9p16p9691.cern.ch&noUDP&sock=startd_127944_8542>
	SlotName: slot1_1@b9p16p9691.cern.ch
	CondorScratchDir = "/pool/condor/dir_656691"
	Cpus = 8
	Disk = 3011349
	Memory = 16000
...
006 (10252906.030.000) 07/24 16:16:19 Image size of job updated: 518108
	506  -  MemoryUsage of job (MB)
	517940  -  ResidentSetSize of job (KB)
...
006 (10252906.030.000) 07/24 16:16:23 Image size of job updated: 537548
	506  -  MemoryUsage of job (MB)
	517940  -  ResidentSetSize of job (KB)
...
040 (10252906.030.000) 07/24 16:16:23 Started transferring output files
...
040 (10252906.030.000) 07/24 16:16:23 Finished transferring output files
...
005 (10252906.030.000) 07/24 16:16:23 Job terminated.
	(1) Normal termination (return value 0)
		Usr 0 00:00:08, Sys 0 00:00:00  -  Run Remote Usage
		Usr 0 00:00:00, Sys 0 00:00:00  -  Run Local Usage
		Usr 0 00:00:08, Sys 0 00:00:00  -  Total Remote Usage
		Usr 0 00:00:00, Sys 0 00:00:00  -  Total Local Usage
	6204  -  Run Bytes Sent By Job
	409597  -  Run Bytes Received By Job
	6204  -  Total Bytes Sent By Job
	409597  -  Total Bytes Received By Job
	Partitionable Resources :    Usage  Request Allocated 
	   Cpus                 :        0        8         8 
	   Disk (KB)            :      427      425   3011349 
	   Memory (MB)          :      506    16000     16000 

	Job terminated of its own accord at 2024-07-24T14:16:23Z with exit-code 0.
...
000 (10252907.030.000) 07/24 16:17:29 Job submitted from host: <188.185.114.121:9618?addrs=188.185.114.121-9618+[2001-1458-d00-a--100-273]-9618&alias=bigbird19.cern.ch&noUDP&sock=schedd_4961_696e>
...
000 (10252908.030.000) 07/24 16:18:03 Job submitted from host: <188.185.114.121:9618?addrs=188.185.114.121-9618+[2001-1458-d00-a--100-273]-9618&alias=bigbird19.cern.ch&noUDP&sock=schedd_4961_696e>
...
000 (10252909.030.000) 07/24 16:18:38 Job submitted from host: <188.185.114.121:9618?addrs=188.185.114.121-9618+[2001-1458-d00-a--100-273]-9618&alias=bigbird19.cern.ch&noUDP&sock=schedd_4961_696e>
...
000 (10252910.030.000) 07/24 16:19:04 Job submitted from host: <188.185.114.121:9618?addrs=188.185.114.121-9618+[2001-1458-d00-a--100-273]-9618&alias=bigbird19.cern.ch&noUDP&sock=schedd_4961_696e>
...
000 (10252911.030.000) 07/24 16:19:17 Job submitted from host: <188.185.114.121:9618?addrs=188.185.114.121-9618+[2001-1458-d00-a--100-273]-9618&alias=bigbird19.cern.ch&noUDP&sock=schedd_4961_696e>
...
000 (10252912.030.000) 07/24 16:19:29 Job submitted from host: <188.185.114.121:9618?addrs=188.185.114.121-9618+[2001-1458-d00-a--100-273]-9618&alias=bigbird19.cern.ch&noUDP&sock=schedd_4961_696e>
...
000 (10252913.030.000) 07/24 16:19:42 Job submitted from host: <188.185.114.121:9618?addrs=188.185.114.121-9618+[2001-1458-d00-a--100-273]-9618&alias=bigbird19.cern.ch&noUDP&sock=schedd_4961_696e>
...
040 (10252907.030.000) 07/24 17:43:18 Started transferring input files
	Transferring to host: <188.185.205.223:9618?addrs=188.185.205.223-9618&alias=b9p04p6875.cern.ch&noUDP&sock=slot1_6_7384_7225_155713>
...
040 (10252907.030.000) 07/24 17:43:18 Finished transferring input files
...
001 (10252907.030.000) 07/24 17:43:19 Job executing on host: <188.185.205.223:9618?addrs=188.185.205.223-9618&alias=b9p04p6875.cern.ch&noUDP&sock=startd_7316_bef7>
	SlotName: slot1_6@b9p04p6875.cern.ch
	CondorScratchDir = "/pool/condor/dir_2714331"
	Cpus = 8
	Disk = 2554787
	Memory = 16000
...
006 (10252907.030.000) 07/24 17:43:24 Image size of job updated: 163332
	10  -  MemoryUsage of job (MB)
	9696  -  ResidentSetSize of job (KB)
...
040 (10252907.030.000) 07/24 17:43:24 Started transferring output files
...
040 (10252907.030.000) 07/24 17:43:24 Finished transferring output files
...
005 (10252907.030.000) 07/24 17:43:24 Job terminated.
	(1) Normal termination (return value 0)
		Usr 0 00:00:03, Sys 0 00:00:00  -  Run Remote Usage
		Usr 0 00:00:00, Sys 0 00:00:00  -  Run Local Usage
		Usr 0 00:00:03, Sys 0 00:00:00  -  Total Remote Usage
		Usr 0 00:00:00, Sys 0 00:00:00  -  Total Local Usage
	6204  -  Run Bytes Sent By Job
	409597  -  Run Bytes Received By Job
	6204  -  Total Bytes Sent By Job
	409597  -  Total Bytes Received By Job
	Partitionable Resources :    Usage  Request Allocated 
	   Cpus                 :        0        8         8 
	   Disk (KB)            :      428      425   2554787 
	   Memory (MB)          :       10    16000     16000 

	Job terminated of its own accord at 2024-07-24T15:43:24Z with exit-code 0.
...
040 (10252908.030.000) 07/24 18:43:16 Started transferring input files
	Transferring to host: <188.185.205.218:9618?addrs=188.185.205.218-9618&alias=b9p04p8395.cern.ch&noUDP&sock=slot1_1_5465_5637_156651>
...
040 (10252908.030.000) 07/24 18:43:16 Finished transferring input files
...
001 (10252908.030.000) 07/24 18:43:17 Job executing on host: <188.185.205.218:9618?addrs=188.185.205.218-9618&alias=b9p04p8395.cern.ch&noUDP&sock=startd_5003_3868>
	SlotName: slot1_1@b9p04p8395.cern.ch
	CondorScratchDir = "/pool/condor/dir_570092"
	Cpus = 8
	Disk = 2949639
	Memory = 16000
...
006 (10252908.030.000) 07/24 18:43:21 Image size of job updated: 160152
	9  -  MemoryUsage of job (MB)
	8260  -  ResidentSetSize of job (KB)
...
040 (10252908.030.000) 07/24 18:43:21 Started transferring output files
...
040 (10252908.030.000) 07/24 18:43:21 Finished transferring output files
...
005 (10252908.030.000) 07/24 18:43:21 Job terminated.
	(1) Normal termination (return value 0)
		Usr 0 00:00:03, Sys 0 00:00:00  -  Run Remote Usage
		Usr 0 00:00:00, Sys 0 00:00:00  -  Run Local Usage
		Usr 0 00:00:03, Sys 0 00:00:00  -  Total Remote Usage
		Usr 0 00:00:00, Sys 0 00:00:00  -  Total Local Usage
	6204  -  Run Bytes Sent By Job
	409597  -  Run Bytes Received By Job
	6204  -  Total Bytes Sent By Job
	409597  -  Total Bytes Received By Job
	Partitionable Resources :    Usage  Request Allocated 
	   Cpus                 :        0        8         8 
	   Disk (KB)            :      428      425   2949639 
	   Memory (MB)          :        9    16000     16000 

	Job terminated of its own accord at 2024-07-24T16:43:21Z with exit-code 0.
...
040 (10252909.030.000) 07/24 19:47:19 Started transferring input files
	Transferring to host: <188.185.207.43:9618?addrs=188.185.207.43-9618+[2001-1458-303-d--100-28]-9618&alias=b9p07p8370.cern.ch&noUDP&sock=slot1_8_11671_0674_141215>
...
040 (10252909.030.000) 07/24 19:47:19 Finished transferring input files
...
001 (10252909.030.000) 07/24 19:47:20 Job executing on host: <188.185.207.43:9618?addrs=188.185.207.43-9618+[2001-1458-303-d--100-28]-9618&alias=b9p07p8370.cern.ch&noUDP&sock=startd_10161_2de7>
	SlotName: slot1_8@b9p07p8370.cern.ch
	CondorScratchDir = "/pool/condor/dir_3602490"
	Cpus = 8
	Disk = 2788896
	Memory = 16000
...
006 (10252909.030.000) 07/24 19:47:26 Image size of job updated: 160080
	8  -  MemoryUsage of job (MB)
	7792  -  ResidentSetSize of job (KB)
...
040 (10252909.030.000) 07/24 19:47:26 Started transferring output files
...
040 (10252909.030.000) 07/24 19:47:26 Finished transferring output files
...
005 (10252909.030.000) 07/24 19:47:26 Job terminated.
	(1) Normal termination (return value 0)
		Usr 0 00:00:05, Sys 0 00:00:00  -  Run Remote Usage
		Usr 0 00:00:00, Sys 0 00:00:00  -  Run Local Usage
		Usr 0 00:00:05, Sys 0 00:00:00  -  Total Remote Usage
		Usr 0 00:00:00, Sys 0 00:00:00  -  Total Local Usage
	6204  -  Run Bytes Sent By Job
	409597  -  Run Bytes Received By Job
	6204  -  Total Bytes Sent By Job
	409597  -  Total Bytes Received By Job
	Partitionable Resources :    Usage  Request Allocated 
	   Cpus                 :        0        8         8 
	   Disk (KB)            :      428      425   2788896 
	   Memory (MB)          :        8    16000     16000 

	Job terminated of its own accord at 2024-07-24T17:47:26Z with exit-code 0.
...
040 (10252910.030.000) 07/24 20:41:11 Started transferring input files
	Transferring to host: <128.142.161.102:9618?addrs=128.142.161.102-9618+[2001-1458-301-b8--100-24]-9618&alias=b9g03p0525.cern.ch&noUDP&sock=slot1_10_879135_e33f_2771>
...
040 (10252910.030.000) 07/24 20:41:11 Finished transferring input files
...
001 (10252910.030.000) 07/24 20:41:12 Job executing on host: <128.142.161.102:9618?addrs=128.142.161.102-9618+[2001-1458-301-b8--100-24]-9618&alias=b9g03p0525.cern.ch&noUDP&sock=startd_3142_baa8>
	SlotName: slot1_10@b9g03p0525.cern.ch
	CondorScratchDir = "/pool/condor/dir_1066535"
	Cpus = 8
	Disk = 3155474
	Memory = 16000
...
006 (10252910.030.000) 07/24 20:41:21 Image size of job updated: 1
	0  -  MemoryUsage of job (MB)
	0  -  ResidentSetSize of job (KB)
...
006 (10252910.030.000) 07/24 20:41:43 Image size of job updated: 329912
	174  -  MemoryUsage of job (MB)
	177592  -  ResidentSetSize of job (KB)
...
040 (10252910.030.000) 07/24 20:41:43 Started transferring output files
...
040 (10252910.030.000) 07/24 20:41:43 Finished transferring output files
...
005 (10252910.030.000) 07/24 20:41:43 Job terminated.
	(1) Normal termination (return value 0)
		Usr 0 00:00:04, Sys 0 00:00:00  -  Run Remote Usage
		Usr 0 00:00:00, Sys 0 00:00:00  -  Run Local Usage
		Usr 0 00:00:04, Sys 0 00:00:00  -  Total Remote Usage
		Usr 0 00:00:00, Sys 0 00:00:00  -  Total Local Usage
	6201  -  Run Bytes Sent By Job
	409597  -  Run Bytes Received By Job
	6201  -  Total Bytes Sent By Job
	409597  -  Total Bytes Received By Job
	Partitionable Resources :    Usage  Request Allocated 
	   Cpus                 :        0        8         8 
	   Disk (KB)            :      427      425   3155474 
	   Memory (MB)          :      174    16000     16000 

	Job terminated of its own accord at 2024-07-24T18:41:43Z with exit-code 0.
...
040 (10252911.030.000) 07/24 20:54:03 Started transferring input files
	Transferring to host: <188.185.205.30:9618?addrs=188.185.205.30-9618+[2001-1458-303-9--100-92]-9618&alias=b9p03p0246.cern.ch&noUDP&sock=slot1_13_7352_e624_156989>
...
040 (10252911.030.000) 07/24 20:54:03 Finished transferring input files
...
001 (10252911.030.000) 07/24 20:54:04 Job executing on host: <188.185.205.30:9618?addrs=188.185.205.30-9618+[2001-1458-303-9--100-92]-9618&alias=b9p03p0246.cern.ch&noUDP&sock=startd_7276_4f2d>
	SlotName: slot1_13@b9p03p0246.cern.ch
	CondorScratchDir = "/pool/condor/dir_228058"
	Cpus = 8
	Disk = 2795332
	Memory = 16000
...
006 (10252911.030.000) 07/24 20:54:08 Image size of job updated: 163456
	9  -  MemoryUsage of job (MB)
	8924  -  ResidentSetSize of job (KB)
...
040 (10252911.030.000) 07/24 20:54:08 Started transferring output files
...
040 (10252911.030.000) 07/24 20:54:08 Finished transferring output files
...
005 (10252911.030.000) 07/24 20:54:08 Job terminated.
	(1) Normal termination (return value 0)
		Usr 0 00:00:03, Sys 0 00:00:00  -  Run Remote Usage
		Usr 0 00:00:00, Sys 0 00:00:00  -  Run Local Usage
		Usr 0 00:00:03, Sys 0 00:00:00  -  Total Remote Usage
		Usr 0 00:00:00, Sys 0 00:00:00  -  Total Local Usage
	6201  -  Run Bytes Sent By Job
	409597  -  Run Bytes Received By Job
	6201  -  Total Bytes Sent By Job
	409597  -  Total Bytes Received By Job
	Partitionable Resources :    Usage  Request Allocated 
	   Cpus                 :        0        8         8 
	   Disk (KB)            :      428      425   2795332 
	   Memory (MB)          :        9    16000     16000 

	Job terminated of its own accord at 2024-07-24T18:54:08Z with exit-code 0.
...
040 (10252912.030.000) 07/24 21:07:03 Started transferring input files
	Transferring to host: <188.185.206.158:9618?addrs=188.185.206.158-9618&alias=b9p06p1568.cern.ch&noUDP&sock=slot1_3_6932_f893_154978>
...
040 (10252912.030.000) 07/24 21:07:03 Finished transferring input files
...
001 (10252912.030.000) 07/24 21:07:04 Job executing on host: <188.185.206.158:9618?addrs=188.185.206.158-9618&alias=b9p06p1568.cern.ch&noUDP&sock=startd_6831_1388>
	SlotName: slot1_3@b9p06p1568.cern.ch
	CondorScratchDir = "/pool/condor/dir_38149"
	Cpus = 8
	Disk = 2814275
	Memory = 16000
...
006 (10252912.030.000) 07/24 21:07:11 Image size of job updated: 163904
	10  -  MemoryUsage of job (MB)
	9720  -  ResidentSetSize of job (KB)
...
040 (10252912.030.000) 07/24 21:07:11 Started transferring output files
...
040 (10252912.030.000) 07/24 21:07:11 Finished transferring output files
...
005 (10252912.030.000) 07/24 21:07:11 Job terminated.
	(1) Normal termination (return value 0)
		Usr 0 00:00:05, Sys 0 00:00:00  -  Run Remote Usage
		Usr 0 00:00:00, Sys 0 00:00:00  -  Run Local Usage
		Usr 0 00:00:05, Sys 0 00:00:00  -  Total Remote Usage
		Usr 0 00:00:00, Sys 0 00:00:00  -  Total Local Usage
	6201  -  Run Bytes Sent By Job
	409597  -  Run Bytes Received By Job
	6201  -  Total Bytes Sent By Job
	409597  -  Total Bytes Received By Job
	Partitionable Resources :    Usage  Request Allocated 
	   Cpus                 :        0        8         8 
	   Disk (KB)            :      428      425   2814275 
	   Memory (MB)          :       10    16000     16000 

	Job terminated of its own accord at 2024-07-24T19:07:11Z with exit-code 0.
...
040 (10252913.030.000) 07/24 21:20:31 Started transferring input files
	Transferring to host: <188.185.207.204:9618?addrs=188.185.207.204-9618+[2001-1458-303-e--100-49]-9618&alias=b9p08p5225.cern.ch&noUDP&sock=slot1_11_13348_9f98_142681>
...
040 (10252913.030.000) 07/24 21:20:32 Finished transferring input files
...
001 (10252913.030.000) 07/24 21:20:32 Job executing on host: <188.185.207.204:9618?addrs=188.185.207.204-9618+[2001-1458-303-e--100-49]-9618&alias=b9p08p5225.cern.ch&noUDP&sock=startd_5173_d382>
	SlotName: slot1_11@b9p08p5225.cern.ch
	CondorScratchDir = "/pool/condor/dir_1496367"
	Cpus = 8
	Disk = 2828035
	Memory = 16000
...
006 (10252913.030.000) 07/24 21:20:37 Image size of job updated: 163060
	9  -  MemoryUsage of job (MB)
	8872  -  ResidentSetSize of job (KB)
...
040 (10252913.030.000) 07/24 21:20:37 Started transferring output files
...
040 (10252913.030.000) 07/24 21:20:37 Finished transferring output files
...
005 (10252913.030.000) 07/24 21:20:38 Job terminated.
	(1) Normal termination (return value 0)
		Usr 0 00:00:03, Sys 0 00:00:00  -  Run Remote Usage
		Usr 0 00:00:00, Sys 0 00:00:00  -  Run Local Usage
		Usr 0 00:00:03, Sys 0 00:00:00  -  Total Remote Usage
		Usr 0 00:00:00, Sys 0 00:00:00  -  Total Local Usage
	6204  -  Run Bytes Sent By Job
	409597  -  Run Bytes Received By Job
	6204  -  Total Bytes Sent By Job
	409597  -  Total Bytes Received By Job
	Partitionable Resources :    Usage  Request Allocated 
	   Cpus                 :        0        8         8 
	   Disk (KB)            :      428      425   2828035 
	   Memory (MB)          :        9    16000     16000 

	Job terminated of its own accord at 2024-07-24T19:20:37Z with exit-code 0.
...
000 (10261715.030.000) 07/25 13:01:13 Job submitted from host: <188.185.114.121:9618?addrs=188.185.114.121-9618+[2001-1458-d00-a--100-273]-9618&alias=bigbird19.cern.ch&noUDP&sock=schedd_4961_696e>
...
009 (10261715.030.000) 07/25 13:06:35 Job was aborted.
	via condor_rm (by user yelberke)
...
000 (10261767.030.000) 07/25 13:19:50 Job submitted from host: <188.185.114.121:9618?addrs=188.185.114.121-9618+[2001-1458-d00-a--100-273]-9618&alias=bigbird19.cern.ch&noUDP&sock=schedd_4961_696e>
...
040 (10261767.030.000) 07/25 13:25:58 Started transferring input files
	Transferring to host: <188.185.208.141:9618?addrs=188.185.208.141-9618+[2001-1458-303-10--100-a]-9618&alias=b9p10p2306.cern.ch&noUDP&sock=slot1_3_13778_98e9_26087>
...
040 (10261767.030.000) 07/25 13:25:58 Finished transferring input files
...
001 (10261767.030.000) 07/25 13:25:59 Job executing on host: <188.185.208.141:9618?addrs=188.185.208.141-9618+[2001-1458-303-10--100-a]-9618&alias=b9p10p2306.cern.ch&noUDP&sock=startd_12774_7adf>
	SlotName: slot1_3@b9p10p2306.cern.ch
	CondorScratchDir = "/pool/condor/dir_1089951"
	Cpus = 12
	Disk = 2764262
	Memory = 24000
...
006 (10261767.030.000) 07/25 13:26:05 Image size of job updated: 162056
	8  -  MemoryUsage of job (MB)
	7608  -  ResidentSetSize of job (KB)
...
040 (10261767.030.000) 07/25 13:26:05 Started transferring output files
...
040 (10261767.030.000) 07/25 13:26:05 Finished transferring output files
...
005 (10261767.030.000) 07/25 13:26:05 Job terminated.
	(1) Normal termination (return value 0)
		Usr 0 00:00:04, Sys 0 00:00:00  -  Run Remote Usage
		Usr 0 00:00:00, Sys 0 00:00:00  -  Run Local Usage
		Usr 0 00:00:04, Sys 0 00:00:00  -  Total Remote Usage
		Usr 0 00:00:00, Sys 0 00:00:00  -  Total Local Usage
	6204  -  Run Bytes Sent By Job
	409597  -  Run Bytes Received By Job
	6204  -  Total Bytes Sent By Job
	409597  -  Total Bytes Received By Job
	Partitionable Resources :    Usage  Request Allocated 
	   Cpus                 :        0       12        12 
	   Disk (KB)            :      427      425   2764262 
	   Memory (MB)          :        8    24000     24000 

	Job terminated of its own accord at 2024-07-25T11:26:05Z with exit-code 0.
...
000 (10284266.030.000) 08/02 15:44:50 Job submitted from host: <188.185.114.121:9618?addrs=188.185.114.121-9618+[2001-1458-d00-a--100-273]-9618&alias=bigbird19.cern.ch&noUDP&sock=schedd_4961_696e>
...
009 (10284266.030.000) 08/02 15:49:04 Job was aborted.
	via condor_rm (by user yelberke)
...
000 (10284267.030.000) 08/02 15:49:44 Job submitted from host: <188.185.114.121:9618?addrs=188.185.114.121-9618+[2001-1458-d00-a--100-273]-9618&alias=bigbird19.cern.ch&noUDP&sock=schedd_4961_696e>
...
040 (10284267.030.000) 08/02 15:54:49 Started transferring input files
	Transferring to host: <188.185.192.43:9618?addrs=188.185.192.43-9618+[2001-1458-303-1f--100-27]-9618&alias=b9p13p3492.cern.ch&noUDP&sock=slot1_5_574100_22ab_35>
...
040 (10284267.030.000) 08/02 15:54:49 Finished transferring input files
...
001 (10284267.030.000) 08/02 15:54:50 Job executing on host: <188.185.192.43:9618?addrs=188.185.192.43-9618+[2001-1458-303-1f--100-27]-9618&alias=b9p13p3492.cern.ch&noUDP&sock=startd_11676_57e3>
	SlotName: slot1_5@b9p13p3492.cern.ch
	CondorScratchDir = "/pool/condor/dir_579651"
	Cpus = 12
	Disk = 3123505
	Memory = 24000
...
006 (10284267.030.000) 08/02 15:54:51 Image size of job updated: 317828
	2  -  MemoryUsage of job (MB)
	1344  -  ResidentSetSize of job (KB)
...
040 (10284267.030.000) 08/02 15:54:51 Started transferring output files
...
040 (10284267.030.000) 08/02 15:54:51 Finished transferring output files
...
005 (10284267.030.000) 08/02 15:54:51 Job terminated.
	(1) Normal termination (return value 139)
		Usr 0 00:00:02, Sys 0 00:00:00  -  Run Remote Usage
		Usr 0 00:00:00, Sys 0 00:00:00  -  Run Local Usage
		Usr 0 00:00:02, Sys 0 00:00:00  -  Total Remote Usage
		Usr 0 00:00:00, Sys 0 00:00:00  -  Total Local Usage
	7696  -  Run Bytes Sent By Job
	409597  -  Run Bytes Received By Job
	7696  -  Total Bytes Sent By Job
	409597  -  Total Bytes Received By Job
	Partitionable Resources :    Usage  Request Allocated 
	   Cpus                 :        0       12        12 
	   Disk (KB)            :      429      425   3123505 
	   Memory (MB)          :        2    24000     24000 

	Job terminated of its own accord at 2024-08-02T13:54:51Z with exit-code 139.
...
