000 (10252905.3105.000) 07/24 16:13:19 Job submitted from host: <188.185.114.121:9618?addrs=188.185.114.121-9618+[2001-1458-d00-a--100-273]-9618&alias=bigbird19.cern.ch&noUDP&sock=schedd_4961_696e>
...
009 (10252905.3105.000) 07/24 16:14:49 Job was aborted.
	via condor_rm (by user yelberke)
...
000 (10252906.3105.000) 07/24 16:15:38 Job submitted from host: <188.185.114.121:9618?addrs=188.185.114.121-9618+[2001-1458-d00-a--100-273]-9618&alias=bigbird19.cern.ch&noUDP&sock=schedd_4961_696e>
...
000 (10252907.3105.000) 07/24 16:17:33 Job submitted from host: <188.185.114.121:9618?addrs=188.185.114.121-9618+[2001-1458-d00-a--100-273]-9618&alias=bigbird19.cern.ch&noUDP&sock=schedd_4961_696e>
...
000 (10252908.3105.000) 07/24 16:18:06 Job submitted from host: <188.185.114.121:9618?addrs=188.185.114.121-9618+[2001-1458-d00-a--100-273]-9618&alias=bigbird19.cern.ch&noUDP&sock=schedd_4961_696e>
...
000 (10252909.3105.000) 07/24 16:18:42 Job submitted from host: <188.185.114.121:9618?addrs=188.185.114.121-9618+[2001-1458-d00-a--100-273]-9618&alias=bigbird19.cern.ch&noUDP&sock=schedd_4961_696e>
...
040 (10252906.3105.000) 07/24 16:48:20 Started transferring input files
	Transferring to host: <188.185.207.178:9618?addrs=188.185.207.178-9618+[2001-1458-303-e--100-2f]-9618&alias=b9p08p2121.cern.ch&noUDP&sock=slot1_22_8046_e280_145281>
...
040 (10252906.3105.000) 07/24 16:48:20 Finished transferring input files
...
001 (10252906.3105.000) 07/24 16:48:21 Job executing on host: <188.185.207.178:9618?addrs=188.185.207.178-9618+[2001-1458-303-e--100-2f]-9618&alias=b9p08p2121.cern.ch&noUDP&sock=startd_6691_0c45>
	SlotName: slot1_22@b9p08p2121.cern.ch
	CondorScratchDir = "/pool/condor/dir_1303456"
	Cpus = 8
	Disk = 2800401
	Memory = 16000
...
006 (10252906.3105.000) 07/24 16:48:25 Image size of job updated: 158208
	8  -  MemoryUsage of job (MB)
	7256  -  ResidentSetSize of job (KB)
...
040 (10252906.3105.000) 07/24 16:48:25 Started transferring output files
...
040 (10252906.3105.000) 07/24 16:48:25 Finished transferring output files
...
005 (10252906.3105.000) 07/24 16:48:25 Job terminated.
	(1) Normal termination (return value 0)
		Usr 0 00:00:03, Sys 0 00:00:00  -  Run Remote Usage
		Usr 0 00:00:00, Sys 0 00:00:00  -  Run Local Usage
		Usr 0 00:00:03, Sys 0 00:00:00  -  Total Remote Usage
		Usr 0 00:00:00, Sys 0 00:00:00  -  Total Local Usage
	6204  -  Run Bytes Sent By Job
	409597  -  Run Bytes Received By Job
	6204  -  Total Bytes Sent By Job
	409597  -  Total Bytes Received By Job
	Partitionable Resources :    Usage  Request Allocated 
	   Cpus                 :        0        8         8 
	   Disk (KB)            :      428      425   2800401 
	   Memory (MB)          :        8    16000     16000 

	Job terminated of its own accord at 2024-07-24T14:48:25Z with exit-code 0.
...
040 (10252907.3105.000) 07/24 18:06:28 Started transferring input files
	Transferring to host: <188.185.208.159:9618?addrs=188.185.208.159-9618+[2001-1458-303-10--100-1c]-9618&alias=b9p10p0331.cern.ch&noUDP&sock=slot1_23_6646_7547_23629>
...
040 (10252907.3105.000) 07/24 18:06:28 Finished transferring input files
...
001 (10252907.3105.000) 07/24 18:06:29 Job executing on host: <188.185.208.159:9618?addrs=188.185.208.159-9618+[2001-1458-303-10--100-1c]-9618&alias=b9p10p0331.cern.ch&noUDP&sock=startd_5478_07e4>
	SlotName: slot1_23@b9p10p0331.cern.ch
	CondorScratchDir = "/pool/condor/dir_3408370"
	Cpus = 8
	Disk = 2885390
	Memory = 16000
...
006 (10252907.3105.000) 07/24 18:06:33 Image size of job updated: 160624
	8  -  MemoryUsage of job (MB)
	8120  -  ResidentSetSize of job (KB)
...
040 (10252907.3105.000) 07/24 18:06:33 Started transferring output files
...
040 (10252907.3105.000) 07/24 18:06:33 Finished transferring output files
...
005 (10252907.3105.000) 07/24 18:06:33 Job terminated.
	(1) Normal termination (return value 0)
		Usr 0 00:00:03, Sys 0 00:00:00  -  Run Remote Usage
		Usr 0 00:00:00, Sys 0 00:00:00  -  Run Local Usage
		Usr 0 00:00:03, Sys 0 00:00:00  -  Total Remote Usage
		Usr 0 00:00:00, Sys 0 00:00:00  -  Total Local Usage
	6204  -  Run Bytes Sent By Job
	409597  -  Run Bytes Received By Job
	6204  -  Total Bytes Sent By Job
	409597  -  Total Bytes Received By Job
	Partitionable Resources :    Usage  Request Allocated 
	   Cpus                 :        0        8         8 
	   Disk (KB)            :      428      425   2885390 
	   Memory (MB)          :        8    16000     16000 

	Job terminated of its own accord at 2024-07-24T16:06:33Z with exit-code 0.
...
040 (10252908.3105.000) 07/24 19:13:57 Started transferring input files
	Transferring to host: <188.185.207.49:9618?addrs=188.185.207.49-9618+[2001-1458-303-d--100-2e]-9618&alias=b9p07p8967.cern.ch&noUDP&sock=slot1_8_4942_d602_143505>
...
040 (10252908.3105.000) 07/24 19:13:57 Finished transferring input files
...
001 (10252908.3105.000) 07/24 19:13:58 Job executing on host: <188.185.207.49:9618?addrs=188.185.207.49-9618+[2001-1458-303-d--100-2e]-9618&alias=b9p07p8967.cern.ch&noUDP&sock=startd_4205_dbd5>
	SlotName: slot1_8@b9p07p8967.cern.ch
	CondorScratchDir = "/pool/condor/dir_1187535"
	Cpus = 8
	Disk = 2791596
	Memory = 16000
...
006 (10252908.3105.000) 07/24 19:14:02 Image size of job updated: 152176
	4  -  MemoryUsage of job (MB)
	4000  -  ResidentSetSize of job (KB)
...
040 (10252908.3105.000) 07/24 19:14:02 Started transferring output files
...
040 (10252908.3105.000) 07/24 19:14:02 Finished transferring output files
...
005 (10252908.3105.000) 07/24 19:14:02 Job terminated.
	(1) Normal termination (return value 0)
		Usr 0 00:00:03, Sys 0 00:00:00  -  Run Remote Usage
		Usr 0 00:00:00, Sys 0 00:00:00  -  Run Local Usage
		Usr 0 00:00:03, Sys 0 00:00:00  -  Total Remote Usage
		Usr 0 00:00:00, Sys 0 00:00:00  -  Total Local Usage
	6204  -  Run Bytes Sent By Job
	409597  -  Run Bytes Received By Job
	6204  -  Total Bytes Sent By Job
	409597  -  Total Bytes Received By Job
	Partitionable Resources :    Usage  Request Allocated 
	   Cpus                 :        0        8         8 
	   Disk (KB)            :      428      425   2791596 
	   Memory (MB)          :        4    16000     16000 

	Job terminated of its own accord at 2024-07-24T17:14:02Z with exit-code 0.
...
040 (10252909.3105.000) 07/24 20:13:23 Started transferring input files
	Transferring to host: <188.185.208.218:9618?addrs=188.185.208.218-9618+[2001-1458-303-10--100-57]-9618&alias=b9p10p3098.cern.ch&noUDP&sock=slot1_11_5320_2bd1_143644>
...
040 (10252909.3105.000) 07/24 20:13:23 Finished transferring input files
...
001 (10252909.3105.000) 07/24 20:13:24 Job executing on host: <188.185.208.218:9618?addrs=188.185.208.218-9618+[2001-1458-303-10--100-57]-9618&alias=b9p10p3098.cern.ch&noUDP&sock=startd_4441_bc2e>
	SlotName: slot1_11@b9p10p3098.cern.ch
	CondorScratchDir = "/pool/condor/dir_769651"
	Cpus = 8
	Disk = 2862672
	Memory = 16000
...
006 (10252909.3105.000) 07/24 20:13:28 Image size of job updated: 160000
	8  -  MemoryUsage of job (MB)
	7828  -  ResidentSetSize of job (KB)
...
040 (10252909.3105.000) 07/24 20:13:28 Started transferring output files
...
040 (10252909.3105.000) 07/24 20:13:28 Finished transferring output files
...
005 (10252909.3105.000) 07/24 20:13:28 Job terminated.
	(1) Normal termination (return value 0)
		Usr 0 00:00:03, Sys 0 00:00:00  -  Run Remote Usage
		Usr 0 00:00:00, Sys 0 00:00:00  -  Run Local Usage
		Usr 0 00:00:03, Sys 0 00:00:00  -  Total Remote Usage
		Usr 0 00:00:00, Sys 0 00:00:00  -  Total Local Usage
	6204  -  Run Bytes Sent By Job
	409597  -  Run Bytes Received By Job
	6204  -  Total Bytes Sent By Job
	409597  -  Total Bytes Received By Job
	Partitionable Resources :    Usage  Request Allocated 
	   Cpus                 :        0        8         8 
	   Disk (KB)            :      429      425   2862672 
	   Memory (MB)          :        8    16000     16000 

	Job terminated of its own accord at 2024-07-24T18:13:28Z with exit-code 0.
...
000 (10261715.3105.000) 07/25 13:02:44 Job submitted from host: <188.185.114.121:9618?addrs=188.185.114.121-9618+[2001-1458-d00-a--100-273]-9618&alias=bigbird19.cern.ch&noUDP&sock=schedd_4961_696e>
...
009 (10261715.3105.000) 07/25 13:06:55 Job was aborted.
	via condor_rm (by user yelberke)
...
000 (10261767.3105.000) 07/25 13:20:33 Job submitted from host: <188.185.114.121:9618?addrs=188.185.114.121-9618+[2001-1458-d00-a--100-273]-9618&alias=bigbird19.cern.ch&noUDP&sock=schedd_4961_696e>
...
040 (10261767.3105.000) 07/25 14:35:08 Started transferring input files
	Transferring to host: <188.185.207.59:9618?addrs=188.185.207.59-9618+[2001-1458-303-d--100-38]-9618&alias=b9p07p9037.cern.ch&noUDP&sock=slot1_1_10084_d713_147712>
...
040 (10261767.3105.000) 07/25 14:35:08 Finished transferring input files
...
001 (10261767.3105.000) 07/25 14:35:09 Job executing on host: <188.185.207.59:9618?addrs=188.185.207.59-9618+[2001-1458-303-d--100-38]-9618&alias=b9p07p9037.cern.ch&noUDP&sock=startd_8752_b8f6>
	SlotName: slot1_1@b9p07p9037.cern.ch
	CondorScratchDir = "/pool/condor/dir_446792"
	Cpus = 12
	Disk = 2608015
	Memory = 24000
...
006 (10261767.3105.000) 07/25 14:35:13 Image size of job updated: 155616
	5  -  MemoryUsage of job (MB)
	4288  -  ResidentSetSize of job (KB)
...
040 (10261767.3105.000) 07/25 14:35:14 Started transferring output files
...
040 (10261767.3105.000) 07/25 14:35:14 Finished transferring output files
...
005 (10261767.3105.000) 07/25 14:35:14 Job terminated.
	(1) Normal termination (return value 0)
		Usr 0 00:00:03, Sys 0 00:00:00  -  Run Remote Usage
		Usr 0 00:00:00, Sys 0 00:00:00  -  Run Local Usage
		Usr 0 00:00:03, Sys 0 00:00:00  -  Total Remote Usage
		Usr 0 00:00:00, Sys 0 00:00:00  -  Total Local Usage
	6676  -  Run Bytes Sent By Job
	409597  -  Run Bytes Received By Job
	6676  -  Total Bytes Sent By Job
	409597  -  Total Bytes Received By Job
	Partitionable Resources :    Usage  Request Allocated 
	   Cpus                 :        0       12        12 
	   Disk (KB)            :      429      425   2608015 
	   Memory (MB)          :        5    24000     24000 

	Job terminated of its own accord at 2024-07-25T12:35:13Z with exit-code 0.
...
000 (10284266.3105.000) 08/02 15:46:29 Job submitted from host: <188.185.114.121:9618?addrs=188.185.114.121-9618+[2001-1458-d00-a--100-273]-9618&alias=bigbird19.cern.ch&noUDP&sock=schedd_4961_696e>
...
000 (10284267.3105.000) 08/02 15:50:01 Job submitted from host: <188.185.114.121:9618?addrs=188.185.114.121-9618+[2001-1458-d00-a--100-273]-9618&alias=bigbird19.cern.ch&noUDP&sock=schedd_4961_696e>
...
009 (10284266.3105.000) 08/02 15:50:24 Job was aborted.
	via condor_rm (by user yelberke)
...
040 (10284267.3105.000) 08/02 16:46:39 Started transferring input files
	Transferring to host: <188.185.208.221:9618?addrs=188.185.208.221-9618+[2001-1458-303-10--100-5a]-9618&alias=b9p10p9087.cern.ch&noUDP&sock=slot1_16_5269_3caf_152965>
...
040 (10284267.3105.000) 08/02 16:46:39 Finished transferring input files
...
001 (10284267.3105.000) 08/02 16:46:40 Job executing on host: <188.185.208.221:9618?addrs=188.185.208.221-9618+[2001-1458-303-10--100-5a]-9618&alias=b9p10p9087.cern.ch&noUDP&sock=startd_4484_3ac1>
	SlotName: slot1_16@b9p10p9087.cern.ch
	CondorScratchDir = "/pool/condor/dir_1661595"
	Cpus = 12
	Disk = 2773437
	Memory = 24000
...
006 (10284267.3105.000) 08/02 16:46:42 Image size of job updated: 324544
	4  -  MemoryUsage of job (MB)
	3508  -  ResidentSetSize of job (KB)
...
040 (10284267.3105.000) 08/02 16:46:42 Started transferring output files
...
040 (10284267.3105.000) 08/02 16:46:42 Finished transferring output files
...
005 (10284267.3105.000) 08/02 16:46:42 Job terminated.
	(1) Normal termination (return value 139)
		Usr 0 00:00:01, Sys 0 00:00:01  -  Run Remote Usage
		Usr 0 00:00:00, Sys 0 00:00:00  -  Run Local Usage
		Usr 0 00:00:01, Sys 0 00:00:01  -  Total Remote Usage
		Usr 0 00:00:00, Sys 0 00:00:00  -  Total Local Usage
	7696  -  Run Bytes Sent By Job
	409597  -  Run Bytes Received By Job
	7696  -  Total Bytes Sent By Job
	409597  -  Total Bytes Received By Job
	Partitionable Resources :    Usage  Request Allocated 
	   Cpus                 :        0       12        12 
	   Disk (KB)            :      429      425   2773437 
	   Memory (MB)          :        4    24000     24000 

	Job terminated of its own accord at 2024-08-02T14:46:42Z with exit-code 139.
...
