000 (10252905.3219.000) 07/24 16:13:19 Job submitted from host: <188.185.114.121:9618?addrs=188.185.114.121-9618+[2001-1458-d00-a--100-273]-9618&alias=bigbird19.cern.ch&noUDP&sock=schedd_4961_696e>
...
009 (10252905.3219.000) 07/24 16:14:50 Job was aborted.
	via condor_rm (by user yelberke)
...
000 (10252906.3219.000) 07/24 16:15:39 Job submitted from host: <188.185.114.121:9618?addrs=188.185.114.121-9618+[2001-1458-d00-a--100-273]-9618&alias=bigbird19.cern.ch&noUDP&sock=schedd_4961_696e>
...
000 (10252907.3219.000) 07/24 16:17:33 Job submitted from host: <188.185.114.121:9618?addrs=188.185.114.121-9618+[2001-1458-d00-a--100-273]-9618&alias=bigbird19.cern.ch&noUDP&sock=schedd_4961_696e>
...
000 (10252908.3219.000) 07/24 16:18:06 Job submitted from host: <188.185.114.121:9618?addrs=188.185.114.121-9618+[2001-1458-d00-a--100-273]-9618&alias=bigbird19.cern.ch&noUDP&sock=schedd_4961_696e>
...
000 (10252909.3219.000) 07/24 16:18:42 Job submitted from host: <188.185.114.121:9618?addrs=188.185.114.121-9618+[2001-1458-d00-a--100-273]-9618&alias=bigbird19.cern.ch&noUDP&sock=schedd_4961_696e>
...
040 (10252906.3219.000) 07/24 16:55:13 Started transferring input files
	Transferring to host: <188.185.205.120:9618?addrs=188.185.205.120-9618+[2001-1458-303-9--100-75]-9618&alias=b9p03p5898.cern.ch&noUDP&sock=slot1_5_6808_9a0e_155593>
...
040 (10252906.3219.000) 07/24 16:55:13 Finished transferring input files
...
001 (10252906.3219.000) 07/24 16:55:14 Job executing on host: <188.185.205.120:9618?addrs=188.185.205.120-9618+[2001-1458-303-9--100-75]-9618&alias=b9p03p5898.cern.ch&noUDP&sock=startd_6734_8ad8>
	SlotName: slot1_5@b9p03p5898.cern.ch
	CondorScratchDir = "/pool/condor/dir_2406669"
	Cpus = 8
	Disk = 2700524
	Memory = 16000
...
006 (10252906.3219.000) 07/24 16:55:19 Image size of job updated: 157992
	8  -  MemoryUsage of job (MB)
	7236  -  ResidentSetSize of job (KB)
...
040 (10252906.3219.000) 07/24 16:55:19 Started transferring output files
...
040 (10252906.3219.000) 07/24 16:55:19 Finished transferring output files
...
005 (10252906.3219.000) 07/24 16:55:19 Job terminated.
	(1) Normal termination (return value 0)
		Usr 0 00:00:03, Sys 0 00:00:00  -  Run Remote Usage
		Usr 0 00:00:00, Sys 0 00:00:00  -  Run Local Usage
		Usr 0 00:00:03, Sys 0 00:00:00  -  Total Remote Usage
		Usr 0 00:00:00, Sys 0 00:00:00  -  Total Local Usage
	6204  -  Run Bytes Sent By Job
	409597  -  Run Bytes Received By Job
	6204  -  Total Bytes Sent By Job
	409597  -  Total Bytes Received By Job
	Partitionable Resources :    Usage  Request Allocated 
	   Cpus                 :        0        8         8 
	   Disk (KB)            :      428      425   2700524 
	   Memory (MB)          :        8    16000     16000 

	Job terminated of its own accord at 2024-07-24T14:55:19Z with exit-code 0.
...
040 (10252907.3219.000) 07/24 18:07:07 Started transferring input files
	Transferring to host: <188.185.209.29:9618?addrs=188.185.209.29-9618+[2001-1458-303-11--100-1a]-9618&alias=b9p11p8407.cern.ch&noUDP&sock=slot1_7_25870_8155_25151>
...
040 (10252907.3219.000) 07/24 18:07:07 Finished transferring input files
...
001 (10252907.3219.000) 07/24 18:07:08 Job executing on host: <188.185.209.29:9618?addrs=188.185.209.29-9618+[2001-1458-303-11--100-1a]-9618&alias=b9p11p8407.cern.ch&noUDP&sock=startd_24733_5bf9>
	SlotName: slot1_7@b9p11p8407.cern.ch
	CondorScratchDir = "/pool/condor/dir_2004617"
	Cpus = 8
	Disk = 2802146
	Memory = 16000
...
006 (10252907.3219.000) 07/24 18:07:12 Image size of job updated: 160560
	9  -  MemoryUsage of job (MB)
	8212  -  ResidentSetSize of job (KB)
...
040 (10252907.3219.000) 07/24 18:07:12 Started transferring output files
...
040 (10252907.3219.000) 07/24 18:07:12 Finished transferring output files
...
005 (10252907.3219.000) 07/24 18:07:12 Job terminated.
	(1) Normal termination (return value 0)
		Usr 0 00:00:03, Sys 0 00:00:00  -  Run Remote Usage
		Usr 0 00:00:00, Sys 0 00:00:00  -  Run Local Usage
		Usr 0 00:00:03, Sys 0 00:00:00  -  Total Remote Usage
		Usr 0 00:00:00, Sys 0 00:00:00  -  Total Local Usage
	6204  -  Run Bytes Sent By Job
	409597  -  Run Bytes Received By Job
	6204  -  Total Bytes Sent By Job
	409597  -  Total Bytes Received By Job
	Partitionable Resources :    Usage  Request Allocated 
	   Cpus                 :        0        8         8 
	   Disk (KB)            :      428      425   2802146 
	   Memory (MB)          :        9    16000     16000 

	Job terminated of its own accord at 2024-07-24T16:07:12Z with exit-code 0.
...
040 (10252908.3219.000) 07/24 19:14:36 Started transferring input files
	Transferring to host: <188.185.207.55:9618?addrs=188.185.207.55-9618+[2001-1458-303-d--100-34]-9618&alias=b9p07p0358.cern.ch&noUDP&sock=slot1_12_2103965_6d0e_98900>
...
040 (10252908.3219.000) 07/24 19:14:36 Finished transferring input files
...
001 (10252908.3219.000) 07/24 19:14:37 Job executing on host: <188.185.207.55:9618?addrs=188.185.207.55-9618+[2001-1458-303-d--100-34]-9618&alias=b9p07p0358.cern.ch&noUDP&sock=startd_2103919_0418>
	SlotName: slot1_12@b9p07p0358.cern.ch
	CondorScratchDir = "/pool/condor/dir_1876923"
	Cpus = 8
	Disk = 2863622
	Memory = 16000
...
006 (10252908.3219.000) 07/24 19:14:41 Image size of job updated: 157032
	8  -  MemoryUsage of job (MB)
	7256  -  ResidentSetSize of job (KB)
...
040 (10252908.3219.000) 07/24 19:14:41 Started transferring output files
...
040 (10252908.3219.000) 07/24 19:14:41 Finished transferring output files
...
005 (10252908.3219.000) 07/24 19:14:41 Job terminated.
	(1) Normal termination (return value 0)
		Usr 0 00:00:03, Sys 0 00:00:00  -  Run Remote Usage
		Usr 0 00:00:00, Sys 0 00:00:00  -  Run Local Usage
		Usr 0 00:00:03, Sys 0 00:00:00  -  Total Remote Usage
		Usr 0 00:00:00, Sys 0 00:00:00  -  Total Local Usage
	6204  -  Run Bytes Sent By Job
	409597  -  Run Bytes Received By Job
	6204  -  Total Bytes Sent By Job
	409597  -  Total Bytes Received By Job
	Partitionable Resources :    Usage  Request Allocated 
	   Cpus                 :        0        8         8 
	   Disk (KB)            :      430      425   2863622 
	   Memory (MB)          :        8    16000     16000 

	Job terminated of its own accord at 2024-07-24T17:14:41Z with exit-code 0.
...
040 (10252909.3219.000) 07/24 20:14:02 Started transferring input files
	Transferring to host: <188.185.205.171:9618?addrs=188.185.205.171-9618+[2001-1458-303-a--100-28]-9618&alias=b9p04p2638.cern.ch&noUDP&sock=slot1_8_7287_19c1_73276>
...
040 (10252909.3219.000) 07/24 20:14:02 Finished transferring input files
...
001 (10252909.3219.000) 07/24 20:14:03 Job executing on host: <188.185.205.171:9618?addrs=188.185.205.171-9618+[2001-1458-303-a--100-28]-9618&alias=b9p04p2638.cern.ch&noUDP&sock=startd_5941_9c3e>
	SlotName: slot1_8@b9p04p2638.cern.ch
	CondorScratchDir = "/pool/condor/dir_1239447"
	Cpus = 8
	Disk = 2911745
	Memory = 16000
...
006 (10252909.3219.000) 07/24 20:14:07 Image size of job updated: 165376
	11  -  MemoryUsage of job (MB)
	10912  -  ResidentSetSize of job (KB)
...
040 (10252909.3219.000) 07/24 20:14:07 Started transferring output files
...
040 (10252909.3219.000) 07/24 20:14:07 Finished transferring output files
...
005 (10252909.3219.000) 07/24 20:14:07 Job terminated.
	(1) Normal termination (return value 0)
		Usr 0 00:00:03, Sys 0 00:00:00  -  Run Remote Usage
		Usr 0 00:00:00, Sys 0 00:00:00  -  Run Local Usage
		Usr 0 00:00:03, Sys 0 00:00:00  -  Total Remote Usage
		Usr 0 00:00:00, Sys 0 00:00:00  -  Total Local Usage
	6204  -  Run Bytes Sent By Job
	409597  -  Run Bytes Received By Job
	6204  -  Total Bytes Sent By Job
	409597  -  Total Bytes Received By Job
	Partitionable Resources :    Usage  Request Allocated 
	   Cpus                 :        0        8         8 
	   Disk (KB)            :      428      425   2911745 
	   Memory (MB)          :       11    16000     16000 

	Job terminated of its own accord at 2024-07-24T18:14:07Z with exit-code 0.
...
000 (10261715.3219.000) 07/25 13:02:45 Job submitted from host: <188.185.114.121:9618?addrs=188.185.114.121-9618+[2001-1458-d00-a--100-273]-9618&alias=bigbird19.cern.ch&noUDP&sock=schedd_4961_696e>
...
009 (10261715.3219.000) 07/25 13:06:56 Job was aborted.
	via condor_rm (by user yelberke)
...
000 (10261767.3219.000) 07/25 13:20:34 Job submitted from host: <188.185.114.121:9618?addrs=188.185.114.121-9618+[2001-1458-d00-a--100-273]-9618&alias=bigbird19.cern.ch&noUDP&sock=schedd_4961_696e>
...
040 (10261767.3219.000) 07/25 14:35:48 Started transferring input files
	Transferring to host: <188.185.207.9:9618?addrs=188.185.207.9-9618+[2001-1458-303-d--100-6]-9618&alias=b9p07p6005.cern.ch&noUDP&sock=slot1_14_4138_5861_144956>
...
040 (10261767.3219.000) 07/25 14:35:48 Finished transferring input files
...
001 (10261767.3219.000) 07/25 14:35:49 Job executing on host: <188.185.207.9:9618?addrs=188.185.207.9-9618+[2001-1458-303-d--100-6]-9618&alias=b9p07p6005.cern.ch&noUDP&sock=startd_3645_becb>
	SlotName: slot1_14@b9p07p6005.cern.ch
	CondorScratchDir = "/pool/condor/dir_2296647"
	Cpus = 12
	Disk = 2965968
	Memory = 24000
...
006 (10261767.3219.000) 07/25 14:35:53 Image size of job updated: 160660
	7  -  MemoryUsage of job (MB)
	6544  -  ResidentSetSize of job (KB)
...
040 (10261767.3219.000) 07/25 14:35:55 Started transferring output files
...
040 (10261767.3219.000) 07/25 14:35:55 Finished transferring output files
...
005 (10261767.3219.000) 07/25 14:35:57 Job terminated.
	(1) Normal termination (return value 0)
		Usr 0 00:00:03, Sys 0 00:00:00  -  Run Remote Usage
		Usr 0 00:00:00, Sys 0 00:00:00  -  Run Local Usage
		Usr 0 00:00:03, Sys 0 00:00:00  -  Total Remote Usage
		Usr 0 00:00:00, Sys 0 00:00:00  -  Total Local Usage
	6676  -  Run Bytes Sent By Job
	409597  -  Run Bytes Received By Job
	6676  -  Total Bytes Sent By Job
	409597  -  Total Bytes Received By Job
	Partitionable Resources :    Usage  Request Allocated 
	   Cpus                 :        0       12        12 
	   Disk (KB)            :      429      425   2965968 
	   Memory (MB)          :        7    24000     24000 

	Job terminated of its own accord at 2024-07-25T12:35:53Z with exit-code 0.
...
000 (10284266.3219.000) 08/02 15:46:30 Job submitted from host: <188.185.114.121:9618?addrs=188.185.114.121-9618+[2001-1458-d00-a--100-273]-9618&alias=bigbird19.cern.ch&noUDP&sock=schedd_4961_696e>
...
000 (10284267.3219.000) 08/02 15:50:01 Job submitted from host: <188.185.114.121:9618?addrs=188.185.114.121-9618+[2001-1458-d00-a--100-273]-9618&alias=bigbird19.cern.ch&noUDP&sock=schedd_4961_696e>
...
009 (10284266.3219.000) 08/02 15:50:24 Job was aborted.
	via condor_rm (by user yelberke)
...
040 (10284267.3219.000) 08/02 16:47:17 Started transferring input files
	Transferring to host: <188.185.206.164:9618?addrs=188.185.206.164-9618&alias=b9p06p6630.cern.ch&noUDP&sock=slot1_15_6652_af88_165880>
...
040 (10284267.3219.000) 08/02 16:47:17 Finished transferring input files
...
001 (10284267.3219.000) 08/02 16:47:18 Job executing on host: <188.185.206.164:9618?addrs=188.185.206.164-9618&alias=b9p06p6630.cern.ch&noUDP&sock=startd_6377_ab89>
	SlotName: slot1_15@b9p06p6630.cern.ch
	CondorScratchDir = "/pool/condor/dir_1029147"
	Cpus = 12
	Disk = 2824254
	Memory = 24000
...
006 (10284267.3219.000) 08/02 16:47:19 Image size of job updated: 326376
	7  -  MemoryUsage of job (MB)
	6504  -  ResidentSetSize of job (KB)
...
040 (10284267.3219.000) 08/02 16:47:19 Started transferring output files
...
040 (10284267.3219.000) 08/02 16:47:19 Finished transferring output files
...
005 (10284267.3219.000) 08/02 16:47:19 Job terminated.
	(1) Normal termination (return value 139)
		Usr 0 00:00:01, Sys 0 00:00:00  -  Run Remote Usage
		Usr 0 00:00:00, Sys 0 00:00:00  -  Run Local Usage
		Usr 0 00:00:01, Sys 0 00:00:00  -  Total Remote Usage
		Usr 0 00:00:00, Sys 0 00:00:00  -  Total Local Usage
	7696  -  Run Bytes Sent By Job
	409597  -  Run Bytes Received By Job
	7696  -  Total Bytes Sent By Job
	409597  -  Total Bytes Received By Job
	Partitionable Resources :    Usage  Request Allocated 
	   Cpus                 :        0       12        12 
	   Disk (KB)            :      429      425   2824254 
	   Memory (MB)          :        7    24000     24000 

	Job terminated of its own accord at 2024-08-02T14:47:19Z with exit-code 139.
...
