000 (10252905.3233.000) 07/24 16:13:19 Job submitted from host: <188.185.114.121:9618?addrs=188.185.114.121-9618+[2001-1458-d00-a--100-273]-9618&alias=bigbird19.cern.ch&noUDP&sock=schedd_4961_696e>
...
009 (10252905.3233.000) 07/24 16:14:50 Job was aborted.
	via condor_rm (by user yelberke)
...
000 (10252906.3233.000) 07/24 16:15:39 Job submitted from host: <188.185.114.121:9618?addrs=188.185.114.121-9618+[2001-1458-d00-a--100-273]-9618&alias=bigbird19.cern.ch&noUDP&sock=schedd_4961_696e>
...
000 (10252907.3233.000) 07/24 16:17:33 Job submitted from host: <188.185.114.121:9618?addrs=188.185.114.121-9618+[2001-1458-d00-a--100-273]-9618&alias=bigbird19.cern.ch&noUDP&sock=schedd_4961_696e>
...
000 (10252908.3233.000) 07/24 16:18:06 Job submitted from host: <188.185.114.121:9618?addrs=188.185.114.121-9618+[2001-1458-d00-a--100-273]-9618&alias=bigbird19.cern.ch&noUDP&sock=schedd_4961_696e>
...
000 (10252909.3233.000) 07/24 16:18:42 Job submitted from host: <188.185.114.121:9618?addrs=188.185.114.121-9618+[2001-1458-d00-a--100-273]-9618&alias=bigbird19.cern.ch&noUDP&sock=schedd_4961_696e>
...
040 (10252906.3233.000) 07/24 16:55:19 Started transferring input files
	Transferring to host: <188.185.205.107:9618?addrs=188.185.205.107-9618+[2001-1458-303-9--100-68]-9618&alias=b9p03p1852.cern.ch&noUDP&sock=slot1_9_7657_cc90_71441>
...
040 (10252906.3233.000) 07/24 16:55:19 Finished transferring input files
...
001 (10252906.3233.000) 07/24 16:55:20 Job executing on host: <188.185.205.107:9618?addrs=188.185.205.107-9618+[2001-1458-303-9--100-68]-9618&alias=b9p03p1852.cern.ch&noUDP&sock=startd_6598_41f7>
	SlotName: slot1_9@b9p03p1852.cern.ch
	CondorScratchDir = "/pool/condor/dir_1438365"
	Cpus = 8
	Disk = 2362811
	Memory = 16000
...
006 (10252906.3233.000) 07/24 16:55:25 Image size of job updated: 157156
	7  -  MemoryUsage of job (MB)
	6356  -  ResidentSetSize of job (KB)
...
040 (10252906.3233.000) 07/24 16:55:26 Started transferring output files
...
040 (10252906.3233.000) 07/24 16:55:26 Finished transferring output files
...
005 (10252906.3233.000) 07/24 16:55:26 Job terminated.
	(1) Normal termination (return value 0)
		Usr 0 00:00:03, Sys 0 00:00:00  -  Run Remote Usage
		Usr 0 00:00:00, Sys 0 00:00:00  -  Run Local Usage
		Usr 0 00:00:03, Sys 0 00:00:00  -  Total Remote Usage
		Usr 0 00:00:00, Sys 0 00:00:00  -  Total Local Usage
	6204  -  Run Bytes Sent By Job
	409597  -  Run Bytes Received By Job
	6204  -  Total Bytes Sent By Job
	409597  -  Total Bytes Received By Job
	Partitionable Resources :    Usage  Request Allocated 
	   Cpus                 :        0        8         8 
	   Disk (KB)            :      428      425   2362811 
	   Memory (MB)          :        7    16000     16000 

	Job terminated of its own accord at 2024-07-24T14:55:25Z with exit-code 0.
...
040 (10252907.3233.000) 07/24 18:07:12 Started transferring input files
	Transferring to host: <188.185.205.155:9618?addrs=188.185.205.155-9618&alias=b9p04p0710.cern.ch&noUDP&sock=slot1_15_4371_83cb_156063>
...
040 (10252907.3233.000) 07/24 18:07:12 Finished transferring input files
...
001 (10252907.3233.000) 07/24 18:07:13 Job executing on host: <188.185.205.155:9618?addrs=188.185.205.155-9618&alias=b9p04p0710.cern.ch&noUDP&sock=startd_3917_508e>
	SlotName: slot1_15@b9p04p0710.cern.ch
	CondorScratchDir = "/pool/condor/dir_1742050"
	Cpus = 8
	Disk = 2748206
	Memory = 16000
...
006 (10252907.3233.000) 07/24 18:07:18 Image size of job updated: 161076
	9  -  MemoryUsage of job (MB)
	8332  -  ResidentSetSize of job (KB)
...
040 (10252907.3233.000) 07/24 18:07:18 Started transferring output files
...
040 (10252907.3233.000) 07/24 18:07:18 Finished transferring output files
...
005 (10252907.3233.000) 07/24 18:07:18 Job terminated.
	(1) Normal termination (return value 0)
		Usr 0 00:00:03, Sys 0 00:00:00  -  Run Remote Usage
		Usr 0 00:00:00, Sys 0 00:00:00  -  Run Local Usage
		Usr 0 00:00:03, Sys 0 00:00:00  -  Total Remote Usage
		Usr 0 00:00:00, Sys 0 00:00:00  -  Total Local Usage
	6204  -  Run Bytes Sent By Job
	409597  -  Run Bytes Received By Job
	6204  -  Total Bytes Sent By Job
	409597  -  Total Bytes Received By Job
	Partitionable Resources :    Usage  Request Allocated 
	   Cpus                 :        0        8         8 
	   Disk (KB)            :      428      425   2748206 
	   Memory (MB)          :        9    16000     16000 

	Job terminated of its own accord at 2024-07-24T16:07:18Z with exit-code 0.
...
040 (10252908.3233.000) 07/24 19:14:40 Started transferring input files
	Transferring to host: <188.185.207.70:9618?addrs=188.185.207.70-9618+[2001-1458-303-d--100-43]-9618&alias=b9p07p6748.cern.ch&noUDP&sock=slot1_3_9465_b2da_22646>
...
040 (10252908.3233.000) 07/24 19:14:40 Finished transferring input files
...
001 (10252908.3233.000) 07/24 19:14:41 Job executing on host: <188.185.207.70:9618?addrs=188.185.207.70-9618+[2001-1458-303-d--100-43]-9618&alias=b9p07p6748.cern.ch&noUDP&sock=startd_6774_faa2>
	SlotName: slot1_3@b9p07p6748.cern.ch
	CondorScratchDir = "/pool/condor/dir_2077680"
	Cpus = 8
	Disk = 2821907
	Memory = 16000
...
006 (10252908.3233.000) 07/24 19:14:45 Image size of job updated: 158620
	8  -  MemoryUsage of job (MB)
	7684  -  ResidentSetSize of job (KB)
...
040 (10252908.3233.000) 07/24 19:14:45 Started transferring output files
...
040 (10252908.3233.000) 07/24 19:14:45 Finished transferring output files
...
005 (10252908.3233.000) 07/24 19:14:45 Job terminated.
	(1) Normal termination (return value 0)
		Usr 0 00:00:03, Sys 0 00:00:00  -  Run Remote Usage
		Usr 0 00:00:00, Sys 0 00:00:00  -  Run Local Usage
		Usr 0 00:00:03, Sys 0 00:00:00  -  Total Remote Usage
		Usr 0 00:00:00, Sys 0 00:00:00  -  Total Local Usage
	6204  -  Run Bytes Sent By Job
	409597  -  Run Bytes Received By Job
	6204  -  Total Bytes Sent By Job
	409597  -  Total Bytes Received By Job
	Partitionable Resources :    Usage  Request Allocated 
	   Cpus                 :        0        8         8 
	   Disk (KB)            :      428      425   2821907 
	   Memory (MB)          :        8    16000     16000 

	Job terminated of its own accord at 2024-07-24T17:14:45Z with exit-code 0.
...
040 (10252909.3233.000) 07/24 20:14:07 Started transferring input files
	Transferring to host: <188.185.208.139:9618?addrs=188.185.208.139-9618+[2001-1458-303-10--100-8]-9618&alias=b9p10p2979.cern.ch&noUDP&sock=slot1_10_9205_814f_148172>
...
040 (10252909.3233.000) 07/24 20:14:07 Finished transferring input files
...
001 (10252909.3233.000) 07/24 20:14:08 Job executing on host: <188.185.208.139:9618?addrs=188.185.208.139-9618+[2001-1458-303-10--100-8]-9618&alias=b9p10p2979.cern.ch&noUDP&sock=startd_7858_834b>
	SlotName: slot1_10@b9p10p2979.cern.ch
	CondorScratchDir = "/pool/condor/dir_950863"
	Cpus = 8
	Disk = 2813218
	Memory = 16000
...
006 (10252909.3233.000) 07/24 20:14:12 Image size of job updated: 159148
	8  -  MemoryUsage of job (MB)
	7636  -  ResidentSetSize of job (KB)
...
040 (10252909.3233.000) 07/24 20:14:12 Started transferring output files
...
040 (10252909.3233.000) 07/24 20:14:12 Finished transferring output files
...
005 (10252909.3233.000) 07/24 20:14:12 Job terminated.
	(1) Normal termination (return value 0)
		Usr 0 00:00:03, Sys 0 00:00:00  -  Run Remote Usage
		Usr 0 00:00:00, Sys 0 00:00:00  -  Run Local Usage
		Usr 0 00:00:03, Sys 0 00:00:00  -  Total Remote Usage
		Usr 0 00:00:00, Sys 0 00:00:00  -  Total Local Usage
	6204  -  Run Bytes Sent By Job
	409597  -  Run Bytes Received By Job
	6204  -  Total Bytes Sent By Job
	409597  -  Total Bytes Received By Job
	Partitionable Resources :    Usage  Request Allocated 
	   Cpus                 :        0        8         8 
	   Disk (KB)            :      428      425   2813218 
	   Memory (MB)          :        8    16000     16000 

	Job terminated of its own accord at 2024-07-24T18:14:12Z with exit-code 0.
...
000 (10261715.3233.000) 07/25 13:02:45 Job submitted from host: <188.185.114.121:9618?addrs=188.185.114.121-9618+[2001-1458-d00-a--100-273]-9618&alias=bigbird19.cern.ch&noUDP&sock=schedd_4961_696e>
...
009 (10261715.3233.000) 07/25 13:06:56 Job was aborted.
	via condor_rm (by user yelberke)
...
000 (10261767.3233.000) 07/25 13:20:34 Job submitted from host: <188.185.114.121:9618?addrs=188.185.114.121-9618+[2001-1458-d00-a--100-273]-9618&alias=bigbird19.cern.ch&noUDP&sock=schedd_4961_696e>
...
040 (10261767.3233.000) 07/25 14:35:57 Started transferring input files
	Transferring to host: <188.185.205.122:9618?addrs=188.185.205.122-9618+[2001-1458-303-9--100-77]-9618&alias=b9p03p8677.cern.ch&noUDP&sock=slot1_12_6580_f485_83636>
...
040 (10261767.3233.000) 07/25 14:35:57 Finished transferring input files
...
001 (10261767.3233.000) 07/25 14:35:58 Job executing on host: <188.185.205.122:9618?addrs=188.185.205.122-9618+[2001-1458-303-9--100-77]-9618&alias=b9p03p8677.cern.ch&noUDP&sock=startd_5262_df6f>
	SlotName: slot1_12@b9p03p8677.cern.ch
	CondorScratchDir = "/pool/condor/dir_3167403"
	Cpus = 12
	Disk = 2663520
	Memory = 24000
...
006 (10261767.3233.000) 07/25 14:36:04 Image size of job updated: 160808
	7  -  MemoryUsage of job (MB)
	7048  -  ResidentSetSize of job (KB)
...
040 (10261767.3233.000) 07/25 14:36:08 Started transferring output files
...
040 (10261767.3233.000) 07/25 14:36:08 Finished transferring output files
...
005 (10261767.3233.000) 07/25 14:36:08 Job terminated.
	(1) Normal termination (return value 0)
		Usr 0 00:00:04, Sys 0 00:00:00  -  Run Remote Usage
		Usr 0 00:00:00, Sys 0 00:00:00  -  Run Local Usage
		Usr 0 00:00:04, Sys 0 00:00:00  -  Total Remote Usage
		Usr 0 00:00:00, Sys 0 00:00:00  -  Total Local Usage
	6676  -  Run Bytes Sent By Job
	409597  -  Run Bytes Received By Job
	6676  -  Total Bytes Sent By Job
	409597  -  Total Bytes Received By Job
	Partitionable Resources :    Usage  Request Allocated 
	   Cpus                 :        0       12        12 
	   Disk (KB)            :      429      425   2663520 
	   Memory (MB)          :        7    24000     24000 

	Job terminated of its own accord at 2024-07-25T12:36:04Z with exit-code 0.
...
000 (10284266.3233.000) 08/02 15:46:30 Job submitted from host: <188.185.114.121:9618?addrs=188.185.114.121-9618+[2001-1458-d00-a--100-273]-9618&alias=bigbird19.cern.ch&noUDP&sock=schedd_4961_696e>
...
000 (10284267.3233.000) 08/02 15:50:01 Job submitted from host: <188.185.114.121:9618?addrs=188.185.114.121-9618+[2001-1458-d00-a--100-273]-9618&alias=bigbird19.cern.ch&noUDP&sock=schedd_4961_696e>
...
009 (10284266.3233.000) 08/02 15:50:24 Job was aborted.
	via condor_rm (by user yelberke)
...
040 (10284267.3233.000) 08/02 16:47:22 Started transferring input files
	Transferring to host: <188.185.205.47:9618?addrs=188.185.205.47-9618+[2001-1458-303-9--100-a3]-9618&alias=b9p03p0153.cern.ch&noUDP&sock=slot1_5_6930_8fd3_163791>
...
040 (10284267.3233.000) 08/02 16:47:22 Finished transferring input files
...
001 (10284267.3233.000) 08/02 16:47:23 Job executing on host: <188.185.205.47:9618?addrs=188.185.205.47-9618+[2001-1458-303-9--100-a3]-9618&alias=b9p03p0153.cern.ch&noUDP&sock=startd_6859_482f>
	SlotName: slot1_5@b9p03p0153.cern.ch
	CondorScratchDir = "/pool/condor/dir_1069416"
	Cpus = 12
	Disk = 2788289
	Memory = 24000
...
006 (10284267.3233.000) 08/02 16:47:24 Image size of job updated: 326300
	6  -  MemoryUsage of job (MB)
	5284  -  ResidentSetSize of job (KB)
...
040 (10284267.3233.000) 08/02 16:47:25 Started transferring output files
...
040 (10284267.3233.000) 08/02 16:47:25 Finished transferring output files
...
005 (10284267.3233.000) 08/02 16:47:25 Job terminated.
	(1) Normal termination (return value 139)
		Usr 0 00:00:01, Sys 0 00:00:00  -  Run Remote Usage
		Usr 0 00:00:00, Sys 0 00:00:00  -  Run Local Usage
		Usr 0 00:00:01, Sys 0 00:00:00  -  Total Remote Usage
		Usr 0 00:00:00, Sys 0 00:00:00  -  Total Local Usage
	7696  -  Run Bytes Sent By Job
	409597  -  Run Bytes Received By Job
	7696  -  Total Bytes Sent By Job
	409597  -  Total Bytes Received By Job
	Partitionable Resources :    Usage  Request Allocated 
	   Cpus                 :        0       12        12 
	   Disk (KB)            :      430      425   2788289 
	   Memory (MB)          :        6    24000     24000 

	Job terminated of its own accord at 2024-08-02T14:47:24Z with exit-code 139.
...
