000 (10252905.3236.000) 07/24 16:13:19 Job submitted from host: <188.185.114.121:9618?addrs=188.185.114.121-9618+[2001-1458-d00-a--100-273]-9618&alias=bigbird19.cern.ch&noUDP&sock=schedd_4961_696e>
...
009 (10252905.3236.000) 07/24 16:14:50 Job was aborted.
	via condor_rm (by user yelberke)
...
000 (10252906.3236.000) 07/24 16:15:39 Job submitted from host: <188.185.114.121:9618?addrs=188.185.114.121-9618+[2001-1458-d00-a--100-273]-9618&alias=bigbird19.cern.ch&noUDP&sock=schedd_4961_696e>
...
000 (10252907.3236.000) 07/24 16:17:33 Job submitted from host: <188.185.114.121:9618?addrs=188.185.114.121-9618+[2001-1458-d00-a--100-273]-9618&alias=bigbird19.cern.ch&noUDP&sock=schedd_4961_696e>
...
000 (10252908.3236.000) 07/24 16:18:06 Job submitted from host: <188.185.114.121:9618?addrs=188.185.114.121-9618+[2001-1458-d00-a--100-273]-9618&alias=bigbird19.cern.ch&noUDP&sock=schedd_4961_696e>
...
000 (10252909.3236.000) 07/24 16:18:42 Job submitted from host: <188.185.114.121:9618?addrs=188.185.114.121-9618+[2001-1458-d00-a--100-273]-9618&alias=bigbird19.cern.ch&noUDP&sock=schedd_4961_696e>
...
040 (10252906.3236.000) 07/24 16:55:20 Started transferring input files
	Transferring to host: <188.185.206.169:9618?addrs=188.185.206.169-9618&alias=b9p06p2599.cern.ch&noUDP&sock=slot1_9_7399_03c6_153804>
...
040 (10252906.3236.000) 07/24 16:55:20 Finished transferring input files
...
001 (10252906.3236.000) 07/24 16:55:21 Job executing on host: <188.185.206.169:9618?addrs=188.185.206.169-9618&alias=b9p06p2599.cern.ch&noUDP&sock=startd_7329_a9b2>
	SlotName: slot1_9@b9p06p2599.cern.ch
	CondorScratchDir = "/pool/condor/dir_2400761"
	Cpus = 8
	Disk = 2787909
	Memory = 16000
...
006 (10252906.3236.000) 07/24 16:55:26 Image size of job updated: 159700
	8  -  MemoryUsage of job (MB)
	7296  -  ResidentSetSize of job (KB)
...
040 (10252906.3236.000) 07/24 16:55:26 Started transferring output files
...
040 (10252906.3236.000) 07/24 16:55:26 Finished transferring output files
...
005 (10252906.3236.000) 07/24 16:55:26 Job terminated.
	(1) Normal termination (return value 0)
		Usr 0 00:00:03, Sys 0 00:00:00  -  Run Remote Usage
		Usr 0 00:00:00, Sys 0 00:00:00  -  Run Local Usage
		Usr 0 00:00:03, Sys 0 00:00:00  -  Total Remote Usage
		Usr 0 00:00:00, Sys 0 00:00:00  -  Total Local Usage
	6204  -  Run Bytes Sent By Job
	409597  -  Run Bytes Received By Job
	6204  -  Total Bytes Sent By Job
	409597  -  Total Bytes Received By Job
	Partitionable Resources :    Usage  Request Allocated 
	   Cpus                 :        0        8         8 
	   Disk (KB)            :      427      425   2787909 
	   Memory (MB)          :        8    16000     16000 

	Job terminated of its own accord at 2024-07-24T14:55:26Z with exit-code 0.
...
040 (10252907.3236.000) 07/24 18:07:13 Started transferring input files
	Transferring to host: <188.185.208.82:9618?addrs=188.185.208.82-9618+[2001-1458-303-f--100-4f]-9618&alias=b9p09p8175.cern.ch&noUDP&sock=slot1_15_6097_a351_143197>
...
040 (10252907.3236.000) 07/24 18:07:13 Finished transferring input files
...
001 (10252907.3236.000) 07/24 18:07:14 Job executing on host: <188.185.208.82:9618?addrs=188.185.208.82-9618+[2001-1458-303-f--100-4f]-9618&alias=b9p09p8175.cern.ch&noUDP&sock=startd_5028_5e46>
	SlotName: slot1_15@b9p09p8175.cern.ch
	CondorScratchDir = "/pool/condor/dir_698746"
	Cpus = 8
	Disk = 2848122
	Memory = 16000
...
006 (10252907.3236.000) 07/24 18:07:21 Image size of job updated: 161540
	9  -  MemoryUsage of job (MB)
	8320  -  ResidentSetSize of job (KB)
...
040 (10252907.3236.000) 07/24 18:07:21 Started transferring output files
...
040 (10252907.3236.000) 07/24 18:07:21 Finished transferring output files
...
005 (10252907.3236.000) 07/24 18:07:21 Job terminated.
	(1) Normal termination (return value 0)
		Usr 0 00:00:05, Sys 0 00:00:00  -  Run Remote Usage
		Usr 0 00:00:00, Sys 0 00:00:00  -  Run Local Usage
		Usr 0 00:00:05, Sys 0 00:00:00  -  Total Remote Usage
		Usr 0 00:00:00, Sys 0 00:00:00  -  Total Local Usage
	6204  -  Run Bytes Sent By Job
	409597  -  Run Bytes Received By Job
	6204  -  Total Bytes Sent By Job
	409597  -  Total Bytes Received By Job
	Partitionable Resources :    Usage  Request Allocated 
	   Cpus                 :        0        8         8 
	   Disk (KB)            :      428      425   2848122 
	   Memory (MB)          :        9    16000     16000 

	Job terminated of its own accord at 2024-07-24T16:07:21Z with exit-code 0.
...
040 (10252908.3236.000) 07/24 19:14:41 Started transferring input files
	Transferring to host: <188.185.206.175:9618?addrs=188.185.206.175-9618&alias=b9p06p7955.cern.ch&noUDP&sock=slot1_4_7362_f1e4_154887>
...
040 (10252908.3236.000) 07/24 19:14:41 Finished transferring input files
...
001 (10252908.3236.000) 07/24 19:14:42 Job executing on host: <188.185.206.175:9618?addrs=188.185.206.175-9618&alias=b9p06p7955.cern.ch&noUDP&sock=startd_7297_b6aa>
	SlotName: slot1_4@b9p06p7955.cern.ch
	CondorScratchDir = "/pool/condor/dir_3747543"
	Cpus = 8
	Disk = 2736565
	Memory = 16000
...
006 (10252908.3236.000) 07/24 19:14:46 Image size of job updated: 152076
	5  -  MemoryUsage of job (MB)
	4248  -  ResidentSetSize of job (KB)
...
040 (10252908.3236.000) 07/24 19:14:46 Started transferring output files
...
040 (10252908.3236.000) 07/24 19:14:46 Finished transferring output files
...
005 (10252908.3236.000) 07/24 19:14:46 Job terminated.
	(1) Normal termination (return value 0)
		Usr 0 00:00:03, Sys 0 00:00:00  -  Run Remote Usage
		Usr 0 00:00:00, Sys 0 00:00:00  -  Run Local Usage
		Usr 0 00:00:03, Sys 0 00:00:00  -  Total Remote Usage
		Usr 0 00:00:00, Sys 0 00:00:00  -  Total Local Usage
	6204  -  Run Bytes Sent By Job
	409597  -  Run Bytes Received By Job
	6204  -  Total Bytes Sent By Job
	409597  -  Total Bytes Received By Job
	Partitionable Resources :    Usage  Request Allocated 
	   Cpus                 :        0        8         8 
	   Disk (KB)            :      428      425   2736565 
	   Memory (MB)          :        5    16000     16000 

	Job terminated of its own accord at 2024-07-24T17:14:46Z with exit-code 0.
...
040 (10252909.3236.000) 07/24 20:14:08 Started transferring input files
	Transferring to host: <188.185.206.224:9618?addrs=188.185.206.224-9618&alias=b9p06p0068.cern.ch&noUDP&sock=slot1_10_6887_43b1_156178>
...
040 (10252909.3236.000) 07/24 20:14:09 Finished transferring input files
...
001 (10252909.3236.000) 07/24 20:14:09 Job executing on host: <188.185.206.224:9618?addrs=188.185.206.224-9618&alias=b9p06p0068.cern.ch&noUDP&sock=startd_6817_7934>
	SlotName: slot1_10@b9p06p0068.cern.ch
	CondorScratchDir = "/pool/condor/dir_2042316"
	Cpus = 8
	Disk = 2656545
	Memory = 16000
...
006 (10252909.3236.000) 07/24 20:14:13 Image size of job updated: 162612
	9  -  MemoryUsage of job (MB)
	8764  -  ResidentSetSize of job (KB)
...
040 (10252909.3236.000) 07/24 20:14:13 Started transferring output files
...
040 (10252909.3236.000) 07/24 20:14:13 Finished transferring output files
...
005 (10252909.3236.000) 07/24 20:14:13 Job terminated.
	(1) Normal termination (return value 0)
		Usr 0 00:00:03, Sys 0 00:00:00  -  Run Remote Usage
		Usr 0 00:00:00, Sys 0 00:00:00  -  Run Local Usage
		Usr 0 00:00:03, Sys 0 00:00:00  -  Total Remote Usage
		Usr 0 00:00:00, Sys 0 00:00:00  -  Total Local Usage
	6204  -  Run Bytes Sent By Job
	409597  -  Run Bytes Received By Job
	6204  -  Total Bytes Sent By Job
	409597  -  Total Bytes Received By Job
	Partitionable Resources :    Usage  Request Allocated 
	   Cpus                 :        0        8         8 
	   Disk (KB)            :      428      425   2656545 
	   Memory (MB)          :        9    16000     16000 

	Job terminated of its own accord at 2024-07-24T18:14:13Z with exit-code 0.
...
000 (10261715.3236.000) 07/25 13:02:46 Job submitted from host: <188.185.114.121:9618?addrs=188.185.114.121-9618+[2001-1458-d00-a--100-273]-9618&alias=bigbird19.cern.ch&noUDP&sock=schedd_4961_696e>
...
009 (10261715.3236.000) 07/25 13:06:56 Job was aborted.
	via condor_rm (by user yelberke)
...
000 (10261767.3236.000) 07/25 13:20:34 Job submitted from host: <188.185.114.121:9618?addrs=188.185.114.121-9618+[2001-1458-d00-a--100-273]-9618&alias=bigbird19.cern.ch&noUDP&sock=schedd_4961_696e>
...
040 (10261767.3236.000) 07/25 14:35:58 Started transferring input files
	Transferring to host: <188.185.207.59:9618?addrs=188.185.207.59-9618+[2001-1458-303-d--100-38]-9618&alias=b9p07p9037.cern.ch&noUDP&sock=slot1_2_10084_d713_147716>
...
040 (10261767.3236.000) 07/25 14:35:58 Finished transferring input files
...
001 (10261767.3236.000) 07/25 14:36:00 Job executing on host: <188.185.207.59:9618?addrs=188.185.207.59-9618+[2001-1458-303-d--100-38]-9618&alias=b9p07p9037.cern.ch&noUDP&sock=startd_8752_b8f6>
	SlotName: slot1_2@b9p07p9037.cern.ch
	CondorScratchDir = "/pool/condor/dir_449734"
	Cpus = 12
	Disk = 2608451
	Memory = 24000
...
006 (10261767.3236.000) 07/25 14:36:04 Image size of job updated: 155268
	5  -  MemoryUsage of job (MB)
	4188  -  ResidentSetSize of job (KB)
...
040 (10261767.3236.000) 07/25 14:36:08 Started transferring output files
...
040 (10261767.3236.000) 07/25 14:36:08 Finished transferring output files
...
005 (10261767.3236.000) 07/25 14:36:08 Job terminated.
	(1) Normal termination (return value 0)
		Usr 0 00:00:03, Sys 0 00:00:00  -  Run Remote Usage
		Usr 0 00:00:00, Sys 0 00:00:00  -  Run Local Usage
		Usr 0 00:00:03, Sys 0 00:00:00  -  Total Remote Usage
		Usr 0 00:00:00, Sys 0 00:00:00  -  Total Local Usage
	6676  -  Run Bytes Sent By Job
	409597  -  Run Bytes Received By Job
	6676  -  Total Bytes Sent By Job
	409597  -  Total Bytes Received By Job
	Partitionable Resources :    Usage  Request Allocated 
	   Cpus                 :        0       12        12 
	   Disk (KB)            :      429      425   2608451 
	   Memory (MB)          :        5    24000     24000 

	Job terminated of its own accord at 2024-07-25T12:36:04Z with exit-code 0.
...
000 (10284266.3236.000) 08/02 15:46:30 Job submitted from host: <188.185.114.121:9618?addrs=188.185.114.121-9618+[2001-1458-d00-a--100-273]-9618&alias=bigbird19.cern.ch&noUDP&sock=schedd_4961_696e>
...
000 (10284267.3236.000) 08/02 15:50:02 Job submitted from host: <188.185.114.121:9618?addrs=188.185.114.121-9618+[2001-1458-d00-a--100-273]-9618&alias=bigbird19.cern.ch&noUDP&sock=schedd_4961_696e>
...
009 (10284266.3236.000) 08/02 15:50:24 Job was aborted.
	via condor_rm (by user yelberke)
...
040 (10284267.3236.000) 08/02 16:47:23 Started transferring input files
	Transferring to host: <188.185.209.25:9618?addrs=188.185.209.25-9618+[2001-1458-303-11--100-16]-9618&alias=b9p11p8699.cern.ch&noUDP&sock=slot1_6_7028_9c97_153285>
...
040 (10284267.3236.000) 08/02 16:47:23 Finished transferring input files
...
001 (10284267.3236.000) 08/02 16:47:24 Job executing on host: <188.185.209.25:9618?addrs=188.185.209.25-9618+[2001-1458-303-11--100-16]-9618&alias=b9p11p8699.cern.ch&noUDP&sock=startd_5632_a97a>
	SlotName: slot1_6@b9p11p8699.cern.ch
	CondorScratchDir = "/pool/condor/dir_2854835"
	Cpus = 12
	Disk = 2701951
	Memory = 24000
...
006 (10284267.3236.000) 08/02 16:47:26 Image size of job updated: 325320
	5  -  MemoryUsage of job (MB)
	4320  -  ResidentSetSize of job (KB)
...
040 (10284267.3236.000) 08/02 16:47:26 Started transferring output files
...
040 (10284267.3236.000) 08/02 16:47:26 Finished transferring output files
...
005 (10284267.3236.000) 08/02 16:47:26 Job terminated.
	(1) Normal termination (return value 139)
		Usr 0 00:00:01, Sys 0 00:00:00  -  Run Remote Usage
		Usr 0 00:00:00, Sys 0 00:00:00  -  Run Local Usage
		Usr 0 00:00:01, Sys 0 00:00:00  -  Total Remote Usage
		Usr 0 00:00:00, Sys 0 00:00:00  -  Total Local Usage
	7696  -  Run Bytes Sent By Job
	409597  -  Run Bytes Received By Job
	7696  -  Total Bytes Sent By Job
	409597  -  Total Bytes Received By Job
	Partitionable Resources :    Usage  Request Allocated 
	   Cpus                 :        0       12        12 
	   Disk (KB)            :      430      425   2701951 
	   Memory (MB)          :        5    24000     24000 

	Job terminated of its own accord at 2024-08-02T14:47:26Z with exit-code 139.
...
