000 (10252905.3266.000) 07/24 16:13:19 Job submitted from host: <188.185.114.121:9618?addrs=188.185.114.121-9618+[2001-1458-d00-a--100-273]-9618&alias=bigbird19.cern.ch&noUDP&sock=schedd_4961_696e>
...
009 (10252905.3266.000) 07/24 16:14:50 Job was aborted.
	via condor_rm (by user yelberke)
...
000 (10252906.3266.000) 07/24 16:15:39 Job submitted from host: <188.185.114.121:9618?addrs=188.185.114.121-9618+[2001-1458-d00-a--100-273]-9618&alias=bigbird19.cern.ch&noUDP&sock=schedd_4961_696e>
...
000 (10252907.3266.000) 07/24 16:17:33 Job submitted from host: <188.185.114.121:9618?addrs=188.185.114.121-9618+[2001-1458-d00-a--100-273]-9618&alias=bigbird19.cern.ch&noUDP&sock=schedd_4961_696e>
...
000 (10252908.3266.000) 07/24 16:18:06 Job submitted from host: <188.185.114.121:9618?addrs=188.185.114.121-9618+[2001-1458-d00-a--100-273]-9618&alias=bigbird19.cern.ch&noUDP&sock=schedd_4961_696e>
...
000 (10252909.3266.000) 07/24 16:18:42 Job submitted from host: <188.185.114.121:9618?addrs=188.185.114.121-9618+[2001-1458-d00-a--100-273]-9618&alias=bigbird19.cern.ch&noUDP&sock=schedd_4961_696e>
...
040 (10252906.3266.000) 07/24 16:55:32 Started transferring input files
	Transferring to host: <188.185.209.211:9618?addrs=188.185.209.211-9618+[2001-1458-303-12--100-50]-9618&alias=b9p12p3597.cern.ch&noUDP&sock=slot1_9_7349_c904_142196>
...
040 (10252906.3266.000) 07/24 16:55:32 Finished transferring input files
...
001 (10252906.3266.000) 07/24 16:55:33 Job executing on host: <188.185.209.211:9618?addrs=188.185.209.211-9618+[2001-1458-303-12--100-50]-9618&alias=b9p12p3597.cern.ch&noUDP&sock=startd_6219_4b92>
	SlotName: slot1_9@b9p12p3597.cern.ch
	CondorScratchDir = "/pool/condor/dir_3535122"
	Cpus = 8
	Disk = 2985794
	Memory = 16000
...
006 (10252906.3266.000) 07/24 16:55:37 Image size of job updated: 158940
	7  -  MemoryUsage of job (MB)
	6424  -  ResidentSetSize of job (KB)
...
040 (10252906.3266.000) 07/24 16:55:37 Started transferring output files
...
040 (10252906.3266.000) 07/24 16:55:37 Finished transferring output files
...
005 (10252906.3266.000) 07/24 16:55:37 Job terminated.
	(1) Normal termination (return value 0)
		Usr 0 00:00:03, Sys 0 00:00:00  -  Run Remote Usage
		Usr 0 00:00:00, Sys 0 00:00:00  -  Run Local Usage
		Usr 0 00:00:03, Sys 0 00:00:00  -  Total Remote Usage
		Usr 0 00:00:00, Sys 0 00:00:00  -  Total Local Usage
	6204  -  Run Bytes Sent By Job
	409597  -  Run Bytes Received By Job
	6204  -  Total Bytes Sent By Job
	409597  -  Total Bytes Received By Job
	Partitionable Resources :    Usage  Request Allocated 
	   Cpus                 :        0        8         8 
	   Disk (KB)            :      428      425   2985794 
	   Memory (MB)          :        7    16000     16000 

	Job terminated of its own accord at 2024-07-24T14:55:37Z with exit-code 0.
...
040 (10252907.3266.000) 07/24 18:08:25 Started transferring input files
	Transferring to host: <188.185.195.104:9618?addrs=188.185.195.104-9618+[2001-1458-303-22--100-64]-9618&alias=b9p17p4322.cern.ch&noUDP&sock=slot1_1_3733077_34d5_20398>
...
040 (10252907.3266.000) 07/24 18:08:25 Finished transferring input files
...
001 (10252907.3266.000) 07/24 18:08:26 Job executing on host: <188.185.195.104:9618?addrs=188.185.195.104-9618+[2001-1458-303-22--100-64]-9618&alias=b9p17p4322.cern.ch&noUDP&sock=startd_127965_ecbf>
	SlotName: slot1_1@b9p17p4322.cern.ch
	CondorScratchDir = "/pool/condor/dir_2852039"
	Cpus = 8
	Disk = 3052027
	Memory = 16000
...
006 (10252907.3266.000) 07/24 18:08:34 Image size of job updated: 161124
	8  -  MemoryUsage of job (MB)
	8176  -  ResidentSetSize of job (KB)
...
040 (10252907.3266.000) 07/24 18:08:34 Started transferring output files
...
040 (10252907.3266.000) 07/24 18:08:34 Finished transferring output files
...
005 (10252907.3266.000) 07/24 18:08:34 Job terminated.
	(1) Normal termination (return value 0)
		Usr 0 00:00:06, Sys 0 00:00:00  -  Run Remote Usage
		Usr 0 00:00:00, Sys 0 00:00:00  -  Run Local Usage
		Usr 0 00:00:06, Sys 0 00:00:00  -  Total Remote Usage
		Usr 0 00:00:00, Sys 0 00:00:00  -  Total Local Usage
	6204  -  Run Bytes Sent By Job
	409597  -  Run Bytes Received By Job
	6204  -  Total Bytes Sent By Job
	409597  -  Total Bytes Received By Job
	Partitionable Resources :    Usage  Request Allocated 
	   Cpus                 :        0        8         8 
	   Disk (KB)            :      428      425   3052027 
	   Memory (MB)          :        8    16000     16000 

	Job terminated of its own accord at 2024-07-24T16:08:34Z with exit-code 0.
...
040 (10252908.3266.000) 07/24 19:14:51 Started transferring input files
	Transferring to host: <188.185.207.49:9618?addrs=188.185.207.49-9618+[2001-1458-303-d--100-2e]-9618&alias=b9p07p8967.cern.ch&noUDP&sock=slot1_5_4942_d602_143511>
...
040 (10252908.3266.000) 07/24 19:14:51 Finished transferring input files
...
001 (10252908.3266.000) 07/24 19:14:52 Job executing on host: <188.185.207.49:9618?addrs=188.185.207.49-9618+[2001-1458-303-d--100-2e]-9618&alias=b9p07p8967.cern.ch&noUDP&sock=startd_4205_dbd5>
	SlotName: slot1_5@b9p07p8967.cern.ch
	CondorScratchDir = "/pool/condor/dir_1189346"
	Cpus = 8
	Disk = 2791328
	Memory = 16000
...
006 (10252908.3266.000) 07/24 19:14:56 Image size of job updated: 159752
	8  -  MemoryUsage of job (MB)
	7524  -  ResidentSetSize of job (KB)
...
040 (10252908.3266.000) 07/24 19:14:57 Started transferring output files
...
040 (10252908.3266.000) 07/24 19:14:57 Finished transferring output files
...
005 (10252908.3266.000) 07/24 19:14:57 Job terminated.
	(1) Normal termination (return value 0)
		Usr 0 00:00:03, Sys 0 00:00:00  -  Run Remote Usage
		Usr 0 00:00:00, Sys 0 00:00:00  -  Run Local Usage
		Usr 0 00:00:03, Sys 0 00:00:00  -  Total Remote Usage
		Usr 0 00:00:00, Sys 0 00:00:00  -  Total Local Usage
	6204  -  Run Bytes Sent By Job
	409597  -  Run Bytes Received By Job
	6204  -  Total Bytes Sent By Job
	409597  -  Total Bytes Received By Job
	Partitionable Resources :    Usage  Request Allocated 
	   Cpus                 :        0        8         8 
	   Disk (KB)            :      428      425   2791328 
	   Memory (MB)          :        8    16000     16000 

	Job terminated of its own accord at 2024-07-24T17:14:56Z with exit-code 0.
...
040 (10252909.3266.000) 07/24 20:14:18 Started transferring input files
	Transferring to host: <188.185.209.189:9618?addrs=188.185.209.189-9618+[2001-1458-303-12--100-3a]-9618&alias=b9p12p5961.cern.ch&noUDP&sock=slot1_7_3731474_bf74_74710>
...
040 (10252909.3266.000) 07/24 20:14:18 Finished transferring input files
...
001 (10252909.3266.000) 07/24 20:14:19 Job executing on host: <188.185.209.189:9618?addrs=188.185.209.189-9618+[2001-1458-303-12--100-3a]-9618&alias=b9p12p5961.cern.ch&noUDP&sock=startd_1532964_6041>
	SlotName: slot1_7@b9p12p5961.cern.ch
	CondorScratchDir = "/pool/condor/dir_4023434"
	Cpus = 8
	Disk = 2799164
	Memory = 16000
...
006 (10252909.3266.000) 07/24 20:14:23 Image size of job updated: 157656
	8  -  MemoryUsage of job (MB)
	7280  -  ResidentSetSize of job (KB)
...
040 (10252909.3266.000) 07/24 20:14:23 Started transferring output files
...
040 (10252909.3266.000) 07/24 20:14:23 Finished transferring output files
...
005 (10252909.3266.000) 07/24 20:14:23 Job terminated.
	(1) Normal termination (return value 0)
		Usr 0 00:00:03, Sys 0 00:00:00  -  Run Remote Usage
		Usr 0 00:00:00, Sys 0 00:00:00  -  Run Local Usage
		Usr 0 00:00:03, Sys 0 00:00:00  -  Total Remote Usage
		Usr 0 00:00:00, Sys 0 00:00:00  -  Total Local Usage
	6204  -  Run Bytes Sent By Job
	409597  -  Run Bytes Received By Job
	6204  -  Total Bytes Sent By Job
	409597  -  Total Bytes Received By Job
	Partitionable Resources :    Usage  Request Allocated 
	   Cpus                 :        0        8         8 
	   Disk (KB)            :      431      425   2799164 
	   Memory (MB)          :        8    16000     16000 

	Job terminated of its own accord at 2024-07-24T18:14:23Z with exit-code 0.
...
000 (10261715.3266.000) 07/25 13:02:46 Job submitted from host: <188.185.114.121:9618?addrs=188.185.114.121-9618+[2001-1458-d00-a--100-273]-9618&alias=bigbird19.cern.ch&noUDP&sock=schedd_4961_696e>
...
009 (10261715.3266.000) 07/25 13:06:56 Job was aborted.
	via condor_rm (by user yelberke)
...
000 (10261767.3266.000) 07/25 13:20:34 Job submitted from host: <188.185.114.121:9618?addrs=188.185.114.121-9618+[2001-1458-d00-a--100-273]-9618&alias=bigbird19.cern.ch&noUDP&sock=schedd_4961_696e>
...
040 (10261767.3266.000) 07/25 14:36:12 Started transferring input files
	Transferring to host: <188.185.204.200:9618?addrs=188.185.204.200-9618+[2001-1458-303-8--100-bc]-9618&alias=b9p02p1911.cern.ch&noUDP&sock=slot1_17_7272_8821_157064>
...
040 (10261767.3266.000) 07/25 14:36:12 Finished transferring input files
...
001 (10261767.3266.000) 07/25 14:36:13 Job executing on host: <188.185.204.200:9618?addrs=188.185.204.200-9618+[2001-1458-303-8--100-bc]-9618&alias=b9p02p1911.cern.ch&noUDP&sock=startd_7203_3cc3>
	SlotName: slot1_17@b9p02p1911.cern.ch
	CondorScratchDir = "/pool/condor/dir_1476978"
	Cpus = 12
	Disk = 2859485
	Memory = 24000
...
006 (10261767.3266.000) 07/25 14:36:17 Image size of job updated: 161092
	8  -  MemoryUsage of job (MB)
	8096  -  ResidentSetSize of job (KB)
...
040 (10261767.3266.000) 07/25 14:36:18 Started transferring output files
...
040 (10261767.3266.000) 07/25 14:36:19 Finished transferring output files
...
005 (10261767.3266.000) 07/25 14:36:20 Job terminated.
	(1) Normal termination (return value 0)
		Usr 0 00:00:03, Sys 0 00:00:00  -  Run Remote Usage
		Usr 0 00:00:00, Sys 0 00:00:00  -  Run Local Usage
		Usr 0 00:00:03, Sys 0 00:00:00  -  Total Remote Usage
		Usr 0 00:00:00, Sys 0 00:00:00  -  Total Local Usage
	6676  -  Run Bytes Sent By Job
	409597  -  Run Bytes Received By Job
	6676  -  Total Bytes Sent By Job
	409597  -  Total Bytes Received By Job
	Partitionable Resources :    Usage  Request Allocated 
	   Cpus                 :                12        12 
	   Disk (KB)            :      420      425   2859485 
	   Memory (MB)          :        8    24000     24000 

	Job terminated of its own accord at 2024-07-25T12:36:17Z with exit-code 0.
...
000 (10284266.3266.000) 08/02 15:46:31 Job submitted from host: <188.185.114.121:9618?addrs=188.185.114.121-9618+[2001-1458-d00-a--100-273]-9618&alias=bigbird19.cern.ch&noUDP&sock=schedd_4961_696e>
...
000 (10284267.3266.000) 08/02 15:50:02 Job submitted from host: <188.185.114.121:9618?addrs=188.185.114.121-9618+[2001-1458-d00-a--100-273]-9618&alias=bigbird19.cern.ch&noUDP&sock=schedd_4961_696e>
...
009 (10284266.3266.000) 08/02 15:50:24 Job was aborted.
	via condor_rm (by user yelberke)
...
040 (10284267.3266.000) 08/02 16:47:33 Started transferring input files
	Transferring to host: <188.185.206.207:9618?addrs=188.185.206.207-9618+[2001-1458-303-c--100-4c]-9618&alias=b9p06p6342.cern.ch&noUDP&sock=slot1_2_3649_cced_93565>
...
040 (10284267.3266.000) 08/02 16:47:33 Finished transferring input files
...
001 (10284267.3266.000) 08/02 16:47:34 Job executing on host: <188.185.206.207:9618?addrs=188.185.206.207-9618+[2001-1458-303-c--100-4c]-9618&alias=b9p06p6342.cern.ch&noUDP&sock=startd_3322_31b4>
	SlotName: slot1_2@b9p06p6342.cern.ch
	CondorScratchDir = "/pool/condor/dir_1298704"
	Cpus = 12
	Disk = 2766741
	Memory = 24000
...
006 (10284267.3266.000) 08/02 16:47:35 Image size of job updated: 326884
	8  -  MemoryUsage of job (MB)
	7424  -  ResidentSetSize of job (KB)
...
040 (10284267.3266.000) 08/02 16:47:35 Started transferring output files
...
040 (10284267.3266.000) 08/02 16:47:35 Finished transferring output files
...
005 (10284267.3266.000) 08/02 16:47:35 Job terminated.
	(1) Normal termination (return value 139)
		Usr 0 00:00:01, Sys 0 00:00:00  -  Run Remote Usage
		Usr 0 00:00:00, Sys 0 00:00:00  -  Run Local Usage
		Usr 0 00:00:01, Sys 0 00:00:00  -  Total Remote Usage
		Usr 0 00:00:00, Sys 0 00:00:00  -  Total Local Usage
	7696  -  Run Bytes Sent By Job
	409597  -  Run Bytes Received By Job
	7696  -  Total Bytes Sent By Job
	409597  -  Total Bytes Received By Job
	Partitionable Resources :    Usage  Request Allocated 
	   Cpus                 :        0       12        12 
	   Disk (KB)            :      430      425   2766741 
	   Memory (MB)          :        8    24000     24000 

	Job terminated of its own accord at 2024-08-02T14:47:35Z with exit-code 139.
...
