000 (10252905.3331.000) 07/24 16:13:19 Job submitted from host: <188.185.114.121:9618?addrs=188.185.114.121-9618+[2001-1458-d00-a--100-273]-9618&alias=bigbird19.cern.ch&noUDP&sock=schedd_4961_696e>
...
009 (10252905.3331.000) 07/24 16:14:50 Job was aborted.
	via condor_rm (by user yelberke)
...
000 (10252906.3331.000) 07/24 16:15:39 Job submitted from host: <188.185.114.121:9618?addrs=188.185.114.121-9618+[2001-1458-d00-a--100-273]-9618&alias=bigbird19.cern.ch&noUDP&sock=schedd_4961_696e>
...
000 (10252907.3331.000) 07/24 16:17:33 Job submitted from host: <188.185.114.121:9618?addrs=188.185.114.121-9618+[2001-1458-d00-a--100-273]-9618&alias=bigbird19.cern.ch&noUDP&sock=schedd_4961_696e>
...
000 (10252908.3331.000) 07/24 16:18:06 Job submitted from host: <188.185.114.121:9618?addrs=188.185.114.121-9618+[2001-1458-d00-a--100-273]-9618&alias=bigbird19.cern.ch&noUDP&sock=schedd_4961_696e>
...
000 (10252909.3331.000) 07/24 16:18:42 Job submitted from host: <188.185.114.121:9618?addrs=188.185.114.121-9618+[2001-1458-d00-a--100-273]-9618&alias=bigbird19.cern.ch&noUDP&sock=schedd_4961_696e>
...
040 (10252906.3331.000) 07/24 16:56:00 Started transferring input files
	Transferring to host: <188.185.198.23:9618?addrs=188.185.198.23-9618+[2001-1458-303-25--100-13]-9618&alias=b9p15p9861.cern.ch&noUDP&sock=slot1_16_546401_af24_3547>
...
040 (10252906.3331.000) 07/24 16:56:00 Finished transferring input files
...
001 (10252906.3331.000) 07/24 16:56:01 Job executing on host: <188.185.198.23:9618?addrs=188.185.198.23-9618+[2001-1458-303-25--100-13]-9618&alias=b9p15p9861.cern.ch&noUDP&sock=startd_127820_7784>
	SlotName: slot1_16@b9p15p9861.cern.ch
	CondorScratchDir = "/pool/condor/dir_204723"
	Cpus = 8
	Disk = 2999755
	Memory = 16000
...
006 (10252906.3331.000) 07/24 16:56:09 Image size of job updated: 1
	0  -  MemoryUsage of job (MB)
	0  -  ResidentSetSize of job (KB)
...
006 (10252906.3331.000) 07/24 16:56:32 Image size of job updated: 158164
	8  -  MemoryUsage of job (MB)
	7304  -  ResidentSetSize of job (KB)
...
040 (10252906.3331.000) 07/24 16:56:32 Started transferring output files
...
040 (10252906.3331.000) 07/24 16:56:32 Finished transferring output files
...
005 (10252906.3331.000) 07/24 16:56:32 Job terminated.
	(1) Normal termination (return value 0)
		Usr 0 00:00:04, Sys 0 00:00:00  -  Run Remote Usage
		Usr 0 00:00:00, Sys 0 00:00:00  -  Run Local Usage
		Usr 0 00:00:04, Sys 0 00:00:00  -  Total Remote Usage
		Usr 0 00:00:00, Sys 0 00:00:00  -  Total Local Usage
	6204  -  Run Bytes Sent By Job
	409597  -  Run Bytes Received By Job
	6204  -  Total Bytes Sent By Job
	409597  -  Total Bytes Received By Job
	Partitionable Resources :    Usage  Request Allocated 
	   Cpus                 :        0        8         8 
	   Disk (KB)            :      428      425   2999755 
	   Memory (MB)          :        8    16000     16000 

	Job terminated of its own accord at 2024-07-24T14:56:32Z with exit-code 0.
...
040 (10252907.3331.000) 07/24 18:08:32 Started transferring input files
	Transferring to host: <188.185.195.130:9618?addrs=188.185.195.130-9618+[2001-1458-303-22--100-7e]-9618&alias=b9p17p4657.cern.ch&noUDP&sock=slot1_15_138278_1c30_31857>
...
040 (10252907.3331.000) 07/24 18:08:32 Finished transferring input files
...
001 (10252907.3331.000) 07/24 18:08:33 Job executing on host: <188.185.195.130:9618?addrs=188.185.195.130-9618+[2001-1458-303-22--100-7e]-9618&alias=b9p17p4657.cern.ch&noUDP&sock=startd_128788_6f31>
	SlotName: slot1_15@b9p17p4657.cern.ch
	CondorScratchDir = "/pool/condor/dir_1066392"
	Cpus = 8
	Disk = 3057388
	Memory = 16000
...
006 (10252907.3331.000) 07/24 18:08:39 Image size of job updated: 161180
	9  -  MemoryUsage of job (MB)
	8224  -  ResidentSetSize of job (KB)
...
040 (10252907.3331.000) 07/24 18:08:39 Started transferring output files
...
040 (10252907.3331.000) 07/24 18:08:39 Finished transferring output files
...
005 (10252907.3331.000) 07/24 18:08:39 Job terminated.
	(1) Normal termination (return value 0)
		Usr 0 00:00:05, Sys 0 00:00:00  -  Run Remote Usage
		Usr 0 00:00:00, Sys 0 00:00:00  -  Run Local Usage
		Usr 0 00:00:05, Sys 0 00:00:00  -  Total Remote Usage
		Usr 0 00:00:00, Sys 0 00:00:00  -  Total Local Usage
	6204  -  Run Bytes Sent By Job
	409597  -  Run Bytes Received By Job
	6204  -  Total Bytes Sent By Job
	409597  -  Total Bytes Received By Job
	Partitionable Resources :    Usage  Request Allocated 
	   Cpus                 :        0        8         8 
	   Disk (KB)            :      428      425   3057388 
	   Memory (MB)          :        9    16000     16000 

	Job terminated of its own accord at 2024-07-24T16:08:39Z with exit-code 0.
...
040 (10252908.3331.000) 07/24 19:15:15 Started transferring input files
	Transferring to host: <128.142.52.11:9618?addrs=128.142.52.11-9618+[2001-1458-301-1b--100-8]-9618&alias=b9g02p1359.cern.ch&noUDP&sock=slot1_2_2875679_c064_672>
...
040 (10252908.3331.000) 07/24 19:15:15 Finished transferring input files
...
001 (10252908.3331.000) 07/24 19:15:16 Job executing on host: <128.142.52.11:9618?addrs=128.142.52.11-9618+[2001-1458-301-1b--100-8]-9618&alias=b9g02p1359.cern.ch&noUDP&sock=startd_6635_a2f8>
	SlotName: slot1_2@b9g02p1359.cern.ch
	CondorScratchDir = "/pool/condor/dir_1420124"
	Cpus = 8
	Disk = 2873312
	Memory = 16000
...
006 (10252908.3331.000) 07/24 19:15:25 Image size of job updated: 158756
	8  -  MemoryUsage of job (MB)
	7524  -  ResidentSetSize of job (KB)
...
040 (10252908.3331.000) 07/24 19:15:25 Started transferring output files
...
040 (10252908.3331.000) 07/24 19:15:25 Finished transferring output files
...
005 (10252908.3331.000) 07/24 19:15:25 Job terminated.
	(1) Normal termination (return value 0)
		Usr 0 00:00:07, Sys 0 00:00:00  -  Run Remote Usage
		Usr 0 00:00:00, Sys 0 00:00:00  -  Run Local Usage
		Usr 0 00:00:07, Sys 0 00:00:00  -  Total Remote Usage
		Usr 0 00:00:00, Sys 0 00:00:00  -  Total Local Usage
	6204  -  Run Bytes Sent By Job
	409597  -  Run Bytes Received By Job
	6204  -  Total Bytes Sent By Job
	409597  -  Total Bytes Received By Job
	Partitionable Resources :    Usage  Request Allocated 
	   Cpus                 :        0        8         8 
	   Disk (KB)            :      428      425   2873312 
	   Memory (MB)          :        8    16000     16000 

	Job terminated of its own accord at 2024-07-24T17:15:25Z with exit-code 0.
...
040 (10252909.3331.000) 07/24 20:14:39 Started transferring input files
	Transferring to host: <188.185.209.189:9618?addrs=188.185.209.189-9618+[2001-1458-303-12--100-3a]-9618&alias=b9p12p5961.cern.ch&noUDP&sock=slot1_20_3731474_bf74_74714>
...
040 (10252909.3331.000) 07/24 20:14:39 Finished transferring input files
...
001 (10252909.3331.000) 07/24 20:14:40 Job executing on host: <188.185.209.189:9618?addrs=188.185.209.189-9618+[2001-1458-303-12--100-3a]-9618&alias=b9p12p5961.cern.ch&noUDP&sock=startd_1532964_6041>
	SlotName: slot1_20@b9p12p5961.cern.ch
	CondorScratchDir = "/pool/condor/dir_170684"
	Cpus = 8
	Disk = 2799165
	Memory = 16000
...
006 (10252909.3331.000) 07/24 20:14:44 Image size of job updated: 158604
	8  -  MemoryUsage of job (MB)
	7684  -  ResidentSetSize of job (KB)
...
040 (10252909.3331.000) 07/24 20:14:44 Started transferring output files
...
040 (10252909.3331.000) 07/24 20:14:44 Finished transferring output files
...
005 (10252909.3331.000) 07/24 20:14:44 Job terminated.
	(1) Normal termination (return value 0)
		Usr 0 00:00:03, Sys 0 00:00:00  -  Run Remote Usage
		Usr 0 00:00:00, Sys 0 00:00:00  -  Run Local Usage
		Usr 0 00:00:03, Sys 0 00:00:00  -  Total Remote Usage
		Usr 0 00:00:00, Sys 0 00:00:00  -  Total Local Usage
	6204  -  Run Bytes Sent By Job
	409597  -  Run Bytes Received By Job
	6204  -  Total Bytes Sent By Job
	409597  -  Total Bytes Received By Job
	Partitionable Resources :    Usage  Request Allocated 
	   Cpus                 :        0        8         8 
	   Disk (KB)            :      430      425   2799165 
	   Memory (MB)          :        8    16000     16000 

	Job terminated of its own accord at 2024-07-24T18:14:44Z with exit-code 0.
...
000 (10261715.3331.000) 07/25 13:02:49 Job submitted from host: <188.185.114.121:9618?addrs=188.185.114.121-9618+[2001-1458-d00-a--100-273]-9618&alias=bigbird19.cern.ch&noUDP&sock=schedd_4961_696e>
...
009 (10261715.3331.000) 07/25 13:06:56 Job was aborted.
	via condor_rm (by user yelberke)
...
000 (10261767.3331.000) 07/25 13:20:34 Job submitted from host: <188.185.114.121:9618?addrs=188.185.114.121-9618+[2001-1458-d00-a--100-273]-9618&alias=bigbird19.cern.ch&noUDP&sock=schedd_4961_696e>
...
040 (10261767.3331.000) 07/25 14:36:36 Started transferring input files
	Transferring to host: <188.185.204.202:9618?addrs=188.185.204.202-9618+[2001-1458-303-8--100-be]-9618&alias=b9p02p5453.cern.ch&noUDP&sock=slot1_5_5206_d90d_83251>
...
040 (10261767.3331.000) 07/25 14:36:36 Finished transferring input files
...
001 (10261767.3331.000) 07/25 14:36:37 Job executing on host: <188.185.204.202:9618?addrs=188.185.204.202-9618+[2001-1458-303-8--100-be]-9618&alias=b9p02p5453.cern.ch&noUDP&sock=startd_4321_6cd1>
	SlotName: slot1_5@b9p02p5453.cern.ch
	CondorScratchDir = "/pool/condor/dir_3029825"
	Cpus = 12
	Disk = 2867529
	Memory = 24000
...
006 (10261767.3331.000) 07/25 14:36:41 Image size of job updated: 161044
	7  -  MemoryUsage of job (MB)
	6792  -  ResidentSetSize of job (KB)
...
040 (10261767.3331.000) 07/25 14:36:41 Started transferring output files
...
040 (10261767.3331.000) 07/25 14:36:41 Finished transferring output files
...
005 (10261767.3331.000) 07/25 14:36:41 Job terminated.
	(1) Normal termination (return value 0)
		Usr 0 00:00:03, Sys 0 00:00:00  -  Run Remote Usage
		Usr 0 00:00:00, Sys 0 00:00:00  -  Run Local Usage
		Usr 0 00:00:03, Sys 0 00:00:00  -  Total Remote Usage
		Usr 0 00:00:00, Sys 0 00:00:00  -  Total Local Usage
	6676  -  Run Bytes Sent By Job
	409597  -  Run Bytes Received By Job
	6676  -  Total Bytes Sent By Job
	409597  -  Total Bytes Received By Job
	Partitionable Resources :    Usage  Request Allocated 
	   Cpus                 :        0       12        12 
	   Disk (KB)            :      428      425   2867529 
	   Memory (MB)          :        7    24000     24000 

	Job terminated of its own accord at 2024-07-25T12:36:41Z with exit-code 0.
...
000 (10284266.3331.000) 08/02 15:46:31 Job submitted from host: <188.185.114.121:9618?addrs=188.185.114.121-9618+[2001-1458-d00-a--100-273]-9618&alias=bigbird19.cern.ch&noUDP&sock=schedd_4961_696e>
...
000 (10284267.3331.000) 08/02 15:50:02 Job submitted from host: <188.185.114.121:9618?addrs=188.185.114.121-9618+[2001-1458-d00-a--100-273]-9618&alias=bigbird19.cern.ch&noUDP&sock=schedd_4961_696e>
...
009 (10284266.3331.000) 08/02 15:50:24 Job was aborted.
	via condor_rm (by user yelberke)
...
040 (10284267.3331.000) 08/02 16:47:55 Started transferring input files
	Transferring to host: <188.185.193.147:9618?addrs=188.185.193.147-9618+[2001-1458-303-20--100-8f]-9618&alias=b9p19p7061.cern.ch&noUDP&sock=slot1_1_3719920_e8de_44>
...
040 (10284267.3331.000) 08/02 16:47:55 Finished transferring input files
...
001 (10284267.3331.000) 08/02 16:47:56 Job executing on host: <188.185.193.147:9618?addrs=188.185.193.147-9618+[2001-1458-303-20--100-8f]-9618&alias=b9p19p7061.cern.ch&noUDP&sock=startd_174853_315d>
	SlotName: slot1_1@b9p19p7061.cern.ch
	CondorScratchDir = "/pool/condor/dir_3733606"
	Cpus = 12
	Disk = 3105211
	Memory = 24000
...
006 (10284267.3331.000) 08/02 16:47:58 Image size of job updated: 316936
	3  -  MemoryUsage of job (MB)
	2992  -  ResidentSetSize of job (KB)
...
040 (10284267.3331.000) 08/02 16:47:58 Started transferring output files
...
040 (10284267.3331.000) 08/02 16:47:58 Finished transferring output files
...
005 (10284267.3331.000) 08/02 16:47:58 Job terminated.
	(1) Normal termination (return value 139)
		Usr 0 00:00:02, Sys 0 00:00:00  -  Run Remote Usage
		Usr 0 00:00:00, Sys 0 00:00:00  -  Run Local Usage
		Usr 0 00:00:02, Sys 0 00:00:00  -  Total Remote Usage
		Usr 0 00:00:00, Sys 0 00:00:00  -  Total Local Usage
	7696  -  Run Bytes Sent By Job
	409597  -  Run Bytes Received By Job
	7696  -  Total Bytes Sent By Job
	409597  -  Total Bytes Received By Job
	Partitionable Resources :    Usage  Request Allocated 
	   Cpus                 :        0       12        12 
	   Disk (KB)            :      429      425   3105211 
	   Memory (MB)          :        3    24000     24000 

	Job terminated of its own accord at 2024-08-02T14:47:58Z with exit-code 139.
...
