000 (10252905.3372.000) 07/24 16:13:19 Job submitted from host: <188.185.114.121:9618?addrs=188.185.114.121-9618+[2001-1458-d00-a--100-273]-9618&alias=bigbird19.cern.ch&noUDP&sock=schedd_4961_696e>
...
009 (10252905.3372.000) 07/24 16:14:50 Job was aborted.
	via condor_rm (by user yelberke)
...
000 (10252906.3372.000) 07/24 16:15:39 Job submitted from host: <188.185.114.121:9618?addrs=188.185.114.121-9618+[2001-1458-d00-a--100-273]-9618&alias=bigbird19.cern.ch&noUDP&sock=schedd_4961_696e>
...
000 (10252907.3372.000) 07/24 16:17:33 Job submitted from host: <188.185.114.121:9618?addrs=188.185.114.121-9618+[2001-1458-d00-a--100-273]-9618&alias=bigbird19.cern.ch&noUDP&sock=schedd_4961_696e>
...
000 (10252908.3372.000) 07/24 16:18:06 Job submitted from host: <188.185.114.121:9618?addrs=188.185.114.121-9618+[2001-1458-d00-a--100-273]-9618&alias=bigbird19.cern.ch&noUDP&sock=schedd_4961_696e>
...
000 (10252909.3372.000) 07/24 16:18:42 Job submitted from host: <188.185.114.121:9618?addrs=188.185.114.121-9618+[2001-1458-d00-a--100-273]-9618&alias=bigbird19.cern.ch&noUDP&sock=schedd_4961_696e>
...
040 (10252906.3372.000) 07/24 16:56:05 Started transferring input files
	Transferring to host: <188.185.205.13:9618?addrs=188.185.205.13-9618+[2001-1458-303-9--100-81]-9618&alias=b9p03p2205.cern.ch&noUDP&sock=slot1_12_3583_4c2b_30321>
...
040 (10252906.3372.000) 07/24 16:56:05 Finished transferring input files
...
001 (10252906.3372.000) 07/24 16:56:06 Job executing on host: <188.185.205.13:9618?addrs=188.185.205.13-9618+[2001-1458-303-9--100-81]-9618&alias=b9p03p2205.cern.ch&noUDP&sock=startd_3230_16fe>
	SlotName: slot1_12@b9p03p2205.cern.ch
	CondorScratchDir = "/pool/condor/dir_104055"
	Cpus = 8
	Disk = 2731982
	Memory = 16000
...
006 (10252906.3372.000) 07/24 16:56:11 Image size of job updated: 157752
	7  -  MemoryUsage of job (MB)
	7140  -  ResidentSetSize of job (KB)
...
040 (10252906.3372.000) 07/24 16:56:11 Started transferring output files
...
040 (10252906.3372.000) 07/24 16:56:11 Finished transferring output files
...
005 (10252906.3372.000) 07/24 16:56:11 Job terminated.
	(1) Normal termination (return value 0)
		Usr 0 00:00:03, Sys 0 00:00:00  -  Run Remote Usage
		Usr 0 00:00:00, Sys 0 00:00:00  -  Run Local Usage
		Usr 0 00:00:03, Sys 0 00:00:00  -  Total Remote Usage
		Usr 0 00:00:00, Sys 0 00:00:00  -  Total Local Usage
	6204  -  Run Bytes Sent By Job
	409597  -  Run Bytes Received By Job
	6204  -  Total Bytes Sent By Job
	409597  -  Total Bytes Received By Job
	Partitionable Resources :    Usage  Request Allocated 
	   Cpus                 :        0        8         8 
	   Disk (KB)            :      427      425   2731982 
	   Memory (MB)          :        7    16000     16000 

	Job terminated of its own accord at 2024-07-24T14:56:11Z with exit-code 0.
...
040 (10252907.3372.000) 07/24 18:08:40 Started transferring input files
	Transferring to host: <188.185.208.14:9618?addrs=188.185.208.14-9618+[2001-1458-303-f--100-b]-9618&alias=b9p09p3516.cern.ch&noUDP&sock=slot1_34_129456_3689_34779>
...
040 (10252907.3372.000) 07/24 18:08:40 Finished transferring input files
...
001 (10252907.3372.000) 07/24 18:08:41 Job executing on host: <188.185.208.14:9618?addrs=188.185.208.14-9618+[2001-1458-303-f--100-b]-9618&alias=b9p09p3516.cern.ch&noUDP&sock=startd_118971_c9f4>
	SlotName: slot1_34@b9p09p3516.cern.ch
	CondorScratchDir = "/pool/condor/dir_715867"
	Cpus = 8
	Disk = 2874105
	Memory = 16000
...
006 (10252907.3372.000) 07/24 18:08:48 Image size of job updated: 159436
	8  -  MemoryUsage of job (MB)
	7952  -  ResidentSetSize of job (KB)
...
040 (10252907.3372.000) 07/24 18:08:48 Started transferring output files
...
040 (10252907.3372.000) 07/24 18:08:48 Finished transferring output files
...
005 (10252907.3372.000) 07/24 18:08:48 Job terminated.
	(1) Normal termination (return value 0)
		Usr 0 00:00:04, Sys 0 00:00:00  -  Run Remote Usage
		Usr 0 00:00:00, Sys 0 00:00:00  -  Run Local Usage
		Usr 0 00:00:04, Sys 0 00:00:00  -  Total Remote Usage
		Usr 0 00:00:00, Sys 0 00:00:00  -  Total Local Usage
	6204  -  Run Bytes Sent By Job
	409597  -  Run Bytes Received By Job
	6204  -  Total Bytes Sent By Job
	409597  -  Total Bytes Received By Job
	Partitionable Resources :    Usage  Request Allocated 
	   Cpus                 :        0        8         8 
	   Disk (KB)            :      428      425   2874105 
	   Memory (MB)          :        8    16000     16000 

	Job terminated of its own accord at 2024-07-24T16:08:48Z with exit-code 0.
...
040 (10252908.3372.000) 07/24 19:15:28 Started transferring input files
	Transferring to host: <188.185.207.55:9618?addrs=188.185.207.55-9618+[2001-1458-303-d--100-34]-9618&alias=b9p07p0358.cern.ch&noUDP&sock=slot1_3_2103965_6d0e_98903>
...
040 (10252908.3372.000) 07/24 19:15:28 Finished transferring input files
...
001 (10252908.3372.000) 07/24 19:15:29 Job executing on host: <188.185.207.55:9618?addrs=188.185.207.55-9618+[2001-1458-303-d--100-34]-9618&alias=b9p07p0358.cern.ch&noUDP&sock=startd_2103919_0418>
	SlotName: slot1_3@b9p07p0358.cern.ch
	CondorScratchDir = "/pool/condor/dir_2413631"
	Cpus = 8
	Disk = 2863636
	Memory = 16000
...
006 (10252908.3372.000) 07/24 19:15:34 Image size of job updated: 160040
	8  -  MemoryUsage of job (MB)
	7660  -  ResidentSetSize of job (KB)
...
040 (10252908.3372.000) 07/24 19:15:34 Started transferring output files
...
040 (10252908.3372.000) 07/24 19:15:34 Finished transferring output files
...
005 (10252908.3372.000) 07/24 19:15:34 Job terminated.
	(1) Normal termination (return value 0)
		Usr 0 00:00:03, Sys 0 00:00:00  -  Run Remote Usage
		Usr 0 00:00:00, Sys 0 00:00:00  -  Run Local Usage
		Usr 0 00:00:03, Sys 0 00:00:00  -  Total Remote Usage
		Usr 0 00:00:00, Sys 0 00:00:00  -  Total Local Usage
	6204  -  Run Bytes Sent By Job
	409597  -  Run Bytes Received By Job
	6204  -  Total Bytes Sent By Job
	409597  -  Total Bytes Received By Job
	Partitionable Resources :    Usage  Request Allocated 
	   Cpus                 :        0        8         8 
	   Disk (KB)            :      430      425   2863636 
	   Memory (MB)          :        8    16000     16000 

	Job terminated of its own accord at 2024-07-24T17:15:34Z with exit-code 0.
...
040 (10252909.3372.000) 07/24 20:14:52 Started transferring input files
	Transferring to host: <188.185.208.80:9618?addrs=188.185.208.80-9618+[2001-1458-303-f--100-4d]-9618&alias=b9p09p0562.cern.ch&noUDP&sock=slot1_3_8933_db44_141134>
...
040 (10252909.3372.000) 07/24 20:14:52 Finished transferring input files
...
001 (10252909.3372.000) 07/24 20:14:53 Job executing on host: <188.185.208.80:9618?addrs=188.185.208.80-9618+[2001-1458-303-f--100-4d]-9618&alias=b9p09p0562.cern.ch&noUDP&sock=startd_7572_5735>
	SlotName: slot1_3@b9p09p0562.cern.ch
	CondorScratchDir = "/pool/condor/dir_694983"
	Cpus = 8
	Disk = 2740547
	Memory = 16000
...
006 (10252909.3372.000) 07/24 20:15:00 Image size of job updated: 160764
	8  -  MemoryUsage of job (MB)
	7936  -  ResidentSetSize of job (KB)
...
040 (10252909.3372.000) 07/24 20:15:00 Started transferring output files
...
040 (10252909.3372.000) 07/24 20:15:00 Finished transferring output files
...
005 (10252909.3372.000) 07/24 20:15:00 Job terminated.
	(1) Normal termination (return value 0)
		Usr 0 00:00:05, Sys 0 00:00:00  -  Run Remote Usage
		Usr 0 00:00:00, Sys 0 00:00:00  -  Run Local Usage
		Usr 0 00:00:05, Sys 0 00:00:00  -  Total Remote Usage
		Usr 0 00:00:00, Sys 0 00:00:00  -  Total Local Usage
	6204  -  Run Bytes Sent By Job
	409597  -  Run Bytes Received By Job
	6204  -  Total Bytes Sent By Job
	409597  -  Total Bytes Received By Job
	Partitionable Resources :    Usage  Request Allocated 
	   Cpus                 :        0        8         8 
	   Disk (KB)            :      427      425   2740547 
	   Memory (MB)          :        8    16000     16000 

	Job terminated of its own accord at 2024-07-24T18:15:00Z with exit-code 0.
...
000 (10261715.3372.000) 07/25 13:02:49 Job submitted from host: <188.185.114.121:9618?addrs=188.185.114.121-9618+[2001-1458-d00-a--100-273]-9618&alias=bigbird19.cern.ch&noUDP&sock=schedd_4961_696e>
...
009 (10261715.3372.000) 07/25 13:06:56 Job was aborted.
	via condor_rm (by user yelberke)
...
000 (10261767.3372.000) 07/25 13:20:34 Job submitted from host: <188.185.114.121:9618?addrs=188.185.114.121-9618+[2001-1458-d00-a--100-273]-9618&alias=bigbird19.cern.ch&noUDP&sock=schedd_4961_696e>
...
040 (10261767.3372.000) 07/25 14:36:47 Started transferring input files
	Transferring to host: <188.185.206.143:9618?addrs=188.185.206.143-9618+[2001-1458-303-c--100-c]-9618&alias=b9p06p8627.cern.ch&noUDP&sock=slot1_11_2260572_398e_47911>
...
040 (10261767.3372.000) 07/25 14:36:47 Finished transferring input files
...
001 (10261767.3372.000) 07/25 14:36:48 Job executing on host: <188.185.206.143:9618?addrs=188.185.206.143-9618+[2001-1458-303-c--100-c]-9618&alias=b9p06p8627.cern.ch&noUDP&sock=startd_6828_04bf>
	SlotName: slot1_11@b9p06p8627.cern.ch
	CondorScratchDir = "/pool/condor/dir_145626"
	Cpus = 12
	Disk = 2536504
	Memory = 24000
...
006 (10261767.3372.000) 07/25 14:36:54 Image size of job updated: 246540
	93  -  MemoryUsage of job (MB)
	94732  -  ResidentSetSize of job (KB)
...
040 (10261767.3372.000) 07/25 14:36:54 Started transferring output files
...
040 (10261767.3372.000) 07/25 14:36:54 Finished transferring output files
...
005 (10261767.3372.000) 07/25 14:36:54 Job terminated.
	(1) Normal termination (return value 0)
		Usr 0 00:00:05, Sys 0 00:00:00  -  Run Remote Usage
		Usr 0 00:00:00, Sys 0 00:00:00  -  Run Local Usage
		Usr 0 00:00:05, Sys 0 00:00:00  -  Total Remote Usage
		Usr 0 00:00:00, Sys 0 00:00:00  -  Total Local Usage
	6676  -  Run Bytes Sent By Job
	409597  -  Run Bytes Received By Job
	6676  -  Total Bytes Sent By Job
	409597  -  Total Bytes Received By Job
	Partitionable Resources :    Usage  Request Allocated 
	   Cpus                 :        0       12        12 
	   Disk (KB)            :      427      425   2536504 
	   Memory (MB)          :       93    24000     24000 

	Job terminated of its own accord at 2024-07-25T12:36:54Z with exit-code 0.
...
000 (10284266.3372.000) 08/02 15:46:31 Job submitted from host: <188.185.114.121:9618?addrs=188.185.114.121-9618+[2001-1458-d00-a--100-273]-9618&alias=bigbird19.cern.ch&noUDP&sock=schedd_4961_696e>
...
000 (10284267.3372.000) 08/02 15:50:02 Job submitted from host: <188.185.114.121:9618?addrs=188.185.114.121-9618+[2001-1458-d00-a--100-273]-9618&alias=bigbird19.cern.ch&noUDP&sock=schedd_4961_696e>
...
009 (10284266.3372.000) 08/02 15:50:24 Job was aborted.
	via condor_rm (by user yelberke)
...
040 (10284267.3372.000) 08/02 16:48:08 Started transferring input files
	Transferring to host: <188.185.205.221:9618?addrs=188.185.205.221-9618+[2001-1458-303-a--100-5a]-9618&alias=b9p04p3091.cern.ch&noUDP&sock=slot1_8_3641_29ed_41393>
...
040 (10284267.3372.000) 08/02 16:48:08 Finished transferring input files
...
001 (10284267.3372.000) 08/02 16:48:09 Job executing on host: <188.185.205.221:9618?addrs=188.185.205.221-9618+[2001-1458-303-a--100-5a]-9618&alias=b9p04p3091.cern.ch&noUDP&sock=startd_3261_5a6d>
	SlotName: slot1_8@b9p04p3091.cern.ch
	CondorScratchDir = "/pool/condor/dir_4026686"
	Cpus = 12
	Disk = 2929047
	Memory = 24000
...
006 (10284267.3372.000) 08/02 16:48:10 Image size of job updated: 324164
	4  -  MemoryUsage of job (MB)
	3180  -  ResidentSetSize of job (KB)
...
040 (10284267.3372.000) 08/02 16:48:10 Started transferring output files
...
040 (10284267.3372.000) 08/02 16:48:10 Finished transferring output files
...
005 (10284267.3372.000) 08/02 16:48:10 Job terminated.
	(1) Normal termination (return value 139)
		Usr 0 00:00:01, Sys 0 00:00:00  -  Run Remote Usage
		Usr 0 00:00:00, Sys 0 00:00:00  -  Run Local Usage
		Usr 0 00:00:01, Sys 0 00:00:00  -  Total Remote Usage
		Usr 0 00:00:00, Sys 0 00:00:00  -  Total Local Usage
	7696  -  Run Bytes Sent By Job
	409597  -  Run Bytes Received By Job
	7696  -  Total Bytes Sent By Job
	409597  -  Total Bytes Received By Job
	Partitionable Resources :    Usage  Request Allocated 
	   Cpus                 :        0       12        12 
	   Disk (KB)            :      430      425   2929047 
	   Memory (MB)          :        4    24000     24000 

	Job terminated of its own accord at 2024-08-02T14:48:10Z with exit-code 139.
...
