000 (10252905.3384.000) 07/24 16:13:19 Job submitted from host: <188.185.114.121:9618?addrs=188.185.114.121-9618+[2001-1458-d00-a--100-273]-9618&alias=bigbird19.cern.ch&noUDP&sock=schedd_4961_696e>
...
009 (10252905.3384.000) 07/24 16:14:50 Job was aborted.
	via condor_rm (by user yelberke)
...
000 (10252906.3384.000) 07/24 16:15:39 Job submitted from host: <188.185.114.121:9618?addrs=188.185.114.121-9618+[2001-1458-d00-a--100-273]-9618&alias=bigbird19.cern.ch&noUDP&sock=schedd_4961_696e>
...
000 (10252907.3384.000) 07/24 16:17:33 Job submitted from host: <188.185.114.121:9618?addrs=188.185.114.121-9618+[2001-1458-d00-a--100-273]-9618&alias=bigbird19.cern.ch&noUDP&sock=schedd_4961_696e>
...
000 (10252908.3384.000) 07/24 16:18:06 Job submitted from host: <188.185.114.121:9618?addrs=188.185.114.121-9618+[2001-1458-d00-a--100-273]-9618&alias=bigbird19.cern.ch&noUDP&sock=schedd_4961_696e>
...
000 (10252909.3384.000) 07/24 16:18:42 Job submitted from host: <188.185.114.121:9618?addrs=188.185.114.121-9618+[2001-1458-d00-a--100-273]-9618&alias=bigbird19.cern.ch&noUDP&sock=schedd_4961_696e>
...
040 (10252906.3384.000) 07/24 16:56:08 Started transferring input files
	Transferring to host: <188.185.209.53:9618?addrs=188.185.209.53-9618+[2001-1458-303-11--100-32]-9618&alias=b9p11p4325.cern.ch&noUDP&sock=slot1_8_9024_f968_144574>
...
040 (10252906.3384.000) 07/24 16:56:08 Finished transferring input files
...
001 (10252906.3384.000) 07/24 16:56:09 Job executing on host: <188.185.209.53:9618?addrs=188.185.209.53-9618+[2001-1458-303-11--100-32]-9618&alias=b9p11p4325.cern.ch&noUDP&sock=startd_7723_ea02>
	SlotName: slot1_8@b9p11p4325.cern.ch
	CondorScratchDir = "/pool/condor/dir_3129539"
	Cpus = 8
	Disk = 2902445
	Memory = 16000
...
006 (10252906.3384.000) 07/24 16:56:13 Image size of job updated: 158984
	7  -  MemoryUsage of job (MB)
	6520  -  ResidentSetSize of job (KB)
...
040 (10252906.3384.000) 07/24 16:56:13 Started transferring output files
...
040 (10252906.3384.000) 07/24 16:56:13 Finished transferring output files
...
005 (10252906.3384.000) 07/24 16:56:14 Job terminated.
	(1) Normal termination (return value 0)
		Usr 0 00:00:03, Sys 0 00:00:00  -  Run Remote Usage
		Usr 0 00:00:00, Sys 0 00:00:00  -  Run Local Usage
		Usr 0 00:00:03, Sys 0 00:00:00  -  Total Remote Usage
		Usr 0 00:00:00, Sys 0 00:00:00  -  Total Local Usage
	6204  -  Run Bytes Sent By Job
	409597  -  Run Bytes Received By Job
	6204  -  Total Bytes Sent By Job
	409597  -  Total Bytes Received By Job
	Partitionable Resources :    Usage  Request Allocated 
	   Cpus                 :        0        8         8 
	   Disk (KB)            :      427      425   2902445 
	   Memory (MB)          :        7    16000     16000 

	Job terminated of its own accord at 2024-07-24T14:56:13Z with exit-code 0.
...
040 (10252907.3384.000) 07/24 18:08:45 Started transferring input files
	Transferring to host: <188.185.196.58:9618?addrs=188.185.196.58-9618+[2001-1458-303-23--100-36]-9618&alias=b9p16p5202.cern.ch&noUDP&sock=slot1_1_2590604_9ffb_5568>
...
040 (10252907.3384.000) 07/24 18:08:45 Finished transferring input files
...
001 (10252907.3384.000) 07/24 18:08:46 Job executing on host: <188.185.196.58:9618?addrs=188.185.196.58-9618+[2001-1458-303-23--100-36]-9618&alias=b9p16p5202.cern.ch&noUDP&sock=startd_127925_7cf6>
	SlotName: slot1_1@b9p16p5202.cern.ch
	CondorScratchDir = "/pool/condor/dir_3555901"
	Cpus = 8
	Disk = 3024535
	Memory = 16000
...
006 (10252907.3384.000) 07/24 18:08:54 Image size of job updated: 1
	0  -  MemoryUsage of job (MB)
	0  -  ResidentSetSize of job (KB)
...
006 (10252907.3384.000) 07/24 18:09:18 Image size of job updated: 160992
	8  -  MemoryUsage of job (MB)
	8020  -  ResidentSetSize of job (KB)
...
040 (10252907.3384.000) 07/24 18:09:18 Started transferring output files
...
040 (10252907.3384.000) 07/24 18:09:18 Finished transferring output files
...
005 (10252907.3384.000) 07/24 18:09:18 Job terminated.
	(1) Normal termination (return value 0)
		Usr 0 00:00:05, Sys 0 00:00:00  -  Run Remote Usage
		Usr 0 00:00:00, Sys 0 00:00:00  -  Run Local Usage
		Usr 0 00:00:05, Sys 0 00:00:00  -  Total Remote Usage
		Usr 0 00:00:00, Sys 0 00:00:00  -  Total Local Usage
	6204  -  Run Bytes Sent By Job
	409597  -  Run Bytes Received By Job
	6204  -  Total Bytes Sent By Job
	409597  -  Total Bytes Received By Job
	Partitionable Resources :    Usage  Request Allocated 
	   Cpus                 :        0        8         8 
	   Disk (KB)            :      428      425   3024535 
	   Memory (MB)          :        8    16000     16000 

	Job terminated of its own accord at 2024-07-24T16:09:18Z with exit-code 0.
...
040 (10252908.3384.000) 07/24 19:15:32 Started transferring input files
	Transferring to host: <188.185.206.43:9618?addrs=188.185.206.43-9618+[2001-1458-303-b--100-28]-9618&alias=b9p05p8357.cern.ch&noUDP&sock=slot1_7_64993_32ac_90864>
...
040 (10252908.3384.000) 07/24 19:15:32 Finished transferring input files
...
001 (10252908.3384.000) 07/24 19:15:33 Job executing on host: <188.185.206.43:9618?addrs=188.185.206.43-9618+[2001-1458-303-b--100-28]-9618&alias=b9p05p8357.cern.ch&noUDP&sock=startd_4276_8f0e>
	SlotName: slot1_7@b9p05p8357.cern.ch
	CondorScratchDir = "/pool/condor/dir_2534604"
	Cpus = 8
	Disk = 2875057
	Memory = 16000
...
006 (10252908.3384.000) 07/24 19:15:37 Image size of job updated: 164284
	10  -  MemoryUsage of job (MB)
	9816  -  ResidentSetSize of job (KB)
...
040 (10252908.3384.000) 07/24 19:15:37 Started transferring output files
...
040 (10252908.3384.000) 07/24 19:15:37 Finished transferring output files
...
005 (10252908.3384.000) 07/24 19:15:37 Job terminated.
	(1) Normal termination (return value 0)
		Usr 0 00:00:03, Sys 0 00:00:00  -  Run Remote Usage
		Usr 0 00:00:00, Sys 0 00:00:00  -  Run Local Usage
		Usr 0 00:00:03, Sys 0 00:00:00  -  Total Remote Usage
		Usr 0 00:00:00, Sys 0 00:00:00  -  Total Local Usage
	6204  -  Run Bytes Sent By Job
	409597  -  Run Bytes Received By Job
	6204  -  Total Bytes Sent By Job
	409597  -  Total Bytes Received By Job
	Partitionable Resources :    Usage  Request Allocated 
	   Cpus                 :        0        8         8 
	   Disk (KB)            :      430      425   2875057 
	   Memory (MB)          :       10    16000     16000 

	Job terminated of its own accord at 2024-07-24T17:15:37Z with exit-code 0.
...
040 (10252909.3384.000) 07/24 20:14:56 Started transferring input files
	Transferring to host: <188.185.194.70:9618?addrs=188.185.194.70-9618+[2001-1458-303-21--100-42]-9618&alias=b9p20p7797.cern.ch&noUDP&sock=slot1_6_977579_9762_3127>
...
040 (10252909.3384.000) 07/24 20:14:56 Finished transferring input files
...
001 (10252909.3384.000) 07/24 20:14:57 Job executing on host: <188.185.194.70:9618?addrs=188.185.194.70-9618+[2001-1458-303-21--100-42]-9618&alias=b9p20p7797.cern.ch&noUDP&sock=startd_128331_f869>
	SlotName: slot1_6@b9p20p7797.cern.ch
	CondorScratchDir = "/pool/condor/dir_307264"
	Cpus = 8
	Disk = 3000623
	Memory = 16000
...
006 (10252909.3384.000) 07/24 20:15:03 Image size of job updated: 156908
	7  -  MemoryUsage of job (MB)
	6952  -  ResidentSetSize of job (KB)
...
040 (10252909.3384.000) 07/24 20:15:03 Started transferring output files
...
040 (10252909.3384.000) 07/24 20:15:03 Finished transferring output files
...
005 (10252909.3384.000) 07/24 20:15:03 Job terminated.
	(1) Normal termination (return value 0)
		Usr 0 00:00:05, Sys 0 00:00:00  -  Run Remote Usage
		Usr 0 00:00:00, Sys 0 00:00:00  -  Run Local Usage
		Usr 0 00:00:05, Sys 0 00:00:00  -  Total Remote Usage
		Usr 0 00:00:00, Sys 0 00:00:00  -  Total Local Usage
	6204  -  Run Bytes Sent By Job
	409597  -  Run Bytes Received By Job
	6204  -  Total Bytes Sent By Job
	409597  -  Total Bytes Received By Job
	Partitionable Resources :    Usage  Request Allocated 
	   Cpus                 :        0        8         8 
	   Disk (KB)            :      427      425   3000623 
	   Memory (MB)          :        7    16000     16000 

	Job terminated of its own accord at 2024-07-24T18:15:03Z with exit-code 0.
...
000 (10261715.3384.000) 07/25 13:02:49 Job submitted from host: <188.185.114.121:9618?addrs=188.185.114.121-9618+[2001-1458-d00-a--100-273]-9618&alias=bigbird19.cern.ch&noUDP&sock=schedd_4961_696e>
...
009 (10261715.3384.000) 07/25 13:06:56 Job was aborted.
	via condor_rm (by user yelberke)
...
000 (10261767.3384.000) 07/25 13:20:34 Job submitted from host: <188.185.114.121:9618?addrs=188.185.114.121-9618+[2001-1458-d00-a--100-273]-9618&alias=bigbird19.cern.ch&noUDP&sock=schedd_4961_696e>
...
040 (10261767.3384.000) 07/25 14:36:51 Started transferring input files
	Transferring to host: <188.185.209.172:9618?addrs=188.185.209.172-9618+[2001-1458-303-12--100-29]-9618&alias=b9p12p4372.cern.ch&noUDP&sock=slot1_18_13528_731f_25795>
...
040 (10261767.3384.000) 07/25 14:36:51 Finished transferring input files
...
001 (10261767.3384.000) 07/25 14:36:52 Job executing on host: <188.185.209.172:9618?addrs=188.185.209.172-9618+[2001-1458-303-12--100-29]-9618&alias=b9p12p4372.cern.ch&noUDP&sock=startd_12492_0d2a>
	SlotName: slot1_18@b9p12p4372.cern.ch
	CondorScratchDir = "/pool/condor/dir_2384769"
	Cpus = 12
	Disk = 2671712
	Memory = 24000
...
006 (10261767.3384.000) 07/25 14:36:58 Image size of job updated: 492932
	330  -  MemoryUsage of job (MB)
	337544  -  ResidentSetSize of job (KB)
...
040 (10261767.3384.000) 07/25 14:36:58 Started transferring output files
...
040 (10261767.3384.000) 07/25 14:36:58 Finished transferring output files
...
005 (10261767.3384.000) 07/25 14:36:58 Job terminated.
	(1) Normal termination (return value 0)
		Usr 0 00:00:04, Sys 0 00:00:00  -  Run Remote Usage
		Usr 0 00:00:00, Sys 0 00:00:00  -  Run Local Usage
		Usr 0 00:00:04, Sys 0 00:00:00  -  Total Remote Usage
		Usr 0 00:00:00, Sys 0 00:00:00  -  Total Local Usage
	6676  -  Run Bytes Sent By Job
	409597  -  Run Bytes Received By Job
	6676  -  Total Bytes Sent By Job
	409597  -  Total Bytes Received By Job
	Partitionable Resources :    Usage  Request Allocated 
	   Cpus                 :        0       12        12 
	   Disk (KB)            :      428      425   2671712 
	   Memory (MB)          :      330    24000     24000 

	Job terminated of its own accord at 2024-07-25T12:36:58Z with exit-code 0.
...
000 (10284266.3384.000) 08/02 15:46:31 Job submitted from host: <188.185.114.121:9618?addrs=188.185.114.121-9618+[2001-1458-d00-a--100-273]-9618&alias=bigbird19.cern.ch&noUDP&sock=schedd_4961_696e>
...
000 (10284267.3384.000) 08/02 15:50:02 Job submitted from host: <188.185.114.121:9618?addrs=188.185.114.121-9618+[2001-1458-d00-a--100-273]-9618&alias=bigbird19.cern.ch&noUDP&sock=schedd_4961_696e>
...
009 (10284266.3384.000) 08/02 15:50:25 Job was aborted.
	via condor_rm (by user yelberke)
...
040 (10284267.3384.000) 08/02 16:48:12 Started transferring input files
	Transferring to host: <188.185.192.134:9618?addrs=188.185.192.134-9618+[2001-1458-303-1f--100-82]-9618&alias=b9p13p2670.cern.ch&noUDP&sock=slot1_10_944424_e4fe_77>
...
040 (10284267.3384.000) 08/02 16:48:12 Finished transferring input files
...
001 (10284267.3384.000) 08/02 16:48:13 Job executing on host: <188.185.192.134:9618?addrs=188.185.192.134-9618+[2001-1458-303-1f--100-82]-9618&alias=b9p13p2670.cern.ch&noUDP&sock=startd_128714_ad2f>
	SlotName: slot1_10@b9p13p2670.cern.ch
	CondorScratchDir = "/pool/condor/dir_1099194"
	Cpus = 12
	Disk = 3117212
	Memory = 24000
...
006 (10284267.3384.000) 08/02 16:48:14 Image size of job updated: 317372
	5  -  MemoryUsage of job (MB)
	4216  -  ResidentSetSize of job (KB)
...
040 (10284267.3384.000) 08/02 16:48:14 Started transferring output files
...
040 (10284267.3384.000) 08/02 16:48:15 Finished transferring output files
...
005 (10284267.3384.000) 08/02 16:48:15 Job terminated.
	(1) Normal termination (return value 139)
		Usr 0 00:00:02, Sys 0 00:00:00  -  Run Remote Usage
		Usr 0 00:00:00, Sys 0 00:00:00  -  Run Local Usage
		Usr 0 00:00:02, Sys 0 00:00:00  -  Total Remote Usage
		Usr 0 00:00:00, Sys 0 00:00:00  -  Total Local Usage
	7696  -  Run Bytes Sent By Job
	409597  -  Run Bytes Received By Job
	7696  -  Total Bytes Sent By Job
	409597  -  Total Bytes Received By Job
	Partitionable Resources :    Usage  Request Allocated 
	   Cpus                 :        0       12        12 
	   Disk (KB)            :      429      425   3117212 
	   Memory (MB)          :        5    24000     24000 

	Job terminated of its own accord at 2024-08-02T14:48:14Z with exit-code 139.
...
