000 (10252905.3395.000) 07/24 16:13:19 Job submitted from host: <188.185.114.121:9618?addrs=188.185.114.121-9618+[2001-1458-d00-a--100-273]-9618&alias=bigbird19.cern.ch&noUDP&sock=schedd_4961_696e>
...
009 (10252905.3395.000) 07/24 16:14:50 Job was aborted.
	via condor_rm (by user yelberke)
...
000 (10252906.3395.000) 07/24 16:15:39 Job submitted from host: <188.185.114.121:9618?addrs=188.185.114.121-9618+[2001-1458-d00-a--100-273]-9618&alias=bigbird19.cern.ch&noUDP&sock=schedd_4961_696e>
...
000 (10252907.3395.000) 07/24 16:17:33 Job submitted from host: <188.185.114.121:9618?addrs=188.185.114.121-9618+[2001-1458-d00-a--100-273]-9618&alias=bigbird19.cern.ch&noUDP&sock=schedd_4961_696e>
...
000 (10252908.3395.000) 07/24 16:18:06 Job submitted from host: <188.185.114.121:9618?addrs=188.185.114.121-9618+[2001-1458-d00-a--100-273]-9618&alias=bigbird19.cern.ch&noUDP&sock=schedd_4961_696e>
...
000 (10252909.3395.000) 07/24 16:18:42 Job submitted from host: <188.185.114.121:9618?addrs=188.185.114.121-9618+[2001-1458-d00-a--100-273]-9618&alias=bigbird19.cern.ch&noUDP&sock=schedd_4961_696e>
...
040 (10252906.3395.000) 07/24 16:56:17 Started transferring input files
	Transferring to host: <128.142.161.74:9618?addrs=128.142.161.74-9618+[2001-1458-301-b8--100-8]-9618&alias=b9g03p5829.cern.ch&noUDP&sock=slot1_7_738502_3788_199>
...
040 (10252906.3395.000) 07/24 16:56:17 Finished transferring input files
...
001 (10252906.3395.000) 07/24 16:56:18 Job executing on host: <128.142.161.74:9618?addrs=128.142.161.74-9618+[2001-1458-301-b8--100-8]-9618&alias=b9g03p5829.cern.ch&noUDP&sock=startd_3091_bf54>
	SlotName: slot1_7@b9g03p5829.cern.ch
	CondorScratchDir = "/pool/condor/dir_889547"
	Cpus = 8
	Disk = 3163929
	Memory = 16000
...
006 (10252906.3395.000) 07/24 16:56:23 Image size of job updated: 159576
	8  -  MemoryUsage of job (MB)
	7360  -  ResidentSetSize of job (KB)
...
040 (10252906.3395.000) 07/24 16:56:23 Started transferring output files
...
040 (10252906.3395.000) 07/24 16:56:23 Finished transferring output files
...
005 (10252906.3395.000) 07/24 16:56:23 Job terminated.
	(1) Normal termination (return value 0)
		Usr 0 00:00:04, Sys 0 00:00:00  -  Run Remote Usage
		Usr 0 00:00:00, Sys 0 00:00:00  -  Run Local Usage
		Usr 0 00:00:04, Sys 0 00:00:00  -  Total Remote Usage
		Usr 0 00:00:00, Sys 0 00:00:00  -  Total Local Usage
	6204  -  Run Bytes Sent By Job
	409597  -  Run Bytes Received By Job
	6204  -  Total Bytes Sent By Job
	409597  -  Total Bytes Received By Job
	Partitionable Resources :    Usage  Request Allocated 
	   Cpus                 :        0        8         8 
	   Disk (KB)            :      428      425   3163929 
	   Memory (MB)          :        8    16000     16000 

	Job terminated of its own accord at 2024-07-24T14:56:23Z with exit-code 0.
...
040 (10252907.3395.000) 07/24 18:08:49 Started transferring input files
	Transferring to host: <188.185.207.228:9618?addrs=188.185.207.228-9618+[2001-1458-303-e--100-61]-9618&alias=b9p08p1817.cern.ch&noUDP&sock=slot1_6_5110_3509_142745>
...
040 (10252907.3395.000) 07/24 18:08:49 Finished transferring input files
...
001 (10252907.3395.000) 07/24 18:08:50 Job executing on host: <188.185.207.228:9618?addrs=188.185.207.228-9618+[2001-1458-303-e--100-61]-9618&alias=b9p08p1817.cern.ch&noUDP&sock=startd_4330_992b>
	SlotName: slot1_6@b9p08p1817.cern.ch
	CondorScratchDir = "/pool/condor/dir_2670780"
	Cpus = 8
	Disk = 2792892
	Memory = 16000
...
006 (10252907.3395.000) 07/24 18:08:56 Image size of job updated: 163836
	10  -  MemoryUsage of job (MB)
	9796  -  ResidentSetSize of job (KB)
...
040 (10252907.3395.000) 07/24 18:08:56 Started transferring output files
...
040 (10252907.3395.000) 07/24 18:08:56 Finished transferring output files
...
005 (10252907.3395.000) 07/24 18:08:56 Job terminated.
	(1) Normal termination (return value 0)
		Usr 0 00:00:05, Sys 0 00:00:00  -  Run Remote Usage
		Usr 0 00:00:00, Sys 0 00:00:00  -  Run Local Usage
		Usr 0 00:00:05, Sys 0 00:00:00  -  Total Remote Usage
		Usr 0 00:00:00, Sys 0 00:00:00  -  Total Local Usage
	6204  -  Run Bytes Sent By Job
	409597  -  Run Bytes Received By Job
	6204  -  Total Bytes Sent By Job
	409597  -  Total Bytes Received By Job
	Partitionable Resources :    Usage  Request Allocated 
	   Cpus                 :        0        8         8 
	   Disk (KB)            :      428      425   2792892 
	   Memory (MB)          :       10    16000     16000 

	Job terminated of its own accord at 2024-07-24T16:08:56Z with exit-code 0.
...
040 (10252908.3395.000) 07/24 19:15:35 Started transferring input files
	Transferring to host: <188.185.206.77:9618?addrs=188.185.206.77-9618+[2001-1458-303-b--100-4a]-9618&alias=b9p05p8888.cern.ch&noUDP&sock=slot1_7_65017_1bad_87534>
...
040 (10252908.3395.000) 07/24 19:15:35 Finished transferring input files
...
001 (10252908.3395.000) 07/24 19:15:36 Job executing on host: <188.185.206.77:9618?addrs=188.185.206.77-9618+[2001-1458-303-b--100-4a]-9618&alias=b9p05p8888.cern.ch&noUDP&sock=startd_5469_db8a>
	SlotName: slot1_7@b9p05p8888.cern.ch
	CondorScratchDir = "/pool/condor/dir_2902076"
	Cpus = 8
	Disk = 2721232
	Memory = 16000
...
006 (10252908.3395.000) 07/24 19:15:40 Image size of job updated: 158612
	8  -  MemoryUsage of job (MB)
	7556  -  ResidentSetSize of job (KB)
...
040 (10252908.3395.000) 07/24 19:15:40 Started transferring output files
...
040 (10252908.3395.000) 07/24 19:15:40 Finished transferring output files
...
005 (10252908.3395.000) 07/24 19:15:40 Job terminated.
	(1) Normal termination (return value 0)
		Usr 0 00:00:03, Sys 0 00:00:00  -  Run Remote Usage
		Usr 0 00:00:00, Sys 0 00:00:00  -  Run Local Usage
		Usr 0 00:00:03, Sys 0 00:00:00  -  Total Remote Usage
		Usr 0 00:00:00, Sys 0 00:00:00  -  Total Local Usage
	6204  -  Run Bytes Sent By Job
	409597  -  Run Bytes Received By Job
	6204  -  Total Bytes Sent By Job
	409597  -  Total Bytes Received By Job
	Partitionable Resources :    Usage  Request Allocated 
	   Cpus                 :        0        8         8 
	   Disk (KB)            :      430      425   2721232 
	   Memory (MB)          :        8    16000     16000 

	Job terminated of its own accord at 2024-07-24T17:15:40Z with exit-code 0.
...
040 (10252909.3395.000) 07/24 20:15:01 Started transferring input files
	Transferring to host: <188.185.205.190:9618?addrs=188.185.205.190-9618&alias=b9p04p2051.cern.ch&noUDP&sock=slot1_2_3889_e6f7_155094>
...
040 (10252909.3395.000) 07/24 20:15:01 Finished transferring input files
...
001 (10252909.3395.000) 07/24 20:15:02 Job executing on host: <188.185.205.190:9618?addrs=188.185.205.190-9618&alias=b9p04p2051.cern.ch&noUDP&sock=startd_3803_1ec2>
	SlotName: slot1_2@b9p04p2051.cern.ch
	CondorScratchDir = "/pool/condor/dir_666774"
	Cpus = 8
	Disk = 2755408
	Memory = 16000
...
006 (10252909.3395.000) 07/24 20:15:07 Image size of job updated: 160112
	8  -  MemoryUsage of job (MB)
	7460  -  ResidentSetSize of job (KB)
...
040 (10252909.3395.000) 07/24 20:15:07 Started transferring output files
...
040 (10252909.3395.000) 07/24 20:15:07 Finished transferring output files
...
005 (10252909.3395.000) 07/24 20:15:07 Job terminated.
	(1) Normal termination (return value 0)
		Usr 0 00:00:03, Sys 0 00:00:00  -  Run Remote Usage
		Usr 0 00:00:00, Sys 0 00:00:00  -  Run Local Usage
		Usr 0 00:00:03, Sys 0 00:00:00  -  Total Remote Usage
		Usr 0 00:00:00, Sys 0 00:00:00  -  Total Local Usage
	6204  -  Run Bytes Sent By Job
	409597  -  Run Bytes Received By Job
	6204  -  Total Bytes Sent By Job
	409597  -  Total Bytes Received By Job
	Partitionable Resources :    Usage  Request Allocated 
	   Cpus                 :        0        8         8 
	   Disk (KB)            :      427      425   2755408 
	   Memory (MB)          :        8    16000     16000 

	Job terminated of its own accord at 2024-07-24T18:15:07Z with exit-code 0.
...
000 (10261715.3395.000) 07/25 13:02:49 Job submitted from host: <188.185.114.121:9618?addrs=188.185.114.121-9618+[2001-1458-d00-a--100-273]-9618&alias=bigbird19.cern.ch&noUDP&sock=schedd_4961_696e>
...
009 (10261715.3395.000) 07/25 13:06:56 Job was aborted.
	via condor_rm (by user yelberke)
...
000 (10261767.3395.000) 07/25 13:20:34 Job submitted from host: <188.185.114.121:9618?addrs=188.185.114.121-9618+[2001-1458-d00-a--100-273]-9618&alias=bigbird19.cern.ch&noUDP&sock=schedd_4961_696e>
...
040 (10261767.3395.000) 07/25 14:36:54 Started transferring input files
	Transferring to host: <188.185.209.98:9618?addrs=188.185.209.98-9618+[2001-1458-303-11--100-5f]-9618&alias=b9p11p6140.cern.ch&noUDP&sock=slot1_6_10907_b7d5_144941>
...
040 (10261767.3395.000) 07/25 14:36:54 Finished transferring input files
...
001 (10261767.3395.000) 07/25 14:36:55 Job executing on host: <188.185.209.98:9618?addrs=188.185.209.98-9618+[2001-1458-303-11--100-5f]-9618&alias=b9p11p6140.cern.ch&noUDP&sock=startd_9569_1dd6>
	SlotName: slot1_6@b9p11p6140.cern.ch
	CondorScratchDir = "/pool/condor/dir_346546"
	Cpus = 12
	Disk = 2745219
	Memory = 24000
...
006 (10261767.3395.000) 07/25 14:37:01 Image size of job updated: 160648
	8  -  MemoryUsage of job (MB)
	7192  -  ResidentSetSize of job (KB)
...
040 (10261767.3395.000) 07/25 14:37:01 Started transferring output files
...
040 (10261767.3395.000) 07/25 14:37:01 Finished transferring output files
...
005 (10261767.3395.000) 07/25 14:37:01 Job terminated.
	(1) Normal termination (return value 0)
		Usr 0 00:00:04, Sys 0 00:00:00  -  Run Remote Usage
		Usr 0 00:00:00, Sys 0 00:00:00  -  Run Local Usage
		Usr 0 00:00:04, Sys 0 00:00:00  -  Total Remote Usage
		Usr 0 00:00:00, Sys 0 00:00:00  -  Total Local Usage
	6676  -  Run Bytes Sent By Job
	409597  -  Run Bytes Received By Job
	6676  -  Total Bytes Sent By Job
	409597  -  Total Bytes Received By Job
	Partitionable Resources :    Usage  Request Allocated 
	   Cpus                 :        0       12        12 
	   Disk (KB)            :      428      425   2745219 
	   Memory (MB)          :        8    24000     24000 

	Job terminated of its own accord at 2024-07-25T12:37:01Z with exit-code 0.
...
000 (10284266.3395.000) 08/02 15:46:32 Job submitted from host: <188.185.114.121:9618?addrs=188.185.114.121-9618+[2001-1458-d00-a--100-273]-9618&alias=bigbird19.cern.ch&noUDP&sock=schedd_4961_696e>
...
000 (10284267.3395.000) 08/02 15:50:02 Job submitted from host: <188.185.114.121:9618?addrs=188.185.114.121-9618+[2001-1458-d00-a--100-273]-9618&alias=bigbird19.cern.ch&noUDP&sock=schedd_4961_696e>
...
009 (10284266.3395.000) 08/02 15:50:25 Job was aborted.
	via condor_rm (by user yelberke)
...
040 (10284267.3395.000) 08/02 16:48:16 Started transferring input files
	Transferring to host: <188.185.195.165:9618?addrs=188.185.195.165-9618+[2001-1458-303-22--100-a1]-9618&alias=b9p17p9246.cern.ch&noUDP&sock=slot1_7_888432_7719_408>
...
040 (10284267.3395.000) 08/02 16:48:16 Finished transferring input files
...
001 (10284267.3395.000) 08/02 16:48:17 Job executing on host: <188.185.195.165:9618?addrs=188.185.195.165-9618+[2001-1458-303-22--100-a1]-9618&alias=b9p17p9246.cern.ch&noUDP&sock=startd_178045_a3ab>
	SlotName: slot1_7@b9p17p9246.cern.ch
	CondorScratchDir = "/pool/condor/dir_2715357"
	Cpus = 12
	Disk = 3065661
	Memory = 24000
...
006 (10284267.3395.000) 08/02 16:48:18 Image size of job updated: 318788
	5  -  MemoryUsage of job (MB)
	4492  -  ResidentSetSize of job (KB)
...
040 (10284267.3395.000) 08/02 16:48:18 Started transferring output files
...
040 (10284267.3395.000) 08/02 16:48:18 Finished transferring output files
...
005 (10284267.3395.000) 08/02 16:48:18 Job terminated.
	(1) Normal termination (return value 139)
		Usr 0 00:00:02, Sys 0 00:00:00  -  Run Remote Usage
		Usr 0 00:00:00, Sys 0 00:00:00  -  Run Local Usage
		Usr 0 00:00:02, Sys 0 00:00:00  -  Total Remote Usage
		Usr 0 00:00:00, Sys 0 00:00:00  -  Total Local Usage
	7696  -  Run Bytes Sent By Job
	409597  -  Run Bytes Received By Job
	7696  -  Total Bytes Sent By Job
	409597  -  Total Bytes Received By Job
	Partitionable Resources :    Usage  Request Allocated 
	   Cpus                 :        0       12        12 
	   Disk (KB)            :      429      425   3065661 
	   Memory (MB)          :        5    24000     24000 

	Job terminated of its own accord at 2024-08-02T14:48:18Z with exit-code 139.
...
