000 (10252905.3405.000) 07/24 16:13:19 Job submitted from host: <188.185.114.121:9618?addrs=188.185.114.121-9618+[2001-1458-d00-a--100-273]-9618&alias=bigbird19.cern.ch&noUDP&sock=schedd_4961_696e>
...
009 (10252905.3405.000) 07/24 16:14:50 Job was aborted.
	via condor_rm (by user yelberke)
...
000 (10252906.3405.000) 07/24 16:15:39 Job submitted from host: <188.185.114.121:9618?addrs=188.185.114.121-9618+[2001-1458-d00-a--100-273]-9618&alias=bigbird19.cern.ch&noUDP&sock=schedd_4961_696e>
...
000 (10252907.3405.000) 07/24 16:17:33 Job submitted from host: <188.185.114.121:9618?addrs=188.185.114.121-9618+[2001-1458-d00-a--100-273]-9618&alias=bigbird19.cern.ch&noUDP&sock=schedd_4961_696e>
...
000 (10252908.3405.000) 07/24 16:18:06 Job submitted from host: <188.185.114.121:9618?addrs=188.185.114.121-9618+[2001-1458-d00-a--100-273]-9618&alias=bigbird19.cern.ch&noUDP&sock=schedd_4961_696e>
...
000 (10252909.3405.000) 07/24 16:18:42 Job submitted from host: <188.185.114.121:9618?addrs=188.185.114.121-9618+[2001-1458-d00-a--100-273]-9618&alias=bigbird19.cern.ch&noUDP&sock=schedd_4961_696e>
...
040 (10252906.3405.000) 07/24 16:56:21 Started transferring input files
	Transferring to host: <188.185.193.171:9618?addrs=188.185.193.171-9618+[2001-1458-303-20--100-a7]-9618&alias=b9p19p3059.cern.ch&noUDP&sock=slot1_16_1161098_5429_357>
...
040 (10252906.3405.000) 07/24 16:56:21 Finished transferring input files
...
001 (10252906.3405.000) 07/24 16:56:22 Job executing on host: <188.185.193.171:9618?addrs=188.185.193.171-9618+[2001-1458-303-20--100-a7]-9618&alias=b9p19p3059.cern.ch&noUDP&sock=startd_177208_86e6>
	SlotName: slot1_16@b9p19p3059.cern.ch
	CondorScratchDir = "/pool/condor/dir_1213491"
	Cpus = 8
	Disk = 2974213
	Memory = 16000
...
006 (10252906.3405.000) 07/24 16:56:27 Image size of job updated: 159836
	8  -  MemoryUsage of job (MB)
	7828  -  ResidentSetSize of job (KB)
...
040 (10252906.3405.000) 07/24 16:56:27 Started transferring output files
...
040 (10252906.3405.000) 07/24 16:56:27 Finished transferring output files
...
005 (10252906.3405.000) 07/24 16:56:27 Job terminated.
	(1) Normal termination (return value 0)
		Usr 0 00:00:04, Sys 0 00:00:00  -  Run Remote Usage
		Usr 0 00:00:00, Sys 0 00:00:00  -  Run Local Usage
		Usr 0 00:00:04, Sys 0 00:00:00  -  Total Remote Usage
		Usr 0 00:00:00, Sys 0 00:00:00  -  Total Local Usage
	6201  -  Run Bytes Sent By Job
	409597  -  Run Bytes Received By Job
	6201  -  Total Bytes Sent By Job
	409597  -  Total Bytes Received By Job
	Partitionable Resources :    Usage  Request Allocated 
	   Cpus                 :        0        8         8 
	   Disk (KB)            :      427      425   2974213 
	   Memory (MB)          :        8    16000     16000 

	Job terminated of its own accord at 2024-07-24T14:56:27Z with exit-code 0.
...
040 (10252907.3405.000) 07/24 18:08:57 Started transferring input files
	Transferring to host: <188.185.205.138:9618?addrs=188.185.205.138-9618+[2001-1458-303-a--100-7]-9618&alias=b9p04p5793.cern.ch&noUDP&sock=slot1_25_5046_1d06_81285>
...
040 (10252907.3405.000) 07/24 18:08:57 Finished transferring input files
...
001 (10252907.3405.000) 07/24 18:08:58 Job executing on host: <188.185.205.138:9618?addrs=188.185.205.138-9618+[2001-1458-303-a--100-7]-9618&alias=b9p04p5793.cern.ch&noUDP&sock=startd_4238_7e75>
	SlotName: slot1_25@b9p04p5793.cern.ch
	CondorScratchDir = "/pool/condor/dir_1543864"
	Cpus = 8
	Disk = 2783307
	Memory = 16000
...
006 (10252907.3405.000) 07/24 18:09:02 Image size of job updated: 160612
	9  -  MemoryUsage of job (MB)
	8616  -  ResidentSetSize of job (KB)
...
040 (10252907.3405.000) 07/24 18:09:02 Started transferring output files
...
040 (10252907.3405.000) 07/24 18:09:02 Finished transferring output files
...
005 (10252907.3405.000) 07/24 18:09:02 Job terminated.
	(1) Normal termination (return value 0)
		Usr 0 00:00:03, Sys 0 00:00:00  -  Run Remote Usage
		Usr 0 00:00:00, Sys 0 00:00:00  -  Run Local Usage
		Usr 0 00:00:03, Sys 0 00:00:00  -  Total Remote Usage
		Usr 0 00:00:00, Sys 0 00:00:00  -  Total Local Usage
	6204  -  Run Bytes Sent By Job
	409597  -  Run Bytes Received By Job
	6204  -  Total Bytes Sent By Job
	409597  -  Total Bytes Received By Job
	Partitionable Resources :    Usage  Request Allocated 
	   Cpus                 :        0        8         8 
	   Disk (KB)            :      428      425   2783307 
	   Memory (MB)          :        9    16000     16000 

	Job terminated of its own accord at 2024-07-24T16:09:02Z with exit-code 0.
...
040 (10252908.3405.000) 07/24 19:15:39 Started transferring input files
	Transferring to host: <188.185.204.187:9618?addrs=188.185.204.187-9618+[2001-1458-303-8--100-af]-9618&alias=b9p02p6866.cern.ch&noUDP&sock=slot1_24_7254_d960_153457>
...
040 (10252908.3405.000) 07/24 19:15:39 Finished transferring input files
...
001 (10252908.3405.000) 07/24 19:15:40 Job executing on host: <188.185.204.187:9618?addrs=188.185.204.187-9618+[2001-1458-303-8--100-af]-9618&alias=b9p02p6866.cern.ch&noUDP&sock=startd_7190_5208>
	SlotName: slot1_24@b9p02p6866.cern.ch
	CondorScratchDir = "/pool/condor/dir_3827378"
	Cpus = 8
	Disk = 2869277
	Memory = 16000
...
006 (10252908.3405.000) 07/24 19:15:45 Image size of job updated: 173936
	17  -  MemoryUsage of job (MB)
	17088  -  ResidentSetSize of job (KB)
...
040 (10252908.3405.000) 07/24 19:15:45 Started transferring output files
...
040 (10252908.3405.000) 07/24 19:15:45 Finished transferring output files
...
005 (10252908.3405.000) 07/24 19:15:45 Job terminated.
	(1) Normal termination (return value 0)
		Usr 0 00:00:03, Sys 0 00:00:00  -  Run Remote Usage
		Usr 0 00:00:00, Sys 0 00:00:00  -  Run Local Usage
		Usr 0 00:00:03, Sys 0 00:00:00  -  Total Remote Usage
		Usr 0 00:00:00, Sys 0 00:00:00  -  Total Local Usage
	6204  -  Run Bytes Sent By Job
	409597  -  Run Bytes Received By Job
	6204  -  Total Bytes Sent By Job
	409597  -  Total Bytes Received By Job
	Partitionable Resources :    Usage  Request Allocated 
	   Cpus                 :        0        8         8 
	   Disk (KB)            :      428      425   2869277 
	   Memory (MB)          :       17    16000     16000 

	Job terminated of its own accord at 2024-07-24T17:15:45Z with exit-code 0.
...
040 (10252909.3405.000) 07/24 20:15:05 Started transferring input files
	Transferring to host: <188.185.204.160:9618?addrs=188.185.204.160-9618+[2001-1458-303-8--100-94]-9618&alias=b9p02p1415.cern.ch&noUDP&sock=slot1_13_6791_9fad_155257>
...
040 (10252909.3405.000) 07/24 20:15:05 Finished transferring input files
...
001 (10252909.3405.000) 07/24 20:15:06 Job executing on host: <188.185.204.160:9618?addrs=188.185.204.160-9618+[2001-1458-303-8--100-94]-9618&alias=b9p02p1415.cern.ch&noUDP&sock=startd_6356_440b>
	SlotName: slot1_13@b9p02p1415.cern.ch
	CondorScratchDir = "/pool/condor/dir_1077348"
	Cpus = 8
	Disk = 2695727
	Memory = 16000
...
006 (10252909.3405.000) 07/24 20:15:11 Image size of job updated: 161292
	11  -  MemoryUsage of job (MB)
	10368  -  ResidentSetSize of job (KB)
...
040 (10252909.3405.000) 07/24 20:15:11 Started transferring output files
...
040 (10252909.3405.000) 07/24 20:15:11 Finished transferring output files
...
005 (10252909.3405.000) 07/24 20:15:11 Job terminated.
	(1) Normal termination (return value 0)
		Usr 0 00:00:03, Sys 0 00:00:00  -  Run Remote Usage
		Usr 0 00:00:00, Sys 0 00:00:00  -  Run Local Usage
		Usr 0 00:00:03, Sys 0 00:00:00  -  Total Remote Usage
		Usr 0 00:00:00, Sys 0 00:00:00  -  Total Local Usage
	6204  -  Run Bytes Sent By Job
	409597  -  Run Bytes Received By Job
	6204  -  Total Bytes Sent By Job
	409597  -  Total Bytes Received By Job
	Partitionable Resources :    Usage  Request Allocated 
	   Cpus                 :        0        8         8 
	   Disk (KB)            :      427      425   2695727 
	   Memory (MB)          :       11    16000     16000 

	Job terminated of its own accord at 2024-07-24T18:15:11Z with exit-code 0.
...
000 (10261715.3405.000) 07/25 13:02:49 Job submitted from host: <188.185.114.121:9618?addrs=188.185.114.121-9618+[2001-1458-d00-a--100-273]-9618&alias=bigbird19.cern.ch&noUDP&sock=schedd_4961_696e>
...
009 (10261715.3405.000) 07/25 13:06:56 Job was aborted.
	via condor_rm (by user yelberke)
...
000 (10261767.3405.000) 07/25 13:20:34 Job submitted from host: <188.185.114.121:9618?addrs=188.185.114.121-9618+[2001-1458-d00-a--100-273]-9618&alias=bigbird19.cern.ch&noUDP&sock=schedd_4961_696e>
...
040 (10261767.3405.000) 07/25 14:36:57 Started transferring input files
	Transferring to host: <188.185.205.31:9618?addrs=188.185.205.31-9618+[2001-1458-303-9--100-93]-9618&alias=b9p03p4190.cern.ch&noUDP&sock=slot1_4_3743_0831_85331>
...
040 (10261767.3405.000) 07/25 14:36:57 Finished transferring input files
...
001 (10261767.3405.000) 07/25 14:36:58 Job executing on host: <188.185.205.31:9618?addrs=188.185.205.31-9618+[2001-1458-303-9--100-93]-9618&alias=b9p03p4190.cern.ch&noUDP&sock=startd_3391_85bd>
	SlotName: slot1_4@b9p03p4190.cern.ch
	CondorScratchDir = "/pool/condor/dir_2281575"
	Cpus = 12
	Disk = 2574569
	Memory = 24000
...
006 (10261767.3405.000) 07/25 14:37:05 Image size of job updated: 171792
	13  -  MemoryUsage of job (MB)
	12940  -  ResidentSetSize of job (KB)
...
040 (10261767.3405.000) 07/25 14:37:05 Started transferring output files
...
040 (10261767.3405.000) 07/25 14:37:05 Finished transferring output files
...
005 (10261767.3405.000) 07/25 14:37:05 Job terminated.
	(1) Normal termination (return value 0)
		Usr 0 00:00:05, Sys 0 00:00:00  -  Run Remote Usage
		Usr 0 00:00:00, Sys 0 00:00:00  -  Run Local Usage
		Usr 0 00:00:05, Sys 0 00:00:00  -  Total Remote Usage
		Usr 0 00:00:00, Sys 0 00:00:00  -  Total Local Usage
	6676  -  Run Bytes Sent By Job
	409597  -  Run Bytes Received By Job
	6676  -  Total Bytes Sent By Job
	409597  -  Total Bytes Received By Job
	Partitionable Resources :    Usage  Request Allocated 
	   Cpus                 :        0       12        12 
	   Disk (KB)            :      427      425   2574569 
	   Memory (MB)          :       13    24000     24000 

	Job terminated of its own accord at 2024-07-25T12:37:05Z with exit-code 0.
...
000 (10284266.3405.000) 08/02 15:46:32 Job submitted from host: <188.185.114.121:9618?addrs=188.185.114.121-9618+[2001-1458-d00-a--100-273]-9618&alias=bigbird19.cern.ch&noUDP&sock=schedd_4961_696e>
...
000 (10284267.3405.000) 08/02 15:50:03 Job submitted from host: <188.185.114.121:9618?addrs=188.185.114.121-9618+[2001-1458-d00-a--100-273]-9618&alias=bigbird19.cern.ch&noUDP&sock=schedd_4961_696e>
...
009 (10284266.3405.000) 08/02 15:50:25 Job was aborted.
	via condor_rm (by user yelberke)
...
040 (10284267.3405.000) 08/02 16:48:19 Started transferring input files
	Transferring to host: <188.185.205.32:9618?addrs=188.185.205.32-9618&alias=b9p03p5159.cern.ch&noUDP&sock=slot1_15_6906_a6d2_163478>
...
040 (10284267.3405.000) 08/02 16:48:19 Finished transferring input files
...
001 (10284267.3405.000) 08/02 16:48:20 Job executing on host: <188.185.205.32:9618?addrs=188.185.205.32-9618&alias=b9p03p5159.cern.ch&noUDP&sock=startd_6839_904a>
	SlotName: slot1_15@b9p03p5159.cern.ch
	CondorScratchDir = "/pool/condor/dir_4191891"
	Cpus = 12
	Disk = 2747505
	Memory = 24000
...
006 (10284267.3405.000) 08/02 16:48:21 Image size of job updated: 328468
	8  -  MemoryUsage of job (MB)
	7200  -  ResidentSetSize of job (KB)
...
040 (10284267.3405.000) 08/02 16:48:21 Started transferring output files
...
040 (10284267.3405.000) 08/02 16:48:21 Finished transferring output files
...
005 (10284267.3405.000) 08/02 16:48:21 Job terminated.
	(1) Normal termination (return value 139)
		Usr 0 00:00:01, Sys 0 00:00:01  -  Run Remote Usage
		Usr 0 00:00:00, Sys 0 00:00:00  -  Run Local Usage
		Usr 0 00:00:01, Sys 0 00:00:01  -  Total Remote Usage
		Usr 0 00:00:00, Sys 0 00:00:00  -  Total Local Usage
	7696  -  Run Bytes Sent By Job
	409597  -  Run Bytes Received By Job
	7696  -  Total Bytes Sent By Job
	409597  -  Total Bytes Received By Job
	Partitionable Resources :    Usage  Request Allocated 
	   Cpus                 :        0       12        12 
	   Disk (KB)            :      429      425   2747505 
	   Memory (MB)          :        8    24000     24000 

	Job terminated of its own accord at 2024-08-02T14:48:21Z with exit-code 139.
...
