000 (10252905.3415.000) 07/24 16:13:20 Job submitted from host: <188.185.114.121:9618?addrs=188.185.114.121-9618+[2001-1458-d00-a--100-273]-9618&alias=bigbird19.cern.ch&noUDP&sock=schedd_4961_696e>
...
009 (10252905.3415.000) 07/24 16:14:50 Job was aborted.
	via condor_rm (by user yelberke)
...
000 (10252906.3415.000) 07/24 16:15:39 Job submitted from host: <188.185.114.121:9618?addrs=188.185.114.121-9618+[2001-1458-d00-a--100-273]-9618&alias=bigbird19.cern.ch&noUDP&sock=schedd_4961_696e>
...
000 (10252907.3415.000) 07/24 16:17:33 Job submitted from host: <188.185.114.121:9618?addrs=188.185.114.121-9618+[2001-1458-d00-a--100-273]-9618&alias=bigbird19.cern.ch&noUDP&sock=schedd_4961_696e>
...
000 (10252908.3415.000) 07/24 16:18:06 Job submitted from host: <188.185.114.121:9618?addrs=188.185.114.121-9618+[2001-1458-d00-a--100-273]-9618&alias=bigbird19.cern.ch&noUDP&sock=schedd_4961_696e>
...
000 (10252909.3415.000) 07/24 16:18:42 Job submitted from host: <188.185.114.121:9618?addrs=188.185.114.121-9618+[2001-1458-d00-a--100-273]-9618&alias=bigbird19.cern.ch&noUDP&sock=schedd_4961_696e>
...
040 (10252906.3415.000) 07/24 16:56:25 Started transferring input files
	Transferring to host: <128.142.161.125:9618?addrs=128.142.161.125-9618+[2001-1458-301-b8--100-3d]-9618&alias=b9g03p3391.cern.ch&noUDP&sock=slot1_13_2388518_c1a1_38024>
...
040 (10252906.3415.000) 07/24 16:56:25 Finished transferring input files
...
001 (10252906.3415.000) 07/24 16:56:26 Job executing on host: <128.142.161.125:9618?addrs=128.142.161.125-9618+[2001-1458-301-b8--100-3d]-9618&alias=b9g03p3391.cern.ch&noUDP&sock=startd_6026_e9cb>
	SlotName: slot1_13@b9g03p3391.cern.ch
	CondorScratchDir = "/pool/condor/dir_1212571"
	Cpus = 8
	Disk = 3185165
	Memory = 16000
...
006 (10252906.3415.000) 07/24 16:56:34 Image size of job updated: 1
	0  -  MemoryUsage of job (MB)
	0  -  ResidentSetSize of job (KB)
...
006 (10252906.3415.000) 07/24 16:56:58 Image size of job updated: 167972
	12  -  MemoryUsage of job (MB)
	11836  -  ResidentSetSize of job (KB)
...
040 (10252906.3415.000) 07/24 16:56:58 Started transferring output files
...
040 (10252906.3415.000) 07/24 16:56:58 Finished transferring output files
...
005 (10252906.3415.000) 07/24 16:56:58 Job terminated.
	(1) Normal termination (return value 0)
		Usr 0 00:00:04, Sys 0 00:00:00  -  Run Remote Usage
		Usr 0 00:00:00, Sys 0 00:00:00  -  Run Local Usage
		Usr 0 00:00:04, Sys 0 00:00:00  -  Total Remote Usage
		Usr 0 00:00:00, Sys 0 00:00:00  -  Total Local Usage
	6201  -  Run Bytes Sent By Job
	409597  -  Run Bytes Received By Job
	6201  -  Total Bytes Sent By Job
	409597  -  Total Bytes Received By Job
	Partitionable Resources :    Usage  Request Allocated 
	   Cpus                 :                 8         8 
	   Disk (KB)            :      420      425   3185165 
	   Memory (MB)          :       12    16000     16000 

	Job terminated of its own accord at 2024-07-24T14:56:58Z with exit-code 0.
...
040 (10252907.3415.000) 07/24 18:08:55 Started transferring input files
	Transferring to host: <188.185.206.143:9618?addrs=188.185.206.143-9618+[2001-1458-303-c--100-c]-9618&alias=b9p06p8627.cern.ch&noUDP&sock=slot1_4_2260572_398e_46501>
...
040 (10252907.3415.000) 07/24 18:08:55 Finished transferring input files
...
001 (10252907.3415.000) 07/24 18:08:56 Job executing on host: <188.185.206.143:9618?addrs=188.185.206.143-9618+[2001-1458-303-c--100-c]-9618&alias=b9p06p8627.cern.ch&noUDP&sock=startd_6828_04bf>
	SlotName: slot1_4@b9p06p8627.cern.ch
	CondorScratchDir = "/pool/condor/dir_2016908"
	Cpus = 8
	Disk = 2697964
	Memory = 16000
...
006 (10252907.3415.000) 07/24 18:09:00 Image size of job updated: 160532
	9  -  MemoryUsage of job (MB)
	8296  -  ResidentSetSize of job (KB)
...
040 (10252907.3415.000) 07/24 18:09:00 Started transferring output files
...
040 (10252907.3415.000) 07/24 18:09:00 Finished transferring output files
...
005 (10252907.3415.000) 07/24 18:09:00 Job terminated.
	(1) Normal termination (return value 0)
		Usr 0 00:00:03, Sys 0 00:00:00  -  Run Remote Usage
		Usr 0 00:00:00, Sys 0 00:00:00  -  Run Local Usage
		Usr 0 00:00:03, Sys 0 00:00:00  -  Total Remote Usage
		Usr 0 00:00:00, Sys 0 00:00:00  -  Total Local Usage
	6204  -  Run Bytes Sent By Job
	409597  -  Run Bytes Received By Job
	6204  -  Total Bytes Sent By Job
	409597  -  Total Bytes Received By Job
	Partitionable Resources :    Usage  Request Allocated 
	   Cpus                 :        0        8         8 
	   Disk (KB)            :      428      425   2697964 
	   Memory (MB)          :        9    16000     16000 

	Job terminated of its own accord at 2024-07-24T16:09:00Z with exit-code 0.
...
040 (10252908.3415.000) 07/24 19:15:43 Started transferring input files
	Transferring to host: <188.185.207.49:9618?addrs=188.185.207.49-9618+[2001-1458-303-d--100-2e]-9618&alias=b9p07p8967.cern.ch&noUDP&sock=slot1_2_4942_d602_143515>
...
040 (10252908.3415.000) 07/24 19:15:43 Finished transferring input files
...
001 (10252908.3415.000) 07/24 19:15:44 Job executing on host: <188.185.207.49:9618?addrs=188.185.207.49-9618+[2001-1458-303-d--100-2e]-9618&alias=b9p07p8967.cern.ch&noUDP&sock=startd_4205_dbd5>
	SlotName: slot1_2@b9p07p8967.cern.ch
	CondorScratchDir = "/pool/condor/dir_1191007"
	Cpus = 8
	Disk = 2791280
	Memory = 16000
...
006 (10252908.3415.000) 07/24 19:15:48 Image size of job updated: 156808
	7  -  MemoryUsage of job (MB)
	6512  -  ResidentSetSize of job (KB)
...
040 (10252908.3415.000) 07/24 19:15:48 Started transferring output files
...
040 (10252908.3415.000) 07/24 19:15:48 Finished transferring output files
...
005 (10252908.3415.000) 07/24 19:15:48 Job terminated.
	(1) Normal termination (return value 0)
		Usr 0 00:00:03, Sys 0 00:00:00  -  Run Remote Usage
		Usr 0 00:00:00, Sys 0 00:00:00  -  Run Local Usage
		Usr 0 00:00:03, Sys 0 00:00:00  -  Total Remote Usage
		Usr 0 00:00:00, Sys 0 00:00:00  -  Total Local Usage
	6204  -  Run Bytes Sent By Job
	409597  -  Run Bytes Received By Job
	6204  -  Total Bytes Sent By Job
	409597  -  Total Bytes Received By Job
	Partitionable Resources :    Usage  Request Allocated 
	   Cpus                 :        0        8         8 
	   Disk (KB)            :      428      425   2791280 
	   Memory (MB)          :        7    16000     16000 

	Job terminated of its own accord at 2024-07-24T17:15:48Z with exit-code 0.
...
040 (10252909.3415.000) 07/24 20:15:08 Started transferring input files
	Transferring to host: <188.185.205.58:9618?addrs=188.185.205.58-9618+[2001-1458-303-9--100-ae]-9618&alias=b9p03p9210.cern.ch&noUDP&sock=slot1_4_7418_66e7_156580>
...
040 (10252909.3415.000) 07/24 20:15:08 Finished transferring input files
...
001 (10252909.3415.000) 07/24 20:15:09 Job executing on host: <188.185.205.58:9618?addrs=188.185.205.58-9618+[2001-1458-303-9--100-ae]-9618&alias=b9p03p9210.cern.ch&noUDP&sock=startd_7350_112f>
	SlotName: slot1_4@b9p03p9210.cern.ch
	CondorScratchDir = "/pool/condor/dir_3244865"
	Cpus = 8
	Disk = 2934995
	Memory = 16000
...
006 (10252909.3415.000) 07/24 20:15:14 Image size of job updated: 160344
	8  -  MemoryUsage of job (MB)
	7768  -  ResidentSetSize of job (KB)
...
040 (10252909.3415.000) 07/24 20:15:14 Started transferring output files
...
040 (10252909.3415.000) 07/24 20:15:14 Finished transferring output files
...
005 (10252909.3415.000) 07/24 20:15:15 Job terminated.
	(1) Normal termination (return value 0)
		Usr 0 00:00:04, Sys 0 00:00:00  -  Run Remote Usage
		Usr 0 00:00:00, Sys 0 00:00:00  -  Run Local Usage
		Usr 0 00:00:04, Sys 0 00:00:00  -  Total Remote Usage
		Usr 0 00:00:00, Sys 0 00:00:00  -  Total Local Usage
	6204  -  Run Bytes Sent By Job
	409597  -  Run Bytes Received By Job
	6204  -  Total Bytes Sent By Job
	409597  -  Total Bytes Received By Job
	Partitionable Resources :    Usage  Request Allocated 
	   Cpus                 :        0        8         8 
	   Disk (KB)            :      427      425   2934995 
	   Memory (MB)          :        8    16000     16000 

	Job terminated of its own accord at 2024-07-24T18:15:14Z with exit-code 0.
...
000 (10261715.3415.000) 07/25 13:02:49 Job submitted from host: <188.185.114.121:9618?addrs=188.185.114.121-9618+[2001-1458-d00-a--100-273]-9618&alias=bigbird19.cern.ch&noUDP&sock=schedd_4961_696e>
...
009 (10261715.3415.000) 07/25 13:06:56 Job was aborted.
	via condor_rm (by user yelberke)
...
000 (10261767.3415.000) 07/25 13:20:34 Job submitted from host: <188.185.114.121:9618?addrs=188.185.114.121-9618+[2001-1458-d00-a--100-273]-9618&alias=bigbird19.cern.ch&noUDP&sock=schedd_4961_696e>
...
040 (10261767.3415.000) 07/25 14:37:00 Started transferring input files
	Transferring to host: <188.185.209.228:9618?addrs=188.185.209.228-9618+[2001-1458-303-12--100-61]-9618&alias=b9p12p5161.cern.ch&noUDP&sock=slot1_7_6522_16c2_146810>
...
040 (10261767.3415.000) 07/25 14:37:00 Finished transferring input files
...
001 (10261767.3415.000) 07/25 14:37:01 Job executing on host: <188.185.209.228:9618?addrs=188.185.209.228-9618+[2001-1458-303-12--100-61]-9618&alias=b9p12p5161.cern.ch&noUDP&sock=startd_5255_1246>
	SlotName: slot1_7@b9p12p5161.cern.ch
	CondorScratchDir = "/pool/condor/dir_180480"
	Cpus = 12
	Disk = 2697043
	Memory = 24000
...
006 (10261767.3415.000) 07/25 14:37:06 Image size of job updated: 160256
	7  -  MemoryUsage of job (MB)
	6368  -  ResidentSetSize of job (KB)
...
040 (10261767.3415.000) 07/25 14:37:06 Started transferring output files
...
040 (10261767.3415.000) 07/25 14:37:06 Finished transferring output files
...
005 (10261767.3415.000) 07/25 14:37:06 Job terminated.
	(1) Normal termination (return value 0)
		Usr 0 00:00:03, Sys 0 00:00:00  -  Run Remote Usage
		Usr 0 00:00:00, Sys 0 00:00:00  -  Run Local Usage
		Usr 0 00:00:03, Sys 0 00:00:00  -  Total Remote Usage
		Usr 0 00:00:00, Sys 0 00:00:00  -  Total Local Usage
	6676  -  Run Bytes Sent By Job
	409597  -  Run Bytes Received By Job
	6676  -  Total Bytes Sent By Job
	409597  -  Total Bytes Received By Job
	Partitionable Resources :    Usage  Request Allocated 
	   Cpus                 :        0       12        12 
	   Disk (KB)            :      428      425   2697043 
	   Memory (MB)          :        7    24000     24000 

	Job terminated of its own accord at 2024-07-25T12:37:06Z with exit-code 0.
...
000 (10284266.3415.000) 08/02 15:46:32 Job submitted from host: <188.185.114.121:9618?addrs=188.185.114.121-9618+[2001-1458-d00-a--100-273]-9618&alias=bigbird19.cern.ch&noUDP&sock=schedd_4961_696e>
...
000 (10284267.3415.000) 08/02 15:50:03 Job submitted from host: <188.185.114.121:9618?addrs=188.185.114.121-9618+[2001-1458-d00-a--100-273]-9618&alias=bigbird19.cern.ch&noUDP&sock=schedd_4961_696e>
...
009 (10284266.3415.000) 08/02 15:50:25 Job was aborted.
	via condor_rm (by user yelberke)
...
040 (10284267.3415.000) 08/02 16:48:22 Started transferring input files
	Transferring to host: <188.185.195.165:9618?addrs=188.185.195.165-9618+[2001-1458-303-22--100-a1]-9618&alias=b9p17p9246.cern.ch&noUDP&sock=slot1_8_888432_7719_409>
...
040 (10284267.3415.000) 08/02 16:48:22 Finished transferring input files
...
001 (10284267.3415.000) 08/02 16:48:23 Job executing on host: <188.185.195.165:9618?addrs=188.185.195.165-9618+[2001-1458-303-22--100-a1]-9618&alias=b9p17p9246.cern.ch&noUDP&sock=startd_178045_a3ab>
	SlotName: slot1_8@b9p17p9246.cern.ch
	CondorScratchDir = "/pool/condor/dir_2715671"
	Cpus = 12
	Disk = 3065661
	Memory = 24000
...
006 (10284267.3415.000) 08/02 16:48:24 Image size of job updated: 315576
	3  -  MemoryUsage of job (MB)
	2380  -  ResidentSetSize of job (KB)
...
040 (10284267.3415.000) 08/02 16:48:24 Started transferring output files
...
040 (10284267.3415.000) 08/02 16:48:24 Finished transferring output files
...
005 (10284267.3415.000) 08/02 16:48:24 Job terminated.
	(1) Normal termination (return value 139)
		Usr 0 00:00:02, Sys 0 00:00:00  -  Run Remote Usage
		Usr 0 00:00:00, Sys 0 00:00:00  -  Run Local Usage
		Usr 0 00:00:02, Sys 0 00:00:00  -  Total Remote Usage
		Usr 0 00:00:00, Sys 0 00:00:00  -  Total Local Usage
	7696  -  Run Bytes Sent By Job
	409597  -  Run Bytes Received By Job
	7696  -  Total Bytes Sent By Job
	409597  -  Total Bytes Received By Job
	Partitionable Resources :    Usage  Request Allocated 
	   Cpus                 :        0       12        12 
	   Disk (KB)            :      429      425   3065661 
	   Memory (MB)          :        3    24000     24000 

	Job terminated of its own accord at 2024-08-02T14:48:24Z with exit-code 139.
...
