000 (10252905.3417.000) 07/24 16:13:20 Job submitted from host: <188.185.114.121:9618?addrs=188.185.114.121-9618+[2001-1458-d00-a--100-273]-9618&alias=bigbird19.cern.ch&noUDP&sock=schedd_4961_696e>
...
009 (10252905.3417.000) 07/24 16:14:50 Job was aborted.
	via condor_rm (by user yelberke)
...
000 (10252906.3417.000) 07/24 16:15:39 Job submitted from host: <188.185.114.121:9618?addrs=188.185.114.121-9618+[2001-1458-d00-a--100-273]-9618&alias=bigbird19.cern.ch&noUDP&sock=schedd_4961_696e>
...
000 (10252907.3417.000) 07/24 16:17:33 Job submitted from host: <188.185.114.121:9618?addrs=188.185.114.121-9618+[2001-1458-d00-a--100-273]-9618&alias=bigbird19.cern.ch&noUDP&sock=schedd_4961_696e>
...
000 (10252908.3417.000) 07/24 16:18:06 Job submitted from host: <188.185.114.121:9618?addrs=188.185.114.121-9618+[2001-1458-d00-a--100-273]-9618&alias=bigbird19.cern.ch&noUDP&sock=schedd_4961_696e>
...
000 (10252909.3417.000) 07/24 16:18:42 Job submitted from host: <188.185.114.121:9618?addrs=188.185.114.121-9618+[2001-1458-d00-a--100-273]-9618&alias=bigbird19.cern.ch&noUDP&sock=schedd_4961_696e>
...
040 (10252906.3417.000) 07/24 16:56:25 Started transferring input files
	Transferring to host: <188.185.198.26:9618?addrs=188.185.198.26-9618+[2001-1458-303-25--100-16]-9618&alias=b9p15p5462.cern.ch&noUDP&sock=slot1_13_414428_c44e_6216>
...
040 (10252906.3417.000) 07/24 16:56:25 Finished transferring input files
...
001 (10252906.3417.000) 07/24 16:56:26 Job executing on host: <188.185.198.26:9618?addrs=188.185.198.26-9618+[2001-1458-303-25--100-16]-9618&alias=b9p15p5462.cern.ch&noUDP&sock=startd_127737_8928>
	SlotName: slot1_13@b9p15p5462.cern.ch
	CondorScratchDir = "/pool/condor/dir_33581"
	Cpus = 8
	Disk = 3033785
	Memory = 16000
...
006 (10252906.3417.000) 07/24 16:56:31 Image size of job updated: 164284
	10  -  MemoryUsage of job (MB)
	10052  -  ResidentSetSize of job (KB)
...
040 (10252906.3417.000) 07/24 16:56:31 Started transferring output files
...
040 (10252906.3417.000) 07/24 16:56:31 Finished transferring output files
...
005 (10252906.3417.000) 07/24 16:56:31 Job terminated.
	(1) Normal termination (return value 0)
		Usr 0 00:00:04, Sys 0 00:00:00  -  Run Remote Usage
		Usr 0 00:00:00, Sys 0 00:00:00  -  Run Local Usage
		Usr 0 00:00:04, Sys 0 00:00:00  -  Total Remote Usage
		Usr 0 00:00:00, Sys 0 00:00:00  -  Total Local Usage
	6201  -  Run Bytes Sent By Job
	409597  -  Run Bytes Received By Job
	6201  -  Total Bytes Sent By Job
	409597  -  Total Bytes Received By Job
	Partitionable Resources :    Usage  Request Allocated 
	   Cpus                 :        0        8         8 
	   Disk (KB)            :      428      425   3033785 
	   Memory (MB)          :       10    16000     16000 

	Job terminated of its own accord at 2024-07-24T14:56:31Z with exit-code 0.
...
040 (10252907.3417.000) 07/24 18:20:36 Started transferring input files
	Transferring to host: <188.185.196.42:9618?addrs=188.185.196.42-9618+[2001-1458-303-23--100-26]-9618&alias=b9p16p7968.cern.ch&noUDP&sock=slot1_14_137568_d9d3_30573>
...
040 (10252907.3417.000) 07/24 18:20:36 Finished transferring input files
...
001 (10252907.3417.000) 07/24 18:20:37 Job executing on host: <188.185.196.42:9618?addrs=188.185.196.42-9618+[2001-1458-303-23--100-26]-9618&alias=b9p16p7968.cern.ch&noUDP&sock=startd_127704_e688>
	SlotName: slot1_14@b9p16p7968.cern.ch
	CondorScratchDir = "/pool/condor/dir_44198"
	Cpus = 8
	Disk = 3015577
	Memory = 16000
...
006 (10252907.3417.000) 07/24 18:20:45 Image size of job updated: 158408
	8  -  MemoryUsage of job (MB)
	7588  -  ResidentSetSize of job (KB)
...
040 (10252907.3417.000) 07/24 18:20:45 Started transferring output files
...
040 (10252907.3417.000) 07/24 18:20:45 Finished transferring output files
...
005 (10252907.3417.000) 07/24 18:20:45 Job terminated.
	(1) Normal termination (return value 0)
		Usr 0 00:00:06, Sys 0 00:00:00  -  Run Remote Usage
		Usr 0 00:00:00, Sys 0 00:00:00  -  Run Local Usage
		Usr 0 00:00:06, Sys 0 00:00:00  -  Total Remote Usage
		Usr 0 00:00:00, Sys 0 00:00:00  -  Total Local Usage
	6204  -  Run Bytes Sent By Job
	409597  -  Run Bytes Received By Job
	6204  -  Total Bytes Sent By Job
	409597  -  Total Bytes Received By Job
	Partitionable Resources :    Usage  Request Allocated 
	   Cpus                 :        0        8         8 
	   Disk (KB)            :      428      425   3015577 
	   Memory (MB)          :        8    16000     16000 

	Job terminated of its own accord at 2024-07-24T16:20:45Z with exit-code 0.
...
040 (10252908.3417.000) 07/24 19:15:43 Started transferring input files
	Transferring to host: <188.185.205.170:9618?addrs=188.185.205.170-9618+[2001-1458-303-a--100-27]-9618&alias=b9p04p9679.cern.ch&noUDP&sock=slot1_5_7857_b799_96995>
...
040 (10252908.3417.000) 07/24 19:15:43 Finished transferring input files
...
001 (10252908.3417.000) 07/24 19:15:44 Job executing on host: <188.185.205.170:9618?addrs=188.185.205.170-9618+[2001-1458-303-a--100-27]-9618&alias=b9p04p9679.cern.ch&noUDP&sock=startd_6891_3b36>
	SlotName: slot1_5@b9p04p9679.cern.ch
	CondorScratchDir = "/pool/condor/dir_700149"
	Cpus = 8
	Disk = 2737266
	Memory = 16000
...
006 (10252908.3417.000) 07/24 19:15:48 Image size of job updated: 164908
	10  -  MemoryUsage of job (MB)
	10120  -  ResidentSetSize of job (KB)
...
040 (10252908.3417.000) 07/24 19:15:48 Started transferring output files
...
040 (10252908.3417.000) 07/24 19:15:48 Finished transferring output files
...
005 (10252908.3417.000) 07/24 19:15:48 Job terminated.
	(1) Normal termination (return value 0)
		Usr 0 00:00:03, Sys 0 00:00:00  -  Run Remote Usage
		Usr 0 00:00:00, Sys 0 00:00:00  -  Run Local Usage
		Usr 0 00:00:03, Sys 0 00:00:00  -  Total Remote Usage
		Usr 0 00:00:00, Sys 0 00:00:00  -  Total Local Usage
	6204  -  Run Bytes Sent By Job
	409597  -  Run Bytes Received By Job
	6204  -  Total Bytes Sent By Job
	409597  -  Total Bytes Received By Job
	Partitionable Resources :    Usage  Request Allocated 
	   Cpus                 :                 8         8 
	   Disk (KB)            :      421      425   2737266 
	   Memory (MB)          :       10    16000     16000 

	Job terminated of its own accord at 2024-07-24T17:15:48Z with exit-code 0.
...
040 (10252909.3417.000) 07/24 20:15:08 Started transferring input files
	Transferring to host: <188.185.208.205:9618?addrs=188.185.208.205-9618+[2001-1458-303-10--100-4a]-9618&alias=b9p10p8826.cern.ch&noUDP&sock=slot1_6_4204_d924_144087>
...
040 (10252909.3417.000) 07/24 20:15:08 Finished transferring input files
...
001 (10252909.3417.000) 07/24 20:15:09 Job executing on host: <188.185.208.205:9618?addrs=188.185.208.205-9618+[2001-1458-303-10--100-4a]-9618&alias=b9p10p8826.cern.ch&noUDP&sock=startd_3645_becb>
	SlotName: slot1_6@b9p10p8826.cern.ch
	CondorScratchDir = "/pool/condor/dir_3488917"
	Cpus = 8
	Disk = 2759817
	Memory = 16000
...
006 (10252909.3417.000) 07/24 20:15:13 Image size of job updated: 159052
	8  -  MemoryUsage of job (MB)
	7888  -  ResidentSetSize of job (KB)
...
040 (10252909.3417.000) 07/24 20:15:13 Started transferring output files
...
040 (10252909.3417.000) 07/24 20:15:13 Finished transferring output files
...
005 (10252909.3417.000) 07/24 20:15:13 Job terminated.
	(1) Normal termination (return value 0)
		Usr 0 00:00:03, Sys 0 00:00:00  -  Run Remote Usage
		Usr 0 00:00:00, Sys 0 00:00:00  -  Run Local Usage
		Usr 0 00:00:03, Sys 0 00:00:00  -  Total Remote Usage
		Usr 0 00:00:00, Sys 0 00:00:00  -  Total Local Usage
	6204  -  Run Bytes Sent By Job
	409597  -  Run Bytes Received By Job
	6204  -  Total Bytes Sent By Job
	409597  -  Total Bytes Received By Job
	Partitionable Resources :    Usage  Request Allocated 
	   Cpus                 :        0        8         8 
	   Disk (KB)            :      427      425   2759817 
	   Memory (MB)          :        8    16000     16000 

	Job terminated of its own accord at 2024-07-24T18:15:13Z with exit-code 0.
...
000 (10261715.3417.000) 07/25 13:02:49 Job submitted from host: <188.185.114.121:9618?addrs=188.185.114.121-9618+[2001-1458-d00-a--100-273]-9618&alias=bigbird19.cern.ch&noUDP&sock=schedd_4961_696e>
...
009 (10261715.3417.000) 07/25 13:06:56 Job was aborted.
	via condor_rm (by user yelberke)
...
000 (10261767.3417.000) 07/25 13:20:34 Job submitted from host: <188.185.114.121:9618?addrs=188.185.114.121-9618+[2001-1458-d00-a--100-273]-9618&alias=bigbird19.cern.ch&noUDP&sock=schedd_4961_696e>
...
040 (10261767.3417.000) 07/25 14:37:01 Started transferring input files
	Transferring to host: <188.185.205.165:9618?addrs=188.185.205.165-9618&alias=b9p04p5916.cern.ch&noUDP&sock=slot1_29_6910_7852_157629>
...
040 (10261767.3417.000) 07/25 14:37:01 Finished transferring input files
...
001 (10261767.3417.000) 07/25 14:37:02 Job executing on host: <188.185.205.165:9618?addrs=188.185.205.165-9618&alias=b9p04p5916.cern.ch&noUDP&sock=startd_6844_fe43>
	SlotName: slot1_29@b9p04p5916.cern.ch
	CondorScratchDir = "/pool/condor/dir_4000484"
	Cpus = 12
	Disk = 2996402
	Memory = 24000
...
006 (10261767.3417.000) 07/25 14:37:06 Image size of job updated: 168188
	11  -  MemoryUsage of job (MB)
	11156  -  ResidentSetSize of job (KB)
...
040 (10261767.3417.000) 07/25 14:37:06 Started transferring output files
...
040 (10261767.3417.000) 07/25 14:37:06 Finished transferring output files
...
005 (10261767.3417.000) 07/25 14:37:06 Job terminated.
	(1) Normal termination (return value 0)
		Usr 0 00:00:03, Sys 0 00:00:00  -  Run Remote Usage
		Usr 0 00:00:00, Sys 0 00:00:00  -  Run Local Usage
		Usr 0 00:00:03, Sys 0 00:00:00  -  Total Remote Usage
		Usr 0 00:00:00, Sys 0 00:00:00  -  Total Local Usage
	6676  -  Run Bytes Sent By Job
	409597  -  Run Bytes Received By Job
	6676  -  Total Bytes Sent By Job
	409597  -  Total Bytes Received By Job
	Partitionable Resources :    Usage  Request Allocated 
	   Cpus                 :        0       12        12 
	   Disk (KB)            :      427      425   2996402 
	   Memory (MB)          :       11    24000     24000 

	Job terminated of its own accord at 2024-07-25T12:37:06Z with exit-code 0.
...
000 (10284266.3417.000) 08/02 15:46:32 Job submitted from host: <188.185.114.121:9618?addrs=188.185.114.121-9618+[2001-1458-d00-a--100-273]-9618&alias=bigbird19.cern.ch&noUDP&sock=schedd_4961_696e>
...
000 (10284267.3417.000) 08/02 15:50:03 Job submitted from host: <188.185.114.121:9618?addrs=188.185.114.121-9618+[2001-1458-d00-a--100-273]-9618&alias=bigbird19.cern.ch&noUDP&sock=schedd_4961_696e>
...
009 (10284266.3417.000) 08/02 15:50:25 Job was aborted.
	via condor_rm (by user yelberke)
...
040 (10284267.3417.000) 08/02 16:48:23 Started transferring input files
	Transferring to host: <188.185.192.85:9618?addrs=188.185.192.85-9618+[2001-1458-303-1f--100-51]-9618&alias=b9p13p6636.cern.ch&noUDP&sock=slot1_6_2438133_0323_217>
...
040 (10284267.3417.000) 08/02 16:48:23 Finished transferring input files
...
001 (10284267.3417.000) 08/02 16:48:24 Job executing on host: <188.185.192.85:9618?addrs=188.185.192.85-9618+[2001-1458-303-1f--100-51]-9618&alias=b9p13p6636.cern.ch&noUDP&sock=startd_128462_d351>
	SlotName: slot1_6@b9p13p6636.cern.ch
	CondorScratchDir = "/pool/condor/dir_2607367"
	Cpus = 12
	Disk = 3102699
	Memory = 24000
...
006 (10284267.3417.000) 08/02 16:48:25 Image size of job updated: 315740
	4  -  MemoryUsage of job (MB)
	3884  -  ResidentSetSize of job (KB)
...
040 (10284267.3417.000) 08/02 16:48:26 Started transferring output files
...
040 (10284267.3417.000) 08/02 16:48:26 Finished transferring output files
...
005 (10284267.3417.000) 08/02 16:48:26 Job terminated.
	(1) Normal termination (return value 139)
		Usr 0 00:00:02, Sys 0 00:00:00  -  Run Remote Usage
		Usr 0 00:00:00, Sys 0 00:00:00  -  Run Local Usage
		Usr 0 00:00:02, Sys 0 00:00:00  -  Total Remote Usage
		Usr 0 00:00:00, Sys 0 00:00:00  -  Total Local Usage
	7696  -  Run Bytes Sent By Job
	409597  -  Run Bytes Received By Job
	7696  -  Total Bytes Sent By Job
	409597  -  Total Bytes Received By Job
	Partitionable Resources :    Usage  Request Allocated 
	   Cpus                 :        0       12        12 
	   Disk (KB)            :      429      425   3102699 
	   Memory (MB)          :        4    24000     24000 

	Job terminated of its own accord at 2024-08-02T14:48:25Z with exit-code 139.
...
