000 (10252905.3444.000) 07/24 16:13:20 Job submitted from host: <188.185.114.121:9618?addrs=188.185.114.121-9618+[2001-1458-d00-a--100-273]-9618&alias=bigbird19.cern.ch&noUDP&sock=schedd_4961_696e>
...
009 (10252905.3444.000) 07/24 16:14:50 Job was aborted.
	via condor_rm (by user yelberke)
...
000 (10252906.3444.000) 07/24 16:15:39 Job submitted from host: <188.185.114.121:9618?addrs=188.185.114.121-9618+[2001-1458-d00-a--100-273]-9618&alias=bigbird19.cern.ch&noUDP&sock=schedd_4961_696e>
...
000 (10252907.3444.000) 07/24 16:17:33 Job submitted from host: <188.185.114.121:9618?addrs=188.185.114.121-9618+[2001-1458-d00-a--100-273]-9618&alias=bigbird19.cern.ch&noUDP&sock=schedd_4961_696e>
...
000 (10252908.3444.000) 07/24 16:18:06 Job submitted from host: <188.185.114.121:9618?addrs=188.185.114.121-9618+[2001-1458-d00-a--100-273]-9618&alias=bigbird19.cern.ch&noUDP&sock=schedd_4961_696e>
...
000 (10252909.3444.000) 07/24 16:18:42 Job submitted from host: <188.185.114.121:9618?addrs=188.185.114.121-9618+[2001-1458-d00-a--100-273]-9618&alias=bigbird19.cern.ch&noUDP&sock=schedd_4961_696e>
...
040 (10252906.3444.000) 07/24 16:56:34 Started transferring input files
	Transferring to host: <188.185.204.240:9618?addrs=188.185.204.240-9618+[2001-1458-303-8--100-6d]-9618&alias=b9p02p3606.cern.ch&noUDP&sock=slot1_3_5578_f49c_156081>
...
040 (10252906.3444.000) 07/24 16:56:34 Finished transferring input files
...
001 (10252906.3444.000) 07/24 16:56:35 Job executing on host: <188.185.204.240:9618?addrs=188.185.204.240-9618+[2001-1458-303-8--100-6d]-9618&alias=b9p02p3606.cern.ch&noUDP&sock=startd_5147_fe0b>
	SlotName: slot1_3@b9p02p3606.cern.ch
	CondorScratchDir = "/pool/condor/dir_1128879"
	Cpus = 8
	Disk = 2776800
	Memory = 16000
...
006 (10252906.3444.000) 07/24 16:56:41 Image size of job updated: 162436
	10  -  MemoryUsage of job (MB)
	9692  -  ResidentSetSize of job (KB)
...
040 (10252906.3444.000) 07/24 16:56:41 Started transferring output files
...
040 (10252906.3444.000) 07/24 16:56:41 Finished transferring output files
...
005 (10252906.3444.000) 07/24 16:56:42 Job terminated.
	(1) Normal termination (return value 0)
		Usr 0 00:00:04, Sys 0 00:00:00  -  Run Remote Usage
		Usr 0 00:00:00, Sys 0 00:00:00  -  Run Local Usage
		Usr 0 00:00:04, Sys 0 00:00:00  -  Total Remote Usage
		Usr 0 00:00:00, Sys 0 00:00:00  -  Total Local Usage
	6201  -  Run Bytes Sent By Job
	409597  -  Run Bytes Received By Job
	6201  -  Total Bytes Sent By Job
	409597  -  Total Bytes Received By Job
	Partitionable Resources :    Usage  Request Allocated 
	   Cpus                 :        0        8         8 
	   Disk (KB)            :      428      425   2776800 
	   Memory (MB)          :       10    16000     16000 

	Job terminated of its own accord at 2024-07-24T14:56:41Z with exit-code 0.
...
040 (10252907.3444.000) 07/24 18:09:07 Started transferring input files
	Transferring to host: <188.185.204.176:9618?addrs=188.185.204.176-9618+[2001-1458-303-8--100-a4]-9618&alias=b9p02p2870.cern.ch&noUDP&sock=slot1_18_7028_9c97_157078>
...
040 (10252907.3444.000) 07/24 18:09:07 Finished transferring input files
...
001 (10252907.3444.000) 07/24 18:09:08 Job executing on host: <188.185.204.176:9618?addrs=188.185.204.176-9618+[2001-1458-303-8--100-a4]-9618&alias=b9p02p2870.cern.ch&noUDP&sock=startd_6868_7489>
	SlotName: slot1_18@b9p02p2870.cern.ch
	CondorScratchDir = "/pool/condor/dir_2341675"
	Cpus = 8
	Disk = 2507560
	Memory = 16000
...
006 (10252907.3444.000) 07/24 18:09:12 Image size of job updated: 159576
	9  -  MemoryUsage of job (MB)
	8428  -  ResidentSetSize of job (KB)
...
040 (10252907.3444.000) 07/24 18:09:12 Started transferring output files
...
040 (10252907.3444.000) 07/24 18:09:12 Finished transferring output files
...
005 (10252907.3444.000) 07/24 18:09:12 Job terminated.
	(1) Normal termination (return value 0)
		Usr 0 00:00:03, Sys 0 00:00:00  -  Run Remote Usage
		Usr 0 00:00:00, Sys 0 00:00:00  -  Run Local Usage
		Usr 0 00:00:03, Sys 0 00:00:00  -  Total Remote Usage
		Usr 0 00:00:00, Sys 0 00:00:00  -  Total Local Usage
	6204  -  Run Bytes Sent By Job
	409597  -  Run Bytes Received By Job
	6204  -  Total Bytes Sent By Job
	409597  -  Total Bytes Received By Job
	Partitionable Resources :    Usage  Request Allocated 
	   Cpus                 :        0        8         8 
	   Disk (KB)            :      428      425   2507560 
	   Memory (MB)          :        9    16000     16000 

	Job terminated of its own accord at 2024-07-24T16:09:12Z with exit-code 0.
...
040 (10252908.3444.000) 07/24 19:15:57 Started transferring input files
	Transferring to host: <188.185.205.179:9618?addrs=188.185.205.179-9618+[2001-1458-303-a--100-30]-9618&alias=b9p04p5046.cern.ch&noUDP&sock=slot1_6_7364_5aa5_154367>
...
040 (10252908.3444.000) 07/24 19:15:57 Finished transferring input files
...
001 (10252908.3444.000) 07/24 19:15:58 Job executing on host: <188.185.205.179:9618?addrs=188.185.205.179-9618+[2001-1458-303-a--100-30]-9618&alias=b9p04p5046.cern.ch&noUDP&sock=startd_7297_b6aa>
	SlotName: slot1_6@b9p04p5046.cern.ch
	CondorScratchDir = "/pool/condor/dir_2898444"
	Cpus = 8
	Disk = 2717971
	Memory = 16000
...
006 (10252908.3444.000) 07/24 19:16:02 Image size of job updated: 157964
	7  -  MemoryUsage of job (MB)
	7168  -  ResidentSetSize of job (KB)
...
040 (10252908.3444.000) 07/24 19:16:02 Started transferring output files
...
040 (10252908.3444.000) 07/24 19:16:02 Finished transferring output files
...
005 (10252908.3444.000) 07/24 19:16:02 Job terminated.
	(1) Normal termination (return value 0)
		Usr 0 00:00:03, Sys 0 00:00:00  -  Run Remote Usage
		Usr 0 00:00:00, Sys 0 00:00:00  -  Run Local Usage
		Usr 0 00:00:03, Sys 0 00:00:00  -  Total Remote Usage
		Usr 0 00:00:00, Sys 0 00:00:00  -  Total Local Usage
	6204  -  Run Bytes Sent By Job
	409597  -  Run Bytes Received By Job
	6204  -  Total Bytes Sent By Job
	409597  -  Total Bytes Received By Job
	Partitionable Resources :    Usage  Request Allocated 
	   Cpus                 :        0        8         8 
	   Disk (KB)            :      428      425   2717971 
	   Memory (MB)          :        7    16000     16000 

	Job terminated of its own accord at 2024-07-24T17:16:02Z with exit-code 0.
...
040 (10252909.3444.000) 07/24 20:15:17 Started transferring input files
	Transferring to host: <188.185.205.158:9618?addrs=188.185.205.158-9618+[2001-1458-303-a--100-1b]-9618&alias=b9p04p4648.cern.ch&noUDP&sock=slot1_3_6906_a6d2_157055>
...
040 (10252909.3444.000) 07/24 20:15:17 Finished transferring input files
...
001 (10252909.3444.000) 07/24 20:15:18 Job executing on host: <188.185.205.158:9618?addrs=188.185.205.158-9618+[2001-1458-303-a--100-1b]-9618&alias=b9p04p4648.cern.ch&noUDP&sock=startd_6841_ef7a>
	SlotName: slot1_3@b9p04p4648.cern.ch
	CondorScratchDir = "/pool/condor/dir_505818"
	Cpus = 8
	Disk = 2774632
	Memory = 16000
...
006 (10252909.3444.000) 07/24 20:15:22 Image size of job updated: 161612
	8  -  MemoryUsage of job (MB)
	7664  -  ResidentSetSize of job (KB)
...
040 (10252909.3444.000) 07/24 20:15:22 Started transferring output files
...
040 (10252909.3444.000) 07/24 20:15:22 Finished transferring output files
...
005 (10252909.3444.000) 07/24 20:15:22 Job terminated.
	(1) Normal termination (return value 0)
		Usr 0 00:00:03, Sys 0 00:00:00  -  Run Remote Usage
		Usr 0 00:00:00, Sys 0 00:00:00  -  Run Local Usage
		Usr 0 00:00:03, Sys 0 00:00:00  -  Total Remote Usage
		Usr 0 00:00:00, Sys 0 00:00:00  -  Total Local Usage
	6204  -  Run Bytes Sent By Job
	409597  -  Run Bytes Received By Job
	6204  -  Total Bytes Sent By Job
	409597  -  Total Bytes Received By Job
	Partitionable Resources :    Usage  Request Allocated 
	   Cpus                 :        0        8         8 
	   Disk (KB)            :      427      425   2774632 
	   Memory (MB)          :        8    16000     16000 

	Job terminated of its own accord at 2024-07-24T18:15:22Z with exit-code 0.
...
000 (10261715.3444.000) 07/25 13:02:50 Job submitted from host: <188.185.114.121:9618?addrs=188.185.114.121-9618+[2001-1458-d00-a--100-273]-9618&alias=bigbird19.cern.ch&noUDP&sock=schedd_4961_696e>
...
009 (10261715.3444.000) 07/25 13:06:57 Job was aborted.
	via condor_rm (by user yelberke)
...
000 (10261767.3444.000) 07/25 13:20:34 Job submitted from host: <188.185.114.121:9618?addrs=188.185.114.121-9618+[2001-1458-d00-a--100-273]-9618&alias=bigbird19.cern.ch&noUDP&sock=schedd_4961_696e>
...
040 (10261767.3444.000) 07/25 14:37:10 Started transferring input files
	Transferring to host: <188.185.204.160:9618?addrs=188.185.204.160-9618+[2001-1458-303-8--100-94]-9618&alias=b9p02p1415.cern.ch&noUDP&sock=slot1_21_6791_9fad_156269>
...
040 (10261767.3444.000) 07/25 14:37:10 Finished transferring input files
...
001 (10261767.3444.000) 07/25 14:37:11 Job executing on host: <188.185.204.160:9618?addrs=188.185.204.160-9618+[2001-1458-303-8--100-94]-9618&alias=b9p02p1415.cern.ch&noUDP&sock=startd_6356_440b>
	SlotName: slot1_21@b9p02p1415.cern.ch
	CondorScratchDir = "/pool/condor/dir_1324520"
	Cpus = 12
	Disk = 2672081
	Memory = 24000
...
006 (10261767.3444.000) 07/25 14:37:16 Image size of job updated: 160504
	7  -  MemoryUsage of job (MB)
	6688  -  ResidentSetSize of job (KB)
...
040 (10261767.3444.000) 07/25 14:37:16 Started transferring output files
...
040 (10261767.3444.000) 07/25 14:37:16 Finished transferring output files
...
005 (10261767.3444.000) 07/25 14:37:16 Job terminated.
	(1) Normal termination (return value 0)
		Usr 0 00:00:04, Sys 0 00:00:00  -  Run Remote Usage
		Usr 0 00:00:00, Sys 0 00:00:00  -  Run Local Usage
		Usr 0 00:00:04, Sys 0 00:00:00  -  Total Remote Usage
		Usr 0 00:00:00, Sys 0 00:00:00  -  Total Local Usage
	6676  -  Run Bytes Sent By Job
	409597  -  Run Bytes Received By Job
	6676  -  Total Bytes Sent By Job
	409597  -  Total Bytes Received By Job
	Partitionable Resources :    Usage  Request Allocated 
	   Cpus                 :        0       12        12 
	   Disk (KB)            :      428      425   2672081 
	   Memory (MB)          :        7    24000     24000 

	Job terminated of its own accord at 2024-07-25T12:37:16Z with exit-code 0.
...
000 (10284266.3444.000) 08/02 15:46:32 Job submitted from host: <188.185.114.121:9618?addrs=188.185.114.121-9618+[2001-1458-d00-a--100-273]-9618&alias=bigbird19.cern.ch&noUDP&sock=schedd_4961_696e>
...
000 (10284267.3444.000) 08/02 15:50:03 Job submitted from host: <188.185.114.121:9618?addrs=188.185.114.121-9618+[2001-1458-d00-a--100-273]-9618&alias=bigbird19.cern.ch&noUDP&sock=schedd_4961_696e>
...
009 (10284266.3444.000) 08/02 15:50:25 Job was aborted.
	via condor_rm (by user yelberke)
...
040 (10284267.3444.000) 08/02 16:48:32 Started transferring input files
	Transferring to host: <188.185.205.181:9618?addrs=188.185.205.181-9618+[2001-1458-303-a--100-32]-9618&alias=b9p04p0775.cern.ch&noUDP&sock=slot1_10_5741_cdc3_34894>
...
040 (10284267.3444.000) 08/02 16:48:32 Finished transferring input files
...
001 (10284267.3444.000) 08/02 16:48:33 Job executing on host: <188.185.205.181:9618?addrs=188.185.205.181-9618+[2001-1458-303-a--100-32]-9618&alias=b9p04p0775.cern.ch&noUDP&sock=startd_4758_2bb4>
	SlotName: slot1_10@b9p04p0775.cern.ch
	CondorScratchDir = "/pool/condor/dir_2495190"
	Cpus = 12
	Disk = 2858484
	Memory = 24000
...
006 (10284267.3444.000) 08/02 16:48:35 Image size of job updated: 325340
	3  -  MemoryUsage of job (MB)
	2620  -  ResidentSetSize of job (KB)
...
040 (10284267.3444.000) 08/02 16:48:35 Started transferring output files
...
040 (10284267.3444.000) 08/02 16:48:35 Finished transferring output files
...
005 (10284267.3444.000) 08/02 16:48:35 Job terminated.
	(1) Normal termination (return value 139)
		Usr 0 00:00:02, Sys 0 00:00:01  -  Run Remote Usage
		Usr 0 00:00:00, Sys 0 00:00:00  -  Run Local Usage
		Usr 0 00:00:02, Sys 0 00:00:01  -  Total Remote Usage
		Usr 0 00:00:00, Sys 0 00:00:00  -  Total Local Usage
	7696  -  Run Bytes Sent By Job
	409597  -  Run Bytes Received By Job
	7696  -  Total Bytes Sent By Job
	409597  -  Total Bytes Received By Job
	Partitionable Resources :    Usage  Request Allocated 
	   Cpus                 :        0       12        12 
	   Disk (KB)            :      430      425   2858484 
	   Memory (MB)          :        3    24000     24000 

	Job terminated of its own accord at 2024-08-02T14:48:35Z with exit-code 139.
...
