000 (10252905.3471.000) 07/24 16:13:20 Job submitted from host: <188.185.114.121:9618?addrs=188.185.114.121-9618+[2001-1458-d00-a--100-273]-9618&alias=bigbird19.cern.ch&noUDP&sock=schedd_4961_696e>
...
009 (10252905.3471.000) 07/24 16:14:50 Job was aborted.
	via condor_rm (by user yelberke)
...
000 (10252906.3471.000) 07/24 16:15:39 Job submitted from host: <188.185.114.121:9618?addrs=188.185.114.121-9618+[2001-1458-d00-a--100-273]-9618&alias=bigbird19.cern.ch&noUDP&sock=schedd_4961_696e>
...
000 (10252907.3471.000) 07/24 16:17:33 Job submitted from host: <188.185.114.121:9618?addrs=188.185.114.121-9618+[2001-1458-d00-a--100-273]-9618&alias=bigbird19.cern.ch&noUDP&sock=schedd_4961_696e>
...
000 (10252908.3471.000) 07/24 16:18:06 Job submitted from host: <188.185.114.121:9618?addrs=188.185.114.121-9618+[2001-1458-d00-a--100-273]-9618&alias=bigbird19.cern.ch&noUDP&sock=schedd_4961_696e>
...
000 (10252909.3471.000) 07/24 16:18:42 Job submitted from host: <188.185.114.121:9618?addrs=188.185.114.121-9618+[2001-1458-d00-a--100-273]-9618&alias=bigbird19.cern.ch&noUDP&sock=schedd_4961_696e>
...
040 (10252906.3471.000) 07/24 16:56:43 Started transferring input files
	Transferring to host: <188.185.207.149:9618?addrs=188.185.207.149-9618+[2001-1458-303-e--100-12]-9618&alias=b9p08p1041.cern.ch&noUDP&sock=slot1_11_4139_0cc1_144499>
...
040 (10252906.3471.000) 07/24 16:56:43 Finished transferring input files
...
001 (10252906.3471.000) 07/24 16:56:44 Job executing on host: <188.185.207.149:9618?addrs=188.185.207.149-9618+[2001-1458-303-e--100-12]-9618&alias=b9p08p1041.cern.ch&noUDP&sock=startd_3644_0f33>
	SlotName: slot1_11@b9p08p1041.cern.ch
	CondorScratchDir = "/pool/condor/dir_3964503"
	Cpus = 8
	Disk = 2548403
	Memory = 16000
...
006 (10252906.3471.000) 07/24 16:56:49 Image size of job updated: 168404
	12  -  MemoryUsage of job (MB)
	11896  -  ResidentSetSize of job (KB)
...
040 (10252906.3471.000) 07/24 16:56:49 Started transferring output files
...
040 (10252906.3471.000) 07/24 16:56:49 Finished transferring output files
...
005 (10252906.3471.000) 07/24 16:56:49 Job terminated.
	(1) Normal termination (return value 0)
		Usr 0 00:00:03, Sys 0 00:00:00  -  Run Remote Usage
		Usr 0 00:00:00, Sys 0 00:00:00  -  Run Local Usage
		Usr 0 00:00:03, Sys 0 00:00:00  -  Total Remote Usage
		Usr 0 00:00:00, Sys 0 00:00:00  -  Total Local Usage
	6201  -  Run Bytes Sent By Job
	409597  -  Run Bytes Received By Job
	6201  -  Total Bytes Sent By Job
	409597  -  Total Bytes Received By Job
	Partitionable Resources :    Usage  Request Allocated 
	   Cpus                 :        0        8         8 
	   Disk (KB)            :      428      425   2548403 
	   Memory (MB)          :       12    16000     16000 

	Job terminated of its own accord at 2024-07-24T14:56:49Z with exit-code 0.
...
040 (10252907.3471.000) 07/24 18:09:17 Started transferring input files
	Transferring to host: <188.185.209.211:9618?addrs=188.185.209.211-9618+[2001-1458-303-12--100-50]-9618&alias=b9p12p3597.cern.ch&noUDP&sock=slot1_17_7349_c904_142293>
...
040 (10252907.3471.000) 07/24 18:09:17 Finished transferring input files
...
001 (10252907.3471.000) 07/24 18:09:18 Job executing on host: <188.185.209.211:9618?addrs=188.185.209.211-9618+[2001-1458-303-12--100-50]-9618&alias=b9p12p3597.cern.ch&noUDP&sock=startd_6219_4b92>
	SlotName: slot1_17@b9p12p3597.cern.ch
	CondorScratchDir = "/pool/condor/dir_509721"
	Cpus = 8
	Disk = 3021294
	Memory = 16000
...
006 (10252907.3471.000) 07/24 18:09:22 Image size of job updated: 158336
	8  -  MemoryUsage of job (MB)
	7644  -  ResidentSetSize of job (KB)
...
040 (10252907.3471.000) 07/24 18:09:22 Started transferring output files
...
040 (10252907.3471.000) 07/24 18:09:23 Finished transferring output files
...
005 (10252907.3471.000) 07/24 18:09:23 Job terminated.
	(1) Normal termination (return value 0)
		Usr 0 00:00:03, Sys 0 00:00:00  -  Run Remote Usage
		Usr 0 00:00:00, Sys 0 00:00:00  -  Run Local Usage
		Usr 0 00:00:03, Sys 0 00:00:00  -  Total Remote Usage
		Usr 0 00:00:00, Sys 0 00:00:00  -  Total Local Usage
	6204  -  Run Bytes Sent By Job
	409597  -  Run Bytes Received By Job
	6204  -  Total Bytes Sent By Job
	409597  -  Total Bytes Received By Job
	Partitionable Resources :    Usage  Request Allocated 
	   Cpus                 :        0        8         8 
	   Disk (KB)            :      428      425   3021294 
	   Memory (MB)          :        8    16000     16000 

	Job terminated of its own accord at 2024-07-24T16:09:22Z with exit-code 0.
...
040 (10252908.3471.000) 07/24 19:16:05 Started transferring input files
	Transferring to host: <188.185.205.179:9618?addrs=188.185.205.179-9618+[2001-1458-303-a--100-30]-9618&alias=b9p04p5046.cern.ch&noUDP&sock=slot1_10_7364_5aa5_154375>
...
040 (10252908.3471.000) 07/24 19:16:05 Finished transferring input files
...
001 (10252908.3471.000) 07/24 19:16:06 Job executing on host: <188.185.205.179:9618?addrs=188.185.205.179-9618+[2001-1458-303-a--100-30]-9618&alias=b9p04p5046.cern.ch&noUDP&sock=startd_7297_b6aa>
	SlotName: slot1_10@b9p04p5046.cern.ch
	CondorScratchDir = "/pool/condor/dir_2929506"
	Cpus = 8
	Disk = 2717943
	Memory = 16000
...
006 (10252908.3471.000) 07/24 19:16:10 Image size of job updated: 159992
	8  -  MemoryUsage of job (MB)
	7520  -  ResidentSetSize of job (KB)
...
040 (10252908.3471.000) 07/24 19:16:11 Started transferring output files
...
040 (10252908.3471.000) 07/24 19:16:11 Finished transferring output files
...
005 (10252908.3471.000) 07/24 19:16:11 Job terminated.
	(1) Normal termination (return value 0)
		Usr 0 00:00:03, Sys 0 00:00:00  -  Run Remote Usage
		Usr 0 00:00:00, Sys 0 00:00:00  -  Run Local Usage
		Usr 0 00:00:03, Sys 0 00:00:00  -  Total Remote Usage
		Usr 0 00:00:00, Sys 0 00:00:00  -  Total Local Usage
	6204  -  Run Bytes Sent By Job
	409597  -  Run Bytes Received By Job
	6204  -  Total Bytes Sent By Job
	409597  -  Total Bytes Received By Job
	Partitionable Resources :    Usage  Request Allocated 
	   Cpus                 :                 8         8 
	   Disk (KB)            :      421      425   2717943 
	   Memory (MB)          :        8    16000     16000 

	Job terminated of its own accord at 2024-07-24T17:16:10Z with exit-code 0.
...
040 (10252909.3471.000) 07/24 20:15:26 Started transferring input files
	Transferring to host: <188.185.206.168:9618?addrs=188.185.206.168-9618&alias=b9p06p3387.cern.ch&noUDP&sock=slot1_3_6887_43b1_155471>
...
040 (10252909.3471.000) 07/24 20:15:26 Finished transferring input files
...
001 (10252909.3471.000) 07/24 20:15:27 Job executing on host: <188.185.206.168:9618?addrs=188.185.206.168-9618&alias=b9p06p3387.cern.ch&noUDP&sock=startd_6821_3795>
	SlotName: slot1_3@b9p06p3387.cern.ch
	CondorScratchDir = "/pool/condor/dir_3302730"
	Cpus = 8
	Disk = 2739704
	Memory = 16000
...
006 (10252909.3471.000) 07/24 20:15:31 Image size of job updated: 159168
	8  -  MemoryUsage of job (MB)
	8040  -  ResidentSetSize of job (KB)
...
040 (10252909.3471.000) 07/24 20:15:31 Started transferring output files
...
040 (10252909.3471.000) 07/24 20:15:31 Finished transferring output files
...
005 (10252909.3471.000) 07/24 20:15:31 Job terminated.
	(1) Normal termination (return value 0)
		Usr 0 00:00:03, Sys 0 00:00:00  -  Run Remote Usage
		Usr 0 00:00:00, Sys 0 00:00:00  -  Run Local Usage
		Usr 0 00:00:03, Sys 0 00:00:00  -  Total Remote Usage
		Usr 0 00:00:00, Sys 0 00:00:00  -  Total Local Usage
	6204  -  Run Bytes Sent By Job
	409597  -  Run Bytes Received By Job
	6204  -  Total Bytes Sent By Job
	409597  -  Total Bytes Received By Job
	Partitionable Resources :    Usage  Request Allocated 
	   Cpus                 :        0        8         8 
	   Disk (KB)            :      427      425   2739704 
	   Memory (MB)          :        8    16000     16000 

	Job terminated of its own accord at 2024-07-24T18:15:31Z with exit-code 0.
...
000 (10261715.3471.000) 07/25 13:02:50 Job submitted from host: <188.185.114.121:9618?addrs=188.185.114.121-9618+[2001-1458-d00-a--100-273]-9618&alias=bigbird19.cern.ch&noUDP&sock=schedd_4961_696e>
...
009 (10261715.3471.000) 07/25 13:06:57 Job was aborted.
	via condor_rm (by user yelberke)
...
000 (10261767.3471.000) 07/25 13:20:34 Job submitted from host: <188.185.114.121:9618?addrs=188.185.114.121-9618+[2001-1458-d00-a--100-273]-9618&alias=bigbird19.cern.ch&noUDP&sock=schedd_4961_696e>
...
040 (10261767.3471.000) 07/25 14:37:25 Started transferring input files
	Transferring to host: <188.185.205.174:9618?addrs=188.185.205.174-9618+[2001-1458-303-a--100-2b]-9618&alias=b9p04p6534.cern.ch&noUDP&sock=slot1_14_6238_fc37_84754>
...
040 (10261767.3471.000) 07/25 14:37:25 Finished transferring input files
...
001 (10261767.3471.000) 07/25 14:37:26 Job executing on host: <188.185.205.174:9618?addrs=188.185.205.174-9618+[2001-1458-303-a--100-2b]-9618&alias=b9p04p6534.cern.ch&noUDP&sock=startd_5036_db08>
	SlotName: slot1_14@b9p04p6534.cern.ch
	CondorScratchDir = "/pool/condor/dir_967218"
	Cpus = 12
	Disk = 2801013
	Memory = 24000
...
006 (10261767.3471.000) 07/25 14:37:30 Image size of job updated: 161268
	7  -  MemoryUsage of job (MB)
	6984  -  ResidentSetSize of job (KB)
...
040 (10261767.3471.000) 07/25 14:37:30 Started transferring output files
...
040 (10261767.3471.000) 07/25 14:37:30 Finished transferring output files
...
005 (10261767.3471.000) 07/25 14:37:30 Job terminated.
	(1) Normal termination (return value 0)
		Usr 0 00:00:03, Sys 0 00:00:00  -  Run Remote Usage
		Usr 0 00:00:00, Sys 0 00:00:00  -  Run Local Usage
		Usr 0 00:00:03, Sys 0 00:00:00  -  Total Remote Usage
		Usr 0 00:00:00, Sys 0 00:00:00  -  Total Local Usage
	6676  -  Run Bytes Sent By Job
	409597  -  Run Bytes Received By Job
	6676  -  Total Bytes Sent By Job
	409597  -  Total Bytes Received By Job
	Partitionable Resources :    Usage  Request Allocated 
	   Cpus                 :        0       12        12 
	   Disk (KB)            :      428      425   2801013 
	   Memory (MB)          :        7    24000     24000 

	Job terminated of its own accord at 2024-07-25T12:37:30Z with exit-code 0.
...
000 (10284266.3471.000) 08/02 15:46:33 Job submitted from host: <188.185.114.121:9618?addrs=188.185.114.121-9618+[2001-1458-d00-a--100-273]-9618&alias=bigbird19.cern.ch&noUDP&sock=schedd_4961_696e>
...
000 (10284267.3471.000) 08/02 15:50:03 Job submitted from host: <188.185.114.121:9618?addrs=188.185.114.121-9618+[2001-1458-d00-a--100-273]-9618&alias=bigbird19.cern.ch&noUDP&sock=schedd_4961_696e>
...
009 (10284266.3471.000) 08/02 15:50:25 Job was aborted.
	via condor_rm (by user yelberke)
...
040 (10284267.3471.000) 08/02 16:48:41 Started transferring input files
	Transferring to host: <188.185.208.10:9618?addrs=188.185.208.10-9618+[2001-1458-303-f--100-7]-9618&alias=b9p09p6812.cern.ch&noUDP&sock=slot1_8_8512_3953_153523>
...
040 (10284267.3471.000) 08/02 16:48:41 Finished transferring input files
...
001 (10284267.3471.000) 08/02 16:48:42 Job executing on host: <188.185.208.10:9618?addrs=188.185.208.10-9618+[2001-1458-303-f--100-7]-9618&alias=b9p09p6812.cern.ch&noUDP&sock=startd_7123_5d2f>
	SlotName: slot1_8@b9p09p6812.cern.ch
	CondorScratchDir = "/pool/condor/dir_2415706"
	Cpus = 12
	Disk = 2755976
	Memory = 24000
...
006 (10284267.3471.000) 08/02 16:48:44 Image size of job updated: 324244
	3  -  MemoryUsage of job (MB)
	2284  -  ResidentSetSize of job (KB)
...
040 (10284267.3471.000) 08/02 16:48:44 Started transferring output files
...
040 (10284267.3471.000) 08/02 16:48:44 Finished transferring output files
...
005 (10284267.3471.000) 08/02 16:48:44 Job terminated.
	(1) Normal termination (return value 139)
		Usr 0 00:00:02, Sys 0 00:00:01  -  Run Remote Usage
		Usr 0 00:00:00, Sys 0 00:00:00  -  Run Local Usage
		Usr 0 00:00:02, Sys 0 00:00:01  -  Total Remote Usage
		Usr 0 00:00:00, Sys 0 00:00:00  -  Total Local Usage
	7696  -  Run Bytes Sent By Job
	409597  -  Run Bytes Received By Job
	7696  -  Total Bytes Sent By Job
	409597  -  Total Bytes Received By Job
	Partitionable Resources :    Usage  Request Allocated 
	   Cpus                 :        0       12        12 
	   Disk (KB)            :      429      425   2755976 
	   Memory (MB)          :        3    24000     24000 

	Job terminated of its own accord at 2024-08-02T14:48:44Z with exit-code 139.
...
