000 (10252905.3472.000) 07/24 16:13:20 Job submitted from host: <188.185.114.121:9618?addrs=188.185.114.121-9618+[2001-1458-d00-a--100-273]-9618&alias=bigbird19.cern.ch&noUDP&sock=schedd_4961_696e>
...
009 (10252905.3472.000) 07/24 16:14:50 Job was aborted.
	via condor_rm (by user yelberke)
...
000 (10252906.3472.000) 07/24 16:15:39 Job submitted from host: <188.185.114.121:9618?addrs=188.185.114.121-9618+[2001-1458-d00-a--100-273]-9618&alias=bigbird19.cern.ch&noUDP&sock=schedd_4961_696e>
...
000 (10252907.3472.000) 07/24 16:17:33 Job submitted from host: <188.185.114.121:9618?addrs=188.185.114.121-9618+[2001-1458-d00-a--100-273]-9618&alias=bigbird19.cern.ch&noUDP&sock=schedd_4961_696e>
...
000 (10252908.3472.000) 07/24 16:18:06 Job submitted from host: <188.185.114.121:9618?addrs=188.185.114.121-9618+[2001-1458-d00-a--100-273]-9618&alias=bigbird19.cern.ch&noUDP&sock=schedd_4961_696e>
...
000 (10252909.3472.000) 07/24 16:18:42 Job submitted from host: <188.185.114.121:9618?addrs=188.185.114.121-9618+[2001-1458-d00-a--100-273]-9618&alias=bigbird19.cern.ch&noUDP&sock=schedd_4961_696e>
...
040 (10252906.3472.000) 07/24 16:56:44 Started transferring input files
	Transferring to host: <128.142.161.74:9618?addrs=128.142.161.74-9618+[2001-1458-301-b8--100-8]-9618&alias=b9g03p5829.cern.ch&noUDP&sock=slot1_2_738502_3788_202>
...
040 (10252906.3472.000) 07/24 16:56:44 Finished transferring input files
...
001 (10252906.3472.000) 07/24 16:56:45 Job executing on host: <128.142.161.74:9618?addrs=128.142.161.74-9618+[2001-1458-301-b8--100-8]-9618&alias=b9g03p5829.cern.ch&noUDP&sock=startd_3091_bf54>
	SlotName: slot1_2@b9g03p5829.cern.ch
	CondorScratchDir = "/pool/condor/dir_890158"
	Cpus = 8
	Disk = 3163928
	Memory = 16000
...
006 (10252906.3472.000) 07/24 16:56:51 Image size of job updated: 168252
	12  -  MemoryUsage of job (MB)
	11456  -  ResidentSetSize of job (KB)
...
040 (10252906.3472.000) 07/24 16:56:51 Started transferring output files
...
040 (10252906.3472.000) 07/24 16:56:51 Finished transferring output files
...
005 (10252906.3472.000) 07/24 16:56:51 Job terminated.
	(1) Normal termination (return value 0)
		Usr 0 00:00:04, Sys 0 00:00:00  -  Run Remote Usage
		Usr 0 00:00:00, Sys 0 00:00:00  -  Run Local Usage
		Usr 0 00:00:04, Sys 0 00:00:00  -  Total Remote Usage
		Usr 0 00:00:00, Sys 0 00:00:00  -  Total Local Usage
	6201  -  Run Bytes Sent By Job
	409597  -  Run Bytes Received By Job
	6201  -  Total Bytes Sent By Job
	409597  -  Total Bytes Received By Job
	Partitionable Resources :    Usage  Request Allocated 
	   Cpus                 :        0        8         8 
	   Disk (KB)            :      428      425   3163928 
	   Memory (MB)          :       12    16000     16000 

	Job terminated of its own accord at 2024-07-24T14:56:51Z with exit-code 0.
...
040 (10252907.3472.000) 07/24 18:09:17 Started transferring input files
	Transferring to host: <188.185.205.47:9618?addrs=188.185.205.47-9618+[2001-1458-303-9--100-a3]-9618&alias=b9p03p0153.cern.ch&noUDP&sock=slot1_12_6930_8fd3_153219>
...
040 (10252907.3472.000) 07/24 18:09:17 Finished transferring input files
...
001 (10252907.3472.000) 07/24 18:09:18 Job executing on host: <188.185.205.47:9618?addrs=188.185.205.47-9618+[2001-1458-303-9--100-a3]-9618&alias=b9p03p0153.cern.ch&noUDP&sock=startd_6859_482f>
	SlotName: slot1_12@b9p03p0153.cern.ch
	CondorScratchDir = "/pool/condor/dir_1971019"
	Cpus = 8
	Disk = 2776647
	Memory = 16000
...
006 (10252907.3472.000) 07/24 18:09:22 Image size of job updated: 157856
	7  -  MemoryUsage of job (MB)
	7016  -  ResidentSetSize of job (KB)
...
040 (10252907.3472.000) 07/24 18:09:22 Started transferring output files
...
040 (10252907.3472.000) 07/24 18:09:22 Finished transferring output files
...
005 (10252907.3472.000) 07/24 18:09:22 Job terminated.
	(1) Normal termination (return value 0)
		Usr 0 00:00:03, Sys 0 00:00:00  -  Run Remote Usage
		Usr 0 00:00:00, Sys 0 00:00:00  -  Run Local Usage
		Usr 0 00:00:03, Sys 0 00:00:00  -  Total Remote Usage
		Usr 0 00:00:00, Sys 0 00:00:00  -  Total Local Usage
	6204  -  Run Bytes Sent By Job
	409597  -  Run Bytes Received By Job
	6204  -  Total Bytes Sent By Job
	409597  -  Total Bytes Received By Job
	Partitionable Resources :    Usage  Request Allocated 
	   Cpus                 :        0        8         8 
	   Disk (KB)            :      428      425   2776647 
	   Memory (MB)          :        7    16000     16000 

	Job terminated of its own accord at 2024-07-24T16:09:22Z with exit-code 0.
...
040 (10252908.3472.000) 07/24 19:16:05 Started transferring input files
	Transferring to host: <188.185.206.175:9618?addrs=188.185.206.175-9618&alias=b9p06p7955.cern.ch&noUDP&sock=slot1_22_7362_f1e4_154902>
...
040 (10252908.3472.000) 07/24 19:16:05 Finished transferring input files
...
001 (10252908.3472.000) 07/24 19:16:06 Job executing on host: <188.185.206.175:9618?addrs=188.185.206.175-9618&alias=b9p06p7955.cern.ch&noUDP&sock=startd_7297_b6aa>
	SlotName: slot1_22@b9p06p7955.cern.ch
	CondorScratchDir = "/pool/condor/dir_3752806"
	Cpus = 8
	Disk = 2733326
	Memory = 16000
...
006 (10252908.3472.000) 07/24 19:16:10 Image size of job updated: 169196
	13  -  MemoryUsage of job (MB)
	12488  -  ResidentSetSize of job (KB)
...
040 (10252908.3472.000) 07/24 19:16:11 Started transferring output files
...
040 (10252908.3472.000) 07/24 19:16:11 Finished transferring output files
...
005 (10252908.3472.000) 07/24 19:16:11 Job terminated.
	(1) Normal termination (return value 0)
		Usr 0 00:00:03, Sys 0 00:00:00  -  Run Remote Usage
		Usr 0 00:00:00, Sys 0 00:00:00  -  Run Local Usage
		Usr 0 00:00:03, Sys 0 00:00:00  -  Total Remote Usage
		Usr 0 00:00:00, Sys 0 00:00:00  -  Total Local Usage
	6204  -  Run Bytes Sent By Job
	409597  -  Run Bytes Received By Job
	6204  -  Total Bytes Sent By Job
	409597  -  Total Bytes Received By Job
	Partitionable Resources :    Usage  Request Allocated 
	   Cpus                 :        0        8         8 
	   Disk (KB)            :      427      425   2733326 
	   Memory (MB)          :       13    16000     16000 

	Job terminated of its own accord at 2024-07-24T17:16:10Z with exit-code 0.
...
040 (10252909.3472.000) 07/24 20:15:27 Started transferring input files
	Transferring to host: <188.185.209.157:9618?addrs=188.185.209.157-9618+[2001-1458-303-12--100-1a]-9618&alias=b9p12p8632.cern.ch&noUDP&sock=slot1_1_15166_91a2_142870>
...
040 (10252909.3472.000) 07/24 20:15:27 Finished transferring input files
...
001 (10252909.3472.000) 07/24 20:15:28 Job executing on host: <188.185.209.157:9618?addrs=188.185.209.157-9618+[2001-1458-303-12--100-1a]-9618&alias=b9p12p8632.cern.ch&noUDP&sock=startd_13710_7f85>
	SlotName: slot1_1@b9p12p8632.cern.ch
	CondorScratchDir = "/pool/condor/dir_2617968"
	Cpus = 8
	Disk = 2813828
	Memory = 16000
...
006 (10252909.3472.000) 07/24 20:15:32 Image size of job updated: 159032
	8  -  MemoryUsage of job (MB)
	8088  -  ResidentSetSize of job (KB)
...
040 (10252909.3472.000) 07/24 20:15:32 Started transferring output files
...
040 (10252909.3472.000) 07/24 20:15:32 Finished transferring output files
...
005 (10252909.3472.000) 07/24 20:15:32 Job terminated.
	(1) Normal termination (return value 0)
		Usr 0 00:00:03, Sys 0 00:00:00  -  Run Remote Usage
		Usr 0 00:00:00, Sys 0 00:00:00  -  Run Local Usage
		Usr 0 00:00:03, Sys 0 00:00:00  -  Total Remote Usage
		Usr 0 00:00:00, Sys 0 00:00:00  -  Total Local Usage
	6204  -  Run Bytes Sent By Job
	409597  -  Run Bytes Received By Job
	6204  -  Total Bytes Sent By Job
	409597  -  Total Bytes Received By Job
	Partitionable Resources :    Usage  Request Allocated 
	   Cpus                 :        0        8         8 
	   Disk (KB)            :      427      425   2813828 
	   Memory (MB)          :        8    16000     16000 

	Job terminated of its own accord at 2024-07-24T18:15:32Z with exit-code 0.
...
000 (10261715.3472.000) 07/25 13:02:50 Job submitted from host: <188.185.114.121:9618?addrs=188.185.114.121-9618+[2001-1458-d00-a--100-273]-9618&alias=bigbird19.cern.ch&noUDP&sock=schedd_4961_696e>
...
009 (10261715.3472.000) 07/25 13:06:57 Job was aborted.
	via condor_rm (by user yelberke)
...
000 (10261767.3472.000) 07/25 13:20:34 Job submitted from host: <188.185.114.121:9618?addrs=188.185.114.121-9618+[2001-1458-d00-a--100-273]-9618&alias=bigbird19.cern.ch&noUDP&sock=schedd_4961_696e>
...
040 (10261767.3472.000) 07/25 14:37:26 Started transferring input files
	Transferring to host: <188.185.204.200:9618?addrs=188.185.204.200-9618+[2001-1458-303-8--100-bc]-9618&alias=b9p02p1911.cern.ch&noUDP&sock=slot1_17_7272_8821_157070>
...
040 (10261767.3472.000) 07/25 14:37:26 Finished transferring input files
...
001 (10261767.3472.000) 07/25 14:37:27 Job executing on host: <188.185.204.200:9618?addrs=188.185.204.200-9618+[2001-1458-303-8--100-bc]-9618&alias=b9p02p1911.cern.ch&noUDP&sock=startd_7203_3cc3>
	SlotName: slot1_17@b9p02p1911.cern.ch
	CondorScratchDir = "/pool/condor/dir_1494303"
	Cpus = 12
	Disk = 2858803
	Memory = 24000
...
006 (10261767.3472.000) 07/25 14:37:31 Image size of job updated: 169784
	13  -  MemoryUsage of job (MB)
	12312  -  ResidentSetSize of job (KB)
...
040 (10261767.3472.000) 07/25 14:37:31 Started transferring output files
...
040 (10261767.3472.000) 07/25 14:37:31 Finished transferring output files
...
005 (10261767.3472.000) 07/25 14:37:31 Job terminated.
	(1) Normal termination (return value 0)
		Usr 0 00:00:03, Sys 0 00:00:00  -  Run Remote Usage
		Usr 0 00:00:00, Sys 0 00:00:00  -  Run Local Usage
		Usr 0 00:00:03, Sys 0 00:00:00  -  Total Remote Usage
		Usr 0 00:00:00, Sys 0 00:00:00  -  Total Local Usage
	6676  -  Run Bytes Sent By Job
	409597  -  Run Bytes Received By Job
	6676  -  Total Bytes Sent By Job
	409597  -  Total Bytes Received By Job
	Partitionable Resources :    Usage  Request Allocated 
	   Cpus                 :        0       12        12 
	   Disk (KB)            :      428      425   2858803 
	   Memory (MB)          :       13    24000     24000 

	Job terminated of its own accord at 2024-07-25T12:37:31Z with exit-code 0.
...
000 (10284266.3472.000) 08/02 15:46:33 Job submitted from host: <188.185.114.121:9618?addrs=188.185.114.121-9618+[2001-1458-d00-a--100-273]-9618&alias=bigbird19.cern.ch&noUDP&sock=schedd_4961_696e>
...
000 (10284267.3472.000) 08/02 15:50:03 Job submitted from host: <188.185.114.121:9618?addrs=188.185.114.121-9618+[2001-1458-d00-a--100-273]-9618&alias=bigbird19.cern.ch&noUDP&sock=schedd_4961_696e>
...
009 (10284266.3472.000) 08/02 15:50:25 Job was aborted.
	via condor_rm (by user yelberke)
...
040 (10284267.3472.000) 08/02 16:48:41 Started transferring input files
	Transferring to host: <188.185.198.144:9618?addrs=188.185.198.144-9618+[2001-1458-303-25--100-8c]-9618&alias=b9p15p7420.cern.ch&noUDP&sock=slot1_1_135070_c8ae_40365>
...
040 (10284267.3472.000) 08/02 16:48:41 Finished transferring input files
...
001 (10284267.3472.000) 08/02 16:48:42 Job executing on host: <188.185.198.144:9618?addrs=188.185.198.144-9618+[2001-1458-303-25--100-8c]-9618&alias=b9p15p7420.cern.ch&noUDP&sock=startd_116536_94d8>
	SlotName: slot1_1@b9p15p7420.cern.ch
	CondorScratchDir = "/pool/condor/dir_3328491"
	Cpus = 12
	Disk = 2882618
	Memory = 24000
...
006 (10284267.3472.000) 08/02 16:48:44 Image size of job updated: 316084
	5  -  MemoryUsage of job (MB)
	4392  -  ResidentSetSize of job (KB)
...
040 (10284267.3472.000) 08/02 16:48:44 Started transferring output files
...
040 (10284267.3472.000) 08/02 16:48:44 Finished transferring output files
...
005 (10284267.3472.000) 08/02 16:48:44 Job terminated.
	(1) Normal termination (return value 139)
		Usr 0 00:00:02, Sys 0 00:00:00  -  Run Remote Usage
		Usr 0 00:00:00, Sys 0 00:00:00  -  Run Local Usage
		Usr 0 00:00:02, Sys 0 00:00:00  -  Total Remote Usage
		Usr 0 00:00:00, Sys 0 00:00:00  -  Total Local Usage
	7696  -  Run Bytes Sent By Job
	409597  -  Run Bytes Received By Job
	7696  -  Total Bytes Sent By Job
	409597  -  Total Bytes Received By Job
	Partitionable Resources :    Usage  Request Allocated 
	   Cpus                 :        0       12        12 
	   Disk (KB)            :      430      425   2882618 
	   Memory (MB)          :        5    24000     24000 

	Job terminated of its own accord at 2024-08-02T14:48:44Z with exit-code 139.
...
