000 (10252905.3478.000) 07/24 16:13:20 Job submitted from host: <188.185.114.121:9618?addrs=188.185.114.121-9618+[2001-1458-d00-a--100-273]-9618&alias=bigbird19.cern.ch&noUDP&sock=schedd_4961_696e>
...
009 (10252905.3478.000) 07/24 16:14:50 Job was aborted.
	via condor_rm (by user yelberke)
...
000 (10252906.3478.000) 07/24 16:15:39 Job submitted from host: <188.185.114.121:9618?addrs=188.185.114.121-9618+[2001-1458-d00-a--100-273]-9618&alias=bigbird19.cern.ch&noUDP&sock=schedd_4961_696e>
...
000 (10252907.3478.000) 07/24 16:17:33 Job submitted from host: <188.185.114.121:9618?addrs=188.185.114.121-9618+[2001-1458-d00-a--100-273]-9618&alias=bigbird19.cern.ch&noUDP&sock=schedd_4961_696e>
...
000 (10252908.3478.000) 07/24 16:18:06 Job submitted from host: <188.185.114.121:9618?addrs=188.185.114.121-9618+[2001-1458-d00-a--100-273]-9618&alias=bigbird19.cern.ch&noUDP&sock=schedd_4961_696e>
...
000 (10252909.3478.000) 07/24 16:18:42 Job submitted from host: <188.185.114.121:9618?addrs=188.185.114.121-9618+[2001-1458-d00-a--100-273]-9618&alias=bigbird19.cern.ch&noUDP&sock=schedd_4961_696e>
...
040 (10252906.3478.000) 07/24 16:56:46 Started transferring input files
	Transferring to host: <188.185.205.192:9618?addrs=188.185.205.192-9618&alias=b9p04p3879.cern.ch&noUDP&sock=slot1_5_7377_8385_158181>
...
040 (10252906.3478.000) 07/24 16:56:46 Finished transferring input files
...
001 (10252906.3478.000) 07/24 16:56:47 Job executing on host: <188.185.205.192:9618?addrs=188.185.205.192-9618&alias=b9p04p3879.cern.ch&noUDP&sock=startd_7305_336c>
	SlotName: slot1_5@b9p04p3879.cern.ch
	CondorScratchDir = "/pool/condor/dir_4108712"
	Cpus = 8
	Disk = 2803736
	Memory = 16000
...
006 (10252906.3478.000) 07/24 16:56:53 Image size of job updated: 169172
	13  -  MemoryUsage of job (MB)
	12468  -  ResidentSetSize of job (KB)
...
040 (10252906.3478.000) 07/24 16:56:53 Started transferring output files
...
040 (10252906.3478.000) 07/24 16:56:53 Finished transferring output files
...
005 (10252906.3478.000) 07/24 16:56:53 Job terminated.
	(1) Normal termination (return value 0)
		Usr 0 00:00:03, Sys 0 00:00:00  -  Run Remote Usage
		Usr 0 00:00:00, Sys 0 00:00:00  -  Run Local Usage
		Usr 0 00:00:03, Sys 0 00:00:00  -  Total Remote Usage
		Usr 0 00:00:00, Sys 0 00:00:00  -  Total Local Usage
	6201  -  Run Bytes Sent By Job
	409597  -  Run Bytes Received By Job
	6201  -  Total Bytes Sent By Job
	409597  -  Total Bytes Received By Job
	Partitionable Resources :    Usage  Request Allocated 
	   Cpus                 :        0        8         8 
	   Disk (KB)            :      428      425   2803736 
	   Memory (MB)          :       13    16000     16000 

	Job terminated of its own accord at 2024-07-24T14:56:53Z with exit-code 0.
...
040 (10252907.3478.000) 07/24 18:09:19 Started transferring input files
	Transferring to host: <188.185.207.57:9618?addrs=188.185.207.57-9618+[2001-1458-303-d--100-36]-9618&alias=b9p07p9712.cern.ch&noUDP&sock=slot1_21_11440_43ca_142744>
...
040 (10252907.3478.000) 07/24 18:09:19 Finished transferring input files
...
001 (10252907.3478.000) 07/24 18:09:20 Job executing on host: <188.185.207.57:9618?addrs=188.185.207.57-9618+[2001-1458-303-d--100-36]-9618&alias=b9p07p9712.cern.ch&noUDP&sock=startd_10088_1b7e>
	SlotName: slot1_21@b9p07p9712.cern.ch
	CondorScratchDir = "/pool/condor/dir_352237"
	Cpus = 8
	Disk = 2750754
	Memory = 16000
...
006 (10252907.3478.000) 07/24 18:09:24 Image size of job updated: 160332
	8  -  MemoryUsage of job (MB)
	8120  -  ResidentSetSize of job (KB)
...
040 (10252907.3478.000) 07/24 18:09:24 Started transferring output files
...
040 (10252907.3478.000) 07/24 18:09:24 Finished transferring output files
...
005 (10252907.3478.000) 07/24 18:09:24 Job terminated.
	(1) Normal termination (return value 0)
		Usr 0 00:00:03, Sys 0 00:00:00  -  Run Remote Usage
		Usr 0 00:00:00, Sys 0 00:00:00  -  Run Local Usage
		Usr 0 00:00:03, Sys 0 00:00:00  -  Total Remote Usage
		Usr 0 00:00:00, Sys 0 00:00:00  -  Total Local Usage
	6204  -  Run Bytes Sent By Job
	409597  -  Run Bytes Received By Job
	6204  -  Total Bytes Sent By Job
	409597  -  Total Bytes Received By Job
	Partitionable Resources :    Usage  Request Allocated 
	   Cpus                 :        0        8         8 
	   Disk (KB)            :      428      425   2750754 
	   Memory (MB)          :        8    16000     16000 

	Job terminated of its own accord at 2024-07-24T16:09:24Z with exit-code 0.
...
040 (10252908.3478.000) 07/24 19:16:07 Started transferring input files
	Transferring to host: <188.185.206.38:9618?addrs=188.185.206.38-9618+[2001-1458-303-b--100-23]-9618&alias=b9p05p7906.cern.ch&noUDP&sock=slot1_6_65007_0fed_88255>
...
040 (10252908.3478.000) 07/24 19:16:07 Finished transferring input files
...
001 (10252908.3478.000) 07/24 19:16:08 Job executing on host: <188.185.206.38:9618?addrs=188.185.206.38-9618+[2001-1458-303-b--100-23]-9618&alias=b9p05p7906.cern.ch&noUDP&sock=startd_4273_8045>
	SlotName: slot1_6@b9p05p7906.cern.ch
	CondorScratchDir = "/pool/condor/dir_3536532"
	Cpus = 8
	Disk = 2855955
	Memory = 16000
...
006 (10252908.3478.000) 07/24 19:16:12 Image size of job updated: 158688
	8  -  MemoryUsage of job (MB)
	7960  -  ResidentSetSize of job (KB)
...
040 (10252908.3478.000) 07/24 19:16:12 Started transferring output files
...
040 (10252908.3478.000) 07/24 19:16:12 Finished transferring output files
...
005 (10252908.3478.000) 07/24 19:16:12 Job terminated.
	(1) Normal termination (return value 0)
		Usr 0 00:00:03, Sys 0 00:00:00  -  Run Remote Usage
		Usr 0 00:00:00, Sys 0 00:00:00  -  Run Local Usage
		Usr 0 00:00:03, Sys 0 00:00:00  -  Total Remote Usage
		Usr 0 00:00:00, Sys 0 00:00:00  -  Total Local Usage
	6204  -  Run Bytes Sent By Job
	409597  -  Run Bytes Received By Job
	6204  -  Total Bytes Sent By Job
	409597  -  Total Bytes Received By Job
	Partitionable Resources :    Usage  Request Allocated 
	   Cpus                 :        0        8         8 
	   Disk (KB)            :      429      425   2855955 
	   Memory (MB)          :        8    16000     16000 

	Job terminated of its own accord at 2024-07-24T17:16:12Z with exit-code 0.
...
040 (10252909.3478.000) 07/24 20:15:28 Started transferring input files
	Transferring to host: <188.185.208.14:9618?addrs=188.185.208.14-9618+[2001-1458-303-f--100-b]-9618&alias=b9p09p3516.cern.ch&noUDP&sock=slot1_18_129456_3689_34945>
...
040 (10252909.3478.000) 07/24 20:15:28 Finished transferring input files
...
001 (10252909.3478.000) 07/24 20:15:29 Job executing on host: <188.185.208.14:9618?addrs=188.185.208.14-9618+[2001-1458-303-f--100-b]-9618&alias=b9p09p3516.cern.ch&noUDP&sock=startd_118971_c9f4>
	SlotName: slot1_18@b9p09p3516.cern.ch
	CondorScratchDir = "/pool/condor/dir_2012969"
	Cpus = 8
	Disk = 2862721
	Memory = 16000
...
006 (10252909.3478.000) 07/24 20:15:33 Image size of job updated: 159740
	8  -  MemoryUsage of job (MB)
	7468  -  ResidentSetSize of job (KB)
...
040 (10252909.3478.000) 07/24 20:15:33 Started transferring output files
...
040 (10252909.3478.000) 07/24 20:15:33 Finished transferring output files
...
005 (10252909.3478.000) 07/24 20:15:33 Job terminated.
	(1) Normal termination (return value 0)
		Usr 0 00:00:03, Sys 0 00:00:00  -  Run Remote Usage
		Usr 0 00:00:00, Sys 0 00:00:00  -  Run Local Usage
		Usr 0 00:00:03, Sys 0 00:00:00  -  Total Remote Usage
		Usr 0 00:00:00, Sys 0 00:00:00  -  Total Local Usage
	6204  -  Run Bytes Sent By Job
	409597  -  Run Bytes Received By Job
	6204  -  Total Bytes Sent By Job
	409597  -  Total Bytes Received By Job
	Partitionable Resources :    Usage  Request Allocated 
	   Cpus                 :     0.07        8         8 
	   Disk (KB)            :   427         425   2862721 
	   Memory (MB)          :     8       16000     16000 

	Job terminated of its own accord at 2024-07-24T18:15:33Z with exit-code 0.
...
000 (10261715.3478.000) 07/25 13:02:50 Job submitted from host: <188.185.114.121:9618?addrs=188.185.114.121-9618+[2001-1458-d00-a--100-273]-9618&alias=bigbird19.cern.ch&noUDP&sock=schedd_4961_696e>
...
009 (10261715.3478.000) 07/25 13:06:57 Job was aborted.
	via condor_rm (by user yelberke)
...
000 (10261767.3478.000) 07/25 13:20:34 Job submitted from host: <188.185.114.121:9618?addrs=188.185.114.121-9618+[2001-1458-d00-a--100-273]-9618&alias=bigbird19.cern.ch&noUDP&sock=schedd_4961_696e>
...
040 (10261767.3478.000) 07/25 14:37:29 Started transferring input files
	Transferring to host: <188.185.204.183:9618?addrs=188.185.204.183-9618+[2001-1458-303-8--100-ab]-9618&alias=b9p02p1447.cern.ch&noUDP&sock=slot1_3_7183_d2bd_157763>
...
040 (10261767.3478.000) 07/25 14:37:29 Finished transferring input files
...
001 (10261767.3478.000) 07/25 14:37:30 Job executing on host: <188.185.204.183:9618?addrs=188.185.204.183-9618+[2001-1458-303-8--100-ab]-9618&alias=b9p02p1447.cern.ch&noUDP&sock=startd_6952_127d>
	SlotName: slot1_3@b9p02p1447.cern.ch
	CondorScratchDir = "/pool/condor/dir_3970271"
	Cpus = 12
	Disk = 2710038
	Memory = 24000
...
006 (10261767.3478.000) 07/25 14:37:34 Image size of job updated: 161960
	8  -  MemoryUsage of job (MB)
	7692  -  ResidentSetSize of job (KB)
...
040 (10261767.3478.000) 07/25 14:37:34 Started transferring output files
...
040 (10261767.3478.000) 07/25 14:37:34 Finished transferring output files
...
005 (10261767.3478.000) 07/25 14:37:34 Job terminated.
	(1) Normal termination (return value 0)
		Usr 0 00:00:03, Sys 0 00:00:00  -  Run Remote Usage
		Usr 0 00:00:00, Sys 0 00:00:00  -  Run Local Usage
		Usr 0 00:00:03, Sys 0 00:00:00  -  Total Remote Usage
		Usr 0 00:00:00, Sys 0 00:00:00  -  Total Local Usage
	6676  -  Run Bytes Sent By Job
	409597  -  Run Bytes Received By Job
	6676  -  Total Bytes Sent By Job
	409597  -  Total Bytes Received By Job
	Partitionable Resources :    Usage  Request Allocated 
	   Cpus                 :        0       12        12 
	   Disk (KB)            :      429      425   2710038 
	   Memory (MB)          :        8    24000     24000 

	Job terminated of its own accord at 2024-07-25T12:37:34Z with exit-code 0.
...
000 (10284266.3478.000) 08/02 15:46:33 Job submitted from host: <188.185.114.121:9618?addrs=188.185.114.121-9618+[2001-1458-d00-a--100-273]-9618&alias=bigbird19.cern.ch&noUDP&sock=schedd_4961_696e>
...
000 (10284267.3478.000) 08/02 15:50:03 Job submitted from host: <188.185.114.121:9618?addrs=188.185.114.121-9618+[2001-1458-d00-a--100-273]-9618&alias=bigbird19.cern.ch&noUDP&sock=schedd_4961_696e>
...
009 (10284266.3478.000) 08/02 15:50:25 Job was aborted.
	via condor_rm (by user yelberke)
...
040 (10284267.3478.000) 08/02 16:48:44 Started transferring input files
	Transferring to host: <188.185.195.90:9618?addrs=188.185.195.90-9618+[2001-1458-303-22--100-56]-9618&alias=b9p17p1249.cern.ch&noUDP&sock=slot1_2_249153_93ed_359>
...
040 (10284267.3478.000) 08/02 16:48:44 Finished transferring input files
...
001 (10284267.3478.000) 08/02 16:48:45 Job executing on host: <188.185.195.90:9618?addrs=188.185.195.90-9618+[2001-1458-303-22--100-56]-9618&alias=b9p17p1249.cern.ch&noUDP&sock=startd_888271_99ec>
	SlotName: slot1_2@b9p17p1249.cern.ch
	CondorScratchDir = "/pool/condor/dir_532875"
	Cpus = 12
	Disk = 3055018
	Memory = 24000
...
006 (10284267.3478.000) 08/02 16:48:47 Image size of job updated: 316448
	4  -  MemoryUsage of job (MB)
	3784  -  ResidentSetSize of job (KB)
...
040 (10284267.3478.000) 08/02 16:48:47 Started transferring output files
...
040 (10284267.3478.000) 08/02 16:48:47 Finished transferring output files
...
005 (10284267.3478.000) 08/02 16:48:47 Job terminated.
	(1) Normal termination (return value 139)
		Usr 0 00:00:02, Sys 0 00:00:00  -  Run Remote Usage
		Usr 0 00:00:00, Sys 0 00:00:00  -  Run Local Usage
		Usr 0 00:00:02, Sys 0 00:00:00  -  Total Remote Usage
		Usr 0 00:00:00, Sys 0 00:00:00  -  Total Local Usage
	7696  -  Run Bytes Sent By Job
	409597  -  Run Bytes Received By Job
	7696  -  Total Bytes Sent By Job
	409597  -  Total Bytes Received By Job
	Partitionable Resources :    Usage  Request Allocated 
	   Cpus                 :        0       12        12 
	   Disk (KB)            :      429      425   3055018 
	   Memory (MB)          :        4    24000     24000 

	Job terminated of its own accord at 2024-08-02T14:48:47Z with exit-code 139.
...
