000 (10252905.3488.000) 07/24 16:13:20 Job submitted from host: <188.185.114.121:9618?addrs=188.185.114.121-9618+[2001-1458-d00-a--100-273]-9618&alias=bigbird19.cern.ch&noUDP&sock=schedd_4961_696e>
...
009 (10252905.3488.000) 07/24 16:14:50 Job was aborted.
	via condor_rm (by user yelberke)
...
000 (10252906.3488.000) 07/24 16:15:39 Job submitted from host: <188.185.114.121:9618?addrs=188.185.114.121-9618+[2001-1458-d00-a--100-273]-9618&alias=bigbird19.cern.ch&noUDP&sock=schedd_4961_696e>
...
000 (10252907.3488.000) 07/24 16:17:33 Job submitted from host: <188.185.114.121:9618?addrs=188.185.114.121-9618+[2001-1458-d00-a--100-273]-9618&alias=bigbird19.cern.ch&noUDP&sock=schedd_4961_696e>
...
000 (10252908.3488.000) 07/24 16:18:06 Job submitted from host: <188.185.114.121:9618?addrs=188.185.114.121-9618+[2001-1458-d00-a--100-273]-9618&alias=bigbird19.cern.ch&noUDP&sock=schedd_4961_696e>
...
000 (10252909.3488.000) 07/24 16:18:42 Job submitted from host: <188.185.114.121:9618?addrs=188.185.114.121-9618+[2001-1458-d00-a--100-273]-9618&alias=bigbird19.cern.ch&noUDP&sock=schedd_4961_696e>
...
040 (10252906.3488.000) 07/24 16:56:49 Started transferring input files
	Transferring to host: <188.185.209.176:9618?addrs=188.185.209.176-9618+[2001-1458-303-12--100-2d]-9618&alias=b9p12p8107.cern.ch&noUDP&sock=slot1_14_3753_13f2_143933>
...
040 (10252906.3488.000) 07/24 16:56:49 Finished transferring input files
...
001 (10252906.3488.000) 07/24 16:56:50 Job executing on host: <188.185.209.176:9618?addrs=188.185.209.176-9618+[2001-1458-303-12--100-2d]-9618&alias=b9p12p8107.cern.ch&noUDP&sock=startd_3699_c8e9>
	SlotName: slot1_14@b9p12p8107.cern.ch
	CondorScratchDir = "/pool/condor/dir_3183370"
	Cpus = 8
	Disk = 2358011
	Memory = 16000
...
006 (10252906.3488.000) 07/24 16:56:56 Image size of job updated: 166700
	11  -  MemoryUsage of job (MB)
	10736  -  ResidentSetSize of job (KB)
...
040 (10252906.3488.000) 07/24 16:56:56 Started transferring output files
...
040 (10252906.3488.000) 07/24 16:56:56 Finished transferring output files
...
005 (10252906.3488.000) 07/24 16:56:56 Job terminated.
	(1) Normal termination (return value 0)
		Usr 0 00:00:03, Sys 0 00:00:00  -  Run Remote Usage
		Usr 0 00:00:00, Sys 0 00:00:00  -  Run Local Usage
		Usr 0 00:00:03, Sys 0 00:00:00  -  Total Remote Usage
		Usr 0 00:00:00, Sys 0 00:00:00  -  Total Local Usage
	6201  -  Run Bytes Sent By Job
	409597  -  Run Bytes Received By Job
	6201  -  Total Bytes Sent By Job
	409597  -  Total Bytes Received By Job
	Partitionable Resources :    Usage  Request Allocated 
	   Cpus                 :        0        8         8 
	   Disk (KB)            :      428      425   2358011 
	   Memory (MB)          :       11    16000     16000 

	Job terminated of its own accord at 2024-07-24T14:56:56Z with exit-code 0.
...
040 (10252907.3488.000) 07/24 18:09:28 Started transferring input files
	Transferring to host: <188.185.207.150:9618?addrs=188.185.207.150-9618+[2001-1458-303-e--100-13]-9618&alias=b9p08p4939.cern.ch&noUDP&sock=slot1_12_4045_d17e_144634>
...
040 (10252907.3488.000) 07/24 18:09:28 Finished transferring input files
...
001 (10252907.3488.000) 07/24 18:09:29 Job executing on host: <188.185.207.150:9618?addrs=188.185.207.150-9618+[2001-1458-303-e--100-13]-9618&alias=b9p08p4939.cern.ch&noUDP&sock=startd_3678_616b>
	SlotName: slot1_12@b9p08p4939.cern.ch
	CondorScratchDir = "/pool/condor/dir_3167993"
	Cpus = 8
	Disk = 2855861
	Memory = 16000
...
006 (10252907.3488.000) 07/24 18:09:33 Image size of job updated: 159940
	8  -  MemoryUsage of job (MB)
	7780  -  ResidentSetSize of job (KB)
...
040 (10252907.3488.000) 07/24 18:09:33 Started transferring output files
...
040 (10252907.3488.000) 07/24 18:09:33 Finished transferring output files
...
005 (10252907.3488.000) 07/24 18:09:33 Job terminated.
	(1) Normal termination (return value 0)
		Usr 0 00:00:03, Sys 0 00:00:00  -  Run Remote Usage
		Usr 0 00:00:00, Sys 0 00:00:00  -  Run Local Usage
		Usr 0 00:00:03, Sys 0 00:00:00  -  Total Remote Usage
		Usr 0 00:00:00, Sys 0 00:00:00  -  Total Local Usage
	6204  -  Run Bytes Sent By Job
	409597  -  Run Bytes Received By Job
	6204  -  Total Bytes Sent By Job
	409597  -  Total Bytes Received By Job
	Partitionable Resources :    Usage  Request Allocated 
	   Cpus                 :        0        8         8 
	   Disk (KB)            :      428      425   2855861 
	   Memory (MB)          :        8    16000     16000 

	Job terminated of its own accord at 2024-07-24T16:09:33Z with exit-code 0.
...
040 (10252908.3488.000) 07/24 19:16:11 Started transferring input files
	Transferring to host: <188.185.208.11:9618?addrs=188.185.208.11-9618+[2001-1458-303-f--100-8]-9618&alias=b9p09p2033.cern.ch&noUDP&sock=slot1_10_5157_52ab_144847>
...
040 (10252908.3488.000) 07/24 19:16:11 Finished transferring input files
...
001 (10252908.3488.000) 07/24 19:16:12 Job executing on host: <188.185.208.11:9618?addrs=188.185.208.11-9618+[2001-1458-303-f--100-8]-9618&alias=b9p09p2033.cern.ch&noUDP&sock=startd_4336_b6bd>
	SlotName: slot1_10@b9p09p2033.cern.ch
	CondorScratchDir = "/pool/condor/dir_1726403"
	Cpus = 8
	Disk = 2622268
	Memory = 16000
...
006 (10252908.3488.000) 07/24 19:16:16 Image size of job updated: 159784
	8  -  MemoryUsage of job (MB)
	7716  -  ResidentSetSize of job (KB)
...
040 (10252908.3488.000) 07/24 19:16:16 Started transferring output files
...
040 (10252908.3488.000) 07/24 19:16:16 Finished transferring output files
...
005 (10252908.3488.000) 07/24 19:16:16 Job terminated.
	(1) Normal termination (return value 0)
		Usr 0 00:00:03, Sys 0 00:00:00  -  Run Remote Usage
		Usr 0 00:00:00, Sys 0 00:00:00  -  Run Local Usage
		Usr 0 00:00:03, Sys 0 00:00:00  -  Total Remote Usage
		Usr 0 00:00:00, Sys 0 00:00:00  -  Total Local Usage
	6204  -  Run Bytes Sent By Job
	409597  -  Run Bytes Received By Job
	6204  -  Total Bytes Sent By Job
	409597  -  Total Bytes Received By Job
	Partitionable Resources :    Usage  Request Allocated 
	   Cpus                 :        0        8         8 
	   Disk (KB)            :      427      425   2622268 
	   Memory (MB)          :        8    16000     16000 

	Job terminated of its own accord at 2024-07-24T17:16:16Z with exit-code 0.
...
040 (10252909.3488.000) 07/24 20:15:32 Started transferring input files
	Transferring to host: <188.185.208.59:9618?addrs=188.185.208.59-9618+[2001-1458-303-f--100-38]-9618&alias=b9p09p6460.cern.ch&noUDP&sock=slot1_10_12820_9982_144073>
...
040 (10252909.3488.000) 07/24 20:15:32 Finished transferring input files
...
001 (10252909.3488.000) 07/24 20:15:33 Job executing on host: <188.185.208.59:9618?addrs=188.185.208.59-9618+[2001-1458-303-f--100-38]-9618&alias=b9p09p6460.cern.ch&noUDP&sock=startd_11483_f61b>
	SlotName: slot1_10@b9p09p6460.cern.ch
	CondorScratchDir = "/pool/condor/dir_1539239"
	Cpus = 8
	Disk = 2806372
	Memory = 16000
...
006 (10252909.3488.000) 07/24 20:15:37 Image size of job updated: 158364
	8  -  MemoryUsage of job (MB)
	7432  -  ResidentSetSize of job (KB)
...
040 (10252909.3488.000) 07/24 20:15:38 Started transferring output files
...
040 (10252909.3488.000) 07/24 20:15:38 Finished transferring output files
...
005 (10252909.3488.000) 07/24 20:15:40 Job terminated.
	(1) Normal termination (return value 0)
		Usr 0 00:00:03, Sys 0 00:00:00  -  Run Remote Usage
		Usr 0 00:00:00, Sys 0 00:00:00  -  Run Local Usage
		Usr 0 00:00:03, Sys 0 00:00:00  -  Total Remote Usage
		Usr 0 00:00:00, Sys 0 00:00:00  -  Total Local Usage
	6204  -  Run Bytes Sent By Job
	409597  -  Run Bytes Received By Job
	6204  -  Total Bytes Sent By Job
	409597  -  Total Bytes Received By Job
	Partitionable Resources :    Usage  Request Allocated 
	   Cpus                 :        0        8         8 
	   Disk (KB)            :      427      425   2806372 
	   Memory (MB)          :        8    16000     16000 

	Job terminated of its own accord at 2024-07-24T18:15:37Z with exit-code 0.
...
000 (10261715.3488.000) 07/25 13:02:50 Job submitted from host: <188.185.114.121:9618?addrs=188.185.114.121-9618+[2001-1458-d00-a--100-273]-9618&alias=bigbird19.cern.ch&noUDP&sock=schedd_4961_696e>
...
009 (10261715.3488.000) 07/25 13:06:57 Job was aborted.
	via condor_rm (by user yelberke)
...
000 (10261767.3488.000) 07/25 13:20:34 Job submitted from host: <188.185.114.121:9618?addrs=188.185.114.121-9618+[2001-1458-d00-a--100-273]-9618&alias=bigbird19.cern.ch&noUDP&sock=schedd_4961_696e>
...
040 (10261767.3488.000) 07/25 14:37:30 Started transferring input files
	Transferring to host: <188.185.205.207:9618?addrs=188.185.205.207-9618+[2001-1458-303-a--100-4c]-9618&alias=b9p04p5778.cern.ch&noUDP&sock=slot1_7_7408_5b26_159393>
...
040 (10261767.3488.000) 07/25 14:37:30 Finished transferring input files
...
001 (10261767.3488.000) 07/25 14:37:31 Job executing on host: <188.185.205.207:9618?addrs=188.185.205.207-9618+[2001-1458-303-a--100-4c]-9618&alias=b9p04p5778.cern.ch&noUDP&sock=startd_7340_353c>
	SlotName: slot1_7@b9p04p5778.cern.ch
	CondorScratchDir = "/pool/condor/dir_2624068"
	Cpus = 12
	Disk = 2802675
	Memory = 24000
...
006 (10261767.3488.000) 07/25 14:37:36 Image size of job updated: 161332
	7  -  MemoryUsage of job (MB)
	7056  -  ResidentSetSize of job (KB)
...
040 (10261767.3488.000) 07/25 14:37:36 Started transferring output files
...
040 (10261767.3488.000) 07/25 14:37:36 Finished transferring output files
...
005 (10261767.3488.000) 07/25 14:37:36 Job terminated.
	(1) Normal termination (return value 0)
		Usr 0 00:00:04, Sys 0 00:00:00  -  Run Remote Usage
		Usr 0 00:00:00, Sys 0 00:00:00  -  Run Local Usage
		Usr 0 00:00:04, Sys 0 00:00:00  -  Total Remote Usage
		Usr 0 00:00:00, Sys 0 00:00:00  -  Total Local Usage
	6676  -  Run Bytes Sent By Job
	409597  -  Run Bytes Received By Job
	6676  -  Total Bytes Sent By Job
	409597  -  Total Bytes Received By Job
	Partitionable Resources :    Usage  Request Allocated 
	   Cpus                 :                12        12 
	   Disk (KB)            :      420      425   2802675 
	   Memory (MB)          :        7    24000     24000 

	Job terminated of its own accord at 2024-07-25T12:37:36Z with exit-code 0.
...
000 (10284266.3488.000) 08/02 15:46:33 Job submitted from host: <188.185.114.121:9618?addrs=188.185.114.121-9618+[2001-1458-d00-a--100-273]-9618&alias=bigbird19.cern.ch&noUDP&sock=schedd_4961_696e>
...
000 (10284267.3488.000) 08/02 15:50:03 Job submitted from host: <188.185.114.121:9618?addrs=188.185.114.121-9618+[2001-1458-d00-a--100-273]-9618&alias=bigbird19.cern.ch&noUDP&sock=schedd_4961_696e>
...
009 (10284266.3488.000) 08/02 15:50:25 Job was aborted.
	via condor_rm (by user yelberke)
...
040 (10284267.3488.000) 08/02 16:48:46 Started transferring input files
	Transferring to host: <188.185.207.178:9618?addrs=188.185.207.178-9618+[2001-1458-303-e--100-2f]-9618&alias=b9p08p2121.cern.ch&noUDP&sock=slot1_8_8046_e280_155422>
...
040 (10284267.3488.000) 08/02 16:48:46 Finished transferring input files
...
001 (10284267.3488.000) 08/02 16:48:47 Job executing on host: <188.185.207.178:9618?addrs=188.185.207.178-9618+[2001-1458-303-e--100-2f]-9618&alias=b9p08p2121.cern.ch&noUDP&sock=startd_6691_0c45>
	SlotName: slot1_8@b9p08p2121.cern.ch
	CondorScratchDir = "/pool/condor/dir_3474355"
	Cpus = 12
	Disk = 2875232
	Memory = 24000
...
006 (10284267.3488.000) 08/02 16:48:49 Image size of job updated: 324264
	3  -  MemoryUsage of job (MB)
	2156  -  ResidentSetSize of job (KB)
...
040 (10284267.3488.000) 08/02 16:48:49 Started transferring output files
...
040 (10284267.3488.000) 08/02 16:48:49 Finished transferring output files
...
005 (10284267.3488.000) 08/02 16:48:49 Job terminated.
	(1) Normal termination (return value 139)
		Usr 0 00:00:02, Sys 0 00:00:01  -  Run Remote Usage
		Usr 0 00:00:00, Sys 0 00:00:00  -  Run Local Usage
		Usr 0 00:00:02, Sys 0 00:00:01  -  Total Remote Usage
		Usr 0 00:00:00, Sys 0 00:00:00  -  Total Local Usage
	7696  -  Run Bytes Sent By Job
	409597  -  Run Bytes Received By Job
	7696  -  Total Bytes Sent By Job
	409597  -  Total Bytes Received By Job
	Partitionable Resources :    Usage  Request Allocated 
	   Cpus                 :        0       12        12 
	   Disk (KB)            :      430      425   2875232 
	   Memory (MB)          :        3    24000     24000 

	Job terminated of its own accord at 2024-08-02T14:48:49Z with exit-code 139.
...
