000 (10252905.3492.000) 07/24 16:13:20 Job submitted from host: <188.185.114.121:9618?addrs=188.185.114.121-9618+[2001-1458-d00-a--100-273]-9618&alias=bigbird19.cern.ch&noUDP&sock=schedd_4961_696e>
...
009 (10252905.3492.000) 07/24 16:14:50 Job was aborted.
	via condor_rm (by user yelberke)
...
000 (10252906.3492.000) 07/24 16:15:39 Job submitted from host: <188.185.114.121:9618?addrs=188.185.114.121-9618+[2001-1458-d00-a--100-273]-9618&alias=bigbird19.cern.ch&noUDP&sock=schedd_4961_696e>
...
000 (10252907.3492.000) 07/24 16:17:33 Job submitted from host: <188.185.114.121:9618?addrs=188.185.114.121-9618+[2001-1458-d00-a--100-273]-9618&alias=bigbird19.cern.ch&noUDP&sock=schedd_4961_696e>
...
000 (10252908.3492.000) 07/24 16:18:06 Job submitted from host: <188.185.114.121:9618?addrs=188.185.114.121-9618+[2001-1458-d00-a--100-273]-9618&alias=bigbird19.cern.ch&noUDP&sock=schedd_4961_696e>
...
000 (10252909.3492.000) 07/24 16:18:42 Job submitted from host: <188.185.114.121:9618?addrs=188.185.114.121-9618+[2001-1458-d00-a--100-273]-9618&alias=bigbird19.cern.ch&noUDP&sock=schedd_4961_696e>
...
040 (10252906.3492.000) 07/24 16:56:50 Started transferring input files
	Transferring to host: <188.185.205.120:9618?addrs=188.185.205.120-9618+[2001-1458-303-9--100-75]-9618&alias=b9p03p5898.cern.ch&noUDP&sock=slot1_7_6808_9a0e_155601>
...
040 (10252906.3492.000) 07/24 16:56:50 Finished transferring input files
...
001 (10252906.3492.000) 07/24 16:56:51 Job executing on host: <188.185.205.120:9618?addrs=188.185.205.120-9618+[2001-1458-303-9--100-75]-9618&alias=b9p03p5898.cern.ch&noUDP&sock=startd_6734_8ad8>
	SlotName: slot1_7@b9p03p5898.cern.ch
	CondorScratchDir = "/pool/condor/dir_2409414"
	Cpus = 8
	Disk = 2710998
	Memory = 16000
...
006 (10252906.3492.000) 07/24 16:56:56 Image size of job updated: 156872
	7  -  MemoryUsage of job (MB)
	6860  -  ResidentSetSize of job (KB)
...
040 (10252906.3492.000) 07/24 16:56:56 Started transferring output files
...
040 (10252906.3492.000) 07/24 16:56:56 Finished transferring output files
...
005 (10252906.3492.000) 07/24 16:56:56 Job terminated.
	(1) Normal termination (return value 0)
		Usr 0 00:00:03, Sys 0 00:00:00  -  Run Remote Usage
		Usr 0 00:00:00, Sys 0 00:00:00  -  Run Local Usage
		Usr 0 00:00:03, Sys 0 00:00:00  -  Total Remote Usage
		Usr 0 00:00:00, Sys 0 00:00:00  -  Total Local Usage
	6201  -  Run Bytes Sent By Job
	409597  -  Run Bytes Received By Job
	6201  -  Total Bytes Sent By Job
	409597  -  Total Bytes Received By Job
	Partitionable Resources :    Usage  Request Allocated 
	   Cpus                 :        0        8         8 
	   Disk (KB)            :      428      425   2710998 
	   Memory (MB)          :        7    16000     16000 

	Job terminated of its own accord at 2024-07-24T14:56:56Z with exit-code 0.
...
040 (10252907.3492.000) 07/24 18:09:30 Started transferring input files
	Transferring to host: <188.185.207.149:9618?addrs=188.185.207.149-9618+[2001-1458-303-e--100-12]-9618&alias=b9p08p1041.cern.ch&noUDP&sock=slot1_17_4139_0cc1_144628>
...
040 (10252907.3492.000) 07/24 18:09:30 Finished transferring input files
...
001 (10252907.3492.000) 07/24 18:09:31 Job executing on host: <188.185.207.149:9618?addrs=188.185.207.149-9618+[2001-1458-303-e--100-12]-9618&alias=b9p08p1041.cern.ch&noUDP&sock=startd_3644_0f33>
	SlotName: slot1_17@b9p08p1041.cern.ch
	CondorScratchDir = "/pool/condor/dir_925288"
	Cpus = 8
	Disk = 2852342
	Memory = 16000
...
006 (10252907.3492.000) 07/24 18:09:35 Image size of job updated: 159760
	8  -  MemoryUsage of job (MB)
	7348  -  ResidentSetSize of job (KB)
...
040 (10252907.3492.000) 07/24 18:09:35 Started transferring output files
...
040 (10252907.3492.000) 07/24 18:09:35 Finished transferring output files
...
005 (10252907.3492.000) 07/24 18:09:35 Job terminated.
	(1) Normal termination (return value 0)
		Usr 0 00:00:03, Sys 0 00:00:00  -  Run Remote Usage
		Usr 0 00:00:00, Sys 0 00:00:00  -  Run Local Usage
		Usr 0 00:00:03, Sys 0 00:00:00  -  Total Remote Usage
		Usr 0 00:00:00, Sys 0 00:00:00  -  Total Local Usage
	6204  -  Run Bytes Sent By Job
	409597  -  Run Bytes Received By Job
	6204  -  Total Bytes Sent By Job
	409597  -  Total Bytes Received By Job
	Partitionable Resources :    Usage  Request Allocated 
	   Cpus                 :        0        8         8 
	   Disk (KB)            :      428      425   2852342 
	   Memory (MB)          :        8    16000     16000 

	Job terminated of its own accord at 2024-07-24T16:09:35Z with exit-code 0.
...
040 (10252908.3492.000) 07/24 19:16:12 Started transferring input files
	Transferring to host: <188.185.206.220:9618?addrs=188.185.206.220-9618&alias=b9p06p0934.cern.ch&noUDP&sock=slot1_14_17773_6fac_155281>
...
040 (10252908.3492.000) 07/24 19:16:12 Finished transferring input files
...
001 (10252908.3492.000) 07/24 19:16:13 Job executing on host: <188.185.206.220:9618?addrs=188.185.206.220-9618&alias=b9p06p0934.cern.ch&noUDP&sock=startd_16758_2c2f>
	SlotName: slot1_14@b9p06p0934.cern.ch
	CondorScratchDir = "/pool/condor/dir_1363661"
	Cpus = 8
	Disk = 2597018
	Memory = 16000
...
006 (10252908.3492.000) 07/24 19:16:17 Image size of job updated: 159264
	7  -  MemoryUsage of job (MB)
	7032  -  ResidentSetSize of job (KB)
...
040 (10252908.3492.000) 07/24 19:16:17 Started transferring output files
...
040 (10252908.3492.000) 07/24 19:16:17 Finished transferring output files
...
005 (10252908.3492.000) 07/24 19:16:17 Job terminated.
	(1) Normal termination (return value 0)
		Usr 0 00:00:03, Sys 0 00:00:00  -  Run Remote Usage
		Usr 0 00:00:00, Sys 0 00:00:00  -  Run Local Usage
		Usr 0 00:00:03, Sys 0 00:00:00  -  Total Remote Usage
		Usr 0 00:00:00, Sys 0 00:00:00  -  Total Local Usage
	6204  -  Run Bytes Sent By Job
	409597  -  Run Bytes Received By Job
	6204  -  Total Bytes Sent By Job
	409597  -  Total Bytes Received By Job
	Partitionable Resources :    Usage  Request Allocated 
	   Cpus                 :                 8         8 
	   Disk (KB)            :      419      425   2597018 
	   Memory (MB)          :        7    16000     16000 

	Job terminated of its own accord at 2024-07-24T17:16:17Z with exit-code 0.
...
040 (10252909.3492.000) 07/24 20:15:33 Started transferring input files
	Transferring to host: <188.185.204.160:9618?addrs=188.185.204.160-9618+[2001-1458-303-8--100-94]-9618&alias=b9p02p1415.cern.ch&noUDP&sock=slot1_16_6791_9fad_155258>
...
040 (10252909.3492.000) 07/24 20:15:33 Finished transferring input files
...
001 (10252909.3492.000) 07/24 20:15:34 Job executing on host: <188.185.204.160:9618?addrs=188.185.204.160-9618+[2001-1458-303-8--100-94]-9618&alias=b9p02p1415.cern.ch&noUDP&sock=startd_6356_440b>
	SlotName: slot1_16@b9p02p1415.cern.ch
	CondorScratchDir = "/pool/condor/dir_1079159"
	Cpus = 8
	Disk = 2695659
	Memory = 16000
...
006 (10252909.3492.000) 07/24 20:15:39 Image size of job updated: 159232
	9  -  MemoryUsage of job (MB)
	8324  -  ResidentSetSize of job (KB)
...
040 (10252909.3492.000) 07/24 20:15:40 Started transferring output files
...
040 (10252909.3492.000) 07/24 20:15:40 Finished transferring output files
...
005 (10252909.3492.000) 07/24 20:15:42 Job terminated.
	(1) Normal termination (return value 0)
		Usr 0 00:00:04, Sys 0 00:00:00  -  Run Remote Usage
		Usr 0 00:00:00, Sys 0 00:00:00  -  Run Local Usage
		Usr 0 00:00:04, Sys 0 00:00:00  -  Total Remote Usage
		Usr 0 00:00:00, Sys 0 00:00:00  -  Total Local Usage
	6204  -  Run Bytes Sent By Job
	409597  -  Run Bytes Received By Job
	6204  -  Total Bytes Sent By Job
	409597  -  Total Bytes Received By Job
	Partitionable Resources :    Usage  Request Allocated 
	   Cpus                 :        0        8         8 
	   Disk (KB)            :      427      425   2695659 
	   Memory (MB)          :        9    16000     16000 

	Job terminated of its own accord at 2024-07-24T18:15:39Z with exit-code 0.
...
000 (10261715.3492.000) 07/25 13:02:50 Job submitted from host: <188.185.114.121:9618?addrs=188.185.114.121-9618+[2001-1458-d00-a--100-273]-9618&alias=bigbird19.cern.ch&noUDP&sock=schedd_4961_696e>
...
009 (10261715.3492.000) 07/25 13:06:57 Job was aborted.
	via condor_rm (by user yelberke)
...
000 (10261767.3492.000) 07/25 13:20:34 Job submitted from host: <188.185.114.121:9618?addrs=188.185.114.121-9618+[2001-1458-d00-a--100-273]-9618&alias=bigbird19.cern.ch&noUDP&sock=schedd_4961_696e>
...
040 (10261767.3492.000) 07/25 14:37:30 Started transferring input files
	Transferring to host: <188.185.205.188:9618?addrs=188.185.205.188-9618&alias=b9p04p6505.cern.ch&noUDP&sock=slot1_4_6904_3e12_155643>
...
040 (10261767.3492.000) 07/25 14:37:30 Finished transferring input files
...
001 (10261767.3492.000) 07/25 14:37:31 Job executing on host: <188.185.205.188:9618?addrs=188.185.205.188-9618&alias=b9p04p6505.cern.ch&noUDP&sock=startd_6831_1388>
	SlotName: slot1_4@b9p04p6505.cern.ch
	CondorScratchDir = "/pool/condor/dir_742356"
	Cpus = 12
	Disk = 2819236
	Memory = 24000
...
006 (10261767.3492.000) 07/25 14:37:35 Image size of job updated: 160976
	8  -  MemoryUsage of job (MB)
	7340  -  ResidentSetSize of job (KB)
...
040 (10261767.3492.000) 07/25 14:37:35 Started transferring output files
...
040 (10261767.3492.000) 07/25 14:37:35 Finished transferring output files
...
005 (10261767.3492.000) 07/25 14:37:35 Job terminated.
	(1) Normal termination (return value 0)
		Usr 0 00:00:03, Sys 0 00:00:00  -  Run Remote Usage
		Usr 0 00:00:00, Sys 0 00:00:00  -  Run Local Usage
		Usr 0 00:00:03, Sys 0 00:00:00  -  Total Remote Usage
		Usr 0 00:00:00, Sys 0 00:00:00  -  Total Local Usage
	6676  -  Run Bytes Sent By Job
	409597  -  Run Bytes Received By Job
	6676  -  Total Bytes Sent By Job
	409597  -  Total Bytes Received By Job
	Partitionable Resources :    Usage  Request Allocated 
	   Cpus                 :        0       12        12 
	   Disk (KB)            :      428      425   2819236 
	   Memory (MB)          :        8    24000     24000 

	Job terminated of its own accord at 2024-07-25T12:37:35Z with exit-code 0.
...
000 (10284266.3492.000) 08/02 15:46:33 Job submitted from host: <188.185.114.121:9618?addrs=188.185.114.121-9618+[2001-1458-d00-a--100-273]-9618&alias=bigbird19.cern.ch&noUDP&sock=schedd_4961_696e>
...
000 (10284267.3492.000) 08/02 15:50:03 Job submitted from host: <188.185.114.121:9618?addrs=188.185.114.121-9618+[2001-1458-d00-a--100-273]-9618&alias=bigbird19.cern.ch&noUDP&sock=schedd_4961_696e>
...
009 (10284266.3492.000) 08/02 15:50:25 Job was aborted.
	via condor_rm (by user yelberke)
...
040 (10284267.3492.000) 08/02 16:48:48 Started transferring input files
	Transferring to host: <188.185.208.65:9618?addrs=188.185.208.65-9618&alias=b9p09p7685.cern.ch&noUDP&sock=slot1_3_3676_d30f_153391>
...
040 (10284267.3492.000) 08/02 16:48:48 Finished transferring input files
...
001 (10284267.3492.000) 08/02 16:48:49 Job executing on host: <188.185.208.65:9618?addrs=188.185.208.65-9618&alias=b9p09p7685.cern.ch&noUDP&sock=startd_3573_5bfa>
	SlotName: slot1_3@b9p09p7685.cern.ch
	CondorScratchDir = "/pool/condor/dir_3594045"
	Cpus = 12
	Disk = 2655427
	Memory = 24000
...
006 (10284267.3492.000) 08/02 16:48:51 Image size of job updated: 325216
	3  -  MemoryUsage of job (MB)
	2288  -  ResidentSetSize of job (KB)
...
040 (10284267.3492.000) 08/02 16:48:51 Started transferring output files
...
040 (10284267.3492.000) 08/02 16:48:51 Finished transferring output files
...
005 (10284267.3492.000) 08/02 16:48:51 Job terminated.
	(1) Normal termination (return value 139)
		Usr 0 00:00:01, Sys 0 00:00:01  -  Run Remote Usage
		Usr 0 00:00:00, Sys 0 00:00:00  -  Run Local Usage
		Usr 0 00:00:01, Sys 0 00:00:01  -  Total Remote Usage
		Usr 0 00:00:00, Sys 0 00:00:00  -  Total Local Usage
	7696  -  Run Bytes Sent By Job
	409597  -  Run Bytes Received By Job
	7696  -  Total Bytes Sent By Job
	409597  -  Total Bytes Received By Job
	Partitionable Resources :    Usage  Request Allocated 
	   Cpus                 :        0       12        12 
	   Disk (KB)            :      429      425   2655427 
	   Memory (MB)          :        3    24000     24000 

	Job terminated of its own accord at 2024-08-02T14:48:51Z with exit-code 139.
...
