000 (10252905.3504.000) 07/24 16:13:20 Job submitted from host: <188.185.114.121:9618?addrs=188.185.114.121-9618+[2001-1458-d00-a--100-273]-9618&alias=bigbird19.cern.ch&noUDP&sock=schedd_4961_696e>
...
009 (10252905.3504.000) 07/24 16:14:50 Job was aborted.
	via condor_rm (by user yelberke)
...
000 (10252906.3504.000) 07/24 16:15:39 Job submitted from host: <188.185.114.121:9618?addrs=188.185.114.121-9618+[2001-1458-d00-a--100-273]-9618&alias=bigbird19.cern.ch&noUDP&sock=schedd_4961_696e>
...
000 (10252907.3504.000) 07/24 16:17:33 Job submitted from host: <188.185.114.121:9618?addrs=188.185.114.121-9618+[2001-1458-d00-a--100-273]-9618&alias=bigbird19.cern.ch&noUDP&sock=schedd_4961_696e>
...
000 (10252908.3504.000) 07/24 16:18:06 Job submitted from host: <188.185.114.121:9618?addrs=188.185.114.121-9618+[2001-1458-d00-a--100-273]-9618&alias=bigbird19.cern.ch&noUDP&sock=schedd_4961_696e>
...
000 (10252909.3504.000) 07/24 16:18:42 Job submitted from host: <188.185.114.121:9618?addrs=188.185.114.121-9618+[2001-1458-d00-a--100-273]-9618&alias=bigbird19.cern.ch&noUDP&sock=schedd_4961_696e>
...
040 (10252906.3504.000) 07/24 16:56:54 Started transferring input files
	Transferring to host: <188.185.205.120:9618?addrs=188.185.205.120-9618+[2001-1458-303-9--100-75]-9618&alias=b9p03p5898.cern.ch&noUDP&sock=slot1_19_6808_9a0e_155602>
...
040 (10252906.3504.000) 07/24 16:56:54 Finished transferring input files
...
001 (10252906.3504.000) 07/24 16:56:55 Job executing on host: <188.185.205.120:9618?addrs=188.185.205.120-9618+[2001-1458-303-9--100-75]-9618&alias=b9p03p5898.cern.ch&noUDP&sock=startd_6734_8ad8>
	SlotName: slot1_19@b9p03p5898.cern.ch
	CondorScratchDir = "/pool/condor/dir_2409561"
	Cpus = 8
	Disk = 2710997
	Memory = 16000
...
006 (10252906.3504.000) 07/24 16:57:00 Image size of job updated: 157292
	7  -  MemoryUsage of job (MB)
	6648  -  ResidentSetSize of job (KB)
...
040 (10252906.3504.000) 07/24 16:57:00 Started transferring output files
...
040 (10252906.3504.000) 07/24 16:57:00 Finished transferring output files
...
005 (10252906.3504.000) 07/24 16:57:00 Job terminated.
	(1) Normal termination (return value 0)
		Usr 0 00:00:03, Sys 0 00:00:00  -  Run Remote Usage
		Usr 0 00:00:00, Sys 0 00:00:00  -  Run Local Usage
		Usr 0 00:00:03, Sys 0 00:00:00  -  Total Remote Usage
		Usr 0 00:00:00, Sys 0 00:00:00  -  Total Local Usage
	6201  -  Run Bytes Sent By Job
	409597  -  Run Bytes Received By Job
	6201  -  Total Bytes Sent By Job
	409597  -  Total Bytes Received By Job
	Partitionable Resources :    Usage  Request Allocated 
	   Cpus                 :        0        8         8 
	   Disk (KB)            :      428      425   2710997 
	   Memory (MB)          :        7    16000     16000 

	Job terminated of its own accord at 2024-07-24T14:57:00Z with exit-code 0.
...
040 (10252907.3504.000) 07/24 18:09:33 Started transferring input files
	Transferring to host: <188.185.206.174:9618?addrs=188.185.206.174-9618&alias=b9p06p8622.cern.ch&noUDP&sock=slot1_12_5453_e1b7_158392>
...
040 (10252907.3504.000) 07/24 18:09:33 Finished transferring input files
...
001 (10252907.3504.000) 07/24 18:09:34 Job executing on host: <188.185.206.174:9618?addrs=188.185.206.174-9618&alias=b9p06p8622.cern.ch&noUDP&sock=startd_5015_738b>
	SlotName: slot1_12@b9p06p8622.cern.ch
	CondorScratchDir = "/pool/condor/dir_2686112"
	Cpus = 8
	Disk = 2402449
	Memory = 16000
...
006 (10252907.3504.000) 07/24 18:09:38 Image size of job updated: 157432
	8  -  MemoryUsage of job (MB)
	7272  -  ResidentSetSize of job (KB)
...
040 (10252907.3504.000) 07/24 18:09:38 Started transferring output files
...
040 (10252907.3504.000) 07/24 18:09:38 Finished transferring output files
...
005 (10252907.3504.000) 07/24 18:09:38 Job terminated.
	(1) Normal termination (return value 0)
		Usr 0 00:00:03, Sys 0 00:00:00  -  Run Remote Usage
		Usr 0 00:00:00, Sys 0 00:00:00  -  Run Local Usage
		Usr 0 00:00:03, Sys 0 00:00:00  -  Total Remote Usage
		Usr 0 00:00:00, Sys 0 00:00:00  -  Total Local Usage
	6204  -  Run Bytes Sent By Job
	409597  -  Run Bytes Received By Job
	6204  -  Total Bytes Sent By Job
	409597  -  Total Bytes Received By Job
	Partitionable Resources :    Usage  Request Allocated 
	   Cpus                 :        0        8         8 
	   Disk (KB)            :      427      425   2402449 
	   Memory (MB)          :        8    16000     16000 

	Job terminated of its own accord at 2024-07-24T16:09:38Z with exit-code 0.
...
040 (10252908.3504.000) 07/24 19:16:16 Started transferring input files
	Transferring to host: <188.185.209.76:9618?addrs=188.185.209.76-9618+[2001-1458-303-11--100-49]-9618&alias=b9p11p1755.cern.ch&noUDP&sock=slot1_7_22950_19de_24919>
...
040 (10252908.3504.000) 07/24 19:16:16 Finished transferring input files
...
001 (10252908.3504.000) 07/24 19:16:17 Job executing on host: <188.185.209.76:9618?addrs=188.185.209.76-9618+[2001-1458-303-11--100-49]-9618&alias=b9p11p1755.cern.ch&noUDP&sock=startd_21984_c61f>
	SlotName: slot1_7@b9p11p1755.cern.ch
	CondorScratchDir = "/pool/condor/dir_3220272"
	Cpus = 8
	Disk = 2516064
	Memory = 16000
...
006 (10252908.3504.000) 07/24 19:16:23 Image size of job updated: 159572
	8  -  MemoryUsage of job (MB)
	7304  -  ResidentSetSize of job (KB)
...
040 (10252908.3504.000) 07/24 19:16:23 Started transferring output files
...
040 (10252908.3504.000) 07/24 19:16:23 Finished transferring output files
...
005 (10252908.3504.000) 07/24 19:16:23 Job terminated.
	(1) Normal termination (return value 0)
		Usr 0 00:00:04, Sys 0 00:00:00  -  Run Remote Usage
		Usr 0 00:00:00, Sys 0 00:00:00  -  Run Local Usage
		Usr 0 00:00:04, Sys 0 00:00:00  -  Total Remote Usage
		Usr 0 00:00:00, Sys 0 00:00:00  -  Total Local Usage
	6204  -  Run Bytes Sent By Job
	409597  -  Run Bytes Received By Job
	6204  -  Total Bytes Sent By Job
	409597  -  Total Bytes Received By Job
	Partitionable Resources :    Usage  Request Allocated 
	   Cpus                 :        0        8         8 
	   Disk (KB)            :      428      425   2516064 
	   Memory (MB)          :        8    16000     16000 

	Job terminated of its own accord at 2024-07-24T17:16:23Z with exit-code 0.
...
040 (10252909.3504.000) 07/24 20:15:37 Started transferring input files
	Transferring to host: <188.185.204.206:9618?addrs=188.185.204.206-9618+[2001-1458-303-8--100-c2]-9618&alias=b9p02p9135.cern.ch&noUDP&sock=slot1_11_6763_e52c_156230>
...
040 (10252909.3504.000) 07/24 20:15:38 Finished transferring input files
...
001 (10252909.3504.000) 07/24 20:15:39 Job executing on host: <188.185.204.206:9618?addrs=188.185.204.206-9618+[2001-1458-303-8--100-c2]-9618&alias=b9p02p9135.cern.ch&noUDP&sock=startd_6695_caa6>
	SlotName: slot1_11@b9p02p9135.cern.ch
	CondorScratchDir = "/pool/condor/dir_1452306"
	Cpus = 8
	Disk = 2784765
	Memory = 16000
...
006 (10252909.3504.000) 07/24 20:15:44 Image size of job updated: 158320
	8  -  MemoryUsage of job (MB)
	7388  -  ResidentSetSize of job (KB)
...
040 (10252909.3504.000) 07/24 20:15:44 Started transferring output files
...
040 (10252909.3504.000) 07/24 20:15:44 Finished transferring output files
...
005 (10252909.3504.000) 07/24 20:15:44 Job terminated.
	(1) Normal termination (return value 0)
		Usr 0 00:00:03, Sys 0 00:00:00  -  Run Remote Usage
		Usr 0 00:00:00, Sys 0 00:00:00  -  Run Local Usage
		Usr 0 00:00:03, Sys 0 00:00:00  -  Total Remote Usage
		Usr 0 00:00:00, Sys 0 00:00:00  -  Total Local Usage
	6204  -  Run Bytes Sent By Job
	409597  -  Run Bytes Received By Job
	6204  -  Total Bytes Sent By Job
	409597  -  Total Bytes Received By Job
	Partitionable Resources :    Usage  Request Allocated 
	   Cpus                 :        0        8         8 
	   Disk (KB)            :      427      425   2784765 
	   Memory (MB)          :        8    16000     16000 

	Job terminated of its own accord at 2024-07-24T18:15:44Z with exit-code 0.
...
000 (10261715.3504.000) 07/25 13:02:51 Job submitted from host: <188.185.114.121:9618?addrs=188.185.114.121-9618+[2001-1458-d00-a--100-273]-9618&alias=bigbird19.cern.ch&noUDP&sock=schedd_4961_696e>
...
009 (10261715.3504.000) 07/25 13:06:57 Job was aborted.
	via condor_rm (by user yelberke)
...
000 (10261767.3504.000) 07/25 13:20:35 Job submitted from host: <188.185.114.121:9618?addrs=188.185.114.121-9618+[2001-1458-d00-a--100-273]-9618&alias=bigbird19.cern.ch&noUDP&sock=schedd_4961_696e>
...
040 (10261767.3504.000) 07/25 14:37:36 Started transferring input files
	Transferring to host: <188.185.205.174:9618?addrs=188.185.205.174-9618+[2001-1458-303-a--100-2b]-9618&alias=b9p04p6534.cern.ch&noUDP&sock=slot1_6_6238_fc37_84755>
...
040 (10261767.3504.000) 07/25 14:37:36 Finished transferring input files
...
001 (10261767.3504.000) 07/25 14:37:37 Job executing on host: <188.185.205.174:9618?addrs=188.185.205.174-9618+[2001-1458-303-a--100-2b]-9618&alias=b9p04p6534.cern.ch&noUDP&sock=startd_5036_db08>
	SlotName: slot1_6@b9p04p6534.cern.ch
	CondorScratchDir = "/pool/condor/dir_974974"
	Cpus = 12
	Disk = 2800873
	Memory = 24000
...
006 (10261767.3504.000) 07/25 14:37:42 Image size of job updated: 160480
	7  -  MemoryUsage of job (MB)
	6396  -  ResidentSetSize of job (KB)
...
040 (10261767.3504.000) 07/25 14:37:42 Started transferring output files
...
040 (10261767.3504.000) 07/25 14:37:42 Finished transferring output files
...
005 (10261767.3504.000) 07/25 14:37:42 Job terminated.
	(1) Normal termination (return value 0)
		Usr 0 00:00:04, Sys 0 00:00:00  -  Run Remote Usage
		Usr 0 00:00:00, Sys 0 00:00:00  -  Run Local Usage
		Usr 0 00:00:04, Sys 0 00:00:00  -  Total Remote Usage
		Usr 0 00:00:00, Sys 0 00:00:00  -  Total Local Usage
	6676  -  Run Bytes Sent By Job
	409597  -  Run Bytes Received By Job
	6676  -  Total Bytes Sent By Job
	409597  -  Total Bytes Received By Job
	Partitionable Resources :    Usage  Request Allocated 
	   Cpus                 :        0       12        12 
	   Disk (KB)            :      429      425   2800873 
	   Memory (MB)          :        7    24000     24000 

	Job terminated of its own accord at 2024-07-25T12:37:42Z with exit-code 0.
...
000 (10284266.3504.000) 08/02 15:46:34 Job submitted from host: <188.185.114.121:9618?addrs=188.185.114.121-9618+[2001-1458-d00-a--100-273]-9618&alias=bigbird19.cern.ch&noUDP&sock=schedd_4961_696e>
...
000 (10284267.3504.000) 08/02 15:50:04 Job submitted from host: <188.185.114.121:9618?addrs=188.185.114.121-9618+[2001-1458-d00-a--100-273]-9618&alias=bigbird19.cern.ch&noUDP&sock=schedd_4961_696e>
...
009 (10284266.3504.000) 08/02 15:50:25 Job was aborted.
	via condor_rm (by user yelberke)
...
040 (10284267.3504.000) 08/02 16:48:53 Started transferring input files
	Transferring to host: <188.185.207.136:9618?addrs=188.185.207.136-9618+[2001-1458-303-e--100-5]-9618&alias=b9p08p2600.cern.ch&noUDP&sock=slot1_8_64702_2980_102062>
...
040 (10284267.3504.000) 08/02 16:48:53 Finished transferring input files
...
001 (10284267.3504.000) 08/02 16:48:54 Job executing on host: <188.185.207.136:9618?addrs=188.185.207.136-9618+[2001-1458-303-e--100-5]-9618&alias=b9p08p2600.cern.ch&noUDP&sock=startd_3558_120e>
	SlotName: slot1_8@b9p08p2600.cern.ch
	CondorScratchDir = "/pool/condor/dir_1684396"
	Cpus = 12
	Disk = 2729620
	Memory = 24000
...
006 (10284267.3504.000) 08/02 16:48:56 Image size of job updated: 324256
	3  -  MemoryUsage of job (MB)
	2568  -  ResidentSetSize of job (KB)
...
040 (10284267.3504.000) 08/02 16:48:56 Started transferring output files
...
040 (10284267.3504.000) 08/02 16:48:56 Finished transferring output files
...
005 (10284267.3504.000) 08/02 16:48:56 Job terminated.
	(1) Normal termination (return value 139)
		Usr 0 00:00:02, Sys 0 00:00:01  -  Run Remote Usage
		Usr 0 00:00:00, Sys 0 00:00:00  -  Run Local Usage
		Usr 0 00:00:02, Sys 0 00:00:01  -  Total Remote Usage
		Usr 0 00:00:00, Sys 0 00:00:00  -  Total Local Usage
	7696  -  Run Bytes Sent By Job
	409597  -  Run Bytes Received By Job
	7696  -  Total Bytes Sent By Job
	409597  -  Total Bytes Received By Job
	Partitionable Resources :    Usage  Request Allocated 
	   Cpus                 :                12        12 
	   Disk (KB)            :      423      425   2729620 
	   Memory (MB)          :        3    24000     24000 

	Job terminated of its own accord at 2024-08-02T14:48:56Z with exit-code 139.
...
