000 (10252905.352.000) 07/24 16:13:15 Job submitted from host: <188.185.114.121:9618?addrs=188.185.114.121-9618+[2001-1458-d00-a--100-273]-9618&alias=bigbird19.cern.ch&noUDP&sock=schedd_4961_696e>
...
009 (10252905.352.000) 07/24 16:14:45 Job was aborted.
	via condor_rm (by user yelberke)
...
000 (10252906.352.000) 07/24 16:15:36 Job submitted from host: <188.185.114.121:9618?addrs=188.185.114.121-9618+[2001-1458-d00-a--100-273]-9618&alias=bigbird19.cern.ch&noUDP&sock=schedd_4961_696e>
...
000 (10252907.352.000) 07/24 16:17:30 Job submitted from host: <188.185.114.121:9618?addrs=188.185.114.121-9618+[2001-1458-d00-a--100-273]-9618&alias=bigbird19.cern.ch&noUDP&sock=schedd_4961_696e>
...
000 (10252908.352.000) 07/24 16:18:03 Job submitted from host: <188.185.114.121:9618?addrs=188.185.114.121-9618+[2001-1458-d00-a--100-273]-9618&alias=bigbird19.cern.ch&noUDP&sock=schedd_4961_696e>
...
000 (10252909.352.000) 07/24 16:18:39 Job submitted from host: <188.185.114.121:9618?addrs=188.185.114.121-9618+[2001-1458-d00-a--100-273]-9618&alias=bigbird19.cern.ch&noUDP&sock=schedd_4961_696e>
...
000 (10252910.352.000) 07/24 16:19:04 Job submitted from host: <188.185.114.121:9618?addrs=188.185.114.121-9618+[2001-1458-d00-a--100-273]-9618&alias=bigbird19.cern.ch&noUDP&sock=schedd_4961_696e>
...
000 (10252911.352.000) 07/24 16:19:17 Job submitted from host: <188.185.114.121:9618?addrs=188.185.114.121-9618+[2001-1458-d00-a--100-273]-9618&alias=bigbird19.cern.ch&noUDP&sock=schedd_4961_696e>
...
000 (10252912.352.000) 07/24 16:19:30 Job submitted from host: <188.185.114.121:9618?addrs=188.185.114.121-9618+[2001-1458-d00-a--100-273]-9618&alias=bigbird19.cern.ch&noUDP&sock=schedd_4961_696e>
...
040 (10252906.352.000) 07/24 16:19:34 Started transferring input files
	Transferring to host: <188.185.205.26:9618?addrs=188.185.205.26-9618+[2001-1458-303-9--100-8e]-9618&alias=b9p03p6145.cern.ch&noUDP&sock=slot1_2_7414_9567_156219>
...
040 (10252906.352.000) 07/24 16:19:34 Finished transferring input files
...
001 (10252906.352.000) 07/24 16:19:35 Job executing on host: <188.185.205.26:9618?addrs=188.185.205.26-9618+[2001-1458-303-9--100-8e]-9618&alias=b9p03p6145.cern.ch&noUDP&sock=startd_7340_353c>
	SlotName: slot1_2@b9p03p6145.cern.ch
	CondorScratchDir = "/pool/condor/dir_753368"
	Cpus = 8
	Disk = 2307817
	Memory = 16000
...
006 (10252906.352.000) 07/24 16:19:41 Image size of job updated: 343660
	193  -  MemoryUsage of job (MB)
	197576  -  ResidentSetSize of job (KB)
...
000 (10252913.352.000) 07/24 16:19:42 Job submitted from host: <188.185.114.121:9618?addrs=188.185.114.121-9618+[2001-1458-d00-a--100-273]-9618&alias=bigbird19.cern.ch&noUDP&sock=schedd_4961_696e>
...
040 (10252906.352.000) 07/24 16:19:45 Started transferring output files
...
040 (10252906.352.000) 07/24 16:19:45 Finished transferring output files
...
005 (10252906.352.000) 07/24 16:19:45 Job terminated.
	(1) Normal termination (return value 0)
		Usr 0 00:00:04, Sys 0 00:00:00  -  Run Remote Usage
		Usr 0 00:00:00, Sys 0 00:00:00  -  Run Local Usage
		Usr 0 00:00:04, Sys 0 00:00:00  -  Total Remote Usage
		Usr 0 00:00:00, Sys 0 00:00:00  -  Total Local Usage
	6204  -  Run Bytes Sent By Job
	409597  -  Run Bytes Received By Job
	6204  -  Total Bytes Sent By Job
	409597  -  Total Bytes Received By Job
	Partitionable Resources :    Usage  Request Allocated 
	   Cpus                 :        0        8         8 
	   Disk (KB)            :      427      425   2307817 
	   Memory (MB)          :      193    16000     16000 

	Job terminated of its own accord at 2024-07-24T14:19:41Z with exit-code 0.
...
040 (10252907.352.000) 07/24 17:44:59 Started transferring input files
	Transferring to host: <188.185.209.137:9618?addrs=188.185.209.137-9618+[2001-1458-303-12--100-6]-9618&alias=b9p12p2443.cern.ch&noUDP&sock=slot1_26_11432_a0ca_143758>
...
040 (10252907.352.000) 07/24 17:44:59 Finished transferring input files
...
001 (10252907.352.000) 07/24 17:45:00 Job executing on host: <188.185.209.137:9618?addrs=188.185.209.137-9618+[2001-1458-303-12--100-6]-9618&alias=b9p12p2443.cern.ch&noUDP&sock=startd_10090_7aae>
	SlotName: slot1_26@b9p12p2443.cern.ch
	CondorScratchDir = "/pool/condor/dir_903225"
	Cpus = 8
	Disk = 2855725
	Memory = 16000
...
006 (10252907.352.000) 07/24 17:45:07 Image size of job updated: 158868
	8  -  MemoryUsage of job (MB)
	7720  -  ResidentSetSize of job (KB)
...
040 (10252907.352.000) 07/24 17:45:07 Started transferring output files
...
040 (10252907.352.000) 07/24 17:45:07 Finished transferring output files
...
005 (10252907.352.000) 07/24 17:45:07 Job terminated.
	(1) Normal termination (return value 0)
		Usr 0 00:00:04, Sys 0 00:00:00  -  Run Remote Usage
		Usr 0 00:00:00, Sys 0 00:00:00  -  Run Local Usage
		Usr 0 00:00:04, Sys 0 00:00:00  -  Total Remote Usage
		Usr 0 00:00:00, Sys 0 00:00:00  -  Total Local Usage
	6204  -  Run Bytes Sent By Job
	409597  -  Run Bytes Received By Job
	6204  -  Total Bytes Sent By Job
	409597  -  Total Bytes Received By Job
	Partitionable Resources :    Usage  Request Allocated 
	   Cpus                 :        0        8         8 
	   Disk (KB)            :      428      425   2855725 
	   Memory (MB)          :        8    16000     16000 

	Job terminated of its own accord at 2024-07-24T15:45:07Z with exit-code 0.
...
040 (10252908.352.000) 07/24 18:45:23 Started transferring input files
	Transferring to host: <188.185.196.148:9618?addrs=188.185.196.148-9618+[2001-1458-303-23--100-90]-9618&alias=b9p16p6616.cern.ch&noUDP&sock=slot1_6_174209_c005_25341>
...
040 (10252908.352.000) 07/24 18:45:23 Finished transferring input files
...
001 (10252908.352.000) 07/24 18:45:24 Job executing on host: <188.185.196.148:9618?addrs=188.185.196.148-9618+[2001-1458-303-23--100-90]-9618&alias=b9p16p6616.cern.ch&noUDP&sock=startd_163667_86f9>
	SlotName: slot1_6@b9p16p6616.cern.ch
	CondorScratchDir = "/pool/condor/dir_226469"
	Cpus = 8
	Disk = 2956982
	Memory = 16000
...
006 (10252908.352.000) 07/24 18:45:29 Image size of job updated: 157628
	7  -  MemoryUsage of job (MB)
	6544  -  ResidentSetSize of job (KB)
...
040 (10252908.352.000) 07/24 18:45:29 Started transferring output files
...
040 (10252908.352.000) 07/24 18:45:29 Finished transferring output files
...
005 (10252908.352.000) 07/24 18:45:29 Job terminated.
	(1) Normal termination (return value 0)
		Usr 0 00:00:04, Sys 0 00:00:00  -  Run Remote Usage
		Usr 0 00:00:00, Sys 0 00:00:00  -  Run Local Usage
		Usr 0 00:00:04, Sys 0 00:00:00  -  Total Remote Usage
		Usr 0 00:00:00, Sys 0 00:00:00  -  Total Local Usage
	6204  -  Run Bytes Sent By Job
	409597  -  Run Bytes Received By Job
	6204  -  Total Bytes Sent By Job
	409597  -  Total Bytes Received By Job
	Partitionable Resources :    Usage  Request Allocated 
	   Cpus                 :        0        8         8 
	   Disk (KB)            :      428      425   2956982 
	   Memory (MB)          :        7    16000     16000 

	Job terminated of its own accord at 2024-07-24T16:45:29Z with exit-code 0.
...
040 (10252909.352.000) 07/24 19:50:10 Started transferring input files
	Transferring to host: <188.185.209.193:9618?addrs=188.185.209.193-9618+[2001-1458-303-12--100-3e]-9618&alias=b9p12p5505.cern.ch&noUDP&sock=slot1_9_13655_eec4_80934>
...
040 (10252909.352.000) 07/24 19:50:10 Finished transferring input files
...
001 (10252909.352.000) 07/24 19:50:11 Job executing on host: <188.185.209.193:9618?addrs=188.185.209.193-9618+[2001-1458-303-12--100-3e]-9618&alias=b9p12p5505.cern.ch&noUDP&sock=startd_12249_5fa7>
	SlotName: slot1_9@b9p12p5505.cern.ch
	CondorScratchDir = "/pool/condor/dir_687716"
	Cpus = 8
	Disk = 2791301
	Memory = 16000
...
006 (10252909.352.000) 07/24 19:50:15 Image size of job updated: 160708
	9  -  MemoryUsage of job (MB)
	8220  -  ResidentSetSize of job (KB)
...
040 (10252909.352.000) 07/24 19:50:15 Started transferring output files
...
040 (10252909.352.000) 07/24 19:50:15 Finished transferring output files
...
005 (10252909.352.000) 07/24 19:50:15 Job terminated.
	(1) Normal termination (return value 0)
		Usr 0 00:00:03, Sys 0 00:00:00  -  Run Remote Usage
		Usr 0 00:00:00, Sys 0 00:00:00  -  Run Local Usage
		Usr 0 00:00:03, Sys 0 00:00:00  -  Total Remote Usage
		Usr 0 00:00:00, Sys 0 00:00:00  -  Total Local Usage
	6204  -  Run Bytes Sent By Job
	409597  -  Run Bytes Received By Job
	6204  -  Total Bytes Sent By Job
	409597  -  Total Bytes Received By Job
	Partitionable Resources :    Usage  Request Allocated 
	   Cpus                 :        0        8         8 
	   Disk (KB)            :      431      425   2791301 
	   Memory (MB)          :        9    16000     16000 

	Job terminated of its own accord at 2024-07-24T17:50:15Z with exit-code 0.
...
040 (10252910.352.000) 07/24 20:42:58 Started transferring input files
	Transferring to host: <188.185.205.64:9618?addrs=188.185.205.64-9618+[2001-1458-303-9--100-b4]-9618&alias=b9p03p2405.cern.ch&noUDP&sock=slot1_4_3678_3bcf_82624>
...
040 (10252910.352.000) 07/24 20:42:58 Finished transferring input files
...
001 (10252910.352.000) 07/24 20:42:59 Job executing on host: <188.185.205.64:9618?addrs=188.185.205.64-9618+[2001-1458-303-9--100-b4]-9618&alias=b9p03p2405.cern.ch&noUDP&sock=startd_3347_5792>
	SlotName: slot1_4@b9p03p2405.cern.ch
	CondorScratchDir = "/pool/condor/dir_3475348"
	Cpus = 8
	Disk = 2735851
	Memory = 16000
...
006 (10252910.352.000) 07/24 20:43:04 Image size of job updated: 164228
	10  -  MemoryUsage of job (MB)
	9776  -  ResidentSetSize of job (KB)
...
040 (10252910.352.000) 07/24 20:43:04 Started transferring output files
...
040 (10252910.352.000) 07/24 20:43:04 Finished transferring output files
...
005 (10252910.352.000) 07/24 20:43:04 Job terminated.
	(1) Normal termination (return value 0)
		Usr 0 00:00:03, Sys 0 00:00:00  -  Run Remote Usage
		Usr 0 00:00:00, Sys 0 00:00:00  -  Run Local Usage
		Usr 0 00:00:03, Sys 0 00:00:00  -  Total Remote Usage
		Usr 0 00:00:00, Sys 0 00:00:00  -  Total Local Usage
	6201  -  Run Bytes Sent By Job
	409597  -  Run Bytes Received By Job
	6201  -  Total Bytes Sent By Job
	409597  -  Total Bytes Received By Job
	Partitionable Resources :    Usage  Request Allocated 
	   Cpus                 :        0        8         8 
	   Disk (KB)            :      427      425   2735851 
	   Memory (MB)          :       10    16000     16000 

	Job terminated of its own accord at 2024-07-24T18:43:04Z with exit-code 0.
...
040 (10252911.352.000) 07/24 20:55:52 Started transferring input files
	Transferring to host: <188.185.205.125:9618?addrs=188.185.205.125-9618+[2001-1458-303-9--100-7a]-9618&alias=b9p03p9078.cern.ch&noUDP&sock=slot1_9_6035_f40e_81028>
...
040 (10252911.352.000) 07/24 20:55:52 Finished transferring input files
...
001 (10252911.352.000) 07/24 20:55:53 Job executing on host: <188.185.205.125:9618?addrs=188.185.205.125-9618+[2001-1458-303-9--100-7a]-9618&alias=b9p03p9078.cern.ch&noUDP&sock=startd_4951_8d7b>
	SlotName: slot1_9@b9p03p9078.cern.ch
	CondorScratchDir = "/pool/condor/dir_2158914"
	Cpus = 8
	Disk = 2817304
	Memory = 16000
...
006 (10252911.352.000) 07/24 20:55:57 Image size of job updated: 161648
	9  -  MemoryUsage of job (MB)
	9028  -  ResidentSetSize of job (KB)
...
040 (10252911.352.000) 07/24 20:55:57 Started transferring output files
...
040 (10252911.352.000) 07/24 20:55:57 Finished transferring output files
...
005 (10252911.352.000) 07/24 20:55:57 Job terminated.
	(1) Normal termination (return value 0)
		Usr 0 00:00:03, Sys 0 00:00:00  -  Run Remote Usage
		Usr 0 00:00:00, Sys 0 00:00:00  -  Run Local Usage
		Usr 0 00:00:03, Sys 0 00:00:00  -  Total Remote Usage
		Usr 0 00:00:00, Sys 0 00:00:00  -  Total Local Usage
	6204  -  Run Bytes Sent By Job
	409597  -  Run Bytes Received By Job
	6204  -  Total Bytes Sent By Job
	409597  -  Total Bytes Received By Job
	Partitionable Resources :    Usage  Request Allocated 
	   Cpus                 :        0        8         8 
	   Disk (KB)            :      428      425   2817304 
	   Memory (MB)          :        9    16000     16000 

	Job terminated of its own accord at 2024-07-24T18:55:57Z with exit-code 0.
...
040 (10252912.352.000) 07/24 21:08:51 Started transferring input files
	Transferring to host: <188.185.195.157:9618?addrs=188.185.195.157-9618+[2001-1458-303-22--100-99]-9618&alias=b9p17p0988.cern.ch&noUDP&sock=slot1_6_137964_de63_30381>
...
040 (10252912.352.000) 07/24 21:08:51 Finished transferring input files
...
001 (10252912.352.000) 07/24 21:08:52 Job executing on host: <188.185.195.157:9618?addrs=188.185.195.157-9618+[2001-1458-303-22--100-99]-9618&alias=b9p17p0988.cern.ch&noUDP&sock=startd_127892_da56>
	SlotName: slot1_6@b9p17p0988.cern.ch
	CondorScratchDir = "/pool/condor/dir_2135484"
	Cpus = 8
	Disk = 3002424
	Memory = 16000
...
006 (10252912.352.000) 07/24 21:08:58 Image size of job updated: 160976
	9  -  MemoryUsage of job (MB)
	8848  -  ResidentSetSize of job (KB)
...
040 (10252912.352.000) 07/24 21:08:58 Started transferring output files
...
040 (10252912.352.000) 07/24 21:08:58 Finished transferring output files
...
005 (10252912.352.000) 07/24 21:08:58 Job terminated.
	(1) Normal termination (return value 0)
		Usr 0 00:00:04, Sys 0 00:00:00  -  Run Remote Usage
		Usr 0 00:00:00, Sys 0 00:00:00  -  Run Local Usage
		Usr 0 00:00:04, Sys 0 00:00:00  -  Total Remote Usage
		Usr 0 00:00:00, Sys 0 00:00:00  -  Total Local Usage
	6204  -  Run Bytes Sent By Job
	409597  -  Run Bytes Received By Job
	6204  -  Total Bytes Sent By Job
	409597  -  Total Bytes Received By Job
	Partitionable Resources :    Usage  Request Allocated 
	   Cpus                 :        0        8         8 
	   Disk (KB)            :      428      425   3002424 
	   Memory (MB)          :        9    16000     16000 

	Job terminated of its own accord at 2024-07-24T19:08:58Z with exit-code 0.
...
040 (10252913.352.000) 07/24 21:22:32 Started transferring input files
	Transferring to host: <188.185.205.9:9618?addrs=188.185.205.9-9618+[2001-1458-303-9--100-7e]-9618&alias=b9p03p7969.cern.ch&noUDP&sock=slot1_5_7347_6044_29776>
...
040 (10252913.352.000) 07/24 21:22:32 Finished transferring input files
...
001 (10252913.352.000) 07/24 21:22:33 Job executing on host: <188.185.205.9:9618?addrs=188.185.205.9-9618+[2001-1458-303-9--100-7e]-9618&alias=b9p03p7969.cern.ch&noUDP&sock=startd_6402_d167>
	SlotName: slot1_5@b9p03p7969.cern.ch
	CondorScratchDir = "/pool/condor/dir_2467179"
	Cpus = 8
	Disk = 2799747
	Memory = 16000
...
006 (10252913.352.000) 07/24 21:22:38 Image size of job updated: 161772
	9  -  MemoryUsage of job (MB)
	8688  -  ResidentSetSize of job (KB)
...
040 (10252913.352.000) 07/24 21:22:38 Started transferring output files
...
040 (10252913.352.000) 07/24 21:22:38 Finished transferring output files
...
005 (10252913.352.000) 07/24 21:22:38 Job terminated.
	(1) Normal termination (return value 0)
		Usr 0 00:00:03, Sys 0 00:00:00  -  Run Remote Usage
		Usr 0 00:00:00, Sys 0 00:00:00  -  Run Local Usage
		Usr 0 00:00:03, Sys 0 00:00:00  -  Total Remote Usage
		Usr 0 00:00:00, Sys 0 00:00:00  -  Total Local Usage
	6204  -  Run Bytes Sent By Job
	409597  -  Run Bytes Received By Job
	6204  -  Total Bytes Sent By Job
	409597  -  Total Bytes Received By Job
	Partitionable Resources :    Usage  Request Allocated 
	   Cpus                 :        0        8         8 
	   Disk (KB)            :      427      425   2799747 
	   Memory (MB)          :        9    16000     16000 

	Job terminated of its own accord at 2024-07-24T19:22:38Z with exit-code 0.
...
000 (10261715.352.000) 07/25 13:01:24 Job submitted from host: <188.185.114.121:9618?addrs=188.185.114.121-9618+[2001-1458-d00-a--100-273]-9618&alias=bigbird19.cern.ch&noUDP&sock=schedd_4961_696e>
...
009 (10261715.352.000) 07/25 13:06:37 Job was aborted.
	via condor_rm (by user yelberke)
...
000 (10261767.352.000) 07/25 13:19:55 Job submitted from host: <188.185.114.121:9618?addrs=188.185.114.121-9618+[2001-1458-d00-a--100-273]-9618&alias=bigbird19.cern.ch&noUDP&sock=schedd_4961_696e>
...
040 (10261767.352.000) 07/25 13:36:00 Started transferring input files
	Transferring to host: <188.185.206.169:9618?addrs=188.185.206.169-9618&alias=b9p06p2599.cern.ch&noUDP&sock=slot1_6_7399_03c6_155613>
...
040 (10261767.352.000) 07/25 13:36:00 Finished transferring input files
...
001 (10261767.352.000) 07/25 13:36:01 Job executing on host: <188.185.206.169:9618?addrs=188.185.206.169-9618&alias=b9p06p2599.cern.ch&noUDP&sock=startd_7329_a9b2>
	SlotName: slot1_6@b9p06p2599.cern.ch
	CondorScratchDir = "/pool/condor/dir_1129323"
	Cpus = 12
	Disk = 2840798
	Memory = 24000
...
006 (10261767.352.000) 07/25 13:36:05 Image size of job updated: 160212
	7  -  MemoryUsage of job (MB)
	6808  -  ResidentSetSize of job (KB)
...
040 (10261767.352.000) 07/25 13:36:05 Started transferring output files
...
040 (10261767.352.000) 07/25 13:36:05 Finished transferring output files
...
005 (10261767.352.000) 07/25 13:36:05 Job terminated.
	(1) Normal termination (return value 0)
		Usr 0 00:00:03, Sys 0 00:00:00  -  Run Remote Usage
		Usr 0 00:00:00, Sys 0 00:00:00  -  Run Local Usage
		Usr 0 00:00:03, Sys 0 00:00:00  -  Total Remote Usage
		Usr 0 00:00:00, Sys 0 00:00:00  -  Total Local Usage
	6204  -  Run Bytes Sent By Job
	409597  -  Run Bytes Received By Job
	6204  -  Total Bytes Sent By Job
	409597  -  Total Bytes Received By Job
	Partitionable Resources :    Usage  Request Allocated 
	   Cpus                 :        0       12        12 
	   Disk (KB)            :      428      425   2840798 
	   Memory (MB)          :        7    24000     24000 

	Job terminated of its own accord at 2024-07-25T11:36:05Z with exit-code 0.
...
000 (10284266.352.000) 08/02 15:45:03 Job submitted from host: <188.185.114.121:9618?addrs=188.185.114.121-9618+[2001-1458-d00-a--100-273]-9618&alias=bigbird19.cern.ch&noUDP&sock=schedd_4961_696e>
...
009 (10284266.352.000) 08/02 15:49:08 Job was aborted.
	via condor_rm (by user yelberke)
...
000 (10284267.352.000) 08/02 15:49:45 Job submitted from host: <188.185.114.121:9618?addrs=188.185.114.121-9618+[2001-1458-d00-a--100-273]-9618&alias=bigbird19.cern.ch&noUDP&sock=schedd_4961_696e>
...
040 (10284267.352.000) 08/02 16:02:13 Started transferring input files
	Transferring to host: <188.185.195.90:9618?addrs=188.185.195.90-9618+[2001-1458-303-22--100-56]-9618&alias=b9p17p1249.cern.ch&noUDP&sock=slot1_10_249153_93ed_238>
...
040 (10284267.352.000) 08/02 16:02:13 Finished transferring input files
...
001 (10284267.352.000) 08/02 16:02:14 Job executing on host: <188.185.195.90:9618?addrs=188.185.195.90-9618+[2001-1458-303-22--100-56]-9618&alias=b9p17p1249.cern.ch&noUDP&sock=startd_888271_99ec>
	SlotName: slot1_10@b9p17p1249.cern.ch
	CondorScratchDir = "/pool/condor/dir_352975"
	Cpus = 12
	Disk = 3082638
	Memory = 24000
...
006 (10284267.352.000) 08/02 16:02:16 Image size of job updated: 319356
	5  -  MemoryUsage of job (MB)
	5016  -  ResidentSetSize of job (KB)
...
040 (10284267.352.000) 08/02 16:02:16 Started transferring output files
...
040 (10284267.352.000) 08/02 16:02:16 Finished transferring output files
...
005 (10284267.352.000) 08/02 16:02:16 Job terminated.
	(1) Normal termination (return value 139)
		Usr 0 00:00:02, Sys 0 00:00:00  -  Run Remote Usage
		Usr 0 00:00:00, Sys 0 00:00:00  -  Run Local Usage
		Usr 0 00:00:02, Sys 0 00:00:00  -  Total Remote Usage
		Usr 0 00:00:00, Sys 0 00:00:00  -  Total Local Usage
	7696  -  Run Bytes Sent By Job
	409597  -  Run Bytes Received By Job
	7696  -  Total Bytes Sent By Job
	409597  -  Total Bytes Received By Job
	Partitionable Resources :    Usage  Request Allocated 
	   Cpus                 :        0       12        12 
	   Disk (KB)            :      429      425   3082638 
	   Memory (MB)          :        5    24000     24000 

	Job terminated of its own accord at 2024-08-02T14:02:16Z with exit-code 139.
...
