000 (10252905.3538.000) 07/24 16:13:20 Job submitted from host: <188.185.114.121:9618?addrs=188.185.114.121-9618+[2001-1458-d00-a--100-273]-9618&alias=bigbird19.cern.ch&noUDP&sock=schedd_4961_696e>
...
009 (10252905.3538.000) 07/24 16:14:50 Job was aborted.
	via condor_rm (by user yelberke)
...
000 (10252906.3538.000) 07/24 16:15:39 Job submitted from host: <188.185.114.121:9618?addrs=188.185.114.121-9618+[2001-1458-d00-a--100-273]-9618&alias=bigbird19.cern.ch&noUDP&sock=schedd_4961_696e>
...
000 (10252907.3538.000) 07/24 16:17:33 Job submitted from host: <188.185.114.121:9618?addrs=188.185.114.121-9618+[2001-1458-d00-a--100-273]-9618&alias=bigbird19.cern.ch&noUDP&sock=schedd_4961_696e>
...
000 (10252908.3538.000) 07/24 16:18:06 Job submitted from host: <188.185.114.121:9618?addrs=188.185.114.121-9618+[2001-1458-d00-a--100-273]-9618&alias=bigbird19.cern.ch&noUDP&sock=schedd_4961_696e>
...
000 (10252909.3538.000) 07/24 16:18:42 Job submitted from host: <188.185.114.121:9618?addrs=188.185.114.121-9618+[2001-1458-d00-a--100-273]-9618&alias=bigbird19.cern.ch&noUDP&sock=schedd_4961_696e>
...
040 (10252906.3538.000) 07/24 16:57:06 Started transferring input files
	Transferring to host: <128.142.161.125:9618?addrs=128.142.161.125-9618+[2001-1458-301-b8--100-3d]-9618&alias=b9g03p3391.cern.ch&noUDP&sock=slot1_10_2388518_c1a1_38027>
...
040 (10252906.3538.000) 07/24 16:57:06 Finished transferring input files
...
001 (10252906.3538.000) 07/24 16:57:07 Job executing on host: <128.142.161.125:9618?addrs=128.142.161.125-9618+[2001-1458-301-b8--100-3d]-9618&alias=b9g03p3391.cern.ch&noUDP&sock=startd_6026_e9cb>
	SlotName: slot1_10@b9g03p3391.cern.ch
	CondorScratchDir = "/pool/condor/dir_1225911"
	Cpus = 8
	Disk = 3186064
	Memory = 16000
...
006 (10252906.3538.000) 07/24 16:57:15 Image size of job updated: 1
	0  -  MemoryUsage of job (MB)
	0  -  ResidentSetSize of job (KB)
...
006 (10252906.3538.000) 07/24 16:57:38 Image size of job updated: 158624
	8  -  MemoryUsage of job (MB)
	7684  -  ResidentSetSize of job (KB)
...
040 (10252906.3538.000) 07/24 16:57:38 Started transferring output files
...
040 (10252906.3538.000) 07/24 16:57:38 Finished transferring output files
...
005 (10252906.3538.000) 07/24 16:57:38 Job terminated.
	(1) Normal termination (return value 0)
		Usr 0 00:00:04, Sys 0 00:00:00  -  Run Remote Usage
		Usr 0 00:00:00, Sys 0 00:00:00  -  Run Local Usage
		Usr 0 00:00:04, Sys 0 00:00:00  -  Total Remote Usage
		Usr 0 00:00:00, Sys 0 00:00:00  -  Total Local Usage
	6201  -  Run Bytes Sent By Job
	409597  -  Run Bytes Received By Job
	6201  -  Total Bytes Sent By Job
	409597  -  Total Bytes Received By Job
	Partitionable Resources :    Usage  Request Allocated 
	   Cpus                 :                 8         8 
	   Disk (KB)            :      420      425   3186064 
	   Memory (MB)          :        8    16000     16000 

	Job terminated of its own accord at 2024-07-24T14:57:38Z with exit-code 0.
...
040 (10252907.3538.000) 07/24 18:09:45 Started transferring input files
	Transferring to host: <188.185.207.23:9618?addrs=188.185.207.23-9618+[2001-1458-303-d--100-14]-9618&alias=b9p07p4705.cern.ch&noUDP&sock=slot1_4_4745_081a_144665>
...
040 (10252907.3538.000) 07/24 18:09:45 Finished transferring input files
...
001 (10252907.3538.000) 07/24 18:09:46 Job executing on host: <188.185.207.23:9618?addrs=188.185.207.23-9618+[2001-1458-303-d--100-14]-9618&alias=b9p07p4705.cern.ch&noUDP&sock=startd_4012_7a0d>
	SlotName: slot1_4@b9p07p4705.cern.ch
	CondorScratchDir = "/pool/condor/dir_2853844"
	Cpus = 8
	Disk = 2778498
	Memory = 16000
...
006 (10252907.3538.000) 07/24 18:09:51 Image size of job updated: 159684
	9  -  MemoryUsage of job (MB)
	8276  -  ResidentSetSize of job (KB)
...
040 (10252907.3538.000) 07/24 18:09:51 Started transferring output files
...
040 (10252907.3538.000) 07/24 18:09:51 Finished transferring output files
...
005 (10252907.3538.000) 07/24 18:09:51 Job terminated.
	(1) Normal termination (return value 0)
		Usr 0 00:00:03, Sys 0 00:00:00  -  Run Remote Usage
		Usr 0 00:00:00, Sys 0 00:00:00  -  Run Local Usage
		Usr 0 00:00:03, Sys 0 00:00:00  -  Total Remote Usage
		Usr 0 00:00:00, Sys 0 00:00:00  -  Total Local Usage
	6204  -  Run Bytes Sent By Job
	409597  -  Run Bytes Received By Job
	6204  -  Total Bytes Sent By Job
	409597  -  Total Bytes Received By Job
	Partitionable Resources :    Usage  Request Allocated 
	   Cpus                 :        0        8         8 
	   Disk (KB)            :      427      425   2778498 
	   Memory (MB)          :        9    16000     16000 

	Job terminated of its own accord at 2024-07-24T16:09:51Z with exit-code 0.
...
040 (10252908.3538.000) 07/24 19:16:28 Started transferring input files
	Transferring to host: <188.185.206.220:9618?addrs=188.185.206.220-9618&alias=b9p06p0934.cern.ch&noUDP&sock=slot1_15_17773_6fac_155295>
...
040 (10252908.3538.000) 07/24 19:16:28 Finished transferring input files
...
001 (10252908.3538.000) 07/24 19:16:29 Job executing on host: <188.185.206.220:9618?addrs=188.185.206.220-9618&alias=b9p06p0934.cern.ch&noUDP&sock=startd_16758_2c2f>
	SlotName: slot1_15@b9p06p0934.cern.ch
	CondorScratchDir = "/pool/condor/dir_1366295"
	Cpus = 8
	Disk = 2594134
	Memory = 16000
...
006 (10252908.3538.000) 07/24 19:16:33 Image size of job updated: 158220
	8  -  MemoryUsage of job (MB)
	7280  -  ResidentSetSize of job (KB)
...
040 (10252908.3538.000) 07/24 19:16:33 Started transferring output files
...
040 (10252908.3538.000) 07/24 19:16:33 Finished transferring output files
...
005 (10252908.3538.000) 07/24 19:16:33 Job terminated.
	(1) Normal termination (return value 0)
		Usr 0 00:00:03, Sys 0 00:00:00  -  Run Remote Usage
		Usr 0 00:00:00, Sys 0 00:00:00  -  Run Local Usage
		Usr 0 00:00:03, Sys 0 00:00:00  -  Total Remote Usage
		Usr 0 00:00:00, Sys 0 00:00:00  -  Total Local Usage
	6204  -  Run Bytes Sent By Job
	409597  -  Run Bytes Received By Job
	6204  -  Total Bytes Sent By Job
	409597  -  Total Bytes Received By Job
	Partitionable Resources :    Usage  Request Allocated 
	   Cpus                 :        0        8         8 
	   Disk (KB)            :      428      425   2594134 
	   Memory (MB)          :        8    16000     16000 

	Job terminated of its own accord at 2024-07-24T17:16:33Z with exit-code 0.
...
040 (10252909.3538.000) 07/24 20:15:49 Started transferring input files
	Transferring to host: <188.185.208.185:9618?addrs=188.185.208.185-9618+[2001-1458-303-10--100-36]-9618&alias=b9p10p0336.cern.ch&noUDP&sock=slot1_10_9706_8144_143669>
...
040 (10252909.3538.000) 07/24 20:15:49 Finished transferring input files
...
001 (10252909.3538.000) 07/24 20:15:50 Job executing on host: <188.185.208.185:9618?addrs=188.185.208.185-9618+[2001-1458-303-10--100-36]-9618&alias=b9p10p0336.cern.ch&noUDP&sock=startd_8284_b6a4>
	SlotName: slot1_10@b9p10p0336.cern.ch
	CondorScratchDir = "/pool/condor/dir_1094002"
	Cpus = 8
	Disk = 2791919
	Memory = 16000
...
006 (10252909.3538.000) 07/24 20:15:54 Image size of job updated: 160456
	9  -  MemoryUsage of job (MB)
	8276  -  ResidentSetSize of job (KB)
...
040 (10252909.3538.000) 07/24 20:15:54 Started transferring output files
...
040 (10252909.3538.000) 07/24 20:15:54 Finished transferring output files
...
005 (10252909.3538.000) 07/24 20:15:54 Job terminated.
	(1) Normal termination (return value 0)
		Usr 0 00:00:03, Sys 0 00:00:00  -  Run Remote Usage
		Usr 0 00:00:00, Sys 0 00:00:00  -  Run Local Usage
		Usr 0 00:00:03, Sys 0 00:00:00  -  Total Remote Usage
		Usr 0 00:00:00, Sys 0 00:00:00  -  Total Local Usage
	6204  -  Run Bytes Sent By Job
	409597  -  Run Bytes Received By Job
	6204  -  Total Bytes Sent By Job
	409597  -  Total Bytes Received By Job
	Partitionable Resources :    Usage  Request Allocated 
	   Cpus                 :        0        8         8 
	   Disk (KB)            :      427      425   2791919 
	   Memory (MB)          :        9    16000     16000 

	Job terminated of its own accord at 2024-07-24T18:15:54Z with exit-code 0.
...
000 (10261715.3538.000) 07/25 13:02:51 Job submitted from host: <188.185.114.121:9618?addrs=188.185.114.121-9618+[2001-1458-d00-a--100-273]-9618&alias=bigbird19.cern.ch&noUDP&sock=schedd_4961_696e>
...
009 (10261715.3538.000) 07/25 13:06:57 Job was aborted.
	via condor_rm (by user yelberke)
...
000 (10261767.3538.000) 07/25 13:20:35 Job submitted from host: <188.185.114.121:9618?addrs=188.185.114.121-9618+[2001-1458-d00-a--100-273]-9618&alias=bigbird19.cern.ch&noUDP&sock=schedd_4961_696e>
...
040 (10261767.3538.000) 07/25 14:37:51 Started transferring input files
	Transferring to host: <188.185.208.231:9618?addrs=188.185.208.231-9618+[2001-1458-303-10--100-64]-9618&alias=b9p10p4449.cern.ch&noUDP&sock=slot1_13_129450_fc49_37698>
...
040 (10261767.3538.000) 07/25 14:37:51 Finished transferring input files
...
001 (10261767.3538.000) 07/25 14:37:52 Job executing on host: <188.185.208.231:9618?addrs=188.185.208.231-9618+[2001-1458-303-10--100-64]-9618&alias=b9p10p4449.cern.ch&noUDP&sock=startd_118945_f47e>
	SlotName: slot1_13@b9p10p4449.cern.ch
	CondorScratchDir = "/pool/condor/dir_656947"
	Cpus = 12
	Disk = 2737674
	Memory = 24000
...
006 (10261767.3538.000) 07/25 14:37:56 Image size of job updated: 160996
	7  -  MemoryUsage of job (MB)
	7148  -  ResidentSetSize of job (KB)
...
040 (10261767.3538.000) 07/25 14:37:56 Started transferring output files
...
040 (10261767.3538.000) 07/25 14:37:56 Finished transferring output files
...
005 (10261767.3538.000) 07/25 14:37:56 Job terminated.
	(1) Normal termination (return value 0)
		Usr 0 00:00:03, Sys 0 00:00:00  -  Run Remote Usage
		Usr 0 00:00:00, Sys 0 00:00:00  -  Run Local Usage
		Usr 0 00:00:03, Sys 0 00:00:00  -  Total Remote Usage
		Usr 0 00:00:00, Sys 0 00:00:00  -  Total Local Usage
	6676  -  Run Bytes Sent By Job
	409597  -  Run Bytes Received By Job
	6676  -  Total Bytes Sent By Job
	409597  -  Total Bytes Received By Job
	Partitionable Resources :    Usage  Request Allocated 
	   Cpus                 :        0       12        12 
	   Disk (KB)            :      429      425   2737674 
	   Memory (MB)          :        7    24000     24000 

	Job terminated of its own accord at 2024-07-25T12:37:56Z with exit-code 0.
...
000 (10284266.3538.000) 08/02 15:46:34 Job submitted from host: <188.185.114.121:9618?addrs=188.185.114.121-9618+[2001-1458-d00-a--100-273]-9618&alias=bigbird19.cern.ch&noUDP&sock=schedd_4961_696e>
...
000 (10284267.3538.000) 08/02 15:50:04 Job submitted from host: <188.185.114.121:9618?addrs=188.185.114.121-9618+[2001-1458-d00-a--100-273]-9618&alias=bigbird19.cern.ch&noUDP&sock=schedd_4961_696e>
...
009 (10284266.3538.000) 08/02 15:50:25 Job was aborted.
	via condor_rm (by user yelberke)
...
040 (10284267.3538.000) 08/02 16:49:04 Started transferring input files
	Transferring to host: <188.185.206.164:9618?addrs=188.185.206.164-9618&alias=b9p06p6630.cern.ch&noUDP&sock=slot1_5_6652_af88_165887>
...
040 (10284267.3538.000) 08/02 16:49:04 Finished transferring input files
...
001 (10284267.3538.000) 08/02 16:49:05 Job executing on host: <188.185.206.164:9618?addrs=188.185.206.164-9618&alias=b9p06p6630.cern.ch&noUDP&sock=startd_6377_ab89>
	SlotName: slot1_5@b9p06p6630.cern.ch
	CondorScratchDir = "/pool/condor/dir_1038610"
	Cpus = 12
	Disk = 2822040
	Memory = 24000
...
006 (10284267.3538.000) 08/02 16:49:06 Image size of job updated: 326444
	6  -  MemoryUsage of job (MB)
	5468  -  ResidentSetSize of job (KB)
...
040 (10284267.3538.000) 08/02 16:49:07 Started transferring output files
...
040 (10284267.3538.000) 08/02 16:49:07 Finished transferring output files
...
005 (10284267.3538.000) 08/02 16:49:07 Job terminated.
	(1) Normal termination (return value 139)
		Usr 0 00:00:01, Sys 0 00:00:00  -  Run Remote Usage
		Usr 0 00:00:00, Sys 0 00:00:00  -  Run Local Usage
		Usr 0 00:00:01, Sys 0 00:00:00  -  Total Remote Usage
		Usr 0 00:00:00, Sys 0 00:00:00  -  Total Local Usage
	7696  -  Run Bytes Sent By Job
	409597  -  Run Bytes Received By Job
	7696  -  Total Bytes Sent By Job
	409597  -  Total Bytes Received By Job
	Partitionable Resources :    Usage  Request Allocated 
	   Cpus                 :        0       12        12 
	   Disk (KB)            :      429      425   2822040 
	   Memory (MB)          :        6    24000     24000 

	Job terminated of its own accord at 2024-08-02T14:49:06Z with exit-code 139.
...
