000 (10252905.3542.000) 07/24 16:13:20 Job submitted from host: <188.185.114.121:9618?addrs=188.185.114.121-9618+[2001-1458-d00-a--100-273]-9618&alias=bigbird19.cern.ch&noUDP&sock=schedd_4961_696e>
...
009 (10252905.3542.000) 07/24 16:14:50 Job was aborted.
	via condor_rm (by user yelberke)
...
000 (10252906.3542.000) 07/24 16:15:39 Job submitted from host: <188.185.114.121:9618?addrs=188.185.114.121-9618+[2001-1458-d00-a--100-273]-9618&alias=bigbird19.cern.ch&noUDP&sock=schedd_4961_696e>
...
000 (10252907.3542.000) 07/24 16:17:33 Job submitted from host: <188.185.114.121:9618?addrs=188.185.114.121-9618+[2001-1458-d00-a--100-273]-9618&alias=bigbird19.cern.ch&noUDP&sock=schedd_4961_696e>
...
000 (10252908.3542.000) 07/24 16:18:06 Job submitted from host: <188.185.114.121:9618?addrs=188.185.114.121-9618+[2001-1458-d00-a--100-273]-9618&alias=bigbird19.cern.ch&noUDP&sock=schedd_4961_696e>
...
000 (10252909.3542.000) 07/24 16:18:42 Job submitted from host: <188.185.114.121:9618?addrs=188.185.114.121-9618+[2001-1458-d00-a--100-273]-9618&alias=bigbird19.cern.ch&noUDP&sock=schedd_4961_696e>
...
040 (10252906.3542.000) 07/24 16:57:07 Started transferring input files
	Transferring to host: <188.185.198.38:9618?addrs=188.185.198.38-9618+[2001-1458-303-25--100-22]-9618&alias=b9p15p9841.cern.ch&noUDP&sock=slot1_4_138193_384d_31275>
...
040 (10252906.3542.000) 07/24 16:57:07 Finished transferring input files
...
001 (10252906.3542.000) 07/24 16:57:08 Job executing on host: <188.185.198.38:9618?addrs=188.185.198.38-9618+[2001-1458-303-25--100-22]-9618&alias=b9p15p9841.cern.ch&noUDP&sock=startd_127617_39ca>
	SlotName: slot1_4@b9p15p9841.cern.ch
	CondorScratchDir = "/pool/condor/dir_1179022"
	Cpus = 8
	Disk = 2930605
	Memory = 16000
...
006 (10252906.3542.000) 07/24 16:57:14 Image size of job updated: 166340
	12  -  MemoryUsage of job (MB)
	12076  -  ResidentSetSize of job (KB)
...
040 (10252906.3542.000) 07/24 16:57:14 Started transferring output files
...
040 (10252906.3542.000) 07/24 16:57:14 Finished transferring output files
...
005 (10252906.3542.000) 07/24 16:57:14 Job terminated.
	(1) Normal termination (return value 0)
		Usr 0 00:00:04, Sys 0 00:00:00  -  Run Remote Usage
		Usr 0 00:00:00, Sys 0 00:00:00  -  Run Local Usage
		Usr 0 00:00:04, Sys 0 00:00:00  -  Total Remote Usage
		Usr 0 00:00:00, Sys 0 00:00:00  -  Total Local Usage
	6201  -  Run Bytes Sent By Job
	409597  -  Run Bytes Received By Job
	6201  -  Total Bytes Sent By Job
	409597  -  Total Bytes Received By Job
	Partitionable Resources :    Usage  Request Allocated 
	   Cpus                 :        0        8         8 
	   Disk (KB)            :      428      425   2930605 
	   Memory (MB)          :       12    16000     16000 

	Job terminated of its own accord at 2024-07-24T14:57:14Z with exit-code 0.
...
040 (10252907.3542.000) 07/24 18:09:46 Started transferring input files
	Transferring to host: <188.185.205.120:9618?addrs=188.185.205.120-9618+[2001-1458-303-9--100-75]-9618&alias=b9p03p5898.cern.ch&noUDP&sock=slot1_2_6808_9a0e_155779>
...
040 (10252907.3542.000) 07/24 18:09:46 Finished transferring input files
...
001 (10252907.3542.000) 07/24 18:09:47 Job executing on host: <188.185.205.120:9618?addrs=188.185.205.120-9618+[2001-1458-303-9--100-75]-9618&alias=b9p03p5898.cern.ch&noUDP&sock=startd_6734_8ad8>
	SlotName: slot1_2@b9p03p5898.cern.ch
	CondorScratchDir = "/pool/condor/dir_2702584"
	Cpus = 8
	Disk = 2727860
	Memory = 16000
...
006 (10252907.3542.000) 07/24 18:09:51 Image size of job updated: 158916
	7  -  MemoryUsage of job (MB)
	6996  -  ResidentSetSize of job (KB)
...
040 (10252907.3542.000) 07/24 18:09:51 Started transferring output files
...
040 (10252907.3542.000) 07/24 18:09:51 Finished transferring output files
...
005 (10252907.3542.000) 07/24 18:09:51 Job terminated.
	(1) Normal termination (return value 0)
		Usr 0 00:00:03, Sys 0 00:00:00  -  Run Remote Usage
		Usr 0 00:00:00, Sys 0 00:00:00  -  Run Local Usage
		Usr 0 00:00:03, Sys 0 00:00:00  -  Total Remote Usage
		Usr 0 00:00:00, Sys 0 00:00:00  -  Total Local Usage
	6204  -  Run Bytes Sent By Job
	409597  -  Run Bytes Received By Job
	6204  -  Total Bytes Sent By Job
	409597  -  Total Bytes Received By Job
	Partitionable Resources :    Usage  Request Allocated 
	   Cpus                 :        0        8         8 
	   Disk (KB)            :      427      425   2727860 
	   Memory (MB)          :        7    16000     16000 

	Job terminated of its own accord at 2024-07-24T16:09:51Z with exit-code 0.
...
040 (10252908.3542.000) 07/24 19:16:30 Started transferring input files
	Transferring to host: <188.185.206.220:9618?addrs=188.185.206.220-9618&alias=b9p06p0934.cern.ch&noUDP&sock=slot1_9_17773_6fac_155297>
...
040 (10252908.3542.000) 07/24 19:16:30 Finished transferring input files
...
001 (10252908.3542.000) 07/24 19:16:31 Job executing on host: <188.185.206.220:9618?addrs=188.185.206.220-9618&alias=b9p06p0934.cern.ch&noUDP&sock=startd_16758_2c2f>
	SlotName: slot1_9@b9p06p0934.cern.ch
	CondorScratchDir = "/pool/condor/dir_1366842"
	Cpus = 8
	Disk = 2593651
	Memory = 16000
...
006 (10252908.3542.000) 07/24 19:16:35 Image size of job updated: 158020
	7  -  MemoryUsage of job (MB)
	6960  -  ResidentSetSize of job (KB)
...
040 (10252908.3542.000) 07/24 19:16:35 Started transferring output files
...
040 (10252908.3542.000) 07/24 19:16:35 Finished transferring output files
...
005 (10252908.3542.000) 07/24 19:16:35 Job terminated.
	(1) Normal termination (return value 0)
		Usr 0 00:00:03, Sys 0 00:00:00  -  Run Remote Usage
		Usr 0 00:00:00, Sys 0 00:00:00  -  Run Local Usage
		Usr 0 00:00:03, Sys 0 00:00:00  -  Total Remote Usage
		Usr 0 00:00:00, Sys 0 00:00:00  -  Total Local Usage
	6204  -  Run Bytes Sent By Job
	409597  -  Run Bytes Received By Job
	6204  -  Total Bytes Sent By Job
	409597  -  Total Bytes Received By Job
	Partitionable Resources :    Usage  Request Allocated 
	   Cpus                 :        0        8         8 
	   Disk (KB)            :      428      425   2593651 
	   Memory (MB)          :        7    16000     16000 

	Job terminated of its own accord at 2024-07-24T17:16:35Z with exit-code 0.
...
040 (10252909.3542.000) 07/24 20:15:50 Started transferring input files
	Transferring to host: <188.185.208.135:9618?addrs=188.185.208.135-9618+[2001-1458-303-10--100-4]-9618&alias=b9p10p6130.cern.ch&noUDP&sock=slot1_2_20152_a82d_25508>
...
040 (10252909.3542.000) 07/24 20:15:50 Finished transferring input files
...
001 (10252909.3542.000) 07/24 20:15:51 Job executing on host: <188.185.208.135:9618?addrs=188.185.208.135-9618+[2001-1458-303-10--100-4]-9618&alias=b9p10p6130.cern.ch&noUDP&sock=startd_19164_7d0d>
	SlotName: slot1_2@b9p10p6130.cern.ch
	CondorScratchDir = "/pool/condor/dir_944693"
	Cpus = 8
	Disk = 2921931
	Memory = 16000
...
006 (10252909.3542.000) 07/24 20:15:55 Image size of job updated: 159900
	8  -  MemoryUsage of job (MB)
	7980  -  ResidentSetSize of job (KB)
...
040 (10252909.3542.000) 07/24 20:15:55 Started transferring output files
...
040 (10252909.3542.000) 07/24 20:15:55 Finished transferring output files
...
005 (10252909.3542.000) 07/24 20:15:55 Job terminated.
	(1) Normal termination (return value 0)
		Usr 0 00:00:03, Sys 0 00:00:00  -  Run Remote Usage
		Usr 0 00:00:00, Sys 0 00:00:00  -  Run Local Usage
		Usr 0 00:00:03, Sys 0 00:00:00  -  Total Remote Usage
		Usr 0 00:00:00, Sys 0 00:00:00  -  Total Local Usage
	6204  -  Run Bytes Sent By Job
	409597  -  Run Bytes Received By Job
	6204  -  Total Bytes Sent By Job
	409597  -  Total Bytes Received By Job
	Partitionable Resources :    Usage  Request Allocated 
	   Cpus                 :        0        8         8 
	   Disk (KB)            :      427      425   2921931 
	   Memory (MB)          :        8    16000     16000 

	Job terminated of its own accord at 2024-07-24T18:15:55Z with exit-code 0.
...
000 (10261715.3542.000) 07/25 13:02:51 Job submitted from host: <188.185.114.121:9618?addrs=188.185.114.121-9618+[2001-1458-d00-a--100-273]-9618&alias=bigbird19.cern.ch&noUDP&sock=schedd_4961_696e>
...
009 (10261715.3542.000) 07/25 13:06:57 Job was aborted.
	via condor_rm (by user yelberke)
...
000 (10261767.3542.000) 07/25 13:20:35 Job submitted from host: <188.185.114.121:9618?addrs=188.185.114.121-9618+[2001-1458-d00-a--100-273]-9618&alias=bigbird19.cern.ch&noUDP&sock=schedd_4961_696e>
...
040 (10261767.3542.000) 07/25 14:37:50 Started transferring input files
	Transferring to host: <188.185.198.54:9618?addrs=188.185.198.54-9618+[2001-1458-303-25--100-32]-9618&alias=b9p15p4535.cern.ch&noUDP&sock=slot1_9_3158745_5b1a_7063>
...
040 (10261767.3542.000) 07/25 14:37:50 Finished transferring input files
...
001 (10261767.3542.000) 07/25 14:37:51 Job executing on host: <188.185.198.54:9618?addrs=188.185.198.54-9618+[2001-1458-303-25--100-32]-9618&alias=b9p15p4535.cern.ch&noUDP&sock=startd_128012_29b3>
	SlotName: slot1_9@b9p15p4535.cern.ch
	CondorScratchDir = "/pool/condor/dir_3614981"
	Cpus = 12
	Disk = 3005254
	Memory = 24000
...
006 (10261767.3542.000) 07/25 14:37:56 Image size of job updated: 160328
	7  -  MemoryUsage of job (MB)
	6184  -  ResidentSetSize of job (KB)
...
040 (10261767.3542.000) 07/25 14:37:56 Started transferring output files
...
040 (10261767.3542.000) 07/25 14:37:57 Finished transferring output files
...
005 (10261767.3542.000) 07/25 14:37:57 Job terminated.
	(1) Normal termination (return value 0)
		Usr 0 00:00:04, Sys 0 00:00:00  -  Run Remote Usage
		Usr 0 00:00:00, Sys 0 00:00:00  -  Run Local Usage
		Usr 0 00:00:04, Sys 0 00:00:00  -  Total Remote Usage
		Usr 0 00:00:00, Sys 0 00:00:00  -  Total Local Usage
	6676  -  Run Bytes Sent By Job
	409597  -  Run Bytes Received By Job
	6676  -  Total Bytes Sent By Job
	409597  -  Total Bytes Received By Job
	Partitionable Resources :    Usage  Request Allocated 
	   Cpus                 :        0       12        12 
	   Disk (KB)            :      428      425   3005254 
	   Memory (MB)          :        7    24000     24000 

	Job terminated of its own accord at 2024-07-25T12:37:56Z with exit-code 0.
...
000 (10284266.3542.000) 08/02 15:46:34 Job submitted from host: <188.185.114.121:9618?addrs=188.185.114.121-9618+[2001-1458-d00-a--100-273]-9618&alias=bigbird19.cern.ch&noUDP&sock=schedd_4961_696e>
...
000 (10284267.3542.000) 08/02 15:50:04 Job submitted from host: <188.185.114.121:9618?addrs=188.185.114.121-9618+[2001-1458-d00-a--100-273]-9618&alias=bigbird19.cern.ch&noUDP&sock=schedd_4961_696e>
...
009 (10284266.3542.000) 08/02 15:50:25 Job was aborted.
	via condor_rm (by user yelberke)
...
040 (10284267.3542.000) 08/02 16:49:06 Started transferring input files
	Transferring to host: <188.185.208.150:9618?addrs=188.185.208.150-9618+[2001-1458-303-10--100-13]-9618&alias=b9p10p3260.cern.ch&noUDP&sock=slot1_10_5749_70c3_152628>
...
040 (10284267.3542.000) 08/02 16:49:06 Finished transferring input files
...
001 (10284267.3542.000) 08/02 16:49:07 Job executing on host: <188.185.208.150:9618?addrs=188.185.208.150-9618+[2001-1458-303-10--100-13]-9618&alias=b9p10p3260.cern.ch&noUDP&sock=startd_4761_3a7d>
	SlotName: slot1_10@b9p10p3260.cern.ch
	CondorScratchDir = "/pool/condor/dir_1989491"
	Cpus = 12
	Disk = 2662887
	Memory = 24000
...
006 (10284267.3542.000) 08/02 16:49:09 Image size of job updated: 325144
	3  -  MemoryUsage of job (MB)
	2480  -  ResidentSetSize of job (KB)
...
040 (10284267.3542.000) 08/02 16:49:09 Started transferring output files
...
040 (10284267.3542.000) 08/02 16:49:09 Finished transferring output files
...
005 (10284267.3542.000) 08/02 16:49:09 Job terminated.
	(1) Normal termination (return value 139)
		Usr 0 00:00:02, Sys 0 00:00:00  -  Run Remote Usage
		Usr 0 00:00:00, Sys 0 00:00:00  -  Run Local Usage
		Usr 0 00:00:02, Sys 0 00:00:00  -  Total Remote Usage
		Usr 0 00:00:00, Sys 0 00:00:00  -  Total Local Usage
	7696  -  Run Bytes Sent By Job
	409597  -  Run Bytes Received By Job
	7696  -  Total Bytes Sent By Job
	409597  -  Total Bytes Received By Job
	Partitionable Resources :    Usage  Request Allocated 
	   Cpus                 :        0       12        12 
	   Disk (KB)            :      430      425   2662887 
	   Memory (MB)          :        3    24000     24000 

	Job terminated of its own accord at 2024-08-02T14:49:09Z with exit-code 139.
...
