000 (10252905.3610.000) 07/24 16:13:20 Job submitted from host: <188.185.114.121:9618?addrs=188.185.114.121-9618+[2001-1458-d00-a--100-273]-9618&alias=bigbird19.cern.ch&noUDP&sock=schedd_4961_696e>
...
009 (10252905.3610.000) 07/24 16:14:50 Job was aborted.
	via condor_rm (by user yelberke)
...
000 (10252906.3610.000) 07/24 16:15:39 Job submitted from host: <188.185.114.121:9618?addrs=188.185.114.121-9618+[2001-1458-d00-a--100-273]-9618&alias=bigbird19.cern.ch&noUDP&sock=schedd_4961_696e>
...
000 (10252907.3610.000) 07/24 16:17:33 Job submitted from host: <188.185.114.121:9618?addrs=188.185.114.121-9618+[2001-1458-d00-a--100-273]-9618&alias=bigbird19.cern.ch&noUDP&sock=schedd_4961_696e>
...
000 (10252908.3610.000) 07/24 16:18:06 Job submitted from host: <188.185.114.121:9618?addrs=188.185.114.121-9618+[2001-1458-d00-a--100-273]-9618&alias=bigbird19.cern.ch&noUDP&sock=schedd_4961_696e>
...
000 (10252909.3610.000) 07/24 16:18:42 Job submitted from host: <188.185.114.121:9618?addrs=188.185.114.121-9618+[2001-1458-d00-a--100-273]-9618&alias=bigbird19.cern.ch&noUDP&sock=schedd_4961_696e>
...
040 (10252906.3610.000) 07/24 17:01:15 Started transferring input files
	Transferring to host: <188.185.206.214:9618?addrs=188.185.206.214-9618&alias=b9p06p3950.cern.ch&noUDP&sock=slot1_5_6862_a650_155153>
...
040 (10252906.3610.000) 07/24 17:01:15 Finished transferring input files
...
001 (10252906.3610.000) 07/24 17:01:16 Job executing on host: <188.185.206.214:9618?addrs=188.185.206.214-9618&alias=b9p06p3950.cern.ch&noUDP&sock=startd_6793_02ee>
	SlotName: slot1_5@b9p06p3950.cern.ch
	CondorScratchDir = "/pool/condor/dir_199243"
	Cpus = 8
	Disk = 2661607
	Memory = 16000
...
006 (10252906.3610.000) 07/24 17:01:22 Image size of job updated: 368340
	212  -  MemoryUsage of job (MB)
	216100  -  ResidentSetSize of job (KB)
...
040 (10252906.3610.000) 07/24 17:01:22 Started transferring output files
...
040 (10252906.3610.000) 07/24 17:01:22 Finished transferring output files
...
005 (10252906.3610.000) 07/24 17:01:22 Job terminated.
	(1) Normal termination (return value 0)
		Usr 0 00:00:03, Sys 0 00:00:00  -  Run Remote Usage
		Usr 0 00:00:00, Sys 0 00:00:00  -  Run Local Usage
		Usr 0 00:00:03, Sys 0 00:00:00  -  Total Remote Usage
		Usr 0 00:00:00, Sys 0 00:00:00  -  Total Local Usage
	6201  -  Run Bytes Sent By Job
	409597  -  Run Bytes Received By Job
	6201  -  Total Bytes Sent By Job
	409597  -  Total Bytes Received By Job
	Partitionable Resources :    Usage  Request Allocated 
	   Cpus                 :        0        8         8 
	   Disk (KB)            :      427      425   2661607 
	   Memory (MB)          :      212    16000     16000 

	Job terminated of its own accord at 2024-07-24T15:01:22Z with exit-code 0.
...
040 (10252907.3610.000) 07/24 18:12:07 Started transferring input files
	Transferring to host: <188.185.209.87:9618?addrs=188.185.209.87-9618+[2001-1458-303-11--100-54]-9618&alias=b9p11p2849.cern.ch&noUDP&sock=slot1_5_5335_bd72_142924>
...
040 (10252907.3610.000) 07/24 18:12:07 Finished transferring input files
...
001 (10252907.3610.000) 07/24 18:12:08 Job executing on host: <188.185.209.87:9618?addrs=188.185.209.87-9618+[2001-1458-303-11--100-54]-9618&alias=b9p11p2849.cern.ch&noUDP&sock=startd_4300_0554>
	SlotName: slot1_5@b9p11p2849.cern.ch
	CondorScratchDir = "/pool/condor/dir_2810813"
	Cpus = 8
	Disk = 2830422
	Memory = 16000
...
006 (10252907.3610.000) 07/24 18:12:12 Image size of job updated: 159736
	8  -  MemoryUsage of job (MB)
	7568  -  ResidentSetSize of job (KB)
...
040 (10252907.3610.000) 07/24 18:12:12 Started transferring output files
...
040 (10252907.3610.000) 07/24 18:12:12 Finished transferring output files
...
005 (10252907.3610.000) 07/24 18:12:12 Job terminated.
	(1) Normal termination (return value 0)
		Usr 0 00:00:03, Sys 0 00:00:00  -  Run Remote Usage
		Usr 0 00:00:00, Sys 0 00:00:00  -  Run Local Usage
		Usr 0 00:00:03, Sys 0 00:00:00  -  Total Remote Usage
		Usr 0 00:00:00, Sys 0 00:00:00  -  Total Local Usage
	6204  -  Run Bytes Sent By Job
	409597  -  Run Bytes Received By Job
	6204  -  Total Bytes Sent By Job
	409597  -  Total Bytes Received By Job
	Partitionable Resources :    Usage  Request Allocated 
	   Cpus                 :        0        8         8 
	   Disk (KB)            :      427      425   2830422 
	   Memory (MB)          :        8    16000     16000 

	Job terminated of its own accord at 2024-07-24T16:12:12Z with exit-code 0.
...
040 (10252908.3610.000) 07/24 19:17:15 Started transferring input files
	Transferring to host: <188.185.194.76:9618?addrs=188.185.194.76-9618+[2001-1458-303-21--100-48]-9618&alias=b9p20p3147.cern.ch&noUDP&sock=slot1_1_3958359_c15e_5303>
...
040 (10252908.3610.000) 07/24 19:17:15 Finished transferring input files
...
001 (10252908.3610.000) 07/24 19:17:16 Job executing on host: <188.185.194.76:9618?addrs=188.185.194.76-9618+[2001-1458-303-21--100-48]-9618&alias=b9p20p3147.cern.ch&noUDP&sock=startd_128422_6387>
	SlotName: slot1_1@b9p20p3147.cern.ch
	CondorScratchDir = "/pool/condor/dir_504942"
	Cpus = 8
	Disk = 2951638
	Memory = 16000
...
006 (10252908.3610.000) 07/24 19:17:22 Image size of job updated: 157740
	7  -  MemoryUsage of job (MB)
	6572  -  ResidentSetSize of job (KB)
...
040 (10252908.3610.000) 07/24 19:17:22 Started transferring output files
...
040 (10252908.3610.000) 07/24 19:17:22 Finished transferring output files
...
005 (10252908.3610.000) 07/24 19:17:22 Job terminated.
	(1) Normal termination (return value 0)
		Usr 0 00:00:05, Sys 0 00:00:00  -  Run Remote Usage
		Usr 0 00:00:00, Sys 0 00:00:00  -  Run Local Usage
		Usr 0 00:00:05, Sys 0 00:00:00  -  Total Remote Usage
		Usr 0 00:00:00, Sys 0 00:00:00  -  Total Local Usage
	6204  -  Run Bytes Sent By Job
	409597  -  Run Bytes Received By Job
	6204  -  Total Bytes Sent By Job
	409597  -  Total Bytes Received By Job
	Partitionable Resources :    Usage  Request Allocated 
	   Cpus                 :        0        8         8 
	   Disk (KB)            :      427      425   2951638 
	   Memory (MB)          :        7    16000     16000 

	Job terminated of its own accord at 2024-07-24T17:17:22Z with exit-code 0.
...
040 (10252909.3610.000) 07/24 20:16:13 Started transferring input files
	Transferring to host: <188.185.207.40:9618?addrs=188.185.207.40-9618+[2001-1458-303-d--100-25]-9618&alias=b9p07p2176.cern.ch&noUDP&sock=slot1_15_36687_0f6d_24604>
...
040 (10252909.3610.000) 07/24 20:16:13 Finished transferring input files
...
001 (10252909.3610.000) 07/24 20:16:14 Job executing on host: <188.185.207.40:9618?addrs=188.185.207.40-9618+[2001-1458-303-d--100-25]-9618&alias=b9p07p2176.cern.ch&noUDP&sock=startd_35168_e6bd>
	SlotName: slot1_15@b9p07p2176.cern.ch
	CondorScratchDir = "/pool/condor/dir_645248"
	Cpus = 8
	Disk = 2990509
	Memory = 16000
...
006 (10252909.3610.000) 07/24 20:16:18 Image size of job updated: 157180
	7  -  MemoryUsage of job (MB)
	6740  -  ResidentSetSize of job (KB)
...
040 (10252909.3610.000) 07/24 20:16:18 Started transferring output files
...
040 (10252909.3610.000) 07/24 20:16:18 Finished transferring output files
...
005 (10252909.3610.000) 07/24 20:16:18 Job terminated.
	(1) Normal termination (return value 0)
		Usr 0 00:00:03, Sys 0 00:00:00  -  Run Remote Usage
		Usr 0 00:00:00, Sys 0 00:00:00  -  Run Local Usage
		Usr 0 00:00:03, Sys 0 00:00:00  -  Total Remote Usage
		Usr 0 00:00:00, Sys 0 00:00:00  -  Total Local Usage
	6204  -  Run Bytes Sent By Job
	409597  -  Run Bytes Received By Job
	6204  -  Total Bytes Sent By Job
	409597  -  Total Bytes Received By Job
	Partitionable Resources :    Usage  Request Allocated 
	   Cpus                 :        0        8         8 
	   Disk (KB)            :      427      425   2990509 
	   Memory (MB)          :        7    16000     16000 

	Job terminated of its own accord at 2024-07-24T18:16:18Z with exit-code 0.
...
000 (10261715.3610.000) 07/25 13:02:53 Job submitted from host: <188.185.114.121:9618?addrs=188.185.114.121-9618+[2001-1458-d00-a--100-273]-9618&alias=bigbird19.cern.ch&noUDP&sock=schedd_4961_696e>
...
009 (10261715.3610.000) 07/25 13:06:57 Job was aborted.
	via condor_rm (by user yelberke)
...
000 (10261767.3610.000) 07/25 13:20:35 Job submitted from host: <188.185.114.121:9618?addrs=188.185.114.121-9618+[2001-1458-d00-a--100-273]-9618&alias=bigbird19.cern.ch&noUDP&sock=schedd_4961_696e>
...
040 (10261767.3610.000) 07/25 14:38:14 Started transferring input files
	Transferring to host: <188.185.194.113:9618?addrs=188.185.194.113-9618+[2001-1458-303-21--100-6d]-9618&alias=b9p20p1163.cern.ch&noUDP&sock=slot1_2_1693239_cd90_6046>
...
040 (10261767.3610.000) 07/25 14:38:14 Finished transferring input files
...
001 (10261767.3610.000) 07/25 14:38:15 Job executing on host: <188.185.194.113:9618?addrs=188.185.194.113-9618+[2001-1458-303-21--100-6d]-9618&alias=b9p20p1163.cern.ch&noUDP&sock=startd_127943_d5aa>
	SlotName: slot1_2@b9p20p1163.cern.ch
	CondorScratchDir = "/pool/condor/dir_1848588"
	Cpus = 12
	Disk = 3022558
	Memory = 24000
...
006 (10261767.3610.000) 07/25 14:38:24 Image size of job updated: 151008
	146  -  MemoryUsage of job (MB)
	149372  -  ResidentSetSize of job (KB)
...
006 (10261767.3610.000) 07/25 14:38:25 Image size of job updated: 160792
	146  -  MemoryUsage of job (MB)
	149372  -  ResidentSetSize of job (KB)
...
040 (10261767.3610.000) 07/25 14:38:25 Started transferring output files
...
040 (10261767.3610.000) 07/25 14:38:25 Finished transferring output files
...
005 (10261767.3610.000) 07/25 14:38:25 Job terminated.
	(1) Normal termination (return value 0)
		Usr 0 00:00:08, Sys 0 00:00:00  -  Run Remote Usage
		Usr 0 00:00:00, Sys 0 00:00:00  -  Run Local Usage
		Usr 0 00:00:08, Sys 0 00:00:00  -  Total Remote Usage
		Usr 0 00:00:00, Sys 0 00:00:00  -  Total Local Usage
	6676  -  Run Bytes Sent By Job
	409597  -  Run Bytes Received By Job
	6676  -  Total Bytes Sent By Job
	409597  -  Total Bytes Received By Job
	Partitionable Resources :    Usage  Request Allocated 
	   Cpus                 :        0       12        12 
	   Disk (KB)            :      428      425   3022558 
	   Memory (MB)          :      146    24000     24000 

	Job terminated of its own accord at 2024-07-25T12:38:25Z with exit-code 0.
...
000 (10284266.3610.000) 08/02 15:46:35 Job submitted from host: <188.185.114.121:9618?addrs=188.185.114.121-9618+[2001-1458-d00-a--100-273]-9618&alias=bigbird19.cern.ch&noUDP&sock=schedd_4961_696e>
...
000 (10284267.3610.000) 08/02 15:50:05 Job submitted from host: <188.185.114.121:9618?addrs=188.185.114.121-9618+[2001-1458-d00-a--100-273]-9618&alias=bigbird19.cern.ch&noUDP&sock=schedd_4961_696e>
...
009 (10284266.3610.000) 08/02 15:50:26 Job was aborted.
	via condor_rm (by user yelberke)
...
040 (10284267.3610.000) 08/02 16:49:30 Started transferring input files
	Transferring to host: <188.185.208.221:9618?addrs=188.185.208.221-9618+[2001-1458-303-10--100-5a]-9618&alias=b9p10p9087.cern.ch&noUDP&sock=slot1_22_5269_3caf_152976>
...
040 (10284267.3610.000) 08/02 16:49:30 Finished transferring input files
...
001 (10284267.3610.000) 08/02 16:49:31 Job executing on host: <188.185.208.221:9618?addrs=188.185.208.221-9618+[2001-1458-303-10--100-5a]-9618&alias=b9p10p9087.cern.ch&noUDP&sock=startd_4484_3ac1>
	SlotName: slot1_22@b9p10p9087.cern.ch
	CondorScratchDir = "/pool/condor/dir_1694510"
	Cpus = 12
	Disk = 2766282
	Memory = 24000
...
006 (10284267.3610.000) 08/02 16:49:32 Image size of job updated: 325040
	3  -  MemoryUsage of job (MB)
	2264  -  ResidentSetSize of job (KB)
...
040 (10284267.3610.000) 08/02 16:49:32 Started transferring output files
...
040 (10284267.3610.000) 08/02 16:49:33 Finished transferring output files
...
005 (10284267.3610.000) 08/02 16:49:33 Job terminated.
	(1) Normal termination (return value 139)
		Usr 0 00:00:01, Sys 0 00:00:00  -  Run Remote Usage
		Usr 0 00:00:00, Sys 0 00:00:00  -  Run Local Usage
		Usr 0 00:00:01, Sys 0 00:00:00  -  Total Remote Usage
		Usr 0 00:00:00, Sys 0 00:00:00  -  Total Local Usage
	7696  -  Run Bytes Sent By Job
	409597  -  Run Bytes Received By Job
	7696  -  Total Bytes Sent By Job
	409597  -  Total Bytes Received By Job
	Partitionable Resources :    Usage  Request Allocated 
	   Cpus                 :        0       12        12 
	   Disk (KB)            :      430      425   2766282 
	   Memory (MB)          :        3    24000     24000 

	Job terminated of its own accord at 2024-08-02T14:49:32Z with exit-code 139.
...
