000 (10252905.3680.000) 07/24 16:13:20 Job submitted from host: <188.185.114.121:9618?addrs=188.185.114.121-9618+[2001-1458-d00-a--100-273]-9618&alias=bigbird19.cern.ch&noUDP&sock=schedd_4961_696e>
...
009 (10252905.3680.000) 07/24 16:14:50 Job was aborted.
	via condor_rm (by user yelberke)
...
000 (10252906.3680.000) 07/24 16:15:39 Job submitted from host: <188.185.114.121:9618?addrs=188.185.114.121-9618+[2001-1458-d00-a--100-273]-9618&alias=bigbird19.cern.ch&noUDP&sock=schedd_4961_696e>
...
000 (10252907.3680.000) 07/24 16:17:33 Job submitted from host: <188.185.114.121:9618?addrs=188.185.114.121-9618+[2001-1458-d00-a--100-273]-9618&alias=bigbird19.cern.ch&noUDP&sock=schedd_4961_696e>
...
000 (10252908.3680.000) 07/24 16:18:06 Job submitted from host: <188.185.114.121:9618?addrs=188.185.114.121-9618+[2001-1458-d00-a--100-273]-9618&alias=bigbird19.cern.ch&noUDP&sock=schedd_4961_696e>
...
000 (10252909.3680.000) 07/24 16:18:42 Job submitted from host: <188.185.114.121:9618?addrs=188.185.114.121-9618+[2001-1458-d00-a--100-273]-9618&alias=bigbird19.cern.ch&noUDP&sock=schedd_4961_696e>
...
040 (10252906.3680.000) 07/24 17:01:31 Started transferring input files
	Transferring to host: <188.185.205.168:9618?addrs=188.185.205.168-9618&alias=b9p04p2155.cern.ch&noUDP&sock=slot1_7_7133_97fb_154969>
...
040 (10252906.3680.000) 07/24 17:01:31 Finished transferring input files
...
001 (10252906.3680.000) 07/24 17:01:32 Job executing on host: <188.185.205.168:9618?addrs=188.185.205.168-9618&alias=b9p04p2155.cern.ch&noUDP&sock=startd_6985_b51d>
	SlotName: slot1_7@b9p04p2155.cern.ch
	CondorScratchDir = "/pool/condor/dir_575614"
	Cpus = 8
	Disk = 2717800
	Memory = 16000
...
006 (10252906.3680.000) 07/24 17:01:40 Image size of job updated: 151152
	142  -  MemoryUsage of job (MB)
	144856  -  ResidentSetSize of job (KB)
...
006 (10252906.3680.000) 07/24 17:01:42 Image size of job updated: 157148
	142  -  MemoryUsage of job (MB)
	144856  -  ResidentSetSize of job (KB)
...
040 (10252906.3680.000) 07/24 17:01:42 Started transferring output files
...
040 (10252906.3680.000) 07/24 17:01:42 Finished transferring output files
...
005 (10252906.3680.000) 07/24 17:01:43 Job terminated.
	(1) Normal termination (return value 0)
		Usr 0 00:00:04, Sys 0 00:00:00  -  Run Remote Usage
		Usr 0 00:00:00, Sys 0 00:00:00  -  Run Local Usage
		Usr 0 00:00:04, Sys 0 00:00:00  -  Total Remote Usage
		Usr 0 00:00:00, Sys 0 00:00:00  -  Total Local Usage
	6201  -  Run Bytes Sent By Job
	409597  -  Run Bytes Received By Job
	6201  -  Total Bytes Sent By Job
	409597  -  Total Bytes Received By Job
	Partitionable Resources :    Usage  Request Allocated 
	   Cpus                 :        0        8         8 
	   Disk (KB)            :      428      425   2717800 
	   Memory (MB)          :      142    16000     16000 

	Job terminated of its own accord at 2024-07-24T15:01:42Z with exit-code 0.
...
040 (10252907.3680.000) 07/24 18:12:30 Started transferring input files
	Transferring to host: <188.185.207.25:9618?addrs=188.185.207.25-9618+[2001-1458-303-d--100-16]-9618&alias=b9p07p3143.cern.ch&noUDP&sock=slot1_15_4207_f644_141322>
...
040 (10252907.3680.000) 07/24 18:12:30 Finished transferring input files
...
001 (10252907.3680.000) 07/24 18:12:31 Job executing on host: <188.185.207.25:9618?addrs=188.185.207.25-9618+[2001-1458-303-d--100-16]-9618&alias=b9p07p3143.cern.ch&noUDP&sock=startd_3631_2478>
	SlotName: slot1_15@b9p07p3143.cern.ch
	CondorScratchDir = "/pool/condor/dir_1681284"
	Cpus = 8
	Disk = 2826362
	Memory = 16000
...
006 (10252907.3680.000) 07/24 18:12:35 Image size of job updated: 158368
	8  -  MemoryUsage of job (MB)
	7464  -  ResidentSetSize of job (KB)
...
040 (10252907.3680.000) 07/24 18:12:35 Started transferring output files
...
040 (10252907.3680.000) 07/24 18:12:35 Finished transferring output files
...
005 (10252907.3680.000) 07/24 18:12:35 Job terminated.
	(1) Normal termination (return value 0)
		Usr 0 00:00:03, Sys 0 00:00:00  -  Run Remote Usage
		Usr 0 00:00:00, Sys 0 00:00:00  -  Run Local Usage
		Usr 0 00:00:03, Sys 0 00:00:00  -  Total Remote Usage
		Usr 0 00:00:00, Sys 0 00:00:00  -  Total Local Usage
	6204  -  Run Bytes Sent By Job
	409597  -  Run Bytes Received By Job
	6204  -  Total Bytes Sent By Job
	409597  -  Total Bytes Received By Job
	Partitionable Resources :    Usage  Request Allocated 
	   Cpus                 :        0        8         8 
	   Disk (KB)            :      427      425   2826362 
	   Memory (MB)          :        8    16000     16000 

	Job terminated of its own accord at 2024-07-24T16:12:35Z with exit-code 0.
...
040 (10252908.3680.000) 07/24 19:17:45 Started transferring input files
	Transferring to host: <188.185.205.107:9618?addrs=188.185.205.107-9618+[2001-1458-303-9--100-68]-9618&alias=b9p03p1852.cern.ch&noUDP&sock=slot1_15_7657_cc90_71775>
...
040 (10252908.3680.000) 07/24 19:17:45 Finished transferring input files
...
001 (10252908.3680.000) 07/24 19:17:46 Job executing on host: <188.185.205.107:9618?addrs=188.185.205.107-9618+[2001-1458-303-9--100-68]-9618&alias=b9p03p1852.cern.ch&noUDP&sock=startd_6598_41f7>
	SlotName: slot1_15@b9p03p1852.cern.ch
	CondorScratchDir = "/pool/condor/dir_1899845"
	Cpus = 8
	Disk = 2756942
	Memory = 16000
...
006 (10252908.3680.000) 07/24 19:17:50 Image size of job updated: 157052
	8  -  MemoryUsage of job (MB)
	7360  -  ResidentSetSize of job (KB)
...
040 (10252908.3680.000) 07/24 19:17:50 Started transferring output files
...
040 (10252908.3680.000) 07/24 19:17:50 Finished transferring output files
...
005 (10252908.3680.000) 07/24 19:17:50 Job terminated.
	(1) Normal termination (return value 0)
		Usr 0 00:00:03, Sys 0 00:00:00  -  Run Remote Usage
		Usr 0 00:00:00, Sys 0 00:00:00  -  Run Local Usage
		Usr 0 00:00:03, Sys 0 00:00:00  -  Total Remote Usage
		Usr 0 00:00:00, Sys 0 00:00:00  -  Total Local Usage
	6204  -  Run Bytes Sent By Job
	409597  -  Run Bytes Received By Job
	6204  -  Total Bytes Sent By Job
	409597  -  Total Bytes Received By Job
	Partitionable Resources :    Usage  Request Allocated 
	   Cpus                 :                 8         8 
	   Disk (KB)            :      419      425   2756942 
	   Memory (MB)          :        8    16000     16000 

	Job terminated of its own accord at 2024-07-24T17:17:50Z with exit-code 0.
...
040 (10252909.3680.000) 07/24 20:16:39 Started transferring input files
	Transferring to host: <188.185.205.212:9618?addrs=188.185.205.212-9618&alias=b9p04p1299.cern.ch&noUDP&sock=slot1_16_7395_3246_155955>
...
040 (10252909.3680.000) 07/24 20:16:39 Finished transferring input files
...
001 (10252909.3680.000) 07/24 20:16:40 Job executing on host: <188.185.205.212:9618?addrs=188.185.205.212-9618&alias=b9p04p1299.cern.ch&noUDP&sock=startd_7330_594a>
	SlotName: slot1_16@b9p04p1299.cern.ch
	CondorScratchDir = "/pool/condor/dir_1364442"
	Cpus = 8
	Disk = 2736187
	Memory = 16000
...
006 (10252909.3680.000) 07/24 20:16:44 Image size of job updated: 160120
	8  -  MemoryUsage of job (MB)
	7764  -  ResidentSetSize of job (KB)
...
040 (10252909.3680.000) 07/24 20:16:44 Started transferring output files
...
040 (10252909.3680.000) 07/24 20:16:44 Finished transferring output files
...
005 (10252909.3680.000) 07/24 20:16:44 Job terminated.
	(1) Normal termination (return value 0)
		Usr 0 00:00:03, Sys 0 00:00:00  -  Run Remote Usage
		Usr 0 00:00:00, Sys 0 00:00:00  -  Run Local Usage
		Usr 0 00:00:03, Sys 0 00:00:00  -  Total Remote Usage
		Usr 0 00:00:00, Sys 0 00:00:00  -  Total Local Usage
	6204  -  Run Bytes Sent By Job
	409597  -  Run Bytes Received By Job
	6204  -  Total Bytes Sent By Job
	409597  -  Total Bytes Received By Job
	Partitionable Resources :    Usage  Request Allocated 
	   Cpus                 :        0        8         8 
	   Disk (KB)            :      428      425   2736187 
	   Memory (MB)          :        8    16000     16000 

	Job terminated of its own accord at 2024-07-24T18:16:44Z with exit-code 0.
...
000 (10261715.3680.000) 07/25 13:02:54 Job submitted from host: <188.185.114.121:9618?addrs=188.185.114.121-9618+[2001-1458-d00-a--100-273]-9618&alias=bigbird19.cern.ch&noUDP&sock=schedd_4961_696e>
...
009 (10261715.3680.000) 07/25 13:06:58 Job was aborted.
	via condor_rm (by user yelberke)
...
000 (10261767.3680.000) 07/25 13:20:35 Job submitted from host: <188.185.114.121:9618?addrs=188.185.114.121-9618+[2001-1458-d00-a--100-273]-9618&alias=bigbird19.cern.ch&noUDP&sock=schedd_4961_696e>
...
040 (10261767.3680.000) 07/25 14:38:38 Started transferring input files
	Transferring to host: <188.185.193.53:9618?addrs=188.185.193.53-9618+[2001-1458-303-20--100-31]-9618&alias=b9p19p9278.cern.ch&noUDP&sock=slot1_1_1743550_742e_2810>
...
040 (10261767.3680.000) 07/25 14:38:38 Finished transferring input files
...
001 (10261767.3680.000) 07/25 14:38:39 Job executing on host: <188.185.193.53:9618?addrs=188.185.193.53-9618+[2001-1458-303-20--100-31]-9618&alias=b9p19p9278.cern.ch&noUDP&sock=startd_173718_ad5f>
	SlotName: slot1_1@b9p19p9278.cern.ch
	CondorScratchDir = "/pool/condor/dir_530469"
	Cpus = 12
	Disk = 2951912
	Memory = 24000
...
006 (10261767.3680.000) 07/25 14:38:47 Image size of job updated: 1
	0  -  MemoryUsage of job (MB)
	0  -  ResidentSetSize of job (KB)
...
006 (10261767.3680.000) 07/25 14:39:10 Image size of job updated: 161348
	7  -  MemoryUsage of job (MB)
	6660  -  ResidentSetSize of job (KB)
...
040 (10261767.3680.000) 07/25 14:39:10 Started transferring output files
...
040 (10261767.3680.000) 07/25 14:39:10 Finished transferring output files
...
005 (10261767.3680.000) 07/25 14:39:10 Job terminated.
	(1) Normal termination (return value 0)
		Usr 0 00:00:04, Sys 0 00:00:00  -  Run Remote Usage
		Usr 0 00:00:00, Sys 0 00:00:00  -  Run Local Usage
		Usr 0 00:00:04, Sys 0 00:00:00  -  Total Remote Usage
		Usr 0 00:00:00, Sys 0 00:00:00  -  Total Local Usage
	6676  -  Run Bytes Sent By Job
	409597  -  Run Bytes Received By Job
	6676  -  Total Bytes Sent By Job
	409597  -  Total Bytes Received By Job
	Partitionable Resources :    Usage  Request Allocated 
	   Cpus                 :        0       12        12 
	   Disk (KB)            :      429      425   2951912 
	   Memory (MB)          :        7    24000     24000 

	Job terminated of its own accord at 2024-07-25T12:39:10Z with exit-code 0.
...
000 (10284266.3680.000) 08/02 15:46:37 Job submitted from host: <188.185.114.121:9618?addrs=188.185.114.121-9618+[2001-1458-d00-a--100-273]-9618&alias=bigbird19.cern.ch&noUDP&sock=schedd_4961_696e>
...
000 (10284267.3680.000) 08/02 15:50:05 Job submitted from host: <188.185.114.121:9618?addrs=188.185.114.121-9618+[2001-1458-d00-a--100-273]-9618&alias=bigbird19.cern.ch&noUDP&sock=schedd_4961_696e>
...
009 (10284266.3680.000) 08/02 15:50:27 Job was aborted.
	via condor_rm (by user yelberke)
...
040 (10284267.3680.000) 08/02 16:50:02 Started transferring input files
	Transferring to host: <188.185.192.29:9618?addrs=188.185.192.29-9618+[2001-1458-303-1f--100-19]-9618&alias=b9p13p1663.cern.ch&noUDP&sock=slot1_4_610342_e72c_154>
...
040 (10284267.3680.000) 08/02 16:50:03 Finished transferring input files
...
001 (10284267.3680.000) 08/02 16:50:03 Job executing on host: <188.185.192.29:9618?addrs=188.185.192.29-9618+[2001-1458-303-1f--100-19]-9618&alias=b9p13p1663.cern.ch&noUDP&sock=startd_128315_fee5>
	SlotName: slot1_4@b9p13p1663.cern.ch
	CondorScratchDir = "/pool/condor/dir_670741"
	Cpus = 12
	Disk = 3110086
	Memory = 24000
...
006 (10284267.3680.000) 08/02 16:50:12 Image size of job updated: 1
	0  -  MemoryUsage of job (MB)
	0  -  ResidentSetSize of job (KB)
...
006 (10284267.3680.000) 08/02 16:50:30 Image size of job updated: 317220
	5  -  MemoryUsage of job (MB)
	4952  -  ResidentSetSize of job (KB)
...
040 (10284267.3680.000) 08/02 16:50:30 Started transferring output files
...
040 (10284267.3680.000) 08/02 16:50:30 Finished transferring output files
...
005 (10284267.3680.000) 08/02 16:50:30 Job terminated.
	(1) Normal termination (return value 139)
		Usr 0 00:00:01, Sys 0 00:00:00  -  Run Remote Usage
		Usr 0 00:00:00, Sys 0 00:00:00  -  Run Local Usage
		Usr 0 00:00:01, Sys 0 00:00:00  -  Total Remote Usage
		Usr 0 00:00:00, Sys 0 00:00:00  -  Total Local Usage
	7696  -  Run Bytes Sent By Job
	409597  -  Run Bytes Received By Job
	7696  -  Total Bytes Sent By Job
	409597  -  Total Bytes Received By Job
	Partitionable Resources :    Usage  Request Allocated 
	   Cpus                 :        0       12        12 
	   Disk (KB)            :      429      425   3110086 
	   Memory (MB)          :        5    24000     24000 

	Job terminated of its own accord at 2024-08-02T14:50:30Z with exit-code 139.
...
