000 (10252905.3724.000) 07/24 16:13:20 Job submitted from host: <188.185.114.121:9618?addrs=188.185.114.121-9618+[2001-1458-d00-a--100-273]-9618&alias=bigbird19.cern.ch&noUDP&sock=schedd_4961_696e>
...
009 (10252905.3724.000) 07/24 16:14:50 Job was aborted.
	via condor_rm (by user yelberke)
...
000 (10252906.3724.000) 07/24 16:15:39 Job submitted from host: <188.185.114.121:9618?addrs=188.185.114.121-9618+[2001-1458-d00-a--100-273]-9618&alias=bigbird19.cern.ch&noUDP&sock=schedd_4961_696e>
...
000 (10252907.3724.000) 07/24 16:17:33 Job submitted from host: <188.185.114.121:9618?addrs=188.185.114.121-9618+[2001-1458-d00-a--100-273]-9618&alias=bigbird19.cern.ch&noUDP&sock=schedd_4961_696e>
...
000 (10252908.3724.000) 07/24 16:18:06 Job submitted from host: <188.185.114.121:9618?addrs=188.185.114.121-9618+[2001-1458-d00-a--100-273]-9618&alias=bigbird19.cern.ch&noUDP&sock=schedd_4961_696e>
...
000 (10252909.3724.000) 07/24 16:18:42 Job submitted from host: <188.185.114.121:9618?addrs=188.185.114.121-9618+[2001-1458-d00-a--100-273]-9618&alias=bigbird19.cern.ch&noUDP&sock=schedd_4961_696e>
...
040 (10252906.3724.000) 07/24 17:01:45 Started transferring input files
	Transferring to host: <128.142.161.119:9618?addrs=128.142.161.119-9618+[2001-1458-301-b8--100-35]-9618&alias=b9g03p6597.cern.ch&noUDP&sock=slot1_2_3902724_dd68_30>
...
040 (10252906.3724.000) 07/24 17:01:45 Finished transferring input files
...
001 (10252906.3724.000) 07/24 17:01:47 Job executing on host: <128.142.161.119:9618?addrs=128.142.161.119-9618+[2001-1458-301-b8--100-35]-9618&alias=b9g03p6597.cern.ch&noUDP&sock=startd_3154_f5cb>
	SlotName: slot1_2@b9g03p6597.cern.ch
	CondorScratchDir = "/pool/condor/dir_3907152"
	Cpus = 8
	Disk = 3179907
	Memory = 16000
...
006 (10252906.3724.000) 07/24 17:01:52 Image size of job updated: 168408
	13  -  MemoryUsage of job (MB)
	12408  -  ResidentSetSize of job (KB)
...
040 (10252906.3724.000) 07/24 17:01:54 Started transferring output files
...
040 (10252906.3724.000) 07/24 17:01:56 Finished transferring output files
...
005 (10252906.3724.000) 07/24 17:01:57 Job terminated.
	(1) Normal termination (return value 0)
		Usr 0 00:00:04, Sys 0 00:00:00  -  Run Remote Usage
		Usr 0 00:00:00, Sys 0 00:00:00  -  Run Local Usage
		Usr 0 00:00:04, Sys 0 00:00:00  -  Total Remote Usage
		Usr 0 00:00:00, Sys 0 00:00:00  -  Total Local Usage
	6201  -  Run Bytes Sent By Job
	409597  -  Run Bytes Received By Job
	6201  -  Total Bytes Sent By Job
	409597  -  Total Bytes Received By Job
	Partitionable Resources :    Usage  Request Allocated 
	   Cpus                 :        0        8         8 
	   Disk (KB)            :      428      425   3179907 
	   Memory (MB)          :       13    16000     16000 

	Job terminated of its own accord at 2024-07-24T15:01:52Z with exit-code 0.
...
040 (10252907.3724.000) 07/24 18:12:45 Started transferring input files
	Transferring to host: <188.185.204.200:9618?addrs=188.185.204.200-9618+[2001-1458-303-8--100-bc]-9618&alias=b9p02p1911.cern.ch&noUDP&sock=slot1_14_7272_8821_155716>
...
040 (10252907.3724.000) 07/24 18:12:45 Finished transferring input files
...
001 (10252907.3724.000) 07/24 18:12:46 Job executing on host: <188.185.204.200:9618?addrs=188.185.204.200-9618+[2001-1458-303-8--100-bc]-9618&alias=b9p02p1911.cern.ch&noUDP&sock=startd_7203_3cc3>
	SlotName: slot1_14@b9p02p1911.cern.ch
	CondorScratchDir = "/pool/condor/dir_2764671"
	Cpus = 8
	Disk = 2821089
	Memory = 16000
...
006 (10252907.3724.000) 07/24 18:12:50 Image size of job updated: 157940
	7  -  MemoryUsage of job (MB)
	7132  -  ResidentSetSize of job (KB)
...
040 (10252907.3724.000) 07/24 18:12:50 Started transferring output files
...
040 (10252907.3724.000) 07/24 18:12:50 Finished transferring output files
...
005 (10252907.3724.000) 07/24 18:12:50 Job terminated.
	(1) Normal termination (return value 0)
		Usr 0 00:00:03, Sys 0 00:00:00  -  Run Remote Usage
		Usr 0 00:00:00, Sys 0 00:00:00  -  Run Local Usage
		Usr 0 00:00:03, Sys 0 00:00:00  -  Total Remote Usage
		Usr 0 00:00:00, Sys 0 00:00:00  -  Total Local Usage
	6204  -  Run Bytes Sent By Job
	409597  -  Run Bytes Received By Job
	6204  -  Total Bytes Sent By Job
	409597  -  Total Bytes Received By Job
	Partitionable Resources :    Usage  Request Allocated 
	   Cpus                 :        0        8         8 
	   Disk (KB)            :      427      425   2821089 
	   Memory (MB)          :        7    16000     16000 

	Job terminated of its own accord at 2024-07-24T16:12:50Z with exit-code 0.
...
040 (10252908.3724.000) 07/24 19:18:01 Started transferring input files
	Transferring to host: <188.185.194.76:9618?addrs=188.185.194.76-9618+[2001-1458-303-21--100-48]-9618&alias=b9p20p3147.cern.ch&noUDP&sock=slot1_6_3958359_c15e_5310>
...
040 (10252908.3724.000) 07/24 19:18:01 Finished transferring input files
...
001 (10252908.3724.000) 07/24 19:18:02 Job executing on host: <188.185.194.76:9618?addrs=188.185.194.76-9618+[2001-1458-303-21--100-48]-9618&alias=b9p20p3147.cern.ch&noUDP&sock=startd_128422_6387>
	SlotName: slot1_6@b9p20p3147.cern.ch
	CondorScratchDir = "/pool/condor/dir_1375554"
	Cpus = 8
	Disk = 2951633
	Memory = 16000
...
006 (10252908.3724.000) 07/24 19:18:09 Image size of job updated: 159748
	8  -  MemoryUsage of job (MB)
	7360  -  ResidentSetSize of job (KB)
...
040 (10252908.3724.000) 07/24 19:18:09 Started transferring output files
...
040 (10252908.3724.000) 07/24 19:18:09 Finished transferring output files
...
005 (10252908.3724.000) 07/24 19:18:09 Job terminated.
	(1) Normal termination (return value 0)
		Usr 0 00:00:06, Sys 0 00:00:00  -  Run Remote Usage
		Usr 0 00:00:00, Sys 0 00:00:00  -  Run Local Usage
		Usr 0 00:00:06, Sys 0 00:00:00  -  Total Remote Usage
		Usr 0 00:00:00, Sys 0 00:00:00  -  Total Local Usage
	6204  -  Run Bytes Sent By Job
	409597  -  Run Bytes Received By Job
	6204  -  Total Bytes Sent By Job
	409597  -  Total Bytes Received By Job
	Partitionable Resources :    Usage  Request Allocated 
	   Cpus                 :        0        8         8 
	   Disk (KB)            :      428      425   2951633 
	   Memory (MB)          :        8    16000     16000 

	Job terminated of its own accord at 2024-07-24T17:18:09Z with exit-code 0.
...
040 (10252909.3724.000) 07/24 20:16:58 Started transferring input files
	Transferring to host: <188.185.205.59:9618?addrs=188.185.205.59-9618+[2001-1458-303-9--100-af]-9618&alias=b9p03p3911.cern.ch&noUDP&sock=slot1_4_4558_45f2_82864>
...
040 (10252909.3724.000) 07/24 20:16:58 Finished transferring input files
...
001 (10252909.3724.000) 07/24 20:16:59 Job executing on host: <188.185.205.59:9618?addrs=188.185.205.59-9618+[2001-1458-303-9--100-af]-9618&alias=b9p03p3911.cern.ch&noUDP&sock=startd_3823_d6a7>
	SlotName: slot1_4@b9p03p3911.cern.ch
	CondorScratchDir = "/pool/condor/dir_1845711"
	Cpus = 8
	Disk = 2969525
	Memory = 16000
...
006 (10252909.3724.000) 07/24 20:17:03 Image size of job updated: 157428
	7  -  MemoryUsage of job (MB)
	6668  -  ResidentSetSize of job (KB)
...
040 (10252909.3724.000) 07/24 20:17:03 Started transferring output files
...
040 (10252909.3724.000) 07/24 20:17:03 Finished transferring output files
...
005 (10252909.3724.000) 07/24 20:17:03 Job terminated.
	(1) Normal termination (return value 0)
		Usr 0 00:00:03, Sys 0 00:00:00  -  Run Remote Usage
		Usr 0 00:00:00, Sys 0 00:00:00  -  Run Local Usage
		Usr 0 00:00:03, Sys 0 00:00:00  -  Total Remote Usage
		Usr 0 00:00:00, Sys 0 00:00:00  -  Total Local Usage
	6204  -  Run Bytes Sent By Job
	409597  -  Run Bytes Received By Job
	6204  -  Total Bytes Sent By Job
	409597  -  Total Bytes Received By Job
	Partitionable Resources :    Usage  Request Allocated 
	   Cpus                 :        0        8         8 
	   Disk (KB)            :      428      425   2969525 
	   Memory (MB)          :        7    16000     16000 

	Job terminated of its own accord at 2024-07-24T18:17:03Z with exit-code 0.
...
000 (10261715.3724.000) 07/25 13:02:55 Job submitted from host: <188.185.114.121:9618?addrs=188.185.114.121-9618+[2001-1458-d00-a--100-273]-9618&alias=bigbird19.cern.ch&noUDP&sock=schedd_4961_696e>
...
009 (10261715.3724.000) 07/25 13:06:58 Job was aborted.
	via condor_rm (by user yelberke)
...
000 (10261767.3724.000) 07/25 13:20:35 Job submitted from host: <188.185.114.121:9618?addrs=188.185.114.121-9618+[2001-1458-d00-a--100-273]-9618&alias=bigbird19.cern.ch&noUDP&sock=schedd_4961_696e>
...
040 (10261767.3724.000) 07/25 14:38:53 Started transferring input files
	Transferring to host: <188.185.205.212:9618?addrs=188.185.205.212-9618&alias=b9p04p1299.cern.ch&noUDP&sock=slot1_3_7395_3246_156977>
...
040 (10261767.3724.000) 07/25 14:38:53 Finished transferring input files
...
001 (10261767.3724.000) 07/25 14:38:54 Job executing on host: <188.185.205.212:9618?addrs=188.185.205.212-9618&alias=b9p04p1299.cern.ch&noUDP&sock=startd_7330_594a>
	SlotName: slot1_3@b9p04p1299.cern.ch
	CondorScratchDir = "/pool/condor/dir_838626"
	Cpus = 12
	Disk = 2555099
	Memory = 24000
...
006 (10261767.3724.000) 07/25 14:39:00 Image size of job updated: 160904
	7  -  MemoryUsage of job (MB)
	7060  -  ResidentSetSize of job (KB)
...
040 (10261767.3724.000) 07/25 14:39:00 Started transferring output files
...
040 (10261767.3724.000) 07/25 14:39:00 Finished transferring output files
...
005 (10261767.3724.000) 07/25 14:39:00 Job terminated.
	(1) Normal termination (return value 0)
		Usr 0 00:00:04, Sys 0 00:00:00  -  Run Remote Usage
		Usr 0 00:00:00, Sys 0 00:00:00  -  Run Local Usage
		Usr 0 00:00:04, Sys 0 00:00:00  -  Total Remote Usage
		Usr 0 00:00:00, Sys 0 00:00:00  -  Total Local Usage
	6676  -  Run Bytes Sent By Job
	409597  -  Run Bytes Received By Job
	6676  -  Total Bytes Sent By Job
	409597  -  Total Bytes Received By Job
	Partitionable Resources :    Usage  Request Allocated 
	   Cpus                 :        0       12        12 
	   Disk (KB)            :      428      425   2555099 
	   Memory (MB)          :        7    24000     24000 

	Job terminated of its own accord at 2024-07-25T12:39:00Z with exit-code 0.
...
000 (10284266.3724.000) 08/02 15:46:38 Job submitted from host: <188.185.114.121:9618?addrs=188.185.114.121-9618+[2001-1458-d00-a--100-273]-9618&alias=bigbird19.cern.ch&noUDP&sock=schedd_4961_696e>
...
000 (10284267.3724.000) 08/02 15:50:06 Job submitted from host: <188.185.114.121:9618?addrs=188.185.114.121-9618+[2001-1458-d00-a--100-273]-9618&alias=bigbird19.cern.ch&noUDP&sock=schedd_4961_696e>
...
009 (10284266.3724.000) 08/02 15:50:27 Job was aborted.
	via condor_rm (by user yelberke)
...
040 (10284267.3724.000) 08/02 16:52:17 Started transferring input files
	Transferring to host: <188.185.209.144:9618?addrs=188.185.209.144-9618+[2001-1458-303-12--100-d]-9618&alias=b9p12p9592.cern.ch&noUDP&sock=slot1_4_5409_e135_155044>
...
040 (10284267.3724.000) 08/02 16:52:17 Finished transferring input files
...
001 (10284267.3724.000) 08/02 16:52:18 Job executing on host: <188.185.209.144:9618?addrs=188.185.209.144-9618+[2001-1458-303-12--100-d]-9618&alias=b9p12p9592.cern.ch&noUDP&sock=startd_4396_de6b>
	SlotName: slot1_4@b9p12p9592.cern.ch
	CondorScratchDir = "/pool/condor/dir_2663408"
	Cpus = 12
	Disk = 2810848
	Memory = 24000
...
006 (10284267.3724.000) 08/02 16:52:20 Image size of job updated: 324576
	3  -  MemoryUsage of job (MB)
	2524  -  ResidentSetSize of job (KB)
...
040 (10284267.3724.000) 08/02 16:52:20 Started transferring output files
...
040 (10284267.3724.000) 08/02 16:52:20 Finished transferring output files
...
005 (10284267.3724.000) 08/02 16:52:20 Job terminated.
	(1) Normal termination (return value 139)
		Usr 0 00:00:01, Sys 0 00:00:01  -  Run Remote Usage
		Usr 0 00:00:00, Sys 0 00:00:00  -  Run Local Usage
		Usr 0 00:00:01, Sys 0 00:00:01  -  Total Remote Usage
		Usr 0 00:00:00, Sys 0 00:00:00  -  Total Local Usage
	7696  -  Run Bytes Sent By Job
	409597  -  Run Bytes Received By Job
	7696  -  Total Bytes Sent By Job
	409597  -  Total Bytes Received By Job
	Partitionable Resources :    Usage  Request Allocated 
	   Cpus                 :        0       12        12 
	   Disk (KB)            :      429      425   2810848 
	   Memory (MB)          :        3    24000     24000 

	Job terminated of its own accord at 2024-08-02T14:52:20Z with exit-code 139.
...
