000 (10252905.3735.000) 07/24 16:13:20 Job submitted from host: <188.185.114.121:9618?addrs=188.185.114.121-9618+[2001-1458-d00-a--100-273]-9618&alias=bigbird19.cern.ch&noUDP&sock=schedd_4961_696e>
...
009 (10252905.3735.000) 07/24 16:14:50 Job was aborted.
	via condor_rm (by user yelberke)
...
000 (10252906.3735.000) 07/24 16:15:39 Job submitted from host: <188.185.114.121:9618?addrs=188.185.114.121-9618+[2001-1458-d00-a--100-273]-9618&alias=bigbird19.cern.ch&noUDP&sock=schedd_4961_696e>
...
000 (10252907.3735.000) 07/24 16:17:33 Job submitted from host: <188.185.114.121:9618?addrs=188.185.114.121-9618+[2001-1458-d00-a--100-273]-9618&alias=bigbird19.cern.ch&noUDP&sock=schedd_4961_696e>
...
000 (10252908.3735.000) 07/24 16:18:06 Job submitted from host: <188.185.114.121:9618?addrs=188.185.114.121-9618+[2001-1458-d00-a--100-273]-9618&alias=bigbird19.cern.ch&noUDP&sock=schedd_4961_696e>
...
000 (10252909.3735.000) 07/24 16:18:42 Job submitted from host: <188.185.114.121:9618?addrs=188.185.114.121-9618+[2001-1458-d00-a--100-273]-9618&alias=bigbird19.cern.ch&noUDP&sock=schedd_4961_696e>
...
040 (10252906.3735.000) 07/24 17:01:52 Started transferring input files
	Transferring to host: <188.185.207.194:9618?addrs=188.185.207.194-9618+[2001-1458-303-e--100-3f]-9618&alias=b9p08p0289.cern.ch&noUDP&sock=slot1_18_8167_23e5_142992>
...
040 (10252906.3735.000) 07/24 17:01:52 Finished transferring input files
...
001 (10252906.3735.000) 07/24 17:01:54 Job executing on host: <188.185.207.194:9618?addrs=188.185.207.194-9618+[2001-1458-303-e--100-3f]-9618&alias=b9p08p0289.cern.ch&noUDP&sock=startd_6834_2250>
	SlotName: slot1_18@b9p08p0289.cern.ch
	CondorScratchDir = "/pool/condor/dir_3531075"
	Cpus = 8
	Disk = 2800515
	Memory = 16000
...
006 (10252906.3735.000) 07/24 17:02:00 Image size of job updated: 166268
	12  -  MemoryUsage of job (MB)
	11680  -  ResidentSetSize of job (KB)
...
040 (10252906.3735.000) 07/24 17:02:00 Started transferring output files
...
040 (10252906.3735.000) 07/24 17:02:00 Finished transferring output files
...
005 (10252906.3735.000) 07/24 17:02:00 Job terminated.
	(1) Normal termination (return value 0)
		Usr 0 00:00:04, Sys 0 00:00:00  -  Run Remote Usage
		Usr 0 00:00:00, Sys 0 00:00:00  -  Run Local Usage
		Usr 0 00:00:04, Sys 0 00:00:00  -  Total Remote Usage
		Usr 0 00:00:00, Sys 0 00:00:00  -  Total Local Usage
	6201  -  Run Bytes Sent By Job
	409597  -  Run Bytes Received By Job
	6201  -  Total Bytes Sent By Job
	409597  -  Total Bytes Received By Job
	Partitionable Resources :    Usage  Request Allocated 
	   Cpus                 :                 8         8 
	   Disk (KB)            :      421      425   2800515 
	   Memory (MB)          :       12    16000     16000 

	Job terminated of its own accord at 2024-07-24T15:02:00Z with exit-code 0.
...
040 (10252907.3735.000) 07/24 18:12:48 Started transferring input files
	Transferring to host: <188.185.209.51:9618?addrs=188.185.209.51-9618+[2001-1458-303-11--100-30]-9618&alias=b9p11p0504.cern.ch&noUDP&sock=slot1_22_10285_767b_144726>
...
040 (10252907.3735.000) 07/24 18:12:48 Finished transferring input files
...
001 (10252907.3735.000) 07/24 18:12:49 Job executing on host: <188.185.209.51:9618?addrs=188.185.209.51-9618+[2001-1458-303-11--100-30]-9618&alias=b9p11p0504.cern.ch&noUDP&sock=startd_8859_1d99>
	SlotName: slot1_22@b9p11p0504.cern.ch
	CondorScratchDir = "/pool/condor/dir_1871938"
	Cpus = 8
	Disk = 2653945
	Memory = 16000
...
006 (10252907.3735.000) 07/24 18:12:54 Image size of job updated: 159748
	8  -  MemoryUsage of job (MB)
	7556  -  ResidentSetSize of job (KB)
...
040 (10252907.3735.000) 07/24 18:12:54 Started transferring output files
...
040 (10252907.3735.000) 07/24 18:12:54 Finished transferring output files
...
005 (10252907.3735.000) 07/24 18:12:54 Job terminated.
	(1) Normal termination (return value 0)
		Usr 0 00:00:03, Sys 0 00:00:00  -  Run Remote Usage
		Usr 0 00:00:00, Sys 0 00:00:00  -  Run Local Usage
		Usr 0 00:00:03, Sys 0 00:00:00  -  Total Remote Usage
		Usr 0 00:00:00, Sys 0 00:00:00  -  Total Local Usage
	6204  -  Run Bytes Sent By Job
	409597  -  Run Bytes Received By Job
	6204  -  Total Bytes Sent By Job
	409597  -  Total Bytes Received By Job
	Partitionable Resources :    Usage  Request Allocated 
	   Cpus                 :        0        8         8 
	   Disk (KB)            :      428      425   2653945 
	   Memory (MB)          :        8    16000     16000 

	Job terminated of its own accord at 2024-07-24T16:12:54Z with exit-code 0.
...
040 (10252908.3735.000) 07/24 19:18:04 Started transferring input files
	Transferring to host: <188.185.206.176:9618?addrs=188.185.206.176-9618&alias=b9p06p2041.cern.ch&noUDP&sock=slot1_17_6897_4f72_152823>
...
040 (10252908.3735.000) 07/24 19:18:04 Finished transferring input files
...
001 (10252908.3735.000) 07/24 19:18:05 Job executing on host: <188.185.206.176:9618?addrs=188.185.206.176-9618&alias=b9p06p2041.cern.ch&noUDP&sock=startd_6825_f5f6>
	SlotName: slot1_17@b9p06p2041.cern.ch
	CondorScratchDir = "/pool/condor/dir_836380"
	Cpus = 8
	Disk = 2843180
	Memory = 16000
...
006 (10252908.3735.000) 07/24 19:18:09 Image size of job updated: 159740
	8  -  MemoryUsage of job (MB)
	7544  -  ResidentSetSize of job (KB)
...
040 (10252908.3735.000) 07/24 19:18:09 Started transferring output files
...
040 (10252908.3735.000) 07/24 19:18:09 Finished transferring output files
...
005 (10252908.3735.000) 07/24 19:18:09 Job terminated.
	(1) Normal termination (return value 0)
		Usr 0 00:00:03, Sys 0 00:00:00  -  Run Remote Usage
		Usr 0 00:00:00, Sys 0 00:00:00  -  Run Local Usage
		Usr 0 00:00:03, Sys 0 00:00:00  -  Total Remote Usage
		Usr 0 00:00:00, Sys 0 00:00:00  -  Total Local Usage
	6204  -  Run Bytes Sent By Job
	409597  -  Run Bytes Received By Job
	6204  -  Total Bytes Sent By Job
	409597  -  Total Bytes Received By Job
	Partitionable Resources :    Usage  Request Allocated 
	   Cpus                 :                 8         8 
	   Disk (KB)            :      419      425   2843180 
	   Memory (MB)          :        8    16000     16000 

	Job terminated of its own accord at 2024-07-24T17:18:09Z with exit-code 0.
...
040 (10252909.3735.000) 07/24 20:17:01 Started transferring input files
	Transferring to host: <188.185.204.147:9618?addrs=188.185.204.147-9618+[2001-1458-303-8--100-87]-9618&alias=b9p02p8294.cern.ch&noUDP&sock=slot1_8_7285_b101_158392>
...
040 (10252909.3735.000) 07/24 20:17:01 Finished transferring input files
...
001 (10252909.3735.000) 07/24 20:17:02 Job executing on host: <188.185.204.147:9618?addrs=188.185.204.147-9618+[2001-1458-303-8--100-87]-9618&alias=b9p02p8294.cern.ch&noUDP&sock=startd_7216_277e>
	SlotName: slot1_8@b9p02p8294.cern.ch
	CondorScratchDir = "/pool/condor/dir_585560"
	Cpus = 8
	Disk = 2700255
	Memory = 16000
...
006 (10252909.3735.000) 07/24 20:17:06 Image size of job updated: 158816
	8  -  MemoryUsage of job (MB)
	7872  -  ResidentSetSize of job (KB)
...
040 (10252909.3735.000) 07/24 20:17:06 Started transferring output files
...
040 (10252909.3735.000) 07/24 20:17:06 Finished transferring output files
...
005 (10252909.3735.000) 07/24 20:17:06 Job terminated.
	(1) Normal termination (return value 0)
		Usr 0 00:00:03, Sys 0 00:00:00  -  Run Remote Usage
		Usr 0 00:00:00, Sys 0 00:00:00  -  Run Local Usage
		Usr 0 00:00:03, Sys 0 00:00:00  -  Total Remote Usage
		Usr 0 00:00:00, Sys 0 00:00:00  -  Total Local Usage
	6204  -  Run Bytes Sent By Job
	409597  -  Run Bytes Received By Job
	6204  -  Total Bytes Sent By Job
	409597  -  Total Bytes Received By Job
	Partitionable Resources :    Usage  Request Allocated 
	   Cpus                 :        0        8         8 
	   Disk (KB)            :      428      425   2700255 
	   Memory (MB)          :        8    16000     16000 

	Job terminated of its own accord at 2024-07-24T18:17:06Z with exit-code 0.
...
000 (10261715.3735.000) 07/25 13:02:55 Job submitted from host: <188.185.114.121:9618?addrs=188.185.114.121-9618+[2001-1458-d00-a--100-273]-9618&alias=bigbird19.cern.ch&noUDP&sock=schedd_4961_696e>
...
009 (10261715.3735.000) 07/25 13:06:58 Job was aborted.
	via condor_rm (by user yelberke)
...
000 (10261767.3735.000) 07/25 13:20:35 Job submitted from host: <188.185.114.121:9618?addrs=188.185.114.121-9618+[2001-1458-d00-a--100-273]-9618&alias=bigbird19.cern.ch&noUDP&sock=schedd_4961_696e>
...
040 (10261767.3735.000) 07/25 14:38:59 Started transferring input files
	Transferring to host: <188.185.205.31:9618?addrs=188.185.205.31-9618+[2001-1458-303-9--100-93]-9618&alias=b9p03p4190.cern.ch&noUDP&sock=slot1_4_3743_0831_85335>
...
040 (10261767.3735.000) 07/25 14:38:59 Finished transferring input files
...
001 (10261767.3735.000) 07/25 14:39:00 Job executing on host: <188.185.205.31:9618?addrs=188.185.205.31-9618+[2001-1458-303-9--100-93]-9618&alias=b9p03p4190.cern.ch&noUDP&sock=startd_3391_85bd>
	SlotName: slot1_4@b9p03p4190.cern.ch
	CondorScratchDir = "/pool/condor/dir_3701909"
	Cpus = 12
	Disk = 2573722
	Memory = 24000
...
006 (10261767.3735.000) 07/25 14:39:06 Image size of job updated: 160976
	7  -  MemoryUsage of job (MB)
	6596  -  ResidentSetSize of job (KB)
...
040 (10261767.3735.000) 07/25 14:39:06 Started transferring output files
...
040 (10261767.3735.000) 07/25 14:39:06 Finished transferring output files
...
005 (10261767.3735.000) 07/25 14:39:06 Job terminated.
	(1) Normal termination (return value 0)
		Usr 0 00:00:04, Sys 0 00:00:00  -  Run Remote Usage
		Usr 0 00:00:00, Sys 0 00:00:00  -  Run Local Usage
		Usr 0 00:00:04, Sys 0 00:00:00  -  Total Remote Usage
		Usr 0 00:00:00, Sys 0 00:00:00  -  Total Local Usage
	6676  -  Run Bytes Sent By Job
	409597  -  Run Bytes Received By Job
	6676  -  Total Bytes Sent By Job
	409597  -  Total Bytes Received By Job
	Partitionable Resources :    Usage  Request Allocated 
	   Cpus                 :        0       12        12 
	   Disk (KB)            :      429      425   2573722 
	   Memory (MB)          :        7    24000     24000 

	Job terminated of its own accord at 2024-07-25T12:39:06Z with exit-code 0.
...
000 (10284266.3735.000) 08/02 15:46:39 Job submitted from host: <188.185.114.121:9618?addrs=188.185.114.121-9618+[2001-1458-d00-a--100-273]-9618&alias=bigbird19.cern.ch&noUDP&sock=schedd_4961_696e>
...
000 (10284267.3735.000) 08/02 15:50:06 Job submitted from host: <188.185.114.121:9618?addrs=188.185.114.121-9618+[2001-1458-d00-a--100-273]-9618&alias=bigbird19.cern.ch&noUDP&sock=schedd_4961_696e>
...
009 (10284266.3735.000) 08/02 15:50:27 Job was aborted.
	via condor_rm (by user yelberke)
...
040 (10284267.3735.000) 08/02 16:52:13 Started transferring input files
	Transferring to host: <188.185.205.8:9618?addrs=188.185.205.8-9618&alias=b9p03p5729.cern.ch&noUDP&sock=slot1_7_6871_fdb0_166106>
...
040 (10284267.3735.000) 08/02 16:52:13 Finished transferring input files
...
001 (10284267.3735.000) 08/02 16:52:14 Job executing on host: <188.185.205.8:9618?addrs=188.185.205.8-9618&alias=b9p03p5729.cern.ch&noUDP&sock=startd_6798_70e8>
	SlotName: slot1_7@b9p03p5729.cern.ch
	CondorScratchDir = "/pool/condor/dir_3057407"
	Cpus = 12
	Disk = 2722859
	Memory = 24000
...
006 (10284267.3735.000) 08/02 16:52:15 Image size of job updated: 325968
	3  -  MemoryUsage of job (MB)
	2968  -  ResidentSetSize of job (KB)
...
040 (10284267.3735.000) 08/02 16:52:16 Started transferring output files
...
040 (10284267.3735.000) 08/02 16:52:16 Finished transferring output files
...
005 (10284267.3735.000) 08/02 16:52:16 Job terminated.
	(1) Normal termination (return value 139)
		Usr 0 00:00:01, Sys 0 00:00:00  -  Run Remote Usage
		Usr 0 00:00:00, Sys 0 00:00:00  -  Run Local Usage
		Usr 0 00:00:01, Sys 0 00:00:00  -  Total Remote Usage
		Usr 0 00:00:00, Sys 0 00:00:00  -  Total Local Usage
	7696  -  Run Bytes Sent By Job
	409597  -  Run Bytes Received By Job
	7696  -  Total Bytes Sent By Job
	409597  -  Total Bytes Received By Job
	Partitionable Resources :    Usage  Request Allocated 
	   Cpus                 :        0       12        12 
	   Disk (KB)            :      428      425   2722859 
	   Memory (MB)          :        3    24000     24000 

	Job terminated of its own accord at 2024-08-02T14:52:15Z with exit-code 139.
...
