000 (10252905.3750.000) 07/24 16:13:20 Job submitted from host: <188.185.114.121:9618?addrs=188.185.114.121-9618+[2001-1458-d00-a--100-273]-9618&alias=bigbird19.cern.ch&noUDP&sock=schedd_4961_696e>
...
009 (10252905.3750.000) 07/24 16:14:50 Job was aborted.
	via condor_rm (by user yelberke)
...
000 (10252906.3750.000) 07/24 16:15:39 Job submitted from host: <188.185.114.121:9618?addrs=188.185.114.121-9618+[2001-1458-d00-a--100-273]-9618&alias=bigbird19.cern.ch&noUDP&sock=schedd_4961_696e>
...
000 (10252907.3750.000) 07/24 16:17:33 Job submitted from host: <188.185.114.121:9618?addrs=188.185.114.121-9618+[2001-1458-d00-a--100-273]-9618&alias=bigbird19.cern.ch&noUDP&sock=schedd_4961_696e>
...
000 (10252908.3750.000) 07/24 16:18:06 Job submitted from host: <188.185.114.121:9618?addrs=188.185.114.121-9618+[2001-1458-d00-a--100-273]-9618&alias=bigbird19.cern.ch&noUDP&sock=schedd_4961_696e>
...
000 (10252909.3750.000) 07/24 16:18:42 Job submitted from host: <188.185.114.121:9618?addrs=188.185.114.121-9618+[2001-1458-d00-a--100-273]-9618&alias=bigbird19.cern.ch&noUDP&sock=schedd_4961_696e>
...
040 (10252906.3750.000) 07/24 17:01:57 Started transferring input files
	Transferring to host: <188.185.208.208:9618?addrs=188.185.208.208-9618+[2001-1458-303-10--100-4d]-9618&alias=b9p10p8955.cern.ch&noUDP&sock=slot1_7_4242_9f66_145490>
...
040 (10252906.3750.000) 07/24 17:01:57 Finished transferring input files
...
001 (10252906.3750.000) 07/24 17:01:58 Job executing on host: <188.185.208.208:9618?addrs=188.185.208.208-9618+[2001-1458-303-10--100-4d]-9618&alias=b9p10p8955.cern.ch&noUDP&sock=startd_3618_39bd>
	SlotName: slot1_7@b9p10p8955.cern.ch
	CondorScratchDir = "/pool/condor/dir_3204109"
	Cpus = 8
	Disk = 2705760
	Memory = 16000
...
006 (10252906.3750.000) 07/24 17:02:04 Image size of job updated: 159768
	8  -  MemoryUsage of job (MB)
	7540  -  ResidentSetSize of job (KB)
...
040 (10252906.3750.000) 07/24 17:02:04 Started transferring output files
...
040 (10252906.3750.000) 07/24 17:02:04 Finished transferring output files
...
005 (10252906.3750.000) 07/24 17:02:04 Job terminated.
	(1) Normal termination (return value 0)
		Usr 0 00:00:05, Sys 0 00:00:00  -  Run Remote Usage
		Usr 0 00:00:00, Sys 0 00:00:00  -  Run Local Usage
		Usr 0 00:00:05, Sys 0 00:00:00  -  Total Remote Usage
		Usr 0 00:00:00, Sys 0 00:00:00  -  Total Local Usage
	6201  -  Run Bytes Sent By Job
	409597  -  Run Bytes Received By Job
	6201  -  Total Bytes Sent By Job
	409597  -  Total Bytes Received By Job
	Partitionable Resources :    Usage  Request Allocated 
	   Cpus                 :        0        8         8 
	   Disk (KB)            :      428      425   2705760 
	   Memory (MB)          :        8    16000     16000 

	Job terminated of its own accord at 2024-07-24T15:02:04Z with exit-code 0.
...
040 (10252907.3750.000) 07/24 18:13:01 Started transferring input files
	Transferring to host: <188.185.204.237:9618?addrs=188.185.204.237-9618+[2001-1458-303-8--100-6a]-9618&alias=b9p02p4140.cern.ch&noUDP&sock=slot1_4_5256_13cf_157910>
...
040 (10252907.3750.000) 07/24 18:13:01 Finished transferring input files
...
001 (10252907.3750.000) 07/24 18:13:02 Job executing on host: <188.185.204.237:9618?addrs=188.185.204.237-9618+[2001-1458-303-8--100-6a]-9618&alias=b9p02p4140.cern.ch&noUDP&sock=startd_4863_3126>
	SlotName: slot1_4@b9p02p4140.cern.ch
	CondorScratchDir = "/pool/condor/dir_2487407"
	Cpus = 8
	Disk = 2832957
	Memory = 16000
...
006 (10252907.3750.000) 07/24 18:13:06 Image size of job updated: 160560
	8  -  MemoryUsage of job (MB)
	8076  -  ResidentSetSize of job (KB)
...
040 (10252907.3750.000) 07/24 18:13:06 Started transferring output files
...
040 (10252907.3750.000) 07/24 18:13:06 Finished transferring output files
...
005 (10252907.3750.000) 07/24 18:13:06 Job terminated.
	(1) Normal termination (return value 0)
		Usr 0 00:00:03, Sys 0 00:00:00  -  Run Remote Usage
		Usr 0 00:00:00, Sys 0 00:00:00  -  Run Local Usage
		Usr 0 00:00:03, Sys 0 00:00:00  -  Total Remote Usage
		Usr 0 00:00:00, Sys 0 00:00:00  -  Total Local Usage
	6204  -  Run Bytes Sent By Job
	409597  -  Run Bytes Received By Job
	6204  -  Total Bytes Sent By Job
	409597  -  Total Bytes Received By Job
	Partitionable Resources :    Usage  Request Allocated 
	   Cpus                 :        0        8         8 
	   Disk (KB)            :      428      425   2832957 
	   Memory (MB)          :        8    16000     16000 

	Job terminated of its own accord at 2024-07-24T16:13:06Z with exit-code 0.
...
040 (10252908.3750.000) 07/24 19:18:12 Started transferring input files
	Transferring to host: <188.185.208.82:9618?addrs=188.185.208.82-9618+[2001-1458-303-f--100-4f]-9618&alias=b9p09p8175.cern.ch&noUDP&sock=slot1_9_6097_a351_143320>
...
040 (10252908.3750.000) 07/24 19:18:12 Finished transferring input files
...
001 (10252908.3750.000) 07/24 19:18:13 Job executing on host: <188.185.208.82:9618?addrs=188.185.208.82-9618+[2001-1458-303-f--100-4f]-9618&alias=b9p09p8175.cern.ch&noUDP&sock=startd_5028_5e46>
	SlotName: slot1_9@b9p09p8175.cern.ch
	CondorScratchDir = "/pool/condor/dir_978358"
	Cpus = 8
	Disk = 2780541
	Memory = 16000
...
006 (10252908.3750.000) 07/24 19:18:18 Image size of job updated: 157104
	7  -  MemoryUsage of job (MB)
	6400  -  ResidentSetSize of job (KB)
...
040 (10252908.3750.000) 07/24 19:18:18 Started transferring output files
...
040 (10252908.3750.000) 07/24 19:18:18 Finished transferring output files
...
005 (10252908.3750.000) 07/24 19:18:18 Job terminated.
	(1) Normal termination (return value 0)
		Usr 0 00:00:04, Sys 0 00:00:00  -  Run Remote Usage
		Usr 0 00:00:00, Sys 0 00:00:00  -  Run Local Usage
		Usr 0 00:00:04, Sys 0 00:00:00  -  Total Remote Usage
		Usr 0 00:00:00, Sys 0 00:00:00  -  Total Local Usage
	6204  -  Run Bytes Sent By Job
	409597  -  Run Bytes Received By Job
	6204  -  Total Bytes Sent By Job
	409597  -  Total Bytes Received By Job
	Partitionable Resources :    Usage  Request Allocated 
	   Cpus                 :     0.08        8         8 
	   Disk (KB)            :   428         425   2780541 
	   Memory (MB)          :     7       16000     16000 

	Job terminated of its own accord at 2024-07-24T17:18:18Z with exit-code 0.
...
040 (10252909.3750.000) 07/24 20:17:06 Started transferring input files
	Transferring to host: <188.185.208.226:9618?addrs=188.185.208.226-9618+[2001-1458-303-10--100-5f]-9618&alias=b9p10p3190.cern.ch&noUDP&sock=slot1_1_9643_1da1_128201>
...
040 (10252909.3750.000) 07/24 20:17:06 Finished transferring input files
...
001 (10252909.3750.000) 07/24 20:17:07 Job executing on host: <188.185.208.226:9618?addrs=188.185.208.226-9618+[2001-1458-303-10--100-5f]-9618&alias=b9p10p3190.cern.ch&noUDP&sock=startd_8345_8deb>
	SlotName: slot1_1@b9p10p3190.cern.ch
	CondorScratchDir = "/pool/condor/dir_393631"
	Cpus = 8
	Disk = 2840894
	Memory = 16000
...
006 (10252909.3750.000) 07/24 20:17:11 Image size of job updated: 160260
	8  -  MemoryUsage of job (MB)
	8060  -  ResidentSetSize of job (KB)
...
040 (10252909.3750.000) 07/24 20:17:11 Started transferring output files
...
040 (10252909.3750.000) 07/24 20:17:11 Finished transferring output files
...
005 (10252909.3750.000) 07/24 20:17:11 Job terminated.
	(1) Normal termination (return value 0)
		Usr 0 00:00:03, Sys 0 00:00:00  -  Run Remote Usage
		Usr 0 00:00:00, Sys 0 00:00:00  -  Run Local Usage
		Usr 0 00:00:03, Sys 0 00:00:00  -  Total Remote Usage
		Usr 0 00:00:00, Sys 0 00:00:00  -  Total Local Usage
	6204  -  Run Bytes Sent By Job
	409597  -  Run Bytes Received By Job
	6204  -  Total Bytes Sent By Job
	409597  -  Total Bytes Received By Job
	Partitionable Resources :    Usage  Request Allocated 
	   Cpus                 :        0        8         8 
	   Disk (KB)            :      428      425   2840894 
	   Memory (MB)          :        8    16000     16000 

	Job terminated of its own accord at 2024-07-24T18:17:11Z with exit-code 0.
...
000 (10261715.3750.000) 07/25 13:02:55 Job submitted from host: <188.185.114.121:9618?addrs=188.185.114.121-9618+[2001-1458-d00-a--100-273]-9618&alias=bigbird19.cern.ch&noUDP&sock=schedd_4961_696e>
...
009 (10261715.3750.000) 07/25 13:06:58 Job was aborted.
	via condor_rm (by user yelberke)
...
000 (10261767.3750.000) 07/25 13:20:35 Job submitted from host: <188.185.114.121:9618?addrs=188.185.114.121-9618+[2001-1458-d00-a--100-273]-9618&alias=bigbird19.cern.ch&noUDP&sock=schedd_4961_696e>
...
040 (10261767.3750.000) 07/25 14:39:01 Started transferring input files
	Transferring to host: <188.185.205.67:9618?addrs=188.185.205.67-9618+[2001-1458-303-9--100-b7]-9618&alias=b9p03p5425.cern.ch&noUDP&sock=slot1_5_3623_7b2c_31502>
...
040 (10261767.3750.000) 07/25 14:39:01 Finished transferring input files
...
001 (10261767.3750.000) 07/25 14:39:02 Job executing on host: <188.185.205.67:9618?addrs=188.185.205.67-9618+[2001-1458-303-9--100-b7]-9618&alias=b9p03p5425.cern.ch&noUDP&sock=startd_3513_344b>
	SlotName: slot1_5@b9p03p5425.cern.ch
	CondorScratchDir = "/pool/condor/dir_869776"
	Cpus = 12
	Disk = 2676888
	Memory = 24000
...
006 (10261767.3750.000) 07/25 14:39:07 Image size of job updated: 160220
	7  -  MemoryUsage of job (MB)
	6300  -  ResidentSetSize of job (KB)
...
040 (10261767.3750.000) 07/25 14:39:07 Started transferring output files
...
040 (10261767.3750.000) 07/25 14:39:07 Finished transferring output files
...
005 (10261767.3750.000) 07/25 14:39:07 Job terminated.
	(1) Normal termination (return value 0)
		Usr 0 00:00:04, Sys 0 00:00:00  -  Run Remote Usage
		Usr 0 00:00:00, Sys 0 00:00:00  -  Run Local Usage
		Usr 0 00:00:04, Sys 0 00:00:00  -  Total Remote Usage
		Usr 0 00:00:00, Sys 0 00:00:00  -  Total Local Usage
	6676  -  Run Bytes Sent By Job
	409597  -  Run Bytes Received By Job
	6676  -  Total Bytes Sent By Job
	409597  -  Total Bytes Received By Job
	Partitionable Resources :    Usage  Request Allocated 
	   Cpus                 :        0       12        12 
	   Disk (KB)            :      429      425   2676888 
	   Memory (MB)          :        7    24000     24000 

	Job terminated of its own accord at 2024-07-25T12:39:07Z with exit-code 0.
...
000 (10284266.3750.000) 08/02 15:46:39 Job submitted from host: <188.185.114.121:9618?addrs=188.185.114.121-9618+[2001-1458-d00-a--100-273]-9618&alias=bigbird19.cern.ch&noUDP&sock=schedd_4961_696e>
...
000 (10284267.3750.000) 08/02 15:50:06 Job submitted from host: <188.185.114.121:9618?addrs=188.185.114.121-9618+[2001-1458-d00-a--100-273]-9618&alias=bigbird19.cern.ch&noUDP&sock=schedd_4961_696e>
...
009 (10284266.3750.000) 08/02 15:50:27 Job was aborted.
	via condor_rm (by user yelberke)
...
040 (10284267.3750.000) 08/02 16:52:17 Started transferring input files
	Transferring to host: <188.185.204.237:9618?addrs=188.185.204.237-9618+[2001-1458-303-8--100-6a]-9618&alias=b9p02p4140.cern.ch&noUDP&sock=slot1_2_989831_3bd4_459>
...
040 (10284267.3750.000) 08/02 16:52:17 Finished transferring input files
...
001 (10284267.3750.000) 08/02 16:52:18 Job executing on host: <188.185.204.237:9618?addrs=188.185.204.237-9618+[2001-1458-303-8--100-6a]-9618&alias=b9p02p4140.cern.ch&noUDP&sock=startd_4863_3126>
	SlotName: slot1_2@b9p02p4140.cern.ch
	CondorScratchDir = "/pool/condor/dir_2164127"
	Cpus = 12
	Disk = 2771090
	Memory = 24000
...
006 (10284267.3750.000) 08/02 16:52:19 Image size of job updated: 326256
	5  -  MemoryUsage of job (MB)
	5072  -  ResidentSetSize of job (KB)
...
040 (10284267.3750.000) 08/02 16:52:20 Started transferring output files
...
040 (10284267.3750.000) 08/02 16:52:20 Finished transferring output files
...
005 (10284267.3750.000) 08/02 16:52:20 Job terminated.
	(1) Normal termination (return value 139)
		Usr 0 00:00:01, Sys 0 00:00:00  -  Run Remote Usage
		Usr 0 00:00:00, Sys 0 00:00:00  -  Run Local Usage
		Usr 0 00:00:01, Sys 0 00:00:00  -  Total Remote Usage
		Usr 0 00:00:00, Sys 0 00:00:00  -  Total Local Usage
	7696  -  Run Bytes Sent By Job
	409597  -  Run Bytes Received By Job
	7696  -  Total Bytes Sent By Job
	409597  -  Total Bytes Received By Job
	Partitionable Resources :    Usage  Request Allocated 
	   Cpus                 :        0       12        12 
	   Disk (KB)            :      428      425   2771090 
	   Memory (MB)          :        5    24000     24000 

	Job terminated of its own accord at 2024-08-02T14:52:19Z with exit-code 139.
...
