000 (10252905.3785.000) 07/24 16:13:20 Job submitted from host: <188.185.114.121:9618?addrs=188.185.114.121-9618+[2001-1458-d00-a--100-273]-9618&alias=bigbird19.cern.ch&noUDP&sock=schedd_4961_696e>
...
009 (10252905.3785.000) 07/24 16:14:50 Job was aborted.
	via condor_rm (by user yelberke)
...
000 (10252906.3785.000) 07/24 16:15:39 Job submitted from host: <188.185.114.121:9618?addrs=188.185.114.121-9618+[2001-1458-d00-a--100-273]-9618&alias=bigbird19.cern.ch&noUDP&sock=schedd_4961_696e>
...
000 (10252907.3785.000) 07/24 16:17:33 Job submitted from host: <188.185.114.121:9618?addrs=188.185.114.121-9618+[2001-1458-d00-a--100-273]-9618&alias=bigbird19.cern.ch&noUDP&sock=schedd_4961_696e>
...
000 (10252908.3785.000) 07/24 16:18:06 Job submitted from host: <188.185.114.121:9618?addrs=188.185.114.121-9618+[2001-1458-d00-a--100-273]-9618&alias=bigbird19.cern.ch&noUDP&sock=schedd_4961_696e>
...
000 (10252909.3785.000) 07/24 16:18:42 Job submitted from host: <188.185.114.121:9618?addrs=188.185.114.121-9618+[2001-1458-d00-a--100-273]-9618&alias=bigbird19.cern.ch&noUDP&sock=schedd_4961_696e>
...
040 (10252906.3785.000) 07/24 17:02:03 Started transferring input files
	Transferring to host: <188.185.208.22:9618?addrs=188.185.208.22-9618+[2001-1458-303-f--100-13]-9618&alias=b9p09p3120.cern.ch&noUDP&sock=slot1_12_5067_e8e7_137191>
...
040 (10252906.3785.000) 07/24 17:02:03 Finished transferring input files
...
001 (10252906.3785.000) 07/24 17:02:04 Job executing on host: <188.185.208.22:9618?addrs=188.185.208.22-9618+[2001-1458-303-f--100-13]-9618&alias=b9p09p3120.cern.ch&noUDP&sock=startd_4268_124c>
	SlotName: slot1_12@b9p09p3120.cern.ch
	CondorScratchDir = "/pool/condor/dir_3807347"
	Cpus = 8
	Disk = 2770910
	Memory = 16000
...
006 (10252906.3785.000) 07/24 17:02:11 Image size of job updated: 160052
	8  -  MemoryUsage of job (MB)
	7760  -  ResidentSetSize of job (KB)
...
040 (10252906.3785.000) 07/24 17:02:11 Started transferring output files
...
040 (10252906.3785.000) 07/24 17:02:11 Finished transferring output files
...
005 (10252906.3785.000) 07/24 17:02:11 Job terminated.
	(1) Normal termination (return value 0)
		Usr 0 00:00:05, Sys 0 00:00:00  -  Run Remote Usage
		Usr 0 00:00:00, Sys 0 00:00:00  -  Run Local Usage
		Usr 0 00:00:05, Sys 0 00:00:00  -  Total Remote Usage
		Usr 0 00:00:00, Sys 0 00:00:00  -  Total Local Usage
	6201  -  Run Bytes Sent By Job
	409597  -  Run Bytes Received By Job
	6201  -  Total Bytes Sent By Job
	409597  -  Total Bytes Received By Job
	Partitionable Resources :    Usage  Request Allocated 
	   Cpus                 :        0        8         8 
	   Disk (KB)            :      427      425   2770910 
	   Memory (MB)          :        8    16000     16000 

	Job terminated of its own accord at 2024-07-24T15:02:11Z with exit-code 0.
...
040 (10252907.3785.000) 07/24 18:13:23 Started transferring input files
	Transferring to host: <188.185.208.70:9618?addrs=188.185.208.70-9618+[2001-1458-303-f--100-43]-9618&alias=b9p09p1619.cern.ch&noUDP&sock=slot1_14_2217836_d8c5_45703>
...
040 (10252907.3785.000) 07/24 18:13:23 Finished transferring input files
...
001 (10252907.3785.000) 07/24 18:13:24 Job executing on host: <188.185.208.70:9618?addrs=188.185.208.70-9618+[2001-1458-303-f--100-43]-9618&alias=b9p09p1619.cern.ch&noUDP&sock=startd_8877_764d>
	SlotName: slot1_14@b9p09p1619.cern.ch
	CondorScratchDir = "/pool/condor/dir_2930978"
	Cpus = 8
	Disk = 2791225
	Memory = 16000
...
006 (10252907.3785.000) 07/24 18:13:28 Image size of job updated: 160568
	9  -  MemoryUsage of job (MB)
	8208  -  ResidentSetSize of job (KB)
...
040 (10252907.3785.000) 07/24 18:13:28 Started transferring output files
...
040 (10252907.3785.000) 07/24 18:13:28 Finished transferring output files
...
005 (10252907.3785.000) 07/24 18:13:28 Job terminated.
	(1) Normal termination (return value 0)
		Usr 0 00:00:03, Sys 0 00:00:00  -  Run Remote Usage
		Usr 0 00:00:00, Sys 0 00:00:00  -  Run Local Usage
		Usr 0 00:00:03, Sys 0 00:00:00  -  Total Remote Usage
		Usr 0 00:00:00, Sys 0 00:00:00  -  Total Local Usage
	6204  -  Run Bytes Sent By Job
	409597  -  Run Bytes Received By Job
	6204  -  Total Bytes Sent By Job
	409597  -  Total Bytes Received By Job
	Partitionable Resources :    Usage  Request Allocated 
	   Cpus                 :        0        8         8 
	   Disk (KB)            :      428      425   2791225 
	   Memory (MB)          :        9    16000     16000 

	Job terminated of its own accord at 2024-07-24T16:13:28Z with exit-code 0.
...
040 (10252908.3785.000) 07/24 19:18:23 Started transferring input files
	Transferring to host: <188.185.206.183:9618?addrs=188.185.206.183-9618&alias=b9p06p2267.cern.ch&noUDP&sock=slot1_12_6899_b832_156649>
...
040 (10252908.3785.000) 07/24 19:18:23 Finished transferring input files
...
001 (10252908.3785.000) 07/24 19:18:24 Job executing on host: <188.185.206.183:9618?addrs=188.185.206.183-9618&alias=b9p06p2267.cern.ch&noUDP&sock=startd_6833_72b8>
	SlotName: slot1_12@b9p06p2267.cern.ch
	CondorScratchDir = "/pool/condor/dir_2449859"
	Cpus = 8
	Disk = 2771669
	Memory = 16000
...
006 (10252908.3785.000) 07/24 19:18:28 Image size of job updated: 159976
	8  -  MemoryUsage of job (MB)
	7772  -  ResidentSetSize of job (KB)
...
040 (10252908.3785.000) 07/24 19:18:28 Started transferring output files
...
040 (10252908.3785.000) 07/24 19:18:28 Finished transferring output files
...
005 (10252908.3785.000) 07/24 19:18:28 Job terminated.
	(1) Normal termination (return value 0)
		Usr 0 00:00:03, Sys 0 00:00:00  -  Run Remote Usage
		Usr 0 00:00:00, Sys 0 00:00:00  -  Run Local Usage
		Usr 0 00:00:03, Sys 0 00:00:00  -  Total Remote Usage
		Usr 0 00:00:00, Sys 0 00:00:00  -  Total Local Usage
	6204  -  Run Bytes Sent By Job
	409597  -  Run Bytes Received By Job
	6204  -  Total Bytes Sent By Job
	409597  -  Total Bytes Received By Job
	Partitionable Resources :    Usage  Request Allocated 
	   Cpus                 :        0        8         8 
	   Disk (KB)            :      428      425   2771669 
	   Memory (MB)          :        8    16000     16000 

	Job terminated of its own accord at 2024-07-24T17:18:28Z with exit-code 0.
...
040 (10252909.3785.000) 07/24 20:17:18 Started transferring input files
	Transferring to host: <188.185.209.46:9618?addrs=188.185.209.46-9618+[2001-1458-303-11--100-2b]-9618&alias=b9p11p5617.cern.ch&noUDP&sock=slot1_7_13557_e200_144017>
...
040 (10252909.3785.000) 07/24 20:17:18 Finished transferring input files
...
001 (10252909.3785.000) 07/24 20:17:19 Job executing on host: <188.185.209.46:9618?addrs=188.185.209.46-9618+[2001-1458-303-11--100-2b]-9618&alias=b9p11p5617.cern.ch&noUDP&sock=startd_12097_1d42>
	SlotName: slot1_7@b9p11p5617.cern.ch
	CondorScratchDir = "/pool/condor/dir_337382"
	Cpus = 8
	Disk = 2886186
	Memory = 16000
...
006 (10252909.3785.000) 07/24 20:17:23 Image size of job updated: 159096
	9  -  MemoryUsage of job (MB)
	8292  -  ResidentSetSize of job (KB)
...
040 (10252909.3785.000) 07/24 20:17:24 Started transferring output files
...
040 (10252909.3785.000) 07/24 20:17:24 Finished transferring output files
...
005 (10252909.3785.000) 07/24 20:17:24 Job terminated.
	(1) Normal termination (return value 0)
		Usr 0 00:00:03, Sys 0 00:00:00  -  Run Remote Usage
		Usr 0 00:00:00, Sys 0 00:00:00  -  Run Local Usage
		Usr 0 00:00:03, Sys 0 00:00:00  -  Total Remote Usage
		Usr 0 00:00:00, Sys 0 00:00:00  -  Total Local Usage
	6204  -  Run Bytes Sent By Job
	409597  -  Run Bytes Received By Job
	6204  -  Total Bytes Sent By Job
	409597  -  Total Bytes Received By Job
	Partitionable Resources :    Usage  Request Allocated 
	   Cpus                 :        0        8         8 
	   Disk (KB)            :      428      425   2886186 
	   Memory (MB)          :        9    16000     16000 

	Job terminated of its own accord at 2024-07-24T18:17:23Z with exit-code 0.
...
000 (10261715.3785.000) 07/25 13:02:56 Job submitted from host: <188.185.114.121:9618?addrs=188.185.114.121-9618+[2001-1458-d00-a--100-273]-9618&alias=bigbird19.cern.ch&noUDP&sock=schedd_4961_696e>
...
009 (10261715.3785.000) 07/25 13:06:58 Job was aborted.
	via condor_rm (by user yelberke)
...
000 (10261767.3785.000) 07/25 13:20:36 Job submitted from host: <188.185.114.121:9618?addrs=188.185.114.121-9618+[2001-1458-d00-a--100-273]-9618&alias=bigbird19.cern.ch&noUDP&sock=schedd_4961_696e>
...
040 (10261767.3785.000) 07/25 14:39:13 Started transferring input files
	Transferring to host: <188.185.198.54:9618?addrs=188.185.198.54-9618+[2001-1458-303-25--100-32]-9618&alias=b9p15p4535.cern.ch&noUDP&sock=slot1_9_3158745_5b1a_7068>
...
040 (10261767.3785.000) 07/25 14:39:13 Finished transferring input files
...
001 (10261767.3785.000) 07/25 14:39:14 Job executing on host: <188.185.198.54:9618?addrs=188.185.198.54-9618+[2001-1458-303-25--100-32]-9618&alias=b9p15p4535.cern.ch&noUDP&sock=startd_128012_29b3>
	SlotName: slot1_9@b9p15p4535.cern.ch
	CondorScratchDir = "/pool/condor/dir_3628259"
	Cpus = 12
	Disk = 3007078
	Memory = 24000
...
006 (10261767.3785.000) 07/25 14:39:19 Image size of job updated: 162752
	9  -  MemoryUsage of job (MB)
	8288  -  ResidentSetSize of job (KB)
...
040 (10261767.3785.000) 07/25 14:39:19 Started transferring output files
...
040 (10261767.3785.000) 07/25 14:39:19 Finished transferring output files
...
005 (10261767.3785.000) 07/25 14:39:19 Job terminated.
	(1) Normal termination (return value 0)
		Usr 0 00:00:04, Sys 0 00:00:00  -  Run Remote Usage
		Usr 0 00:00:00, Sys 0 00:00:00  -  Run Local Usage
		Usr 0 00:00:04, Sys 0 00:00:00  -  Total Remote Usage
		Usr 0 00:00:00, Sys 0 00:00:00  -  Total Local Usage
	6676  -  Run Bytes Sent By Job
	409597  -  Run Bytes Received By Job
	6676  -  Total Bytes Sent By Job
	409597  -  Total Bytes Received By Job
	Partitionable Resources :    Usage  Request Allocated 
	   Cpus                 :        0       12        12 
	   Disk (KB)            :      428      425   3007078 
	   Memory (MB)          :        9    24000     24000 

	Job terminated of its own accord at 2024-07-25T12:39:19Z with exit-code 0.
...
000 (10284266.3785.000) 08/02 15:46:40 Job submitted from host: <188.185.114.121:9618?addrs=188.185.114.121-9618+[2001-1458-d00-a--100-273]-9618&alias=bigbird19.cern.ch&noUDP&sock=schedd_4961_696e>
...
000 (10284267.3785.000) 08/02 15:50:06 Job submitted from host: <188.185.114.121:9618?addrs=188.185.114.121-9618+[2001-1458-d00-a--100-273]-9618&alias=bigbird19.cern.ch&noUDP&sock=schedd_4961_696e>
...
009 (10284266.3785.000) 08/02 15:50:28 Job was aborted.
	via condor_rm (by user yelberke)
...
040 (10284267.3785.000) 08/02 16:52:32 Started transferring input files
	Transferring to host: <188.185.205.159:9618?addrs=188.185.205.159-9618+[2001-1458-303-a--100-1c]-9618&alias=b9p04p0179.cern.ch&noUDP&sock=slot1_12_3710_c7d0_93133>
...
040 (10284267.3785.000) 08/02 16:52:32 Finished transferring input files
...
001 (10284267.3785.000) 08/02 16:52:33 Job executing on host: <188.185.205.159:9618?addrs=188.185.205.159-9618+[2001-1458-303-a--100-1c]-9618&alias=b9p04p0179.cern.ch&noUDP&sock=startd_3390_d625>
	SlotName: slot1_12@b9p04p0179.cern.ch
	CondorScratchDir = "/pool/condor/dir_3271066"
	Cpus = 12
	Disk = 2823209
	Memory = 24000
...
006 (10284267.3785.000) 08/02 16:52:35 Image size of job updated: 324912
	3  -  MemoryUsage of job (MB)
	2536  -  ResidentSetSize of job (KB)
...
040 (10284267.3785.000) 08/02 16:52:35 Started transferring output files
...
040 (10284267.3785.000) 08/02 16:52:35 Finished transferring output files
...
005 (10284267.3785.000) 08/02 16:52:35 Job terminated.
	(1) Normal termination (return value 139)
		Usr 0 00:00:02, Sys 0 00:00:01  -  Run Remote Usage
		Usr 0 00:00:00, Sys 0 00:00:00  -  Run Local Usage
		Usr 0 00:00:02, Sys 0 00:00:01  -  Total Remote Usage
		Usr 0 00:00:00, Sys 0 00:00:00  -  Total Local Usage
	7696  -  Run Bytes Sent By Job
	409597  -  Run Bytes Received By Job
	7696  -  Total Bytes Sent By Job
	409597  -  Total Bytes Received By Job
	Partitionable Resources :    Usage  Request Allocated 
	   Cpus                 :        0       12        12 
	   Disk (KB)            :      430      425   2823209 
	   Memory (MB)          :        3    24000     24000 

	Job terminated of its own accord at 2024-08-02T14:52:35Z with exit-code 139.
...
