000 (10252905.3851.000) 07/24 16:13:20 Job submitted from host: <188.185.114.121:9618?addrs=188.185.114.121-9618+[2001-1458-d00-a--100-273]-9618&alias=bigbird19.cern.ch&noUDP&sock=schedd_4961_696e>
...
009 (10252905.3851.000) 07/24 16:14:50 Job was aborted.
	via condor_rm (by user yelberke)
...
000 (10252906.3851.000) 07/24 16:15:39 Job submitted from host: <188.185.114.121:9618?addrs=188.185.114.121-9618+[2001-1458-d00-a--100-273]-9618&alias=bigbird19.cern.ch&noUDP&sock=schedd_4961_696e>
...
000 (10252907.3851.000) 07/24 16:17:33 Job submitted from host: <188.185.114.121:9618?addrs=188.185.114.121-9618+[2001-1458-d00-a--100-273]-9618&alias=bigbird19.cern.ch&noUDP&sock=schedd_4961_696e>
...
000 (10252908.3851.000) 07/24 16:18:06 Job submitted from host: <188.185.114.121:9618?addrs=188.185.114.121-9618+[2001-1458-d00-a--100-273]-9618&alias=bigbird19.cern.ch&noUDP&sock=schedd_4961_696e>
...
000 (10252909.3851.000) 07/24 16:18:42 Job submitted from host: <188.185.114.121:9618?addrs=188.185.114.121-9618+[2001-1458-d00-a--100-273]-9618&alias=bigbird19.cern.ch&noUDP&sock=schedd_4961_696e>
...
040 (10252906.3851.000) 07/24 17:02:32 Started transferring input files
	Transferring to host: <188.185.196.36:9618?addrs=188.185.196.36-9618+[2001-1458-303-23--100-20]-9618&alias=b9p16p1584.cern.ch&noUDP&sock=slot1_11_1877469_8114_5224>
...
040 (10252906.3851.000) 07/24 17:02:32 Finished transferring input files
...
001 (10252906.3851.000) 07/24 17:02:33 Job executing on host: <188.185.196.36:9618?addrs=188.185.196.36-9618+[2001-1458-303-23--100-20]-9618&alias=b9p16p1584.cern.ch&noUDP&sock=startd_164102_e6ab>
	SlotName: slot1_11@b9p16p1584.cern.ch
	CondorScratchDir = "/pool/condor/dir_2453829"
	Cpus = 8
	Disk = 3090050
	Memory = 16000
...
006 (10252906.3851.000) 07/24 17:02:39 Image size of job updated: 159716
	8  -  MemoryUsage of job (MB)
	7556  -  ResidentSetSize of job (KB)
...
040 (10252906.3851.000) 07/24 17:02:39 Started transferring output files
...
040 (10252906.3851.000) 07/24 17:02:39 Finished transferring output files
...
005 (10252906.3851.000) 07/24 17:02:39 Job terminated.
	(1) Normal termination (return value 0)
		Usr 0 00:00:04, Sys 0 00:00:00  -  Run Remote Usage
		Usr 0 00:00:00, Sys 0 00:00:00  -  Run Local Usage
		Usr 0 00:00:04, Sys 0 00:00:00  -  Total Remote Usage
		Usr 0 00:00:00, Sys 0 00:00:00  -  Total Local Usage
	6201  -  Run Bytes Sent By Job
	409597  -  Run Bytes Received By Job
	6201  -  Total Bytes Sent By Job
	409597  -  Total Bytes Received By Job
	Partitionable Resources :    Usage  Request Allocated 
	   Cpus                 :        0        8         8 
	   Disk (KB)            :      428      425   3090050 
	   Memory (MB)          :        8    16000     16000 

	Job terminated of its own accord at 2024-07-24T15:02:39Z with exit-code 0.
...
040 (10252907.3851.000) 07/24 18:13:41 Started transferring input files
	Transferring to host: <188.185.208.153:9618?addrs=188.185.208.153-9618+[2001-1458-303-10--100-16]-9618&alias=b9p10p5024.cern.ch&noUDP&sock=slot1_2_4226_5965_144320>
...
040 (10252907.3851.000) 07/24 18:13:41 Finished transferring input files
...
001 (10252907.3851.000) 07/24 18:13:42 Job executing on host: <188.185.208.153:9618?addrs=188.185.208.153-9618+[2001-1458-303-10--100-16]-9618&alias=b9p10p5024.cern.ch&noUDP&sock=startd_3699_c8e9>
	SlotName: slot1_2@b9p10p5024.cern.ch
	CondorScratchDir = "/pool/condor/dir_4106002"
	Cpus = 8
	Disk = 2703638
	Memory = 16000
...
006 (10252907.3851.000) 07/24 18:13:46 Image size of job updated: 158204
	8  -  MemoryUsage of job (MB)
	7224  -  ResidentSetSize of job (KB)
...
040 (10252907.3851.000) 07/24 18:13:46 Started transferring output files
...
040 (10252907.3851.000) 07/24 18:13:46 Finished transferring output files
...
005 (10252907.3851.000) 07/24 18:13:46 Job terminated.
	(1) Normal termination (return value 0)
		Usr 0 00:00:03, Sys 0 00:00:00  -  Run Remote Usage
		Usr 0 00:00:00, Sys 0 00:00:00  -  Run Local Usage
		Usr 0 00:00:03, Sys 0 00:00:00  -  Total Remote Usage
		Usr 0 00:00:00, Sys 0 00:00:00  -  Total Local Usage
	6204  -  Run Bytes Sent By Job
	409597  -  Run Bytes Received By Job
	6204  -  Total Bytes Sent By Job
	409597  -  Total Bytes Received By Job
	Partitionable Resources :    Usage  Request Allocated 
	   Cpus                 :        0        8         8 
	   Disk (KB)            :      428      425   2703638 
	   Memory (MB)          :        8    16000     16000 

	Job terminated of its own accord at 2024-07-24T16:13:46Z with exit-code 0.
...
040 (10252908.3851.000) 07/24 19:18:48 Started transferring input files
	Transferring to host: <188.185.205.107:9618?addrs=188.185.205.107-9618+[2001-1458-303-9--100-68]-9618&alias=b9p03p1852.cern.ch&noUDP&sock=slot1_6_7657_cc90_71787>
...
040 (10252908.3851.000) 07/24 19:18:48 Finished transferring input files
...
001 (10252908.3851.000) 07/24 19:18:49 Job executing on host: <188.185.205.107:9618?addrs=188.185.205.107-9618+[2001-1458-303-9--100-68]-9618&alias=b9p03p1852.cern.ch&noUDP&sock=startd_6598_41f7>
	SlotName: slot1_6@b9p03p1852.cern.ch
	CondorScratchDir = "/pool/condor/dir_1905273"
	Cpus = 8
	Disk = 2756922
	Memory = 16000
...
006 (10252908.3851.000) 07/24 19:18:53 Image size of job updated: 158504
	8  -  MemoryUsage of job (MB)
	7364  -  ResidentSetSize of job (KB)
...
040 (10252908.3851.000) 07/24 19:18:53 Started transferring output files
...
040 (10252908.3851.000) 07/24 19:18:53 Finished transferring output files
...
005 (10252908.3851.000) 07/24 19:18:53 Job terminated.
	(1) Normal termination (return value 0)
		Usr 0 00:00:03, Sys 0 00:00:00  -  Run Remote Usage
		Usr 0 00:00:00, Sys 0 00:00:00  -  Run Local Usage
		Usr 0 00:00:03, Sys 0 00:00:00  -  Total Remote Usage
		Usr 0 00:00:00, Sys 0 00:00:00  -  Total Local Usage
	6204  -  Run Bytes Sent By Job
	409597  -  Run Bytes Received By Job
	6204  -  Total Bytes Sent By Job
	409597  -  Total Bytes Received By Job
	Partitionable Resources :    Usage  Request Allocated 
	   Cpus                 :        0        8         8 
	   Disk (KB)            :      428      425   2756922 
	   Memory (MB)          :        8    16000     16000 

	Job terminated of its own accord at 2024-07-24T17:18:53Z with exit-code 0.
...
040 (10252909.3851.000) 07/24 20:17:39 Started transferring input files
	Transferring to host: <188.185.205.169:9618?addrs=188.185.205.169-9618&alias=b9p04p5518.cern.ch&noUDP&sock=slot1_13_7382_0965_155475>
...
040 (10252909.3851.000) 07/24 20:17:39 Finished transferring input files
...
001 (10252909.3851.000) 07/24 20:17:40 Job executing on host: <188.185.205.169:9618?addrs=188.185.205.169-9618&alias=b9p04p5518.cern.ch&noUDP&sock=startd_7309_f1cd>
	SlotName: slot1_13@b9p04p5518.cern.ch
	CondorScratchDir = "/pool/condor/dir_1103652"
	Cpus = 8
	Disk = 2944637
	Memory = 16000
...
006 (10252909.3851.000) 07/24 20:17:44 Image size of job updated: 160476
	8  -  MemoryUsage of job (MB)
	7956  -  ResidentSetSize of job (KB)
...
040 (10252909.3851.000) 07/24 20:17:44 Started transferring output files
...
040 (10252909.3851.000) 07/24 20:17:44 Finished transferring output files
...
005 (10252909.3851.000) 07/24 20:17:44 Job terminated.
	(1) Normal termination (return value 0)
		Usr 0 00:00:03, Sys 0 00:00:00  -  Run Remote Usage
		Usr 0 00:00:00, Sys 0 00:00:00  -  Run Local Usage
		Usr 0 00:00:03, Sys 0 00:00:00  -  Total Remote Usage
		Usr 0 00:00:00, Sys 0 00:00:00  -  Total Local Usage
	6204  -  Run Bytes Sent By Job
	409597  -  Run Bytes Received By Job
	6204  -  Total Bytes Sent By Job
	409597  -  Total Bytes Received By Job
	Partitionable Resources :    Usage  Request Allocated 
	   Cpus                 :        0        8         8 
	   Disk (KB)            :      427      425   2944637 
	   Memory (MB)          :        8    16000     16000 

	Job terminated of its own accord at 2024-07-24T18:17:44Z with exit-code 0.
...
000 (10261715.3851.000) 07/25 13:02:57 Job submitted from host: <188.185.114.121:9618?addrs=188.185.114.121-9618+[2001-1458-d00-a--100-273]-9618&alias=bigbird19.cern.ch&noUDP&sock=schedd_4961_696e>
...
009 (10261715.3851.000) 07/25 13:06:58 Job was aborted.
	via condor_rm (by user yelberke)
...
000 (10261767.3851.000) 07/25 13:20:36 Job submitted from host: <188.185.114.121:9618?addrs=188.185.114.121-9618+[2001-1458-d00-a--100-273]-9618&alias=bigbird19.cern.ch&noUDP&sock=schedd_4961_696e>
...
040 (10261767.3851.000) 07/25 14:39:35 Started transferring input files
	Transferring to host: <188.185.195.114:9618?addrs=188.185.195.114-9618+[2001-1458-303-22--100-6e]-9618&alias=b9p17p4637.cern.ch&noUDP&sock=slot1_10_1186019_6d7e_6280>
...
040 (10261767.3851.000) 07/25 14:39:35 Finished transferring input files
...
001 (10261767.3851.000) 07/25 14:39:36 Job executing on host: <188.185.195.114:9618?addrs=188.185.195.114-9618+[2001-1458-303-22--100-6e]-9618&alias=b9p17p4637.cern.ch&noUDP&sock=startd_128140_f5d2>
	SlotName: slot1_10@b9p17p4637.cern.ch
	CondorScratchDir = "/pool/condor/dir_95663"
	Cpus = 12
	Disk = 3007276
	Memory = 24000
...
006 (10261767.3851.000) 07/25 14:39:42 Image size of job updated: 160484
	7  -  MemoryUsage of job (MB)
	6848  -  ResidentSetSize of job (KB)
...
040 (10261767.3851.000) 07/25 14:39:42 Started transferring output files
...
040 (10261767.3851.000) 07/25 14:39:42 Finished transferring output files
...
005 (10261767.3851.000) 07/25 14:39:42 Job terminated.
	(1) Normal termination (return value 0)
		Usr 0 00:00:05, Sys 0 00:00:00  -  Run Remote Usage
		Usr 0 00:00:00, Sys 0 00:00:00  -  Run Local Usage
		Usr 0 00:00:05, Sys 0 00:00:00  -  Total Remote Usage
		Usr 0 00:00:00, Sys 0 00:00:00  -  Total Local Usage
	6676  -  Run Bytes Sent By Job
	409597  -  Run Bytes Received By Job
	6676  -  Total Bytes Sent By Job
	409597  -  Total Bytes Received By Job
	Partitionable Resources :    Usage  Request Allocated 
	   Cpus                 :        0       12        12 
	   Disk (KB)            :      429      425   3007276 
	   Memory (MB)          :        7    24000     24000 

	Job terminated of its own accord at 2024-07-25T12:39:42Z with exit-code 0.
...
000 (10284266.3851.000) 08/02 15:46:41 Job submitted from host: <188.185.114.121:9618?addrs=188.185.114.121-9618+[2001-1458-d00-a--100-273]-9618&alias=bigbird19.cern.ch&noUDP&sock=schedd_4961_696e>
...
000 (10284267.3851.000) 08/02 15:50:07 Job submitted from host: <188.185.114.121:9618?addrs=188.185.114.121-9618+[2001-1458-d00-a--100-273]-9618&alias=bigbird19.cern.ch&noUDP&sock=schedd_4961_696e>
...
009 (10284266.3851.000) 08/02 15:50:28 Job was aborted.
	via condor_rm (by user yelberke)
...
040 (10284267.3851.000) 08/02 16:52:54 Started transferring input files
	Transferring to host: <188.185.204.190:9618?addrs=188.185.204.190-9618+[2001-1458-303-8--100-b2]-9618&alias=b9p02p2557.cern.ch&noUDP&sock=slot1_10_14537_61a8_41153>
...
040 (10284267.3851.000) 08/02 16:52:54 Finished transferring input files
...
001 (10284267.3851.000) 08/02 16:52:55 Job executing on host: <188.185.204.190:9618?addrs=188.185.204.190-9618+[2001-1458-303-8--100-b2]-9618&alias=b9p02p2557.cern.ch&noUDP&sock=startd_13467_d201>
	SlotName: slot1_10@b9p02p2557.cern.ch
	CondorScratchDir = "/pool/condor/dir_1104048"
	Cpus = 12
	Disk = 2665524
	Memory = 24000
...
006 (10284267.3851.000) 08/02 16:52:56 Image size of job updated: 328792
	5  -  MemoryUsage of job (MB)
	4772  -  ResidentSetSize of job (KB)
...
040 (10284267.3851.000) 08/02 16:52:56 Started transferring output files
...
040 (10284267.3851.000) 08/02 16:52:57 Finished transferring output files
...
005 (10284267.3851.000) 08/02 16:52:57 Job terminated.
	(1) Normal termination (return value 139)
		Usr 0 00:00:01, Sys 0 00:00:00  -  Run Remote Usage
		Usr 0 00:00:00, Sys 0 00:00:00  -  Run Local Usage
		Usr 0 00:00:01, Sys 0 00:00:00  -  Total Remote Usage
		Usr 0 00:00:00, Sys 0 00:00:00  -  Total Local Usage
	7696  -  Run Bytes Sent By Job
	409597  -  Run Bytes Received By Job
	7696  -  Total Bytes Sent By Job
	409597  -  Total Bytes Received By Job
	Partitionable Resources :    Usage  Request Allocated 
	   Cpus                 :        0       12        12 
	   Disk (KB)            :      430      425   2665524 
	   Memory (MB)          :        5    24000     24000 

	Job terminated of its own accord at 2024-08-02T14:52:56Z with exit-code 139.
...
