000 (10252905.3853.000) 07/24 16:13:20 Job submitted from host: <188.185.114.121:9618?addrs=188.185.114.121-9618+[2001-1458-d00-a--100-273]-9618&alias=bigbird19.cern.ch&noUDP&sock=schedd_4961_696e>
...
009 (10252905.3853.000) 07/24 16:14:50 Job was aborted.
	via condor_rm (by user yelberke)
...
000 (10252906.3853.000) 07/24 16:15:39 Job submitted from host: <188.185.114.121:9618?addrs=188.185.114.121-9618+[2001-1458-d00-a--100-273]-9618&alias=bigbird19.cern.ch&noUDP&sock=schedd_4961_696e>
...
000 (10252907.3853.000) 07/24 16:17:33 Job submitted from host: <188.185.114.121:9618?addrs=188.185.114.121-9618+[2001-1458-d00-a--100-273]-9618&alias=bigbird19.cern.ch&noUDP&sock=schedd_4961_696e>
...
000 (10252908.3853.000) 07/24 16:18:06 Job submitted from host: <188.185.114.121:9618?addrs=188.185.114.121-9618+[2001-1458-d00-a--100-273]-9618&alias=bigbird19.cern.ch&noUDP&sock=schedd_4961_696e>
...
000 (10252909.3853.000) 07/24 16:18:42 Job submitted from host: <188.185.114.121:9618?addrs=188.185.114.121-9618+[2001-1458-d00-a--100-273]-9618&alias=bigbird19.cern.ch&noUDP&sock=schedd_4961_696e>
...
040 (10252906.3853.000) 07/24 17:02:33 Started transferring input files
	Transferring to host: <188.185.207.10:9618?addrs=188.185.207.10-9618+[2001-1458-303-d--100-7]-9618&alias=b9p07p2827.cern.ch&noUDP&sock=slot1_17_3557_fa6a_84158>
...
040 (10252906.3853.000) 07/24 17:02:33 Finished transferring input files
...
001 (10252906.3853.000) 07/24 17:02:34 Job executing on host: <188.185.207.10:9618?addrs=188.185.207.10-9618+[2001-1458-303-d--100-7]-9618&alias=b9p07p2827.cern.ch&noUDP&sock=startd_3468_5688>
	SlotName: slot1_17@b9p07p2827.cern.ch
	CondorScratchDir = "/pool/condor/dir_1828218"
	Cpus = 8
	Disk = 2737867
	Memory = 16000
...
006 (10252906.3853.000) 07/24 17:02:38 Image size of job updated: 158500
	8  -  MemoryUsage of job (MB)
	7764  -  ResidentSetSize of job (KB)
...
040 (10252906.3853.000) 07/24 17:02:38 Started transferring output files
...
040 (10252906.3853.000) 07/24 17:02:38 Finished transferring output files
...
005 (10252906.3853.000) 07/24 17:02:38 Job terminated.
	(1) Normal termination (return value 0)
		Usr 0 00:00:03, Sys 0 00:00:00  -  Run Remote Usage
		Usr 0 00:00:00, Sys 0 00:00:00  -  Run Local Usage
		Usr 0 00:00:03, Sys 0 00:00:00  -  Total Remote Usage
		Usr 0 00:00:00, Sys 0 00:00:00  -  Total Local Usage
	6201  -  Run Bytes Sent By Job
	409597  -  Run Bytes Received By Job
	6201  -  Total Bytes Sent By Job
	409597  -  Total Bytes Received By Job
	Partitionable Resources :    Usage  Request Allocated 
	   Cpus                 :        0        8         8 
	   Disk (KB)            :      428      425   2737867 
	   Memory (MB)          :        8    16000     16000 

	Job terminated of its own accord at 2024-07-24T15:02:38Z with exit-code 0.
...
040 (10252907.3853.000) 07/24 18:13:42 Started transferring input files
	Transferring to host: <188.185.209.40:9618?addrs=188.185.209.40-9618+[2001-1458-303-11--100-25]-9618&alias=b9p11p5496.cern.ch&noUDP&sock=slot1_2_28465_eadf_24640>
...
040 (10252907.3853.000) 07/24 18:13:42 Finished transferring input files
...
001 (10252907.3853.000) 07/24 18:13:43 Job executing on host: <188.185.209.40:9618?addrs=188.185.209.40-9618+[2001-1458-303-11--100-25]-9618&alias=b9p11p5496.cern.ch&noUDP&sock=startd_27242_5317>
	SlotName: slot1_2@b9p11p5496.cern.ch
	CondorScratchDir = "/pool/condor/dir_1514856"
	Cpus = 8
	Disk = 2732012
	Memory = 16000
...
006 (10252907.3853.000) 07/24 18:13:47 Image size of job updated: 161032
	8  -  MemoryUsage of job (MB)
	8048  -  ResidentSetSize of job (KB)
...
040 (10252907.3853.000) 07/24 18:13:47 Started transferring output files
...
040 (10252907.3853.000) 07/24 18:13:47 Finished transferring output files
...
005 (10252907.3853.000) 07/24 18:13:47 Job terminated.
	(1) Normal termination (return value 0)
		Usr 0 00:00:03, Sys 0 00:00:00  -  Run Remote Usage
		Usr 0 00:00:00, Sys 0 00:00:00  -  Run Local Usage
		Usr 0 00:00:03, Sys 0 00:00:00  -  Total Remote Usage
		Usr 0 00:00:00, Sys 0 00:00:00  -  Total Local Usage
	6204  -  Run Bytes Sent By Job
	409597  -  Run Bytes Received By Job
	6204  -  Total Bytes Sent By Job
	409597  -  Total Bytes Received By Job
	Partitionable Resources :    Usage  Request Allocated 
	   Cpus                 :        0        8         8 
	   Disk (KB)            :      428      425   2732012 
	   Memory (MB)          :        8    16000     16000 

	Job terminated of its own accord at 2024-07-24T16:13:47Z with exit-code 0.
...
040 (10252908.3853.000) 07/24 19:18:44 Started transferring input files
	Transferring to host: <188.185.206.220:9618?addrs=188.185.206.220-9618&alias=b9p06p0934.cern.ch&noUDP&sock=slot1_16_17773_6fac_155329>
...
040 (10252908.3853.000) 07/24 19:18:44 Finished transferring input files
...
001 (10252908.3853.000) 07/24 19:18:45 Job executing on host: <188.185.206.220:9618?addrs=188.185.206.220-9618&alias=b9p06p0934.cern.ch&noUDP&sock=startd_16758_2c2f>
	SlotName: slot1_16@b9p06p0934.cern.ch
	CondorScratchDir = "/pool/condor/dir_1384515"
	Cpus = 8
	Disk = 2587293
	Memory = 16000
...
006 (10252908.3853.000) 07/24 19:18:49 Image size of job updated: 174076
	17  -  MemoryUsage of job (MB)
	17020  -  ResidentSetSize of job (KB)
...
040 (10252908.3853.000) 07/24 19:18:49 Started transferring output files
...
040 (10252908.3853.000) 07/24 19:18:49 Finished transferring output files
...
005 (10252908.3853.000) 07/24 19:18:49 Job terminated.
	(1) Normal termination (return value 0)
		Usr 0 00:00:03, Sys 0 00:00:00  -  Run Remote Usage
		Usr 0 00:00:00, Sys 0 00:00:00  -  Run Local Usage
		Usr 0 00:00:03, Sys 0 00:00:00  -  Total Remote Usage
		Usr 0 00:00:00, Sys 0 00:00:00  -  Total Local Usage
	6204  -  Run Bytes Sent By Job
	409597  -  Run Bytes Received By Job
	6204  -  Total Bytes Sent By Job
	409597  -  Total Bytes Received By Job
	Partitionable Resources :    Usage  Request Allocated 
	   Cpus                 :        0        8         8 
	   Disk (KB)            :      427      425   2587293 
	   Memory (MB)          :       17    16000     16000 

	Job terminated of its own accord at 2024-07-24T17:18:49Z with exit-code 0.
...
040 (10252909.3853.000) 07/24 20:17:40 Started transferring input files
	Transferring to host: <188.185.194.140:9618?addrs=188.185.194.140-9618+[2001-1458-303-21--100-88]-9618&alias=b9p20p8682.cern.ch&noUDP&sock=slot1_11_2028529_f093_7881>
...
040 (10252909.3853.000) 07/24 20:17:40 Finished transferring input files
...
001 (10252909.3853.000) 07/24 20:17:41 Job executing on host: <188.185.194.140:9618?addrs=188.185.194.140-9618+[2001-1458-303-21--100-88]-9618&alias=b9p20p8682.cern.ch&noUDP&sock=startd_128284_bb76>
	SlotName: slot1_11@b9p20p8682.cern.ch
	CondorScratchDir = "/pool/condor/dir_1004048"
	Cpus = 8
	Disk = 2990691
	Memory = 16000
...
006 (10252909.3853.000) 07/24 20:17:46 Image size of job updated: 160288
	8  -  MemoryUsage of job (MB)
	8068  -  ResidentSetSize of job (KB)
...
040 (10252909.3853.000) 07/24 20:17:46 Started transferring output files
...
040 (10252909.3853.000) 07/24 20:17:46 Finished transferring output files
...
005 (10252909.3853.000) 07/24 20:17:46 Job terminated.
	(1) Normal termination (return value 0)
		Usr 0 00:00:04, Sys 0 00:00:00  -  Run Remote Usage
		Usr 0 00:00:00, Sys 0 00:00:00  -  Run Local Usage
		Usr 0 00:00:04, Sys 0 00:00:00  -  Total Remote Usage
		Usr 0 00:00:00, Sys 0 00:00:00  -  Total Local Usage
	6204  -  Run Bytes Sent By Job
	409597  -  Run Bytes Received By Job
	6204  -  Total Bytes Sent By Job
	409597  -  Total Bytes Received By Job
	Partitionable Resources :    Usage  Request Allocated 
	   Cpus                 :        0        8         8 
	   Disk (KB)            :      427      425   2990691 
	   Memory (MB)          :        8    16000     16000 

	Job terminated of its own accord at 2024-07-24T18:17:46Z with exit-code 0.
...
000 (10261715.3853.000) 07/25 13:02:57 Job submitted from host: <188.185.114.121:9618?addrs=188.185.114.121-9618+[2001-1458-d00-a--100-273]-9618&alias=bigbird19.cern.ch&noUDP&sock=schedd_4961_696e>
...
009 (10261715.3853.000) 07/25 13:06:58 Job was aborted.
	via condor_rm (by user yelberke)
...
000 (10261767.3853.000) 07/25 13:20:36 Job submitted from host: <188.185.114.121:9618?addrs=188.185.114.121-9618+[2001-1458-d00-a--100-273]-9618&alias=bigbird19.cern.ch&noUDP&sock=schedd_4961_696e>
...
040 (10261767.3853.000) 07/25 14:39:36 Started transferring input files
	Transferring to host: <188.185.207.23:9618?addrs=188.185.207.23-9618+[2001-1458-303-d--100-14]-9618&alias=b9p07p4705.cern.ch&noUDP&sock=slot1_1_4745_081a_145644>
...
040 (10261767.3853.000) 07/25 14:39:36 Finished transferring input files
...
001 (10261767.3853.000) 07/25 14:39:37 Job executing on host: <188.185.207.23:9618?addrs=188.185.207.23-9618+[2001-1458-303-d--100-14]-9618&alias=b9p07p4705.cern.ch&noUDP&sock=startd_4012_7a0d>
	SlotName: slot1_1@b9p07p4705.cern.ch
	CondorScratchDir = "/pool/condor/dir_2456547"
	Cpus = 12
	Disk = 2683610
	Memory = 24000
...
006 (10261767.3853.000) 07/25 14:39:42 Image size of job updated: 171512
	13  -  MemoryUsage of job (MB)
	13020  -  ResidentSetSize of job (KB)
...
040 (10261767.3853.000) 07/25 14:39:42 Started transferring output files
...
040 (10261767.3853.000) 07/25 14:39:42 Finished transferring output files
...
005 (10261767.3853.000) 07/25 14:39:42 Job terminated.
	(1) Normal termination (return value 0)
		Usr 0 00:00:04, Sys 0 00:00:00  -  Run Remote Usage
		Usr 0 00:00:00, Sys 0 00:00:00  -  Run Local Usage
		Usr 0 00:00:04, Sys 0 00:00:00  -  Total Remote Usage
		Usr 0 00:00:00, Sys 0 00:00:00  -  Total Local Usage
	6676  -  Run Bytes Sent By Job
	409597  -  Run Bytes Received By Job
	6676  -  Total Bytes Sent By Job
	409597  -  Total Bytes Received By Job
	Partitionable Resources :    Usage  Request Allocated 
	   Cpus                 :        0       12        12 
	   Disk (KB)            :      429      425   2683610 
	   Memory (MB)          :       13    24000     24000 

	Job terminated of its own accord at 2024-07-25T12:39:42Z with exit-code 0.
...
000 (10284266.3853.000) 08/02 15:46:41 Job submitted from host: <188.185.114.121:9618?addrs=188.185.114.121-9618+[2001-1458-d00-a--100-273]-9618&alias=bigbird19.cern.ch&noUDP&sock=schedd_4961_696e>
...
000 (10284267.3853.000) 08/02 15:50:07 Job submitted from host: <188.185.114.121:9618?addrs=188.185.114.121-9618+[2001-1458-d00-a--100-273]-9618&alias=bigbird19.cern.ch&noUDP&sock=schedd_4961_696e>
...
009 (10284266.3853.000) 08/02 15:50:28 Job was aborted.
	via condor_rm (by user yelberke)
...
040 (10284267.3853.000) 08/02 16:52:54 Started transferring input files
	Transferring to host: <188.185.206.203:9618?addrs=188.185.206.203-9618&alias=b9p06p2344.cern.ch&noUDP&sock=slot1_6_6880_5511_166383>
...
040 (10284267.3853.000) 08/02 16:52:54 Finished transferring input files
...
001 (10284267.3853.000) 08/02 16:52:55 Job executing on host: <188.185.206.203:9618?addrs=188.185.206.203-9618&alias=b9p06p2344.cern.ch&noUDP&sock=startd_6810_ac0b>
	SlotName: slot1_6@b9p06p2344.cern.ch
	CondorScratchDir = "/pool/condor/dir_1669574"
	Cpus = 12
	Disk = 2850028
	Memory = 24000
...
006 (10284267.3853.000) 08/02 16:52:56 Image size of job updated: 326748
	5  -  MemoryUsage of job (MB)
	5052  -  ResidentSetSize of job (KB)
...
040 (10284267.3853.000) 08/02 16:52:56 Started transferring output files
...
040 (10284267.3853.000) 08/02 16:52:56 Finished transferring output files
...
005 (10284267.3853.000) 08/02 16:52:56 Job terminated.
	(1) Normal termination (return value 139)
		Usr 0 00:00:01, Sys 0 00:00:00  -  Run Remote Usage
		Usr 0 00:00:00, Sys 0 00:00:00  -  Run Local Usage
		Usr 0 00:00:01, Sys 0 00:00:00  -  Total Remote Usage
		Usr 0 00:00:00, Sys 0 00:00:00  -  Total Local Usage
	7696  -  Run Bytes Sent By Job
	409597  -  Run Bytes Received By Job
	7696  -  Total Bytes Sent By Job
	409597  -  Total Bytes Received By Job
	Partitionable Resources :    Usage  Request Allocated 
	   Cpus                 :                12        12 
	   Disk (KB)            :      422      425   2850028 
	   Memory (MB)          :        5    24000     24000 

	Job terminated of its own accord at 2024-08-02T14:52:56Z with exit-code 139.
...
