000 (10252905.3933.000) 07/24 16:13:20 Job submitted from host: <188.185.114.121:9618?addrs=188.185.114.121-9618+[2001-1458-d00-a--100-273]-9618&alias=bigbird19.cern.ch&noUDP&sock=schedd_4961_696e>
...
009 (10252905.3933.000) 07/24 16:14:50 Job was aborted.
	via condor_rm (by user yelberke)
...
000 (10252906.3933.000) 07/24 16:15:39 Job submitted from host: <188.185.114.121:9618?addrs=188.185.114.121-9618+[2001-1458-d00-a--100-273]-9618&alias=bigbird19.cern.ch&noUDP&sock=schedd_4961_696e>
...
000 (10252907.3933.000) 07/24 16:17:33 Job submitted from host: <188.185.114.121:9618?addrs=188.185.114.121-9618+[2001-1458-d00-a--100-273]-9618&alias=bigbird19.cern.ch&noUDP&sock=schedd_4961_696e>
...
000 (10252908.3933.000) 07/24 16:18:06 Job submitted from host: <188.185.114.121:9618?addrs=188.185.114.121-9618+[2001-1458-d00-a--100-273]-9618&alias=bigbird19.cern.ch&noUDP&sock=schedd_4961_696e>
...
000 (10252909.3933.000) 07/24 16:18:42 Job submitted from host: <188.185.114.121:9618?addrs=188.185.114.121-9618+[2001-1458-d00-a--100-273]-9618&alias=bigbird19.cern.ch&noUDP&sock=schedd_4961_696e>
...
040 (10252906.3933.000) 07/24 17:03:22 Started transferring input files
	Transferring to host: <188.185.192.120:9618?addrs=188.185.192.120-9618+[2001-1458-303-1f--100-74]-9618&alias=b9p13p6073.cern.ch&noUDP&sock=slot1_5_2923613_9741_3039>
...
040 (10252906.3933.000) 07/24 17:03:22 Finished transferring input files
...
001 (10252906.3933.000) 07/24 17:03:23 Job executing on host: <188.185.192.120:9618?addrs=188.185.192.120-9618+[2001-1458-303-1f--100-74]-9618&alias=b9p13p6073.cern.ch&noUDP&sock=startd_128207_eaab>
	SlotName: slot1_5@b9p13p6073.cern.ch
	CondorScratchDir = "/pool/condor/dir_4028759"
	Cpus = 8
	Disk = 2971795
	Memory = 16000
...
006 (10252906.3933.000) 07/24 17:03:32 Image size of job updated: 1
	0  -  MemoryUsage of job (MB)
	0  -  ResidentSetSize of job (KB)
...
006 (10252906.3933.000) 07/24 17:03:56 Image size of job updated: 166760
	12  -  MemoryUsage of job (MB)
	11564  -  ResidentSetSize of job (KB)
...
040 (10252906.3933.000) 07/24 17:03:56 Started transferring output files
...
040 (10252906.3933.000) 07/24 17:03:56 Finished transferring output files
...
005 (10252906.3933.000) 07/24 17:03:56 Job terminated.
	(1) Normal termination (return value 0)
		Usr 0 00:00:06, Sys 0 00:00:00  -  Run Remote Usage
		Usr 0 00:00:00, Sys 0 00:00:00  -  Run Local Usage
		Usr 0 00:00:06, Sys 0 00:00:00  -  Total Remote Usage
		Usr 0 00:00:00, Sys 0 00:00:00  -  Total Local Usage
	6201  -  Run Bytes Sent By Job
	409597  -  Run Bytes Received By Job
	6201  -  Total Bytes Sent By Job
	409597  -  Total Bytes Received By Job
	Partitionable Resources :    Usage  Request Allocated 
	   Cpus                 :        0        8         8 
	   Disk (KB)            :      428      425   2971795 
	   Memory (MB)          :       12    16000     16000 

	Job terminated of its own accord at 2024-07-24T15:03:56Z with exit-code 0.
...
040 (10252907.3933.000) 07/24 18:14:11 Started transferring input files
	Transferring to host: <188.185.207.27:9618?addrs=188.185.207.27-9618+[2001-1458-303-d--100-18]-9618&alias=b9p07p3688.cern.ch&noUDP&sock=slot1_4_5614_521d_144775>
...
040 (10252907.3933.000) 07/24 18:14:11 Finished transferring input files
...
001 (10252907.3933.000) 07/24 18:14:12 Job executing on host: <188.185.207.27:9618?addrs=188.185.207.27-9618+[2001-1458-303-d--100-18]-9618&alias=b9p07p3688.cern.ch&noUDP&sock=startd_4609_f817>
	SlotName: slot1_4@b9p07p3688.cern.ch
	CondorScratchDir = "/pool/condor/dir_594496"
	Cpus = 8
	Disk = 2831448
	Memory = 16000
...
006 (10252907.3933.000) 07/24 18:14:16 Image size of job updated: 158460
	8  -  MemoryUsage of job (MB)
	7648  -  ResidentSetSize of job (KB)
...
040 (10252907.3933.000) 07/24 18:14:16 Started transferring output files
...
040 (10252907.3933.000) 07/24 18:14:16 Finished transferring output files
...
005 (10252907.3933.000) 07/24 18:14:16 Job terminated.
	(1) Normal termination (return value 0)
		Usr 0 00:00:03, Sys 0 00:00:00  -  Run Remote Usage
		Usr 0 00:00:00, Sys 0 00:00:00  -  Run Local Usage
		Usr 0 00:00:03, Sys 0 00:00:00  -  Total Remote Usage
		Usr 0 00:00:00, Sys 0 00:00:00  -  Total Local Usage
	6204  -  Run Bytes Sent By Job
	409597  -  Run Bytes Received By Job
	6204  -  Total Bytes Sent By Job
	409597  -  Total Bytes Received By Job
	Partitionable Resources :    Usage  Request Allocated 
	   Cpus                 :        0        8         8 
	   Disk (KB)            :      428      425   2831448 
	   Memory (MB)          :        8    16000     16000 

	Job terminated of its own accord at 2024-07-24T16:14:16Z with exit-code 0.
...
040 (10252908.3933.000) 07/24 19:19:14 Started transferring input files
	Transferring to host: <188.185.204.156:9618?addrs=188.185.204.156-9618+[2001-1458-303-8--100-90]-9618&alias=b9p02p9293.cern.ch&noUDP&sock=slot1_5_7266_4de1_156167>
...
040 (10252908.3933.000) 07/24 19:19:14 Finished transferring input files
...
001 (10252908.3933.000) 07/24 19:19:15 Job executing on host: <188.185.204.156:9618?addrs=188.185.204.156-9618+[2001-1458-303-8--100-90]-9618&alias=b9p02p9293.cern.ch&noUDP&sock=startd_7189_a26f>
	SlotName: slot1_5@b9p02p9293.cern.ch
	CondorScratchDir = "/pool/condor/dir_2881618"
	Cpus = 8
	Disk = 2902055
	Memory = 16000
...
006 (10252908.3933.000) 07/24 19:19:19 Image size of job updated: 159912
	8  -  MemoryUsage of job (MB)
	7864  -  ResidentSetSize of job (KB)
...
040 (10252908.3933.000) 07/24 19:19:19 Started transferring output files
...
040 (10252908.3933.000) 07/24 19:19:19 Finished transferring output files
...
005 (10252908.3933.000) 07/24 19:19:19 Job terminated.
	(1) Normal termination (return value 0)
		Usr 0 00:00:03, Sys 0 00:00:00  -  Run Remote Usage
		Usr 0 00:00:00, Sys 0 00:00:00  -  Run Local Usage
		Usr 0 00:00:03, Sys 0 00:00:00  -  Total Remote Usage
		Usr 0 00:00:00, Sys 0 00:00:00  -  Total Local Usage
	6204  -  Run Bytes Sent By Job
	409597  -  Run Bytes Received By Job
	6204  -  Total Bytes Sent By Job
	409597  -  Total Bytes Received By Job
	Partitionable Resources :    Usage  Request Allocated 
	   Cpus                 :        0        8         8 
	   Disk (KB)            :      427      425   2902055 
	   Memory (MB)          :        8    16000     16000 

	Job terminated of its own accord at 2024-07-24T17:19:19Z with exit-code 0.
...
040 (10252909.3933.000) 07/24 20:18:07 Started transferring input files
	Transferring to host: <188.185.206.176:9618?addrs=188.185.206.176-9618&alias=b9p06p2041.cern.ch&noUDP&sock=slot1_17_6897_4f72_152959>
...
040 (10252909.3933.000) 07/24 20:18:07 Finished transferring input files
...
001 (10252909.3933.000) 07/24 20:18:08 Job executing on host: <188.185.206.176:9618?addrs=188.185.206.176-9618&alias=b9p06p2041.cern.ch&noUDP&sock=startd_6825_f5f6>
	SlotName: slot1_17@b9p06p2041.cern.ch
	CondorScratchDir = "/pool/condor/dir_1115817"
	Cpus = 8
	Disk = 2892087
	Memory = 16000
...
006 (10252909.3933.000) 07/24 20:18:12 Image size of job updated: 158160
	8  -  MemoryUsage of job (MB)
	7256  -  ResidentSetSize of job (KB)
...
040 (10252909.3933.000) 07/24 20:18:12 Started transferring output files
...
040 (10252909.3933.000) 07/24 20:18:12 Finished transferring output files
...
005 (10252909.3933.000) 07/24 20:18:12 Job terminated.
	(1) Normal termination (return value 0)
		Usr 0 00:00:03, Sys 0 00:00:00  -  Run Remote Usage
		Usr 0 00:00:00, Sys 0 00:00:00  -  Run Local Usage
		Usr 0 00:00:03, Sys 0 00:00:00  -  Total Remote Usage
		Usr 0 00:00:00, Sys 0 00:00:00  -  Total Local Usage
	6204  -  Run Bytes Sent By Job
	409597  -  Run Bytes Received By Job
	6204  -  Total Bytes Sent By Job
	409597  -  Total Bytes Received By Job
	Partitionable Resources :    Usage  Request Allocated 
	   Cpus                 :        0        8         8 
	   Disk (KB)            :      427      425   2892087 
	   Memory (MB)          :        8    16000     16000 

	Job terminated of its own accord at 2024-07-24T18:18:12Z with exit-code 0.
...
000 (10261715.3933.000) 07/25 13:02:58 Job submitted from host: <188.185.114.121:9618?addrs=188.185.114.121-9618+[2001-1458-d00-a--100-273]-9618&alias=bigbird19.cern.ch&noUDP&sock=schedd_4961_696e>
...
009 (10261715.3933.000) 07/25 13:06:58 Job was aborted.
	via condor_rm (by user yelberke)
...
000 (10261767.3933.000) 07/25 13:20:36 Job submitted from host: <188.185.114.121:9618?addrs=188.185.114.121-9618+[2001-1458-d00-a--100-273]-9618&alias=bigbird19.cern.ch&noUDP&sock=schedd_4961_696e>
...
040 (10261767.3933.000) 07/25 14:40:03 Started transferring input files
	Transferring to host: <188.185.209.198:9618?addrs=188.185.209.198-9618+[2001-1458-303-12--100-43]-9618&alias=b9p12p4148.cern.ch&noUDP&sock=slot1_9_5516_4559_143347>
...
040 (10261767.3933.000) 07/25 14:40:03 Finished transferring input files
...
001 (10261767.3933.000) 07/25 14:40:04 Job executing on host: <188.185.209.198:9618?addrs=188.185.209.198-9618+[2001-1458-303-12--100-43]-9618&alias=b9p12p4148.cern.ch&noUDP&sock=startd_4513_1f00>
	SlotName: slot1_9@b9p12p4148.cern.ch
	CondorScratchDir = "/pool/condor/dir_1883003"
	Cpus = 12
	Disk = 2628306
	Memory = 24000
...
006 (10261767.3933.000) 07/25 14:40:10 Image size of job updated: 160968
	7  -  MemoryUsage of job (MB)
	6880  -  ResidentSetSize of job (KB)
...
040 (10261767.3933.000) 07/25 14:40:10 Started transferring output files
...
040 (10261767.3933.000) 07/25 14:40:10 Finished transferring output files
...
005 (10261767.3933.000) 07/25 14:40:10 Job terminated.
	(1) Normal termination (return value 0)
		Usr 0 00:00:04, Sys 0 00:00:00  -  Run Remote Usage
		Usr 0 00:00:00, Sys 0 00:00:00  -  Run Local Usage
		Usr 0 00:00:04, Sys 0 00:00:00  -  Total Remote Usage
		Usr 0 00:00:00, Sys 0 00:00:00  -  Total Local Usage
	6676  -  Run Bytes Sent By Job
	409597  -  Run Bytes Received By Job
	6676  -  Total Bytes Sent By Job
	409597  -  Total Bytes Received By Job
	Partitionable Resources :    Usage  Request Allocated 
	   Cpus                 :        0       12        12 
	   Disk (KB)            :      429      425   2628306 
	   Memory (MB)          :        7    24000     24000 

	Job terminated of its own accord at 2024-07-25T12:40:10Z with exit-code 0.
...
000 (10284266.3933.000) 08/02 15:46:44 Job submitted from host: <188.185.114.121:9618?addrs=188.185.114.121-9618+[2001-1458-d00-a--100-273]-9618&alias=bigbird19.cern.ch&noUDP&sock=schedd_4961_696e>
...
000 (10284267.3933.000) 08/02 15:50:08 Job submitted from host: <188.185.114.121:9618?addrs=188.185.114.121-9618+[2001-1458-d00-a--100-273]-9618&alias=bigbird19.cern.ch&noUDP&sock=schedd_4961_696e>
...
009 (10284266.3933.000) 08/02 15:50:29 Job was aborted.
	via condor_rm (by user yelberke)
...
040 (10284267.3933.000) 08/02 16:53:20 Started transferring input files
	Transferring to host: <188.185.206.203:9618?addrs=188.185.206.203-9618&alias=b9p06p2344.cern.ch&noUDP&sock=slot1_3_6880_5511_166386>
...
040 (10284267.3933.000) 08/02 16:53:20 Finished transferring input files
...
001 (10284267.3933.000) 08/02 16:53:21 Job executing on host: <188.185.206.203:9618?addrs=188.185.206.203-9618&alias=b9p06p2344.cern.ch&noUDP&sock=startd_6810_ac0b>
	SlotName: slot1_3@b9p06p2344.cern.ch
	CondorScratchDir = "/pool/condor/dir_1671912"
	Cpus = 12
	Disk = 2850051
	Memory = 24000
...
006 (10284267.3933.000) 08/02 16:53:22 Image size of job updated: 327916
	5  -  MemoryUsage of job (MB)
	5040  -  ResidentSetSize of job (KB)
...
040 (10284267.3933.000) 08/02 16:53:23 Started transferring output files
...
040 (10284267.3933.000) 08/02 16:53:23 Finished transferring output files
...
005 (10284267.3933.000) 08/02 16:53:23 Job terminated.
	(1) Normal termination (return value 139)
		Usr 0 00:00:01, Sys 0 00:00:00  -  Run Remote Usage
		Usr 0 00:00:00, Sys 0 00:00:00  -  Run Local Usage
		Usr 0 00:00:01, Sys 0 00:00:00  -  Total Remote Usage
		Usr 0 00:00:00, Sys 0 00:00:00  -  Total Local Usage
	7696  -  Run Bytes Sent By Job
	409597  -  Run Bytes Received By Job
	7696  -  Total Bytes Sent By Job
	409597  -  Total Bytes Received By Job
	Partitionable Resources :    Usage  Request Allocated 
	   Cpus                 :        0       12        12 
	   Disk (KB)            :      429      425   2850051 
	   Memory (MB)          :        5    24000     24000 

	Job terminated of its own accord at 2024-08-02T14:53:22Z with exit-code 139.
...
