000 (10252905.3981.000) 07/24 16:13:20 Job submitted from host: <188.185.114.121:9618?addrs=188.185.114.121-9618+[2001-1458-d00-a--100-273]-9618&alias=bigbird19.cern.ch&noUDP&sock=schedd_4961_696e>
...
009 (10252905.3981.000) 07/24 16:14:50 Job was aborted.
	via condor_rm (by user yelberke)
...
000 (10252906.3981.000) 07/24 16:15:39 Job submitted from host: <188.185.114.121:9618?addrs=188.185.114.121-9618+[2001-1458-d00-a--100-273]-9618&alias=bigbird19.cern.ch&noUDP&sock=schedd_4961_696e>
...
000 (10252907.3981.000) 07/24 16:17:33 Job submitted from host: <188.185.114.121:9618?addrs=188.185.114.121-9618+[2001-1458-d00-a--100-273]-9618&alias=bigbird19.cern.ch&noUDP&sock=schedd_4961_696e>
...
000 (10252908.3981.000) 07/24 16:18:07 Job submitted from host: <188.185.114.121:9618?addrs=188.185.114.121-9618+[2001-1458-d00-a--100-273]-9618&alias=bigbird19.cern.ch&noUDP&sock=schedd_4961_696e>
...
000 (10252909.3981.000) 07/24 16:18:43 Job submitted from host: <188.185.114.121:9618?addrs=188.185.114.121-9618+[2001-1458-d00-a--100-273]-9618&alias=bigbird19.cern.ch&noUDP&sock=schedd_4961_696e>
...
040 (10252906.3981.000) 07/24 17:06:38 Started transferring input files
	Transferring to host: <188.185.198.26:9618?addrs=188.185.198.26-9618+[2001-1458-303-25--100-16]-9618&alias=b9p15p5462.cern.ch&noUDP&sock=slot1_12_414428_c44e_6227>
...
040 (10252906.3981.000) 07/24 17:06:38 Finished transferring input files
...
001 (10252906.3981.000) 07/24 17:06:39 Job executing on host: <188.185.198.26:9618?addrs=188.185.198.26-9618+[2001-1458-303-25--100-16]-9618&alias=b9p15p5462.cern.ch&noUDP&sock=startd_127737_8928>
	SlotName: slot1_12@b9p15p5462.cern.ch
	CondorScratchDir = "/pool/condor/dir_38758"
	Cpus = 8
	Disk = 3029692
	Memory = 16000
...
006 (10252906.3981.000) 07/24 17:06:44 Image size of job updated: 158260
	7  -  MemoryUsage of job (MB)
	6496  -  ResidentSetSize of job (KB)
...
040 (10252906.3981.000) 07/24 17:06:44 Started transferring output files
...
040 (10252906.3981.000) 07/24 17:06:44 Finished transferring output files
...
005 (10252906.3981.000) 07/24 17:06:45 Job terminated.
	(1) Normal termination (return value 0)
		Usr 0 00:00:04, Sys 0 00:00:00  -  Run Remote Usage
		Usr 0 00:00:00, Sys 0 00:00:00  -  Run Local Usage
		Usr 0 00:00:04, Sys 0 00:00:00  -  Total Remote Usage
		Usr 0 00:00:00, Sys 0 00:00:00  -  Total Local Usage
	6201  -  Run Bytes Sent By Job
	409597  -  Run Bytes Received By Job
	6201  -  Total Bytes Sent By Job
	409597  -  Total Bytes Received By Job
	Partitionable Resources :    Usage  Request Allocated 
	   Cpus                 :        0        8         8 
	   Disk (KB)            :      427      425   3029692 
	   Memory (MB)          :        7    16000     16000 

	Job terminated of its own accord at 2024-07-24T15:06:44Z with exit-code 0.
...
040 (10252907.3981.000) 07/24 18:14:29 Started transferring input files
	Transferring to host: <188.185.193.107:9618?addrs=188.185.193.107-9618+[2001-1458-303-20--100-67]-9618&alias=b9p19p7223.cern.ch&noUDP&sock=slot1_2_3655443_07c0_5003>
...
040 (10252907.3981.000) 07/24 18:14:29 Finished transferring input files
...
001 (10252907.3981.000) 07/24 18:14:30 Job executing on host: <188.185.193.107:9618?addrs=188.185.193.107-9618+[2001-1458-303-20--100-67]-9618&alias=b9p19p7223.cern.ch&noUDP&sock=startd_128632_6e6b>
	SlotName: slot1_2@b9p19p7223.cern.ch
	CondorScratchDir = "/pool/condor/dir_1895233"
	Cpus = 8
	Disk = 3045001
	Memory = 16000
...
006 (10252907.3981.000) 07/24 18:14:38 Image size of job updated: 522148
	505  -  MemoryUsage of job (MB)
	516152  -  ResidentSetSize of job (KB)
...
006 (10252907.3981.000) 07/24 18:14:38 Image size of job updated: 529228
	505  -  MemoryUsage of job (MB)
	516152  -  ResidentSetSize of job (KB)
...
040 (10252907.3981.000) 07/24 18:14:38 Started transferring output files
...
040 (10252907.3981.000) 07/24 18:14:38 Finished transferring output files
...
005 (10252907.3981.000) 07/24 18:14:38 Job terminated.
	(1) Normal termination (return value 0)
		Usr 0 00:00:06, Sys 0 00:00:00  -  Run Remote Usage
		Usr 0 00:00:00, Sys 0 00:00:00  -  Run Local Usage
		Usr 0 00:00:06, Sys 0 00:00:00  -  Total Remote Usage
		Usr 0 00:00:00, Sys 0 00:00:00  -  Total Local Usage
	6204  -  Run Bytes Sent By Job
	409597  -  Run Bytes Received By Job
	6204  -  Total Bytes Sent By Job
	409597  -  Total Bytes Received By Job
	Partitionable Resources :    Usage  Request Allocated 
	   Cpus                 :     0.08        8         8 
	   Disk (KB)            :   427         425   3045001 
	   Memory (MB)          :   505       16000     16000 

	Job terminated of its own accord at 2024-07-24T16:14:38Z with exit-code 0.
...
040 (10252908.3981.000) 07/24 19:19:28 Started transferring input files
	Transferring to host: <188.185.205.107:9618?addrs=188.185.205.107-9618+[2001-1458-303-9--100-68]-9618&alias=b9p03p1852.cern.ch&noUDP&sock=slot1_17_7657_cc90_71793>
...
040 (10252908.3981.000) 07/24 19:19:28 Finished transferring input files
...
001 (10252908.3981.000) 07/24 19:19:29 Job executing on host: <188.185.205.107:9618?addrs=188.185.205.107-9618+[2001-1458-303-9--100-68]-9618&alias=b9p03p1852.cern.ch&noUDP&sock=startd_6598_41f7>
	SlotName: slot1_17@b9p03p1852.cern.ch
	CondorScratchDir = "/pool/condor/dir_1907138"
	Cpus = 8
	Disk = 2756846
	Memory = 16000
...
006 (10252908.3981.000) 07/24 19:19:33 Image size of job updated: 158092
	8  -  MemoryUsage of job (MB)
	7424  -  ResidentSetSize of job (KB)
...
040 (10252908.3981.000) 07/24 19:19:33 Started transferring output files
...
040 (10252908.3981.000) 07/24 19:19:33 Finished transferring output files
...
005 (10252908.3981.000) 07/24 19:19:33 Job terminated.
	(1) Normal termination (return value 0)
		Usr 0 00:00:03, Sys 0 00:00:00  -  Run Remote Usage
		Usr 0 00:00:00, Sys 0 00:00:00  -  Run Local Usage
		Usr 0 00:00:03, Sys 0 00:00:00  -  Total Remote Usage
		Usr 0 00:00:00, Sys 0 00:00:00  -  Total Local Usage
	6204  -  Run Bytes Sent By Job
	409597  -  Run Bytes Received By Job
	6204  -  Total Bytes Sent By Job
	409597  -  Total Bytes Received By Job
	Partitionable Resources :    Usage  Request Allocated 
	   Cpus                 :        0        8         8 
	   Disk (KB)            :      428      425   2756846 
	   Memory (MB)          :        8    16000     16000 

	Job terminated of its own accord at 2024-07-24T17:19:33Z with exit-code 0.
...
040 (10252909.3981.000) 07/24 20:18:23 Started transferring input files
	Transferring to host: <188.185.209.219:9618?addrs=188.185.209.219-9618+[2001-1458-303-12--100-58]-9618&alias=b9p12p3924.cern.ch&noUDP&sock=slot1_2_5313_3d31_141728>
...
040 (10252909.3981.000) 07/24 20:18:23 Finished transferring input files
...
001 (10252909.3981.000) 07/24 20:18:24 Job executing on host: <188.185.209.219:9618?addrs=188.185.209.219-9618+[2001-1458-303-12--100-58]-9618&alias=b9p12p3924.cern.ch&noUDP&sock=startd_4382_4418>
	SlotName: slot1_2@b9p12p3924.cern.ch
	CondorScratchDir = "/pool/condor/dir_1377815"
	Cpus = 8
	Disk = 2758439
	Memory = 16000
...
006 (10252909.3981.000) 07/24 20:18:28 Image size of job updated: 161068
	8  -  MemoryUsage of job (MB)
	8100  -  ResidentSetSize of job (KB)
...
040 (10252909.3981.000) 07/24 20:18:28 Started transferring output files
...
040 (10252909.3981.000) 07/24 20:18:28 Finished transferring output files
...
005 (10252909.3981.000) 07/24 20:18:28 Job terminated.
	(1) Normal termination (return value 0)
		Usr 0 00:00:03, Sys 0 00:00:00  -  Run Remote Usage
		Usr 0 00:00:00, Sys 0 00:00:00  -  Run Local Usage
		Usr 0 00:00:03, Sys 0 00:00:00  -  Total Remote Usage
		Usr 0 00:00:00, Sys 0 00:00:00  -  Total Local Usage
	6204  -  Run Bytes Sent By Job
	409597  -  Run Bytes Received By Job
	6204  -  Total Bytes Sent By Job
	409597  -  Total Bytes Received By Job
	Partitionable Resources :    Usage  Request Allocated 
	   Cpus                 :     0.05        8         8 
	   Disk (KB)            :   428         425   2758439 
	   Memory (MB)          :     8       16000     16000 

	Job terminated of its own accord at 2024-07-24T18:18:28Z with exit-code 0.
...
000 (10261715.3981.000) 07/25 13:02:59 Job submitted from host: <188.185.114.121:9618?addrs=188.185.114.121-9618+[2001-1458-d00-a--100-273]-9618&alias=bigbird19.cern.ch&noUDP&sock=schedd_4961_696e>
...
009 (10261715.3981.000) 07/25 13:06:58 Job was aborted.
	via condor_rm (by user yelberke)
...
000 (10261767.3981.000) 07/25 13:20:36 Job submitted from host: <188.185.114.121:9618?addrs=188.185.114.121-9618+[2001-1458-d00-a--100-273]-9618&alias=bigbird19.cern.ch&noUDP&sock=schedd_4961_696e>
...
040 (10261767.3981.000) 07/25 14:40:19 Started transferring input files
	Transferring to host: <188.185.196.107:9618?addrs=188.185.196.107-9618+[2001-1458-303-23--100-67]-9618&alias=b9p16p2482.cern.ch&noUDP&sock=slot1_13_3645458_b1ca_3908>
...
040 (10261767.3981.000) 07/25 14:40:19 Finished transferring input files
...
001 (10261767.3981.000) 07/25 14:40:20 Job executing on host: <188.185.196.107:9618?addrs=188.185.196.107-9618+[2001-1458-303-23--100-67]-9618&alias=b9p16p2482.cern.ch&noUDP&sock=startd_166181_ec10>
	SlotName: slot1_13@b9p16p2482.cern.ch
	CondorScratchDir = "/pool/condor/dir_3990551"
	Cpus = 12
	Disk = 2905065
	Memory = 24000
...
006 (10261767.3981.000) 07/25 14:40:28 Image size of job updated: 1
	0  -  MemoryUsage of job (MB)
	0  -  ResidentSetSize of job (KB)
...
006 (10261767.3981.000) 07/25 14:40:54 Image size of job updated: 161068
	7  -  MemoryUsage of job (MB)
	6800  -  ResidentSetSize of job (KB)
...
040 (10261767.3981.000) 07/25 14:40:54 Started transferring output files
...
040 (10261767.3981.000) 07/25 14:40:54 Finished transferring output files
...
005 (10261767.3981.000) 07/25 14:40:54 Job terminated.
	(1) Normal termination (return value 0)
		Usr 0 00:00:08, Sys 0 00:00:00  -  Run Remote Usage
		Usr 0 00:00:00, Sys 0 00:00:00  -  Run Local Usage
		Usr 0 00:00:08, Sys 0 00:00:00  -  Total Remote Usage
		Usr 0 00:00:00, Sys 0 00:00:00  -  Total Local Usage
	6676  -  Run Bytes Sent By Job
	409597  -  Run Bytes Received By Job
	6676  -  Total Bytes Sent By Job
	409597  -  Total Bytes Received By Job
	Partitionable Resources :    Usage  Request Allocated 
	   Cpus                 :                12        12 
	   Disk (KB)            :      421      425   2905065 
	   Memory (MB)          :        7    24000     24000 

	Job terminated of its own accord at 2024-07-25T12:40:54Z with exit-code 0.
...
000 (10284266.3981.000) 08/02 15:46:46 Job submitted from host: <188.185.114.121:9618?addrs=188.185.114.121-9618+[2001-1458-d00-a--100-273]-9618&alias=bigbird19.cern.ch&noUDP&sock=schedd_4961_696e>
...
000 (10284267.3981.000) 08/02 15:50:09 Job submitted from host: <188.185.114.121:9618?addrs=188.185.114.121-9618+[2001-1458-d00-a--100-273]-9618&alias=bigbird19.cern.ch&noUDP&sock=schedd_4961_696e>
...
009 (10284266.3981.000) 08/02 15:50:29 Job was aborted.
	via condor_rm (by user yelberke)
...
040 (10284267.3981.000) 08/02 16:53:37 Started transferring input files
	Transferring to host: <188.185.206.196:9618?addrs=188.185.206.196-9618+[2001-1458-303-c--100-41]-9618&alias=b9p06p3703.cern.ch&noUDP&sock=slot1_5_7418_66e7_165924>
...
040 (10284267.3981.000) 08/02 16:53:37 Finished transferring input files
...
001 (10284267.3981.000) 08/02 16:53:38 Job executing on host: <188.185.206.196:9618?addrs=188.185.206.196-9618+[2001-1458-303-c--100-41]-9618&alias=b9p06p3703.cern.ch&noUDP&sock=startd_7349_6197>
	SlotName: slot1_5@b9p06p3703.cern.ch
	CondorScratchDir = "/pool/condor/dir_3977723"
	Cpus = 12
	Disk = 2697166
	Memory = 24000
...
006 (10284267.3981.000) 08/02 16:53:40 Image size of job updated: 325440
	4  -  MemoryUsage of job (MB)
	3516  -  ResidentSetSize of job (KB)
...
040 (10284267.3981.000) 08/02 16:53:40 Started transferring output files
...
040 (10284267.3981.000) 08/02 16:53:40 Finished transferring output files
...
005 (10284267.3981.000) 08/02 16:53:40 Job terminated.
	(1) Normal termination (return value 139)
		Usr 0 00:00:01, Sys 0 00:00:01  -  Run Remote Usage
		Usr 0 00:00:00, Sys 0 00:00:00  -  Run Local Usage
		Usr 0 00:00:01, Sys 0 00:00:01  -  Total Remote Usage
		Usr 0 00:00:00, Sys 0 00:00:00  -  Total Local Usage
	7696  -  Run Bytes Sent By Job
	409597  -  Run Bytes Received By Job
	7696  -  Total Bytes Sent By Job
	409597  -  Total Bytes Received By Job
	Partitionable Resources :    Usage  Request Allocated 
	   Cpus                 :        0       12        12 
	   Disk (KB)            :      430      425   2697166 
	   Memory (MB)          :        4    24000     24000 

	Job terminated of its own accord at 2024-08-02T14:53:40Z with exit-code 139.
...
