000 (10252905.3988.000) 07/24 16:13:20 Job submitted from host: <188.185.114.121:9618?addrs=188.185.114.121-9618+[2001-1458-d00-a--100-273]-9618&alias=bigbird19.cern.ch&noUDP&sock=schedd_4961_696e>
...
009 (10252905.3988.000) 07/24 16:14:50 Job was aborted.
	via condor_rm (by user yelberke)
...
000 (10252906.3988.000) 07/24 16:15:39 Job submitted from host: <188.185.114.121:9618?addrs=188.185.114.121-9618+[2001-1458-d00-a--100-273]-9618&alias=bigbird19.cern.ch&noUDP&sock=schedd_4961_696e>
...
000 (10252907.3988.000) 07/24 16:17:33 Job submitted from host: <188.185.114.121:9618?addrs=188.185.114.121-9618+[2001-1458-d00-a--100-273]-9618&alias=bigbird19.cern.ch&noUDP&sock=schedd_4961_696e>
...
000 (10252908.3988.000) 07/24 16:18:07 Job submitted from host: <188.185.114.121:9618?addrs=188.185.114.121-9618+[2001-1458-d00-a--100-273]-9618&alias=bigbird19.cern.ch&noUDP&sock=schedd_4961_696e>
...
000 (10252909.3988.000) 07/24 16:18:43 Job submitted from host: <188.185.114.121:9618?addrs=188.185.114.121-9618+[2001-1458-d00-a--100-273]-9618&alias=bigbird19.cern.ch&noUDP&sock=schedd_4961_696e>
...
040 (10252906.3988.000) 07/24 17:06:41 Started transferring input files
	Transferring to host: <188.185.192.41:9618?addrs=188.185.192.41-9618+[2001-1458-303-1f--100-25]-9618&alias=b9p13p1507.cern.ch&noUDP&sock=slot1_3_8455_0ff1_520>
...
040 (10252906.3988.000) 07/24 17:06:41 Finished transferring input files
...
001 (10252906.3988.000) 07/24 17:06:42 Job executing on host: <188.185.192.41:9618?addrs=188.185.192.41-9618+[2001-1458-303-1f--100-25]-9618&alias=b9p13p1507.cern.ch&noUDP&sock=startd_8410_2393>
	SlotName: slot1_3@b9p13p1507.cern.ch
	CondorScratchDir = "/pool/condor/dir_288432"
	Cpus = 8
	Disk = 2976594
	Memory = 16000
...
006 (10252906.3988.000) 07/24 17:06:47 Image size of job updated: 163732
	11  -  MemoryUsage of job (MB)
	10668  -  ResidentSetSize of job (KB)
...
040 (10252906.3988.000) 07/24 17:06:48 Started transferring output files
...
040 (10252906.3988.000) 07/24 17:06:48 Finished transferring output files
...
005 (10252906.3988.000) 07/24 17:06:50 Job terminated.
	(1) Normal termination (return value 0)
		Usr 0 00:00:04, Sys 0 00:00:00  -  Run Remote Usage
		Usr 0 00:00:00, Sys 0 00:00:00  -  Run Local Usage
		Usr 0 00:00:04, Sys 0 00:00:00  -  Total Remote Usage
		Usr 0 00:00:00, Sys 0 00:00:00  -  Total Local Usage
	6201  -  Run Bytes Sent By Job
	409597  -  Run Bytes Received By Job
	6201  -  Total Bytes Sent By Job
	409597  -  Total Bytes Received By Job
	Partitionable Resources :    Usage  Request Allocated 
	   Cpus                 :        0        8         8 
	   Disk (KB)            :      427      425   2976594 
	   Memory (MB)          :       11    16000     16000 

	Job terminated of its own accord at 2024-07-24T15:06:47Z with exit-code 0.
...
040 (10252907.3988.000) 07/24 18:14:30 Started transferring input files
	Transferring to host: <188.185.205.210:9618?addrs=188.185.205.210-9618&alias=b9p04p4241.cern.ch&noUDP&sock=slot1_12_6901_20f2_153536>
...
040 (10252907.3988.000) 07/24 18:14:30 Finished transferring input files
...
001 (10252907.3988.000) 07/24 18:14:31 Job executing on host: <188.185.205.210:9618?addrs=188.185.205.210-9618&alias=b9p04p4241.cern.ch&noUDP&sock=startd_6683_8f84>
	SlotName: slot1_12@b9p04p4241.cern.ch
	CondorScratchDir = "/pool/condor/dir_804544"
	Cpus = 8
	Disk = 2656521
	Memory = 16000
...
006 (10252907.3988.000) 07/24 18:14:36 Image size of job updated: 158856
	8  -  MemoryUsage of job (MB)
	7456  -  ResidentSetSize of job (KB)
...
040 (10252907.3988.000) 07/24 18:14:36 Started transferring output files
...
040 (10252907.3988.000) 07/24 18:14:36 Finished transferring output files
...
005 (10252907.3988.000) 07/24 18:14:36 Job terminated.
	(1) Normal termination (return value 0)
		Usr 0 00:00:03, Sys 0 00:00:00  -  Run Remote Usage
		Usr 0 00:00:00, Sys 0 00:00:00  -  Run Local Usage
		Usr 0 00:00:03, Sys 0 00:00:00  -  Total Remote Usage
		Usr 0 00:00:00, Sys 0 00:00:00  -  Total Local Usage
	6204  -  Run Bytes Sent By Job
	409597  -  Run Bytes Received By Job
	6204  -  Total Bytes Sent By Job
	409597  -  Total Bytes Received By Job
	Partitionable Resources :    Usage  Request Allocated 
	   Cpus                 :        0        8         8 
	   Disk (KB)            :      427      425   2656521 
	   Memory (MB)          :        8    16000     16000 

	Job terminated of its own accord at 2024-07-24T16:14:36Z with exit-code 0.
...
040 (10252908.3988.000) 07/24 19:19:30 Started transferring input files
	Transferring to host: <188.185.205.179:9618?addrs=188.185.205.179-9618+[2001-1458-303-a--100-30]-9618&alias=b9p04p5046.cern.ch&noUDP&sock=slot1_8_7364_5aa5_154419>
...
040 (10252908.3988.000) 07/24 19:19:30 Finished transferring input files
...
001 (10252908.3988.000) 07/24 19:19:31 Job executing on host: <188.185.205.179:9618?addrs=188.185.205.179-9618+[2001-1458-303-a--100-30]-9618&alias=b9p04p5046.cern.ch&noUDP&sock=startd_7297_b6aa>
	SlotName: slot1_8@b9p04p5046.cern.ch
	CondorScratchDir = "/pool/condor/dir_3172534"
	Cpus = 8
	Disk = 2706130
	Memory = 16000
...
006 (10252908.3988.000) 07/24 19:19:36 Image size of job updated: 169196
	13  -  MemoryUsage of job (MB)
	12596  -  ResidentSetSize of job (KB)
...
040 (10252908.3988.000) 07/24 19:19:36 Started transferring output files
...
040 (10252908.3988.000) 07/24 19:19:36 Finished transferring output files
...
005 (10252908.3988.000) 07/24 19:19:36 Job terminated.
	(1) Normal termination (return value 0)
		Usr 0 00:00:03, Sys 0 00:00:00  -  Run Remote Usage
		Usr 0 00:00:00, Sys 0 00:00:00  -  Run Local Usage
		Usr 0 00:00:03, Sys 0 00:00:00  -  Total Remote Usage
		Usr 0 00:00:00, Sys 0 00:00:00  -  Total Local Usage
	6204  -  Run Bytes Sent By Job
	409597  -  Run Bytes Received By Job
	6204  -  Total Bytes Sent By Job
	409597  -  Total Bytes Received By Job
	Partitionable Resources :    Usage  Request Allocated 
	   Cpus                 :        0        8         8 
	   Disk (KB)            :      427      425   2706130 
	   Memory (MB)          :       13    16000     16000 

	Job terminated of its own accord at 2024-07-24T17:19:36Z with exit-code 0.
...
040 (10252909.3988.000) 07/24 20:18:26 Started transferring input files
	Transferring to host: <188.185.209.198:9618?addrs=188.185.209.198-9618+[2001-1458-303-12--100-43]-9618&alias=b9p12p4148.cern.ch&noUDP&sock=slot1_3_5516_4559_142407>
...
040 (10252909.3988.000) 07/24 20:18:26 Finished transferring input files
...
001 (10252909.3988.000) 07/24 20:18:27 Job executing on host: <188.185.209.198:9618?addrs=188.185.209.198-9618+[2001-1458-303-12--100-43]-9618&alias=b9p12p4148.cern.ch&noUDP&sock=startd_4513_1f00>
	SlotName: slot1_3@b9p12p4148.cern.ch
	CondorScratchDir = "/pool/condor/dir_3655911"
	Cpus = 8
	Disk = 2710329
	Memory = 16000
...
006 (10252909.3988.000) 07/24 20:18:32 Image size of job updated: 158380
	8  -  MemoryUsage of job (MB)
	7492  -  ResidentSetSize of job (KB)
...
040 (10252909.3988.000) 07/24 20:18:32 Started transferring output files
...
040 (10252909.3988.000) 07/24 20:18:32 Finished transferring output files
...
005 (10252909.3988.000) 07/24 20:18:32 Job terminated.
	(1) Normal termination (return value 0)
		Usr 0 00:00:03, Sys 0 00:00:00  -  Run Remote Usage
		Usr 0 00:00:00, Sys 0 00:00:00  -  Run Local Usage
		Usr 0 00:00:03, Sys 0 00:00:00  -  Total Remote Usage
		Usr 0 00:00:00, Sys 0 00:00:00  -  Total Local Usage
	6204  -  Run Bytes Sent By Job
	409597  -  Run Bytes Received By Job
	6204  -  Total Bytes Sent By Job
	409597  -  Total Bytes Received By Job
	Partitionable Resources :    Usage  Request Allocated 
	   Cpus                 :        0        8         8 
	   Disk (KB)            :      427      425   2710329 
	   Memory (MB)          :        8    16000     16000 

	Job terminated of its own accord at 2024-07-24T18:18:32Z with exit-code 0.
...
000 (10261715.3988.000) 07/25 13:02:59 Job submitted from host: <188.185.114.121:9618?addrs=188.185.114.121-9618+[2001-1458-d00-a--100-273]-9618&alias=bigbird19.cern.ch&noUDP&sock=schedd_4961_696e>
...
009 (10261715.3988.000) 07/25 13:06:58 Job was aborted.
	via condor_rm (by user yelberke)
...
000 (10261767.3988.000) 07/25 13:20:36 Job submitted from host: <188.185.114.121:9618?addrs=188.185.114.121-9618+[2001-1458-d00-a--100-273]-9618&alias=bigbird19.cern.ch&noUDP&sock=schedd_4961_696e>
...
040 (10261767.3988.000) 07/25 14:43:11 Started transferring input files
	Transferring to host: <188.185.204.178:9618?addrs=188.185.204.178-9618+[2001-1458-303-8--100-a6]-9618&alias=b9p02p0616.cern.ch&noUDP&sock=slot1_1_11301_53a5_30912>
...
040 (10261767.3988.000) 07/25 14:43:11 Finished transferring input files
...
001 (10261767.3988.000) 07/25 14:43:12 Job executing on host: <188.185.204.178:9618?addrs=188.185.204.178-9618+[2001-1458-303-8--100-a6]-9618&alias=b9p02p0616.cern.ch&noUDP&sock=startd_10287_9ad6>
	SlotName: slot1_1@b9p02p0616.cern.ch
	CondorScratchDir = "/pool/condor/dir_3953841"
	Cpus = 12
	Disk = 2895971
	Memory = 24000
...
006 (10261767.3988.000) 07/25 14:43:19 Image size of job updated: 170048
	12  -  MemoryUsage of job (MB)
	12096  -  ResidentSetSize of job (KB)
...
040 (10261767.3988.000) 07/25 14:43:19 Started transferring output files
...
040 (10261767.3988.000) 07/25 14:43:19 Finished transferring output files
...
005 (10261767.3988.000) 07/25 14:43:19 Job terminated.
	(1) Normal termination (return value 0)
		Usr 0 00:00:05, Sys 0 00:00:00  -  Run Remote Usage
		Usr 0 00:00:00, Sys 0 00:00:00  -  Run Local Usage
		Usr 0 00:00:05, Sys 0 00:00:00  -  Total Remote Usage
		Usr 0 00:00:00, Sys 0 00:00:00  -  Total Local Usage
	6676  -  Run Bytes Sent By Job
	409597  -  Run Bytes Received By Job
	6676  -  Total Bytes Sent By Job
	409597  -  Total Bytes Received By Job
	Partitionable Resources :    Usage  Request Allocated 
	   Cpus                 :        0       12        12 
	   Disk (KB)            :      428      425   2895971 
	   Memory (MB)          :       12    24000     24000 

	Job terminated of its own accord at 2024-07-25T12:43:19Z with exit-code 0.
...
000 (10284266.3988.000) 08/02 15:46:46 Job submitted from host: <188.185.114.121:9618?addrs=188.185.114.121-9618+[2001-1458-d00-a--100-273]-9618&alias=bigbird19.cern.ch&noUDP&sock=schedd_4961_696e>
...
000 (10284267.3988.000) 08/02 15:50:09 Job submitted from host: <188.185.114.121:9618?addrs=188.185.114.121-9618+[2001-1458-d00-a--100-273]-9618&alias=bigbird19.cern.ch&noUDP&sock=schedd_4961_696e>
...
009 (10284266.3988.000) 08/02 15:50:30 Job was aborted.
	via condor_rm (by user yelberke)
...
040 (10284267.3988.000) 08/02 16:53:39 Started transferring input files
	Transferring to host: <188.185.205.198:9618?addrs=188.185.205.198-9618&alias=b9p04p6457.cern.ch&noUDP&sock=slot1_1_6872_b211_165325>
...
040 (10284267.3988.000) 08/02 16:53:39 Finished transferring input files
...
001 (10284267.3988.000) 08/02 16:53:40 Job executing on host: <188.185.205.198:9618?addrs=188.185.205.198-9618&alias=b9p04p6457.cern.ch&noUDP&sock=startd_6805_3e11>
	SlotName: slot1_1@b9p04p6457.cern.ch
	CondorScratchDir = "/pool/condor/dir_3695923"
	Cpus = 12
	Disk = 2726795
	Memory = 24000
...
006 (10284267.3988.000) 08/02 16:53:42 Image size of job updated: 326696
	3  -  MemoryUsage of job (MB)
	2520  -  ResidentSetSize of job (KB)
...
040 (10284267.3988.000) 08/02 16:53:42 Started transferring output files
...
040 (10284267.3988.000) 08/02 16:53:42 Finished transferring output files
...
005 (10284267.3988.000) 08/02 16:53:42 Job terminated.
	(1) Normal termination (return value 139)
		Usr 0 00:00:02, Sys 0 00:00:01  -  Run Remote Usage
		Usr 0 00:00:00, Sys 0 00:00:00  -  Run Local Usage
		Usr 0 00:00:02, Sys 0 00:00:01  -  Total Remote Usage
		Usr 0 00:00:00, Sys 0 00:00:00  -  Total Local Usage
	7696  -  Run Bytes Sent By Job
	409597  -  Run Bytes Received By Job
	7696  -  Total Bytes Sent By Job
	409597  -  Total Bytes Received By Job
	Partitionable Resources :    Usage  Request Allocated 
	   Cpus                 :        0       12        12 
	   Disk (KB)            :      429      425   2726795 
	   Memory (MB)          :        3    24000     24000 

	Job terminated of its own accord at 2024-08-02T14:53:42Z with exit-code 139.
...
