000 (10252905.4011.000) 07/24 16:13:20 Job submitted from host: <188.185.114.121:9618?addrs=188.185.114.121-9618+[2001-1458-d00-a--100-273]-9618&alias=bigbird19.cern.ch&noUDP&sock=schedd_4961_696e>
...
009 (10252905.4011.000) 07/24 16:14:50 Job was aborted.
	via condor_rm (by user yelberke)
...
000 (10252906.4011.000) 07/24 16:15:39 Job submitted from host: <188.185.114.121:9618?addrs=188.185.114.121-9618+[2001-1458-d00-a--100-273]-9618&alias=bigbird19.cern.ch&noUDP&sock=schedd_4961_696e>
...
000 (10252907.4011.000) 07/24 16:17:33 Job submitted from host: <188.185.114.121:9618?addrs=188.185.114.121-9618+[2001-1458-d00-a--100-273]-9618&alias=bigbird19.cern.ch&noUDP&sock=schedd_4961_696e>
...
000 (10252908.4011.000) 07/24 16:18:07 Job submitted from host: <188.185.114.121:9618?addrs=188.185.114.121-9618+[2001-1458-d00-a--100-273]-9618&alias=bigbird19.cern.ch&noUDP&sock=schedd_4961_696e>
...
000 (10252909.4011.000) 07/24 16:18:43 Job submitted from host: <188.185.114.121:9618?addrs=188.185.114.121-9618+[2001-1458-d00-a--100-273]-9618&alias=bigbird19.cern.ch&noUDP&sock=schedd_4961_696e>
...
040 (10252906.4011.000) 07/24 17:06:51 Started transferring input files
	Transferring to host: <188.185.207.171:9618?addrs=188.185.207.171-9618+[2001-1458-303-e--100-28]-9618&alias=b9p08p6779.cern.ch&noUDP&sock=slot1_9_6216_7bf6_144143>
...
040 (10252906.4011.000) 07/24 17:06:51 Finished transferring input files
...
001 (10252906.4011.000) 07/24 17:06:53 Job executing on host: <188.185.207.171:9618?addrs=188.185.207.171-9618+[2001-1458-303-e--100-28]-9618&alias=b9p08p6779.cern.ch&noUDP&sock=startd_4995_bba6>
	SlotName: slot1_9@b9p08p6779.cern.ch
	CondorScratchDir = "/pool/condor/dir_3684822"
	Cpus = 8
	Disk = 2745051
	Memory = 16000
...
006 (10252906.4011.000) 07/24 17:07:00 Image size of job updated: 166352
	12  -  MemoryUsage of job (MB)
	11504  -  ResidentSetSize of job (KB)
...
040 (10252906.4011.000) 07/24 17:07:00 Started transferring output files
...
040 (10252906.4011.000) 07/24 17:07:00 Finished transferring output files
...
005 (10252906.4011.000) 07/24 17:07:00 Job terminated.
	(1) Normal termination (return value 0)
		Usr 0 00:00:05, Sys 0 00:00:00  -  Run Remote Usage
		Usr 0 00:00:00, Sys 0 00:00:00  -  Run Local Usage
		Usr 0 00:00:05, Sys 0 00:00:00  -  Total Remote Usage
		Usr 0 00:00:00, Sys 0 00:00:00  -  Total Local Usage
	6201  -  Run Bytes Sent By Job
	409597  -  Run Bytes Received By Job
	6201  -  Total Bytes Sent By Job
	409597  -  Total Bytes Received By Job
	Partitionable Resources :    Usage  Request Allocated 
	   Cpus                 :        0        8         8 
	   Disk (KB)            :      427      425   2745051 
	   Memory (MB)          :       12    16000     16000 

	Job terminated of its own accord at 2024-07-24T15:07:00Z with exit-code 0.
...
040 (10252907.4011.000) 07/24 18:14:38 Started transferring input files
	Transferring to host: <188.185.209.188:9618?addrs=188.185.209.188-9618+[2001-1458-303-12--100-39]-9618&alias=b9p12p4540.cern.ch&noUDP&sock=slot1_10_4424_dbad_144718>
...
040 (10252907.4011.000) 07/24 18:14:38 Finished transferring input files
...
001 (10252907.4011.000) 07/24 18:14:39 Job executing on host: <188.185.209.188:9618?addrs=188.185.209.188-9618+[2001-1458-303-12--100-39]-9618&alias=b9p12p4540.cern.ch&noUDP&sock=startd_3676_023b>
	SlotName: slot1_10@b9p12p4540.cern.ch
	CondorScratchDir = "/pool/condor/dir_1915029"
	Cpus = 8
	Disk = 2840036
	Memory = 16000
...
006 (10252907.4011.000) 07/24 18:14:43 Image size of job updated: 157224
	7  -  MemoryUsage of job (MB)
	6928  -  ResidentSetSize of job (KB)
...
040 (10252907.4011.000) 07/24 18:14:43 Started transferring output files
...
040 (10252907.4011.000) 07/24 18:14:43 Finished transferring output files
...
005 (10252907.4011.000) 07/24 18:14:43 Job terminated.
	(1) Normal termination (return value 0)
		Usr 0 00:00:03, Sys 0 00:00:00  -  Run Remote Usage
		Usr 0 00:00:00, Sys 0 00:00:00  -  Run Local Usage
		Usr 0 00:00:03, Sys 0 00:00:00  -  Total Remote Usage
		Usr 0 00:00:00, Sys 0 00:00:00  -  Total Local Usage
	6204  -  Run Bytes Sent By Job
	409597  -  Run Bytes Received By Job
	6204  -  Total Bytes Sent By Job
	409597  -  Total Bytes Received By Job
	Partitionable Resources :    Usage  Request Allocated 
	   Cpus                 :        0        8         8 
	   Disk (KB)            :      427      425   2840036 
	   Memory (MB)          :        7    16000     16000 

	Job terminated of its own accord at 2024-07-24T16:14:43Z with exit-code 0.
...
040 (10252908.4011.000) 07/24 19:19:39 Started transferring input files
	Transferring to host: <188.185.194.98:9618?addrs=188.185.194.98-9618+[2001-1458-303-21--100-5e]-9618&alias=b9p20p9229.cern.ch&noUDP&sock=slot1_1_317423_f805_1651>
...
040 (10252908.4011.000) 07/24 19:19:39 Finished transferring input files
...
001 (10252908.4011.000) 07/24 19:19:40 Job executing on host: <188.185.194.98:9618?addrs=188.185.194.98-9618+[2001-1458-303-21--100-5e]-9618&alias=b9p20p9229.cern.ch&noUDP&sock=startd_175198_d589>
	SlotName: slot1_1@b9p20p9229.cern.ch
	CondorScratchDir = "/pool/condor/dir_1873774"
	Cpus = 8
	Disk = 2901359
	Memory = 16000
...
006 (10252908.4011.000) 07/24 19:19:48 Image size of job updated: 147924
	145  -  MemoryUsage of job (MB)
	147924  -  ResidentSetSize of job (KB)
...
006 (10252908.4011.000) 07/24 19:19:49 Image size of job updated: 160012
	145  -  MemoryUsage of job (MB)
	147924  -  ResidentSetSize of job (KB)
...
040 (10252908.4011.000) 07/24 19:19:49 Started transferring output files
...
040 (10252908.4011.000) 07/24 19:19:49 Finished transferring output files
...
005 (10252908.4011.000) 07/24 19:19:49 Job terminated.
	(1) Normal termination (return value 0)
		Usr 0 00:00:07, Sys 0 00:00:00  -  Run Remote Usage
		Usr 0 00:00:00, Sys 0 00:00:00  -  Run Local Usage
		Usr 0 00:00:07, Sys 0 00:00:00  -  Total Remote Usage
		Usr 0 00:00:00, Sys 0 00:00:00  -  Total Local Usage
	6204  -  Run Bytes Sent By Job
	409597  -  Run Bytes Received By Job
	6204  -  Total Bytes Sent By Job
	409597  -  Total Bytes Received By Job
	Partitionable Resources :    Usage  Request Allocated 
	   Cpus                 :        0        8         8 
	   Disk (KB)            :      428      425   2901359 
	   Memory (MB)          :      145    16000     16000 

	Job terminated of its own accord at 2024-07-24T17:19:49Z with exit-code 0.
...
040 (10252909.4011.000) 07/24 20:18:33 Started transferring input files
	Transferring to host: <188.185.206.213:9618?addrs=188.185.206.213-9618+[2001-1458-303-c--100-52]-9618&alias=b9p06p7091.cern.ch&noUDP&sock=slot1_9_6466_a1c0_152980>
...
040 (10252909.4011.000) 07/24 20:18:33 Finished transferring input files
...
001 (10252909.4011.000) 07/24 20:18:34 Job executing on host: <188.185.206.213:9618?addrs=188.185.206.213-9618+[2001-1458-303-c--100-52]-9618&alias=b9p06p7091.cern.ch&noUDP&sock=startd_6073_26be>
	SlotName: slot1_9@b9p06p7091.cern.ch
	CondorScratchDir = "/pool/condor/dir_173128"
	Cpus = 8
	Disk = 2703930
	Memory = 16000
...
006 (10252909.4011.000) 07/24 20:18:38 Image size of job updated: 160720
	8  -  MemoryUsage of job (MB)
	7792  -  ResidentSetSize of job (KB)
...
040 (10252909.4011.000) 07/24 20:18:38 Started transferring output files
...
040 (10252909.4011.000) 07/24 20:18:38 Finished transferring output files
...
005 (10252909.4011.000) 07/24 20:18:38 Job terminated.
	(1) Normal termination (return value 0)
		Usr 0 00:00:03, Sys 0 00:00:00  -  Run Remote Usage
		Usr 0 00:00:00, Sys 0 00:00:00  -  Run Local Usage
		Usr 0 00:00:03, Sys 0 00:00:00  -  Total Remote Usage
		Usr 0 00:00:00, Sys 0 00:00:00  -  Total Local Usage
	6204  -  Run Bytes Sent By Job
	409597  -  Run Bytes Received By Job
	6204  -  Total Bytes Sent By Job
	409597  -  Total Bytes Received By Job
	Partitionable Resources :    Usage  Request Allocated 
	   Cpus                 :        0        8         8 
	   Disk (KB)            :      427      425   2703930 
	   Memory (MB)          :        8    16000     16000 

	Job terminated of its own accord at 2024-07-24T18:18:38Z with exit-code 0.
...
000 (10261715.4011.000) 07/25 13:02:59 Job submitted from host: <188.185.114.121:9618?addrs=188.185.114.121-9618+[2001-1458-d00-a--100-273]-9618&alias=bigbird19.cern.ch&noUDP&sock=schedd_4961_696e>
...
009 (10261715.4011.000) 07/25 13:06:59 Job was aborted.
	via condor_rm (by user yelberke)
...
000 (10261767.4011.000) 07/25 13:20:36 Job submitted from host: <188.185.114.121:9618?addrs=188.185.114.121-9618+[2001-1458-d00-a--100-273]-9618&alias=bigbird19.cern.ch&noUDP&sock=schedd_4961_696e>
...
040 (10261767.4011.000) 07/25 14:43:24 Started transferring input files
	Transferring to host: <188.185.209.149:9618?addrs=188.185.209.149-9618+[2001-1458-303-12--100-12]-9618&alias=b9p12p1627.cern.ch&noUDP&sock=slot1_6_38568_6519_27634>
...
040 (10261767.4011.000) 07/25 14:43:24 Finished transferring input files
...
001 (10261767.4011.000) 07/25 14:43:25 Job executing on host: <188.185.209.149:9618?addrs=188.185.209.149-9618+[2001-1458-303-12--100-12]-9618&alias=b9p12p1627.cern.ch&noUDP&sock=startd_37502_d4c9>
	SlotName: slot1_6@b9p12p1627.cern.ch
	CondorScratchDir = "/pool/condor/dir_4144385"
	Cpus = 12
	Disk = 2758010
	Memory = 24000
...
006 (10261767.4011.000) 07/25 14:43:30 Image size of job updated: 160796
	7  -  MemoryUsage of job (MB)
	6548  -  ResidentSetSize of job (KB)
...
040 (10261767.4011.000) 07/25 14:43:30 Started transferring output files
...
040 (10261767.4011.000) 07/25 14:43:30 Finished transferring output files
...
005 (10261767.4011.000) 07/25 14:43:30 Job terminated.
	(1) Normal termination (return value 0)
		Usr 0 00:00:03, Sys 0 00:00:00  -  Run Remote Usage
		Usr 0 00:00:00, Sys 0 00:00:00  -  Run Local Usage
		Usr 0 00:00:03, Sys 0 00:00:00  -  Total Remote Usage
		Usr 0 00:00:00, Sys 0 00:00:00  -  Total Local Usage
	6676  -  Run Bytes Sent By Job
	409597  -  Run Bytes Received By Job
	6676  -  Total Bytes Sent By Job
	409597  -  Total Bytes Received By Job
	Partitionable Resources :    Usage  Request Allocated 
	   Cpus                 :        0       12        12 
	   Disk (KB)            :      428      425   2758010 
	   Memory (MB)          :        7    24000     24000 

	Job terminated of its own accord at 2024-07-25T12:43:30Z with exit-code 0.
...
000 (10284266.4011.000) 08/02 15:46:46 Job submitted from host: <188.185.114.121:9618?addrs=188.185.114.121-9618+[2001-1458-d00-a--100-273]-9618&alias=bigbird19.cern.ch&noUDP&sock=schedd_4961_696e>
...
000 (10284267.4011.000) 08/02 15:50:09 Job submitted from host: <188.185.114.121:9618?addrs=188.185.114.121-9618+[2001-1458-d00-a--100-273]-9618&alias=bigbird19.cern.ch&noUDP&sock=schedd_4961_696e>
...
009 (10284266.4011.000) 08/02 15:50:30 Job was aborted.
	via condor_rm (by user yelberke)
...
040 (10284267.4011.000) 08/02 16:53:46 Started transferring input files
	Transferring to host: <188.185.204.190:9618?addrs=188.185.204.190-9618+[2001-1458-303-8--100-b2]-9618&alias=b9p02p2557.cern.ch&noUDP&sock=slot1_5_14537_61a8_41162>
...
040 (10284267.4011.000) 08/02 16:53:46 Finished transferring input files
...
001 (10284267.4011.000) 08/02 16:53:47 Job executing on host: <188.185.204.190:9618?addrs=188.185.204.190-9618+[2001-1458-303-8--100-b2]-9618&alias=b9p02p2557.cern.ch&noUDP&sock=startd_13467_d201>
	SlotName: slot1_5@b9p02p2557.cern.ch
	CondorScratchDir = "/pool/condor/dir_1114139"
	Cpus = 12
	Disk = 2662704
	Memory = 24000
...
006 (10284267.4011.000) 08/02 16:53:49 Image size of job updated: 325052
	3  -  MemoryUsage of job (MB)
	2536  -  ResidentSetSize of job (KB)
...
040 (10284267.4011.000) 08/02 16:53:49 Started transferring output files
...
040 (10284267.4011.000) 08/02 16:53:49 Finished transferring output files
...
005 (10284267.4011.000) 08/02 16:53:49 Job terminated.
	(1) Normal termination (return value 139)
		Usr 0 00:00:01, Sys 0 00:00:00  -  Run Remote Usage
		Usr 0 00:00:00, Sys 0 00:00:00  -  Run Local Usage
		Usr 0 00:00:01, Sys 0 00:00:00  -  Total Remote Usage
		Usr 0 00:00:00, Sys 0 00:00:00  -  Total Local Usage
	7696  -  Run Bytes Sent By Job
	409597  -  Run Bytes Received By Job
	7696  -  Total Bytes Sent By Job
	409597  -  Total Bytes Received By Job
	Partitionable Resources :    Usage  Request Allocated 
	   Cpus                 :        0       12        12 
	   Disk (KB)            :      429      425   2662704 
	   Memory (MB)          :        3    24000     24000 

	Job terminated of its own accord at 2024-08-02T14:53:49Z with exit-code 139.
...
