000 (10252905.4071.000) 07/24 16:13:20 Job submitted from host: <188.185.114.121:9618?addrs=188.185.114.121-9618+[2001-1458-d00-a--100-273]-9618&alias=bigbird19.cern.ch&noUDP&sock=schedd_4961_696e>
...
009 (10252905.4071.000) 07/24 16:14:51 Job was aborted.
	via condor_rm (by user yelberke)
...
000 (10252906.4071.000) 07/24 16:15:39 Job submitted from host: <188.185.114.121:9618?addrs=188.185.114.121-9618+[2001-1458-d00-a--100-273]-9618&alias=bigbird19.cern.ch&noUDP&sock=schedd_4961_696e>
...
000 (10252907.4071.000) 07/24 16:17:33 Job submitted from host: <188.185.114.121:9618?addrs=188.185.114.121-9618+[2001-1458-d00-a--100-273]-9618&alias=bigbird19.cern.ch&noUDP&sock=schedd_4961_696e>
...
000 (10252908.4071.000) 07/24 16:18:07 Job submitted from host: <188.185.114.121:9618?addrs=188.185.114.121-9618+[2001-1458-d00-a--100-273]-9618&alias=bigbird19.cern.ch&noUDP&sock=schedd_4961_696e>
...
000 (10252909.4071.000) 07/24 16:18:43 Job submitted from host: <188.185.114.121:9618?addrs=188.185.114.121-9618+[2001-1458-d00-a--100-273]-9618&alias=bigbird19.cern.ch&noUDP&sock=schedd_4961_696e>
...
040 (10252906.4071.000) 07/24 17:07:13 Started transferring input files
	Transferring to host: <188.185.207.149:9618?addrs=188.185.207.149-9618+[2001-1458-303-e--100-12]-9618&alias=b9p08p1041.cern.ch&noUDP&sock=slot1_17_4139_0cc1_144528>
...
040 (10252906.4071.000) 07/24 17:07:13 Finished transferring input files
...
001 (10252906.4071.000) 07/24 17:07:14 Job executing on host: <188.185.207.149:9618?addrs=188.185.207.149-9618+[2001-1458-303-e--100-12]-9618&alias=b9p08p1041.cern.ch&noUDP&sock=startd_3644_0f33>
	SlotName: slot1_17@b9p08p1041.cern.ch
	CondorScratchDir = "/pool/condor/dir_4118759"
	Cpus = 8
	Disk = 2542372
	Memory = 16000
...
006 (10252906.4071.000) 07/24 17:07:18 Image size of job updated: 165888
	12  -  MemoryUsage of job (MB)
	11936  -  ResidentSetSize of job (KB)
...
040 (10252906.4071.000) 07/24 17:07:18 Started transferring output files
...
040 (10252906.4071.000) 07/24 17:07:18 Finished transferring output files
...
005 (10252906.4071.000) 07/24 17:07:18 Job terminated.
	(1) Normal termination (return value 0)
		Usr 0 00:00:03, Sys 0 00:00:00  -  Run Remote Usage
		Usr 0 00:00:00, Sys 0 00:00:00  -  Run Local Usage
		Usr 0 00:00:03, Sys 0 00:00:00  -  Total Remote Usage
		Usr 0 00:00:00, Sys 0 00:00:00  -  Total Local Usage
	6201  -  Run Bytes Sent By Job
	409597  -  Run Bytes Received By Job
	6201  -  Total Bytes Sent By Job
	409597  -  Total Bytes Received By Job
	Partitionable Resources :    Usage  Request Allocated 
	   Cpus                 :        0        8         8 
	   Disk (KB)            :      427      425   2542372 
	   Memory (MB)          :       12    16000     16000 

	Job terminated of its own accord at 2024-07-24T15:07:18Z with exit-code 0.
...
040 (10252907.4071.000) 07/24 18:14:58 Started transferring input files
	Transferring to host: <188.185.206.164:9618?addrs=188.185.206.164-9618&alias=b9p06p6630.cern.ch&noUDP&sock=slot1_3_6652_af88_155735>
...
040 (10252907.4071.000) 07/24 18:14:58 Finished transferring input files
...
001 (10252907.4071.000) 07/24 18:14:59 Job executing on host: <188.185.206.164:9618?addrs=188.185.206.164-9618&alias=b9p06p6630.cern.ch&noUDP&sock=startd_6377_ab89>
	SlotName: slot1_3@b9p06p6630.cern.ch
	CondorScratchDir = "/pool/condor/dir_60060"
	Cpus = 8
	Disk = 2772064
	Memory = 16000
...
006 (10252907.4071.000) 07/24 18:15:03 Image size of job updated: 158276
	8  -  MemoryUsage of job (MB)
	7364  -  ResidentSetSize of job (KB)
...
040 (10252907.4071.000) 07/24 18:15:03 Started transferring output files
...
040 (10252907.4071.000) 07/24 18:15:03 Finished transferring output files
...
005 (10252907.4071.000) 07/24 18:15:03 Job terminated.
	(1) Normal termination (return value 0)
		Usr 0 00:00:03, Sys 0 00:00:00  -  Run Remote Usage
		Usr 0 00:00:00, Sys 0 00:00:00  -  Run Local Usage
		Usr 0 00:00:03, Sys 0 00:00:00  -  Total Remote Usage
		Usr 0 00:00:00, Sys 0 00:00:00  -  Total Local Usage
	6204  -  Run Bytes Sent By Job
	409597  -  Run Bytes Received By Job
	6204  -  Total Bytes Sent By Job
	409597  -  Total Bytes Received By Job
	Partitionable Resources :    Usage  Request Allocated 
	   Cpus                 :        0        8         8 
	   Disk (KB)            :      427      425   2772064 
	   Memory (MB)          :        8    16000     16000 

	Job terminated of its own accord at 2024-07-24T16:15:03Z with exit-code 0.
...
040 (10252908.4071.000) 07/24 19:19:58 Started transferring input files
	Transferring to host: <188.185.207.70:9618?addrs=188.185.207.70-9618+[2001-1458-303-d--100-43]-9618&alias=b9p07p6748.cern.ch&noUDP&sock=slot1_14_9465_b2da_22681>
...
040 (10252908.4071.000) 07/24 19:19:58 Finished transferring input files
...
001 (10252908.4071.000) 07/24 19:19:59 Job executing on host: <188.185.207.70:9618?addrs=188.185.207.70-9618+[2001-1458-303-d--100-43]-9618&alias=b9p07p6748.cern.ch&noUDP&sock=startd_6774_faa2>
	SlotName: slot1_14@b9p07p6748.cern.ch
	CondorScratchDir = "/pool/condor/dir_2211356"
	Cpus = 8
	Disk = 2824604
	Memory = 16000
...
006 (10252908.4071.000) 07/24 19:20:03 Image size of job updated: 166352
	11  -  MemoryUsage of job (MB)
	10660  -  ResidentSetSize of job (KB)
...
040 (10252908.4071.000) 07/24 19:20:03 Started transferring output files
...
040 (10252908.4071.000) 07/24 19:20:03 Finished transferring output files
...
005 (10252908.4071.000) 07/24 19:20:03 Job terminated.
	(1) Normal termination (return value 0)
		Usr 0 00:00:03, Sys 0 00:00:00  -  Run Remote Usage
		Usr 0 00:00:00, Sys 0 00:00:00  -  Run Local Usage
		Usr 0 00:00:03, Sys 0 00:00:00  -  Total Remote Usage
		Usr 0 00:00:00, Sys 0 00:00:00  -  Total Local Usage
	6204  -  Run Bytes Sent By Job
	409597  -  Run Bytes Received By Job
	6204  -  Total Bytes Sent By Job
	409597  -  Total Bytes Received By Job
	Partitionable Resources :    Usage  Request Allocated 
	   Cpus                 :        0        8         8 
	   Disk (KB)            :      428      425   2824604 
	   Memory (MB)          :       11    16000     16000 

	Job terminated of its own accord at 2024-07-24T17:20:03Z with exit-code 0.
...
040 (10252909.4071.000) 07/24 20:18:52 Started transferring input files
	Transferring to host: <188.185.209.39:9618?addrs=188.185.209.39-9618+[2001-1458-303-11--100-24]-9618&alias=b9p11p9946.cern.ch&noUDP&sock=slot1_1_7565_fa0d_146617>
...
040 (10252909.4071.000) 07/24 20:18:52 Finished transferring input files
...
001 (10252909.4071.000) 07/24 20:18:53 Job executing on host: <188.185.209.39:9618?addrs=188.185.209.39-9618+[2001-1458-303-11--100-24]-9618&alias=b9p11p9946.cern.ch&noUDP&sock=startd_6035_1625>
	SlotName: slot1_1@b9p11p9946.cern.ch
	CondorScratchDir = "/pool/condor/dir_36926"
	Cpus = 8
	Disk = 2874654
	Memory = 16000
...
006 (10252909.4071.000) 07/24 20:18:57 Image size of job updated: 160052
	8  -  MemoryUsage of job (MB)
	7560  -  ResidentSetSize of job (KB)
...
040 (10252909.4071.000) 07/24 20:18:57 Started transferring output files
...
040 (10252909.4071.000) 07/24 20:18:57 Finished transferring output files
...
005 (10252909.4071.000) 07/24 20:18:57 Job terminated.
	(1) Normal termination (return value 0)
		Usr 0 00:00:03, Sys 0 00:00:00  -  Run Remote Usage
		Usr 0 00:00:00, Sys 0 00:00:00  -  Run Local Usage
		Usr 0 00:00:03, Sys 0 00:00:00  -  Total Remote Usage
		Usr 0 00:00:00, Sys 0 00:00:00  -  Total Local Usage
	6204  -  Run Bytes Sent By Job
	409597  -  Run Bytes Received By Job
	6204  -  Total Bytes Sent By Job
	409597  -  Total Bytes Received By Job
	Partitionable Resources :    Usage  Request Allocated 
	   Cpus                 :        0        8         8 
	   Disk (KB)            :      428      425   2874654 
	   Memory (MB)          :        8    16000     16000 

	Job terminated of its own accord at 2024-07-24T18:18:57Z with exit-code 0.
...
000 (10261715.4071.000) 07/25 13:03:00 Job submitted from host: <188.185.114.121:9618?addrs=188.185.114.121-9618+[2001-1458-d00-a--100-273]-9618&alias=bigbird19.cern.ch&noUDP&sock=schedd_4961_696e>
...
009 (10261715.4071.000) 07/25 13:06:59 Job was aborted.
	via condor_rm (by user yelberke)
...
000 (10261767.4071.000) 07/25 13:20:37 Job submitted from host: <188.185.114.121:9618?addrs=188.185.114.121-9618+[2001-1458-d00-a--100-273]-9618&alias=bigbird19.cern.ch&noUDP&sock=schedd_4961_696e>
...
040 (10261767.4071.000) 07/25 14:43:43 Started transferring input files
	Transferring to host: <188.185.205.165:9618?addrs=188.185.205.165-9618&alias=b9p04p5916.cern.ch&noUDP&sock=slot1_29_6910_7852_157640>
...
040 (10261767.4071.000) 07/25 14:43:43 Finished transferring input files
...
001 (10261767.4071.000) 07/25 14:43:44 Job executing on host: <188.185.205.165:9618?addrs=188.185.205.165-9618&alias=b9p04p5916.cern.ch&noUDP&sock=startd_6844_fe43>
	SlotName: slot1_29@b9p04p5916.cern.ch
	CondorScratchDir = "/pool/condor/dir_4013520"
	Cpus = 12
	Disk = 2996225
	Memory = 24000
...
006 (10261767.4071.000) 07/25 14:43:48 Image size of job updated: 168896
	11  -  MemoryUsage of job (MB)
	11204  -  ResidentSetSize of job (KB)
...
040 (10261767.4071.000) 07/25 14:43:48 Started transferring output files
...
040 (10261767.4071.000) 07/25 14:43:48 Finished transferring output files
...
005 (10261767.4071.000) 07/25 14:43:48 Job terminated.
	(1) Normal termination (return value 0)
		Usr 0 00:00:03, Sys 0 00:00:00  -  Run Remote Usage
		Usr 0 00:00:00, Sys 0 00:00:00  -  Run Local Usage
		Usr 0 00:00:03, Sys 0 00:00:00  -  Total Remote Usage
		Usr 0 00:00:00, Sys 0 00:00:00  -  Total Local Usage
	6676  -  Run Bytes Sent By Job
	409597  -  Run Bytes Received By Job
	6676  -  Total Bytes Sent By Job
	409597  -  Total Bytes Received By Job
	Partitionable Resources :    Usage  Request Allocated 
	   Cpus                 :        0       12        12 
	   Disk (KB)            :      427      425   2996225 
	   Memory (MB)          :       11    24000     24000 

	Job terminated of its own accord at 2024-07-25T12:43:48Z with exit-code 0.
...
000 (10284266.4071.000) 08/02 15:46:46 Job submitted from host: <188.185.114.121:9618?addrs=188.185.114.121-9618+[2001-1458-d00-a--100-273]-9618&alias=bigbird19.cern.ch&noUDP&sock=schedd_4961_696e>
...
000 (10284267.4071.000) 08/02 15:50:10 Job submitted from host: <188.185.114.121:9618?addrs=188.185.114.121-9618+[2001-1458-d00-a--100-273]-9618&alias=bigbird19.cern.ch&noUDP&sock=schedd_4961_696e>
...
009 (10284266.4071.000) 08/02 15:50:31 Job was aborted.
	via condor_rm (by user yelberke)
...
040 (10284267.4071.000) 08/02 16:54:05 Started transferring input files
	Transferring to host: <188.185.196.49:9618?addrs=188.185.196.49-9618+[2001-1458-303-23--100-2d]-9618&alias=b9p16p6153.cern.ch&noUDP&sock=slot1_3_2321237_3491_913>
...
040 (10284267.4071.000) 08/02 16:54:05 Finished transferring input files
...
001 (10284267.4071.000) 08/02 16:54:06 Job executing on host: <188.185.196.49:9618?addrs=188.185.196.49-9618+[2001-1458-303-23--100-2d]-9618&alias=b9p16p6153.cern.ch&noUDP&sock=startd_177704_bddf>
	SlotName: slot1_3@b9p16p6153.cern.ch
	CondorScratchDir = "/pool/condor/dir_702368"
	Cpus = 12
	Disk = 3053859
	Memory = 24000
...
006 (10284267.4071.000) 08/02 16:54:08 Image size of job updated: 314732
	3  -  MemoryUsage of job (MB)
	2712  -  ResidentSetSize of job (KB)
...
040 (10284267.4071.000) 08/02 16:54:08 Started transferring output files
...
040 (10284267.4071.000) 08/02 16:54:08 Finished transferring output files
...
005 (10284267.4071.000) 08/02 16:54:08 Job terminated.
	(1) Normal termination (return value 139)
		Usr 0 00:00:02, Sys 0 00:00:00  -  Run Remote Usage
		Usr 0 00:00:00, Sys 0 00:00:00  -  Run Local Usage
		Usr 0 00:00:02, Sys 0 00:00:00  -  Total Remote Usage
		Usr 0 00:00:00, Sys 0 00:00:00  -  Total Local Usage
	7696  -  Run Bytes Sent By Job
	409597  -  Run Bytes Received By Job
	7696  -  Total Bytes Sent By Job
	409597  -  Total Bytes Received By Job
	Partitionable Resources :    Usage  Request Allocated 
	   Cpus                 :        0       12        12 
	   Disk (KB)            :      430      425   3053859 
	   Memory (MB)          :        3    24000     24000 

	Job terminated of its own accord at 2024-08-02T14:54:08Z with exit-code 139.
...
