000 (10252905.4088.000) 07/24 16:13:20 Job submitted from host: <188.185.114.121:9618?addrs=188.185.114.121-9618+[2001-1458-d00-a--100-273]-9618&alias=bigbird19.cern.ch&noUDP&sock=schedd_4961_696e>
...
009 (10252905.4088.000) 07/24 16:14:51 Job was aborted.
	via condor_rm (by user yelberke)
...
000 (10252906.4088.000) 07/24 16:15:39 Job submitted from host: <188.185.114.121:9618?addrs=188.185.114.121-9618+[2001-1458-d00-a--100-273]-9618&alias=bigbird19.cern.ch&noUDP&sock=schedd_4961_696e>
...
000 (10252907.4088.000) 07/24 16:17:33 Job submitted from host: <188.185.114.121:9618?addrs=188.185.114.121-9618+[2001-1458-d00-a--100-273]-9618&alias=bigbird19.cern.ch&noUDP&sock=schedd_4961_696e>
...
000 (10252908.4088.000) 07/24 16:18:07 Job submitted from host: <188.185.114.121:9618?addrs=188.185.114.121-9618+[2001-1458-d00-a--100-273]-9618&alias=bigbird19.cern.ch&noUDP&sock=schedd_4961_696e>
...
000 (10252909.4088.000) 07/24 16:18:43 Job submitted from host: <188.185.114.121:9618?addrs=188.185.114.121-9618+[2001-1458-d00-a--100-273]-9618&alias=bigbird19.cern.ch&noUDP&sock=schedd_4961_696e>
...
040 (10252906.4088.000) 07/24 17:07:19 Started transferring input files
	Transferring to host: <188.185.204.197:9618?addrs=188.185.204.197-9618+[2001-1458-303-8--100-b9]-9618&alias=b9p02p4569.cern.ch&noUDP&sock=slot1_7_9998_3ed0_27335>
...
040 (10252906.4088.000) 07/24 17:07:19 Finished transferring input files
...
001 (10252906.4088.000) 07/24 17:07:20 Job executing on host: <188.185.204.197:9618?addrs=188.185.204.197-9618+[2001-1458-303-8--100-b9]-9618&alias=b9p02p4569.cern.ch&noUDP&sock=startd_9040_443d>
	SlotName: slot1_7@b9p02p4569.cern.ch
	CondorScratchDir = "/pool/condor/dir_4005512"
	Cpus = 8
	Disk = 2808117
	Memory = 16000
...
006 (10252906.4088.000) 07/24 17:07:24 Image size of job updated: 163760
	10  -  MemoryUsage of job (MB)
	9768  -  ResidentSetSize of job (KB)
...
040 (10252906.4088.000) 07/24 17:07:24 Started transferring output files
...
040 (10252906.4088.000) 07/24 17:07:24 Finished transferring output files
...
005 (10252906.4088.000) 07/24 17:07:24 Job terminated.
	(1) Normal termination (return value 0)
		Usr 0 00:00:03, Sys 0 00:00:00  -  Run Remote Usage
		Usr 0 00:00:00, Sys 0 00:00:00  -  Run Local Usage
		Usr 0 00:00:03, Sys 0 00:00:00  -  Total Remote Usage
		Usr 0 00:00:00, Sys 0 00:00:00  -  Total Local Usage
	6201  -  Run Bytes Sent By Job
	409597  -  Run Bytes Received By Job
	6201  -  Total Bytes Sent By Job
	409597  -  Total Bytes Received By Job
	Partitionable Resources :    Usage  Request Allocated 
	   Cpus                 :        0        8         8 
	   Disk (KB)            :      427      425   2808117 
	   Memory (MB)          :       10    16000     16000 

	Job terminated of its own accord at 2024-07-24T15:07:24Z with exit-code 0.
...
040 (10252907.4088.000) 07/24 18:15:05 Started transferring input files
	Transferring to host: <188.185.206.226:9618?addrs=188.185.206.226-9618&alias=b9p06p9688.cern.ch&noUDP&sock=slot1_8_5809_b745_153689>
...
040 (10252907.4088.000) 07/24 18:15:05 Finished transferring input files
...
001 (10252907.4088.000) 07/24 18:15:06 Job executing on host: <188.185.206.226:9618?addrs=188.185.206.226-9618&alias=b9p06p9688.cern.ch&noUDP&sock=startd_5389_fbf7>
	SlotName: slot1_8@b9p06p9688.cern.ch
	CondorScratchDir = "/pool/condor/dir_2690735"
	Cpus = 8
	Disk = 2743188
	Memory = 16000
...
006 (10252907.4088.000) 07/24 18:15:10 Image size of job updated: 159612
	8  -  MemoryUsage of job (MB)
	7288  -  ResidentSetSize of job (KB)
...
040 (10252907.4088.000) 07/24 18:15:10 Started transferring output files
...
040 (10252907.4088.000) 07/24 18:15:10 Finished transferring output files
...
005 (10252907.4088.000) 07/24 18:15:10 Job terminated.
	(1) Normal termination (return value 0)
		Usr 0 00:00:03, Sys 0 00:00:00  -  Run Remote Usage
		Usr 0 00:00:00, Sys 0 00:00:00  -  Run Local Usage
		Usr 0 00:00:03, Sys 0 00:00:00  -  Total Remote Usage
		Usr 0 00:00:00, Sys 0 00:00:00  -  Total Local Usage
	6204  -  Run Bytes Sent By Job
	409597  -  Run Bytes Received By Job
	6204  -  Total Bytes Sent By Job
	409597  -  Total Bytes Received By Job
	Partitionable Resources :    Usage  Request Allocated 
	   Cpus                 :        0        8         8 
	   Disk (KB)            :      427      425   2743188 
	   Memory (MB)          :        8    16000     16000 

	Job terminated of its own accord at 2024-07-24T16:15:10Z with exit-code 0.
...
040 (10252908.4088.000) 07/24 19:20:04 Started transferring input files
	Transferring to host: <188.185.208.142:9618?addrs=188.185.208.142-9618+[2001-1458-303-10--100-b]-9618&alias=b9p10p4646.cern.ch&noUDP&sock=slot1_14_4110_9de0_145727>
...
040 (10252908.4088.000) 07/24 19:20:04 Finished transferring input files
...
001 (10252908.4088.000) 07/24 19:20:05 Job executing on host: <188.185.208.142:9618?addrs=188.185.208.142-9618+[2001-1458-303-10--100-b]-9618&alias=b9p10p4646.cern.ch&noUDP&sock=startd_3608_5dca>
	SlotName: slot1_14@b9p10p4646.cern.ch
	CondorScratchDir = "/pool/condor/dir_965865"
	Cpus = 8
	Disk = 2980345
	Memory = 16000
...
006 (10252908.4088.000) 07/24 19:20:11 Image size of job updated: 158768
	8  -  MemoryUsage of job (MB)
	8028  -  ResidentSetSize of job (KB)
...
040 (10252908.4088.000) 07/24 19:20:11 Started transferring output files
...
040 (10252908.4088.000) 07/24 19:20:11 Finished transferring output files
...
005 (10252908.4088.000) 07/24 19:20:11 Job terminated.
	(1) Normal termination (return value 0)
		Usr 0 00:00:04, Sys 0 00:00:00  -  Run Remote Usage
		Usr 0 00:00:00, Sys 0 00:00:00  -  Run Local Usage
		Usr 0 00:00:04, Sys 0 00:00:00  -  Total Remote Usage
		Usr 0 00:00:00, Sys 0 00:00:00  -  Total Local Usage
	6204  -  Run Bytes Sent By Job
	409597  -  Run Bytes Received By Job
	6204  -  Total Bytes Sent By Job
	409597  -  Total Bytes Received By Job
	Partitionable Resources :    Usage  Request Allocated 
	   Cpus                 :        0        8         8 
	   Disk (KB)            :      428      425   2980345 
	   Memory (MB)          :        8    16000     16000 

	Job terminated of its own accord at 2024-07-24T17:20:11Z with exit-code 0.
...
040 (10252909.4088.000) 07/24 20:18:57 Started transferring input files
	Transferring to host: <188.185.194.70:9618?addrs=188.185.194.70-9618+[2001-1458-303-21--100-42]-9618&alias=b9p20p7797.cern.ch&noUDP&sock=slot1_6_977579_9762_3129>
...
040 (10252909.4088.000) 07/24 20:18:57 Finished transferring input files
...
001 (10252909.4088.000) 07/24 20:18:58 Job executing on host: <188.185.194.70:9618?addrs=188.185.194.70-9618+[2001-1458-303-21--100-42]-9618&alias=b9p20p7797.cern.ch&noUDP&sock=startd_128331_f869>
	SlotName: slot1_6@b9p20p7797.cern.ch
	CondorScratchDir = "/pool/condor/dir_315527"
	Cpus = 8
	Disk = 2999240
	Memory = 16000
...
006 (10252909.4088.000) 07/24 20:19:04 Image size of job updated: 165244
	11  -  MemoryUsage of job (MB)
	10560  -  ResidentSetSize of job (KB)
...
040 (10252909.4088.000) 07/24 20:19:04 Started transferring output files
...
040 (10252909.4088.000) 07/24 20:19:04 Finished transferring output files
...
005 (10252909.4088.000) 07/24 20:19:04 Job terminated.
	(1) Normal termination (return value 0)
		Usr 0 00:00:05, Sys 0 00:00:00  -  Run Remote Usage
		Usr 0 00:00:00, Sys 0 00:00:00  -  Run Local Usage
		Usr 0 00:00:05, Sys 0 00:00:00  -  Total Remote Usage
		Usr 0 00:00:00, Sys 0 00:00:00  -  Total Local Usage
	6204  -  Run Bytes Sent By Job
	409597  -  Run Bytes Received By Job
	6204  -  Total Bytes Sent By Job
	409597  -  Total Bytes Received By Job
	Partitionable Resources :    Usage  Request Allocated 
	   Cpus                 :        0        8         8 
	   Disk (KB)            :      427      425   2999240 
	   Memory (MB)          :       11    16000     16000 

	Job terminated of its own accord at 2024-07-24T18:19:04Z with exit-code 0.
...
000 (10261715.4088.000) 07/25 13:03:01 Job submitted from host: <188.185.114.121:9618?addrs=188.185.114.121-9618+[2001-1458-d00-a--100-273]-9618&alias=bigbird19.cern.ch&noUDP&sock=schedd_4961_696e>
...
009 (10261715.4088.000) 07/25 13:06:59 Job was aborted.
	via condor_rm (by user yelberke)
...
000 (10261767.4088.000) 07/25 13:20:37 Job submitted from host: <188.185.114.121:9618?addrs=188.185.114.121-9618+[2001-1458-d00-a--100-273]-9618&alias=bigbird19.cern.ch&noUDP&sock=schedd_4961_696e>
...
040 (10261767.4088.000) 07/25 14:43:49 Started transferring input files
	Transferring to host: <188.185.206.228:9618?addrs=188.185.206.228-9618+[2001-1458-303-c--100-61]-9618&alias=b9p06p1865.cern.ch&noUDP&sock=slot1_32_6073_ba50_29168>
...
040 (10261767.4088.000) 07/25 14:43:49 Finished transferring input files
...
001 (10261767.4088.000) 07/25 14:43:50 Job executing on host: <188.185.206.228:9618?addrs=188.185.206.228-9618+[2001-1458-303-c--100-61]-9618&alias=b9p06p1865.cern.ch&noUDP&sock=startd_4919_9a73>
	SlotName: slot1_32@b9p06p1865.cern.ch
	CondorScratchDir = "/pool/condor/dir_3925985"
	Cpus = 12
	Disk = 2797890
	Memory = 24000
...
006 (10261767.4088.000) 07/25 14:43:56 Image size of job updated: 161076
	8  -  MemoryUsage of job (MB)
	7364  -  ResidentSetSize of job (KB)
...
040 (10261767.4088.000) 07/25 14:43:56 Started transferring output files
...
040 (10261767.4088.000) 07/25 14:43:56 Finished transferring output files
...
005 (10261767.4088.000) 07/25 14:43:56 Job terminated.
	(1) Normal termination (return value 0)
		Usr 0 00:00:04, Sys 0 00:00:00  -  Run Remote Usage
		Usr 0 00:00:00, Sys 0 00:00:00  -  Run Local Usage
		Usr 0 00:00:04, Sys 0 00:00:00  -  Total Remote Usage
		Usr 0 00:00:00, Sys 0 00:00:00  -  Total Local Usage
	6676  -  Run Bytes Sent By Job
	409597  -  Run Bytes Received By Job
	6676  -  Total Bytes Sent By Job
	409597  -  Total Bytes Received By Job
	Partitionable Resources :    Usage  Request Allocated 
	   Cpus                 :        0       12        12 
	   Disk (KB)            :      427      425   2797890 
	   Memory (MB)          :        8    24000     24000 

	Job terminated of its own accord at 2024-07-25T12:43:56Z with exit-code 0.
...
000 (10284266.4088.000) 08/02 15:46:46 Job submitted from host: <188.185.114.121:9618?addrs=188.185.114.121-9618+[2001-1458-d00-a--100-273]-9618&alias=bigbird19.cern.ch&noUDP&sock=schedd_4961_696e>
...
000 (10284267.4088.000) 08/02 15:50:10 Job submitted from host: <188.185.114.121:9618?addrs=188.185.114.121-9618+[2001-1458-d00-a--100-273]-9618&alias=bigbird19.cern.ch&noUDP&sock=schedd_4961_696e>
...
009 (10284266.4088.000) 08/02 15:50:31 Job was aborted.
	via condor_rm (by user yelberke)
...
040 (10284267.4088.000) 08/02 16:54:13 Started transferring input files
	Transferring to host: <188.185.209.101:9618?addrs=188.185.209.101-9618+[2001-1458-303-11--100-62]-9618&alias=b9p11p7000.cern.ch&noUDP&sock=slot1_9_3705_41f0_153533>
...
040 (10284267.4088.000) 08/02 16:54:13 Finished transferring input files
...
001 (10284267.4088.000) 08/02 16:54:14 Job executing on host: <188.185.209.101:9618?addrs=188.185.209.101-9618+[2001-1458-303-11--100-62]-9618&alias=b9p11p7000.cern.ch&noUDP&sock=startd_3616_da8c>
	SlotName: slot1_9@b9p11p7000.cern.ch
	CondorScratchDir = "/pool/condor/dir_79767"
	Cpus = 12
	Disk = 2717369
	Memory = 24000
...
006 (10284267.4088.000) 08/02 16:54:16 Image size of job updated: 327600
	5  -  MemoryUsage of job (MB)
	4816  -  ResidentSetSize of job (KB)
...
040 (10284267.4088.000) 08/02 16:54:16 Started transferring output files
...
040 (10284267.4088.000) 08/02 16:54:16 Finished transferring output files
...
005 (10284267.4088.000) 08/02 16:54:16 Job terminated.
	(1) Normal termination (return value 139)
		Usr 0 00:00:02, Sys 0 00:00:00  -  Run Remote Usage
		Usr 0 00:00:00, Sys 0 00:00:00  -  Run Local Usage
		Usr 0 00:00:02, Sys 0 00:00:00  -  Total Remote Usage
		Usr 0 00:00:00, Sys 0 00:00:00  -  Total Local Usage
	7696  -  Run Bytes Sent By Job
	409597  -  Run Bytes Received By Job
	7696  -  Total Bytes Sent By Job
	409597  -  Total Bytes Received By Job
	Partitionable Resources :    Usage  Request Allocated 
	   Cpus                 :        0       12        12 
	   Disk (KB)            :      430      425   2717369 
	   Memory (MB)          :        5    24000     24000 

	Job terminated of its own accord at 2024-08-02T14:54:16Z with exit-code 139.
...
