000 (10252905.4093.000) 07/24 16:13:20 Job submitted from host: <188.185.114.121:9618?addrs=188.185.114.121-9618+[2001-1458-d00-a--100-273]-9618&alias=bigbird19.cern.ch&noUDP&sock=schedd_4961_696e>
...
009 (10252905.4093.000) 07/24 16:14:51 Job was aborted.
	via condor_rm (by user yelberke)
...
000 (10252906.4093.000) 07/24 16:15:39 Job submitted from host: <188.185.114.121:9618?addrs=188.185.114.121-9618+[2001-1458-d00-a--100-273]-9618&alias=bigbird19.cern.ch&noUDP&sock=schedd_4961_696e>
...
000 (10252907.4093.000) 07/24 16:17:33 Job submitted from host: <188.185.114.121:9618?addrs=188.185.114.121-9618+[2001-1458-d00-a--100-273]-9618&alias=bigbird19.cern.ch&noUDP&sock=schedd_4961_696e>
...
000 (10252908.4093.000) 07/24 16:18:07 Job submitted from host: <188.185.114.121:9618?addrs=188.185.114.121-9618+[2001-1458-d00-a--100-273]-9618&alias=bigbird19.cern.ch&noUDP&sock=schedd_4961_696e>
...
000 (10252909.4093.000) 07/24 16:18:43 Job submitted from host: <188.185.114.121:9618?addrs=188.185.114.121-9618+[2001-1458-d00-a--100-273]-9618&alias=bigbird19.cern.ch&noUDP&sock=schedd_4961_696e>
...
040 (10252906.4093.000) 07/24 17:07:21 Started transferring input files
	Transferring to host: <188.185.196.179:9618?addrs=188.185.196.179-9618+[2001-1458-303-23--100-af]-9618&alias=b9p16p0754.cern.ch&noUDP&sock=slot1_13_1964053_c3d5_7033>
...
040 (10252906.4093.000) 07/24 17:07:21 Finished transferring input files
...
001 (10252906.4093.000) 07/24 17:07:22 Job executing on host: <188.185.196.179:9618?addrs=188.185.196.179-9618+[2001-1458-303-23--100-af]-9618&alias=b9p16p0754.cern.ch&noUDP&sock=startd_1964014_d2a2>
	SlotName: slot1_13@b9p16p0754.cern.ch
	CondorScratchDir = "/pool/condor/dir_195592"
	Cpus = 8
	Disk = 3022634
	Memory = 16000
...
006 (10252906.4093.000) 07/24 17:07:27 Image size of job updated: 166248
	12  -  MemoryUsage of job (MB)
	11696  -  ResidentSetSize of job (KB)
...
040 (10252906.4093.000) 07/24 17:07:27 Started transferring output files
...
040 (10252906.4093.000) 07/24 17:07:27 Finished transferring output files
...
005 (10252906.4093.000) 07/24 17:07:28 Job terminated.
	(1) Normal termination (return value 0)
		Usr 0 00:00:04, Sys 0 00:00:00  -  Run Remote Usage
		Usr 0 00:00:00, Sys 0 00:00:00  -  Run Local Usage
		Usr 0 00:00:04, Sys 0 00:00:00  -  Total Remote Usage
		Usr 0 00:00:00, Sys 0 00:00:00  -  Total Local Usage
	6201  -  Run Bytes Sent By Job
	409597  -  Run Bytes Received By Job
	6201  -  Total Bytes Sent By Job
	409597  -  Total Bytes Received By Job
	Partitionable Resources :    Usage  Request Allocated 
	   Cpus                 :        0        8         8 
	   Disk (KB)            :      427      425   3022634 
	   Memory (MB)          :       12    16000     16000 

	Job terminated of its own accord at 2024-07-24T15:07:27Z with exit-code 0.
...
040 (10252907.4093.000) 07/24 18:15:05 Started transferring input files
	Transferring to host: <188.185.205.116:9618?addrs=188.185.205.116-9618+[2001-1458-303-9--100-71]-9618&alias=b9p03p3930.cern.ch&noUDP&sock=slot1_1_7506_67ea_81414>
...
040 (10252907.4093.000) 07/24 18:15:05 Finished transferring input files
...
001 (10252907.4093.000) 07/24 18:15:06 Job executing on host: <188.185.205.116:9618?addrs=188.185.205.116-9618+[2001-1458-303-9--100-71]-9618&alias=b9p03p3930.cern.ch&noUDP&sock=startd_6184_49c1>
	SlotName: slot1_1@b9p03p3930.cern.ch
	CondorScratchDir = "/pool/condor/dir_1143734"
	Cpus = 8
	Disk = 2703437
	Memory = 16000
...
006 (10252907.4093.000) 07/24 18:15:10 Image size of job updated: 161312
	8  -  MemoryUsage of job (MB)
	8124  -  ResidentSetSize of job (KB)
...
040 (10252907.4093.000) 07/24 18:15:10 Started transferring output files
...
040 (10252907.4093.000) 07/24 18:15:10 Finished transferring output files
...
005 (10252907.4093.000) 07/24 18:15:10 Job terminated.
	(1) Normal termination (return value 0)
		Usr 0 00:00:03, Sys 0 00:00:00  -  Run Remote Usage
		Usr 0 00:00:00, Sys 0 00:00:00  -  Run Local Usage
		Usr 0 00:00:03, Sys 0 00:00:00  -  Total Remote Usage
		Usr 0 00:00:00, Sys 0 00:00:00  -  Total Local Usage
	6204  -  Run Bytes Sent By Job
	409597  -  Run Bytes Received By Job
	6204  -  Total Bytes Sent By Job
	409597  -  Total Bytes Received By Job
	Partitionable Resources :    Usage  Request Allocated 
	   Cpus                 :        0        8         8 
	   Disk (KB)            :      427      425   2703437 
	   Memory (MB)          :        8    16000     16000 

	Job terminated of its own accord at 2024-07-24T16:15:10Z with exit-code 0.
...
040 (10252908.4093.000) 07/24 19:20:06 Started transferring input files
	Transferring to host: <188.185.206.224:9618?addrs=188.185.206.224-9618&alias=b9p06p0068.cern.ch&noUDP&sock=slot1_1_6887_43b1_156068>
...
040 (10252908.4093.000) 07/24 19:20:06 Finished transferring input files
...
001 (10252908.4093.000) 07/24 19:20:07 Job executing on host: <188.185.206.224:9618?addrs=188.185.206.224-9618&alias=b9p06p0068.cern.ch&noUDP&sock=startd_6817_7934>
	SlotName: slot1_1@b9p06p0068.cern.ch
	CondorScratchDir = "/pool/condor/dir_1626333"
	Cpus = 8
	Disk = 2695011
	Memory = 16000
...
006 (10252908.4093.000) 07/24 19:20:12 Image size of job updated: 157800
	7  -  MemoryUsage of job (MB)
	7052  -  ResidentSetSize of job (KB)
...
040 (10252908.4093.000) 07/24 19:20:12 Started transferring output files
...
040 (10252908.4093.000) 07/24 19:20:12 Finished transferring output files
...
005 (10252908.4093.000) 07/24 19:20:12 Job terminated.
	(1) Normal termination (return value 0)
		Usr 0 00:00:03, Sys 0 00:00:00  -  Run Remote Usage
		Usr 0 00:00:00, Sys 0 00:00:00  -  Run Local Usage
		Usr 0 00:00:03, Sys 0 00:00:00  -  Total Remote Usage
		Usr 0 00:00:00, Sys 0 00:00:00  -  Total Local Usage
	6204  -  Run Bytes Sent By Job
	409597  -  Run Bytes Received By Job
	6204  -  Total Bytes Sent By Job
	409597  -  Total Bytes Received By Job
	Partitionable Resources :    Usage  Request Allocated 
	   Cpus                 :        0        8         8 
	   Disk (KB)            :      428      425   2695011 
	   Memory (MB)          :        7    16000     16000 

	Job terminated of its own accord at 2024-07-24T17:20:12Z with exit-code 0.
...
040 (10252909.4093.000) 07/24 20:18:59 Started transferring input files
	Transferring to host: <188.185.208.11:9618?addrs=188.185.208.11-9618+[2001-1458-303-f--100-8]-9618&alias=b9p09p2033.cern.ch&noUDP&sock=slot1_6_5157_52ab_144989>
...
040 (10252909.4093.000) 07/24 20:18:59 Finished transferring input files
...
001 (10252909.4093.000) 07/24 20:19:00 Job executing on host: <188.185.208.11:9618?addrs=188.185.208.11-9618+[2001-1458-303-f--100-8]-9618&alias=b9p09p2033.cern.ch&noUDP&sock=startd_4336_b6bd>
	SlotName: slot1_6@b9p09p2033.cern.ch
	CondorScratchDir = "/pool/condor/dir_315824"
	Cpus = 8
	Disk = 2701876
	Memory = 16000
...
006 (10252909.4093.000) 07/24 20:19:05 Image size of job updated: 158832
	8  -  MemoryUsage of job (MB)
	7456  -  ResidentSetSize of job (KB)
...
040 (10252909.4093.000) 07/24 20:19:05 Started transferring output files
...
040 (10252909.4093.000) 07/24 20:19:05 Finished transferring output files
...
005 (10252909.4093.000) 07/24 20:19:05 Job terminated.
	(1) Normal termination (return value 0)
		Usr 0 00:00:04, Sys 0 00:00:00  -  Run Remote Usage
		Usr 0 00:00:00, Sys 0 00:00:00  -  Run Local Usage
		Usr 0 00:00:04, Sys 0 00:00:00  -  Total Remote Usage
		Usr 0 00:00:00, Sys 0 00:00:00  -  Total Local Usage
	6204  -  Run Bytes Sent By Job
	409597  -  Run Bytes Received By Job
	6204  -  Total Bytes Sent By Job
	409597  -  Total Bytes Received By Job
	Partitionable Resources :    Usage  Request Allocated 
	   Cpus                 :        0        8         8 
	   Disk (KB)            :      428      425   2701876 
	   Memory (MB)          :        8    16000     16000 

	Job terminated of its own accord at 2024-07-24T18:19:05Z with exit-code 0.
...
000 (10261715.4093.000) 07/25 13:03:02 Job submitted from host: <188.185.114.121:9618?addrs=188.185.114.121-9618+[2001-1458-d00-a--100-273]-9618&alias=bigbird19.cern.ch&noUDP&sock=schedd_4961_696e>
...
009 (10261715.4093.000) 07/25 13:06:59 Job was aborted.
	via condor_rm (by user yelberke)
...
000 (10261767.4093.000) 07/25 13:20:37 Job submitted from host: <188.185.114.121:9618?addrs=188.185.114.121-9618+[2001-1458-d00-a--100-273]-9618&alias=bigbird19.cern.ch&noUDP&sock=schedd_4961_696e>
...
040 (10261767.4093.000) 07/25 14:43:51 Started transferring input files
	Transferring to host: <188.185.206.179:9618?addrs=188.185.206.179-9618&alias=b9p06p2373.cern.ch&noUDP&sock=slot1_31_6859_8930_157434>
...
040 (10261767.4093.000) 07/25 14:43:51 Finished transferring input files
...
001 (10261767.4093.000) 07/25 14:43:52 Job executing on host: <188.185.206.179:9618?addrs=188.185.206.179-9618&alias=b9p06p2373.cern.ch&noUDP&sock=startd_6790_f426>
	SlotName: slot1_31@b9p06p2373.cern.ch
	CondorScratchDir = "/pool/condor/dir_1735170"
	Cpus = 12
	Disk = 2763882
	Memory = 24000
...
006 (10261767.4093.000) 07/25 14:43:58 Image size of job updated: 160624
	7  -  MemoryUsage of job (MB)
	7072  -  ResidentSetSize of job (KB)
...
040 (10261767.4093.000) 07/25 14:43:58 Started transferring output files
...
040 (10261767.4093.000) 07/25 14:43:58 Finished transferring output files
...
005 (10261767.4093.000) 07/25 14:43:58 Job terminated.
	(1) Normal termination (return value 0)
		Usr 0 00:00:04, Sys 0 00:00:00  -  Run Remote Usage
		Usr 0 00:00:00, Sys 0 00:00:00  -  Run Local Usage
		Usr 0 00:00:04, Sys 0 00:00:00  -  Total Remote Usage
		Usr 0 00:00:00, Sys 0 00:00:00  -  Total Local Usage
	6676  -  Run Bytes Sent By Job
	409597  -  Run Bytes Received By Job
	6676  -  Total Bytes Sent By Job
	409597  -  Total Bytes Received By Job
	Partitionable Resources :    Usage  Request Allocated 
	   Cpus                 :        0       12        12 
	   Disk (KB)            :      427      425   2763882 
	   Memory (MB)          :        7    24000     24000 

	Job terminated of its own accord at 2024-07-25T12:43:58Z with exit-code 0.
...
000 (10284266.4093.000) 08/02 15:46:46 Job submitted from host: <188.185.114.121:9618?addrs=188.185.114.121-9618+[2001-1458-d00-a--100-273]-9618&alias=bigbird19.cern.ch&noUDP&sock=schedd_4961_696e>
...
000 (10284267.4093.000) 08/02 15:50:10 Job submitted from host: <188.185.114.121:9618?addrs=188.185.114.121-9618+[2001-1458-d00-a--100-273]-9618&alias=bigbird19.cern.ch&noUDP&sock=schedd_4961_696e>
...
009 (10284266.4093.000) 08/02 15:50:31 Job was aborted.
	via condor_rm (by user yelberke)
...
040 (10284267.4093.000) 08/02 16:54:14 Started transferring input files
	Transferring to host: <188.185.205.8:9618?addrs=188.185.205.8-9618&alias=b9p03p5729.cern.ch&noUDP&sock=slot1_7_6871_fdb0_166116>
...
040 (10284267.4093.000) 08/02 16:54:14 Finished transferring input files
...
001 (10284267.4093.000) 08/02 16:54:15 Job executing on host: <188.185.205.8:9618?addrs=188.185.205.8-9618&alias=b9p03p5729.cern.ch&noUDP&sock=startd_6798_70e8>
	SlotName: slot1_7@b9p03p5729.cern.ch
	CondorScratchDir = "/pool/condor/dir_3100836"
	Cpus = 12
	Disk = 2723072
	Memory = 24000
...
006 (10284267.4093.000) 08/02 16:54:16 Image size of job updated: 327636
	5  -  MemoryUsage of job (MB)
	5056  -  ResidentSetSize of job (KB)
...
040 (10284267.4093.000) 08/02 16:54:16 Started transferring output files
...
040 (10284267.4093.000) 08/02 16:54:16 Finished transferring output files
...
005 (10284267.4093.000) 08/02 16:54:16 Job terminated.
	(1) Normal termination (return value 139)
		Usr 0 00:00:01, Sys 0 00:00:00  -  Run Remote Usage
		Usr 0 00:00:00, Sys 0 00:00:00  -  Run Local Usage
		Usr 0 00:00:01, Sys 0 00:00:00  -  Total Remote Usage
		Usr 0 00:00:00, Sys 0 00:00:00  -  Total Local Usage
	7696  -  Run Bytes Sent By Job
	409597  -  Run Bytes Received By Job
	7696  -  Total Bytes Sent By Job
	409597  -  Total Bytes Received By Job
	Partitionable Resources :    Usage  Request Allocated 
	   Cpus                 :        0       12        12 
	   Disk (KB)            :      429      425   2723072 
	   Memory (MB)          :        5    24000     24000 

	Job terminated of its own accord at 2024-08-02T14:54:16Z with exit-code 139.
...
