000 (10252905.4108.000) 07/24 16:13:20 Job submitted from host: <188.185.114.121:9618?addrs=188.185.114.121-9618+[2001-1458-d00-a--100-273]-9618&alias=bigbird19.cern.ch&noUDP&sock=schedd_4961_696e>
...
009 (10252905.4108.000) 07/24 16:14:51 Job was aborted.
	via condor_rm (by user yelberke)
...
000 (10252906.4108.000) 07/24 16:15:39 Job submitted from host: <188.185.114.121:9618?addrs=188.185.114.121-9618+[2001-1458-d00-a--100-273]-9618&alias=bigbird19.cern.ch&noUDP&sock=schedd_4961_696e>
...
000 (10252907.4108.000) 07/24 16:17:34 Job submitted from host: <188.185.114.121:9618?addrs=188.185.114.121-9618+[2001-1458-d00-a--100-273]-9618&alias=bigbird19.cern.ch&noUDP&sock=schedd_4961_696e>
...
000 (10252908.4108.000) 07/24 16:18:07 Job submitted from host: <188.185.114.121:9618?addrs=188.185.114.121-9618+[2001-1458-d00-a--100-273]-9618&alias=bigbird19.cern.ch&noUDP&sock=schedd_4961_696e>
...
000 (10252909.4108.000) 07/24 16:18:43 Job submitted from host: <188.185.114.121:9618?addrs=188.185.114.121-9618+[2001-1458-d00-a--100-273]-9618&alias=bigbird19.cern.ch&noUDP&sock=schedd_4961_696e>
...
040 (10252906.4108.000) 07/24 17:07:26 Started transferring input files
	Transferring to host: <188.185.206.136:9618?addrs=188.185.206.136-9618&alias=b9p06p5258.cern.ch&noUDP&sock=slot1_26_6895_e6b1_151924>
...
040 (10252906.4108.000) 07/24 17:07:26 Finished transferring input files
...
001 (10252906.4108.000) 07/24 17:07:27 Job executing on host: <188.185.206.136:9618?addrs=188.185.206.136-9618&alias=b9p06p5258.cern.ch&noUDP&sock=startd_6829_b457>
	SlotName: slot1_26@b9p06p5258.cern.ch
	CondorScratchDir = "/pool/condor/dir_1339520"
	Cpus = 8
	Disk = 2645507
	Memory = 16000
...
006 (10252906.4108.000) 07/24 17:07:32 Image size of job updated: 165056
	12  -  MemoryUsage of job (MB)
	11508  -  ResidentSetSize of job (KB)
...
040 (10252906.4108.000) 07/24 17:07:33 Started transferring output files
...
040 (10252906.4108.000) 07/24 17:07:33 Finished transferring output files
...
005 (10252906.4108.000) 07/24 17:07:33 Job terminated.
	(1) Normal termination (return value 0)
		Usr 0 00:00:04, Sys 0 00:00:00  -  Run Remote Usage
		Usr 0 00:00:00, Sys 0 00:00:00  -  Run Local Usage
		Usr 0 00:00:04, Sys 0 00:00:00  -  Total Remote Usage
		Usr 0 00:00:00, Sys 0 00:00:00  -  Total Local Usage
	6201  -  Run Bytes Sent By Job
	409597  -  Run Bytes Received By Job
	6201  -  Total Bytes Sent By Job
	409597  -  Total Bytes Received By Job
	Partitionable Resources :    Usage  Request Allocated 
	   Cpus                 :        0        8         8 
	   Disk (KB)            :      427      425   2645507 
	   Memory (MB)          :       12    16000     16000 

	Job terminated of its own accord at 2024-07-24T15:07:32Z with exit-code 0.
...
040 (10252907.4108.000) 07/24 18:15:11 Started transferring input files
	Transferring to host: <188.185.209.23:9618?addrs=188.185.209.23-9618+[2001-1458-303-11--100-14]-9618&alias=b9p11p1230.cern.ch&noUDP&sock=slot1_7_21122_1c14_24694>
...
040 (10252907.4108.000) 07/24 18:15:11 Finished transferring input files
...
001 (10252907.4108.000) 07/24 18:15:12 Job executing on host: <188.185.209.23:9618?addrs=188.185.209.23-9618+[2001-1458-303-11--100-14]-9618&alias=b9p11p1230.cern.ch&noUDP&sock=startd_19973_652b>
	SlotName: slot1_7@b9p11p1230.cern.ch
	CondorScratchDir = "/pool/condor/dir_3718207"
	Cpus = 8
	Disk = 2792742
	Memory = 16000
...
006 (10252907.4108.000) 07/24 18:15:18 Image size of job updated: 259156
	106  -  MemoryUsage of job (MB)
	108312  -  ResidentSetSize of job (KB)
...
040 (10252907.4108.000) 07/24 18:15:18 Started transferring output files
...
040 (10252907.4108.000) 07/24 18:15:18 Finished transferring output files
...
005 (10252907.4108.000) 07/24 18:15:18 Job terminated.
	(1) Normal termination (return value 0)
		Usr 0 00:00:04, Sys 0 00:00:00  -  Run Remote Usage
		Usr 0 00:00:00, Sys 0 00:00:00  -  Run Local Usage
		Usr 0 00:00:04, Sys 0 00:00:00  -  Total Remote Usage
		Usr 0 00:00:00, Sys 0 00:00:00  -  Total Local Usage
	6204  -  Run Bytes Sent By Job
	409597  -  Run Bytes Received By Job
	6204  -  Total Bytes Sent By Job
	409597  -  Total Bytes Received By Job
	Partitionable Resources :    Usage  Request Allocated 
	   Cpus                 :        0        8         8 
	   Disk (KB)            :      427      425   2792742 
	   Memory (MB)          :      106    16000     16000 

	Job terminated of its own accord at 2024-07-24T16:15:18Z with exit-code 0.
...
040 (10252908.4108.000) 07/24 19:20:11 Started transferring input files
	Transferring to host: <188.185.206.224:9618?addrs=188.185.206.224-9618&alias=b9p06p0068.cern.ch&noUDP&sock=slot1_3_6887_43b1_156069>
...
040 (10252908.4108.000) 07/24 19:20:11 Finished transferring input files
...
001 (10252908.4108.000) 07/24 19:20:12 Job executing on host: <188.185.206.224:9618?addrs=188.185.206.224-9618&alias=b9p06p0068.cern.ch&noUDP&sock=startd_6817_7934>
	SlotName: slot1_3@b9p06p0068.cern.ch
	CondorScratchDir = "/pool/condor/dir_1627041"
	Cpus = 8
	Disk = 2694993
	Memory = 16000
...
006 (10252908.4108.000) 07/24 19:20:17 Image size of job updated: 156532
	7  -  MemoryUsage of job (MB)
	6480  -  ResidentSetSize of job (KB)
...
040 (10252908.4108.000) 07/24 19:20:17 Started transferring output files
...
040 (10252908.4108.000) 07/24 19:20:17 Finished transferring output files
...
005 (10252908.4108.000) 07/24 19:20:17 Job terminated.
	(1) Normal termination (return value 0)
		Usr 0 00:00:04, Sys 0 00:00:00  -  Run Remote Usage
		Usr 0 00:00:00, Sys 0 00:00:00  -  Run Local Usage
		Usr 0 00:00:04, Sys 0 00:00:00  -  Total Remote Usage
		Usr 0 00:00:00, Sys 0 00:00:00  -  Total Local Usage
	6204  -  Run Bytes Sent By Job
	409597  -  Run Bytes Received By Job
	6204  -  Total Bytes Sent By Job
	409597  -  Total Bytes Received By Job
	Partitionable Resources :    Usage  Request Allocated 
	   Cpus                 :        0        8         8 
	   Disk (KB)            :      428      425   2694993 
	   Memory (MB)          :        7    16000     16000 

	Job terminated of its own accord at 2024-07-24T17:20:17Z with exit-code 0.
...
040 (10252909.4108.000) 07/24 20:19:06 Started transferring input files
	Transferring to host: <188.185.204.160:9618?addrs=188.185.204.160-9618+[2001-1458-303-8--100-94]-9618&alias=b9p02p1415.cern.ch&noUDP&sock=slot1_13_6791_9fad_155260>
...
040 (10252909.4108.000) 07/24 20:19:06 Finished transferring input files
...
001 (10252909.4108.000) 07/24 20:19:07 Job executing on host: <188.185.204.160:9618?addrs=188.185.204.160-9618+[2001-1458-303-8--100-94]-9618&alias=b9p02p1415.cern.ch&noUDP&sock=startd_6356_440b>
	SlotName: slot1_13@b9p02p1415.cern.ch
	CondorScratchDir = "/pool/condor/dir_1089339"
	Cpus = 8
	Disk = 2696241
	Memory = 16000
...
006 (10252909.4108.000) 07/24 20:19:12 Image size of job updated: 158368
	8  -  MemoryUsage of job (MB)
	7740  -  ResidentSetSize of job (KB)
...
040 (10252909.4108.000) 07/24 20:19:12 Started transferring output files
...
040 (10252909.4108.000) 07/24 20:19:12 Finished transferring output files
...
005 (10252909.4108.000) 07/24 20:19:12 Job terminated.
	(1) Normal termination (return value 0)
		Usr 0 00:00:03, Sys 0 00:00:00  -  Run Remote Usage
		Usr 0 00:00:00, Sys 0 00:00:00  -  Run Local Usage
		Usr 0 00:00:03, Sys 0 00:00:00  -  Total Remote Usage
		Usr 0 00:00:00, Sys 0 00:00:00  -  Total Local Usage
	6204  -  Run Bytes Sent By Job
	409597  -  Run Bytes Received By Job
	6204  -  Total Bytes Sent By Job
	409597  -  Total Bytes Received By Job
	Partitionable Resources :    Usage  Request Allocated 
	   Cpus                 :        0        8         8 
	   Disk (KB)            :      428      425   2696241 
	   Memory (MB)          :        8    16000     16000 

	Job terminated of its own accord at 2024-07-24T18:19:12Z with exit-code 0.
...
000 (10261715.4108.000) 07/25 13:03:02 Job submitted from host: <188.185.114.121:9618?addrs=188.185.114.121-9618+[2001-1458-d00-a--100-273]-9618&alias=bigbird19.cern.ch&noUDP&sock=schedd_4961_696e>
...
009 (10261715.4108.000) 07/25 13:06:59 Job was aborted.
	via condor_rm (by user yelberke)
...
000 (10261767.4108.000) 07/25 13:20:37 Job submitted from host: <188.185.114.121:9618?addrs=188.185.114.121-9618+[2001-1458-d00-a--100-273]-9618&alias=bigbird19.cern.ch&noUDP&sock=schedd_4961_696e>
...
040 (10261767.4108.000) 07/25 14:43:56 Started transferring input files
	Transferring to host: <188.185.194.59:9618?addrs=188.185.194.59-9618+[2001-1458-303-21--100-37]-9618&alias=b9p20p5151.cern.ch&noUDP&sock=slot1_8_1789276_8eb1_3974>
...
040 (10261767.4108.000) 07/25 14:43:56 Finished transferring input files
...
001 (10261767.4108.000) 07/25 14:43:57 Job executing on host: <188.185.194.59:9618?addrs=188.185.194.59-9618+[2001-1458-303-21--100-37]-9618&alias=b9p20p5151.cern.ch&noUDP&sock=startd_128404_0ad3>
	SlotName: slot1_8@b9p20p5151.cern.ch
	CondorScratchDir = "/pool/condor/dir_1515893"
	Cpus = 12
	Disk = 3038118
	Memory = 24000
...
006 (10261767.4108.000) 07/25 14:44:06 Image size of job updated: 1
	0  -  MemoryUsage of job (MB)
	0  -  ResidentSetSize of job (KB)
...
006 (10261767.4108.000) 07/25 14:44:29 Image size of job updated: 160168
	7  -  MemoryUsage of job (MB)
	6468  -  ResidentSetSize of job (KB)
...
040 (10261767.4108.000) 07/25 14:44:31 Started transferring output files
...
040 (10261767.4108.000) 07/25 14:44:31 Finished transferring output files
...
005 (10261767.4108.000) 07/25 14:44:35 Job terminated.
	(1) Normal termination (return value 0)
		Usr 0 00:00:05, Sys 0 00:00:00  -  Run Remote Usage
		Usr 0 00:00:00, Sys 0 00:00:00  -  Run Local Usage
		Usr 0 00:00:05, Sys 0 00:00:00  -  Total Remote Usage
		Usr 0 00:00:00, Sys 0 00:00:00  -  Total Local Usage
	6676  -  Run Bytes Sent By Job
	409597  -  Run Bytes Received By Job
	6676  -  Total Bytes Sent By Job
	409597  -  Total Bytes Received By Job
	Partitionable Resources :    Usage  Request Allocated 
	   Cpus                 :        0       12        12 
	   Disk (KB)            :      427      425   3038118 
	   Memory (MB)          :        7    24000     24000 

	Job terminated of its own accord at 2024-07-25T12:44:29Z with exit-code 0.
...
000 (10284266.4108.000) 08/02 15:46:47 Job submitted from host: <188.185.114.121:9618?addrs=188.185.114.121-9618+[2001-1458-d00-a--100-273]-9618&alias=bigbird19.cern.ch&noUDP&sock=schedd_4961_696e>
...
000 (10284267.4108.000) 08/02 15:50:10 Job submitted from host: <188.185.114.121:9618?addrs=188.185.114.121-9618+[2001-1458-d00-a--100-273]-9618&alias=bigbird19.cern.ch&noUDP&sock=schedd_4961_696e>
...
009 (10284266.4108.000) 08/02 15:50:31 Job was aborted.
	via condor_rm (by user yelberke)
...
040 (10284267.4108.000) 08/02 16:54:22 Started transferring input files
	Transferring to host: <188.185.208.199:9618?addrs=188.185.208.199-9618+[2001-1458-303-10--100-44]-9618&alias=b9p10p6664.cern.ch&noUDP&sock=slot1_8_13373_3cf9_150752>
...
040 (10284267.4108.000) 08/02 16:54:22 Finished transferring input files
...
001 (10284267.4108.000) 08/02 16:54:23 Job executing on host: <188.185.208.199:9618?addrs=188.185.208.199-9618+[2001-1458-303-10--100-44]-9618&alias=b9p10p6664.cern.ch&noUDP&sock=startd_3833_b299>
	SlotName: slot1_8@b9p10p6664.cern.ch
	CondorScratchDir = "/pool/condor/dir_385352"
	Cpus = 12
	Disk = 2865478
	Memory = 24000
...
006 (10284267.4108.000) 08/02 16:54:25 Image size of job updated: 327396
	6  -  MemoryUsage of job (MB)
	5896  -  ResidentSetSize of job (KB)
...
040 (10284267.4108.000) 08/02 16:54:25 Started transferring output files
...
040 (10284267.4108.000) 08/02 16:54:25 Finished transferring output files
...
005 (10284267.4108.000) 08/02 16:54:25 Job terminated.
	(1) Normal termination (return value 139)
		Usr 0 00:00:01, Sys 0 00:00:01  -  Run Remote Usage
		Usr 0 00:00:00, Sys 0 00:00:00  -  Run Local Usage
		Usr 0 00:00:01, Sys 0 00:00:01  -  Total Remote Usage
		Usr 0 00:00:00, Sys 0 00:00:00  -  Total Local Usage
	7696  -  Run Bytes Sent By Job
	409597  -  Run Bytes Received By Job
	7696  -  Total Bytes Sent By Job
	409597  -  Total Bytes Received By Job
	Partitionable Resources :    Usage  Request Allocated 
	   Cpus                 :        0       12        12 
	   Disk (KB)            :      430      425   2865478 
	   Memory (MB)          :        6    24000     24000 

	Job terminated of its own accord at 2024-08-02T14:54:25Z with exit-code 139.
...
