000 (10252905.411.000) 07/24 16:13:15 Job submitted from host: <188.185.114.121:9618?addrs=188.185.114.121-9618+[2001-1458-d00-a--100-273]-9618&alias=bigbird19.cern.ch&noUDP&sock=schedd_4961_696e>
...
009 (10252905.411.000) 07/24 16:14:45 Job was aborted.
	via condor_rm (by user yelberke)
...
000 (10252906.411.000) 07/24 16:15:36 Job submitted from host: <188.185.114.121:9618?addrs=188.185.114.121-9618+[2001-1458-d00-a--100-273]-9618&alias=bigbird19.cern.ch&noUDP&sock=schedd_4961_696e>
...
000 (10252907.411.000) 07/24 16:17:30 Job submitted from host: <188.185.114.121:9618?addrs=188.185.114.121-9618+[2001-1458-d00-a--100-273]-9618&alias=bigbird19.cern.ch&noUDP&sock=schedd_4961_696e>
...
000 (10252908.411.000) 07/24 16:18:03 Job submitted from host: <188.185.114.121:9618?addrs=188.185.114.121-9618+[2001-1458-d00-a--100-273]-9618&alias=bigbird19.cern.ch&noUDP&sock=schedd_4961_696e>
...
000 (10252909.411.000) 07/24 16:18:39 Job submitted from host: <188.185.114.121:9618?addrs=188.185.114.121-9618+[2001-1458-d00-a--100-273]-9618&alias=bigbird19.cern.ch&noUDP&sock=schedd_4961_696e>
...
000 (10252910.411.000) 07/24 16:19:04 Job submitted from host: <188.185.114.121:9618?addrs=188.185.114.121-9618+[2001-1458-d00-a--100-273]-9618&alias=bigbird19.cern.ch&noUDP&sock=schedd_4961_696e>
...
000 (10252911.411.000) 07/24 16:19:17 Job submitted from host: <188.185.114.121:9618?addrs=188.185.114.121-9618+[2001-1458-d00-a--100-273]-9618&alias=bigbird19.cern.ch&noUDP&sock=schedd_4961_696e>
...
000 (10252912.411.000) 07/24 16:19:30 Job submitted from host: <188.185.114.121:9618?addrs=188.185.114.121-9618+[2001-1458-d00-a--100-273]-9618&alias=bigbird19.cern.ch&noUDP&sock=schedd_4961_696e>
...
000 (10252913.411.000) 07/24 16:19:42 Job submitted from host: <188.185.114.121:9618?addrs=188.185.114.121-9618+[2001-1458-d00-a--100-273]-9618&alias=bigbird19.cern.ch&noUDP&sock=schedd_4961_696e>
...
040 (10252906.411.000) 07/24 16:20:05 Started transferring input files
	Transferring to host: <188.185.206.141:9618?addrs=188.185.206.141-9618+[2001-1458-303-c--100-a]-9618&alias=b9p06p2399.cern.ch&noUDP&sock=slot1_19_4005_a27c_77996>
...
040 (10252906.411.000) 07/24 16:20:05 Finished transferring input files
...
001 (10252906.411.000) 07/24 16:20:06 Job executing on host: <188.185.206.141:9618?addrs=188.185.206.141-9618+[2001-1458-303-c--100-a]-9618&alias=b9p06p2399.cern.ch&noUDP&sock=startd_3691_4c27>
	SlotName: slot1_19@b9p06p2399.cern.ch
	CondorScratchDir = "/pool/condor/dir_4148826"
	Cpus = 8
	Disk = 2767705
	Memory = 16000
...
006 (10252906.411.000) 07/24 16:20:11 Image size of job updated: 160700
	8  -  MemoryUsage of job (MB)
	8184  -  ResidentSetSize of job (KB)
...
040 (10252906.411.000) 07/24 16:20:11 Started transferring output files
...
040 (10252906.411.000) 07/24 16:20:11 Finished transferring output files
...
005 (10252906.411.000) 07/24 16:20:11 Job terminated.
	(1) Normal termination (return value 0)
		Usr 0 00:00:03, Sys 0 00:00:00  -  Run Remote Usage
		Usr 0 00:00:00, Sys 0 00:00:00  -  Run Local Usage
		Usr 0 00:00:03, Sys 0 00:00:00  -  Total Remote Usage
		Usr 0 00:00:00, Sys 0 00:00:00  -  Total Local Usage
	6204  -  Run Bytes Sent By Job
	409597  -  Run Bytes Received By Job
	6204  -  Total Bytes Sent By Job
	409597  -  Total Bytes Received By Job
	Partitionable Resources :    Usage  Request Allocated 
	   Cpus                 :        0        8         8 
	   Disk (KB)            :      431      425   2767705 
	   Memory (MB)          :        8    16000     16000 

	Job terminated of its own accord at 2024-07-24T14:20:11Z with exit-code 0.
...
040 (10252907.411.000) 07/24 17:45:18 Started transferring input files
	Transferring to host: <188.185.196.67:9618?addrs=188.185.196.67-9618+[2001-1458-303-23--100-3f]-9618&alias=b9p16p9691.cern.ch&noUDP&sock=slot1_4_137964_de63_31726>
...
040 (10252907.411.000) 07/24 17:45:18 Finished transferring input files
...
001 (10252907.411.000) 07/24 17:45:19 Job executing on host: <188.185.196.67:9618?addrs=188.185.196.67-9618+[2001-1458-303-23--100-3f]-9618&alias=b9p16p9691.cern.ch&noUDP&sock=startd_127944_8542>
	SlotName: slot1_4@b9p16p9691.cern.ch
	CondorScratchDir = "/pool/condor/dir_851215"
	Cpus = 8
	Disk = 2948799
	Memory = 16000
...
006 (10252907.411.000) 07/24 17:45:25 Image size of job updated: 160520
	9  -  MemoryUsage of job (MB)
	8264  -  ResidentSetSize of job (KB)
...
040 (10252907.411.000) 07/24 17:45:25 Started transferring output files
...
040 (10252907.411.000) 07/24 17:45:25 Finished transferring output files
...
005 (10252907.411.000) 07/24 17:45:25 Job terminated.
	(1) Normal termination (return value 0)
		Usr 0 00:00:05, Sys 0 00:00:00  -  Run Remote Usage
		Usr 0 00:00:00, Sys 0 00:00:00  -  Run Local Usage
		Usr 0 00:00:05, Sys 0 00:00:00  -  Total Remote Usage
		Usr 0 00:00:00, Sys 0 00:00:00  -  Total Local Usage
	6204  -  Run Bytes Sent By Job
	409597  -  Run Bytes Received By Job
	6204  -  Total Bytes Sent By Job
	409597  -  Total Bytes Received By Job
	Partitionable Resources :    Usage  Request Allocated 
	   Cpus                 :        0        8         8 
	   Disk (KB)            :      428      425   2948799 
	   Memory (MB)          :        9    16000     16000 

	Job terminated of its own accord at 2024-07-24T15:45:25Z with exit-code 0.
...
040 (10252908.411.000) 07/24 18:49:51 Started transferring input files
	Transferring to host: <188.185.209.135:9618?addrs=188.185.209.135-9618+[2001-1458-303-12--100-4]-9618&alias=b9p12p1465.cern.ch&noUDP&sock=slot1_2_5248_70ce_143263>
...
040 (10252908.411.000) 07/24 18:49:51 Finished transferring input files
...
001 (10252908.411.000) 07/24 18:49:52 Job executing on host: <188.185.209.135:9618?addrs=188.185.209.135-9618+[2001-1458-303-12--100-4]-9618&alias=b9p12p1465.cern.ch&noUDP&sock=startd_4392_200a>
	SlotName: slot1_2@b9p12p1465.cern.ch
	CondorScratchDir = "/pool/condor/dir_3230989"
	Cpus = 8
	Disk = 2815681
	Memory = 16000
...
006 (10252908.411.000) 07/24 18:49:57 Image size of job updated: 158716
	7  -  MemoryUsage of job (MB)
	6344  -  ResidentSetSize of job (KB)
...
040 (10252908.411.000) 07/24 18:49:57 Started transferring output files
...
040 (10252908.411.000) 07/24 18:49:57 Finished transferring output files
...
005 (10252908.411.000) 07/24 18:49:57 Job terminated.
	(1) Normal termination (return value 0)
		Usr 0 00:00:03, Sys 0 00:00:00  -  Run Remote Usage
		Usr 0 00:00:00, Sys 0 00:00:00  -  Run Local Usage
		Usr 0 00:00:03, Sys 0 00:00:00  -  Total Remote Usage
		Usr 0 00:00:00, Sys 0 00:00:00  -  Total Local Usage
	6204  -  Run Bytes Sent By Job
	409597  -  Run Bytes Received By Job
	6204  -  Total Bytes Sent By Job
	409597  -  Total Bytes Received By Job
	Partitionable Resources :    Usage  Request Allocated 
	   Cpus                 :        0        8         8 
	   Disk (KB)            :      427      425   2815681 
	   Memory (MB)          :        7    16000     16000 

	Job terminated of its own accord at 2024-07-24T16:49:57Z with exit-code 0.
...
040 (10252909.411.000) 07/24 19:50:27 Started transferring input files
	Transferring to host: <188.185.198.44:9618?addrs=188.185.198.44-9618+[2001-1458-303-25--100-28]-9618&alias=b9p15p6545.cern.ch&noUDP&sock=slot1_1_889794_1e10_2798>
...
040 (10252909.411.000) 07/24 19:50:27 Finished transferring input files
...
001 (10252909.411.000) 07/24 19:50:28 Job executing on host: <188.185.198.44:9618?addrs=188.185.198.44-9618+[2001-1458-303-25--100-28]-9618&alias=b9p15p6545.cern.ch&noUDP&sock=startd_127910_330a>
	SlotName: slot1_1@b9p15p6545.cern.ch
	CondorScratchDir = "/pool/condor/dir_213335"
	Cpus = 8
	Disk = 2983686
	Memory = 16000
...
006 (10252909.411.000) 07/24 19:50:34 Image size of job updated: 159240
	8  -  MemoryUsage of job (MB)
	7272  -  ResidentSetSize of job (KB)
...
040 (10252909.411.000) 07/24 19:50:34 Started transferring output files
...
040 (10252909.411.000) 07/24 19:50:34 Finished transferring output files
...
005 (10252909.411.000) 07/24 19:50:34 Job terminated.
	(1) Normal termination (return value 0)
		Usr 0 00:00:05, Sys 0 00:00:00  -  Run Remote Usage
		Usr 0 00:00:00, Sys 0 00:00:00  -  Run Local Usage
		Usr 0 00:00:05, Sys 0 00:00:00  -  Total Remote Usage
		Usr 0 00:00:00, Sys 0 00:00:00  -  Total Local Usage
	6204  -  Run Bytes Sent By Job
	409597  -  Run Bytes Received By Job
	6204  -  Total Bytes Sent By Job
	409597  -  Total Bytes Received By Job
	Partitionable Resources :    Usage  Request Allocated 
	   Cpus                 :        0        8         8 
	   Disk (KB)            :      427      425   2983686 
	   Memory (MB)          :        8    16000     16000 

	Job terminated of its own accord at 2024-07-24T17:50:34Z with exit-code 0.
...
040 (10252910.411.000) 07/24 20:43:14 Started transferring input files
	Transferring to host: <188.185.207.204:9618?addrs=188.185.207.204-9618+[2001-1458-303-e--100-49]-9618&alias=b9p08p5225.cern.ch&noUDP&sock=slot1_8_13348_9f98_142613>
...
040 (10252910.411.000) 07/24 20:43:14 Finished transferring input files
...
001 (10252910.411.000) 07/24 20:43:15 Job executing on host: <188.185.207.204:9618?addrs=188.185.207.204-9618+[2001-1458-303-e--100-49]-9618&alias=b9p08p5225.cern.ch&noUDP&sock=startd_5173_d382>
	SlotName: slot1_8@b9p08p5225.cern.ch
	CondorScratchDir = "/pool/condor/dir_951206"
	Cpus = 8
	Disk = 2839695
	Memory = 16000
...
006 (10252910.411.000) 07/24 20:43:20 Image size of job updated: 164864
	11  -  MemoryUsage of job (MB)
	10260  -  ResidentSetSize of job (KB)
...
040 (10252910.411.000) 07/24 20:43:20 Started transferring output files
...
040 (10252910.411.000) 07/24 20:43:20 Finished transferring output files
...
005 (10252910.411.000) 07/24 20:43:20 Job terminated.
	(1) Normal termination (return value 0)
		Usr 0 00:00:03, Sys 0 00:00:00  -  Run Remote Usage
		Usr 0 00:00:00, Sys 0 00:00:00  -  Run Local Usage
		Usr 0 00:00:03, Sys 0 00:00:00  -  Total Remote Usage
		Usr 0 00:00:00, Sys 0 00:00:00  -  Total Local Usage
	6201  -  Run Bytes Sent By Job
	409597  -  Run Bytes Received By Job
	6201  -  Total Bytes Sent By Job
	409597  -  Total Bytes Received By Job
	Partitionable Resources :    Usage  Request Allocated 
	   Cpus                 :        0        8         8 
	   Disk (KB)            :      427      425   2839695 
	   Memory (MB)          :       11    16000     16000 

	Job terminated of its own accord at 2024-07-24T18:43:20Z with exit-code 0.
...
040 (10252911.411.000) 07/24 20:56:12 Started transferring input files
	Transferring to host: <128.142.192.174:9618?addrs=128.142.192.174-9618+[2001-1458-301-56--100-2a]-9618&alias=b9g18p7459.cern.ch&noUDP&sock=slot1_2_1249119_1604_7631>
...
040 (10252911.411.000) 07/24 20:56:12 Finished transferring input files
...
001 (10252911.411.000) 07/24 20:56:13 Job executing on host: <128.142.192.174:9618?addrs=128.142.192.174-9618+[2001-1458-301-56--100-2a]-9618&alias=b9g18p7459.cern.ch&noUDP&sock=startd_3818_68ae>
	SlotName: slot1_2@b9g18p7459.cern.ch
	CondorScratchDir = "/pool/condor/dir_3897643"
	Cpus = 8
	Disk = 2860007
	Memory = 16000
...
006 (10252911.411.000) 07/24 20:56:21 Image size of job updated: 162996
	9  -  MemoryUsage of job (MB)
	8712  -  ResidentSetSize of job (KB)
...
040 (10252911.411.000) 07/24 20:56:21 Started transferring output files
...
040 (10252911.411.000) 07/24 20:56:21 Finished transferring output files
...
005 (10252911.411.000) 07/24 20:56:21 Job terminated.
	(1) Normal termination (return value 0)
		Usr 0 00:00:06, Sys 0 00:00:00  -  Run Remote Usage
		Usr 0 00:00:00, Sys 0 00:00:00  -  Run Local Usage
		Usr 0 00:00:06, Sys 0 00:00:00  -  Total Remote Usage
		Usr 0 00:00:00, Sys 0 00:00:00  -  Total Local Usage
	6204  -  Run Bytes Sent By Job
	409597  -  Run Bytes Received By Job
	6204  -  Total Bytes Sent By Job
	409597  -  Total Bytes Received By Job
	Partitionable Resources :    Usage  Request Allocated 
	   Cpus                 :        0        8         8 
	   Disk (KB)            :      428      425   2860007 
	   Memory (MB)          :        9    16000     16000 

	Job terminated of its own accord at 2024-07-24T18:56:21Z with exit-code 0.
...
040 (10252912.411.000) 07/24 21:09:10 Started transferring input files
	Transferring to host: <188.185.208.225:9618?addrs=188.185.208.225-9618+[2001-1458-303-10--100-5e]-9618&alias=b9p10p2513.cern.ch&noUDP&sock=slot1_6_12029_44c2_24056>
...
040 (10252912.411.000) 07/24 21:09:10 Finished transferring input files
...
001 (10252912.411.000) 07/24 21:09:11 Job executing on host: <188.185.208.225:9618?addrs=188.185.208.225-9618+[2001-1458-303-10--100-5e]-9618&alias=b9p10p2513.cern.ch&noUDP&sock=startd_10913_fd20>
	SlotName: slot1_6@b9p10p2513.cern.ch
	CondorScratchDir = "/pool/condor/dir_1432245"
	Cpus = 8
	Disk = 2957678
	Memory = 16000
...
006 (10252912.411.000) 07/24 21:09:15 Image size of job updated: 160936
	8  -  MemoryUsage of job (MB)
	8048  -  ResidentSetSize of job (KB)
...
040 (10252912.411.000) 07/24 21:09:15 Started transferring output files
...
040 (10252912.411.000) 07/24 21:09:15 Finished transferring output files
...
005 (10252912.411.000) 07/24 21:09:15 Job terminated.
	(1) Normal termination (return value 0)
		Usr 0 00:00:03, Sys 0 00:00:00  -  Run Remote Usage
		Usr 0 00:00:00, Sys 0 00:00:00  -  Run Local Usage
		Usr 0 00:00:03, Sys 0 00:00:00  -  Total Remote Usage
		Usr 0 00:00:00, Sys 0 00:00:00  -  Total Local Usage
	6204  -  Run Bytes Sent By Job
	409597  -  Run Bytes Received By Job
	6204  -  Total Bytes Sent By Job
	409597  -  Total Bytes Received By Job
	Partitionable Resources :    Usage  Request Allocated 
	   Cpus                 :        0        8         8 
	   Disk (KB)            :      428      425   2957678 
	   Memory (MB)          :        8    16000     16000 

	Job terminated of its own accord at 2024-07-24T19:09:15Z with exit-code 0.
...
040 (10252913.411.000) 07/24 21:22:52 Started transferring input files
	Transferring to host: <188.185.209.46:9618?addrs=188.185.209.46-9618+[2001-1458-303-11--100-2b]-9618&alias=b9p11p5617.cern.ch&noUDP&sock=slot1_19_13557_e200_144138>
...
040 (10252913.411.000) 07/24 21:22:52 Finished transferring input files
...
001 (10252913.411.000) 07/24 21:22:53 Job executing on host: <188.185.209.46:9618?addrs=188.185.209.46-9618+[2001-1458-303-11--100-2b]-9618&alias=b9p11p5617.cern.ch&noUDP&sock=startd_12097_1d42>
	SlotName: slot1_19@b9p11p5617.cern.ch
	CondorScratchDir = "/pool/condor/dir_1249737"
	Cpus = 8
	Disk = 2879970
	Memory = 16000
...
006 (10252913.411.000) 07/24 21:22:58 Image size of job updated: 162608
	9  -  MemoryUsage of job (MB)
	8416  -  ResidentSetSize of job (KB)
...
040 (10252913.411.000) 07/24 21:22:58 Started transferring output files
...
040 (10252913.411.000) 07/24 21:22:58 Finished transferring output files
...
005 (10252913.411.000) 07/24 21:22:58 Job terminated.
	(1) Normal termination (return value 0)
		Usr 0 00:00:03, Sys 0 00:00:00  -  Run Remote Usage
		Usr 0 00:00:00, Sys 0 00:00:00  -  Run Local Usage
		Usr 0 00:00:03, Sys 0 00:00:00  -  Total Remote Usage
		Usr 0 00:00:00, Sys 0 00:00:00  -  Total Local Usage
	6204  -  Run Bytes Sent By Job
	409597  -  Run Bytes Received By Job
	6204  -  Total Bytes Sent By Job
	409597  -  Total Bytes Received By Job
	Partitionable Resources :    Usage  Request Allocated 
	   Cpus                 :        0        8         8 
	   Disk (KB)            :      427      425   2879970 
	   Memory (MB)          :        9    16000     16000 

	Job terminated of its own accord at 2024-07-24T19:22:58Z with exit-code 0.
...
000 (10261715.411.000) 07/25 13:01:25 Job submitted from host: <188.185.114.121:9618?addrs=188.185.114.121-9618+[2001-1458-d00-a--100-273]-9618&alias=bigbird19.cern.ch&noUDP&sock=schedd_4961_696e>
...
009 (10261715.411.000) 07/25 13:06:38 Job was aborted.
	via condor_rm (by user yelberke)
...
000 (10261767.411.000) 07/25 13:19:55 Job submitted from host: <188.185.114.121:9618?addrs=188.185.114.121-9618+[2001-1458-d00-a--100-273]-9618&alias=bigbird19.cern.ch&noUDP&sock=schedd_4961_696e>
...
040 (10261767.411.000) 07/25 13:36:27 Started transferring input files
	Transferring to host: <188.185.209.35:9618?addrs=188.185.209.35-9618+[2001-1458-303-11--100-20]-9618&alias=b9p11p8066.cern.ch&noUDP&sock=slot1_3_4904_0fc0_144987>
...
040 (10261767.411.000) 07/25 13:36:27 Finished transferring input files
...
001 (10261767.411.000) 07/25 13:36:28 Job executing on host: <188.185.209.35:9618?addrs=188.185.209.35-9618+[2001-1458-303-11--100-20]-9618&alias=b9p11p8066.cern.ch&noUDP&sock=startd_4188_32b8>
	SlotName: slot1_3@b9p11p8066.cern.ch
	CondorScratchDir = "/pool/condor/dir_3849176"
	Cpus = 12
	Disk = 2638669
	Memory = 24000
...
006 (10261767.411.000) 07/25 13:36:33 Image size of job updated: 160460
	7  -  MemoryUsage of job (MB)
	6804  -  ResidentSetSize of job (KB)
...
040 (10261767.411.000) 07/25 13:36:33 Started transferring output files
...
040 (10261767.411.000) 07/25 13:36:33 Finished transferring output files
...
005 (10261767.411.000) 07/25 13:36:33 Job terminated.
	(1) Normal termination (return value 0)
		Usr 0 00:00:03, Sys 0 00:00:00  -  Run Remote Usage
		Usr 0 00:00:00, Sys 0 00:00:00  -  Run Local Usage
		Usr 0 00:00:03, Sys 0 00:00:00  -  Total Remote Usage
		Usr 0 00:00:00, Sys 0 00:00:00  -  Total Local Usage
	6204  -  Run Bytes Sent By Job
	409597  -  Run Bytes Received By Job
	6204  -  Total Bytes Sent By Job
	409597  -  Total Bytes Received By Job
	Partitionable Resources :    Usage  Request Allocated 
	   Cpus                 :        0       12        12 
	   Disk (KB)            :      428      425   2638669 
	   Memory (MB)          :        7    24000     24000 

	Job terminated of its own accord at 2024-07-25T11:36:33Z with exit-code 0.
...
000 (10284266.411.000) 08/02 15:45:04 Job submitted from host: <188.185.114.121:9618?addrs=188.185.114.121-9618+[2001-1458-d00-a--100-273]-9618&alias=bigbird19.cern.ch&noUDP&sock=schedd_4961_696e>
...
009 (10284266.411.000) 08/02 15:49:11 Job was aborted.
	via condor_rm (by user yelberke)
...
000 (10284267.411.000) 08/02 15:49:46 Job submitted from host: <188.185.114.121:9618?addrs=188.185.114.121-9618+[2001-1458-d00-a--100-273]-9618&alias=bigbird19.cern.ch&noUDP&sock=schedd_4961_696e>
...
040 (10284267.411.000) 08/02 16:04:55 Started transferring input files
	Transferring to host: <128.142.248.47:9618?addrs=128.142.248.47-9618+[2001-1458-301-73--100-11f]-9618&alias=b9g23p9580.cern.ch&noUDP&sock=slot1_2_2141474_e8e3_22>
...
040 (10284267.411.000) 08/02 16:04:55 Finished transferring input files
...
001 (10284267.411.000) 08/02 16:04:56 Job executing on host: <128.142.248.47:9618?addrs=128.142.248.47-9618+[2001-1458-301-73--100-11f]-9618&alias=b9g23p9580.cern.ch&noUDP&sock=startd_118354_9405>
	SlotName: slot1_2@b9g23p9580.cern.ch
	CondorScratchDir = "/pool/condor/dir_2142164"
	Cpus = 12
	Disk = 2991982
	Memory = 24000
...
006 (10284267.411.000) 08/02 16:05:04 Image size of job updated: 2060
	2  -  MemoryUsage of job (MB)
	1484  -  ResidentSetSize of job (KB)
...
006 (10284267.411.000) 08/02 16:05:23 Image size of job updated: 323232
	9  -  MemoryUsage of job (MB)
	9060  -  ResidentSetSize of job (KB)
...
040 (10284267.411.000) 08/02 16:05:23 Started transferring output files
...
040 (10284267.411.000) 08/02 16:05:23 Finished transferring output files
...
005 (10284267.411.000) 08/02 16:05:23 Job terminated.
	(1) Normal termination (return value 139)
		Usr 0 00:00:02, Sys 0 00:00:00  -  Run Remote Usage
		Usr 0 00:00:00, Sys 0 00:00:00  -  Run Local Usage
		Usr 0 00:00:02, Sys 0 00:00:00  -  Total Remote Usage
		Usr 0 00:00:00, Sys 0 00:00:00  -  Total Local Usage
	7696  -  Run Bytes Sent By Job
	409597  -  Run Bytes Received By Job
	7696  -  Total Bytes Sent By Job
	409597  -  Total Bytes Received By Job
	Partitionable Resources :    Usage  Request Allocated 
	   Cpus                 :                12        12 
	   Disk (KB)            :      421      425   2991982 
	   Memory (MB)          :        9    24000     24000 

	Job terminated of its own accord at 2024-08-02T14:05:23Z with exit-code 139.
...
