000 (10252905.4142.000) 07/24 16:13:20 Job submitted from host: <188.185.114.121:9618?addrs=188.185.114.121-9618+[2001-1458-d00-a--100-273]-9618&alias=bigbird19.cern.ch&noUDP&sock=schedd_4961_696e>
...
009 (10252905.4142.000) 07/24 16:14:51 Job was aborted.
	via condor_rm (by user yelberke)
...
000 (10252906.4142.000) 07/24 16:15:39 Job submitted from host: <188.185.114.121:9618?addrs=188.185.114.121-9618+[2001-1458-d00-a--100-273]-9618&alias=bigbird19.cern.ch&noUDP&sock=schedd_4961_696e>
...
000 (10252907.4142.000) 07/24 16:17:34 Job submitted from host: <188.185.114.121:9618?addrs=188.185.114.121-9618+[2001-1458-d00-a--100-273]-9618&alias=bigbird19.cern.ch&noUDP&sock=schedd_4961_696e>
...
000 (10252908.4142.000) 07/24 16:18:07 Job submitted from host: <188.185.114.121:9618?addrs=188.185.114.121-9618+[2001-1458-d00-a--100-273]-9618&alias=bigbird19.cern.ch&noUDP&sock=schedd_4961_696e>
...
000 (10252909.4142.000) 07/24 16:18:43 Job submitted from host: <188.185.114.121:9618?addrs=188.185.114.121-9618+[2001-1458-d00-a--100-273]-9618&alias=bigbird19.cern.ch&noUDP&sock=schedd_4961_696e>
...
040 (10252906.4142.000) 07/24 17:07:38 Started transferring input files
	Transferring to host: <188.185.206.198:9618?addrs=188.185.206.198-9618&alias=b9p06p1091.cern.ch&noUDP&sock=slot1_20_6054_572f_149654>
...
040 (10252906.4142.000) 07/24 17:07:38 Finished transferring input files
...
001 (10252906.4142.000) 07/24 17:07:39 Job executing on host: <188.185.206.198:9618?addrs=188.185.206.198-9618&alias=b9p06p1091.cern.ch&noUDP&sock=startd_5659_2e89>
	SlotName: slot1_20@b9p06p1091.cern.ch
	CondorScratchDir = "/pool/condor/dir_1757919"
	Cpus = 8
	Disk = 2650050
	Memory = 16000
...
006 (10252906.4142.000) 07/24 17:07:43 Image size of job updated: 160464
	8  -  MemoryUsage of job (MB)
	8108  -  ResidentSetSize of job (KB)
...
040 (10252906.4142.000) 07/24 17:07:43 Started transferring output files
...
040 (10252906.4142.000) 07/24 17:07:43 Finished transferring output files
...
005 (10252906.4142.000) 07/24 17:07:43 Job terminated.
	(1) Normal termination (return value 0)
		Usr 0 00:00:03, Sys 0 00:00:00  -  Run Remote Usage
		Usr 0 00:00:00, Sys 0 00:00:00  -  Run Local Usage
		Usr 0 00:00:03, Sys 0 00:00:00  -  Total Remote Usage
		Usr 0 00:00:00, Sys 0 00:00:00  -  Total Local Usage
	6201  -  Run Bytes Sent By Job
	409597  -  Run Bytes Received By Job
	6201  -  Total Bytes Sent By Job
	409597  -  Total Bytes Received By Job
	Partitionable Resources :    Usage  Request Allocated 
	   Cpus                 :        0        8         8 
	   Disk (KB)            :      426      425   2650050 
	   Memory (MB)          :        8    16000     16000 

	Job terminated of its own accord at 2024-07-24T15:07:43Z with exit-code 0.
...
040 (10252907.4142.000) 07/24 18:15:23 Started transferring input files
	Transferring to host: <188.185.205.218:9618?addrs=188.185.205.218-9618&alias=b9p04p8395.cern.ch&noUDP&sock=slot1_1_5465_5637_156605>
...
040 (10252907.4142.000) 07/24 18:15:23 Finished transferring input files
...
001 (10252907.4142.000) 07/24 18:15:24 Job executing on host: <188.185.205.218:9618?addrs=188.185.205.218-9618&alias=b9p04p8395.cern.ch&noUDP&sock=startd_5003_3868>
	SlotName: slot1_1@b9p04p8395.cern.ch
	CondorScratchDir = "/pool/condor/dir_434323"
	Cpus = 8
	Disk = 2928055
	Memory = 16000
...
006 (10252907.4142.000) 07/24 18:15:28 Image size of job updated: 159848
	8  -  MemoryUsage of job (MB)
	7676  -  ResidentSetSize of job (KB)
...
040 (10252907.4142.000) 07/24 18:15:28 Started transferring output files
...
040 (10252907.4142.000) 07/24 18:15:28 Finished transferring output files
...
005 (10252907.4142.000) 07/24 18:15:29 Job terminated.
	(1) Normal termination (return value 0)
		Usr 0 00:00:03, Sys 0 00:00:00  -  Run Remote Usage
		Usr 0 00:00:00, Sys 0 00:00:00  -  Run Local Usage
		Usr 0 00:00:03, Sys 0 00:00:00  -  Total Remote Usage
		Usr 0 00:00:00, Sys 0 00:00:00  -  Total Local Usage
	6204  -  Run Bytes Sent By Job
	409597  -  Run Bytes Received By Job
	6204  -  Total Bytes Sent By Job
	409597  -  Total Bytes Received By Job
	Partitionable Resources :    Usage  Request Allocated 
	   Cpus                 :        0        8         8 
	   Disk (KB)            :      427      425   2928055 
	   Memory (MB)          :        8    16000     16000 

	Job terminated of its own accord at 2024-07-24T16:15:28Z with exit-code 0.
...
040 (10252908.4142.000) 07/24 19:20:22 Started transferring input files
	Transferring to host: <188.185.205.125:9618?addrs=188.185.205.125-9618+[2001-1458-303-9--100-7a]-9618&alias=b9p03p9078.cern.ch&noUDP&sock=slot1_14_6035_f40e_80786>
...
040 (10252908.4142.000) 07/24 19:20:22 Finished transferring input files
...
001 (10252908.4142.000) 07/24 19:20:23 Job executing on host: <188.185.205.125:9618?addrs=188.185.205.125-9618+[2001-1458-303-9--100-7a]-9618&alias=b9p03p9078.cern.ch&noUDP&sock=startd_4951_8d7b>
	SlotName: slot1_14@b9p03p9078.cern.ch
	CondorScratchDir = "/pool/condor/dir_344227"
	Cpus = 8
	Disk = 2805726
	Memory = 16000
...
006 (10252908.4142.000) 07/24 19:20:27 Image size of job updated: 161608
	9  -  MemoryUsage of job (MB)
	8472  -  ResidentSetSize of job (KB)
...
040 (10252908.4142.000) 07/24 19:20:27 Started transferring output files
...
040 (10252908.4142.000) 07/24 19:20:27 Finished transferring output files
...
005 (10252908.4142.000) 07/24 19:20:28 Job terminated.
	(1) Normal termination (return value 0)
		Usr 0 00:00:03, Sys 0 00:00:00  -  Run Remote Usage
		Usr 0 00:00:00, Sys 0 00:00:00  -  Run Local Usage
		Usr 0 00:00:03, Sys 0 00:00:00  -  Total Remote Usage
		Usr 0 00:00:00, Sys 0 00:00:00  -  Total Local Usage
	6204  -  Run Bytes Sent By Job
	409597  -  Run Bytes Received By Job
	6204  -  Total Bytes Sent By Job
	409597  -  Total Bytes Received By Job
	Partitionable Resources :    Usage  Request Allocated 
	   Cpus                 :        0        8         8 
	   Disk (KB)            :      428      425   2805726 
	   Memory (MB)          :        9    16000     16000 

	Job terminated of its own accord at 2024-07-24T17:20:27Z with exit-code 0.
...
040 (10252909.4142.000) 07/24 20:19:17 Started transferring input files
	Transferring to host: <188.185.205.158:9618?addrs=188.185.205.158-9618+[2001-1458-303-a--100-1b]-9618&alias=b9p04p4648.cern.ch&noUDP&sock=slot1_3_6906_a6d2_157061>
...
040 (10252909.4142.000) 07/24 20:19:17 Finished transferring input files
...
001 (10252909.4142.000) 07/24 20:19:18 Job executing on host: <188.185.205.158:9618?addrs=188.185.205.158-9618+[2001-1458-303-a--100-1b]-9618&alias=b9p04p4648.cern.ch&noUDP&sock=startd_6841_ef7a>
	SlotName: slot1_3@b9p04p4648.cern.ch
	CondorScratchDir = "/pool/condor/dir_522818"
	Cpus = 8
	Disk = 2798097
	Memory = 16000
...
006 (10252909.4142.000) 07/24 20:19:22 Image size of job updated: 156944
	7  -  MemoryUsage of job (MB)
	7040  -  ResidentSetSize of job (KB)
...
040 (10252909.4142.000) 07/24 20:19:22 Started transferring output files
...
040 (10252909.4142.000) 07/24 20:19:22 Finished transferring output files
...
005 (10252909.4142.000) 07/24 20:19:22 Job terminated.
	(1) Normal termination (return value 0)
		Usr 0 00:00:03, Sys 0 00:00:00  -  Run Remote Usage
		Usr 0 00:00:00, Sys 0 00:00:00  -  Run Local Usage
		Usr 0 00:00:03, Sys 0 00:00:00  -  Total Remote Usage
		Usr 0 00:00:00, Sys 0 00:00:00  -  Total Local Usage
	6204  -  Run Bytes Sent By Job
	409597  -  Run Bytes Received By Job
	6204  -  Total Bytes Sent By Job
	409597  -  Total Bytes Received By Job
	Partitionable Resources :    Usage  Request Allocated 
	   Cpus                 :        0        8         8 
	   Disk (KB)            :      428      425   2798097 
	   Memory (MB)          :        7    16000     16000 

	Job terminated of its own accord at 2024-07-24T18:19:22Z with exit-code 0.
...
000 (10261715.4142.000) 07/25 13:03:02 Job submitted from host: <188.185.114.121:9618?addrs=188.185.114.121-9618+[2001-1458-d00-a--100-273]-9618&alias=bigbird19.cern.ch&noUDP&sock=schedd_4961_696e>
...
009 (10261715.4142.000) 07/25 13:06:59 Job was aborted.
	via condor_rm (by user yelberke)
...
000 (10261767.4142.000) 07/25 13:20:37 Job submitted from host: <188.185.114.121:9618?addrs=188.185.114.121-9618+[2001-1458-d00-a--100-273]-9618&alias=bigbird19.cern.ch&noUDP&sock=schedd_4961_696e>
...
040 (10261767.4142.000) 07/25 14:44:10 Started transferring input files
	Transferring to host: <188.185.204.146:9618?addrs=188.185.204.146-9618+[2001-1458-303-8--100-86]-9618&alias=b9p02p8097.cern.ch&noUDP&sock=slot1_22_7262_7c60_159516>
...
040 (10261767.4142.000) 07/25 14:44:10 Finished transferring input files
...
001 (10261767.4142.000) 07/25 14:44:11 Job executing on host: <188.185.204.146:9618?addrs=188.185.204.146-9618+[2001-1458-303-8--100-86]-9618&alias=b9p02p8097.cern.ch&noUDP&sock=startd_7194_1069>
	SlotName: slot1_22@b9p02p8097.cern.ch
	CondorScratchDir = "/pool/condor/dir_2269847"
	Cpus = 12
	Disk = 2762107
	Memory = 24000
...
006 (10261767.4142.000) 07/25 14:44:17 Image size of job updated: 163808
	8  -  MemoryUsage of job (MB)
	7932  -  ResidentSetSize of job (KB)
...
040 (10261767.4142.000) 07/25 14:44:17 Started transferring output files
...
040 (10261767.4142.000) 07/25 14:44:17 Finished transferring output files
...
005 (10261767.4142.000) 07/25 14:44:17 Job terminated.
	(1) Normal termination (return value 0)
		Usr 0 00:00:04, Sys 0 00:00:00  -  Run Remote Usage
		Usr 0 00:00:00, Sys 0 00:00:00  -  Run Local Usage
		Usr 0 00:00:04, Sys 0 00:00:00  -  Total Remote Usage
		Usr 0 00:00:00, Sys 0 00:00:00  -  Total Local Usage
	6676  -  Run Bytes Sent By Job
	409597  -  Run Bytes Received By Job
	6676  -  Total Bytes Sent By Job
	409597  -  Total Bytes Received By Job
	Partitionable Resources :    Usage  Request Allocated 
	   Cpus                 :        0       12        12 
	   Disk (KB)            :      428      425   2762107 
	   Memory (MB)          :        8    24000     24000 

	Job terminated of its own accord at 2024-07-25T12:44:17Z with exit-code 0.
...
000 (10284266.4142.000) 08/02 15:46:47 Job submitted from host: <188.185.114.121:9618?addrs=188.185.114.121-9618+[2001-1458-d00-a--100-273]-9618&alias=bigbird19.cern.ch&noUDP&sock=schedd_4961_696e>
...
000 (10284267.4142.000) 08/02 15:50:10 Job submitted from host: <188.185.114.121:9618?addrs=188.185.114.121-9618+[2001-1458-d00-a--100-273]-9618&alias=bigbird19.cern.ch&noUDP&sock=schedd_4961_696e>
...
009 (10284266.4142.000) 08/02 15:50:32 Job was aborted.
	via condor_rm (by user yelberke)
...
040 (10284267.4142.000) 08/02 16:54:58 Started transferring input files
	Transferring to host: <188.185.192.88:9618?addrs=188.185.192.88-9618+[2001-1458-303-1f--100-54]-9618&alias=b9p13p5626.cern.ch&noUDP&sock=slot1_2_2666384_7d85_53>
...
040 (10284267.4142.000) 08/02 16:54:58 Finished transferring input files
...
001 (10284267.4142.000) 08/02 16:54:59 Job executing on host: <188.185.192.88:9618?addrs=188.185.192.88-9618+[2001-1458-303-1f--100-54]-9618&alias=b9p13p5626.cern.ch&noUDP&sock=startd_128540_53b4>
	SlotName: slot1_2@b9p13p5626.cern.ch
	CondorScratchDir = "/pool/condor/dir_2672988"
	Cpus = 12
	Disk = 3105953
	Memory = 24000
...
006 (10284267.4142.000) 08/02 16:55:07 Image size of job updated: 1
	0  -  MemoryUsage of job (MB)
	0  -  ResidentSetSize of job (KB)
...
006 (10284267.4142.000) 08/02 16:55:26 Image size of job updated: 316116
	6  -  MemoryUsage of job (MB)
	5340  -  ResidentSetSize of job (KB)
...
040 (10284267.4142.000) 08/02 16:55:26 Started transferring output files
...
040 (10284267.4142.000) 08/02 16:55:26 Finished transferring output files
...
005 (10284267.4142.000) 08/02 16:55:26 Job terminated.
	(1) Normal termination (return value 139)
		Usr 0 00:00:02, Sys 0 00:00:00  -  Run Remote Usage
		Usr 0 00:00:00, Sys 0 00:00:00  -  Run Local Usage
		Usr 0 00:00:02, Sys 0 00:00:00  -  Total Remote Usage
		Usr 0 00:00:00, Sys 0 00:00:00  -  Total Local Usage
	7696  -  Run Bytes Sent By Job
	409597  -  Run Bytes Received By Job
	7696  -  Total Bytes Sent By Job
	409597  -  Total Bytes Received By Job
	Partitionable Resources :    Usage  Request Allocated 
	   Cpus                 :        0       12        12 
	   Disk (KB)            :      429      425   3105953 
	   Memory (MB)          :        6    24000     24000 

	Job terminated of its own accord at 2024-08-02T14:55:26Z with exit-code 139.
...
