000 (10252905.4148.000) 07/24 16:13:20 Job submitted from host: <188.185.114.121:9618?addrs=188.185.114.121-9618+[2001-1458-d00-a--100-273]-9618&alias=bigbird19.cern.ch&noUDP&sock=schedd_4961_696e>
...
009 (10252905.4148.000) 07/24 16:14:51 Job was aborted.
	via condor_rm (by user yelberke)
...
000 (10252906.4148.000) 07/24 16:15:39 Job submitted from host: <188.185.114.121:9618?addrs=188.185.114.121-9618+[2001-1458-d00-a--100-273]-9618&alias=bigbird19.cern.ch&noUDP&sock=schedd_4961_696e>
...
000 (10252907.4148.000) 07/24 16:17:34 Job submitted from host: <188.185.114.121:9618?addrs=188.185.114.121-9618+[2001-1458-d00-a--100-273]-9618&alias=bigbird19.cern.ch&noUDP&sock=schedd_4961_696e>
...
000 (10252908.4148.000) 07/24 16:18:07 Job submitted from host: <188.185.114.121:9618?addrs=188.185.114.121-9618+[2001-1458-d00-a--100-273]-9618&alias=bigbird19.cern.ch&noUDP&sock=schedd_4961_696e>
...
000 (10252909.4148.000) 07/24 16:18:43 Job submitted from host: <188.185.114.121:9618?addrs=188.185.114.121-9618+[2001-1458-d00-a--100-273]-9618&alias=bigbird19.cern.ch&noUDP&sock=schedd_4961_696e>
...
040 (10252906.4148.000) 07/24 17:07:39 Started transferring input files
	Transferring to host: <188.185.208.80:9618?addrs=188.185.208.80-9618+[2001-1458-303-f--100-4d]-9618&alias=b9p09p0562.cern.ch&noUDP&sock=slot1_10_8933_db44_140748>
...
040 (10252906.4148.000) 07/24 17:07:39 Finished transferring input files
...
001 (10252906.4148.000) 07/24 17:07:40 Job executing on host: <188.185.208.80:9618?addrs=188.185.208.80-9618+[2001-1458-303-f--100-4d]-9618&alias=b9p09p0562.cern.ch&noUDP&sock=startd_7572_5735>
	SlotName: slot1_10@b9p09p0562.cern.ch
	CondorScratchDir = "/pool/condor/dir_3849874"
	Cpus = 8
	Disk = 2755225
	Memory = 16000
...
006 (10252906.4148.000) 07/24 17:07:44 Image size of job updated: 158352
	8  -  MemoryUsage of job (MB)
	7624  -  ResidentSetSize of job (KB)
...
040 (10252906.4148.000) 07/24 17:07:44 Started transferring output files
...
040 (10252906.4148.000) 07/24 17:07:44 Finished transferring output files
...
005 (10252906.4148.000) 07/24 17:07:44 Job terminated.
	(1) Normal termination (return value 0)
		Usr 0 00:00:03, Sys 0 00:00:00  -  Run Remote Usage
		Usr 0 00:00:00, Sys 0 00:00:00  -  Run Local Usage
		Usr 0 00:00:03, Sys 0 00:00:00  -  Total Remote Usage
		Usr 0 00:00:00, Sys 0 00:00:00  -  Total Local Usage
	6201  -  Run Bytes Sent By Job
	409597  -  Run Bytes Received By Job
	6201  -  Total Bytes Sent By Job
	409597  -  Total Bytes Received By Job
	Partitionable Resources :    Usage  Request Allocated 
	   Cpus                 :        0        8         8 
	   Disk (KB)            :      427      425   2755225 
	   Memory (MB)          :        8    16000     16000 

	Job terminated of its own accord at 2024-07-24T15:07:44Z with exit-code 0.
...
040 (10252907.4148.000) 07/24 18:15:22 Started transferring input files
	Transferring to host: <188.185.206.195:9618?addrs=188.185.206.195-9618&alias=b9p06p8468.cern.ch&noUDP&sock=slot1_3_5427_8ff6_158200>
...
040 (10252907.4148.000) 07/24 18:15:22 Finished transferring input files
...
001 (10252907.4148.000) 07/24 18:15:23 Job executing on host: <188.185.206.195:9618?addrs=188.185.206.195-9618&alias=b9p06p8468.cern.ch&noUDP&sock=startd_4975_03c1>
	SlotName: slot1_3@b9p06p8468.cern.ch
	CondorScratchDir = "/pool/condor/dir_2275584"
	Cpus = 8
	Disk = 2771325
	Memory = 16000
...
006 (10252907.4148.000) 07/24 18:15:28 Image size of job updated: 158508
	8  -  MemoryUsage of job (MB)
	7588  -  ResidentSetSize of job (KB)
...
040 (10252907.4148.000) 07/24 18:15:28 Started transferring output files
...
040 (10252907.4148.000) 07/24 18:15:28 Finished transferring output files
...
005 (10252907.4148.000) 07/24 18:15:28 Job terminated.
	(1) Normal termination (return value 0)
		Usr 0 00:00:03, Sys 0 00:00:00  -  Run Remote Usage
		Usr 0 00:00:00, Sys 0 00:00:00  -  Run Local Usage
		Usr 0 00:00:03, Sys 0 00:00:00  -  Total Remote Usage
		Usr 0 00:00:00, Sys 0 00:00:00  -  Total Local Usage
	6204  -  Run Bytes Sent By Job
	409597  -  Run Bytes Received By Job
	6204  -  Total Bytes Sent By Job
	409597  -  Total Bytes Received By Job
	Partitionable Resources :    Usage  Request Allocated 
	   Cpus                 :        0        8         8 
	   Disk (KB)            :      427      425   2771325 
	   Memory (MB)          :        8    16000     16000 

	Job terminated of its own accord at 2024-07-24T16:15:28Z with exit-code 0.
...
040 (10252908.4148.000) 07/24 19:20:24 Started transferring input files
	Transferring to host: <188.185.205.69:9618?addrs=188.185.205.69-9618+[2001-1458-303-9--100-b9]-9618&alias=b9p03p3225.cern.ch&noUDP&sock=slot1_18_7400_b826_156160>
...
040 (10252908.4148.000) 07/24 19:20:24 Finished transferring input files
...
001 (10252908.4148.000) 07/24 19:20:25 Job executing on host: <188.185.205.69:9618?addrs=188.185.205.69-9618+[2001-1458-303-9--100-b9]-9618&alias=b9p03p3225.cern.ch&noUDP&sock=startd_7326_9ae9>
	SlotName: slot1_18@b9p03p3225.cern.ch
	CondorScratchDir = "/pool/condor/dir_1904055"
	Cpus = 8
	Disk = 2949648
	Memory = 16000
...
006 (10252908.4148.000) 07/24 19:20:29 Image size of job updated: 161732
	8  -  MemoryUsage of job (MB)
	8072  -  ResidentSetSize of job (KB)
...
040 (10252908.4148.000) 07/24 19:20:31 Started transferring output files
...
040 (10252908.4148.000) 07/24 19:20:31 Finished transferring output files
...
005 (10252908.4148.000) 07/24 19:20:32 Job terminated.
	(1) Normal termination (return value 0)
		Usr 0 00:00:03, Sys 0 00:00:00  -  Run Remote Usage
		Usr 0 00:00:00, Sys 0 00:00:00  -  Run Local Usage
		Usr 0 00:00:03, Sys 0 00:00:00  -  Total Remote Usage
		Usr 0 00:00:00, Sys 0 00:00:00  -  Total Local Usage
	6204  -  Run Bytes Sent By Job
	409597  -  Run Bytes Received By Job
	6204  -  Total Bytes Sent By Job
	409597  -  Total Bytes Received By Job
	Partitionable Resources :    Usage  Request Allocated 
	   Cpus                 :        0        8         8 
	   Disk (KB)            :      428      425   2949648 
	   Memory (MB)          :        8    16000     16000 

	Job terminated of its own accord at 2024-07-24T17:20:29Z with exit-code 0.
...
040 (10252909.4148.000) 07/24 20:19:19 Started transferring input files
	Transferring to host: <188.185.209.79:9618?addrs=188.185.209.79-9618+[2001-1458-303-11--100-4c]-9618&alias=b9p11p7130.cern.ch&noUDP&sock=slot1_4_131223_3971_143530>
...
040 (10252909.4148.000) 07/24 20:19:19 Finished transferring input files
...
001 (10252909.4148.000) 07/24 20:19:20 Job executing on host: <188.185.209.79:9618?addrs=188.185.209.79-9618+[2001-1458-303-11--100-4c]-9618&alias=b9p11p7130.cern.ch&noUDP&sock=startd_118880_5ed6>
	SlotName: slot1_4@b9p11p7130.cern.ch
	CondorScratchDir = "/pool/condor/dir_2252598"
	Cpus = 8
	Disk = 2862767
	Memory = 16000
...
006 (10252909.4148.000) 07/24 20:19:25 Image size of job updated: 160772
	8  -  MemoryUsage of job (MB)
	7808  -  ResidentSetSize of job (KB)
...
040 (10252909.4148.000) 07/24 20:19:25 Started transferring output files
...
040 (10252909.4148.000) 07/24 20:19:25 Finished transferring output files
...
005 (10252909.4148.000) 07/24 20:19:26 Job terminated.
	(1) Normal termination (return value 0)
		Usr 0 00:00:04, Sys 0 00:00:00  -  Run Remote Usage
		Usr 0 00:00:00, Sys 0 00:00:00  -  Run Local Usage
		Usr 0 00:00:04, Sys 0 00:00:00  -  Total Remote Usage
		Usr 0 00:00:00, Sys 0 00:00:00  -  Total Local Usage
	6204  -  Run Bytes Sent By Job
	409597  -  Run Bytes Received By Job
	6204  -  Total Bytes Sent By Job
	409597  -  Total Bytes Received By Job
	Partitionable Resources :    Usage  Request Allocated 
	   Cpus                 :        0        8         8 
	   Disk (KB)            :      428      425   2862767 
	   Memory (MB)          :        8    16000     16000 

	Job terminated of its own accord at 2024-07-24T18:19:25Z with exit-code 0.
...
000 (10261715.4148.000) 07/25 13:03:02 Job submitted from host: <188.185.114.121:9618?addrs=188.185.114.121-9618+[2001-1458-d00-a--100-273]-9618&alias=bigbird19.cern.ch&noUDP&sock=schedd_4961_696e>
...
009 (10261715.4148.000) 07/25 13:06:59 Job was aborted.
	via condor_rm (by user yelberke)
...
000 (10261767.4148.000) 07/25 13:20:37 Job submitted from host: <188.185.114.121:9618?addrs=188.185.114.121-9618+[2001-1458-d00-a--100-273]-9618&alias=bigbird19.cern.ch&noUDP&sock=schedd_4961_696e>
...
040 (10261767.4148.000) 07/25 14:44:12 Started transferring input files
	Transferring to host: <188.185.208.68:9618?addrs=188.185.208.68-9618+[2001-1458-303-f--100-41]-9618&alias=b9p09p2759.cern.ch&noUDP&sock=slot1_12_6343_f79b_143809>
...
040 (10261767.4148.000) 07/25 14:44:12 Finished transferring input files
...
001 (10261767.4148.000) 07/25 14:44:13 Job executing on host: <188.185.208.68:9618?addrs=188.185.208.68-9618+[2001-1458-303-f--100-41]-9618&alias=b9p09p2759.cern.ch&noUDP&sock=startd_5176_e24a>
	SlotName: slot1_12@b9p09p2759.cern.ch
	CondorScratchDir = "/pool/condor/dir_54806"
	Cpus = 12
	Disk = 2882546
	Memory = 24000
...
006 (10261767.4148.000) 07/25 14:44:17 Image size of job updated: 162780
	9  -  MemoryUsage of job (MB)
	8660  -  ResidentSetSize of job (KB)
...
040 (10261767.4148.000) 07/25 14:44:17 Started transferring output files
...
040 (10261767.4148.000) 07/25 14:44:17 Finished transferring output files
...
005 (10261767.4148.000) 07/25 14:44:17 Job terminated.
	(1) Normal termination (return value 0)
		Usr 0 00:00:03, Sys 0 00:00:00  -  Run Remote Usage
		Usr 0 00:00:00, Sys 0 00:00:00  -  Run Local Usage
		Usr 0 00:00:03, Sys 0 00:00:00  -  Total Remote Usage
		Usr 0 00:00:00, Sys 0 00:00:00  -  Total Local Usage
	6676  -  Run Bytes Sent By Job
	409597  -  Run Bytes Received By Job
	6676  -  Total Bytes Sent By Job
	409597  -  Total Bytes Received By Job
	Partitionable Resources :    Usage  Request Allocated 
	   Cpus                 :        0       12        12 
	   Disk (KB)            :      427      425   2882546 
	   Memory (MB)          :        9    24000     24000 

	Job terminated of its own accord at 2024-07-25T12:44:17Z with exit-code 0.
...
000 (10284266.4148.000) 08/02 15:46:47 Job submitted from host: <188.185.114.121:9618?addrs=188.185.114.121-9618+[2001-1458-d00-a--100-273]-9618&alias=bigbird19.cern.ch&noUDP&sock=schedd_4961_696e>
...
000 (10284267.4148.000) 08/02 15:50:10 Job submitted from host: <188.185.114.121:9618?addrs=188.185.114.121-9618+[2001-1458-d00-a--100-273]-9618&alias=bigbird19.cern.ch&noUDP&sock=schedd_4961_696e>
...
009 (10284266.4148.000) 08/02 15:50:32 Job was aborted.
	via condor_rm (by user yelberke)
...
040 (10284267.4148.000) 08/02 16:59:14 Started transferring input files
	Transferring to host: <188.185.204.168:9618?addrs=188.185.204.168-9618+[2001-1458-303-8--100-9c]-9618&alias=b9p02p2117.cern.ch&noUDP&sock=slot1_5_18643_6e0f_34577>
...
040 (10284267.4148.000) 08/02 16:59:14 Finished transferring input files
...
001 (10284267.4148.000) 08/02 16:59:15 Job executing on host: <188.185.204.168:9618?addrs=188.185.204.168-9618+[2001-1458-303-8--100-9c]-9618&alias=b9p02p2117.cern.ch&noUDP&sock=startd_17694_30d5>
	SlotName: slot1_5@b9p02p2117.cern.ch
	CondorScratchDir = "/pool/condor/dir_2227910"
	Cpus = 12
	Disk = 2853325
	Memory = 24000
...
006 (10284267.4148.000) 08/02 16:59:18 Image size of job updated: 708060
	382  -  MemoryUsage of job (MB)
	390604  -  ResidentSetSize of job (KB)
...
040 (10284267.4148.000) 08/02 16:59:18 Started transferring output files
...
040 (10284267.4148.000) 08/02 16:59:18 Finished transferring output files
...
005 (10284267.4148.000) 08/02 16:59:18 Job terminated.
	(1) Normal termination (return value 139)
		Usr 0 00:00:02, Sys 0 00:00:01  -  Run Remote Usage
		Usr 0 00:00:00, Sys 0 00:00:00  -  Run Local Usage
		Usr 0 00:00:02, Sys 0 00:00:01  -  Total Remote Usage
		Usr 0 00:00:00, Sys 0 00:00:00  -  Total Local Usage
	7696  -  Run Bytes Sent By Job
	409597  -  Run Bytes Received By Job
	7696  -  Total Bytes Sent By Job
	409597  -  Total Bytes Received By Job
	Partitionable Resources :    Usage  Request Allocated 
	   Cpus                 :     0.09       12        12 
	   Disk (KB)            :   429         425   2853325 
	   Memory (MB)          :   382       24000     24000 

	Job terminated of its own accord at 2024-08-02T14:59:18Z with exit-code 139.
...
