000 (10252905.420.000) 07/24 16:13:15 Job submitted from host: <188.185.114.121:9618?addrs=188.185.114.121-9618+[2001-1458-d00-a--100-273]-9618&alias=bigbird19.cern.ch&noUDP&sock=schedd_4961_696e>
...
009 (10252905.420.000) 07/24 16:14:45 Job was aborted.
	via condor_rm (by user yelberke)
...
000 (10252906.420.000) 07/24 16:15:36 Job submitted from host: <188.185.114.121:9618?addrs=188.185.114.121-9618+[2001-1458-d00-a--100-273]-9618&alias=bigbird19.cern.ch&noUDP&sock=schedd_4961_696e>
...
000 (10252907.420.000) 07/24 16:17:30 Job submitted from host: <188.185.114.121:9618?addrs=188.185.114.121-9618+[2001-1458-d00-a--100-273]-9618&alias=bigbird19.cern.ch&noUDP&sock=schedd_4961_696e>
...
000 (10252908.420.000) 07/24 16:18:03 Job submitted from host: <188.185.114.121:9618?addrs=188.185.114.121-9618+[2001-1458-d00-a--100-273]-9618&alias=bigbird19.cern.ch&noUDP&sock=schedd_4961_696e>
...
000 (10252909.420.000) 07/24 16:18:39 Job submitted from host: <188.185.114.121:9618?addrs=188.185.114.121-9618+[2001-1458-d00-a--100-273]-9618&alias=bigbird19.cern.ch&noUDP&sock=schedd_4961_696e>
...
000 (10252910.420.000) 07/24 16:19:04 Job submitted from host: <188.185.114.121:9618?addrs=188.185.114.121-9618+[2001-1458-d00-a--100-273]-9618&alias=bigbird19.cern.ch&noUDP&sock=schedd_4961_696e>
...
000 (10252911.420.000) 07/24 16:19:17 Job submitted from host: <188.185.114.121:9618?addrs=188.185.114.121-9618+[2001-1458-d00-a--100-273]-9618&alias=bigbird19.cern.ch&noUDP&sock=schedd_4961_696e>
...
000 (10252912.420.000) 07/24 16:19:30 Job submitted from host: <188.185.114.121:9618?addrs=188.185.114.121-9618+[2001-1458-d00-a--100-273]-9618&alias=bigbird19.cern.ch&noUDP&sock=schedd_4961_696e>
...
000 (10252913.420.000) 07/24 16:19:42 Job submitted from host: <188.185.114.121:9618?addrs=188.185.114.121-9618+[2001-1458-d00-a--100-273]-9618&alias=bigbird19.cern.ch&noUDP&sock=schedd_4961_696e>
...
040 (10252906.420.000) 07/24 16:19:57 Started transferring input files
	Transferring to host: <188.185.206.195:9618?addrs=188.185.206.195-9618&alias=b9p06p8468.cern.ch&noUDP&sock=slot1_1_5427_8ff6_157980>
...
040 (10252906.420.000) 07/24 16:19:57 Finished transferring input files
...
001 (10252906.420.000) 07/24 16:19:58 Job executing on host: <188.185.206.195:9618?addrs=188.185.206.195-9618&alias=b9p06p8468.cern.ch&noUDP&sock=startd_4975_03c1>
	SlotName: slot1_1@b9p06p8468.cern.ch
	CondorScratchDir = "/pool/condor/dir_1370831"
	Cpus = 8
	Disk = 2713044
	Memory = 16000
...
006 (10252906.420.000) 07/24 16:20:03 Image size of job updated: 160736
	9  -  MemoryUsage of job (MB)
	8732  -  ResidentSetSize of job (KB)
...
040 (10252906.420.000) 07/24 16:20:03 Started transferring output files
...
040 (10252906.420.000) 07/24 16:20:03 Finished transferring output files
...
005 (10252906.420.000) 07/24 16:20:03 Job terminated.
	(1) Normal termination (return value 0)
		Usr 0 00:00:03, Sys 0 00:00:00  -  Run Remote Usage
		Usr 0 00:00:00, Sys 0 00:00:00  -  Run Local Usage
		Usr 0 00:00:03, Sys 0 00:00:00  -  Total Remote Usage
		Usr 0 00:00:00, Sys 0 00:00:00  -  Total Local Usage
	6204  -  Run Bytes Sent By Job
	409597  -  Run Bytes Received By Job
	6204  -  Total Bytes Sent By Job
	409597  -  Total Bytes Received By Job
	Partitionable Resources :    Usage  Request Allocated 
	   Cpus                 :     0.06        8         8 
	   Disk (KB)            :   427         425   2713044 
	   Memory (MB)          :     9       16000     16000 

	Job terminated of its own accord at 2024-07-24T14:20:03Z with exit-code 0.
...
040 (10252907.420.000) 07/24 17:45:21 Started transferring input files
	Transferring to host: <128.142.192.165:9618?addrs=128.142.192.165-9618+[2001-1458-301-56--100-21]-9618&alias=b9g18p4351.cern.ch&noUDP&sock=slot1_13_6327_b19a_76421>
...
040 (10252907.420.000) 07/24 17:45:21 Finished transferring input files
...
001 (10252907.420.000) 07/24 17:45:22 Job executing on host: <128.142.192.165:9618?addrs=128.142.192.165-9618+[2001-1458-301-56--100-21]-9618&alias=b9g18p4351.cern.ch&noUDP&sock=startd_5630_4a4a>
	SlotName: slot1_13@b9g18p4351.cern.ch
	CondorScratchDir = "/pool/condor/dir_3977114"
	Cpus = 8
	Disk = 2833305
	Memory = 16000
...
006 (10252907.420.000) 07/24 17:45:30 Image size of job updated: 159956
	157  -  MemoryUsage of job (MB)
	159956  -  ResidentSetSize of job (KB)
...
006 (10252907.420.000) 07/24 17:45:31 Image size of job updated: 176860
	157  -  MemoryUsage of job (MB)
	159956  -  ResidentSetSize of job (KB)
...
040 (10252907.420.000) 07/24 17:45:31 Started transferring output files
...
040 (10252907.420.000) 07/24 17:45:31 Finished transferring output files
...
005 (10252907.420.000) 07/24 17:45:31 Job terminated.
	(1) Normal termination (return value 0)
		Usr 0 00:00:07, Sys 0 00:00:00  -  Run Remote Usage
		Usr 0 00:00:00, Sys 0 00:00:00  -  Run Local Usage
		Usr 0 00:00:07, Sys 0 00:00:00  -  Total Remote Usage
		Usr 0 00:00:00, Sys 0 00:00:00  -  Total Local Usage
	6204  -  Run Bytes Sent By Job
	409597  -  Run Bytes Received By Job
	6204  -  Total Bytes Sent By Job
	409597  -  Total Bytes Received By Job
	Partitionable Resources :    Usage  Request Allocated 
	   Cpus                 :        0        8         8 
	   Disk (KB)            :      428      425   2833305 
	   Memory (MB)          :      157    16000     16000 

	Job terminated of its own accord at 2024-07-24T15:45:31Z with exit-code 0.
...
040 (10252908.420.000) 07/24 18:49:57 Started transferring input files
	Transferring to host: <188.185.209.189:9618?addrs=188.185.209.189-9618+[2001-1458-303-12--100-3a]-9618&alias=b9p12p5961.cern.ch&noUDP&sock=slot1_17_3731474_bf74_74610>
...
040 (10252908.420.000) 07/24 18:49:57 Finished transferring input files
...
001 (10252908.420.000) 07/24 18:49:58 Job executing on host: <188.185.209.189:9618?addrs=188.185.209.189-9618+[2001-1458-303-12--100-3a]-9618&alias=b9p12p5961.cern.ch&noUDP&sock=startd_1532964_6041>
	SlotName: slot1_17@b9p12p5961.cern.ch
	CondorScratchDir = "/pool/condor/dir_1744930"
	Cpus = 8
	Disk = 2768434
	Memory = 16000
...
006 (10252908.420.000) 07/24 18:50:04 Image size of job updated: 161452
	9  -  MemoryUsage of job (MB)
	8628  -  ResidentSetSize of job (KB)
...
040 (10252908.420.000) 07/24 18:50:04 Started transferring output files
...
040 (10252908.420.000) 07/24 18:50:04 Finished transferring output files
...
005 (10252908.420.000) 07/24 18:50:04 Job terminated.
	(1) Normal termination (return value 0)
		Usr 0 00:00:04, Sys 0 00:00:00  -  Run Remote Usage
		Usr 0 00:00:00, Sys 0 00:00:00  -  Run Local Usage
		Usr 0 00:00:04, Sys 0 00:00:00  -  Total Remote Usage
		Usr 0 00:00:00, Sys 0 00:00:00  -  Total Local Usage
	6204  -  Run Bytes Sent By Job
	409597  -  Run Bytes Received By Job
	6204  -  Total Bytes Sent By Job
	409597  -  Total Bytes Received By Job
	Partitionable Resources :    Usage  Request Allocated 
	   Cpus                 :     0.47        8         8 
	   Disk (KB)            :   430         425   2768434 
	   Memory (MB)          :     9       16000     16000 

	Job terminated of its own accord at 2024-07-24T16:50:04Z with exit-code 0.
...
040 (10252909.420.000) 07/24 19:50:30 Started transferring input files
	Transferring to host: <188.185.207.171:9618?addrs=188.185.207.171-9618+[2001-1458-303-e--100-28]-9618&alias=b9p08p6779.cern.ch&noUDP&sock=slot1_7_6216_7bf6_144383>
...
040 (10252909.420.000) 07/24 19:50:30 Finished transferring input files
...
001 (10252909.420.000) 07/24 19:50:31 Job executing on host: <188.185.207.171:9618?addrs=188.185.207.171-9618+[2001-1458-303-e--100-28]-9618&alias=b9p08p6779.cern.ch&noUDP&sock=startd_4995_bba6>
	SlotName: slot1_7@b9p08p6779.cern.ch
	CondorScratchDir = "/pool/condor/dir_834820"
	Cpus = 8
	Disk = 2786783
	Memory = 16000
...
006 (10252909.420.000) 07/24 19:50:37 Image size of job updated: 156456
	7  -  MemoryUsage of job (MB)
	6288  -  ResidentSetSize of job (KB)
...
040 (10252909.420.000) 07/24 19:50:37 Started transferring output files
...
040 (10252909.420.000) 07/24 19:50:37 Finished transferring output files
...
005 (10252909.420.000) 07/24 19:50:37 Job terminated.
	(1) Normal termination (return value 0)
		Usr 0 00:00:04, Sys 0 00:00:00  -  Run Remote Usage
		Usr 0 00:00:00, Sys 0 00:00:00  -  Run Local Usage
		Usr 0 00:00:04, Sys 0 00:00:00  -  Total Remote Usage
		Usr 0 00:00:00, Sys 0 00:00:00  -  Total Local Usage
	6204  -  Run Bytes Sent By Job
	409597  -  Run Bytes Received By Job
	6204  -  Total Bytes Sent By Job
	409597  -  Total Bytes Received By Job
	Partitionable Resources :    Usage  Request Allocated 
	   Cpus                 :        0        8         8 
	   Disk (KB)            :      427      425   2786783 
	   Memory (MB)          :        7    16000     16000 

	Job terminated of its own accord at 2024-07-24T17:50:37Z with exit-code 0.
...
040 (10252910.420.000) 07/24 20:43:18 Started transferring input files
	Transferring to host: <188.185.207.180:9618?addrs=188.185.207.180-9618+[2001-1458-303-e--100-31]-9618&alias=b9p08p9471.cern.ch&noUDP&sock=slot1_16_4118_40e1_145057>
...
040 (10252910.420.000) 07/24 20:43:18 Finished transferring input files
...
001 (10252910.420.000) 07/24 20:43:19 Job executing on host: <188.185.207.180:9618?addrs=188.185.207.180-9618+[2001-1458-303-e--100-31]-9618&alias=b9p08p9471.cern.ch&noUDP&sock=startd_3629_c547>
	SlotName: slot1_16@b9p08p9471.cern.ch
	CondorScratchDir = "/pool/condor/dir_1508330"
	Cpus = 8
	Disk = 2775661
	Memory = 16000
...
006 (10252910.420.000) 07/24 20:43:25 Image size of job updated: 163588
	10  -  MemoryUsage of job (MB)
	9632  -  ResidentSetSize of job (KB)
...
040 (10252910.420.000) 07/24 20:43:25 Started transferring output files
...
040 (10252910.420.000) 07/24 20:43:25 Finished transferring output files
...
005 (10252910.420.000) 07/24 20:43:25 Job terminated.
	(1) Normal termination (return value 0)
		Usr 0 00:00:04, Sys 0 00:00:00  -  Run Remote Usage
		Usr 0 00:00:00, Sys 0 00:00:00  -  Run Local Usage
		Usr 0 00:00:04, Sys 0 00:00:00  -  Total Remote Usage
		Usr 0 00:00:00, Sys 0 00:00:00  -  Total Local Usage
	6201  -  Run Bytes Sent By Job
	409597  -  Run Bytes Received By Job
	6201  -  Total Bytes Sent By Job
	409597  -  Total Bytes Received By Job
	Partitionable Resources :    Usage  Request Allocated 
	   Cpus                 :        0        8         8 
	   Disk (KB)            :      427      425   2775661 
	   Memory (MB)          :       10    16000     16000 

	Job terminated of its own accord at 2024-07-24T18:43:25Z with exit-code 0.
...
040 (10252911.420.000) 07/24 20:56:16 Started transferring input files
	Transferring to host: <188.185.206.208:9618?addrs=188.185.206.208-9618&alias=b9p06p8579.cern.ch&noUDP&sock=slot1_15_5099_74e8_159946>
...
040 (10252911.420.000) 07/24 20:56:16 Finished transferring input files
...
001 (10252911.420.000) 07/24 20:56:17 Job executing on host: <188.185.206.208:9618?addrs=188.185.206.208-9618&alias=b9p06p8579.cern.ch&noUDP&sock=startd_4632_bec5>
	SlotName: slot1_15@b9p06p8579.cern.ch
	CondorScratchDir = "/pool/condor/dir_4067062"
	Cpus = 8
	Disk = 2983552
	Memory = 16000
...
006 (10252911.420.000) 07/24 20:56:23 Image size of job updated: 161592
	9  -  MemoryUsage of job (MB)
	9152  -  ResidentSetSize of job (KB)
...
040 (10252911.420.000) 07/24 20:56:23 Started transferring output files
...
040 (10252911.420.000) 07/24 20:56:23 Finished transferring output files
...
005 (10252911.420.000) 07/24 20:56:23 Job terminated.
	(1) Normal termination (return value 0)
		Usr 0 00:00:05, Sys 0 00:00:00  -  Run Remote Usage
		Usr 0 00:00:00, Sys 0 00:00:00  -  Run Local Usage
		Usr 0 00:00:05, Sys 0 00:00:00  -  Total Remote Usage
		Usr 0 00:00:00, Sys 0 00:00:00  -  Total Local Usage
	6204  -  Run Bytes Sent By Job
	409597  -  Run Bytes Received By Job
	6204  -  Total Bytes Sent By Job
	409597  -  Total Bytes Received By Job
	Partitionable Resources :    Usage  Request Allocated 
	   Cpus                 :        0        8         8 
	   Disk (KB)            :      428      425   2983552 
	   Memory (MB)          :        9    16000     16000 

	Job terminated of its own accord at 2024-07-24T18:56:23Z with exit-code 0.
...
040 (10252912.420.000) 07/24 21:09:13 Started transferring input files
	Transferring to host: <188.185.207.40:9618?addrs=188.185.207.40-9618+[2001-1458-303-d--100-25]-9618&alias=b9p07p2176.cern.ch&noUDP&sock=slot1_18_36687_0f6d_24715>
...
040 (10252912.420.000) 07/24 21:09:13 Finished transferring input files
...
001 (10252912.420.000) 07/24 21:09:14 Job executing on host: <188.185.207.40:9618?addrs=188.185.207.40-9618+[2001-1458-303-d--100-25]-9618&alias=b9p07p2176.cern.ch&noUDP&sock=startd_35168_e6bd>
	SlotName: slot1_18@b9p07p2176.cern.ch
	CondorScratchDir = "/pool/condor/dir_808746"
	Cpus = 8
	Disk = 2992269
	Memory = 16000
...
006 (10252912.420.000) 07/24 21:09:19 Image size of job updated: 160648
	9  -  MemoryUsage of job (MB)
	8552  -  ResidentSetSize of job (KB)
...
040 (10252912.420.000) 07/24 21:09:19 Started transferring output files
...
040 (10252912.420.000) 07/24 21:09:19 Finished transferring output files
...
005 (10252912.420.000) 07/24 21:09:19 Job terminated.
	(1) Normal termination (return value 0)
		Usr 0 00:00:04, Sys 0 00:00:00  -  Run Remote Usage
		Usr 0 00:00:00, Sys 0 00:00:00  -  Run Local Usage
		Usr 0 00:00:04, Sys 0 00:00:00  -  Total Remote Usage
		Usr 0 00:00:00, Sys 0 00:00:00  -  Total Local Usage
	6204  -  Run Bytes Sent By Job
	409597  -  Run Bytes Received By Job
	6204  -  Total Bytes Sent By Job
	409597  -  Total Bytes Received By Job
	Partitionable Resources :    Usage  Request Allocated 
	   Cpus                 :                 8         8 
	   Disk (KB)            :      420      425   2992269 
	   Memory (MB)          :        9    16000     16000 

	Job terminated of its own accord at 2024-07-24T19:09:19Z with exit-code 0.
...
040 (10252913.420.000) 07/24 21:22:53 Started transferring input files
	Transferring to host: <188.185.206.175:9618?addrs=188.185.206.175-9618&alias=b9p06p7955.cern.ch&noUDP&sock=slot1_28_7362_f1e4_155272>
...
040 (10252913.420.000) 07/24 21:22:53 Finished transferring input files
...
001 (10252913.420.000) 07/24 21:22:54 Job executing on host: <188.185.206.175:9618?addrs=188.185.206.175-9618&alias=b9p06p7955.cern.ch&noUDP&sock=startd_7297_b6aa>
	SlotName: slot1_28@b9p06p7955.cern.ch
	CondorScratchDir = "/pool/condor/dir_1100052"
	Cpus = 8
	Disk = 2769034
	Memory = 16000
...
006 (10252913.420.000) 07/24 21:22:58 Image size of job updated: 161320
	9  -  MemoryUsage of job (MB)
	8812  -  ResidentSetSize of job (KB)
...
040 (10252913.420.000) 07/24 21:22:58 Started transferring output files
...
040 (10252913.420.000) 07/24 21:22:58 Finished transferring output files
...
005 (10252913.420.000) 07/24 21:22:58 Job terminated.
	(1) Normal termination (return value 0)
		Usr 0 00:00:03, Sys 0 00:00:00  -  Run Remote Usage
		Usr 0 00:00:00, Sys 0 00:00:00  -  Run Local Usage
		Usr 0 00:00:03, Sys 0 00:00:00  -  Total Remote Usage
		Usr 0 00:00:00, Sys 0 00:00:00  -  Total Local Usage
	6204  -  Run Bytes Sent By Job
	409597  -  Run Bytes Received By Job
	6204  -  Total Bytes Sent By Job
	409597  -  Total Bytes Received By Job
	Partitionable Resources :    Usage  Request Allocated 
	   Cpus                 :        0        8         8 
	   Disk (KB)            :      426      425   2769034 
	   Memory (MB)          :        9    16000     16000 

	Job terminated of its own accord at 2024-07-24T19:22:58Z with exit-code 0.
...
000 (10261715.420.000) 07/25 13:01:25 Job submitted from host: <188.185.114.121:9618?addrs=188.185.114.121-9618+[2001-1458-d00-a--100-273]-9618&alias=bigbird19.cern.ch&noUDP&sock=schedd_4961_696e>
...
009 (10261715.420.000) 07/25 13:06:38 Job was aborted.
	via condor_rm (by user yelberke)
...
000 (10261767.420.000) 07/25 13:19:56 Job submitted from host: <188.185.114.121:9618?addrs=188.185.114.121-9618+[2001-1458-d00-a--100-273]-9618&alias=bigbird19.cern.ch&noUDP&sock=schedd_4961_696e>
...
040 (10261767.420.000) 07/25 13:36:33 Started transferring input files
	Transferring to host: <188.185.206.195:9618?addrs=188.185.206.195-9618&alias=b9p06p8468.cern.ch&noUDP&sock=slot1_22_5427_8ff6_159347>
...
040 (10261767.420.000) 07/25 13:36:33 Finished transferring input files
...
001 (10261767.420.000) 07/25 13:36:34 Job executing on host: <188.185.206.195:9618?addrs=188.185.206.195-9618&alias=b9p06p8468.cern.ch&noUDP&sock=startd_4975_03c1>
	SlotName: slot1_22@b9p06p8468.cern.ch
	CondorScratchDir = "/pool/condor/dir_3291057"
	Cpus = 12
	Disk = 2665264
	Memory = 24000
...
006 (10261767.420.000) 07/25 13:36:38 Image size of job updated: 161604
	8  -  MemoryUsage of job (MB)
	7656  -  ResidentSetSize of job (KB)
...
040 (10261767.420.000) 07/25 13:36:38 Started transferring output files
...
040 (10261767.420.000) 07/25 13:36:38 Finished transferring output files
...
005 (10261767.420.000) 07/25 13:36:38 Job terminated.
	(1) Normal termination (return value 0)
		Usr 0 00:00:03, Sys 0 00:00:00  -  Run Remote Usage
		Usr 0 00:00:00, Sys 0 00:00:00  -  Run Local Usage
		Usr 0 00:00:03, Sys 0 00:00:00  -  Total Remote Usage
		Usr 0 00:00:00, Sys 0 00:00:00  -  Total Local Usage
	6204  -  Run Bytes Sent By Job
	409597  -  Run Bytes Received By Job
	6204  -  Total Bytes Sent By Job
	409597  -  Total Bytes Received By Job
	Partitionable Resources :    Usage  Request Allocated 
	   Cpus                 :        0       12        12 
	   Disk (KB)            :      428      425   2665264 
	   Memory (MB)          :        8    24000     24000 

	Job terminated of its own accord at 2024-07-25T11:36:38Z with exit-code 0.
...
000 (10284266.420.000) 08/02 15:45:05 Job submitted from host: <188.185.114.121:9618?addrs=188.185.114.121-9618+[2001-1458-d00-a--100-273]-9618&alias=bigbird19.cern.ch&noUDP&sock=schedd_4961_696e>
...
009 (10284266.420.000) 08/02 15:49:11 Job was aborted.
	via condor_rm (by user yelberke)
...
000 (10284267.420.000) 08/02 15:49:46 Job submitted from host: <188.185.114.121:9618?addrs=188.185.114.121-9618+[2001-1458-d00-a--100-273]-9618&alias=bigbird19.cern.ch&noUDP&sock=schedd_4961_696e>
...
040 (10284267.420.000) 08/02 16:04:58 Started transferring input files
	Transferring to host: <188.185.198.81:9618?addrs=188.185.198.81-9618+[2001-1458-303-25--100-4d]-9618&alias=b9p15p8789.cern.ch&noUDP&sock=slot1_6_3085678_0b5f_13443>
...
040 (10284267.420.000) 08/02 16:04:58 Finished transferring input files
...
001 (10284267.420.000) 08/02 16:04:59 Job executing on host: <188.185.198.81:9618?addrs=188.185.198.81-9618+[2001-1458-303-25--100-4d]-9618&alias=b9p15p8789.cern.ch&noUDP&sock=startd_127936_0880>
	SlotName: slot1_6@b9p15p8789.cern.ch
	CondorScratchDir = "/pool/condor/dir_3432816"
	Cpus = 12
	Disk = 2779357
	Memory = 24000
...
006 (10284267.420.000) 08/02 16:05:02 Image size of job updated: 317136
	2  -  MemoryUsage of job (MB)
	1856  -  ResidentSetSize of job (KB)
...
040 (10284267.420.000) 08/02 16:05:02 Started transferring output files
...
040 (10284267.420.000) 08/02 16:05:02 Finished transferring output files
...
005 (10284267.420.000) 08/02 16:05:02 Job terminated.
	(1) Normal termination (return value 139)
		Usr 0 00:00:03, Sys 0 00:00:00  -  Run Remote Usage
		Usr 0 00:00:00, Sys 0 00:00:00  -  Run Local Usage
		Usr 0 00:00:03, Sys 0 00:00:00  -  Total Remote Usage
		Usr 0 00:00:00, Sys 0 00:00:00  -  Total Local Usage
	7696  -  Run Bytes Sent By Job
	409597  -  Run Bytes Received By Job
	7696  -  Total Bytes Sent By Job
	409597  -  Total Bytes Received By Job
	Partitionable Resources :    Usage  Request Allocated 
	   Cpus                 :        0       12        12 
	   Disk (KB)            :      429      425   2779357 
	   Memory (MB)          :        2    24000     24000 

	Job terminated of its own accord at 2024-08-02T14:05:02Z with exit-code 139.
...
