000 (10252905.4232.000) 07/24 16:13:21 Job submitted from host: <188.185.114.121:9618?addrs=188.185.114.121-9618+[2001-1458-d00-a--100-273]-9618&alias=bigbird19.cern.ch&noUDP&sock=schedd_4961_696e>
...
009 (10252905.4232.000) 07/24 16:14:51 Job was aborted.
	via condor_rm (by user yelberke)
...
000 (10252906.4232.000) 07/24 16:15:39 Job submitted from host: <188.185.114.121:9618?addrs=188.185.114.121-9618+[2001-1458-d00-a--100-273]-9618&alias=bigbird19.cern.ch&noUDP&sock=schedd_4961_696e>
...
000 (10252907.4232.000) 07/24 16:17:34 Job submitted from host: <188.185.114.121:9618?addrs=188.185.114.121-9618+[2001-1458-d00-a--100-273]-9618&alias=bigbird19.cern.ch&noUDP&sock=schedd_4961_696e>
...
000 (10252908.4232.000) 07/24 16:18:07 Job submitted from host: <188.185.114.121:9618?addrs=188.185.114.121-9618+[2001-1458-d00-a--100-273]-9618&alias=bigbird19.cern.ch&noUDP&sock=schedd_4961_696e>
...
000 (10252909.4232.000) 07/24 16:18:43 Job submitted from host: <188.185.114.121:9618?addrs=188.185.114.121-9618+[2001-1458-d00-a--100-273]-9618&alias=bigbird19.cern.ch&noUDP&sock=schedd_4961_696e>
...
040 (10252906.4232.000) 07/24 17:08:06 Started transferring input files
	Transferring to host: <188.185.207.171:9618?addrs=188.185.207.171-9618+[2001-1458-303-e--100-28]-9618&alias=b9p08p6779.cern.ch&noUDP&sock=slot1_9_6216_7bf6_144145>
...
040 (10252906.4232.000) 07/24 17:08:06 Finished transferring input files
...
001 (10252906.4232.000) 07/24 17:08:07 Job executing on host: <188.185.207.171:9618?addrs=188.185.207.171-9618+[2001-1458-303-e--100-28]-9618&alias=b9p08p6779.cern.ch&noUDP&sock=startd_4995_bba6>
	SlotName: slot1_9@b9p08p6779.cern.ch
	CondorScratchDir = "/pool/condor/dir_3709712"
	Cpus = 8
	Disk = 2739121
	Memory = 16000
...
006 (10252906.4232.000) 07/24 17:08:14 Image size of job updated: 160132
	8  -  MemoryUsage of job (MB)
	7708  -  ResidentSetSize of job (KB)
...
040 (10252906.4232.000) 07/24 17:08:14 Started transferring output files
...
040 (10252906.4232.000) 07/24 17:08:14 Finished transferring output files
...
005 (10252906.4232.000) 07/24 17:08:14 Job terminated.
	(1) Normal termination (return value 0)
		Usr 0 00:00:05, Sys 0 00:00:00  -  Run Remote Usage
		Usr 0 00:00:00, Sys 0 00:00:00  -  Run Local Usage
		Usr 0 00:00:05, Sys 0 00:00:00  -  Total Remote Usage
		Usr 0 00:00:00, Sys 0 00:00:00  -  Total Local Usage
	6201  -  Run Bytes Sent By Job
	409597  -  Run Bytes Received By Job
	6201  -  Total Bytes Sent By Job
	409597  -  Total Bytes Received By Job
	Partitionable Resources :    Usage  Request Allocated 
	   Cpus                 :        0        8         8 
	   Disk (KB)            :      428      425   2739121 
	   Memory (MB)          :        8    16000     16000 

	Job terminated of its own accord at 2024-07-24T15:08:14Z with exit-code 0.
...
040 (10252907.4232.000) 07/24 18:15:51 Started transferring input files
	Transferring to host: <188.185.209.23:9618?addrs=188.185.209.23-9618+[2001-1458-303-11--100-14]-9618&alias=b9p11p1230.cern.ch&noUDP&sock=slot1_8_21122_1c14_24695>
...
040 (10252907.4232.000) 07/24 18:15:51 Finished transferring input files
...
001 (10252907.4232.000) 07/24 18:15:52 Job executing on host: <188.185.209.23:9618?addrs=188.185.209.23-9618+[2001-1458-303-11--100-14]-9618&alias=b9p11p1230.cern.ch&noUDP&sock=startd_19973_652b>
	SlotName: slot1_8@b9p11p1230.cern.ch
	CondorScratchDir = "/pool/condor/dir_3720255"
	Cpus = 8
	Disk = 2792729
	Memory = 16000
...
006 (10252907.4232.000) 07/24 18:15:57 Image size of job updated: 159632
	8  -  MemoryUsage of job (MB)
	7324  -  ResidentSetSize of job (KB)
...
040 (10252907.4232.000) 07/24 18:15:57 Started transferring output files
...
040 (10252907.4232.000) 07/24 18:15:57 Finished transferring output files
...
005 (10252907.4232.000) 07/24 18:15:57 Job terminated.
	(1) Normal termination (return value 0)
		Usr 0 00:00:03, Sys 0 00:00:00  -  Run Remote Usage
		Usr 0 00:00:00, Sys 0 00:00:00  -  Run Local Usage
		Usr 0 00:00:03, Sys 0 00:00:00  -  Total Remote Usage
		Usr 0 00:00:00, Sys 0 00:00:00  -  Total Local Usage
	6204  -  Run Bytes Sent By Job
	409597  -  Run Bytes Received By Job
	6204  -  Total Bytes Sent By Job
	409597  -  Total Bytes Received By Job
	Partitionable Resources :    Usage  Request Allocated 
	   Cpus                 :        0        8         8 
	   Disk (KB)            :      427      425   2792729 
	   Memory (MB)          :        8    16000     16000 

	Job terminated of its own accord at 2024-07-24T16:15:57Z with exit-code 0.
...
040 (10252908.4232.000) 07/24 19:20:57 Started transferring input files
	Transferring to host: <188.185.195.13:9618?addrs=188.185.195.13-9618+[2001-1458-303-22--100-9]-9618&alias=b9p17p7306.cern.ch&noUDP&sock=slot1_3_3056390_ffb8_7940>
...
040 (10252908.4232.000) 07/24 19:20:57 Finished transferring input files
...
001 (10252908.4232.000) 07/24 19:20:58 Job executing on host: <188.185.195.13:9618?addrs=188.185.195.13-9618+[2001-1458-303-22--100-9]-9618&alias=b9p17p7306.cern.ch&noUDP&sock=startd_3056351_25ea>
	SlotName: slot1_3@b9p17p7306.cern.ch
	CondorScratchDir = "/pool/condor/dir_1690485"
	Cpus = 8
	Disk = 3097470
	Memory = 16000
...
006 (10252908.4232.000) 07/24 19:21:03 Image size of job updated: 159920
	8  -  MemoryUsage of job (MB)
	7512  -  ResidentSetSize of job (KB)
...
040 (10252908.4232.000) 07/24 19:21:03 Started transferring output files
...
040 (10252908.4232.000) 07/24 19:21:03 Finished transferring output files
...
005 (10252908.4232.000) 07/24 19:21:03 Job terminated.
	(1) Normal termination (return value 0)
		Usr 0 00:00:04, Sys 0 00:00:00  -  Run Remote Usage
		Usr 0 00:00:00, Sys 0 00:00:00  -  Run Local Usage
		Usr 0 00:00:04, Sys 0 00:00:00  -  Total Remote Usage
		Usr 0 00:00:00, Sys 0 00:00:00  -  Total Local Usage
	6204  -  Run Bytes Sent By Job
	409597  -  Run Bytes Received By Job
	6204  -  Total Bytes Sent By Job
	409597  -  Total Bytes Received By Job
	Partitionable Resources :    Usage  Request Allocated 
	   Cpus                 :        0        8         8 
	   Disk (KB)            :      428      425   3097470 
	   Memory (MB)          :        8    16000     16000 

	Job terminated of its own accord at 2024-07-24T17:21:03Z with exit-code 0.
...
040 (10252909.4232.000) 07/24 20:19:48 Started transferring input files
	Transferring to host: <188.185.205.122:9618?addrs=188.185.205.122-9618+[2001-1458-303-9--100-77]-9618&alias=b9p03p8677.cern.ch&noUDP&sock=slot1_9_6580_f485_82525>
...
040 (10252909.4232.000) 07/24 20:19:48 Finished transferring input files
...
001 (10252909.4232.000) 07/24 20:19:49 Job executing on host: <188.185.205.122:9618?addrs=188.185.205.122-9618+[2001-1458-303-9--100-77]-9618&alias=b9p03p8677.cern.ch&noUDP&sock=startd_5262_df6f>
	SlotName: slot1_9@b9p03p8677.cern.ch
	CondorScratchDir = "/pool/condor/dir_3755598"
	Cpus = 8
	Disk = 2754318
	Memory = 16000
...
006 (10252909.4232.000) 07/24 20:19:53 Image size of job updated: 158840
	8  -  MemoryUsage of job (MB)
	7568  -  ResidentSetSize of job (KB)
...
040 (10252909.4232.000) 07/24 20:19:53 Started transferring output files
...
040 (10252909.4232.000) 07/24 20:19:53 Finished transferring output files
...
005 (10252909.4232.000) 07/24 20:19:53 Job terminated.
	(1) Normal termination (return value 0)
		Usr 0 00:00:03, Sys 0 00:00:00  -  Run Remote Usage
		Usr 0 00:00:00, Sys 0 00:00:00  -  Run Local Usage
		Usr 0 00:00:03, Sys 0 00:00:00  -  Total Remote Usage
		Usr 0 00:00:00, Sys 0 00:00:00  -  Total Local Usage
	6204  -  Run Bytes Sent By Job
	409597  -  Run Bytes Received By Job
	6204  -  Total Bytes Sent By Job
	409597  -  Total Bytes Received By Job
	Partitionable Resources :    Usage  Request Allocated 
	   Cpus                 :        0        8         8 
	   Disk (KB)            :      428      425   2754318 
	   Memory (MB)          :        8    16000     16000 

	Job terminated of its own accord at 2024-07-24T18:19:53Z with exit-code 0.
...
000 (10261715.4232.000) 07/25 13:03:04 Job submitted from host: <188.185.114.121:9618?addrs=188.185.114.121-9618+[2001-1458-d00-a--100-273]-9618&alias=bigbird19.cern.ch&noUDP&sock=schedd_4961_696e>
...
009 (10261715.4232.000) 07/25 13:06:59 Job was aborted.
	via condor_rm (by user yelberke)
...
000 (10261767.4232.000) 07/25 13:20:37 Job submitted from host: <188.185.114.121:9618?addrs=188.185.114.121-9618+[2001-1458-d00-a--100-273]-9618&alias=bigbird19.cern.ch&noUDP&sock=schedd_4961_696e>
...
040 (10261767.4232.000) 07/25 14:44:48 Started transferring input files
	Transferring to host: <188.185.205.224:9618?addrs=188.185.205.224-9618&alias=b9p04p7585.cern.ch&noUDP&sock=slot1_9_6896_9b12_157961>
...
040 (10261767.4232.000) 07/25 14:44:48 Finished transferring input files
...
001 (10261767.4232.000) 07/25 14:44:49 Job executing on host: <188.185.205.224:9618?addrs=188.185.205.224-9618&alias=b9p04p7585.cern.ch&noUDP&sock=startd_6825_f5f6>
	SlotName: slot1_9@b9p04p7585.cern.ch
	CondorScratchDir = "/pool/condor/dir_3223845"
	Cpus = 12
	Disk = 2863267
	Memory = 24000
...
006 (10261767.4232.000) 07/25 14:44:54 Image size of job updated: 161268
	8  -  MemoryUsage of job (MB)
	7316  -  ResidentSetSize of job (KB)
...
040 (10261767.4232.000) 07/25 14:44:54 Started transferring output files
...
040 (10261767.4232.000) 07/25 14:44:54 Finished transferring output files
...
005 (10261767.4232.000) 07/25 14:44:54 Job terminated.
	(1) Normal termination (return value 0)
		Usr 0 00:00:03, Sys 0 00:00:00  -  Run Remote Usage
		Usr 0 00:00:00, Sys 0 00:00:00  -  Run Local Usage
		Usr 0 00:00:03, Sys 0 00:00:00  -  Total Remote Usage
		Usr 0 00:00:00, Sys 0 00:00:00  -  Total Local Usage
	6676  -  Run Bytes Sent By Job
	409597  -  Run Bytes Received By Job
	6676  -  Total Bytes Sent By Job
	409597  -  Total Bytes Received By Job
	Partitionable Resources :    Usage  Request Allocated 
	   Cpus                 :        0       12        12 
	   Disk (KB)            :      427      425   2863267 
	   Memory (MB)          :        8    24000     24000 

	Job terminated of its own accord at 2024-07-25T12:44:54Z with exit-code 0.
...
000 (10284266.4232.000) 08/02 15:46:48 Job submitted from host: <188.185.114.121:9618?addrs=188.185.114.121-9618+[2001-1458-d00-a--100-273]-9618&alias=bigbird19.cern.ch&noUDP&sock=schedd_4961_696e>
...
000 (10284267.4232.000) 08/02 15:50:10 Job submitted from host: <188.185.114.121:9618?addrs=188.185.114.121-9618+[2001-1458-d00-a--100-273]-9618&alias=bigbird19.cern.ch&noUDP&sock=schedd_4961_696e>
...
009 (10284266.4232.000) 08/02 15:50:32 Job was aborted.
	via condor_rm (by user yelberke)
...
040 (10284267.4232.000) 08/02 16:59:40 Started transferring input files
	Transferring to host: <188.185.208.56:9618?addrs=188.185.208.56-9618+[2001-1458-303-f--100-35]-9618&alias=b9p09p6178.cern.ch&noUDP&sock=slot1_6_5562_ae9b_153071>
...
040 (10284267.4232.000) 08/02 16:59:40 Finished transferring input files
...
001 (10284267.4232.000) 08/02 16:59:41 Job executing on host: <188.185.208.56:9618?addrs=188.185.208.56-9618+[2001-1458-303-f--100-35]-9618&alias=b9p09p6178.cern.ch&noUDP&sock=startd_4540_a40f>
	SlotName: slot1_6@b9p09p6178.cern.ch
	CondorScratchDir = "/pool/condor/dir_1466321"
	Cpus = 12
	Disk = 2909061
	Memory = 24000
...
006 (10284267.4232.000) 08/02 16:59:43 Image size of job updated: 323088
	2  -  MemoryUsage of job (MB)
	1128  -  ResidentSetSize of job (KB)
...
040 (10284267.4232.000) 08/02 16:59:43 Started transferring output files
...
040 (10284267.4232.000) 08/02 16:59:43 Finished transferring output files
...
005 (10284267.4232.000) 08/02 16:59:43 Job terminated.
	(1) Normal termination (return value 139)
		Usr 0 00:00:02, Sys 0 00:00:01  -  Run Remote Usage
		Usr 0 00:00:00, Sys 0 00:00:00  -  Run Local Usage
		Usr 0 00:00:02, Sys 0 00:00:01  -  Total Remote Usage
		Usr 0 00:00:00, Sys 0 00:00:00  -  Total Local Usage
	7696  -  Run Bytes Sent By Job
	409597  -  Run Bytes Received By Job
	7696  -  Total Bytes Sent By Job
	409597  -  Total Bytes Received By Job
	Partitionable Resources :    Usage  Request Allocated 
	   Cpus                 :        0       12        12 
	   Disk (KB)            :      430      425   2909061 
	   Memory (MB)          :        2    24000     24000 

	Job terminated of its own accord at 2024-08-02T14:59:43Z with exit-code 139.
...
