000 (10252905.4257.000) 07/24 16:13:21 Job submitted from host: <188.185.114.121:9618?addrs=188.185.114.121-9618+[2001-1458-d00-a--100-273]-9618&alias=bigbird19.cern.ch&noUDP&sock=schedd_4961_696e>
...
009 (10252905.4257.000) 07/24 16:14:51 Job was aborted.
	via condor_rm (by user yelberke)
...
000 (10252906.4257.000) 07/24 16:15:39 Job submitted from host: <188.185.114.121:9618?addrs=188.185.114.121-9618+[2001-1458-d00-a--100-273]-9618&alias=bigbird19.cern.ch&noUDP&sock=schedd_4961_696e>
...
000 (10252907.4257.000) 07/24 16:17:34 Job submitted from host: <188.185.114.121:9618?addrs=188.185.114.121-9618+[2001-1458-d00-a--100-273]-9618&alias=bigbird19.cern.ch&noUDP&sock=schedd_4961_696e>
...
000 (10252908.4257.000) 07/24 16:18:07 Job submitted from host: <188.185.114.121:9618?addrs=188.185.114.121-9618+[2001-1458-d00-a--100-273]-9618&alias=bigbird19.cern.ch&noUDP&sock=schedd_4961_696e>
...
000 (10252909.4257.000) 07/24 16:18:43 Job submitted from host: <188.185.114.121:9618?addrs=188.185.114.121-9618+[2001-1458-d00-a--100-273]-9618&alias=bigbird19.cern.ch&noUDP&sock=schedd_4961_696e>
...
040 (10252906.4257.000) 07/24 17:08:16 Started transferring input files
	Transferring to host: <188.185.206.195:9618?addrs=188.185.206.195-9618&alias=b9p06p8468.cern.ch&noUDP&sock=slot1_15_5427_8ff6_158084>
...
040 (10252906.4257.000) 07/24 17:08:16 Finished transferring input files
...
001 (10252906.4257.000) 07/24 17:08:17 Job executing on host: <188.185.206.195:9618?addrs=188.185.206.195-9618&alias=b9p06p8468.cern.ch&noUDP&sock=startd_4975_03c1>
	SlotName: slot1_15@b9p06p8468.cern.ch
	CondorScratchDir = "/pool/condor/dir_2002327"
	Cpus = 8
	Disk = 2798452
	Memory = 16000
...
006 (10252906.4257.000) 07/24 17:08:21 Image size of job updated: 162736
	9  -  MemoryUsage of job (MB)
	8864  -  ResidentSetSize of job (KB)
...
040 (10252906.4257.000) 07/24 17:08:21 Started transferring output files
...
040 (10252906.4257.000) 07/24 17:08:21 Finished transferring output files
...
005 (10252906.4257.000) 07/24 17:08:21 Job terminated.
	(1) Normal termination (return value 0)
		Usr 0 00:00:03, Sys 0 00:00:00  -  Run Remote Usage
		Usr 0 00:00:00, Sys 0 00:00:00  -  Run Local Usage
		Usr 0 00:00:03, Sys 0 00:00:00  -  Total Remote Usage
		Usr 0 00:00:00, Sys 0 00:00:00  -  Total Local Usage
	6201  -  Run Bytes Sent By Job
	409597  -  Run Bytes Received By Job
	6201  -  Total Bytes Sent By Job
	409597  -  Total Bytes Received By Job
	Partitionable Resources :    Usage  Request Allocated 
	   Cpus                 :        0        8         8 
	   Disk (KB)            :      428      425   2798452 
	   Memory (MB)          :        9    16000     16000 

	Job terminated of its own accord at 2024-07-24T15:08:21Z with exit-code 0.
...
040 (10252907.4257.000) 07/24 18:15:59 Started transferring input files
	Transferring to host: <188.185.205.192:9618?addrs=188.185.205.192-9618&alias=b9p04p3879.cern.ch&noUDP&sock=slot1_12_7377_8385_158312>
...
040 (10252907.4257.000) 07/24 18:15:59 Finished transferring input files
...
001 (10252907.4257.000) 07/24 18:16:00 Job executing on host: <188.185.205.192:9618?addrs=188.185.205.192-9618&alias=b9p04p3879.cern.ch&noUDP&sock=startd_7305_336c>
	SlotName: slot1_12@b9p04p3879.cern.ch
	CondorScratchDir = "/pool/condor/dir_430944"
	Cpus = 8
	Disk = 2805755
	Memory = 16000
...
006 (10252907.4257.000) 07/24 18:16:05 Image size of job updated: 161264
	9  -  MemoryUsage of job (MB)
	8252  -  ResidentSetSize of job (KB)
...
040 (10252907.4257.000) 07/24 18:16:05 Started transferring output files
...
040 (10252907.4257.000) 07/24 18:16:05 Finished transferring output files
...
005 (10252907.4257.000) 07/24 18:16:05 Job terminated.
	(1) Normal termination (return value 0)
		Usr 0 00:00:03, Sys 0 00:00:00  -  Run Remote Usage
		Usr 0 00:00:00, Sys 0 00:00:00  -  Run Local Usage
		Usr 0 00:00:03, Sys 0 00:00:00  -  Total Remote Usage
		Usr 0 00:00:00, Sys 0 00:00:00  -  Total Local Usage
	6204  -  Run Bytes Sent By Job
	409597  -  Run Bytes Received By Job
	6204  -  Total Bytes Sent By Job
	409597  -  Total Bytes Received By Job
	Partitionable Resources :    Usage  Request Allocated 
	   Cpus                 :        0        8         8 
	   Disk (KB)            :      427      425   2805755 
	   Memory (MB)          :        9    16000     16000 

	Job terminated of its own accord at 2024-07-24T16:16:05Z with exit-code 0.
...
040 (10252908.4257.000) 07/24 19:21:12 Started transferring input files
	Transferring to host: <188.185.205.188:9618?addrs=188.185.205.188-9618&alias=b9p04p6505.cern.ch&noUDP&sock=slot1_3_6904_3e12_154410>
...
040 (10252908.4257.000) 07/24 19:21:12 Finished transferring input files
...
001 (10252908.4257.000) 07/24 19:21:13 Job executing on host: <188.185.205.188:9618?addrs=188.185.205.188-9618&alias=b9p04p6505.cern.ch&noUDP&sock=startd_6831_1388>
	SlotName: slot1_3@b9p04p6505.cern.ch
	CondorScratchDir = "/pool/condor/dir_566867"
	Cpus = 8
	Disk = 2851524
	Memory = 16000
...
006 (10252908.4257.000) 07/24 19:21:19 Image size of job updated: 158308
	8  -  MemoryUsage of job (MB)
	7724  -  ResidentSetSize of job (KB)
...
040 (10252908.4257.000) 07/24 19:21:19 Started transferring output files
...
040 (10252908.4257.000) 07/24 19:21:19 Finished transferring output files
...
005 (10252908.4257.000) 07/24 19:21:20 Job terminated.
	(1) Normal termination (return value 0)
		Usr 0 00:00:04, Sys 0 00:00:00  -  Run Remote Usage
		Usr 0 00:00:00, Sys 0 00:00:00  -  Run Local Usage
		Usr 0 00:00:04, Sys 0 00:00:00  -  Total Remote Usage
		Usr 0 00:00:00, Sys 0 00:00:00  -  Total Local Usage
	6204  -  Run Bytes Sent By Job
	409597  -  Run Bytes Received By Job
	6204  -  Total Bytes Sent By Job
	409597  -  Total Bytes Received By Job
	Partitionable Resources :    Usage  Request Allocated 
	   Cpus                 :        0        8         8 
	   Disk (KB)            :      428      425   2851524 
	   Memory (MB)          :        8    16000     16000 

	Job terminated of its own accord at 2024-07-24T17:21:19Z with exit-code 0.
...
040 (10252909.4257.000) 07/24 20:19:56 Started transferring input files
	Transferring to host: <188.185.198.54:9618?addrs=188.185.198.54-9618+[2001-1458-303-25--100-32]-9618&alias=b9p15p4535.cern.ch&noUDP&sock=slot1_10_3158745_5b1a_6291>
...
040 (10252909.4257.000) 07/24 20:19:56 Finished transferring input files
...
001 (10252909.4257.000) 07/24 20:19:57 Job executing on host: <188.185.198.54:9618?addrs=188.185.198.54-9618+[2001-1458-303-25--100-32]-9618&alias=b9p15p4535.cern.ch&noUDP&sock=startd_128012_29b3>
	SlotName: slot1_10@b9p15p4535.cern.ch
	CondorScratchDir = "/pool/condor/dir_1476377"
	Cpus = 8
	Disk = 3021473
	Memory = 16000
...
006 (10252909.4257.000) 07/24 20:20:03 Image size of job updated: 159940
	8  -  MemoryUsage of job (MB)
	7396  -  ResidentSetSize of job (KB)
...
040 (10252909.4257.000) 07/24 20:20:03 Started transferring output files
...
040 (10252909.4257.000) 07/24 20:20:03 Finished transferring output files
...
005 (10252909.4257.000) 07/24 20:20:03 Job terminated.
	(1) Normal termination (return value 0)
		Usr 0 00:00:04, Sys 0 00:00:00  -  Run Remote Usage
		Usr 0 00:00:00, Sys 0 00:00:00  -  Run Local Usage
		Usr 0 00:00:04, Sys 0 00:00:00  -  Total Remote Usage
		Usr 0 00:00:00, Sys 0 00:00:00  -  Total Local Usage
	6204  -  Run Bytes Sent By Job
	409597  -  Run Bytes Received By Job
	6204  -  Total Bytes Sent By Job
	409597  -  Total Bytes Received By Job
	Partitionable Resources :    Usage  Request Allocated 
	   Cpus                 :        0        8         8 
	   Disk (KB)            :      428      425   3021473 
	   Memory (MB)          :        8    16000     16000 

	Job terminated of its own accord at 2024-07-24T18:20:03Z with exit-code 0.
...
000 (10261715.4257.000) 07/25 13:03:05 Job submitted from host: <188.185.114.121:9618?addrs=188.185.114.121-9618+[2001-1458-d00-a--100-273]-9618&alias=bigbird19.cern.ch&noUDP&sock=schedd_4961_696e>
...
009 (10261715.4257.000) 07/25 13:06:59 Job was aborted.
	via condor_rm (by user yelberke)
...
000 (10261767.4257.000) 07/25 13:20:38 Job submitted from host: <188.185.114.121:9618?addrs=188.185.114.121-9618+[2001-1458-d00-a--100-273]-9618&alias=bigbird19.cern.ch&noUDP&sock=schedd_4961_696e>
...
040 (10261767.4257.000) 07/25 14:44:56 Started transferring input files
	Transferring to host: <188.185.207.157:9618?addrs=188.185.207.157-9618+[2001-1458-303-e--100-1a]-9618&alias=b9p08p5760.cern.ch&noUDP&sock=slot1_13_5567_347b_144651>
...
040 (10261767.4257.000) 07/25 14:44:56 Finished transferring input files
...
001 (10261767.4257.000) 07/25 14:44:57 Job executing on host: <188.185.207.157:9618?addrs=188.185.207.157-9618+[2001-1458-303-e--100-1a]-9618&alias=b9p08p5760.cern.ch&noUDP&sock=startd_4608_487f>
	SlotName: slot1_13@b9p08p5760.cern.ch
	CondorScratchDir = "/pool/condor/dir_2801291"
	Cpus = 12
	Disk = 2917042
	Memory = 24000
...
006 (10261767.4257.000) 07/25 14:45:01 Image size of job updated: 160820
	8  -  MemoryUsage of job (MB)
	7260  -  ResidentSetSize of job (KB)
...
040 (10261767.4257.000) 07/25 14:45:01 Started transferring output files
...
040 (10261767.4257.000) 07/25 14:45:01 Finished transferring output files
...
005 (10261767.4257.000) 07/25 14:45:01 Job terminated.
	(1) Normal termination (return value 0)
		Usr 0 00:00:03, Sys 0 00:00:00  -  Run Remote Usage
		Usr 0 00:00:00, Sys 0 00:00:00  -  Run Local Usage
		Usr 0 00:00:03, Sys 0 00:00:00  -  Total Remote Usage
		Usr 0 00:00:00, Sys 0 00:00:00  -  Total Local Usage
	6676  -  Run Bytes Sent By Job
	409597  -  Run Bytes Received By Job
	6676  -  Total Bytes Sent By Job
	409597  -  Total Bytes Received By Job
	Partitionable Resources :    Usage  Request Allocated 
	   Cpus                 :        0       12        12 
	   Disk (KB)            :      428      425   2917042 
	   Memory (MB)          :        8    24000     24000 

	Job terminated of its own accord at 2024-07-25T12:45:01Z with exit-code 0.
...
000 (10284266.4257.000) 08/02 15:46:49 Job submitted from host: <188.185.114.121:9618?addrs=188.185.114.121-9618+[2001-1458-d00-a--100-273]-9618&alias=bigbird19.cern.ch&noUDP&sock=schedd_4961_696e>
...
000 (10284267.4257.000) 08/02 15:50:10 Job submitted from host: <188.185.114.121:9618?addrs=188.185.114.121-9618+[2001-1458-d00-a--100-273]-9618&alias=bigbird19.cern.ch&noUDP&sock=schedd_4961_696e>
...
009 (10284266.4257.000) 08/02 15:50:33 Job was aborted.
	via condor_rm (by user yelberke)
...
040 (10284267.4257.000) 08/02 16:59:51 Started transferring input files
	Transferring to host: <188.185.205.116:9618?addrs=188.185.205.116-9618+[2001-1458-303-9--100-71]-9618&alias=b9p03p3930.cern.ch&noUDP&sock=slot1_7_7506_67ea_92250>
...
040 (10284267.4257.000) 08/02 16:59:51 Finished transferring input files
...
001 (10284267.4257.000) 08/02 16:59:52 Job executing on host: <188.185.205.116:9618?addrs=188.185.205.116-9618+[2001-1458-303-9--100-71]-9618&alias=b9p03p3930.cern.ch&noUDP&sock=startd_6184_49c1>
	SlotName: slot1_7@b9p03p3930.cern.ch
	CondorScratchDir = "/pool/condor/dir_2014968"
	Cpus = 12
	Disk = 2824590
	Memory = 24000
...
006 (10284267.4257.000) 08/02 16:59:54 Image size of job updated: 324752
	3  -  MemoryUsage of job (MB)
	2976  -  ResidentSetSize of job (KB)
...
040 (10284267.4257.000) 08/02 16:59:54 Started transferring output files
...
040 (10284267.4257.000) 08/02 16:59:54 Finished transferring output files
...
005 (10284267.4257.000) 08/02 16:59:54 Job terminated.
	(1) Normal termination (return value 139)
		Usr 0 00:00:02, Sys 0 00:00:00  -  Run Remote Usage
		Usr 0 00:00:00, Sys 0 00:00:00  -  Run Local Usage
		Usr 0 00:00:02, Sys 0 00:00:00  -  Total Remote Usage
		Usr 0 00:00:00, Sys 0 00:00:00  -  Total Local Usage
	7696  -  Run Bytes Sent By Job
	409597  -  Run Bytes Received By Job
	7696  -  Total Bytes Sent By Job
	409597  -  Total Bytes Received By Job
	Partitionable Resources :    Usage  Request Allocated 
	   Cpus                 :        0       12        12 
	   Disk (KB)            :      430      425   2824590 
	   Memory (MB)          :        3    24000     24000 

	Job terminated of its own accord at 2024-08-02T14:59:54Z with exit-code 139.
...
