000 (10252905.4294.000) 07/24 16:13:21 Job submitted from host: <188.185.114.121:9618?addrs=188.185.114.121-9618+[2001-1458-d00-a--100-273]-9618&alias=bigbird19.cern.ch&noUDP&sock=schedd_4961_696e>
...
009 (10252905.4294.000) 07/24 16:14:51 Job was aborted.
	via condor_rm (by user yelberke)
...
000 (10252906.4294.000) 07/24 16:15:39 Job submitted from host: <188.185.114.121:9618?addrs=188.185.114.121-9618+[2001-1458-d00-a--100-273]-9618&alias=bigbird19.cern.ch&noUDP&sock=schedd_4961_696e>
...
000 (10252907.4294.000) 07/24 16:17:34 Job submitted from host: <188.185.114.121:9618?addrs=188.185.114.121-9618+[2001-1458-d00-a--100-273]-9618&alias=bigbird19.cern.ch&noUDP&sock=schedd_4961_696e>
...
000 (10252908.4294.000) 07/24 16:18:07 Job submitted from host: <188.185.114.121:9618?addrs=188.185.114.121-9618+[2001-1458-d00-a--100-273]-9618&alias=bigbird19.cern.ch&noUDP&sock=schedd_4961_696e>
...
000 (10252909.4294.000) 07/24 16:18:43 Job submitted from host: <188.185.114.121:9618?addrs=188.185.114.121-9618+[2001-1458-d00-a--100-273]-9618&alias=bigbird19.cern.ch&noUDP&sock=schedd_4961_696e>
...
040 (10252906.4294.000) 07/24 17:08:42 Started transferring input files
	Transferring to host: <128.142.248.37:9618?addrs=128.142.248.37-9618+[2001-1458-301-73--100-115]-9618&alias=b9g23p1754.cern.ch&noUDP&sock=slot1_11_7975_dbdd_84361>
...
040 (10252906.4294.000) 07/24 17:08:42 Finished transferring input files
...
001 (10252906.4294.000) 07/24 17:08:43 Job executing on host: <128.142.248.37:9618?addrs=128.142.248.37-9618+[2001-1458-301-73--100-115]-9618&alias=b9g23p1754.cern.ch&noUDP&sock=startd_6716_3224>
	SlotName: slot1_11@b9g23p1754.cern.ch
	CondorScratchDir = "/pool/condor/dir_2465599"
	Cpus = 8
	Disk = 2952937
	Memory = 16000
...
006 (10252906.4294.000) 07/24 17:08:49 Image size of job updated: 158192
	8  -  MemoryUsage of job (MB)
	7524  -  ResidentSetSize of job (KB)
...
040 (10252906.4294.000) 07/24 17:08:49 Started transferring output files
...
040 (10252906.4294.000) 07/24 17:08:49 Finished transferring output files
...
005 (10252906.4294.000) 07/24 17:08:49 Job terminated.
	(1) Normal termination (return value 0)
		Usr 0 00:00:04, Sys 0 00:00:00  -  Run Remote Usage
		Usr 0 00:00:00, Sys 0 00:00:00  -  Run Local Usage
		Usr 0 00:00:04, Sys 0 00:00:00  -  Total Remote Usage
		Usr 0 00:00:00, Sys 0 00:00:00  -  Total Local Usage
	6201  -  Run Bytes Sent By Job
	409597  -  Run Bytes Received By Job
	6201  -  Total Bytes Sent By Job
	409597  -  Total Bytes Received By Job
	Partitionable Resources :    Usage  Request Allocated 
	   Cpus                 :        0        8         8 
	   Disk (KB)            :      428      425   2952937 
	   Memory (MB)          :        8    16000     16000 

	Job terminated of its own accord at 2024-07-24T15:08:49Z with exit-code 0.
...
040 (10252907.4294.000) 07/24 18:26:03 Started transferring input files
	Transferring to host: <188.185.204.204:9618?addrs=188.185.204.204-9618+[2001-1458-303-8--100-c0]-9618&alias=b9p02p9432.cern.ch&noUDP&sock=slot1_25_7255_8dc0_158931>
...
040 (10252907.4294.000) 07/24 18:26:04 Finished transferring input files
...
001 (10252907.4294.000) 07/24 18:26:05 Job executing on host: <188.185.204.204:9618?addrs=188.185.204.204-9618+[2001-1458-303-8--100-c0]-9618&alias=b9p02p9432.cern.ch&noUDP&sock=startd_7186_93a7>
	SlotName: slot1_25@b9p02p9432.cern.ch
	CondorScratchDir = "/pool/condor/dir_2017675"
	Cpus = 8
	Disk = 2764855
	Memory = 16000
...
006 (10252907.4294.000) 07/24 18:26:09 Image size of job updated: 160868
	9  -  MemoryUsage of job (MB)
	8936  -  ResidentSetSize of job (KB)
...
040 (10252907.4294.000) 07/24 18:26:09 Started transferring output files
...
040 (10252907.4294.000) 07/24 18:26:09 Finished transferring output files
...
005 (10252907.4294.000) 07/24 18:26:09 Job terminated.
	(1) Normal termination (return value 0)
		Usr 0 00:00:03, Sys 0 00:00:00  -  Run Remote Usage
		Usr 0 00:00:00, Sys 0 00:00:00  -  Run Local Usage
		Usr 0 00:00:03, Sys 0 00:00:00  -  Total Remote Usage
		Usr 0 00:00:00, Sys 0 00:00:00  -  Total Local Usage
	6204  -  Run Bytes Sent By Job
	409597  -  Run Bytes Received By Job
	6204  -  Total Bytes Sent By Job
	409597  -  Total Bytes Received By Job
	Partitionable Resources :    Usage  Request Allocated 
	   Cpus                 :        0        8         8 
	   Disk (KB)            :      428      425   2764855 
	   Memory (MB)          :        9    16000     16000 

	Job terminated of its own accord at 2024-07-24T16:26:09Z with exit-code 0.
...
040 (10252908.4294.000) 07/24 19:21:17 Started transferring input files
	Transferring to host: <188.185.205.104:9618?addrs=188.185.205.104-9618+[2001-1458-303-9--100-65]-9618&alias=b9p03p6833.cern.ch&noUDP&sock=slot1_6_14908_c8d7_30200>
...
040 (10252908.4294.000) 07/24 19:21:17 Finished transferring input files
...
001 (10252908.4294.000) 07/24 19:21:18 Job executing on host: <188.185.205.104:9618?addrs=188.185.205.104-9618+[2001-1458-303-9--100-65]-9618&alias=b9p03p6833.cern.ch&noUDP&sock=startd_14021_d179>
	SlotName: slot1_6@b9p03p6833.cern.ch
	CondorScratchDir = "/pool/condor/dir_2652379"
	Cpus = 8
	Disk = 2776047
	Memory = 16000
...
006 (10252908.4294.000) 07/24 19:21:23 Image size of job updated: 158752
	8  -  MemoryUsage of job (MB)
	7440  -  ResidentSetSize of job (KB)
...
040 (10252908.4294.000) 07/24 19:21:23 Started transferring output files
...
040 (10252908.4294.000) 07/24 19:21:23 Finished transferring output files
...
005 (10252908.4294.000) 07/24 19:21:23 Job terminated.
	(1) Normal termination (return value 0)
		Usr 0 00:00:04, Sys 0 00:00:00  -  Run Remote Usage
		Usr 0 00:00:00, Sys 0 00:00:00  -  Run Local Usage
		Usr 0 00:00:04, Sys 0 00:00:00  -  Total Remote Usage
		Usr 0 00:00:00, Sys 0 00:00:00  -  Total Local Usage
	6204  -  Run Bytes Sent By Job
	409597  -  Run Bytes Received By Job
	6204  -  Total Bytes Sent By Job
	409597  -  Total Bytes Received By Job
	Partitionable Resources :    Usage  Request Allocated 
	   Cpus                 :        0        8         8 
	   Disk (KB)            :      428      425   2776047 
	   Memory (MB)          :        8    16000     16000 

	Job terminated of its own accord at 2024-07-24T17:21:23Z with exit-code 0.
...
040 (10252909.4294.000) 07/24 20:20:09 Started transferring input files
	Transferring to host: <188.185.204.149:9618?addrs=188.185.204.149-9618+[2001-1458-303-8--100-89]-9618&alias=b9p02p1875.cern.ch&noUDP&sock=slot1_32_7282_93e1_157234>
...
040 (10252909.4294.000) 07/24 20:20:09 Finished transferring input files
...
001 (10252909.4294.000) 07/24 20:20:10 Job executing on host: <188.185.204.149:9618?addrs=188.185.204.149-9618+[2001-1458-303-8--100-89]-9618&alias=b9p02p1875.cern.ch&noUDP&sock=startd_7214_c84e>
	SlotName: slot1_32@b9p02p1875.cern.ch
	CondorScratchDir = "/pool/condor/dir_1191606"
	Cpus = 8
	Disk = 2822555
	Memory = 16000
...
006 (10252909.4294.000) 07/24 20:20:14 Image size of job updated: 160392
	8  -  MemoryUsage of job (MB)
	8156  -  ResidentSetSize of job (KB)
...
040 (10252909.4294.000) 07/24 20:20:14 Started transferring output files
...
040 (10252909.4294.000) 07/24 20:20:14 Finished transferring output files
...
005 (10252909.4294.000) 07/24 20:20:14 Job terminated.
	(1) Normal termination (return value 0)
		Usr 0 00:00:03, Sys 0 00:00:00  -  Run Remote Usage
		Usr 0 00:00:00, Sys 0 00:00:00  -  Run Local Usage
		Usr 0 00:00:03, Sys 0 00:00:00  -  Total Remote Usage
		Usr 0 00:00:00, Sys 0 00:00:00  -  Total Local Usage
	6204  -  Run Bytes Sent By Job
	409597  -  Run Bytes Received By Job
	6204  -  Total Bytes Sent By Job
	409597  -  Total Bytes Received By Job
	Partitionable Resources :    Usage  Request Allocated 
	   Cpus                 :        0        8         8 
	   Disk (KB)            :      428      425   2822555 
	   Memory (MB)          :        8    16000     16000 

	Job terminated of its own accord at 2024-07-24T18:20:14Z with exit-code 0.
...
000 (10261715.4294.000) 07/25 13:03:06 Job submitted from host: <188.185.114.121:9618?addrs=188.185.114.121-9618+[2001-1458-d00-a--100-273]-9618&alias=bigbird19.cern.ch&noUDP&sock=schedd_4961_696e>
...
009 (10261715.4294.000) 07/25 13:06:59 Job was aborted.
	via condor_rm (by user yelberke)
...
000 (10261767.4294.000) 07/25 13:20:38 Job submitted from host: <188.185.114.121:9618?addrs=188.185.114.121-9618+[2001-1458-d00-a--100-273]-9618&alias=bigbird19.cern.ch&noUDP&sock=schedd_4961_696e>
...
040 (10261767.4294.000) 07/25 14:45:10 Started transferring input files
	Transferring to host: <188.185.209.188:9618?addrs=188.185.209.188-9618+[2001-1458-303-12--100-39]-9618&alias=b9p12p4540.cern.ch&noUDP&sock=slot1_6_4424_dbad_145902>
...
040 (10261767.4294.000) 07/25 14:45:10 Finished transferring input files
...
001 (10261767.4294.000) 07/25 14:45:11 Job executing on host: <188.185.209.188:9618?addrs=188.185.209.188-9618+[2001-1458-303-12--100-39]-9618&alias=b9p12p4540.cern.ch&noUDP&sock=startd_3676_023b>
	SlotName: slot1_6@b9p12p4540.cern.ch
	CondorScratchDir = "/pool/condor/dir_2867940"
	Cpus = 12
	Disk = 2817236
	Memory = 24000
...
006 (10261767.4294.000) 07/25 14:45:15 Image size of job updated: 161348
	8  -  MemoryUsage of job (MB)
	7420  -  ResidentSetSize of job (KB)
...
040 (10261767.4294.000) 07/25 14:45:15 Started transferring output files
...
040 (10261767.4294.000) 07/25 14:45:15 Finished transferring output files
...
005 (10261767.4294.000) 07/25 14:45:15 Job terminated.
	(1) Normal termination (return value 0)
		Usr 0 00:00:03, Sys 0 00:00:00  -  Run Remote Usage
		Usr 0 00:00:00, Sys 0 00:00:00  -  Run Local Usage
		Usr 0 00:00:03, Sys 0 00:00:00  -  Total Remote Usage
		Usr 0 00:00:00, Sys 0 00:00:00  -  Total Local Usage
	6676  -  Run Bytes Sent By Job
	409597  -  Run Bytes Received By Job
	6676  -  Total Bytes Sent By Job
	409597  -  Total Bytes Received By Job
	Partitionable Resources :    Usage  Request Allocated 
	   Cpus                 :        0       12        12 
	   Disk (KB)            :      428      425   2817236 
	   Memory (MB)          :        8    24000     24000 

	Job terminated of its own accord at 2024-07-25T12:45:15Z with exit-code 0.
...
000 (10284266.4294.000) 08/02 15:46:49 Job submitted from host: <188.185.114.121:9618?addrs=188.185.114.121-9618+[2001-1458-d00-a--100-273]-9618&alias=bigbird19.cern.ch&noUDP&sock=schedd_4961_696e>
...
000 (10284267.4294.000) 08/02 15:50:11 Job submitted from host: <188.185.114.121:9618?addrs=188.185.114.121-9618+[2001-1458-d00-a--100-273]-9618&alias=bigbird19.cern.ch&noUDP&sock=schedd_4961_696e>
...
009 (10284266.4294.000) 08/02 15:50:33 Job was aborted.
	via condor_rm (by user yelberke)
...
040 (10284267.4294.000) 08/02 17:00:01 Started transferring input files
	Transferring to host: <188.185.205.116:9618?addrs=188.185.205.116-9618+[2001-1458-303-9--100-71]-9618&alias=b9p03p3930.cern.ch&noUDP&sock=slot1_7_7506_67ea_92252>
...
040 (10284267.4294.000) 08/02 17:00:01 Finished transferring input files
...
001 (10284267.4294.000) 08/02 17:00:02 Job executing on host: <188.185.205.116:9618?addrs=188.185.205.116-9618+[2001-1458-303-9--100-71]-9618&alias=b9p03p3930.cern.ch&noUDP&sock=startd_6184_49c1>
	SlotName: slot1_7@b9p03p3930.cern.ch
	CondorScratchDir = "/pool/condor/dir_2016525"
	Cpus = 12
	Disk = 2824340
	Memory = 24000
...
006 (10284267.4294.000) 08/02 17:00:04 Image size of job updated: 325920
	4  -  MemoryUsage of job (MB)
	3120  -  ResidentSetSize of job (KB)
...
040 (10284267.4294.000) 08/02 17:00:04 Started transferring output files
...
040 (10284267.4294.000) 08/02 17:00:04 Finished transferring output files
...
005 (10284267.4294.000) 08/02 17:00:04 Job terminated.
	(1) Normal termination (return value 139)
		Usr 0 00:00:02, Sys 0 00:00:00  -  Run Remote Usage
		Usr 0 00:00:00, Sys 0 00:00:00  -  Run Local Usage
		Usr 0 00:00:02, Sys 0 00:00:00  -  Total Remote Usage
		Usr 0 00:00:00, Sys 0 00:00:00  -  Total Local Usage
	7696  -  Run Bytes Sent By Job
	409597  -  Run Bytes Received By Job
	7696  -  Total Bytes Sent By Job
	409597  -  Total Bytes Received By Job
	Partitionable Resources :    Usage  Request Allocated 
	   Cpus                 :        0       12        12 
	   Disk (KB)            :      430      425   2824340 
	   Memory (MB)          :        4    24000     24000 

	Job terminated of its own accord at 2024-08-02T15:00:04Z with exit-code 139.
...
