000 (10252905.4314.000) 07/24 16:13:21 Job submitted from host: <188.185.114.121:9618?addrs=188.185.114.121-9618+[2001-1458-d00-a--100-273]-9618&alias=bigbird19.cern.ch&noUDP&sock=schedd_4961_696e>
...
009 (10252905.4314.000) 07/24 16:14:51 Job was aborted.
	via condor_rm (by user yelberke)
...
000 (10252906.4314.000) 07/24 16:15:39 Job submitted from host: <188.185.114.121:9618?addrs=188.185.114.121-9618+[2001-1458-d00-a--100-273]-9618&alias=bigbird19.cern.ch&noUDP&sock=schedd_4961_696e>
...
000 (10252907.4314.000) 07/24 16:17:34 Job submitted from host: <188.185.114.121:9618?addrs=188.185.114.121-9618+[2001-1458-d00-a--100-273]-9618&alias=bigbird19.cern.ch&noUDP&sock=schedd_4961_696e>
...
000 (10252908.4314.000) 07/24 16:18:07 Job submitted from host: <188.185.114.121:9618?addrs=188.185.114.121-9618+[2001-1458-d00-a--100-273]-9618&alias=bigbird19.cern.ch&noUDP&sock=schedd_4961_696e>
...
000 (10252909.4314.000) 07/24 16:18:43 Job submitted from host: <188.185.114.121:9618?addrs=188.185.114.121-9618+[2001-1458-d00-a--100-273]-9618&alias=bigbird19.cern.ch&noUDP&sock=schedd_4961_696e>
...
040 (10252906.4314.000) 07/24 17:08:35 Started transferring input files
	Transferring to host: <188.185.205.120:9618?addrs=188.185.205.120-9618+[2001-1458-303-9--100-75]-9618&alias=b9p03p5898.cern.ch&noUDP&sock=slot1_21_6808_9a0e_155620>
...
040 (10252906.4314.000) 07/24 17:08:35 Finished transferring input files
...
001 (10252906.4314.000) 07/24 17:08:36 Job executing on host: <188.185.205.120:9618?addrs=188.185.205.120-9618+[2001-1458-303-9--100-75]-9618&alias=b9p03p5898.cern.ch&noUDP&sock=startd_6734_8ad8>
	SlotName: slot1_21@b9p03p5898.cern.ch
	CondorScratchDir = "/pool/condor/dir_2475097"
	Cpus = 8
	Disk = 2725783
	Memory = 16000
...
006 (10252906.4314.000) 07/24 17:08:40 Image size of job updated: 158960
	7  -  MemoryUsage of job (MB)
	7164  -  ResidentSetSize of job (KB)
...
040 (10252906.4314.000) 07/24 17:08:40 Started transferring output files
...
040 (10252906.4314.000) 07/24 17:08:40 Finished transferring output files
...
005 (10252906.4314.000) 07/24 17:08:40 Job terminated.
	(1) Normal termination (return value 0)
		Usr 0 00:00:03, Sys 0 00:00:00  -  Run Remote Usage
		Usr 0 00:00:00, Sys 0 00:00:00  -  Run Local Usage
		Usr 0 00:00:03, Sys 0 00:00:00  -  Total Remote Usage
		Usr 0 00:00:00, Sys 0 00:00:00  -  Total Local Usage
	6201  -  Run Bytes Sent By Job
	409597  -  Run Bytes Received By Job
	6201  -  Total Bytes Sent By Job
	409597  -  Total Bytes Received By Job
	Partitionable Resources :    Usage  Request Allocated 
	   Cpus                 :        0        8         8 
	   Disk (KB)            :      427      425   2725783 
	   Memory (MB)          :        7    16000     16000 

	Job terminated of its own accord at 2024-07-24T15:08:40Z with exit-code 0.
...
040 (10252907.4314.000) 07/24 18:16:17 Started transferring input files
	Transferring to host: <188.185.204.201:9618?addrs=188.185.204.201-9618+[2001-1458-303-8--100-bd]-9618&alias=b9p02p9613.cern.ch&noUDP&sock=slot1_19_10457_a702_102893>
...
040 (10252907.4314.000) 07/24 18:16:17 Finished transferring input files
...
001 (10252907.4314.000) 07/24 18:16:18 Job executing on host: <188.185.204.201:9618?addrs=188.185.204.201-9618+[2001-1458-303-8--100-bd]-9618&alias=b9p02p9613.cern.ch&noUDP&sock=startd_9412_6d78>
	SlotName: slot1_19@b9p02p9613.cern.ch
	CondorScratchDir = "/pool/condor/dir_1321879"
	Cpus = 8
	Disk = 2938295
	Memory = 16000
...
006 (10252907.4314.000) 07/24 18:16:23 Image size of job updated: 158176
	8  -  MemoryUsage of job (MB)
	7640  -  ResidentSetSize of job (KB)
...
040 (10252907.4314.000) 07/24 18:16:23 Started transferring output files
...
040 (10252907.4314.000) 07/24 18:16:23 Finished transferring output files
...
005 (10252907.4314.000) 07/24 18:16:23 Job terminated.
	(1) Normal termination (return value 0)
		Usr 0 00:00:03, Sys 0 00:00:00  -  Run Remote Usage
		Usr 0 00:00:00, Sys 0 00:00:00  -  Run Local Usage
		Usr 0 00:00:03, Sys 0 00:00:00  -  Total Remote Usage
		Usr 0 00:00:00, Sys 0 00:00:00  -  Total Local Usage
	6204  -  Run Bytes Sent By Job
	409597  -  Run Bytes Received By Job
	6204  -  Total Bytes Sent By Job
	409597  -  Total Bytes Received By Job
	Partitionable Resources :    Usage  Request Allocated 
	   Cpus                 :        0        8         8 
	   Disk (KB)            :      427      425   2938295 
	   Memory (MB)          :        8    16000     16000 

	Job terminated of its own accord at 2024-07-24T16:16:23Z with exit-code 0.
...
040 (10252908.4314.000) 07/24 19:21:24 Started transferring input files
	Transferring to host: <188.185.204.136:9618?addrs=188.185.204.136-9618+[2001-1458-303-8--100-7c]-9618&alias=b9p02p3820.cern.ch&noUDP&sock=slot1_4_7792_eb36_156235>
...
040 (10252908.4314.000) 07/24 19:21:24 Finished transferring input files
...
001 (10252908.4314.000) 07/24 19:21:25 Job executing on host: <188.185.204.136:9618?addrs=188.185.204.136-9618+[2001-1458-303-8--100-7c]-9618&alias=b9p02p3820.cern.ch&noUDP&sock=startd_7725_4933>
	SlotName: slot1_4@b9p02p3820.cern.ch
	CondorScratchDir = "/pool/condor/dir_2922078"
	Cpus = 8
	Disk = 2840258
	Memory = 16000
...
006 (10252908.4314.000) 07/24 19:21:32 Image size of job updated: 160768
	8  -  MemoryUsage of job (MB)
	7952  -  ResidentSetSize of job (KB)
...
040 (10252908.4314.000) 07/24 19:21:32 Started transferring output files
...
040 (10252908.4314.000) 07/24 19:21:32 Finished transferring output files
...
005 (10252908.4314.000) 07/24 19:21:32 Job terminated.
	(1) Normal termination (return value 0)
		Usr 0 00:00:05, Sys 0 00:00:00  -  Run Remote Usage
		Usr 0 00:00:00, Sys 0 00:00:00  -  Run Local Usage
		Usr 0 00:00:05, Sys 0 00:00:00  -  Total Remote Usage
		Usr 0 00:00:00, Sys 0 00:00:00  -  Total Local Usage
	6204  -  Run Bytes Sent By Job
	409597  -  Run Bytes Received By Job
	6204  -  Total Bytes Sent By Job
	409597  -  Total Bytes Received By Job
	Partitionable Resources :    Usage  Request Allocated 
	   Cpus                 :        0        8         8 
	   Disk (KB)            :      428      425   2840258 
	   Memory (MB)          :        8    16000     16000 

	Job terminated of its own accord at 2024-07-24T17:21:32Z with exit-code 0.
...
040 (10252909.4314.000) 07/24 20:20:15 Started transferring input files
	Transferring to host: <188.185.209.35:9618?addrs=188.185.209.35-9618+[2001-1458-303-11--100-20]-9618&alias=b9p11p8066.cern.ch&noUDP&sock=slot1_11_4904_0fc0_144094>
...
040 (10252909.4314.000) 07/24 20:20:15 Finished transferring input files
...
001 (10252909.4314.000) 07/24 20:20:16 Job executing on host: <188.185.209.35:9618?addrs=188.185.209.35-9618+[2001-1458-303-11--100-20]-9618&alias=b9p11p8066.cern.ch&noUDP&sock=startd_4188_32b8>
	SlotName: slot1_11@b9p11p8066.cern.ch
	CondorScratchDir = "/pool/condor/dir_1759828"
	Cpus = 8
	Disk = 2694424
	Memory = 16000
...
006 (10252909.4314.000) 07/24 20:20:20 Image size of job updated: 165732
	11  -  MemoryUsage of job (MB)
	10676  -  ResidentSetSize of job (KB)
...
040 (10252909.4314.000) 07/24 20:20:20 Started transferring output files
...
040 (10252909.4314.000) 07/24 20:20:20 Finished transferring output files
...
005 (10252909.4314.000) 07/24 20:20:20 Job terminated.
	(1) Normal termination (return value 0)
		Usr 0 00:00:03, Sys 0 00:00:00  -  Run Remote Usage
		Usr 0 00:00:00, Sys 0 00:00:00  -  Run Local Usage
		Usr 0 00:00:03, Sys 0 00:00:00  -  Total Remote Usage
		Usr 0 00:00:00, Sys 0 00:00:00  -  Total Local Usage
	6204  -  Run Bytes Sent By Job
	409597  -  Run Bytes Received By Job
	6204  -  Total Bytes Sent By Job
	409597  -  Total Bytes Received By Job
	Partitionable Resources :    Usage  Request Allocated 
	   Cpus                 :        0        8         8 
	   Disk (KB)            :      428      425   2694424 
	   Memory (MB)          :       11    16000     16000 

	Job terminated of its own accord at 2024-07-24T18:20:20Z with exit-code 0.
...
000 (10261715.4314.000) 07/25 13:03:07 Job submitted from host: <188.185.114.121:9618?addrs=188.185.114.121-9618+[2001-1458-d00-a--100-273]-9618&alias=bigbird19.cern.ch&noUDP&sock=schedd_4961_696e>
...
009 (10261715.4314.000) 07/25 13:06:59 Job was aborted.
	via condor_rm (by user yelberke)
...
000 (10261767.4314.000) 07/25 13:20:38 Job submitted from host: <188.185.114.121:9618?addrs=188.185.114.121-9618+[2001-1458-d00-a--100-273]-9618&alias=bigbird19.cern.ch&noUDP&sock=schedd_4961_696e>
...
040 (10261767.4314.000) 07/25 14:45:17 Started transferring input files
	Transferring to host: <188.185.205.207:9618?addrs=188.185.205.207-9618+[2001-1458-303-a--100-4c]-9618&alias=b9p04p5778.cern.ch&noUDP&sock=slot1_15_7408_5b26_159406>
...
040 (10261767.4314.000) 07/25 14:45:17 Finished transferring input files
...
001 (10261767.4314.000) 07/25 14:45:18 Job executing on host: <188.185.205.207:9618?addrs=188.185.205.207-9618+[2001-1458-303-a--100-4c]-9618&alias=b9p04p5778.cern.ch&noUDP&sock=startd_7340_353c>
	SlotName: slot1_15@b9p04p5778.cern.ch
	CondorScratchDir = "/pool/condor/dir_2683255"
	Cpus = 12
	Disk = 2811580
	Memory = 24000
...
006 (10261767.4314.000) 07/25 14:45:22 Image size of job updated: 160872
	7  -  MemoryUsage of job (MB)
	7112  -  ResidentSetSize of job (KB)
...
040 (10261767.4314.000) 07/25 14:45:22 Started transferring output files
...
040 (10261767.4314.000) 07/25 14:45:22 Finished transferring output files
...
005 (10261767.4314.000) 07/25 14:45:22 Job terminated.
	(1) Normal termination (return value 0)
		Usr 0 00:00:03, Sys 0 00:00:00  -  Run Remote Usage
		Usr 0 00:00:00, Sys 0 00:00:00  -  Run Local Usage
		Usr 0 00:00:03, Sys 0 00:00:00  -  Total Remote Usage
		Usr 0 00:00:00, Sys 0 00:00:00  -  Total Local Usage
	6676  -  Run Bytes Sent By Job
	409597  -  Run Bytes Received By Job
	6676  -  Total Bytes Sent By Job
	409597  -  Total Bytes Received By Job
	Partitionable Resources :    Usage  Request Allocated 
	   Cpus                 :        0       12        12 
	   Disk (KB)            :      428      425   2811580 
	   Memory (MB)          :        7    24000     24000 

	Job terminated of its own accord at 2024-07-25T12:45:22Z with exit-code 0.
...
000 (10284266.4314.000) 08/02 15:46:50 Job submitted from host: <188.185.114.121:9618?addrs=188.185.114.121-9618+[2001-1458-d00-a--100-273]-9618&alias=bigbird19.cern.ch&noUDP&sock=schedd_4961_696e>
...
000 (10284267.4314.000) 08/02 15:50:11 Job submitted from host: <188.185.114.121:9618?addrs=188.185.114.121-9618+[2001-1458-d00-a--100-273]-9618&alias=bigbird19.cern.ch&noUDP&sock=schedd_4961_696e>
...
009 (10284266.4314.000) 08/02 15:50:33 Job was aborted.
	via condor_rm (by user yelberke)
...
040 (10284267.4314.000) 08/02 17:00:53 Started transferring input files
	Transferring to host: <188.185.207.197:9618?addrs=188.185.207.197-9618+[2001-1458-303-e--100-42]-9618&alias=b9p08p9966.cern.ch&noUDP&sock=slot1_5_7360_8924_154047>
...
040 (10284267.4314.000) 08/02 17:00:53 Finished transferring input files
...
001 (10284267.4314.000) 08/02 17:00:54 Job executing on host: <188.185.207.197:9618?addrs=188.185.207.197-9618+[2001-1458-303-e--100-42]-9618&alias=b9p08p9966.cern.ch&noUDP&sock=startd_5698_eeba>
	SlotName: slot1_5@b9p08p9966.cern.ch
	CondorScratchDir = "/pool/condor/dir_2517532"
	Cpus = 12
	Disk = 2927785
	Memory = 24000
...
006 (10284267.4314.000) 08/02 17:00:56 Image size of job updated: 325444
	3  -  MemoryUsage of job (MB)
	2912  -  ResidentSetSize of job (KB)
...
040 (10284267.4314.000) 08/02 17:00:56 Started transferring output files
...
040 (10284267.4314.000) 08/02 17:00:56 Finished transferring output files
...
005 (10284267.4314.000) 08/02 17:00:56 Job terminated.
	(1) Normal termination (return value 139)
		Usr 0 00:00:02, Sys 0 00:00:01  -  Run Remote Usage
		Usr 0 00:00:00, Sys 0 00:00:00  -  Run Local Usage
		Usr 0 00:00:02, Sys 0 00:00:01  -  Total Remote Usage
		Usr 0 00:00:00, Sys 0 00:00:00  -  Total Local Usage
	7696  -  Run Bytes Sent By Job
	409597  -  Run Bytes Received By Job
	7696  -  Total Bytes Sent By Job
	409597  -  Total Bytes Received By Job
	Partitionable Resources :    Usage  Request Allocated 
	   Cpus                 :        0       12        12 
	   Disk (KB)            :      429      425   2927785 
	   Memory (MB)          :        3    24000     24000 

	Job terminated of its own accord at 2024-08-02T15:00:56Z with exit-code 139.
...
