000 (10252905.4323.000) 07/24 16:13:21 Job submitted from host: <188.185.114.121:9618?addrs=188.185.114.121-9618+[2001-1458-d00-a--100-273]-9618&alias=bigbird19.cern.ch&noUDP&sock=schedd_4961_696e>
...
009 (10252905.4323.000) 07/24 16:14:51 Job was aborted.
	via condor_rm (by user yelberke)
...
000 (10252906.4323.000) 07/24 16:15:39 Job submitted from host: <188.185.114.121:9618?addrs=188.185.114.121-9618+[2001-1458-d00-a--100-273]-9618&alias=bigbird19.cern.ch&noUDP&sock=schedd_4961_696e>
...
000 (10252907.4323.000) 07/24 16:17:34 Job submitted from host: <188.185.114.121:9618?addrs=188.185.114.121-9618+[2001-1458-d00-a--100-273]-9618&alias=bigbird19.cern.ch&noUDP&sock=schedd_4961_696e>
...
000 (10252908.4323.000) 07/24 16:18:07 Job submitted from host: <188.185.114.121:9618?addrs=188.185.114.121-9618+[2001-1458-d00-a--100-273]-9618&alias=bigbird19.cern.ch&noUDP&sock=schedd_4961_696e>
...
000 (10252909.4323.000) 07/24 16:18:43 Job submitted from host: <188.185.114.121:9618?addrs=188.185.114.121-9618+[2001-1458-d00-a--100-273]-9618&alias=bigbird19.cern.ch&noUDP&sock=schedd_4961_696e>
...
040 (10252906.4323.000) 07/24 17:08:38 Started transferring input files
	Transferring to host: <188.185.205.183:9618?addrs=188.185.205.183-9618&alias=b9p04p6589.cern.ch&noUDP&sock=slot1_2_6896_9b12_154314>
...
040 (10252906.4323.000) 07/24 17:08:38 Finished transferring input files
...
001 (10252906.4323.000) 07/24 17:08:39 Job executing on host: <188.185.205.183:9618?addrs=188.185.205.183-9618&alias=b9p04p6589.cern.ch&noUDP&sock=startd_6829_b457>
	SlotName: slot1_2@b9p04p6589.cern.ch
	CondorScratchDir = "/pool/condor/dir_1442666"
	Cpus = 8
	Disk = 2724029
	Memory = 16000
...
006 (10252906.4323.000) 07/24 17:08:43 Image size of job updated: 156904
	7  -  MemoryUsage of job (MB)
	6728  -  ResidentSetSize of job (KB)
...
040 (10252906.4323.000) 07/24 17:08:43 Started transferring output files
...
040 (10252906.4323.000) 07/24 17:08:43 Finished transferring output files
...
005 (10252906.4323.000) 07/24 17:08:43 Job terminated.
	(1) Normal termination (return value 0)
		Usr 0 00:00:03, Sys 0 00:00:00  -  Run Remote Usage
		Usr 0 00:00:00, Sys 0 00:00:00  -  Run Local Usage
		Usr 0 00:00:03, Sys 0 00:00:00  -  Total Remote Usage
		Usr 0 00:00:00, Sys 0 00:00:00  -  Total Local Usage
	6201  -  Run Bytes Sent By Job
	409597  -  Run Bytes Received By Job
	6201  -  Total Bytes Sent By Job
	409597  -  Total Bytes Received By Job
	Partitionable Resources :    Usage  Request Allocated 
	   Cpus                 :        0        8         8 
	   Disk (KB)            :      428      425   2724029 
	   Memory (MB)          :        7    16000     16000 

	Job terminated of its own accord at 2024-07-24T15:08:43Z with exit-code 0.
...
040 (10252907.4323.000) 07/24 18:16:20 Started transferring input files
	Transferring to host: <188.185.208.222:9618?addrs=188.185.208.222-9618+[2001-1458-303-10--100-5b]-9618&alias=b9p10p1546.cern.ch&noUDP&sock=slot1_14_54917_be92_24813>
...
040 (10252907.4323.000) 07/24 18:16:20 Finished transferring input files
...
001 (10252907.4323.000) 07/24 18:16:21 Job executing on host: <188.185.208.222:9618?addrs=188.185.208.222-9618+[2001-1458-303-10--100-5b]-9618&alias=b9p10p1546.cern.ch&noUDP&sock=startd_54861_a94d>
	SlotName: slot1_14@b9p10p1546.cern.ch
	CondorScratchDir = "/pool/condor/dir_2222680"
	Cpus = 8
	Disk = 2598561
	Memory = 16000
...
006 (10252907.4323.000) 07/24 18:16:25 Image size of job updated: 159224
	9  -  MemoryUsage of job (MB)
	8604  -  ResidentSetSize of job (KB)
...
040 (10252907.4323.000) 07/24 18:16:25 Started transferring output files
...
040 (10252907.4323.000) 07/24 18:16:25 Finished transferring output files
...
005 (10252907.4323.000) 07/24 18:16:25 Job terminated.
	(1) Normal termination (return value 0)
		Usr 0 00:00:03, Sys 0 00:00:00  -  Run Remote Usage
		Usr 0 00:00:00, Sys 0 00:00:00  -  Run Local Usage
		Usr 0 00:00:03, Sys 0 00:00:00  -  Total Remote Usage
		Usr 0 00:00:00, Sys 0 00:00:00  -  Total Local Usage
	6204  -  Run Bytes Sent By Job
	409597  -  Run Bytes Received By Job
	6204  -  Total Bytes Sent By Job
	409597  -  Total Bytes Received By Job
	Partitionable Resources :    Usage  Request Allocated 
	   Cpus                 :     0.06        8         8 
	   Disk (KB)            :   427         425   2598561 
	   Memory (MB)          :     9       16000     16000 

	Job terminated of its own accord at 2024-07-24T16:16:25Z with exit-code 0.
...
040 (10252908.4323.000) 07/24 19:21:27 Started transferring input files
	Transferring to host: <188.185.205.125:9618?addrs=188.185.205.125-9618+[2001-1458-303-9--100-7a]-9618&alias=b9p03p9078.cern.ch&noUDP&sock=slot1_14_6035_f40e_80790>
...
040 (10252908.4323.000) 07/24 19:21:27 Finished transferring input files
...
001 (10252908.4323.000) 07/24 19:21:28 Job executing on host: <188.185.205.125:9618?addrs=188.185.205.125-9618+[2001-1458-303-9--100-7a]-9618&alias=b9p03p9078.cern.ch&noUDP&sock=startd_4951_8d7b>
	SlotName: slot1_14@b9p03p9078.cern.ch
	CondorScratchDir = "/pool/condor/dir_351957"
	Cpus = 8
	Disk = 2805818
	Memory = 16000
...
006 (10252908.4323.000) 07/24 19:21:32 Image size of job updated: 163848
	10  -  MemoryUsage of job (MB)
	9852  -  ResidentSetSize of job (KB)
...
040 (10252908.4323.000) 07/24 19:21:32 Started transferring output files
...
040 (10252908.4323.000) 07/24 19:21:32 Finished transferring output files
...
005 (10252908.4323.000) 07/24 19:21:32 Job terminated.
	(1) Normal termination (return value 0)
		Usr 0 00:00:03, Sys 0 00:00:00  -  Run Remote Usage
		Usr 0 00:00:00, Sys 0 00:00:00  -  Run Local Usage
		Usr 0 00:00:03, Sys 0 00:00:00  -  Total Remote Usage
		Usr 0 00:00:00, Sys 0 00:00:00  -  Total Local Usage
	6204  -  Run Bytes Sent By Job
	409597  -  Run Bytes Received By Job
	6204  -  Total Bytes Sent By Job
	409597  -  Total Bytes Received By Job
	Partitionable Resources :    Usage  Request Allocated 
	   Cpus                 :        0        8         8 
	   Disk (KB)            :      428      425   2805818 
	   Memory (MB)          :       10    16000     16000 

	Job terminated of its own accord at 2024-07-24T17:21:32Z with exit-code 0.
...
040 (10252909.4323.000) 07/24 20:20:18 Started transferring input files
	Transferring to host: <188.185.206.205:9618?addrs=188.185.206.205-9618&alias=b9p06p1318.cern.ch&noUDP&sock=slot1_10_4974_6203_156538>
...
040 (10252909.4323.000) 07/24 20:20:18 Finished transferring input files
...
001 (10252909.4323.000) 07/24 20:20:19 Job executing on host: <188.185.206.205:9618?addrs=188.185.206.205-9618&alias=b9p06p1318.cern.ch&noUDP&sock=startd_4302_6484>
	SlotName: slot1_10@b9p06p1318.cern.ch
	CondorScratchDir = "/pool/condor/dir_1515999"
	Cpus = 8
	Disk = 2819776
	Memory = 16000
...
006 (10252909.4323.000) 07/24 20:20:23 Image size of job updated: 165984
	11  -  MemoryUsage of job (MB)
	10684  -  ResidentSetSize of job (KB)
...
040 (10252909.4323.000) 07/24 20:20:23 Started transferring output files
...
040 (10252909.4323.000) 07/24 20:20:23 Finished transferring output files
...
005 (10252909.4323.000) 07/24 20:20:23 Job terminated.
	(1) Normal termination (return value 0)
		Usr 0 00:00:03, Sys 0 00:00:00  -  Run Remote Usage
		Usr 0 00:00:00, Sys 0 00:00:00  -  Run Local Usage
		Usr 0 00:00:03, Sys 0 00:00:00  -  Total Remote Usage
		Usr 0 00:00:00, Sys 0 00:00:00  -  Total Local Usage
	6204  -  Run Bytes Sent By Job
	409597  -  Run Bytes Received By Job
	6204  -  Total Bytes Sent By Job
	409597  -  Total Bytes Received By Job
	Partitionable Resources :    Usage  Request Allocated 
	   Cpus                 :                 8         8 
	   Disk (KB)            :      420      425   2819776 
	   Memory (MB)          :       11    16000     16000 

	Job terminated of its own accord at 2024-07-24T18:20:23Z with exit-code 0.
...
000 (10261715.4323.000) 07/25 13:03:08 Job submitted from host: <188.185.114.121:9618?addrs=188.185.114.121-9618+[2001-1458-d00-a--100-273]-9618&alias=bigbird19.cern.ch&noUDP&sock=schedd_4961_696e>
...
009 (10261715.4323.000) 07/25 13:06:59 Job was aborted.
	via condor_rm (by user yelberke)
...
000 (10261767.4323.000) 07/25 13:20:38 Job submitted from host: <188.185.114.121:9618?addrs=188.185.114.121-9618+[2001-1458-d00-a--100-273]-9618&alias=bigbird19.cern.ch&noUDP&sock=schedd_4961_696e>
...
040 (10261767.4323.000) 07/25 14:45:19 Started transferring input files
	Transferring to host: <188.185.208.52:9618?addrs=188.185.208.52-9618+[2001-1458-303-f--100-31]-9618&alias=b9p09p4575.cern.ch&noUDP&sock=slot1_21_128918_24b3_147334>
...
040 (10261767.4323.000) 07/25 14:45:19 Finished transferring input files
...
001 (10261767.4323.000) 07/25 14:45:20 Job executing on host: <188.185.208.52:9618?addrs=188.185.208.52-9618+[2001-1458-303-f--100-31]-9618&alias=b9p09p4575.cern.ch&noUDP&sock=startd_116323_7b2c>
	SlotName: slot1_21@b9p09p4575.cern.ch
	CondorScratchDir = "/pool/condor/dir_3199349"
	Cpus = 12
	Disk = 2815876
	Memory = 24000
...
006 (10261767.4323.000) 07/25 14:45:24 Image size of job updated: 167216
	10  -  MemoryUsage of job (MB)
	10200  -  ResidentSetSize of job (KB)
...
040 (10261767.4323.000) 07/25 14:45:24 Started transferring output files
...
040 (10261767.4323.000) 07/25 14:45:25 Finished transferring output files
...
005 (10261767.4323.000) 07/25 14:45:25 Job terminated.
	(1) Normal termination (return value 0)
		Usr 0 00:00:03, Sys 0 00:00:00  -  Run Remote Usage
		Usr 0 00:00:00, Sys 0 00:00:00  -  Run Local Usage
		Usr 0 00:00:03, Sys 0 00:00:00  -  Total Remote Usage
		Usr 0 00:00:00, Sys 0 00:00:00  -  Total Local Usage
	6676  -  Run Bytes Sent By Job
	409597  -  Run Bytes Received By Job
	6676  -  Total Bytes Sent By Job
	409597  -  Total Bytes Received By Job
	Partitionable Resources :    Usage  Request Allocated 
	   Cpus                 :        0       12        12 
	   Disk (KB)            :      428      425   2815876 
	   Memory (MB)          :       10    24000     24000 

	Job terminated of its own accord at 2024-07-25T12:45:24Z with exit-code 0.
...
000 (10284266.4323.000) 08/02 15:46:50 Job submitted from host: <188.185.114.121:9618?addrs=188.185.114.121-9618+[2001-1458-d00-a--100-273]-9618&alias=bigbird19.cern.ch&noUDP&sock=schedd_4961_696e>
...
000 (10284267.4323.000) 08/02 15:50:11 Job submitted from host: <188.185.114.121:9618?addrs=188.185.114.121-9618+[2001-1458-d00-a--100-273]-9618&alias=bigbird19.cern.ch&noUDP&sock=schedd_4961_696e>
...
009 (10284266.4323.000) 08/02 15:50:33 Job was aborted.
	via condor_rm (by user yelberke)
...
040 (10284267.4323.000) 08/02 17:00:56 Started transferring input files
	Transferring to host: <188.185.208.222:9618?addrs=188.185.208.222-9618+[2001-1458-303-10--100-5b]-9618&alias=b9p10p1546.cern.ch&noUDP&sock=slot1_7_54917_be92_34436>
...
040 (10284267.4323.000) 08/02 17:00:56 Finished transferring input files
...
001 (10284267.4323.000) 08/02 17:00:57 Job executing on host: <188.185.208.222:9618?addrs=188.185.208.222-9618+[2001-1458-303-10--100-5b]-9618&alias=b9p10p1546.cern.ch&noUDP&sock=startd_54861_a94d>
	SlotName: slot1_7@b9p10p1546.cern.ch
	CondorScratchDir = "/pool/condor/dir_3910858"
	Cpus = 12
	Disk = 2805353
	Memory = 24000
...
006 (10284267.4323.000) 08/02 17:00:59 Image size of job updated: 327256
	4  -  MemoryUsage of job (MB)
	4064  -  ResidentSetSize of job (KB)
...
040 (10284267.4323.000) 08/02 17:00:59 Started transferring output files
...
040 (10284267.4323.000) 08/02 17:00:59 Finished transferring output files
...
005 (10284267.4323.000) 08/02 17:00:59 Job terminated.
	(1) Normal termination (return value 139)
		Usr 0 00:00:01, Sys 0 00:00:00  -  Run Remote Usage
		Usr 0 00:00:00, Sys 0 00:00:00  -  Run Local Usage
		Usr 0 00:00:01, Sys 0 00:00:00  -  Total Remote Usage
		Usr 0 00:00:00, Sys 0 00:00:00  -  Total Local Usage
	7696  -  Run Bytes Sent By Job
	409597  -  Run Bytes Received By Job
	7696  -  Total Bytes Sent By Job
	409597  -  Total Bytes Received By Job
	Partitionable Resources :    Usage  Request Allocated 
	   Cpus                 :        0       12        12 
	   Disk (KB)            :      429      425   2805353 
	   Memory (MB)          :        4    24000     24000 

	Job terminated of its own accord at 2024-08-02T15:00:59Z with exit-code 139.
...
