000 (10252905.4341.000) 07/24 16:13:21 Job submitted from host: <188.185.114.121:9618?addrs=188.185.114.121-9618+[2001-1458-d00-a--100-273]-9618&alias=bigbird19.cern.ch&noUDP&sock=schedd_4961_696e>
...
009 (10252905.4341.000) 07/24 16:14:51 Job was aborted.
	via condor_rm (by user yelberke)
...
000 (10252906.4341.000) 07/24 16:15:39 Job submitted from host: <188.185.114.121:9618?addrs=188.185.114.121-9618+[2001-1458-d00-a--100-273]-9618&alias=bigbird19.cern.ch&noUDP&sock=schedd_4961_696e>
...
000 (10252907.4341.000) 07/24 16:17:34 Job submitted from host: <188.185.114.121:9618?addrs=188.185.114.121-9618+[2001-1458-d00-a--100-273]-9618&alias=bigbird19.cern.ch&noUDP&sock=schedd_4961_696e>
...
000 (10252908.4341.000) 07/24 16:18:07 Job submitted from host: <188.185.114.121:9618?addrs=188.185.114.121-9618+[2001-1458-d00-a--100-273]-9618&alias=bigbird19.cern.ch&noUDP&sock=schedd_4961_696e>
...
000 (10252909.4341.000) 07/24 16:18:43 Job submitted from host: <188.185.114.121:9618?addrs=188.185.114.121-9618+[2001-1458-d00-a--100-273]-9618&alias=bigbird19.cern.ch&noUDP&sock=schedd_4961_696e>
...
040 (10252906.4341.000) 07/24 17:08:45 Started transferring input files
	Transferring to host: <128.142.248.37:9618?addrs=128.142.248.37-9618+[2001-1458-301-73--100-115]-9618&alias=b9g23p1754.cern.ch&noUDP&sock=slot1_12_7975_dbdd_84362>
...
040 (10252906.4341.000) 07/24 17:08:45 Finished transferring input files
...
001 (10252906.4341.000) 07/24 17:08:46 Job executing on host: <128.142.248.37:9618?addrs=128.142.248.37-9618+[2001-1458-301-73--100-115]-9618&alias=b9g23p1754.cern.ch&noUDP&sock=startd_6716_3224>
	SlotName: slot1_12@b9g23p1754.cern.ch
	CondorScratchDir = "/pool/condor/dir_2465744"
	Cpus = 8
	Disk = 2952933
	Memory = 16000
...
006 (10252906.4341.000) 07/24 17:08:52 Image size of job updated: 162836
	9  -  MemoryUsage of job (MB)
	9180  -  ResidentSetSize of job (KB)
...
040 (10252906.4341.000) 07/24 17:08:52 Started transferring output files
...
040 (10252906.4341.000) 07/24 17:08:52 Finished transferring output files
...
005 (10252906.4341.000) 07/24 17:08:52 Job terminated.
	(1) Normal termination (return value 0)
		Usr 0 00:00:04, Sys 0 00:00:00  -  Run Remote Usage
		Usr 0 00:00:00, Sys 0 00:00:00  -  Run Local Usage
		Usr 0 00:00:04, Sys 0 00:00:00  -  Total Remote Usage
		Usr 0 00:00:00, Sys 0 00:00:00  -  Total Local Usage
	6201  -  Run Bytes Sent By Job
	409597  -  Run Bytes Received By Job
	6201  -  Total Bytes Sent By Job
	409597  -  Total Bytes Received By Job
	Partitionable Resources :    Usage  Request Allocated 
	   Cpus                 :        0        8         8 
	   Disk (KB)            :      428      425   2952933 
	   Memory (MB)          :        9    16000     16000 

	Job terminated of its own accord at 2024-07-24T15:08:52Z with exit-code 0.
...
040 (10252907.4341.000) 07/24 18:16:28 Started transferring input files
	Transferring to host: <188.185.209.225:9618?addrs=188.185.209.225-9618+[2001-1458-303-12--100-5e]-9618&alias=b9p12p3280.cern.ch&noUDP&sock=slot1_6_7365_0f05_146845>
...
040 (10252907.4341.000) 07/24 18:16:28 Finished transferring input files
...
001 (10252907.4341.000) 07/24 18:16:29 Job executing on host: <188.185.209.225:9618?addrs=188.185.209.225-9618+[2001-1458-303-12--100-5e]-9618&alias=b9p12p3280.cern.ch&noUDP&sock=startd_5922_93f1>
	SlotName: slot1_6@b9p12p3280.cern.ch
	CondorScratchDir = "/pool/condor/dir_159789"
	Cpus = 8
	Disk = 2831414
	Memory = 16000
...
006 (10252907.4341.000) 07/24 18:16:33 Image size of job updated: 157252
	8  -  MemoryUsage of job (MB)
	7172  -  ResidentSetSize of job (KB)
...
040 (10252907.4341.000) 07/24 18:16:33 Started transferring output files
...
040 (10252907.4341.000) 07/24 18:16:33 Finished transferring output files
...
005 (10252907.4341.000) 07/24 18:16:33 Job terminated.
	(1) Normal termination (return value 0)
		Usr 0 00:00:03, Sys 0 00:00:00  -  Run Remote Usage
		Usr 0 00:00:00, Sys 0 00:00:00  -  Run Local Usage
		Usr 0 00:00:03, Sys 0 00:00:00  -  Total Remote Usage
		Usr 0 00:00:00, Sys 0 00:00:00  -  Total Local Usage
	6204  -  Run Bytes Sent By Job
	409597  -  Run Bytes Received By Job
	6204  -  Total Bytes Sent By Job
	409597  -  Total Bytes Received By Job
	Partitionable Resources :    Usage  Request Allocated 
	   Cpus                 :        0        8         8 
	   Disk (KB)            :      427      425   2831414 
	   Memory (MB)          :        8    16000     16000 

	Job terminated of its own accord at 2024-07-24T16:16:33Z with exit-code 0.
...
040 (10252908.4341.000) 07/24 19:21:39 Started transferring input files
	Transferring to host: <188.185.205.179:9618?addrs=188.185.205.179-9618+[2001-1458-303-a--100-30]-9618&alias=b9p04p5046.cern.ch&noUDP&sock=slot1_14_7364_5aa5_154440>
...
040 (10252908.4341.000) 07/24 19:21:39 Finished transferring input files
...
001 (10252908.4341.000) 07/24 19:21:40 Job executing on host: <188.185.205.179:9618?addrs=188.185.205.179-9618+[2001-1458-303-a--100-30]-9618&alias=b9p04p5046.cern.ch&noUDP&sock=startd_7297_b6aa>
	SlotName: slot1_14@b9p04p5046.cern.ch
	CondorScratchDir = "/pool/condor/dir_3189948"
	Cpus = 8
	Disk = 2707075
	Memory = 16000
...
006 (10252908.4341.000) 07/24 19:21:44 Image size of job updated: 158876
	8  -  MemoryUsage of job (MB)
	7532  -  ResidentSetSize of job (KB)
...
040 (10252908.4341.000) 07/24 19:21:44 Started transferring output files
...
040 (10252908.4341.000) 07/24 19:21:44 Finished transferring output files
...
005 (10252908.4341.000) 07/24 19:21:44 Job terminated.
	(1) Normal termination (return value 0)
		Usr 0 00:00:03, Sys 0 00:00:00  -  Run Remote Usage
		Usr 0 00:00:00, Sys 0 00:00:00  -  Run Local Usage
		Usr 0 00:00:03, Sys 0 00:00:00  -  Total Remote Usage
		Usr 0 00:00:00, Sys 0 00:00:00  -  Total Local Usage
	6204  -  Run Bytes Sent By Job
	409597  -  Run Bytes Received By Job
	6204  -  Total Bytes Sent By Job
	409597  -  Total Bytes Received By Job
	Partitionable Resources :    Usage  Request Allocated 
	   Cpus                 :                 8         8 
	   Disk (KB)            :      421      425   2707075 
	   Memory (MB)          :        8    16000     16000 

	Job terminated of its own accord at 2024-07-24T17:21:44Z with exit-code 0.
...
040 (10252909.4341.000) 07/24 20:20:24 Started transferring input files
	Transferring to host: <188.185.205.13:9618?addrs=188.185.205.13-9618+[2001-1458-303-9--100-81]-9618&alias=b9p03p2205.cern.ch&noUDP&sock=slot1_11_3583_4c2b_30705>
...
040 (10252909.4341.000) 07/24 20:20:24 Finished transferring input files
...
001 (10252909.4341.000) 07/24 20:20:25 Job executing on host: <188.185.205.13:9618?addrs=188.185.205.13-9618+[2001-1458-303-9--100-81]-9618&alias=b9p03p2205.cern.ch&noUDP&sock=startd_3230_16fe>
	SlotName: slot1_11@b9p03p2205.cern.ch
	CondorScratchDir = "/pool/condor/dir_2818582"
	Cpus = 8
	Disk = 2746805
	Memory = 16000
...
006 (10252909.4341.000) 07/24 20:20:29 Image size of job updated: 163160
	9  -  MemoryUsage of job (MB)
	8996  -  ResidentSetSize of job (KB)
...
040 (10252909.4341.000) 07/24 20:20:29 Started transferring output files
...
040 (10252909.4341.000) 07/24 20:20:29 Finished transferring output files
...
005 (10252909.4341.000) 07/24 20:20:29 Job terminated.
	(1) Normal termination (return value 0)
		Usr 0 00:00:03, Sys 0 00:00:00  -  Run Remote Usage
		Usr 0 00:00:00, Sys 0 00:00:00  -  Run Local Usage
		Usr 0 00:00:03, Sys 0 00:00:00  -  Total Remote Usage
		Usr 0 00:00:00, Sys 0 00:00:00  -  Total Local Usage
	6204  -  Run Bytes Sent By Job
	409597  -  Run Bytes Received By Job
	6204  -  Total Bytes Sent By Job
	409597  -  Total Bytes Received By Job
	Partitionable Resources :    Usage  Request Allocated 
	   Cpus                 :        0        8         8 
	   Disk (KB)            :      428      425   2746805 
	   Memory (MB)          :        9    16000     16000 

	Job terminated of its own accord at 2024-07-24T18:20:29Z with exit-code 0.
...
000 (10261715.4341.000) 07/25 13:03:09 Job submitted from host: <188.185.114.121:9618?addrs=188.185.114.121-9618+[2001-1458-d00-a--100-273]-9618&alias=bigbird19.cern.ch&noUDP&sock=schedd_4961_696e>
...
009 (10261715.4341.000) 07/25 13:06:59 Job was aborted.
	via condor_rm (by user yelberke)
...
000 (10261767.4341.000) 07/25 13:20:38 Job submitted from host: <188.185.114.121:9618?addrs=188.185.114.121-9618+[2001-1458-d00-a--100-273]-9618&alias=bigbird19.cern.ch&noUDP&sock=schedd_4961_696e>
...
040 (10261767.4341.000) 07/25 14:45:25 Started transferring input files
	Transferring to host: <188.185.205.208:9618?addrs=188.185.205.208-9618&alias=b9p04p9301.cern.ch&noUDP&sock=slot1_9_6907_5b32_158049>
...
040 (10261767.4341.000) 07/25 14:45:25 Finished transferring input files
...
001 (10261767.4341.000) 07/25 14:45:26 Job executing on host: <188.185.205.208:9618?addrs=188.185.205.208-9618&alias=b9p04p9301.cern.ch&noUDP&sock=startd_6839_904a>
	SlotName: slot1_9@b9p04p9301.cern.ch
	CondorScratchDir = "/pool/condor/dir_3097795"
	Cpus = 12
	Disk = 2946791
	Memory = 24000
...
006 (10261767.4341.000) 07/25 14:45:30 Image size of job updated: 160912
	7  -  MemoryUsage of job (MB)
	7040  -  ResidentSetSize of job (KB)
...
040 (10261767.4341.000) 07/25 14:45:30 Started transferring output files
...
040 (10261767.4341.000) 07/25 14:45:30 Finished transferring output files
...
005 (10261767.4341.000) 07/25 14:45:30 Job terminated.
	(1) Normal termination (return value 0)
		Usr 0 00:00:03, Sys 0 00:00:00  -  Run Remote Usage
		Usr 0 00:00:00, Sys 0 00:00:00  -  Run Local Usage
		Usr 0 00:00:03, Sys 0 00:00:00  -  Total Remote Usage
		Usr 0 00:00:00, Sys 0 00:00:00  -  Total Local Usage
	6676  -  Run Bytes Sent By Job
	409597  -  Run Bytes Received By Job
	6676  -  Total Bytes Sent By Job
	409597  -  Total Bytes Received By Job
	Partitionable Resources :    Usage  Request Allocated 
	   Cpus                 :        0       12        12 
	   Disk (KB)            :      427      425   2946791 
	   Memory (MB)          :        7    24000     24000 

	Job terminated of its own accord at 2024-07-25T12:45:30Z with exit-code 0.
...
000 (10284266.4341.000) 08/02 15:46:51 Job submitted from host: <188.185.114.121:9618?addrs=188.185.114.121-9618+[2001-1458-d00-a--100-273]-9618&alias=bigbird19.cern.ch&noUDP&sock=schedd_4961_696e>
...
000 (10284267.4341.000) 08/02 15:50:11 Job submitted from host: <188.185.114.121:9618?addrs=188.185.114.121-9618+[2001-1458-d00-a--100-273]-9618&alias=bigbird19.cern.ch&noUDP&sock=schedd_4961_696e>
...
009 (10284266.4341.000) 08/02 15:50:33 Job was aborted.
	via condor_rm (by user yelberke)
...
040 (10284267.4341.000) 08/02 17:01:02 Started transferring input files
	Transferring to host: <188.185.208.205:9618?addrs=188.185.208.205-9618+[2001-1458-303-10--100-4a]-9618&alias=b9p10p8826.cern.ch&noUDP&sock=slot1_2_729221_e9af_669>
...
040 (10284267.4341.000) 08/02 17:01:02 Finished transferring input files
...
001 (10284267.4341.000) 08/02 17:01:03 Job executing on host: <188.185.208.205:9618?addrs=188.185.208.205-9618+[2001-1458-303-10--100-4a]-9618&alias=b9p10p8826.cern.ch&noUDP&sock=startd_3645_becb>
	SlotName: slot1_2@b9p10p8826.cern.ch
	CondorScratchDir = "/pool/condor/dir_3846631"
	Cpus = 12
	Disk = 2812169
	Memory = 24000
...
006 (10284267.4341.000) 08/02 17:01:05 Image size of job updated: 324536
	3  -  MemoryUsage of job (MB)
	2684  -  ResidentSetSize of job (KB)
...
040 (10284267.4341.000) 08/02 17:01:05 Started transferring output files
...
040 (10284267.4341.000) 08/02 17:01:05 Finished transferring output files
...
005 (10284267.4341.000) 08/02 17:01:05 Job terminated.
	(1) Normal termination (return value 139)
		Usr 0 00:00:02, Sys 0 00:00:01  -  Run Remote Usage
		Usr 0 00:00:00, Sys 0 00:00:00  -  Run Local Usage
		Usr 0 00:00:02, Sys 0 00:00:01  -  Total Remote Usage
		Usr 0 00:00:00, Sys 0 00:00:00  -  Total Local Usage
	7696  -  Run Bytes Sent By Job
	409597  -  Run Bytes Received By Job
	7696  -  Total Bytes Sent By Job
	409597  -  Total Bytes Received By Job
	Partitionable Resources :    Usage  Request Allocated 
	   Cpus                 :                12        12 
	   Disk (KB)            :      422      425   2812169 
	   Memory (MB)          :        3    24000     24000 

	Job terminated of its own accord at 2024-08-02T15:01:05Z with exit-code 139.
...
