000 (10252905.4346.000) 07/24 16:13:21 Job submitted from host: <188.185.114.121:9618?addrs=188.185.114.121-9618+[2001-1458-d00-a--100-273]-9618&alias=bigbird19.cern.ch&noUDP&sock=schedd_4961_696e>
...
009 (10252905.4346.000) 07/24 16:14:51 Job was aborted.
	via condor_rm (by user yelberke)
...
000 (10252906.4346.000) 07/24 16:15:39 Job submitted from host: <188.185.114.121:9618?addrs=188.185.114.121-9618+[2001-1458-d00-a--100-273]-9618&alias=bigbird19.cern.ch&noUDP&sock=schedd_4961_696e>
...
000 (10252907.4346.000) 07/24 16:17:34 Job submitted from host: <188.185.114.121:9618?addrs=188.185.114.121-9618+[2001-1458-d00-a--100-273]-9618&alias=bigbird19.cern.ch&noUDP&sock=schedd_4961_696e>
...
000 (10252908.4346.000) 07/24 16:18:07 Job submitted from host: <188.185.114.121:9618?addrs=188.185.114.121-9618+[2001-1458-d00-a--100-273]-9618&alias=bigbird19.cern.ch&noUDP&sock=schedd_4961_696e>
...
000 (10252909.4346.000) 07/24 16:18:43 Job submitted from host: <188.185.114.121:9618?addrs=188.185.114.121-9618+[2001-1458-d00-a--100-273]-9618&alias=bigbird19.cern.ch&noUDP&sock=schedd_4961_696e>
...
040 (10252906.4346.000) 07/24 17:08:47 Started transferring input files
	Transferring to host: <188.185.194.105:9618?addrs=188.185.194.105-9618+[2001-1458-303-21--100-65]-9618&alias=b9p20p0035.cern.ch&noUDP&sock=slot1_14_2894640_7dc7_6398>
...
040 (10252906.4346.000) 07/24 17:08:47 Finished transferring input files
...
001 (10252906.4346.000) 07/24 17:08:48 Job executing on host: <188.185.194.105:9618?addrs=188.185.194.105-9618+[2001-1458-303-21--100-65]-9618&alias=b9p20p0035.cern.ch&noUDP&sock=startd_128359_2d10>
	SlotName: slot1_14@b9p20p0035.cern.ch
	CondorScratchDir = "/pool/condor/dir_3561042"
	Cpus = 8
	Disk = 3021248
	Memory = 16000
...
006 (10252906.4346.000) 07/24 17:08:56 Image size of job updated: 1
	0  -  MemoryUsage of job (MB)
	0  -  ResidentSetSize of job (KB)
...
006 (10252906.4346.000) 07/24 17:09:19 Image size of job updated: 156844
	7  -  MemoryUsage of job (MB)
	6612  -  ResidentSetSize of job (KB)
...
040 (10252906.4346.000) 07/24 17:09:19 Started transferring output files
...
040 (10252906.4346.000) 07/24 17:09:19 Finished transferring output files
...
005 (10252906.4346.000) 07/24 17:09:19 Job terminated.
	(1) Normal termination (return value 0)
		Usr 0 00:00:04, Sys 0 00:00:00  -  Run Remote Usage
		Usr 0 00:00:00, Sys 0 00:00:00  -  Run Local Usage
		Usr 0 00:00:04, Sys 0 00:00:00  -  Total Remote Usage
		Usr 0 00:00:00, Sys 0 00:00:00  -  Total Local Usage
	6201  -  Run Bytes Sent By Job
	409597  -  Run Bytes Received By Job
	6201  -  Total Bytes Sent By Job
	409597  -  Total Bytes Received By Job
	Partitionable Resources :    Usage  Request Allocated 
	   Cpus                 :        0        8         8 
	   Disk (KB)            :      428      425   3021248 
	   Memory (MB)          :        7    16000     16000 

	Job terminated of its own accord at 2024-07-24T15:09:19Z with exit-code 0.
...
040 (10252907.4346.000) 07/24 18:16:31 Started transferring input files
	Transferring to host: <188.185.204.239:9618?addrs=188.185.204.239-9618+[2001-1458-303-8--100-6c]-9618&alias=b9p02p0016.cern.ch&noUDP&sock=slot1_10_14830_d394_30891>
...
040 (10252907.4346.000) 07/24 18:16:31 Finished transferring input files
...
001 (10252907.4346.000) 07/24 18:16:32 Job executing on host: <188.185.204.239:9618?addrs=188.185.204.239-9618+[2001-1458-303-8--100-6c]-9618&alias=b9p02p0016.cern.ch&noUDP&sock=startd_13767_986b>
	SlotName: slot1_10@b9p02p0016.cern.ch
	CondorScratchDir = "/pool/condor/dir_900395"
	Cpus = 8
	Disk = 2768757
	Memory = 16000
...
006 (10252907.4346.000) 07/24 18:16:37 Image size of job updated: 158104
	8  -  MemoryUsage of job (MB)
	7428  -  ResidentSetSize of job (KB)
...
040 (10252907.4346.000) 07/24 18:16:37 Started transferring output files
...
040 (10252907.4346.000) 07/24 18:16:37 Finished transferring output files
...
005 (10252907.4346.000) 07/24 18:16:42 Job terminated.
	(1) Normal termination (return value 0)
		Usr 0 00:00:03, Sys 0 00:00:00  -  Run Remote Usage
		Usr 0 00:00:00, Sys 0 00:00:00  -  Run Local Usage
		Usr 0 00:00:03, Sys 0 00:00:00  -  Total Remote Usage
		Usr 0 00:00:00, Sys 0 00:00:00  -  Total Local Usage
	6204  -  Run Bytes Sent By Job
	409597  -  Run Bytes Received By Job
	6204  -  Total Bytes Sent By Job
	409597  -  Total Bytes Received By Job
	Partitionable Resources :    Usage  Request Allocated 
	   Cpus                 :        0        8         8 
	   Disk (KB)            :      427      425   2768757 
	   Memory (MB)          :        8    16000     16000 

	Job terminated of its own accord at 2024-07-24T16:16:37Z with exit-code 0.
...
040 (10252908.4346.000) 07/24 19:21:32 Started transferring input files
	Transferring to host: <188.185.207.70:9618?addrs=188.185.207.70-9618+[2001-1458-303-d--100-43]-9618&alias=b9p07p6748.cern.ch&noUDP&sock=slot1_15_9465_b2da_22688>
...
040 (10252908.4346.000) 07/24 19:21:32 Finished transferring input files
...
001 (10252908.4346.000) 07/24 19:21:33 Job executing on host: <188.185.207.70:9618?addrs=188.185.207.70-9618+[2001-1458-303-d--100-43]-9618&alias=b9p07p6748.cern.ch&noUDP&sock=startd_6774_faa2>
	SlotName: slot1_15@b9p07p6748.cern.ch
	CondorScratchDir = "/pool/condor/dir_2264844"
	Cpus = 8
	Disk = 2823579
	Memory = 16000
...
006 (10252908.4346.000) 07/24 19:21:37 Image size of job updated: 158668
	8  -  MemoryUsage of job (MB)
	7852  -  ResidentSetSize of job (KB)
...
040 (10252908.4346.000) 07/24 19:21:37 Started transferring output files
...
040 (10252908.4346.000) 07/24 19:21:37 Finished transferring output files
...
005 (10252908.4346.000) 07/24 19:21:37 Job terminated.
	(1) Normal termination (return value 0)
		Usr 0 00:00:03, Sys 0 00:00:00  -  Run Remote Usage
		Usr 0 00:00:00, Sys 0 00:00:00  -  Run Local Usage
		Usr 0 00:00:03, Sys 0 00:00:00  -  Total Remote Usage
		Usr 0 00:00:00, Sys 0 00:00:00  -  Total Local Usage
	6204  -  Run Bytes Sent By Job
	409597  -  Run Bytes Received By Job
	6204  -  Total Bytes Sent By Job
	409597  -  Total Bytes Received By Job
	Partitionable Resources :    Usage  Request Allocated 
	   Cpus                 :        0        8         8 
	   Disk (KB)            :      427      425   2823579 
	   Memory (MB)          :        8    16000     16000 

	Job terminated of its own accord at 2024-07-24T17:21:37Z with exit-code 0.
...
040 (10252909.4346.000) 07/24 20:20:26 Started transferring input files
	Transferring to host: <188.185.205.107:9618?addrs=188.185.205.107-9618+[2001-1458-303-9--100-68]-9618&alias=b9p03p1852.cern.ch&noUDP&sock=slot1_12_7657_cc90_71956>
...
040 (10252909.4346.000) 07/24 20:20:26 Finished transferring input files
...
001 (10252909.4346.000) 07/24 20:20:27 Job executing on host: <188.185.205.107:9618?addrs=188.185.205.107-9618+[2001-1458-303-9--100-68]-9618&alias=b9p03p1852.cern.ch&noUDP&sock=startd_6598_41f7>
	SlotName: slot1_12@b9p03p1852.cern.ch
	CondorScratchDir = "/pool/condor/dir_2053047"
	Cpus = 8
	Disk = 2770803
	Memory = 16000
...
006 (10252909.4346.000) 07/24 20:20:31 Image size of job updated: 164744
	10  -  MemoryUsage of job (MB)
	9960  -  ResidentSetSize of job (KB)
...
040 (10252909.4346.000) 07/24 20:20:31 Started transferring output files
...
040 (10252909.4346.000) 07/24 20:20:31 Finished transferring output files
...
005 (10252909.4346.000) 07/24 20:20:31 Job terminated.
	(1) Normal termination (return value 0)
		Usr 0 00:00:03, Sys 0 00:00:00  -  Run Remote Usage
		Usr 0 00:00:00, Sys 0 00:00:00  -  Run Local Usage
		Usr 0 00:00:03, Sys 0 00:00:00  -  Total Remote Usage
		Usr 0 00:00:00, Sys 0 00:00:00  -  Total Local Usage
	6204  -  Run Bytes Sent By Job
	409597  -  Run Bytes Received By Job
	6204  -  Total Bytes Sent By Job
	409597  -  Total Bytes Received By Job
	Partitionable Resources :    Usage  Request Allocated 
	   Cpus                 :        0        8         8 
	   Disk (KB)            :      428      425   2770803 
	   Memory (MB)          :       10    16000     16000 

	Job terminated of its own accord at 2024-07-24T18:20:31Z with exit-code 0.
...
000 (10261715.4346.000) 07/25 13:03:09 Job submitted from host: <188.185.114.121:9618?addrs=188.185.114.121-9618+[2001-1458-d00-a--100-273]-9618&alias=bigbird19.cern.ch&noUDP&sock=schedd_4961_696e>
...
009 (10261715.4346.000) 07/25 13:06:59 Job was aborted.
	via condor_rm (by user yelberke)
...
000 (10261767.4346.000) 07/25 13:20:38 Job submitted from host: <188.185.114.121:9618?addrs=188.185.114.121-9618+[2001-1458-d00-a--100-273]-9618&alias=bigbird19.cern.ch&noUDP&sock=schedd_4961_696e>
...
040 (10261767.4346.000) 07/25 14:45:29 Started transferring input files
	Transferring to host: <188.185.204.198:9618?addrs=188.185.204.198-9618+[2001-1458-303-8--100-ba]-9618&alias=b9p02p4655.cern.ch&noUDP&sock=slot1_9_9155_468d_31833>
...
040 (10261767.4346.000) 07/25 14:45:29 Finished transferring input files
...
001 (10261767.4346.000) 07/25 14:45:30 Job executing on host: <188.185.204.198:9618?addrs=188.185.204.198-9618+[2001-1458-303-8--100-ba]-9618&alias=b9p02p4655.cern.ch&noUDP&sock=startd_8132_743e>
	SlotName: slot1_9@b9p02p4655.cern.ch
	CondorScratchDir = "/pool/condor/dir_251236"
	Cpus = 12
	Disk = 2703431
	Memory = 24000
...
006 (10261767.4346.000) 07/25 14:45:34 Image size of job updated: 161072
	7  -  MemoryUsage of job (MB)
	7064  -  ResidentSetSize of job (KB)
...
040 (10261767.4346.000) 07/25 14:45:34 Started transferring output files
...
040 (10261767.4346.000) 07/25 14:45:34 Finished transferring output files
...
005 (10261767.4346.000) 07/25 14:45:34 Job terminated.
	(1) Normal termination (return value 0)
		Usr 0 00:00:03, Sys 0 00:00:00  -  Run Remote Usage
		Usr 0 00:00:00, Sys 0 00:00:00  -  Run Local Usage
		Usr 0 00:00:03, Sys 0 00:00:00  -  Total Remote Usage
		Usr 0 00:00:00, Sys 0 00:00:00  -  Total Local Usage
	6676  -  Run Bytes Sent By Job
	409597  -  Run Bytes Received By Job
	6676  -  Total Bytes Sent By Job
	409597  -  Total Bytes Received By Job
	Partitionable Resources :    Usage  Request Allocated 
	   Cpus                 :     0.05       12        12 
	   Disk (KB)            :   428         425   2703431 
	   Memory (MB)          :     7       24000     24000 

	Job terminated of its own accord at 2024-07-25T12:45:34Z with exit-code 0.
...
000 (10284266.4346.000) 08/02 15:46:51 Job submitted from host: <188.185.114.121:9618?addrs=188.185.114.121-9618+[2001-1458-d00-a--100-273]-9618&alias=bigbird19.cern.ch&noUDP&sock=schedd_4961_696e>
...
000 (10284267.4346.000) 08/02 15:50:11 Job submitted from host: <188.185.114.121:9618?addrs=188.185.114.121-9618+[2001-1458-d00-a--100-273]-9618&alias=bigbird19.cern.ch&noUDP&sock=schedd_4961_696e>
...
009 (10284266.4346.000) 08/02 15:50:34 Job was aborted.
	via condor_rm (by user yelberke)
...
040 (10284267.4346.000) 08/02 17:01:08 Started transferring input files
	Transferring to host: <188.185.209.100:9618?addrs=188.185.209.100-9618+[2001-1458-303-11--100-61]-9618&alias=b9p11p0296.cern.ch&noUDP&sock=slot1_14_7947_215c_155768>
...
040 (10284267.4346.000) 08/02 17:01:08 Finished transferring input files
...
001 (10284267.4346.000) 08/02 17:01:09 Job executing on host: <188.185.209.100:9618?addrs=188.185.209.100-9618+[2001-1458-303-11--100-61]-9618&alias=b9p11p0296.cern.ch&noUDP&sock=startd_6529_edee>
	SlotName: slot1_14@b9p11p0296.cern.ch
	CondorScratchDir = "/pool/condor/dir_2512287"
	Cpus = 12
	Disk = 2833775
	Memory = 24000
...
006 (10284267.4346.000) 08/02 17:01:11 Image size of job updated: 326020
	4  -  MemoryUsage of job (MB)
	3300  -  ResidentSetSize of job (KB)
...
040 (10284267.4346.000) 08/02 17:01:11 Started transferring output files
...
040 (10284267.4346.000) 08/02 17:01:11 Finished transferring output files
...
005 (10284267.4346.000) 08/02 17:01:11 Job terminated.
	(1) Normal termination (return value 139)
		Usr 0 00:00:02, Sys 0 00:00:01  -  Run Remote Usage
		Usr 0 00:00:00, Sys 0 00:00:00  -  Run Local Usage
		Usr 0 00:00:02, Sys 0 00:00:01  -  Total Remote Usage
		Usr 0 00:00:00, Sys 0 00:00:00  -  Total Local Usage
	7696  -  Run Bytes Sent By Job
	409597  -  Run Bytes Received By Job
	7696  -  Total Bytes Sent By Job
	409597  -  Total Bytes Received By Job
	Partitionable Resources :    Usage  Request Allocated 
	   Cpus                 :        0       12        12 
	   Disk (KB)            :      430      425   2833775 
	   Memory (MB)          :        4    24000     24000 

	Job terminated of its own accord at 2024-08-02T15:01:11Z with exit-code 139.
...
