000 (10252905.4387.000) 07/24 16:13:21 Job submitted from host: <188.185.114.121:9618?addrs=188.185.114.121-9618+[2001-1458-d00-a--100-273]-9618&alias=bigbird19.cern.ch&noUDP&sock=schedd_4961_696e>
...
009 (10252905.4387.000) 07/24 16:14:51 Job was aborted.
	via condor_rm (by user yelberke)
...
000 (10252906.4387.000) 07/24 16:15:39 Job submitted from host: <188.185.114.121:9618?addrs=188.185.114.121-9618+[2001-1458-d00-a--100-273]-9618&alias=bigbird19.cern.ch&noUDP&sock=schedd_4961_696e>
...
000 (10252907.4387.000) 07/24 16:17:34 Job submitted from host: <188.185.114.121:9618?addrs=188.185.114.121-9618+[2001-1458-d00-a--100-273]-9618&alias=bigbird19.cern.ch&noUDP&sock=schedd_4961_696e>
...
000 (10252908.4387.000) 07/24 16:18:07 Job submitted from host: <188.185.114.121:9618?addrs=188.185.114.121-9618+[2001-1458-d00-a--100-273]-9618&alias=bigbird19.cern.ch&noUDP&sock=schedd_4961_696e>
...
000 (10252909.4387.000) 07/24 16:18:43 Job submitted from host: <188.185.114.121:9618?addrs=188.185.114.121-9618+[2001-1458-d00-a--100-273]-9618&alias=bigbird19.cern.ch&noUDP&sock=schedd_4961_696e>
...
040 (10252906.4387.000) 07/24 17:09:00 Started transferring input files
	Transferring to host: <188.185.208.56:9618?addrs=188.185.208.56-9618+[2001-1458-303-f--100-35]-9618&alias=b9p09p6178.cern.ch&noUDP&sock=slot1_3_5562_ae9b_142618>
...
040 (10252906.4387.000) 07/24 17:09:00 Finished transferring input files
...
001 (10252906.4387.000) 07/24 17:09:01 Job executing on host: <188.185.208.56:9618?addrs=188.185.208.56-9618+[2001-1458-303-f--100-35]-9618&alias=b9p09p6178.cern.ch&noUDP&sock=startd_4540_a40f>
	SlotName: slot1_3@b9p09p6178.cern.ch
	CondorScratchDir = "/pool/condor/dir_2046470"
	Cpus = 8
	Disk = 2748897
	Memory = 16000
...
006 (10252906.4387.000) 07/24 17:09:06 Image size of job updated: 158628
	8  -  MemoryUsage of job (MB)
	7752  -  ResidentSetSize of job (KB)
...
040 (10252906.4387.000) 07/24 17:09:06 Started transferring output files
...
040 (10252906.4387.000) 07/24 17:09:06 Finished transferring output files
...
005 (10252906.4387.000) 07/24 17:09:07 Job terminated.
	(1) Normal termination (return value 0)
		Usr 0 00:00:04, Sys 0 00:00:00  -  Run Remote Usage
		Usr 0 00:00:00, Sys 0 00:00:00  -  Run Local Usage
		Usr 0 00:00:04, Sys 0 00:00:00  -  Total Remote Usage
		Usr 0 00:00:00, Sys 0 00:00:00  -  Total Local Usage
	6201  -  Run Bytes Sent By Job
	409597  -  Run Bytes Received By Job
	6201  -  Total Bytes Sent By Job
	409597  -  Total Bytes Received By Job
	Partitionable Resources :    Usage  Request Allocated 
	   Cpus                 :        0        8         8 
	   Disk (KB)            :      428      425   2748897 
	   Memory (MB)          :        8    16000     16000 

	Job terminated of its own accord at 2024-07-24T15:09:06Z with exit-code 0.
...
040 (10252907.4387.000) 07/24 18:16:58 Started transferring input files
	Transferring to host: <188.185.194.62:9618?addrs=188.185.194.62-9618&alias=b9p20p1515.cern.ch&noUDP&sock=slot1_14_187338_517b_24791>
...
040 (10252907.4387.000) 07/24 18:16:58 Finished transferring input files
...
001 (10252907.4387.000) 07/24 18:16:59 Job executing on host: <188.185.194.62:9618?addrs=188.185.194.62-9618&alias=b9p20p1515.cern.ch&noUDP&sock=startd_177713_ea39>
	SlotName: slot1_14@b9p20p1515.cern.ch
	CondorScratchDir = "/pool/condor/dir_3294547"
	Cpus = 8
	Disk = 2973984
	Memory = 16000
...
006 (10252907.4387.000) 07/24 18:17:05 Image size of job updated: 158408
	7  -  MemoryUsage of job (MB)
	7160  -  ResidentSetSize of job (KB)
...
040 (10252907.4387.000) 07/24 18:17:05 Started transferring output files
...
040 (10252907.4387.000) 07/24 18:17:05 Finished transferring output files
...
005 (10252907.4387.000) 07/24 18:17:05 Job terminated.
	(1) Normal termination (return value 0)
		Usr 0 00:00:05, Sys 0 00:00:00  -  Run Remote Usage
		Usr 0 00:00:00, Sys 0 00:00:00  -  Run Local Usage
		Usr 0 00:00:05, Sys 0 00:00:00  -  Total Remote Usage
		Usr 0 00:00:00, Sys 0 00:00:00  -  Total Local Usage
	6204  -  Run Bytes Sent By Job
	409597  -  Run Bytes Received By Job
	6204  -  Total Bytes Sent By Job
	409597  -  Total Bytes Received By Job
	Partitionable Resources :    Usage  Request Allocated 
	   Cpus                 :        0        8         8 
	   Disk (KB)            :      426      425   2973984 
	   Memory (MB)          :        7    16000     16000 

	Job terminated of its own accord at 2024-07-24T16:17:05Z with exit-code 0.
...
040 (10252908.4387.000) 07/24 19:21:47 Started transferring input files
	Transferring to host: <188.185.205.188:9618?addrs=188.185.205.188-9618&alias=b9p04p6505.cern.ch&noUDP&sock=slot1_3_6904_3e12_154413>
...
040 (10252908.4387.000) 07/24 19:21:47 Finished transferring input files
...
001 (10252908.4387.000) 07/24 19:21:48 Job executing on host: <188.185.205.188:9618?addrs=188.185.205.188-9618&alias=b9p04p6505.cern.ch&noUDP&sock=startd_6831_1388>
	SlotName: slot1_3@b9p04p6505.cern.ch
	CondorScratchDir = "/pool/condor/dir_568633"
	Cpus = 8
	Disk = 2851173
	Memory = 16000
...
006 (10252908.4387.000) 07/24 19:21:54 Image size of job updated: 163732
	10  -  MemoryUsage of job (MB)
	10152  -  ResidentSetSize of job (KB)
...
040 (10252908.4387.000) 07/24 19:21:54 Started transferring output files
...
040 (10252908.4387.000) 07/24 19:21:54 Finished transferring output files
...
005 (10252908.4387.000) 07/24 19:21:54 Job terminated.
	(1) Normal termination (return value 0)
		Usr 0 00:00:05, Sys 0 00:00:00  -  Run Remote Usage
		Usr 0 00:00:00, Sys 0 00:00:00  -  Run Local Usage
		Usr 0 00:00:05, Sys 0 00:00:00  -  Total Remote Usage
		Usr 0 00:00:00, Sys 0 00:00:00  -  Total Local Usage
	6204  -  Run Bytes Sent By Job
	409597  -  Run Bytes Received By Job
	6204  -  Total Bytes Sent By Job
	409597  -  Total Bytes Received By Job
	Partitionable Resources :    Usage  Request Allocated 
	   Cpus                 :        0        8         8 
	   Disk (KB)            :      427      425   2851173 
	   Memory (MB)          :       10    16000     16000 

	Job terminated of its own accord at 2024-07-24T17:21:54Z with exit-code 0.
...
040 (10252909.4387.000) 07/24 20:20:40 Started transferring input files
	Transferring to host: <188.185.205.112:9618?addrs=188.185.205.112-9618+[2001-1458-303-9--100-6d]-9618&alias=b9p03p6940.cern.ch&noUDP&sock=slot1_30_6785_656d_156234>
...
040 (10252909.4387.000) 07/24 20:20:40 Finished transferring input files
...
001 (10252909.4387.000) 07/24 20:20:41 Job executing on host: <188.185.205.112:9618?addrs=188.185.205.112-9618+[2001-1458-303-9--100-6d]-9618&alias=b9p03p6940.cern.ch&noUDP&sock=startd_6713_235b>
	SlotName: slot1_30@b9p03p6940.cern.ch
	CondorScratchDir = "/pool/condor/dir_2152079"
	Cpus = 8
	Disk = 2789804
	Memory = 16000
...
006 (10252909.4387.000) 07/24 20:20:45 Image size of job updated: 161184
	9  -  MemoryUsage of job (MB)
	9096  -  ResidentSetSize of job (KB)
...
040 (10252909.4387.000) 07/24 20:20:45 Started transferring output files
...
040 (10252909.4387.000) 07/24 20:20:45 Finished transferring output files
...
005 (10252909.4387.000) 07/24 20:20:45 Job terminated.
	(1) Normal termination (return value 0)
		Usr 0 00:00:03, Sys 0 00:00:00  -  Run Remote Usage
		Usr 0 00:00:00, Sys 0 00:00:00  -  Run Local Usage
		Usr 0 00:00:03, Sys 0 00:00:00  -  Total Remote Usage
		Usr 0 00:00:00, Sys 0 00:00:00  -  Total Local Usage
	6204  -  Run Bytes Sent By Job
	409597  -  Run Bytes Received By Job
	6204  -  Total Bytes Sent By Job
	409597  -  Total Bytes Received By Job
	Partitionable Resources :    Usage  Request Allocated 
	   Cpus                 :        0        8         8 
	   Disk (KB)            :      428      425   2789804 
	   Memory (MB)          :        9    16000     16000 

	Job terminated of its own accord at 2024-07-24T18:20:45Z with exit-code 0.
...
000 (10261715.4387.000) 07/25 13:03:10 Job submitted from host: <188.185.114.121:9618?addrs=188.185.114.121-9618+[2001-1458-d00-a--100-273]-9618&alias=bigbird19.cern.ch&noUDP&sock=schedd_4961_696e>
...
009 (10261715.4387.000) 07/25 13:06:59 Job was aborted.
	via condor_rm (by user yelberke)
...
000 (10261767.4387.000) 07/25 13:20:38 Job submitted from host: <188.185.114.121:9618?addrs=188.185.114.121-9618+[2001-1458-d00-a--100-273]-9618&alias=bigbird19.cern.ch&noUDP&sock=schedd_4961_696e>
...
040 (10261767.4387.000) 07/25 14:45:43 Started transferring input files
	Transferring to host: <188.185.195.114:9618?addrs=188.185.195.114-9618+[2001-1458-303-22--100-6e]-9618&alias=b9p17p4637.cern.ch&noUDP&sock=slot1_10_1186019_6d7e_6290>
...
040 (10261767.4387.000) 07/25 14:45:43 Finished transferring input files
...
001 (10261767.4387.000) 07/25 14:45:44 Job executing on host: <188.185.195.114:9618?addrs=188.185.195.114-9618+[2001-1458-303-22--100-6e]-9618&alias=b9p17p4637.cern.ch&noUDP&sock=startd_128140_f5d2>
	SlotName: slot1_10@b9p17p4637.cern.ch
	CondorScratchDir = "/pool/condor/dir_103128"
	Cpus = 12
	Disk = 2998549
	Memory = 24000
...
006 (10261767.4387.000) 07/25 14:45:51 Image size of job updated: 165176
	9  -  MemoryUsage of job (MB)
	8668  -  ResidentSetSize of job (KB)
...
040 (10261767.4387.000) 07/25 14:45:51 Started transferring output files
...
040 (10261767.4387.000) 07/25 14:45:51 Finished transferring output files
...
005 (10261767.4387.000) 07/25 14:45:51 Job terminated.
	(1) Normal termination (return value 0)
		Usr 0 00:00:05, Sys 0 00:00:00  -  Run Remote Usage
		Usr 0 00:00:00, Sys 0 00:00:00  -  Run Local Usage
		Usr 0 00:00:05, Sys 0 00:00:00  -  Total Remote Usage
		Usr 0 00:00:00, Sys 0 00:00:00  -  Total Local Usage
	6676  -  Run Bytes Sent By Job
	409597  -  Run Bytes Received By Job
	6676  -  Total Bytes Sent By Job
	409597  -  Total Bytes Received By Job
	Partitionable Resources :    Usage  Request Allocated 
	   Cpus                 :        0       12        12 
	   Disk (KB)            :      429      425   2998549 
	   Memory (MB)          :        9    24000     24000 

	Job terminated of its own accord at 2024-07-25T12:45:51Z with exit-code 0.
...
000 (10284266.4387.000) 08/02 15:46:52 Job submitted from host: <188.185.114.121:9618?addrs=188.185.114.121-9618+[2001-1458-d00-a--100-273]-9618&alias=bigbird19.cern.ch&noUDP&sock=schedd_4961_696e>
...
000 (10284267.4387.000) 08/02 15:50:11 Job submitted from host: <188.185.114.121:9618?addrs=188.185.114.121-9618+[2001-1458-d00-a--100-273]-9618&alias=bigbird19.cern.ch&noUDP&sock=schedd_4961_696e>
...
009 (10284266.4387.000) 08/02 15:50:34 Job was aborted.
	via condor_rm (by user yelberke)
...
040 (10284267.4387.000) 08/02 17:01:17 Started transferring input files
	Transferring to host: <188.185.209.83:9618?addrs=188.185.209.83-9618+[2001-1458-303-11--100-50]-9618&alias=b9p11p6576.cern.ch&noUDP&sock=slot1_4_64708_63c0_99150>
...
040 (10284267.4387.000) 08/02 17:01:17 Finished transferring input files
...
001 (10284267.4387.000) 08/02 17:01:18 Job executing on host: <188.185.209.83:9618?addrs=188.185.209.83-9618+[2001-1458-303-11--100-50]-9618&alias=b9p11p6576.cern.ch&noUDP&sock=startd_3697_69b8>
	SlotName: slot1_4@b9p11p6576.cern.ch
	CondorScratchDir = "/pool/condor/dir_2280032"
	Cpus = 12
	Disk = 2588981
	Memory = 24000
...
006 (10284267.4387.000) 08/02 17:01:20 Image size of job updated: 326264
	4  -  MemoryUsage of job (MB)
	4080  -  ResidentSetSize of job (KB)
...
040 (10284267.4387.000) 08/02 17:01:20 Started transferring output files
...
040 (10284267.4387.000) 08/02 17:01:20 Finished transferring output files
...
005 (10284267.4387.000) 08/02 17:01:20 Job terminated.
	(1) Normal termination (return value 139)
		Usr 0 00:00:02, Sys 0 00:00:01  -  Run Remote Usage
		Usr 0 00:00:00, Sys 0 00:00:00  -  Run Local Usage
		Usr 0 00:00:02, Sys 0 00:00:01  -  Total Remote Usage
		Usr 0 00:00:00, Sys 0 00:00:00  -  Total Local Usage
	7696  -  Run Bytes Sent By Job
	409597  -  Run Bytes Received By Job
	7696  -  Total Bytes Sent By Job
	409597  -  Total Bytes Received By Job
	Partitionable Resources :    Usage  Request Allocated 
	   Cpus                 :        0       12        12 
	   Disk (KB)            :      432      425   2588981 
	   Memory (MB)          :        4    24000     24000 

	Job terminated of its own accord at 2024-08-02T15:01:20Z with exit-code 139.
...
