000 (10252905.4399.000) 07/24 16:13:21 Job submitted from host: <188.185.114.121:9618?addrs=188.185.114.121-9618+[2001-1458-d00-a--100-273]-9618&alias=bigbird19.cern.ch&noUDP&sock=schedd_4961_696e>
...
009 (10252905.4399.000) 07/24 16:14:51 Job was aborted.
	via condor_rm (by user yelberke)
...
000 (10252906.4399.000) 07/24 16:15:40 Job submitted from host: <188.185.114.121:9618?addrs=188.185.114.121-9618+[2001-1458-d00-a--100-273]-9618&alias=bigbird19.cern.ch&noUDP&sock=schedd_4961_696e>
...
000 (10252907.4399.000) 07/24 16:17:34 Job submitted from host: <188.185.114.121:9618?addrs=188.185.114.121-9618+[2001-1458-d00-a--100-273]-9618&alias=bigbird19.cern.ch&noUDP&sock=schedd_4961_696e>
...
000 (10252908.4399.000) 07/24 16:18:07 Job submitted from host: <188.185.114.121:9618?addrs=188.185.114.121-9618+[2001-1458-d00-a--100-273]-9618&alias=bigbird19.cern.ch&noUDP&sock=schedd_4961_696e>
...
000 (10252909.4399.000) 07/24 16:18:43 Job submitted from host: <188.185.114.121:9618?addrs=188.185.114.121-9618+[2001-1458-d00-a--100-273]-9618&alias=bigbird19.cern.ch&noUDP&sock=schedd_4961_696e>
...
040 (10252906.4399.000) 07/24 17:09:05 Started transferring input files
	Transferring to host: <188.185.205.156:9618?addrs=188.185.205.156-9618+[2001-1458-303-a--100-19]-9618&alias=b9p04p7474.cern.ch&noUDP&sock=slot1_3_6865_c370_82820>
...
040 (10252906.4399.000) 07/24 17:09:05 Finished transferring input files
...
001 (10252906.4399.000) 07/24 17:09:06 Job executing on host: <188.185.205.156:9618?addrs=188.185.205.156-9618+[2001-1458-303-a--100-19]-9618&alias=b9p04p7474.cern.ch&noUDP&sock=startd_5583_0d56>
	SlotName: slot1_3@b9p04p7474.cern.ch
	CondorScratchDir = "/pool/condor/dir_945540"
	Cpus = 8
	Disk = 2625312
	Memory = 16000
...
006 (10252906.4399.000) 07/24 17:09:12 Image size of job updated: 160120
	8  -  MemoryUsage of job (MB)
	7568  -  ResidentSetSize of job (KB)
...
040 (10252906.4399.000) 07/24 17:09:13 Started transferring output files
...
040 (10252906.4399.000) 07/24 17:09:13 Finished transferring output files
...
005 (10252906.4399.000) 07/24 17:09:13 Job terminated.
	(1) Normal termination (return value 0)
		Usr 0 00:00:05, Sys 0 00:00:00  -  Run Remote Usage
		Usr 0 00:00:00, Sys 0 00:00:00  -  Run Local Usage
		Usr 0 00:00:05, Sys 0 00:00:00  -  Total Remote Usage
		Usr 0 00:00:00, Sys 0 00:00:00  -  Total Local Usage
	6201  -  Run Bytes Sent By Job
	409597  -  Run Bytes Received By Job
	6201  -  Total Bytes Sent By Job
	409597  -  Total Bytes Received By Job
	Partitionable Resources :    Usage  Request Allocated 
	   Cpus                 :        0        8         8 
	   Disk (KB)            :      428      425   2625312 
	   Memory (MB)          :        8    16000     16000 

	Job terminated of its own accord at 2024-07-24T15:09:12Z with exit-code 0.
...
040 (10252907.4399.000) 07/24 18:17:02 Started transferring input files
	Transferring to host: <188.185.206.195:9618?addrs=188.185.206.195-9618&alias=b9p06p8468.cern.ch&noUDP&sock=slot1_13_5427_8ff6_158205>
...
040 (10252907.4399.000) 07/24 18:17:02 Finished transferring input files
...
001 (10252907.4399.000) 07/24 18:17:03 Job executing on host: <188.185.206.195:9618?addrs=188.185.206.195-9618&alias=b9p06p8468.cern.ch&noUDP&sock=startd_4975_03c1>
	SlotName: slot1_13@b9p06p8468.cern.ch
	CondorScratchDir = "/pool/condor/dir_2279786"
	Cpus = 8
	Disk = 2785759
	Memory = 16000
...
006 (10252907.4399.000) 07/24 18:17:07 Image size of job updated: 160084
	8  -  MemoryUsage of job (MB)
	7932  -  ResidentSetSize of job (KB)
...
040 (10252907.4399.000) 07/24 18:17:07 Started transferring output files
...
040 (10252907.4399.000) 07/24 18:17:07 Finished transferring output files
...
005 (10252907.4399.000) 07/24 18:17:07 Job terminated.
	(1) Normal termination (return value 0)
		Usr 0 00:00:03, Sys 0 00:00:00  -  Run Remote Usage
		Usr 0 00:00:00, Sys 0 00:00:00  -  Run Local Usage
		Usr 0 00:00:03, Sys 0 00:00:00  -  Total Remote Usage
		Usr 0 00:00:00, Sys 0 00:00:00  -  Total Local Usage
	6204  -  Run Bytes Sent By Job
	409597  -  Run Bytes Received By Job
	6204  -  Total Bytes Sent By Job
	409597  -  Total Bytes Received By Job
	Partitionable Resources :    Usage  Request Allocated 
	   Cpus                 :        0        8         8 
	   Disk (KB)            :      427      425   2785759 
	   Memory (MB)          :        8    16000     16000 

	Job terminated of its own accord at 2024-07-24T16:17:07Z with exit-code 0.
...
040 (10252908.4399.000) 07/24 19:21:51 Started transferring input files
	Transferring to host: <188.185.208.142:9618?addrs=188.185.208.142-9618+[2001-1458-303-10--100-b]-9618&alias=b9p10p4646.cern.ch&noUDP&sock=slot1_16_4110_9de0_145735>
...
040 (10252908.4399.000) 07/24 19:21:51 Finished transferring input files
...
001 (10252908.4399.000) 07/24 19:21:52 Job executing on host: <188.185.208.142:9618?addrs=188.185.208.142-9618+[2001-1458-303-10--100-b]-9618&alias=b9p10p4646.cern.ch&noUDP&sock=startd_3608_5dca>
	SlotName: slot1_16@b9p10p4646.cern.ch
	CondorScratchDir = "/pool/condor/dir_969140"
	Cpus = 8
	Disk = 2981762
	Memory = 16000
...
006 (10252908.4399.000) 07/24 19:21:58 Image size of job updated: 160524
	8  -  MemoryUsage of job (MB)
	7940  -  ResidentSetSize of job (KB)
...
040 (10252908.4399.000) 07/24 19:21:58 Started transferring output files
...
040 (10252908.4399.000) 07/24 19:21:58 Finished transferring output files
...
005 (10252908.4399.000) 07/24 19:21:58 Job terminated.
	(1) Normal termination (return value 0)
		Usr 0 00:00:05, Sys 0 00:00:00  -  Run Remote Usage
		Usr 0 00:00:00, Sys 0 00:00:00  -  Run Local Usage
		Usr 0 00:00:05, Sys 0 00:00:00  -  Total Remote Usage
		Usr 0 00:00:00, Sys 0 00:00:00  -  Total Local Usage
	6204  -  Run Bytes Sent By Job
	409597  -  Run Bytes Received By Job
	6204  -  Total Bytes Sent By Job
	409597  -  Total Bytes Received By Job
	Partitionable Resources :    Usage  Request Allocated 
	   Cpus                 :        0        8         8 
	   Disk (KB)            :      428      425   2981762 
	   Memory (MB)          :        8    16000     16000 

	Job terminated of its own accord at 2024-07-24T17:21:58Z with exit-code 0.
...
040 (10252909.4399.000) 07/24 20:20:47 Started transferring input files
	Transferring to host: <188.185.198.19:9618?addrs=188.185.198.19-9618&alias=b9p15p7863.cern.ch&noUDP&sock=slot1_2_523582_a264_70>
...
040 (10252909.4399.000) 07/24 20:20:47 Finished transferring input files
...
001 (10252909.4399.000) 07/24 20:20:48 Job executing on host: <188.185.198.19:9618?addrs=188.185.198.19-9618&alias=b9p15p7863.cern.ch&noUDP&sock=startd_128178_066c>
	SlotName: slot1_2@b9p15p7863.cern.ch
	CondorScratchDir = "/pool/condor/dir_535138"
	Cpus = 8
	Disk = 3022465
	Memory = 16000
...
006 (10252909.4399.000) 07/24 20:20:56 Image size of job updated: 1
	0  -  MemoryUsage of job (MB)
	0  -  ResidentSetSize of job (KB)
...
006 (10252909.4399.000) 07/24 20:21:17 Image size of job updated: 160244
	8  -  MemoryUsage of job (MB)
	8000  -  ResidentSetSize of job (KB)
...
040 (10252909.4399.000) 07/24 20:21:17 Started transferring output files
...
040 (10252909.4399.000) 07/24 20:21:17 Finished transferring output files
...
005 (10252909.4399.000) 07/24 20:21:17 Job terminated.
	(1) Normal termination (return value 0)
		Usr 0 00:00:03, Sys 0 00:00:00  -  Run Remote Usage
		Usr 0 00:00:00, Sys 0 00:00:00  -  Run Local Usage
		Usr 0 00:00:03, Sys 0 00:00:00  -  Total Remote Usage
		Usr 0 00:00:00, Sys 0 00:00:00  -  Total Local Usage
	6204  -  Run Bytes Sent By Job
	409597  -  Run Bytes Received By Job
	6204  -  Total Bytes Sent By Job
	409597  -  Total Bytes Received By Job
	Partitionable Resources :    Usage  Request Allocated 
	   Cpus                 :        0        8         8 
	   Disk (KB)            :      427      425   3022465 
	   Memory (MB)          :        8    16000     16000 

	Job terminated of its own accord at 2024-07-24T18:21:17Z with exit-code 0.
...
000 (10261715.4399.000) 07/25 13:03:10 Job submitted from host: <188.185.114.121:9618?addrs=188.185.114.121-9618+[2001-1458-d00-a--100-273]-9618&alias=bigbird19.cern.ch&noUDP&sock=schedd_4961_696e>
...
009 (10261715.4399.000) 07/25 13:06:59 Job was aborted.
	via condor_rm (by user yelberke)
...
000 (10261767.4399.000) 07/25 13:20:38 Job submitted from host: <188.185.114.121:9618?addrs=188.185.114.121-9618+[2001-1458-d00-a--100-273]-9618&alias=bigbird19.cern.ch&noUDP&sock=schedd_4961_696e>
...
040 (10261767.4399.000) 07/25 14:45:47 Started transferring input files
	Transferring to host: <188.185.205.32:9618?addrs=188.185.205.32-9618&alias=b9p03p5159.cern.ch&noUDP&sock=slot1_44_6906_a6d2_154577>
...
040 (10261767.4399.000) 07/25 14:45:47 Finished transferring input files
...
001 (10261767.4399.000) 07/25 14:45:48 Job executing on host: <188.185.205.32:9618?addrs=188.185.205.32-9618&alias=b9p03p5159.cern.ch&noUDP&sock=startd_6839_904a>
	SlotName: slot1_44@b9p03p5159.cern.ch
	CondorScratchDir = "/pool/condor/dir_3570034"
	Cpus = 12
	Disk = 2809171
	Memory = 24000
...
006 (10261767.4399.000) 07/25 14:45:53 Image size of job updated: 161428
	8  -  MemoryUsage of job (MB)
	7472  -  ResidentSetSize of job (KB)
...
040 (10261767.4399.000) 07/25 14:45:53 Started transferring output files
...
040 (10261767.4399.000) 07/25 14:45:53 Finished transferring output files
...
005 (10261767.4399.000) 07/25 14:45:54 Job terminated.
	(1) Normal termination (return value 0)
		Usr 0 00:00:03, Sys 0 00:00:00  -  Run Remote Usage
		Usr 0 00:00:00, Sys 0 00:00:00  -  Run Local Usage
		Usr 0 00:00:03, Sys 0 00:00:00  -  Total Remote Usage
		Usr 0 00:00:00, Sys 0 00:00:00  -  Total Local Usage
	6676  -  Run Bytes Sent By Job
	409597  -  Run Bytes Received By Job
	6676  -  Total Bytes Sent By Job
	409597  -  Total Bytes Received By Job
	Partitionable Resources :    Usage  Request Allocated 
	   Cpus                 :        0       12        12 
	   Disk (KB)            :      428      425   2809171 
	   Memory (MB)          :        8    24000     24000 

	Job terminated of its own accord at 2024-07-25T12:45:53Z with exit-code 0.
...
000 (10284266.4399.000) 08/02 15:46:53 Job submitted from host: <188.185.114.121:9618?addrs=188.185.114.121-9618+[2001-1458-d00-a--100-273]-9618&alias=bigbird19.cern.ch&noUDP&sock=schedd_4961_696e>
...
000 (10284267.4399.000) 08/02 15:50:11 Job submitted from host: <188.185.114.121:9618?addrs=188.185.114.121-9618+[2001-1458-d00-a--100-273]-9618&alias=bigbird19.cern.ch&noUDP&sock=schedd_4961_696e>
...
009 (10284266.4399.000) 08/02 15:50:34 Job was aborted.
	via condor_rm (by user yelberke)
...
040 (10284267.4399.000) 08/02 17:01:21 Started transferring input files
	Transferring to host: <188.185.205.77:9618?addrs=188.185.205.77-9618+[2001-1458-303-9--100-c1]-9618&alias=b9p03p0676.cern.ch&noUDP&sock=slot1_7_6833_376f_168733>
...
040 (10284267.4399.000) 08/02 17:01:21 Finished transferring input files
...
001 (10284267.4399.000) 08/02 17:01:22 Job executing on host: <188.185.205.77:9618?addrs=188.185.205.77-9618+[2001-1458-303-9--100-c1]-9618&alias=b9p03p0676.cern.ch&noUDP&sock=startd_6477_4301>
	SlotName: slot1_7@b9p03p0676.cern.ch
	CondorScratchDir = "/pool/condor/dir_439246"
	Cpus = 12
	Disk = 2655645
	Memory = 24000
...
006 (10284267.4399.000) 08/02 17:01:25 Image size of job updated: 318324
	2  -  MemoryUsage of job (MB)
	1300  -  ResidentSetSize of job (KB)
...
040 (10284267.4399.000) 08/02 17:01:25 Started transferring output files
...
040 (10284267.4399.000) 08/02 17:01:25 Finished transferring output files
...
005 (10284267.4399.000) 08/02 17:01:25 Job terminated.
	(1) Normal termination (return value 139)
		Usr 0 00:00:02, Sys 0 00:00:01  -  Run Remote Usage
		Usr 0 00:00:00, Sys 0 00:00:00  -  Run Local Usage
		Usr 0 00:00:02, Sys 0 00:00:01  -  Total Remote Usage
		Usr 0 00:00:00, Sys 0 00:00:00  -  Total Local Usage
	7696  -  Run Bytes Sent By Job
	409597  -  Run Bytes Received By Job
	7696  -  Total Bytes Sent By Job
	409597  -  Total Bytes Received By Job
	Partitionable Resources :    Usage  Request Allocated 
	   Cpus                 :        0       12        12 
	   Disk (KB)            :      430      425   2655645 
	   Memory (MB)          :        2    24000     24000 

	Job terminated of its own accord at 2024-08-02T15:01:25Z with exit-code 139.
...
