000 (10252905.4419.000) 07/24 16:13:21 Job submitted from host: <188.185.114.121:9618?addrs=188.185.114.121-9618+[2001-1458-d00-a--100-273]-9618&alias=bigbird19.cern.ch&noUDP&sock=schedd_4961_696e>
...
009 (10252905.4419.000) 07/24 16:14:51 Job was aborted.
	via condor_rm (by user yelberke)
...
000 (10252906.4419.000) 07/24 16:15:40 Job submitted from host: <188.185.114.121:9618?addrs=188.185.114.121-9618+[2001-1458-d00-a--100-273]-9618&alias=bigbird19.cern.ch&noUDP&sock=schedd_4961_696e>
...
000 (10252907.4419.000) 07/24 16:17:34 Job submitted from host: <188.185.114.121:9618?addrs=188.185.114.121-9618+[2001-1458-d00-a--100-273]-9618&alias=bigbird19.cern.ch&noUDP&sock=schedd_4961_696e>
...
000 (10252908.4419.000) 07/24 16:18:07 Job submitted from host: <188.185.114.121:9618?addrs=188.185.114.121-9618+[2001-1458-d00-a--100-273]-9618&alias=bigbird19.cern.ch&noUDP&sock=schedd_4961_696e>
...
000 (10252909.4419.000) 07/24 16:18:43 Job submitted from host: <188.185.114.121:9618?addrs=188.185.114.121-9618+[2001-1458-d00-a--100-273]-9618&alias=bigbird19.cern.ch&noUDP&sock=schedd_4961_696e>
...
040 (10252906.4419.000) 07/24 17:09:11 Started transferring input files
	Transferring to host: <128.142.161.138:9618?addrs=128.142.161.138-9618+[2001-1458-301-b9--100-7]-9618&alias=b9g03p8441.cern.ch&noUDP&sock=slot1_15_3235662_5732_449>
...
040 (10252906.4419.000) 07/24 17:09:11 Finished transferring input files
...
001 (10252906.4419.000) 07/24 17:09:12 Job executing on host: <128.142.161.138:9618?addrs=128.142.161.138-9618+[2001-1458-301-b9--100-7]-9618&alias=b9g03p8441.cern.ch&noUDP&sock=startd_3156_54fc>
	SlotName: slot1_15@b9g03p8441.cern.ch
	CondorScratchDir = "/pool/condor/dir_3618182"
	Cpus = 8
	Disk = 2920853
	Memory = 16000
...
006 (10252906.4419.000) 07/24 17:09:20 Image size of job updated: 158248
	8  -  MemoryUsage of job (MB)
	7496  -  ResidentSetSize of job (KB)
...
040 (10252906.4419.000) 07/24 17:09:20 Started transferring output files
...
040 (10252906.4419.000) 07/24 17:09:20 Finished transferring output files
...
005 (10252906.4419.000) 07/24 17:09:20 Job terminated.
	(1) Normal termination (return value 0)
		Usr 0 00:00:06, Sys 0 00:00:00  -  Run Remote Usage
		Usr 0 00:00:00, Sys 0 00:00:00  -  Run Local Usage
		Usr 0 00:00:06, Sys 0 00:00:00  -  Total Remote Usage
		Usr 0 00:00:00, Sys 0 00:00:00  -  Total Local Usage
	6201  -  Run Bytes Sent By Job
	409597  -  Run Bytes Received By Job
	6201  -  Total Bytes Sent By Job
	409597  -  Total Bytes Received By Job
	Partitionable Resources :    Usage  Request Allocated 
	   Cpus                 :        0        8         8 
	   Disk (KB)            :      428      425   2920853 
	   Memory (MB)          :        8    16000     16000 

	Job terminated of its own accord at 2024-07-24T15:09:20Z with exit-code 0.
...
040 (10252907.4419.000) 07/24 18:17:10 Started transferring input files
	Transferring to host: <188.185.207.16:9618?addrs=188.185.207.16-9618+[2001-1458-303-d--100-d]-9618&alias=b9p07p2769.cern.ch&noUDP&sock=slot1_13_6943_b8b3_142902>
...
040 (10252907.4419.000) 07/24 18:17:10 Finished transferring input files
...
001 (10252907.4419.000) 07/24 18:17:11 Job executing on host: <188.185.207.16:9618?addrs=188.185.207.16-9618+[2001-1458-303-d--100-d]-9618&alias=b9p07p2769.cern.ch&noUDP&sock=startd_5606_d404>
	SlotName: slot1_13@b9p07p2769.cern.ch
	CondorScratchDir = "/pool/condor/dir_3044031"
	Cpus = 8
	Disk = 2865660
	Memory = 16000
...
006 (10252907.4419.000) 07/24 18:17:15 Image size of job updated: 158484
	8  -  MemoryUsage of job (MB)
	7816  -  ResidentSetSize of job (KB)
...
040 (10252907.4419.000) 07/24 18:17:15 Started transferring output files
...
040 (10252907.4419.000) 07/24 18:17:15 Finished transferring output files
...
005 (10252907.4419.000) 07/24 18:17:15 Job terminated.
	(1) Normal termination (return value 0)
		Usr 0 00:00:03, Sys 0 00:00:00  -  Run Remote Usage
		Usr 0 00:00:00, Sys 0 00:00:00  -  Run Local Usage
		Usr 0 00:00:03, Sys 0 00:00:00  -  Total Remote Usage
		Usr 0 00:00:00, Sys 0 00:00:00  -  Total Local Usage
	6204  -  Run Bytes Sent By Job
	409597  -  Run Bytes Received By Job
	6204  -  Total Bytes Sent By Job
	409597  -  Total Bytes Received By Job
	Partitionable Resources :    Usage  Request Allocated 
	   Cpus                 :        0        8         8 
	   Disk (KB)            :      427      425   2865660 
	   Memory (MB)          :        8    16000     16000 

	Job terminated of its own accord at 2024-07-24T16:17:15Z with exit-code 0.
...
040 (10252908.4419.000) 07/24 19:21:59 Started transferring input files
	Transferring to host: <188.185.204.156:9618?addrs=188.185.204.156-9618+[2001-1458-303-8--100-90]-9618&alias=b9p02p9293.cern.ch&noUDP&sock=slot1_6_7266_4de1_156190>
...
040 (10252908.4419.000) 07/24 19:21:59 Finished transferring input files
...
001 (10252908.4419.000) 07/24 19:22:00 Job executing on host: <188.185.204.156:9618?addrs=188.185.204.156-9618+[2001-1458-303-8--100-90]-9618&alias=b9p02p9293.cern.ch&noUDP&sock=startd_7189_a26f>
	SlotName: slot1_6@b9p02p9293.cern.ch
	CondorScratchDir = "/pool/condor/dir_2893355"
	Cpus = 8
	Disk = 2903458
	Memory = 16000
...
006 (10252908.4419.000) 07/24 19:22:04 Image size of job updated: 160964
	9  -  MemoryUsage of job (MB)
	8816  -  ResidentSetSize of job (KB)
...
040 (10252908.4419.000) 07/24 19:22:04 Started transferring output files
...
040 (10252908.4419.000) 07/24 19:22:04 Finished transferring output files
...
005 (10252908.4419.000) 07/24 19:22:04 Job terminated.
	(1) Normal termination (return value 0)
		Usr 0 00:00:03, Sys 0 00:00:00  -  Run Remote Usage
		Usr 0 00:00:00, Sys 0 00:00:00  -  Run Local Usage
		Usr 0 00:00:03, Sys 0 00:00:00  -  Total Remote Usage
		Usr 0 00:00:00, Sys 0 00:00:00  -  Total Local Usage
	6204  -  Run Bytes Sent By Job
	409597  -  Run Bytes Received By Job
	6204  -  Total Bytes Sent By Job
	409597  -  Total Bytes Received By Job
	Partitionable Resources :    Usage  Request Allocated 
	   Cpus                 :        0        8         8 
	   Disk (KB)            :      428      425   2903458 
	   Memory (MB)          :        9    16000     16000 

	Job terminated of its own accord at 2024-07-24T17:22:04Z with exit-code 0.
...
040 (10252909.4419.000) 07/24 20:20:50 Started transferring input files
	Transferring to host: <188.185.198.19:9618?addrs=188.185.198.19-9618&alias=b9p15p7863.cern.ch&noUDP&sock=slot1_5_523582_a264_73>
...
040 (10252909.4419.000) 07/24 20:20:50 Finished transferring input files
...
001 (10252909.4419.000) 07/24 20:20:51 Job executing on host: <188.185.198.19:9618?addrs=188.185.198.19-9618&alias=b9p15p7863.cern.ch&noUDP&sock=startd_128178_066c>
	SlotName: slot1_5@b9p15p7863.cern.ch
	CondorScratchDir = "/pool/condor/dir_535159"
	Cpus = 8
	Disk = 3022463
	Memory = 16000
...
006 (10252909.4419.000) 07/24 20:21:00 Image size of job updated: 1
	0  -  MemoryUsage of job (MB)
	0  -  ResidentSetSize of job (KB)
...
006 (10252909.4419.000) 07/24 20:21:21 Image size of job updated: 165024
	11  -  MemoryUsage of job (MB)
	10588  -  ResidentSetSize of job (KB)
...
040 (10252909.4419.000) 07/24 20:21:21 Started transferring output files
...
040 (10252909.4419.000) 07/24 20:21:21 Finished transferring output files
...
005 (10252909.4419.000) 07/24 20:21:21 Job terminated.
	(1) Normal termination (return value 0)
		Usr 0 00:00:03, Sys 0 00:00:00  -  Run Remote Usage
		Usr 0 00:00:00, Sys 0 00:00:00  -  Run Local Usage
		Usr 0 00:00:03, Sys 0 00:00:00  -  Total Remote Usage
		Usr 0 00:00:00, Sys 0 00:00:00  -  Total Local Usage
	6204  -  Run Bytes Sent By Job
	409597  -  Run Bytes Received By Job
	6204  -  Total Bytes Sent By Job
	409597  -  Total Bytes Received By Job
	Partitionable Resources :    Usage  Request Allocated 
	   Cpus                 :        0        8         8 
	   Disk (KB)            :      427      425   3022463 
	   Memory (MB)          :       11    16000     16000 

	Job terminated of its own accord at 2024-07-24T18:21:21Z with exit-code 0.
...
000 (10261715.4419.000) 07/25 13:03:10 Job submitted from host: <188.185.114.121:9618?addrs=188.185.114.121-9618+[2001-1458-d00-a--100-273]-9618&alias=bigbird19.cern.ch&noUDP&sock=schedd_4961_696e>
...
009 (10261715.4419.000) 07/25 13:06:59 Job was aborted.
	via condor_rm (by user yelberke)
...
000 (10261767.4419.000) 07/25 13:20:38 Job submitted from host: <188.185.114.121:9618?addrs=188.185.114.121-9618+[2001-1458-d00-a--100-273]-9618&alias=bigbird19.cern.ch&noUDP&sock=schedd_4961_696e>
...
040 (10261767.4419.000) 07/25 14:45:54 Started transferring input files
	Transferring to host: <188.185.204.166:9618?addrs=188.185.204.166-9618+[2001-1458-303-8--100-9a]-9618&alias=b9p02p9797.cern.ch&noUDP&sock=slot1_4_13093_f3ee_31031>
...
040 (10261767.4419.000) 07/25 14:45:55 Finished transferring input files
...
001 (10261767.4419.000) 07/25 14:45:56 Job executing on host: <188.185.204.166:9618?addrs=188.185.204.166-9618+[2001-1458-303-8--100-9a]-9618&alias=b9p02p9797.cern.ch&noUDP&sock=startd_11996_d631>
	SlotName: slot1_4@b9p02p9797.cern.ch
	CondorScratchDir = "/pool/condor/dir_3063622"
	Cpus = 12
	Disk = 2726611
	Memory = 24000
...
006 (10261767.4419.000) 07/25 14:46:01 Image size of job updated: 164144
	8  -  MemoryUsage of job (MB)
	7828  -  ResidentSetSize of job (KB)
...
040 (10261767.4419.000) 07/25 14:46:01 Started transferring output files
...
040 (10261767.4419.000) 07/25 14:46:01 Finished transferring output files
...
005 (10261767.4419.000) 07/25 14:46:02 Job terminated.
	(1) Normal termination (return value 0)
		Usr 0 00:00:04, Sys 0 00:00:00  -  Run Remote Usage
		Usr 0 00:00:00, Sys 0 00:00:00  -  Run Local Usage
		Usr 0 00:00:04, Sys 0 00:00:00  -  Total Remote Usage
		Usr 0 00:00:00, Sys 0 00:00:00  -  Total Local Usage
	6676  -  Run Bytes Sent By Job
	409597  -  Run Bytes Received By Job
	6676  -  Total Bytes Sent By Job
	409597  -  Total Bytes Received By Job
	Partitionable Resources :    Usage  Request Allocated 
	   Cpus                 :        0       12        12 
	   Disk (KB)            :      429      425   2726611 
	   Memory (MB)          :        8    24000     24000 

	Job terminated of its own accord at 2024-07-25T12:46:01Z with exit-code 0.
...
000 (10284266.4419.000) 08/02 15:46:53 Job submitted from host: <188.185.114.121:9618?addrs=188.185.114.121-9618+[2001-1458-d00-a--100-273]-9618&alias=bigbird19.cern.ch&noUDP&sock=schedd_4961_696e>
...
000 (10284267.4419.000) 08/02 15:50:11 Job submitted from host: <188.185.114.121:9618?addrs=188.185.114.121-9618+[2001-1458-d00-a--100-273]-9618&alias=bigbird19.cern.ch&noUDP&sock=schedd_4961_696e>
...
009 (10284266.4419.000) 08/02 15:50:34 Job was aborted.
	via condor_rm (by user yelberke)
...
040 (10284267.4419.000) 08/02 17:01:28 Started transferring input files
	Transferring to host: <188.185.208.205:9618?addrs=188.185.208.205-9618+[2001-1458-303-10--100-4a]-9618&alias=b9p10p8826.cern.ch&noUDP&sock=slot1_6_729221_e9af_675>
...
040 (10284267.4419.000) 08/02 17:01:28 Finished transferring input files
...
001 (10284267.4419.000) 08/02 17:01:29 Job executing on host: <188.185.208.205:9618?addrs=188.185.208.205-9618+[2001-1458-303-10--100-4a]-9618&alias=b9p10p8826.cern.ch&noUDP&sock=startd_3645_becb>
	SlotName: slot1_6@b9p10p8826.cern.ch
	CondorScratchDir = "/pool/condor/dir_3853178"
	Cpus = 12
	Disk = 2847103
	Memory = 24000
...
006 (10284267.4419.000) 08/02 17:01:31 Image size of job updated: 324864
	4  -  MemoryUsage of job (MB)
	3144  -  ResidentSetSize of job (KB)
...
040 (10284267.4419.000) 08/02 17:01:31 Started transferring output files
...
040 (10284267.4419.000) 08/02 17:01:31 Finished transferring output files
...
005 (10284267.4419.000) 08/02 17:01:31 Job terminated.
	(1) Normal termination (return value 139)
		Usr 0 00:00:01, Sys 0 00:00:01  -  Run Remote Usage
		Usr 0 00:00:00, Sys 0 00:00:00  -  Run Local Usage
		Usr 0 00:00:01, Sys 0 00:00:01  -  Total Remote Usage
		Usr 0 00:00:00, Sys 0 00:00:00  -  Total Local Usage
	7696  -  Run Bytes Sent By Job
	409597  -  Run Bytes Received By Job
	7696  -  Total Bytes Sent By Job
	409597  -  Total Bytes Received By Job
	Partitionable Resources :    Usage  Request Allocated 
	   Cpus                 :        0       12        12 
	   Disk (KB)            :      429      425   2847103 
	   Memory (MB)          :        4    24000     24000 

	Job terminated of its own accord at 2024-08-02T15:01:31Z with exit-code 139.
...
