000 (10252905.4457.000) 07/24 16:13:21 Job submitted from host: <188.185.114.121:9618?addrs=188.185.114.121-9618+[2001-1458-d00-a--100-273]-9618&alias=bigbird19.cern.ch&noUDP&sock=schedd_4961_696e>
...
009 (10252905.4457.000) 07/24 16:14:51 Job was aborted.
	via condor_rm (by user yelberke)
...
000 (10252906.4457.000) 07/24 16:15:40 Job submitted from host: <188.185.114.121:9618?addrs=188.185.114.121-9618+[2001-1458-d00-a--100-273]-9618&alias=bigbird19.cern.ch&noUDP&sock=schedd_4961_696e>
...
000 (10252907.4457.000) 07/24 16:17:34 Job submitted from host: <188.185.114.121:9618?addrs=188.185.114.121-9618+[2001-1458-d00-a--100-273]-9618&alias=bigbird19.cern.ch&noUDP&sock=schedd_4961_696e>
...
000 (10252908.4457.000) 07/24 16:18:07 Job submitted from host: <188.185.114.121:9618?addrs=188.185.114.121-9618+[2001-1458-d00-a--100-273]-9618&alias=bigbird19.cern.ch&noUDP&sock=schedd_4961_696e>
...
000 (10252909.4457.000) 07/24 16:18:43 Job submitted from host: <188.185.114.121:9618?addrs=188.185.114.121-9618+[2001-1458-d00-a--100-273]-9618&alias=bigbird19.cern.ch&noUDP&sock=schedd_4961_696e>
...
040 (10252906.4457.000) 07/24 17:09:22 Started transferring input files
	Transferring to host: <188.185.198.26:9618?addrs=188.185.198.26-9618+[2001-1458-303-25--100-16]-9618&alias=b9p15p5462.cern.ch&noUDP&sock=slot1_13_414428_c44e_6241>
...
040 (10252906.4457.000) 07/24 17:09:22 Finished transferring input files
...
001 (10252906.4457.000) 07/24 17:09:23 Job executing on host: <188.185.198.26:9618?addrs=188.185.198.26-9618+[2001-1458-303-25--100-16]-9618&alias=b9p15p5462.cern.ch&noUDP&sock=startd_127737_8928>
	SlotName: slot1_13@b9p15p5462.cern.ch
	CondorScratchDir = "/pool/condor/dir_43266"
	Cpus = 8
	Disk = 3029348
	Memory = 16000
...
006 (10252906.4457.000) 07/24 17:09:29 Image size of job updated: 158236
	8  -  MemoryUsage of job (MB)
	7576  -  ResidentSetSize of job (KB)
...
040 (10252906.4457.000) 07/24 17:09:29 Started transferring output files
...
040 (10252906.4457.000) 07/24 17:09:29 Finished transferring output files
...
005 (10252906.4457.000) 07/24 17:09:29 Job terminated.
	(1) Normal termination (return value 0)
		Usr 0 00:00:04, Sys 0 00:00:00  -  Run Remote Usage
		Usr 0 00:00:00, Sys 0 00:00:00  -  Run Local Usage
		Usr 0 00:00:04, Sys 0 00:00:00  -  Total Remote Usage
		Usr 0 00:00:00, Sys 0 00:00:00  -  Total Local Usage
	6201  -  Run Bytes Sent By Job
	409597  -  Run Bytes Received By Job
	6201  -  Total Bytes Sent By Job
	409597  -  Total Bytes Received By Job
	Partitionable Resources :    Usage  Request Allocated 
	   Cpus                 :        0        8         8 
	   Disk (KB)            :      428      425   3029348 
	   Memory (MB)          :        8    16000     16000 

	Job terminated of its own accord at 2024-07-24T15:09:29Z with exit-code 0.
...
040 (10252907.4457.000) 07/24 18:17:18 Started transferring input files
	Transferring to host: <188.185.205.25:9618?addrs=188.185.205.25-9618+[2001-1458-303-9--100-8d]-9618&alias=b9p03p2256.cern.ch&noUDP&sock=slot1_58_3721_87f0_84378>
...
040 (10252907.4457.000) 07/24 18:17:18 Finished transferring input files
...
001 (10252907.4457.000) 07/24 18:17:19 Job executing on host: <188.185.205.25:9618?addrs=188.185.205.25-9618+[2001-1458-303-9--100-8d]-9618&alias=b9p03p2256.cern.ch&noUDP&sock=startd_3358_e31d>
	SlotName: slot1_58@b9p03p2256.cern.ch
	CondorScratchDir = "/pool/condor/dir_2209257"
	Cpus = 8
	Disk = 2691983
	Memory = 16000
...
006 (10252907.4457.000) 07/24 18:17:24 Image size of job updated: 160228
	8  -  MemoryUsage of job (MB)
	7760  -  ResidentSetSize of job (KB)
...
040 (10252907.4457.000) 07/24 18:17:24 Started transferring output files
...
040 (10252907.4457.000) 07/24 18:17:24 Finished transferring output files
...
005 (10252907.4457.000) 07/24 18:17:24 Job terminated.
	(1) Normal termination (return value 0)
		Usr 0 00:00:04, Sys 0 00:00:00  -  Run Remote Usage
		Usr 0 00:00:00, Sys 0 00:00:00  -  Run Local Usage
		Usr 0 00:00:04, Sys 0 00:00:00  -  Total Remote Usage
		Usr 0 00:00:00, Sys 0 00:00:00  -  Total Local Usage
	6204  -  Run Bytes Sent By Job
	409597  -  Run Bytes Received By Job
	6204  -  Total Bytes Sent By Job
	409597  -  Total Bytes Received By Job
	Partitionable Resources :    Usage  Request Allocated 
	   Cpus                 :        0        8         8 
	   Disk (KB)            :      428      425   2691983 
	   Memory (MB)          :        8    16000     16000 

	Job terminated of its own accord at 2024-07-24T16:17:24Z with exit-code 0.
...
040 (10252908.4457.000) 07/24 19:22:12 Started transferring input files
	Transferring to host: <188.185.206.209:9618?addrs=188.185.206.209-9618+[2001-1458-303-c--100-4e]-9618&alias=b9p06p4022.cern.ch&noUDP&sock=slot1_1_6901_20f2_153985>
...
040 (10252908.4457.000) 07/24 19:22:12 Finished transferring input files
...
001 (10252908.4457.000) 07/24 19:22:13 Job executing on host: <188.185.206.209:9618?addrs=188.185.206.209-9618+[2001-1458-303-c--100-4e]-9618&alias=b9p06p4022.cern.ch&noUDP&sock=startd_6829_b457>
	SlotName: slot1_1@b9p06p4022.cern.ch
	CondorScratchDir = "/pool/condor/dir_4180046"
	Cpus = 8
	Disk = 2939033
	Memory = 16000
...
006 (10252908.4457.000) 07/24 19:22:18 Image size of job updated: 160656
	8  -  MemoryUsage of job (MB)
	8148  -  ResidentSetSize of job (KB)
...
040 (10252908.4457.000) 07/24 19:22:18 Started transferring output files
...
040 (10252908.4457.000) 07/24 19:22:18 Finished transferring output files
...
005 (10252908.4457.000) 07/24 19:22:18 Job terminated.
	(1) Normal termination (return value 0)
		Usr 0 00:00:04, Sys 0 00:00:00  -  Run Remote Usage
		Usr 0 00:00:00, Sys 0 00:00:00  -  Run Local Usage
		Usr 0 00:00:04, Sys 0 00:00:00  -  Total Remote Usage
		Usr 0 00:00:00, Sys 0 00:00:00  -  Total Local Usage
	6204  -  Run Bytes Sent By Job
	409597  -  Run Bytes Received By Job
	6204  -  Total Bytes Sent By Job
	409597  -  Total Bytes Received By Job
	Partitionable Resources :    Usage  Request Allocated 
	   Cpus                 :        0        8         8 
	   Disk (KB)            :      428      425   2939033 
	   Memory (MB)          :        8    16000     16000 

	Job terminated of its own accord at 2024-07-24T17:22:18Z with exit-code 0.
...
040 (10252909.4457.000) 07/24 20:21:03 Started transferring input files
	Transferring to host: <188.185.205.30:9618?addrs=188.185.205.30-9618+[2001-1458-303-9--100-92]-9618&alias=b9p03p0246.cern.ch&noUDP&sock=slot1_8_7352_e624_156900>
...
040 (10252909.4457.000) 07/24 20:21:03 Finished transferring input files
...
001 (10252909.4457.000) 07/24 20:21:04 Job executing on host: <188.185.205.30:9618?addrs=188.185.205.30-9618+[2001-1458-303-9--100-92]-9618&alias=b9p03p0246.cern.ch&noUDP&sock=startd_7276_4f2d>
	SlotName: slot1_8@b9p03p0246.cern.ch
	CondorScratchDir = "/pool/condor/dir_1227811"
	Cpus = 8
	Disk = 2790221
	Memory = 16000
...
006 (10252909.4457.000) 07/24 20:21:08 Image size of job updated: 163224
	11  -  MemoryUsage of job (MB)
	10568  -  ResidentSetSize of job (KB)
...
040 (10252909.4457.000) 07/24 20:21:08 Started transferring output files
...
040 (10252909.4457.000) 07/24 20:21:08 Finished transferring output files
...
005 (10252909.4457.000) 07/24 20:21:08 Job terminated.
	(1) Normal termination (return value 0)
		Usr 0 00:00:03, Sys 0 00:00:00  -  Run Remote Usage
		Usr 0 00:00:00, Sys 0 00:00:00  -  Run Local Usage
		Usr 0 00:00:03, Sys 0 00:00:00  -  Total Remote Usage
		Usr 0 00:00:00, Sys 0 00:00:00  -  Total Local Usage
	6204  -  Run Bytes Sent By Job
	409597  -  Run Bytes Received By Job
	6204  -  Total Bytes Sent By Job
	409597  -  Total Bytes Received By Job
	Partitionable Resources :    Usage  Request Allocated 
	   Cpus                 :        0        8         8 
	   Disk (KB)            :      428      425   2790221 
	   Memory (MB)          :       11    16000     16000 

	Job terminated of its own accord at 2024-07-24T18:21:08Z with exit-code 0.
...
000 (10261715.4457.000) 07/25 13:03:11 Job submitted from host: <188.185.114.121:9618?addrs=188.185.114.121-9618+[2001-1458-d00-a--100-273]-9618&alias=bigbird19.cern.ch&noUDP&sock=schedd_4961_696e>
...
009 (10261715.4457.000) 07/25 13:07:00 Job was aborted.
	via condor_rm (by user yelberke)
...
000 (10261767.4457.000) 07/25 13:20:39 Job submitted from host: <188.185.114.121:9618?addrs=188.185.114.121-9618+[2001-1458-d00-a--100-273]-9618&alias=bigbird19.cern.ch&noUDP&sock=schedd_4961_696e>
...
040 (10261767.4457.000) 07/25 14:46:05 Started transferring input files
	Transferring to host: <188.185.193.129:9618?addrs=188.185.193.129-9618+[2001-1458-303-20--100-7d]-9618&alias=b9p19p4528.cern.ch&noUDP&sock=slot1_4_3615678_fd8f_2587>
...
040 (10261767.4457.000) 07/25 14:46:05 Finished transferring input files
...
001 (10261767.4457.000) 07/25 14:46:06 Job executing on host: <188.185.193.129:9618?addrs=188.185.193.129-9618+[2001-1458-303-20--100-7d]-9618&alias=b9p19p4528.cern.ch&noUDP&sock=startd_128303_c3c2>
	SlotName: slot1_4@b9p19p4528.cern.ch
	CondorScratchDir = "/pool/condor/dir_2717611"
	Cpus = 12
	Disk = 2964266
	Memory = 24000
...
006 (10261767.4457.000) 07/25 14:46:13 Image size of job updated: 162124
	9  -  MemoryUsage of job (MB)
	8364  -  ResidentSetSize of job (KB)
...
040 (10261767.4457.000) 07/25 14:46:13 Started transferring output files
...
040 (10261767.4457.000) 07/25 14:46:13 Finished transferring output files
...
005 (10261767.4457.000) 07/25 14:46:16 Job terminated.
	(1) Normal termination (return value 0)
		Usr 0 00:00:06, Sys 0 00:00:00  -  Run Remote Usage
		Usr 0 00:00:00, Sys 0 00:00:00  -  Run Local Usage
		Usr 0 00:00:06, Sys 0 00:00:00  -  Total Remote Usage
		Usr 0 00:00:00, Sys 0 00:00:00  -  Total Local Usage
	6676  -  Run Bytes Sent By Job
	409597  -  Run Bytes Received By Job
	6676  -  Total Bytes Sent By Job
	409597  -  Total Bytes Received By Job
	Partitionable Resources :    Usage  Request Allocated 
	   Cpus                 :        0       12        12 
	   Disk (KB)            :      428      425   2964266 
	   Memory (MB)          :        9    24000     24000 

	Job terminated of its own accord at 2024-07-25T12:46:13Z with exit-code 0.
...
000 (10284266.4457.000) 08/02 15:46:54 Job submitted from host: <188.185.114.121:9618?addrs=188.185.114.121-9618+[2001-1458-d00-a--100-273]-9618&alias=bigbird19.cern.ch&noUDP&sock=schedd_4961_696e>
...
000 (10284267.4457.000) 08/02 15:50:11 Job submitted from host: <188.185.114.121:9618?addrs=188.185.114.121-9618+[2001-1458-d00-a--100-273]-9618&alias=bigbird19.cern.ch&noUDP&sock=schedd_4961_696e>
...
009 (10284266.4457.000) 08/02 15:50:35 Job was aborted.
	via condor_rm (by user yelberke)
...
040 (10284267.4457.000) 08/02 17:01:44 Started transferring input files
	Transferring to host: <188.185.209.83:9618?addrs=188.185.209.83-9618+[2001-1458-303-11--100-50]-9618&alias=b9p11p6576.cern.ch&noUDP&sock=slot1_4_64708_63c0_99153>
...
040 (10284267.4457.000) 08/02 17:01:44 Finished transferring input files
...
001 (10284267.4457.000) 08/02 17:01:45 Job executing on host: <188.185.209.83:9618?addrs=188.185.209.83-9618+[2001-1458-303-11--100-50]-9618&alias=b9p11p6576.cern.ch&noUDP&sock=startd_3697_69b8>
	SlotName: slot1_4@b9p11p6576.cern.ch
	CondorScratchDir = "/pool/condor/dir_2283755"
	Cpus = 12
	Disk = 2588244
	Memory = 24000
...
006 (10284267.4457.000) 08/02 17:01:47 Image size of job updated: 321892
	4  -  MemoryUsage of job (MB)
	3420  -  ResidentSetSize of job (KB)
...
040 (10284267.4457.000) 08/02 17:01:47 Started transferring output files
...
040 (10284267.4457.000) 08/02 17:01:47 Finished transferring output files
...
005 (10284267.4457.000) 08/02 17:01:47 Job terminated.
	(1) Normal termination (return value 139)
		Usr 0 00:00:02, Sys 0 00:00:00  -  Run Remote Usage
		Usr 0 00:00:00, Sys 0 00:00:00  -  Run Local Usage
		Usr 0 00:00:02, Sys 0 00:00:00  -  Total Remote Usage
		Usr 0 00:00:00, Sys 0 00:00:00  -  Total Local Usage
	7696  -  Run Bytes Sent By Job
	409597  -  Run Bytes Received By Job
	7696  -  Total Bytes Sent By Job
	409597  -  Total Bytes Received By Job
	Partitionable Resources :    Usage  Request Allocated 
	   Cpus                 :        0       12        12 
	   Disk (KB)            :      432      425   2588244 
	   Memory (MB)          :        4    24000     24000 

	Job terminated of its own accord at 2024-08-02T15:01:47Z with exit-code 139.
...
