000 (10252905.4465.000) 07/24 16:13:21 Job submitted from host: <188.185.114.121:9618?addrs=188.185.114.121-9618+[2001-1458-d00-a--100-273]-9618&alias=bigbird19.cern.ch&noUDP&sock=schedd_4961_696e>
...
009 (10252905.4465.000) 07/24 16:14:51 Job was aborted.
	via condor_rm (by user yelberke)
...
000 (10252906.4465.000) 07/24 16:15:40 Job submitted from host: <188.185.114.121:9618?addrs=188.185.114.121-9618+[2001-1458-d00-a--100-273]-9618&alias=bigbird19.cern.ch&noUDP&sock=schedd_4961_696e>
...
000 (10252907.4465.000) 07/24 16:17:34 Job submitted from host: <188.185.114.121:9618?addrs=188.185.114.121-9618+[2001-1458-d00-a--100-273]-9618&alias=bigbird19.cern.ch&noUDP&sock=schedd_4961_696e>
...
000 (10252908.4465.000) 07/24 16:18:07 Job submitted from host: <188.185.114.121:9618?addrs=188.185.114.121-9618+[2001-1458-d00-a--100-273]-9618&alias=bigbird19.cern.ch&noUDP&sock=schedd_4961_696e>
...
000 (10252909.4465.000) 07/24 16:18:43 Job submitted from host: <188.185.114.121:9618?addrs=188.185.114.121-9618+[2001-1458-d00-a--100-273]-9618&alias=bigbird19.cern.ch&noUDP&sock=schedd_4961_696e>
...
040 (10252906.4465.000) 07/24 17:09:26 Started transferring input files
	Transferring to host: <188.185.206.195:9618?addrs=188.185.206.195-9618&alias=b9p06p8468.cern.ch&noUDP&sock=slot1_15_5427_8ff6_158090>
...
040 (10252906.4465.000) 07/24 17:09:26 Finished transferring input files
...
001 (10252906.4465.000) 07/24 17:09:27 Job executing on host: <188.185.206.195:9618?addrs=188.185.206.195-9618&alias=b9p06p8468.cern.ch&noUDP&sock=startd_4975_03c1>
	SlotName: slot1_15@b9p06p8468.cern.ch
	CondorScratchDir = "/pool/condor/dir_2007136"
	Cpus = 8
	Disk = 2800588
	Memory = 16000
...
006 (10252906.4465.000) 07/24 17:09:31 Image size of job updated: 159824
	8  -  MemoryUsage of job (MB)
	7604  -  ResidentSetSize of job (KB)
...
040 (10252906.4465.000) 07/24 17:09:31 Started transferring output files
...
040 (10252906.4465.000) 07/24 17:09:31 Finished transferring output files
...
005 (10252906.4465.000) 07/24 17:09:31 Job terminated.
	(1) Normal termination (return value 0)
		Usr 0 00:00:03, Sys 0 00:00:00  -  Run Remote Usage
		Usr 0 00:00:00, Sys 0 00:00:00  -  Run Local Usage
		Usr 0 00:00:03, Sys 0 00:00:00  -  Total Remote Usage
		Usr 0 00:00:00, Sys 0 00:00:00  -  Total Local Usage
	6201  -  Run Bytes Sent By Job
	409597  -  Run Bytes Received By Job
	6201  -  Total Bytes Sent By Job
	409597  -  Total Bytes Received By Job
	Partitionable Resources :    Usage  Request Allocated 
	   Cpus                 :        0        8         8 
	   Disk (KB)            :      428      425   2800588 
	   Memory (MB)          :        8    16000     16000 

	Job terminated of its own accord at 2024-07-24T15:09:31Z with exit-code 0.
...
040 (10252907.4465.000) 07/24 18:19:34 Started transferring input files
	Transferring to host: <188.185.208.204:9618?addrs=188.185.208.204-9618+[2001-1458-303-10--100-49]-9618&alias=b9p10p7122.cern.ch&noUDP&sock=slot1_13_10181_2f77_145494>
...
040 (10252907.4465.000) 07/24 18:19:34 Finished transferring input files
...
001 (10252907.4465.000) 07/24 18:19:35 Job executing on host: <188.185.208.204:9618?addrs=188.185.208.204-9618+[2001-1458-303-10--100-49]-9618&alias=b9p10p7122.cern.ch&noUDP&sock=startd_8805_137b>
	SlotName: slot1_13@b9p10p7122.cern.ch
	CondorScratchDir = "/pool/condor/dir_3412423"
	Cpus = 8
	Disk = 2779839
	Memory = 16000
...
006 (10252907.4465.000) 07/24 18:19:39 Image size of job updated: 158360
	8  -  MemoryUsage of job (MB)
	7364  -  ResidentSetSize of job (KB)
...
040 (10252907.4465.000) 07/24 18:19:39 Started transferring output files
...
040 (10252907.4465.000) 07/24 18:19:39 Finished transferring output files
...
005 (10252907.4465.000) 07/24 18:19:39 Job terminated.
	(1) Normal termination (return value 0)
		Usr 0 00:00:03, Sys 0 00:00:00  -  Run Remote Usage
		Usr 0 00:00:00, Sys 0 00:00:00  -  Run Local Usage
		Usr 0 00:00:03, Sys 0 00:00:00  -  Total Remote Usage
		Usr 0 00:00:00, Sys 0 00:00:00  -  Total Local Usage
	6204  -  Run Bytes Sent By Job
	409597  -  Run Bytes Received By Job
	6204  -  Total Bytes Sent By Job
	409597  -  Total Bytes Received By Job
	Partitionable Resources :    Usage  Request Allocated 
	   Cpus                 :        0        8         8 
	   Disk (KB)            :      428      425   2779839 
	   Memory (MB)          :        8    16000     16000 

	Job terminated of its own accord at 2024-07-24T16:19:39Z with exit-code 0.
...
040 (10252908.4465.000) 07/24 19:22:14 Started transferring input files
	Transferring to host: <188.185.204.166:9618?addrs=188.185.204.166-9618+[2001-1458-303-8--100-9a]-9618&alias=b9p02p9797.cern.ch&noUDP&sock=slot1_3_13093_f3ee_29777>
...
040 (10252908.4465.000) 07/24 19:22:14 Finished transferring input files
...
001 (10252908.4465.000) 07/24 19:22:15 Job executing on host: <188.185.204.166:9618?addrs=188.185.204.166-9618+[2001-1458-303-8--100-9a]-9618&alias=b9p02p9797.cern.ch&noUDP&sock=startd_11996_d631>
	SlotName: slot1_3@b9p02p9797.cern.ch
	CondorScratchDir = "/pool/condor/dir_3641690"
	Cpus = 8
	Disk = 2748595
	Memory = 16000
...
006 (10252908.4465.000) 07/24 19:22:21 Image size of job updated: 160864
	9  -  MemoryUsage of job (MB)
	8648  -  ResidentSetSize of job (KB)
...
040 (10252908.4465.000) 07/24 19:22:21 Started transferring output files
...
040 (10252908.4465.000) 07/24 19:22:21 Finished transferring output files
...
005 (10252908.4465.000) 07/24 19:22:21 Job terminated.
	(1) Normal termination (return value 0)
		Usr 0 00:00:04, Sys 0 00:00:00  -  Run Remote Usage
		Usr 0 00:00:00, Sys 0 00:00:00  -  Run Local Usage
		Usr 0 00:00:04, Sys 0 00:00:00  -  Total Remote Usage
		Usr 0 00:00:00, Sys 0 00:00:00  -  Total Local Usage
	6204  -  Run Bytes Sent By Job
	409597  -  Run Bytes Received By Job
	6204  -  Total Bytes Sent By Job
	409597  -  Total Bytes Received By Job
	Partitionable Resources :    Usage  Request Allocated 
	   Cpus                 :        0        8         8 
	   Disk (KB)            :      428      425   2748595 
	   Memory (MB)          :        9    16000     16000 

	Job terminated of its own accord at 2024-07-24T17:22:21Z with exit-code 0.
...
040 (10252909.4465.000) 07/24 20:21:06 Started transferring input files
	Transferring to host: <188.185.205.30:9618?addrs=188.185.205.30-9618+[2001-1458-303-9--100-92]-9618&alias=b9p03p0246.cern.ch&noUDP&sock=slot1_10_7352_e624_156901>
...
040 (10252909.4465.000) 07/24 20:21:06 Finished transferring input files
...
001 (10252909.4465.000) 07/24 20:21:07 Job executing on host: <188.185.205.30:9618?addrs=188.185.205.30-9618+[2001-1458-303-9--100-92]-9618&alias=b9p03p0246.cern.ch&noUDP&sock=startd_7276_4f2d>
	SlotName: slot1_10@b9p03p0246.cern.ch
	CondorScratchDir = "/pool/condor/dir_1312634"
	Cpus = 8
	Disk = 2790220
	Memory = 16000
...
006 (10252909.4465.000) 07/24 20:21:12 Image size of job updated: 164600
	10  -  MemoryUsage of job (MB)
	10200  -  ResidentSetSize of job (KB)
...
040 (10252909.4465.000) 07/24 20:21:12 Started transferring output files
...
040 (10252909.4465.000) 07/24 20:21:12 Finished transferring output files
...
005 (10252909.4465.000) 07/24 20:21:12 Job terminated.
	(1) Normal termination (return value 0)
		Usr 0 00:00:03, Sys 0 00:00:00  -  Run Remote Usage
		Usr 0 00:00:00, Sys 0 00:00:00  -  Run Local Usage
		Usr 0 00:00:03, Sys 0 00:00:00  -  Total Remote Usage
		Usr 0 00:00:00, Sys 0 00:00:00  -  Total Local Usage
	6204  -  Run Bytes Sent By Job
	409597  -  Run Bytes Received By Job
	6204  -  Total Bytes Sent By Job
	409597  -  Total Bytes Received By Job
	Partitionable Resources :    Usage  Request Allocated 
	   Cpus                 :        0        8         8 
	   Disk (KB)            :      428      425   2790220 
	   Memory (MB)          :       10    16000     16000 

	Job terminated of its own accord at 2024-07-24T18:21:12Z with exit-code 0.
...
000 (10261715.4465.000) 07/25 13:03:11 Job submitted from host: <188.185.114.121:9618?addrs=188.185.114.121-9618+[2001-1458-d00-a--100-273]-9618&alias=bigbird19.cern.ch&noUDP&sock=schedd_4961_696e>
...
009 (10261715.4465.000) 07/25 13:07:00 Job was aborted.
	via condor_rm (by user yelberke)
...
000 (10261767.4465.000) 07/25 13:20:39 Job submitted from host: <188.185.114.121:9618?addrs=188.185.114.121-9618+[2001-1458-d00-a--100-273]-9618&alias=bigbird19.cern.ch&noUDP&sock=schedd_4961_696e>
...
040 (10261767.4465.000) 07/25 14:46:16 Started transferring input files
	Transferring to host: <188.185.208.149:9618?addrs=188.185.208.149-9618+[2001-1458-303-10--100-12]-9618&alias=b9p10p3984.cern.ch&noUDP&sock=slot1_7_3811_f1b4_143284>
...
040 (10261767.4465.000) 07/25 14:46:16 Finished transferring input files
...
001 (10261767.4465.000) 07/25 14:46:17 Job executing on host: <188.185.208.149:9618?addrs=188.185.208.149-9618+[2001-1458-303-10--100-12]-9618&alias=b9p10p3984.cern.ch&noUDP&sock=startd_3746_05dc>
	SlotName: slot1_7@b9p10p3984.cern.ch
	CondorScratchDir = "/pool/condor/dir_3743134"
	Cpus = 12
	Disk = 2678656
	Memory = 24000
...
006 (10261767.4465.000) 07/25 14:46:22 Image size of job updated: 161728
	8  -  MemoryUsage of job (MB)
	7504  -  ResidentSetSize of job (KB)
...
040 (10261767.4465.000) 07/25 14:46:22 Started transferring output files
...
040 (10261767.4465.000) 07/25 14:46:22 Finished transferring output files
...
005 (10261767.4465.000) 07/25 14:46:23 Job terminated.
	(1) Normal termination (return value 0)
		Usr 0 00:00:04, Sys 0 00:00:00  -  Run Remote Usage
		Usr 0 00:00:00, Sys 0 00:00:00  -  Run Local Usage
		Usr 0 00:00:04, Sys 0 00:00:00  -  Total Remote Usage
		Usr 0 00:00:00, Sys 0 00:00:00  -  Total Local Usage
	6676  -  Run Bytes Sent By Job
	409597  -  Run Bytes Received By Job
	6676  -  Total Bytes Sent By Job
	409597  -  Total Bytes Received By Job
	Partitionable Resources :    Usage  Request Allocated 
	   Cpus                 :        0       12        12 
	   Disk (KB)            :      429      425   2678656 
	   Memory (MB)          :        8    24000     24000 

	Job terminated of its own accord at 2024-07-25T12:46:22Z with exit-code 0.
...
000 (10284266.4465.000) 08/02 15:46:54 Job submitted from host: <188.185.114.121:9618?addrs=188.185.114.121-9618+[2001-1458-d00-a--100-273]-9618&alias=bigbird19.cern.ch&noUDP&sock=schedd_4961_696e>
...
000 (10284267.4465.000) 08/02 15:50:11 Job submitted from host: <188.185.114.121:9618?addrs=188.185.114.121-9618+[2001-1458-d00-a--100-273]-9618&alias=bigbird19.cern.ch&noUDP&sock=schedd_4961_696e>
...
009 (10284266.4465.000) 08/02 15:50:35 Job was aborted.
	via condor_rm (by user yelberke)
...
040 (10284267.4465.000) 08/02 17:01:45 Started transferring input files
	Transferring to host: <188.185.207.197:9618?addrs=188.185.207.197-9618+[2001-1458-303-e--100-42]-9618&alias=b9p08p9966.cern.ch&noUDP&sock=slot1_5_7360_8924_154051>
...
040 (10284267.4465.000) 08/02 17:01:45 Finished transferring input files
...
001 (10284267.4465.000) 08/02 17:01:46 Job executing on host: <188.185.207.197:9618?addrs=188.185.207.197-9618+[2001-1458-303-e--100-42]-9618&alias=b9p08p9966.cern.ch&noUDP&sock=startd_5698_eeba>
	SlotName: slot1_5@b9p08p9966.cern.ch
	CondorScratchDir = "/pool/condor/dir_2523211"
	Cpus = 12
	Disk = 2927736
	Memory = 24000
...
006 (10284267.4465.000) 08/02 17:01:48 Image size of job updated: 326192
	5  -  MemoryUsage of job (MB)
	4440  -  ResidentSetSize of job (KB)
...
040 (10284267.4465.000) 08/02 17:01:48 Started transferring output files
...
040 (10284267.4465.000) 08/02 17:01:48 Finished transferring output files
...
005 (10284267.4465.000) 08/02 17:01:48 Job terminated.
	(1) Normal termination (return value 139)
		Usr 0 00:00:02, Sys 0 00:00:01  -  Run Remote Usage
		Usr 0 00:00:00, Sys 0 00:00:00  -  Run Local Usage
		Usr 0 00:00:02, Sys 0 00:00:01  -  Total Remote Usage
		Usr 0 00:00:00, Sys 0 00:00:00  -  Total Local Usage
	7696  -  Run Bytes Sent By Job
	409597  -  Run Bytes Received By Job
	7696  -  Total Bytes Sent By Job
	409597  -  Total Bytes Received By Job
	Partitionable Resources :    Usage  Request Allocated 
	   Cpus                 :        0       12        12 
	   Disk (KB)            :      430      425   2927736 
	   Memory (MB)          :        5    24000     24000 

	Job terminated of its own accord at 2024-08-02T15:01:48Z with exit-code 139.
...
