000 (10252905.4480.000) 07/24 16:13:21 Job submitted from host: <188.185.114.121:9618?addrs=188.185.114.121-9618+[2001-1458-d00-a--100-273]-9618&alias=bigbird19.cern.ch&noUDP&sock=schedd_4961_696e>
...
009 (10252905.4480.000) 07/24 16:14:51 Job was aborted.
	via condor_rm (by user yelberke)
...
000 (10252906.4480.000) 07/24 16:15:40 Job submitted from host: <188.185.114.121:9618?addrs=188.185.114.121-9618+[2001-1458-d00-a--100-273]-9618&alias=bigbird19.cern.ch&noUDP&sock=schedd_4961_696e>
...
000 (10252907.4480.000) 07/24 16:17:34 Job submitted from host: <188.185.114.121:9618?addrs=188.185.114.121-9618+[2001-1458-d00-a--100-273]-9618&alias=bigbird19.cern.ch&noUDP&sock=schedd_4961_696e>
...
000 (10252908.4480.000) 07/24 16:18:07 Job submitted from host: <188.185.114.121:9618?addrs=188.185.114.121-9618+[2001-1458-d00-a--100-273]-9618&alias=bigbird19.cern.ch&noUDP&sock=schedd_4961_696e>
...
000 (10252909.4480.000) 07/24 16:18:43 Job submitted from host: <188.185.114.121:9618?addrs=188.185.114.121-9618+[2001-1458-d00-a--100-273]-9618&alias=bigbird19.cern.ch&noUDP&sock=schedd_4961_696e>
...
040 (10252906.4480.000) 07/24 17:09:31 Started transferring input files
	Transferring to host: <188.185.209.15:9618?addrs=188.185.209.15-9618+[2001-1458-303-11--100-c]-9618&alias=b9p11p0957.cern.ch&noUDP&sock=slot1_18_5213_c7ad_146314>
...
040 (10252906.4480.000) 07/24 17:09:31 Finished transferring input files
...
001 (10252906.4480.000) 07/24 17:09:32 Job executing on host: <188.185.209.15:9618?addrs=188.185.209.15-9618+[2001-1458-303-11--100-c]-9618&alias=b9p11p0957.cern.ch&noUDP&sock=startd_4362_8c33>
	SlotName: slot1_18@b9p11p0957.cern.ch
	CondorScratchDir = "/pool/condor/dir_3934993"
	Cpus = 8
	Disk = 2829790
	Memory = 16000
...
006 (10252906.4480.000) 07/24 17:09:37 Image size of job updated: 157592
	8  -  MemoryUsage of job (MB)
	7456  -  ResidentSetSize of job (KB)
...
040 (10252906.4480.000) 07/24 17:09:37 Started transferring output files
...
040 (10252906.4480.000) 07/24 17:09:37 Finished transferring output files
...
005 (10252906.4480.000) 07/24 17:09:37 Job terminated.
	(1) Normal termination (return value 0)
		Usr 0 00:00:04, Sys 0 00:00:00  -  Run Remote Usage
		Usr 0 00:00:00, Sys 0 00:00:00  -  Run Local Usage
		Usr 0 00:00:04, Sys 0 00:00:00  -  Total Remote Usage
		Usr 0 00:00:00, Sys 0 00:00:00  -  Total Local Usage
	6201  -  Run Bytes Sent By Job
	409597  -  Run Bytes Received By Job
	6201  -  Total Bytes Sent By Job
	409597  -  Total Bytes Received By Job
	Partitionable Resources :    Usage  Request Allocated 
	   Cpus                 :        0        8         8 
	   Disk (KB)            :      428      425   2829790 
	   Memory (MB)          :        8    16000     16000 

	Job terminated of its own accord at 2024-07-24T15:09:37Z with exit-code 0.
...
040 (10252907.4480.000) 07/24 18:19:39 Started transferring input files
	Transferring to host: <188.185.205.188:9618?addrs=188.185.205.188-9618&alias=b9p04p6505.cern.ch&noUDP&sock=slot1_4_6904_3e12_154351>
...
040 (10252907.4480.000) 07/24 18:19:39 Finished transferring input files
...
001 (10252907.4480.000) 07/24 18:19:40 Job executing on host: <188.185.205.188:9618?addrs=188.185.205.188-9618&alias=b9p04p6505.cern.ch&noUDP&sock=startd_6831_1388>
	SlotName: slot1_4@b9p04p6505.cern.ch
	CondorScratchDir = "/pool/condor/dir_13464"
	Cpus = 8
	Disk = 2800229
	Memory = 16000
...
006 (10252907.4480.000) 07/24 18:19:47 Image size of job updated: 157968
	7  -  MemoryUsage of job (MB)
	7036  -  ResidentSetSize of job (KB)
...
040 (10252907.4480.000) 07/24 18:19:47 Started transferring output files
...
040 (10252907.4480.000) 07/24 18:19:47 Finished transferring output files
...
005 (10252907.4480.000) 07/24 18:19:47 Job terminated.
	(1) Normal termination (return value 0)
		Usr 0 00:00:05, Sys 0 00:00:00  -  Run Remote Usage
		Usr 0 00:00:00, Sys 0 00:00:00  -  Run Local Usage
		Usr 0 00:00:05, Sys 0 00:00:00  -  Total Remote Usage
		Usr 0 00:00:00, Sys 0 00:00:00  -  Total Local Usage
	6204  -  Run Bytes Sent By Job
	409597  -  Run Bytes Received By Job
	6204  -  Total Bytes Sent By Job
	409597  -  Total Bytes Received By Job
	Partitionable Resources :    Usage  Request Allocated 
	   Cpus                 :        0        8         8 
	   Disk (KB)            :      428      425   2800229 
	   Memory (MB)          :        7    16000     16000 

	Job terminated of its own accord at 2024-07-24T16:19:47Z with exit-code 0.
...
040 (10252908.4480.000) 07/24 19:22:28 Started transferring input files
	Transferring to host: <188.185.204.136:9618?addrs=188.185.204.136-9618+[2001-1458-303-8--100-7c]-9618&alias=b9p02p3820.cern.ch&noUDP&sock=slot1_4_7792_eb36_156241>
...
040 (10252908.4480.000) 07/24 19:22:28 Finished transferring input files
...
001 (10252908.4480.000) 07/24 19:22:29 Job executing on host: <188.185.204.136:9618?addrs=188.185.204.136-9618+[2001-1458-303-8--100-7c]-9618&alias=b9p02p3820.cern.ch&noUDP&sock=startd_7725_4933>
	SlotName: slot1_4@b9p02p3820.cern.ch
	CondorScratchDir = "/pool/condor/dir_14999"
	Cpus = 8
	Disk = 2832681
	Memory = 16000
...
006 (10252908.4480.000) 07/24 19:22:34 Image size of job updated: 158276
	8  -  MemoryUsage of job (MB)
	7360  -  ResidentSetSize of job (KB)
...
040 (10252908.4480.000) 07/24 19:22:34 Started transferring output files
...
040 (10252908.4480.000) 07/24 19:22:34 Finished transferring output files
...
005 (10252908.4480.000) 07/24 19:22:34 Job terminated.
	(1) Normal termination (return value 0)
		Usr 0 00:00:04, Sys 0 00:00:00  -  Run Remote Usage
		Usr 0 00:00:00, Sys 0 00:00:00  -  Run Local Usage
		Usr 0 00:00:04, Sys 0 00:00:00  -  Total Remote Usage
		Usr 0 00:00:00, Sys 0 00:00:00  -  Total Local Usage
	6204  -  Run Bytes Sent By Job
	409597  -  Run Bytes Received By Job
	6204  -  Total Bytes Sent By Job
	409597  -  Total Bytes Received By Job
	Partitionable Resources :    Usage  Request Allocated 
	   Cpus                 :        0        8         8 
	   Disk (KB)            :      428      425   2832681 
	   Memory (MB)          :        8    16000     16000 

	Job terminated of its own accord at 2024-07-24T17:22:34Z with exit-code 0.
...
040 (10252909.4480.000) 07/24 20:21:11 Started transferring input files
	Transferring to host: <188.185.206.176:9618?addrs=188.185.206.176-9618&alias=b9p06p2041.cern.ch&noUDP&sock=slot1_17_6897_4f72_152965>
...
040 (10252909.4480.000) 07/24 20:21:11 Finished transferring input files
...
001 (10252909.4480.000) 07/24 20:21:12 Job executing on host: <188.185.206.176:9618?addrs=188.185.206.176-9618&alias=b9p06p2041.cern.ch&noUDP&sock=startd_6825_f5f6>
	SlotName: slot1_17@b9p06p2041.cern.ch
	CondorScratchDir = "/pool/condor/dir_2672417"
	Cpus = 8
	Disk = 2892592
	Memory = 16000
...
006 (10252909.4480.000) 07/24 20:21:16 Image size of job updated: 165512
	11  -  MemoryUsage of job (MB)
	10872  -  ResidentSetSize of job (KB)
...
040 (10252909.4480.000) 07/24 20:21:16 Started transferring output files
...
040 (10252909.4480.000) 07/24 20:21:16 Finished transferring output files
...
005 (10252909.4480.000) 07/24 20:21:16 Job terminated.
	(1) Normal termination (return value 0)
		Usr 0 00:00:03, Sys 0 00:00:00  -  Run Remote Usage
		Usr 0 00:00:00, Sys 0 00:00:00  -  Run Local Usage
		Usr 0 00:00:03, Sys 0 00:00:00  -  Total Remote Usage
		Usr 0 00:00:00, Sys 0 00:00:00  -  Total Local Usage
	6204  -  Run Bytes Sent By Job
	409597  -  Run Bytes Received By Job
	6204  -  Total Bytes Sent By Job
	409597  -  Total Bytes Received By Job
	Partitionable Resources :    Usage  Request Allocated 
	   Cpus                 :        0        8         8 
	   Disk (KB)            :      428      425   2892592 
	   Memory (MB)          :       11    16000     16000 

	Job terminated of its own accord at 2024-07-24T18:21:16Z with exit-code 0.
...
000 (10261715.4480.000) 07/25 13:03:12 Job submitted from host: <188.185.114.121:9618?addrs=188.185.114.121-9618+[2001-1458-d00-a--100-273]-9618&alias=bigbird19.cern.ch&noUDP&sock=schedd_4961_696e>
...
009 (10261715.4480.000) 07/25 13:07:00 Job was aborted.
	via condor_rm (by user yelberke)
...
000 (10261767.4480.000) 07/25 13:20:39 Job submitted from host: <188.185.114.121:9618?addrs=188.185.114.121-9618+[2001-1458-d00-a--100-273]-9618&alias=bigbird19.cern.ch&noUDP&sock=schedd_4961_696e>
...
040 (10261767.4480.000) 07/25 14:46:09 Started transferring input files
	Transferring to host: <188.185.204.194:9618?addrs=188.185.204.194-9618+[2001-1458-303-8--100-b6]-9618&alias=b9p02p3136.cern.ch&noUDP&sock=slot1_19_7276_59a1_158466>
...
040 (10261767.4480.000) 07/25 14:46:09 Finished transferring input files
...
001 (10261767.4480.000) 07/25 14:46:10 Job executing on host: <188.185.204.194:9618?addrs=188.185.204.194-9618+[2001-1458-303-8--100-b6]-9618&alias=b9p02p3136.cern.ch&noUDP&sock=startd_7206_4b8c>
	SlotName: slot1_19@b9p02p3136.cern.ch
	CondorScratchDir = "/pool/condor/dir_963732"
	Cpus = 12
	Disk = 2802195
	Memory = 24000
...
006 (10261767.4480.000) 07/25 14:46:15 Image size of job updated: 160716
	7  -  MemoryUsage of job (MB)
	6660  -  ResidentSetSize of job (KB)
...
040 (10261767.4480.000) 07/25 14:46:16 Started transferring output files
...
040 (10261767.4480.000) 07/25 14:46:16 Finished transferring output files
...
005 (10261767.4480.000) 07/25 14:46:16 Job terminated.
	(1) Normal termination (return value 0)
		Usr 0 00:00:04, Sys 0 00:00:00  -  Run Remote Usage
		Usr 0 00:00:00, Sys 0 00:00:00  -  Run Local Usage
		Usr 0 00:00:04, Sys 0 00:00:00  -  Total Remote Usage
		Usr 0 00:00:00, Sys 0 00:00:00  -  Total Local Usage
	6676  -  Run Bytes Sent By Job
	409597  -  Run Bytes Received By Job
	6676  -  Total Bytes Sent By Job
	409597  -  Total Bytes Received By Job
	Partitionable Resources :    Usage  Request Allocated 
	   Cpus                 :        0       12        12 
	   Disk (KB)            :      428      425   2802195 
	   Memory (MB)          :        7    24000     24000 

	Job terminated of its own accord at 2024-07-25T12:46:15Z with exit-code 0.
...
000 (10284266.4480.000) 08/02 15:46:55 Job submitted from host: <188.185.114.121:9618?addrs=188.185.114.121-9618+[2001-1458-d00-a--100-273]-9618&alias=bigbird19.cern.ch&noUDP&sock=schedd_4961_696e>
...
000 (10284267.4480.000) 08/02 15:50:11 Job submitted from host: <188.185.114.121:9618?addrs=188.185.114.121-9618+[2001-1458-d00-a--100-273]-9618&alias=bigbird19.cern.ch&noUDP&sock=schedd_4961_696e>
...
009 (10284266.4480.000) 08/02 15:50:35 Job was aborted.
	via condor_rm (by user yelberke)
...
040 (10284267.4480.000) 08/02 17:01:48 Started transferring input files
	Transferring to host: <188.185.208.222:9618?addrs=188.185.208.222-9618+[2001-1458-303-10--100-5b]-9618&alias=b9p10p1546.cern.ch&noUDP&sock=slot1_7_54917_be92_34446>
...
040 (10284267.4480.000) 08/02 17:01:48 Finished transferring input files
...
001 (10284267.4480.000) 08/02 17:01:49 Job executing on host: <188.185.208.222:9618?addrs=188.185.208.222-9618+[2001-1458-303-10--100-5b]-9618&alias=b9p10p1546.cern.ch&noUDP&sock=startd_54861_a94d>
	SlotName: slot1_7@b9p10p1546.cern.ch
	CondorScratchDir = "/pool/condor/dir_3923184"
	Cpus = 12
	Disk = 2809258
	Memory = 24000
...
006 (10284267.4480.000) 08/02 17:01:51 Image size of job updated: 324656
	3  -  MemoryUsage of job (MB)
	2852  -  ResidentSetSize of job (KB)
...
040 (10284267.4480.000) 08/02 17:01:51 Started transferring output files
...
040 (10284267.4480.000) 08/02 17:01:51 Finished transferring output files
...
005 (10284267.4480.000) 08/02 17:01:51 Job terminated.
	(1) Normal termination (return value 139)
		Usr 0 00:00:01, Sys 0 00:00:00  -  Run Remote Usage
		Usr 0 00:00:00, Sys 0 00:00:00  -  Run Local Usage
		Usr 0 00:00:01, Sys 0 00:00:00  -  Total Remote Usage
		Usr 0 00:00:00, Sys 0 00:00:00  -  Total Local Usage
	7696  -  Run Bytes Sent By Job
	409597  -  Run Bytes Received By Job
	7696  -  Total Bytes Sent By Job
	409597  -  Total Bytes Received By Job
	Partitionable Resources :    Usage  Request Allocated 
	   Cpus                 :        0       12        12 
	   Disk (KB)            :      429      425   2809258 
	   Memory (MB)          :        3    24000     24000 

	Job terminated of its own accord at 2024-08-02T15:01:51Z with exit-code 139.
...
