000 (10252905.4486.000) 07/24 16:13:21 Job submitted from host: <188.185.114.121:9618?addrs=188.185.114.121-9618+[2001-1458-d00-a--100-273]-9618&alias=bigbird19.cern.ch&noUDP&sock=schedd_4961_696e>
...
009 (10252905.4486.000) 07/24 16:14:51 Job was aborted.
	via condor_rm (by user yelberke)
...
000 (10252906.4486.000) 07/24 16:15:40 Job submitted from host: <188.185.114.121:9618?addrs=188.185.114.121-9618+[2001-1458-d00-a--100-273]-9618&alias=bigbird19.cern.ch&noUDP&sock=schedd_4961_696e>
...
000 (10252907.4486.000) 07/24 16:17:34 Job submitted from host: <188.185.114.121:9618?addrs=188.185.114.121-9618+[2001-1458-d00-a--100-273]-9618&alias=bigbird19.cern.ch&noUDP&sock=schedd_4961_696e>
...
000 (10252908.4486.000) 07/24 16:18:07 Job submitted from host: <188.185.114.121:9618?addrs=188.185.114.121-9618+[2001-1458-d00-a--100-273]-9618&alias=bigbird19.cern.ch&noUDP&sock=schedd_4961_696e>
...
000 (10252909.4486.000) 07/24 16:18:43 Job submitted from host: <188.185.114.121:9618?addrs=188.185.114.121-9618+[2001-1458-d00-a--100-273]-9618&alias=bigbird19.cern.ch&noUDP&sock=schedd_4961_696e>
...
040 (10252906.4486.000) 07/24 17:09:33 Started transferring input files
	Transferring to host: <188.185.195.104:9618?addrs=188.185.195.104-9618+[2001-1458-303-22--100-64]-9618&alias=b9p17p4322.cern.ch&noUDP&sock=slot1_17_3733077_34d5_20309>
...
040 (10252906.4486.000) 07/24 17:09:33 Finished transferring input files
...
001 (10252906.4486.000) 07/24 17:09:34 Job executing on host: <188.185.195.104:9618?addrs=188.185.195.104-9618+[2001-1458-303-22--100-64]-9618&alias=b9p17p4322.cern.ch&noUDP&sock=startd_127965_ecbf>
	SlotName: slot1_17@b9p17p4322.cern.ch
	CondorScratchDir = "/pool/condor/dir_1692136"
	Cpus = 8
	Disk = 2988621
	Memory = 16000
...
006 (10252906.4486.000) 07/24 17:09:40 Image size of job updated: 160040
	8  -  MemoryUsage of job (MB)
	7372  -  ResidentSetSize of job (KB)
...
040 (10252906.4486.000) 07/24 17:09:40 Started transferring output files
...
040 (10252906.4486.000) 07/24 17:09:40 Finished transferring output files
...
005 (10252906.4486.000) 07/24 17:09:40 Job terminated.
	(1) Normal termination (return value 0)
		Usr 0 00:00:05, Sys 0 00:00:00  -  Run Remote Usage
		Usr 0 00:00:00, Sys 0 00:00:00  -  Run Local Usage
		Usr 0 00:00:05, Sys 0 00:00:00  -  Total Remote Usage
		Usr 0 00:00:00, Sys 0 00:00:00  -  Total Local Usage
	6201  -  Run Bytes Sent By Job
	409597  -  Run Bytes Received By Job
	6201  -  Total Bytes Sent By Job
	409597  -  Total Bytes Received By Job
	Partitionable Resources :    Usage  Request Allocated 
	   Cpus                 :        0        8         8 
	   Disk (KB)            :      428      425   2988621 
	   Memory (MB)          :        8    16000     16000 

	Job terminated of its own accord at 2024-07-24T15:09:40Z with exit-code 0.
...
040 (10252907.4486.000) 07/24 18:19:42 Started transferring input files
	Transferring to host: <188.185.207.15:9618?addrs=188.185.207.15-9618+[2001-1458-303-d--100-c]-9618&alias=b9p07p1846.cern.ch&noUDP&sock=slot1_11_4594_a374_147511>
...
040 (10252907.4486.000) 07/24 18:19:42 Finished transferring input files
...
001 (10252907.4486.000) 07/24 18:19:43 Job executing on host: <188.185.207.15:9618?addrs=188.185.207.15-9618+[2001-1458-303-d--100-c]-9618&alias=b9p07p1846.cern.ch&noUDP&sock=startd_3880_ef8d>
	SlotName: slot1_11@b9p07p1846.cern.ch
	CondorScratchDir = "/pool/condor/dir_756381"
	Cpus = 8
	Disk = 2508164
	Memory = 16000
...
006 (10252907.4486.000) 07/24 18:19:48 Image size of job updated: 161648
	9  -  MemoryUsage of job (MB)
	8904  -  ResidentSetSize of job (KB)
...
040 (10252907.4486.000) 07/24 18:19:48 Started transferring output files
...
040 (10252907.4486.000) 07/24 18:19:48 Finished transferring output files
...
005 (10252907.4486.000) 07/24 18:19:48 Job terminated.
	(1) Normal termination (return value 0)
		Usr 0 00:00:03, Sys 0 00:00:00  -  Run Remote Usage
		Usr 0 00:00:00, Sys 0 00:00:00  -  Run Local Usage
		Usr 0 00:00:03, Sys 0 00:00:00  -  Total Remote Usage
		Usr 0 00:00:00, Sys 0 00:00:00  -  Total Local Usage
	6204  -  Run Bytes Sent By Job
	409597  -  Run Bytes Received By Job
	6204  -  Total Bytes Sent By Job
	409597  -  Total Bytes Received By Job
	Partitionable Resources :    Usage  Request Allocated 
	   Cpus                 :        0        8         8 
	   Disk (KB)            :      428      425   2508164 
	   Memory (MB)          :        9    16000     16000 

	Job terminated of its own accord at 2024-07-24T16:19:48Z with exit-code 0.
...
040 (10252908.4486.000) 07/24 19:22:20 Started transferring input files
	Transferring to host: <188.185.204.136:9618?addrs=188.185.204.136-9618+[2001-1458-303-8--100-7c]-9618&alias=b9p02p3820.cern.ch&noUDP&sock=slot1_2_7792_eb36_156240>
...
040 (10252908.4486.000) 07/24 19:22:20 Finished transferring input files
...
001 (10252908.4486.000) 07/24 19:22:21 Job executing on host: <188.185.204.136:9618?addrs=188.185.204.136-9618+[2001-1458-303-8--100-7c]-9618&alias=b9p02p3820.cern.ch&noUDP&sock=startd_7725_4933>
	SlotName: slot1_2@b9p02p3820.cern.ch
	CondorScratchDir = "/pool/condor/dir_4052000"
	Cpus = 8
	Disk = 2832699
	Memory = 16000
...
006 (10252908.4486.000) 07/24 19:22:28 Image size of job updated: 159372
	8  -  MemoryUsage of job (MB)
	8032  -  ResidentSetSize of job (KB)
...
040 (10252908.4486.000) 07/24 19:22:28 Started transferring output files
...
040 (10252908.4486.000) 07/24 19:22:28 Finished transferring output files
...
005 (10252908.4486.000) 07/24 19:22:28 Job terminated.
	(1) Normal termination (return value 0)
		Usr 0 00:00:05, Sys 0 00:00:00  -  Run Remote Usage
		Usr 0 00:00:00, Sys 0 00:00:00  -  Run Local Usage
		Usr 0 00:00:05, Sys 0 00:00:00  -  Total Remote Usage
		Usr 0 00:00:00, Sys 0 00:00:00  -  Total Local Usage
	6204  -  Run Bytes Sent By Job
	409597  -  Run Bytes Received By Job
	6204  -  Total Bytes Sent By Job
	409597  -  Total Bytes Received By Job
	Partitionable Resources :    Usage  Request Allocated 
	   Cpus                 :        0        8         8 
	   Disk (KB)            :      428      425   2832699 
	   Memory (MB)          :        8    16000     16000 

	Job terminated of its own accord at 2024-07-24T17:22:28Z with exit-code 0.
...
040 (10252909.4486.000) 07/24 20:21:13 Started transferring input files
	Transferring to host: <188.185.205.30:9618?addrs=188.185.205.30-9618+[2001-1458-303-9--100-92]-9618&alias=b9p03p0246.cern.ch&noUDP&sock=slot1_13_7352_e624_156904>
...
040 (10252909.4486.000) 07/24 20:21:13 Finished transferring input files
...
001 (10252909.4486.000) 07/24 20:21:14 Job executing on host: <188.185.205.30:9618?addrs=188.185.205.30-9618+[2001-1458-303-9--100-92]-9618&alias=b9p03p0246.cern.ch&noUDP&sock=startd_7276_4f2d>
	SlotName: slot1_13@b9p03p0246.cern.ch
	CondorScratchDir = "/pool/condor/dir_1523556"
	Cpus = 8
	Disk = 2790221
	Memory = 16000
...
006 (10252909.4486.000) 07/24 20:21:19 Image size of job updated: 162476
	10  -  MemoryUsage of job (MB)
	9436  -  ResidentSetSize of job (KB)
...
040 (10252909.4486.000) 07/24 20:21:19 Started transferring output files
...
040 (10252909.4486.000) 07/24 20:21:19 Finished transferring output files
...
005 (10252909.4486.000) 07/24 20:21:19 Job terminated.
	(1) Normal termination (return value 0)
		Usr 0 00:00:03, Sys 0 00:00:00  -  Run Remote Usage
		Usr 0 00:00:00, Sys 0 00:00:00  -  Run Local Usage
		Usr 0 00:00:03, Sys 0 00:00:00  -  Total Remote Usage
		Usr 0 00:00:00, Sys 0 00:00:00  -  Total Local Usage
	6204  -  Run Bytes Sent By Job
	409597  -  Run Bytes Received By Job
	6204  -  Total Bytes Sent By Job
	409597  -  Total Bytes Received By Job
	Partitionable Resources :    Usage  Request Allocated 
	   Cpus                 :                 8         8 
	   Disk (KB)            :      421      425   2790221 
	   Memory (MB)          :       10    16000     16000 

	Job terminated of its own accord at 2024-07-24T18:21:19Z with exit-code 0.
...
000 (10261715.4486.000) 07/25 13:03:12 Job submitted from host: <188.185.114.121:9618?addrs=188.185.114.121-9618+[2001-1458-d00-a--100-273]-9618&alias=bigbird19.cern.ch&noUDP&sock=schedd_4961_696e>
...
009 (10261715.4486.000) 07/25 13:07:00 Job was aborted.
	via condor_rm (by user yelberke)
...
000 (10261767.4486.000) 07/25 13:20:39 Job submitted from host: <188.185.114.121:9618?addrs=188.185.114.121-9618+[2001-1458-d00-a--100-273]-9618&alias=bigbird19.cern.ch&noUDP&sock=schedd_4961_696e>
...
040 (10261767.4486.000) 07/25 14:46:11 Started transferring input files
	Transferring to host: <188.185.207.219:9618?addrs=188.185.207.219-9618+[2001-1458-303-e--100-58]-9618&alias=b9p08p2667.cern.ch&noUDP&sock=slot1_11_10622_e8e9_143677>
...
040 (10261767.4486.000) 07/25 14:46:11 Finished transferring input files
...
001 (10261767.4486.000) 07/25 14:46:12 Job executing on host: <188.185.207.219:9618?addrs=188.185.207.219-9618+[2001-1458-303-e--100-58]-9618&alias=b9p08p2667.cern.ch&noUDP&sock=startd_9222_1a79>
	SlotName: slot1_11@b9p08p2667.cern.ch
	CondorScratchDir = "/pool/condor/dir_328477"
	Cpus = 12
	Disk = 2687190
	Memory = 24000
...
006 (10261767.4486.000) 07/25 14:46:17 Image size of job updated: 161400
	9  -  MemoryUsage of job (MB)
	8396  -  ResidentSetSize of job (KB)
...
040 (10261767.4486.000) 07/25 14:46:17 Started transferring output files
...
040 (10261767.4486.000) 07/25 14:46:17 Finished transferring output files
...
005 (10261767.4486.000) 07/25 14:46:18 Job terminated.
	(1) Normal termination (return value 0)
		Usr 0 00:00:04, Sys 0 00:00:00  -  Run Remote Usage
		Usr 0 00:00:00, Sys 0 00:00:00  -  Run Local Usage
		Usr 0 00:00:04, Sys 0 00:00:00  -  Total Remote Usage
		Usr 0 00:00:00, Sys 0 00:00:00  -  Total Local Usage
	6676  -  Run Bytes Sent By Job
	409597  -  Run Bytes Received By Job
	6676  -  Total Bytes Sent By Job
	409597  -  Total Bytes Received By Job
	Partitionable Resources :    Usage  Request Allocated 
	   Cpus                 :        0       12        12 
	   Disk (KB)            :      428      425   2687190 
	   Memory (MB)          :        9    24000     24000 

	Job terminated of its own accord at 2024-07-25T12:46:17Z with exit-code 0.
...
000 (10284266.4486.000) 08/02 15:46:55 Job submitted from host: <188.185.114.121:9618?addrs=188.185.114.121-9618+[2001-1458-d00-a--100-273]-9618&alias=bigbird19.cern.ch&noUDP&sock=schedd_4961_696e>
...
000 (10284267.4486.000) 08/02 15:50:11 Job submitted from host: <188.185.114.121:9618?addrs=188.185.114.121-9618+[2001-1458-d00-a--100-273]-9618&alias=bigbird19.cern.ch&noUDP&sock=schedd_4961_696e>
...
009 (10284266.4486.000) 08/02 15:50:35 Job was aborted.
	via condor_rm (by user yelberke)
...
040 (10284267.4486.000) 08/02 17:01:50 Started transferring input files
	Transferring to host: <188.185.205.139:9618?addrs=188.185.205.139-9618+[2001-1458-303-a--100-8]-9618&alias=b9p04p2435.cern.ch&noUDP&sock=slot1_13_3719_1f30_95481>
...
040 (10284267.4486.000) 08/02 17:01:50 Finished transferring input files
...
001 (10284267.4486.000) 08/02 17:01:51 Job executing on host: <188.185.205.139:9618?addrs=188.185.205.139-9618+[2001-1458-303-a--100-8]-9618&alias=b9p04p2435.cern.ch&noUDP&sock=startd_3391_85bd>
	SlotName: slot1_13@b9p04p2435.cern.ch
	CondorScratchDir = "/pool/condor/dir_1369527"
	Cpus = 12
	Disk = 2587305
	Memory = 24000
...
006 (10284267.4486.000) 08/02 17:01:54 Image size of job updated: 326592
	5  -  MemoryUsage of job (MB)
	4644  -  ResidentSetSize of job (KB)
...
040 (10284267.4486.000) 08/02 17:01:54 Started transferring output files
...
040 (10284267.4486.000) 08/02 17:01:54 Finished transferring output files
...
005 (10284267.4486.000) 08/02 17:01:54 Job terminated.
	(1) Normal termination (return value 139)
		Usr 0 00:00:02, Sys 0 00:00:01  -  Run Remote Usage
		Usr 0 00:00:00, Sys 0 00:00:00  -  Run Local Usage
		Usr 0 00:00:02, Sys 0 00:00:01  -  Total Remote Usage
		Usr 0 00:00:00, Sys 0 00:00:00  -  Total Local Usage
	7696  -  Run Bytes Sent By Job
	409597  -  Run Bytes Received By Job
	7696  -  Total Bytes Sent By Job
	409597  -  Total Bytes Received By Job
	Partitionable Resources :    Usage  Request Allocated 
	   Cpus                 :        0       12        12 
	   Disk (KB)            :      430      425   2587305 
	   Memory (MB)          :        5    24000     24000 

	Job terminated of its own accord at 2024-08-02T15:01:54Z with exit-code 139.
...
