000 (10252905.4504.000) 07/24 16:13:21 Job submitted from host: <188.185.114.121:9618?addrs=188.185.114.121-9618+[2001-1458-d00-a--100-273]-9618&alias=bigbird19.cern.ch&noUDP&sock=schedd_4961_696e>
...
009 (10252905.4504.000) 07/24 16:14:51 Job was aborted.
	via condor_rm (by user yelberke)
...
000 (10252906.4504.000) 07/24 16:15:40 Job submitted from host: <188.185.114.121:9618?addrs=188.185.114.121-9618+[2001-1458-d00-a--100-273]-9618&alias=bigbird19.cern.ch&noUDP&sock=schedd_4961_696e>
...
000 (10252907.4504.000) 07/24 16:17:34 Job submitted from host: <188.185.114.121:9618?addrs=188.185.114.121-9618+[2001-1458-d00-a--100-273]-9618&alias=bigbird19.cern.ch&noUDP&sock=schedd_4961_696e>
...
000 (10252908.4504.000) 07/24 16:18:07 Job submitted from host: <188.185.114.121:9618?addrs=188.185.114.121-9618+[2001-1458-d00-a--100-273]-9618&alias=bigbird19.cern.ch&noUDP&sock=schedd_4961_696e>
...
000 (10252909.4504.000) 07/24 16:18:43 Job submitted from host: <188.185.114.121:9618?addrs=188.185.114.121-9618+[2001-1458-d00-a--100-273]-9618&alias=bigbird19.cern.ch&noUDP&sock=schedd_4961_696e>
...
040 (10252906.4504.000) 07/24 17:09:47 Started transferring input files
	Transferring to host: <188.185.192.159:9618?addrs=188.185.192.159-9618+[2001-1458-303-1f--100-9b]-9618&alias=b9p13p7065.cern.ch&noUDP&sock=slot1_12_1476970_ba56_6043>
...
040 (10252906.4504.000) 07/24 17:09:47 Finished transferring input files
...
001 (10252906.4504.000) 07/24 17:09:48 Job executing on host: <188.185.192.159:9618?addrs=188.185.192.159-9618+[2001-1458-303-1f--100-9b]-9618&alias=b9p13p7065.cern.ch&noUDP&sock=startd_173435_9011>
	SlotName: slot1_12@b9p13p7065.cern.ch
	CondorScratchDir = "/pool/condor/dir_2037628"
	Cpus = 8
	Disk = 2840311
	Memory = 16000
...
006 (10252906.4504.000) 07/24 17:09:54 Image size of job updated: 160244
	8  -  MemoryUsage of job (MB)
	7884  -  ResidentSetSize of job (KB)
...
040 (10252906.4504.000) 07/24 17:09:54 Started transferring output files
...
040 (10252906.4504.000) 07/24 17:09:54 Finished transferring output files
...
005 (10252906.4504.000) 07/24 17:09:54 Job terminated.
	(1) Normal termination (return value 0)
		Usr 0 00:00:05, Sys 0 00:00:00  -  Run Remote Usage
		Usr 0 00:00:00, Sys 0 00:00:00  -  Run Local Usage
		Usr 0 00:00:05, Sys 0 00:00:00  -  Total Remote Usage
		Usr 0 00:00:00, Sys 0 00:00:00  -  Total Local Usage
	6201  -  Run Bytes Sent By Job
	409597  -  Run Bytes Received By Job
	6201  -  Total Bytes Sent By Job
	409597  -  Total Bytes Received By Job
	Partitionable Resources :    Usage  Request Allocated 
	   Cpus                 :        0        8         8 
	   Disk (KB)            :      428      425   2840311 
	   Memory (MB)          :        8    16000     16000 

	Job terminated of its own accord at 2024-07-24T15:09:54Z with exit-code 0.
...
040 (10252907.4504.000) 07/24 18:19:47 Started transferring input files
	Transferring to host: <188.185.195.104:9618?addrs=188.185.195.104-9618+[2001-1458-303-22--100-64]-9618&alias=b9p17p4322.cern.ch&noUDP&sock=slot1_1_3733077_34d5_20406>
...
040 (10252907.4504.000) 07/24 18:19:47 Finished transferring input files
...
001 (10252907.4504.000) 07/24 18:19:48 Job executing on host: <188.185.195.104:9618?addrs=188.185.195.104-9618+[2001-1458-303-22--100-64]-9618&alias=b9p17p4322.cern.ch&noUDP&sock=startd_127965_ecbf>
	SlotName: slot1_1@b9p17p4322.cern.ch
	CondorScratchDir = "/pool/condor/dir_3628757"
	Cpus = 8
	Disk = 3046755
	Memory = 16000
...
006 (10252907.4504.000) 07/24 18:19:54 Image size of job updated: 160908
	8  -  MemoryUsage of job (MB)
	7984  -  ResidentSetSize of job (KB)
...
040 (10252907.4504.000) 07/24 18:19:54 Started transferring output files
...
040 (10252907.4504.000) 07/24 18:19:54 Finished transferring output files
...
005 (10252907.4504.000) 07/24 18:19:54 Job terminated.
	(1) Normal termination (return value 0)
		Usr 0 00:00:05, Sys 0 00:00:00  -  Run Remote Usage
		Usr 0 00:00:00, Sys 0 00:00:00  -  Run Local Usage
		Usr 0 00:00:05, Sys 0 00:00:00  -  Total Remote Usage
		Usr 0 00:00:00, Sys 0 00:00:00  -  Total Local Usage
	6204  -  Run Bytes Sent By Job
	409597  -  Run Bytes Received By Job
	6204  -  Total Bytes Sent By Job
	409597  -  Total Bytes Received By Job
	Partitionable Resources :    Usage  Request Allocated 
	   Cpus                 :        0        8         8 
	   Disk (KB)            :      428      425   3046755 
	   Memory (MB)          :        8    16000     16000 

	Job terminated of its own accord at 2024-07-24T16:19:54Z with exit-code 0.
...
040 (10252908.4504.000) 07/24 19:22:27 Started transferring input files
	Transferring to host: <188.185.204.166:9618?addrs=188.185.204.166-9618+[2001-1458-303-8--100-9a]-9618&alias=b9p02p9797.cern.ch&noUDP&sock=slot1_10_13093_f3ee_29779>
...
040 (10252908.4504.000) 07/24 19:22:28 Finished transferring input files
...
001 (10252908.4504.000) 07/24 19:22:29 Job executing on host: <188.185.204.166:9618?addrs=188.185.204.166-9618+[2001-1458-303-8--100-9a]-9618&alias=b9p02p9797.cern.ch&noUDP&sock=startd_11996_d631>
	SlotName: slot1_10@b9p02p9797.cern.ch
	CondorScratchDir = "/pool/condor/dir_3642992"
	Cpus = 8
	Disk = 2748618
	Memory = 16000
...
006 (10252908.4504.000) 07/24 19:22:34 Image size of job updated: 157360
	7  -  MemoryUsage of job (MB)
	7036  -  ResidentSetSize of job (KB)
...
040 (10252908.4504.000) 07/24 19:22:34 Started transferring output files
...
040 (10252908.4504.000) 07/24 19:22:34 Finished transferring output files
...
005 (10252908.4504.000) 07/24 19:22:34 Job terminated.
	(1) Normal termination (return value 0)
		Usr 0 00:00:04, Sys 0 00:00:00  -  Run Remote Usage
		Usr 0 00:00:00, Sys 0 00:00:00  -  Run Local Usage
		Usr 0 00:00:04, Sys 0 00:00:00  -  Total Remote Usage
		Usr 0 00:00:00, Sys 0 00:00:00  -  Total Local Usage
	6204  -  Run Bytes Sent By Job
	409597  -  Run Bytes Received By Job
	6204  -  Total Bytes Sent By Job
	409597  -  Total Bytes Received By Job
	Partitionable Resources :    Usage  Request Allocated 
	   Cpus                 :        0        8         8 
	   Disk (KB)            :      428      425   2748618 
	   Memory (MB)          :        7    16000     16000 

	Job terminated of its own accord at 2024-07-24T17:22:34Z with exit-code 0.
...
040 (10252909.4504.000) 07/24 20:21:19 Started transferring input files
	Transferring to host: <188.185.205.30:9618?addrs=188.185.205.30-9618+[2001-1458-303-9--100-92]-9618&alias=b9p03p0246.cern.ch&noUDP&sock=slot1_25_7352_e624_156906>
...
040 (10252909.4504.000) 07/24 20:21:19 Finished transferring input files
...
001 (10252909.4504.000) 07/24 20:21:20 Job executing on host: <188.185.205.30:9618?addrs=188.185.205.30-9618+[2001-1458-303-9--100-92]-9618&alias=b9p03p0246.cern.ch&noUDP&sock=startd_7276_4f2d>
	SlotName: slot1_25@b9p03p0246.cern.ch
	CondorScratchDir = "/pool/condor/dir_1680579"
	Cpus = 8
	Disk = 2790220
	Memory = 16000
...
006 (10252909.4504.000) 07/24 20:21:24 Image size of job updated: 160516
	8  -  MemoryUsage of job (MB)
	7808  -  ResidentSetSize of job (KB)
...
040 (10252909.4504.000) 07/24 20:21:24 Started transferring output files
...
040 (10252909.4504.000) 07/24 20:21:24 Finished transferring output files
...
005 (10252909.4504.000) 07/24 20:21:24 Job terminated.
	(1) Normal termination (return value 0)
		Usr 0 00:00:03, Sys 0 00:00:00  -  Run Remote Usage
		Usr 0 00:00:00, Sys 0 00:00:00  -  Run Local Usage
		Usr 0 00:00:03, Sys 0 00:00:00  -  Total Remote Usage
		Usr 0 00:00:00, Sys 0 00:00:00  -  Total Local Usage
	6204  -  Run Bytes Sent By Job
	409597  -  Run Bytes Received By Job
	6204  -  Total Bytes Sent By Job
	409597  -  Total Bytes Received By Job
	Partitionable Resources :    Usage  Request Allocated 
	   Cpus                 :        0        8         8 
	   Disk (KB)            :      428      425   2790220 
	   Memory (MB)          :        8    16000     16000 

	Job terminated of its own accord at 2024-07-24T18:21:24Z with exit-code 0.
...
000 (10261715.4504.000) 07/25 13:03:12 Job submitted from host: <188.185.114.121:9618?addrs=188.185.114.121-9618+[2001-1458-d00-a--100-273]-9618&alias=bigbird19.cern.ch&noUDP&sock=schedd_4961_696e>
...
009 (10261715.4504.000) 07/25 13:07:00 Job was aborted.
	via condor_rm (by user yelberke)
...
000 (10261767.4504.000) 07/25 13:20:39 Job submitted from host: <188.185.114.121:9618?addrs=188.185.114.121-9618+[2001-1458-d00-a--100-273]-9618&alias=bigbird19.cern.ch&noUDP&sock=schedd_4961_696e>
...
040 (10261767.4504.000) 07/25 14:46:31 Started transferring input files
	Transferring to host: <188.185.208.145:9618?addrs=188.185.208.145-9618+[2001-1458-303-10--100-e]-9618&alias=b9p10p1680.cern.ch&noUDP&sock=slot1_30_12955_b828_26713>
...
040 (10261767.4504.000) 07/25 14:46:31 Finished transferring input files
...
001 (10261767.4504.000) 07/25 14:46:32 Job executing on host: <188.185.208.145:9618?addrs=188.185.208.145-9618+[2001-1458-303-10--100-e]-9618&alias=b9p10p1680.cern.ch&noUDP&sock=startd_11975_6eb4>
	SlotName: slot1_30@b9p10p1680.cern.ch
	CondorScratchDir = "/pool/condor/dir_1014420"
	Cpus = 12
	Disk = 2662975
	Memory = 24000
...
006 (10261767.4504.000) 07/25 14:46:37 Image size of job updated: 160340
	7  -  MemoryUsage of job (MB)
	6420  -  ResidentSetSize of job (KB)
...
040 (10261767.4504.000) 07/25 14:46:37 Started transferring output files
...
040 (10261767.4504.000) 07/25 14:46:37 Finished transferring output files
...
005 (10261767.4504.000) 07/25 14:46:37 Job terminated.
	(1) Normal termination (return value 0)
		Usr 0 00:00:04, Sys 0 00:00:00  -  Run Remote Usage
		Usr 0 00:00:00, Sys 0 00:00:00  -  Run Local Usage
		Usr 0 00:00:04, Sys 0 00:00:00  -  Total Remote Usage
		Usr 0 00:00:00, Sys 0 00:00:00  -  Total Local Usage
	6676  -  Run Bytes Sent By Job
	409597  -  Run Bytes Received By Job
	6676  -  Total Bytes Sent By Job
	409597  -  Total Bytes Received By Job
	Partitionable Resources :    Usage  Request Allocated 
	   Cpus                 :        0       12        12 
	   Disk (KB)            :      428      425   2662975 
	   Memory (MB)          :        7    24000     24000 

	Job terminated of its own accord at 2024-07-25T12:46:37Z with exit-code 0.
...
000 (10284266.4504.000) 08/02 15:46:55 Job submitted from host: <188.185.114.121:9618?addrs=188.185.114.121-9618+[2001-1458-d00-a--100-273]-9618&alias=bigbird19.cern.ch&noUDP&sock=schedd_4961_696e>
...
000 (10284267.4504.000) 08/02 15:50:11 Job submitted from host: <188.185.114.121:9618?addrs=188.185.114.121-9618+[2001-1458-d00-a--100-273]-9618&alias=bigbird19.cern.ch&noUDP&sock=schedd_4961_696e>
...
009 (10284266.4504.000) 08/02 15:50:35 Job was aborted.
	via condor_rm (by user yelberke)
...
040 (10284267.4504.000) 08/02 17:02:08 Started transferring input files
	Transferring to host: <188.185.192.134:9618?addrs=188.185.192.134-9618+[2001-1458-303-1f--100-82]-9618&alias=b9p13p2670.cern.ch&noUDP&sock=slot1_3_944424_e4fe_135>
...
040 (10284267.4504.000) 08/02 17:02:08 Finished transferring input files
...
001 (10284267.4504.000) 08/02 17:02:09 Job executing on host: <188.185.192.134:9618?addrs=188.185.192.134-9618+[2001-1458-303-1f--100-82]-9618&alias=b9p13p2670.cern.ch&noUDP&sock=startd_128714_ad2f>
	SlotName: slot1_3@b9p13p2670.cern.ch
	CondorScratchDir = "/pool/condor/dir_1193364"
	Cpus = 12
	Disk = 2571458
	Memory = 24000
...
006 (10284267.4504.000) 08/02 17:02:11 Image size of job updated: 313116
	5  -  MemoryUsage of job (MB)
	4260  -  ResidentSetSize of job (KB)
...
040 (10284267.4504.000) 08/02 17:02:11 Started transferring output files
...
040 (10284267.4504.000) 08/02 17:02:11 Finished transferring output files
...
005 (10284267.4504.000) 08/02 17:02:11 Job terminated.
	(1) Normal termination (return value 139)
		Usr 0 00:00:02, Sys 0 00:00:00  -  Run Remote Usage
		Usr 0 00:00:00, Sys 0 00:00:00  -  Run Local Usage
		Usr 0 00:00:02, Sys 0 00:00:00  -  Total Remote Usage
		Usr 0 00:00:00, Sys 0 00:00:00  -  Total Local Usage
	7696  -  Run Bytes Sent By Job
	409597  -  Run Bytes Received By Job
	7696  -  Total Bytes Sent By Job
	409597  -  Total Bytes Received By Job
	Partitionable Resources :    Usage  Request Allocated 
	   Cpus                 :        0       12        12 
	   Disk (KB)            :      428      425   2571458 
	   Memory (MB)          :        5    24000     24000 

	Job terminated of its own accord at 2024-08-02T15:02:11Z with exit-code 139.
...
