000 (10252905.4523.000) 07/24 16:13:21 Job submitted from host: <188.185.114.121:9618?addrs=188.185.114.121-9618+[2001-1458-d00-a--100-273]-9618&alias=bigbird19.cern.ch&noUDP&sock=schedd_4961_696e>
...
009 (10252905.4523.000) 07/24 16:14:51 Job was aborted.
	via condor_rm (by user yelberke)
...
000 (10252906.4523.000) 07/24 16:15:40 Job submitted from host: <188.185.114.121:9618?addrs=188.185.114.121-9618+[2001-1458-d00-a--100-273]-9618&alias=bigbird19.cern.ch&noUDP&sock=schedd_4961_696e>
...
000 (10252907.4523.000) 07/24 16:17:34 Job submitted from host: <188.185.114.121:9618?addrs=188.185.114.121-9618+[2001-1458-d00-a--100-273]-9618&alias=bigbird19.cern.ch&noUDP&sock=schedd_4961_696e>
...
000 (10252908.4523.000) 07/24 16:18:07 Job submitted from host: <188.185.114.121:9618?addrs=188.185.114.121-9618+[2001-1458-d00-a--100-273]-9618&alias=bigbird19.cern.ch&noUDP&sock=schedd_4961_696e>
...
000 (10252909.4523.000) 07/24 16:18:43 Job submitted from host: <188.185.114.121:9618?addrs=188.185.114.121-9618+[2001-1458-d00-a--100-273]-9618&alias=bigbird19.cern.ch&noUDP&sock=schedd_4961_696e>
...
040 (10252906.4523.000) 07/24 17:09:44 Started transferring input files
	Transferring to host: <188.185.205.120:9618?addrs=188.185.205.120-9618+[2001-1458-303-9--100-75]-9618&alias=b9p03p5898.cern.ch&noUDP&sock=slot1_21_6808_9a0e_155624>
...
040 (10252906.4523.000) 07/24 17:09:44 Finished transferring input files
...
001 (10252906.4523.000) 07/24 17:09:45 Job executing on host: <188.185.205.120:9618?addrs=188.185.205.120-9618+[2001-1458-303-9--100-75]-9618&alias=b9p03p5898.cern.ch&noUDP&sock=startd_6734_8ad8>
	SlotName: slot1_21@b9p03p5898.cern.ch
	CondorScratchDir = "/pool/condor/dir_2477253"
	Cpus = 8
	Disk = 2725896
	Memory = 16000
...
006 (10252906.4523.000) 07/24 17:09:49 Image size of job updated: 160132
	8  -  MemoryUsage of job (MB)
	7772  -  ResidentSetSize of job (KB)
...
040 (10252906.4523.000) 07/24 17:09:49 Started transferring output files
...
040 (10252906.4523.000) 07/24 17:09:49 Finished transferring output files
...
005 (10252906.4523.000) 07/24 17:09:49 Job terminated.
	(1) Normal termination (return value 0)
		Usr 0 00:00:03, Sys 0 00:00:00  -  Run Remote Usage
		Usr 0 00:00:00, Sys 0 00:00:00  -  Run Local Usage
		Usr 0 00:00:03, Sys 0 00:00:00  -  Total Remote Usage
		Usr 0 00:00:00, Sys 0 00:00:00  -  Total Local Usage
	6201  -  Run Bytes Sent By Job
	409597  -  Run Bytes Received By Job
	6201  -  Total Bytes Sent By Job
	409597  -  Total Bytes Received By Job
	Partitionable Resources :    Usage  Request Allocated 
	   Cpus                 :        0        8         8 
	   Disk (KB)            :      428      425   2725896 
	   Memory (MB)          :        8    16000     16000 

	Job terminated of its own accord at 2024-07-24T15:09:49Z with exit-code 0.
...
040 (10252907.4523.000) 07/24 18:19:54 Started transferring input files
	Transferring to host: <188.185.206.200:9618?addrs=188.185.206.200-9618&alias=b9p06p1686.cern.ch&noUDP&sock=slot1_6_7034_d6d7_155782>
...
040 (10252907.4523.000) 07/24 18:19:54 Finished transferring input files
...
001 (10252907.4523.000) 07/24 18:19:55 Job executing on host: <188.185.206.200:9618?addrs=188.185.206.200-9618&alias=b9p06p1686.cern.ch&noUDP&sock=startd_6845_addb>
	SlotName: slot1_6@b9p06p1686.cern.ch
	CondorScratchDir = "/pool/condor/dir_926382"
	Cpus = 8
	Disk = 2729572
	Memory = 16000
...
006 (10252907.4523.000) 07/24 18:20:01 Image size of job updated: 292544
	137  -  MemoryUsage of job (MB)
	140272  -  ResidentSetSize of job (KB)
...
040 (10252907.4523.000) 07/24 18:20:01 Started transferring output files
...
040 (10252907.4523.000) 07/24 18:20:01 Finished transferring output files
...
005 (10252907.4523.000) 07/24 18:20:01 Job terminated.
	(1) Normal termination (return value 0)
		Usr 0 00:00:04, Sys 0 00:00:00  -  Run Remote Usage
		Usr 0 00:00:00, Sys 0 00:00:00  -  Run Local Usage
		Usr 0 00:00:04, Sys 0 00:00:00  -  Total Remote Usage
		Usr 0 00:00:00, Sys 0 00:00:00  -  Total Local Usage
	6204  -  Run Bytes Sent By Job
	409597  -  Run Bytes Received By Job
	6204  -  Total Bytes Sent By Job
	409597  -  Total Bytes Received By Job
	Partitionable Resources :    Usage  Request Allocated 
	   Cpus                 :        0        8         8 
	   Disk (KB)            :      427      425   2729572 
	   Memory (MB)          :      137    16000     16000 

	Job terminated of its own accord at 2024-07-24T16:20:01Z with exit-code 0.
...
040 (10252908.4523.000) 07/24 19:24:35 Started transferring input files
	Transferring to host: <188.185.207.49:9618?addrs=188.185.207.49-9618+[2001-1458-303-d--100-2e]-9618&alias=b9p07p8967.cern.ch&noUDP&sock=slot1_4_4942_d602_143557>
...
040 (10252908.4523.000) 07/24 19:24:35 Finished transferring input files
...
001 (10252908.4523.000) 07/24 19:24:36 Job executing on host: <188.185.207.49:9618?addrs=188.185.207.49-9618+[2001-1458-303-d--100-2e]-9618&alias=b9p07p8967.cern.ch&noUDP&sock=startd_4205_dbd5>
	SlotName: slot1_4@b9p07p8967.cern.ch
	CondorScratchDir = "/pool/condor/dir_1220675"
	Cpus = 8
	Disk = 2808749
	Memory = 16000
...
006 (10252908.4523.000) 07/24 19:24:40 Image size of job updated: 160968
	8  -  MemoryUsage of job (MB)
	8008  -  ResidentSetSize of job (KB)
...
040 (10252908.4523.000) 07/24 19:24:40 Started transferring output files
...
040 (10252908.4523.000) 07/24 19:24:40 Finished transferring output files
...
005 (10252908.4523.000) 07/24 19:24:40 Job terminated.
	(1) Normal termination (return value 0)
		Usr 0 00:00:03, Sys 0 00:00:00  -  Run Remote Usage
		Usr 0 00:00:00, Sys 0 00:00:00  -  Run Local Usage
		Usr 0 00:00:03, Sys 0 00:00:00  -  Total Remote Usage
		Usr 0 00:00:00, Sys 0 00:00:00  -  Total Local Usage
	6204  -  Run Bytes Sent By Job
	409597  -  Run Bytes Received By Job
	6204  -  Total Bytes Sent By Job
	409597  -  Total Bytes Received By Job
	Partitionable Resources :    Usage  Request Allocated 
	   Cpus                 :        0        8         8 
	   Disk (KB)            :      427      425   2808749 
	   Memory (MB)          :        8    16000     16000 

	Job terminated of its own accord at 2024-07-24T17:24:40Z with exit-code 0.
...
040 (10252909.4523.000) 07/24 20:21:26 Started transferring input files
	Transferring to host: <188.185.207.181:9618?addrs=188.185.207.181-9618+[2001-1458-303-e--100-32]-9618&alias=b9p08p7128.cern.ch&noUDP&sock=slot1_18_7257_f680_142245>
...
040 (10252909.4523.000) 07/24 20:21:26 Finished transferring input files
...
001 (10252909.4523.000) 07/24 20:21:27 Job executing on host: <188.185.207.181:9618?addrs=188.185.207.181-9618+[2001-1458-303-e--100-32]-9618&alias=b9p08p7128.cern.ch&noUDP&sock=startd_5721_b568>
	SlotName: slot1_18@b9p08p7128.cern.ch
	CondorScratchDir = "/pool/condor/dir_2690217"
	Cpus = 8
	Disk = 2951300
	Memory = 16000
...
006 (10252909.4523.000) 07/24 20:21:32 Image size of job updated: 160612
	8  -  MemoryUsage of job (MB)
	8116  -  ResidentSetSize of job (KB)
...
040 (10252909.4523.000) 07/24 20:21:32 Started transferring output files
...
040 (10252909.4523.000) 07/24 20:21:32 Finished transferring output files
...
005 (10252909.4523.000) 07/24 20:21:32 Job terminated.
	(1) Normal termination (return value 0)
		Usr 0 00:00:03, Sys 0 00:00:00  -  Run Remote Usage
		Usr 0 00:00:00, Sys 0 00:00:00  -  Run Local Usage
		Usr 0 00:00:03, Sys 0 00:00:00  -  Total Remote Usage
		Usr 0 00:00:00, Sys 0 00:00:00  -  Total Local Usage
	6204  -  Run Bytes Sent By Job
	409597  -  Run Bytes Received By Job
	6204  -  Total Bytes Sent By Job
	409597  -  Total Bytes Received By Job
	Partitionable Resources :    Usage  Request Allocated 
	   Cpus                 :        0        8         8 
	   Disk (KB)            :      428      425   2951300 
	   Memory (MB)          :        8    16000     16000 

	Job terminated of its own accord at 2024-07-24T18:21:32Z with exit-code 0.
...
000 (10261715.4523.000) 07/25 13:03:12 Job submitted from host: <188.185.114.121:9618?addrs=188.185.114.121-9618+[2001-1458-d00-a--100-273]-9618&alias=bigbird19.cern.ch&noUDP&sock=schedd_4961_696e>
...
009 (10261715.4523.000) 07/25 13:07:00 Job was aborted.
	via condor_rm (by user yelberke)
...
000 (10261767.4523.000) 07/25 13:20:39 Job submitted from host: <188.185.114.121:9618?addrs=188.185.114.121-9618+[2001-1458-d00-a--100-273]-9618&alias=bigbird19.cern.ch&noUDP&sock=schedd_4961_696e>
...
040 (10261767.4523.000) 07/25 14:46:33 Started transferring input files
	Transferring to host: <188.185.204.194:9618?addrs=188.185.204.194-9618+[2001-1458-303-8--100-b6]-9618&alias=b9p02p3136.cern.ch&noUDP&sock=slot1_27_7276_59a1_158469>
...
040 (10261767.4523.000) 07/25 14:46:34 Finished transferring input files
...
001 (10261767.4523.000) 07/25 14:46:35 Job executing on host: <188.185.204.194:9618?addrs=188.185.204.194-9618+[2001-1458-303-8--100-b6]-9618&alias=b9p02p3136.cern.ch&noUDP&sock=startd_7206_4b8c>
	SlotName: slot1_27@b9p02p3136.cern.ch
	CondorScratchDir = "/pool/condor/dir_965035"
	Cpus = 12
	Disk = 2803671
	Memory = 24000
...
006 (10261767.4523.000) 07/25 14:46:39 Image size of job updated: 161216
	8  -  MemoryUsage of job (MB)
	7500  -  ResidentSetSize of job (KB)
...
040 (10261767.4523.000) 07/25 14:46:40 Started transferring output files
...
040 (10261767.4523.000) 07/25 14:46:40 Finished transferring output files
...
005 (10261767.4523.000) 07/25 14:46:40 Job terminated.
	(1) Normal termination (return value 0)
		Usr 0 00:00:03, Sys 0 00:00:00  -  Run Remote Usage
		Usr 0 00:00:00, Sys 0 00:00:00  -  Run Local Usage
		Usr 0 00:00:03, Sys 0 00:00:00  -  Total Remote Usage
		Usr 0 00:00:00, Sys 0 00:00:00  -  Total Local Usage
	6676  -  Run Bytes Sent By Job
	409597  -  Run Bytes Received By Job
	6676  -  Total Bytes Sent By Job
	409597  -  Total Bytes Received By Job
	Partitionable Resources :    Usage  Request Allocated 
	   Cpus                 :        0       12        12 
	   Disk (KB)            :      429      425   2803671 
	   Memory (MB)          :        8    24000     24000 

	Job terminated of its own accord at 2024-07-25T12:46:39Z with exit-code 0.
...
000 (10284266.4523.000) 08/02 15:46:55 Job submitted from host: <188.185.114.121:9618?addrs=188.185.114.121-9618+[2001-1458-d00-a--100-273]-9618&alias=bigbird19.cern.ch&noUDP&sock=schedd_4961_696e>
...
000 (10284267.4523.000) 08/02 15:50:11 Job submitted from host: <188.185.114.121:9618?addrs=188.185.114.121-9618+[2001-1458-d00-a--100-273]-9618&alias=bigbird19.cern.ch&noUDP&sock=schedd_4961_696e>
...
009 (10284266.4523.000) 08/02 15:50:35 Job was aborted.
	via condor_rm (by user yelberke)
...
040 (10284267.4523.000) 08/02 17:02:13 Started transferring input files
	Transferring to host: <188.185.204.162:9618?addrs=188.185.204.162-9618+[2001-1458-303-8--100-96]-9618&alias=b9p02p3486.cern.ch&noUDP&sock=slot1_1_6779_2b2d_166987>
...
040 (10284267.4523.000) 08/02 17:02:13 Finished transferring input files
...
001 (10284267.4523.000) 08/02 17:02:14 Job executing on host: <188.185.204.162:9618?addrs=188.185.204.162-9618+[2001-1458-303-8--100-96]-9618&alias=b9p02p3486.cern.ch&noUDP&sock=startd_6709_64fa>
	SlotName: slot1_1@b9p02p3486.cern.ch
	CondorScratchDir = "/pool/condor/dir_45750"
	Cpus = 12
	Disk = 2341381
	Memory = 24000
...
006 (10284267.4523.000) 08/02 17:02:16 Image size of job updated: 358512
	43  -  MemoryUsage of job (MB)
	43140  -  ResidentSetSize of job (KB)
...
040 (10284267.4523.000) 08/02 17:02:16 Started transferring output files
...
040 (10284267.4523.000) 08/02 17:02:16 Finished transferring output files
...
005 (10284267.4523.000) 08/02 17:02:16 Job terminated.
	(1) Normal termination (return value 139)
		Usr 0 00:00:02, Sys 0 00:00:01  -  Run Remote Usage
		Usr 0 00:00:00, Sys 0 00:00:00  -  Run Local Usage
		Usr 0 00:00:02, Sys 0 00:00:01  -  Total Remote Usage
		Usr 0 00:00:00, Sys 0 00:00:00  -  Total Local Usage
	7696  -  Run Bytes Sent By Job
	409597  -  Run Bytes Received By Job
	7696  -  Total Bytes Sent By Job
	409597  -  Total Bytes Received By Job
	Partitionable Resources :    Usage  Request Allocated 
	   Cpus                 :        0       12        12 
	   Disk (KB)            :      429      425   2341381 
	   Memory (MB)          :       43    24000     24000 

	Job terminated of its own accord at 2024-08-02T15:02:16Z with exit-code 139.
...
