000 (10252905.4583.000) 07/24 16:13:21 Job submitted from host: <188.185.114.121:9618?addrs=188.185.114.121-9618+[2001-1458-d00-a--100-273]-9618&alias=bigbird19.cern.ch&noUDP&sock=schedd_4961_696e>
...
009 (10252905.4583.000) 07/24 16:14:51 Job was aborted.
	via condor_rm (by user yelberke)
...
000 (10252906.4583.000) 07/24 16:15:40 Job submitted from host: <188.185.114.121:9618?addrs=188.185.114.121-9618+[2001-1458-d00-a--100-273]-9618&alias=bigbird19.cern.ch&noUDP&sock=schedd_4961_696e>
...
000 (10252907.4583.000) 07/24 16:17:34 Job submitted from host: <188.185.114.121:9618?addrs=188.185.114.121-9618+[2001-1458-d00-a--100-273]-9618&alias=bigbird19.cern.ch&noUDP&sock=schedd_4961_696e>
...
000 (10252908.4583.000) 07/24 16:18:07 Job submitted from host: <188.185.114.121:9618?addrs=188.185.114.121-9618+[2001-1458-d00-a--100-273]-9618&alias=bigbird19.cern.ch&noUDP&sock=schedd_4961_696e>
...
000 (10252909.4583.000) 07/24 16:18:43 Job submitted from host: <188.185.114.121:9618?addrs=188.185.114.121-9618+[2001-1458-d00-a--100-273]-9618&alias=bigbird19.cern.ch&noUDP&sock=schedd_4961_696e>
...
040 (10252906.4583.000) 07/24 17:10:08 Started transferring input files
	Transferring to host: <128.142.161.119:9618?addrs=128.142.161.119-9618+[2001-1458-301-b8--100-35]-9618&alias=b9g03p6597.cern.ch&noUDP&sock=slot1_8_3902724_dd68_88>
...
040 (10252906.4583.000) 07/24 17:10:09 Finished transferring input files
...
001 (10252906.4583.000) 07/24 17:10:11 Job executing on host: <128.142.161.119:9618?addrs=128.142.161.119-9618+[2001-1458-301-b8--100-35]-9618&alias=b9g03p6597.cern.ch&noUDP&sock=startd_3154_f5cb>
	SlotName: slot1_8@b9g03p6597.cern.ch
	CondorScratchDir = "/pool/condor/dir_3915323"
	Cpus = 8
	Disk = 3179905
	Memory = 16000
...
006 (10252906.4583.000) 07/24 17:10:16 Image size of job updated: 151360
	1  -  MemoryUsage of job (MB)
	872  -  ResidentSetSize of job (KB)
...
040 (10252906.4583.000) 07/24 17:10:16 Started transferring output files
...
040 (10252906.4583.000) 07/24 17:10:16 Finished transferring output files
...
005 (10252906.4583.000) 07/24 17:10:16 Job terminated.
	(1) Normal termination (return value 134)
		Usr 0 00:00:04, Sys 0 00:00:00  -  Run Remote Usage
		Usr 0 00:00:00, Sys 0 00:00:00  -  Run Local Usage
		Usr 0 00:00:04, Sys 0 00:00:00  -  Total Remote Usage
		Usr 0 00:00:00, Sys 0 00:00:00  -  Total Local Usage
	6963  -  Run Bytes Sent By Job
	409597  -  Run Bytes Received By Job
	6963  -  Total Bytes Sent By Job
	409597  -  Total Bytes Received By Job
	Partitionable Resources :    Usage  Request Allocated 
	   Cpus                 :        0        8         8 
	   Disk (KB)            :      428      425   3179905 
	   Memory (MB)          :        1    16000     16000 

	Job terminated of its own accord at 2024-07-24T15:10:16Z with exit-code 134.
...
040 (10252907.4583.000) 07/24 18:20:27 Started transferring input files
	Transferring to host: <188.185.209.35:9618?addrs=188.185.209.35-9618+[2001-1458-303-11--100-20]-9618&alias=b9p11p8066.cern.ch&noUDP&sock=slot1_18_4904_0fc0_143916>
...
040 (10252907.4583.000) 07/24 18:20:27 Finished transferring input files
...
001 (10252907.4583.000) 07/24 18:20:28 Job executing on host: <188.185.209.35:9618?addrs=188.185.209.35-9618+[2001-1458-303-11--100-20]-9618&alias=b9p11p8066.cern.ch&noUDP&sock=startd_4188_32b8>
	SlotName: slot1_18@b9p11p8066.cern.ch
	CondorScratchDir = "/pool/condor/dir_795523"
	Cpus = 8
	Disk = 2670560
	Memory = 16000
...
006 (10252907.4583.000) 07/24 18:20:34 Image size of job updated: 159148
	8  -  MemoryUsage of job (MB)
	7884  -  ResidentSetSize of job (KB)
...
040 (10252907.4583.000) 07/24 18:20:34 Started transferring output files
...
040 (10252907.4583.000) 07/24 18:20:34 Finished transferring output files
...
005 (10252907.4583.000) 07/24 18:20:34 Job terminated.
	(1) Normal termination (return value 0)
		Usr 0 00:00:04, Sys 0 00:00:00  -  Run Remote Usage
		Usr 0 00:00:00, Sys 0 00:00:00  -  Run Local Usage
		Usr 0 00:00:04, Sys 0 00:00:00  -  Total Remote Usage
		Usr 0 00:00:00, Sys 0 00:00:00  -  Total Local Usage
	6204  -  Run Bytes Sent By Job
	409597  -  Run Bytes Received By Job
	6204  -  Total Bytes Sent By Job
	409597  -  Total Bytes Received By Job
	Partitionable Resources :    Usage  Request Allocated 
	   Cpus                 :        0        8         8 
	   Disk (KB)            :      428      425   2670560 
	   Memory (MB)          :        8    16000     16000 

	Job terminated of its own accord at 2024-07-24T16:20:34Z with exit-code 0.
...
040 (10252908.4583.000) 07/24 19:24:53 Started transferring input files
	Transferring to host: <188.185.205.107:9618?addrs=188.185.205.107-9618+[2001-1458-303-9--100-68]-9618&alias=b9p03p1852.cern.ch&noUDP&sock=slot1_11_7657_cc90_71820>
...
040 (10252908.4583.000) 07/24 19:24:53 Finished transferring input files
...
001 (10252908.4583.000) 07/24 19:24:54 Job executing on host: <188.185.205.107:9618?addrs=188.185.205.107-9618+[2001-1458-303-9--100-68]-9618&alias=b9p03p1852.cern.ch&noUDP&sock=startd_6598_41f7>
	SlotName: slot1_11@b9p03p1852.cern.ch
	CondorScratchDir = "/pool/condor/dir_1946380"
	Cpus = 8
	Disk = 2756483
	Memory = 16000
...
006 (10252908.4583.000) 07/24 19:24:58 Image size of job updated: 157960
	8  -  MemoryUsage of job (MB)
	7340  -  ResidentSetSize of job (KB)
...
040 (10252908.4583.000) 07/24 19:24:58 Started transferring output files
...
040 (10252908.4583.000) 07/24 19:24:58 Finished transferring output files
...
005 (10252908.4583.000) 07/24 19:24:58 Job terminated.
	(1) Normal termination (return value 0)
		Usr 0 00:00:03, Sys 0 00:00:00  -  Run Remote Usage
		Usr 0 00:00:00, Sys 0 00:00:00  -  Run Local Usage
		Usr 0 00:00:03, Sys 0 00:00:00  -  Total Remote Usage
		Usr 0 00:00:00, Sys 0 00:00:00  -  Total Local Usage
	6204  -  Run Bytes Sent By Job
	409597  -  Run Bytes Received By Job
	6204  -  Total Bytes Sent By Job
	409597  -  Total Bytes Received By Job
	Partitionable Resources :    Usage  Request Allocated 
	   Cpus                 :        0        8         8 
	   Disk (KB)            :      428      425   2756483 
	   Memory (MB)          :        8    16000     16000 

	Job terminated of its own accord at 2024-07-24T17:24:58Z with exit-code 0.
...
040 (10252909.4583.000) 07/24 20:21:46 Started transferring input files
	Transferring to host: <188.185.204.182:9618?addrs=188.185.204.182-9618+[2001-1458-303-8--100-aa]-9618&alias=b9p02p3039.cern.ch&noUDP&sock=slot1_8_6560_dd04_81519>
...
040 (10252909.4583.000) 07/24 20:21:46 Finished transferring input files
...
001 (10252909.4583.000) 07/24 20:21:47 Job executing on host: <188.185.204.182:9618?addrs=188.185.204.182-9618+[2001-1458-303-8--100-aa]-9618&alias=b9p02p3039.cern.ch&noUDP&sock=startd_5310_cbfb>
	SlotName: slot1_8@b9p02p3039.cern.ch
	CondorScratchDir = "/pool/condor/dir_2914456"
	Cpus = 8
	Disk = 2748823
	Memory = 16000
...
006 (10252909.4583.000) 07/24 20:21:52 Image size of job updated: 168988
	13  -  MemoryUsage of job (MB)
	12380  -  ResidentSetSize of job (KB)
...
040 (10252909.4583.000) 07/24 20:21:52 Started transferring output files
...
040 (10252909.4583.000) 07/24 20:21:52 Finished transferring output files
...
005 (10252909.4583.000) 07/24 20:21:52 Job terminated.
	(1) Normal termination (return value 0)
		Usr 0 00:00:03, Sys 0 00:00:00  -  Run Remote Usage
		Usr 0 00:00:00, Sys 0 00:00:00  -  Run Local Usage
		Usr 0 00:00:03, Sys 0 00:00:00  -  Total Remote Usage
		Usr 0 00:00:00, Sys 0 00:00:00  -  Total Local Usage
	6204  -  Run Bytes Sent By Job
	409597  -  Run Bytes Received By Job
	6204  -  Total Bytes Sent By Job
	409597  -  Total Bytes Received By Job
	Partitionable Resources :    Usage  Request Allocated 
	   Cpus                 :        0        8         8 
	   Disk (KB)            :      428      425   2748823 
	   Memory (MB)          :       13    16000     16000 

	Job terminated of its own accord at 2024-07-24T18:21:52Z with exit-code 0.
...
000 (10261715.4583.000) 07/25 13:03:13 Job submitted from host: <188.185.114.121:9618?addrs=188.185.114.121-9618+[2001-1458-d00-a--100-273]-9618&alias=bigbird19.cern.ch&noUDP&sock=schedd_4961_696e>
...
009 (10261715.4583.000) 07/25 13:07:00 Job was aborted.
	via condor_rm (by user yelberke)
...
000 (10261767.4583.000) 07/25 13:20:40 Job submitted from host: <188.185.114.121:9618?addrs=188.185.114.121-9618+[2001-1458-d00-a--100-273]-9618&alias=bigbird19.cern.ch&noUDP&sock=schedd_4961_696e>
...
040 (10261767.4583.000) 07/25 14:46:55 Started transferring input files
	Transferring to host: <188.185.205.188:9618?addrs=188.185.205.188-9618&alias=b9p04p6505.cern.ch&noUDP&sock=slot1_8_6904_3e12_155672>
...
040 (10261767.4583.000) 07/25 14:46:55 Finished transferring input files
...
001 (10261767.4583.000) 07/25 14:46:57 Job executing on host: <188.185.205.188:9618?addrs=188.185.205.188-9618&alias=b9p04p6505.cern.ch&noUDP&sock=startd_6831_1388>
	SlotName: slot1_8@b9p04p6505.cern.ch
	CondorScratchDir = "/pool/condor/dir_1084272"
	Cpus = 12
	Disk = 2809018
	Memory = 24000
...
006 (10261767.4583.000) 07/25 14:47:01 Image size of job updated: 160728
	7  -  MemoryUsage of job (MB)
	7148  -  ResidentSetSize of job (KB)
...
040 (10261767.4583.000) 07/25 14:47:01 Started transferring output files
...
040 (10261767.4583.000) 07/25 14:47:01 Finished transferring output files
...
005 (10261767.4583.000) 07/25 14:47:02 Job terminated.
	(1) Normal termination (return value 0)
		Usr 0 00:00:03, Sys 0 00:00:00  -  Run Remote Usage
		Usr 0 00:00:00, Sys 0 00:00:00  -  Run Local Usage
		Usr 0 00:00:03, Sys 0 00:00:00  -  Total Remote Usage
		Usr 0 00:00:00, Sys 0 00:00:00  -  Total Local Usage
	6676  -  Run Bytes Sent By Job
	409597  -  Run Bytes Received By Job
	6676  -  Total Bytes Sent By Job
	409597  -  Total Bytes Received By Job
	Partitionable Resources :    Usage  Request Allocated 
	   Cpus                 :        0       12        12 
	   Disk (KB)            :      428      425   2809018 
	   Memory (MB)          :        7    24000     24000 

	Job terminated of its own accord at 2024-07-25T12:47:01Z with exit-code 0.
...
000 (10284266.4583.000) 08/02 15:46:57 Job submitted from host: <188.185.114.121:9618?addrs=188.185.114.121-9618+[2001-1458-d00-a--100-273]-9618&alias=bigbird19.cern.ch&noUDP&sock=schedd_4961_696e>
...
000 (10284267.4583.000) 08/02 15:50:11 Job submitted from host: <188.185.114.121:9618?addrs=188.185.114.121-9618+[2001-1458-d00-a--100-273]-9618&alias=bigbird19.cern.ch&noUDP&sock=schedd_4961_696e>
...
009 (10284266.4583.000) 08/02 15:50:36 Job was aborted.
	via condor_rm (by user yelberke)
...
040 (10284267.4583.000) 08/02 17:02:33 Started transferring input files
	Transferring to host: <188.185.196.78:9618?addrs=188.185.196.78-9618+[2001-1458-303-23--100-4a]-9618&alias=b9p16p7600.cern.ch&noUDP&sock=slot1_3_2565132_4bef_257>
...
040 (10284267.4583.000) 08/02 17:02:33 Finished transferring input files
...
001 (10284267.4583.000) 08/02 17:02:34 Job executing on host: <188.185.196.78:9618?addrs=188.185.196.78-9618+[2001-1458-303-23--100-4a]-9618&alias=b9p16p7600.cern.ch&noUDP&sock=startd_128132_7910>
	SlotName: slot1_3@b9p16p7600.cern.ch
	CondorScratchDir = "/pool/condor/dir_2986380"
	Cpus = 12
	Disk = 2855092
	Memory = 24000
...
006 (10284267.4583.000) 08/02 17:02:36 Image size of job updated: 317428
	8  -  MemoryUsage of job (MB)
	7932  -  ResidentSetSize of job (KB)
...
040 (10284267.4583.000) 08/02 17:02:36 Started transferring output files
...
040 (10284267.4583.000) 08/02 17:02:36 Finished transferring output files
...
005 (10284267.4583.000) 08/02 17:02:36 Job terminated.
	(1) Normal termination (return value 139)
		Usr 0 00:00:02, Sys 0 00:00:00  -  Run Remote Usage
		Usr 0 00:00:00, Sys 0 00:00:00  -  Run Local Usage
		Usr 0 00:00:02, Sys 0 00:00:00  -  Total Remote Usage
		Usr 0 00:00:00, Sys 0 00:00:00  -  Total Local Usage
	7696  -  Run Bytes Sent By Job
	409597  -  Run Bytes Received By Job
	7696  -  Total Bytes Sent By Job
	409597  -  Total Bytes Received By Job
	Partitionable Resources :    Usage  Request Allocated 
	   Cpus                 :        0       12        12 
	   Disk (KB)            :      429      425   2855092 
	   Memory (MB)          :        8    24000     24000 

	Job terminated of its own accord at 2024-08-02T15:02:36Z with exit-code 139.
...
