000 (10252905.4587.000) 07/24 16:13:21 Job submitted from host: <188.185.114.121:9618?addrs=188.185.114.121-9618+[2001-1458-d00-a--100-273]-9618&alias=bigbird19.cern.ch&noUDP&sock=schedd_4961_696e>
...
009 (10252905.4587.000) 07/24 16:14:51 Job was aborted.
	via condor_rm (by user yelberke)
...
000 (10252906.4587.000) 07/24 16:15:40 Job submitted from host: <188.185.114.121:9618?addrs=188.185.114.121-9618+[2001-1458-d00-a--100-273]-9618&alias=bigbird19.cern.ch&noUDP&sock=schedd_4961_696e>
...
000 (10252907.4587.000) 07/24 16:17:34 Job submitted from host: <188.185.114.121:9618?addrs=188.185.114.121-9618+[2001-1458-d00-a--100-273]-9618&alias=bigbird19.cern.ch&noUDP&sock=schedd_4961_696e>
...
000 (10252908.4587.000) 07/24 16:18:07 Job submitted from host: <188.185.114.121:9618?addrs=188.185.114.121-9618+[2001-1458-d00-a--100-273]-9618&alias=bigbird19.cern.ch&noUDP&sock=schedd_4961_696e>
...
000 (10252909.4587.000) 07/24 16:18:43 Job submitted from host: <188.185.114.121:9618?addrs=188.185.114.121-9618+[2001-1458-d00-a--100-273]-9618&alias=bigbird19.cern.ch&noUDP&sock=schedd_4961_696e>
...
040 (10252906.4587.000) 07/24 17:10:11 Started transferring input files
	Transferring to host: <188.185.206.63:9618?addrs=188.185.206.63-9618+[2001-1458-303-b--100-3c]-9618&alias=b9p05p3069.cern.ch&noUDP&sock=slot1_13_67930_9483_89146>
...
040 (10252906.4587.000) 07/24 17:10:11 Finished transferring input files
...
001 (10252906.4587.000) 07/24 17:10:12 Job executing on host: <188.185.206.63:9618?addrs=188.185.206.63-9618+[2001-1458-303-b--100-3c]-9618&alias=b9p05p3069.cern.ch&noUDP&sock=startd_3357_3385>
	SlotName: slot1_13@b9p05p3069.cern.ch
	CondorScratchDir = "/pool/condor/dir_651057"
	Cpus = 8
	Disk = 2857456
	Memory = 16000
...
006 (10252906.4587.000) 07/24 17:10:17 Image size of job updated: 160128
	8  -  MemoryUsage of job (MB)
	7604  -  ResidentSetSize of job (KB)
...
040 (10252906.4587.000) 07/24 17:10:17 Started transferring output files
...
040 (10252906.4587.000) 07/24 17:10:17 Finished transferring output files
...
005 (10252906.4587.000) 07/24 17:10:17 Job terminated.
	(1) Normal termination (return value 0)
		Usr 0 00:00:03, Sys 0 00:00:00  -  Run Remote Usage
		Usr 0 00:00:00, Sys 0 00:00:00  -  Run Local Usage
		Usr 0 00:00:03, Sys 0 00:00:00  -  Total Remote Usage
		Usr 0 00:00:00, Sys 0 00:00:00  -  Total Local Usage
	6201  -  Run Bytes Sent By Job
	409597  -  Run Bytes Received By Job
	6201  -  Total Bytes Sent By Job
	409597  -  Total Bytes Received By Job
	Partitionable Resources :    Usage  Request Allocated 
	   Cpus                 :        0        8         8 
	   Disk (KB)            :      431      425   2857456 
	   Memory (MB)          :        8    16000     16000 

	Job terminated of its own accord at 2024-07-24T15:10:17Z with exit-code 0.
...
040 (10252907.4587.000) 07/24 18:20:29 Started transferring input files
	Transferring to host: <188.185.205.25:9618?addrs=188.185.205.25-9618+[2001-1458-303-9--100-8d]-9618&alias=b9p03p2256.cern.ch&noUDP&sock=slot1_59_3721_87f0_84386>
...
040 (10252907.4587.000) 07/24 18:20:29 Finished transferring input files
...
001 (10252907.4587.000) 07/24 18:20:30 Job executing on host: <188.185.205.25:9618?addrs=188.185.205.25-9618+[2001-1458-303-9--100-8d]-9618&alias=b9p03p2256.cern.ch&noUDP&sock=startd_3358_e31d>
	SlotName: slot1_59@b9p03p2256.cern.ch
	CondorScratchDir = "/pool/condor/dir_2232802"
	Cpus = 8
	Disk = 2693900
	Memory = 16000
...
006 (10252907.4587.000) 07/24 18:20:35 Image size of job updated: 158364
	8  -  MemoryUsage of job (MB)
	7952  -  ResidentSetSize of job (KB)
...
040 (10252907.4587.000) 07/24 18:20:35 Started transferring output files
...
040 (10252907.4587.000) 07/24 18:20:35 Finished transferring output files
...
005 (10252907.4587.000) 07/24 18:20:35 Job terminated.
	(1) Normal termination (return value 0)
		Usr 0 00:00:04, Sys 0 00:00:00  -  Run Remote Usage
		Usr 0 00:00:00, Sys 0 00:00:00  -  Run Local Usage
		Usr 0 00:00:04, Sys 0 00:00:00  -  Total Remote Usage
		Usr 0 00:00:00, Sys 0 00:00:00  -  Total Local Usage
	6204  -  Run Bytes Sent By Job
	409597  -  Run Bytes Received By Job
	6204  -  Total Bytes Sent By Job
	409597  -  Total Bytes Received By Job
	Partitionable Resources :    Usage  Request Allocated 
	   Cpus                 :        0        8         8 
	   Disk (KB)            :      428      425   2693900 
	   Memory (MB)          :        8    16000     16000 

	Job terminated of its own accord at 2024-07-24T16:20:35Z with exit-code 0.
...
040 (10252908.4587.000) 07/24 19:24:55 Started transferring input files
	Transferring to host: <188.185.205.58:9618?addrs=188.185.205.58-9618+[2001-1458-303-9--100-ae]-9618&alias=b9p03p9210.cern.ch&noUDP&sock=slot1_11_7418_66e7_156427>
...
040 (10252908.4587.000) 07/24 19:24:55 Finished transferring input files
...
001 (10252908.4587.000) 07/24 19:24:56 Job executing on host: <188.185.205.58:9618?addrs=188.185.205.58-9618+[2001-1458-303-9--100-ae]-9618&alias=b9p03p9210.cern.ch&noUDP&sock=startd_7350_112f>
	SlotName: slot1_11@b9p03p9210.cern.ch
	CondorScratchDir = "/pool/condor/dir_2877754"
	Cpus = 8
	Disk = 2880510
	Memory = 16000
...
006 (10252908.4587.000) 07/24 19:25:00 Image size of job updated: 161752
	9  -  MemoryUsage of job (MB)
	8504  -  ResidentSetSize of job (KB)
...
040 (10252908.4587.000) 07/24 19:25:00 Started transferring output files
...
040 (10252908.4587.000) 07/24 19:25:00 Finished transferring output files
...
005 (10252908.4587.000) 07/24 19:25:00 Job terminated.
	(1) Normal termination (return value 0)
		Usr 0 00:00:03, Sys 0 00:00:00  -  Run Remote Usage
		Usr 0 00:00:00, Sys 0 00:00:00  -  Run Local Usage
		Usr 0 00:00:03, Sys 0 00:00:00  -  Total Remote Usage
		Usr 0 00:00:00, Sys 0 00:00:00  -  Total Local Usage
	6204  -  Run Bytes Sent By Job
	409597  -  Run Bytes Received By Job
	6204  -  Total Bytes Sent By Job
	409597  -  Total Bytes Received By Job
	Partitionable Resources :    Usage  Request Allocated 
	   Cpus                 :        0        8         8 
	   Disk (KB)            :      428      425   2880510 
	   Memory (MB)          :        9    16000     16000 

	Job terminated of its own accord at 2024-07-24T17:25:00Z with exit-code 0.
...
040 (10252909.4587.000) 07/24 20:21:48 Started transferring input files
	Transferring to host: <188.185.206.28:9618?addrs=188.185.206.28-9618+[2001-1458-303-b--100-19]-9618&alias=b9p05p0564.cern.ch&noUDP&sock=slot1_3_65031_f8ee_90919>
...
040 (10252909.4587.000) 07/24 20:21:48 Finished transferring input files
...
001 (10252909.4587.000) 07/24 20:21:49 Job executing on host: <188.185.206.28:9618?addrs=188.185.206.28-9618+[2001-1458-303-b--100-19]-9618&alias=b9p05p0564.cern.ch&noUDP&sock=startd_3346_a7fa>
	SlotName: slot1_3@b9p05p0564.cern.ch
	CondorScratchDir = "/pool/condor/dir_2979421"
	Cpus = 8
	Disk = 2784111
	Memory = 16000
...
006 (10252909.4587.000) 07/24 20:21:53 Image size of job updated: 165776
	11  -  MemoryUsage of job (MB)
	10628  -  ResidentSetSize of job (KB)
...
040 (10252909.4587.000) 07/24 20:21:53 Started transferring output files
...
040 (10252909.4587.000) 07/24 20:21:53 Finished transferring output files
...
005 (10252909.4587.000) 07/24 20:21:53 Job terminated.
	(1) Normal termination (return value 0)
		Usr 0 00:00:03, Sys 0 00:00:00  -  Run Remote Usage
		Usr 0 00:00:00, Sys 0 00:00:00  -  Run Local Usage
		Usr 0 00:00:03, Sys 0 00:00:00  -  Total Remote Usage
		Usr 0 00:00:00, Sys 0 00:00:00  -  Total Local Usage
	6204  -  Run Bytes Sent By Job
	409597  -  Run Bytes Received By Job
	6204  -  Total Bytes Sent By Job
	409597  -  Total Bytes Received By Job
	Partitionable Resources :    Usage  Request Allocated 
	   Cpus                 :        0        8         8 
	   Disk (KB)            :      430      425   2784111 
	   Memory (MB)          :       11    16000     16000 

	Job terminated of its own accord at 2024-07-24T18:21:53Z with exit-code 0.
...
000 (10261715.4587.000) 07/25 13:03:13 Job submitted from host: <188.185.114.121:9618?addrs=188.185.114.121-9618+[2001-1458-d00-a--100-273]-9618&alias=bigbird19.cern.ch&noUDP&sock=schedd_4961_696e>
...
009 (10261715.4587.000) 07/25 13:07:00 Job was aborted.
	via condor_rm (by user yelberke)
...
000 (10261767.4587.000) 07/25 13:20:40 Job submitted from host: <188.185.114.121:9618?addrs=188.185.114.121-9618+[2001-1458-d00-a--100-273]-9618&alias=bigbird19.cern.ch&noUDP&sock=schedd_4961_696e>
...
040 (10261767.4587.000) 07/25 14:46:57 Started transferring input files
	Transferring to host: <188.185.209.169:9618?addrs=188.185.209.169-9618+[2001-1458-303-12--100-26]-9618&alias=b9p12p5343.cern.ch&noUDP&sock=slot1_3_10700_de2c_144177>
...
040 (10261767.4587.000) 07/25 14:46:57 Finished transferring input files
...
001 (10261767.4587.000) 07/25 14:46:58 Job executing on host: <188.185.209.169:9618?addrs=188.185.209.169-9618+[2001-1458-303-12--100-26]-9618&alias=b9p12p5343.cern.ch&noUDP&sock=startd_9371_4e16>
	SlotName: slot1_3@b9p12p5343.cern.ch
	CondorScratchDir = "/pool/condor/dir_1695291"
	Cpus = 12
	Disk = 2943060
	Memory = 24000
...
006 (10261767.4587.000) 07/25 14:47:05 Image size of job updated: 161652
	8  -  MemoryUsage of job (MB)
	7672  -  ResidentSetSize of job (KB)
...
040 (10261767.4587.000) 07/25 14:47:06 Started transferring output files
...
040 (10261767.4587.000) 07/25 14:47:06 Finished transferring output files
...
005 (10261767.4587.000) 07/25 14:47:06 Job terminated.
	(1) Normal termination (return value 0)
		Usr 0 00:00:05, Sys 0 00:00:00  -  Run Remote Usage
		Usr 0 00:00:00, Sys 0 00:00:00  -  Run Local Usage
		Usr 0 00:00:05, Sys 0 00:00:00  -  Total Remote Usage
		Usr 0 00:00:00, Sys 0 00:00:00  -  Total Local Usage
	6676  -  Run Bytes Sent By Job
	409597  -  Run Bytes Received By Job
	6676  -  Total Bytes Sent By Job
	409597  -  Total Bytes Received By Job
	Partitionable Resources :    Usage  Request Allocated 
	   Cpus                 :        0       12        12 
	   Disk (KB)            :      429      425   2943060 
	   Memory (MB)          :        8    24000     24000 

	Job terminated of its own accord at 2024-07-25T12:47:05Z with exit-code 0.
...
000 (10284266.4587.000) 08/02 15:46:57 Job submitted from host: <188.185.114.121:9618?addrs=188.185.114.121-9618+[2001-1458-d00-a--100-273]-9618&alias=bigbird19.cern.ch&noUDP&sock=schedd_4961_696e>
...
000 (10284267.4587.000) 08/02 15:50:11 Job submitted from host: <188.185.114.121:9618?addrs=188.185.114.121-9618+[2001-1458-d00-a--100-273]-9618&alias=bigbird19.cern.ch&noUDP&sock=schedd_4961_696e>
...
009 (10284266.4587.000) 08/02 15:50:36 Job was aborted.
	via condor_rm (by user yelberke)
...
040 (10284267.4587.000) 08/02 17:02:34 Started transferring input files
	Transferring to host: <188.185.209.170:9618?addrs=188.185.209.170-9618+[2001-1458-303-12--100-27]-9618&alias=b9p12p6566.cern.ch&noUDP&sock=slot1_6_16928_0ea9_35144>
...
040 (10284267.4587.000) 08/02 17:02:34 Finished transferring input files
...
001 (10284267.4587.000) 08/02 17:02:35 Job executing on host: <188.185.209.170:9618?addrs=188.185.209.170-9618+[2001-1458-303-12--100-27]-9618&alias=b9p12p6566.cern.ch&noUDP&sock=startd_15820_c85a>
	SlotName: slot1_6@b9p12p6566.cern.ch
	CondorScratchDir = "/pool/condor/dir_3268094"
	Cpus = 12
	Disk = 2739569
	Memory = 24000
...
006 (10284267.4587.000) 08/02 17:02:36 Image size of job updated: 327348
	3  -  MemoryUsage of job (MB)
	2236  -  ResidentSetSize of job (KB)
...
040 (10284267.4587.000) 08/02 17:02:36 Started transferring output files
...
040 (10284267.4587.000) 08/02 17:02:37 Finished transferring output files
...
005 (10284267.4587.000) 08/02 17:02:37 Job terminated.
	(1) Normal termination (return value 139)
		Usr 0 00:00:01, Sys 0 00:00:00  -  Run Remote Usage
		Usr 0 00:00:00, Sys 0 00:00:00  -  Run Local Usage
		Usr 0 00:00:01, Sys 0 00:00:00  -  Total Remote Usage
		Usr 0 00:00:00, Sys 0 00:00:00  -  Total Local Usage
	7696  -  Run Bytes Sent By Job
	409597  -  Run Bytes Received By Job
	7696  -  Total Bytes Sent By Job
	409597  -  Total Bytes Received By Job
	Partitionable Resources :    Usage  Request Allocated 
	   Cpus                 :        0       12        12 
	   Disk (KB)            :      430      425   2739569 
	   Memory (MB)          :        3    24000     24000 

	Job terminated of its own accord at 2024-08-02T15:02:36Z with exit-code 139.
...
