000 (10252905.4605.000) 07/24 16:13:21 Job submitted from host: <188.185.114.121:9618?addrs=188.185.114.121-9618+[2001-1458-d00-a--100-273]-9618&alias=bigbird19.cern.ch&noUDP&sock=schedd_4961_696e>
...
009 (10252905.4605.000) 07/24 16:14:51 Job was aborted.
	via condor_rm (by user yelberke)
...
000 (10252906.4605.000) 07/24 16:15:40 Job submitted from host: <188.185.114.121:9618?addrs=188.185.114.121-9618+[2001-1458-d00-a--100-273]-9618&alias=bigbird19.cern.ch&noUDP&sock=schedd_4961_696e>
...
000 (10252907.4605.000) 07/24 16:17:34 Job submitted from host: <188.185.114.121:9618?addrs=188.185.114.121-9618+[2001-1458-d00-a--100-273]-9618&alias=bigbird19.cern.ch&noUDP&sock=schedd_4961_696e>
...
000 (10252908.4605.000) 07/24 16:18:07 Job submitted from host: <188.185.114.121:9618?addrs=188.185.114.121-9618+[2001-1458-d00-a--100-273]-9618&alias=bigbird19.cern.ch&noUDP&sock=schedd_4961_696e>
...
000 (10252909.4605.000) 07/24 16:18:43 Job submitted from host: <188.185.114.121:9618?addrs=188.185.114.121-9618+[2001-1458-d00-a--100-273]-9618&alias=bigbird19.cern.ch&noUDP&sock=schedd_4961_696e>
...
040 (10252906.4605.000) 07/24 17:10:25 Started transferring input files
	Transferring to host: <128.142.161.125:9618?addrs=128.142.161.125-9618+[2001-1458-301-b8--100-3d]-9618&alias=b9g03p3391.cern.ch&noUDP&sock=slot1_10_2388518_c1a1_38051>
...
040 (10252906.4605.000) 07/24 17:10:25 Finished transferring input files
...
001 (10252906.4605.000) 07/24 17:10:26 Job executing on host: <128.142.161.125:9618?addrs=128.142.161.125-9618+[2001-1458-301-b8--100-3d]-9618&alias=b9g03p3391.cern.ch&noUDP&sock=startd_6026_e9cb>
	SlotName: slot1_10@b9g03p3391.cern.ch
	CondorScratchDir = "/pool/condor/dir_1237875"
	Cpus = 8
	Disk = 3212537
	Memory = 16000
...
006 (10252906.4605.000) 07/24 17:10:34 Image size of job updated: 1
	0  -  MemoryUsage of job (MB)
	0  -  ResidentSetSize of job (KB)
...
006 (10252906.4605.000) 07/24 17:10:56 Image size of job updated: 159148
	8  -  MemoryUsage of job (MB)
	7916  -  ResidentSetSize of job (KB)
...
040 (10252906.4605.000) 07/24 17:11:00 Started transferring output files
...
040 (10252906.4605.000) 07/24 17:11:00 Finished transferring output files
...
005 (10252906.4605.000) 07/24 17:11:01 Job terminated.
	(1) Normal termination (return value 0)
		Usr 0 00:00:04, Sys 0 00:00:00  -  Run Remote Usage
		Usr 0 00:00:00, Sys 0 00:00:00  -  Run Local Usage
		Usr 0 00:00:04, Sys 0 00:00:00  -  Total Remote Usage
		Usr 0 00:00:00, Sys 0 00:00:00  -  Total Local Usage
	6201  -  Run Bytes Sent By Job
	409597  -  Run Bytes Received By Job
	6201  -  Total Bytes Sent By Job
	409597  -  Total Bytes Received By Job
	Partitionable Resources :    Usage  Request Allocated 
	   Cpus                 :                 8         8 
	   Disk (KB)            :      420      425   3212537 
	   Memory (MB)          :        8    16000     16000 

	Job terminated of its own accord at 2024-07-24T15:10:56Z with exit-code 0.
...
040 (10252907.4605.000) 07/24 18:20:34 Started transferring input files
	Transferring to host: <188.185.207.228:9618?addrs=188.185.207.228-9618+[2001-1458-303-e--100-61]-9618&alias=b9p08p1817.cern.ch&noUDP&sock=slot1_6_5110_3509_142755>
...
040 (10252907.4605.000) 07/24 18:20:34 Finished transferring input files
...
001 (10252907.4605.000) 07/24 18:20:35 Job executing on host: <188.185.207.228:9618?addrs=188.185.207.228-9618+[2001-1458-303-e--100-61]-9618&alias=b9p08p1817.cern.ch&noUDP&sock=startd_4330_992b>
	SlotName: slot1_6@b9p08p1817.cern.ch
	CondorScratchDir = "/pool/condor/dir_2746714"
	Cpus = 8
	Disk = 2795858
	Memory = 16000
...
006 (10252907.4605.000) 07/24 18:20:40 Image size of job updated: 160864
	8  -  MemoryUsage of job (MB)
	8076  -  ResidentSetSize of job (KB)
...
040 (10252907.4605.000) 07/24 18:20:40 Started transferring output files
...
040 (10252907.4605.000) 07/24 18:20:40 Finished transferring output files
...
005 (10252907.4605.000) 07/24 18:20:40 Job terminated.
	(1) Normal termination (return value 0)
		Usr 0 00:00:04, Sys 0 00:00:00  -  Run Remote Usage
		Usr 0 00:00:00, Sys 0 00:00:00  -  Run Local Usage
		Usr 0 00:00:04, Sys 0 00:00:00  -  Total Remote Usage
		Usr 0 00:00:00, Sys 0 00:00:00  -  Total Local Usage
	6204  -  Run Bytes Sent By Job
	409597  -  Run Bytes Received By Job
	6204  -  Total Bytes Sent By Job
	409597  -  Total Bytes Received By Job
	Partitionable Resources :    Usage  Request Allocated 
	   Cpus                 :        0        8         8 
	   Disk (KB)            :      428      425   2795858 
	   Memory (MB)          :        8    16000     16000 

	Job terminated of its own accord at 2024-07-24T16:20:40Z with exit-code 0.
...
040 (10252908.4605.000) 07/24 19:25:01 Started transferring input files
	Transferring to host: <188.185.205.69:9618?addrs=188.185.205.69-9618+[2001-1458-303-9--100-b9]-9618&alias=b9p03p3225.cern.ch&noUDP&sock=slot1_15_7400_b826_156181>
...
040 (10252908.4605.000) 07/24 19:25:01 Finished transferring input files
...
001 (10252908.4605.000) 07/24 19:25:02 Job executing on host: <188.185.205.69:9618?addrs=188.185.205.69-9618+[2001-1458-303-9--100-b9]-9618&alias=b9p03p3225.cern.ch&noUDP&sock=startd_7326_9ae9>
	SlotName: slot1_15@b9p03p3225.cern.ch
	CondorScratchDir = "/pool/condor/dir_1297782"
	Cpus = 8
	Disk = 2949882
	Memory = 16000
...
006 (10252908.4605.000) 07/24 19:25:06 Image size of job updated: 161100
	9  -  MemoryUsage of job (MB)
	8408  -  ResidentSetSize of job (KB)
...
040 (10252908.4605.000) 07/24 19:25:06 Started transferring output files
...
040 (10252908.4605.000) 07/24 19:25:06 Finished transferring output files
...
005 (10252908.4605.000) 07/24 19:25:06 Job terminated.
	(1) Normal termination (return value 0)
		Usr 0 00:00:03, Sys 0 00:00:00  -  Run Remote Usage
		Usr 0 00:00:00, Sys 0 00:00:00  -  Run Local Usage
		Usr 0 00:00:03, Sys 0 00:00:00  -  Total Remote Usage
		Usr 0 00:00:00, Sys 0 00:00:00  -  Total Local Usage
	6204  -  Run Bytes Sent By Job
	409597  -  Run Bytes Received By Job
	6204  -  Total Bytes Sent By Job
	409597  -  Total Bytes Received By Job
	Partitionable Resources :    Usage  Request Allocated 
	   Cpus                 :        0        8         8 
	   Disk (KB)            :      428      425   2949882 
	   Memory (MB)          :        9    16000     16000 

	Job terminated of its own accord at 2024-07-24T17:25:06Z with exit-code 0.
...
040 (10252909.4605.000) 07/24 20:21:54 Started transferring input files
	Transferring to host: <188.185.192.142:9618?addrs=188.185.192.142-9618+[2001-1458-303-1f--100-8a]-9618&alias=b9p13p1867.cern.ch&noUDP&sock=slot1_19_4064392_9896_16635>
...
040 (10252909.4605.000) 07/24 20:21:54 Finished transferring input files
...
001 (10252909.4605.000) 07/24 20:21:55 Job executing on host: <188.185.192.142:9618?addrs=188.185.192.142-9618+[2001-1458-303-1f--100-8a]-9618&alias=b9p13p1867.cern.ch&noUDP&sock=startd_128485_99ff>
	SlotName: slot1_19@b9p13p1867.cern.ch
	CondorScratchDir = "/pool/condor/dir_3908252"
	Cpus = 8
	Disk = 3010845
	Memory = 16000
...
006 (10252909.4605.000) 07/24 20:22:02 Image size of job updated: 165324
	11  -  MemoryUsage of job (MB)
	10660  -  ResidentSetSize of job (KB)
...
040 (10252909.4605.000) 07/24 20:22:03 Started transferring output files
...
040 (10252909.4605.000) 07/24 20:22:03 Finished transferring output files
...
005 (10252909.4605.000) 07/24 20:22:03 Job terminated.
	(1) Normal termination (return value 0)
		Usr 0 00:00:06, Sys 0 00:00:00  -  Run Remote Usage
		Usr 0 00:00:00, Sys 0 00:00:00  -  Run Local Usage
		Usr 0 00:00:06, Sys 0 00:00:00  -  Total Remote Usage
		Usr 0 00:00:00, Sys 0 00:00:00  -  Total Local Usage
	6204  -  Run Bytes Sent By Job
	409597  -  Run Bytes Received By Job
	6204  -  Total Bytes Sent By Job
	409597  -  Total Bytes Received By Job
	Partitionable Resources :    Usage  Request Allocated 
	   Cpus                 :        0        8         8 
	   Disk (KB)            :      428      425   3010845 
	   Memory (MB)          :       11    16000     16000 

	Job terminated of its own accord at 2024-07-24T18:22:02Z with exit-code 0.
...
000 (10261715.4605.000) 07/25 13:03:14 Job submitted from host: <188.185.114.121:9618?addrs=188.185.114.121-9618+[2001-1458-d00-a--100-273]-9618&alias=bigbird19.cern.ch&noUDP&sock=schedd_4961_696e>
...
009 (10261715.4605.000) 07/25 13:07:00 Job was aborted.
	via condor_rm (by user yelberke)
...
000 (10261767.4605.000) 07/25 13:20:40 Job submitted from host: <188.185.114.121:9618?addrs=188.185.114.121-9618+[2001-1458-d00-a--100-273]-9618&alias=bigbird19.cern.ch&noUDP&sock=schedd_4961_696e>
...
040 (10261767.4605.000) 07/25 14:47:04 Started transferring input files
	Transferring to host: <188.185.209.61:9618?addrs=188.185.209.61-9618+[2001-1458-303-11--100-3a]-9618&alias=b9p11p8216.cern.ch&noUDP&sock=slot1_4_47161_f0d7_30>
...
040 (10261767.4605.000) 07/25 14:47:05 Finished transferring input files
...
001 (10261767.4605.000) 07/25 14:47:06 Job executing on host: <188.185.209.61:9618?addrs=188.185.209.61-9618+[2001-1458-303-11--100-3a]-9618&alias=b9p11p8216.cern.ch&noUDP&sock=startd_46134_aa4b>
	SlotName: slot1_4@b9p11p8216.cern.ch
	CondorScratchDir = "/pool/condor/dir_99481"
	Cpus = 12
	Disk = 2895869
	Memory = 24000
...
006 (10261767.4605.000) 07/25 14:47:10 Image size of job updated: 394884
	236  -  MemoryUsage of job (MB)
	241048  -  ResidentSetSize of job (KB)
...
040 (10261767.4605.000) 07/25 14:47:11 Started transferring output files
...
040 (10261767.4605.000) 07/25 14:47:11 Finished transferring output files
...
005 (10261767.4605.000) 07/25 14:47:11 Job terminated.
	(1) Normal termination (return value 0)
		Usr 0 00:00:03, Sys 0 00:00:00  -  Run Remote Usage
		Usr 0 00:00:00, Sys 0 00:00:00  -  Run Local Usage
		Usr 0 00:00:03, Sys 0 00:00:00  -  Total Remote Usage
		Usr 0 00:00:00, Sys 0 00:00:00  -  Total Local Usage
	6676  -  Run Bytes Sent By Job
	409597  -  Run Bytes Received By Job
	6676  -  Total Bytes Sent By Job
	409597  -  Total Bytes Received By Job
	Partitionable Resources :    Usage  Request Allocated 
	   Cpus                 :        0       12        12 
	   Disk (KB)            :      428      425   2895869 
	   Memory (MB)          :      236    24000     24000 

	Job terminated of its own accord at 2024-07-25T12:47:10Z with exit-code 0.
...
000 (10284266.4605.000) 08/02 15:46:58 Job submitted from host: <188.185.114.121:9618?addrs=188.185.114.121-9618+[2001-1458-d00-a--100-273]-9618&alias=bigbird19.cern.ch&noUDP&sock=schedd_4961_696e>
...
000 (10284267.4605.000) 08/02 15:50:11 Job submitted from host: <188.185.114.121:9618?addrs=188.185.114.121-9618+[2001-1458-d00-a--100-273]-9618&alias=bigbird19.cern.ch&noUDP&sock=schedd_4961_696e>
...
009 (10284266.4605.000) 08/02 15:50:36 Job was aborted.
	via condor_rm (by user yelberke)
...
040 (10284267.4605.000) 08/02 17:02:39 Started transferring input files
	Transferring to host: <188.185.204.135:9618?addrs=188.185.204.135-9618+[2001-1458-303-8--100-7b]-9618&alias=b9p02p6005.cern.ch&noUDP&sock=slot1_9_3614797_3f0c_105640>
...
040 (10284267.4605.000) 08/02 17:02:39 Finished transferring input files
...
001 (10284267.4605.000) 08/02 17:02:40 Job executing on host: <188.185.204.135:9618?addrs=188.185.204.135-9618+[2001-1458-303-8--100-7b]-9618&alias=b9p02p6005.cern.ch&noUDP&sock=startd_3614755_d896>
	SlotName: slot1_9@b9p02p6005.cern.ch
	CondorScratchDir = "/pool/condor/dir_2621271"
	Cpus = 12
	Disk = 2902534
	Memory = 24000
...
006 (10284267.4605.000) 08/02 17:02:42 Image size of job updated: 327584
	6  -  MemoryUsage of job (MB)
	5636  -  ResidentSetSize of job (KB)
...
040 (10284267.4605.000) 08/02 17:02:42 Started transferring output files
...
040 (10284267.4605.000) 08/02 17:02:42 Finished transferring output files
...
005 (10284267.4605.000) 08/02 17:02:42 Job terminated.
	(1) Normal termination (return value 139)
		Usr 0 00:00:01, Sys 0 00:00:01  -  Run Remote Usage
		Usr 0 00:00:00, Sys 0 00:00:00  -  Run Local Usage
		Usr 0 00:00:01, Sys 0 00:00:01  -  Total Remote Usage
		Usr 0 00:00:00, Sys 0 00:00:00  -  Total Local Usage
	7696  -  Run Bytes Sent By Job
	409597  -  Run Bytes Received By Job
	7696  -  Total Bytes Sent By Job
	409597  -  Total Bytes Received By Job
	Partitionable Resources :    Usage  Request Allocated 
	   Cpus                 :        0       12        12 
	   Disk (KB)            :      433      425   2902534 
	   Memory (MB)          :        6    24000     24000 

	Job terminated of its own accord at 2024-08-02T15:02:42Z with exit-code 139.
...
