000 (10252905.4666.000) 07/24 16:13:21 Job submitted from host: <188.185.114.121:9618?addrs=188.185.114.121-9618+[2001-1458-d00-a--100-273]-9618&alias=bigbird19.cern.ch&noUDP&sock=schedd_4961_696e>
...
009 (10252905.4666.000) 07/24 16:14:51 Job was aborted.
	via condor_rm (by user yelberke)
...
000 (10252906.4666.000) 07/24 16:15:40 Job submitted from host: <188.185.114.121:9618?addrs=188.185.114.121-9618+[2001-1458-d00-a--100-273]-9618&alias=bigbird19.cern.ch&noUDP&sock=schedd_4961_696e>
...
000 (10252907.4666.000) 07/24 16:17:34 Job submitted from host: <188.185.114.121:9618?addrs=188.185.114.121-9618+[2001-1458-d00-a--100-273]-9618&alias=bigbird19.cern.ch&noUDP&sock=schedd_4961_696e>
...
000 (10252908.4666.000) 07/24 16:18:07 Job submitted from host: <188.185.114.121:9618?addrs=188.185.114.121-9618+[2001-1458-d00-a--100-273]-9618&alias=bigbird19.cern.ch&noUDP&sock=schedd_4961_696e>
...
000 (10252909.4666.000) 07/24 16:18:43 Job submitted from host: <188.185.114.121:9618?addrs=188.185.114.121-9618+[2001-1458-d00-a--100-273]-9618&alias=bigbird19.cern.ch&noUDP&sock=schedd_4961_696e>
...
040 (10252906.4666.000) 07/24 17:10:36 Started transferring input files
	Transferring to host: <188.185.196.67:9618?addrs=188.185.196.67-9618+[2001-1458-303-23--100-3f]-9618&alias=b9p16p9691.cern.ch&noUDP&sock=slot1_5_137964_de63_31656>
...
001 (10252906.4666.000) 07/24 17:10:38 Job executing on host: <188.185.196.67:9618?addrs=188.185.196.67-9618+[2001-1458-303-23--100-3f]-9618&alias=b9p16p9691.cern.ch&noUDP&sock=startd_127944_8542>
	SlotName: slot1_5@b9p16p9691.cern.ch
	CondorScratchDir = "/pool/condor/dir_755530"
	Cpus = 8
	Disk = 2989439
	Memory = 16000
...
040 (10252906.4666.000) 07/24 17:10:38 Finished transferring input files
...
006 (10252906.4666.000) 07/24 17:10:46 Image size of job updated: 147696
	145  -  MemoryUsage of job (MB)
	147536  -  ResidentSetSize of job (KB)
...
006 (10252906.4666.000) 07/24 17:10:48 Image size of job updated: 157756
	145  -  MemoryUsage of job (MB)
	147536  -  ResidentSetSize of job (KB)
...
040 (10252906.4666.000) 07/24 17:10:54 Started transferring output files
...
040 (10252906.4666.000) 07/24 17:10:54 Finished transferring output files
...
005 (10252906.4666.000) 07/24 17:11:00 Job terminated.
	(1) Normal termination (return value 0)
		Usr 0 00:00:08, Sys 0 00:00:00  -  Run Remote Usage
		Usr 0 00:00:00, Sys 0 00:00:00  -  Run Local Usage
		Usr 0 00:00:08, Sys 0 00:00:00  -  Total Remote Usage
		Usr 0 00:00:00, Sys 0 00:00:00  -  Total Local Usage
	6201  -  Run Bytes Sent By Job
	409597  -  Run Bytes Received By Job
	6201  -  Total Bytes Sent By Job
	409597  -  Total Bytes Received By Job
	Partitionable Resources :    Usage  Request Allocated 
	   Cpus                 :        0        8         8 
	   Disk (KB)            :      428      425   2989439 
	   Memory (MB)          :      145    16000     16000 

	Job terminated of its own accord at 2024-07-24T15:10:48Z with exit-code 0.
...
040 (10252907.4666.000) 07/24 18:20:56 Started transferring input files
	Transferring to host: <188.185.205.47:9618?addrs=188.185.205.47-9618+[2001-1458-303-9--100-a3]-9618&alias=b9p03p0153.cern.ch&noUDP&sock=slot1_11_6930_8fd3_153238>
...
040 (10252907.4666.000) 07/24 18:20:56 Finished transferring input files
...
001 (10252907.4666.000) 07/24 18:20:57 Job executing on host: <188.185.205.47:9618?addrs=188.185.205.47-9618+[2001-1458-303-9--100-a3]-9618&alias=b9p03p0153.cern.ch&noUDP&sock=startd_6859_482f>
	SlotName: slot1_11@b9p03p0153.cern.ch
	CondorScratchDir = "/pool/condor/dir_2052209"
	Cpus = 8
	Disk = 2933393
	Memory = 16000
...
006 (10252907.4666.000) 07/24 18:21:01 Image size of job updated: 160188
	8  -  MemoryUsage of job (MB)
	7968  -  ResidentSetSize of job (KB)
...
040 (10252907.4666.000) 07/24 18:21:01 Started transferring output files
...
040 (10252907.4666.000) 07/24 18:21:01 Finished transferring output files
...
005 (10252907.4666.000) 07/24 18:21:01 Job terminated.
	(1) Normal termination (return value 0)
		Usr 0 00:00:03, Sys 0 00:00:00  -  Run Remote Usage
		Usr 0 00:00:00, Sys 0 00:00:00  -  Run Local Usage
		Usr 0 00:00:03, Sys 0 00:00:00  -  Total Remote Usage
		Usr 0 00:00:00, Sys 0 00:00:00  -  Total Local Usage
	6204  -  Run Bytes Sent By Job
	409597  -  Run Bytes Received By Job
	6204  -  Total Bytes Sent By Job
	409597  -  Total Bytes Received By Job
	Partitionable Resources :    Usage  Request Allocated 
	   Cpus                 :                 8         8 
	   Disk (KB)            :      421      425   2933393 
	   Memory (MB)          :        8    16000     16000 

	Job terminated of its own accord at 2024-07-24T16:21:01Z with exit-code 0.
...
040 (10252908.4666.000) 07/24 19:25:21 Started transferring input files
	Transferring to host: <188.185.206.183:9618?addrs=188.185.206.183-9618&alias=b9p06p2267.cern.ch&noUDP&sock=slot1_14_6899_b832_156698>
...
040 (10252908.4666.000) 07/24 19:25:21 Finished transferring input files
...
001 (10252908.4666.000) 07/24 19:25:22 Job executing on host: <188.185.206.183:9618?addrs=188.185.206.183-9618&alias=b9p06p2267.cern.ch&noUDP&sock=startd_6833_72b8>
	SlotName: slot1_14@b9p06p2267.cern.ch
	CondorScratchDir = "/pool/condor/dir_2506477"
	Cpus = 8
	Disk = 2768362
	Memory = 16000
...
006 (10252908.4666.000) 07/24 19:25:26 Image size of job updated: 160596
	9  -  MemoryUsage of job (MB)
	8424  -  ResidentSetSize of job (KB)
...
040 (10252908.4666.000) 07/24 19:25:26 Started transferring output files
...
040 (10252908.4666.000) 07/24 19:25:26 Finished transferring output files
...
005 (10252908.4666.000) 07/24 19:25:26 Job terminated.
	(1) Normal termination (return value 0)
		Usr 0 00:00:03, Sys 0 00:00:00  -  Run Remote Usage
		Usr 0 00:00:00, Sys 0 00:00:00  -  Run Local Usage
		Usr 0 00:00:03, Sys 0 00:00:00  -  Total Remote Usage
		Usr 0 00:00:00, Sys 0 00:00:00  -  Total Local Usage
	6204  -  Run Bytes Sent By Job
	409597  -  Run Bytes Received By Job
	6204  -  Total Bytes Sent By Job
	409597  -  Total Bytes Received By Job
	Partitionable Resources :    Usage  Request Allocated 
	   Cpus                 :                 8         8 
	   Disk (KB)            :      419      425   2768362 
	   Memory (MB)          :        9    16000     16000 

	Job terminated of its own accord at 2024-07-24T17:25:26Z with exit-code 0.
...
040 (10252909.4666.000) 07/24 20:22:14 Started transferring input files
	Transferring to host: <128.142.193.166:9618?addrs=128.142.193.166-9618+[2001-1458-301-8--100-22]-9618&alias=b9g21p7427.cern.ch&noUDP&sock=slot1_5_3684573_c021_30>
...
040 (10252909.4666.000) 07/24 20:22:14 Finished transferring input files
...
001 (10252909.4666.000) 07/24 20:22:15 Job executing on host: <128.142.193.166:9618?addrs=128.142.193.166-9618+[2001-1458-301-8--100-22]-9618&alias=b9g21p7427.cern.ch&noUDP&sock=startd_2822_3c5a>
	SlotName: slot1_5@b9g21p7427.cern.ch
	CondorScratchDir = "/pool/condor/dir_3735485"
	Cpus = 8
	Disk = 1306755
	Memory = 16000
...
006 (10252909.4666.000) 07/24 20:22:23 Image size of job updated: 2060
	2  -  MemoryUsage of job (MB)
	1504  -  ResidentSetSize of job (KB)
...
006 (10252909.4666.000) 07/24 20:22:47 Image size of job updated: 166464
	11  -  MemoryUsage of job (MB)
	11056  -  ResidentSetSize of job (KB)
...
040 (10252909.4666.000) 07/24 20:22:47 Started transferring output files
...
040 (10252909.4666.000) 07/24 20:22:47 Finished transferring output files
...
005 (10252909.4666.000) 07/24 20:22:47 Job terminated.
	(1) Normal termination (return value 0)
		Usr 0 00:00:04, Sys 0 00:00:00  -  Run Remote Usage
		Usr 0 00:00:00, Sys 0 00:00:00  -  Run Local Usage
		Usr 0 00:00:04, Sys 0 00:00:00  -  Total Remote Usage
		Usr 0 00:00:00, Sys 0 00:00:00  -  Total Local Usage
	6204  -  Run Bytes Sent By Job
	409597  -  Run Bytes Received By Job
	6204  -  Total Bytes Sent By Job
	409597  -  Total Bytes Received By Job
	Partitionable Resources :    Usage  Request Allocated 
	   Cpus                 :                 8         8 
	   Disk (KB)            :      420      425   1306755 
	   Memory (MB)          :       11    16000     16000 

	Job terminated of its own accord at 2024-07-24T18:22:47Z with exit-code 0.
...
000 (10261715.4666.000) 07/25 13:03:15 Job submitted from host: <188.185.114.121:9618?addrs=188.185.114.121-9618+[2001-1458-d00-a--100-273]-9618&alias=bigbird19.cern.ch&noUDP&sock=schedd_4961_696e>
...
009 (10261715.4666.000) 07/25 13:07:00 Job was aborted.
	via condor_rm (by user yelberke)
...
000 (10261767.4666.000) 07/25 13:20:41 Job submitted from host: <188.185.114.121:9618?addrs=188.185.114.121-9618+[2001-1458-d00-a--100-273]-9618&alias=bigbird19.cern.ch&noUDP&sock=schedd_4961_696e>
...
040 (10261767.4666.000) 07/25 14:47:25 Started transferring input files
	Transferring to host: <188.185.209.188:9618?addrs=188.185.209.188-9618+[2001-1458-303-12--100-39]-9618&alias=b9p12p4540.cern.ch&noUDP&sock=slot1_6_4424_dbad_145909>
...
040 (10261767.4666.000) 07/25 14:47:25 Finished transferring input files
...
001 (10261767.4666.000) 07/25 14:47:26 Job executing on host: <188.185.209.188:9618?addrs=188.185.209.188-9618+[2001-1458-303-12--100-39]-9618&alias=b9p12p4540.cern.ch&noUDP&sock=startd_3676_023b>
	SlotName: slot1_6@b9p12p4540.cern.ch
	CondorScratchDir = "/pool/condor/dir_3144106"
	Cpus = 12
	Disk = 2815914
	Memory = 24000
...
006 (10261767.4666.000) 07/25 14:47:32 Image size of job updated: 161208
	8  -  MemoryUsage of job (MB)
	7516  -  ResidentSetSize of job (KB)
...
040 (10261767.4666.000) 07/25 14:47:32 Started transferring output files
...
040 (10261767.4666.000) 07/25 14:47:32 Finished transferring output files
...
005 (10261767.4666.000) 07/25 14:47:33 Job terminated.
	(1) Normal termination (return value 0)
		Usr 0 00:00:04, Sys 0 00:00:00  -  Run Remote Usage
		Usr 0 00:00:00, Sys 0 00:00:00  -  Run Local Usage
		Usr 0 00:00:04, Sys 0 00:00:00  -  Total Remote Usage
		Usr 0 00:00:00, Sys 0 00:00:00  -  Total Local Usage
	6676  -  Run Bytes Sent By Job
	409597  -  Run Bytes Received By Job
	6676  -  Total Bytes Sent By Job
	409597  -  Total Bytes Received By Job
	Partitionable Resources :    Usage  Request Allocated 
	   Cpus                 :        0       12        12 
	   Disk (KB)            :      429      425   2815914 
	   Memory (MB)          :        8    24000     24000 

	Job terminated of its own accord at 2024-07-25T12:47:32Z with exit-code 0.
...
000 (10284266.4666.000) 08/02 15:46:59 Job submitted from host: <188.185.114.121:9618?addrs=188.185.114.121-9618+[2001-1458-d00-a--100-273]-9618&alias=bigbird19.cern.ch&noUDP&sock=schedd_4961_696e>
...
000 (10284267.4666.000) 08/02 15:50:12 Job submitted from host: <188.185.114.121:9618?addrs=188.185.114.121-9618+[2001-1458-d00-a--100-273]-9618&alias=bigbird19.cern.ch&noUDP&sock=schedd_4961_696e>
...
009 (10284266.4666.000) 08/02 15:50:37 Job was aborted.
	via condor_rm (by user yelberke)
...
040 (10284267.4666.000) 08/02 17:02:58 Started transferring input files
	Transferring to host: <188.185.209.216:9618?addrs=188.185.209.216-9618+[2001-1458-303-12--100-55]-9618&alias=b9p12p0546.cern.ch&noUDP&sock=slot1_3_3764_d412_153708>
...
040 (10284267.4666.000) 08/02 17:02:58 Finished transferring input files
...
001 (10284267.4666.000) 08/02 17:02:59 Job executing on host: <188.185.209.216:9618?addrs=188.185.209.216-9618+[2001-1458-303-12--100-55]-9618&alias=b9p12p0546.cern.ch&noUDP&sock=startd_3724_eec7>
	SlotName: slot1_3@b9p12p0546.cern.ch
	CondorScratchDir = "/pool/condor/dir_366972"
	Cpus = 12
	Disk = 2892630
	Memory = 24000
...
006 (10284267.4666.000) 08/02 17:03:01 Image size of job updated: 327596
	6  -  MemoryUsage of job (MB)
	5672  -  ResidentSetSize of job (KB)
...
040 (10284267.4666.000) 08/02 17:03:01 Started transferring output files
...
040 (10284267.4666.000) 08/02 17:03:01 Finished transferring output files
...
005 (10284267.4666.000) 08/02 17:03:01 Job terminated.
	(1) Normal termination (return value 139)
		Usr 0 00:00:02, Sys 0 00:00:01  -  Run Remote Usage
		Usr 0 00:00:00, Sys 0 00:00:00  -  Run Local Usage
		Usr 0 00:00:02, Sys 0 00:00:01  -  Total Remote Usage
		Usr 0 00:00:00, Sys 0 00:00:00  -  Total Local Usage
	7696  -  Run Bytes Sent By Job
	409597  -  Run Bytes Received By Job
	7696  -  Total Bytes Sent By Job
	409597  -  Total Bytes Received By Job
	Partitionable Resources :    Usage  Request Allocated 
	   Cpus                 :        0       12        12 
	   Disk (KB)            :      430      425   2892630 
	   Memory (MB)          :        6    24000     24000 

	Job terminated of its own accord at 2024-08-02T15:03:01Z with exit-code 139.
...
