000 (10252905.4669.000) 07/24 16:13:21 Job submitted from host: <188.185.114.121:9618?addrs=188.185.114.121-9618+[2001-1458-d00-a--100-273]-9618&alias=bigbird19.cern.ch&noUDP&sock=schedd_4961_696e>
...
009 (10252905.4669.000) 07/24 16:14:51 Job was aborted.
	via condor_rm (by user yelberke)
...
000 (10252906.4669.000) 07/24 16:15:40 Job submitted from host: <188.185.114.121:9618?addrs=188.185.114.121-9618+[2001-1458-d00-a--100-273]-9618&alias=bigbird19.cern.ch&noUDP&sock=schedd_4961_696e>
...
000 (10252907.4669.000) 07/24 16:17:34 Job submitted from host: <188.185.114.121:9618?addrs=188.185.114.121-9618+[2001-1458-d00-a--100-273]-9618&alias=bigbird19.cern.ch&noUDP&sock=schedd_4961_696e>
...
000 (10252908.4669.000) 07/24 16:18:07 Job submitted from host: <188.185.114.121:9618?addrs=188.185.114.121-9618+[2001-1458-d00-a--100-273]-9618&alias=bigbird19.cern.ch&noUDP&sock=schedd_4961_696e>
...
000 (10252909.4669.000) 07/24 16:18:43 Job submitted from host: <188.185.114.121:9618?addrs=188.185.114.121-9618+[2001-1458-d00-a--100-273]-9618&alias=bigbird19.cern.ch&noUDP&sock=schedd_4961_696e>
...
040 (10252906.4669.000) 07/24 17:10:38 Started transferring input files
	Transferring to host: <188.185.198.26:9618?addrs=188.185.198.26-9618+[2001-1458-303-25--100-16]-9618&alias=b9p15p5462.cern.ch&noUDP&sock=slot1_13_414428_c44e_6248>
...
040 (10252906.4669.000) 07/24 17:10:38 Finished transferring input files
...
001 (10252906.4669.000) 07/24 17:10:40 Job executing on host: <188.185.198.26:9618?addrs=188.185.198.26-9618+[2001-1458-303-25--100-16]-9618&alias=b9p15p5462.cern.ch&noUDP&sock=startd_127737_8928>
	SlotName: slot1_13@b9p15p5462.cern.ch
	CondorScratchDir = "/pool/condor/dir_45093"
	Cpus = 8
	Disk = 3027331
	Memory = 16000
...
006 (10252906.4669.000) 07/24 17:10:45 Image size of job updated: 160232
	8  -  MemoryUsage of job (MB)
	8008  -  ResidentSetSize of job (KB)
...
040 (10252906.4669.000) 07/24 17:10:50 Started transferring output files
...
040 (10252906.4669.000) 07/24 17:10:54 Finished transferring output files
...
005 (10252906.4669.000) 07/24 17:10:57 Job terminated.
	(1) Normal termination (return value 0)
		Usr 0 00:00:04, Sys 0 00:00:00  -  Run Remote Usage
		Usr 0 00:00:00, Sys 0 00:00:00  -  Run Local Usage
		Usr 0 00:00:04, Sys 0 00:00:00  -  Total Remote Usage
		Usr 0 00:00:00, Sys 0 00:00:00  -  Total Local Usage
	6201  -  Run Bytes Sent By Job
	409597  -  Run Bytes Received By Job
	6201  -  Total Bytes Sent By Job
	409597  -  Total Bytes Received By Job
	Partitionable Resources :    Usage  Request Allocated 
	   Cpus                 :        0        8         8 
	   Disk (KB)            :      428      425   3027331 
	   Memory (MB)          :        8    16000     16000 

	Job terminated of its own accord at 2024-07-24T15:10:45Z with exit-code 0.
...
040 (10252907.4669.000) 07/24 18:20:56 Started transferring input files
	Transferring to host: <188.185.205.118:9618?addrs=188.185.205.118-9618+[2001-1458-303-9--100-73]-9618&alias=b9p03p6728.cern.ch&noUDP&sock=slot1_9_6107_af11_157442>
...
040 (10252907.4669.000) 07/24 18:20:56 Finished transferring input files
...
001 (10252907.4669.000) 07/24 18:20:57 Job executing on host: <188.185.205.118:9618?addrs=188.185.205.118-9618+[2001-1458-303-9--100-73]-9618&alias=b9p03p6728.cern.ch&noUDP&sock=startd_5706_6b7c>
	SlotName: slot1_9@b9p03p6728.cern.ch
	CondorScratchDir = "/pool/condor/dir_3601801"
	Cpus = 8
	Disk = 2757916
	Memory = 16000
...
006 (10252907.4669.000) 07/24 18:20:59 Image size of job updated: 339716
	18  -  MemoryUsage of job (MB)
	17688  -  ResidentSetSize of job (KB)
...
040 (10252907.4669.000) 07/24 18:20:59 Started transferring output files
...
040 (10252907.4669.000) 07/24 18:20:59 Finished transferring output files
...
005 (10252907.4669.000) 07/24 18:20:59 Job terminated.
	(1) Normal termination (return value 139)
		Usr 0 00:00:01, Sys 0 00:00:01  -  Run Remote Usage
		Usr 0 00:00:00, Sys 0 00:00:00  -  Run Local Usage
		Usr 0 00:00:01, Sys 0 00:00:01  -  Total Remote Usage
		Usr 0 00:00:00, Sys 0 00:00:00  -  Total Local Usage
	7832  -  Run Bytes Sent By Job
	409597  -  Run Bytes Received By Job
	7832  -  Total Bytes Sent By Job
	409597  -  Total Bytes Received By Job
	Partitionable Resources :    Usage  Request Allocated 
	   Cpus                 :        0        8         8 
	   Disk (KB)            :      429      425   2757916 
	   Memory (MB)          :       18    16000     16000 

	Job terminated of its own accord at 2024-07-24T16:20:59Z with exit-code 139.
...
040 (10252908.4669.000) 07/24 19:25:22 Started transferring input files
	Transferring to host: <188.185.205.69:9618?addrs=188.185.205.69-9618+[2001-1458-303-9--100-b9]-9618&alias=b9p03p3225.cern.ch&noUDP&sock=slot1_14_7400_b826_156190>
...
040 (10252908.4669.000) 07/24 19:25:22 Finished transferring input files
...
001 (10252908.4669.000) 07/24 19:25:23 Job executing on host: <188.185.205.69:9618?addrs=188.185.205.69-9618+[2001-1458-303-9--100-b9]-9618&alias=b9p03p3225.cern.ch&noUDP&sock=startd_7326_9ae9>
	SlotName: slot1_14@b9p03p3225.cern.ch
	CondorScratchDir = "/pool/condor/dir_1670529"
	Cpus = 8
	Disk = 2950049
	Memory = 16000
...
006 (10252908.4669.000) 07/24 19:25:27 Image size of job updated: 157964
	8  -  MemoryUsage of job (MB)
	7292  -  ResidentSetSize of job (KB)
...
040 (10252908.4669.000) 07/24 19:25:27 Started transferring output files
...
040 (10252908.4669.000) 07/24 19:25:27 Finished transferring output files
...
005 (10252908.4669.000) 07/24 19:25:27 Job terminated.
	(1) Normal termination (return value 0)
		Usr 0 00:00:03, Sys 0 00:00:00  -  Run Remote Usage
		Usr 0 00:00:00, Sys 0 00:00:00  -  Run Local Usage
		Usr 0 00:00:03, Sys 0 00:00:00  -  Total Remote Usage
		Usr 0 00:00:00, Sys 0 00:00:00  -  Total Local Usage
	6204  -  Run Bytes Sent By Job
	409597  -  Run Bytes Received By Job
	6204  -  Total Bytes Sent By Job
	409597  -  Total Bytes Received By Job
	Partitionable Resources :    Usage  Request Allocated 
	   Cpus                 :        0        8         8 
	   Disk (KB)            :      428      425   2950049 
	   Memory (MB)          :        8    16000     16000 

	Job terminated of its own accord at 2024-07-24T17:25:27Z with exit-code 0.
...
040 (10252909.4669.000) 07/24 20:22:15 Started transferring input files
	Transferring to host: <128.142.193.166:9618?addrs=128.142.193.166-9618+[2001-1458-301-8--100-22]-9618&alias=b9g21p7427.cern.ch&noUDP&sock=slot1_3_3684573_c021_32>
...
040 (10252909.4669.000) 07/24 20:22:15 Finished transferring input files
...
001 (10252909.4669.000) 07/24 20:22:16 Job executing on host: <128.142.193.166:9618?addrs=128.142.193.166-9618+[2001-1458-301-8--100-22]-9618&alias=b9g21p7427.cern.ch&noUDP&sock=startd_2822_3c5a>
	SlotName: slot1_3@b9g21p7427.cern.ch
	CondorScratchDir = "/pool/condor/dir_3735489"
	Cpus = 8
	Disk = 1306754
	Memory = 16000
...
006 (10252909.4669.000) 07/24 20:22:24 Image size of job updated: 1796
	2  -  MemoryUsage of job (MB)
	1516  -  ResidentSetSize of job (KB)
...
006 (10252909.4669.000) 07/24 20:22:47 Image size of job updated: 165132
	11  -  MemoryUsage of job (MB)
	10636  -  ResidentSetSize of job (KB)
...
040 (10252909.4669.000) 07/24 20:22:47 Started transferring output files
...
040 (10252909.4669.000) 07/24 20:22:47 Finished transferring output files
...
005 (10252909.4669.000) 07/24 20:22:47 Job terminated.
	(1) Normal termination (return value 0)
		Usr 0 00:00:04, Sys 0 00:00:00  -  Run Remote Usage
		Usr 0 00:00:00, Sys 0 00:00:00  -  Run Local Usage
		Usr 0 00:00:04, Sys 0 00:00:00  -  Total Remote Usage
		Usr 0 00:00:00, Sys 0 00:00:00  -  Total Local Usage
	6204  -  Run Bytes Sent By Job
	409597  -  Run Bytes Received By Job
	6204  -  Total Bytes Sent By Job
	409597  -  Total Bytes Received By Job
	Partitionable Resources :    Usage  Request Allocated 
	   Cpus                 :                 8         8 
	   Disk (KB)            :      420      425   1306754 
	   Memory (MB)          :       11    16000     16000 

	Job terminated of its own accord at 2024-07-24T18:22:47Z with exit-code 0.
...
000 (10261715.4669.000) 07/25 13:03:15 Job submitted from host: <188.185.114.121:9618?addrs=188.185.114.121-9618+[2001-1458-d00-a--100-273]-9618&alias=bigbird19.cern.ch&noUDP&sock=schedd_4961_696e>
...
009 (10261715.4669.000) 07/25 13:07:00 Job was aborted.
	via condor_rm (by user yelberke)
...
000 (10261767.4669.000) 07/25 13:20:41 Job submitted from host: <188.185.114.121:9618?addrs=188.185.114.121-9618+[2001-1458-d00-a--100-273]-9618&alias=bigbird19.cern.ch&noUDP&sock=schedd_4961_696e>
...
040 (10261767.4669.000) 07/25 14:47:26 Started transferring input files
	Transferring to host: <188.185.209.38:9618?addrs=188.185.209.38-9618+[2001-1458-303-11--100-23]-9618&alias=b9p11p4881.cern.ch&noUDP&sock=slot1_22_26224_ee23_25695>
...
040 (10261767.4669.000) 07/25 14:47:26 Finished transferring input files
...
001 (10261767.4669.000) 07/25 14:47:27 Job executing on host: <188.185.209.38:9618?addrs=188.185.209.38-9618+[2001-1458-303-11--100-23]-9618&alias=b9p11p4881.cern.ch&noUDP&sock=startd_25181_a667>
	SlotName: slot1_22@b9p11p4881.cern.ch
	CondorScratchDir = "/pool/condor/dir_2345009"
	Cpus = 12
	Disk = 2863630
	Memory = 24000
...
006 (10261767.4669.000) 07/25 14:47:32 Image size of job updated: 160544
	7  -  MemoryUsage of job (MB)
	6724  -  ResidentSetSize of job (KB)
...
040 (10261767.4669.000) 07/25 14:47:32 Started transferring output files
...
040 (10261767.4669.000) 07/25 14:47:32 Finished transferring output files
...
005 (10261767.4669.000) 07/25 14:47:32 Job terminated.
	(1) Normal termination (return value 0)
		Usr 0 00:00:03, Sys 0 00:00:00  -  Run Remote Usage
		Usr 0 00:00:00, Sys 0 00:00:00  -  Run Local Usage
		Usr 0 00:00:03, Sys 0 00:00:00  -  Total Remote Usage
		Usr 0 00:00:00, Sys 0 00:00:00  -  Total Local Usage
	6676  -  Run Bytes Sent By Job
	409597  -  Run Bytes Received By Job
	6676  -  Total Bytes Sent By Job
	409597  -  Total Bytes Received By Job
	Partitionable Resources :    Usage  Request Allocated 
	   Cpus                 :        0       12        12 
	   Disk (KB)            :      428      425   2863630 
	   Memory (MB)          :        7    24000     24000 

	Job terminated of its own accord at 2024-07-25T12:47:32Z with exit-code 0.
...
000 (10284266.4669.000) 08/02 15:46:59 Job submitted from host: <188.185.114.121:9618?addrs=188.185.114.121-9618+[2001-1458-d00-a--100-273]-9618&alias=bigbird19.cern.ch&noUDP&sock=schedd_4961_696e>
...
000 (10284267.4669.000) 08/02 15:50:12 Job submitted from host: <188.185.114.121:9618?addrs=188.185.114.121-9618+[2001-1458-d00-a--100-273]-9618&alias=bigbird19.cern.ch&noUDP&sock=schedd_4961_696e>
...
009 (10284266.4669.000) 08/02 15:50:37 Job was aborted.
	via condor_rm (by user yelberke)
...
040 (10284267.4669.000) 08/02 17:03:02 Started transferring input files
	Transferring to host: <188.185.194.51:9618?addrs=188.185.194.51-9618+[2001-1458-303-21--100-2f]-9618&alias=b9p20p9508.cern.ch&noUDP&sock=slot1_3_4062828_9dd7_12036>
...
040 (10284267.4669.000) 08/02 17:03:02 Finished transferring input files
...
001 (10284267.4669.000) 08/02 17:03:03 Job executing on host: <188.185.194.51:9618?addrs=188.185.194.51-9618+[2001-1458-303-21--100-2f]-9618&alias=b9p20p9508.cern.ch&noUDP&sock=startd_175101_4cd9>
	SlotName: slot1_3@b9p20p9508.cern.ch
	CondorScratchDir = "/pool/condor/dir_3920061"
	Cpus = 12
	Disk = 2976485
	Memory = 24000
...
006 (10284267.4669.000) 08/02 17:03:05 Image size of job updated: 314432
	5  -  MemoryUsage of job (MB)
	4736  -  ResidentSetSize of job (KB)
...
040 (10284267.4669.000) 08/02 17:03:05 Started transferring output files
...
040 (10284267.4669.000) 08/02 17:03:05 Finished transferring output files
...
005 (10284267.4669.000) 08/02 17:03:05 Job terminated.
	(1) Normal termination (return value 139)
		Usr 0 00:00:03, Sys 0 00:00:00  -  Run Remote Usage
		Usr 0 00:00:00, Sys 0 00:00:00  -  Run Local Usage
		Usr 0 00:00:03, Sys 0 00:00:00  -  Total Remote Usage
		Usr 0 00:00:00, Sys 0 00:00:00  -  Total Local Usage
	7696  -  Run Bytes Sent By Job
	409597  -  Run Bytes Received By Job
	7696  -  Total Bytes Sent By Job
	409597  -  Total Bytes Received By Job
	Partitionable Resources :    Usage  Request Allocated 
	   Cpus                 :        0       12        12 
	   Disk (KB)            :      430      425   2976485 
	   Memory (MB)          :        5    24000     24000 

	Job terminated of its own accord at 2024-08-02T15:03:05Z with exit-code 139.
...
