000 (10252905.4689.000) 07/24 16:13:21 Job submitted from host: <188.185.114.121:9618?addrs=188.185.114.121-9618+[2001-1458-d00-a--100-273]-9618&alias=bigbird19.cern.ch&noUDP&sock=schedd_4961_696e>
...
009 (10252905.4689.000) 07/24 16:14:51 Job was aborted.
	via condor_rm (by user yelberke)
...
000 (10252906.4689.000) 07/24 16:15:40 Job submitted from host: <188.185.114.121:9618?addrs=188.185.114.121-9618+[2001-1458-d00-a--100-273]-9618&alias=bigbird19.cern.ch&noUDP&sock=schedd_4961_696e>
...
000 (10252907.4689.000) 07/24 16:17:34 Job submitted from host: <188.185.114.121:9618?addrs=188.185.114.121-9618+[2001-1458-d00-a--100-273]-9618&alias=bigbird19.cern.ch&noUDP&sock=schedd_4961_696e>
...
000 (10252908.4689.000) 07/24 16:18:07 Job submitted from host: <188.185.114.121:9618?addrs=188.185.114.121-9618+[2001-1458-d00-a--100-273]-9618&alias=bigbird19.cern.ch&noUDP&sock=schedd_4961_696e>
...
000 (10252909.4689.000) 07/24 16:18:43 Job submitted from host: <188.185.114.121:9618?addrs=188.185.114.121-9618+[2001-1458-d00-a--100-273]-9618&alias=bigbird19.cern.ch&noUDP&sock=schedd_4961_696e>
...
040 (10252906.4689.000) 07/24 17:10:54 Started transferring input files
	Transferring to host: <188.185.192.159:9618?addrs=188.185.192.159-9618+[2001-1458-303-1f--100-9b]-9618&alias=b9p13p7065.cern.ch&noUDP&sock=slot1_9_1476970_ba56_6046>
...
040 (10252906.4689.000) 07/24 17:10:54 Finished transferring input files
...
001 (10252906.4689.000) 07/24 17:11:00 Job executing on host: <188.185.192.159:9618?addrs=188.185.192.159-9618+[2001-1458-303-1f--100-9b]-9618&alias=b9p13p7065.cern.ch&noUDP&sock=startd_173435_9011>
	SlotName: slot1_9@b9p13p7065.cern.ch
	CondorScratchDir = "/pool/condor/dir_3436715"
	Cpus = 8
	Disk = 2840308
	Memory = 16000
...
006 (10252906.4689.000) 07/24 17:11:07 Image size of job updated: 166368
	12  -  MemoryUsage of job (MB)
	11656  -  ResidentSetSize of job (KB)
...
040 (10252906.4689.000) 07/24 17:11:07 Started transferring output files
...
040 (10252906.4689.000) 07/24 17:11:07 Finished transferring output files
...
005 (10252906.4689.000) 07/24 17:11:07 Job terminated.
	(1) Normal termination (return value 0)
		Usr 0 00:00:05, Sys 0 00:00:00  -  Run Remote Usage
		Usr 0 00:00:00, Sys 0 00:00:00  -  Run Local Usage
		Usr 0 00:00:05, Sys 0 00:00:00  -  Total Remote Usage
		Usr 0 00:00:00, Sys 0 00:00:00  -  Total Local Usage
	6201  -  Run Bytes Sent By Job
	409597  -  Run Bytes Received By Job
	6201  -  Total Bytes Sent By Job
	409597  -  Total Bytes Received By Job
	Partitionable Resources :    Usage  Request Allocated 
	   Cpus                 :        0        8         8 
	   Disk (KB)            :      428      425   2840308 
	   Memory (MB)          :       12    16000     16000 

	Job terminated of its own accord at 2024-07-24T15:11:07Z with exit-code 0.
...
040 (10252907.4689.000) 07/24 18:21:02 Started transferring input files
	Transferring to host: <188.185.206.143:9618?addrs=188.185.206.143-9618+[2001-1458-303-c--100-c]-9618&alias=b9p06p8627.cern.ch&noUDP&sock=slot1_14_2260572_398e_46517>
...
040 (10252907.4689.000) 07/24 18:21:02 Finished transferring input files
...
001 (10252907.4689.000) 07/24 18:21:03 Job executing on host: <188.185.206.143:9618?addrs=188.185.206.143-9618+[2001-1458-303-c--100-c]-9618&alias=b9p06p8627.cern.ch&noUDP&sock=startd_6828_04bf>
	SlotName: slot1_14@b9p06p8627.cern.ch
	CondorScratchDir = "/pool/condor/dir_2059386"
	Cpus = 8
	Disk = 2694246
	Memory = 16000
...
006 (10252907.4689.000) 07/24 18:21:07 Image size of job updated: 159932
	8  -  MemoryUsage of job (MB)
	7960  -  ResidentSetSize of job (KB)
...
040 (10252907.4689.000) 07/24 18:21:07 Started transferring output files
...
040 (10252907.4689.000) 07/24 18:21:07 Finished transferring output files
...
005 (10252907.4689.000) 07/24 18:21:07 Job terminated.
	(1) Normal termination (return value 0)
		Usr 0 00:00:03, Sys 0 00:00:00  -  Run Remote Usage
		Usr 0 00:00:00, Sys 0 00:00:00  -  Run Local Usage
		Usr 0 00:00:03, Sys 0 00:00:00  -  Total Remote Usage
		Usr 0 00:00:00, Sys 0 00:00:00  -  Total Local Usage
	6204  -  Run Bytes Sent By Job
	409597  -  Run Bytes Received By Job
	6204  -  Total Bytes Sent By Job
	409597  -  Total Bytes Received By Job
	Partitionable Resources :    Usage  Request Allocated 
	   Cpus                 :        0        8         8 
	   Disk (KB)            :      428      425   2694246 
	   Memory (MB)          :        8    16000     16000 

	Job terminated of its own accord at 2024-07-24T16:21:07Z with exit-code 0.
...
040 (10252908.4689.000) 07/24 19:25:30 Started transferring input files
	Transferring to host: <188.185.205.58:9618?addrs=188.185.205.58-9618+[2001-1458-303-9--100-ae]-9618&alias=b9p03p9210.cern.ch&noUDP&sock=slot1_14_7418_66e7_156443>
...
040 (10252908.4689.000) 07/24 19:25:30 Finished transferring input files
...
001 (10252908.4689.000) 07/24 19:25:31 Job executing on host: <188.185.205.58:9618?addrs=188.185.205.58-9618+[2001-1458-303-9--100-ae]-9618&alias=b9p03p9210.cern.ch&noUDP&sock=startd_7350_112f>
	SlotName: slot1_14@b9p03p9210.cern.ch
	CondorScratchDir = "/pool/condor/dir_2882112"
	Cpus = 8
	Disk = 2880407
	Memory = 16000
...
006 (10252908.4689.000) 07/24 19:25:35 Image size of job updated: 161204
	9  -  MemoryUsage of job (MB)
	8584  -  ResidentSetSize of job (KB)
...
040 (10252908.4689.000) 07/24 19:25:35 Started transferring output files
...
040 (10252908.4689.000) 07/24 19:25:35 Finished transferring output files
...
005 (10252908.4689.000) 07/24 19:25:35 Job terminated.
	(1) Normal termination (return value 0)
		Usr 0 00:00:03, Sys 0 00:00:00  -  Run Remote Usage
		Usr 0 00:00:00, Sys 0 00:00:00  -  Run Local Usage
		Usr 0 00:00:03, Sys 0 00:00:00  -  Total Remote Usage
		Usr 0 00:00:00, Sys 0 00:00:00  -  Total Local Usage
	6204  -  Run Bytes Sent By Job
	409597  -  Run Bytes Received By Job
	6204  -  Total Bytes Sent By Job
	409597  -  Total Bytes Received By Job
	Partitionable Resources :    Usage  Request Allocated 
	   Cpus                 :        0        8         8 
	   Disk (KB)            :      428      425   2880407 
	   Memory (MB)          :        9    16000     16000 

	Job terminated of its own accord at 2024-07-24T17:25:35Z with exit-code 0.
...
040 (10252909.4689.000) 07/24 20:22:22 Started transferring input files
	Transferring to host: <188.185.209.230:9618?addrs=188.185.209.230-9618+[2001-1458-303-12--100-63]-9618&alias=b9p12p8570.cern.ch&noUDP&sock=slot1_1_2040237_48ef_101957>
...
040 (10252909.4689.000) 07/24 20:22:22 Finished transferring input files
...
001 (10252909.4689.000) 07/24 20:22:23 Job executing on host: <188.185.209.230:9618?addrs=188.185.209.230-9618+[2001-1458-303-12--100-63]-9618&alias=b9p12p8570.cern.ch&noUDP&sock=startd_2040196_5697>
	SlotName: slot1_1@b9p12p8570.cern.ch
	CondorScratchDir = "/pool/condor/dir_3729170"
	Cpus = 8
	Disk = 2809440
	Memory = 16000
...
006 (10252909.4689.000) 07/24 20:22:28 Image size of job updated: 159952
	8  -  MemoryUsage of job (MB)
	7740  -  ResidentSetSize of job (KB)
...
040 (10252909.4689.000) 07/24 20:22:28 Started transferring output files
...
040 (10252909.4689.000) 07/24 20:22:28 Finished transferring output files
...
005 (10252909.4689.000) 07/24 20:22:28 Job terminated.
	(1) Normal termination (return value 0)
		Usr 0 00:00:04, Sys 0 00:00:00  -  Run Remote Usage
		Usr 0 00:00:00, Sys 0 00:00:00  -  Run Local Usage
		Usr 0 00:00:04, Sys 0 00:00:00  -  Total Remote Usage
		Usr 0 00:00:00, Sys 0 00:00:00  -  Total Local Usage
	6204  -  Run Bytes Sent By Job
	409597  -  Run Bytes Received By Job
	6204  -  Total Bytes Sent By Job
	409597  -  Total Bytes Received By Job
	Partitionable Resources :    Usage  Request Allocated 
	   Cpus                 :     0.06        8         8 
	   Disk (KB)            :   431         425   2809440 
	   Memory (MB)          :     8       16000     16000 

	Job terminated of its own accord at 2024-07-24T18:22:28Z with exit-code 0.
...
000 (10261715.4689.000) 07/25 13:03:15 Job submitted from host: <188.185.114.121:9618?addrs=188.185.114.121-9618+[2001-1458-d00-a--100-273]-9618&alias=bigbird19.cern.ch&noUDP&sock=schedd_4961_696e>
...
009 (10261715.4689.000) 07/25 13:07:00 Job was aborted.
	via condor_rm (by user yelberke)
...
000 (10261767.4689.000) 07/25 13:20:41 Job submitted from host: <188.185.114.121:9618?addrs=188.185.114.121-9618+[2001-1458-d00-a--100-273]-9618&alias=bigbird19.cern.ch&noUDP&sock=schedd_4961_696e>
...
040 (10261767.4689.000) 07/25 14:47:33 Started transferring input files
	Transferring to host: <188.185.207.35:9618?addrs=188.185.207.35-9618+[2001-1458-303-d--100-20]-9618&alias=b9p07p8833.cern.ch&noUDP&sock=slot1_25_7453_1008_145014>
...
040 (10261767.4689.000) 07/25 14:47:33 Finished transferring input files
...
001 (10261767.4689.000) 07/25 14:47:34 Job executing on host: <188.185.207.35:9618?addrs=188.185.207.35-9618+[2001-1458-303-d--100-20]-9618&alias=b9p07p8833.cern.ch&noUDP&sock=startd_5999_64bc>
	SlotName: slot1_25@b9p07p8833.cern.ch
	CondorScratchDir = "/pool/condor/dir_1601069"
	Cpus = 12
	Disk = 2724598
	Memory = 24000
...
006 (10261767.4689.000) 07/25 14:47:38 Image size of job updated: 162268
	8  -  MemoryUsage of job (MB)
	7620  -  ResidentSetSize of job (KB)
...
040 (10261767.4689.000) 07/25 14:47:38 Started transferring output files
...
040 (10261767.4689.000) 07/25 14:47:38 Finished transferring output files
...
005 (10261767.4689.000) 07/25 14:47:38 Job terminated.
	(1) Normal termination (return value 0)
		Usr 0 00:00:03, Sys 0 00:00:00  -  Run Remote Usage
		Usr 0 00:00:00, Sys 0 00:00:00  -  Run Local Usage
		Usr 0 00:00:03, Sys 0 00:00:00  -  Total Remote Usage
		Usr 0 00:00:00, Sys 0 00:00:00  -  Total Local Usage
	6676  -  Run Bytes Sent By Job
	409597  -  Run Bytes Received By Job
	6676  -  Total Bytes Sent By Job
	409597  -  Total Bytes Received By Job
	Partitionable Resources :    Usage  Request Allocated 
	   Cpus                 :        0       12        12 
	   Disk (KB)            :      428      425   2724598 
	   Memory (MB)          :        8    24000     24000 

	Job terminated of its own accord at 2024-07-25T12:47:38Z with exit-code 0.
...
000 (10284266.4689.000) 08/02 15:47:00 Job submitted from host: <188.185.114.121:9618?addrs=188.185.114.121-9618+[2001-1458-d00-a--100-273]-9618&alias=bigbird19.cern.ch&noUDP&sock=schedd_4961_696e>
...
000 (10284267.4689.000) 08/02 15:50:12 Job submitted from host: <188.185.114.121:9618?addrs=188.185.114.121-9618+[2001-1458-d00-a--100-273]-9618&alias=bigbird19.cern.ch&noUDP&sock=schedd_4961_696e>
...
009 (10284266.4689.000) 08/02 15:50:37 Job was aborted.
	via condor_rm (by user yelberke)
...
040 (10284267.4689.000) 08/02 17:03:07 Started transferring input files
	Transferring to host: <188.185.209.216:9618?addrs=188.185.209.216-9618+[2001-1458-303-12--100-55]-9618&alias=b9p12p0546.cern.ch&noUDP&sock=slot1_8_3764_d412_153709>
...
040 (10284267.4689.000) 08/02 17:03:07 Finished transferring input files
...
001 (10284267.4689.000) 08/02 17:03:08 Job executing on host: <188.185.209.216:9618?addrs=188.185.209.216-9618+[2001-1458-303-12--100-55]-9618&alias=b9p12p0546.cern.ch&noUDP&sock=startd_3724_eec7>
	SlotName: slot1_8@b9p12p0546.cern.ch
	CondorScratchDir = "/pool/condor/dir_367514"
	Cpus = 12
	Disk = 2892597
	Memory = 24000
...
006 (10284267.4689.000) 08/02 17:03:10 Image size of job updated: 326040
	4  -  MemoryUsage of job (MB)
	3988  -  ResidentSetSize of job (KB)
...
040 (10284267.4689.000) 08/02 17:03:10 Started transferring output files
...
040 (10284267.4689.000) 08/02 17:03:10 Finished transferring output files
...
005 (10284267.4689.000) 08/02 17:03:10 Job terminated.
	(1) Normal termination (return value 139)
		Usr 0 00:00:02, Sys 0 00:00:01  -  Run Remote Usage
		Usr 0 00:00:00, Sys 0 00:00:00  -  Run Local Usage
		Usr 0 00:00:02, Sys 0 00:00:01  -  Total Remote Usage
		Usr 0 00:00:00, Sys 0 00:00:00  -  Total Local Usage
	7696  -  Run Bytes Sent By Job
	409597  -  Run Bytes Received By Job
	7696  -  Total Bytes Sent By Job
	409597  -  Total Bytes Received By Job
	Partitionable Resources :    Usage  Request Allocated 
	   Cpus                 :        0       12        12 
	   Disk (KB)            :      430      425   2892597 
	   Memory (MB)          :        4    24000     24000 

	Job terminated of its own accord at 2024-08-02T15:03:10Z with exit-code 139.
...
