000 (10252905.4690.000) 07/24 16:13:21 Job submitted from host: <188.185.114.121:9618?addrs=188.185.114.121-9618+[2001-1458-d00-a--100-273]-9618&alias=bigbird19.cern.ch&noUDP&sock=schedd_4961_696e>
...
009 (10252905.4690.000) 07/24 16:14:51 Job was aborted.
	via condor_rm (by user yelberke)
...
000 (10252906.4690.000) 07/24 16:15:40 Job submitted from host: <188.185.114.121:9618?addrs=188.185.114.121-9618+[2001-1458-d00-a--100-273]-9618&alias=bigbird19.cern.ch&noUDP&sock=schedd_4961_696e>
...
000 (10252907.4690.000) 07/24 16:17:34 Job submitted from host: <188.185.114.121:9618?addrs=188.185.114.121-9618+[2001-1458-d00-a--100-273]-9618&alias=bigbird19.cern.ch&noUDP&sock=schedd_4961_696e>
...
000 (10252908.4690.000) 07/24 16:18:07 Job submitted from host: <188.185.114.121:9618?addrs=188.185.114.121-9618+[2001-1458-d00-a--100-273]-9618&alias=bigbird19.cern.ch&noUDP&sock=schedd_4961_696e>
...
000 (10252909.4690.000) 07/24 16:18:43 Job submitted from host: <188.185.114.121:9618?addrs=188.185.114.121-9618+[2001-1458-d00-a--100-273]-9618&alias=bigbird19.cern.ch&noUDP&sock=schedd_4961_696e>
...
040 (10252906.4690.000) 07/24 17:10:57 Started transferring input files
	Transferring to host: <188.185.204.232:9618?addrs=188.185.204.232-9618+[2001-1458-303-8--100-65]-9618&alias=b9p02p7937.cern.ch&noUDP&sock=slot1_8_5186_c18c_80819>
...
001 (10252906.4690.000) 07/24 17:11:00 Job executing on host: <188.185.204.232:9618?addrs=188.185.204.232-9618+[2001-1458-303-8--100-65]-9618&alias=b9p02p7937.cern.ch&noUDP&sock=startd_4241_8d3d>
	SlotName: slot1_8@b9p02p7937.cern.ch
	CondorScratchDir = "/pool/condor/dir_3198119"
	Cpus = 8
	Disk = 2612570
	Memory = 16000
...
040 (10252906.4690.000) 07/24 17:11:00 Finished transferring input files
...
006 (10252906.4690.000) 07/24 17:11:06 Image size of job updated: 161048
	8  -  MemoryUsage of job (MB)
	8184  -  ResidentSetSize of job (KB)
...
040 (10252906.4690.000) 07/24 17:11:06 Started transferring output files
...
040 (10252906.4690.000) 07/24 17:11:06 Finished transferring output files
...
005 (10252906.4690.000) 07/24 17:11:06 Job terminated.
	(1) Normal termination (return value 0)
		Usr 0 00:00:04, Sys 0 00:00:00  -  Run Remote Usage
		Usr 0 00:00:00, Sys 0 00:00:00  -  Run Local Usage
		Usr 0 00:00:04, Sys 0 00:00:00  -  Total Remote Usage
		Usr 0 00:00:00, Sys 0 00:00:00  -  Total Local Usage
	6201  -  Run Bytes Sent By Job
	409597  -  Run Bytes Received By Job
	6201  -  Total Bytes Sent By Job
	409597  -  Total Bytes Received By Job
	Partitionable Resources :    Usage  Request Allocated 
	   Cpus                 :        0        8         8 
	   Disk (KB)            :      428      425   2612570 
	   Memory (MB)          :        8    16000     16000 

	Job terminated of its own accord at 2024-07-24T15:11:06Z with exit-code 0.
...
040 (10252907.4690.000) 07/24 18:21:03 Started transferring input files
	Transferring to host: <188.185.206.168:9618?addrs=188.185.206.168-9618&alias=b9p06p3387.cern.ch&noUDP&sock=slot1_21_6887_43b1_155262>
...
040 (10252907.4690.000) 07/24 18:21:03 Finished transferring input files
...
001 (10252907.4690.000) 07/24 18:21:04 Job executing on host: <188.185.206.168:9618?addrs=188.185.206.168-9618&alias=b9p06p3387.cern.ch&noUDP&sock=startd_6821_3795>
	SlotName: slot1_21@b9p06p3387.cern.ch
	CondorScratchDir = "/pool/condor/dir_342750"
	Cpus = 8
	Disk = 2762078
	Memory = 16000
...
006 (10252907.4690.000) 07/24 18:21:08 Image size of job updated: 160496
	8  -  MemoryUsage of job (MB)
	7776  -  ResidentSetSize of job (KB)
...
040 (10252907.4690.000) 07/24 18:21:08 Started transferring output files
...
040 (10252907.4690.000) 07/24 18:21:08 Finished transferring output files
...
005 (10252907.4690.000) 07/24 18:21:09 Job terminated.
	(1) Normal termination (return value 0)
		Usr 0 00:00:03, Sys 0 00:00:00  -  Run Remote Usage
		Usr 0 00:00:00, Sys 0 00:00:00  -  Run Local Usage
		Usr 0 00:00:03, Sys 0 00:00:00  -  Total Remote Usage
		Usr 0 00:00:00, Sys 0 00:00:00  -  Total Local Usage
	6204  -  Run Bytes Sent By Job
	409597  -  Run Bytes Received By Job
	6204  -  Total Bytes Sent By Job
	409597  -  Total Bytes Received By Job
	Partitionable Resources :    Usage  Request Allocated 
	   Cpus                 :        0        8         8 
	   Disk (KB)            :      428      425   2762078 
	   Memory (MB)          :        8    16000     16000 

	Job terminated of its own accord at 2024-07-24T16:21:08Z with exit-code 0.
...
040 (10252908.4690.000) 07/24 19:25:30 Started transferring input files
	Transferring to host: <188.185.206.220:9618?addrs=188.185.206.220-9618&alias=b9p06p0934.cern.ch&noUDP&sock=slot1_16_17773_6fac_155373>
...
040 (10252908.4690.000) 07/24 19:25:30 Finished transferring input files
...
001 (10252908.4690.000) 07/24 19:25:31 Job executing on host: <188.185.206.220:9618?addrs=188.185.206.220-9618&alias=b9p06p0934.cern.ch&noUDP&sock=startd_16758_2c2f>
	SlotName: slot1_16@b9p06p0934.cern.ch
	CondorScratchDir = "/pool/condor/dir_1418297"
	Cpus = 8
	Disk = 2573051
	Memory = 16000
...
006 (10252908.4690.000) 07/24 19:25:35 Image size of job updated: 160704
	9  -  MemoryUsage of job (MB)
	8296  -  ResidentSetSize of job (KB)
...
040 (10252908.4690.000) 07/24 19:25:35 Started transferring output files
...
040 (10252908.4690.000) 07/24 19:25:35 Finished transferring output files
...
005 (10252908.4690.000) 07/24 19:25:35 Job terminated.
	(1) Normal termination (return value 0)
		Usr 0 00:00:03, Sys 0 00:00:00  -  Run Remote Usage
		Usr 0 00:00:00, Sys 0 00:00:00  -  Run Local Usage
		Usr 0 00:00:03, Sys 0 00:00:00  -  Total Remote Usage
		Usr 0 00:00:00, Sys 0 00:00:00  -  Total Local Usage
	6204  -  Run Bytes Sent By Job
	409597  -  Run Bytes Received By Job
	6204  -  Total Bytes Sent By Job
	409597  -  Total Bytes Received By Job
	Partitionable Resources :    Usage  Request Allocated 
	   Cpus                 :        0        8         8 
	   Disk (KB)            :      428      425   2573051 
	   Memory (MB)          :        9    16000     16000 

	Job terminated of its own accord at 2024-07-24T17:25:35Z with exit-code 0.
...
040 (10252909.4690.000) 07/24 20:22:23 Started transferring input files
	Transferring to host: <188.185.207.175:9618?addrs=188.185.207.175-9618+[2001-1458-303-e--100-2c]-9618&alias=b9p08p6650.cern.ch&noUDP&sock=slot1_2_2053062_a858_99279>
...
040 (10252909.4690.000) 07/24 20:22:23 Finished transferring input files
...
001 (10252909.4690.000) 07/24 20:22:24 Job executing on host: <188.185.207.175:9618?addrs=188.185.207.175-9618+[2001-1458-303-e--100-2c]-9618&alias=b9p08p6650.cern.ch&noUDP&sock=startd_2053021_38b5>
	SlotName: slot1_2@b9p08p6650.cern.ch
	CondorScratchDir = "/pool/condor/dir_1860113"
	Cpus = 8
	Disk = 2546137
	Memory = 16000
...
006 (10252909.4690.000) 07/24 20:22:30 Image size of job updated: 164824
	10  -  MemoryUsage of job (MB)
	9596  -  ResidentSetSize of job (KB)
...
040 (10252909.4690.000) 07/24 20:22:30 Started transferring output files
...
040 (10252909.4690.000) 07/24 20:22:30 Finished transferring output files
...
005 (10252909.4690.000) 07/24 20:22:30 Job terminated.
	(1) Normal termination (return value 0)
		Usr 0 00:00:04, Sys 0 00:00:00  -  Run Remote Usage
		Usr 0 00:00:00, Sys 0 00:00:00  -  Run Local Usage
		Usr 0 00:00:04, Sys 0 00:00:00  -  Total Remote Usage
		Usr 0 00:00:00, Sys 0 00:00:00  -  Total Local Usage
	6204  -  Run Bytes Sent By Job
	409597  -  Run Bytes Received By Job
	6204  -  Total Bytes Sent By Job
	409597  -  Total Bytes Received By Job
	Partitionable Resources :    Usage  Request Allocated 
	   Cpus                 :        0        8         8 
	   Disk (KB)            :      431      425   2546137 
	   Memory (MB)          :       10    16000     16000 

	Job terminated of its own accord at 2024-07-24T18:22:30Z with exit-code 0.
...
000 (10261715.4690.000) 07/25 13:03:15 Job submitted from host: <188.185.114.121:9618?addrs=188.185.114.121-9618+[2001-1458-d00-a--100-273]-9618&alias=bigbird19.cern.ch&noUDP&sock=schedd_4961_696e>
...
009 (10261715.4690.000) 07/25 13:07:00 Job was aborted.
	via condor_rm (by user yelberke)
...
000 (10261767.4690.000) 07/25 13:20:41 Job submitted from host: <188.185.114.121:9618?addrs=188.185.114.121-9618+[2001-1458-d00-a--100-273]-9618&alias=bigbird19.cern.ch&noUDP&sock=schedd_4961_696e>
...
040 (10261767.4690.000) 07/25 14:47:33 Started transferring input files
	Transferring to host: <188.185.205.208:9618?addrs=188.185.205.208-9618&alias=b9p04p9301.cern.ch&noUDP&sock=slot1_8_6907_5b32_158055>
...
040 (10261767.4690.000) 07/25 14:47:33 Finished transferring input files
...
001 (10261767.4690.000) 07/25 14:47:34 Job executing on host: <188.185.205.208:9618?addrs=188.185.205.208-9618&alias=b9p04p9301.cern.ch&noUDP&sock=startd_6839_904a>
	SlotName: slot1_8@b9p04p9301.cern.ch
	CondorScratchDir = "/pool/condor/dir_3343095"
	Cpus = 12
	Disk = 2947432
	Memory = 24000
...
006 (10261767.4690.000) 07/25 14:47:38 Image size of job updated: 161524
	8  -  MemoryUsage of job (MB)
	7576  -  ResidentSetSize of job (KB)
...
040 (10261767.4690.000) 07/25 14:47:38 Started transferring output files
...
040 (10261767.4690.000) 07/25 14:47:38 Finished transferring output files
...
005 (10261767.4690.000) 07/25 14:47:38 Job terminated.
	(1) Normal termination (return value 0)
		Usr 0 00:00:03, Sys 0 00:00:00  -  Run Remote Usage
		Usr 0 00:00:00, Sys 0 00:00:00  -  Run Local Usage
		Usr 0 00:00:03, Sys 0 00:00:00  -  Total Remote Usage
		Usr 0 00:00:00, Sys 0 00:00:00  -  Total Local Usage
	6676  -  Run Bytes Sent By Job
	409597  -  Run Bytes Received By Job
	6676  -  Total Bytes Sent By Job
	409597  -  Total Bytes Received By Job
	Partitionable Resources :    Usage  Request Allocated 
	   Cpus                 :        0       12        12 
	   Disk (KB)            :      428      425   2947432 
	   Memory (MB)          :        8    24000     24000 

	Job terminated of its own accord at 2024-07-25T12:47:38Z with exit-code 0.
...
000 (10284266.4690.000) 08/02 15:47:00 Job submitted from host: <188.185.114.121:9618?addrs=188.185.114.121-9618+[2001-1458-d00-a--100-273]-9618&alias=bigbird19.cern.ch&noUDP&sock=schedd_4961_696e>
...
000 (10284267.4690.000) 08/02 15:50:12 Job submitted from host: <188.185.114.121:9618?addrs=188.185.114.121-9618+[2001-1458-d00-a--100-273]-9618&alias=bigbird19.cern.ch&noUDP&sock=schedd_4961_696e>
...
009 (10284266.4690.000) 08/02 15:50:37 Job was aborted.
	via condor_rm (by user yelberke)
...
040 (10284267.4690.000) 08/02 17:03:08 Started transferring input files
	Transferring to host: <188.185.192.134:9618?addrs=188.185.192.134-9618+[2001-1458-303-1f--100-82]-9618&alias=b9p13p2670.cern.ch&noUDP&sock=slot1_3_944424_e4fe_139>
...
040 (10284267.4690.000) 08/02 17:03:08 Finished transferring input files
...
001 (10284267.4690.000) 08/02 17:03:09 Job executing on host: <188.185.192.134:9618?addrs=188.185.192.134-9618+[2001-1458-303-1f--100-82]-9618&alias=b9p13p2670.cern.ch&noUDP&sock=startd_128714_ad2f>
	SlotName: slot1_3@b9p13p2670.cern.ch
	CondorScratchDir = "/pool/condor/dir_1198507"
	Cpus = 12
	Disk = 2540844
	Memory = 24000
...
006 (10284267.4690.000) 08/02 17:03:11 Image size of job updated: 312776
	4  -  MemoryUsage of job (MB)
	4032  -  ResidentSetSize of job (KB)
...
040 (10284267.4690.000) 08/02 17:03:11 Started transferring output files
...
040 (10284267.4690.000) 08/02 17:03:11 Finished transferring output files
...
005 (10284267.4690.000) 08/02 17:03:11 Job terminated.
	(1) Normal termination (return value 139)
		Usr 0 00:00:02, Sys 0 00:00:00  -  Run Remote Usage
		Usr 0 00:00:00, Sys 0 00:00:00  -  Run Local Usage
		Usr 0 00:00:02, Sys 0 00:00:00  -  Total Remote Usage
		Usr 0 00:00:00, Sys 0 00:00:00  -  Total Local Usage
	7696  -  Run Bytes Sent By Job
	409597  -  Run Bytes Received By Job
	7696  -  Total Bytes Sent By Job
	409597  -  Total Bytes Received By Job
	Partitionable Resources :    Usage  Request Allocated 
	   Cpus                 :     0.05       12        12 
	   Disk (KB)            :   429         425   2540844 
	   Memory (MB)          :     4       24000     24000 

	Job terminated of its own accord at 2024-08-02T15:03:11Z with exit-code 139.
...
