000 (10252905.4706.000) 07/24 16:13:21 Job submitted from host: <188.185.114.121:9618?addrs=188.185.114.121-9618+[2001-1458-d00-a--100-273]-9618&alias=bigbird19.cern.ch&noUDP&sock=schedd_4961_696e>
...
009 (10252905.4706.000) 07/24 16:14:51 Job was aborted.
	via condor_rm (by user yelberke)
...
000 (10252906.4706.000) 07/24 16:15:40 Job submitted from host: <188.185.114.121:9618?addrs=188.185.114.121-9618+[2001-1458-d00-a--100-273]-9618&alias=bigbird19.cern.ch&noUDP&sock=schedd_4961_696e>
...
000 (10252907.4706.000) 07/24 16:17:34 Job submitted from host: <188.185.114.121:9618?addrs=188.185.114.121-9618+[2001-1458-d00-a--100-273]-9618&alias=bigbird19.cern.ch&noUDP&sock=schedd_4961_696e>
...
000 (10252908.4706.000) 07/24 16:18:07 Job submitted from host: <188.185.114.121:9618?addrs=188.185.114.121-9618+[2001-1458-d00-a--100-273]-9618&alias=bigbird19.cern.ch&noUDP&sock=schedd_4961_696e>
...
000 (10252909.4706.000) 07/24 16:18:43 Job submitted from host: <188.185.114.121:9618?addrs=188.185.114.121-9618+[2001-1458-d00-a--100-273]-9618&alias=bigbird19.cern.ch&noUDP&sock=schedd_4961_696e>
...
040 (10252906.4706.000) 07/24 17:11:04 Started transferring input files
	Transferring to host: <188.185.205.148:9618?addrs=188.185.205.148-9618+[2001-1458-303-a--100-11]-9618&alias=b9p04p8584.cern.ch&noUDP&sock=slot1_26_6904_3e12_155162>
...
040 (10252906.4706.000) 07/24 17:11:04 Finished transferring input files
...
001 (10252906.4706.000) 07/24 17:11:05 Job executing on host: <188.185.205.148:9618?addrs=188.185.205.148-9618+[2001-1458-303-a--100-11]-9618&alias=b9p04p8584.cern.ch&noUDP&sock=startd_6804_8e79>
	SlotName: slot1_26@b9p04p8584.cern.ch
	CondorScratchDir = "/pool/condor/dir_1531596"
	Cpus = 8
	Disk = 2396293
	Memory = 16000
...
006 (10252906.4706.000) 07/24 17:11:09 Image size of job updated: 160972
	9  -  MemoryUsage of job (MB)
	8528  -  ResidentSetSize of job (KB)
...
040 (10252906.4706.000) 07/24 17:11:09 Started transferring output files
...
040 (10252906.4706.000) 07/24 17:11:09 Finished transferring output files
...
005 (10252906.4706.000) 07/24 17:11:09 Job terminated.
	(1) Normal termination (return value 0)
		Usr 0 00:00:03, Sys 0 00:00:00  -  Run Remote Usage
		Usr 0 00:00:00, Sys 0 00:00:00  -  Run Local Usage
		Usr 0 00:00:03, Sys 0 00:00:00  -  Total Remote Usage
		Usr 0 00:00:00, Sys 0 00:00:00  -  Total Local Usage
	6201  -  Run Bytes Sent By Job
	409597  -  Run Bytes Received By Job
	6201  -  Total Bytes Sent By Job
	409597  -  Total Bytes Received By Job
	Partitionable Resources :    Usage  Request Allocated 
	   Cpus                 :        0        8         8 
	   Disk (KB)            :      428      425   2396293 
	   Memory (MB)          :        9    16000     16000 

	Job terminated of its own accord at 2024-07-24T15:11:09Z with exit-code 0.
...
040 (10252907.4706.000) 07/24 18:21:10 Started transferring input files
	Transferring to host: <188.185.205.156:9618?addrs=188.185.205.156-9618+[2001-1458-303-a--100-19]-9618&alias=b9p04p7474.cern.ch&noUDP&sock=slot1_3_6865_c370_82910>
...
040 (10252907.4706.000) 07/24 18:21:11 Finished transferring input files
...
001 (10252907.4706.000) 07/24 18:21:12 Job executing on host: <188.185.205.156:9618?addrs=188.185.205.156-9618+[2001-1458-303-a--100-19]-9618&alias=b9p04p7474.cern.ch&noUDP&sock=startd_5583_0d56>
	SlotName: slot1_3@b9p04p7474.cern.ch
	CondorScratchDir = "/pool/condor/dir_1796157"
	Cpus = 8
	Disk = 2697887
	Memory = 16000
...
006 (10252907.4706.000) 07/24 18:21:17 Image size of job updated: 158912
	7  -  MemoryUsage of job (MB)
	6604  -  ResidentSetSize of job (KB)
...
040 (10252907.4706.000) 07/24 18:21:17 Started transferring output files
...
040 (10252907.4706.000) 07/24 18:21:17 Finished transferring output files
...
005 (10252907.4706.000) 07/24 18:21:17 Job terminated.
	(1) Normal termination (return value 0)
		Usr 0 00:00:04, Sys 0 00:00:00  -  Run Remote Usage
		Usr 0 00:00:00, Sys 0 00:00:00  -  Run Local Usage
		Usr 0 00:00:04, Sys 0 00:00:00  -  Total Remote Usage
		Usr 0 00:00:00, Sys 0 00:00:00  -  Total Local Usage
	6204  -  Run Bytes Sent By Job
	409597  -  Run Bytes Received By Job
	6204  -  Total Bytes Sent By Job
	409597  -  Total Bytes Received By Job
	Partitionable Resources :    Usage  Request Allocated 
	   Cpus                 :        0        8         8 
	   Disk (KB)            :      428      425   2697887 
	   Memory (MB)          :        7    16000     16000 

	Job terminated of its own accord at 2024-07-24T16:21:17Z with exit-code 0.
...
040 (10252908.4706.000) 07/24 19:25:36 Started transferring input files
	Transferring to host: <188.185.206.183:9618?addrs=188.185.206.183-9618&alias=b9p06p2267.cern.ch&noUDP&sock=slot1_12_6899_b832_156702>
...
040 (10252908.4706.000) 07/24 19:25:36 Finished transferring input files
...
001 (10252908.4706.000) 07/24 19:25:37 Job executing on host: <188.185.206.183:9618?addrs=188.185.206.183-9618&alias=b9p06p2267.cern.ch&noUDP&sock=startd_6833_72b8>
	SlotName: slot1_12@b9p06p2267.cern.ch
	CondorScratchDir = "/pool/condor/dir_2507769"
	Cpus = 8
	Disk = 2767958
	Memory = 16000
...
006 (10252908.4706.000) 07/24 19:25:41 Image size of job updated: 159664
	8  -  MemoryUsage of job (MB)
	7520  -  ResidentSetSize of job (KB)
...
040 (10252908.4706.000) 07/24 19:25:41 Started transferring output files
...
040 (10252908.4706.000) 07/24 19:25:41 Finished transferring output files
...
005 (10252908.4706.000) 07/24 19:25:41 Job terminated.
	(1) Normal termination (return value 0)
		Usr 0 00:00:03, Sys 0 00:00:00  -  Run Remote Usage
		Usr 0 00:00:00, Sys 0 00:00:00  -  Run Local Usage
		Usr 0 00:00:03, Sys 0 00:00:00  -  Total Remote Usage
		Usr 0 00:00:00, Sys 0 00:00:00  -  Total Local Usage
	6204  -  Run Bytes Sent By Job
	409597  -  Run Bytes Received By Job
	6204  -  Total Bytes Sent By Job
	409597  -  Total Bytes Received By Job
	Partitionable Resources :    Usage  Request Allocated 
	   Cpus                 :        0        8         8 
	   Disk (KB)            :      428      425   2767958 
	   Memory (MB)          :        8    16000     16000 

	Job terminated of its own accord at 2024-07-24T17:25:41Z with exit-code 0.
...
040 (10252909.4706.000) 07/24 20:22:28 Started transferring input files
	Transferring to host: <188.185.205.16:9618?addrs=188.185.205.16-9618+[2001-1458-303-9--100-84]-9618&alias=b9p03p3056.cern.ch&noUDP&sock=slot1_22_7988_04be_30898>
...
040 (10252909.4706.000) 07/24 20:22:28 Finished transferring input files
...
001 (10252909.4706.000) 07/24 20:22:29 Job executing on host: <188.185.205.16:9618?addrs=188.185.205.16-9618+[2001-1458-303-9--100-84]-9618&alias=b9p03p3056.cern.ch&noUDP&sock=startd_6983_55ed>
	SlotName: slot1_22@b9p03p3056.cern.ch
	CondorScratchDir = "/pool/condor/dir_1613338"
	Cpus = 8
	Disk = 2832965
	Memory = 16000
...
006 (10252909.4706.000) 07/24 20:22:34 Image size of job updated: 163088
	11  -  MemoryUsage of job (MB)
	10344  -  ResidentSetSize of job (KB)
...
040 (10252909.4706.000) 07/24 20:22:34 Started transferring output files
...
040 (10252909.4706.000) 07/24 20:22:34 Finished transferring output files
...
005 (10252909.4706.000) 07/24 20:22:34 Job terminated.
	(1) Normal termination (return value 0)
		Usr 0 00:00:03, Sys 0 00:00:00  -  Run Remote Usage
		Usr 0 00:00:00, Sys 0 00:00:00  -  Run Local Usage
		Usr 0 00:00:03, Sys 0 00:00:00  -  Total Remote Usage
		Usr 0 00:00:00, Sys 0 00:00:00  -  Total Local Usage
	6204  -  Run Bytes Sent By Job
	409597  -  Run Bytes Received By Job
	6204  -  Total Bytes Sent By Job
	409597  -  Total Bytes Received By Job
	Partitionable Resources :    Usage  Request Allocated 
	   Cpus                 :                 8         8 
	   Disk (KB)            :      420      425   2832965 
	   Memory (MB)          :       11    16000     16000 

	Job terminated of its own accord at 2024-07-24T18:22:34Z with exit-code 0.
...
000 (10261715.4706.000) 07/25 13:03:15 Job submitted from host: <188.185.114.121:9618?addrs=188.185.114.121-9618+[2001-1458-d00-a--100-273]-9618&alias=bigbird19.cern.ch&noUDP&sock=schedd_4961_696e>
...
009 (10261715.4706.000) 07/25 13:07:00 Job was aborted.
	via condor_rm (by user yelberke)
...
000 (10261767.4706.000) 07/25 13:20:41 Job submitted from host: <188.185.114.121:9618?addrs=188.185.114.121-9618+[2001-1458-d00-a--100-273]-9618&alias=bigbird19.cern.ch&noUDP&sock=schedd_4961_696e>
...
040 (10261767.4706.000) 07/25 14:47:42 Started transferring input files
	Transferring to host: <188.185.205.208:9618?addrs=188.185.205.208-9618&alias=b9p04p9301.cern.ch&noUDP&sock=slot1_12_6907_5b32_158057>
...
040 (10261767.4706.000) 07/25 14:47:42 Finished transferring input files
...
001 (10261767.4706.000) 07/25 14:47:43 Job executing on host: <188.185.205.208:9618?addrs=188.185.205.208-9618&alias=b9p04p9301.cern.ch&noUDP&sock=startd_6839_904a>
	SlotName: slot1_12@b9p04p9301.cern.ch
	CondorScratchDir = "/pool/condor/dir_3355048"
	Cpus = 12
	Disk = 2947398
	Memory = 24000
...
006 (10261767.4706.000) 07/25 14:47:47 Image size of job updated: 160856
	7  -  MemoryUsage of job (MB)
	6652  -  ResidentSetSize of job (KB)
...
040 (10261767.4706.000) 07/25 14:47:47 Started transferring output files
...
040 (10261767.4706.000) 07/25 14:47:47 Finished transferring output files
...
005 (10261767.4706.000) 07/25 14:47:47 Job terminated.
	(1) Normal termination (return value 0)
		Usr 0 00:00:03, Sys 0 00:00:00  -  Run Remote Usage
		Usr 0 00:00:00, Sys 0 00:00:00  -  Run Local Usage
		Usr 0 00:00:03, Sys 0 00:00:00  -  Total Remote Usage
		Usr 0 00:00:00, Sys 0 00:00:00  -  Total Local Usage
	6676  -  Run Bytes Sent By Job
	409597  -  Run Bytes Received By Job
	6676  -  Total Bytes Sent By Job
	409597  -  Total Bytes Received By Job
	Partitionable Resources :    Usage  Request Allocated 
	   Cpus                 :        0       12        12 
	   Disk (KB)            :      428      425   2947398 
	   Memory (MB)          :        7    24000     24000 

	Job terminated of its own accord at 2024-07-25T12:47:47Z with exit-code 0.
...
000 (10284266.4706.000) 08/02 15:47:01 Job submitted from host: <188.185.114.121:9618?addrs=188.185.114.121-9618+[2001-1458-d00-a--100-273]-9618&alias=bigbird19.cern.ch&noUDP&sock=schedd_4961_696e>
...
000 (10284267.4706.000) 08/02 15:50:12 Job submitted from host: <188.185.114.121:9618?addrs=188.185.114.121-9618+[2001-1458-d00-a--100-273]-9618&alias=bigbird19.cern.ch&noUDP&sock=schedd_4961_696e>
...
009 (10284266.4706.000) 08/02 15:50:37 Job was aborted.
	via condor_rm (by user yelberke)
...
040 (10284267.4706.000) 08/02 17:03:13 Started transferring input files
	Transferring to host: <188.185.204.192:9618?addrs=188.185.204.192-9618+[2001-1458-303-8--100-b4]-9618&alias=b9p02p2177.cern.ch&noUDP&sock=slot1_14_5286_3710_171479>
...
040 (10284267.4706.000) 08/02 17:03:13 Finished transferring input files
...
001 (10284267.4706.000) 08/02 17:03:14 Job executing on host: <188.185.204.192:9618?addrs=188.185.204.192-9618+[2001-1458-303-8--100-b4]-9618&alias=b9p02p2177.cern.ch&noUDP&sock=startd_4793_2d85>
	SlotName: slot1_14@b9p02p2177.cern.ch
	CondorScratchDir = "/pool/condor/dir_212561"
	Cpus = 12
	Disk = 2809554
	Memory = 24000
...
006 (10284267.4706.000) 08/02 17:03:16 Image size of job updated: 326284
	6  -  MemoryUsage of job (MB)
	5304  -  ResidentSetSize of job (KB)
...
040 (10284267.4706.000) 08/02 17:03:16 Started transferring output files
...
040 (10284267.4706.000) 08/02 17:03:16 Finished transferring output files
...
005 (10284267.4706.000) 08/02 17:03:16 Job terminated.
	(1) Normal termination (return value 139)
		Usr 0 00:00:01, Sys 0 00:00:01  -  Run Remote Usage
		Usr 0 00:00:00, Sys 0 00:00:00  -  Run Local Usage
		Usr 0 00:00:01, Sys 0 00:00:01  -  Total Remote Usage
		Usr 0 00:00:00, Sys 0 00:00:00  -  Total Local Usage
	7696  -  Run Bytes Sent By Job
	409597  -  Run Bytes Received By Job
	7696  -  Total Bytes Sent By Job
	409597  -  Total Bytes Received By Job
	Partitionable Resources :    Usage  Request Allocated 
	   Cpus                 :        0       12        12 
	   Disk (KB)            :      429      425   2809554 
	   Memory (MB)          :        6    24000     24000 

	Job terminated of its own accord at 2024-08-02T15:03:16Z with exit-code 139.
...
