000 (10252905.4731.000) 07/24 16:13:21 Job submitted from host: <188.185.114.121:9618?addrs=188.185.114.121-9618+[2001-1458-d00-a--100-273]-9618&alias=bigbird19.cern.ch&noUDP&sock=schedd_4961_696e>
...
009 (10252905.4731.000) 07/24 16:14:51 Job was aborted.
	via condor_rm (by user yelberke)
...
000 (10252906.4731.000) 07/24 16:15:40 Job submitted from host: <188.185.114.121:9618?addrs=188.185.114.121-9618+[2001-1458-d00-a--100-273]-9618&alias=bigbird19.cern.ch&noUDP&sock=schedd_4961_696e>
...
000 (10252907.4731.000) 07/24 16:17:34 Job submitted from host: <188.185.114.121:9618?addrs=188.185.114.121-9618+[2001-1458-d00-a--100-273]-9618&alias=bigbird19.cern.ch&noUDP&sock=schedd_4961_696e>
...
000 (10252908.4731.000) 07/24 16:18:07 Job submitted from host: <188.185.114.121:9618?addrs=188.185.114.121-9618+[2001-1458-d00-a--100-273]-9618&alias=bigbird19.cern.ch&noUDP&sock=schedd_4961_696e>
...
000 (10252909.4731.000) 07/24 16:18:43 Job submitted from host: <188.185.114.121:9618?addrs=188.185.114.121-9618+[2001-1458-d00-a--100-273]-9618&alias=bigbird19.cern.ch&noUDP&sock=schedd_4961_696e>
...
040 (10252906.4731.000) 07/24 17:11:12 Started transferring input files
	Transferring to host: <188.185.194.99:9618?addrs=188.185.194.99-9618+[2001-1458-303-21--100-5f]-9618&alias=b9p20p0210.cern.ch&noUDP&sock=slot1_11_187749_e7ac_24893>
...
040 (10252906.4731.000) 07/24 17:11:12 Finished transferring input files
...
001 (10252906.4731.000) 07/24 17:11:13 Job executing on host: <188.185.194.99:9618?addrs=188.185.194.99-9618+[2001-1458-303-21--100-5f]-9618&alias=b9p20p0210.cern.ch&noUDP&sock=startd_178093_9036>
	SlotName: slot1_11@b9p20p0210.cern.ch
	CondorScratchDir = "/pool/condor/dir_440787"
	Cpus = 8
	Disk = 2905557
	Memory = 16000
...
006 (10252906.4731.000) 07/24 17:11:20 Image size of job updated: 158696
	8  -  MemoryUsage of job (MB)
	7508  -  ResidentSetSize of job (KB)
...
040 (10252906.4731.000) 07/24 17:11:20 Started transferring output files
...
040 (10252906.4731.000) 07/24 17:11:20 Finished transferring output files
...
005 (10252906.4731.000) 07/24 17:11:20 Job terminated.
	(1) Normal termination (return value 0)
		Usr 0 00:00:05, Sys 0 00:00:00  -  Run Remote Usage
		Usr 0 00:00:00, Sys 0 00:00:00  -  Run Local Usage
		Usr 0 00:00:05, Sys 0 00:00:00  -  Total Remote Usage
		Usr 0 00:00:00, Sys 0 00:00:00  -  Total Local Usage
	6201  -  Run Bytes Sent By Job
	409597  -  Run Bytes Received By Job
	6201  -  Total Bytes Sent By Job
	409597  -  Total Bytes Received By Job
	Partitionable Resources :    Usage  Request Allocated 
	   Cpus                 :        0        8         8 
	   Disk (KB)            :      428      425   2905557 
	   Memory (MB)          :        8    16000     16000 

	Job terminated of its own accord at 2024-07-24T15:11:19Z with exit-code 0.
...
040 (10252907.4731.000) 07/24 18:21:19 Started transferring input files
	Transferring to host: <188.185.207.194:9618?addrs=188.185.207.194-9618+[2001-1458-303-e--100-3f]-9618&alias=b9p08p0289.cern.ch&noUDP&sock=slot1_8_8167_23e5_143098>
...
040 (10252907.4731.000) 07/24 18:21:19 Finished transferring input files
...
001 (10252907.4731.000) 07/24 18:21:20 Job executing on host: <188.185.207.194:9618?addrs=188.185.207.194-9618+[2001-1458-303-e--100-3f]-9618&alias=b9p08p0289.cern.ch&noUDP&sock=startd_6834_2250>
	SlotName: slot1_8@b9p08p0289.cern.ch
	CondorScratchDir = "/pool/condor/dir_401009"
	Cpus = 8
	Disk = 2717986
	Memory = 16000
...
006 (10252907.4731.000) 07/24 18:21:25 Image size of job updated: 184000
	33  -  MemoryUsage of job (MB)
	33212  -  ResidentSetSize of job (KB)
...
040 (10252907.4731.000) 07/24 18:21:25 Started transferring output files
...
040 (10252907.4731.000) 07/24 18:21:25 Finished transferring output files
...
005 (10252907.4731.000) 07/24 18:21:25 Job terminated.
	(1) Normal termination (return value 0)
		Usr 0 00:00:03, Sys 0 00:00:00  -  Run Remote Usage
		Usr 0 00:00:00, Sys 0 00:00:00  -  Run Local Usage
		Usr 0 00:00:03, Sys 0 00:00:00  -  Total Remote Usage
		Usr 0 00:00:00, Sys 0 00:00:00  -  Total Local Usage
	6204  -  Run Bytes Sent By Job
	409597  -  Run Bytes Received By Job
	6204  -  Total Bytes Sent By Job
	409597  -  Total Bytes Received By Job
	Partitionable Resources :    Usage  Request Allocated 
	   Cpus                 :        0        8         8 
	   Disk (KB)            :      428      425   2717986 
	   Memory (MB)          :       33    16000     16000 

	Job terminated of its own accord at 2024-07-24T16:21:25Z with exit-code 0.
...
040 (10252908.4731.000) 07/24 19:25:43 Started transferring input files
	Transferring to host: <188.185.206.175:9618?addrs=188.185.206.175-9618&alias=b9p06p7955.cern.ch&noUDP&sock=slot1_17_7362_f1e4_154980>
...
040 (10252908.4731.000) 07/24 19:25:43 Finished transferring input files
...
001 (10252908.4731.000) 07/24 19:25:44 Job executing on host: <188.185.206.175:9618?addrs=188.185.206.175-9618&alias=b9p06p7955.cern.ch&noUDP&sock=startd_7297_b6aa>
	SlotName: slot1_17@b9p06p7955.cern.ch
	CondorScratchDir = "/pool/condor/dir_3814863"
	Cpus = 8
	Disk = 2748475
	Memory = 16000
...
006 (10252908.4731.000) 07/24 19:25:48 Image size of job updated: 159900
	8  -  MemoryUsage of job (MB)
	7476  -  ResidentSetSize of job (KB)
...
040 (10252908.4731.000) 07/24 19:25:48 Started transferring output files
...
040 (10252908.4731.000) 07/24 19:25:48 Finished transferring output files
...
005 (10252908.4731.000) 07/24 19:25:48 Job terminated.
	(1) Normal termination (return value 0)
		Usr 0 00:00:03, Sys 0 00:00:00  -  Run Remote Usage
		Usr 0 00:00:00, Sys 0 00:00:00  -  Run Local Usage
		Usr 0 00:00:03, Sys 0 00:00:00  -  Total Remote Usage
		Usr 0 00:00:00, Sys 0 00:00:00  -  Total Local Usage
	6204  -  Run Bytes Sent By Job
	409597  -  Run Bytes Received By Job
	6204  -  Total Bytes Sent By Job
	409597  -  Total Bytes Received By Job
	Partitionable Resources :    Usage  Request Allocated 
	   Cpus                 :        0        8         8 
	   Disk (KB)            :      427      425   2748475 
	   Memory (MB)          :        8    16000     16000 

	Job terminated of its own accord at 2024-07-24T17:25:48Z with exit-code 0.
...
040 (10252909.4731.000) 07/24 20:22:37 Started transferring input files
	Transferring to host: <188.185.205.208:9618?addrs=188.185.205.208-9618&alias=b9p04p9301.cern.ch&noUDP&sock=slot1_24_6907_5b32_157031>
...
040 (10252909.4731.000) 07/24 20:22:37 Finished transferring input files
...
001 (10252909.4731.000) 07/24 20:22:38 Job executing on host: <188.185.205.208:9618?addrs=188.185.205.208-9618&alias=b9p04p9301.cern.ch&noUDP&sock=startd_6839_904a>
	SlotName: slot1_24@b9p04p9301.cern.ch
	CondorScratchDir = "/pool/condor/dir_3734615"
	Cpus = 8
	Disk = 2633660
	Memory = 16000
...
006 (10252909.4731.000) 07/24 20:22:43 Image size of job updated: 160808
	10  -  MemoryUsage of job (MB)
	9876  -  ResidentSetSize of job (KB)
...
040 (10252909.4731.000) 07/24 20:22:43 Started transferring output files
...
040 (10252909.4731.000) 07/24 20:22:43 Finished transferring output files
...
005 (10252909.4731.000) 07/24 20:22:43 Job terminated.
	(1) Normal termination (return value 0)
		Usr 0 00:00:04, Sys 0 00:00:00  -  Run Remote Usage
		Usr 0 00:00:00, Sys 0 00:00:00  -  Run Local Usage
		Usr 0 00:00:04, Sys 0 00:00:00  -  Total Remote Usage
		Usr 0 00:00:00, Sys 0 00:00:00  -  Total Local Usage
	6204  -  Run Bytes Sent By Job
	409597  -  Run Bytes Received By Job
	6204  -  Total Bytes Sent By Job
	409597  -  Total Bytes Received By Job
	Partitionable Resources :    Usage  Request Allocated 
	   Cpus                 :        0        8         8 
	   Disk (KB)            :      428      425   2633660 
	   Memory (MB)          :       10    16000     16000 

	Job terminated of its own accord at 2024-07-24T18:22:43Z with exit-code 0.
...
000 (10261715.4731.000) 07/25 13:03:15 Job submitted from host: <188.185.114.121:9618?addrs=188.185.114.121-9618+[2001-1458-d00-a--100-273]-9618&alias=bigbird19.cern.ch&noUDP&sock=schedd_4961_696e>
...
009 (10261715.4731.000) 07/25 13:07:00 Job was aborted.
	via condor_rm (by user yelberke)
...
000 (10261767.4731.000) 07/25 13:20:41 Job submitted from host: <188.185.114.121:9618?addrs=188.185.114.121-9618+[2001-1458-d00-a--100-273]-9618&alias=bigbird19.cern.ch&noUDP&sock=schedd_4961_696e>
...
040 (10261767.4731.000) 07/25 14:47:49 Started transferring input files
	Transferring to host: <188.185.208.68:9618?addrs=188.185.208.68-9618+[2001-1458-303-f--100-41]-9618&alias=b9p09p2759.cern.ch&noUDP&sock=slot1_7_6343_f79b_143816>
...
040 (10261767.4731.000) 07/25 14:47:49 Finished transferring input files
...
001 (10261767.4731.000) 07/25 14:47:50 Job executing on host: <188.185.208.68:9618?addrs=188.185.208.68-9618+[2001-1458-303-f--100-41]-9618&alias=b9p09p2759.cern.ch&noUDP&sock=startd_5176_e24a>
	SlotName: slot1_7@b9p09p2759.cern.ch
	CondorScratchDir = "/pool/condor/dir_57781"
	Cpus = 12
	Disk = 2882510
	Memory = 24000
...
006 (10261767.4731.000) 07/25 14:47:54 Image size of job updated: 161276
	8  -  MemoryUsage of job (MB)
	7232  -  ResidentSetSize of job (KB)
...
040 (10261767.4731.000) 07/25 14:47:54 Started transferring output files
...
040 (10261767.4731.000) 07/25 14:47:55 Finished transferring output files
...
005 (10261767.4731.000) 07/25 14:47:55 Job terminated.
	(1) Normal termination (return value 0)
		Usr 0 00:00:03, Sys 0 00:00:00  -  Run Remote Usage
		Usr 0 00:00:00, Sys 0 00:00:00  -  Run Local Usage
		Usr 0 00:00:03, Sys 0 00:00:00  -  Total Remote Usage
		Usr 0 00:00:00, Sys 0 00:00:00  -  Total Local Usage
	6676  -  Run Bytes Sent By Job
	409597  -  Run Bytes Received By Job
	6676  -  Total Bytes Sent By Job
	409597  -  Total Bytes Received By Job
	Partitionable Resources :    Usage  Request Allocated 
	   Cpus                 :        0       12        12 
	   Disk (KB)            :      429      425   2882510 
	   Memory (MB)          :        8    24000     24000 

	Job terminated of its own accord at 2024-07-25T12:47:54Z with exit-code 0.
...
000 (10284266.4731.000) 08/02 15:47:01 Job submitted from host: <188.185.114.121:9618?addrs=188.185.114.121-9618+[2001-1458-d00-a--100-273]-9618&alias=bigbird19.cern.ch&noUDP&sock=schedd_4961_696e>
...
000 (10284267.4731.000) 08/02 15:50:12 Job submitted from host: <188.185.114.121:9618?addrs=188.185.114.121-9618+[2001-1458-d00-a--100-273]-9618&alias=bigbird19.cern.ch&noUDP&sock=schedd_4961_696e>
...
009 (10284266.4731.000) 08/02 15:50:38 Job was aborted.
	via condor_rm (by user yelberke)
...
040 (10284267.4731.000) 08/02 17:03:24 Started transferring input files
	Transferring to host: <188.185.195.102:9618?addrs=188.185.195.102-9618+[2001-1458-303-22--100-62]-9618&alias=b9p17p7957.cern.ch&noUDP&sock=slot1_8_2338476_a3ee_209>
...
040 (10284267.4731.000) 08/02 17:03:24 Finished transferring input files
...
001 (10284267.4731.000) 08/02 17:03:25 Job executing on host: <188.185.195.102:9618?addrs=188.185.195.102-9618+[2001-1458-303-22--100-62]-9618&alias=b9p17p7957.cern.ch&noUDP&sock=startd_128437_ad73>
	SlotName: slot1_8@b9p17p7957.cern.ch
	CondorScratchDir = "/pool/condor/dir_2449315"
	Cpus = 12
	Disk = 2830681
	Memory = 24000
...
006 (10284267.4731.000) 08/02 17:03:27 Image size of job updated: 314592
	3  -  MemoryUsage of job (MB)
	2644  -  ResidentSetSize of job (KB)
...
040 (10284267.4731.000) 08/02 17:03:27 Started transferring output files
...
040 (10284267.4731.000) 08/02 17:03:27 Finished transferring output files
...
005 (10284267.4731.000) 08/02 17:03:27 Job terminated.
	(1) Normal termination (return value 139)
		Usr 0 00:00:02, Sys 0 00:00:00  -  Run Remote Usage
		Usr 0 00:00:00, Sys 0 00:00:00  -  Run Local Usage
		Usr 0 00:00:02, Sys 0 00:00:00  -  Total Remote Usage
		Usr 0 00:00:00, Sys 0 00:00:00  -  Total Local Usage
	7696  -  Run Bytes Sent By Job
	409597  -  Run Bytes Received By Job
	7696  -  Total Bytes Sent By Job
	409597  -  Total Bytes Received By Job
	Partitionable Resources :    Usage  Request Allocated 
	   Cpus                 :        0       12        12 
	   Disk (KB)            :      429      425   2830681 
	   Memory (MB)          :        3    24000     24000 

	Job terminated of its own accord at 2024-08-02T15:03:27Z with exit-code 139.
...
