000 (10252905.4800.000) 07/24 16:13:21 Job submitted from host: <188.185.114.121:9618?addrs=188.185.114.121-9618+[2001-1458-d00-a--100-273]-9618&alias=bigbird19.cern.ch&noUDP&sock=schedd_4961_696e>
...
009 (10252905.4800.000) 07/24 16:14:51 Job was aborted.
	via condor_rm (by user yelberke)
...
000 (10252906.4800.000) 07/24 16:15:40 Job submitted from host: <188.185.114.121:9618?addrs=188.185.114.121-9618+[2001-1458-d00-a--100-273]-9618&alias=bigbird19.cern.ch&noUDP&sock=schedd_4961_696e>
...
000 (10252907.4800.000) 07/24 16:17:34 Job submitted from host: <188.185.114.121:9618?addrs=188.185.114.121-9618+[2001-1458-d00-a--100-273]-9618&alias=bigbird19.cern.ch&noUDP&sock=schedd_4961_696e>
...
000 (10252908.4800.000) 07/24 16:18:07 Job submitted from host: <188.185.114.121:9618?addrs=188.185.114.121-9618+[2001-1458-d00-a--100-273]-9618&alias=bigbird19.cern.ch&noUDP&sock=schedd_4961_696e>
...
000 (10252909.4800.000) 07/24 16:18:43 Job submitted from host: <188.185.114.121:9618?addrs=188.185.114.121-9618+[2001-1458-d00-a--100-273]-9618&alias=bigbird19.cern.ch&noUDP&sock=schedd_4961_696e>
...
040 (10252906.4800.000) 07/24 17:11:42 Started transferring input files
	Transferring to host: <188.185.208.38:9618?addrs=188.185.208.38-9618+[2001-1458-303-f--100-23]-9618&alias=b9p09p2430.cern.ch&noUDP&sock=slot1_5_67626_6277_86732>
...
040 (10252906.4800.000) 07/24 17:11:42 Finished transferring input files
...
001 (10252906.4800.000) 07/24 17:11:43 Job executing on host: <188.185.208.38:9618?addrs=188.185.208.38-9618+[2001-1458-303-f--100-23]-9618&alias=b9p09p2430.cern.ch&noUDP&sock=startd_7200_2dfa>
	SlotName: slot1_5@b9p09p2430.cern.ch
	CondorScratchDir = "/pool/condor/dir_588839"
	Cpus = 8
	Disk = 2735187
	Memory = 16000
...
006 (10252906.4800.000) 07/24 17:11:50 Image size of job updated: 160828
	8  -  MemoryUsage of job (MB)
	8168  -  ResidentSetSize of job (KB)
...
040 (10252906.4800.000) 07/24 17:11:50 Started transferring output files
...
040 (10252906.4800.000) 07/24 17:11:50 Finished transferring output files
...
005 (10252906.4800.000) 07/24 17:11:50 Job terminated.
	(1) Normal termination (return value 0)
		Usr 0 00:00:05, Sys 0 00:00:00  -  Run Remote Usage
		Usr 0 00:00:00, Sys 0 00:00:00  -  Run Local Usage
		Usr 0 00:00:05, Sys 0 00:00:00  -  Total Remote Usage
		Usr 0 00:00:00, Sys 0 00:00:00  -  Total Local Usage
	6201  -  Run Bytes Sent By Job
	409597  -  Run Bytes Received By Job
	6201  -  Total Bytes Sent By Job
	409597  -  Total Bytes Received By Job
	Partitionable Resources :    Usage  Request Allocated 
	   Cpus                 :        0        8         8 
	   Disk (KB)            :      431      425   2735187 
	   Memory (MB)          :        8    16000     16000 

	Job terminated of its own accord at 2024-07-24T15:11:50Z with exit-code 0.
...
040 (10252907.4800.000) 07/24 18:22:03 Started transferring input files
	Transferring to host: <188.185.204.186:9618?addrs=188.185.204.186-9618+[2001-1458-303-8--100-ae]-9618&alias=b9p02p1705.cern.ch&noUDP&sock=slot1_2_10550_2de6_30883>
...
040 (10252907.4800.000) 07/24 18:22:03 Finished transferring input files
...
001 (10252907.4800.000) 07/24 18:22:04 Job executing on host: <188.185.204.186:9618?addrs=188.185.204.186-9618+[2001-1458-303-8--100-ae]-9618&alias=b9p02p1705.cern.ch&noUDP&sock=startd_9568_6e3e>
	SlotName: slot1_2@b9p02p1705.cern.ch
	CondorScratchDir = "/pool/condor/dir_2172573"
	Cpus = 8
	Disk = 2737561
	Memory = 16000
...
006 (10252907.4800.000) 07/24 18:22:08 Image size of job updated: 160428
	8  -  MemoryUsage of job (MB)
	7840  -  ResidentSetSize of job (KB)
...
040 (10252907.4800.000) 07/24 18:22:08 Started transferring output files
...
040 (10252907.4800.000) 07/24 18:22:08 Finished transferring output files
...
005 (10252907.4800.000) 07/24 18:22:08 Job terminated.
	(1) Normal termination (return value 0)
		Usr 0 00:00:03, Sys 0 00:00:00  -  Run Remote Usage
		Usr 0 00:00:00, Sys 0 00:00:00  -  Run Local Usage
		Usr 0 00:00:03, Sys 0 00:00:00  -  Total Remote Usage
		Usr 0 00:00:00, Sys 0 00:00:00  -  Total Local Usage
	6204  -  Run Bytes Sent By Job
	409597  -  Run Bytes Received By Job
	6204  -  Total Bytes Sent By Job
	409597  -  Total Bytes Received By Job
	Partitionable Resources :    Usage  Request Allocated 
	   Cpus                 :        0        8         8 
	   Disk (KB)            :      428      425   2737561 
	   Memory (MB)          :        8    16000     16000 

	Job terminated of its own accord at 2024-07-24T16:22:08Z with exit-code 0.
...
040 (10252908.4800.000) 07/24 19:26:22 Started transferring input files
	Transferring to host: <188.185.209.35:9618?addrs=188.185.209.35-9618+[2001-1458-303-11--100-20]-9618&alias=b9p11p8066.cern.ch&noUDP&sock=slot1_7_4904_0fc0_143990>
...
040 (10252908.4800.000) 07/24 19:26:22 Finished transferring input files
...
001 (10252908.4800.000) 07/24 19:26:23 Job executing on host: <188.185.209.35:9618?addrs=188.185.209.35-9618+[2001-1458-303-11--100-20]-9618&alias=b9p11p8066.cern.ch&noUDP&sock=startd_4188_32b8>
	SlotName: slot1_7@b9p11p8066.cern.ch
	CondorScratchDir = "/pool/condor/dir_1100862"
	Cpus = 8
	Disk = 2631139
	Memory = 16000
...
006 (10252908.4800.000) 07/24 19:26:29 Image size of job updated: 157368
	8  -  MemoryUsage of job (MB)
	7240  -  ResidentSetSize of job (KB)
...
040 (10252908.4800.000) 07/24 19:26:30 Started transferring output files
...
040 (10252908.4800.000) 07/24 19:26:30 Finished transferring output files
...
005 (10252908.4800.000) 07/24 19:26:30 Job terminated.
	(1) Normal termination (return value 0)
		Usr 0 00:00:04, Sys 0 00:00:00  -  Run Remote Usage
		Usr 0 00:00:00, Sys 0 00:00:00  -  Run Local Usage
		Usr 0 00:00:04, Sys 0 00:00:00  -  Total Remote Usage
		Usr 0 00:00:00, Sys 0 00:00:00  -  Total Local Usage
	6204  -  Run Bytes Sent By Job
	409597  -  Run Bytes Received By Job
	6204  -  Total Bytes Sent By Job
	409597  -  Total Bytes Received By Job
	Partitionable Resources :    Usage  Request Allocated 
	   Cpus                 :        0        8         8 
	   Disk (KB)            :      427      425   2631139 
	   Memory (MB)          :        8    16000     16000 

	Job terminated of its own accord at 2024-07-24T17:26:29Z with exit-code 0.
...
040 (10252909.4800.000) 07/24 20:23:00 Started transferring input files
	Transferring to host: <188.185.208.185:9618?addrs=188.185.208.185-9618+[2001-1458-303-10--100-36]-9618&alias=b9p10p0336.cern.ch&noUDP&sock=slot1_10_9706_8144_143684>
...
040 (10252909.4800.000) 07/24 20:23:00 Finished transferring input files
...
001 (10252909.4800.000) 07/24 20:23:01 Job executing on host: <188.185.208.185:9618?addrs=188.185.208.185-9618+[2001-1458-303-10--100-36]-9618&alias=b9p10p0336.cern.ch&noUDP&sock=startd_8284_b6a4>
	SlotName: slot1_10@b9p10p0336.cern.ch
	CondorScratchDir = "/pool/condor/dir_1228618"
	Cpus = 8
	Disk = 2791735
	Memory = 16000
...
006 (10252909.4800.000) 07/24 20:23:05 Image size of job updated: 164640
	11  -  MemoryUsage of job (MB)
	10352  -  ResidentSetSize of job (KB)
...
040 (10252909.4800.000) 07/24 20:23:05 Started transferring output files
...
040 (10252909.4800.000) 07/24 20:23:05 Finished transferring output files
...
005 (10252909.4800.000) 07/24 20:23:05 Job terminated.
	(1) Normal termination (return value 0)
		Usr 0 00:00:03, Sys 0 00:00:00  -  Run Remote Usage
		Usr 0 00:00:00, Sys 0 00:00:00  -  Run Local Usage
		Usr 0 00:00:03, Sys 0 00:00:00  -  Total Remote Usage
		Usr 0 00:00:00, Sys 0 00:00:00  -  Total Local Usage
	6204  -  Run Bytes Sent By Job
	409597  -  Run Bytes Received By Job
	6204  -  Total Bytes Sent By Job
	409597  -  Total Bytes Received By Job
	Partitionable Resources :    Usage  Request Allocated 
	   Cpus                 :        0        8         8 
	   Disk (KB)            :      428      425   2791735 
	   Memory (MB)          :       11    16000     16000 

	Job terminated of its own accord at 2024-07-24T18:23:05Z with exit-code 0.
...
000 (10261715.4800.000) 07/25 13:03:16 Job submitted from host: <188.185.114.121:9618?addrs=188.185.114.121-9618+[2001-1458-d00-a--100-273]-9618&alias=bigbird19.cern.ch&noUDP&sock=schedd_4961_696e>
...
009 (10261715.4800.000) 07/25 13:07:01 Job was aborted.
	via condor_rm (by user yelberke)
...
000 (10261767.4800.000) 07/25 13:20:42 Job submitted from host: <188.185.114.121:9618?addrs=188.185.114.121-9618+[2001-1458-d00-a--100-273]-9618&alias=bigbird19.cern.ch&noUDP&sock=schedd_4961_696e>
...
040 (10261767.4800.000) 07/25 14:48:25 Started transferring input files
	Transferring to host: <188.185.208.88:9618?addrs=188.185.208.88-9618+[2001-1458-303-f--100-55]-9618&alias=b9p09p1726.cern.ch&noUDP&sock=slot1_17_5006_ee05_145927>
...
040 (10261767.4800.000) 07/25 14:48:25 Finished transferring input files
...
001 (10261767.4800.000) 07/25 14:48:26 Job executing on host: <188.185.208.88:9618?addrs=188.185.208.88-9618+[2001-1458-303-f--100-55]-9618&alias=b9p09p1726.cern.ch&noUDP&sock=startd_4169_2a6c>
	SlotName: slot1_17@b9p09p1726.cern.ch
	CondorScratchDir = "/pool/condor/dir_2332043"
	Cpus = 12
	Disk = 2624263
	Memory = 24000
...
006 (10261767.4800.000) 07/25 14:48:32 Image size of job updated: 160492
	7  -  MemoryUsage of job (MB)
	6452  -  ResidentSetSize of job (KB)
...
040 (10261767.4800.000) 07/25 14:48:32 Started transferring output files
...
040 (10261767.4800.000) 07/25 14:48:32 Finished transferring output files
...
005 (10261767.4800.000) 07/25 14:48:32 Job terminated.
	(1) Normal termination (return value 0)
		Usr 0 00:00:05, Sys 0 00:00:00  -  Run Remote Usage
		Usr 0 00:00:00, Sys 0 00:00:00  -  Run Local Usage
		Usr 0 00:00:05, Sys 0 00:00:00  -  Total Remote Usage
		Usr 0 00:00:00, Sys 0 00:00:00  -  Total Local Usage
	6676  -  Run Bytes Sent By Job
	409597  -  Run Bytes Received By Job
	6676  -  Total Bytes Sent By Job
	409597  -  Total Bytes Received By Job
	Partitionable Resources :    Usage  Request Allocated 
	   Cpus                 :        0       12        12 
	   Disk (KB)            :      429      425   2624263 
	   Memory (MB)          :        7    24000     24000 

	Job terminated of its own accord at 2024-07-25T12:48:32Z with exit-code 0.
...
000 (10284266.4800.000) 08/02 15:47:03 Job submitted from host: <188.185.114.121:9618?addrs=188.185.114.121-9618+[2001-1458-d00-a--100-273]-9618&alias=bigbird19.cern.ch&noUDP&sock=schedd_4961_696e>
...
000 (10284267.4800.000) 08/02 15:50:12 Job submitted from host: <188.185.114.121:9618?addrs=188.185.114.121-9618+[2001-1458-d00-a--100-273]-9618&alias=bigbird19.cern.ch&noUDP&sock=schedd_4961_696e>
...
009 (10284266.4800.000) 08/02 15:50:38 Job was aborted.
	via condor_rm (by user yelberke)
...
040 (10284267.4800.000) 08/02 17:03:45 Started transferring input files
	Transferring to host: <188.185.194.51:9618?addrs=188.185.194.51-9618+[2001-1458-303-21--100-2f]-9618&alias=b9p20p9508.cern.ch&noUDP&sock=slot1_3_4062828_9dd7_12040>
...
040 (10284267.4800.000) 08/02 17:03:45 Finished transferring input files
...
001 (10284267.4800.000) 08/02 17:03:46 Job executing on host: <188.185.194.51:9618?addrs=188.185.194.51-9618+[2001-1458-303-21--100-2f]-9618&alias=b9p20p9508.cern.ch&noUDP&sock=startd_175101_4cd9>
	SlotName: slot1_3@b9p20p9508.cern.ch
	CondorScratchDir = "/pool/condor/dir_3921827"
	Cpus = 12
	Disk = 2976502
	Memory = 24000
...
006 (10284267.4800.000) 08/02 17:03:49 Image size of job updated: 311988
	4  -  MemoryUsage of job (MB)
	3224  -  ResidentSetSize of job (KB)
...
040 (10284267.4800.000) 08/02 17:03:49 Started transferring output files
...
040 (10284267.4800.000) 08/02 17:03:49 Finished transferring output files
...
005 (10284267.4800.000) 08/02 17:03:49 Job terminated.
	(1) Normal termination (return value 139)
		Usr 0 00:00:03, Sys 0 00:00:00  -  Run Remote Usage
		Usr 0 00:00:00, Sys 0 00:00:00  -  Run Local Usage
		Usr 0 00:00:03, Sys 0 00:00:00  -  Total Remote Usage
		Usr 0 00:00:00, Sys 0 00:00:00  -  Total Local Usage
	7696  -  Run Bytes Sent By Job
	409597  -  Run Bytes Received By Job
	7696  -  Total Bytes Sent By Job
	409597  -  Total Bytes Received By Job
	Partitionable Resources :    Usage  Request Allocated 
	   Cpus                 :        0       12        12 
	   Disk (KB)            :      430      425   2976502 
	   Memory (MB)          :        4    24000     24000 

	Job terminated of its own accord at 2024-08-02T15:03:49Z with exit-code 139.
...
