000 (10252905.4867.000) 07/24 16:13:21 Job submitted from host: <188.185.114.121:9618?addrs=188.185.114.121-9618+[2001-1458-d00-a--100-273]-9618&alias=bigbird19.cern.ch&noUDP&sock=schedd_4961_696e>
...
009 (10252905.4867.000) 07/24 16:14:52 Job was aborted.
	via condor_rm (by user yelberke)
...
000 (10252906.4867.000) 07/24 16:15:40 Job submitted from host: <188.185.114.121:9618?addrs=188.185.114.121-9618+[2001-1458-d00-a--100-273]-9618&alias=bigbird19.cern.ch&noUDP&sock=schedd_4961_696e>
...
000 (10252907.4867.000) 07/24 16:17:34 Job submitted from host: <188.185.114.121:9618?addrs=188.185.114.121-9618+[2001-1458-d00-a--100-273]-9618&alias=bigbird19.cern.ch&noUDP&sock=schedd_4961_696e>
...
000 (10252908.4867.000) 07/24 16:18:07 Job submitted from host: <188.185.114.121:9618?addrs=188.185.114.121-9618+[2001-1458-d00-a--100-273]-9618&alias=bigbird19.cern.ch&noUDP&sock=schedd_4961_696e>
...
000 (10252909.4867.000) 07/24 16:18:43 Job submitted from host: <188.185.114.121:9618?addrs=188.185.114.121-9618+[2001-1458-d00-a--100-273]-9618&alias=bigbird19.cern.ch&noUDP&sock=schedd_4961_696e>
...
040 (10252906.4867.000) 07/24 17:11:59 Started transferring input files
	Transferring to host: <188.185.205.217:9618?addrs=188.185.205.217-9618+[2001-1458-303-a--100-56]-9618&alias=b9p04p4590.cern.ch&noUDP&sock=slot1_12_7423_ecc7_154754>
...
040 (10252906.4867.000) 07/24 17:11:59 Finished transferring input files
...
001 (10252906.4867.000) 07/24 17:12:00 Job executing on host: <188.185.205.217:9618?addrs=188.185.205.217-9618+[2001-1458-303-a--100-56]-9618&alias=b9p04p4590.cern.ch&noUDP&sock=startd_7356_2ec0>
	SlotName: slot1_12@b9p04p4590.cern.ch
	CondorScratchDir = "/pool/condor/dir_2386453"
	Cpus = 8
	Disk = 2855235
	Memory = 16000
...
006 (10252906.4867.000) 07/24 17:12:07 Image size of job updated: 159224
	8  -  MemoryUsage of job (MB)
	7992  -  ResidentSetSize of job (KB)
...
040 (10252906.4867.000) 07/24 17:12:07 Started transferring output files
...
040 (10252906.4867.000) 07/24 17:12:07 Finished transferring output files
...
005 (10252906.4867.000) 07/24 17:12:07 Job terminated.
	(1) Normal termination (return value 0)
		Usr 0 00:00:04, Sys 0 00:00:00  -  Run Remote Usage
		Usr 0 00:00:00, Sys 0 00:00:00  -  Run Local Usage
		Usr 0 00:00:04, Sys 0 00:00:00  -  Total Remote Usage
		Usr 0 00:00:00, Sys 0 00:00:00  -  Total Local Usage
	6201  -  Run Bytes Sent By Job
	409597  -  Run Bytes Received By Job
	6201  -  Total Bytes Sent By Job
	409597  -  Total Bytes Received By Job
	Partitionable Resources :    Usage  Request Allocated 
	   Cpus                 :        0        8         8 
	   Disk (KB)            :      428      425   2855235 
	   Memory (MB)          :        8    16000     16000 

	Job terminated of its own accord at 2024-07-24T15:12:07Z with exit-code 0.
...
040 (10252907.4867.000) 07/24 18:22:26 Started transferring input files
	Transferring to host: <188.185.208.20:9618?addrs=188.185.208.20-9618+[2001-1458-303-f--100-11]-9618&alias=b9p09p4616.cern.ch&noUDP&sock=slot1_8_129071_f21a_35503>
...
040 (10252907.4867.000) 07/24 18:22:26 Finished transferring input files
...
001 (10252907.4867.000) 07/24 18:22:27 Job executing on host: <188.185.208.20:9618?addrs=188.185.208.20-9618+[2001-1458-303-f--100-11]-9618&alias=b9p09p4616.cern.ch&noUDP&sock=startd_118754_f1e7>
	SlotName: slot1_8@b9p09p4616.cern.ch
	CondorScratchDir = "/pool/condor/dir_3726476"
	Cpus = 8
	Disk = 2871072
	Memory = 16000
...
006 (10252907.4867.000) 07/24 18:22:31 Image size of job updated: 158972
	7  -  MemoryUsage of job (MB)
	6556  -  ResidentSetSize of job (KB)
...
040 (10252907.4867.000) 07/24 18:22:31 Started transferring output files
...
040 (10252907.4867.000) 07/24 18:22:31 Finished transferring output files
...
005 (10252907.4867.000) 07/24 18:22:31 Job terminated.
	(1) Normal termination (return value 0)
		Usr 0 00:00:03, Sys 0 00:00:00  -  Run Remote Usage
		Usr 0 00:00:00, Sys 0 00:00:00  -  Run Local Usage
		Usr 0 00:00:03, Sys 0 00:00:00  -  Total Remote Usage
		Usr 0 00:00:00, Sys 0 00:00:00  -  Total Local Usage
	6204  -  Run Bytes Sent By Job
	409597  -  Run Bytes Received By Job
	6204  -  Total Bytes Sent By Job
	409597  -  Total Bytes Received By Job
	Partitionable Resources :    Usage  Request Allocated 
	   Cpus                 :        0        8         8 
	   Disk (KB)            :      428      425   2871072 
	   Memory (MB)          :        7    16000     16000 

	Job terminated of its own accord at 2024-07-24T16:22:31Z with exit-code 0.
...
040 (10252908.4867.000) 07/24 19:26:49 Started transferring input files
	Transferring to host: <188.185.209.21:9618?addrs=188.185.209.21-9618+[2001-1458-303-11--100-12]-9618&alias=b9p11p6444.cern.ch&noUDP&sock=slot1_20_5157_52ab_140576>
...
040 (10252908.4867.000) 07/24 19:26:49 Finished transferring input files
...
001 (10252908.4867.000) 07/24 19:26:50 Job executing on host: <188.185.209.21:9618?addrs=188.185.209.21-9618+[2001-1458-303-11--100-12]-9618&alias=b9p11p6444.cern.ch&noUDP&sock=startd_4203_7ca4>
	SlotName: slot1_20@b9p11p6444.cern.ch
	CondorScratchDir = "/pool/condor/dir_3386604"
	Cpus = 8
	Disk = 2685073
	Memory = 16000
...
006 (10252908.4867.000) 07/24 19:26:55 Image size of job updated: 160632
	9  -  MemoryUsage of job (MB)
	8324  -  ResidentSetSize of job (KB)
...
040 (10252908.4867.000) 07/24 19:26:55 Started transferring output files
...
040 (10252908.4867.000) 07/24 19:26:55 Finished transferring output files
...
005 (10252908.4867.000) 07/24 19:26:55 Job terminated.
	(1) Normal termination (return value 0)
		Usr 0 00:00:04, Sys 0 00:00:00  -  Run Remote Usage
		Usr 0 00:00:00, Sys 0 00:00:00  -  Run Local Usage
		Usr 0 00:00:04, Sys 0 00:00:00  -  Total Remote Usage
		Usr 0 00:00:00, Sys 0 00:00:00  -  Total Local Usage
	6204  -  Run Bytes Sent By Job
	409597  -  Run Bytes Received By Job
	6204  -  Total Bytes Sent By Job
	409597  -  Total Bytes Received By Job
	Partitionable Resources :    Usage  Request Allocated 
	   Cpus                 :        0        8         8 
	   Disk (KB)            :      428      425   2685073 
	   Memory (MB)          :        9    16000     16000 

	Job terminated of its own accord at 2024-07-24T17:26:55Z with exit-code 0.
...
040 (10252909.4867.000) 07/24 20:23:23 Started transferring input files
	Transferring to host: <188.185.209.230:9618?addrs=188.185.209.230-9618+[2001-1458-303-12--100-63]-9618&alias=b9p12p8570.cern.ch&noUDP&sock=slot1_8_2040237_48ef_101960>
...
040 (10252909.4867.000) 07/24 20:23:23 Finished transferring input files
...
001 (10252909.4867.000) 07/24 20:23:24 Job executing on host: <188.185.209.230:9618?addrs=188.185.209.230-9618+[2001-1458-303-12--100-63]-9618&alias=b9p12p8570.cern.ch&noUDP&sock=startd_2040196_5697>
	SlotName: slot1_8@b9p12p8570.cern.ch
	CondorScratchDir = "/pool/condor/dir_1159268"
	Cpus = 8
	Disk = 2810032
	Memory = 16000
...
006 (10252909.4867.000) 07/24 20:23:29 Image size of job updated: 162692
	10  -  MemoryUsage of job (MB)
	9560  -  ResidentSetSize of job (KB)
...
040 (10252909.4867.000) 07/24 20:23:29 Started transferring output files
...
040 (10252909.4867.000) 07/24 20:23:29 Finished transferring output files
...
005 (10252909.4867.000) 07/24 20:23:29 Job terminated.
	(1) Normal termination (return value 0)
		Usr 0 00:00:04, Sys 0 00:00:00  -  Run Remote Usage
		Usr 0 00:00:00, Sys 0 00:00:00  -  Run Local Usage
		Usr 0 00:00:04, Sys 0 00:00:00  -  Total Remote Usage
		Usr 0 00:00:00, Sys 0 00:00:00  -  Total Local Usage
	6204  -  Run Bytes Sent By Job
	409597  -  Run Bytes Received By Job
	6204  -  Total Bytes Sent By Job
	409597  -  Total Bytes Received By Job
	Partitionable Resources :    Usage  Request Allocated 
	   Cpus                 :        0        8         8 
	   Disk (KB)            :      431      425   2810032 
	   Memory (MB)          :       10    16000     16000 

	Job terminated of its own accord at 2024-07-24T18:23:29Z with exit-code 0.
...
000 (10261715.4867.000) 07/25 13:03:18 Job submitted from host: <188.185.114.121:9618?addrs=188.185.114.121-9618+[2001-1458-d00-a--100-273]-9618&alias=bigbird19.cern.ch&noUDP&sock=schedd_4961_696e>
...
009 (10261715.4867.000) 07/25 13:07:01 Job was aborted.
	via condor_rm (by user yelberke)
...
000 (10261767.4867.000) 07/25 13:20:42 Job submitted from host: <188.185.114.121:9618?addrs=188.185.114.121-9618+[2001-1458-d00-a--100-273]-9618&alias=bigbird19.cern.ch&noUDP&sock=schedd_4961_696e>
...
040 (10261767.4867.000) 07/25 14:48:36 Started transferring input files
	Transferring to host: <188.185.205.201:9618?addrs=188.185.205.201-9618&alias=b9p04p9523.cern.ch&noUDP&sock=slot1_14_6912_e112_153769>
...
040 (10261767.4867.000) 07/25 14:48:36 Finished transferring input files
...
001 (10261767.4867.000) 07/25 14:48:37 Job executing on host: <188.185.205.201:9618?addrs=188.185.205.201-9618&alias=b9p04p9523.cern.ch&noUDP&sock=startd_6847_0d0c>
	SlotName: slot1_14@b9p04p9523.cern.ch
	CondorScratchDir = "/pool/condor/dir_2789262"
	Cpus = 12
	Disk = 2749815
	Memory = 24000
...
006 (10261767.4867.000) 07/25 14:48:42 Image size of job updated: 162080
	8  -  MemoryUsage of job (MB)
	7524  -  ResidentSetSize of job (KB)
...
040 (10261767.4867.000) 07/25 14:48:42 Started transferring output files
...
040 (10261767.4867.000) 07/25 14:48:42 Finished transferring output files
...
005 (10261767.4867.000) 07/25 14:48:42 Job terminated.
	(1) Normal termination (return value 0)
		Usr 0 00:00:03, Sys 0 00:00:00  -  Run Remote Usage
		Usr 0 00:00:00, Sys 0 00:00:00  -  Run Local Usage
		Usr 0 00:00:03, Sys 0 00:00:00  -  Total Remote Usage
		Usr 0 00:00:00, Sys 0 00:00:00  -  Total Local Usage
	6676  -  Run Bytes Sent By Job
	409597  -  Run Bytes Received By Job
	6676  -  Total Bytes Sent By Job
	409597  -  Total Bytes Received By Job
	Partitionable Resources :    Usage  Request Allocated 
	   Cpus                 :        0       12        12 
	   Disk (KB)            :      427      425   2749815 
	   Memory (MB)          :        8    24000     24000 

	Job terminated of its own accord at 2024-07-25T12:48:42Z with exit-code 0.
...
000 (10284266.4867.000) 08/02 15:47:05 Job submitted from host: <188.185.114.121:9618?addrs=188.185.114.121-9618+[2001-1458-d00-a--100-273]-9618&alias=bigbird19.cern.ch&noUDP&sock=schedd_4961_696e>
...
000 (10284267.4867.000) 08/02 15:50:12 Job submitted from host: <188.185.114.121:9618?addrs=188.185.114.121-9618+[2001-1458-d00-a--100-273]-9618&alias=bigbird19.cern.ch&noUDP&sock=schedd_4961_696e>
...
009 (10284266.4867.000) 08/02 15:50:39 Job was aborted.
	via condor_rm (by user yelberke)
...
040 (10284267.4867.000) 08/02 17:05:31 Started transferring input files
	Transferring to host: <188.185.208.218:9618?addrs=188.185.208.218-9618+[2001-1458-303-10--100-57]-9618&alias=b9p10p3098.cern.ch&noUDP&sock=slot1_2_5320_2bd1_153545>
...
040 (10284267.4867.000) 08/02 17:05:31 Finished transferring input files
...
001 (10284267.4867.000) 08/02 17:05:32 Job executing on host: <188.185.208.218:9618?addrs=188.185.208.218-9618+[2001-1458-303-10--100-57]-9618&alias=b9p10p3098.cern.ch&noUDP&sock=startd_4441_bc2e>
	SlotName: slot1_2@b9p10p3098.cern.ch
	CondorScratchDir = "/pool/condor/dir_2020495"
	Cpus = 12
	Disk = 2753904
	Memory = 24000
...
006 (10284267.4867.000) 08/02 17:05:34 Image size of job updated: 326392
	6  -  MemoryUsage of job (MB)
	5356  -  ResidentSetSize of job (KB)
...
040 (10284267.4867.000) 08/02 17:05:34 Started transferring output files
...
040 (10284267.4867.000) 08/02 17:05:34 Finished transferring output files
...
005 (10284267.4867.000) 08/02 17:05:34 Job terminated.
	(1) Normal termination (return value 139)
		Usr 0 00:00:01, Sys 0 00:00:00  -  Run Remote Usage
		Usr 0 00:00:00, Sys 0 00:00:00  -  Run Local Usage
		Usr 0 00:00:01, Sys 0 00:00:00  -  Total Remote Usage
		Usr 0 00:00:00, Sys 0 00:00:00  -  Total Local Usage
	7696  -  Run Bytes Sent By Job
	409597  -  Run Bytes Received By Job
	7696  -  Total Bytes Sent By Job
	409597  -  Total Bytes Received By Job
	Partitionable Resources :    Usage  Request Allocated 
	   Cpus                 :        0       12        12 
	   Disk (KB)            :      429      425   2753904 
	   Memory (MB)          :        6    24000     24000 

	Job terminated of its own accord at 2024-08-02T15:05:34Z with exit-code 139.
...
