000 (10252905.4895.000) 07/24 16:13:21 Job submitted from host: <188.185.114.121:9618?addrs=188.185.114.121-9618+[2001-1458-d00-a--100-273]-9618&alias=bigbird19.cern.ch&noUDP&sock=schedd_4961_696e>
...
009 (10252905.4895.000) 07/24 16:14:52 Job was aborted.
	via condor_rm (by user yelberke)
...
000 (10252906.4895.000) 07/24 16:15:40 Job submitted from host: <188.185.114.121:9618?addrs=188.185.114.121-9618+[2001-1458-d00-a--100-273]-9618&alias=bigbird19.cern.ch&noUDP&sock=schedd_4961_696e>
...
000 (10252907.4895.000) 07/24 16:17:34 Job submitted from host: <188.185.114.121:9618?addrs=188.185.114.121-9618+[2001-1458-d00-a--100-273]-9618&alias=bigbird19.cern.ch&noUDP&sock=schedd_4961_696e>
...
000 (10252908.4895.000) 07/24 16:18:07 Job submitted from host: <188.185.114.121:9618?addrs=188.185.114.121-9618+[2001-1458-d00-a--100-273]-9618&alias=bigbird19.cern.ch&noUDP&sock=schedd_4961_696e>
...
000 (10252909.4895.000) 07/24 16:18:43 Job submitted from host: <188.185.114.121:9618?addrs=188.185.114.121-9618+[2001-1458-d00-a--100-273]-9618&alias=bigbird19.cern.ch&noUDP&sock=schedd_4961_696e>
...
040 (10252906.4895.000) 07/24 17:12:06 Started transferring input files
	Transferring to host: <188.185.209.53:9618?addrs=188.185.209.53-9618+[2001-1458-303-11--100-32]-9618&alias=b9p11p4325.cern.ch&noUDP&sock=slot1_16_9024_f968_144618>
...
040 (10252906.4895.000) 07/24 17:12:06 Finished transferring input files
...
001 (10252906.4895.000) 07/24 17:12:07 Job executing on host: <188.185.209.53:9618?addrs=188.185.209.53-9618+[2001-1458-303-11--100-32]-9618&alias=b9p11p4325.cern.ch&noUDP&sock=startd_7723_ea02>
	SlotName: slot1_16@b9p11p4325.cern.ch
	CondorScratchDir = "/pool/condor/dir_3277741"
	Cpus = 8
	Disk = 2945133
	Memory = 16000
...
006 (10252906.4895.000) 07/24 17:12:11 Image size of job updated: 161164
	9  -  MemoryUsage of job (MB)
	8248  -  ResidentSetSize of job (KB)
...
040 (10252906.4895.000) 07/24 17:12:11 Started transferring output files
...
040 (10252906.4895.000) 07/24 17:12:12 Finished transferring output files
...
005 (10252906.4895.000) 07/24 17:12:12 Job terminated.
	(1) Normal termination (return value 0)
		Usr 0 00:00:03, Sys 0 00:00:00  -  Run Remote Usage
		Usr 0 00:00:00, Sys 0 00:00:00  -  Run Local Usage
		Usr 0 00:00:03, Sys 0 00:00:00  -  Total Remote Usage
		Usr 0 00:00:00, Sys 0 00:00:00  -  Total Local Usage
	6201  -  Run Bytes Sent By Job
	409597  -  Run Bytes Received By Job
	6201  -  Total Bytes Sent By Job
	409597  -  Total Bytes Received By Job
	Partitionable Resources :    Usage  Request Allocated 
	   Cpus                 :        0        8         8 
	   Disk (KB)            :      427      425   2945133 
	   Memory (MB)          :        9    16000     16000 

	Job terminated of its own accord at 2024-07-24T15:12:11Z with exit-code 0.
...
040 (10252907.4895.000) 07/24 18:22:36 Started transferring input files
	Transferring to host: <188.185.208.179:9618?addrs=188.185.208.179-9618+[2001-1458-303-10--100-30]-9618&alias=b9p10p4251.cern.ch&noUDP&sock=slot1_15_34324_1ced_25247>
...
040 (10252907.4895.000) 07/24 18:22:36 Finished transferring input files
...
001 (10252907.4895.000) 07/24 18:22:38 Job executing on host: <188.185.208.179:9618?addrs=188.185.208.179-9618+[2001-1458-303-10--100-30]-9618&alias=b9p10p4251.cern.ch&noUDP&sock=startd_33085_22f7>
	SlotName: slot1_15@b9p10p4251.cern.ch
	CondorScratchDir = "/pool/condor/dir_705379"
	Cpus = 8
	Disk = 2850242
	Memory = 16000
...
006 (10252907.4895.000) 07/24 18:22:42 Image size of job updated: 160212
	8  -  MemoryUsage of job (MB)
	7632  -  ResidentSetSize of job (KB)
...
040 (10252907.4895.000) 07/24 18:22:42 Started transferring output files
...
040 (10252907.4895.000) 07/24 18:22:42 Finished transferring output files
...
005 (10252907.4895.000) 07/24 18:22:42 Job terminated.
	(1) Normal termination (return value 0)
		Usr 0 00:00:03, Sys 0 00:00:00  -  Run Remote Usage
		Usr 0 00:00:00, Sys 0 00:00:00  -  Run Local Usage
		Usr 0 00:00:03, Sys 0 00:00:00  -  Total Remote Usage
		Usr 0 00:00:00, Sys 0 00:00:00  -  Total Local Usage
	6204  -  Run Bytes Sent By Job
	409597  -  Run Bytes Received By Job
	6204  -  Total Bytes Sent By Job
	409597  -  Total Bytes Received By Job
	Partitionable Resources :    Usage  Request Allocated 
	   Cpus                 :        0        8         8 
	   Disk (KB)            :      428      425   2850242 
	   Memory (MB)          :        8    16000     16000 

	Job terminated of its own accord at 2024-07-24T16:22:42Z with exit-code 0.
...
040 (10252908.4895.000) 07/24 19:26:54 Started transferring input files
	Transferring to host: <188.185.207.149:9618?addrs=188.185.207.149-9618+[2001-1458-303-e--100-12]-9618&alias=b9p08p1041.cern.ch&noUDP&sock=slot1_12_4139_0cc1_144784>
...
040 (10252908.4895.000) 07/24 19:26:54 Finished transferring input files
...
001 (10252908.4895.000) 07/24 19:26:55 Job executing on host: <188.185.207.149:9618?addrs=188.185.207.149-9618+[2001-1458-303-e--100-12]-9618&alias=b9p08p1041.cern.ch&noUDP&sock=startd_3644_0f33>
	SlotName: slot1_12@b9p08p1041.cern.ch
	CondorScratchDir = "/pool/condor/dir_2258485"
	Cpus = 8
	Disk = 2603971
	Memory = 16000
...
006 (10252908.4895.000) 07/24 19:27:00 Image size of job updated: 162700
	10  -  MemoryUsage of job (MB)
	10076  -  ResidentSetSize of job (KB)
...
040 (10252908.4895.000) 07/24 19:27:00 Started transferring output files
...
040 (10252908.4895.000) 07/24 19:27:00 Finished transferring output files
...
005 (10252908.4895.000) 07/24 19:27:00 Job terminated.
	(1) Normal termination (return value 0)
		Usr 0 00:00:04, Sys 0 00:00:00  -  Run Remote Usage
		Usr 0 00:00:00, Sys 0 00:00:00  -  Run Local Usage
		Usr 0 00:00:04, Sys 0 00:00:00  -  Total Remote Usage
		Usr 0 00:00:00, Sys 0 00:00:00  -  Total Local Usage
	6204  -  Run Bytes Sent By Job
	409597  -  Run Bytes Received By Job
	6204  -  Total Bytes Sent By Job
	409597  -  Total Bytes Received By Job
	Partitionable Resources :    Usage  Request Allocated 
	   Cpus                 :        0        8         8 
	   Disk (KB)            :      428      425   2603971 
	   Memory (MB)          :       10    16000     16000 

	Job terminated of its own accord at 2024-07-24T17:27:00Z with exit-code 0.
...
040 (10252909.4895.000) 07/24 20:23:35 Started transferring input files
	Transferring to host: <188.185.205.107:9618?addrs=188.185.205.107-9618+[2001-1458-303-9--100-68]-9618&alias=b9p03p1852.cern.ch&noUDP&sock=slot1_16_7657_cc90_71972>
...
040 (10252909.4895.000) 07/24 20:23:35 Finished transferring input files
...
001 (10252909.4895.000) 07/24 20:23:36 Job executing on host: <188.185.205.107:9618?addrs=188.185.205.107-9618+[2001-1458-303-9--100-68]-9618&alias=b9p03p1852.cern.ch&noUDP&sock=startd_6598_41f7>
	SlotName: slot1_16@b9p03p1852.cern.ch
	CondorScratchDir = "/pool/condor/dir_2059357"
	Cpus = 8
	Disk = 2769626
	Memory = 16000
...
006 (10252909.4895.000) 07/24 20:23:40 Image size of job updated: 162948
	10  -  MemoryUsage of job (MB)
	9604  -  ResidentSetSize of job (KB)
...
040 (10252909.4895.000) 07/24 20:23:40 Started transferring output files
...
040 (10252909.4895.000) 07/24 20:23:40 Finished transferring output files
...
005 (10252909.4895.000) 07/24 20:23:40 Job terminated.
	(1) Normal termination (return value 0)
		Usr 0 00:00:03, Sys 0 00:00:00  -  Run Remote Usage
		Usr 0 00:00:00, Sys 0 00:00:00  -  Run Local Usage
		Usr 0 00:00:03, Sys 0 00:00:00  -  Total Remote Usage
		Usr 0 00:00:00, Sys 0 00:00:00  -  Total Local Usage
	6204  -  Run Bytes Sent By Job
	409597  -  Run Bytes Received By Job
	6204  -  Total Bytes Sent By Job
	409597  -  Total Bytes Received By Job
	Partitionable Resources :    Usage  Request Allocated 
	   Cpus                 :        0        8         8 
	   Disk (KB)            :      428      425   2769626 
	   Memory (MB)          :       10    16000     16000 

	Job terminated of its own accord at 2024-07-24T18:23:40Z with exit-code 0.
...
000 (10261715.4895.000) 07/25 13:03:18 Job submitted from host: <188.185.114.121:9618?addrs=188.185.114.121-9618+[2001-1458-d00-a--100-273]-9618&alias=bigbird19.cern.ch&noUDP&sock=schedd_4961_696e>
...
009 (10261715.4895.000) 07/25 13:07:01 Job was aborted.
	via condor_rm (by user yelberke)
...
000 (10261767.4895.000) 07/25 13:20:42 Job submitted from host: <188.185.114.121:9618?addrs=188.185.114.121-9618+[2001-1458-d00-a--100-273]-9618&alias=bigbird19.cern.ch&noUDP&sock=schedd_4961_696e>
...
040 (10261767.4895.000) 07/25 14:48:50 Started transferring input files
	Transferring to host: <188.185.206.195:9618?addrs=188.185.206.195-9618&alias=b9p06p8468.cern.ch&noUDP&sock=slot1_4_5427_8ff6_159465>
...
040 (10261767.4895.000) 07/25 14:48:50 Finished transferring input files
...
001 (10261767.4895.000) 07/25 14:48:51 Job executing on host: <188.185.206.195:9618?addrs=188.185.206.195-9618&alias=b9p06p8468.cern.ch&noUDP&sock=startd_4975_03c1>
	SlotName: slot1_4@b9p06p8468.cern.ch
	CondorScratchDir = "/pool/condor/dir_434663"
	Cpus = 12
	Disk = 2734393
	Memory = 24000
...
006 (10261767.4895.000) 07/25 14:48:55 Image size of job updated: 165536
	9  -  MemoryUsage of job (MB)
	8708  -  ResidentSetSize of job (KB)
...
040 (10261767.4895.000) 07/25 14:48:55 Started transferring output files
...
040 (10261767.4895.000) 07/25 14:48:55 Finished transferring output files
...
005 (10261767.4895.000) 07/25 14:48:55 Job terminated.
	(1) Normal termination (return value 0)
		Usr 0 00:00:03, Sys 0 00:00:00  -  Run Remote Usage
		Usr 0 00:00:00, Sys 0 00:00:00  -  Run Local Usage
		Usr 0 00:00:03, Sys 0 00:00:00  -  Total Remote Usage
		Usr 0 00:00:00, Sys 0 00:00:00  -  Total Local Usage
	6676  -  Run Bytes Sent By Job
	409597  -  Run Bytes Received By Job
	6676  -  Total Bytes Sent By Job
	409597  -  Total Bytes Received By Job
	Partitionable Resources :    Usage  Request Allocated 
	   Cpus                 :        0       12        12 
	   Disk (KB)            :      428      425   2734393 
	   Memory (MB)          :        9    24000     24000 

	Job terminated of its own accord at 2024-07-25T12:48:55Z with exit-code 0.
...
000 (10284266.4895.000) 08/02 15:47:06 Job submitted from host: <188.185.114.121:9618?addrs=188.185.114.121-9618+[2001-1458-d00-a--100-273]-9618&alias=bigbird19.cern.ch&noUDP&sock=schedd_4961_696e>
...
000 (10284267.4895.000) 08/02 15:50:12 Job submitted from host: <188.185.114.121:9618?addrs=188.185.114.121-9618+[2001-1458-d00-a--100-273]-9618&alias=bigbird19.cern.ch&noUDP&sock=schedd_4961_696e>
...
009 (10284266.4895.000) 08/02 15:50:39 Job was aborted.
	via condor_rm (by user yelberke)
...
040 (10284267.4895.000) 08/02 17:05:41 Started transferring input files
	Transferring to host: <188.185.206.202:9618?addrs=188.185.206.202-9618+[2001-1458-303-c--100-47]-9618&alias=b9p06p2461.cern.ch&noUDP&sock=slot1_9_9508_fefc_66668>
...
040 (10284267.4895.000) 08/02 17:05:41 Finished transferring input files
...
001 (10284267.4895.000) 08/02 17:05:42 Job executing on host: <188.185.206.202:9618?addrs=188.185.206.202-9618+[2001-1458-303-c--100-47]-9618&alias=b9p06p2461.cern.ch&noUDP&sock=startd_8423_0e4e>
	SlotName: slot1_9@b9p06p2461.cern.ch
	CondorScratchDir = "/pool/condor/dir_4013969"
	Cpus = 12
	Disk = 2532763
	Memory = 24000
...
006 (10284267.4895.000) 08/02 17:05:46 Image size of job updated: 324812
	3  -  MemoryUsage of job (MB)
	2100  -  ResidentSetSize of job (KB)
...
040 (10284267.4895.000) 08/02 17:05:46 Started transferring output files
...
040 (10284267.4895.000) 08/02 17:05:46 Finished transferring output files
...
005 (10284267.4895.000) 08/02 17:05:46 Job terminated.
	(1) Normal termination (return value 139)
		Usr 0 00:00:04, Sys 0 00:00:01  -  Run Remote Usage
		Usr 0 00:00:00, Sys 0 00:00:00  -  Run Local Usage
		Usr 0 00:00:04, Sys 0 00:00:01  -  Total Remote Usage
		Usr 0 00:00:00, Sys 0 00:00:00  -  Total Local Usage
	7696  -  Run Bytes Sent By Job
	409597  -  Run Bytes Received By Job
	7696  -  Total Bytes Sent By Job
	409597  -  Total Bytes Received By Job
	Partitionable Resources :    Usage  Request Allocated 
	   Cpus                 :        0       12        12 
	   Disk (KB)            :      433      425   2532763 
	   Memory (MB)          :        3    24000     24000 

	Job terminated of its own accord at 2024-08-02T15:05:45Z with exit-code 139.
...
