000 (10252905.4933.000) 07/24 16:13:21 Job submitted from host: <188.185.114.121:9618?addrs=188.185.114.121-9618+[2001-1458-d00-a--100-273]-9618&alias=bigbird19.cern.ch&noUDP&sock=schedd_4961_696e>
...
009 (10252905.4933.000) 07/24 16:14:52 Job was aborted.
	via condor_rm (by user yelberke)
...
000 (10252906.4933.000) 07/24 16:15:40 Job submitted from host: <188.185.114.121:9618?addrs=188.185.114.121-9618+[2001-1458-d00-a--100-273]-9618&alias=bigbird19.cern.ch&noUDP&sock=schedd_4961_696e>
...
000 (10252907.4933.000) 07/24 16:17:34 Job submitted from host: <188.185.114.121:9618?addrs=188.185.114.121-9618+[2001-1458-d00-a--100-273]-9618&alias=bigbird19.cern.ch&noUDP&sock=schedd_4961_696e>
...
000 (10252908.4933.000) 07/24 16:18:07 Job submitted from host: <188.185.114.121:9618?addrs=188.185.114.121-9618+[2001-1458-d00-a--100-273]-9618&alias=bigbird19.cern.ch&noUDP&sock=schedd_4961_696e>
...
000 (10252909.4933.000) 07/24 16:18:44 Job submitted from host: <188.185.114.121:9618?addrs=188.185.114.121-9618+[2001-1458-d00-a--100-273]-9618&alias=bigbird19.cern.ch&noUDP&sock=schedd_4961_696e>
...
040 (10252906.4933.000) 07/24 17:12:24 Started transferring input files
	Transferring to host: <188.185.192.41:9618?addrs=188.185.192.41-9618+[2001-1458-303-1f--100-25]-9618&alias=b9p13p1507.cern.ch&noUDP&sock=slot1_6_8455_0ff1_540>
...
040 (10252906.4933.000) 07/24 17:12:24 Finished transferring input files
...
001 (10252906.4933.000) 07/24 17:12:25 Job executing on host: <188.185.192.41:9618?addrs=188.185.192.41-9618+[2001-1458-303-1f--100-25]-9618&alias=b9p13p1507.cern.ch&noUDP&sock=startd_8410_2393>
	SlotName: slot1_6@b9p13p1507.cern.ch
	CondorScratchDir = "/pool/condor/dir_299486"
	Cpus = 8
	Disk = 2992822
	Memory = 16000
...
006 (10252906.4933.000) 07/24 17:12:31 Image size of job updated: 160560
	8  -  MemoryUsage of job (MB)
	8080  -  ResidentSetSize of job (KB)
...
040 (10252906.4933.000) 07/24 17:12:31 Started transferring output files
...
040 (10252906.4933.000) 07/24 17:12:31 Finished transferring output files
...
005 (10252906.4933.000) 07/24 17:12:31 Job terminated.
	(1) Normal termination (return value 0)
		Usr 0 00:00:04, Sys 0 00:00:00  -  Run Remote Usage
		Usr 0 00:00:00, Sys 0 00:00:00  -  Run Local Usage
		Usr 0 00:00:04, Sys 0 00:00:00  -  Total Remote Usage
		Usr 0 00:00:00, Sys 0 00:00:00  -  Total Local Usage
	6201  -  Run Bytes Sent By Job
	409597  -  Run Bytes Received By Job
	6201  -  Total Bytes Sent By Job
	409597  -  Total Bytes Received By Job
	Partitionable Resources :    Usage  Request Allocated 
	   Cpus                 :        0        8         8 
	   Disk (KB)            :      428      425   2992822 
	   Memory (MB)          :        8    16000     16000 

	Job terminated of its own accord at 2024-07-24T15:12:31Z with exit-code 0.
...
040 (10252907.4933.000) 07/24 18:22:51 Started transferring input files
	Transferring to host: <188.185.205.226:9618?addrs=188.185.205.226-9618&alias=b9p04p3185.cern.ch&noUDP&sock=slot1_10_6915_fe32_155415>
...
040 (10252907.4933.000) 07/24 18:22:51 Finished transferring input files
...
001 (10252907.4933.000) 07/24 18:22:52 Job executing on host: <188.185.205.226:9618?addrs=188.185.205.226-9618&alias=b9p04p3185.cern.ch&noUDP&sock=startd_6849_6c3c>
	SlotName: slot1_10@b9p04p3185.cern.ch
	CondorScratchDir = "/pool/condor/dir_2099025"
	Cpus = 8
	Disk = 2724249
	Memory = 16000
...
006 (10252907.4933.000) 07/24 18:22:56 Image size of job updated: 157652
	7  -  MemoryUsage of job (MB)
	6548  -  ResidentSetSize of job (KB)
...
040 (10252907.4933.000) 07/24 18:22:57 Started transferring output files
...
040 (10252907.4933.000) 07/24 18:22:57 Finished transferring output files
...
005 (10252907.4933.000) 07/24 18:22:57 Job terminated.
	(1) Normal termination (return value 0)
		Usr 0 00:00:03, Sys 0 00:00:00  -  Run Remote Usage
		Usr 0 00:00:00, Sys 0 00:00:00  -  Run Local Usage
		Usr 0 00:00:03, Sys 0 00:00:00  -  Total Remote Usage
		Usr 0 00:00:00, Sys 0 00:00:00  -  Total Local Usage
	6204  -  Run Bytes Sent By Job
	409597  -  Run Bytes Received By Job
	6204  -  Total Bytes Sent By Job
	409597  -  Total Bytes Received By Job
	Partitionable Resources :    Usage  Request Allocated 
	   Cpus                 :        0        8         8 
	   Disk (KB)            :      428      425   2724249 
	   Memory (MB)          :        7    16000     16000 

	Job terminated of its own accord at 2024-07-24T16:22:56Z with exit-code 0.
...
040 (10252908.4933.000) 07/24 19:27:05 Started transferring input files
	Transferring to host: <188.185.206.138:9618?addrs=188.185.206.138-9618&alias=b9p06p1159.cern.ch&noUDP&sock=slot1_13_7389_f806_158293>
...
040 (10252908.4933.000) 07/24 19:27:05 Finished transferring input files
...
001 (10252908.4933.000) 07/24 19:27:06 Job executing on host: <188.185.206.138:9618?addrs=188.185.206.138-9618&alias=b9p06p1159.cern.ch&noUDP&sock=startd_7322_dc88>
	SlotName: slot1_13@b9p06p1159.cern.ch
	CondorScratchDir = "/pool/condor/dir_4170764"
	Cpus = 8
	Disk = 2741207
	Memory = 16000
...
006 (10252908.4933.000) 07/24 19:27:11 Image size of job updated: 157456
	7  -  MemoryUsage of job (MB)
	7032  -  ResidentSetSize of job (KB)
...
040 (10252908.4933.000) 07/24 19:27:11 Started transferring output files
...
040 (10252908.4933.000) 07/24 19:27:11 Finished transferring output files
...
005 (10252908.4933.000) 07/24 19:27:11 Job terminated.
	(1) Normal termination (return value 0)
		Usr 0 00:00:04, Sys 0 00:00:00  -  Run Remote Usage
		Usr 0 00:00:00, Sys 0 00:00:00  -  Run Local Usage
		Usr 0 00:00:04, Sys 0 00:00:00  -  Total Remote Usage
		Usr 0 00:00:00, Sys 0 00:00:00  -  Total Local Usage
	6204  -  Run Bytes Sent By Job
	409597  -  Run Bytes Received By Job
	6204  -  Total Bytes Sent By Job
	409597  -  Total Bytes Received By Job
	Partitionable Resources :    Usage  Request Allocated 
	   Cpus                 :        0        8         8 
	   Disk (KB)            :      428      425   2741207 
	   Memory (MB)          :        7    16000     16000 

	Job terminated of its own accord at 2024-07-24T17:27:11Z with exit-code 0.
...
040 (10252909.4933.000) 07/24 20:23:46 Started transferring input files
	Transferring to host: <188.185.194.11:9618?addrs=188.185.194.11-9618+[2001-1458-303-21--100-7]-9618&alias=b9p20p3359.cern.ch&noUDP&sock=slot1_9_176732_6e8c_25031>
...
040 (10252909.4933.000) 07/24 20:23:46 Finished transferring input files
...
001 (10252909.4933.000) 07/24 20:23:47 Job executing on host: <188.185.194.11:9618?addrs=188.185.194.11-9618+[2001-1458-303-21--100-7]-9618&alias=b9p20p3359.cern.ch&noUDP&sock=startd_167080_8fb5>
	SlotName: slot1_9@b9p20p3359.cern.ch
	CondorScratchDir = "/pool/condor/dir_32296"
	Cpus = 8
	Disk = 2906474
	Memory = 16000
...
006 (10252909.4933.000) 07/24 20:23:54 Image size of job updated: 166392
	10  -  MemoryUsage of job (MB)
	10132  -  ResidentSetSize of job (KB)
...
040 (10252909.4933.000) 07/24 20:23:54 Started transferring output files
...
040 (10252909.4933.000) 07/24 20:23:54 Finished transferring output files
...
005 (10252909.4933.000) 07/24 20:23:54 Job terminated.
	(1) Normal termination (return value 0)
		Usr 0 00:00:06, Sys 0 00:00:00  -  Run Remote Usage
		Usr 0 00:00:00, Sys 0 00:00:00  -  Run Local Usage
		Usr 0 00:00:06, Sys 0 00:00:00  -  Total Remote Usage
		Usr 0 00:00:00, Sys 0 00:00:00  -  Total Local Usage
	6204  -  Run Bytes Sent By Job
	409597  -  Run Bytes Received By Job
	6204  -  Total Bytes Sent By Job
	409597  -  Total Bytes Received By Job
	Partitionable Resources :    Usage  Request Allocated 
	   Cpus                 :        0        8         8 
	   Disk (KB)            :      428      425   2906474 
	   Memory (MB)          :       10    16000     16000 

	Job terminated of its own accord at 2024-07-24T18:23:54Z with exit-code 0.
...
000 (10261715.4933.000) 07/25 13:03:18 Job submitted from host: <188.185.114.121:9618?addrs=188.185.114.121-9618+[2001-1458-d00-a--100-273]-9618&alias=bigbird19.cern.ch&noUDP&sock=schedd_4961_696e>
...
009 (10261715.4933.000) 07/25 13:07:01 Job was aborted.
	via condor_rm (by user yelberke)
...
000 (10261767.4933.000) 07/25 13:20:43 Job submitted from host: <188.185.114.121:9618?addrs=188.185.114.121-9618+[2001-1458-d00-a--100-273]-9618&alias=bigbird19.cern.ch&noUDP&sock=schedd_4961_696e>
...
040 (10261767.4933.000) 07/25 14:49:02 Started transferring input files
	Transferring to host: <188.185.205.77:9618?addrs=188.185.205.77-9618+[2001-1458-303-9--100-c1]-9618&alias=b9p03p0676.cern.ch&noUDP&sock=slot1_4_6833_376f_158592>
...
040 (10261767.4933.000) 07/25 14:49:02 Finished transferring input files
...
001 (10261767.4933.000) 07/25 14:49:03 Job executing on host: <188.185.205.77:9618?addrs=188.185.205.77-9618+[2001-1458-303-9--100-c1]-9618&alias=b9p03p0676.cern.ch&noUDP&sock=startd_6477_4301>
	SlotName: slot1_4@b9p03p0676.cern.ch
	CondorScratchDir = "/pool/condor/dir_3632850"
	Cpus = 12
	Disk = 2627339
	Memory = 24000
...
006 (10261767.4933.000) 07/25 14:49:07 Image size of job updated: 160448
	7  -  MemoryUsage of job (MB)
	6792  -  ResidentSetSize of job (KB)
...
040 (10261767.4933.000) 07/25 14:49:07 Started transferring output files
...
040 (10261767.4933.000) 07/25 14:49:07 Finished transferring output files
...
005 (10261767.4933.000) 07/25 14:49:07 Job terminated.
	(1) Normal termination (return value 0)
		Usr 0 00:00:03, Sys 0 00:00:00  -  Run Remote Usage
		Usr 0 00:00:00, Sys 0 00:00:00  -  Run Local Usage
		Usr 0 00:00:03, Sys 0 00:00:00  -  Total Remote Usage
		Usr 0 00:00:00, Sys 0 00:00:00  -  Total Local Usage
	6676  -  Run Bytes Sent By Job
	409597  -  Run Bytes Received By Job
	6676  -  Total Bytes Sent By Job
	409597  -  Total Bytes Received By Job
	Partitionable Resources :    Usage  Request Allocated 
	   Cpus                 :        0       12        12 
	   Disk (KB)            :      429      425   2627339 
	   Memory (MB)          :        7    24000     24000 

	Job terminated of its own accord at 2024-07-25T12:49:07Z with exit-code 0.
...
000 (10284266.4933.000) 08/02 15:47:07 Job submitted from host: <188.185.114.121:9618?addrs=188.185.114.121-9618+[2001-1458-d00-a--100-273]-9618&alias=bigbird19.cern.ch&noUDP&sock=schedd_4961_696e>
...
000 (10284267.4933.000) 08/02 15:50:12 Job submitted from host: <188.185.114.121:9618?addrs=188.185.114.121-9618+[2001-1458-d00-a--100-273]-9618&alias=bigbird19.cern.ch&noUDP&sock=schedd_4961_696e>
...
009 (10284266.4933.000) 08/02 15:50:39 Job was aborted.
	via condor_rm (by user yelberke)
...
040 (10284267.4933.000) 08/02 17:06:39 Started transferring input files
	Transferring to host: <188.185.194.51:9618?addrs=188.185.194.51-9618+[2001-1458-303-21--100-2f]-9618&alias=b9p20p9508.cern.ch&noUDP&sock=slot1_3_4062828_9dd7_12049>
...
040 (10284267.4933.000) 08/02 17:06:39 Finished transferring input files
...
001 (10284267.4933.000) 08/02 17:06:40 Job executing on host: <188.185.194.51:9618?addrs=188.185.194.51-9618+[2001-1458-303-21--100-2f]-9618&alias=b9p20p9508.cern.ch&noUDP&sock=startd_175101_4cd9>
	SlotName: slot1_3@b9p20p9508.cern.ch
	CondorScratchDir = "/pool/condor/dir_3924075"
	Cpus = 12
	Disk = 2976363
	Memory = 24000
...
006 (10284267.4933.000) 08/02 17:06:43 Image size of job updated: 315056
	6  -  MemoryUsage of job (MB)
	5336  -  ResidentSetSize of job (KB)
...
040 (10284267.4933.000) 08/02 17:06:43 Started transferring output files
...
040 (10284267.4933.000) 08/02 17:06:43 Finished transferring output files
...
005 (10284267.4933.000) 08/02 17:06:43 Job terminated.
	(1) Normal termination (return value 139)
		Usr 0 00:00:03, Sys 0 00:00:00  -  Run Remote Usage
		Usr 0 00:00:00, Sys 0 00:00:00  -  Run Local Usage
		Usr 0 00:00:03, Sys 0 00:00:00  -  Total Remote Usage
		Usr 0 00:00:00, Sys 0 00:00:00  -  Total Local Usage
	7696  -  Run Bytes Sent By Job
	409597  -  Run Bytes Received By Job
	7696  -  Total Bytes Sent By Job
	409597  -  Total Bytes Received By Job
	Partitionable Resources :    Usage  Request Allocated 
	   Cpus                 :        0       12        12 
	   Disk (KB)            :      429      425   2976363 
	   Memory (MB)          :        6    24000     24000 

	Job terminated of its own accord at 2024-08-02T15:06:43Z with exit-code 139.
...
