000 (10252905.4934.000) 07/24 16:13:21 Job submitted from host: <188.185.114.121:9618?addrs=188.185.114.121-9618+[2001-1458-d00-a--100-273]-9618&alias=bigbird19.cern.ch&noUDP&sock=schedd_4961_696e>
...
009 (10252905.4934.000) 07/24 16:14:52 Job was aborted.
	via condor_rm (by user yelberke)
...
000 (10252906.4934.000) 07/24 16:15:40 Job submitted from host: <188.185.114.121:9618?addrs=188.185.114.121-9618+[2001-1458-d00-a--100-273]-9618&alias=bigbird19.cern.ch&noUDP&sock=schedd_4961_696e>
...
000 (10252907.4934.000) 07/24 16:17:34 Job submitted from host: <188.185.114.121:9618?addrs=188.185.114.121-9618+[2001-1458-d00-a--100-273]-9618&alias=bigbird19.cern.ch&noUDP&sock=schedd_4961_696e>
...
000 (10252908.4934.000) 07/24 16:18:07 Job submitted from host: <188.185.114.121:9618?addrs=188.185.114.121-9618+[2001-1458-d00-a--100-273]-9618&alias=bigbird19.cern.ch&noUDP&sock=schedd_4961_696e>
...
000 (10252909.4934.000) 07/24 16:18:44 Job submitted from host: <188.185.114.121:9618?addrs=188.185.114.121-9618+[2001-1458-d00-a--100-273]-9618&alias=bigbird19.cern.ch&noUDP&sock=schedd_4961_696e>
...
040 (10252906.4934.000) 07/24 17:12:25 Started transferring input files
	Transferring to host: <188.185.209.81:9618?addrs=188.185.209.81-9618+[2001-1458-303-11--100-4e]-9618&alias=b9p11p4508.cern.ch&noUDP&sock=slot1_8_4154_9e62_83885>
...
040 (10252906.4934.000) 07/24 17:12:25 Finished transferring input files
...
001 (10252906.4934.000) 07/24 17:12:26 Job executing on host: <188.185.209.81:9618?addrs=188.185.209.81-9618+[2001-1458-303-11--100-4e]-9618&alias=b9p11p4508.cern.ch&noUDP&sock=startd_3498_ea5f>
	SlotName: slot1_8@b9p11p4508.cern.ch
	CondorScratchDir = "/pool/condor/dir_386396"
	Cpus = 8
	Disk = 2416843
	Memory = 16000
...
006 (10252906.4934.000) 07/24 17:12:31 Image size of job updated: 159436
	8  -  MemoryUsage of job (MB)
	8108  -  ResidentSetSize of job (KB)
...
040 (10252906.4934.000) 07/24 17:12:31 Started transferring output files
...
040 (10252906.4934.000) 07/24 17:12:31 Finished transferring output files
...
005 (10252906.4934.000) 07/24 17:12:31 Job terminated.
	(1) Normal termination (return value 0)
		Usr 0 00:00:03, Sys 0 00:00:00  -  Run Remote Usage
		Usr 0 00:00:00, Sys 0 00:00:00  -  Run Local Usage
		Usr 0 00:00:03, Sys 0 00:00:00  -  Total Remote Usage
		Usr 0 00:00:00, Sys 0 00:00:00  -  Total Local Usage
	6201  -  Run Bytes Sent By Job
	409597  -  Run Bytes Received By Job
	6201  -  Total Bytes Sent By Job
	409597  -  Total Bytes Received By Job
	Partitionable Resources :    Usage  Request Allocated 
	   Cpus                 :        0        8         8 
	   Disk (KB)            :      428      425   2416843 
	   Memory (MB)          :        8    16000     16000 

	Job terminated of its own accord at 2024-07-24T15:12:31Z with exit-code 0.
...
040 (10252907.4934.000) 07/24 18:22:52 Started transferring input files
	Transferring to host: <188.185.208.49:9618?addrs=188.185.208.49-9618+[2001-1458-303-f--100-2e]-9618&alias=b9p09p7364.cern.ch&noUDP&sock=slot1_13_5230_c20e_142813>
...
040 (10252907.4934.000) 07/24 18:22:52 Finished transferring input files
...
001 (10252907.4934.000) 07/24 18:22:53 Job executing on host: <188.185.208.49:9618?addrs=188.185.208.49-9618+[2001-1458-303-f--100-2e]-9618&alias=b9p09p7364.cern.ch&noUDP&sock=startd_4327_8a62>
	SlotName: slot1_13@b9p09p7364.cern.ch
	CondorScratchDir = "/pool/condor/dir_3831473"
	Cpus = 8
	Disk = 2884152
	Memory = 16000
...
006 (10252907.4934.000) 07/24 18:22:58 Image size of job updated: 159680
	8  -  MemoryUsage of job (MB)
	7308  -  ResidentSetSize of job (KB)
...
040 (10252907.4934.000) 07/24 18:22:58 Started transferring output files
...
040 (10252907.4934.000) 07/24 18:22:58 Finished transferring output files
...
005 (10252907.4934.000) 07/24 18:22:58 Job terminated.
	(1) Normal termination (return value 0)
		Usr 0 00:00:04, Sys 0 00:00:00  -  Run Remote Usage
		Usr 0 00:00:00, Sys 0 00:00:00  -  Run Local Usage
		Usr 0 00:00:04, Sys 0 00:00:00  -  Total Remote Usage
		Usr 0 00:00:00, Sys 0 00:00:00  -  Total Local Usage
	6204  -  Run Bytes Sent By Job
	409597  -  Run Bytes Received By Job
	6204  -  Total Bytes Sent By Job
	409597  -  Total Bytes Received By Job
	Partitionable Resources :    Usage  Request Allocated 
	   Cpus                 :        0        8         8 
	   Disk (KB)            :      428      425   2884152 
	   Memory (MB)          :        8    16000     16000 

	Job terminated of its own accord at 2024-07-24T16:22:58Z with exit-code 0.
...
040 (10252908.4934.000) 07/24 19:27:05 Started transferring input files
	Transferring to host: <188.185.206.216:9618?addrs=188.185.206.216-9618&alias=b9p06p6434.cern.ch&noUDP&sock=slot1_19_6544_9703_154190>
...
040 (10252908.4934.000) 07/24 19:27:05 Finished transferring input files
...
001 (10252908.4934.000) 07/24 19:27:06 Job executing on host: <188.185.206.216:9618?addrs=188.185.206.216-9618&alias=b9p06p6434.cern.ch&noUDP&sock=startd_6078_94b7>
	SlotName: slot1_19@b9p06p6434.cern.ch
	CondorScratchDir = "/pool/condor/dir_620829"
	Cpus = 8
	Disk = 2740615
	Memory = 16000
...
006 (10252908.4934.000) 07/24 19:27:11 Image size of job updated: 163284
	10  -  MemoryUsage of job (MB)
	10216  -  ResidentSetSize of job (KB)
...
040 (10252908.4934.000) 07/24 19:27:11 Started transferring output files
...
040 (10252908.4934.000) 07/24 19:27:11 Finished transferring output files
...
005 (10252908.4934.000) 07/24 19:27:11 Job terminated.
	(1) Normal termination (return value 0)
		Usr 0 00:00:03, Sys 0 00:00:00  -  Run Remote Usage
		Usr 0 00:00:00, Sys 0 00:00:00  -  Run Local Usage
		Usr 0 00:00:03, Sys 0 00:00:00  -  Total Remote Usage
		Usr 0 00:00:00, Sys 0 00:00:00  -  Total Local Usage
	6204  -  Run Bytes Sent By Job
	409597  -  Run Bytes Received By Job
	6204  -  Total Bytes Sent By Job
	409597  -  Total Bytes Received By Job
	Partitionable Resources :    Usage  Request Allocated 
	   Cpus                 :        0        8         8 
	   Disk (KB)            :      428      425   2740615 
	   Memory (MB)          :       10    16000     16000 

	Job terminated of its own accord at 2024-07-24T17:27:11Z with exit-code 0.
...
040 (10252909.4934.000) 07/24 20:23:46 Started transferring input files
	Transferring to host: <188.185.205.112:9618?addrs=188.185.205.112-9618+[2001-1458-303-9--100-6d]-9618&alias=b9p03p6940.cern.ch&noUDP&sock=slot1_30_6785_656d_156239>
...
040 (10252909.4934.000) 07/24 20:23:46 Finished transferring input files
...
001 (10252909.4934.000) 07/24 20:23:47 Job executing on host: <188.185.205.112:9618?addrs=188.185.205.112-9618+[2001-1458-303-9--100-6d]-9618&alias=b9p03p6940.cern.ch&noUDP&sock=startd_6713_235b>
	SlotName: slot1_30@b9p03p6940.cern.ch
	CondorScratchDir = "/pool/condor/dir_2159017"
	Cpus = 8
	Disk = 2789038
	Memory = 16000
...
006 (10252909.4934.000) 07/24 20:23:51 Image size of job updated: 165912
	12  -  MemoryUsage of job (MB)
	11380  -  ResidentSetSize of job (KB)
...
040 (10252909.4934.000) 07/24 20:23:51 Started transferring output files
...
040 (10252909.4934.000) 07/24 20:23:51 Finished transferring output files
...
005 (10252909.4934.000) 07/24 20:23:51 Job terminated.
	(1) Normal termination (return value 0)
		Usr 0 00:00:03, Sys 0 00:00:00  -  Run Remote Usage
		Usr 0 00:00:00, Sys 0 00:00:00  -  Run Local Usage
		Usr 0 00:00:03, Sys 0 00:00:00  -  Total Remote Usage
		Usr 0 00:00:00, Sys 0 00:00:00  -  Total Local Usage
	6204  -  Run Bytes Sent By Job
	409597  -  Run Bytes Received By Job
	6204  -  Total Bytes Sent By Job
	409597  -  Total Bytes Received By Job
	Partitionable Resources :    Usage  Request Allocated 
	   Cpus                 :        0        8         8 
	   Disk (KB)            :      428      425   2789038 
	   Memory (MB)          :       12    16000     16000 

	Job terminated of its own accord at 2024-07-24T18:23:51Z with exit-code 0.
...
000 (10261715.4934.000) 07/25 13:03:18 Job submitted from host: <188.185.114.121:9618?addrs=188.185.114.121-9618+[2001-1458-d00-a--100-273]-9618&alias=bigbird19.cern.ch&noUDP&sock=schedd_4961_696e>
...
009 (10261715.4934.000) 07/25 13:07:01 Job was aborted.
	via condor_rm (by user yelberke)
...
000 (10261767.4934.000) 07/25 13:20:43 Job submitted from host: <188.185.114.121:9618?addrs=188.185.114.121-9618+[2001-1458-d00-a--100-273]-9618&alias=bigbird19.cern.ch&noUDP&sock=schedd_4961_696e>
...
040 (10261767.4934.000) 07/25 14:49:03 Started transferring input files
	Transferring to host: <188.185.205.77:9618?addrs=188.185.205.77-9618+[2001-1458-303-9--100-c1]-9618&alias=b9p03p0676.cern.ch&noUDP&sock=slot1_5_6833_376f_158593>
...
040 (10261767.4934.000) 07/25 14:49:03 Finished transferring input files
...
001 (10261767.4934.000) 07/25 14:49:04 Job executing on host: <188.185.205.77:9618?addrs=188.185.205.77-9618+[2001-1458-303-9--100-c1]-9618&alias=b9p03p0676.cern.ch&noUDP&sock=startd_6477_4301>
	SlotName: slot1_5@b9p03p0676.cern.ch
	CondorScratchDir = "/pool/condor/dir_3633822"
	Cpus = 12
	Disk = 2627321
	Memory = 24000
...
006 (10261767.4934.000) 07/25 14:49:08 Image size of job updated: 165656
	10  -  MemoryUsage of job (MB)
	9428  -  ResidentSetSize of job (KB)
...
040 (10261767.4934.000) 07/25 14:49:08 Started transferring output files
...
040 (10261767.4934.000) 07/25 14:49:08 Finished transferring output files
...
005 (10261767.4934.000) 07/25 14:49:08 Job terminated.
	(1) Normal termination (return value 0)
		Usr 0 00:00:03, Sys 0 00:00:00  -  Run Remote Usage
		Usr 0 00:00:00, Sys 0 00:00:00  -  Run Local Usage
		Usr 0 00:00:03, Sys 0 00:00:00  -  Total Remote Usage
		Usr 0 00:00:00, Sys 0 00:00:00  -  Total Local Usage
	6676  -  Run Bytes Sent By Job
	409597  -  Run Bytes Received By Job
	6676  -  Total Bytes Sent By Job
	409597  -  Total Bytes Received By Job
	Partitionable Resources :    Usage  Request Allocated 
	   Cpus                 :        0       12        12 
	   Disk (KB)            :      429      425   2627321 
	   Memory (MB)          :       10    24000     24000 

	Job terminated of its own accord at 2024-07-25T12:49:08Z with exit-code 0.
...
000 (10284266.4934.000) 08/02 15:47:07 Job submitted from host: <188.185.114.121:9618?addrs=188.185.114.121-9618+[2001-1458-d00-a--100-273]-9618&alias=bigbird19.cern.ch&noUDP&sock=schedd_4961_696e>
...
000 (10284267.4934.000) 08/02 15:50:12 Job submitted from host: <188.185.114.121:9618?addrs=188.185.114.121-9618+[2001-1458-d00-a--100-273]-9618&alias=bigbird19.cern.ch&noUDP&sock=schedd_4961_696e>
...
009 (10284266.4934.000) 08/02 15:50:39 Job was aborted.
	via condor_rm (by user yelberke)
...
040 (10284267.4934.000) 08/02 17:06:39 Started transferring input files
	Transferring to host: <188.185.208.218:9618?addrs=188.185.208.218-9618+[2001-1458-303-10--100-57]-9618&alias=b9p10p3098.cern.ch&noUDP&sock=slot1_1_5320_2bd1_153552>
...
040 (10284267.4934.000) 08/02 17:06:39 Finished transferring input files
...
001 (10284267.4934.000) 08/02 17:06:40 Job executing on host: <188.185.208.218:9618?addrs=188.185.208.218-9618+[2001-1458-303-10--100-57]-9618&alias=b9p10p3098.cern.ch&noUDP&sock=startd_4441_bc2e>
	SlotName: slot1_1@b9p10p3098.cern.ch
	CondorScratchDir = "/pool/condor/dir_2053146"
	Cpus = 12
	Disk = 2762387
	Memory = 24000
...
006 (10284267.4934.000) 08/02 17:06:42 Image size of job updated: 324356
	4  -  MemoryUsage of job (MB)
	3780  -  ResidentSetSize of job (KB)
...
040 (10284267.4934.000) 08/02 17:06:43 Started transferring output files
...
040 (10284267.4934.000) 08/02 17:06:43 Finished transferring output files
...
005 (10284267.4934.000) 08/02 17:06:43 Job terminated.
	(1) Normal termination (return value 139)
		Usr 0 00:00:02, Sys 0 00:00:00  -  Run Remote Usage
		Usr 0 00:00:00, Sys 0 00:00:00  -  Run Local Usage
		Usr 0 00:00:02, Sys 0 00:00:00  -  Total Remote Usage
		Usr 0 00:00:00, Sys 0 00:00:00  -  Total Local Usage
	7696  -  Run Bytes Sent By Job
	409597  -  Run Bytes Received By Job
	7696  -  Total Bytes Sent By Job
	409597  -  Total Bytes Received By Job
	Partitionable Resources :    Usage  Request Allocated 
	   Cpus                 :                12        12 
	   Disk (KB)            :      421      425   2762387 
	   Memory (MB)          :        4    24000     24000 

	Job terminated of its own accord at 2024-08-02T15:06:42Z with exit-code 139.
...
