000 (10252905.4936.000) 07/24 16:13:21 Job submitted from host: <188.185.114.121:9618?addrs=188.185.114.121-9618+[2001-1458-d00-a--100-273]-9618&alias=bigbird19.cern.ch&noUDP&sock=schedd_4961_696e>
...
009 (10252905.4936.000) 07/24 16:14:52 Job was aborted.
	via condor_rm (by user yelberke)
...
000 (10252906.4936.000) 07/24 16:15:40 Job submitted from host: <188.185.114.121:9618?addrs=188.185.114.121-9618+[2001-1458-d00-a--100-273]-9618&alias=bigbird19.cern.ch&noUDP&sock=schedd_4961_696e>
...
000 (10252907.4936.000) 07/24 16:17:34 Job submitted from host: <188.185.114.121:9618?addrs=188.185.114.121-9618+[2001-1458-d00-a--100-273]-9618&alias=bigbird19.cern.ch&noUDP&sock=schedd_4961_696e>
...
000 (10252908.4936.000) 07/24 16:18:08 Job submitted from host: <188.185.114.121:9618?addrs=188.185.114.121-9618+[2001-1458-d00-a--100-273]-9618&alias=bigbird19.cern.ch&noUDP&sock=schedd_4961_696e>
...
000 (10252909.4936.000) 07/24 16:18:44 Job submitted from host: <188.185.114.121:9618?addrs=188.185.114.121-9618+[2001-1458-d00-a--100-273]-9618&alias=bigbird19.cern.ch&noUDP&sock=schedd_4961_696e>
...
040 (10252906.4936.000) 07/24 17:12:27 Started transferring input files
	Transferring to host: <188.185.209.53:9618?addrs=188.185.209.53-9618+[2001-1458-303-11--100-32]-9618&alias=b9p11p4325.cern.ch&noUDP&sock=slot1_18_9024_f968_144620>
...
040 (10252906.4936.000) 07/24 17:12:27 Finished transferring input files
...
001 (10252906.4936.000) 07/24 17:12:28 Job executing on host: <188.185.209.53:9618?addrs=188.185.209.53-9618+[2001-1458-303-11--100-32]-9618&alias=b9p11p4325.cern.ch&noUDP&sock=startd_7723_ea02>
	SlotName: slot1_18@b9p11p4325.cern.ch
	CondorScratchDir = "/pool/condor/dir_3279097"
	Cpus = 8
	Disk = 2944803
	Memory = 16000
...
006 (10252906.4936.000) 07/24 17:12:32 Image size of job updated: 160712
	8  -  MemoryUsage of job (MB)
	8128  -  ResidentSetSize of job (KB)
...
040 (10252906.4936.000) 07/24 17:12:32 Started transferring output files
...
040 (10252906.4936.000) 07/24 17:12:32 Finished transferring output files
...
005 (10252906.4936.000) 07/24 17:12:33 Job terminated.
	(1) Normal termination (return value 0)
		Usr 0 00:00:03, Sys 0 00:00:00  -  Run Remote Usage
		Usr 0 00:00:00, Sys 0 00:00:00  -  Run Local Usage
		Usr 0 00:00:03, Sys 0 00:00:00  -  Total Remote Usage
		Usr 0 00:00:00, Sys 0 00:00:00  -  Total Local Usage
	6201  -  Run Bytes Sent By Job
	409597  -  Run Bytes Received By Job
	6201  -  Total Bytes Sent By Job
	409597  -  Total Bytes Received By Job
	Partitionable Resources :    Usage  Request Allocated 
	   Cpus                 :        0        8         8 
	   Disk (KB)            :      428      425   2944803 
	   Memory (MB)          :        8    16000     16000 

	Job terminated of its own accord at 2024-07-24T15:12:32Z with exit-code 0.
...
040 (10252907.4936.000) 07/24 18:22:52 Started transferring input files
	Transferring to host: <188.185.205.23:9618?addrs=188.185.205.23-9618+[2001-1458-303-9--100-8b]-9618&alias=b9p03p3696.cern.ch&noUDP&sock=slot1_3_6701_35ea_156401>
...
040 (10252907.4936.000) 07/24 18:22:52 Finished transferring input files
...
001 (10252907.4936.000) 07/24 18:22:53 Job executing on host: <188.185.205.23:9618?addrs=188.185.205.23-9618+[2001-1458-303-9--100-8b]-9618&alias=b9p03p3696.cern.ch&noUDP&sock=startd_6253_9dca>
	SlotName: slot1_3@b9p03p3696.cern.ch
	CondorScratchDir = "/pool/condor/dir_4030668"
	Cpus = 8
	Disk = 2779773
	Memory = 16000
...
006 (10252907.4936.000) 07/24 18:22:57 Image size of job updated: 160212
	8  -  MemoryUsage of job (MB)
	7920  -  ResidentSetSize of job (KB)
...
040 (10252907.4936.000) 07/24 18:22:57 Started transferring output files
...
040 (10252907.4936.000) 07/24 18:22:57 Finished transferring output files
...
005 (10252907.4936.000) 07/24 18:22:57 Job terminated.
	(1) Normal termination (return value 0)
		Usr 0 00:00:03, Sys 0 00:00:00  -  Run Remote Usage
		Usr 0 00:00:00, Sys 0 00:00:00  -  Run Local Usage
		Usr 0 00:00:03, Sys 0 00:00:00  -  Total Remote Usage
		Usr 0 00:00:00, Sys 0 00:00:00  -  Total Local Usage
	6204  -  Run Bytes Sent By Job
	409597  -  Run Bytes Received By Job
	6204  -  Total Bytes Sent By Job
	409597  -  Total Bytes Received By Job
	Partitionable Resources :    Usage  Request Allocated 
	   Cpus                 :        0        8         8 
	   Disk (KB)            :      428      425   2779773 
	   Memory (MB)          :        8    16000     16000 

	Job terminated of its own accord at 2024-07-24T16:22:57Z with exit-code 0.
...
040 (10252908.4936.000) 07/24 19:27:06 Started transferring input files
	Transferring to host: <188.185.209.39:9618?addrs=188.185.209.39-9618+[2001-1458-303-11--100-24]-9618&alias=b9p11p9946.cern.ch&noUDP&sock=slot1_2_7565_fa0d_146528>
...
040 (10252908.4936.000) 07/24 19:27:06 Finished transferring input files
...
001 (10252908.4936.000) 07/24 19:27:07 Job executing on host: <188.185.209.39:9618?addrs=188.185.209.39-9618+[2001-1458-303-11--100-24]-9618&alias=b9p11p9946.cern.ch&noUDP&sock=startd_6035_1625>
	SlotName: slot1_2@b9p11p9946.cern.ch
	CondorScratchDir = "/pool/condor/dir_3790478"
	Cpus = 8
	Disk = 2892762
	Memory = 16000
...
006 (10252908.4936.000) 07/24 19:27:15 Image size of job updated: 157976
	8  -  MemoryUsage of job (MB)
	7188  -  ResidentSetSize of job (KB)
...
040 (10252908.4936.000) 07/24 19:27:15 Started transferring output files
...
040 (10252908.4936.000) 07/24 19:27:15 Finished transferring output files
...
005 (10252908.4936.000) 07/24 19:27:15 Job terminated.
	(1) Normal termination (return value 0)
		Usr 0 00:00:05, Sys 0 00:00:00  -  Run Remote Usage
		Usr 0 00:00:00, Sys 0 00:00:00  -  Run Local Usage
		Usr 0 00:00:05, Sys 0 00:00:00  -  Total Remote Usage
		Usr 0 00:00:00, Sys 0 00:00:00  -  Total Local Usage
	6204  -  Run Bytes Sent By Job
	409597  -  Run Bytes Received By Job
	6204  -  Total Bytes Sent By Job
	409597  -  Total Bytes Received By Job
	Partitionable Resources :    Usage  Request Allocated 
	   Cpus                 :        0        8         8 
	   Disk (KB)            :      428      425   2892762 
	   Memory (MB)          :        8    16000     16000 

	Job terminated of its own accord at 2024-07-24T17:27:15Z with exit-code 0.
...
040 (10252909.4936.000) 07/24 20:23:47 Started transferring input files
	Transferring to host: <188.185.204.253:9618?addrs=188.185.204.253-9618+[2001-1458-303-8--100-7a]-9618&alias=b9p02p8717.cern.ch&noUDP&sock=slot1_11_7342_da64_154259>
...
040 (10252909.4936.000) 07/24 20:23:47 Finished transferring input files
...
001 (10252909.4936.000) 07/24 20:23:48 Job executing on host: <188.185.204.253:9618?addrs=188.185.204.253-9618+[2001-1458-303-8--100-7a]-9618&alias=b9p02p8717.cern.ch&noUDP&sock=startd_7272_90cc>
	SlotName: slot1_11@b9p02p8717.cern.ch
	CondorScratchDir = "/pool/condor/dir_700112"
	Cpus = 8
	Disk = 2886884
	Memory = 16000
...
006 (10252909.4936.000) 07/24 20:23:53 Image size of job updated: 166472
	12  -  MemoryUsage of job (MB)
	11516  -  ResidentSetSize of job (KB)
...
040 (10252909.4936.000) 07/24 20:23:53 Started transferring output files
...
040 (10252909.4936.000) 07/24 20:23:53 Finished transferring output files
...
005 (10252909.4936.000) 07/24 20:23:53 Job terminated.
	(1) Normal termination (return value 0)
		Usr 0 00:00:03, Sys 0 00:00:00  -  Run Remote Usage
		Usr 0 00:00:00, Sys 0 00:00:00  -  Run Local Usage
		Usr 0 00:00:03, Sys 0 00:00:00  -  Total Remote Usage
		Usr 0 00:00:00, Sys 0 00:00:00  -  Total Local Usage
	6204  -  Run Bytes Sent By Job
	409597  -  Run Bytes Received By Job
	6204  -  Total Bytes Sent By Job
	409597  -  Total Bytes Received By Job
	Partitionable Resources :    Usage  Request Allocated 
	   Cpus                 :        0        8         8 
	   Disk (KB)            :      428      425   2886884 
	   Memory (MB)          :       12    16000     16000 

	Job terminated of its own accord at 2024-07-24T18:23:53Z with exit-code 0.
...
000 (10261715.4936.000) 07/25 13:03:18 Job submitted from host: <188.185.114.121:9618?addrs=188.185.114.121-9618+[2001-1458-d00-a--100-273]-9618&alias=bigbird19.cern.ch&noUDP&sock=schedd_4961_696e>
...
009 (10261715.4936.000) 07/25 13:07:01 Job was aborted.
	via condor_rm (by user yelberke)
...
000 (10261767.4936.000) 07/25 13:20:43 Job submitted from host: <188.185.114.121:9618?addrs=188.185.114.121-9618+[2001-1458-d00-a--100-273]-9618&alias=bigbird19.cern.ch&noUDP&sock=schedd_4961_696e>
...
040 (10261767.4936.000) 07/25 14:49:01 Started transferring input files
	Transferring to host: <188.185.205.229:9618?addrs=188.185.205.229-9618&alias=b9p04p6285.cern.ch&noUDP&sock=slot1_3_6895_e6b1_160423>
...
040 (10261767.4936.000) 07/25 14:49:01 Finished transferring input files
...
001 (10261767.4936.000) 07/25 14:49:02 Job executing on host: <188.185.205.229:9618?addrs=188.185.205.229-9618&alias=b9p04p6285.cern.ch&noUDP&sock=startd_6822_e72e>
	SlotName: slot1_3@b9p04p6285.cern.ch
	CondorScratchDir = "/pool/condor/dir_1711977"
	Cpus = 12
	Disk = 2705650
	Memory = 24000
...
006 (10261767.4936.000) 07/25 14:49:06 Image size of job updated: 160868
	7  -  MemoryUsage of job (MB)
	6748  -  ResidentSetSize of job (KB)
...
040 (10261767.4936.000) 07/25 14:49:07 Started transferring output files
...
040 (10261767.4936.000) 07/25 14:49:07 Finished transferring output files
...
005 (10261767.4936.000) 07/25 14:49:07 Job terminated.
	(1) Normal termination (return value 0)
		Usr 0 00:00:03, Sys 0 00:00:00  -  Run Remote Usage
		Usr 0 00:00:00, Sys 0 00:00:00  -  Run Local Usage
		Usr 0 00:00:03, Sys 0 00:00:00  -  Total Remote Usage
		Usr 0 00:00:00, Sys 0 00:00:00  -  Total Local Usage
	6676  -  Run Bytes Sent By Job
	409597  -  Run Bytes Received By Job
	6676  -  Total Bytes Sent By Job
	409597  -  Total Bytes Received By Job
	Partitionable Resources :    Usage  Request Allocated 
	   Cpus                 :        0       12        12 
	   Disk (KB)            :      428      425   2705650 
	   Memory (MB)          :        7    24000     24000 

	Job terminated of its own accord at 2024-07-25T12:49:06Z with exit-code 0.
...
000 (10284266.4936.000) 08/02 15:47:08 Job submitted from host: <188.185.114.121:9618?addrs=188.185.114.121-9618+[2001-1458-d00-a--100-273]-9618&alias=bigbird19.cern.ch&noUDP&sock=schedd_4961_696e>
...
000 (10284267.4936.000) 08/02 15:50:12 Job submitted from host: <188.185.114.121:9618?addrs=188.185.114.121-9618+[2001-1458-d00-a--100-273]-9618&alias=bigbird19.cern.ch&noUDP&sock=schedd_4961_696e>
...
009 (10284266.4936.000) 08/02 15:50:39 Job was aborted.
	via condor_rm (by user yelberke)
...
040 (10284267.4936.000) 08/02 17:06:52 Started transferring input files
	Transferring to host: <188.185.192.85:9618?addrs=188.185.192.85-9618+[2001-1458-303-1f--100-51]-9618&alias=b9p13p6636.cern.ch&noUDP&sock=slot1_42_2438133_0323_284>
...
040 (10284267.4936.000) 08/02 17:06:52 Finished transferring input files
...
001 (10284267.4936.000) 08/02 17:06:53 Job executing on host: <188.185.192.85:9618?addrs=188.185.192.85-9618+[2001-1458-303-1f--100-51]-9618&alias=b9p13p6636.cern.ch&noUDP&sock=startd_128462_d351>
	SlotName: slot1_42@b9p13p6636.cern.ch
	CondorScratchDir = "/pool/condor/dir_2670550"
	Cpus = 12
	Disk = 2823846
	Memory = 24000
...
006 (10284267.4936.000) 08/02 17:06:56 Image size of job updated: 315144
	5  -  MemoryUsage of job (MB)
	4652  -  ResidentSetSize of job (KB)
...
040 (10284267.4936.000) 08/02 17:06:56 Started transferring output files
...
040 (10284267.4936.000) 08/02 17:06:56 Finished transferring output files
...
005 (10284267.4936.000) 08/02 17:06:56 Job terminated.
	(1) Normal termination (return value 139)
		Usr 0 00:00:02, Sys 0 00:00:00  -  Run Remote Usage
		Usr 0 00:00:00, Sys 0 00:00:00  -  Run Local Usage
		Usr 0 00:00:02, Sys 0 00:00:00  -  Total Remote Usage
		Usr 0 00:00:00, Sys 0 00:00:00  -  Total Local Usage
	7696  -  Run Bytes Sent By Job
	409597  -  Run Bytes Received By Job
	7696  -  Total Bytes Sent By Job
	409597  -  Total Bytes Received By Job
	Partitionable Resources :    Usage  Request Allocated 
	   Cpus                 :        0       12        12 
	   Disk (KB)            :      428      425   2823846 
	   Memory (MB)          :        5    24000     24000 

	Job terminated of its own accord at 2024-08-02T15:06:56Z with exit-code 139.
...
