000 (10252905.4952.000) 07/24 16:13:21 Job submitted from host: <188.185.114.121:9618?addrs=188.185.114.121-9618+[2001-1458-d00-a--100-273]-9618&alias=bigbird19.cern.ch&noUDP&sock=schedd_4961_696e>
...
009 (10252905.4952.000) 07/24 16:14:52 Job was aborted.
	via condor_rm (by user yelberke)
...
000 (10252906.4952.000) 07/24 16:15:40 Job submitted from host: <188.185.114.121:9618?addrs=188.185.114.121-9618+[2001-1458-d00-a--100-273]-9618&alias=bigbird19.cern.ch&noUDP&sock=schedd_4961_696e>
...
000 (10252907.4952.000) 07/24 16:17:34 Job submitted from host: <188.185.114.121:9618?addrs=188.185.114.121-9618+[2001-1458-d00-a--100-273]-9618&alias=bigbird19.cern.ch&noUDP&sock=schedd_4961_696e>
...
000 (10252908.4952.000) 07/24 16:18:08 Job submitted from host: <188.185.114.121:9618?addrs=188.185.114.121-9618+[2001-1458-d00-a--100-273]-9618&alias=bigbird19.cern.ch&noUDP&sock=schedd_4961_696e>
...
000 (10252909.4952.000) 07/24 16:18:44 Job submitted from host: <188.185.114.121:9618?addrs=188.185.114.121-9618+[2001-1458-d00-a--100-273]-9618&alias=bigbird19.cern.ch&noUDP&sock=schedd_4961_696e>
...
040 (10252906.4952.000) 07/24 17:12:32 Started transferring input files
	Transferring to host: <188.185.196.67:9618?addrs=188.185.196.67-9618+[2001-1458-303-23--100-3f]-9618&alias=b9p16p9691.cern.ch&noUDP&sock=slot1_12_137964_de63_31665>
...
040 (10252906.4952.000) 07/24 17:12:32 Finished transferring input files
...
001 (10252906.4952.000) 07/24 17:12:33 Job executing on host: <188.185.196.67:9618?addrs=188.185.196.67-9618+[2001-1458-303-23--100-3f]-9618&alias=b9p16p9691.cern.ch&noUDP&sock=startd_127944_8542>
	SlotName: slot1_12@b9p16p9691.cern.ch
	CondorScratchDir = "/pool/condor/dir_782916"
	Cpus = 8
	Disk = 2988883
	Memory = 16000
...
006 (10252906.4952.000) 07/24 17:12:41 Image size of job updated: 147748
	145  -  MemoryUsage of job (MB)
	147748  -  ResidentSetSize of job (KB)
...
006 (10252906.4952.000) 07/24 17:12:43 Image size of job updated: 158928
	145  -  MemoryUsage of job (MB)
	147748  -  ResidentSetSize of job (KB)
...
040 (10252906.4952.000) 07/24 17:12:43 Started transferring output files
...
040 (10252906.4952.000) 07/24 17:12:43 Finished transferring output files
...
005 (10252906.4952.000) 07/24 17:12:43 Job terminated.
	(1) Normal termination (return value 0)
		Usr 0 00:00:08, Sys 0 00:00:00  -  Run Remote Usage
		Usr 0 00:00:00, Sys 0 00:00:00  -  Run Local Usage
		Usr 0 00:00:08, Sys 0 00:00:00  -  Total Remote Usage
		Usr 0 00:00:00, Sys 0 00:00:00  -  Total Local Usage
	6201  -  Run Bytes Sent By Job
	409597  -  Run Bytes Received By Job
	6201  -  Total Bytes Sent By Job
	409597  -  Total Bytes Received By Job
	Partitionable Resources :    Usage  Request Allocated 
	   Cpus                 :        0        8         8 
	   Disk (KB)            :      428      425   2988883 
	   Memory (MB)          :      145    16000     16000 

	Job terminated of its own accord at 2024-07-24T15:12:43Z with exit-code 0.
...
040 (10252907.4952.000) 07/24 18:22:58 Started transferring input files
	Transferring to host: <188.185.205.46:9618?addrs=188.185.205.46-9618+[2001-1458-303-9--100-a2]-9618&alias=b9p03p8171.cern.ch&noUDP&sock=slot1_12_6935_15b3_158315>
...
040 (10252907.4952.000) 07/24 18:22:58 Finished transferring input files
...
001 (10252907.4952.000) 07/24 18:22:59 Job executing on host: <188.185.205.46:9618?addrs=188.185.205.46-9618+[2001-1458-303-9--100-a2]-9618&alias=b9p03p8171.cern.ch&noUDP&sock=startd_6868_7489>
	SlotName: slot1_12@b9p03p8171.cern.ch
	CondorScratchDir = "/pool/condor/dir_2237818"
	Cpus = 8
	Disk = 2889242
	Memory = 16000
...
006 (10252907.4952.000) 07/24 18:23:03 Image size of job updated: 157544
	7  -  MemoryUsage of job (MB)
	6364  -  ResidentSetSize of job (KB)
...
040 (10252907.4952.000) 07/24 18:23:03 Started transferring output files
...
040 (10252907.4952.000) 07/24 18:23:03 Finished transferring output files
...
005 (10252907.4952.000) 07/24 18:23:03 Job terminated.
	(1) Normal termination (return value 0)
		Usr 0 00:00:03, Sys 0 00:00:00  -  Run Remote Usage
		Usr 0 00:00:00, Sys 0 00:00:00  -  Run Local Usage
		Usr 0 00:00:03, Sys 0 00:00:00  -  Total Remote Usage
		Usr 0 00:00:00, Sys 0 00:00:00  -  Total Local Usage
	6204  -  Run Bytes Sent By Job
	409597  -  Run Bytes Received By Job
	6204  -  Total Bytes Sent By Job
	409597  -  Total Bytes Received By Job
	Partitionable Resources :    Usage  Request Allocated 
	   Cpus                 :        0        8         8 
	   Disk (KB)            :      428      425   2889242 
	   Memory (MB)          :        7    16000     16000 

	Job terminated of its own accord at 2024-07-24T16:23:03Z with exit-code 0.
...
040 (10252908.4952.000) 07/24 19:27:11 Started transferring input files
	Transferring to host: <188.185.204.142:9618?addrs=188.185.204.142-9618+[2001-1458-303-8--100-82]-9618&alias=b9p02p4761.cern.ch&noUDP&sock=slot1_20_15242_1e25_31232>
...
040 (10252908.4952.000) 07/24 19:27:11 Finished transferring input files
...
001 (10252908.4952.000) 07/24 19:27:12 Job executing on host: <188.185.204.142:9618?addrs=188.185.204.142-9618+[2001-1458-303-8--100-82]-9618&alias=b9p02p4761.cern.ch&noUDP&sock=startd_14218_f1a1>
	SlotName: slot1_20@b9p02p4761.cern.ch
	CondorScratchDir = "/pool/condor/dir_3242736"
	Cpus = 8
	Disk = 2482389
	Memory = 16000
...
006 (10252908.4952.000) 07/24 19:27:18 Image size of job updated: 162852
	10  -  MemoryUsage of job (MB)
	10168  -  ResidentSetSize of job (KB)
...
040 (10252908.4952.000) 07/24 19:27:18 Started transferring output files
...
040 (10252908.4952.000) 07/24 19:27:18 Finished transferring output files
...
005 (10252908.4952.000) 07/24 19:27:18 Job terminated.
	(1) Normal termination (return value 0)
		Usr 0 00:00:04, Sys 0 00:00:00  -  Run Remote Usage
		Usr 0 00:00:00, Sys 0 00:00:00  -  Run Local Usage
		Usr 0 00:00:04, Sys 0 00:00:00  -  Total Remote Usage
		Usr 0 00:00:00, Sys 0 00:00:00  -  Total Local Usage
	6204  -  Run Bytes Sent By Job
	409597  -  Run Bytes Received By Job
	6204  -  Total Bytes Sent By Job
	409597  -  Total Bytes Received By Job
	Partitionable Resources :    Usage  Request Allocated 
	   Cpus                 :        0        8         8 
	   Disk (KB)            :      428      425   2482389 
	   Memory (MB)          :       10    16000     16000 

	Job terminated of its own accord at 2024-07-24T17:27:18Z with exit-code 0.
...
040 (10252909.4952.000) 07/24 20:23:52 Started transferring input files
	Transferring to host: <188.185.205.157:9618?addrs=188.185.205.157-9618&alias=b9p04p7188.cern.ch&noUDP&sock=slot1_12_5520_16da_155346>
...
040 (10252909.4952.000) 07/24 20:23:52 Finished transferring input files
...
001 (10252909.4952.000) 07/24 20:23:53 Job executing on host: <188.185.205.157:9618?addrs=188.185.205.157-9618&alias=b9p04p7188.cern.ch&noUDP&sock=startd_5080_0933>
	SlotName: slot1_12@b9p04p7188.cern.ch
	CondorScratchDir = "/pool/condor/dir_1528950"
	Cpus = 8
	Disk = 2841454
	Memory = 16000
...
006 (10252909.4952.000) 07/24 20:23:57 Image size of job updated: 160284
	8  -  MemoryUsage of job (MB)
	8020  -  ResidentSetSize of job (KB)
...
040 (10252909.4952.000) 07/24 20:23:57 Started transferring output files
...
040 (10252909.4952.000) 07/24 20:23:57 Finished transferring output files
...
005 (10252909.4952.000) 07/24 20:23:57 Job terminated.
	(1) Normal termination (return value 0)
		Usr 0 00:00:03, Sys 0 00:00:00  -  Run Remote Usage
		Usr 0 00:00:00, Sys 0 00:00:00  -  Run Local Usage
		Usr 0 00:00:03, Sys 0 00:00:00  -  Total Remote Usage
		Usr 0 00:00:00, Sys 0 00:00:00  -  Total Local Usage
	6204  -  Run Bytes Sent By Job
	409597  -  Run Bytes Received By Job
	6204  -  Total Bytes Sent By Job
	409597  -  Total Bytes Received By Job
	Partitionable Resources :    Usage  Request Allocated 
	   Cpus                 :        0        8         8 
	   Disk (KB)            :      428      425   2841454 
	   Memory (MB)          :        8    16000     16000 

	Job terminated of its own accord at 2024-07-24T18:23:57Z with exit-code 0.
...
000 (10261715.4952.000) 07/25 13:03:19 Job submitted from host: <188.185.114.121:9618?addrs=188.185.114.121-9618+[2001-1458-d00-a--100-273]-9618&alias=bigbird19.cern.ch&noUDP&sock=schedd_4961_696e>
...
009 (10261715.4952.000) 07/25 13:07:01 Job was aborted.
	via condor_rm (by user yelberke)
...
000 (10261767.4952.000) 07/25 13:20:43 Job submitted from host: <188.185.114.121:9618?addrs=188.185.114.121-9618+[2001-1458-d00-a--100-273]-9618&alias=bigbird19.cern.ch&noUDP&sock=schedd_4961_696e>
...
040 (10261767.4952.000) 07/25 14:49:07 Started transferring input files
	Transferring to host: <188.185.206.175:9618?addrs=188.185.206.175-9618&alias=b9p06p7955.cern.ch&noUDP&sock=slot1_1_7362_f1e4_156481>
...
040 (10261767.4952.000) 07/25 14:49:07 Finished transferring input files
...
001 (10261767.4952.000) 07/25 14:49:08 Job executing on host: <188.185.206.175:9618?addrs=188.185.206.175-9618&alias=b9p06p7955.cern.ch&noUDP&sock=startd_7297_b6aa>
	SlotName: slot1_1@b9p06p7955.cern.ch
	CondorScratchDir = "/pool/condor/dir_287789"
	Cpus = 12
	Disk = 2800693
	Memory = 24000
...
006 (10261767.4952.000) 07/25 14:49:13 Image size of job updated: 164736
	9  -  MemoryUsage of job (MB)
	8448  -  ResidentSetSize of job (KB)
...
040 (10261767.4952.000) 07/25 14:49:13 Started transferring output files
...
040 (10261767.4952.000) 07/25 14:49:13 Finished transferring output files
...
005 (10261767.4952.000) 07/25 14:49:13 Job terminated.
	(1) Normal termination (return value 0)
		Usr 0 00:00:03, Sys 0 00:00:00  -  Run Remote Usage
		Usr 0 00:00:00, Sys 0 00:00:00  -  Run Local Usage
		Usr 0 00:00:03, Sys 0 00:00:00  -  Total Remote Usage
		Usr 0 00:00:00, Sys 0 00:00:00  -  Total Local Usage
	6676  -  Run Bytes Sent By Job
	409597  -  Run Bytes Received By Job
	6676  -  Total Bytes Sent By Job
	409597  -  Total Bytes Received By Job
	Partitionable Resources :    Usage  Request Allocated 
	   Cpus                 :        0       12        12 
	   Disk (KB)            :      427      425   2800693 
	   Memory (MB)          :        9    24000     24000 

	Job terminated of its own accord at 2024-07-25T12:49:13Z with exit-code 0.
...
000 (10284266.4952.000) 08/02 15:47:08 Job submitted from host: <188.185.114.121:9618?addrs=188.185.114.121-9618+[2001-1458-d00-a--100-273]-9618&alias=bigbird19.cern.ch&noUDP&sock=schedd_4961_696e>
...
000 (10284267.4952.000) 08/02 15:50:12 Job submitted from host: <188.185.114.121:9618?addrs=188.185.114.121-9618+[2001-1458-d00-a--100-273]-9618&alias=bigbird19.cern.ch&noUDP&sock=schedd_4961_696e>
...
009 (10284266.4952.000) 08/02 15:50:39 Job was aborted.
	via condor_rm (by user yelberke)
...
040 (10284267.4952.000) 08/02 17:06:45 Started transferring input files
	Transferring to host: <188.185.204.147:9618?addrs=188.185.204.147-9618+[2001-1458-303-8--100-87]-9618&alias=b9p02p8294.cern.ch&noUDP&sock=slot1_1_7285_b101_169278>
...
040 (10284267.4952.000) 08/02 17:06:45 Finished transferring input files
...
001 (10284267.4952.000) 08/02 17:06:46 Job executing on host: <188.185.204.147:9618?addrs=188.185.204.147-9618+[2001-1458-303-8--100-87]-9618&alias=b9p02p8294.cern.ch&noUDP&sock=startd_7216_277e>
	SlotName: slot1_1@b9p02p8294.cern.ch
	CondorScratchDir = "/pool/condor/dir_832402"
	Cpus = 12
	Disk = 2552698
	Memory = 24000
...
006 (10284267.4952.000) 08/02 17:06:49 Image size of job updated: 323268
	3  -  MemoryUsage of job (MB)
	2236  -  ResidentSetSize of job (KB)
...
040 (10284267.4952.000) 08/02 17:06:49 Started transferring output files
...
040 (10284267.4952.000) 08/02 17:06:49 Finished transferring output files
...
005 (10284267.4952.000) 08/02 17:06:49 Job terminated.
	(1) Normal termination (return value 139)
		Usr 0 00:00:02, Sys 0 00:00:01  -  Run Remote Usage
		Usr 0 00:00:00, Sys 0 00:00:00  -  Run Local Usage
		Usr 0 00:00:02, Sys 0 00:00:01  -  Total Remote Usage
		Usr 0 00:00:00, Sys 0 00:00:00  -  Total Local Usage
	7696  -  Run Bytes Sent By Job
	409597  -  Run Bytes Received By Job
	7696  -  Total Bytes Sent By Job
	409597  -  Total Bytes Received By Job
	Partitionable Resources :    Usage  Request Allocated 
	   Cpus                 :        0       12        12 
	   Disk (KB)            :      429      425   2552698 
	   Memory (MB)          :        3    24000     24000 

	Job terminated of its own accord at 2024-08-02T15:06:49Z with exit-code 139.
...
