000 (10252905.499.000) 07/24 16:13:15 Job submitted from host: <188.185.114.121:9618?addrs=188.185.114.121-9618+[2001-1458-d00-a--100-273]-9618&alias=bigbird19.cern.ch&noUDP&sock=schedd_4961_696e>
...
009 (10252905.499.000) 07/24 16:14:45 Job was aborted.
	via condor_rm (by user yelberke)
...
000 (10252906.499.000) 07/24 16:15:36 Job submitted from host: <188.185.114.121:9618?addrs=188.185.114.121-9618+[2001-1458-d00-a--100-273]-9618&alias=bigbird19.cern.ch&noUDP&sock=schedd_4961_696e>
...
000 (10252907.499.000) 07/24 16:17:30 Job submitted from host: <188.185.114.121:9618?addrs=188.185.114.121-9618+[2001-1458-d00-a--100-273]-9618&alias=bigbird19.cern.ch&noUDP&sock=schedd_4961_696e>
...
000 (10252908.499.000) 07/24 16:18:03 Job submitted from host: <188.185.114.121:9618?addrs=188.185.114.121-9618+[2001-1458-d00-a--100-273]-9618&alias=bigbird19.cern.ch&noUDP&sock=schedd_4961_696e>
...
000 (10252909.499.000) 07/24 16:18:39 Job submitted from host: <188.185.114.121:9618?addrs=188.185.114.121-9618+[2001-1458-d00-a--100-273]-9618&alias=bigbird19.cern.ch&noUDP&sock=schedd_4961_696e>
...
000 (10252910.499.000) 07/24 16:19:04 Job submitted from host: <188.185.114.121:9618?addrs=188.185.114.121-9618+[2001-1458-d00-a--100-273]-9618&alias=bigbird19.cern.ch&noUDP&sock=schedd_4961_696e>
...
000 (10252911.499.000) 07/24 16:19:17 Job submitted from host: <188.185.114.121:9618?addrs=188.185.114.121-9618+[2001-1458-d00-a--100-273]-9618&alias=bigbird19.cern.ch&noUDP&sock=schedd_4961_696e>
...
000 (10252912.499.000) 07/24 16:19:30 Job submitted from host: <188.185.114.121:9618?addrs=188.185.114.121-9618+[2001-1458-d00-a--100-273]-9618&alias=bigbird19.cern.ch&noUDP&sock=schedd_4961_696e>
...
000 (10252913.499.000) 07/24 16:19:42 Job submitted from host: <188.185.114.121:9618?addrs=188.185.114.121-9618+[2001-1458-d00-a--100-273]-9618&alias=bigbird19.cern.ch&noUDP&sock=schedd_4961_696e>
...
040 (10252906.499.000) 07/24 16:20:30 Started transferring input files
	Transferring to host: <188.185.208.95:9618?addrs=188.185.208.95-9618+[2001-1458-303-f--100-5c]-9618&alias=b9p09p1039.cern.ch&noUDP&sock=slot1_6_2052685_06e9_97336>
...
040 (10252906.499.000) 07/24 16:20:30 Finished transferring input files
...
001 (10252906.499.000) 07/24 16:20:31 Job executing on host: <188.185.208.95:9618?addrs=188.185.208.95-9618+[2001-1458-303-f--100-5c]-9618&alias=b9p09p1039.cern.ch&noUDP&sock=startd_2052643_f1e8>
	SlotName: slot1_6@b9p09p1039.cern.ch
	CondorScratchDir = "/pool/condor/dir_2036473"
	Cpus = 8
	Disk = 2889394
	Memory = 16000
...
006 (10252906.499.000) 07/24 16:20:35 Image size of job updated: 161720
	9  -  MemoryUsage of job (MB)
	8644  -  ResidentSetSize of job (KB)
...
040 (10252906.499.000) 07/24 16:20:35 Started transferring output files
...
040 (10252906.499.000) 07/24 16:20:35 Finished transferring output files
...
005 (10252906.499.000) 07/24 16:20:35 Job terminated.
	(1) Normal termination (return value 0)
		Usr 0 00:00:03, Sys 0 00:00:00  -  Run Remote Usage
		Usr 0 00:00:00, Sys 0 00:00:00  -  Run Local Usage
		Usr 0 00:00:03, Sys 0 00:00:00  -  Total Remote Usage
		Usr 0 00:00:00, Sys 0 00:00:00  -  Total Local Usage
	6204  -  Run Bytes Sent By Job
	409597  -  Run Bytes Received By Job
	6204  -  Total Bytes Sent By Job
	409597  -  Total Bytes Received By Job
	Partitionable Resources :    Usage  Request Allocated 
	   Cpus                 :        0        8         8 
	   Disk (KB)            :      430      425   2889394 
	   Memory (MB)          :        9    16000     16000 

	Job terminated of its own accord at 2024-07-24T14:20:35Z with exit-code 0.
...
040 (10252907.499.000) 07/24 17:45:47 Started transferring input files
	Transferring to host: <188.185.209.57:9618?addrs=188.185.209.57-9618+[2001-1458-303-11--100-36]-9618&alias=b9p11p1058.cern.ch&noUDP&sock=slot1_6_6302_1439_145725>
...
040 (10252907.499.000) 07/24 17:45:47 Finished transferring input files
...
001 (10252907.499.000) 07/24 17:45:48 Job executing on host: <188.185.209.57:9618?addrs=188.185.209.57-9618+[2001-1458-303-11--100-36]-9618&alias=b9p11p1058.cern.ch&noUDP&sock=startd_4391_7072>
	SlotName: slot1_6@b9p11p1058.cern.ch
	CondorScratchDir = "/pool/condor/dir_1770665"
	Cpus = 8
	Disk = 2909291
	Memory = 16000
...
006 (10252907.499.000) 07/24 17:45:52 Image size of job updated: 166524
	12  -  MemoryUsage of job (MB)
	11436  -  ResidentSetSize of job (KB)
...
040 (10252907.499.000) 07/24 17:45:52 Started transferring output files
...
040 (10252907.499.000) 07/24 17:45:52 Finished transferring output files
...
005 (10252907.499.000) 07/24 17:45:52 Job terminated.
	(1) Normal termination (return value 0)
		Usr 0 00:00:03, Sys 0 00:00:00  -  Run Remote Usage
		Usr 0 00:00:00, Sys 0 00:00:00  -  Run Local Usage
		Usr 0 00:00:03, Sys 0 00:00:00  -  Total Remote Usage
		Usr 0 00:00:00, Sys 0 00:00:00  -  Total Local Usage
	6204  -  Run Bytes Sent By Job
	409597  -  Run Bytes Received By Job
	6204  -  Total Bytes Sent By Job
	409597  -  Total Bytes Received By Job
	Partitionable Resources :    Usage  Request Allocated 
	   Cpus                 :        0        8         8 
	   Disk (KB)            :      428      425   2909291 
	   Memory (MB)          :       12    16000     16000 

	Job terminated of its own accord at 2024-07-24T15:45:52Z with exit-code 0.
...
040 (10252908.499.000) 07/24 18:50:45 Started transferring input files
	Transferring to host: <188.185.204.197:9618?addrs=188.185.204.197-9618+[2001-1458-303-8--100-b9]-9618&alias=b9p02p4569.cern.ch&noUDP&sock=slot1_8_9998_3ed0_27563>
...
040 (10252908.499.000) 07/24 18:50:45 Finished transferring input files
...
001 (10252908.499.000) 07/24 18:50:46 Job executing on host: <188.185.204.197:9618?addrs=188.185.204.197-9618+[2001-1458-303-8--100-b9]-9618&alias=b9p02p4569.cern.ch&noUDP&sock=startd_9040_443d>
	SlotName: slot1_8@b9p02p4569.cern.ch
	CondorScratchDir = "/pool/condor/dir_312428"
	Cpus = 8
	Disk = 2733785
	Memory = 16000
...
006 (10252908.499.000) 07/24 18:50:50 Image size of job updated: 158932
	8  -  MemoryUsage of job (MB)
	7592  -  ResidentSetSize of job (KB)
...
040 (10252908.499.000) 07/24 18:50:50 Started transferring output files
...
040 (10252908.499.000) 07/24 18:50:50 Finished transferring output files
...
005 (10252908.499.000) 07/24 18:50:50 Job terminated.
	(1) Normal termination (return value 0)
		Usr 0 00:00:03, Sys 0 00:00:00  -  Run Remote Usage
		Usr 0 00:00:00, Sys 0 00:00:00  -  Run Local Usage
		Usr 0 00:00:03, Sys 0 00:00:00  -  Total Remote Usage
		Usr 0 00:00:00, Sys 0 00:00:00  -  Total Local Usage
	6204  -  Run Bytes Sent By Job
	409597  -  Run Bytes Received By Job
	6204  -  Total Bytes Sent By Job
	409597  -  Total Bytes Received By Job
	Partitionable Resources :    Usage  Request Allocated 
	   Cpus                 :        0        8         8 
	   Disk (KB)            :      428      425   2733785 
	   Memory (MB)          :        8    16000     16000 

	Job terminated of its own accord at 2024-07-24T16:50:50Z with exit-code 0.
...
040 (10252909.499.000) 07/24 19:50:58 Started transferring input files
	Transferring to host: <188.185.195.95:9618?addrs=188.185.195.95-9618+[2001-1458-303-22--100-5b]-9618&alias=b9p17p1975.cern.ch&noUDP&sock=slot1_6_3530796_f154_1597>
...
040 (10252909.499.000) 07/24 19:50:58 Finished transferring input files
...
001 (10252909.499.000) 07/24 19:50:59 Job executing on host: <188.185.195.95:9618?addrs=188.185.195.95-9618+[2001-1458-303-22--100-5b]-9618&alias=b9p17p1975.cern.ch&noUDP&sock=startd_128494_c659>
	SlotName: slot1_6@b9p17p1975.cern.ch
	CondorScratchDir = "/pool/condor/dir_202974"
	Cpus = 8
	Disk = 2960614
	Memory = 16000
...
006 (10252909.499.000) 07/24 19:51:07 Image size of job updated: 530192
	518  -  MemoryUsage of job (MB)
	530188  -  ResidentSetSize of job (KB)
...
006 (10252909.499.000) 07/24 19:51:09 Image size of job updated: 542848
	518  -  MemoryUsage of job (MB)
	530188  -  ResidentSetSize of job (KB)
...
040 (10252909.499.000) 07/24 19:51:09 Started transferring output files
...
040 (10252909.499.000) 07/24 19:51:09 Finished transferring output files
...
005 (10252909.499.000) 07/24 19:51:09 Job terminated.
	(1) Normal termination (return value 0)
		Usr 0 00:00:07, Sys 0 00:00:00  -  Run Remote Usage
		Usr 0 00:00:00, Sys 0 00:00:00  -  Run Local Usage
		Usr 0 00:00:07, Sys 0 00:00:00  -  Total Remote Usage
		Usr 0 00:00:00, Sys 0 00:00:00  -  Total Local Usage
	6204  -  Run Bytes Sent By Job
	409597  -  Run Bytes Received By Job
	6204  -  Total Bytes Sent By Job
	409597  -  Total Bytes Received By Job
	Partitionable Resources :    Usage  Request Allocated 
	   Cpus                 :        0        8         8 
	   Disk (KB)            :      427      425   2960614 
	   Memory (MB)          :      518    16000     16000 

	Job terminated of its own accord at 2024-07-24T17:51:09Z with exit-code 0.
...
040 (10252910.499.000) 07/24 20:43:46 Started transferring input files
	Transferring to host: <188.185.207.228:9618?addrs=188.185.207.228-9618+[2001-1458-303-e--100-61]-9618&alias=b9p08p1817.cern.ch&noUDP&sock=slot1_15_5110_3509_142990>
...
040 (10252910.499.000) 07/24 20:43:46 Finished transferring input files
...
001 (10252910.499.000) 07/24 20:43:47 Job executing on host: <188.185.207.228:9618?addrs=188.185.207.228-9618+[2001-1458-303-e--100-61]-9618&alias=b9p08p1817.cern.ch&noUDP&sock=startd_4330_992b>
	SlotName: slot1_15@b9p08p1817.cern.ch
	CondorScratchDir = "/pool/condor/dir_3522577"
	Cpus = 8
	Disk = 2901487
	Memory = 16000
...
006 (10252910.499.000) 07/24 20:43:51 Image size of job updated: 163288
	9  -  MemoryUsage of job (MB)
	9188  -  ResidentSetSize of job (KB)
...
040 (10252910.499.000) 07/24 20:43:51 Started transferring output files
...
040 (10252910.499.000) 07/24 20:43:51 Finished transferring output files
...
005 (10252910.499.000) 07/24 20:43:51 Job terminated.
	(1) Normal termination (return value 0)
		Usr 0 00:00:03, Sys 0 00:00:00  -  Run Remote Usage
		Usr 0 00:00:00, Sys 0 00:00:00  -  Run Local Usage
		Usr 0 00:00:03, Sys 0 00:00:00  -  Total Remote Usage
		Usr 0 00:00:00, Sys 0 00:00:00  -  Total Local Usage
	6201  -  Run Bytes Sent By Job
	409597  -  Run Bytes Received By Job
	6201  -  Total Bytes Sent By Job
	409597  -  Total Bytes Received By Job
	Partitionable Resources :    Usage  Request Allocated 
	   Cpus                 :        0        8         8 
	   Disk (KB)            :      428      425   2901487 
	   Memory (MB)          :        9    16000     16000 

	Job terminated of its own accord at 2024-07-24T18:43:51Z with exit-code 0.
...
040 (10252911.499.000) 07/24 20:56:41 Started transferring input files
	Transferring to host: <188.185.198.122:9618?addrs=188.185.198.122-9618+[2001-1458-303-25--100-76]-9618&alias=b9p15p2858.cern.ch&noUDP&sock=slot1_3_2733170_44e1_2621>
...
040 (10252911.499.000) 07/24 20:56:41 Finished transferring input files
...
001 (10252911.499.000) 07/24 20:56:42 Job executing on host: <188.185.198.122:9618?addrs=188.185.198.122-9618+[2001-1458-303-25--100-76]-9618&alias=b9p15p2858.cern.ch&noUDP&sock=startd_127172_fe25>
	SlotName: slot1_3@b9p15p2858.cern.ch
	CondorScratchDir = "/pool/condor/dir_3093288"
	Cpus = 8
	Disk = 2931197
	Memory = 16000
...
006 (10252911.499.000) 07/24 20:56:47 Image size of job updated: 160024
	8  -  MemoryUsage of job (MB)
	8132  -  ResidentSetSize of job (KB)
...
040 (10252911.499.000) 07/24 20:56:47 Started transferring output files
...
040 (10252911.499.000) 07/24 20:56:47 Finished transferring output files
...
005 (10252911.499.000) 07/24 20:56:47 Job terminated.
	(1) Normal termination (return value 0)
		Usr 0 00:00:04, Sys 0 00:00:00  -  Run Remote Usage
		Usr 0 00:00:00, Sys 0 00:00:00  -  Run Local Usage
		Usr 0 00:00:04, Sys 0 00:00:00  -  Total Remote Usage
		Usr 0 00:00:00, Sys 0 00:00:00  -  Total Local Usage
	6204  -  Run Bytes Sent By Job
	409597  -  Run Bytes Received By Job
	6204  -  Total Bytes Sent By Job
	409597  -  Total Bytes Received By Job
	Partitionable Resources :    Usage  Request Allocated 
	   Cpus                 :        0        8         8 
	   Disk (KB)            :      428      425   2931197 
	   Memory (MB)          :        8    16000     16000 

	Job terminated of its own accord at 2024-07-24T18:56:47Z with exit-code 0.
...
040 (10252912.499.000) 07/24 21:09:39 Started transferring input files
	Transferring to host: <188.185.205.78:9618?addrs=188.185.205.78-9618&alias=b9p03p6218.cern.ch&noUDP&sock=slot1_1_6899_b832_157551>
...
040 (10252912.499.000) 07/24 21:09:39 Finished transferring input files
...
001 (10252912.499.000) 07/24 21:09:40 Job executing on host: <188.185.205.78:9618?addrs=188.185.205.78-9618&alias=b9p03p6218.cern.ch&noUDP&sock=startd_6832_c320>
	SlotName: slot1_1@b9p03p6218.cern.ch
	CondorScratchDir = "/pool/condor/dir_2464259"
	Cpus = 8
	Disk = 2937893
	Memory = 16000
...
006 (10252912.499.000) 07/24 21:09:47 Image size of job updated: 163000
	9  -  MemoryUsage of job (MB)
	9100  -  ResidentSetSize of job (KB)
...
040 (10252912.499.000) 07/24 21:09:47 Started transferring output files
...
040 (10252912.499.000) 07/24 21:09:47 Finished transferring output files
...
005 (10252912.499.000) 07/24 21:09:47 Job terminated.
	(1) Normal termination (return value 0)
		Usr 0 00:00:05, Sys 0 00:00:00  -  Run Remote Usage
		Usr 0 00:00:00, Sys 0 00:00:00  -  Run Local Usage
		Usr 0 00:00:05, Sys 0 00:00:00  -  Total Remote Usage
		Usr 0 00:00:00, Sys 0 00:00:00  -  Total Local Usage
	6204  -  Run Bytes Sent By Job
	409597  -  Run Bytes Received By Job
	6204  -  Total Bytes Sent By Job
	409597  -  Total Bytes Received By Job
	Partitionable Resources :    Usage  Request Allocated 
	   Cpus                 :        0        8         8 
	   Disk (KB)            :      428      425   2937893 
	   Memory (MB)          :        9    16000     16000 

	Job terminated of its own accord at 2024-07-24T19:09:47Z with exit-code 0.
...
040 (10252913.499.000) 07/24 21:23:29 Started transferring input files
	Transferring to host: <188.185.205.107:9618?addrs=188.185.205.107-9618+[2001-1458-303-9--100-68]-9618&alias=b9p03p1852.cern.ch&noUDP&sock=slot1_13_7657_cc90_72122>
...
040 (10252913.499.000) 07/24 21:23:29 Finished transferring input files
...
001 (10252913.499.000) 07/24 21:23:30 Job executing on host: <188.185.205.107:9618?addrs=188.185.205.107-9618+[2001-1458-303-9--100-68]-9618&alias=b9p03p1852.cern.ch&noUDP&sock=startd_6598_41f7>
	SlotName: slot1_13@b9p03p1852.cern.ch
	CondorScratchDir = "/pool/condor/dir_2287773"
	Cpus = 8
	Disk = 2659275
	Memory = 16000
...
006 (10252913.499.000) 07/24 21:23:34 Image size of job updated: 161032
	9  -  MemoryUsage of job (MB)
	8612  -  ResidentSetSize of job (KB)
...
040 (10252913.499.000) 07/24 21:23:34 Started transferring output files
...
040 (10252913.499.000) 07/24 21:23:34 Finished transferring output files
...
005 (10252913.499.000) 07/24 21:23:34 Job terminated.
	(1) Normal termination (return value 0)
		Usr 0 00:00:03, Sys 0 00:00:00  -  Run Remote Usage
		Usr 0 00:00:00, Sys 0 00:00:00  -  Run Local Usage
		Usr 0 00:00:03, Sys 0 00:00:00  -  Total Remote Usage
		Usr 0 00:00:00, Sys 0 00:00:00  -  Total Local Usage
	6204  -  Run Bytes Sent By Job
	409597  -  Run Bytes Received By Job
	6204  -  Total Bytes Sent By Job
	409597  -  Total Bytes Received By Job
	Partitionable Resources :    Usage  Request Allocated 
	   Cpus                 :                 8         8 
	   Disk (KB)            :      420      425   2659275 
	   Memory (MB)          :        9    16000     16000 

	Job terminated of its own accord at 2024-07-24T19:23:34Z with exit-code 0.
...
000 (10261715.499.000) 07/25 13:01:27 Job submitted from host: <188.185.114.121:9618?addrs=188.185.114.121-9618+[2001-1458-d00-a--100-273]-9618&alias=bigbird19.cern.ch&noUDP&sock=schedd_4961_696e>
...
009 (10261715.499.000) 07/25 13:06:38 Job was aborted.
	via condor_rm (by user yelberke)
...
000 (10261767.499.000) 07/25 13:19:57 Job submitted from host: <188.185.114.121:9618?addrs=188.185.114.121-9618+[2001-1458-d00-a--100-273]-9618&alias=bigbird19.cern.ch&noUDP&sock=schedd_4961_696e>
...
040 (10261767.499.000) 07/25 13:47:45 Started transferring input files
	Transferring to host: <188.185.205.77:9618?addrs=188.185.205.77-9618+[2001-1458-303-9--100-c1]-9618&alias=b9p03p0676.cern.ch&noUDP&sock=slot1_19_6833_376f_158454>
...
040 (10261767.499.000) 07/25 13:47:45 Finished transferring input files
...
001 (10261767.499.000) 07/25 13:47:46 Job executing on host: <188.185.205.77:9618?addrs=188.185.205.77-9618+[2001-1458-303-9--100-c1]-9618&alias=b9p03p0676.cern.ch&noUDP&sock=startd_6477_4301>
	SlotName: slot1_19@b9p03p0676.cern.ch
	CondorScratchDir = "/pool/condor/dir_3173316"
	Cpus = 12
	Disk = 2535758
	Memory = 24000
...
006 (10261767.499.000) 07/25 13:47:50 Image size of job updated: 161072
	8  -  MemoryUsage of job (MB)
	7792  -  ResidentSetSize of job (KB)
...
040 (10261767.499.000) 07/25 13:47:50 Started transferring output files
...
040 (10261767.499.000) 07/25 13:47:50 Finished transferring output files
...
005 (10261767.499.000) 07/25 13:47:50 Job terminated.
	(1) Normal termination (return value 0)
		Usr 0 00:00:03, Sys 0 00:00:00  -  Run Remote Usage
		Usr 0 00:00:00, Sys 0 00:00:00  -  Run Local Usage
		Usr 0 00:00:03, Sys 0 00:00:00  -  Total Remote Usage
		Usr 0 00:00:00, Sys 0 00:00:00  -  Total Local Usage
	6204  -  Run Bytes Sent By Job
	409597  -  Run Bytes Received By Job
	6204  -  Total Bytes Sent By Job
	409597  -  Total Bytes Received By Job
	Partitionable Resources :    Usage  Request Allocated 
	   Cpus                 :        0       12        12 
	   Disk (KB)            :      428      425   2535758 
	   Memory (MB)          :        8    24000     24000 

	Job terminated of its own accord at 2024-07-25T11:47:50Z with exit-code 0.
...
000 (10284266.499.000) 08/02 15:45:07 Job submitted from host: <188.185.114.121:9618?addrs=188.185.114.121-9618+[2001-1458-d00-a--100-273]-9618&alias=bigbird19.cern.ch&noUDP&sock=schedd_4961_696e>
...
009 (10284266.499.000) 08/02 15:49:13 Job was aborted.
	via condor_rm (by user yelberke)
...
000 (10284267.499.000) 08/02 15:49:46 Job submitted from host: <188.185.114.121:9618?addrs=188.185.114.121-9618+[2001-1458-d00-a--100-273]-9618&alias=bigbird19.cern.ch&noUDP&sock=schedd_4961_696e>
...
040 (10284267.499.000) 08/02 16:05:54 Started transferring input files
	Transferring to host: <128.142.248.47:9618?addrs=128.142.248.47-9618+[2001-1458-301-73--100-11f]-9618&alias=b9g23p9580.cern.ch&noUDP&sock=slot1_5_2141474_e8e3_35>
...
040 (10284267.499.000) 08/02 16:05:54 Finished transferring input files
...
001 (10284267.499.000) 08/02 16:05:55 Job executing on host: <128.142.248.47:9618?addrs=128.142.248.47-9618+[2001-1458-301-73--100-11f]-9618&alias=b9g23p9580.cern.ch&noUDP&sock=startd_118354_9405>
	SlotName: slot1_5@b9g23p9580.cern.ch
	CondorScratchDir = "/pool/condor/dir_2145450"
	Cpus = 12
	Disk = 2991981
	Memory = 24000
...
006 (10284267.499.000) 08/02 16:06:04 Image size of job updated: 1936
	2  -  MemoryUsage of job (MB)
	1508  -  ResidentSetSize of job (KB)
...
006 (10284267.499.000) 08/02 16:06:22 Image size of job updated: 316716
	3  -  MemoryUsage of job (MB)
	2476  -  ResidentSetSize of job (KB)
...
040 (10284267.499.000) 08/02 16:06:22 Started transferring output files
...
040 (10284267.499.000) 08/02 16:06:22 Finished transferring output files
...
005 (10284267.499.000) 08/02 16:06:22 Job terminated.
	(1) Normal termination (return value 139)
		Usr 0 00:00:02, Sys 0 00:00:00  -  Run Remote Usage
		Usr 0 00:00:00, Sys 0 00:00:00  -  Run Local Usage
		Usr 0 00:00:02, Sys 0 00:00:00  -  Total Remote Usage
		Usr 0 00:00:00, Sys 0 00:00:00  -  Total Local Usage
	7696  -  Run Bytes Sent By Job
	409597  -  Run Bytes Received By Job
	7696  -  Total Bytes Sent By Job
	409597  -  Total Bytes Received By Job
	Partitionable Resources :    Usage  Request Allocated 
	   Cpus                 :                12        12 
	   Disk (KB)            :      422      425   2991981 
	   Memory (MB)          :        3    24000     24000 

	Job terminated of its own accord at 2024-08-02T14:06:22Z with exit-code 139.
...
