000 (10252905.5004.000) 07/24 16:13:22 Job submitted from host: <188.185.114.121:9618?addrs=188.185.114.121-9618+[2001-1458-d00-a--100-273]-9618&alias=bigbird19.cern.ch&noUDP&sock=schedd_4961_696e>
...
009 (10252905.5004.000) 07/24 16:14:52 Job was aborted.
	via condor_rm (by user yelberke)
...
000 (10252906.5004.000) 07/24 16:15:40 Job submitted from host: <188.185.114.121:9618?addrs=188.185.114.121-9618+[2001-1458-d00-a--100-273]-9618&alias=bigbird19.cern.ch&noUDP&sock=schedd_4961_696e>
...
000 (10252907.5004.000) 07/24 16:17:34 Job submitted from host: <188.185.114.121:9618?addrs=188.185.114.121-9618+[2001-1458-d00-a--100-273]-9618&alias=bigbird19.cern.ch&noUDP&sock=schedd_4961_696e>
...
000 (10252908.5004.000) 07/24 16:18:08 Job submitted from host: <188.185.114.121:9618?addrs=188.185.114.121-9618+[2001-1458-d00-a--100-273]-9618&alias=bigbird19.cern.ch&noUDP&sock=schedd_4961_696e>
...
000 (10252909.5004.000) 07/24 16:18:44 Job submitted from host: <188.185.114.121:9618?addrs=188.185.114.121-9618+[2001-1458-d00-a--100-273]-9618&alias=bigbird19.cern.ch&noUDP&sock=schedd_4961_696e>
...
040 (10252906.5004.000) 07/24 17:12:45 Started transferring input files
	Transferring to host: <188.185.209.225:9618?addrs=188.185.209.225-9618+[2001-1458-303-12--100-5e]-9618&alias=b9p12p3280.cern.ch&noUDP&sock=slot1_10_7365_0f05_146723>
...
040 (10252906.5004.000) 07/24 17:12:45 Finished transferring input files
...
001 (10252906.5004.000) 07/24 17:12:46 Job executing on host: <188.185.209.225:9618?addrs=188.185.209.225-9618+[2001-1458-303-12--100-5e]-9618&alias=b9p12p3280.cern.ch&noUDP&sock=startd_5922_93f1>
	SlotName: slot1_10@b9p12p3280.cern.ch
	CondorScratchDir = "/pool/condor/dir_3874647"
	Cpus = 8
	Disk = 2865772
	Memory = 16000
...
006 (10252906.5004.000) 07/24 17:12:51 Image size of job updated: 160864
	8  -  MemoryUsage of job (MB)
	7900  -  ResidentSetSize of job (KB)
...
040 (10252906.5004.000) 07/24 17:12:51 Started transferring output files
...
040 (10252906.5004.000) 07/24 17:12:51 Finished transferring output files
...
005 (10252906.5004.000) 07/24 17:12:51 Job terminated.
	(1) Normal termination (return value 0)
		Usr 0 00:00:03, Sys 0 00:00:00  -  Run Remote Usage
		Usr 0 00:00:00, Sys 0 00:00:00  -  Run Local Usage
		Usr 0 00:00:03, Sys 0 00:00:00  -  Total Remote Usage
		Usr 0 00:00:00, Sys 0 00:00:00  -  Total Local Usage
	6201  -  Run Bytes Sent By Job
	409597  -  Run Bytes Received By Job
	6201  -  Total Bytes Sent By Job
	409597  -  Total Bytes Received By Job
	Partitionable Resources :    Usage  Request Allocated 
	   Cpus                 :        0        8         8 
	   Disk (KB)            :      428      425   2865772 
	   Memory (MB)          :        8    16000     16000 

	Job terminated of its own accord at 2024-07-24T15:12:51Z with exit-code 0.
...
040 (10252907.5004.000) 07/24 18:23:17 Started transferring input files
	Transferring to host: <188.185.209.12:9618?addrs=188.185.209.12-9618+[2001-1458-303-11--100-9]-9618&alias=b9p11p3922.cern.ch&noUDP&sock=slot1_34_9942_c9cd_145498>
...
040 (10252907.5004.000) 07/24 18:23:17 Finished transferring input files
...
001 (10252907.5004.000) 07/24 18:23:18 Job executing on host: <188.185.209.12:9618?addrs=188.185.209.12-9618+[2001-1458-303-11--100-9]-9618&alias=b9p11p3922.cern.ch&noUDP&sock=startd_8580_beac>
	SlotName: slot1_34@b9p11p3922.cern.ch
	CondorScratchDir = "/pool/condor/dir_203534"
	Cpus = 8
	Disk = 2776596
	Memory = 16000
...
006 (10252907.5004.000) 07/24 18:23:23 Image size of job updated: 166544
	12  -  MemoryUsage of job (MB)
	12064  -  ResidentSetSize of job (KB)
...
040 (10252907.5004.000) 07/24 18:23:23 Started transferring output files
...
040 (10252907.5004.000) 07/24 18:23:23 Finished transferring output files
...
005 (10252907.5004.000) 07/24 18:23:23 Job terminated.
	(1) Normal termination (return value 0)
		Usr 0 00:00:03, Sys 0 00:00:00  -  Run Remote Usage
		Usr 0 00:00:00, Sys 0 00:00:00  -  Run Local Usage
		Usr 0 00:00:03, Sys 0 00:00:00  -  Total Remote Usage
		Usr 0 00:00:00, Sys 0 00:00:00  -  Total Local Usage
	6204  -  Run Bytes Sent By Job
	409597  -  Run Bytes Received By Job
	6204  -  Total Bytes Sent By Job
	409597  -  Total Bytes Received By Job
	Partitionable Resources :    Usage  Request Allocated 
	   Cpus                 :        0        8         8 
	   Disk (KB)            :      428      425   2776596 
	   Memory (MB)          :       12    16000     16000 

	Job terminated of its own accord at 2024-07-24T16:23:23Z with exit-code 0.
...
040 (10252908.5004.000) 07/24 19:27:29 Started transferring input files
	Transferring to host: <188.185.209.35:9618?addrs=188.185.209.35-9618+[2001-1458-303-11--100-20]-9618&alias=b9p11p8066.cern.ch&noUDP&sock=slot1_7_4904_0fc0_143994>
...
040 (10252908.5004.000) 07/24 19:27:29 Finished transferring input files
...
001 (10252908.5004.000) 07/24 19:27:30 Job executing on host: <188.185.209.35:9618?addrs=188.185.209.35-9618+[2001-1458-303-11--100-20]-9618&alias=b9p11p8066.cern.ch&noUDP&sock=startd_4188_32b8>
	SlotName: slot1_7@b9p11p8066.cern.ch
	CondorScratchDir = "/pool/condor/dir_1104547"
	Cpus = 8
	Disk = 2622545
	Memory = 16000
...
006 (10252908.5004.000) 07/24 19:27:35 Image size of job updated: 157344
	7  -  MemoryUsage of job (MB)
	7040  -  ResidentSetSize of job (KB)
...
040 (10252908.5004.000) 07/24 19:27:35 Started transferring output files
...
040 (10252908.5004.000) 07/24 19:27:35 Finished transferring output files
...
005 (10252908.5004.000) 07/24 19:27:35 Job terminated.
	(1) Normal termination (return value 0)
		Usr 0 00:00:03, Sys 0 00:00:00  -  Run Remote Usage
		Usr 0 00:00:00, Sys 0 00:00:00  -  Run Local Usage
		Usr 0 00:00:03, Sys 0 00:00:00  -  Total Remote Usage
		Usr 0 00:00:00, Sys 0 00:00:00  -  Total Local Usage
	6204  -  Run Bytes Sent By Job
	409597  -  Run Bytes Received By Job
	6204  -  Total Bytes Sent By Job
	409597  -  Total Bytes Received By Job
	Partitionable Resources :    Usage  Request Allocated 
	   Cpus                 :        0        8         8 
	   Disk (KB)            :      428      425   2622545 
	   Memory (MB)          :        7    16000     16000 

	Job terminated of its own accord at 2024-07-24T17:27:35Z with exit-code 0.
...
040 (10252909.5004.000) 07/24 20:23:58 Started transferring input files
	Transferring to host: <188.185.205.162:9618?addrs=188.185.205.162-9618+[2001-1458-303-a--100-1f]-9618&alias=b9p04p5294.cern.ch&noUDP&sock=slot1_50_4129_0101_156534>
...
040 (10252909.5004.000) 07/24 20:23:58 Finished transferring input files
...
001 (10252909.5004.000) 07/24 20:23:59 Job executing on host: <188.185.205.162:9618?addrs=188.185.205.162-9618+[2001-1458-303-a--100-1f]-9618&alias=b9p04p5294.cern.ch&noUDP&sock=startd_3797_0131>
	SlotName: slot1_50@b9p04p5294.cern.ch
	CondorScratchDir = "/pool/condor/dir_2917772"
	Cpus = 8
	Disk = 2840251
	Memory = 16000
...
006 (10252909.5004.000) 07/24 20:24:06 Image size of job updated: 165220
	11  -  MemoryUsage of job (MB)
	10624  -  ResidentSetSize of job (KB)
...
040 (10252909.5004.000) 07/24 20:24:06 Started transferring output files
...
040 (10252909.5004.000) 07/24 20:24:06 Finished transferring output files
...
005 (10252909.5004.000) 07/24 20:24:06 Job terminated.
	(1) Normal termination (return value 0)
		Usr 0 00:00:05, Sys 0 00:00:00  -  Run Remote Usage
		Usr 0 00:00:00, Sys 0 00:00:00  -  Run Local Usage
		Usr 0 00:00:05, Sys 0 00:00:00  -  Total Remote Usage
		Usr 0 00:00:00, Sys 0 00:00:00  -  Total Local Usage
	6204  -  Run Bytes Sent By Job
	409597  -  Run Bytes Received By Job
	6204  -  Total Bytes Sent By Job
	409597  -  Total Bytes Received By Job
	Partitionable Resources :    Usage  Request Allocated 
	   Cpus                 :        0        8         8 
	   Disk (KB)            :      427      425   2840251 
	   Memory (MB)          :       11    16000     16000 

	Job terminated of its own accord at 2024-07-24T18:24:06Z with exit-code 0.
...
000 (10261715.5004.000) 07/25 13:03:20 Job submitted from host: <188.185.114.121:9618?addrs=188.185.114.121-9618+[2001-1458-d00-a--100-273]-9618&alias=bigbird19.cern.ch&noUDP&sock=schedd_4961_696e>
...
009 (10261715.5004.000) 07/25 13:07:02 Job was aborted.
	via condor_rm (by user yelberke)
...
000 (10261767.5004.000) 07/25 13:20:43 Job submitted from host: <188.185.114.121:9618?addrs=188.185.114.121-9618+[2001-1458-d00-a--100-273]-9618&alias=bigbird19.cern.ch&noUDP&sock=schedd_4961_696e>
...
040 (10261767.5004.000) 07/25 14:49:30 Started transferring input files
	Transferring to host: <188.185.193.11:9618?addrs=188.185.193.11-9618+[2001-1458-303-20--100-7]-9618&alias=b9p19p4258.cern.ch&noUDP&sock=slot1_14_138219_8a0e_33667>
...
040 (10261767.5004.000) 07/25 14:49:30 Finished transferring input files
...
001 (10261767.5004.000) 07/25 14:49:32 Job executing on host: <188.185.193.11:9618?addrs=188.185.193.11-9618+[2001-1458-303-20--100-7]-9618&alias=b9p19p4258.cern.ch&noUDP&sock=startd_128047_2b84>
	SlotName: slot1_14@b9p19p4258.cern.ch
	CondorScratchDir = "/pool/condor/dir_705192"
	Cpus = 12
	Disk = 3042259
	Memory = 24000
...
006 (10261767.5004.000) 07/25 14:49:38 Image size of job updated: 160124
	8  -  MemoryUsage of job (MB)
	7240  -  ResidentSetSize of job (KB)
...
040 (10261767.5004.000) 07/25 14:49:39 Started transferring output files
...
040 (10261767.5004.000) 07/25 14:49:39 Finished transferring output files
...
005 (10261767.5004.000) 07/25 14:49:40 Job terminated.
	(1) Normal termination (return value 0)
		Usr 0 00:00:05, Sys 0 00:00:00  -  Run Remote Usage
		Usr 0 00:00:00, Sys 0 00:00:00  -  Run Local Usage
		Usr 0 00:00:05, Sys 0 00:00:00  -  Total Remote Usage
		Usr 0 00:00:00, Sys 0 00:00:00  -  Total Local Usage
	6676  -  Run Bytes Sent By Job
	409597  -  Run Bytes Received By Job
	6676  -  Total Bytes Sent By Job
	409597  -  Total Bytes Received By Job
	Partitionable Resources :    Usage  Request Allocated 
	   Cpus                 :        0       12        12 
	   Disk (KB)            :      428      425   3042259 
	   Memory (MB)          :        8    24000     24000 

	Job terminated of its own accord at 2024-07-25T12:49:38Z with exit-code 0.
...
000 (10284266.5004.000) 08/02 15:47:09 Job submitted from host: <188.185.114.121:9618?addrs=188.185.114.121-9618+[2001-1458-d00-a--100-273]-9618&alias=bigbird19.cern.ch&noUDP&sock=schedd_4961_696e>
...
000 (10284267.5004.000) 08/02 15:50:13 Job submitted from host: <188.185.114.121:9618?addrs=188.185.114.121-9618+[2001-1458-d00-a--100-273]-9618&alias=bigbird19.cern.ch&noUDP&sock=schedd_4961_696e>
...
009 (10284266.5004.000) 08/02 15:50:39 Job was aborted.
	via condor_rm (by user yelberke)
...
040 (10284267.5004.000) 08/02 17:07:02 Started transferring input files
	Transferring to host: <188.185.205.208:9618?addrs=188.185.205.208-9618&alias=b9p04p9301.cern.ch&noUDP&sock=slot1_3_6907_5b32_171174>
...
040 (10284267.5004.000) 08/02 17:07:02 Finished transferring input files
...
001 (10284267.5004.000) 08/02 17:07:03 Job executing on host: <188.185.205.208:9618?addrs=188.185.205.208-9618&alias=b9p04p9301.cern.ch&noUDP&sock=startd_6839_904a>
	SlotName: slot1_3@b9p04p9301.cern.ch
	CondorScratchDir = "/pool/condor/dir_3888415"
	Cpus = 12
	Disk = 2777186
	Memory = 24000
...
006 (10284267.5004.000) 08/02 17:07:05 Image size of job updated: 326768
	5  -  MemoryUsage of job (MB)
	4556  -  ResidentSetSize of job (KB)
...
040 (10284267.5004.000) 08/02 17:07:05 Started transferring output files
...
040 (10284267.5004.000) 08/02 17:07:06 Finished transferring output files
...
005 (10284267.5004.000) 08/02 17:07:06 Job terminated.
	(1) Normal termination (return value 139)
		Usr 0 00:00:02, Sys 0 00:00:01  -  Run Remote Usage
		Usr 0 00:00:00, Sys 0 00:00:00  -  Run Local Usage
		Usr 0 00:00:02, Sys 0 00:00:01  -  Total Remote Usage
		Usr 0 00:00:00, Sys 0 00:00:00  -  Total Local Usage
	7696  -  Run Bytes Sent By Job
	409597  -  Run Bytes Received By Job
	7696  -  Total Bytes Sent By Job
	409597  -  Total Bytes Received By Job
	Partitionable Resources :    Usage  Request Allocated 
	   Cpus                 :        0       12        12 
	   Disk (KB)            :      428      425   2777186 
	   Memory (MB)          :        5    24000     24000 

	Job terminated of its own accord at 2024-08-02T15:07:05Z with exit-code 139.
...
