000 (10252905.5019.000) 07/24 16:13:22 Job submitted from host: <188.185.114.121:9618?addrs=188.185.114.121-9618+[2001-1458-d00-a--100-273]-9618&alias=bigbird19.cern.ch&noUDP&sock=schedd_4961_696e>
...
009 (10252905.5019.000) 07/24 16:14:52 Job was aborted.
	via condor_rm (by user yelberke)
...
000 (10252906.5019.000) 07/24 16:15:40 Job submitted from host: <188.185.114.121:9618?addrs=188.185.114.121-9618+[2001-1458-d00-a--100-273]-9618&alias=bigbird19.cern.ch&noUDP&sock=schedd_4961_696e>
...
000 (10252907.5019.000) 07/24 16:17:34 Job submitted from host: <188.185.114.121:9618?addrs=188.185.114.121-9618+[2001-1458-d00-a--100-273]-9618&alias=bigbird19.cern.ch&noUDP&sock=schedd_4961_696e>
...
000 (10252908.5019.000) 07/24 16:18:08 Job submitted from host: <188.185.114.121:9618?addrs=188.185.114.121-9618+[2001-1458-d00-a--100-273]-9618&alias=bigbird19.cern.ch&noUDP&sock=schedd_4961_696e>
...
000 (10252909.5019.000) 07/24 16:18:44 Job submitted from host: <188.185.114.121:9618?addrs=188.185.114.121-9618+[2001-1458-d00-a--100-273]-9618&alias=bigbird19.cern.ch&noUDP&sock=schedd_4961_696e>
...
040 (10252906.5019.000) 07/24 17:16:27 Started transferring input files
	Transferring to host: <128.142.130.79:9618?addrs=128.142.130.79-9618+[2001-1458-301-58--100-43]-9618&alias=b9g20p7160.cern.ch&noUDP&sock=slot1_4_2748_f6e9_83395>
...
040 (10252906.5019.000) 07/24 17:16:27 Finished transferring input files
...
001 (10252906.5019.000) 07/24 17:16:28 Job executing on host: <128.142.130.79:9618?addrs=128.142.130.79-9618+[2001-1458-301-58--100-43]-9618&alias=b9g20p7160.cern.ch&noUDP&sock=startd_2418_2017>
	SlotName: slot1_4@b9g20p7160.cern.ch
	CondorScratchDir = "/pool/condor/dir_1417505"
	Cpus = 8
	Disk = 1687799
	Memory = 16000
...
006 (10252906.5019.000) 07/24 17:16:36 Image size of job updated: 147740
	145  -  MemoryUsage of job (MB)
	147740  -  ResidentSetSize of job (KB)
...
040 (10252906.5019.000) 07/24 17:16:38 Started transferring output files
...
040 (10252906.5019.000) 07/24 17:16:38 Finished transferring output files
...
005 (10252906.5019.000) 07/24 17:16:38 Job terminated.
	(1) Normal termination (return value 0)
		Usr 0 00:00:08, Sys 0 00:00:00  -  Run Remote Usage
		Usr 0 00:00:00, Sys 0 00:00:00  -  Run Local Usage
		Usr 0 00:00:08, Sys 0 00:00:00  -  Total Remote Usage
		Usr 0 00:00:00, Sys 0 00:00:00  -  Total Local Usage
	6201  -  Run Bytes Sent By Job
	409597  -  Run Bytes Received By Job
	6201  -  Total Bytes Sent By Job
	409597  -  Total Bytes Received By Job
	Partitionable Resources :    Usage  Request Allocated 
	   Cpus                 :                 8         8 
	   Disk (KB)            :      421      425   1687799 
	   Memory (MB)          :      145    16000     16000 

	Job terminated of its own accord at 2024-07-24T15:16:38Z with exit-code 0.
...
040 (10252907.5019.000) 07/24 18:23:23 Started transferring input files
	Transferring to host: <188.185.204.250:9618?addrs=188.185.204.250-9618+[2001-1458-303-8--100-77]-9618&alias=b9p02p6861.cern.ch&noUDP&sock=slot1_22_7249_5380_155227>
...
040 (10252907.5019.000) 07/24 18:23:23 Finished transferring input files
...
001 (10252907.5019.000) 07/24 18:23:24 Job executing on host: <188.185.204.250:9618?addrs=188.185.204.250-9618+[2001-1458-303-8--100-77]-9618&alias=b9p02p6861.cern.ch&noUDP&sock=startd_7180_7615>
	SlotName: slot1_22@b9p02p6861.cern.ch
	CondorScratchDir = "/pool/condor/dir_3997713"
	Cpus = 8
	Disk = 2831064
	Memory = 16000
...
006 (10252907.5019.000) 07/24 18:23:28 Image size of job updated: 158956
	8  -  MemoryUsage of job (MB)
	7692  -  ResidentSetSize of job (KB)
...
040 (10252907.5019.000) 07/24 18:23:28 Started transferring output files
...
040 (10252907.5019.000) 07/24 18:23:28 Finished transferring output files
...
005 (10252907.5019.000) 07/24 18:23:28 Job terminated.
	(1) Normal termination (return value 0)
		Usr 0 00:00:03, Sys 0 00:00:00  -  Run Remote Usage
		Usr 0 00:00:00, Sys 0 00:00:00  -  Run Local Usage
		Usr 0 00:00:03, Sys 0 00:00:00  -  Total Remote Usage
		Usr 0 00:00:00, Sys 0 00:00:00  -  Total Local Usage
	6204  -  Run Bytes Sent By Job
	409597  -  Run Bytes Received By Job
	6204  -  Total Bytes Sent By Job
	409597  -  Total Bytes Received By Job
	Partitionable Resources :    Usage  Request Allocated 
	   Cpus                 :        0        8         8 
	   Disk (KB)            :      428      425   2831064 
	   Memory (MB)          :        8    16000     16000 

	Job terminated of its own accord at 2024-07-24T16:23:28Z with exit-code 0.
...
040 (10252908.5019.000) 07/24 19:27:34 Started transferring input files
	Transferring to host: <188.185.205.198:9618?addrs=188.185.205.198-9618&alias=b9p04p6457.cern.ch&noUDP&sock=slot1_6_6872_b211_154324>
...
040 (10252908.5019.000) 07/24 19:27:34 Finished transferring input files
...
001 (10252908.5019.000) 07/24 19:27:35 Job executing on host: <188.185.205.198:9618?addrs=188.185.205.198-9618&alias=b9p04p6457.cern.ch&noUDP&sock=startd_6805_3e11>
	SlotName: slot1_6@b9p04p6457.cern.ch
	CondorScratchDir = "/pool/condor/dir_701913"
	Cpus = 8
	Disk = 2724609
	Memory = 16000
...
006 (10252908.5019.000) 07/24 19:27:40 Image size of job updated: 162984
	10  -  MemoryUsage of job (MB)
	9868  -  ResidentSetSize of job (KB)
...
040 (10252908.5019.000) 07/24 19:27:40 Started transferring output files
...
040 (10252908.5019.000) 07/24 19:27:40 Finished transferring output files
...
005 (10252908.5019.000) 07/24 19:27:40 Job terminated.
	(1) Normal termination (return value 0)
		Usr 0 00:00:04, Sys 0 00:00:00  -  Run Remote Usage
		Usr 0 00:00:00, Sys 0 00:00:00  -  Run Local Usage
		Usr 0 00:00:04, Sys 0 00:00:00  -  Total Remote Usage
		Usr 0 00:00:00, Sys 0 00:00:00  -  Total Local Usage
	6204  -  Run Bytes Sent By Job
	409597  -  Run Bytes Received By Job
	6204  -  Total Bytes Sent By Job
	409597  -  Total Bytes Received By Job
	Partitionable Resources :    Usage  Request Allocated 
	   Cpus                 :        0        8         8 
	   Disk (KB)            :      428      425   2724609 
	   Memory (MB)          :       10    16000     16000 

	Job terminated of its own accord at 2024-07-24T17:27:40Z with exit-code 0.
...
022 (10252909.5019.000) 07/24 20:24:14 Job disconnected, attempting to reconnect
    Socket between submit and execute hosts closed unexpectedly
    Trying to reconnect to slot1_46@b9p03p3527.cern.ch <188.185.205.57:9618?addrs=188.185.205.57-9618&alias=b9p03p3527.cern.ch&noUDP&sock=startd_4891_65cd>
...
024 (10252909.5019.000) 07/24 20:24:14 Job reconnection failed
    Job not found at execution machine
    Can not reconnect to slot1_46@b9p03p3527.cern.ch, rescheduling job
...
040 (10252909.5019.000) 07/24 20:28:06 Started transferring input files
	Transferring to host: <188.185.205.36:9618?addrs=188.185.205.36-9618+[2001-1458-303-9--100-98]-9618&alias=b9p03p2178.cern.ch&noUDP&sock=slot1_45_5031_8b66_158090>
...
040 (10252909.5019.000) 07/24 20:28:06 Finished transferring input files
...
001 (10252909.5019.000) 07/24 20:28:07 Job executing on host: <188.185.205.36:9618?addrs=188.185.205.36-9618+[2001-1458-303-9--100-98]-9618&alias=b9p03p2178.cern.ch&noUDP&sock=startd_4558_fcc3>
	SlotName: slot1_45@b9p03p2178.cern.ch
	CondorScratchDir = "/pool/condor/dir_3173800"
	Cpus = 8
	Disk = 2742080
	Memory = 16000
...
006 (10252909.5019.000) 07/24 20:28:11 Image size of job updated: 160240
	8  -  MemoryUsage of job (MB)
	8036  -  ResidentSetSize of job (KB)
...
040 (10252909.5019.000) 07/24 20:28:11 Started transferring output files
...
040 (10252909.5019.000) 07/24 20:28:11 Finished transferring output files
...
005 (10252909.5019.000) 07/24 20:28:11 Job terminated.
	(1) Normal termination (return value 0)
		Usr 0 00:00:03, Sys 0 00:00:00  -  Run Remote Usage
		Usr 0 00:00:00, Sys 0 00:00:00  -  Run Local Usage
		Usr 0 00:00:03, Sys 0 00:00:00  -  Total Remote Usage
		Usr 0 00:00:00, Sys 0 00:00:00  -  Total Local Usage
	6204  -  Run Bytes Sent By Job
	409597  -  Run Bytes Received By Job
	6204  -  Total Bytes Sent By Job
	409597  -  Total Bytes Received By Job
	Partitionable Resources :    Usage  Request Allocated 
	   Cpus                 :        0        8         8 
	   Disk (KB)            :      428      425   2742080 
	   Memory (MB)          :        8    16000     16000 

	Job terminated of its own accord at 2024-07-24T18:28:11Z with exit-code 0.
...
000 (10261715.5019.000) 07/25 13:03:20 Job submitted from host: <188.185.114.121:9618?addrs=188.185.114.121-9618+[2001-1458-d00-a--100-273]-9618&alias=bigbird19.cern.ch&noUDP&sock=schedd_4961_696e>
...
009 (10261715.5019.000) 07/25 13:07:02 Job was aborted.
	via condor_rm (by user yelberke)
...
000 (10261767.5019.000) 07/25 13:20:43 Job submitted from host: <188.185.114.121:9618?addrs=188.185.114.121-9618+[2001-1458-d00-a--100-273]-9618&alias=bigbird19.cern.ch&noUDP&sock=schedd_4961_696e>
...
040 (10261767.5019.000) 07/25 14:49:33 Started transferring input files
	Transferring to host: <188.185.207.9:9618?addrs=188.185.207.9-9618+[2001-1458-303-d--100-6]-9618&alias=b9p07p6005.cern.ch&noUDP&sock=slot1_11_4138_5861_144994>
...
040 (10261767.5019.000) 07/25 14:49:33 Finished transferring input files
...
001 (10261767.5019.000) 07/25 14:49:34 Job executing on host: <188.185.207.9:9618?addrs=188.185.207.9-9618+[2001-1458-303-d--100-6]-9618&alias=b9p07p6005.cern.ch&noUDP&sock=startd_3645_becb>
	SlotName: slot1_11@b9p07p6005.cern.ch
	CondorScratchDir = "/pool/condor/dir_3026283"
	Cpus = 12
	Disk = 2954103
	Memory = 24000
...
006 (10261767.5019.000) 07/25 14:49:39 Image size of job updated: 165360
	9  -  MemoryUsage of job (MB)
	8696  -  ResidentSetSize of job (KB)
...
040 (10261767.5019.000) 07/25 14:49:39 Started transferring output files
...
040 (10261767.5019.000) 07/25 14:49:40 Finished transferring output files
...
005 (10261767.5019.000) 07/25 14:49:40 Job terminated.
	(1) Normal termination (return value 0)
		Usr 0 00:00:03, Sys 0 00:00:00  -  Run Remote Usage
		Usr 0 00:00:00, Sys 0 00:00:00  -  Run Local Usage
		Usr 0 00:00:03, Sys 0 00:00:00  -  Total Remote Usage
		Usr 0 00:00:00, Sys 0 00:00:00  -  Total Local Usage
	6676  -  Run Bytes Sent By Job
	409597  -  Run Bytes Received By Job
	6676  -  Total Bytes Sent By Job
	409597  -  Total Bytes Received By Job
	Partitionable Resources :    Usage  Request Allocated 
	   Cpus                 :        0       12        12 
	   Disk (KB)            :      428      425   2954103 
	   Memory (MB)          :        9    24000     24000 

	Job terminated of its own accord at 2024-07-25T12:49:39Z with exit-code 0.
...
000 (10284266.5019.000) 08/02 15:47:09 Job submitted from host: <188.185.114.121:9618?addrs=188.185.114.121-9618+[2001-1458-d00-a--100-273]-9618&alias=bigbird19.cern.ch&noUDP&sock=schedd_4961_696e>
...
000 (10284267.5019.000) 08/02 15:50:13 Job submitted from host: <188.185.114.121:9618?addrs=188.185.114.121-9618+[2001-1458-d00-a--100-273]-9618&alias=bigbird19.cern.ch&noUDP&sock=schedd_4961_696e>
...
009 (10284266.5019.000) 08/02 15:50:39 Job was aborted.
	via condor_rm (by user yelberke)
...
040 (10284267.5019.000) 08/02 17:07:09 Started transferring input files
	Transferring to host: <188.185.192.88:9618?addrs=188.185.192.88-9618+[2001-1458-303-1f--100-54]-9618&alias=b9p13p5626.cern.ch&noUDP&sock=slot1_2_2666384_7d85_68>
...
040 (10284267.5019.000) 08/02 17:07:09 Finished transferring input files
...
001 (10284267.5019.000) 08/02 17:07:10 Job executing on host: <188.185.192.88:9618?addrs=188.185.192.88-9618+[2001-1458-303-1f--100-54]-9618&alias=b9p13p5626.cern.ch&noUDP&sock=startd_128540_53b4>
	SlotName: slot1_2@b9p13p5626.cern.ch
	CondorScratchDir = "/pool/condor/dir_2677085"
	Cpus = 12
	Disk = 3105955
	Memory = 24000
...
006 (10284267.5019.000) 08/02 17:07:18 Image size of job updated: 1
	0  -  MemoryUsage of job (MB)
	0  -  ResidentSetSize of job (KB)
...
006 (10284267.5019.000) 08/02 17:07:36 Image size of job updated: 315860
	5  -  MemoryUsage of job (MB)
	4460  -  ResidentSetSize of job (KB)
...
040 (10284267.5019.000) 08/02 17:07:36 Started transferring output files
...
040 (10284267.5019.000) 08/02 17:07:36 Finished transferring output files
...
005 (10284267.5019.000) 08/02 17:07:36 Job terminated.
	(1) Normal termination (return value 139)
		Usr 0 00:00:02, Sys 0 00:00:00  -  Run Remote Usage
		Usr 0 00:00:00, Sys 0 00:00:00  -  Run Local Usage
		Usr 0 00:00:02, Sys 0 00:00:00  -  Total Remote Usage
		Usr 0 00:00:00, Sys 0 00:00:00  -  Total Local Usage
	7696  -  Run Bytes Sent By Job
	409597  -  Run Bytes Received By Job
	7696  -  Total Bytes Sent By Job
	409597  -  Total Bytes Received By Job
	Partitionable Resources :    Usage  Request Allocated 
	   Cpus                 :        0       12        12 
	   Disk (KB)            :      428      425   3105955 
	   Memory (MB)          :        5    24000     24000 

	Job terminated of its own accord at 2024-08-02T15:07:36Z with exit-code 139.
...
