000 (10252905.5085.000) 07/24 16:13:22 Job submitted from host: <188.185.114.121:9618?addrs=188.185.114.121-9618+[2001-1458-d00-a--100-273]-9618&alias=bigbird19.cern.ch&noUDP&sock=schedd_4961_696e>
...
009 (10252905.5085.000) 07/24 16:14:52 Job was aborted.
	via condor_rm (by user yelberke)
...
000 (10252906.5085.000) 07/24 16:15:40 Job submitted from host: <188.185.114.121:9618?addrs=188.185.114.121-9618+[2001-1458-d00-a--100-273]-9618&alias=bigbird19.cern.ch&noUDP&sock=schedd_4961_696e>
...
000 (10252907.5085.000) 07/24 16:17:35 Job submitted from host: <188.185.114.121:9618?addrs=188.185.114.121-9618+[2001-1458-d00-a--100-273]-9618&alias=bigbird19.cern.ch&noUDP&sock=schedd_4961_696e>
...
000 (10252908.5085.000) 07/24 16:18:08 Job submitted from host: <188.185.114.121:9618?addrs=188.185.114.121-9618+[2001-1458-d00-a--100-273]-9618&alias=bigbird19.cern.ch&noUDP&sock=schedd_4961_696e>
...
000 (10252909.5085.000) 07/24 16:18:44 Job submitted from host: <188.185.114.121:9618?addrs=188.185.114.121-9618+[2001-1458-d00-a--100-273]-9618&alias=bigbird19.cern.ch&noUDP&sock=schedd_4961_696e>
...
040 (10252906.5085.000) 07/24 17:19:11 Started transferring input files
	Transferring to host: <188.185.206.191:9618?addrs=188.185.206.191-9618&alias=b9p06p9541.cern.ch&noUDP&sock=slot1_11_6910_7852_157797>
...
040 (10252906.5085.000) 07/24 17:19:11 Finished transferring input files
...
001 (10252906.5085.000) 07/24 17:19:12 Job executing on host: <188.185.206.191:9618?addrs=188.185.206.191-9618&alias=b9p06p9541.cern.ch&noUDP&sock=startd_6845_addb>
	SlotName: slot1_11@b9p06p9541.cern.ch
	CondorScratchDir = "/pool/condor/dir_3164566"
	Cpus = 8
	Disk = 2519832
	Memory = 16000
...
006 (10252906.5085.000) 07/24 17:19:16 Image size of job updated: 160968
	9  -  MemoryUsage of job (MB)
	8448  -  ResidentSetSize of job (KB)
...
040 (10252906.5085.000) 07/24 17:19:16 Started transferring output files
...
040 (10252906.5085.000) 07/24 17:19:16 Finished transferring output files
...
005 (10252906.5085.000) 07/24 17:19:16 Job terminated.
	(1) Normal termination (return value 0)
		Usr 0 00:00:03, Sys 0 00:00:00  -  Run Remote Usage
		Usr 0 00:00:00, Sys 0 00:00:00  -  Run Local Usage
		Usr 0 00:00:03, Sys 0 00:00:00  -  Total Remote Usage
		Usr 0 00:00:00, Sys 0 00:00:00  -  Total Local Usage
	6201  -  Run Bytes Sent By Job
	409597  -  Run Bytes Received By Job
	6201  -  Total Bytes Sent By Job
	409597  -  Total Bytes Received By Job
	Partitionable Resources :    Usage  Request Allocated 
	   Cpus                 :        0        8         8 
	   Disk (KB)            :      427      425   2519832 
	   Memory (MB)          :        9    16000     16000 

	Job terminated of its own accord at 2024-07-24T15:19:16Z with exit-code 0.
...
040 (10252907.5085.000) 07/24 18:30:55 Started transferring input files
	Transferring to host: <188.185.204.192:9618?addrs=188.185.204.192-9618+[2001-1458-303-8--100-b4]-9618&alias=b9p02p2177.cern.ch&noUDP&sock=slot1_15_5286_3710_160487>
...
040 (10252907.5085.000) 07/24 18:30:55 Finished transferring input files
...
001 (10252907.5085.000) 07/24 18:30:56 Job executing on host: <188.185.204.192:9618?addrs=188.185.204.192-9618+[2001-1458-303-8--100-b4]-9618&alias=b9p02p2177.cern.ch&noUDP&sock=startd_4793_2d85>
	SlotName: slot1_15@b9p02p2177.cern.ch
	CondorScratchDir = "/pool/condor/dir_1509897"
	Cpus = 8
	Disk = 2783712
	Memory = 16000
...
006 (10252907.5085.000) 07/24 18:31:00 Image size of job updated: 152224
	4  -  MemoryUsage of job (MB)
	4068  -  ResidentSetSize of job (KB)
...
040 (10252907.5085.000) 07/24 18:31:00 Started transferring output files
...
040 (10252907.5085.000) 07/24 18:31:00 Finished transferring output files
...
005 (10252907.5085.000) 07/24 18:31:01 Job terminated.
	(1) Normal termination (return value 0)
		Usr 0 00:00:03, Sys 0 00:00:00  -  Run Remote Usage
		Usr 0 00:00:00, Sys 0 00:00:00  -  Run Local Usage
		Usr 0 00:00:03, Sys 0 00:00:00  -  Total Remote Usage
		Usr 0 00:00:00, Sys 0 00:00:00  -  Total Local Usage
	6204  -  Run Bytes Sent By Job
	409597  -  Run Bytes Received By Job
	6204  -  Total Bytes Sent By Job
	409597  -  Total Bytes Received By Job
	Partitionable Resources :    Usage  Request Allocated 
	   Cpus                 :        0        8         8 
	   Disk (KB)            :      428      425   2783712 
	   Memory (MB)          :        4    16000     16000 

	Job terminated of its own accord at 2024-07-24T16:31:00Z with exit-code 0.
...
040 (10252908.5085.000) 07/24 19:28:02 Started transferring input files
	Transferring to host: <188.185.205.58:9618?addrs=188.185.205.58-9618+[2001-1458-303-9--100-ae]-9618&alias=b9p03p9210.cern.ch&noUDP&sock=slot1_12_7418_66e7_156460>
...
040 (10252908.5085.000) 07/24 19:28:02 Finished transferring input files
...
001 (10252908.5085.000) 07/24 19:28:03 Job executing on host: <188.185.205.58:9618?addrs=188.185.205.58-9618+[2001-1458-303-9--100-ae]-9618&alias=b9p03p9210.cern.ch&noUDP&sock=startd_7350_112f>
	SlotName: slot1_12@b9p03p9210.cern.ch
	CondorScratchDir = "/pool/condor/dir_2892328"
	Cpus = 8
	Disk = 2871163
	Memory = 16000
...
006 (10252908.5085.000) 07/24 19:28:08 Image size of job updated: 159312
	8  -  MemoryUsage of job (MB)
	8192  -  ResidentSetSize of job (KB)
...
040 (10252908.5085.000) 07/24 19:28:08 Started transferring output files
...
040 (10252908.5085.000) 07/24 19:28:08 Finished transferring output files
...
005 (10252908.5085.000) 07/24 19:28:08 Job terminated.
	(1) Normal termination (return value 0)
		Usr 0 00:00:03, Sys 0 00:00:00  -  Run Remote Usage
		Usr 0 00:00:00, Sys 0 00:00:00  -  Run Local Usage
		Usr 0 00:00:03, Sys 0 00:00:00  -  Total Remote Usage
		Usr 0 00:00:00, Sys 0 00:00:00  -  Total Local Usage
	6204  -  Run Bytes Sent By Job
	409597  -  Run Bytes Received By Job
	6204  -  Total Bytes Sent By Job
	409597  -  Total Bytes Received By Job
	Partitionable Resources :    Usage  Request Allocated 
	   Cpus                 :        0        8         8 
	   Disk (KB)            :      428      425   2871163 
	   Memory (MB)          :        8    16000     16000 

	Job terminated of its own accord at 2024-07-24T17:28:08Z with exit-code 0.
...
040 (10252909.5085.000) 07/24 20:24:36 Started transferring input files
	Transferring to host: <188.185.195.168:9618?addrs=188.185.195.168-9618+[2001-1458-303-22--100-a4]-9618&alias=b9p17p4836.cern.ch&noUDP&sock=slot1_5_900783_dcaf_94>
...
040 (10252909.5085.000) 07/24 20:24:36 Finished transferring input files
...
001 (10252909.5085.000) 07/24 20:24:37 Job executing on host: <188.185.195.168:9618?addrs=188.185.195.168-9618+[2001-1458-303-22--100-a4]-9618&alias=b9p17p4836.cern.ch&noUDP&sock=startd_177324_17e2>
	SlotName: slot1_5@b9p17p4836.cern.ch
	CondorScratchDir = "/pool/condor/dir_968397"
	Cpus = 8
	Disk = 2906997
	Memory = 16000
...
006 (10252909.5085.000) 07/24 20:24:42 Image size of job updated: 160948
	9  -  MemoryUsage of job (MB)
	8884  -  ResidentSetSize of job (KB)
...
040 (10252909.5085.000) 07/24 20:24:42 Started transferring output files
...
040 (10252909.5085.000) 07/24 20:24:42 Finished transferring output files
...
005 (10252909.5085.000) 07/24 20:24:42 Job terminated.
	(1) Normal termination (return value 0)
		Usr 0 00:00:04, Sys 0 00:00:00  -  Run Remote Usage
		Usr 0 00:00:00, Sys 0 00:00:00  -  Run Local Usage
		Usr 0 00:00:04, Sys 0 00:00:00  -  Total Remote Usage
		Usr 0 00:00:00, Sys 0 00:00:00  -  Total Local Usage
	6204  -  Run Bytes Sent By Job
	409597  -  Run Bytes Received By Job
	6204  -  Total Bytes Sent By Job
	409597  -  Total Bytes Received By Job
	Partitionable Resources :    Usage  Request Allocated 
	   Cpus                 :        0        8         8 
	   Disk (KB)            :      428      425   2906997 
	   Memory (MB)          :        9    16000     16000 

	Job terminated of its own accord at 2024-07-24T18:24:42Z with exit-code 0.
...
000 (10261715.5085.000) 07/25 13:03:23 Job submitted from host: <188.185.114.121:9618?addrs=188.185.114.121-9618+[2001-1458-d00-a--100-273]-9618&alias=bigbird19.cern.ch&noUDP&sock=schedd_4961_696e>
...
009 (10261715.5085.000) 07/25 13:07:02 Job was aborted.
	via condor_rm (by user yelberke)
...
000 (10261767.5085.000) 07/25 13:20:43 Job submitted from host: <188.185.114.121:9618?addrs=188.185.114.121-9618+[2001-1458-d00-a--100-273]-9618&alias=bigbird19.cern.ch&noUDP&sock=schedd_4961_696e>
...
040 (10261767.5085.000) 07/25 14:49:58 Started transferring input files
	Transferring to host: <188.185.207.39:9618?addrs=188.185.207.39-9618+[2001-1458-303-d--100-24]-9618&alias=b9p07p0624.cern.ch&noUDP&sock=slot1_28_6950_a754_144506>
...
040 (10261767.5085.000) 07/25 14:49:58 Finished transferring input files
...
001 (10261767.5085.000) 07/25 14:49:59 Job executing on host: <188.185.207.39:9618?addrs=188.185.207.39-9618+[2001-1458-303-d--100-24]-9618&alias=b9p07p0624.cern.ch&noUDP&sock=startd_5638_c70c>
	SlotName: slot1_28@b9p07p0624.cern.ch
	CondorScratchDir = "/pool/condor/dir_183876"
	Cpus = 12
	Disk = 2710436
	Memory = 24000
...
006 (10261767.5085.000) 07/25 14:50:05 Image size of job updated: 160988
	7  -  MemoryUsage of job (MB)
	7112  -  ResidentSetSize of job (KB)
...
040 (10261767.5085.000) 07/25 14:50:05 Started transferring output files
...
040 (10261767.5085.000) 07/25 14:50:05 Finished transferring output files
...
005 (10261767.5085.000) 07/25 14:50:05 Job terminated.
	(1) Normal termination (return value 0)
		Usr 0 00:00:04, Sys 0 00:00:00  -  Run Remote Usage
		Usr 0 00:00:00, Sys 0 00:00:00  -  Run Local Usage
		Usr 0 00:00:04, Sys 0 00:00:00  -  Total Remote Usage
		Usr 0 00:00:00, Sys 0 00:00:00  -  Total Local Usage
	6676  -  Run Bytes Sent By Job
	409597  -  Run Bytes Received By Job
	6676  -  Total Bytes Sent By Job
	409597  -  Total Bytes Received By Job
	Partitionable Resources :    Usage  Request Allocated 
	   Cpus                 :        0       12        12 
	   Disk (KB)            :      429      425   2710436 
	   Memory (MB)          :        7    24000     24000 

	Job terminated of its own accord at 2024-07-25T12:50:05Z with exit-code 0.
...
000 (10284266.5085.000) 08/02 15:47:11 Job submitted from host: <188.185.114.121:9618?addrs=188.185.114.121-9618+[2001-1458-d00-a--100-273]-9618&alias=bigbird19.cern.ch&noUDP&sock=schedd_4961_696e>
...
000 (10284267.5085.000) 08/02 15:50:13 Job submitted from host: <188.185.114.121:9618?addrs=188.185.114.121-9618+[2001-1458-d00-a--100-273]-9618&alias=bigbird19.cern.ch&noUDP&sock=schedd_4961_696e>
...
009 (10284266.5085.000) 08/02 15:50:39 Job was aborted.
	via condor_rm (by user yelberke)
...
040 (10284267.5085.000) 08/02 17:07:30 Started transferring input files
	Transferring to host: <188.185.204.194:9618?addrs=188.185.204.194-9618+[2001-1458-303-8--100-b6]-9618&alias=b9p02p3136.cern.ch&noUDP&sock=slot1_2_7276_59a1_167688>
...
040 (10284267.5085.000) 08/02 17:07:30 Finished transferring input files
...
001 (10284267.5085.000) 08/02 17:07:31 Job executing on host: <188.185.204.194:9618?addrs=188.185.204.194-9618+[2001-1458-303-8--100-b6]-9618&alias=b9p02p3136.cern.ch&noUDP&sock=startd_7206_4b8c>
	SlotName: slot1_2@b9p02p3136.cern.ch
	CondorScratchDir = "/pool/condor/dir_3599920"
	Cpus = 12
	Disk = 2454337
	Memory = 24000
...
006 (10284267.5085.000) 08/02 17:07:33 Image size of job updated: 339132
	23  -  MemoryUsage of job (MB)
	23336  -  ResidentSetSize of job (KB)
...
040 (10284267.5085.000) 08/02 17:07:33 Started transferring output files
...
040 (10284267.5085.000) 08/02 17:07:33 Finished transferring output files
...
005 (10284267.5085.000) 08/02 17:07:33 Job terminated.
	(1) Normal termination (return value 139)
		Usr 0 00:00:01, Sys 0 00:00:01  -  Run Remote Usage
		Usr 0 00:00:00, Sys 0 00:00:00  -  Run Local Usage
		Usr 0 00:00:01, Sys 0 00:00:01  -  Total Remote Usage
		Usr 0 00:00:00, Sys 0 00:00:00  -  Total Local Usage
	7696  -  Run Bytes Sent By Job
	409597  -  Run Bytes Received By Job
	7696  -  Total Bytes Sent By Job
	409597  -  Total Bytes Received By Job
	Partitionable Resources :    Usage  Request Allocated 
	   Cpus                 :        0       12        12 
	   Disk (KB)            :      430      425   2454337 
	   Memory (MB)          :       23    24000     24000 

	Job terminated of its own accord at 2024-08-02T15:07:33Z with exit-code 139.
...
