000 (10252905.5096.000) 07/24 16:13:22 Job submitted from host: <188.185.114.121:9618?addrs=188.185.114.121-9618+[2001-1458-d00-a--100-273]-9618&alias=bigbird19.cern.ch&noUDP&sock=schedd_4961_696e>
...
009 (10252905.5096.000) 07/24 16:14:52 Job was aborted.
	via condor_rm (by user yelberke)
...
000 (10252906.5096.000) 07/24 16:15:40 Job submitted from host: <188.185.114.121:9618?addrs=188.185.114.121-9618+[2001-1458-d00-a--100-273]-9618&alias=bigbird19.cern.ch&noUDP&sock=schedd_4961_696e>
...
000 (10252907.5096.000) 07/24 16:17:35 Job submitted from host: <188.185.114.121:9618?addrs=188.185.114.121-9618+[2001-1458-d00-a--100-273]-9618&alias=bigbird19.cern.ch&noUDP&sock=schedd_4961_696e>
...
000 (10252908.5096.000) 07/24 16:18:08 Job submitted from host: <188.185.114.121:9618?addrs=188.185.114.121-9618+[2001-1458-d00-a--100-273]-9618&alias=bigbird19.cern.ch&noUDP&sock=schedd_4961_696e>
...
000 (10252909.5096.000) 07/24 16:18:44 Job submitted from host: <188.185.114.121:9618?addrs=188.185.114.121-9618+[2001-1458-d00-a--100-273]-9618&alias=bigbird19.cern.ch&noUDP&sock=schedd_4961_696e>
...
040 (10252906.5096.000) 07/24 17:19:15 Started transferring input files
	Transferring to host: <188.185.205.63:9618?addrs=188.185.205.63-9618&alias=b9p03p3877.cern.ch&noUDP&sock=slot1_13_7369_e085_157091>
...
040 (10252906.5096.000) 07/24 17:19:15 Finished transferring input files
...
001 (10252906.5096.000) 07/24 17:19:16 Job executing on host: <188.185.205.63:9618?addrs=188.185.205.63-9618&alias=b9p03p3877.cern.ch&noUDP&sock=startd_7252_d8e7>
	SlotName: slot1_13@b9p03p3877.cern.ch
	CondorScratchDir = "/pool/condor/dir_2565173"
	Cpus = 8
	Disk = 2738175
	Memory = 16000
...
006 (10252906.5096.000) 07/24 17:19:21 Image size of job updated: 158092
	7  -  MemoryUsage of job (MB)
	6852  -  ResidentSetSize of job (KB)
...
040 (10252906.5096.000) 07/24 17:19:21 Started transferring output files
...
040 (10252906.5096.000) 07/24 17:19:21 Finished transferring output files
...
005 (10252906.5096.000) 07/24 17:19:21 Job terminated.
	(1) Normal termination (return value 0)
		Usr 0 00:00:03, Sys 0 00:00:00  -  Run Remote Usage
		Usr 0 00:00:00, Sys 0 00:00:00  -  Run Local Usage
		Usr 0 00:00:03, Sys 0 00:00:00  -  Total Remote Usage
		Usr 0 00:00:00, Sys 0 00:00:00  -  Total Local Usage
	6201  -  Run Bytes Sent By Job
	409597  -  Run Bytes Received By Job
	6201  -  Total Bytes Sent By Job
	409597  -  Total Bytes Received By Job
	Partitionable Resources :    Usage  Request Allocated 
	   Cpus                 :        0        8         8 
	   Disk (KB)            :      428      425   2738175 
	   Memory (MB)          :        7    16000     16000 

	Job terminated of its own accord at 2024-07-24T15:19:21Z with exit-code 0.
...
040 (10252907.5096.000) 07/24 18:23:49 Started transferring input files
	Transferring to host: <188.185.209.153:9618?addrs=188.185.209.153-9618+[2001-1458-303-12--100-16]-9618&alias=b9p12p2737.cern.ch&noUDP&sock=slot1_18_20313_1893_25346>
...
040 (10252907.5096.000) 07/24 18:23:49 Finished transferring input files
...
001 (10252907.5096.000) 07/24 18:23:50 Job executing on host: <188.185.209.153:9618?addrs=188.185.209.153-9618+[2001-1458-303-12--100-16]-9618&alias=b9p12p2737.cern.ch&noUDP&sock=startd_19159_0f14>
	SlotName: slot1_18@b9p12p2737.cern.ch
	CondorScratchDir = "/pool/condor/dir_842136"
	Cpus = 8
	Disk = 2840146
	Memory = 16000
...
006 (10252907.5096.000) 07/24 18:23:54 Image size of job updated: 158684
	7  -  MemoryUsage of job (MB)
	6480  -  ResidentSetSize of job (KB)
...
040 (10252907.5096.000) 07/24 18:23:54 Started transferring output files
...
040 (10252907.5096.000) 07/24 18:23:54 Finished transferring output files
...
005 (10252907.5096.000) 07/24 18:23:54 Job terminated.
	(1) Normal termination (return value 0)
		Usr 0 00:00:03, Sys 0 00:00:00  -  Run Remote Usage
		Usr 0 00:00:00, Sys 0 00:00:00  -  Run Local Usage
		Usr 0 00:00:03, Sys 0 00:00:00  -  Total Remote Usage
		Usr 0 00:00:00, Sys 0 00:00:00  -  Total Local Usage
	6204  -  Run Bytes Sent By Job
	409597  -  Run Bytes Received By Job
	6204  -  Total Bytes Sent By Job
	409597  -  Total Bytes Received By Job
	Partitionable Resources :    Usage  Request Allocated 
	   Cpus                 :        0        8         8 
	   Disk (KB)            :      429      425   2840146 
	   Memory (MB)          :        7    16000     16000 

	Job terminated of its own accord at 2024-07-24T16:23:54Z with exit-code 0.
...
040 (10252908.5096.000) 07/24 19:28:01 Started transferring input files
	Transferring to host: <188.185.205.58:9618?addrs=188.185.205.58-9618+[2001-1458-303-9--100-ae]-9618&alias=b9p03p9210.cern.ch&noUDP&sock=slot1_7_7418_66e7_156458>
...
040 (10252908.5096.000) 07/24 19:28:01 Finished transferring input files
...
001 (10252908.5096.000) 07/24 19:28:02 Job executing on host: <188.185.205.58:9618?addrs=188.185.205.58-9618+[2001-1458-303-9--100-ae]-9618&alias=b9p03p9210.cern.ch&noUDP&sock=startd_7350_112f>
	SlotName: slot1_7@b9p03p9210.cern.ch
	CondorScratchDir = "/pool/condor/dir_2891831"
	Cpus = 8
	Disk = 2871637
	Memory = 16000
...
006 (10252908.5096.000) 07/24 19:28:06 Image size of job updated: 161136
	9  -  MemoryUsage of job (MB)
	8532  -  ResidentSetSize of job (KB)
...
040 (10252908.5096.000) 07/24 19:28:06 Started transferring output files
...
040 (10252908.5096.000) 07/24 19:28:06 Finished transferring output files
...
005 (10252908.5096.000) 07/24 19:28:06 Job terminated.
	(1) Normal termination (return value 0)
		Usr 0 00:00:03, Sys 0 00:00:00  -  Run Remote Usage
		Usr 0 00:00:00, Sys 0 00:00:00  -  Run Local Usage
		Usr 0 00:00:03, Sys 0 00:00:00  -  Total Remote Usage
		Usr 0 00:00:00, Sys 0 00:00:00  -  Total Local Usage
	6204  -  Run Bytes Sent By Job
	409597  -  Run Bytes Received By Job
	6204  -  Total Bytes Sent By Job
	409597  -  Total Bytes Received By Job
	Partitionable Resources :    Usage  Request Allocated 
	   Cpus                 :                 8         8 
	   Disk (KB)            :      419      425   2871637 
	   Memory (MB)          :        9    16000     16000 

	Job terminated of its own accord at 2024-07-24T17:28:06Z with exit-code 0.
...
040 (10252909.5096.000) 07/24 20:24:40 Started transferring input files
	Transferring to host: <188.185.208.77:9618?addrs=188.185.208.77-9618+[2001-1458-303-f--100-4a]-9618&alias=b9p09p0413.cern.ch&noUDP&sock=slot1_9_50441_ff5c_24985>
...
040 (10252909.5096.000) 07/24 20:24:40 Finished transferring input files
...
001 (10252909.5096.000) 07/24 20:24:41 Job executing on host: <188.185.208.77:9618?addrs=188.185.208.77-9618+[2001-1458-303-f--100-4a]-9618&alias=b9p09p0413.cern.ch&noUDP&sock=startd_49272_127c>
	SlotName: slot1_9@b9p09p0413.cern.ch
	CondorScratchDir = "/pool/condor/dir_1923310"
	Cpus = 8
	Disk = 2820719
	Memory = 16000
...
006 (10252909.5096.000) 07/24 20:24:46 Image size of job updated: 164348
	10  -  MemoryUsage of job (MB)
	9904  -  ResidentSetSize of job (KB)
...
040 (10252909.5096.000) 07/24 20:24:46 Started transferring output files
...
040 (10252909.5096.000) 07/24 20:24:46 Finished transferring output files
...
005 (10252909.5096.000) 07/24 20:24:46 Job terminated.
	(1) Normal termination (return value 0)
		Usr 0 00:00:03, Sys 0 00:00:00  -  Run Remote Usage
		Usr 0 00:00:00, Sys 0 00:00:00  -  Run Local Usage
		Usr 0 00:00:03, Sys 0 00:00:00  -  Total Remote Usage
		Usr 0 00:00:00, Sys 0 00:00:00  -  Total Local Usage
	6204  -  Run Bytes Sent By Job
	409597  -  Run Bytes Received By Job
	6204  -  Total Bytes Sent By Job
	409597  -  Total Bytes Received By Job
	Partitionable Resources :    Usage  Request Allocated 
	   Cpus                 :        0        8         8 
	   Disk (KB)            :      428      425   2820719 
	   Memory (MB)          :       10    16000     16000 

	Job terminated of its own accord at 2024-07-24T18:24:46Z with exit-code 0.
...
000 (10261715.5096.000) 07/25 13:03:23 Job submitted from host: <188.185.114.121:9618?addrs=188.185.114.121-9618+[2001-1458-d00-a--100-273]-9618&alias=bigbird19.cern.ch&noUDP&sock=schedd_4961_696e>
...
009 (10261715.5096.000) 07/25 13:07:02 Job was aborted.
	via condor_rm (by user yelberke)
...
000 (10261767.5096.000) 07/25 13:20:44 Job submitted from host: <188.185.114.121:9618?addrs=188.185.114.121-9618+[2001-1458-d00-a--100-273]-9618&alias=bigbird19.cern.ch&noUDP&sock=schedd_4961_696e>
...
040 (10261767.5096.000) 07/25 14:50:08 Started transferring input files
	Transferring to host: <188.185.193.53:9618?addrs=188.185.193.53-9618+[2001-1458-303-20--100-31]-9618&alias=b9p19p9278.cern.ch&noUDP&sock=slot1_5_1743550_742e_2836>
...
040 (10261767.5096.000) 07/25 14:50:08 Finished transferring input files
...
001 (10261767.5096.000) 07/25 14:50:09 Job executing on host: <188.185.193.53:9618?addrs=188.185.193.53-9618+[2001-1458-303-20--100-31]-9618&alias=b9p19p9278.cern.ch&noUDP&sock=startd_173718_ad5f>
	SlotName: slot1_5@b9p19p9278.cern.ch
	CondorScratchDir = "/pool/condor/dir_566331"
	Cpus = 12
	Disk = 2935730
	Memory = 24000
...
006 (10261767.5096.000) 07/25 14:50:17 Image size of job updated: 1
	0  -  MemoryUsage of job (MB)
	0  -  ResidentSetSize of job (KB)
...
006 (10261767.5096.000) 07/25 14:50:39 Image size of job updated: 161404
	8  -  MemoryUsage of job (MB)
	7392  -  ResidentSetSize of job (KB)
...
040 (10261767.5096.000) 07/25 14:50:39 Started transferring output files
...
040 (10261767.5096.000) 07/25 14:50:39 Finished transferring output files
...
005 (10261767.5096.000) 07/25 14:50:39 Job terminated.
	(1) Normal termination (return value 0)
		Usr 0 00:00:04, Sys 0 00:00:00  -  Run Remote Usage
		Usr 0 00:00:00, Sys 0 00:00:00  -  Run Local Usage
		Usr 0 00:00:04, Sys 0 00:00:00  -  Total Remote Usage
		Usr 0 00:00:00, Sys 0 00:00:00  -  Total Local Usage
	6676  -  Run Bytes Sent By Job
	409597  -  Run Bytes Received By Job
	6676  -  Total Bytes Sent By Job
	409597  -  Total Bytes Received By Job
	Partitionable Resources :    Usage  Request Allocated 
	   Cpus                 :        0       12        12 
	   Disk (KB)            :      428      425   2935730 
	   Memory (MB)          :        8    24000     24000 

	Job terminated of its own accord at 2024-07-25T12:50:39Z with exit-code 0.
...
000 (10284266.5096.000) 08/02 15:47:11 Job submitted from host: <188.185.114.121:9618?addrs=188.185.114.121-9618+[2001-1458-d00-a--100-273]-9618&alias=bigbird19.cern.ch&noUDP&sock=schedd_4961_696e>
...
000 (10284267.5096.000) 08/02 15:50:13 Job submitted from host: <188.185.114.121:9618?addrs=188.185.114.121-9618+[2001-1458-d00-a--100-273]-9618&alias=bigbird19.cern.ch&noUDP&sock=schedd_4961_696e>
...
009 (10284266.5096.000) 08/02 15:50:39 Job was aborted.
	via condor_rm (by user yelberke)
...
040 (10284267.5096.000) 08/02 17:07:34 Started transferring input files
	Transferring to host: <188.185.192.136:9618?addrs=188.185.192.136-9618+[2001-1458-303-1f--100-84]-9618&alias=b9p13p0967.cern.ch&noUDP&sock=slot1_33_4142837_31ec_2185>
...
040 (10284267.5096.000) 08/02 17:07:34 Finished transferring input files
...
001 (10284267.5096.000) 08/02 17:07:35 Job executing on host: <188.185.192.136:9618?addrs=188.185.192.136-9618+[2001-1458-303-1f--100-84]-9618&alias=b9p13p0967.cern.ch&noUDP&sock=startd_127835_c170>
	SlotName: slot1_33@b9p13p0967.cern.ch
	CondorScratchDir = "/pool/condor/dir_3268057"
	Cpus = 12
	Disk = 2741053
	Memory = 24000
...
006 (10284267.5096.000) 08/02 17:07:37 Image size of job updated: 315280
	6  -  MemoryUsage of job (MB)
	5184  -  ResidentSetSize of job (KB)
...
040 (10284267.5096.000) 08/02 17:07:37 Started transferring output files
...
040 (10284267.5096.000) 08/02 17:07:37 Finished transferring output files
...
005 (10284267.5096.000) 08/02 17:07:37 Job terminated.
	(1) Normal termination (return value 139)
		Usr 0 00:00:02, Sys 0 00:00:00  -  Run Remote Usage
		Usr 0 00:00:00, Sys 0 00:00:00  -  Run Local Usage
		Usr 0 00:00:02, Sys 0 00:00:00  -  Total Remote Usage
		Usr 0 00:00:00, Sys 0 00:00:00  -  Total Local Usage
	7696  -  Run Bytes Sent By Job
	409597  -  Run Bytes Received By Job
	7696  -  Total Bytes Sent By Job
	409597  -  Total Bytes Received By Job
	Partitionable Resources :    Usage  Request Allocated 
	   Cpus                 :        0       12        12 
	   Disk (KB)            :      429      425   2741053 
	   Memory (MB)          :        6    24000     24000 

	Job terminated of its own accord at 2024-08-02T15:07:37Z with exit-code 139.
...
