000 (10252905.513.000) 07/24 16:13:15 Job submitted from host: <188.185.114.121:9618?addrs=188.185.114.121-9618+[2001-1458-d00-a--100-273]-9618&alias=bigbird19.cern.ch&noUDP&sock=schedd_4961_696e>
...
009 (10252905.513.000) 07/24 16:14:45 Job was aborted.
	via condor_rm (by user yelberke)
...
000 (10252906.513.000) 07/24 16:15:36 Job submitted from host: <188.185.114.121:9618?addrs=188.185.114.121-9618+[2001-1458-d00-a--100-273]-9618&alias=bigbird19.cern.ch&noUDP&sock=schedd_4961_696e>
...
000 (10252907.513.000) 07/24 16:17:30 Job submitted from host: <188.185.114.121:9618?addrs=188.185.114.121-9618+[2001-1458-d00-a--100-273]-9618&alias=bigbird19.cern.ch&noUDP&sock=schedd_4961_696e>
...
000 (10252908.513.000) 07/24 16:18:03 Job submitted from host: <188.185.114.121:9618?addrs=188.185.114.121-9618+[2001-1458-d00-a--100-273]-9618&alias=bigbird19.cern.ch&noUDP&sock=schedd_4961_696e>
...
000 (10252909.513.000) 07/24 16:18:39 Job submitted from host: <188.185.114.121:9618?addrs=188.185.114.121-9618+[2001-1458-d00-a--100-273]-9618&alias=bigbird19.cern.ch&noUDP&sock=schedd_4961_696e>
...
000 (10252910.513.000) 07/24 16:19:04 Job submitted from host: <188.185.114.121:9618?addrs=188.185.114.121-9618+[2001-1458-d00-a--100-273]-9618&alias=bigbird19.cern.ch&noUDP&sock=schedd_4961_696e>
...
000 (10252911.513.000) 07/24 16:19:17 Job submitted from host: <188.185.114.121:9618?addrs=188.185.114.121-9618+[2001-1458-d00-a--100-273]-9618&alias=bigbird19.cern.ch&noUDP&sock=schedd_4961_696e>
...
000 (10252912.513.000) 07/24 16:19:30 Job submitted from host: <188.185.114.121:9618?addrs=188.185.114.121-9618+[2001-1458-d00-a--100-273]-9618&alias=bigbird19.cern.ch&noUDP&sock=schedd_4961_696e>
...
000 (10252913.513.000) 07/24 16:19:42 Job submitted from host: <188.185.114.121:9618?addrs=188.185.114.121-9618+[2001-1458-d00-a--100-273]-9618&alias=bigbird19.cern.ch&noUDP&sock=schedd_4961_696e>
...
040 (10252906.513.000) 07/24 16:20:37 Started transferring input files
	Transferring to host: <188.185.209.190:9618?addrs=188.185.209.190-9618+[2001-1458-303-12--100-3b]-9618&alias=b9p12p6813.cern.ch&noUDP&sock=slot1_5_7161_527c_143993>
...
040 (10252906.513.000) 07/24 16:20:37 Finished transferring input files
...
001 (10252906.513.000) 07/24 16:20:38 Job executing on host: <188.185.209.190:9618?addrs=188.185.209.190-9618+[2001-1458-303-12--100-3b]-9618&alias=b9p12p6813.cern.ch&noUDP&sock=startd_5817_8e7f>
	SlotName: slot1_5@b9p12p6813.cern.ch
	CondorScratchDir = "/pool/condor/dir_2218855"
	Cpus = 8
	Disk = 2594548
	Memory = 16000
...
006 (10252906.513.000) 07/24 16:20:44 Image size of job updated: 161332
	9  -  MemoryUsage of job (MB)
	8348  -  ResidentSetSize of job (KB)
...
040 (10252906.513.000) 07/24 16:20:44 Started transferring output files
...
040 (10252906.513.000) 07/24 16:20:44 Finished transferring output files
...
005 (10252906.513.000) 07/24 16:20:44 Job terminated.
	(1) Normal termination (return value 0)
		Usr 0 00:00:04, Sys 0 00:00:00  -  Run Remote Usage
		Usr 0 00:00:00, Sys 0 00:00:00  -  Run Local Usage
		Usr 0 00:00:04, Sys 0 00:00:00  -  Total Remote Usage
		Usr 0 00:00:00, Sys 0 00:00:00  -  Total Local Usage
	6204  -  Run Bytes Sent By Job
	409597  -  Run Bytes Received By Job
	6204  -  Total Bytes Sent By Job
	409597  -  Total Bytes Received By Job
	Partitionable Resources :    Usage  Request Allocated 
	   Cpus                 :        0        8         8 
	   Disk (KB)            :      428      425   2594548 
	   Memory (MB)          :        9    16000     16000 

	Job terminated of its own accord at 2024-07-24T14:20:44Z with exit-code 0.
...
040 (10252907.513.000) 07/24 17:45:53 Started transferring input files
	Transferring to host: <188.185.204.200:9618?addrs=188.185.204.200-9618+[2001-1458-303-8--100-bc]-9618&alias=b9p02p1911.cern.ch&noUDP&sock=slot1_1_7272_8821_155648>
...
040 (10252907.513.000) 07/24 17:45:53 Finished transferring input files
...
001 (10252907.513.000) 07/24 17:45:54 Job executing on host: <188.185.204.200:9618?addrs=188.185.204.200-9618+[2001-1458-303-8--100-bc]-9618&alias=b9p02p1911.cern.ch&noUDP&sock=startd_7203_3cc3>
	SlotName: slot1_1@b9p02p1911.cern.ch
	CondorScratchDir = "/pool/condor/dir_2672180"
	Cpus = 8
	Disk = 2825586
	Memory = 16000
...
006 (10252907.513.000) 07/24 17:45:58 Image size of job updated: 167364
	12  -  MemoryUsage of job (MB)
	11352  -  ResidentSetSize of job (KB)
...
040 (10252907.513.000) 07/24 17:45:58 Started transferring output files
...
040 (10252907.513.000) 07/24 17:45:58 Finished transferring output files
...
005 (10252907.513.000) 07/24 17:45:58 Job terminated.
	(1) Normal termination (return value 0)
		Usr 0 00:00:03, Sys 0 00:00:00  -  Run Remote Usage
		Usr 0 00:00:00, Sys 0 00:00:00  -  Run Local Usage
		Usr 0 00:00:03, Sys 0 00:00:00  -  Total Remote Usage
		Usr 0 00:00:00, Sys 0 00:00:00  -  Total Local Usage
	6204  -  Run Bytes Sent By Job
	409597  -  Run Bytes Received By Job
	6204  -  Total Bytes Sent By Job
	409597  -  Total Bytes Received By Job
	Partitionable Resources :    Usage  Request Allocated 
	   Cpus                 :        0        8         8 
	   Disk (KB)            :      428      425   2825586 
	   Memory (MB)          :       12    16000     16000 

	Job terminated of its own accord at 2024-07-24T15:45:58Z with exit-code 0.
...
040 (10252908.513.000) 07/24 18:50:49 Started transferring input files
	Transferring to host: <188.185.205.110:9618?addrs=188.185.205.110-9618+[2001-1458-303-9--100-6b]-9618&alias=b9p03p6531.cern.ch&noUDP&sock=slot1_4_5453_e1b7_83762>
...
040 (10252908.513.000) 07/24 18:50:49 Finished transferring input files
...
001 (10252908.513.000) 07/24 18:50:50 Job executing on host: <188.185.205.110:9618?addrs=188.185.205.110-9618+[2001-1458-303-9--100-6b]-9618&alias=b9p03p6531.cern.ch&noUDP&sock=startd_4496_75e4>
	SlotName: slot1_4@b9p03p6531.cern.ch
	CondorScratchDir = "/pool/condor/dir_2259550"
	Cpus = 8
	Disk = 2771494
	Memory = 16000
...
006 (10252908.513.000) 07/24 18:50:55 Image size of job updated: 158260
	8  -  MemoryUsage of job (MB)
	7604  -  ResidentSetSize of job (KB)
...
040 (10252908.513.000) 07/24 18:50:55 Started transferring output files
...
040 (10252908.513.000) 07/24 18:50:55 Finished transferring output files
...
005 (10252908.513.000) 07/24 18:50:55 Job terminated.
	(1) Normal termination (return value 0)
		Usr 0 00:00:03, Sys 0 00:00:00  -  Run Remote Usage
		Usr 0 00:00:00, Sys 0 00:00:00  -  Run Local Usage
		Usr 0 00:00:03, Sys 0 00:00:00  -  Total Remote Usage
		Usr 0 00:00:00, Sys 0 00:00:00  -  Total Local Usage
	6204  -  Run Bytes Sent By Job
	409597  -  Run Bytes Received By Job
	6204  -  Total Bytes Sent By Job
	409597  -  Total Bytes Received By Job
	Partitionable Resources :    Usage  Request Allocated 
	   Cpus                 :        0        8         8 
	   Disk (KB)            :      428      425   2771494 
	   Memory (MB)          :        8    16000     16000 

	Job terminated of its own accord at 2024-07-24T16:50:55Z with exit-code 0.
...
040 (10252909.513.000) 07/24 19:51:01 Started transferring input files
	Transferring to host: <188.185.206.168:9618?addrs=188.185.206.168-9618&alias=b9p06p3387.cern.ch&noUDP&sock=slot1_3_6887_43b1_155425>
...
040 (10252909.513.000) 07/24 19:51:01 Finished transferring input files
...
001 (10252909.513.000) 07/24 19:51:02 Job executing on host: <188.185.206.168:9618?addrs=188.185.206.168-9618&alias=b9p06p3387.cern.ch&noUDP&sock=startd_6821_3795>
	SlotName: slot1_3@b9p06p3387.cern.ch
	CondorScratchDir = "/pool/condor/dir_1902478"
	Cpus = 8
	Disk = 2685001
	Memory = 16000
...
006 (10252909.513.000) 07/24 19:51:06 Image size of job updated: 161440
	9  -  MemoryUsage of job (MB)
	8468  -  ResidentSetSize of job (KB)
...
040 (10252909.513.000) 07/24 19:51:06 Started transferring output files
...
040 (10252909.513.000) 07/24 19:51:06 Finished transferring output files
...
005 (10252909.513.000) 07/24 19:51:06 Job terminated.
	(1) Normal termination (return value 0)
		Usr 0 00:00:03, Sys 0 00:00:00  -  Run Remote Usage
		Usr 0 00:00:00, Sys 0 00:00:00  -  Run Local Usage
		Usr 0 00:00:03, Sys 0 00:00:00  -  Total Remote Usage
		Usr 0 00:00:00, Sys 0 00:00:00  -  Total Local Usage
	6204  -  Run Bytes Sent By Job
	409597  -  Run Bytes Received By Job
	6204  -  Total Bytes Sent By Job
	409597  -  Total Bytes Received By Job
	Partitionable Resources :    Usage  Request Allocated 
	   Cpus                 :        0        8         8 
	   Disk (KB)            :      427      425   2685001 
	   Memory (MB)          :        9    16000     16000 

	Job terminated of its own accord at 2024-07-24T17:51:06Z with exit-code 0.
...
040 (10252910.513.000) 07/24 20:43:52 Started transferring input files
	Transferring to host: <188.185.207.40:9618?addrs=188.185.207.40-9618+[2001-1458-303-d--100-25]-9618&alias=b9p07p2176.cern.ch&noUDP&sock=slot1_15_36687_0f6d_24656>
...
040 (10252910.513.000) 07/24 20:43:52 Finished transferring input files
...
001 (10252910.513.000) 07/24 20:43:53 Job executing on host: <188.185.207.40:9618?addrs=188.185.207.40-9618+[2001-1458-303-d--100-25]-9618&alias=b9p07p2176.cern.ch&noUDP&sock=startd_35168_e6bd>
	SlotName: slot1_15@b9p07p2176.cern.ch
	CondorScratchDir = "/pool/condor/dir_704376"
	Cpus = 8
	Disk = 3003708
	Memory = 16000
...
006 (10252910.513.000) 07/24 20:43:57 Image size of job updated: 164824
	10  -  MemoryUsage of job (MB)
	9640  -  ResidentSetSize of job (KB)
...
040 (10252910.513.000) 07/24 20:43:57 Started transferring output files
...
040 (10252910.513.000) 07/24 20:43:57 Finished transferring output files
...
005 (10252910.513.000) 07/24 20:43:57 Job terminated.
	(1) Normal termination (return value 0)
		Usr 0 00:00:03, Sys 0 00:00:00  -  Run Remote Usage
		Usr 0 00:00:00, Sys 0 00:00:00  -  Run Local Usage
		Usr 0 00:00:03, Sys 0 00:00:00  -  Total Remote Usage
		Usr 0 00:00:00, Sys 0 00:00:00  -  Total Local Usage
	6201  -  Run Bytes Sent By Job
	409597  -  Run Bytes Received By Job
	6201  -  Total Bytes Sent By Job
	409597  -  Total Bytes Received By Job
	Partitionable Resources :    Usage  Request Allocated 
	   Cpus                 :        0        8         8 
	   Disk (KB)            :      428      425   3003708 
	   Memory (MB)          :       10    16000     16000 

	Job terminated of its own accord at 2024-07-24T18:43:57Z with exit-code 0.
...
040 (10252911.513.000) 07/24 20:56:47 Started transferring input files
	Transferring to host: <188.185.205.104:9618?addrs=188.185.205.104-9618+[2001-1458-303-9--100-65]-9618&alias=b9p03p6833.cern.ch&noUDP&sock=slot1_10_14908_c8d7_30354>
...
040 (10252911.513.000) 07/24 20:56:47 Finished transferring input files
...
001 (10252911.513.000) 07/24 20:56:48 Job executing on host: <188.185.205.104:9618?addrs=188.185.205.104-9618+[2001-1458-303-9--100-65]-9618&alias=b9p03p6833.cern.ch&noUDP&sock=startd_14021_d179>
	SlotName: slot1_10@b9p03p6833.cern.ch
	CondorScratchDir = "/pool/condor/dir_165425"
	Cpus = 8
	Disk = 2794862
	Memory = 16000
...
006 (10252911.513.000) 07/24 20:56:52 Image size of job updated: 161016
	9  -  MemoryUsage of job (MB)
	8552  -  ResidentSetSize of job (KB)
...
040 (10252911.513.000) 07/24 20:56:52 Started transferring output files
...
040 (10252911.513.000) 07/24 20:56:52 Finished transferring output files
...
005 (10252911.513.000) 07/24 20:56:52 Job terminated.
	(1) Normal termination (return value 0)
		Usr 0 00:00:03, Sys 0 00:00:00  -  Run Remote Usage
		Usr 0 00:00:00, Sys 0 00:00:00  -  Run Local Usage
		Usr 0 00:00:03, Sys 0 00:00:00  -  Total Remote Usage
		Usr 0 00:00:00, Sys 0 00:00:00  -  Total Local Usage
	6204  -  Run Bytes Sent By Job
	409597  -  Run Bytes Received By Job
	6204  -  Total Bytes Sent By Job
	409597  -  Total Bytes Received By Job
	Partitionable Resources :    Usage  Request Allocated 
	   Cpus                 :        0        8         8 
	   Disk (KB)            :      428      425   2794862 
	   Memory (MB)          :        9    16000     16000 

	Job terminated of its own accord at 2024-07-24T18:56:52Z with exit-code 0.
...
040 (10252912.513.000) 07/24 21:09:44 Started transferring input files
	Transferring to host: <188.185.207.181:9618?addrs=188.185.207.181-9618+[2001-1458-303-e--100-32]-9618&alias=b9p08p7128.cern.ch&noUDP&sock=slot1_2_7257_f680_142301>
...
040 (10252912.513.000) 07/24 21:09:44 Finished transferring input files
...
001 (10252912.513.000) 07/24 21:09:45 Job executing on host: <188.185.207.181:9618?addrs=188.185.207.181-9618+[2001-1458-303-e--100-32]-9618&alias=b9p08p7128.cern.ch&noUDP&sock=startd_5721_b568>
	SlotName: slot1_2@b9p08p7128.cern.ch
	CondorScratchDir = "/pool/condor/dir_2933047"
	Cpus = 8
	Disk = 2942309
	Memory = 16000
...
006 (10252912.513.000) 07/24 21:09:50 Image size of job updated: 163288
	9  -  MemoryUsage of job (MB)
	8848  -  ResidentSetSize of job (KB)
...
040 (10252912.513.000) 07/24 21:09:50 Started transferring output files
...
040 (10252912.513.000) 07/24 21:09:50 Finished transferring output files
...
005 (10252912.513.000) 07/24 21:09:50 Job terminated.
	(1) Normal termination (return value 0)
		Usr 0 00:00:03, Sys 0 00:00:00  -  Run Remote Usage
		Usr 0 00:00:00, Sys 0 00:00:00  -  Run Local Usage
		Usr 0 00:00:03, Sys 0 00:00:00  -  Total Remote Usage
		Usr 0 00:00:00, Sys 0 00:00:00  -  Total Local Usage
	6204  -  Run Bytes Sent By Job
	409597  -  Run Bytes Received By Job
	6204  -  Total Bytes Sent By Job
	409597  -  Total Bytes Received By Job
	Partitionable Resources :    Usage  Request Allocated 
	   Cpus                 :        0        8         8 
	   Disk (KB)            :      428      425   2942309 
	   Memory (MB)          :        9    16000     16000 

	Job terminated of its own accord at 2024-07-24T19:09:50Z with exit-code 0.
...
040 (10252913.513.000) 07/24 21:23:33 Started transferring input files
	Transferring to host: <188.185.209.201:9618?addrs=188.185.209.201-9618+[2001-1458-303-12--100-46]-9618&alias=b9p12p4232.cern.ch&noUDP&sock=slot1_3_41007_e41d_22926>
...
040 (10252913.513.000) 07/24 21:23:33 Finished transferring input files
...
001 (10252913.513.000) 07/24 21:23:34 Job executing on host: <188.185.209.201:9618?addrs=188.185.209.201-9618+[2001-1458-303-12--100-46]-9618&alias=b9p12p4232.cern.ch&noUDP&sock=startd_39627_6789>
	SlotName: slot1_3@b9p12p4232.cern.ch
	CondorScratchDir = "/pool/condor/dir_1359516"
	Cpus = 8
	Disk = 2665876
	Memory = 16000
...
006 (10252913.513.000) 07/24 21:23:40 Image size of job updated: 161388
	9  -  MemoryUsage of job (MB)
	8720  -  ResidentSetSize of job (KB)
...
040 (10252913.513.000) 07/24 21:23:40 Started transferring output files
...
040 (10252913.513.000) 07/24 21:23:40 Finished transferring output files
...
005 (10252913.513.000) 07/24 21:23:40 Job terminated.
	(1) Normal termination (return value 0)
		Usr 0 00:00:04, Sys 0 00:00:00  -  Run Remote Usage
		Usr 0 00:00:00, Sys 0 00:00:00  -  Run Local Usage
		Usr 0 00:00:04, Sys 0 00:00:00  -  Total Remote Usage
		Usr 0 00:00:00, Sys 0 00:00:00  -  Total Local Usage
	6204  -  Run Bytes Sent By Job
	409597  -  Run Bytes Received By Job
	6204  -  Total Bytes Sent By Job
	409597  -  Total Bytes Received By Job
	Partitionable Resources :    Usage  Request Allocated 
	   Cpus                 :        0        8         8 
	   Disk (KB)            :      432      425   2665876 
	   Memory (MB)          :        9    16000     16000 

	Job terminated of its own accord at 2024-07-24T19:23:40Z with exit-code 0.
...
000 (10261715.513.000) 07/25 13:01:27 Job submitted from host: <188.185.114.121:9618?addrs=188.185.114.121-9618+[2001-1458-d00-a--100-273]-9618&alias=bigbird19.cern.ch&noUDP&sock=schedd_4961_696e>
...
009 (10261715.513.000) 07/25 13:06:38 Job was aborted.
	via condor_rm (by user yelberke)
...
000 (10261767.513.000) 07/25 13:19:57 Job submitted from host: <188.185.114.121:9618?addrs=188.185.114.121-9618+[2001-1458-d00-a--100-273]-9618&alias=bigbird19.cern.ch&noUDP&sock=schedd_4961_696e>
...
040 (10261767.513.000) 07/25 13:47:50 Started transferring input files
	Transferring to host: <188.185.208.66:9618?addrs=188.185.208.66-9618+[2001-1458-303-f--100-3f]-9618&alias=b9p09p4833.cern.ch&noUDP&sock=slot1_5_125370_41a3_144611>
...
040 (10261767.513.000) 07/25 13:47:50 Finished transferring input files
...
001 (10261767.513.000) 07/25 13:47:51 Job executing on host: <188.185.208.66:9618?addrs=188.185.208.66-9618+[2001-1458-303-f--100-3f]-9618&alias=b9p09p4833.cern.ch&noUDP&sock=startd_115776_48de>
	SlotName: slot1_5@b9p09p4833.cern.ch
	CondorScratchDir = "/pool/condor/dir_2550608"
	Cpus = 12
	Disk = 2564780
	Memory = 24000
...
006 (10261767.513.000) 07/25 13:47:57 Image size of job updated: 161456
	8  -  MemoryUsage of job (MB)
	7232  -  ResidentSetSize of job (KB)
...
040 (10261767.513.000) 07/25 13:47:57 Started transferring output files
...
040 (10261767.513.000) 07/25 13:47:57 Finished transferring output files
...
005 (10261767.513.000) 07/25 13:47:57 Job terminated.
	(1) Normal termination (return value 0)
		Usr 0 00:00:04, Sys 0 00:00:00  -  Run Remote Usage
		Usr 0 00:00:00, Sys 0 00:00:00  -  Run Local Usage
		Usr 0 00:00:04, Sys 0 00:00:00  -  Total Remote Usage
		Usr 0 00:00:00, Sys 0 00:00:00  -  Total Local Usage
	6204  -  Run Bytes Sent By Job
	409597  -  Run Bytes Received By Job
	6204  -  Total Bytes Sent By Job
	409597  -  Total Bytes Received By Job
	Partitionable Resources :    Usage  Request Allocated 
	   Cpus                 :        0       12        12 
	   Disk (KB)            :      428      425   2564780 
	   Memory (MB)          :        8    24000     24000 

	Job terminated of its own accord at 2024-07-25T11:47:57Z with exit-code 0.
...
000 (10284266.513.000) 08/02 15:45:08 Job submitted from host: <188.185.114.121:9618?addrs=188.185.114.121-9618+[2001-1458-d00-a--100-273]-9618&alias=bigbird19.cern.ch&noUDP&sock=schedd_4961_696e>
...
009 (10284266.513.000) 08/02 15:49:13 Job was aborted.
	via condor_rm (by user yelberke)
...
000 (10284267.513.000) 08/02 15:49:46 Job submitted from host: <188.185.114.121:9618?addrs=188.185.114.121-9618+[2001-1458-d00-a--100-273]-9618&alias=bigbird19.cern.ch&noUDP&sock=schedd_4961_696e>
...
040 (10284267.513.000) 08/02 16:08:41 Started transferring input files
	Transferring to host: <188.185.198.40:9618?addrs=188.185.198.40-9618+[2001-1458-303-25--100-24]-9618&alias=b9p15p0899.cern.ch&noUDP&sock=slot1_7_2337937_ddb9_13368>
...
040 (10284267.513.000) 08/02 16:08:41 Finished transferring input files
...
001 (10284267.513.000) 08/02 16:08:42 Job executing on host: <188.185.198.40:9618?addrs=188.185.198.40-9618+[2001-1458-303-25--100-24]-9618&alias=b9p15p0899.cern.ch&noUDP&sock=startd_127896_98b7>
	SlotName: slot1_7@b9p15p0899.cern.ch
	CondorScratchDir = "/pool/condor/dir_2232857"
	Cpus = 12
	Disk = 2754506
	Memory = 24000
...
006 (10284267.513.000) 08/02 16:08:51 Image size of job updated: 1
	0  -  MemoryUsage of job (MB)
	0  -  ResidentSetSize of job (KB)
...
006 (10284267.513.000) 08/02 16:09:11 Image size of job updated: 713692
	395  -  MemoryUsage of job (MB)
	404340  -  ResidentSetSize of job (KB)
...
040 (10284267.513.000) 08/02 16:09:11 Started transferring output files
...
040 (10284267.513.000) 08/02 16:09:11 Finished transferring output files
...
005 (10284267.513.000) 08/02 16:09:12 Job terminated.
	(1) Normal termination (return value 139)
		Usr 0 00:00:03, Sys 0 00:00:00  -  Run Remote Usage
		Usr 0 00:00:00, Sys 0 00:00:00  -  Run Local Usage
		Usr 0 00:00:03, Sys 0 00:00:00  -  Total Remote Usage
		Usr 0 00:00:00, Sys 0 00:00:00  -  Total Local Usage
	7696  -  Run Bytes Sent By Job
	409597  -  Run Bytes Received By Job
	7696  -  Total Bytes Sent By Job
	409597  -  Total Bytes Received By Job
	Partitionable Resources :    Usage  Request Allocated 
	   Cpus                 :        0       12        12 
	   Disk (KB)            :      429      425   2754506 
	   Memory (MB)          :      395    24000     24000 

	Job terminated of its own accord at 2024-08-02T14:09:11Z with exit-code 139.
...
