000 (10252905.5164.000) 07/24 16:13:22 Job submitted from host: <188.185.114.121:9618?addrs=188.185.114.121-9618+[2001-1458-d00-a--100-273]-9618&alias=bigbird19.cern.ch&noUDP&sock=schedd_4961_696e>
...
009 (10252905.5164.000) 07/24 16:14:52 Job was aborted.
	via condor_rm (by user yelberke)
...
000 (10252906.5164.000) 07/24 16:15:40 Job submitted from host: <188.185.114.121:9618?addrs=188.185.114.121-9618+[2001-1458-d00-a--100-273]-9618&alias=bigbird19.cern.ch&noUDP&sock=schedd_4961_696e>
...
000 (10252907.5164.000) 07/24 16:17:35 Job submitted from host: <188.185.114.121:9618?addrs=188.185.114.121-9618+[2001-1458-d00-a--100-273]-9618&alias=bigbird19.cern.ch&noUDP&sock=schedd_4961_696e>
...
000 (10252908.5164.000) 07/24 16:18:08 Job submitted from host: <188.185.114.121:9618?addrs=188.185.114.121-9618+[2001-1458-d00-a--100-273]-9618&alias=bigbird19.cern.ch&noUDP&sock=schedd_4961_696e>
...
000 (10252909.5164.000) 07/24 16:18:44 Job submitted from host: <188.185.114.121:9618?addrs=188.185.114.121-9618+[2001-1458-d00-a--100-273]-9618&alias=bigbird19.cern.ch&noUDP&sock=schedd_4961_696e>
...
040 (10252906.5164.000) 07/24 17:20:37 Started transferring input files
	Transferring to host: <188.185.206.186:9618?addrs=188.185.206.186-9618&alias=b9p06p1726.cern.ch&noUDP&sock=slot1_14_4122_1261_155510>
...
040 (10252906.5164.000) 07/24 17:20:37 Finished transferring input files
...
001 (10252906.5164.000) 07/24 17:20:38 Job executing on host: <188.185.206.186:9618?addrs=188.185.206.186-9618&alias=b9p06p1726.cern.ch&noUDP&sock=startd_3780_5814>
	SlotName: slot1_14@b9p06p1726.cern.ch
	CondorScratchDir = "/pool/condor/dir_4093355"
	Cpus = 8
	Disk = 2779725
	Memory = 16000
...
006 (10252906.5164.000) 07/24 17:20:42 Image size of job updated: 159716
	8  -  MemoryUsage of job (MB)
	7552  -  ResidentSetSize of job (KB)
...
040 (10252906.5164.000) 07/24 17:20:42 Started transferring output files
...
040 (10252906.5164.000) 07/24 17:20:42 Finished transferring output files
...
005 (10252906.5164.000) 07/24 17:20:42 Job terminated.
	(1) Normal termination (return value 0)
		Usr 0 00:00:03, Sys 0 00:00:00  -  Run Remote Usage
		Usr 0 00:00:00, Sys 0 00:00:00  -  Run Local Usage
		Usr 0 00:00:03, Sys 0 00:00:00  -  Total Remote Usage
		Usr 0 00:00:00, Sys 0 00:00:00  -  Total Local Usage
	6201  -  Run Bytes Sent By Job
	409597  -  Run Bytes Received By Job
	6201  -  Total Bytes Sent By Job
	409597  -  Total Bytes Received By Job
	Partitionable Resources :    Usage  Request Allocated 
	   Cpus                 :        0        8         8 
	   Disk (KB)            :      428      425   2779725 
	   Memory (MB)          :        8    16000     16000 

	Job terminated of its own accord at 2024-07-24T15:20:42Z with exit-code 0.
...
040 (10252907.5164.000) 07/24 18:24:13 Started transferring input files
	Transferring to host: <188.185.206.191:9618?addrs=188.185.206.191-9618&alias=b9p06p9541.cern.ch&noUDP&sock=slot1_14_6910_7852_157924>
...
001 (10252907.5164.000) 07/24 18:24:14 Job executing on host: <188.185.206.191:9618?addrs=188.185.206.191-9618&alias=b9p06p9541.cern.ch&noUDP&sock=startd_6845_addb>
	SlotName: slot1_14@b9p06p9541.cern.ch
	CondorScratchDir = "/pool/condor/dir_3680133"
	Cpus = 8
	Disk = 2858719
	Memory = 16000
...
040 (10252907.5164.000) 07/24 18:24:14 Finished transferring input files
...
006 (10252907.5164.000) 07/24 18:24:18 Image size of job updated: 158672
	7  -  MemoryUsage of job (MB)
	6564  -  ResidentSetSize of job (KB)
...
040 (10252907.5164.000) 07/24 18:24:18 Started transferring output files
...
040 (10252907.5164.000) 07/24 18:24:18 Finished transferring output files
...
005 (10252907.5164.000) 07/24 18:24:18 Job terminated.
	(1) Normal termination (return value 0)
		Usr 0 00:00:03, Sys 0 00:00:00  -  Run Remote Usage
		Usr 0 00:00:00, Sys 0 00:00:00  -  Run Local Usage
		Usr 0 00:00:03, Sys 0 00:00:00  -  Total Remote Usage
		Usr 0 00:00:00, Sys 0 00:00:00  -  Total Local Usage
	6204  -  Run Bytes Sent By Job
	409597  -  Run Bytes Received By Job
	6204  -  Total Bytes Sent By Job
	409597  -  Total Bytes Received By Job
	Partitionable Resources :    Usage  Request Allocated 
	   Cpus                 :        0        8         8 
	   Disk (KB)            :      428      425   2858719 
	   Memory (MB)          :        7    16000     16000 

	Job terminated of its own accord at 2024-07-24T16:24:18Z with exit-code 0.
...
040 (10252908.5164.000) 07/24 19:28:24 Started transferring input files
	Transferring to host: <188.185.205.213:9618?addrs=188.185.205.213-9618+[2001-1458-303-a--100-52]-9618&alias=b9p04p3841.cern.ch&noUDP&sock=slot1_4_7423_ecc7_156540>
...
040 (10252908.5164.000) 07/24 19:28:24 Finished transferring input files
...
001 (10252908.5164.000) 07/24 19:28:25 Job executing on host: <188.185.205.213:9618?addrs=188.185.205.213-9618+[2001-1458-303-a--100-52]-9618&alias=b9p04p3841.cern.ch&noUDP&sock=startd_7355_7f28>
	SlotName: slot1_4@b9p04p3841.cern.ch
	CondorScratchDir = "/pool/condor/dir_2874211"
	Cpus = 8
	Disk = 2717853
	Memory = 16000
...
006 (10252908.5164.000) 07/24 19:28:30 Image size of job updated: 160568
	9  -  MemoryUsage of job (MB)
	8292  -  ResidentSetSize of job (KB)
...
040 (10252908.5164.000) 07/24 19:28:30 Started transferring output files
...
040 (10252908.5164.000) 07/24 19:28:30 Finished transferring output files
...
005 (10252908.5164.000) 07/24 19:28:30 Job terminated.
	(1) Normal termination (return value 0)
		Usr 0 00:00:03, Sys 0 00:00:00  -  Run Remote Usage
		Usr 0 00:00:00, Sys 0 00:00:00  -  Run Local Usage
		Usr 0 00:00:03, Sys 0 00:00:00  -  Total Remote Usage
		Usr 0 00:00:00, Sys 0 00:00:00  -  Total Local Usage
	6204  -  Run Bytes Sent By Job
	409597  -  Run Bytes Received By Job
	6204  -  Total Bytes Sent By Job
	409597  -  Total Bytes Received By Job
	Partitionable Resources :    Usage  Request Allocated 
	   Cpus                 :     0.06        8         8 
	   Disk (KB)            :   428         425   2717853 
	   Memory (MB)          :     9       16000     16000 

	Job terminated of its own accord at 2024-07-24T17:28:30Z with exit-code 0.
...
040 (10252909.5164.000) 07/24 20:25:00 Started transferring input files
	Transferring to host: <188.185.207.21:9618?addrs=188.185.207.21-9618+[2001-1458-303-d--100-12]-9618&alias=b9p07p7593.cern.ch&noUDP&sock=slot1_13_5412_fe55_141779>
...
040 (10252909.5164.000) 07/24 20:25:00 Finished transferring input files
...
001 (10252909.5164.000) 07/24 20:25:01 Job executing on host: <188.185.207.21:9618?addrs=188.185.207.21-9618+[2001-1458-303-d--100-12]-9618&alias=b9p07p7593.cern.ch&noUDP&sock=startd_4523_faf2>
	SlotName: slot1_13@b9p07p7593.cern.ch
	CondorScratchDir = "/pool/condor/dir_317647"
	Cpus = 8
	Disk = 2889274
	Memory = 16000
...
006 (10252909.5164.000) 07/24 20:25:06 Image size of job updated: 163884
	10  -  MemoryUsage of job (MB)
	9536  -  ResidentSetSize of job (KB)
...
040 (10252909.5164.000) 07/24 20:25:06 Started transferring output files
...
040 (10252909.5164.000) 07/24 20:25:06 Finished transferring output files
...
005 (10252909.5164.000) 07/24 20:25:06 Job terminated.
	(1) Normal termination (return value 0)
		Usr 0 00:00:03, Sys 0 00:00:00  -  Run Remote Usage
		Usr 0 00:00:00, Sys 0 00:00:00  -  Run Local Usage
		Usr 0 00:00:03, Sys 0 00:00:00  -  Total Remote Usage
		Usr 0 00:00:00, Sys 0 00:00:00  -  Total Local Usage
	6204  -  Run Bytes Sent By Job
	409597  -  Run Bytes Received By Job
	6204  -  Total Bytes Sent By Job
	409597  -  Total Bytes Received By Job
	Partitionable Resources :    Usage  Request Allocated 
	   Cpus                 :        0        8         8 
	   Disk (KB)            :      427      425   2889274 
	   Memory (MB)          :       10    16000     16000 

	Job terminated of its own accord at 2024-07-24T18:25:06Z with exit-code 0.
...
000 (10261715.5164.000) 07/25 13:03:24 Job submitted from host: <188.185.114.121:9618?addrs=188.185.114.121-9618+[2001-1458-d00-a--100-273]-9618&alias=bigbird19.cern.ch&noUDP&sock=schedd_4961_696e>
...
009 (10261715.5164.000) 07/25 13:07:02 Job was aborted.
	via condor_rm (by user yelberke)
...
000 (10261767.5164.000) 07/25 13:20:44 Job submitted from host: <188.185.114.121:9618?addrs=188.185.114.121-9618+[2001-1458-d00-a--100-273]-9618&alias=bigbird19.cern.ch&noUDP&sock=schedd_4961_696e>
...
040 (10261767.5164.000) 07/25 14:50:27 Started transferring input files
	Transferring to host: <188.185.207.219:9618?addrs=188.185.207.219-9618+[2001-1458-303-e--100-58]-9618&alias=b9p08p2667.cern.ch&noUDP&sock=slot1_11_10622_e8e9_143683>
...
040 (10261767.5164.000) 07/25 14:50:27 Finished transferring input files
...
001 (10261767.5164.000) 07/25 14:50:28 Job executing on host: <188.185.207.219:9618?addrs=188.185.207.219-9618+[2001-1458-303-e--100-58]-9618&alias=b9p08p2667.cern.ch&noUDP&sock=startd_9222_1a79>
	SlotName: slot1_11@b9p08p2667.cern.ch
	CondorScratchDir = "/pool/condor/dir_2344977"
	Cpus = 12
	Disk = 2681002
	Memory = 24000
...
006 (10261767.5164.000) 07/25 14:50:34 Image size of job updated: 161628
	8  -  MemoryUsage of job (MB)
	7556  -  ResidentSetSize of job (KB)
...
040 (10261767.5164.000) 07/25 14:50:34 Started transferring output files
...
040 (10261767.5164.000) 07/25 14:50:34 Finished transferring output files
...
005 (10261767.5164.000) 07/25 14:50:34 Job terminated.
	(1) Normal termination (return value 0)
		Usr 0 00:00:04, Sys 0 00:00:00  -  Run Remote Usage
		Usr 0 00:00:00, Sys 0 00:00:00  -  Run Local Usage
		Usr 0 00:00:04, Sys 0 00:00:00  -  Total Remote Usage
		Usr 0 00:00:00, Sys 0 00:00:00  -  Total Local Usage
	6676  -  Run Bytes Sent By Job
	409597  -  Run Bytes Received By Job
	6676  -  Total Bytes Sent By Job
	409597  -  Total Bytes Received By Job
	Partitionable Resources :    Usage  Request Allocated 
	   Cpus                 :        0       12        12 
	   Disk (KB)            :      429      425   2681002 
	   Memory (MB)          :        8    24000     24000 

	Job terminated of its own accord at 2024-07-25T12:50:34Z with exit-code 0.
...
000 (10284266.5164.000) 08/02 15:47:11 Job submitted from host: <188.185.114.121:9618?addrs=188.185.114.121-9618+[2001-1458-d00-a--100-273]-9618&alias=bigbird19.cern.ch&noUDP&sock=schedd_4961_696e>
...
000 (10284267.5164.000) 08/02 15:50:13 Job submitted from host: <188.185.114.121:9618?addrs=188.185.114.121-9618+[2001-1458-d00-a--100-273]-9618&alias=bigbird19.cern.ch&noUDP&sock=schedd_4961_696e>
...
009 (10284266.5164.000) 08/02 15:50:40 Job was aborted.
	via condor_rm (by user yelberke)
...
040 (10284267.5164.000) 08/02 17:07:56 Started transferring input files
	Transferring to host: <188.185.192.136:9618?addrs=188.185.192.136-9618+[2001-1458-303-1f--100-84]-9618&alias=b9p13p0967.cern.ch&noUDP&sock=slot1_1_4142837_31ec_2188>
...
040 (10284267.5164.000) 08/02 17:07:56 Finished transferring input files
...
001 (10284267.5164.000) 08/02 17:07:57 Job executing on host: <188.185.192.136:9618?addrs=188.185.192.136-9618+[2001-1458-303-1f--100-84]-9618&alias=b9p13p0967.cern.ch&noUDP&sock=startd_127835_c170>
	SlotName: slot1_1@b9p13p0967.cern.ch
	CondorScratchDir = "/pool/condor/dir_3271119"
	Cpus = 12
	Disk = 2721966
	Memory = 24000
...
006 (10284267.5164.000) 08/02 17:08:00 Image size of job updated: 316844
	4  -  MemoryUsage of job (MB)
	3876  -  ResidentSetSize of job (KB)
...
040 (10284267.5164.000) 08/02 17:08:00 Started transferring output files
...
040 (10284267.5164.000) 08/02 17:08:00 Finished transferring output files
...
005 (10284267.5164.000) 08/02 17:08:00 Job terminated.
	(1) Normal termination (return value 139)
		Usr 0 00:00:02, Sys 0 00:00:00  -  Run Remote Usage
		Usr 0 00:00:00, Sys 0 00:00:00  -  Run Local Usage
		Usr 0 00:00:02, Sys 0 00:00:00  -  Total Remote Usage
		Usr 0 00:00:00, Sys 0 00:00:00  -  Total Local Usage
	7696  -  Run Bytes Sent By Job
	409597  -  Run Bytes Received By Job
	7696  -  Total Bytes Sent By Job
	409597  -  Total Bytes Received By Job
	Partitionable Resources :    Usage  Request Allocated 
	   Cpus                 :        0       12        12 
	   Disk (KB)            :      429      425   2721966 
	   Memory (MB)          :        4    24000     24000 

	Job terminated of its own accord at 2024-08-02T15:08:00Z with exit-code 139.
...
