000 (10252905.5216.000) 07/24 16:13:22 Job submitted from host: <188.185.114.121:9618?addrs=188.185.114.121-9618+[2001-1458-d00-a--100-273]-9618&alias=bigbird19.cern.ch&noUDP&sock=schedd_4961_696e>
...
009 (10252905.5216.000) 07/24 16:14:52 Job was aborted.
	via condor_rm (by user yelberke)
...
000 (10252906.5216.000) 07/24 16:15:40 Job submitted from host: <188.185.114.121:9618?addrs=188.185.114.121-9618+[2001-1458-d00-a--100-273]-9618&alias=bigbird19.cern.ch&noUDP&sock=schedd_4961_696e>
...
000 (10252907.5216.000) 07/24 16:17:35 Job submitted from host: <188.185.114.121:9618?addrs=188.185.114.121-9618+[2001-1458-d00-a--100-273]-9618&alias=bigbird19.cern.ch&noUDP&sock=schedd_4961_696e>
...
000 (10252908.5216.000) 07/24 16:18:08 Job submitted from host: <188.185.114.121:9618?addrs=188.185.114.121-9618+[2001-1458-d00-a--100-273]-9618&alias=bigbird19.cern.ch&noUDP&sock=schedd_4961_696e>
...
000 (10252909.5216.000) 07/24 16:18:44 Job submitted from host: <188.185.114.121:9618?addrs=188.185.114.121-9618+[2001-1458-d00-a--100-273]-9618&alias=bigbird19.cern.ch&noUDP&sock=schedd_4961_696e>
...
040 (10252906.5216.000) 07/24 17:25:24 Started transferring input files
	Transferring to host: <188.185.209.38:9618?addrs=188.185.209.38-9618+[2001-1458-303-11--100-23]-9618&alias=b9p11p4881.cern.ch&noUDP&sock=slot1_18_26224_ee23_24298>
...
040 (10252906.5216.000) 07/24 17:25:24 Finished transferring input files
...
001 (10252906.5216.000) 07/24 17:25:25 Job executing on host: <188.185.209.38:9618?addrs=188.185.209.38-9618+[2001-1458-303-11--100-23]-9618&alias=b9p11p4881.cern.ch&noUDP&sock=startd_25181_a667>
	SlotName: slot1_18@b9p11p4881.cern.ch
	CondorScratchDir = "/pool/condor/dir_1391927"
	Cpus = 8
	Disk = 2601107
	Memory = 16000
...
006 (10252906.5216.000) 07/24 17:25:29 Image size of job updated: 158208
	8  -  MemoryUsage of job (MB)
	7800  -  ResidentSetSize of job (KB)
...
040 (10252906.5216.000) 07/24 17:25:29 Started transferring output files
...
040 (10252906.5216.000) 07/24 17:25:29 Finished transferring output files
...
005 (10252906.5216.000) 07/24 17:25:29 Job terminated.
	(1) Normal termination (return value 0)
		Usr 0 00:00:03, Sys 0 00:00:00  -  Run Remote Usage
		Usr 0 00:00:00, Sys 0 00:00:00  -  Run Local Usage
		Usr 0 00:00:03, Sys 0 00:00:00  -  Total Remote Usage
		Usr 0 00:00:00, Sys 0 00:00:00  -  Total Local Usage
	6201  -  Run Bytes Sent By Job
	409597  -  Run Bytes Received By Job
	6201  -  Total Bytes Sent By Job
	409597  -  Total Bytes Received By Job
	Partitionable Resources :    Usage  Request Allocated 
	   Cpus                 :        0        8         8 
	   Disk (KB)            :      427      425   2601107 
	   Memory (MB)          :        8    16000     16000 

	Job terminated of its own accord at 2024-07-24T15:25:29Z with exit-code 0.
...
040 (10252907.5216.000) 07/24 18:24:31 Started transferring input files
	Transferring to host: <188.185.206.163:9618?addrs=188.185.206.163-9618+[2001-1458-303-c--100-20]-9618&alias=b9p06p6135.cern.ch&noUDP&sock=slot1_1_3702_24d0_81766>
...
040 (10252907.5216.000) 07/24 18:24:31 Finished transferring input files
...
001 (10252907.5216.000) 07/24 18:24:32 Job executing on host: <188.185.206.163:9618?addrs=188.185.206.163-9618+[2001-1458-303-c--100-20]-9618&alias=b9p06p6135.cern.ch&noUDP&sock=startd_3349_b6c3>
	SlotName: slot1_1@b9p06p6135.cern.ch
	CondorScratchDir = "/pool/condor/dir_2361278"
	Cpus = 8
	Disk = 2812805
	Memory = 16000
...
006 (10252907.5216.000) 07/24 18:24:36 Image size of job updated: 157704
	7  -  MemoryUsage of job (MB)
	7008  -  ResidentSetSize of job (KB)
...
040 (10252907.5216.000) 07/24 18:24:36 Started transferring output files
...
040 (10252907.5216.000) 07/24 18:24:36 Finished transferring output files
...
005 (10252907.5216.000) 07/24 18:24:36 Job terminated.
	(1) Normal termination (return value 0)
		Usr 0 00:00:03, Sys 0 00:00:00  -  Run Remote Usage
		Usr 0 00:00:00, Sys 0 00:00:00  -  Run Local Usage
		Usr 0 00:00:03, Sys 0 00:00:00  -  Total Remote Usage
		Usr 0 00:00:00, Sys 0 00:00:00  -  Total Local Usage
	6204  -  Run Bytes Sent By Job
	409597  -  Run Bytes Received By Job
	6204  -  Total Bytes Sent By Job
	409597  -  Total Bytes Received By Job
	Partitionable Resources :    Usage  Request Allocated 
	   Cpus                 :        0        8         8 
	   Disk (KB)            :      428      425   2812805 
	   Memory (MB)          :        7    16000     16000 

	Job terminated of its own accord at 2024-07-24T16:24:36Z with exit-code 0.
...
040 (10252908.5216.000) 07/24 19:28:42 Started transferring input files
	Transferring to host: <188.185.195.14:9618?addrs=188.185.195.14-9618+[2001-1458-303-22--100-a]-9618&alias=b9p17p5715.cern.ch&noUDP&sock=slot1_19_2451181_8236_2857>
...
040 (10252908.5216.000) 07/24 19:28:42 Finished transferring input files
...
001 (10252908.5216.000) 07/24 19:28:43 Job executing on host: <188.185.195.14:9618?addrs=188.185.195.14-9618+[2001-1458-303-22--100-a]-9618&alias=b9p17p5715.cern.ch&noUDP&sock=startd_128196_5f20>
	SlotName: slot1_19@b9p17p5715.cern.ch
	CondorScratchDir = "/pool/condor/dir_1517123"
	Cpus = 8
	Disk = 2985152
	Memory = 16000
...
006 (10252908.5216.000) 07/24 19:28:51 Image size of job updated: 151492
	147  -  MemoryUsage of job (MB)
	149860  -  ResidentSetSize of job (KB)
...
006 (10252908.5216.000) 07/24 19:28:52 Image size of job updated: 160612
	147  -  MemoryUsage of job (MB)
	149860  -  ResidentSetSize of job (KB)
...
040 (10252908.5216.000) 07/24 19:28:52 Started transferring output files
...
040 (10252908.5216.000) 07/24 19:28:52 Finished transferring output files
...
005 (10252908.5216.000) 07/24 19:28:52 Job terminated.
	(1) Normal termination (return value 0)
		Usr 0 00:00:07, Sys 0 00:00:00  -  Run Remote Usage
		Usr 0 00:00:00, Sys 0 00:00:00  -  Run Local Usage
		Usr 0 00:00:07, Sys 0 00:00:00  -  Total Remote Usage
		Usr 0 00:00:00, Sys 0 00:00:00  -  Total Local Usage
	6204  -  Run Bytes Sent By Job
	409597  -  Run Bytes Received By Job
	6204  -  Total Bytes Sent By Job
	409597  -  Total Bytes Received By Job
	Partitionable Resources :    Usage  Request Allocated 
	   Cpus                 :        0        8         8 
	   Disk (KB)            :      428      425   2985152 
	   Memory (MB)          :      147    16000     16000 

	Job terminated of its own accord at 2024-07-24T17:28:52Z with exit-code 0.
...
040 (10252909.5216.000) 07/24 20:25:03 Started transferring input files
	Transferring to host: <188.185.208.45:9618?addrs=188.185.208.45-9618+[2001-1458-303-f--100-2a]-9618&alias=b9p09p3305.cern.ch&noUDP&sock=slot1_2_4202_7064_143636>
...
040 (10252909.5216.000) 07/24 20:25:03 Finished transferring input files
...
001 (10252909.5216.000) 07/24 20:25:04 Job executing on host: <188.185.208.45:9618?addrs=188.185.208.45-9618+[2001-1458-303-f--100-2a]-9618&alias=b9p09p3305.cern.ch&noUDP&sock=startd_3765_0e29>
	SlotName: slot1_2@b9p09p3305.cern.ch
	CondorScratchDir = "/pool/condor/dir_1025200"
	Cpus = 8
	Disk = 2794885
	Memory = 16000
...
006 (10252909.5216.000) 07/24 20:25:09 Image size of job updated: 166716
	12  -  MemoryUsage of job (MB)
	11568  -  ResidentSetSize of job (KB)
...
040 (10252909.5216.000) 07/24 20:25:09 Started transferring output files
...
040 (10252909.5216.000) 07/24 20:25:09 Finished transferring output files
...
005 (10252909.5216.000) 07/24 20:25:09 Job terminated.
	(1) Normal termination (return value 0)
		Usr 0 00:00:03, Sys 0 00:00:00  -  Run Remote Usage
		Usr 0 00:00:00, Sys 0 00:00:00  -  Run Local Usage
		Usr 0 00:00:03, Sys 0 00:00:00  -  Total Remote Usage
		Usr 0 00:00:00, Sys 0 00:00:00  -  Total Local Usage
	6204  -  Run Bytes Sent By Job
	409597  -  Run Bytes Received By Job
	6204  -  Total Bytes Sent By Job
	409597  -  Total Bytes Received By Job
	Partitionable Resources :    Usage  Request Allocated 
	   Cpus                 :        0        8         8 
	   Disk (KB)            :      427      425   2794885 
	   Memory (MB)          :       12    16000     16000 

	Job terminated of its own accord at 2024-07-24T18:25:09Z with exit-code 0.
...
000 (10261715.5216.000) 07/25 13:03:25 Job submitted from host: <188.185.114.121:9618?addrs=188.185.114.121-9618+[2001-1458-d00-a--100-273]-9618&alias=bigbird19.cern.ch&noUDP&sock=schedd_4961_696e>
...
009 (10261715.5216.000) 07/25 13:07:03 Job was aborted.
	via condor_rm (by user yelberke)
...
000 (10261767.5216.000) 07/25 13:20:44 Job submitted from host: <188.185.114.121:9618?addrs=188.185.114.121-9618+[2001-1458-d00-a--100-273]-9618&alias=bigbird19.cern.ch&noUDP&sock=schedd_4961_696e>
...
040 (10261767.5216.000) 07/25 14:50:46 Started transferring input files
	Transferring to host: <188.185.207.15:9618?addrs=188.185.207.15-9618+[2001-1458-303-d--100-c]-9618&alias=b9p07p1846.cern.ch&noUDP&sock=slot1_36_4594_a374_149060>
...
040 (10261767.5216.000) 07/25 14:50:46 Finished transferring input files
...
001 (10261767.5216.000) 07/25 14:50:47 Job executing on host: <188.185.207.15:9618?addrs=188.185.207.15-9618+[2001-1458-303-d--100-c]-9618&alias=b9p07p1846.cern.ch&noUDP&sock=startd_3880_ef8d>
	SlotName: slot1_36@b9p07p1846.cern.ch
	CondorScratchDir = "/pool/condor/dir_1759551"
	Cpus = 12
	Disk = 2823149
	Memory = 24000
...
006 (10261767.5216.000) 07/25 14:50:52 Image size of job updated: 161672
	8  -  MemoryUsage of job (MB)
	7948  -  ResidentSetSize of job (KB)
...
040 (10261767.5216.000) 07/25 14:50:52 Started transferring output files
...
040 (10261767.5216.000) 07/25 14:50:52 Finished transferring output files
...
005 (10261767.5216.000) 07/25 14:50:52 Job terminated.
	(1) Normal termination (return value 0)
		Usr 0 00:00:04, Sys 0 00:00:00  -  Run Remote Usage
		Usr 0 00:00:00, Sys 0 00:00:00  -  Run Local Usage
		Usr 0 00:00:04, Sys 0 00:00:00  -  Total Remote Usage
		Usr 0 00:00:00, Sys 0 00:00:00  -  Total Local Usage
	6676  -  Run Bytes Sent By Job
	409597  -  Run Bytes Received By Job
	6676  -  Total Bytes Sent By Job
	409597  -  Total Bytes Received By Job
	Partitionable Resources :    Usage  Request Allocated 
	   Cpus                 :        0       12        12 
	   Disk (KB)            :      429      425   2823149 
	   Memory (MB)          :        8    24000     24000 

	Job terminated of its own accord at 2024-07-25T12:50:52Z with exit-code 0.
...
000 (10284266.5216.000) 08/02 15:47:12 Job submitted from host: <188.185.114.121:9618?addrs=188.185.114.121-9618+[2001-1458-d00-a--100-273]-9618&alias=bigbird19.cern.ch&noUDP&sock=schedd_4961_696e>
...
000 (10284267.5216.000) 08/02 15:50:13 Job submitted from host: <188.185.114.121:9618?addrs=188.185.114.121-9618+[2001-1458-d00-a--100-273]-9618&alias=bigbird19.cern.ch&noUDP&sock=schedd_4961_696e>
...
009 (10284266.5216.000) 08/02 15:50:40 Job was aborted.
	via condor_rm (by user yelberke)
...
040 (10284267.5216.000) 08/02 17:08:13 Started transferring input files
	Transferring to host: <188.185.194.59:9618?addrs=188.185.194.59-9618+[2001-1458-303-21--100-37]-9618&alias=b9p20p5151.cern.ch&noUDP&sock=slot1_3_3385908_3d50_310>
...
040 (10284267.5216.000) 08/02 17:08:13 Finished transferring input files
...
001 (10284267.5216.000) 08/02 17:08:14 Job executing on host: <188.185.194.59:9618?addrs=188.185.194.59-9618+[2001-1458-303-21--100-37]-9618&alias=b9p20p5151.cern.ch&noUDP&sock=startd_128404_0ad3>
	SlotName: slot1_3@b9p20p5151.cern.ch
	CondorScratchDir = "/pool/condor/dir_3584365"
	Cpus = 12
	Disk = 2981197
	Memory = 24000
...
006 (10284267.5216.000) 08/02 17:08:22 Image size of job updated: 1
	0  -  MemoryUsage of job (MB)
	0  -  ResidentSetSize of job (KB)
...
006 (10284267.5216.000) 08/02 17:08:40 Image size of job updated: 317576
	6  -  MemoryUsage of job (MB)
	5340  -  ResidentSetSize of job (KB)
...
040 (10284267.5216.000) 08/02 17:08:40 Started transferring output files
...
040 (10284267.5216.000) 08/02 17:08:40 Finished transferring output files
...
005 (10284267.5216.000) 08/02 17:08:40 Job terminated.
	(1) Normal termination (return value 139)
		Usr 0 00:00:02, Sys 0 00:00:00  -  Run Remote Usage
		Usr 0 00:00:00, Sys 0 00:00:00  -  Run Local Usage
		Usr 0 00:00:02, Sys 0 00:00:00  -  Total Remote Usage
		Usr 0 00:00:00, Sys 0 00:00:00  -  Total Local Usage
	7696  -  Run Bytes Sent By Job
	409597  -  Run Bytes Received By Job
	7696  -  Total Bytes Sent By Job
	409597  -  Total Bytes Received By Job
	Partitionable Resources :    Usage  Request Allocated 
	   Cpus                 :        0       12        12 
	   Disk (KB)            :      429      425   2981197 
	   Memory (MB)          :        6    24000     24000 

	Job terminated of its own accord at 2024-08-02T15:08:40Z with exit-code 139.
...
