000 (10252905.5217.000) 07/24 16:13:22 Job submitted from host: <188.185.114.121:9618?addrs=188.185.114.121-9618+[2001-1458-d00-a--100-273]-9618&alias=bigbird19.cern.ch&noUDP&sock=schedd_4961_696e>
...
009 (10252905.5217.000) 07/24 16:14:52 Job was aborted.
	via condor_rm (by user yelberke)
...
000 (10252906.5217.000) 07/24 16:15:40 Job submitted from host: <188.185.114.121:9618?addrs=188.185.114.121-9618+[2001-1458-d00-a--100-273]-9618&alias=bigbird19.cern.ch&noUDP&sock=schedd_4961_696e>
...
000 (10252907.5217.000) 07/24 16:17:35 Job submitted from host: <188.185.114.121:9618?addrs=188.185.114.121-9618+[2001-1458-d00-a--100-273]-9618&alias=bigbird19.cern.ch&noUDP&sock=schedd_4961_696e>
...
000 (10252908.5217.000) 07/24 16:18:08 Job submitted from host: <188.185.114.121:9618?addrs=188.185.114.121-9618+[2001-1458-d00-a--100-273]-9618&alias=bigbird19.cern.ch&noUDP&sock=schedd_4961_696e>
...
000 (10252909.5217.000) 07/24 16:18:44 Job submitted from host: <188.185.114.121:9618?addrs=188.185.114.121-9618+[2001-1458-d00-a--100-273]-9618&alias=bigbird19.cern.ch&noUDP&sock=schedd_4961_696e>
...
040 (10252906.5217.000) 07/24 17:25:24 Started transferring input files
	Transferring to host: <188.185.196.19:9618?addrs=188.185.196.19-9618+[2001-1458-303-23--100-f]-9618&alias=b9p16p6242.cern.ch&noUDP&sock=slot1_6_1811409_4215_2661>
...
040 (10252906.5217.000) 07/24 17:25:24 Finished transferring input files
...
001 (10252906.5217.000) 07/24 17:25:25 Job executing on host: <188.185.196.19:9618?addrs=188.185.196.19-9618+[2001-1458-303-23--100-f]-9618&alias=b9p16p6242.cern.ch&noUDP&sock=startd_166627_d74e>
	SlotName: slot1_6@b9p16p6242.cern.ch
	CondorScratchDir = "/pool/condor/dir_2208183"
	Cpus = 8
	Disk = 3060342
	Memory = 16000
...
006 (10252906.5217.000) 07/24 17:25:32 Image size of job updated: 160232
	8  -  MemoryUsage of job (MB)
	7728  -  ResidentSetSize of job (KB)
...
040 (10252906.5217.000) 07/24 17:25:32 Started transferring output files
...
040 (10252906.5217.000) 07/24 17:25:32 Finished transferring output files
...
005 (10252906.5217.000) 07/24 17:25:32 Job terminated.
	(1) Normal termination (return value 0)
		Usr 0 00:00:05, Sys 0 00:00:00  -  Run Remote Usage
		Usr 0 00:00:00, Sys 0 00:00:00  -  Run Local Usage
		Usr 0 00:00:05, Sys 0 00:00:00  -  Total Remote Usage
		Usr 0 00:00:00, Sys 0 00:00:00  -  Total Local Usage
	6201  -  Run Bytes Sent By Job
	409597  -  Run Bytes Received By Job
	6201  -  Total Bytes Sent By Job
	409597  -  Total Bytes Received By Job
	Partitionable Resources :    Usage  Request Allocated 
	   Cpus                 :        0        8         8 
	   Disk (KB)            :      427      425   3060342 
	   Memory (MB)          :        8    16000     16000 

	Job terminated of its own accord at 2024-07-24T15:25:32Z with exit-code 0.
...
040 (10252907.5217.000) 07/24 18:24:31 Started transferring input files
	Transferring to host: <188.185.205.179:9618?addrs=188.185.205.179-9618+[2001-1458-303-a--100-30]-9618&alias=b9p04p5046.cern.ch&noUDP&sock=slot1_3_7364_5aa5_154168>
...
040 (10252907.5217.000) 07/24 18:24:31 Finished transferring input files
...
001 (10252907.5217.000) 07/24 18:24:32 Job executing on host: <188.185.205.179:9618?addrs=188.185.205.179-9618+[2001-1458-303-a--100-30]-9618&alias=b9p04p5046.cern.ch&noUDP&sock=startd_7297_b6aa>
	SlotName: slot1_3@b9p04p5046.cern.ch
	CondorScratchDir = "/pool/condor/dir_1654223"
	Cpus = 8
	Disk = 2698144
	Memory = 16000
...
006 (10252907.5217.000) 07/24 18:24:36 Image size of job updated: 157600
	7  -  MemoryUsage of job (MB)
	6808  -  ResidentSetSize of job (KB)
...
040 (10252907.5217.000) 07/24 18:24:36 Started transferring output files
...
040 (10252907.5217.000) 07/24 18:24:36 Finished transferring output files
...
005 (10252907.5217.000) 07/24 18:24:36 Job terminated.
	(1) Normal termination (return value 0)
		Usr 0 00:00:03, Sys 0 00:00:00  -  Run Remote Usage
		Usr 0 00:00:00, Sys 0 00:00:00  -  Run Local Usage
		Usr 0 00:00:03, Sys 0 00:00:00  -  Total Remote Usage
		Usr 0 00:00:00, Sys 0 00:00:00  -  Total Local Usage
	6204  -  Run Bytes Sent By Job
	409597  -  Run Bytes Received By Job
	6204  -  Total Bytes Sent By Job
	409597  -  Total Bytes Received By Job
	Partitionable Resources :    Usage  Request Allocated 
	   Cpus                 :        0        8         8 
	   Disk (KB)            :      428      425   2698144 
	   Memory (MB)          :        7    16000     16000 

	Job terminated of its own accord at 2024-07-24T16:24:36Z with exit-code 0.
...
040 (10252908.5217.000) 07/24 19:28:42 Started transferring input files
	Transferring to host: <188.185.204.240:9618?addrs=188.185.204.240-9618+[2001-1458-303-8--100-6d]-9618&alias=b9p02p3606.cern.ch&noUDP&sock=slot1_13_5578_f49c_156301>
...
040 (10252908.5217.000) 07/24 19:28:42 Finished transferring input files
...
001 (10252908.5217.000) 07/24 19:28:43 Job executing on host: <188.185.204.240:9618?addrs=188.185.204.240-9618+[2001-1458-303-8--100-6d]-9618&alias=b9p02p3606.cern.ch&noUDP&sock=startd_5147_fe0b>
	SlotName: slot1_13@b9p02p3606.cern.ch
	CondorScratchDir = "/pool/condor/dir_2278965"
	Cpus = 8
	Disk = 2595860
	Memory = 16000
...
006 (10252908.5217.000) 07/24 19:28:48 Image size of job updated: 158216
	8  -  MemoryUsage of job (MB)
	7332  -  ResidentSetSize of job (KB)
...
040 (10252908.5217.000) 07/24 19:28:48 Started transferring output files
...
040 (10252908.5217.000) 07/24 19:28:48 Finished transferring output files
...
005 (10252908.5217.000) 07/24 19:28:48 Job terminated.
	(1) Normal termination (return value 0)
		Usr 0 00:00:04, Sys 0 00:00:00  -  Run Remote Usage
		Usr 0 00:00:00, Sys 0 00:00:00  -  Run Local Usage
		Usr 0 00:00:04, Sys 0 00:00:00  -  Total Remote Usage
		Usr 0 00:00:00, Sys 0 00:00:00  -  Total Local Usage
	6204  -  Run Bytes Sent By Job
	409597  -  Run Bytes Received By Job
	6204  -  Total Bytes Sent By Job
	409597  -  Total Bytes Received By Job
	Partitionable Resources :    Usage  Request Allocated 
	   Cpus                 :        0        8         8 
	   Disk (KB)            :      428      425   2595860 
	   Memory (MB)          :        8    16000     16000 

	Job terminated of its own accord at 2024-07-24T17:28:48Z with exit-code 0.
...
040 (10252909.5217.000) 07/24 20:25:03 Started transferring input files
	Transferring to host: <188.185.205.73:9618?addrs=188.185.205.73-9618&alias=b9p03p5016.cern.ch&noUDP&sock=slot1_11_7418_66e7_159084>
...
040 (10252909.5217.000) 07/24 20:25:03 Finished transferring input files
...
001 (10252909.5217.000) 07/24 20:25:04 Job executing on host: <188.185.205.73:9618?addrs=188.185.205.73-9618&alias=b9p03p5016.cern.ch&noUDP&sock=startd_7342_946d>
	SlotName: slot1_11@b9p03p5016.cern.ch
	CondorScratchDir = "/pool/condor/dir_548141"
	Cpus = 8
	Disk = 2669631
	Memory = 16000
...
006 (10252909.5217.000) 07/24 20:25:09 Image size of job updated: 165252
	11  -  MemoryUsage of job (MB)
	11036  -  ResidentSetSize of job (KB)
...
040 (10252909.5217.000) 07/24 20:25:09 Started transferring output files
...
040 (10252909.5217.000) 07/24 20:25:09 Finished transferring output files
...
005 (10252909.5217.000) 07/24 20:25:09 Job terminated.
	(1) Normal termination (return value 0)
		Usr 0 00:00:03, Sys 0 00:00:00  -  Run Remote Usage
		Usr 0 00:00:00, Sys 0 00:00:00  -  Run Local Usage
		Usr 0 00:00:03, Sys 0 00:00:00  -  Total Remote Usage
		Usr 0 00:00:00, Sys 0 00:00:00  -  Total Local Usage
	6204  -  Run Bytes Sent By Job
	409597  -  Run Bytes Received By Job
	6204  -  Total Bytes Sent By Job
	409597  -  Total Bytes Received By Job
	Partitionable Resources :    Usage  Request Allocated 
	   Cpus                 :        0        8         8 
	   Disk (KB)            :      427      425   2669631 
	   Memory (MB)          :       11    16000     16000 

	Job terminated of its own accord at 2024-07-24T18:25:09Z with exit-code 0.
...
000 (10261715.5217.000) 07/25 13:03:25 Job submitted from host: <188.185.114.121:9618?addrs=188.185.114.121-9618+[2001-1458-d00-a--100-273]-9618&alias=bigbird19.cern.ch&noUDP&sock=schedd_4961_696e>
...
009 (10261715.5217.000) 07/25 13:07:03 Job was aborted.
	via condor_rm (by user yelberke)
...
000 (10261767.5217.000) 07/25 13:20:44 Job submitted from host: <188.185.114.121:9618?addrs=188.185.114.121-9618+[2001-1458-d00-a--100-273]-9618&alias=bigbird19.cern.ch&noUDP&sock=schedd_4961_696e>
...
040 (10261767.5217.000) 07/25 14:50:44 Started transferring input files
	Transferring to host: <188.185.209.80:9618?addrs=188.185.209.80-9618+[2001-1458-303-11--100-4d]-9618&alias=b9p11p9887.cern.ch&noUDP&sock=slot1_19_125546_43aa_145622>
...
040 (10261767.5217.000) 07/25 14:50:44 Finished transferring input files
...
001 (10261767.5217.000) 07/25 14:50:45 Job executing on host: <188.185.209.80:9618?addrs=188.185.209.80-9618+[2001-1458-303-11--100-4d]-9618&alias=b9p11p9887.cern.ch&noUDP&sock=startd_115963_8d14>
	SlotName: slot1_19@b9p11p9887.cern.ch
	CondorScratchDir = "/pool/condor/dir_1923246"
	Cpus = 12
	Disk = 2655590
	Memory = 24000
...
006 (10261767.5217.000) 07/25 14:50:49 Image size of job updated: 161184
	8  -  MemoryUsage of job (MB)
	7460  -  ResidentSetSize of job (KB)
...
040 (10261767.5217.000) 07/25 14:50:49 Started transferring output files
...
040 (10261767.5217.000) 07/25 14:50:49 Finished transferring output files
...
005 (10261767.5217.000) 07/25 14:50:49 Job terminated.
	(1) Normal termination (return value 0)
		Usr 0 00:00:03, Sys 0 00:00:00  -  Run Remote Usage
		Usr 0 00:00:00, Sys 0 00:00:00  -  Run Local Usage
		Usr 0 00:00:03, Sys 0 00:00:00  -  Total Remote Usage
		Usr 0 00:00:00, Sys 0 00:00:00  -  Total Local Usage
	6676  -  Run Bytes Sent By Job
	409597  -  Run Bytes Received By Job
	6676  -  Total Bytes Sent By Job
	409597  -  Total Bytes Received By Job
	Partitionable Resources :    Usage  Request Allocated 
	   Cpus                 :        0       12        12 
	   Disk (KB)            :      428      425   2655590 
	   Memory (MB)          :        8    24000     24000 

	Job terminated of its own accord at 2024-07-25T12:50:49Z with exit-code 0.
...
000 (10284266.5217.000) 08/02 15:47:12 Job submitted from host: <188.185.114.121:9618?addrs=188.185.114.121-9618+[2001-1458-d00-a--100-273]-9618&alias=bigbird19.cern.ch&noUDP&sock=schedd_4961_696e>
...
000 (10284267.5217.000) 08/02 15:50:13 Job submitted from host: <188.185.114.121:9618?addrs=188.185.114.121-9618+[2001-1458-d00-a--100-273]-9618&alias=bigbird19.cern.ch&noUDP&sock=schedd_4961_696e>
...
009 (10284266.5217.000) 08/02 15:50:40 Job was aborted.
	via condor_rm (by user yelberke)
...
040 (10284267.5217.000) 08/02 17:08:13 Started transferring input files
	Transferring to host: <188.185.192.88:9618?addrs=188.185.192.88-9618+[2001-1458-303-1f--100-54]-9618&alias=b9p13p5626.cern.ch&noUDP&sock=slot1_2_2666384_7d85_76>
...
040 (10284267.5217.000) 08/02 17:08:13 Finished transferring input files
...
001 (10284267.5217.000) 08/02 17:08:14 Job executing on host: <188.185.192.88:9618?addrs=188.185.192.88-9618+[2001-1458-303-1f--100-54]-9618&alias=b9p13p5626.cern.ch&noUDP&sock=startd_128540_53b4>
	SlotName: slot1_2@b9p13p5626.cern.ch
	CondorScratchDir = "/pool/condor/dir_2679240"
	Cpus = 12
	Disk = 3105955
	Memory = 24000
...
006 (10284267.5217.000) 08/02 17:08:22 Image size of job updated: 1
	0  -  MemoryUsage of job (MB)
	0  -  ResidentSetSize of job (KB)
...
006 (10284267.5217.000) 08/02 17:08:40 Image size of job updated: 317288
	4  -  MemoryUsage of job (MB)
	3492  -  ResidentSetSize of job (KB)
...
040 (10284267.5217.000) 08/02 17:08:40 Started transferring output files
...
040 (10284267.5217.000) 08/02 17:08:41 Finished transferring output files
...
005 (10284267.5217.000) 08/02 17:08:41 Job terminated.
	(1) Normal termination (return value 139)
		Usr 0 00:00:02, Sys 0 00:00:00  -  Run Remote Usage
		Usr 0 00:00:00, Sys 0 00:00:00  -  Run Local Usage
		Usr 0 00:00:02, Sys 0 00:00:00  -  Total Remote Usage
		Usr 0 00:00:00, Sys 0 00:00:00  -  Total Local Usage
	7696  -  Run Bytes Sent By Job
	409597  -  Run Bytes Received By Job
	7696  -  Total Bytes Sent By Job
	409597  -  Total Bytes Received By Job
	Partitionable Resources :    Usage  Request Allocated 
	   Cpus                 :        0       12        12 
	   Disk (KB)            :      429      425   3105955 
	   Memory (MB)          :        4    24000     24000 

	Job terminated of its own accord at 2024-08-02T15:08:40Z with exit-code 139.
...
