000 (10252905.522.000) 07/24 16:13:15 Job submitted from host: <188.185.114.121:9618?addrs=188.185.114.121-9618+[2001-1458-d00-a--100-273]-9618&alias=bigbird19.cern.ch&noUDP&sock=schedd_4961_696e>
...
009 (10252905.522.000) 07/24 16:14:45 Job was aborted.
	via condor_rm (by user yelberke)
...
000 (10252906.522.000) 07/24 16:15:36 Job submitted from host: <188.185.114.121:9618?addrs=188.185.114.121-9618+[2001-1458-d00-a--100-273]-9618&alias=bigbird19.cern.ch&noUDP&sock=schedd_4961_696e>
...
000 (10252907.522.000) 07/24 16:17:30 Job submitted from host: <188.185.114.121:9618?addrs=188.185.114.121-9618+[2001-1458-d00-a--100-273]-9618&alias=bigbird19.cern.ch&noUDP&sock=schedd_4961_696e>
...
000 (10252908.522.000) 07/24 16:18:03 Job submitted from host: <188.185.114.121:9618?addrs=188.185.114.121-9618+[2001-1458-d00-a--100-273]-9618&alias=bigbird19.cern.ch&noUDP&sock=schedd_4961_696e>
...
000 (10252909.522.000) 07/24 16:18:39 Job submitted from host: <188.185.114.121:9618?addrs=188.185.114.121-9618+[2001-1458-d00-a--100-273]-9618&alias=bigbird19.cern.ch&noUDP&sock=schedd_4961_696e>
...
000 (10252910.522.000) 07/24 16:19:04 Job submitted from host: <188.185.114.121:9618?addrs=188.185.114.121-9618+[2001-1458-d00-a--100-273]-9618&alias=bigbird19.cern.ch&noUDP&sock=schedd_4961_696e>
...
000 (10252911.522.000) 07/24 16:19:17 Job submitted from host: <188.185.114.121:9618?addrs=188.185.114.121-9618+[2001-1458-d00-a--100-273]-9618&alias=bigbird19.cern.ch&noUDP&sock=schedd_4961_696e>
...
000 (10252912.522.000) 07/24 16:19:30 Job submitted from host: <188.185.114.121:9618?addrs=188.185.114.121-9618+[2001-1458-d00-a--100-273]-9618&alias=bigbird19.cern.ch&noUDP&sock=schedd_4961_696e>
...
000 (10252913.522.000) 07/24 16:19:42 Job submitted from host: <188.185.114.121:9618?addrs=188.185.114.121-9618+[2001-1458-d00-a--100-273]-9618&alias=bigbird19.cern.ch&noUDP&sock=schedd_4961_696e>
...
040 (10252906.522.000) 07/24 16:20:42 Started transferring input files
	Transferring to host: <188.185.207.220:9618?addrs=188.185.207.220-9618+[2001-1458-303-e--100-59]-9618&alias=b9p08p3598.cern.ch&noUDP&sock=slot1_8_11879_947c_145066>
...
040 (10252906.522.000) 07/24 16:20:42 Finished transferring input files
...
001 (10252906.522.000) 07/24 16:20:43 Job executing on host: <188.185.207.220:9618?addrs=188.185.207.220-9618+[2001-1458-303-e--100-59]-9618&alias=b9p08p3598.cern.ch&noUDP&sock=startd_10573_c6ec>
	SlotName: slot1_8@b9p08p3598.cern.ch
	CondorScratchDir = "/pool/condor/dir_241606"
	Cpus = 8
	Disk = 2082432
	Memory = 16000
...
006 (10252906.522.000) 07/24 16:20:47 Image size of job updated: 165672
	13  -  MemoryUsage of job (MB)
	12316  -  ResidentSetSize of job (KB)
...
040 (10252906.522.000) 07/24 16:20:47 Started transferring output files
...
040 (10252906.522.000) 07/24 16:20:47 Finished transferring output files
...
005 (10252906.522.000) 07/24 16:20:47 Job terminated.
	(1) Normal termination (return value 0)
		Usr 0 00:00:03, Sys 0 00:00:00  -  Run Remote Usage
		Usr 0 00:00:00, Sys 0 00:00:00  -  Run Local Usage
		Usr 0 00:00:03, Sys 0 00:00:00  -  Total Remote Usage
		Usr 0 00:00:00, Sys 0 00:00:00  -  Total Local Usage
	6204  -  Run Bytes Sent By Job
	409597  -  Run Bytes Received By Job
	6204  -  Total Bytes Sent By Job
	409597  -  Total Bytes Received By Job
	Partitionable Resources :    Usage  Request Allocated 
	   Cpus                 :                 8         8 
	   Disk (KB)            :      421      425   2082432 
	   Memory (MB)          :       13    16000     16000 

	Job terminated of its own accord at 2024-07-24T14:20:47Z with exit-code 0.
...
040 (10252907.522.000) 07/24 17:45:56 Started transferring input files
	Transferring to host: <188.185.205.137:9618?addrs=188.185.205.137-9618+[2001-1458-303-a--100-6]-9618&alias=b9p04p9214.cern.ch&noUDP&sock=slot1_10_4380_db2b_156128>
...
040 (10252907.522.000) 07/24 17:45:56 Finished transferring input files
...
001 (10252907.522.000) 07/24 17:45:57 Job executing on host: <188.185.205.137:9618?addrs=188.185.205.137-9618+[2001-1458-303-a--100-6]-9618&alias=b9p04p9214.cern.ch&noUDP&sock=startd_3838_2093>
	SlotName: slot1_10@b9p04p9214.cern.ch
	CondorScratchDir = "/pool/condor/dir_2219053"
	Cpus = 8
	Disk = 2790238
	Memory = 16000
...
006 (10252907.522.000) 07/24 17:46:01 Image size of job updated: 164336
	11  -  MemoryUsage of job (MB)
	10272  -  ResidentSetSize of job (KB)
...
040 (10252907.522.000) 07/24 17:46:01 Started transferring output files
...
040 (10252907.522.000) 07/24 17:46:01 Finished transferring output files
...
005 (10252907.522.000) 07/24 17:46:01 Job terminated.
	(1) Normal termination (return value 0)
		Usr 0 00:00:03, Sys 0 00:00:00  -  Run Remote Usage
		Usr 0 00:00:00, Sys 0 00:00:00  -  Run Local Usage
		Usr 0 00:00:03, Sys 0 00:00:00  -  Total Remote Usage
		Usr 0 00:00:00, Sys 0 00:00:00  -  Total Local Usage
	6204  -  Run Bytes Sent By Job
	409597  -  Run Bytes Received By Job
	6204  -  Total Bytes Sent By Job
	409597  -  Total Bytes Received By Job
	Partitionable Resources :    Usage  Request Allocated 
	   Cpus                 :        0        8         8 
	   Disk (KB)            :      428      425   2790238 
	   Memory (MB)          :       11    16000     16000 

	Job terminated of its own accord at 2024-07-24T15:46:01Z with exit-code 0.
...
040 (10252908.522.000) 07/24 18:50:52 Started transferring input files
	Transferring to host: <188.185.205.110:9618?addrs=188.185.205.110-9618+[2001-1458-303-9--100-6b]-9618&alias=b9p03p6531.cern.ch&noUDP&sock=slot1_2_5453_e1b7_83763>
...
040 (10252908.522.000) 07/24 18:50:52 Finished transferring input files
...
001 (10252908.522.000) 07/24 18:50:53 Job executing on host: <188.185.205.110:9618?addrs=188.185.205.110-9618+[2001-1458-303-9--100-6b]-9618&alias=b9p03p6531.cern.ch&noUDP&sock=startd_4496_75e4>
	SlotName: slot1_2@b9p03p6531.cern.ch
	CondorScratchDir = "/pool/condor/dir_2259749"
	Cpus = 8
	Disk = 2771573
	Memory = 16000
...
006 (10252908.522.000) 07/24 18:50:58 Image size of job updated: 158772
	8  -  MemoryUsage of job (MB)
	7660  -  ResidentSetSize of job (KB)
...
040 (10252908.522.000) 07/24 18:50:58 Started transferring output files
...
040 (10252908.522.000) 07/24 18:50:58 Finished transferring output files
...
005 (10252908.522.000) 07/24 18:50:58 Job terminated.
	(1) Normal termination (return value 0)
		Usr 0 00:00:03, Sys 0 00:00:00  -  Run Remote Usage
		Usr 0 00:00:00, Sys 0 00:00:00  -  Run Local Usage
		Usr 0 00:00:03, Sys 0 00:00:00  -  Total Remote Usage
		Usr 0 00:00:00, Sys 0 00:00:00  -  Total Local Usage
	6204  -  Run Bytes Sent By Job
	409597  -  Run Bytes Received By Job
	6204  -  Total Bytes Sent By Job
	409597  -  Total Bytes Received By Job
	Partitionable Resources :    Usage  Request Allocated 
	   Cpus                 :        0        8         8 
	   Disk (KB)            :      428      425   2771573 
	   Memory (MB)          :        8    16000     16000 

	Job terminated of its own accord at 2024-07-24T16:50:58Z with exit-code 0.
...
040 (10252909.522.000) 07/24 19:51:03 Started transferring input files
	Transferring to host: <188.185.194.99:9618?addrs=188.185.194.99-9618+[2001-1458-303-21--100-5f]-9618&alias=b9p20p0210.cern.ch&noUDP&sock=slot1_21_187749_e7ac_25097>
...
040 (10252909.522.000) 07/24 19:51:03 Finished transferring input files
...
001 (10252909.522.000) 07/24 19:51:04 Job executing on host: <188.185.194.99:9618?addrs=188.185.194.99-9618+[2001-1458-303-21--100-5f]-9618&alias=b9p20p0210.cern.ch&noUDP&sock=startd_178093_9036>
	SlotName: slot1_21@b9p20p0210.cern.ch
	CondorScratchDir = "/pool/condor/dir_1155091"
	Cpus = 8
	Disk = 2883838
	Memory = 16000
...
006 (10252909.522.000) 07/24 19:51:13 Image size of job updated: 151624
	4  -  MemoryUsage of job (MB)
	4088  -  ResidentSetSize of job (KB)
...
040 (10252909.522.000) 07/24 19:51:13 Started transferring output files
...
040 (10252909.522.000) 07/24 19:51:13 Finished transferring output files
...
005 (10252909.522.000) 07/24 19:51:13 Job terminated.
	(1) Normal termination (return value 0)
		Usr 0 00:00:07, Sys 0 00:00:00  -  Run Remote Usage
		Usr 0 00:00:00, Sys 0 00:00:00  -  Run Local Usage
		Usr 0 00:00:07, Sys 0 00:00:00  -  Total Remote Usage
		Usr 0 00:00:00, Sys 0 00:00:00  -  Total Local Usage
	6204  -  Run Bytes Sent By Job
	409597  -  Run Bytes Received By Job
	6204  -  Total Bytes Sent By Job
	409597  -  Total Bytes Received By Job
	Partitionable Resources :    Usage  Request Allocated 
	   Cpus                 :        0        8         8 
	   Disk (KB)            :      427      425   2883838 
	   Memory (MB)          :        4    16000     16000 

	Job terminated of its own accord at 2024-07-24T17:51:13Z with exit-code 0.
...
040 (10252910.522.000) 07/24 20:43:54 Started transferring input files
	Transferring to host: <188.185.207.59:9618?addrs=188.185.207.59-9618+[2001-1458-303-d--100-38]-9618&alias=b9p07p9037.cern.ch&noUDP&sock=slot1_16_10084_d713_146728>
...
040 (10252910.522.000) 07/24 20:43:54 Finished transferring input files
...
001 (10252910.522.000) 07/24 20:43:55 Job executing on host: <188.185.207.59:9618?addrs=188.185.207.59-9618+[2001-1458-303-d--100-38]-9618&alias=b9p07p9037.cern.ch&noUDP&sock=startd_8752_b8f6>
	SlotName: slot1_16@b9p07p9037.cern.ch
	CondorScratchDir = "/pool/condor/dir_1825898"
	Cpus = 8
	Disk = 2746960
	Memory = 16000
...
006 (10252910.522.000) 07/24 20:43:59 Image size of job updated: 162688
	9  -  MemoryUsage of job (MB)
	8660  -  ResidentSetSize of job (KB)
...
040 (10252910.522.000) 07/24 20:43:59 Started transferring output files
...
040 (10252910.522.000) 07/24 20:43:59 Finished transferring output files
...
005 (10252910.522.000) 07/24 20:43:59 Job terminated.
	(1) Normal termination (return value 0)
		Usr 0 00:00:03, Sys 0 00:00:00  -  Run Remote Usage
		Usr 0 00:00:00, Sys 0 00:00:00  -  Run Local Usage
		Usr 0 00:00:03, Sys 0 00:00:00  -  Total Remote Usage
		Usr 0 00:00:00, Sys 0 00:00:00  -  Total Local Usage
	6201  -  Run Bytes Sent By Job
	409597  -  Run Bytes Received By Job
	6201  -  Total Bytes Sent By Job
	409597  -  Total Bytes Received By Job
	Partitionable Resources :    Usage  Request Allocated 
	   Cpus                 :        0        8         8 
	   Disk (KB)            :      428      425   2746960 
	   Memory (MB)          :        9    16000     16000 

	Job terminated of its own accord at 2024-07-24T18:43:59Z with exit-code 0.
...
040 (10252911.522.000) 07/24 20:56:50 Started transferring input files
	Transferring to host: <188.185.206.138:9618?addrs=188.185.206.138-9618&alias=b9p06p1159.cern.ch&noUDP&sock=slot1_4_7389_f806_158459>
...
040 (10252911.522.000) 07/24 20:56:50 Finished transferring input files
...
001 (10252911.522.000) 07/24 20:56:51 Job executing on host: <188.185.206.138:9618?addrs=188.185.206.138-9618&alias=b9p06p1159.cern.ch&noUDP&sock=startd_7322_dc88>
	SlotName: slot1_4@b9p06p1159.cern.ch
	CondorScratchDir = "/pool/condor/dir_729176"
	Cpus = 8
	Disk = 2808404
	Memory = 16000
...
006 (10252911.522.000) 07/24 20:56:55 Image size of job updated: 164312
	10  -  MemoryUsage of job (MB)
	9352  -  ResidentSetSize of job (KB)
...
040 (10252911.522.000) 07/24 20:56:55 Started transferring output files
...
040 (10252911.522.000) 07/24 20:56:55 Finished transferring output files
...
005 (10252911.522.000) 07/24 20:56:55 Job terminated.
	(1) Normal termination (return value 0)
		Usr 0 00:00:03, Sys 0 00:00:00  -  Run Remote Usage
		Usr 0 00:00:00, Sys 0 00:00:00  -  Run Local Usage
		Usr 0 00:00:03, Sys 0 00:00:00  -  Total Remote Usage
		Usr 0 00:00:00, Sys 0 00:00:00  -  Total Local Usage
	6204  -  Run Bytes Sent By Job
	409597  -  Run Bytes Received By Job
	6204  -  Total Bytes Sent By Job
	409597  -  Total Bytes Received By Job
	Partitionable Resources :    Usage  Request Allocated 
	   Cpus                 :        0        8         8 
	   Disk (KB)            :      428      425   2808404 
	   Memory (MB)          :       10    16000     16000 

	Job terminated of its own accord at 2024-07-24T18:56:55Z with exit-code 0.
...
040 (10252912.522.000) 07/24 21:09:47 Started transferring input files
	Transferring to host: <188.185.204.206:9618?addrs=188.185.204.206-9618+[2001-1458-303-8--100-c2]-9618&alias=b9p02p9135.cern.ch&noUDP&sock=slot1_1_6763_e52c_156305>
...
040 (10252912.522.000) 07/24 21:09:47 Finished transferring input files
...
001 (10252912.522.000) 07/24 21:09:48 Job executing on host: <188.185.204.206:9618?addrs=188.185.204.206-9618+[2001-1458-303-8--100-c2]-9618&alias=b9p02p9135.cern.ch&noUDP&sock=startd_6695_caa6>
	SlotName: slot1_1@b9p02p9135.cern.ch
	CondorScratchDir = "/pool/condor/dir_2116669"
	Cpus = 8
	Disk = 2788039
	Memory = 16000
...
006 (10252912.522.000) 07/24 21:09:53 Image size of job updated: 164108
	10  -  MemoryUsage of job (MB)
	9424  -  ResidentSetSize of job (KB)
...
040 (10252912.522.000) 07/24 21:09:53 Started transferring output files
...
040 (10252912.522.000) 07/24 21:09:53 Finished transferring output files
...
005 (10252912.522.000) 07/24 21:09:53 Job terminated.
	(1) Normal termination (return value 0)
		Usr 0 00:00:03, Sys 0 00:00:00  -  Run Remote Usage
		Usr 0 00:00:00, Sys 0 00:00:00  -  Run Local Usage
		Usr 0 00:00:03, Sys 0 00:00:00  -  Total Remote Usage
		Usr 0 00:00:00, Sys 0 00:00:00  -  Total Local Usage
	6204  -  Run Bytes Sent By Job
	409597  -  Run Bytes Received By Job
	6204  -  Total Bytes Sent By Job
	409597  -  Total Bytes Received By Job
	Partitionable Resources :    Usage  Request Allocated 
	   Cpus                 :        0        8         8 
	   Disk (KB)            :      428      425   2788039 
	   Memory (MB)          :       10    16000     16000 

	Job terminated of its own accord at 2024-07-24T19:09:53Z with exit-code 0.
...
040 (10252913.522.000) 07/24 21:23:40 Started transferring input files
	Transferring to host: <188.185.207.181:9618?addrs=188.185.207.181-9618+[2001-1458-303-e--100-32]-9618&alias=b9p08p7128.cern.ch&noUDP&sock=slot1_2_7257_f680_142317>
...
040 (10252913.522.000) 07/24 21:23:40 Finished transferring input files
...
001 (10252913.522.000) 07/24 21:23:41 Job executing on host: <188.185.207.181:9618?addrs=188.185.207.181-9618+[2001-1458-303-e--100-32]-9618&alias=b9p08p7128.cern.ch&noUDP&sock=startd_5721_b568>
	SlotName: slot1_2@b9p08p7128.cern.ch
	CondorScratchDir = "/pool/condor/dir_2975173"
	Cpus = 8
	Disk = 2937871
	Memory = 16000
...
006 (10252913.522.000) 07/24 21:23:48 Image size of job updated: 157040
	7  -  MemoryUsage of job (MB)
	6612  -  ResidentSetSize of job (KB)
...
040 (10252913.522.000) 07/24 21:23:48 Started transferring output files
...
040 (10252913.522.000) 07/24 21:23:48 Finished transferring output files
...
005 (10252913.522.000) 07/24 21:23:48 Job terminated.
	(1) Normal termination (return value 0)
		Usr 0 00:00:05, Sys 0 00:00:00  -  Run Remote Usage
		Usr 0 00:00:00, Sys 0 00:00:00  -  Run Local Usage
		Usr 0 00:00:05, Sys 0 00:00:00  -  Total Remote Usage
		Usr 0 00:00:00, Sys 0 00:00:00  -  Total Local Usage
	6204  -  Run Bytes Sent By Job
	409597  -  Run Bytes Received By Job
	6204  -  Total Bytes Sent By Job
	409597  -  Total Bytes Received By Job
	Partitionable Resources :    Usage  Request Allocated 
	   Cpus                 :        0        8         8 
	   Disk (KB)            :      428      425   2937871 
	   Memory (MB)          :        7    16000     16000 

	Job terminated of its own accord at 2024-07-24T19:23:48Z with exit-code 0.
...
000 (10261715.522.000) 07/25 13:01:27 Job submitted from host: <188.185.114.121:9618?addrs=188.185.114.121-9618+[2001-1458-d00-a--100-273]-9618&alias=bigbird19.cern.ch&noUDP&sock=schedd_4961_696e>
...
009 (10261715.522.000) 07/25 13:06:38 Job was aborted.
	via condor_rm (by user yelberke)
...
000 (10261767.522.000) 07/25 13:19:57 Job submitted from host: <188.185.114.121:9618?addrs=188.185.114.121-9618+[2001-1458-d00-a--100-273]-9618&alias=bigbird19.cern.ch&noUDP&sock=schedd_4961_696e>
...
040 (10261767.522.000) 07/25 13:47:52 Started transferring input files
	Transferring to host: <188.185.204.251:9618?addrs=188.185.204.251-9618+[2001-1458-303-8--100-78]-9618&alias=b9p02p8722.cern.ch&noUDP&sock=slot1_6_6920_8412_156322>
...
040 (10261767.522.000) 07/25 13:47:52 Finished transferring input files
...
001 (10261767.522.000) 07/25 13:47:53 Job executing on host: <188.185.204.251:9618?addrs=188.185.204.251-9618+[2001-1458-303-8--100-78]-9618&alias=b9p02p8722.cern.ch&noUDP&sock=startd_6728_6d47>
	SlotName: slot1_6@b9p02p8722.cern.ch
	CondorScratchDir = "/pool/condor/dir_3365557"
	Cpus = 12
	Disk = 2803560
	Memory = 24000
...
006 (10261767.522.000) 07/25 13:47:59 Image size of job updated: 160980
	7  -  MemoryUsage of job (MB)
	6892  -  ResidentSetSize of job (KB)
...
040 (10261767.522.000) 07/25 13:47:59 Started transferring output files
...
040 (10261767.522.000) 07/25 13:47:59 Finished transferring output files
...
005 (10261767.522.000) 07/25 13:47:59 Job terminated.
	(1) Normal termination (return value 0)
		Usr 0 00:00:04, Sys 0 00:00:00  -  Run Remote Usage
		Usr 0 00:00:00, Sys 0 00:00:00  -  Run Local Usage
		Usr 0 00:00:04, Sys 0 00:00:00  -  Total Remote Usage
		Usr 0 00:00:00, Sys 0 00:00:00  -  Total Local Usage
	6204  -  Run Bytes Sent By Job
	409597  -  Run Bytes Received By Job
	6204  -  Total Bytes Sent By Job
	409597  -  Total Bytes Received By Job
	Partitionable Resources :    Usage  Request Allocated 
	   Cpus                 :                12        12 
	   Disk (KB)            :      420      425   2803560 
	   Memory (MB)          :        7    24000     24000 

	Job terminated of its own accord at 2024-07-25T11:47:59Z with exit-code 0.
...
000 (10284266.522.000) 08/02 15:45:08 Job submitted from host: <188.185.114.121:9618?addrs=188.185.114.121-9618+[2001-1458-d00-a--100-273]-9618&alias=bigbird19.cern.ch&noUDP&sock=schedd_4961_696e>
...
009 (10284266.522.000) 08/02 15:49:13 Job was aborted.
	via condor_rm (by user yelberke)
...
000 (10284267.522.000) 08/02 15:49:46 Job submitted from host: <188.185.114.121:9618?addrs=188.185.114.121-9618+[2001-1458-d00-a--100-273]-9618&alias=bigbird19.cern.ch&noUDP&sock=schedd_4961_696e>
...
040 (10284267.522.000) 08/02 16:08:44 Started transferring input files
	Transferring to host: <188.185.208.14:9618?addrs=188.185.208.14-9618+[2001-1458-303-f--100-b]-9618&alias=b9p09p3516.cern.ch&noUDP&sock=slot1_3_129456_3689_45263>
...
040 (10284267.522.000) 08/02 16:08:44 Finished transferring input files
...
001 (10284267.522.000) 08/02 16:08:45 Job executing on host: <188.185.208.14:9618?addrs=188.185.208.14-9618+[2001-1458-303-f--100-b]-9618&alias=b9p09p3516.cern.ch&noUDP&sock=startd_118971_c9f4>
	SlotName: slot1_3@b9p09p3516.cern.ch
	CondorScratchDir = "/pool/condor/dir_961205"
	Cpus = 12
	Disk = 2801052
	Memory = 24000
...
006 (10284267.522.000) 08/02 16:08:48 Image size of job updated: 549320
	222  -  MemoryUsage of job (MB)
	226420  -  ResidentSetSize of job (KB)
...
040 (10284267.522.000) 08/02 16:08:48 Started transferring output files
...
040 (10284267.522.000) 08/02 16:08:48 Finished transferring output files
...
005 (10284267.522.000) 08/02 16:08:48 Job terminated.
	(1) Normal termination (return value 139)
		Usr 0 00:00:01, Sys 0 00:00:01  -  Run Remote Usage
		Usr 0 00:00:00, Sys 0 00:00:00  -  Run Local Usage
		Usr 0 00:00:01, Sys 0 00:00:01  -  Total Remote Usage
		Usr 0 00:00:00, Sys 0 00:00:00  -  Total Local Usage
	7696  -  Run Bytes Sent By Job
	409597  -  Run Bytes Received By Job
	7696  -  Total Bytes Sent By Job
	409597  -  Total Bytes Received By Job
	Partitionable Resources :    Usage  Request Allocated 
	   Cpus                 :        0       12        12 
	   Disk (KB)            :      429      425   2801052 
	   Memory (MB)          :      222    24000     24000 

	Job terminated of its own accord at 2024-08-02T14:08:48Z with exit-code 139.
...
