000 (10252905.5339.000) 07/24 16:13:22 Job submitted from host: <188.185.114.121:9618?addrs=188.185.114.121-9618+[2001-1458-d00-a--100-273]-9618&alias=bigbird19.cern.ch&noUDP&sock=schedd_4961_696e>
...
009 (10252905.5339.000) 07/24 16:14:52 Job was aborted.
	via condor_rm (by user yelberke)
...
000 (10252906.5339.000) 07/24 16:15:40 Job submitted from host: <188.185.114.121:9618?addrs=188.185.114.121-9618+[2001-1458-d00-a--100-273]-9618&alias=bigbird19.cern.ch&noUDP&sock=schedd_4961_696e>
...
000 (10252907.5339.000) 07/24 16:17:35 Job submitted from host: <188.185.114.121:9618?addrs=188.185.114.121-9618+[2001-1458-d00-a--100-273]-9618&alias=bigbird19.cern.ch&noUDP&sock=schedd_4961_696e>
...
000 (10252908.5339.000) 07/24 16:18:08 Job submitted from host: <188.185.114.121:9618?addrs=188.185.114.121-9618+[2001-1458-d00-a--100-273]-9618&alias=bigbird19.cern.ch&noUDP&sock=schedd_4961_696e>
...
000 (10252909.5339.000) 07/24 16:18:44 Job submitted from host: <188.185.114.121:9618?addrs=188.185.114.121-9618+[2001-1458-d00-a--100-273]-9618&alias=bigbird19.cern.ch&noUDP&sock=schedd_4961_696e>
...
040 (10252906.5339.000) 07/24 17:26:06 Started transferring input files
	Transferring to host: <188.185.206.186:9618?addrs=188.185.206.186-9618&alias=b9p06p1726.cern.ch&noUDP&sock=slot1_8_4122_1261_155529>
...
040 (10252906.5339.000) 07/24 17:26:06 Finished transferring input files
...
001 (10252906.5339.000) 07/24 17:26:07 Job executing on host: <188.185.206.186:9618?addrs=188.185.206.186-9618&alias=b9p06p1726.cern.ch&noUDP&sock=startd_3780_5814>
	SlotName: slot1_8@b9p06p1726.cern.ch
	CondorScratchDir = "/pool/condor/dir_4153047"
	Cpus = 8
	Disk = 2793010
	Memory = 16000
...
006 (10252906.5339.000) 07/24 17:26:11 Image size of job updated: 159312
	7  -  MemoryUsage of job (MB)
	7072  -  ResidentSetSize of job (KB)
...
040 (10252906.5339.000) 07/24 17:26:11 Started transferring output files
...
040 (10252906.5339.000) 07/24 17:26:11 Finished transferring output files
...
005 (10252906.5339.000) 07/24 17:26:11 Job terminated.
	(1) Normal termination (return value 0)
		Usr 0 00:00:03, Sys 0 00:00:00  -  Run Remote Usage
		Usr 0 00:00:00, Sys 0 00:00:00  -  Run Local Usage
		Usr 0 00:00:03, Sys 0 00:00:00  -  Total Remote Usage
		Usr 0 00:00:00, Sys 0 00:00:00  -  Total Local Usage
	6201  -  Run Bytes Sent By Job
	409597  -  Run Bytes Received By Job
	6201  -  Total Bytes Sent By Job
	409597  -  Total Bytes Received By Job
	Partitionable Resources :    Usage  Request Allocated 
	   Cpus                 :        0        8         8 
	   Disk (KB)            :      428      425   2793010 
	   Memory (MB)          :        7    16000     16000 

	Job terminated of its own accord at 2024-07-24T15:26:11Z with exit-code 0.
...
040 (10252907.5339.000) 07/24 18:25:20 Started transferring input files
	Transferring to host: <188.185.207.63:9618?addrs=188.185.207.63-9618+[2001-1458-303-d--100-3c]-9618&alias=b9p07p9500.cern.ch&noUDP&sock=slot1_4_2107019_3eca_100555>
...
040 (10252907.5339.000) 07/24 18:25:20 Finished transferring input files
...
001 (10252907.5339.000) 07/24 18:25:21 Job executing on host: <188.185.207.63:9618?addrs=188.185.207.63-9618+[2001-1458-303-d--100-3c]-9618&alias=b9p07p9500.cern.ch&noUDP&sock=startd_2106977_8cb5>
	SlotName: slot1_4@b9p07p9500.cern.ch
	CondorScratchDir = "/pool/condor/dir_3205936"
	Cpus = 8
	Disk = 2686403
	Memory = 16000
...
006 (10252907.5339.000) 07/24 18:25:26 Image size of job updated: 159840
	8  -  MemoryUsage of job (MB)
	7672  -  ResidentSetSize of job (KB)
...
040 (10252907.5339.000) 07/24 18:25:26 Started transferring output files
...
040 (10252907.5339.000) 07/24 18:25:26 Finished transferring output files
...
005 (10252907.5339.000) 07/24 18:25:26 Job terminated.
	(1) Normal termination (return value 0)
		Usr 0 00:00:03, Sys 0 00:00:00  -  Run Remote Usage
		Usr 0 00:00:00, Sys 0 00:00:00  -  Run Local Usage
		Usr 0 00:00:03, Sys 0 00:00:00  -  Total Remote Usage
		Usr 0 00:00:00, Sys 0 00:00:00  -  Total Local Usage
	6204  -  Run Bytes Sent By Job
	409597  -  Run Bytes Received By Job
	6204  -  Total Bytes Sent By Job
	409597  -  Total Bytes Received By Job
	Partitionable Resources :    Usage  Request Allocated 
	   Cpus                 :        0        8         8 
	   Disk (KB)            :      431      425   2686403 
	   Memory (MB)          :        8    16000     16000 

	Job terminated of its own accord at 2024-07-24T16:25:26Z with exit-code 0.
...
040 (10252908.5339.000) 07/24 19:31:39 Started transferring input files
	Transferring to host: <188.185.195.39:9618?addrs=188.185.195.39-9618+[2001-1458-303-22--100-23]-9618&alias=b9p17p4903.cern.ch&noUDP&sock=slot1_6_2684855_fb14_4808>
...
040 (10252908.5339.000) 07/24 19:31:39 Finished transferring input files
...
001 (10252908.5339.000) 07/24 19:31:40 Job executing on host: <188.185.195.39:9618?addrs=188.185.195.39-9618+[2001-1458-303-22--100-23]-9618&alias=b9p17p4903.cern.ch&noUDP&sock=startd_128042_bd8a>
	SlotName: slot1_6@b9p17p4903.cern.ch
	CondorScratchDir = "/pool/condor/dir_4191022"
	Cpus = 8
	Disk = 2908469
	Memory = 16000
...
006 (10252908.5339.000) 07/24 19:31:48 Image size of job updated: 159800
	9  -  MemoryUsage of job (MB)
	8732  -  ResidentSetSize of job (KB)
...
040 (10252908.5339.000) 07/24 19:31:48 Started transferring output files
...
040 (10252908.5339.000) 07/24 19:31:48 Finished transferring output files
...
005 (10252908.5339.000) 07/24 19:31:48 Job terminated.
	(1) Normal termination (return value 0)
		Usr 0 00:00:07, Sys 0 00:00:00  -  Run Remote Usage
		Usr 0 00:00:00, Sys 0 00:00:00  -  Run Local Usage
		Usr 0 00:00:07, Sys 0 00:00:00  -  Total Remote Usage
		Usr 0 00:00:00, Sys 0 00:00:00  -  Total Local Usage
	6204  -  Run Bytes Sent By Job
	409597  -  Run Bytes Received By Job
	6204  -  Total Bytes Sent By Job
	409597  -  Total Bytes Received By Job
	Partitionable Resources :    Usage  Request Allocated 
	   Cpus                 :        0        8         8 
	   Disk (KB)            :      427      425   2908469 
	   Memory (MB)          :        9    16000     16000 

	Job terminated of its own accord at 2024-07-24T17:31:48Z with exit-code 0.
...
040 (10252909.5339.000) 07/24 20:26:23 Started transferring input files
	Transferring to host: <188.185.205.53:9618?addrs=188.185.205.53-9618+[2001-1458-303-9--100-a9]-9618&alias=b9p03p1668.cern.ch&noUDP&sock=slot1_18_5516_4559_155006>
...
040 (10252909.5339.000) 07/24 20:26:23 Finished transferring input files
...
001 (10252909.5339.000) 07/24 20:26:24 Job executing on host: <188.185.205.53:9618?addrs=188.185.205.53-9618+[2001-1458-303-9--100-a9]-9618&alias=b9p03p1668.cern.ch&noUDP&sock=startd_5036_db08>
	SlotName: slot1_18@b9p03p1668.cern.ch
	CondorScratchDir = "/pool/condor/dir_3043054"
	Cpus = 8
	Disk = 2734668
	Memory = 16000
...
006 (10252909.5339.000) 07/24 20:26:29 Image size of job updated: 164948
	12  -  MemoryUsage of job (MB)
	11852  -  ResidentSetSize of job (KB)
...
040 (10252909.5339.000) 07/24 20:26:29 Started transferring output files
...
040 (10252909.5339.000) 07/24 20:26:29 Finished transferring output files
...
005 (10252909.5339.000) 07/24 20:26:29 Job terminated.
	(1) Normal termination (return value 0)
		Usr 0 00:00:04, Sys 0 00:00:00  -  Run Remote Usage
		Usr 0 00:00:00, Sys 0 00:00:00  -  Run Local Usage
		Usr 0 00:00:04, Sys 0 00:00:00  -  Total Remote Usage
		Usr 0 00:00:00, Sys 0 00:00:00  -  Total Local Usage
	6204  -  Run Bytes Sent By Job
	409597  -  Run Bytes Received By Job
	6204  -  Total Bytes Sent By Job
	409597  -  Total Bytes Received By Job
	Partitionable Resources :    Usage  Request Allocated 
	   Cpus                 :        0        8         8 
	   Disk (KB)            :      428      425   2734668 
	   Memory (MB)          :       12    16000     16000 

	Job terminated of its own accord at 2024-07-24T18:26:29Z with exit-code 0.
...
000 (10261715.5339.000) 07/25 13:03:27 Job submitted from host: <188.185.114.121:9618?addrs=188.185.114.121-9618+[2001-1458-d00-a--100-273]-9618&alias=bigbird19.cern.ch&noUDP&sock=schedd_4961_696e>
...
009 (10261715.5339.000) 07/25 13:07:03 Job was aborted.
	via condor_rm (by user yelberke)
...
000 (10261767.5339.000) 07/25 13:20:45 Job submitted from host: <188.185.114.121:9618?addrs=188.185.114.121-9618+[2001-1458-d00-a--100-273]-9618&alias=bigbird19.cern.ch&noUDP&sock=schedd_4961_696e>
...
040 (10261767.5339.000) 07/25 14:51:25 Started transferring input files
	Transferring to host: <188.185.205.208:9618?addrs=188.185.205.208-9618&alias=b9p04p9301.cern.ch&noUDP&sock=slot1_6_6907_5b32_158069>
...
040 (10261767.5339.000) 07/25 14:51:25 Finished transferring input files
...
001 (10261767.5339.000) 07/25 14:51:26 Job executing on host: <188.185.205.208:9618?addrs=188.185.205.208-9618&alias=b9p04p9301.cern.ch&noUDP&sock=startd_6839_904a>
	SlotName: slot1_6@b9p04p9301.cern.ch
	CondorScratchDir = "/pool/condor/dir_3610078"
	Cpus = 12
	Disk = 2947654
	Memory = 24000
...
006 (10261767.5339.000) 07/25 14:51:30 Image size of job updated: 162096
	8  -  MemoryUsage of job (MB)
	8168  -  ResidentSetSize of job (KB)
...
040 (10261767.5339.000) 07/25 14:51:30 Started transferring output files
...
040 (10261767.5339.000) 07/25 14:51:30 Finished transferring output files
...
005 (10261767.5339.000) 07/25 14:51:30 Job terminated.
	(1) Normal termination (return value 0)
		Usr 0 00:00:03, Sys 0 00:00:00  -  Run Remote Usage
		Usr 0 00:00:00, Sys 0 00:00:00  -  Run Local Usage
		Usr 0 00:00:03, Sys 0 00:00:00  -  Total Remote Usage
		Usr 0 00:00:00, Sys 0 00:00:00  -  Total Local Usage
	6676  -  Run Bytes Sent By Job
	409597  -  Run Bytes Received By Job
	6676  -  Total Bytes Sent By Job
	409597  -  Total Bytes Received By Job
	Partitionable Resources :    Usage  Request Allocated 
	   Cpus                 :        0       12        12 
	   Disk (KB)            :      428      425   2947654 
	   Memory (MB)          :        8    24000     24000 

	Job terminated of its own accord at 2024-07-25T12:51:30Z with exit-code 0.
...
000 (10284266.5339.000) 08/02 15:47:14 Job submitted from host: <188.185.114.121:9618?addrs=188.185.114.121-9618+[2001-1458-d00-a--100-273]-9618&alias=bigbird19.cern.ch&noUDP&sock=schedd_4961_696e>
...
000 (10284267.5339.000) 08/02 15:50:14 Job submitted from host: <188.185.114.121:9618?addrs=188.185.114.121-9618+[2001-1458-d00-a--100-273]-9618&alias=bigbird19.cern.ch&noUDP&sock=schedd_4961_696e>
...
009 (10284266.5339.000) 08/02 15:50:40 Job was aborted.
	via condor_rm (by user yelberke)
...
040 (10284267.5339.000) 08/02 17:08:56 Started transferring input files
	Transferring to host: <188.185.192.58:9618?addrs=188.185.192.58-9618+[2001-1458-303-1f--100-36]-9618&alias=b9p13p3997.cern.ch&noUDP&sock=slot1_23_205287_0335_81>
...
040 (10284267.5339.000) 08/02 17:08:56 Finished transferring input files
...
001 (10284267.5339.000) 08/02 17:08:57 Job executing on host: <188.185.192.58:9618?addrs=188.185.192.58-9618+[2001-1458-303-1f--100-36]-9618&alias=b9p13p3997.cern.ch&noUDP&sock=startd_128524_5a30>
	SlotName: slot1_23@b9p13p3997.cern.ch
	CondorScratchDir = "/pool/condor/dir_271843"
	Cpus = 12
	Disk = 2720378
	Memory = 24000
...
006 (10284267.5339.000) 08/02 17:09:05 Image size of job updated: 1
	0  -  MemoryUsage of job (MB)
	0  -  ResidentSetSize of job (KB)
...
006 (10284267.5339.000) 08/02 17:09:25 Image size of job updated: 623376
	308  -  MemoryUsage of job (MB)
	315276  -  ResidentSetSize of job (KB)
...
040 (10284267.5339.000) 08/02 17:09:25 Started transferring output files
...
040 (10284267.5339.000) 08/02 17:09:25 Finished transferring output files
...
005 (10284267.5339.000) 08/02 17:09:25 Job terminated.
	(1) Normal termination (return value 139)
		Usr 0 00:00:02, Sys 0 00:00:00  -  Run Remote Usage
		Usr 0 00:00:00, Sys 0 00:00:00  -  Run Local Usage
		Usr 0 00:00:02, Sys 0 00:00:00  -  Total Remote Usage
		Usr 0 00:00:00, Sys 0 00:00:00  -  Total Local Usage
	7696  -  Run Bytes Sent By Job
	409597  -  Run Bytes Received By Job
	7696  -  Total Bytes Sent By Job
	409597  -  Total Bytes Received By Job
	Partitionable Resources :    Usage  Request Allocated 
	   Cpus                 :        0       12        12 
	   Disk (KB)            :      429      425   2720378 
	   Memory (MB)          :      308    24000     24000 

	Job terminated of its own accord at 2024-08-02T15:09:25Z with exit-code 139.
...
