000 (10252905.5355.000) 07/24 16:13:22 Job submitted from host: <188.185.114.121:9618?addrs=188.185.114.121-9618+[2001-1458-d00-a--100-273]-9618&alias=bigbird19.cern.ch&noUDP&sock=schedd_4961_696e>
...
009 (10252905.5355.000) 07/24 16:14:52 Job was aborted.
	via condor_rm (by user yelberke)
...
000 (10252906.5355.000) 07/24 16:15:40 Job submitted from host: <188.185.114.121:9618?addrs=188.185.114.121-9618+[2001-1458-d00-a--100-273]-9618&alias=bigbird19.cern.ch&noUDP&sock=schedd_4961_696e>
...
000 (10252907.5355.000) 07/24 16:17:35 Job submitted from host: <188.185.114.121:9618?addrs=188.185.114.121-9618+[2001-1458-d00-a--100-273]-9618&alias=bigbird19.cern.ch&noUDP&sock=schedd_4961_696e>
...
000 (10252908.5355.000) 07/24 16:18:08 Job submitted from host: <188.185.114.121:9618?addrs=188.185.114.121-9618+[2001-1458-d00-a--100-273]-9618&alias=bigbird19.cern.ch&noUDP&sock=schedd_4961_696e>
...
000 (10252909.5355.000) 07/24 16:18:44 Job submitted from host: <188.185.114.121:9618?addrs=188.185.114.121-9618+[2001-1458-d00-a--100-273]-9618&alias=bigbird19.cern.ch&noUDP&sock=schedd_4961_696e>
...
040 (10252906.5355.000) 07/24 17:26:11 Started transferring input files
	Transferring to host: <188.185.208.224:9618?addrs=188.185.208.224-9618+[2001-1458-303-10--100-5d]-9618&alias=b9p10p9455.cern.ch&noUDP&sock=slot1_16_5453_e1b7_144504>
...
040 (10252906.5355.000) 07/24 17:26:11 Finished transferring input files
...
001 (10252906.5355.000) 07/24 17:26:12 Job executing on host: <188.185.208.224:9618?addrs=188.185.208.224-9618+[2001-1458-303-10--100-5d]-9618&alias=b9p10p9455.cern.ch&noUDP&sock=startd_4478_1d2f>
	SlotName: slot1_16@b9p10p9455.cern.ch
	CondorScratchDir = "/pool/condor/dir_3774810"
	Cpus = 8
	Disk = 2846565
	Memory = 16000
...
006 (10252906.5355.000) 07/24 17:26:16 Image size of job updated: 160456
	9  -  MemoryUsage of job (MB)
	8308  -  ResidentSetSize of job (KB)
...
040 (10252906.5355.000) 07/24 17:26:16 Started transferring output files
...
040 (10252906.5355.000) 07/24 17:26:16 Finished transferring output files
...
005 (10252906.5355.000) 07/24 17:26:16 Job terminated.
	(1) Normal termination (return value 0)
		Usr 0 00:00:03, Sys 0 00:00:00  -  Run Remote Usage
		Usr 0 00:00:00, Sys 0 00:00:00  -  Run Local Usage
		Usr 0 00:00:03, Sys 0 00:00:00  -  Total Remote Usage
		Usr 0 00:00:00, Sys 0 00:00:00  -  Total Local Usage
	6201  -  Run Bytes Sent By Job
	409597  -  Run Bytes Received By Job
	6201  -  Total Bytes Sent By Job
	409597  -  Total Bytes Received By Job
	Partitionable Resources :    Usage  Request Allocated 
	   Cpus                 :        0        8         8 
	   Disk (KB)            :      428      425   2846565 
	   Memory (MB)          :        9    16000     16000 

	Job terminated of its own accord at 2024-07-24T15:26:16Z with exit-code 0.
...
040 (10252907.5355.000) 07/24 18:25:25 Started transferring input files
	Transferring to host: <188.185.207.185:9618?addrs=188.185.207.185-9618+[2001-1458-303-e--100-36]-9618&alias=b9p08p1505.cern.ch&noUDP&sock=slot1_21_5550_3a1b_145252>
...
040 (10252907.5355.000) 07/24 18:25:25 Finished transferring input files
...
001 (10252907.5355.000) 07/24 18:25:26 Job executing on host: <188.185.207.185:9618?addrs=188.185.207.185-9618+[2001-1458-303-e--100-36]-9618&alias=b9p08p1505.cern.ch&noUDP&sock=startd_4610_a7b0>
	SlotName: slot1_21@b9p08p1505.cern.ch
	CondorScratchDir = "/pool/condor/dir_3414351"
	Cpus = 8
	Disk = 2748816
	Memory = 16000
...
006 (10252907.5355.000) 07/24 18:25:30 Image size of job updated: 158556
	8  -  MemoryUsage of job (MB)
	7844  -  ResidentSetSize of job (KB)
...
040 (10252907.5355.000) 07/24 18:25:30 Started transferring output files
...
040 (10252907.5355.000) 07/24 18:25:30 Finished transferring output files
...
005 (10252907.5355.000) 07/24 18:25:32 Job terminated.
	(1) Normal termination (return value 0)
		Usr 0 00:00:03, Sys 0 00:00:00  -  Run Remote Usage
		Usr 0 00:00:00, Sys 0 00:00:00  -  Run Local Usage
		Usr 0 00:00:03, Sys 0 00:00:00  -  Total Remote Usage
		Usr 0 00:00:00, Sys 0 00:00:00  -  Total Local Usage
	6204  -  Run Bytes Sent By Job
	409597  -  Run Bytes Received By Job
	6204  -  Total Bytes Sent By Job
	409597  -  Total Bytes Received By Job
	Partitionable Resources :    Usage  Request Allocated 
	   Cpus                 :        0        8         8 
	   Disk (KB)            :      428      425   2748816 
	   Memory (MB)          :        8    16000     16000 

	Job terminated of its own accord at 2024-07-24T16:25:30Z with exit-code 0.
...
040 (10252908.5355.000) 07/24 19:31:44 Started transferring input files
	Transferring to host: <188.185.205.8:9618?addrs=188.185.205.8-9618&alias=b9p03p5729.cern.ch&noUDP&sock=slot1_4_6871_fdb0_156344>
...
040 (10252908.5355.000) 07/24 19:31:44 Finished transferring input files
...
001 (10252908.5355.000) 07/24 19:31:45 Job executing on host: <188.185.205.8:9618?addrs=188.185.205.8-9618&alias=b9p03p5729.cern.ch&noUDP&sock=startd_6798_70e8>
	SlotName: slot1_4@b9p03p5729.cern.ch
	CondorScratchDir = "/pool/condor/dir_320819"
	Cpus = 8
	Disk = 2649165
	Memory = 16000
...
006 (10252908.5355.000) 07/24 19:31:50 Image size of job updated: 220768
	73  -  MemoryUsage of job (MB)
	74080  -  ResidentSetSize of job (KB)
...
040 (10252908.5355.000) 07/24 19:31:50 Started transferring output files
...
040 (10252908.5355.000) 07/24 19:31:50 Finished transferring output files
...
005 (10252908.5355.000) 07/24 19:31:50 Job terminated.
	(1) Normal termination (return value 0)
		Usr 0 00:00:03, Sys 0 00:00:00  -  Run Remote Usage
		Usr 0 00:00:00, Sys 0 00:00:00  -  Run Local Usage
		Usr 0 00:00:03, Sys 0 00:00:00  -  Total Remote Usage
		Usr 0 00:00:00, Sys 0 00:00:00  -  Total Local Usage
	6204  -  Run Bytes Sent By Job
	409597  -  Run Bytes Received By Job
	6204  -  Total Bytes Sent By Job
	409597  -  Total Bytes Received By Job
	Partitionable Resources :    Usage  Request Allocated 
	   Cpus                 :        0        8         8 
	   Disk (KB)            :      427      425   2649165 
	   Memory (MB)          :       73    16000     16000 

	Job terminated of its own accord at 2024-07-24T17:31:50Z with exit-code 0.
...
040 (10252909.5355.000) 07/24 20:26:28 Started transferring input files
	Transferring to host: <188.185.205.158:9618?addrs=188.185.205.158-9618+[2001-1458-303-a--100-1b]-9618&alias=b9p04p4648.cern.ch&noUDP&sock=slot1_5_6906_a6d2_157078>
...
040 (10252909.5355.000) 07/24 20:26:28 Finished transferring input files
...
001 (10252909.5355.000) 07/24 20:26:29 Job executing on host: <188.185.205.158:9618?addrs=188.185.205.158-9618+[2001-1458-303-a--100-1b]-9618&alias=b9p04p4648.cern.ch&noUDP&sock=startd_6841_ef7a>
	SlotName: slot1_5@b9p04p4648.cern.ch
	CondorScratchDir = "/pool/condor/dir_591358"
	Cpus = 8
	Disk = 2800661
	Memory = 16000
...
006 (10252909.5355.000) 07/24 20:26:33 Image size of job updated: 160112
	8  -  MemoryUsage of job (MB)
	8100  -  ResidentSetSize of job (KB)
...
040 (10252909.5355.000) 07/24 20:26:33 Started transferring output files
...
040 (10252909.5355.000) 07/24 20:26:33 Finished transferring output files
...
005 (10252909.5355.000) 07/24 20:26:33 Job terminated.
	(1) Normal termination (return value 0)
		Usr 0 00:00:03, Sys 0 00:00:00  -  Run Remote Usage
		Usr 0 00:00:00, Sys 0 00:00:00  -  Run Local Usage
		Usr 0 00:00:03, Sys 0 00:00:00  -  Total Remote Usage
		Usr 0 00:00:00, Sys 0 00:00:00  -  Total Local Usage
	6204  -  Run Bytes Sent By Job
	409597  -  Run Bytes Received By Job
	6204  -  Total Bytes Sent By Job
	409597  -  Total Bytes Received By Job
	Partitionable Resources :    Usage  Request Allocated 
	   Cpus                 :     0.05        8         8 
	   Disk (KB)            :   428         425   2800661 
	   Memory (MB)          :     8       16000     16000 

	Job terminated of its own accord at 2024-07-24T18:26:33Z with exit-code 0.
...
000 (10261715.5355.000) 07/25 13:03:27 Job submitted from host: <188.185.114.121:9618?addrs=188.185.114.121-9618+[2001-1458-d00-a--100-273]-9618&alias=bigbird19.cern.ch&noUDP&sock=schedd_4961_696e>
...
009 (10261715.5355.000) 07/25 13:07:03 Job was aborted.
	via condor_rm (by user yelberke)
...
000 (10261767.5355.000) 07/25 13:20:45 Job submitted from host: <188.185.114.121:9618?addrs=188.185.114.121-9618+[2001-1458-d00-a--100-273]-9618&alias=bigbird19.cern.ch&noUDP&sock=schedd_4961_696e>
...
040 (10261767.5355.000) 07/25 14:51:38 Started transferring input files
	Transferring to host: <188.185.204.231:9618?addrs=188.185.204.231-9618+[2001-1458-303-8--100-64]-9618&alias=b9p02p9489.cern.ch&noUDP&sock=slot1_9_4818_777d_81128>
...
040 (10261767.5355.000) 07/25 14:51:38 Finished transferring input files
...
001 (10261767.5355.000) 07/25 14:51:39 Job executing on host: <188.185.204.231:9618?addrs=188.185.204.231-9618+[2001-1458-303-8--100-64]-9618&alias=b9p02p9489.cern.ch&noUDP&sock=startd_3946_34cd>
	SlotName: slot1_9@b9p02p9489.cern.ch
	CondorScratchDir = "/pool/condor/dir_486294"
	Cpus = 12
	Disk = 2902345
	Memory = 24000
...
006 (10261767.5355.000) 07/25 14:51:45 Image size of job updated: 161740
	8  -  MemoryUsage of job (MB)
	7476  -  ResidentSetSize of job (KB)
...
040 (10261767.5355.000) 07/25 14:51:45 Started transferring output files
...
040 (10261767.5355.000) 07/25 14:51:45 Finished transferring output files
...
005 (10261767.5355.000) 07/25 14:51:45 Job terminated.
	(1) Normal termination (return value 0)
		Usr 0 00:00:04, Sys 0 00:00:00  -  Run Remote Usage
		Usr 0 00:00:00, Sys 0 00:00:00  -  Run Local Usage
		Usr 0 00:00:04, Sys 0 00:00:00  -  Total Remote Usage
		Usr 0 00:00:00, Sys 0 00:00:00  -  Total Local Usage
	6676  -  Run Bytes Sent By Job
	409597  -  Run Bytes Received By Job
	6676  -  Total Bytes Sent By Job
	409597  -  Total Bytes Received By Job
	Partitionable Resources :    Usage  Request Allocated 
	   Cpus                 :        0       12        12 
	   Disk (KB)            :      429      425   2902345 
	   Memory (MB)          :        8    24000     24000 

	Job terminated of its own accord at 2024-07-25T12:51:45Z with exit-code 0.
...
000 (10284266.5355.000) 08/02 15:47:14 Job submitted from host: <188.185.114.121:9618?addrs=188.185.114.121-9618+[2001-1458-d00-a--100-273]-9618&alias=bigbird19.cern.ch&noUDP&sock=schedd_4961_696e>
...
000 (10284267.5355.000) 08/02 15:50:14 Job submitted from host: <188.185.114.121:9618?addrs=188.185.114.121-9618+[2001-1458-d00-a--100-273]-9618&alias=bigbird19.cern.ch&noUDP&sock=schedd_4961_696e>
...
009 (10284266.5355.000) 08/02 15:50:40 Job was aborted.
	via condor_rm (by user yelberke)
...
040 (10284267.5355.000) 08/02 17:09:02 Started transferring input files
	Transferring to host: <188.185.195.87:9618?addrs=188.185.195.87-9618+[2001-1458-303-22--100-53]-9618&alias=b9p17p3514.cern.ch&noUDP&sock=slot1_2_1694342_f75d_52>
...
040 (10284267.5355.000) 08/02 17:09:02 Finished transferring input files
...
001 (10284267.5355.000) 08/02 17:09:03 Job executing on host: <188.185.195.87:9618?addrs=188.185.195.87-9618+[2001-1458-303-22--100-53]-9618&alias=b9p17p3514.cern.ch&noUDP&sock=startd_164418_a699>
	SlotName: slot1_2@b9p17p3514.cern.ch
	CondorScratchDir = "/pool/condor/dir_1705477"
	Cpus = 12
	Disk = 3113972
	Memory = 24000
...
006 (10284267.5355.000) 08/02 17:09:05 Image size of job updated: 317036
	4  -  MemoryUsage of job (MB)
	3348  -  ResidentSetSize of job (KB)
...
040 (10284267.5355.000) 08/02 17:09:05 Started transferring output files
...
040 (10284267.5355.000) 08/02 17:09:05 Finished transferring output files
...
005 (10284267.5355.000) 08/02 17:09:05 Job terminated.
	(1) Normal termination (return value 139)
		Usr 0 00:00:02, Sys 0 00:00:00  -  Run Remote Usage
		Usr 0 00:00:00, Sys 0 00:00:00  -  Run Local Usage
		Usr 0 00:00:02, Sys 0 00:00:00  -  Total Remote Usage
		Usr 0 00:00:00, Sys 0 00:00:00  -  Total Local Usage
	7696  -  Run Bytes Sent By Job
	409597  -  Run Bytes Received By Job
	7696  -  Total Bytes Sent By Job
	409597  -  Total Bytes Received By Job
	Partitionable Resources :    Usage  Request Allocated 
	   Cpus                 :        0       12        12 
	   Disk (KB)            :      429      425   3113972 
	   Memory (MB)          :        4    24000     24000 

	Job terminated of its own accord at 2024-08-02T15:09:05Z with exit-code 139.
...
