000 (10252905.536.000) 07/24 16:13:15 Job submitted from host: <188.185.114.121:9618?addrs=188.185.114.121-9618+[2001-1458-d00-a--100-273]-9618&alias=bigbird19.cern.ch&noUDP&sock=schedd_4961_696e>
...
009 (10252905.536.000) 07/24 16:14:45 Job was aborted.
	via condor_rm (by user yelberke)
...
000 (10252906.536.000) 07/24 16:15:36 Job submitted from host: <188.185.114.121:9618?addrs=188.185.114.121-9618+[2001-1458-d00-a--100-273]-9618&alias=bigbird19.cern.ch&noUDP&sock=schedd_4961_696e>
...
000 (10252907.536.000) 07/24 16:17:30 Job submitted from host: <188.185.114.121:9618?addrs=188.185.114.121-9618+[2001-1458-d00-a--100-273]-9618&alias=bigbird19.cern.ch&noUDP&sock=schedd_4961_696e>
...
000 (10252908.536.000) 07/24 16:18:03 Job submitted from host: <188.185.114.121:9618?addrs=188.185.114.121-9618+[2001-1458-d00-a--100-273]-9618&alias=bigbird19.cern.ch&noUDP&sock=schedd_4961_696e>
...
000 (10252909.536.000) 07/24 16:18:39 Job submitted from host: <188.185.114.121:9618?addrs=188.185.114.121-9618+[2001-1458-d00-a--100-273]-9618&alias=bigbird19.cern.ch&noUDP&sock=schedd_4961_696e>
...
000 (10252910.536.000) 07/24 16:19:04 Job submitted from host: <188.185.114.121:9618?addrs=188.185.114.121-9618+[2001-1458-d00-a--100-273]-9618&alias=bigbird19.cern.ch&noUDP&sock=schedd_4961_696e>
...
000 (10252911.536.000) 07/24 16:19:17 Job submitted from host: <188.185.114.121:9618?addrs=188.185.114.121-9618+[2001-1458-d00-a--100-273]-9618&alias=bigbird19.cern.ch&noUDP&sock=schedd_4961_696e>
...
000 (10252912.536.000) 07/24 16:19:30 Job submitted from host: <188.185.114.121:9618?addrs=188.185.114.121-9618+[2001-1458-d00-a--100-273]-9618&alias=bigbird19.cern.ch&noUDP&sock=schedd_4961_696e>
...
000 (10252913.536.000) 07/24 16:19:42 Job submitted from host: <188.185.114.121:9618?addrs=188.185.114.121-9618+[2001-1458-d00-a--100-273]-9618&alias=bigbird19.cern.ch&noUDP&sock=schedd_4961_696e>
...
040 (10252906.536.000) 07/24 16:20:43 Started transferring input files
	Transferring to host: <188.185.196.120:9618?addrs=188.185.196.120-9618+[2001-1458-303-23--100-74]-9618&alias=b9p16p8413.cern.ch&noUDP&sock=slot1_3_891039_5523_5167>
...
040 (10252906.536.000) 07/24 16:20:43 Finished transferring input files
...
001 (10252906.536.000) 07/24 16:20:44 Job executing on host: <188.185.196.120:9618?addrs=188.185.196.120-9618+[2001-1458-303-23--100-74]-9618&alias=b9p16p8413.cern.ch&noUDP&sock=startd_177318_fa50>
	SlotName: slot1_3@b9p16p8413.cern.ch
	CondorScratchDir = "/pool/condor/dir_2213854"
	Cpus = 8
	Disk = 2872337
	Memory = 16000
...
006 (10252906.536.000) 07/24 16:20:51 Image size of job updated: 162760
	10  -  MemoryUsage of job (MB)
	10236  -  ResidentSetSize of job (KB)
...
040 (10252906.536.000) 07/24 16:20:51 Started transferring output files
...
040 (10252906.536.000) 07/24 16:20:51 Finished transferring output files
...
005 (10252906.536.000) 07/24 16:20:51 Job terminated.
	(1) Normal termination (return value 0)
		Usr 0 00:00:05, Sys 0 00:00:00  -  Run Remote Usage
		Usr 0 00:00:00, Sys 0 00:00:00  -  Run Local Usage
		Usr 0 00:00:05, Sys 0 00:00:00  -  Total Remote Usage
		Usr 0 00:00:00, Sys 0 00:00:00  -  Total Local Usage
	6204  -  Run Bytes Sent By Job
	409597  -  Run Bytes Received By Job
	6204  -  Total Bytes Sent By Job
	409597  -  Total Bytes Received By Job
	Partitionable Resources :    Usage  Request Allocated 
	   Cpus                 :        0        8         8 
	   Disk (KB)            :      427      425   2872337 
	   Memory (MB)          :       10    16000     16000 

	Job terminated of its own accord at 2024-07-24T14:20:51Z with exit-code 0.
...
040 (10252907.536.000) 07/24 17:46:01 Started transferring input files
	Transferring to host: <188.185.196.67:9618?addrs=188.185.196.67-9618+[2001-1458-303-23--100-3f]-9618&alias=b9p16p9691.cern.ch&noUDP&sock=slot1_14_137964_de63_31729>
...
040 (10252907.536.000) 07/24 17:46:01 Finished transferring input files
...
001 (10252907.536.000) 07/24 17:46:02 Job executing on host: <188.185.196.67:9618?addrs=188.185.196.67-9618+[2001-1458-303-23--100-3f]-9618&alias=b9p16p9691.cern.ch&noUDP&sock=startd_127944_8542>
	SlotName: slot1_14@b9p16p9691.cern.ch
	CondorScratchDir = "/pool/condor/dir_852784"
	Cpus = 8
	Disk = 2945979
	Memory = 16000
...
006 (10252907.536.000) 07/24 17:46:09 Image size of job updated: 164632
	11  -  MemoryUsage of job (MB)
	10740  -  ResidentSetSize of job (KB)
...
040 (10252907.536.000) 07/24 17:46:09 Started transferring output files
...
040 (10252907.536.000) 07/24 17:46:09 Finished transferring output files
...
005 (10252907.536.000) 07/24 17:46:09 Job terminated.
	(1) Normal termination (return value 0)
		Usr 0 00:00:05, Sys 0 00:00:00  -  Run Remote Usage
		Usr 0 00:00:00, Sys 0 00:00:00  -  Run Local Usage
		Usr 0 00:00:05, Sys 0 00:00:00  -  Total Remote Usage
		Usr 0 00:00:00, Sys 0 00:00:00  -  Total Local Usage
	6204  -  Run Bytes Sent By Job
	409597  -  Run Bytes Received By Job
	6204  -  Total Bytes Sent By Job
	409597  -  Total Bytes Received By Job
	Partitionable Resources :    Usage  Request Allocated 
	   Cpus                 :        0        8         8 
	   Disk (KB)            :      428      425   2945979 
	   Memory (MB)          :       11    16000     16000 

	Job terminated of its own accord at 2024-07-24T15:46:09Z with exit-code 0.
...
040 (10252908.536.000) 07/24 18:50:57 Started transferring input files
	Transferring to host: <188.185.205.110:9618?addrs=188.185.205.110-9618+[2001-1458-303-9--100-6b]-9618&alias=b9p03p6531.cern.ch&noUDP&sock=slot1_3_5453_e1b7_83764>
...
040 (10252908.536.000) 07/24 18:50:57 Finished transferring input files
...
001 (10252908.536.000) 07/24 18:50:58 Job executing on host: <188.185.205.110:9618?addrs=188.185.205.110-9618+[2001-1458-303-9--100-6b]-9618&alias=b9p03p6531.cern.ch&noUDP&sock=startd_4496_75e4>
	SlotName: slot1_3@b9p03p6531.cern.ch
	CondorScratchDir = "/pool/condor/dir_2260080"
	Cpus = 8
	Disk = 2771577
	Memory = 16000
...
006 (10252908.536.000) 07/24 18:51:02 Image size of job updated: 163612
	10  -  MemoryUsage of job (MB)
	9668  -  ResidentSetSize of job (KB)
...
040 (10252908.536.000) 07/24 18:51:02 Started transferring output files
...
040 (10252908.536.000) 07/24 18:51:02 Finished transferring output files
...
005 (10252908.536.000) 07/24 18:51:02 Job terminated.
	(1) Normal termination (return value 0)
		Usr 0 00:00:03, Sys 0 00:00:00  -  Run Remote Usage
		Usr 0 00:00:00, Sys 0 00:00:00  -  Run Local Usage
		Usr 0 00:00:03, Sys 0 00:00:00  -  Total Remote Usage
		Usr 0 00:00:00, Sys 0 00:00:00  -  Total Local Usage
	6204  -  Run Bytes Sent By Job
	409597  -  Run Bytes Received By Job
	6204  -  Total Bytes Sent By Job
	409597  -  Total Bytes Received By Job
	Partitionable Resources :    Usage  Request Allocated 
	   Cpus                 :        0        8         8 
	   Disk (KB)            :      428      425   2771577 
	   Memory (MB)          :       10    16000     16000 

	Job terminated of its own accord at 2024-07-24T16:51:02Z with exit-code 0.
...
040 (10252909.536.000) 07/24 19:51:08 Started transferring input files
	Transferring to host: <188.185.194.129:9618?addrs=188.185.194.129-9618+[2001-1458-303-21--100-7d]-9618&alias=b9p20p9608.cern.ch&noUDP&sock=slot1_9_3227171_a9b9_5185>
...
040 (10252909.536.000) 07/24 19:51:08 Finished transferring input files
...
001 (10252909.536.000) 07/24 19:51:09 Job executing on host: <188.185.194.129:9618?addrs=188.185.194.129-9618+[2001-1458-303-21--100-7d]-9618&alias=b9p20p9608.cern.ch&noUDP&sock=startd_128010_ca82>
	SlotName: slot1_9@b9p20p9608.cern.ch
	CondorScratchDir = "/pool/condor/dir_3447626"
	Cpus = 8
	Disk = 3005809
	Memory = 16000
...
006 (10252909.536.000) 07/24 19:51:17 Image size of job updated: 1
	0  -  MemoryUsage of job (MB)
	0  -  ResidentSetSize of job (KB)
...
006 (10252909.536.000) 07/24 19:51:40 Image size of job updated: 159724
	9  -  MemoryUsage of job (MB)
	8440  -  ResidentSetSize of job (KB)
...
040 (10252909.536.000) 07/24 19:51:40 Started transferring output files
...
040 (10252909.536.000) 07/24 19:51:40 Finished transferring output files
...
005 (10252909.536.000) 07/24 19:51:40 Job terminated.
	(1) Normal termination (return value 0)
		Usr 0 00:00:05, Sys 0 00:00:00  -  Run Remote Usage
		Usr 0 00:00:00, Sys 0 00:00:00  -  Run Local Usage
		Usr 0 00:00:05, Sys 0 00:00:00  -  Total Remote Usage
		Usr 0 00:00:00, Sys 0 00:00:00  -  Total Local Usage
	6204  -  Run Bytes Sent By Job
	409597  -  Run Bytes Received By Job
	6204  -  Total Bytes Sent By Job
	409597  -  Total Bytes Received By Job
	Partitionable Resources :    Usage  Request Allocated 
	   Cpus                 :        0        8         8 
	   Disk (KB)            :      427      425   3005809 
	   Memory (MB)          :        9    16000     16000 

	Job terminated of its own accord at 2024-07-24T17:51:40Z with exit-code 0.
...
040 (10252910.536.000) 07/24 20:44:00 Started transferring input files
	Transferring to host: <188.185.207.174:9618?addrs=188.185.207.174-9618+[2001-1458-303-e--100-2b]-9618&alias=b9p08p4180.cern.ch&noUDP&sock=slot1_12_12905_7d66_142140>
...
040 (10252910.536.000) 07/24 20:44:00 Finished transferring input files
...
001 (10252910.536.000) 07/24 20:44:01 Job executing on host: <188.185.207.174:9618?addrs=188.185.207.174-9618+[2001-1458-303-e--100-2b]-9618&alias=b9p08p4180.cern.ch&noUDP&sock=startd_11449_a3e3>
	SlotName: slot1_12@b9p08p4180.cern.ch
	CondorScratchDir = "/pool/condor/dir_1223337"
	Cpus = 8
	Disk = 2857772
	Memory = 16000
...
006 (10252910.536.000) 07/24 20:44:05 Image size of job updated: 162936
	9  -  MemoryUsage of job (MB)
	8716  -  ResidentSetSize of job (KB)
...
040 (10252910.536.000) 07/24 20:44:05 Started transferring output files
...
040 (10252910.536.000) 07/24 20:44:05 Finished transferring output files
...
005 (10252910.536.000) 07/24 20:44:05 Job terminated.
	(1) Normal termination (return value 0)
		Usr 0 00:00:03, Sys 0 00:00:00  -  Run Remote Usage
		Usr 0 00:00:00, Sys 0 00:00:00  -  Run Local Usage
		Usr 0 00:00:03, Sys 0 00:00:00  -  Total Remote Usage
		Usr 0 00:00:00, Sys 0 00:00:00  -  Total Local Usage
	6201  -  Run Bytes Sent By Job
	409597  -  Run Bytes Received By Job
	6201  -  Total Bytes Sent By Job
	409597  -  Total Bytes Received By Job
	Partitionable Resources :    Usage  Request Allocated 
	   Cpus                 :        0        8         8 
	   Disk (KB)            :      428      425   2857772 
	   Memory (MB)          :        9    16000     16000 

	Job terminated of its own accord at 2024-07-24T18:44:05Z with exit-code 0.
...
040 (10252911.536.000) 07/24 20:56:54 Started transferring input files
	Transferring to host: <188.185.204.233:9618?addrs=188.185.204.233-9618+[2001-1458-303-8--100-66]-9618&alias=b9p02p4919.cern.ch&noUDP&sock=slot1_10_6717_7bea_82415>
...
040 (10252911.536.000) 07/24 20:56:54 Finished transferring input files
...
001 (10252911.536.000) 07/24 20:56:55 Job executing on host: <188.185.204.233:9618?addrs=188.185.204.233-9618+[2001-1458-303-8--100-66]-9618&alias=b9p02p4919.cern.ch&noUDP&sock=startd_5363_2680>
	SlotName: slot1_10@b9p02p4919.cern.ch
	CondorScratchDir = "/pool/condor/dir_569278"
	Cpus = 8
	Disk = 2899098
	Memory = 16000
...
006 (10252911.536.000) 07/24 20:56:59 Image size of job updated: 162596
	9  -  MemoryUsage of job (MB)
	8776  -  ResidentSetSize of job (KB)
...
040 (10252911.536.000) 07/24 20:56:59 Started transferring output files
...
040 (10252911.536.000) 07/24 20:56:59 Finished transferring output files
...
005 (10252911.536.000) 07/24 20:56:59 Job terminated.
	(1) Normal termination (return value 0)
		Usr 0 00:00:03, Sys 0 00:00:00  -  Run Remote Usage
		Usr 0 00:00:00, Sys 0 00:00:00  -  Run Local Usage
		Usr 0 00:00:03, Sys 0 00:00:00  -  Total Remote Usage
		Usr 0 00:00:00, Sys 0 00:00:00  -  Total Local Usage
	6204  -  Run Bytes Sent By Job
	409597  -  Run Bytes Received By Job
	6204  -  Total Bytes Sent By Job
	409597  -  Total Bytes Received By Job
	Partitionable Resources :    Usage  Request Allocated 
	   Cpus                 :        0        8         8 
	   Disk (KB)            :      428      425   2899098 
	   Memory (MB)          :        9    16000     16000 

	Job terminated of its own accord at 2024-07-24T18:56:59Z with exit-code 0.
...
040 (10252912.536.000) 07/24 21:09:54 Started transferring input files
	Transferring to host: <188.185.208.191:9618?addrs=188.185.208.191-9618+[2001-1458-303-10--100-3c]-9618&alias=b9p10p1964.cern.ch&noUDP&sock=slot1_16_6028_056e_147199>
...
040 (10252912.536.000) 07/24 21:09:54 Finished transferring input files
...
001 (10252912.536.000) 07/24 21:09:55 Job executing on host: <188.185.208.191:9618?addrs=188.185.208.191-9618+[2001-1458-303-10--100-3c]-9618&alias=b9p10p1964.cern.ch&noUDP&sock=startd_4543_b2d7>
	SlotName: slot1_16@b9p10p1964.cern.ch
	CondorScratchDir = "/pool/condor/dir_1954380"
	Cpus = 8
	Disk = 2751868
	Memory = 16000
...
006 (10252912.536.000) 07/24 21:10:00 Image size of job updated: 161024
	9  -  MemoryUsage of job (MB)
	8428  -  ResidentSetSize of job (KB)
...
040 (10252912.536.000) 07/24 21:10:00 Started transferring output files
...
040 (10252912.536.000) 07/24 21:10:00 Finished transferring output files
...
005 (10252912.536.000) 07/24 21:10:00 Job terminated.
	(1) Normal termination (return value 0)
		Usr 0 00:00:03, Sys 0 00:00:00  -  Run Remote Usage
		Usr 0 00:00:00, Sys 0 00:00:00  -  Run Local Usage
		Usr 0 00:00:03, Sys 0 00:00:00  -  Total Remote Usage
		Usr 0 00:00:00, Sys 0 00:00:00  -  Total Local Usage
	6204  -  Run Bytes Sent By Job
	409597  -  Run Bytes Received By Job
	6204  -  Total Bytes Sent By Job
	409597  -  Total Bytes Received By Job
	Partitionable Resources :    Usage  Request Allocated 
	   Cpus                 :        0        8         8 
	   Disk (KB)            :      428      425   2751868 
	   Memory (MB)          :        9    16000     16000 

	Job terminated of its own accord at 2024-07-24T19:10:00Z with exit-code 0.
...
040 (10252913.536.000) 07/24 21:23:42 Started transferring input files
	Transferring to host: <128.142.137.116:9618?addrs=128.142.137.116-9618+[2001-1458-301-5e--100-68]-9618&alias=b9g19p9834.cern.ch&noUDP&sock=slot1_3_4190472_5c9d_13741>
...
040 (10252913.536.000) 07/24 21:23:42 Finished transferring input files
...
001 (10252913.536.000) 07/24 21:23:43 Job executing on host: <128.142.137.116:9618?addrs=128.142.137.116-9618+[2001-1458-301-5e--100-68]-9618&alias=b9g19p9834.cern.ch&noUDP&sock=startd_137903_90f2>
	SlotName: slot1_3@b9g19p9834.cern.ch
	CondorScratchDir = "/pool/condor/dir_1837890"
	Cpus = 8
	Disk = 1759274
	Memory = 16000
...
006 (10252913.536.000) 07/24 21:23:52 Image size of job updated: 147388
	144  -  MemoryUsage of job (MB)
	147388  -  ResidentSetSize of job (KB)
...
040 (10252913.536.000) 07/24 21:23:53 Started transferring output files
...
040 (10252913.536.000) 07/24 21:23:53 Finished transferring output files
...
005 (10252913.536.000) 07/24 21:23:53 Job terminated.
	(1) Normal termination (return value 0)
		Usr 0 00:00:08, Sys 0 00:00:00  -  Run Remote Usage
		Usr 0 00:00:00, Sys 0 00:00:00  -  Run Local Usage
		Usr 0 00:00:08, Sys 0 00:00:00  -  Total Remote Usage
		Usr 0 00:00:00, Sys 0 00:00:00  -  Total Local Usage
	6204  -  Run Bytes Sent By Job
	409597  -  Run Bytes Received By Job
	6204  -  Total Bytes Sent By Job
	409597  -  Total Bytes Received By Job
	Partitionable Resources :    Usage  Request Allocated 
	   Cpus                 :                 8         8 
	   Disk (KB)            :      420      425   1759274 
	   Memory (MB)          :      144    16000     16000 

	Job terminated of its own accord at 2024-07-24T19:23:53Z with exit-code 0.
...
000 (10261715.536.000) 07/25 13:01:28 Job submitted from host: <188.185.114.121:9618?addrs=188.185.114.121-9618+[2001-1458-d00-a--100-273]-9618&alias=bigbird19.cern.ch&noUDP&sock=schedd_4961_696e>
...
009 (10261715.536.000) 07/25 13:06:39 Job was aborted.
	via condor_rm (by user yelberke)
...
000 (10261767.536.000) 07/25 13:19:59 Job submitted from host: <188.185.114.121:9618?addrs=188.185.114.121-9618+[2001-1458-d00-a--100-273]-9618&alias=bigbird19.cern.ch&noUDP&sock=schedd_4961_696e>
...
040 (10261767.536.000) 07/25 13:47:58 Started transferring input files
	Transferring to host: <188.185.208.66:9618?addrs=188.185.208.66-9618+[2001-1458-303-f--100-3f]-9618&alias=b9p09p4833.cern.ch&noUDP&sock=slot1_6_125370_41a3_144612>
...
040 (10261767.536.000) 07/25 13:47:58 Finished transferring input files
...
001 (10261767.536.000) 07/25 13:47:59 Job executing on host: <188.185.208.66:9618?addrs=188.185.208.66-9618+[2001-1458-303-f--100-3f]-9618&alias=b9p09p4833.cern.ch&noUDP&sock=startd_115776_48de>
	SlotName: slot1_6@b9p09p4833.cern.ch
	CondorScratchDir = "/pool/condor/dir_2551330"
	Cpus = 12
	Disk = 2564500
	Memory = 24000
...
006 (10261767.536.000) 07/25 13:48:04 Image size of job updated: 167316
	10  -  MemoryUsage of job (MB)
	9932  -  ResidentSetSize of job (KB)
...
040 (10261767.536.000) 07/25 13:48:04 Started transferring output files
...
040 (10261767.536.000) 07/25 13:48:04 Finished transferring output files
...
005 (10261767.536.000) 07/25 13:48:04 Job terminated.
	(1) Normal termination (return value 0)
		Usr 0 00:00:04, Sys 0 00:00:00  -  Run Remote Usage
		Usr 0 00:00:00, Sys 0 00:00:00  -  Run Local Usage
		Usr 0 00:00:04, Sys 0 00:00:00  -  Total Remote Usage
		Usr 0 00:00:00, Sys 0 00:00:00  -  Total Local Usage
	6204  -  Run Bytes Sent By Job
	409597  -  Run Bytes Received By Job
	6204  -  Total Bytes Sent By Job
	409597  -  Total Bytes Received By Job
	Partitionable Resources :    Usage  Request Allocated 
	   Cpus                 :        0       12        12 
	   Disk (KB)            :      428      425   2564500 
	   Memory (MB)          :       10    24000     24000 

	Job terminated of its own accord at 2024-07-25T11:48:04Z with exit-code 0.
...
000 (10284266.536.000) 08/02 15:45:08 Job submitted from host: <188.185.114.121:9618?addrs=188.185.114.121-9618+[2001-1458-d00-a--100-273]-9618&alias=bigbird19.cern.ch&noUDP&sock=schedd_4961_696e>
...
009 (10284266.536.000) 08/02 15:49:14 Job was aborted.
	via condor_rm (by user yelberke)
...
000 (10284267.536.000) 08/02 15:49:46 Job submitted from host: <188.185.114.121:9618?addrs=188.185.114.121-9618+[2001-1458-d00-a--100-273]-9618&alias=bigbird19.cern.ch&noUDP&sock=schedd_4961_696e>
...
040 (10284267.536.000) 08/02 16:08:47 Started transferring input files
	Transferring to host: <188.185.206.221:9618?addrs=188.185.206.221-9618&alias=b9p06p2951.cern.ch&noUDP&sock=slot1_14_6888_f811_167333>
...
040 (10284267.536.000) 08/02 16:08:47 Finished transferring input files
...
001 (10284267.536.000) 08/02 16:08:48 Job executing on host: <188.185.206.221:9618?addrs=188.185.206.221-9618&alias=b9p06p2951.cern.ch&noUDP&sock=startd_6818_28cd>
	SlotName: slot1_14@b9p06p2951.cern.ch
	CondorScratchDir = "/pool/condor/dir_2658055"
	Cpus = 12
	Disk = 2695083
	Memory = 24000
...
006 (10284267.536.000) 08/02 16:08:49 Image size of job updated: 323996
	2  -  MemoryUsage of job (MB)
	1712  -  ResidentSetSize of job (KB)
...
040 (10284267.536.000) 08/02 16:08:49 Started transferring output files
...
040 (10284267.536.000) 08/02 16:08:49 Finished transferring output files
...
005 (10284267.536.000) 08/02 16:08:49 Job terminated.
	(1) Normal termination (return value 139)
		Usr 0 00:00:01, Sys 0 00:00:00  -  Run Remote Usage
		Usr 0 00:00:00, Sys 0 00:00:00  -  Run Local Usage
		Usr 0 00:00:01, Sys 0 00:00:00  -  Total Remote Usage
		Usr 0 00:00:00, Sys 0 00:00:00  -  Total Local Usage
	7696  -  Run Bytes Sent By Job
	409597  -  Run Bytes Received By Job
	7696  -  Total Bytes Sent By Job
	409597  -  Total Bytes Received By Job
	Partitionable Resources :    Usage  Request Allocated 
	   Cpus                 :        0       12        12 
	   Disk (KB)            :      428      425   2695083 
	   Memory (MB)          :        2    24000     24000 

	Job terminated of its own accord at 2024-08-02T14:08:49Z with exit-code 139.
...
