000 (10252905.5372.000) 07/24 16:13:22 Job submitted from host: <188.185.114.121:9618?addrs=188.185.114.121-9618+[2001-1458-d00-a--100-273]-9618&alias=bigbird19.cern.ch&noUDP&sock=schedd_4961_696e>
...
009 (10252905.5372.000) 07/24 16:14:52 Job was aborted.
	via condor_rm (by user yelberke)
...
000 (10252906.5372.000) 07/24 16:15:40 Job submitted from host: <188.185.114.121:9618?addrs=188.185.114.121-9618+[2001-1458-d00-a--100-273]-9618&alias=bigbird19.cern.ch&noUDP&sock=schedd_4961_696e>
...
000 (10252907.5372.000) 07/24 16:17:35 Job submitted from host: <188.185.114.121:9618?addrs=188.185.114.121-9618+[2001-1458-d00-a--100-273]-9618&alias=bigbird19.cern.ch&noUDP&sock=schedd_4961_696e>
...
000 (10252908.5372.000) 07/24 16:18:08 Job submitted from host: <188.185.114.121:9618?addrs=188.185.114.121-9618+[2001-1458-d00-a--100-273]-9618&alias=bigbird19.cern.ch&noUDP&sock=schedd_4961_696e>
...
000 (10252909.5372.000) 07/24 16:18:44 Job submitted from host: <188.185.114.121:9618?addrs=188.185.114.121-9618+[2001-1458-d00-a--100-273]-9618&alias=bigbird19.cern.ch&noUDP&sock=schedd_4961_696e>
...
040 (10252906.5372.000) 07/24 17:26:17 Started transferring input files
	Transferring to host: <188.185.196.19:9618?addrs=188.185.196.19-9618+[2001-1458-303-23--100-f]-9618&alias=b9p16p6242.cern.ch&noUDP&sock=slot1_10_1811409_4215_2669>
...
040 (10252906.5372.000) 07/24 17:26:17 Finished transferring input files
...
001 (10252906.5372.000) 07/24 17:26:18 Job executing on host: <188.185.196.19:9618?addrs=188.185.196.19-9618+[2001-1458-303-23--100-f]-9618&alias=b9p16p6242.cern.ch&noUDP&sock=startd_166627_d74e>
	SlotName: slot1_10@b9p16p6242.cern.ch
	CondorScratchDir = "/pool/condor/dir_3922239"
	Cpus = 8
	Disk = 3060143
	Memory = 16000
...
006 (10252906.5372.000) 07/24 17:26:25 Image size of job updated: 158700
	8  -  MemoryUsage of job (MB)
	7640  -  ResidentSetSize of job (KB)
...
040 (10252906.5372.000) 07/24 17:26:25 Started transferring output files
...
040 (10252906.5372.000) 07/24 17:26:25 Finished transferring output files
...
005 (10252906.5372.000) 07/24 17:26:25 Job terminated.
	(1) Normal termination (return value 0)
		Usr 0 00:00:05, Sys 0 00:00:00  -  Run Remote Usage
		Usr 0 00:00:00, Sys 0 00:00:00  -  Run Local Usage
		Usr 0 00:00:05, Sys 0 00:00:00  -  Total Remote Usage
		Usr 0 00:00:00, Sys 0 00:00:00  -  Total Local Usage
	6201  -  Run Bytes Sent By Job
	409597  -  Run Bytes Received By Job
	6201  -  Total Bytes Sent By Job
	409597  -  Total Bytes Received By Job
	Partitionable Resources :    Usage  Request Allocated 
	   Cpus                 :        0        8         8 
	   Disk (KB)            :      428      425   3060143 
	   Memory (MB)          :        8    16000     16000 

	Job terminated of its own accord at 2024-07-24T15:26:25Z with exit-code 0.
...
040 (10252907.5372.000) 07/24 18:25:31 Started transferring input files
	Transferring to host: <188.185.205.148:9618?addrs=188.185.205.148-9618+[2001-1458-303-a--100-11]-9618&alias=b9p04p8584.cern.ch&noUDP&sock=slot1_16_6904_3e12_155279>
...
040 (10252907.5372.000) 07/24 18:25:32 Finished transferring input files
...
001 (10252907.5372.000) 07/24 18:25:32 Job executing on host: <188.185.205.148:9618?addrs=188.185.205.148-9618+[2001-1458-303-a--100-11]-9618&alias=b9p04p8584.cern.ch&noUDP&sock=startd_6804_8e79>
	SlotName: slot1_16@b9p04p8584.cern.ch
	CondorScratchDir = "/pool/condor/dir_2229021"
	Cpus = 8
	Disk = 2771167
	Memory = 16000
...
006 (10252907.5372.000) 07/24 18:25:36 Image size of job updated: 163188
	10  -  MemoryUsage of job (MB)
	9616  -  ResidentSetSize of job (KB)
...
040 (10252907.5372.000) 07/24 18:25:36 Started transferring output files
...
040 (10252907.5372.000) 07/24 18:25:36 Finished transferring output files
...
005 (10252907.5372.000) 07/24 18:25:36 Job terminated.
	(1) Normal termination (return value 0)
		Usr 0 00:00:03, Sys 0 00:00:00  -  Run Remote Usage
		Usr 0 00:00:00, Sys 0 00:00:00  -  Run Local Usage
		Usr 0 00:00:03, Sys 0 00:00:00  -  Total Remote Usage
		Usr 0 00:00:00, Sys 0 00:00:00  -  Total Local Usage
	6204  -  Run Bytes Sent By Job
	409597  -  Run Bytes Received By Job
	6204  -  Total Bytes Sent By Job
	409597  -  Total Bytes Received By Job
	Partitionable Resources :    Usage  Request Allocated 
	   Cpus                 :        0        8         8 
	   Disk (KB)            :      428      425   2771167 
	   Memory (MB)          :       10    16000     16000 

	Job terminated of its own accord at 2024-07-24T16:25:36Z with exit-code 0.
...
040 (10252908.5372.000) 07/24 19:31:53 Started transferring input files
	Transferring to host: <188.185.194.129:9618?addrs=188.185.194.129-9618+[2001-1458-303-21--100-7d]-9618&alias=b9p20p9608.cern.ch&noUDP&sock=slot1_1_3227171_a9b9_5139>
...
040 (10252908.5372.000) 07/24 19:31:53 Finished transferring input files
...
001 (10252908.5372.000) 07/24 19:31:54 Job executing on host: <188.185.194.129:9618?addrs=188.185.194.129-9618+[2001-1458-303-21--100-7d]-9618&alias=b9p20p9608.cern.ch&noUDP&sock=startd_128010_ca82>
	SlotName: slot1_1@b9p20p9608.cern.ch
	CondorScratchDir = "/pool/condor/dir_42106"
	Cpus = 8
	Disk = 3022250
	Memory = 16000
...
006 (10252908.5372.000) 07/24 19:32:03 Image size of job updated: 1
	0  -  MemoryUsage of job (MB)
	0  -  ResidentSetSize of job (KB)
...
006 (10252908.5372.000) 07/24 19:32:26 Image size of job updated: 157028
	7  -  MemoryUsage of job (MB)
	6648  -  ResidentSetSize of job (KB)
...
040 (10252908.5372.000) 07/24 19:32:26 Started transferring output files
...
040 (10252908.5372.000) 07/24 19:32:26 Finished transferring output files
...
005 (10252908.5372.000) 07/24 19:32:26 Job terminated.
	(1) Normal termination (return value 0)
		Usr 0 00:00:06, Sys 0 00:00:00  -  Run Remote Usage
		Usr 0 00:00:00, Sys 0 00:00:00  -  Run Local Usage
		Usr 0 00:00:06, Sys 0 00:00:00  -  Total Remote Usage
		Usr 0 00:00:00, Sys 0 00:00:00  -  Total Local Usage
	6204  -  Run Bytes Sent By Job
	409597  -  Run Bytes Received By Job
	6204  -  Total Bytes Sent By Job
	409597  -  Total Bytes Received By Job
	Partitionable Resources :    Usage  Request Allocated 
	   Cpus                 :        0        8         8 
	   Disk (KB)            :      427      425   3022250 
	   Memory (MB)          :        7    16000     16000 

	Job terminated of its own accord at 2024-07-24T17:32:26Z with exit-code 0.
...
040 (10252909.5372.000) 07/24 20:26:35 Started transferring input files
	Transferring to host: <188.185.205.41:9618?addrs=188.185.205.41-9618&alias=b9p03p4642.cern.ch&noUDP&sock=slot1_7_7380_a0a5_153785>
...
040 (10252909.5372.000) 07/24 20:26:35 Finished transferring input files
...
001 (10252909.5372.000) 07/24 20:26:36 Job executing on host: <188.185.205.41:9618?addrs=188.185.205.41-9618&alias=b9p03p4642.cern.ch&noUDP&sock=startd_7312_0096>
	SlotName: slot1_7@b9p03p4642.cern.ch
	CondorScratchDir = "/pool/condor/dir_2437465"
	Cpus = 8
	Disk = 2858066
	Memory = 16000
...
006 (10252909.5372.000) 07/24 20:26:40 Image size of job updated: 159096
	7  -  MemoryUsage of job (MB)
	6948  -  ResidentSetSize of job (KB)
...
040 (10252909.5372.000) 07/24 20:26:40 Started transferring output files
...
040 (10252909.5372.000) 07/24 20:26:40 Finished transferring output files
...
005 (10252909.5372.000) 07/24 20:26:40 Job terminated.
	(1) Normal termination (return value 0)
		Usr 0 00:00:03, Sys 0 00:00:00  -  Run Remote Usage
		Usr 0 00:00:00, Sys 0 00:00:00  -  Run Local Usage
		Usr 0 00:00:03, Sys 0 00:00:00  -  Total Remote Usage
		Usr 0 00:00:00, Sys 0 00:00:00  -  Total Local Usage
	6204  -  Run Bytes Sent By Job
	409597  -  Run Bytes Received By Job
	6204  -  Total Bytes Sent By Job
	409597  -  Total Bytes Received By Job
	Partitionable Resources :    Usage  Request Allocated 
	   Cpus                 :        0        8         8 
	   Disk (KB)            :      427      425   2858066 
	   Memory (MB)          :        7    16000     16000 

	Job terminated of its own accord at 2024-07-24T18:26:40Z with exit-code 0.
...
000 (10261715.5372.000) 07/25 13:03:27 Job submitted from host: <188.185.114.121:9618?addrs=188.185.114.121-9618+[2001-1458-d00-a--100-273]-9618&alias=bigbird19.cern.ch&noUDP&sock=schedd_4961_696e>
...
009 (10261715.5372.000) 07/25 13:07:03 Job was aborted.
	via condor_rm (by user yelberke)
...
000 (10261767.5372.000) 07/25 13:20:45 Job submitted from host: <188.185.114.121:9618?addrs=188.185.114.121-9618+[2001-1458-d00-a--100-273]-9618&alias=bigbird19.cern.ch&noUDP&sock=schedd_4961_696e>
...
040 (10261767.5372.000) 07/25 14:51:39 Started transferring input files
	Transferring to host: <188.185.209.18:9618?addrs=188.185.209.18-9618+[2001-1458-303-11--100-f]-9618&alias=b9p11p3504.cern.ch&noUDP&sock=slot1_41_7620_baaf_147600>
...
040 (10261767.5372.000) 07/25 14:51:39 Finished transferring input files
...
001 (10261767.5372.000) 07/25 14:51:40 Job executing on host: <188.185.209.18:9618?addrs=188.185.209.18-9618+[2001-1458-303-11--100-f]-9618&alias=b9p11p3504.cern.ch&noUDP&sock=startd_6300_dabe>
	SlotName: slot1_41@b9p11p3504.cern.ch
	CondorScratchDir = "/pool/condor/dir_1292203"
	Cpus = 12
	Disk = 2733283
	Memory = 24000
...
006 (10261767.5372.000) 07/25 14:51:45 Image size of job updated: 159712
	6  -  MemoryUsage of job (MB)
	6000  -  ResidentSetSize of job (KB)
...
040 (10261767.5372.000) 07/25 14:51:45 Started transferring output files
...
040 (10261767.5372.000) 07/25 14:51:45 Finished transferring output files
...
005 (10261767.5372.000) 07/25 14:51:45 Job terminated.
	(1) Normal termination (return value 0)
		Usr 0 00:00:03, Sys 0 00:00:00  -  Run Remote Usage
		Usr 0 00:00:00, Sys 0 00:00:00  -  Run Local Usage
		Usr 0 00:00:03, Sys 0 00:00:00  -  Total Remote Usage
		Usr 0 00:00:00, Sys 0 00:00:00  -  Total Local Usage
	6676  -  Run Bytes Sent By Job
	409597  -  Run Bytes Received By Job
	6676  -  Total Bytes Sent By Job
	409597  -  Total Bytes Received By Job
	Partitionable Resources :    Usage  Request Allocated 
	   Cpus                 :        0       12        12 
	   Disk (KB)            :      429      425   2733283 
	   Memory (MB)          :        6    24000     24000 

	Job terminated of its own accord at 2024-07-25T12:51:45Z with exit-code 0.
...
000 (10284266.5372.000) 08/02 15:47:15 Job submitted from host: <188.185.114.121:9618?addrs=188.185.114.121-9618+[2001-1458-d00-a--100-273]-9618&alias=bigbird19.cern.ch&noUDP&sock=schedd_4961_696e>
...
000 (10284267.5372.000) 08/02 15:50:14 Job submitted from host: <188.185.114.121:9618?addrs=188.185.114.121-9618+[2001-1458-d00-a--100-273]-9618&alias=bigbird19.cern.ch&noUDP&sock=schedd_4961_696e>
...
009 (10284266.5372.000) 08/02 15:50:40 Job was aborted.
	via condor_rm (by user yelberke)
...
040 (10284267.5372.000) 08/02 17:09:10 Started transferring input files
	Transferring to host: <188.185.194.59:9618?addrs=188.185.194.59-9618+[2001-1458-303-21--100-37]-9618&alias=b9p20p5151.cern.ch&noUDP&sock=slot1_2_3385908_3d50_313>
...
040 (10284267.5372.000) 08/02 17:09:10 Finished transferring input files
...
001 (10284267.5372.000) 08/02 17:09:11 Job executing on host: <188.185.194.59:9618?addrs=188.185.194.59-9618+[2001-1458-303-21--100-37]-9618&alias=b9p20p5151.cern.ch&noUDP&sock=startd_128404_0ad3>
	SlotName: slot1_2@b9p20p5151.cern.ch
	CondorScratchDir = "/pool/condor/dir_3585306"
	Cpus = 12
	Disk = 2981197
	Memory = 24000
...
006 (10284267.5372.000) 08/02 17:09:19 Image size of job updated: 1
	0  -  MemoryUsage of job (MB)
	0  -  ResidentSetSize of job (KB)
...
006 (10284267.5372.000) 08/02 17:09:37 Image size of job updated: 318292
	5  -  MemoryUsage of job (MB)
	4752  -  ResidentSetSize of job (KB)
...
040 (10284267.5372.000) 08/02 17:09:37 Started transferring output files
...
040 (10284267.5372.000) 08/02 17:09:37 Finished transferring output files
...
005 (10284267.5372.000) 08/02 17:09:37 Job terminated.
	(1) Normal termination (return value 139)
		Usr 0 00:00:02, Sys 0 00:00:00  -  Run Remote Usage
		Usr 0 00:00:00, Sys 0 00:00:00  -  Run Local Usage
		Usr 0 00:00:02, Sys 0 00:00:00  -  Total Remote Usage
		Usr 0 00:00:00, Sys 0 00:00:00  -  Total Local Usage
	7696  -  Run Bytes Sent By Job
	409597  -  Run Bytes Received By Job
	7696  -  Total Bytes Sent By Job
	409597  -  Total Bytes Received By Job
	Partitionable Resources :    Usage  Request Allocated 
	   Cpus                 :        0       12        12 
	   Disk (KB)            :      429      425   2981197 
	   Memory (MB)          :        5    24000     24000 

	Job terminated of its own accord at 2024-08-02T15:09:37Z with exit-code 139.
...
