000 (10252905.5379.000) 07/24 16:13:22 Job submitted from host: <188.185.114.121:9618?addrs=188.185.114.121-9618+[2001-1458-d00-a--100-273]-9618&alias=bigbird19.cern.ch&noUDP&sock=schedd_4961_696e>
...
009 (10252905.5379.000) 07/24 16:14:52 Job was aborted.
	via condor_rm (by user yelberke)
...
000 (10252906.5379.000) 07/24 16:15:40 Job submitted from host: <188.185.114.121:9618?addrs=188.185.114.121-9618+[2001-1458-d00-a--100-273]-9618&alias=bigbird19.cern.ch&noUDP&sock=schedd_4961_696e>
...
000 (10252907.5379.000) 07/24 16:17:35 Job submitted from host: <188.185.114.121:9618?addrs=188.185.114.121-9618+[2001-1458-d00-a--100-273]-9618&alias=bigbird19.cern.ch&noUDP&sock=schedd_4961_696e>
...
000 (10252908.5379.000) 07/24 16:18:08 Job submitted from host: <188.185.114.121:9618?addrs=188.185.114.121-9618+[2001-1458-d00-a--100-273]-9618&alias=bigbird19.cern.ch&noUDP&sock=schedd_4961_696e>
...
000 (10252909.5379.000) 07/24 16:18:44 Job submitted from host: <188.185.114.121:9618?addrs=188.185.114.121-9618+[2001-1458-d00-a--100-273]-9618&alias=bigbird19.cern.ch&noUDP&sock=schedd_4961_696e>
...
040 (10252906.5379.000) 07/24 17:26:19 Started transferring input files
	Transferring to host: <188.185.194.130:9618?addrs=188.185.194.130-9618&alias=b9p20p2820.cern.ch&noUDP&sock=slot1_7_3459937_5df2_393>
...
040 (10252906.5379.000) 07/24 17:26:19 Finished transferring input files
...
001 (10252906.5379.000) 07/24 17:26:20 Job executing on host: <188.185.194.130:9618?addrs=188.185.194.130-9618&alias=b9p20p2820.cern.ch&noUDP&sock=startd_127909_8372>
	SlotName: slot1_7@b9p20p2820.cern.ch
	CondorScratchDir = "/pool/condor/dir_1615607"
	Cpus = 8
	Disk = 2985783
	Memory = 16000
...
006 (10252906.5379.000) 07/24 17:26:25 Image size of job updated: 159960
	8  -  MemoryUsage of job (MB)
	7828  -  ResidentSetSize of job (KB)
...
040 (10252906.5379.000) 07/24 17:26:25 Started transferring output files
...
040 (10252906.5379.000) 07/24 17:26:25 Finished transferring output files
...
005 (10252906.5379.000) 07/24 17:26:25 Job terminated.
	(1) Normal termination (return value 0)
		Usr 0 00:00:04, Sys 0 00:00:00  -  Run Remote Usage
		Usr 0 00:00:00, Sys 0 00:00:00  -  Run Local Usage
		Usr 0 00:00:04, Sys 0 00:00:00  -  Total Remote Usage
		Usr 0 00:00:00, Sys 0 00:00:00  -  Total Local Usage
	6201  -  Run Bytes Sent By Job
	409597  -  Run Bytes Received By Job
	6201  -  Total Bytes Sent By Job
	409597  -  Total Bytes Received By Job
	Partitionable Resources :    Usage  Request Allocated 
	   Cpus                 :                 8         8 
	   Disk (KB)            :      420      425   2985783 
	   Memory (MB)          :        8    16000     16000 

	Job terminated of its own accord at 2024-07-24T15:26:25Z with exit-code 0.
...
040 (10252907.5379.000) 07/24 18:25:34 Started transferring input files
	Transferring to host: <188.185.194.89:9618?addrs=188.185.194.89-9618+[2001-1458-303-21--100-55]-9618&alias=b9p20p5563.cern.ch&noUDP&sock=slot1_6_2218080_c44f_2735>
...
040 (10252907.5379.000) 07/24 18:25:34 Finished transferring input files
...
001 (10252907.5379.000) 07/24 18:25:35 Job executing on host: <188.185.194.89:9618?addrs=188.185.194.89-9618+[2001-1458-303-21--100-55]-9618&alias=b9p20p5563.cern.ch&noUDP&sock=startd_127774_ea29>
	SlotName: slot1_6@b9p20p5563.cern.ch
	CondorScratchDir = "/pool/condor/dir_479773"
	Cpus = 8
	Disk = 2992125
	Memory = 16000
...
006 (10252907.5379.000) 07/24 18:25:41 Image size of job updated: 157708
	7  -  MemoryUsage of job (MB)
	6928  -  ResidentSetSize of job (KB)
...
040 (10252907.5379.000) 07/24 18:25:41 Started transferring output files
...
040 (10252907.5379.000) 07/24 18:25:41 Finished transferring output files
...
005 (10252907.5379.000) 07/24 18:25:41 Job terminated.
	(1) Normal termination (return value 0)
		Usr 0 00:00:05, Sys 0 00:00:00  -  Run Remote Usage
		Usr 0 00:00:00, Sys 0 00:00:00  -  Run Local Usage
		Usr 0 00:00:05, Sys 0 00:00:00  -  Total Remote Usage
		Usr 0 00:00:00, Sys 0 00:00:00  -  Total Local Usage
	6204  -  Run Bytes Sent By Job
	409597  -  Run Bytes Received By Job
	6204  -  Total Bytes Sent By Job
	409597  -  Total Bytes Received By Job
	Partitionable Resources :    Usage  Request Allocated 
	   Cpus                 :        0        8         8 
	   Disk (KB)            :      428      425   2992125 
	   Memory (MB)          :        7    16000     16000 

	Job terminated of its own accord at 2024-07-24T16:25:41Z with exit-code 0.
...
040 (10252908.5379.000) 07/24 19:31:53 Started transferring input files
	Transferring to host: <188.185.204.149:9618?addrs=188.185.204.149-9618+[2001-1458-303-8--100-89]-9618&alias=b9p02p1875.cern.ch&noUDP&sock=slot1_2_7282_93e1_157080>
...
040 (10252908.5379.000) 07/24 19:31:53 Finished transferring input files
...
001 (10252908.5379.000) 07/24 19:31:54 Job executing on host: <188.185.204.149:9618?addrs=188.185.204.149-9618+[2001-1458-303-8--100-89]-9618&alias=b9p02p1875.cern.ch&noUDP&sock=startd_7214_c84e>
	SlotName: slot1_2@b9p02p1875.cern.ch
	CondorScratchDir = "/pool/condor/dir_783836"
	Cpus = 8
	Disk = 2517873
	Memory = 16000
...
006 (10252908.5379.000) 07/24 19:31:58 Image size of job updated: 159968
	8  -  MemoryUsage of job (MB)
	7516  -  ResidentSetSize of job (KB)
...
040 (10252908.5379.000) 07/24 19:31:58 Started transferring output files
...
040 (10252908.5379.000) 07/24 19:31:58 Finished transferring output files
...
005 (10252908.5379.000) 07/24 19:31:58 Job terminated.
	(1) Normal termination (return value 0)
		Usr 0 00:00:03, Sys 0 00:00:00  -  Run Remote Usage
		Usr 0 00:00:00, Sys 0 00:00:00  -  Run Local Usage
		Usr 0 00:00:03, Sys 0 00:00:00  -  Total Remote Usage
		Usr 0 00:00:00, Sys 0 00:00:00  -  Total Local Usage
	6204  -  Run Bytes Sent By Job
	409597  -  Run Bytes Received By Job
	6204  -  Total Bytes Sent By Job
	409597  -  Total Bytes Received By Job
	Partitionable Resources :    Usage  Request Allocated 
	   Cpus                 :        0        8         8 
	   Disk (KB)            :      427      425   2517873 
	   Memory (MB)          :        8    16000     16000 

	Job terminated of its own accord at 2024-07-24T17:31:58Z with exit-code 0.
...
040 (10252909.5379.000) 07/24 20:26:36 Started transferring input files
	Transferring to host: <188.185.209.138:9618?addrs=188.185.209.138-9618+[2001-1458-303-12--100-7]-9618&alias=b9p12p2156.cern.ch&noUDP&sock=slot1_4_4395_6ccc_146580>
...
040 (10252909.5379.000) 07/24 20:26:36 Finished transferring input files
...
001 (10252909.5379.000) 07/24 20:26:37 Job executing on host: <188.185.209.138:9618?addrs=188.185.209.138-9618+[2001-1458-303-12--100-7]-9618&alias=b9p12p2156.cern.ch&noUDP&sock=startd_3624_574e>
	SlotName: slot1_4@b9p12p2156.cern.ch
	CondorScratchDir = "/pool/condor/dir_1002806"
	Cpus = 8
	Disk = 2649806
	Memory = 16000
...
006 (10252909.5379.000) 07/24 20:26:41 Image size of job updated: 157268
	7  -  MemoryUsage of job (MB)
	7080  -  ResidentSetSize of job (KB)
...
040 (10252909.5379.000) 07/24 20:26:41 Started transferring output files
...
040 (10252909.5379.000) 07/24 20:26:41 Finished transferring output files
...
005 (10252909.5379.000) 07/24 20:26:41 Job terminated.
	(1) Normal termination (return value 0)
		Usr 0 00:00:03, Sys 0 00:00:00  -  Run Remote Usage
		Usr 0 00:00:00, Sys 0 00:00:00  -  Run Local Usage
		Usr 0 00:00:03, Sys 0 00:00:00  -  Total Remote Usage
		Usr 0 00:00:00, Sys 0 00:00:00  -  Total Local Usage
	6204  -  Run Bytes Sent By Job
	409597  -  Run Bytes Received By Job
	6204  -  Total Bytes Sent By Job
	409597  -  Total Bytes Received By Job
	Partitionable Resources :    Usage  Request Allocated 
	   Cpus                 :        0        8         8 
	   Disk (KB)            :      428      425   2649806 
	   Memory (MB)          :        7    16000     16000 

	Job terminated of its own accord at 2024-07-24T18:26:41Z with exit-code 0.
...
000 (10261715.5379.000) 07/25 13:03:27 Job submitted from host: <188.185.114.121:9618?addrs=188.185.114.121-9618+[2001-1458-d00-a--100-273]-9618&alias=bigbird19.cern.ch&noUDP&sock=schedd_4961_696e>
...
009 (10261715.5379.000) 07/25 13:07:03 Job was aborted.
	via condor_rm (by user yelberke)
...
000 (10261767.5379.000) 07/25 13:20:45 Job submitted from host: <188.185.114.121:9618?addrs=188.185.114.121-9618+[2001-1458-d00-a--100-273]-9618&alias=bigbird19.cern.ch&noUDP&sock=schedd_4961_696e>
...
040 (10261767.5379.000) 07/25 14:51:36 Started transferring input files
	Transferring to host: <188.185.196.107:9618?addrs=188.185.196.107-9618+[2001-1458-303-23--100-67]-9618&alias=b9p16p2482.cern.ch&noUDP&sock=slot1_13_3645458_b1ca_3928>
...
040 (10261767.5379.000) 07/25 14:51:36 Finished transferring input files
...
001 (10261767.5379.000) 07/25 14:51:37 Job executing on host: <188.185.196.107:9618?addrs=188.185.196.107-9618+[2001-1458-303-23--100-67]-9618&alias=b9p16p2482.cern.ch&noUDP&sock=startd_166181_ec10>
	SlotName: slot1_13@b9p16p2482.cern.ch
	CondorScratchDir = "/pool/condor/dir_694873"
	Cpus = 12
	Disk = 2904309
	Memory = 24000
...
006 (10261767.5379.000) 07/25 14:51:46 Image size of job updated: 1
	0  -  MemoryUsage of job (MB)
	0  -  ResidentSetSize of job (KB)
...
006 (10261767.5379.000) 07/25 14:52:12 Image size of job updated: 160900
	7  -  MemoryUsage of job (MB)
	6740  -  ResidentSetSize of job (KB)
...
040 (10261767.5379.000) 07/25 14:52:12 Started transferring output files
...
040 (10261767.5379.000) 07/25 14:52:12 Finished transferring output files
...
005 (10261767.5379.000) 07/25 14:52:12 Job terminated.
	(1) Normal termination (return value 0)
		Usr 0 00:00:08, Sys 0 00:00:00  -  Run Remote Usage
		Usr 0 00:00:00, Sys 0 00:00:00  -  Run Local Usage
		Usr 0 00:00:08, Sys 0 00:00:00  -  Total Remote Usage
		Usr 0 00:00:00, Sys 0 00:00:00  -  Total Local Usage
	6676  -  Run Bytes Sent By Job
	409597  -  Run Bytes Received By Job
	6676  -  Total Bytes Sent By Job
	409597  -  Total Bytes Received By Job
	Partitionable Resources :    Usage  Request Allocated 
	   Cpus                 :        0       12        12 
	   Disk (KB)            :      428      425   2904309 
	   Memory (MB)          :        7    24000     24000 

	Job terminated of its own accord at 2024-07-25T12:52:12Z with exit-code 0.
...
000 (10284266.5379.000) 08/02 15:47:15 Job submitted from host: <188.185.114.121:9618?addrs=188.185.114.121-9618+[2001-1458-d00-a--100-273]-9618&alias=bigbird19.cern.ch&noUDP&sock=schedd_4961_696e>
...
000 (10284267.5379.000) 08/02 15:50:14 Job submitted from host: <188.185.114.121:9618?addrs=188.185.114.121-9618+[2001-1458-d00-a--100-273]-9618&alias=bigbird19.cern.ch&noUDP&sock=schedd_4961_696e>
...
009 (10284266.5379.000) 08/02 15:50:40 Job was aborted.
	via condor_rm (by user yelberke)
...
040 (10284267.5379.000) 08/02 17:09:15 Started transferring input files
	Transferring to host: <188.185.196.13:9618?addrs=188.185.196.13-9618+[2001-1458-303-23--100-9]-9618&alias=b9p16p0080.cern.ch&noUDP&sock=slot1_3_411754_b121_580>
...
040 (10284267.5379.000) 08/02 17:09:15 Finished transferring input files
...
001 (10284267.5379.000) 08/02 17:09:16 Job executing on host: <188.185.196.13:9618?addrs=188.185.196.13-9618+[2001-1458-303-23--100-9]-9618&alias=b9p16p0080.cern.ch&noUDP&sock=startd_5873_f7cd>
	SlotName: slot1_3@b9p16p0080.cern.ch
	CondorScratchDir = "/pool/condor/dir_1724257"
	Cpus = 12
	Disk = 3063079
	Memory = 24000
...
006 (10284267.5379.000) 08/02 17:09:18 Image size of job updated: 314588
	2  -  MemoryUsage of job (MB)
	1660  -  ResidentSetSize of job (KB)
...
040 (10284267.5379.000) 08/02 17:09:18 Started transferring output files
...
040 (10284267.5379.000) 08/02 17:09:18 Finished transferring output files
...
005 (10284267.5379.000) 08/02 17:09:18 Job terminated.
	(1) Normal termination (return value 139)
		Usr 0 00:00:02, Sys 0 00:00:00  -  Run Remote Usage
		Usr 0 00:00:00, Sys 0 00:00:00  -  Run Local Usage
		Usr 0 00:00:02, Sys 0 00:00:00  -  Total Remote Usage
		Usr 0 00:00:00, Sys 0 00:00:00  -  Total Local Usage
	7696  -  Run Bytes Sent By Job
	409597  -  Run Bytes Received By Job
	7696  -  Total Bytes Sent By Job
	409597  -  Total Bytes Received By Job
	Partitionable Resources :    Usage  Request Allocated 
	   Cpus                 :        0       12        12 
	   Disk (KB)            :      430      425   3063079 
	   Memory (MB)          :        2    24000     24000 

	Job terminated of its own accord at 2024-08-02T15:09:18Z with exit-code 139.
...
