000 (10252905.538.000) 07/24 16:13:15 Job submitted from host: <188.185.114.121:9618?addrs=188.185.114.121-9618+[2001-1458-d00-a--100-273]-9618&alias=bigbird19.cern.ch&noUDP&sock=schedd_4961_696e>
...
009 (10252905.538.000) 07/24 16:14:45 Job was aborted.
	via condor_rm (by user yelberke)
...
000 (10252906.538.000) 07/24 16:15:36 Job submitted from host: <188.185.114.121:9618?addrs=188.185.114.121-9618+[2001-1458-d00-a--100-273]-9618&alias=bigbird19.cern.ch&noUDP&sock=schedd_4961_696e>
...
000 (10252907.538.000) 07/24 16:17:30 Job submitted from host: <188.185.114.121:9618?addrs=188.185.114.121-9618+[2001-1458-d00-a--100-273]-9618&alias=bigbird19.cern.ch&noUDP&sock=schedd_4961_696e>
...
000 (10252908.538.000) 07/24 16:18:03 Job submitted from host: <188.185.114.121:9618?addrs=188.185.114.121-9618+[2001-1458-d00-a--100-273]-9618&alias=bigbird19.cern.ch&noUDP&sock=schedd_4961_696e>
...
000 (10252909.538.000) 07/24 16:18:39 Job submitted from host: <188.185.114.121:9618?addrs=188.185.114.121-9618+[2001-1458-d00-a--100-273]-9618&alias=bigbird19.cern.ch&noUDP&sock=schedd_4961_696e>
...
000 (10252910.538.000) 07/24 16:19:04 Job submitted from host: <188.185.114.121:9618?addrs=188.185.114.121-9618+[2001-1458-d00-a--100-273]-9618&alias=bigbird19.cern.ch&noUDP&sock=schedd_4961_696e>
...
000 (10252911.538.000) 07/24 16:19:17 Job submitted from host: <188.185.114.121:9618?addrs=188.185.114.121-9618+[2001-1458-d00-a--100-273]-9618&alias=bigbird19.cern.ch&noUDP&sock=schedd_4961_696e>
...
000 (10252912.538.000) 07/24 16:19:30 Job submitted from host: <188.185.114.121:9618?addrs=188.185.114.121-9618+[2001-1458-d00-a--100-273]-9618&alias=bigbird19.cern.ch&noUDP&sock=schedd_4961_696e>
...
000 (10252913.538.000) 07/24 16:19:42 Job submitted from host: <188.185.114.121:9618?addrs=188.185.114.121-9618+[2001-1458-d00-a--100-273]-9618&alias=bigbird19.cern.ch&noUDP&sock=schedd_4961_696e>
...
040 (10252906.538.000) 07/24 16:20:44 Started transferring input files
	Transferring to host: <188.185.209.223:9618?addrs=188.185.209.223-9618+[2001-1458-303-12--100-5c]-9618&alias=b9p12p3371.cern.ch&noUDP&sock=slot1_11_6526_e842_147150>
...
040 (10252906.538.000) 07/24 16:20:44 Finished transferring input files
...
001 (10252906.538.000) 07/24 16:20:45 Job executing on host: <188.185.209.223:9618?addrs=188.185.209.223-9618+[2001-1458-303-12--100-5c]-9618&alias=b9p12p3371.cern.ch&noUDP&sock=startd_5204_16f1>
	SlotName: slot1_11@b9p12p3371.cern.ch
	CondorScratchDir = "/pool/condor/dir_729940"
	Cpus = 8
	Disk = 2588155
	Memory = 16000
...
006 (10252906.538.000) 07/24 16:20:50 Image size of job updated: 164564
	10  -  MemoryUsage of job (MB)
	10216  -  ResidentSetSize of job (KB)
...
040 (10252906.538.000) 07/24 16:20:50 Started transferring output files
...
040 (10252906.538.000) 07/24 16:20:50 Finished transferring output files
...
005 (10252906.538.000) 07/24 16:20:50 Job terminated.
	(1) Normal termination (return value 0)
		Usr 0 00:00:03, Sys 0 00:00:00  -  Run Remote Usage
		Usr 0 00:00:00, Sys 0 00:00:00  -  Run Local Usage
		Usr 0 00:00:03, Sys 0 00:00:00  -  Total Remote Usage
		Usr 0 00:00:00, Sys 0 00:00:00  -  Total Local Usage
	6204  -  Run Bytes Sent By Job
	409597  -  Run Bytes Received By Job
	6204  -  Total Bytes Sent By Job
	409597  -  Total Bytes Received By Job
	Partitionable Resources :    Usage  Request Allocated 
	   Cpus                 :        0        8         8 
	   Disk (KB)            :      428      425   2588155 
	   Memory (MB)          :       10    16000     16000 

	Job terminated of its own accord at 2024-07-24T14:20:50Z with exit-code 0.
...
040 (10252907.538.000) 07/24 17:46:01 Started transferring input files
	Transferring to host: <188.185.194.103:9618?addrs=188.185.194.103-9618+[2001-1458-303-21--100-63]-9618&alias=b9p20p8653.cern.ch&noUDP&sock=slot1_15_184326_1781_25076>
...
040 (10252907.538.000) 07/24 17:46:01 Finished transferring input files
...
001 (10252907.538.000) 07/24 17:46:02 Job executing on host: <188.185.194.103:9618?addrs=188.185.194.103-9618+[2001-1458-303-21--100-63]-9618&alias=b9p20p8653.cern.ch&noUDP&sock=startd_174571_c3a8>
	SlotName: slot1_15@b9p20p8653.cern.ch
	CondorScratchDir = "/pool/condor/dir_2105838"
	Cpus = 8
	Disk = 2858112
	Memory = 16000
...
006 (10252907.538.000) 07/24 17:46:08 Image size of job updated: 164752
	9  -  MemoryUsage of job (MB)
	9124  -  ResidentSetSize of job (KB)
...
040 (10252907.538.000) 07/24 17:46:08 Started transferring output files
...
040 (10252907.538.000) 07/24 17:46:08 Finished transferring output files
...
005 (10252907.538.000) 07/24 17:46:08 Job terminated.
	(1) Normal termination (return value 0)
		Usr 0 00:00:05, Sys 0 00:00:00  -  Run Remote Usage
		Usr 0 00:00:00, Sys 0 00:00:00  -  Run Local Usage
		Usr 0 00:00:05, Sys 0 00:00:00  -  Total Remote Usage
		Usr 0 00:00:00, Sys 0 00:00:00  -  Total Local Usage
	6204  -  Run Bytes Sent By Job
	409597  -  Run Bytes Received By Job
	6204  -  Total Bytes Sent By Job
	409597  -  Total Bytes Received By Job
	Partitionable Resources :    Usage  Request Allocated 
	   Cpus                 :        0        8         8 
	   Disk (KB)            :      428      425   2858112 
	   Memory (MB)          :        9    16000     16000 

	Job terminated of its own accord at 2024-07-24T15:46:08Z with exit-code 0.
...
040 (10252908.538.000) 07/24 18:50:58 Started transferring input files
	Transferring to host: <188.185.204.197:9618?addrs=188.185.204.197-9618+[2001-1458-303-8--100-b9]-9618&alias=b9p02p4569.cern.ch&noUDP&sock=slot1_8_9998_3ed0_27567>
...
040 (10252908.538.000) 07/24 18:50:58 Finished transferring input files
...
001 (10252908.538.000) 07/24 18:50:59 Job executing on host: <188.185.204.197:9618?addrs=188.185.204.197-9618+[2001-1458-303-8--100-b9]-9618&alias=b9p02p4569.cern.ch&noUDP&sock=startd_9040_443d>
	SlotName: slot1_8@b9p02p4569.cern.ch
	CondorScratchDir = "/pool/condor/dir_314383"
	Cpus = 8
	Disk = 2732197
	Memory = 16000
...
006 (10252908.538.000) 07/24 18:51:03 Image size of job updated: 163972
	10  -  MemoryUsage of job (MB)
	9508  -  ResidentSetSize of job (KB)
...
040 (10252908.538.000) 07/24 18:51:03 Started transferring output files
...
040 (10252908.538.000) 07/24 18:51:04 Finished transferring output files
...
005 (10252908.538.000) 07/24 18:51:04 Job terminated.
	(1) Normal termination (return value 0)
		Usr 0 00:00:03, Sys 0 00:00:00  -  Run Remote Usage
		Usr 0 00:00:00, Sys 0 00:00:00  -  Run Local Usage
		Usr 0 00:00:03, Sys 0 00:00:00  -  Total Remote Usage
		Usr 0 00:00:00, Sys 0 00:00:00  -  Total Local Usage
	6204  -  Run Bytes Sent By Job
	409597  -  Run Bytes Received By Job
	6204  -  Total Bytes Sent By Job
	409597  -  Total Bytes Received By Job
	Partitionable Resources :    Usage  Request Allocated 
	   Cpus                 :        0        8         8 
	   Disk (KB)            :      428      425   2732197 
	   Memory (MB)          :       10    16000     16000 

	Job terminated of its own accord at 2024-07-24T16:51:03Z with exit-code 0.
...
040 (10252909.538.000) 07/24 19:51:09 Started transferring input files
	Transferring to host: <188.185.207.36:9618?addrs=188.185.207.36-9618+[2001-1458-303-d--100-21]-9618&alias=b9p07p7288.cern.ch&noUDP&sock=slot1_19_584850_7ba0_77429>
...
040 (10252909.538.000) 07/24 19:51:09 Finished transferring input files
...
001 (10252909.538.000) 07/24 19:51:10 Job executing on host: <188.185.207.36:9618?addrs=188.185.207.36-9618+[2001-1458-303-d--100-21]-9618&alias=b9p07p7288.cern.ch&noUDP&sock=startd_2103159_b81e>
	SlotName: slot1_19@b9p07p7288.cern.ch
	CondorScratchDir = "/pool/condor/dir_980036"
	Cpus = 8
	Disk = 2808678
	Memory = 16000
...
006 (10252909.538.000) 07/24 19:51:14 Image size of job updated: 159844
	8  -  MemoryUsage of job (MB)
	7568  -  ResidentSetSize of job (KB)
...
040 (10252909.538.000) 07/24 19:51:14 Started transferring output files
...
040 (10252909.538.000) 07/24 19:51:14 Finished transferring output files
...
005 (10252909.538.000) 07/24 19:51:14 Job terminated.
	(1) Normal termination (return value 0)
		Usr 0 00:00:03, Sys 0 00:00:00  -  Run Remote Usage
		Usr 0 00:00:00, Sys 0 00:00:00  -  Run Local Usage
		Usr 0 00:00:03, Sys 0 00:00:00  -  Total Remote Usage
		Usr 0 00:00:00, Sys 0 00:00:00  -  Total Local Usage
	6204  -  Run Bytes Sent By Job
	409597  -  Run Bytes Received By Job
	6204  -  Total Bytes Sent By Job
	409597  -  Total Bytes Received By Job
	Partitionable Resources :    Usage  Request Allocated 
	   Cpus                 :        0        8         8 
	   Disk (KB)            :      431      425   2808678 
	   Memory (MB)          :        8    16000     16000 

	Job terminated of its own accord at 2024-07-24T17:51:14Z with exit-code 0.
...
040 (10252910.538.000) 07/24 20:43:59 Started transferring input files
	Transferring to host: <188.185.194.175:9618?addrs=188.185.194.175-9618+[2001-1458-303-21--100-ab]-9618&alias=b9p20p6104.cern.ch&noUDP&sock=slot1_8_137973_35c4_31069>
...
040 (10252910.538.000) 07/24 20:43:59 Finished transferring input files
...
001 (10252910.538.000) 07/24 20:44:00 Job executing on host: <188.185.194.175:9618?addrs=188.185.194.175-9618+[2001-1458-303-21--100-ab]-9618&alias=b9p20p6104.cern.ch&noUDP&sock=startd_128326_8a70>
	SlotName: slot1_8@b9p20p6104.cern.ch
	CondorScratchDir = "/pool/condor/dir_3656477"
	Cpus = 8
	Disk = 3041470
	Memory = 16000
...
006 (10252910.538.000) 07/24 20:44:05 Image size of job updated: 163292
	9  -  MemoryUsage of job (MB)
	9112  -  ResidentSetSize of job (KB)
...
040 (10252910.538.000) 07/24 20:44:05 Started transferring output files
...
040 (10252910.538.000) 07/24 20:44:05 Finished transferring output files
...
005 (10252910.538.000) 07/24 20:44:05 Job terminated.
	(1) Normal termination (return value 0)
		Usr 0 00:00:04, Sys 0 00:00:00  -  Run Remote Usage
		Usr 0 00:00:00, Sys 0 00:00:00  -  Run Local Usage
		Usr 0 00:00:04, Sys 0 00:00:00  -  Total Remote Usage
		Usr 0 00:00:00, Sys 0 00:00:00  -  Total Local Usage
	6201  -  Run Bytes Sent By Job
	409597  -  Run Bytes Received By Job
	6201  -  Total Bytes Sent By Job
	409597  -  Total Bytes Received By Job
	Partitionable Resources :    Usage  Request Allocated 
	   Cpus                 :        0        8         8 
	   Disk (KB)            :      427      425   3041470 
	   Memory (MB)          :        9    16000     16000 

	Job terminated of its own accord at 2024-07-24T18:44:05Z with exit-code 0.
...
040 (10252911.538.000) 07/24 20:56:54 Started transferring input files
	Transferring to host: <188.185.208.139:9618?addrs=188.185.208.139-9618+[2001-1458-303-10--100-8]-9618&alias=b9p10p2979.cern.ch&noUDP&sock=slot1_3_9205_814f_148271>
...
040 (10252911.538.000) 07/24 20:56:54 Finished transferring input files
...
001 (10252911.538.000) 07/24 20:56:55 Job executing on host: <188.185.208.139:9618?addrs=188.185.208.139-9618+[2001-1458-303-10--100-8]-9618&alias=b9p10p2979.cern.ch&noUDP&sock=startd_7858_834b>
	SlotName: slot1_3@b9p10p2979.cern.ch
	CondorScratchDir = "/pool/condor/dir_1916457"
	Cpus = 8
	Disk = 2817396
	Memory = 16000
...
006 (10252911.538.000) 07/24 20:56:59 Image size of job updated: 163148
	9  -  MemoryUsage of job (MB)
	9072  -  ResidentSetSize of job (KB)
...
040 (10252911.538.000) 07/24 20:56:59 Started transferring output files
...
040 (10252911.538.000) 07/24 20:56:59 Finished transferring output files
...
005 (10252911.538.000) 07/24 20:56:59 Job terminated.
	(1) Normal termination (return value 0)
		Usr 0 00:00:03, Sys 0 00:00:00  -  Run Remote Usage
		Usr 0 00:00:00, Sys 0 00:00:00  -  Run Local Usage
		Usr 0 00:00:03, Sys 0 00:00:00  -  Total Remote Usage
		Usr 0 00:00:00, Sys 0 00:00:00  -  Total Local Usage
	6204  -  Run Bytes Sent By Job
	409597  -  Run Bytes Received By Job
	6204  -  Total Bytes Sent By Job
	409597  -  Total Bytes Received By Job
	Partitionable Resources :    Usage  Request Allocated 
	   Cpus                 :        0        8         8 
	   Disk (KB)            :      428      425   2817396 
	   Memory (MB)          :        9    16000     16000 

	Job terminated of its own accord at 2024-07-24T18:56:59Z with exit-code 0.
...
040 (10252912.538.000) 07/24 21:09:51 Started transferring input files
	Transferring to host: <188.185.205.7:9618?addrs=188.185.205.7-9618+[2001-1458-303-9--100-7c]-9618&alias=b9p03p2104.cern.ch&noUDP&sock=slot1_7_5879_0988_156770>
...
040 (10252912.538.000) 07/24 21:09:51 Finished transferring input files
...
001 (10252912.538.000) 07/24 21:09:52 Job executing on host: <188.185.205.7:9618?addrs=188.185.205.7-9618+[2001-1458-303-9--100-7c]-9618&alias=b9p03p2104.cern.ch&noUDP&sock=startd_5433_2a21>
	SlotName: slot1_7@b9p03p2104.cern.ch
	CondorScratchDir = "/pool/condor/dir_1709242"
	Cpus = 8
	Disk = 2819592
	Memory = 16000
...
006 (10252912.538.000) 07/24 21:09:57 Image size of job updated: 163540
	10  -  MemoryUsage of job (MB)
	9528  -  ResidentSetSize of job (KB)
...
040 (10252912.538.000) 07/24 21:09:57 Started transferring output files
...
040 (10252912.538.000) 07/24 21:09:57 Finished transferring output files
...
005 (10252912.538.000) 07/24 21:09:57 Job terminated.
	(1) Normal termination (return value 0)
		Usr 0 00:00:03, Sys 0 00:00:00  -  Run Remote Usage
		Usr 0 00:00:00, Sys 0 00:00:00  -  Run Local Usage
		Usr 0 00:00:03, Sys 0 00:00:00  -  Total Remote Usage
		Usr 0 00:00:00, Sys 0 00:00:00  -  Total Local Usage
	6204  -  Run Bytes Sent By Job
	409597  -  Run Bytes Received By Job
	6204  -  Total Bytes Sent By Job
	409597  -  Total Bytes Received By Job
	Partitionable Resources :    Usage  Request Allocated 
	   Cpus                 :        0        8         8 
	   Disk (KB)            :      428      425   2819592 
	   Memory (MB)          :       10    16000     16000 

	Job terminated of its own accord at 2024-07-24T19:09:57Z with exit-code 0.
...
040 (10252913.538.000) 07/24 21:23:42 Started transferring input files
	Transferring to host: <188.185.209.172:9618?addrs=188.185.209.172-9618+[2001-1458-303-12--100-29]-9618&alias=b9p12p4372.cern.ch&noUDP&sock=slot1_39_13528_731f_24920>
...
040 (10252913.538.000) 07/24 21:23:42 Finished transferring input files
...
001 (10252913.538.000) 07/24 21:23:43 Job executing on host: <188.185.209.172:9618?addrs=188.185.209.172-9618+[2001-1458-303-12--100-29]-9618&alias=b9p12p4372.cern.ch&noUDP&sock=startd_12492_0d2a>
	SlotName: slot1_39@b9p12p4372.cern.ch
	CondorScratchDir = "/pool/condor/dir_1054715"
	Cpus = 8
	Disk = 2750318
	Memory = 16000
...
006 (10252913.538.000) 07/24 21:23:47 Image size of job updated: 160004
	8  -  MemoryUsage of job (MB)
	7808  -  ResidentSetSize of job (KB)
...
040 (10252913.538.000) 07/24 21:23:47 Started transferring output files
...
040 (10252913.538.000) 07/24 21:23:47 Finished transferring output files
...
005 (10252913.538.000) 07/24 21:23:47 Job terminated.
	(1) Normal termination (return value 0)
		Usr 0 00:00:03, Sys 0 00:00:00  -  Run Remote Usage
		Usr 0 00:00:00, Sys 0 00:00:00  -  Run Local Usage
		Usr 0 00:00:03, Sys 0 00:00:00  -  Total Remote Usage
		Usr 0 00:00:00, Sys 0 00:00:00  -  Total Local Usage
	6204  -  Run Bytes Sent By Job
	409597  -  Run Bytes Received By Job
	6204  -  Total Bytes Sent By Job
	409597  -  Total Bytes Received By Job
	Partitionable Resources :    Usage  Request Allocated 
	   Cpus                 :        0        8         8 
	   Disk (KB)            :      428      425   2750318 
	   Memory (MB)          :        8    16000     16000 

	Job terminated of its own accord at 2024-07-24T19:23:47Z with exit-code 0.
...
000 (10261715.538.000) 07/25 13:01:28 Job submitted from host: <188.185.114.121:9618?addrs=188.185.114.121-9618+[2001-1458-d00-a--100-273]-9618&alias=bigbird19.cern.ch&noUDP&sock=schedd_4961_696e>
...
009 (10261715.538.000) 07/25 13:06:39 Job was aborted.
	via condor_rm (by user yelberke)
...
000 (10261767.538.000) 07/25 13:19:59 Job submitted from host: <188.185.114.121:9618?addrs=188.185.114.121-9618+[2001-1458-d00-a--100-273]-9618&alias=bigbird19.cern.ch&noUDP&sock=schedd_4961_696e>
...
040 (10261767.538.000) 07/25 13:47:58 Started transferring input files
	Transferring to host: <188.185.204.241:9618?addrs=188.185.204.241-9618+[2001-1458-303-8--100-6e]-9618&alias=b9p02p9366.cern.ch&noUDP&sock=slot1_35_13373_3cf9_82953>
...
040 (10261767.538.000) 07/25 13:47:58 Finished transferring input files
...
001 (10261767.538.000) 07/25 13:47:59 Job executing on host: <188.185.204.241:9618?addrs=188.185.204.241-9618+[2001-1458-303-8--100-6e]-9618&alias=b9p02p9366.cern.ch&noUDP&sock=startd_12018_ed46>
	SlotName: slot1_35@b9p02p9366.cern.ch
	CondorScratchDir = "/pool/condor/dir_1949541"
	Cpus = 12
	Disk = 2747384
	Memory = 24000
...
006 (10261767.538.000) 07/25 13:48:04 Image size of job updated: 164868
	10  -  MemoryUsage of job (MB)
	9472  -  ResidentSetSize of job (KB)
...
040 (10261767.538.000) 07/25 13:48:04 Started transferring output files
...
040 (10261767.538.000) 07/25 13:48:04 Finished transferring output files
...
005 (10261767.538.000) 07/25 13:48:04 Job terminated.
	(1) Normal termination (return value 0)
		Usr 0 00:00:04, Sys 0 00:00:00  -  Run Remote Usage
		Usr 0 00:00:00, Sys 0 00:00:00  -  Run Local Usage
		Usr 0 00:00:04, Sys 0 00:00:00  -  Total Remote Usage
		Usr 0 00:00:00, Sys 0 00:00:00  -  Total Local Usage
	6204  -  Run Bytes Sent By Job
	409597  -  Run Bytes Received By Job
	6204  -  Total Bytes Sent By Job
	409597  -  Total Bytes Received By Job
	Partitionable Resources :    Usage  Request Allocated 
	   Cpus                 :                12        12 
	   Disk (KB)            :      421      425   2747384 
	   Memory (MB)          :       10    24000     24000 

	Job terminated of its own accord at 2024-07-25T11:48:04Z with exit-code 0.
...
000 (10284266.538.000) 08/02 15:45:08 Job submitted from host: <188.185.114.121:9618?addrs=188.185.114.121-9618+[2001-1458-d00-a--100-273]-9618&alias=bigbird19.cern.ch&noUDP&sock=schedd_4961_696e>
...
009 (10284266.538.000) 08/02 15:49:14 Job was aborted.
	via condor_rm (by user yelberke)
...
000 (10284267.538.000) 08/02 15:49:46 Job submitted from host: <188.185.114.121:9618?addrs=188.185.114.121-9618+[2001-1458-d00-a--100-273]-9618&alias=bigbird19.cern.ch&noUDP&sock=schedd_4961_696e>
...
040 (10284267.538.000) 08/02 16:08:48 Started transferring input files
	Transferring to host: <188.185.208.52:9618?addrs=188.185.208.52-9618+[2001-1458-303-f--100-31]-9618&alias=b9p09p4575.cern.ch&noUDP&sock=slot1_15_128918_24b3_156337>
...
040 (10284267.538.000) 08/02 16:08:48 Finished transferring input files
...
001 (10284267.538.000) 08/02 16:08:49 Job executing on host: <188.185.208.52:9618?addrs=188.185.208.52-9618+[2001-1458-303-f--100-31]-9618&alias=b9p09p4575.cern.ch&noUDP&sock=startd_116323_7b2c>
	SlotName: slot1_15@b9p09p4575.cern.ch
	CondorScratchDir = "/pool/condor/dir_787445"
	Cpus = 12
	Disk = 2777327
	Memory = 24000
...
006 (10284267.538.000) 08/02 16:08:51 Image size of job updated: 325756
	4  -  MemoryUsage of job (MB)
	3332  -  ResidentSetSize of job (KB)
...
040 (10284267.538.000) 08/02 16:08:51 Started transferring output files
...
040 (10284267.538.000) 08/02 16:08:51 Finished transferring output files
...
005 (10284267.538.000) 08/02 16:08:51 Job terminated.
	(1) Normal termination (return value 139)
		Usr 0 00:00:02, Sys 0 00:00:01  -  Run Remote Usage
		Usr 0 00:00:00, Sys 0 00:00:00  -  Run Local Usage
		Usr 0 00:00:02, Sys 0 00:00:01  -  Total Remote Usage
		Usr 0 00:00:00, Sys 0 00:00:00  -  Total Local Usage
	7696  -  Run Bytes Sent By Job
	409597  -  Run Bytes Received By Job
	7696  -  Total Bytes Sent By Job
	409597  -  Total Bytes Received By Job
	Partitionable Resources :    Usage  Request Allocated 
	   Cpus                 :        0       12        12 
	   Disk (KB)            :      429      425   2777327 
	   Memory (MB)          :        4    24000     24000 

	Job terminated of its own accord at 2024-08-02T14:08:51Z with exit-code 139.
...
