000 (10252905.5413.000) 07/24 16:13:22 Job submitted from host: <188.185.114.121:9618?addrs=188.185.114.121-9618+[2001-1458-d00-a--100-273]-9618&alias=bigbird19.cern.ch&noUDP&sock=schedd_4961_696e>
...
009 (10252905.5413.000) 07/24 16:14:52 Job was aborted.
	via condor_rm (by user yelberke)
...
000 (10252906.5413.000) 07/24 16:15:40 Job submitted from host: <188.185.114.121:9618?addrs=188.185.114.121-9618+[2001-1458-d00-a--100-273]-9618&alias=bigbird19.cern.ch&noUDP&sock=schedd_4961_696e>
...
000 (10252907.5413.000) 07/24 16:17:35 Job submitted from host: <188.185.114.121:9618?addrs=188.185.114.121-9618+[2001-1458-d00-a--100-273]-9618&alias=bigbird19.cern.ch&noUDP&sock=schedd_4961_696e>
...
000 (10252908.5413.000) 07/24 16:18:08 Job submitted from host: <188.185.114.121:9618?addrs=188.185.114.121-9618+[2001-1458-d00-a--100-273]-9618&alias=bigbird19.cern.ch&noUDP&sock=schedd_4961_696e>
...
000 (10252909.5413.000) 07/24 16:18:44 Job submitted from host: <188.185.114.121:9618?addrs=188.185.114.121-9618+[2001-1458-d00-a--100-273]-9618&alias=bigbird19.cern.ch&noUDP&sock=schedd_4961_696e>
...
040 (10252906.5413.000) 07/24 17:26:30 Started transferring input files
	Transferring to host: <188.185.194.17:9618?addrs=188.185.194.17-9618+[2001-1458-303-21--100-d]-9618&alias=b9p20p9200.cern.ch&noUDP&sock=slot1_12_2697927_6327_273>
...
040 (10252906.5413.000) 07/24 17:26:30 Finished transferring input files
...
001 (10252906.5413.000) 07/24 17:26:31 Job executing on host: <188.185.194.17:9618?addrs=188.185.194.17-9618+[2001-1458-303-21--100-d]-9618&alias=b9p20p9200.cern.ch&noUDP&sock=startd_128491_b790>
	SlotName: slot1_12@b9p20p9200.cern.ch
	CondorScratchDir = "/pool/condor/dir_2917758"
	Cpus = 8
	Disk = 3040604
	Memory = 16000
...
006 (10252906.5413.000) 07/24 17:26:37 Image size of job updated: 161652
	10  -  MemoryUsage of job (MB)
	9380  -  ResidentSetSize of job (KB)
...
040 (10252906.5413.000) 07/24 17:26:49 Started transferring output files
...
040 (10252906.5413.000) 07/24 17:26:56 Finished transferring output files
...
005 (10252906.5413.000) 07/24 17:27:04 Job terminated.
	(1) Normal termination (return value 0)
		Usr 0 00:00:04, Sys 0 00:00:00  -  Run Remote Usage
		Usr 0 00:00:00, Sys 0 00:00:00  -  Run Local Usage
		Usr 0 00:00:04, Sys 0 00:00:00  -  Total Remote Usage
		Usr 0 00:00:00, Sys 0 00:00:00  -  Total Local Usage
	6201  -  Run Bytes Sent By Job
	409597  -  Run Bytes Received By Job
	6201  -  Total Bytes Sent By Job
	409597  -  Total Bytes Received By Job
	Partitionable Resources :    Usage  Request Allocated 
	   Cpus                 :                 8         8 
	   Disk (KB)            :      420      425   3040604 
	   Memory (MB)          :       10    16000     16000 

	Job terminated of its own accord at 2024-07-24T15:26:37Z with exit-code 0.
...
040 (10252907.5413.000) 07/24 18:25:46 Started transferring input files
	Transferring to host: <188.185.209.7:9618?addrs=188.185.209.7-9618+[2001-1458-303-11--100-4]-9618&alias=b9p11p5611.cern.ch&noUDP&sock=slot1_13_4066_9d5e_144324>
...
040 (10252907.5413.000) 07/24 18:25:46 Finished transferring input files
...
001 (10252907.5413.000) 07/24 18:25:48 Job executing on host: <188.185.209.7:9618?addrs=188.185.209.7-9618+[2001-1458-303-11--100-4]-9618&alias=b9p11p5611.cern.ch&noUDP&sock=startd_3619_e955>
	SlotName: slot1_13@b9p11p5611.cern.ch
	CondorScratchDir = "/pool/condor/dir_3896662"
	Cpus = 8
	Disk = 2651911
	Memory = 16000
...
006 (10252907.5413.000) 07/24 18:25:53 Image size of job updated: 158504
	7  -  MemoryUsage of job (MB)
	7104  -  ResidentSetSize of job (KB)
...
040 (10252907.5413.000) 07/24 18:25:53 Started transferring output files
...
040 (10252907.5413.000) 07/24 18:25:53 Finished transferring output files
...
005 (10252907.5413.000) 07/24 18:25:53 Job terminated.
	(1) Normal termination (return value 0)
		Usr 0 00:00:04, Sys 0 00:00:00  -  Run Remote Usage
		Usr 0 00:00:00, Sys 0 00:00:00  -  Run Local Usage
		Usr 0 00:00:04, Sys 0 00:00:00  -  Total Remote Usage
		Usr 0 00:00:00, Sys 0 00:00:00  -  Total Local Usage
	6204  -  Run Bytes Sent By Job
	409597  -  Run Bytes Received By Job
	6204  -  Total Bytes Sent By Job
	409597  -  Total Bytes Received By Job
	Partitionable Resources :    Usage  Request Allocated 
	   Cpus                 :        0        8         8 
	   Disk (KB)            :      428      425   2651911 
	   Memory (MB)          :        7    16000     16000 

	Job terminated of its own accord at 2024-07-24T16:25:53Z with exit-code 0.
...
040 (10252908.5413.000) 07/24 19:32:03 Started transferring input files
	Transferring to host: <188.185.208.13:9618?addrs=188.185.208.13-9618+[2001-1458-303-f--100-a]-9618&alias=b9p09p5474.cern.ch&noUDP&sock=slot1_7_6407_0f9e_146333>
...
040 (10252908.5413.000) 07/24 19:32:03 Finished transferring input files
...
001 (10252908.5413.000) 07/24 19:32:04 Job executing on host: <188.185.208.13:9618?addrs=188.185.208.13-9618+[2001-1458-303-f--100-a]-9618&alias=b9p09p5474.cern.ch&noUDP&sock=startd_5169_1521>
	SlotName: slot1_7@b9p09p5474.cern.ch
	CondorScratchDir = "/pool/condor/dir_2208642"
	Cpus = 8
	Disk = 2797791
	Memory = 16000
...
006 (10252908.5413.000) 07/24 19:32:09 Image size of job updated: 160224
	8  -  MemoryUsage of job (MB)
	7356  -  ResidentSetSize of job (KB)
...
040 (10252908.5413.000) 07/24 19:32:09 Started transferring output files
...
040 (10252908.5413.000) 07/24 19:32:09 Finished transferring output files
...
005 (10252908.5413.000) 07/24 19:32:09 Job terminated.
	(1) Normal termination (return value 0)
		Usr 0 00:00:03, Sys 0 00:00:00  -  Run Remote Usage
		Usr 0 00:00:00, Sys 0 00:00:00  -  Run Local Usage
		Usr 0 00:00:03, Sys 0 00:00:00  -  Total Remote Usage
		Usr 0 00:00:00, Sys 0 00:00:00  -  Total Local Usage
	6204  -  Run Bytes Sent By Job
	409597  -  Run Bytes Received By Job
	6204  -  Total Bytes Sent By Job
	409597  -  Total Bytes Received By Job
	Partitionable Resources :    Usage  Request Allocated 
	   Cpus                 :        0        8         8 
	   Disk (KB)            :      427      425   2797791 
	   Memory (MB)          :        8    16000     16000 

	Job terminated of its own accord at 2024-07-24T17:32:09Z with exit-code 0.
...
040 (10252909.5413.000) 07/24 20:26:47 Started transferring input files
	Transferring to host: <188.185.205.206:9618?addrs=188.185.205.206-9618&alias=b9p04p2719.cern.ch&noUDP&sock=slot1_14_4129_0101_155972>
...
040 (10252909.5413.000) 07/24 20:26:47 Finished transferring input files
...
001 (10252909.5413.000) 07/24 20:26:48 Job executing on host: <188.185.205.206:9618?addrs=188.185.205.206-9618&alias=b9p04p2719.cern.ch&noUDP&sock=startd_3707_45ab>
	SlotName: slot1_14@b9p04p2719.cern.ch
	CondorScratchDir = "/pool/condor/dir_2219760"
	Cpus = 8
	Disk = 2819954
	Memory = 16000
...
006 (10252909.5413.000) 07/24 20:26:52 Image size of job updated: 160188
	9  -  MemoryUsage of job (MB)
	8284  -  ResidentSetSize of job (KB)
...
040 (10252909.5413.000) 07/24 20:26:52 Started transferring output files
...
040 (10252909.5413.000) 07/24 20:26:52 Finished transferring output files
...
005 (10252909.5413.000) 07/24 20:26:52 Job terminated.
	(1) Normal termination (return value 0)
		Usr 0 00:00:03, Sys 0 00:00:00  -  Run Remote Usage
		Usr 0 00:00:00, Sys 0 00:00:00  -  Run Local Usage
		Usr 0 00:00:03, Sys 0 00:00:00  -  Total Remote Usage
		Usr 0 00:00:00, Sys 0 00:00:00  -  Total Local Usage
	6204  -  Run Bytes Sent By Job
	409597  -  Run Bytes Received By Job
	6204  -  Total Bytes Sent By Job
	409597  -  Total Bytes Received By Job
	Partitionable Resources :    Usage  Request Allocated 
	   Cpus                 :        0        8         8 
	   Disk (KB)            :      427      425   2819954 
	   Memory (MB)          :        9    16000     16000 

	Job terminated of its own accord at 2024-07-24T18:26:52Z with exit-code 0.
...
000 (10261715.5413.000) 07/25 13:03:28 Job submitted from host: <188.185.114.121:9618?addrs=188.185.114.121-9618+[2001-1458-d00-a--100-273]-9618&alias=bigbird19.cern.ch&noUDP&sock=schedd_4961_696e>
...
009 (10261715.5413.000) 07/25 13:07:04 Job was aborted.
	via condor_rm (by user yelberke)
...
000 (10261767.5413.000) 07/25 13:20:45 Job submitted from host: <188.185.114.121:9618?addrs=188.185.114.121-9618+[2001-1458-d00-a--100-273]-9618&alias=bigbird19.cern.ch&noUDP&sock=schedd_4961_696e>
...
040 (10261767.5413.000) 07/25 14:51:58 Started transferring input files
	Transferring to host: <188.185.209.69:9618?addrs=188.185.209.69-9618+[2001-1458-303-11--100-42]-9618&alias=b9p11p5306.cern.ch&noUDP&sock=slot1_5_8128_a944_144428>
...
040 (10261767.5413.000) 07/25 14:51:58 Finished transferring input files
...
001 (10261767.5413.000) 07/25 14:51:59 Job executing on host: <188.185.209.69:9618?addrs=188.185.209.69-9618+[2001-1458-303-11--100-42]-9618&alias=b9p11p5306.cern.ch&noUDP&sock=startd_6370_de5f>
	SlotName: slot1_5@b9p11p5306.cern.ch
	CondorScratchDir = "/pool/condor/dir_1097676"
	Cpus = 12
	Disk = 2676745
	Memory = 24000
...
006 (10261767.5413.000) 07/25 14:52:03 Image size of job updated: 162864
	8  -  MemoryUsage of job (MB)
	7528  -  ResidentSetSize of job (KB)
...
040 (10261767.5413.000) 07/25 14:52:03 Started transferring output files
...
040 (10261767.5413.000) 07/25 14:52:03 Finished transferring output files
...
005 (10261767.5413.000) 07/25 14:52:03 Job terminated.
	(1) Normal termination (return value 0)
		Usr 0 00:00:03, Sys 0 00:00:00  -  Run Remote Usage
		Usr 0 00:00:00, Sys 0 00:00:00  -  Run Local Usage
		Usr 0 00:00:03, Sys 0 00:00:00  -  Total Remote Usage
		Usr 0 00:00:00, Sys 0 00:00:00  -  Total Local Usage
	6676  -  Run Bytes Sent By Job
	409597  -  Run Bytes Received By Job
	6676  -  Total Bytes Sent By Job
	409597  -  Total Bytes Received By Job
	Partitionable Resources :    Usage  Request Allocated 
	   Cpus                 :        0       12        12 
	   Disk (KB)            :      429      425   2676745 
	   Memory (MB)          :        8    24000     24000 

	Job terminated of its own accord at 2024-07-25T12:52:03Z with exit-code 0.
...
000 (10284266.5413.000) 08/02 15:47:16 Job submitted from host: <188.185.114.121:9618?addrs=188.185.114.121-9618+[2001-1458-d00-a--100-273]-9618&alias=bigbird19.cern.ch&noUDP&sock=schedd_4961_696e>
...
000 (10284267.5413.000) 08/02 15:50:14 Job submitted from host: <188.185.114.121:9618?addrs=188.185.114.121-9618+[2001-1458-d00-a--100-273]-9618&alias=bigbird19.cern.ch&noUDP&sock=schedd_4961_696e>
...
009 (10284266.5413.000) 08/02 15:50:40 Job was aborted.
	via condor_rm (by user yelberke)
...
040 (10284267.5413.000) 08/02 17:09:28 Started transferring input files
	Transferring to host: <188.185.196.13:9618?addrs=188.185.196.13-9618+[2001-1458-303-23--100-9]-9618&alias=b9p16p0080.cern.ch&noUDP&sock=slot1_5_411754_b121_581>
...
040 (10284267.5413.000) 08/02 17:09:28 Finished transferring input files
...
001 (10284267.5413.000) 08/02 17:09:29 Job executing on host: <188.185.196.13:9618?addrs=188.185.196.13-9618+[2001-1458-303-23--100-9]-9618&alias=b9p16p0080.cern.ch&noUDP&sock=startd_5873_f7cd>
	SlotName: slot1_5@b9p16p0080.cern.ch
	CondorScratchDir = "/pool/condor/dir_1724678"
	Cpus = 12
	Disk = 3062814
	Memory = 24000
...
006 (10284267.5413.000) 08/02 17:09:31 Image size of job updated: 315344
	3  -  MemoryUsage of job (MB)
	2200  -  ResidentSetSize of job (KB)
...
040 (10284267.5413.000) 08/02 17:09:31 Started transferring output files
...
040 (10284267.5413.000) 08/02 17:09:31 Finished transferring output files
...
005 (10284267.5413.000) 08/02 17:09:31 Job terminated.
	(1) Normal termination (return value 139)
		Usr 0 00:00:02, Sys 0 00:00:00  -  Run Remote Usage
		Usr 0 00:00:00, Sys 0 00:00:00  -  Run Local Usage
		Usr 0 00:00:02, Sys 0 00:00:00  -  Total Remote Usage
		Usr 0 00:00:00, Sys 0 00:00:00  -  Total Local Usage
	7696  -  Run Bytes Sent By Job
	409597  -  Run Bytes Received By Job
	7696  -  Total Bytes Sent By Job
	409597  -  Total Bytes Received By Job
	Partitionable Resources :    Usage  Request Allocated 
	   Cpus                 :        0       12        12 
	   Disk (KB)            :      429      425   3062814 
	   Memory (MB)          :        3    24000     24000 

	Job terminated of its own accord at 2024-08-02T15:09:31Z with exit-code 139.
...
