000 (10252905.5477.000) 07/24 16:13:22 Job submitted from host: <188.185.114.121:9618?addrs=188.185.114.121-9618+[2001-1458-d00-a--100-273]-9618&alias=bigbird19.cern.ch&noUDP&sock=schedd_4961_696e>
...
009 (10252905.5477.000) 07/24 16:14:52 Job was aborted.
	via condor_rm (by user yelberke)
...
000 (10252906.5477.000) 07/24 16:15:40 Job submitted from host: <188.185.114.121:9618?addrs=188.185.114.121-9618+[2001-1458-d00-a--100-273]-9618&alias=bigbird19.cern.ch&noUDP&sock=schedd_4961_696e>
...
000 (10252907.5477.000) 07/24 16:17:35 Job submitted from host: <188.185.114.121:9618?addrs=188.185.114.121-9618+[2001-1458-d00-a--100-273]-9618&alias=bigbird19.cern.ch&noUDP&sock=schedd_4961_696e>
...
000 (10252908.5477.000) 07/24 16:18:08 Job submitted from host: <188.185.114.121:9618?addrs=188.185.114.121-9618+[2001-1458-d00-a--100-273]-9618&alias=bigbird19.cern.ch&noUDP&sock=schedd_4961_696e>
...
000 (10252909.5477.000) 07/24 16:18:44 Job submitted from host: <188.185.114.121:9618?addrs=188.185.114.121-9618+[2001-1458-d00-a--100-273]-9618&alias=bigbird19.cern.ch&noUDP&sock=schedd_4961_696e>
...
040 (10252906.5477.000) 07/24 17:27:14 Started transferring input files
	Transferring to host: <188.185.192.68:9618?addrs=188.185.192.68-9618+[2001-1458-303-1f--100-40]-9618&alias=b9p13p8682.cern.ch&noUDP&sock=slot1_7_613895_501d_5326>
...
040 (10252906.5477.000) 07/24 17:27:14 Finished transferring input files
...
001 (10252906.5477.000) 07/24 17:27:15 Job executing on host: <188.185.192.68:9618?addrs=188.185.192.68-9618+[2001-1458-303-1f--100-40]-9618&alias=b9p13p8682.cern.ch&noUDP&sock=startd_128519_ec37>
	SlotName: slot1_7@b9p13p8682.cern.ch
	CondorScratchDir = "/pool/condor/dir_2360379"
	Cpus = 8
	Disk = 2893637
	Memory = 16000
...
006 (10252906.5477.000) 07/24 17:27:23 Image size of job updated: 478620
	468  -  MemoryUsage of job (MB)
	478616  -  ResidentSetSize of job (KB)
...
006 (10252906.5477.000) 07/24 17:27:26 Image size of job updated: 490240
	468  -  MemoryUsage of job (MB)
	478616  -  ResidentSetSize of job (KB)
...
040 (10252906.5477.000) 07/24 17:27:26 Started transferring output files
...
040 (10252906.5477.000) 07/24 17:27:26 Finished transferring output files
...
005 (10252906.5477.000) 07/24 17:27:26 Job terminated.
	(1) Normal termination (return value 0)
		Usr 0 00:00:08, Sys 0 00:00:00  -  Run Remote Usage
		Usr 0 00:00:00, Sys 0 00:00:00  -  Run Local Usage
		Usr 0 00:00:08, Sys 0 00:00:00  -  Total Remote Usage
		Usr 0 00:00:00, Sys 0 00:00:00  -  Total Local Usage
	6201  -  Run Bytes Sent By Job
	409597  -  Run Bytes Received By Job
	6201  -  Total Bytes Sent By Job
	409597  -  Total Bytes Received By Job
	Partitionable Resources :    Usage  Request Allocated 
	   Cpus                 :        0        8         8 
	   Disk (KB)            :      427      425   2893637 
	   Memory (MB)          :      468    16000     16000 

	Job terminated of its own accord at 2024-07-24T15:27:26Z with exit-code 0.
...
040 (10252907.5477.000) 07/24 18:26:08 Started transferring input files
	Transferring to host: <188.185.205.143:9618?addrs=188.185.205.143-9618+[2001-1458-303-a--100-c]-9618&alias=b9p04p4993.cern.ch&noUDP&sock=slot1_6_5957_fecb_80945>
...
040 (10252907.5477.000) 07/24 18:26:08 Finished transferring input files
...
001 (10252907.5477.000) 07/24 18:26:09 Job executing on host: <188.185.205.143:9618?addrs=188.185.205.143-9618+[2001-1458-303-a--100-c]-9618&alias=b9p04p4993.cern.ch&noUDP&sock=startd_4934_e45f>
	SlotName: slot1_6@b9p04p4993.cern.ch
	CondorScratchDir = "/pool/condor/dir_1551991"
	Cpus = 8
	Disk = 2743900
	Memory = 16000
...
006 (10252907.5477.000) 07/24 18:26:13 Image size of job updated: 157576
	7  -  MemoryUsage of job (MB)
	7012  -  ResidentSetSize of job (KB)
...
040 (10252907.5477.000) 07/24 18:26:13 Started transferring output files
...
040 (10252907.5477.000) 07/24 18:26:13 Finished transferring output files
...
005 (10252907.5477.000) 07/24 18:26:13 Job terminated.
	(1) Normal termination (return value 0)
		Usr 0 00:00:03, Sys 0 00:00:00  -  Run Remote Usage
		Usr 0 00:00:00, Sys 0 00:00:00  -  Run Local Usage
		Usr 0 00:00:03, Sys 0 00:00:00  -  Total Remote Usage
		Usr 0 00:00:00, Sys 0 00:00:00  -  Total Local Usage
	6204  -  Run Bytes Sent By Job
	409597  -  Run Bytes Received By Job
	6204  -  Total Bytes Sent By Job
	409597  -  Total Bytes Received By Job
	Partitionable Resources :    Usage  Request Allocated 
	   Cpus                 :        0        8         8 
	   Disk (KB)            :      430      425   2743900 
	   Memory (MB)          :        7    16000     16000 

	Job terminated of its own accord at 2024-07-24T16:26:13Z with exit-code 0.
...
040 (10252908.5477.000) 07/24 19:32:24 Started transferring input files
	Transferring to host: <188.185.205.58:9618?addrs=188.185.205.58-9618+[2001-1458-303-9--100-ae]-9618&alias=b9p03p9210.cern.ch&noUDP&sock=slot1_6_7418_66e7_156494>
...
040 (10252908.5477.000) 07/24 19:32:24 Finished transferring input files
...
001 (10252908.5477.000) 07/24 19:32:25 Job executing on host: <188.185.205.58:9618?addrs=188.185.205.58-9618+[2001-1458-303-9--100-ae]-9618&alias=b9p03p9210.cern.ch&noUDP&sock=startd_7350_112f>
	SlotName: slot1_6@b9p03p9210.cern.ch
	CondorScratchDir = "/pool/condor/dir_2916719"
	Cpus = 8
	Disk = 2880354
	Memory = 16000
...
006 (10252908.5477.000) 07/24 19:32:29 Image size of job updated: 157328
	7  -  MemoryUsage of job (MB)
	6980  -  ResidentSetSize of job (KB)
...
040 (10252908.5477.000) 07/24 19:32:29 Started transferring output files
...
040 (10252908.5477.000) 07/24 19:32:29 Finished transferring output files
...
005 (10252908.5477.000) 07/24 19:32:29 Job terminated.
	(1) Normal termination (return value 0)
		Usr 0 00:00:03, Sys 0 00:00:00  -  Run Remote Usage
		Usr 0 00:00:00, Sys 0 00:00:00  -  Run Local Usage
		Usr 0 00:00:03, Sys 0 00:00:00  -  Total Remote Usage
		Usr 0 00:00:00, Sys 0 00:00:00  -  Total Local Usage
	6204  -  Run Bytes Sent By Job
	409597  -  Run Bytes Received By Job
	6204  -  Total Bytes Sent By Job
	409597  -  Total Bytes Received By Job
	Partitionable Resources :    Usage  Request Allocated 
	   Cpus                 :        0        8         8 
	   Disk (KB)            :      427      425   2880354 
	   Memory (MB)          :        7    16000     16000 

	Job terminated of its own accord at 2024-07-24T17:32:29Z with exit-code 0.
...
040 (10252909.5477.000) 07/24 20:27:09 Started transferring input files
	Transferring to host: <188.185.207.181:9618?addrs=188.185.207.181-9618+[2001-1458-303-e--100-32]-9618&alias=b9p08p7128.cern.ch&noUDP&sock=slot1_2_7257_f680_142250>
...
040 (10252909.5477.000) 07/24 20:27:09 Finished transferring input files
...
001 (10252909.5477.000) 07/24 20:27:10 Job executing on host: <188.185.207.181:9618?addrs=188.185.207.181-9618+[2001-1458-303-e--100-32]-9618&alias=b9p08p7128.cern.ch&noUDP&sock=startd_5721_b568>
	SlotName: slot1_2@b9p08p7128.cern.ch
	CondorScratchDir = "/pool/condor/dir_2710494"
	Cpus = 8
	Disk = 2953589
	Memory = 16000
...
006 (10252909.5477.000) 07/24 20:27:15 Image size of job updated: 164496
	12  -  MemoryUsage of job (MB)
	11328  -  ResidentSetSize of job (KB)
...
040 (10252909.5477.000) 07/24 20:27:15 Started transferring output files
...
040 (10252909.5477.000) 07/24 20:27:15 Finished transferring output files
...
005 (10252909.5477.000) 07/24 20:27:15 Job terminated.
	(1) Normal termination (return value 0)
		Usr 0 00:00:03, Sys 0 00:00:00  -  Run Remote Usage
		Usr 0 00:00:00, Sys 0 00:00:00  -  Run Local Usage
		Usr 0 00:00:03, Sys 0 00:00:00  -  Total Remote Usage
		Usr 0 00:00:00, Sys 0 00:00:00  -  Total Local Usage
	6204  -  Run Bytes Sent By Job
	409597  -  Run Bytes Received By Job
	6204  -  Total Bytes Sent By Job
	409597  -  Total Bytes Received By Job
	Partitionable Resources :    Usage  Request Allocated 
	   Cpus                 :        0        8         8 
	   Disk (KB)            :      427      425   2953589 
	   Memory (MB)          :       12    16000     16000 

	Job terminated of its own accord at 2024-07-24T18:27:15Z with exit-code 0.
...
000 (10261715.5477.000) 07/25 13:03:28 Job submitted from host: <188.185.114.121:9618?addrs=188.185.114.121-9618+[2001-1458-d00-a--100-273]-9618&alias=bigbird19.cern.ch&noUDP&sock=schedd_4961_696e>
...
009 (10261715.5477.000) 07/25 13:07:04 Job was aborted.
	via condor_rm (by user yelberke)
...
000 (10261767.5477.000) 07/25 13:20:46 Job submitted from host: <188.185.114.121:9618?addrs=188.185.114.121-9618+[2001-1458-d00-a--100-273]-9618&alias=bigbird19.cern.ch&noUDP&sock=schedd_4961_696e>
...
040 (10261767.5477.000) 07/25 14:52:17 Started transferring input files
	Transferring to host: <188.185.209.147:9618?addrs=188.185.209.147-9618+[2001-1458-303-12--100-10]-9618&alias=b9p12p6312.cern.ch&noUDP&sock=slot1_12_125263_dd7f_146455>
...
040 (10261767.5477.000) 07/25 14:52:17 Finished transferring input files
...
001 (10261767.5477.000) 07/25 14:52:18 Job executing on host: <188.185.209.147:9618?addrs=188.185.209.147-9618+[2001-1458-303-12--100-10]-9618&alias=b9p12p6312.cern.ch&noUDP&sock=startd_115713_1266>
	SlotName: slot1_12@b9p12p6312.cern.ch
	CondorScratchDir = "/pool/condor/dir_950058"
	Cpus = 12
	Disk = 2602169
	Memory = 24000
...
006 (10261767.5477.000) 07/25 14:52:24 Image size of job updated: 160660
	7  -  MemoryUsage of job (MB)
	6600  -  ResidentSetSize of job (KB)
...
040 (10261767.5477.000) 07/25 14:52:24 Started transferring output files
...
040 (10261767.5477.000) 07/25 14:52:24 Finished transferring output files
...
005 (10261767.5477.000) 07/25 14:52:24 Job terminated.
	(1) Normal termination (return value 0)
		Usr 0 00:00:04, Sys 0 00:00:00  -  Run Remote Usage
		Usr 0 00:00:00, Sys 0 00:00:00  -  Run Local Usage
		Usr 0 00:00:04, Sys 0 00:00:00  -  Total Remote Usage
		Usr 0 00:00:00, Sys 0 00:00:00  -  Total Local Usage
	6676  -  Run Bytes Sent By Job
	409597  -  Run Bytes Received By Job
	6676  -  Total Bytes Sent By Job
	409597  -  Total Bytes Received By Job
	Partitionable Resources :    Usage  Request Allocated 
	   Cpus                 :        0       12        12 
	   Disk (KB)            :      429      425   2602169 
	   Memory (MB)          :        7    24000     24000 

	Job terminated of its own accord at 2024-07-25T12:52:24Z with exit-code 0.
...
000 (10284266.5477.000) 08/02 15:47:18 Job submitted from host: <188.185.114.121:9618?addrs=188.185.114.121-9618+[2001-1458-d00-a--100-273]-9618&alias=bigbird19.cern.ch&noUDP&sock=schedd_4961_696e>
...
000 (10284267.5477.000) 08/02 15:50:14 Job submitted from host: <188.185.114.121:9618?addrs=188.185.114.121-9618+[2001-1458-d00-a--100-273]-9618&alias=bigbird19.cern.ch&noUDP&sock=schedd_4961_696e>
...
009 (10284266.5477.000) 08/02 15:50:41 Job was aborted.
	via condor_rm (by user yelberke)
...
040 (10284267.5477.000) 08/02 17:09:47 Started transferring input files
	Transferring to host: <188.185.209.204:9618?addrs=188.185.209.204-9618+[2001-1458-303-12--100-49]-9618&alias=b9p12p0289.cern.ch&noUDP&sock=slot1_3_133009_9f7a_152890>
...
040 (10284267.5477.000) 08/02 17:09:47 Finished transferring input files
...
001 (10284267.5477.000) 08/02 17:09:48 Job executing on host: <188.185.209.204:9618?addrs=188.185.209.204-9618+[2001-1458-303-12--100-49]-9618&alias=b9p12p0289.cern.ch&noUDP&sock=startd_118299_da50>
	SlotName: slot1_3@b9p12p0289.cern.ch
	CondorScratchDir = "/pool/condor/dir_1198081"
	Cpus = 12
	Disk = 2535494
	Memory = 24000
...
006 (10284267.5477.000) 08/02 17:09:50 Image size of job updated: 327392
	7  -  MemoryUsage of job (MB)
	6508  -  ResidentSetSize of job (KB)
...
040 (10284267.5477.000) 08/02 17:09:50 Started transferring output files
...
040 (10284267.5477.000) 08/02 17:09:50 Finished transferring output files
...
005 (10284267.5477.000) 08/02 17:09:50 Job terminated.
	(1) Normal termination (return value 139)
		Usr 0 00:00:01, Sys 0 00:00:00  -  Run Remote Usage
		Usr 0 00:00:00, Sys 0 00:00:00  -  Run Local Usage
		Usr 0 00:00:01, Sys 0 00:00:00  -  Total Remote Usage
		Usr 0 00:00:00, Sys 0 00:00:00  -  Total Local Usage
	7696  -  Run Bytes Sent By Job
	409597  -  Run Bytes Received By Job
	7696  -  Total Bytes Sent By Job
	409597  -  Total Bytes Received By Job
	Partitionable Resources :    Usage  Request Allocated 
	   Cpus                 :        0       12        12 
	   Disk (KB)            :      429      425   2535494 
	   Memory (MB)          :        7    24000     24000 

	Job terminated of its own accord at 2024-08-02T15:09:50Z with exit-code 139.
...
