000 (10252905.5496.000) 07/24 16:13:22 Job submitted from host: <188.185.114.121:9618?addrs=188.185.114.121-9618+[2001-1458-d00-a--100-273]-9618&alias=bigbird19.cern.ch&noUDP&sock=schedd_4961_696e>
...
009 (10252905.5496.000) 07/24 16:14:52 Job was aborted.
	via condor_rm (by user yelberke)
...
000 (10252906.5496.000) 07/24 16:15:40 Job submitted from host: <188.185.114.121:9618?addrs=188.185.114.121-9618+[2001-1458-d00-a--100-273]-9618&alias=bigbird19.cern.ch&noUDP&sock=schedd_4961_696e>
...
000 (10252907.5496.000) 07/24 16:17:35 Job submitted from host: <188.185.114.121:9618?addrs=188.185.114.121-9618+[2001-1458-d00-a--100-273]-9618&alias=bigbird19.cern.ch&noUDP&sock=schedd_4961_696e>
...
000 (10252908.5496.000) 07/24 16:18:08 Job submitted from host: <188.185.114.121:9618?addrs=188.185.114.121-9618+[2001-1458-d00-a--100-273]-9618&alias=bigbird19.cern.ch&noUDP&sock=schedd_4961_696e>
...
000 (10252909.5496.000) 07/24 16:18:44 Job submitted from host: <188.185.114.121:9618?addrs=188.185.114.121-9618+[2001-1458-d00-a--100-273]-9618&alias=bigbird19.cern.ch&noUDP&sock=schedd_4961_696e>
...
040 (10252906.5496.000) 07/24 17:27:22 Started transferring input files
	Transferring to host: <188.185.206.196:9618?addrs=188.185.206.196-9618+[2001-1458-303-c--100-41]-9618&alias=b9p06p3703.cern.ch&noUDP&sock=slot1_3_7418_66e7_156128>
...
040 (10252906.5496.000) 07/24 17:27:22 Finished transferring input files
...
001 (10252906.5496.000) 07/24 17:27:23 Job executing on host: <188.185.206.196:9618?addrs=188.185.206.196-9618+[2001-1458-303-c--100-41]-9618&alias=b9p06p3703.cern.ch&noUDP&sock=startd_7349_6197>
	SlotName: slot1_3@b9p06p3703.cern.ch
	CondorScratchDir = "/pool/condor/dir_1379962"
	Cpus = 8
	Disk = 2703188
	Memory = 16000
...
006 (10252906.5496.000) 07/24 17:27:29 Image size of job updated: 357200
	201  -  MemoryUsage of job (MB)
	204996  -  ResidentSetSize of job (KB)
...
040 (10252906.5496.000) 07/24 17:27:29 Started transferring output files
...
040 (10252906.5496.000) 07/24 17:27:29 Finished transferring output files
...
005 (10252906.5496.000) 07/24 17:27:29 Job terminated.
	(1) Normal termination (return value 0)
		Usr 0 00:00:04, Sys 0 00:00:00  -  Run Remote Usage
		Usr 0 00:00:00, Sys 0 00:00:00  -  Run Local Usage
		Usr 0 00:00:04, Sys 0 00:00:00  -  Total Remote Usage
		Usr 0 00:00:00, Sys 0 00:00:00  -  Total Local Usage
	6201  -  Run Bytes Sent By Job
	409597  -  Run Bytes Received By Job
	6201  -  Total Bytes Sent By Job
	409597  -  Total Bytes Received By Job
	Partitionable Resources :    Usage  Request Allocated 
	   Cpus                 :        0        8         8 
	   Disk (KB)            :      427      425   2703188 
	   Memory (MB)          :      201    16000     16000 

	Job terminated of its own accord at 2024-07-24T15:27:29Z with exit-code 0.
...
040 (10252907.5496.000) 07/24 18:26:15 Started transferring input files
	Transferring to host: <188.185.205.216:9618?addrs=188.185.205.216-9618&alias=b9p04p2069.cern.ch&noUDP&sock=slot1_10_5007_a265_154884>
...
040 (10252907.5496.000) 07/24 18:26:15 Finished transferring input files
...
001 (10252907.5496.000) 07/24 18:26:16 Job executing on host: <188.185.205.216:9618?addrs=188.185.205.216-9618&alias=b9p04p2069.cern.ch&noUDP&sock=startd_4543_b2d7>
	SlotName: slot1_10@b9p04p2069.cern.ch
	CondorScratchDir = "/pool/condor/dir_4148528"
	Cpus = 8
	Disk = 2684882
	Memory = 16000
...
006 (10252907.5496.000) 07/24 18:26:20 Image size of job updated: 157132
	7  -  MemoryUsage of job (MB)
	6520  -  ResidentSetSize of job (KB)
...
040 (10252907.5496.000) 07/24 18:26:20 Started transferring output files
...
040 (10252907.5496.000) 07/24 18:26:20 Finished transferring output files
...
005 (10252907.5496.000) 07/24 18:26:20 Job terminated.
	(1) Normal termination (return value 0)
		Usr 0 00:00:03, Sys 0 00:00:00  -  Run Remote Usage
		Usr 0 00:00:00, Sys 0 00:00:00  -  Run Local Usage
		Usr 0 00:00:03, Sys 0 00:00:00  -  Total Remote Usage
		Usr 0 00:00:00, Sys 0 00:00:00  -  Total Local Usage
	6204  -  Run Bytes Sent By Job
	409597  -  Run Bytes Received By Job
	6204  -  Total Bytes Sent By Job
	409597  -  Total Bytes Received By Job
	Partitionable Resources :    Usage  Request Allocated 
	   Cpus                 :        0        8         8 
	   Disk (KB)            :      428      425   2684882 
	   Memory (MB)          :        7    16000     16000 

	Job terminated of its own accord at 2024-07-24T16:26:20Z with exit-code 0.
...
040 (10252908.5496.000) 07/24 19:32:30 Started transferring input files
	Transferring to host: <188.185.206.172:9618?addrs=188.185.206.172-9618&alias=b9p06p3808.cern.ch&noUDP&sock=slot1_12_6885_daf1_156781>
...
040 (10252908.5496.000) 07/24 19:32:30 Finished transferring input files
...
001 (10252908.5496.000) 07/24 19:32:31 Job executing on host: <188.185.206.172:9618?addrs=188.185.206.172-9618&alias=b9p06p3808.cern.ch&noUDP&sock=startd_6815_1a04>
	SlotName: slot1_12@b9p06p3808.cern.ch
	CondorScratchDir = "/pool/condor/dir_3807876"
	Cpus = 8
	Disk = 2910125
	Memory = 16000
...
006 (10252908.5496.000) 07/24 19:32:35 Image size of job updated: 156904
	7  -  MemoryUsage of job (MB)
	6568  -  ResidentSetSize of job (KB)
...
040 (10252908.5496.000) 07/24 19:32:35 Started transferring output files
...
040 (10252908.5496.000) 07/24 19:32:35 Finished transferring output files
...
005 (10252908.5496.000) 07/24 19:32:35 Job terminated.
	(1) Normal termination (return value 0)
		Usr 0 00:00:03, Sys 0 00:00:00  -  Run Remote Usage
		Usr 0 00:00:00, Sys 0 00:00:00  -  Run Local Usage
		Usr 0 00:00:03, Sys 0 00:00:00  -  Total Remote Usage
		Usr 0 00:00:00, Sys 0 00:00:00  -  Total Local Usage
	6204  -  Run Bytes Sent By Job
	409597  -  Run Bytes Received By Job
	6204  -  Total Bytes Sent By Job
	409597  -  Total Bytes Received By Job
	Partitionable Resources :    Usage  Request Allocated 
	   Cpus                 :        0        8         8 
	   Disk (KB)            :      426      425   2910125 
	   Memory (MB)          :        7    16000     16000 

	Job terminated of its own accord at 2024-07-24T17:32:35Z with exit-code 0.
...
040 (10252909.5496.000) 07/24 20:27:16 Started transferring input files
	Transferring to host: <188.185.208.135:9618?addrs=188.185.208.135-9618+[2001-1458-303-10--100-4]-9618&alias=b9p10p6130.cern.ch&noUDP&sock=slot1_6_20152_a82d_25532>
...
040 (10252909.5496.000) 07/24 20:27:16 Finished transferring input files
...
001 (10252909.5496.000) 07/24 20:27:17 Job executing on host: <188.185.208.135:9618?addrs=188.185.208.135-9618+[2001-1458-303-10--100-4]-9618&alias=b9p10p6130.cern.ch&noUDP&sock=startd_19164_7d0d>
	SlotName: slot1_6@b9p10p6130.cern.ch
	CondorScratchDir = "/pool/condor/dir_1019058"
	Cpus = 8
	Disk = 2974752
	Memory = 16000
...
006 (10252909.5496.000) 07/24 20:27:21 Image size of job updated: 157956
	7  -  MemoryUsage of job (MB)
	7040  -  ResidentSetSize of job (KB)
...
040 (10252909.5496.000) 07/24 20:27:21 Started transferring output files
...
040 (10252909.5496.000) 07/24 20:27:21 Finished transferring output files
...
005 (10252909.5496.000) 07/24 20:27:21 Job terminated.
	(1) Normal termination (return value 0)
		Usr 0 00:00:03, Sys 0 00:00:00  -  Run Remote Usage
		Usr 0 00:00:00, Sys 0 00:00:00  -  Run Local Usage
		Usr 0 00:00:03, Sys 0 00:00:00  -  Total Remote Usage
		Usr 0 00:00:00, Sys 0 00:00:00  -  Total Local Usage
	6204  -  Run Bytes Sent By Job
	409597  -  Run Bytes Received By Job
	6204  -  Total Bytes Sent By Job
	409597  -  Total Bytes Received By Job
	Partitionable Resources :    Usage  Request Allocated 
	   Cpus                 :     0.08        8         8 
	   Disk (KB)            :   428         425   2974752 
	   Memory (MB)          :     7       16000     16000 

	Job terminated of its own accord at 2024-07-24T18:27:21Z with exit-code 0.
...
000 (10261715.5496.000) 07/25 13:03:28 Job submitted from host: <188.185.114.121:9618?addrs=188.185.114.121-9618+[2001-1458-d00-a--100-273]-9618&alias=bigbird19.cern.ch&noUDP&sock=schedd_4961_696e>
...
009 (10261715.5496.000) 07/25 13:07:04 Job was aborted.
	via condor_rm (by user yelberke)
...
000 (10261767.5496.000) 07/25 13:20:46 Job submitted from host: <188.185.114.121:9618?addrs=188.185.114.121-9618+[2001-1458-d00-a--100-273]-9618&alias=bigbird19.cern.ch&noUDP&sock=schedd_4961_696e>
...
040 (10261767.5496.000) 07/25 14:52:23 Started transferring input files
	Transferring to host: <188.185.195.114:9618?addrs=188.185.195.114-9618+[2001-1458-303-22--100-6e]-9618&alias=b9p17p4637.cern.ch&noUDP&sock=slot1_11_1186019_6d7e_6306>
...
040 (10261767.5496.000) 07/25 14:52:23 Finished transferring input files
...
001 (10261767.5496.000) 07/25 14:52:24 Job executing on host: <188.185.195.114:9618?addrs=188.185.195.114-9618+[2001-1458-303-22--100-6e]-9618&alias=b9p17p4637.cern.ch&noUDP&sock=startd_128140_f5d2>
	SlotName: slot1_11@b9p17p4637.cern.ch
	CondorScratchDir = "/pool/condor/dir_111696"
	Cpus = 12
	Disk = 2988786
	Memory = 24000
...
006 (10261767.5496.000) 07/25 14:52:30 Image size of job updated: 159600
	7  -  MemoryUsage of job (MB)
	6576  -  ResidentSetSize of job (KB)
...
040 (10261767.5496.000) 07/25 14:52:30 Started transferring output files
...
040 (10261767.5496.000) 07/25 14:52:30 Finished transferring output files
...
005 (10261767.5496.000) 07/25 14:52:30 Job terminated.
	(1) Normal termination (return value 0)
		Usr 0 00:00:05, Sys 0 00:00:00  -  Run Remote Usage
		Usr 0 00:00:00, Sys 0 00:00:00  -  Run Local Usage
		Usr 0 00:00:05, Sys 0 00:00:00  -  Total Remote Usage
		Usr 0 00:00:00, Sys 0 00:00:00  -  Total Local Usage
	6676  -  Run Bytes Sent By Job
	409597  -  Run Bytes Received By Job
	6676  -  Total Bytes Sent By Job
	409597  -  Total Bytes Received By Job
	Partitionable Resources :    Usage  Request Allocated 
	   Cpus                 :        0       12        12 
	   Disk (KB)            :      428      425   2988786 
	   Memory (MB)          :        7    24000     24000 

	Job terminated of its own accord at 2024-07-25T12:52:30Z with exit-code 0.
...
000 (10284266.5496.000) 08/02 15:47:18 Job submitted from host: <188.185.114.121:9618?addrs=188.185.114.121-9618+[2001-1458-d00-a--100-273]-9618&alias=bigbird19.cern.ch&noUDP&sock=schedd_4961_696e>
...
000 (10284267.5496.000) 08/02 15:50:14 Job submitted from host: <188.185.114.121:9618?addrs=188.185.114.121-9618+[2001-1458-d00-a--100-273]-9618&alias=bigbird19.cern.ch&noUDP&sock=schedd_4961_696e>
...
009 (10284266.5496.000) 08/02 15:50:41 Job was aborted.
	via condor_rm (by user yelberke)
...
040 (10284267.5496.000) 08/02 17:09:54 Started transferring input files
	Transferring to host: <188.185.205.9:9618?addrs=188.185.205.9-9618+[2001-1458-303-9--100-7e]-9618&alias=b9p03p7969.cern.ch&noUDP&sock=slot1_14_7347_6044_40363>
...
040 (10284267.5496.000) 08/02 17:09:54 Finished transferring input files
...
001 (10284267.5496.000) 08/02 17:09:55 Job executing on host: <188.185.205.9:9618?addrs=188.185.205.9-9618+[2001-1458-303-9--100-7e]-9618&alias=b9p03p7969.cern.ch&noUDP&sock=startd_6402_d167>
	SlotName: slot1_14@b9p03p7969.cern.ch
	CondorScratchDir = "/pool/condor/dir_1414442"
	Cpus = 12
	Disk = 2729482
	Memory = 24000
...
006 (10284267.5496.000) 08/02 17:09:56 Image size of job updated: 328036
	5  -  MemoryUsage of job (MB)
	4768  -  ResidentSetSize of job (KB)
...
040 (10284267.5496.000) 08/02 17:09:56 Started transferring output files
...
040 (10284267.5496.000) 08/02 17:09:56 Finished transferring output files
...
005 (10284267.5496.000) 08/02 17:09:56 Job terminated.
	(1) Normal termination (return value 139)
		Usr 0 00:00:01, Sys 0 00:00:00  -  Run Remote Usage
		Usr 0 00:00:00, Sys 0 00:00:00  -  Run Local Usage
		Usr 0 00:00:01, Sys 0 00:00:00  -  Total Remote Usage
		Usr 0 00:00:00, Sys 0 00:00:00  -  Total Local Usage
	7696  -  Run Bytes Sent By Job
	409597  -  Run Bytes Received By Job
	7696  -  Total Bytes Sent By Job
	409597  -  Total Bytes Received By Job
	Partitionable Resources :    Usage  Request Allocated 
	   Cpus                 :        0       12        12 
	   Disk (KB)            :      428      425   2729482 
	   Memory (MB)          :        5    24000     24000 

	Job terminated of its own accord at 2024-08-02T15:09:56Z with exit-code 139.
...
