000 (10252905.5498.000) 07/24 16:13:22 Job submitted from host: <188.185.114.121:9618?addrs=188.185.114.121-9618+[2001-1458-d00-a--100-273]-9618&alias=bigbird19.cern.ch&noUDP&sock=schedd_4961_696e>
...
009 (10252905.5498.000) 07/24 16:14:52 Job was aborted.
	via condor_rm (by user yelberke)
...
000 (10252906.5498.000) 07/24 16:15:40 Job submitted from host: <188.185.114.121:9618?addrs=188.185.114.121-9618+[2001-1458-d00-a--100-273]-9618&alias=bigbird19.cern.ch&noUDP&sock=schedd_4961_696e>
...
000 (10252907.5498.000) 07/24 16:17:35 Job submitted from host: <188.185.114.121:9618?addrs=188.185.114.121-9618+[2001-1458-d00-a--100-273]-9618&alias=bigbird19.cern.ch&noUDP&sock=schedd_4961_696e>
...
000 (10252908.5498.000) 07/24 16:18:08 Job submitted from host: <188.185.114.121:9618?addrs=188.185.114.121-9618+[2001-1458-d00-a--100-273]-9618&alias=bigbird19.cern.ch&noUDP&sock=schedd_4961_696e>
...
000 (10252909.5498.000) 07/24 16:18:44 Job submitted from host: <188.185.114.121:9618?addrs=188.185.114.121-9618+[2001-1458-d00-a--100-273]-9618&alias=bigbird19.cern.ch&noUDP&sock=schedd_4961_696e>
...
040 (10252906.5498.000) 07/24 17:27:21 Started transferring input files
	Transferring to host: <188.185.209.15:9618?addrs=188.185.209.15-9618+[2001-1458-303-11--100-c]-9618&alias=b9p11p0957.cern.ch&noUDP&sock=slot1_10_5213_c7ad_146350>
...
040 (10252906.5498.000) 07/24 17:27:21 Finished transferring input files
...
001 (10252906.5498.000) 07/24 17:27:22 Job executing on host: <188.185.209.15:9618?addrs=188.185.209.15-9618+[2001-1458-303-11--100-c]-9618&alias=b9p11p0957.cern.ch&noUDP&sock=startd_4362_8c33>
	SlotName: slot1_10@b9p11p0957.cern.ch
	CondorScratchDir = "/pool/condor/dir_3998870"
	Cpus = 8
	Disk = 2886280
	Memory = 16000
...
006 (10252906.5498.000) 07/24 17:27:26 Image size of job updated: 160960
	9  -  MemoryUsage of job (MB)
	8280  -  ResidentSetSize of job (KB)
...
040 (10252906.5498.000) 07/24 17:27:26 Started transferring output files
...
040 (10252906.5498.000) 07/24 17:27:27 Finished transferring output files
...
005 (10252906.5498.000) 07/24 17:27:27 Job terminated.
	(1) Normal termination (return value 0)
		Usr 0 00:00:03, Sys 0 00:00:00  -  Run Remote Usage
		Usr 0 00:00:00, Sys 0 00:00:00  -  Run Local Usage
		Usr 0 00:00:03, Sys 0 00:00:00  -  Total Remote Usage
		Usr 0 00:00:00, Sys 0 00:00:00  -  Total Local Usage
	6201  -  Run Bytes Sent By Job
	409597  -  Run Bytes Received By Job
	6201  -  Total Bytes Sent By Job
	409597  -  Total Bytes Received By Job
	Partitionable Resources :    Usage  Request Allocated 
	   Cpus                 :        0        8         8 
	   Disk (KB)            :      427      425   2886280 
	   Memory (MB)          :        9    16000     16000 

	Job terminated of its own accord at 2024-07-24T15:27:26Z with exit-code 0.
...
040 (10252907.5498.000) 07/24 18:26:16 Started transferring input files
	Transferring to host: <188.185.205.192:9618?addrs=188.185.205.192-9618&alias=b9p04p3879.cern.ch&noUDP&sock=slot1_17_7377_8385_158331>
...
040 (10252907.5498.000) 07/24 18:26:16 Finished transferring input files
...
001 (10252907.5498.000) 07/24 18:26:17 Job executing on host: <188.185.205.192:9618?addrs=188.185.205.192-9618&alias=b9p04p3879.cern.ch&noUDP&sock=startd_7305_336c>
	SlotName: slot1_17@b9p04p3879.cern.ch
	CondorScratchDir = "/pool/condor/dir_493308"
	Cpus = 8
	Disk = 2807253
	Memory = 16000
...
006 (10252907.5498.000) 07/24 18:26:21 Image size of job updated: 161952
	8  -  MemoryUsage of job (MB)
	8052  -  ResidentSetSize of job (KB)
...
040 (10252907.5498.000) 07/24 18:26:21 Started transferring output files
...
040 (10252907.5498.000) 07/24 18:26:21 Finished transferring output files
...
005 (10252907.5498.000) 07/24 18:26:22 Job terminated.
	(1) Normal termination (return value 0)
		Usr 0 00:00:03, Sys 0 00:00:00  -  Run Remote Usage
		Usr 0 00:00:00, Sys 0 00:00:00  -  Run Local Usage
		Usr 0 00:00:03, Sys 0 00:00:00  -  Total Remote Usage
		Usr 0 00:00:00, Sys 0 00:00:00  -  Total Local Usage
	6204  -  Run Bytes Sent By Job
	409597  -  Run Bytes Received By Job
	6204  -  Total Bytes Sent By Job
	409597  -  Total Bytes Received By Job
	Partitionable Resources :    Usage  Request Allocated 
	   Cpus                 :                 8         8 
	   Disk (KB)            :      420      425   2807253 
	   Memory (MB)          :        8    16000     16000 

	Job terminated of its own accord at 2024-07-24T16:26:21Z with exit-code 0.
...
040 (10252908.5498.000) 07/24 19:32:31 Started transferring input files
	Transferring to host: <188.185.206.220:9618?addrs=188.185.206.220-9618&alias=b9p06p0934.cern.ch&noUDP&sock=slot1_52_17773_6fac_155391>
...
040 (10252908.5498.000) 07/24 19:32:31 Finished transferring input files
...
001 (10252908.5498.000) 07/24 19:32:32 Job executing on host: <188.185.206.220:9618?addrs=188.185.206.220-9618&alias=b9p06p0934.cern.ch&noUDP&sock=startd_16758_2c2f>
	SlotName: slot1_52@b9p06p0934.cern.ch
	CondorScratchDir = "/pool/condor/dir_1437704"
	Cpus = 8
	Disk = 2753207
	Memory = 16000
...
006 (10252908.5498.000) 07/24 19:32:36 Image size of job updated: 167264
	12  -  MemoryUsage of job (MB)
	11320  -  ResidentSetSize of job (KB)
...
040 (10252908.5498.000) 07/24 19:32:37 Started transferring output files
...
040 (10252908.5498.000) 07/24 19:32:37 Finished transferring output files
...
005 (10252908.5498.000) 07/24 19:32:38 Job terminated.
	(1) Normal termination (return value 0)
		Usr 0 00:00:03, Sys 0 00:00:00  -  Run Remote Usage
		Usr 0 00:00:00, Sys 0 00:00:00  -  Run Local Usage
		Usr 0 00:00:03, Sys 0 00:00:00  -  Total Remote Usage
		Usr 0 00:00:00, Sys 0 00:00:00  -  Total Local Usage
	6204  -  Run Bytes Sent By Job
	409597  -  Run Bytes Received By Job
	6204  -  Total Bytes Sent By Job
	409597  -  Total Bytes Received By Job
	Partitionable Resources :    Usage  Request Allocated 
	   Cpus                 :        0        8         8 
	   Disk (KB)            :      427      425   2753207 
	   Memory (MB)          :       12    16000     16000 

	Job terminated of its own accord at 2024-07-24T17:32:36Z with exit-code 0.
...
040 (10252909.5498.000) 07/24 20:27:17 Started transferring input files
	Transferring to host: <188.185.204.149:9618?addrs=188.185.204.149-9618+[2001-1458-303-8--100-89]-9618&alias=b9p02p1875.cern.ch&noUDP&sock=slot1_32_7282_93e1_157251>
...
040 (10252909.5498.000) 07/24 20:27:17 Finished transferring input files
...
001 (10252909.5498.000) 07/24 20:27:18 Job executing on host: <188.185.204.149:9618?addrs=188.185.204.149-9618+[2001-1458-303-8--100-89]-9618&alias=b9p02p1875.cern.ch&noUDP&sock=startd_7214_c84e>
	SlotName: slot1_32@b9p02p1875.cern.ch
	CondorScratchDir = "/pool/condor/dir_1205615"
	Cpus = 8
	Disk = 2825511
	Memory = 16000
...
006 (10252909.5498.000) 07/24 20:27:22 Image size of job updated: 159432
	8  -  MemoryUsage of job (MB)
	7416  -  ResidentSetSize of job (KB)
...
040 (10252909.5498.000) 07/24 20:27:22 Started transferring output files
...
040 (10252909.5498.000) 07/24 20:27:22 Finished transferring output files
...
005 (10252909.5498.000) 07/24 20:27:22 Job terminated.
	(1) Normal termination (return value 0)
		Usr 0 00:00:03, Sys 0 00:00:00  -  Run Remote Usage
		Usr 0 00:00:00, Sys 0 00:00:00  -  Run Local Usage
		Usr 0 00:00:03, Sys 0 00:00:00  -  Total Remote Usage
		Usr 0 00:00:00, Sys 0 00:00:00  -  Total Local Usage
	6204  -  Run Bytes Sent By Job
	409597  -  Run Bytes Received By Job
	6204  -  Total Bytes Sent By Job
	409597  -  Total Bytes Received By Job
	Partitionable Resources :    Usage  Request Allocated 
	   Cpus                 :        0        8         8 
	   Disk (KB)            :      428      425   2825511 
	   Memory (MB)          :        8    16000     16000 

	Job terminated of its own accord at 2024-07-24T18:27:22Z with exit-code 0.
...
000 (10261715.5498.000) 07/25 13:03:28 Job submitted from host: <188.185.114.121:9618?addrs=188.185.114.121-9618+[2001-1458-d00-a--100-273]-9618&alias=bigbird19.cern.ch&noUDP&sock=schedd_4961_696e>
...
009 (10261715.5498.000) 07/25 13:07:04 Job was aborted.
	via condor_rm (by user yelberke)
...
000 (10261767.5498.000) 07/25 13:20:46 Job submitted from host: <188.185.114.121:9618?addrs=188.185.114.121-9618+[2001-1458-d00-a--100-273]-9618&alias=bigbird19.cern.ch&noUDP&sock=schedd_4961_696e>
...
040 (10261767.5498.000) 07/25 14:52:24 Started transferring input files
	Transferring to host: <188.185.207.137:9618?addrs=188.185.207.137-9618+[2001-1458-303-e--100-6]-9618&alias=b9p08p6527.cern.ch&noUDP&sock=slot1_2_67532_2733_90454>
...
040 (10261767.5498.000) 07/25 14:52:24 Finished transferring input files
...
001 (10261767.5498.000) 07/25 14:52:25 Job executing on host: <188.185.207.137:9618?addrs=188.185.207.137-9618+[2001-1458-303-e--100-6]-9618&alias=b9p08p6527.cern.ch&noUDP&sock=startd_10265_83c1>
	SlotName: slot1_2@b9p08p6527.cern.ch
	CondorScratchDir = "/pool/condor/dir_165762"
	Cpus = 12
	Disk = 2735521
	Memory = 24000
...
006 (10261767.5498.000) 07/25 14:52:31 Image size of job updated: 168784
	11  -  MemoryUsage of job (MB)
	11036  -  ResidentSetSize of job (KB)
...
040 (10261767.5498.000) 07/25 14:52:31 Started transferring output files
...
040 (10261767.5498.000) 07/25 14:52:31 Finished transferring output files
...
005 (10261767.5498.000) 07/25 14:52:31 Job terminated.
	(1) Normal termination (return value 0)
		Usr 0 00:00:04, Sys 0 00:00:00  -  Run Remote Usage
		Usr 0 00:00:00, Sys 0 00:00:00  -  Run Local Usage
		Usr 0 00:00:04, Sys 0 00:00:00  -  Total Remote Usage
		Usr 0 00:00:00, Sys 0 00:00:00  -  Total Local Usage
	6676  -  Run Bytes Sent By Job
	409597  -  Run Bytes Received By Job
	6676  -  Total Bytes Sent By Job
	409597  -  Total Bytes Received By Job
	Partitionable Resources :    Usage  Request Allocated 
	   Cpus                 :        0       12        12 
	   Disk (KB)            :      431      425   2735521 
	   Memory (MB)          :       11    24000     24000 

	Job terminated of its own accord at 2024-07-25T12:52:31Z with exit-code 0.
...
000 (10284266.5498.000) 08/02 15:47:18 Job submitted from host: <188.185.114.121:9618?addrs=188.185.114.121-9618+[2001-1458-d00-a--100-273]-9618&alias=bigbird19.cern.ch&noUDP&sock=schedd_4961_696e>
...
000 (10284267.5498.000) 08/02 15:50:14 Job submitted from host: <188.185.114.121:9618?addrs=188.185.114.121-9618+[2001-1458-d00-a--100-273]-9618&alias=bigbird19.cern.ch&noUDP&sock=schedd_4961_696e>
...
009 (10284266.5498.000) 08/02 15:50:41 Job was aborted.
	via condor_rm (by user yelberke)
...
040 (10284267.5498.000) 08/02 17:09:53 Started transferring input files
	Transferring to host: <188.185.208.52:9618?addrs=188.185.208.52-9618+[2001-1458-303-f--100-31]-9618&alias=b9p09p4575.cern.ch&noUDP&sock=slot1_10_128918_24b3_156498>
...
040 (10284267.5498.000) 08/02 17:09:53 Finished transferring input files
...
001 (10284267.5498.000) 08/02 17:09:54 Job executing on host: <188.185.208.52:9618?addrs=188.185.208.52-9618+[2001-1458-303-f--100-31]-9618&alias=b9p09p4575.cern.ch&noUDP&sock=startd_116323_7b2c>
	SlotName: slot1_10@b9p09p4575.cern.ch
	CondorScratchDir = "/pool/condor/dir_1433425"
	Cpus = 12
	Disk = 2764594
	Memory = 24000
...
006 (10284267.5498.000) 08/02 17:09:56 Image size of job updated: 322776
	4  -  MemoryUsage of job (MB)
	3372  -  ResidentSetSize of job (KB)
...
040 (10284267.5498.000) 08/02 17:09:56 Started transferring output files
...
040 (10284267.5498.000) 08/02 17:09:56 Finished transferring output files
...
005 (10284267.5498.000) 08/02 17:09:56 Job terminated.
	(1) Normal termination (return value 139)
		Usr 0 00:00:02, Sys 0 00:00:01  -  Run Remote Usage
		Usr 0 00:00:00, Sys 0 00:00:00  -  Run Local Usage
		Usr 0 00:00:02, Sys 0 00:00:01  -  Total Remote Usage
		Usr 0 00:00:00, Sys 0 00:00:00  -  Total Local Usage
	7696  -  Run Bytes Sent By Job
	409597  -  Run Bytes Received By Job
	7696  -  Total Bytes Sent By Job
	409597  -  Total Bytes Received By Job
	Partitionable Resources :    Usage  Request Allocated 
	   Cpus                 :        0       12        12 
	   Disk (KB)            :      429      425   2764594 
	   Memory (MB)          :        4    24000     24000 

	Job terminated of its own accord at 2024-08-02T15:09:56Z with exit-code 139.
...
