000 (10252905.5520.000) 07/24 16:13:22 Job submitted from host: <188.185.114.121:9618?addrs=188.185.114.121-9618+[2001-1458-d00-a--100-273]-9618&alias=bigbird19.cern.ch&noUDP&sock=schedd_4961_696e>
...
009 (10252905.5520.000) 07/24 16:14:52 Job was aborted.
	via condor_rm (by user yelberke)
...
000 (10252906.5520.000) 07/24 16:15:40 Job submitted from host: <188.185.114.121:9618?addrs=188.185.114.121-9618+[2001-1458-d00-a--100-273]-9618&alias=bigbird19.cern.ch&noUDP&sock=schedd_4961_696e>
...
000 (10252907.5520.000) 07/24 16:17:35 Job submitted from host: <188.185.114.121:9618?addrs=188.185.114.121-9618+[2001-1458-d00-a--100-273]-9618&alias=bigbird19.cern.ch&noUDP&sock=schedd_4961_696e>
...
000 (10252908.5520.000) 07/24 16:18:08 Job submitted from host: <188.185.114.121:9618?addrs=188.185.114.121-9618+[2001-1458-d00-a--100-273]-9618&alias=bigbird19.cern.ch&noUDP&sock=schedd_4961_696e>
...
000 (10252909.5520.000) 07/24 16:18:44 Job submitted from host: <188.185.114.121:9618?addrs=188.185.114.121-9618+[2001-1458-d00-a--100-273]-9618&alias=bigbird19.cern.ch&noUDP&sock=schedd_4961_696e>
...
040 (10252906.5520.000) 07/24 17:27:29 Started transferring input files
	Transferring to host: <188.185.204.138:9618?addrs=188.185.204.138-9618+[2001-1458-303-8--100-7e]-9618&alias=b9p02p3882.cern.ch&noUDP&sock=slot1_5_6546_ffc3_155896>
...
040 (10252906.5520.000) 07/24 17:27:29 Finished transferring input files
...
001 (10252906.5520.000) 07/24 17:27:30 Job executing on host: <188.185.204.138:9618?addrs=188.185.204.138-9618+[2001-1458-303-8--100-7e]-9618&alias=b9p02p3882.cern.ch&noUDP&sock=startd_6104_6a2e>
	SlotName: slot1_5@b9p02p3882.cern.ch
	CondorScratchDir = "/pool/condor/dir_2265275"
	Cpus = 8
	Disk = 2862995
	Memory = 16000
...
006 (10252906.5520.000) 07/24 17:27:35 Image size of job updated: 190152
	37  -  MemoryUsage of job (MB)
	37248  -  ResidentSetSize of job (KB)
...
040 (10252906.5520.000) 07/24 17:27:35 Started transferring output files
...
040 (10252906.5520.000) 07/24 17:27:35 Finished transferring output files
...
005 (10252906.5520.000) 07/24 17:27:35 Job terminated.
	(1) Normal termination (return value 0)
		Usr 0 00:00:03, Sys 0 00:00:00  -  Run Remote Usage
		Usr 0 00:00:00, Sys 0 00:00:00  -  Run Local Usage
		Usr 0 00:00:03, Sys 0 00:00:00  -  Total Remote Usage
		Usr 0 00:00:00, Sys 0 00:00:00  -  Total Local Usage
	6201  -  Run Bytes Sent By Job
	409597  -  Run Bytes Received By Job
	6201  -  Total Bytes Sent By Job
	409597  -  Total Bytes Received By Job
	Partitionable Resources :    Usage  Request Allocated 
	   Cpus                 :        0        8         8 
	   Disk (KB)            :      427      425   2862995 
	   Memory (MB)          :       37    16000     16000 

	Job terminated of its own accord at 2024-07-24T15:27:35Z with exit-code 0.
...
040 (10252907.5520.000) 07/24 18:26:23 Started transferring input files
	Transferring to host: <188.185.209.229:9618?addrs=188.185.209.229-9618+[2001-1458-303-12--100-62]-9618&alias=b9p12p8471.cern.ch&noUDP&sock=slot1_8_2036985_f4ea_99840>
...
040 (10252907.5520.000) 07/24 18:26:23 Finished transferring input files
...
001 (10252907.5520.000) 07/24 18:26:24 Job executing on host: <188.185.209.229:9618?addrs=188.185.209.229-9618+[2001-1458-303-12--100-62]-9618&alias=b9p12p8471.cern.ch&noUDP&sock=startd_2036940_fe3a>
	SlotName: slot1_8@b9p12p8471.cern.ch
	CondorScratchDir = "/pool/condor/dir_2551685"
	Cpus = 8
	Disk = 2904131
	Memory = 16000
...
006 (10252907.5520.000) 07/24 18:26:29 Image size of job updated: 159552
	8  -  MemoryUsage of job (MB)
	7452  -  ResidentSetSize of job (KB)
...
040 (10252907.5520.000) 07/24 18:26:29 Started transferring output files
...
040 (10252907.5520.000) 07/24 18:26:29 Finished transferring output files
...
005 (10252907.5520.000) 07/24 18:26:29 Job terminated.
	(1) Normal termination (return value 0)
		Usr 0 00:00:03, Sys 0 00:00:00  -  Run Remote Usage
		Usr 0 00:00:00, Sys 0 00:00:00  -  Run Local Usage
		Usr 0 00:00:03, Sys 0 00:00:00  -  Total Remote Usage
		Usr 0 00:00:00, Sys 0 00:00:00  -  Total Local Usage
	6204  -  Run Bytes Sent By Job
	409597  -  Run Bytes Received By Job
	6204  -  Total Bytes Sent By Job
	409597  -  Total Bytes Received By Job
	Partitionable Resources :    Usage  Request Allocated 
	   Cpus                 :        0        8         8 
	   Disk (KB)            :      430      425   2904131 
	   Memory (MB)          :        8    16000     16000 

	Job terminated of its own accord at 2024-07-24T16:26:29Z with exit-code 0.
...
040 (10252908.5520.000) 07/24 19:32:38 Started transferring input files
	Transferring to host: <188.185.204.149:9618?addrs=188.185.204.149-9618+[2001-1458-303-8--100-89]-9618&alias=b9p02p1875.cern.ch&noUDP&sock=slot1_7_7282_93e1_157084>
...
040 (10252908.5520.000) 07/24 19:32:38 Finished transferring input files
...
001 (10252908.5520.000) 07/24 19:32:39 Job executing on host: <188.185.204.149:9618?addrs=188.185.204.149-9618+[2001-1458-303-8--100-89]-9618&alias=b9p02p1875.cern.ch&noUDP&sock=startd_7214_c84e>
	SlotName: slot1_7@b9p02p1875.cern.ch
	CondorScratchDir = "/pool/condor/dir_786980"
	Cpus = 8
	Disk = 2516992
	Memory = 16000
...
006 (10252908.5520.000) 07/24 19:32:43 Image size of job updated: 160764
	8  -  MemoryUsage of job (MB)
	7820  -  ResidentSetSize of job (KB)
...
040 (10252908.5520.000) 07/24 19:32:44 Started transferring output files
...
040 (10252908.5520.000) 07/24 19:32:45 Finished transferring output files
...
005 (10252908.5520.000) 07/24 19:32:45 Job terminated.
	(1) Normal termination (return value 0)
		Usr 0 00:00:03, Sys 0 00:00:00  -  Run Remote Usage
		Usr 0 00:00:00, Sys 0 00:00:00  -  Run Local Usage
		Usr 0 00:00:03, Sys 0 00:00:00  -  Total Remote Usage
		Usr 0 00:00:00, Sys 0 00:00:00  -  Total Local Usage
	6204  -  Run Bytes Sent By Job
	409597  -  Run Bytes Received By Job
	6204  -  Total Bytes Sent By Job
	409597  -  Total Bytes Received By Job
	Partitionable Resources :    Usage  Request Allocated 
	   Cpus                 :        0        8         8 
	   Disk (KB)            :      427      425   2516992 
	   Memory (MB)          :        8    16000     16000 

	Job terminated of its own accord at 2024-07-24T17:32:43Z with exit-code 0.
...
040 (10252909.5520.000) 07/24 20:27:23 Started transferring input files
	Transferring to host: <188.185.209.157:9618?addrs=188.185.209.157-9618+[2001-1458-303-12--100-1a]-9618&alias=b9p12p8632.cern.ch&noUDP&sock=slot1_11_15166_91a2_142901>
...
040 (10252909.5520.000) 07/24 20:27:23 Finished transferring input files
...
001 (10252909.5520.000) 07/24 20:27:24 Job executing on host: <188.185.209.157:9618?addrs=188.185.209.157-9618+[2001-1458-303-12--100-1a]-9618&alias=b9p12p8632.cern.ch&noUDP&sock=startd_13710_7f85>
	SlotName: slot1_11@b9p12p8632.cern.ch
	CondorScratchDir = "/pool/condor/dir_2680218"
	Cpus = 8
	Disk = 2811742
	Memory = 16000
...
006 (10252909.5520.000) 07/24 20:27:28 Image size of job updated: 166760
	12  -  MemoryUsage of job (MB)
	11664  -  ResidentSetSize of job (KB)
...
040 (10252909.5520.000) 07/24 20:27:28 Started transferring output files
...
040 (10252909.5520.000) 07/24 20:27:28 Finished transferring output files
...
005 (10252909.5520.000) 07/24 20:27:28 Job terminated.
	(1) Normal termination (return value 0)
		Usr 0 00:00:03, Sys 0 00:00:00  -  Run Remote Usage
		Usr 0 00:00:00, Sys 0 00:00:00  -  Run Local Usage
		Usr 0 00:00:03, Sys 0 00:00:00  -  Total Remote Usage
		Usr 0 00:00:00, Sys 0 00:00:00  -  Total Local Usage
	6204  -  Run Bytes Sent By Job
	409597  -  Run Bytes Received By Job
	6204  -  Total Bytes Sent By Job
	409597  -  Total Bytes Received By Job
	Partitionable Resources :    Usage  Request Allocated 
	   Cpus                 :        0        8         8 
	   Disk (KB)            :      428      425   2811742 
	   Memory (MB)          :       12    16000     16000 

	Job terminated of its own accord at 2024-07-24T18:27:28Z with exit-code 0.
...
000 (10261715.5520.000) 07/25 13:03:29 Job submitted from host: <188.185.114.121:9618?addrs=188.185.114.121-9618+[2001-1458-d00-a--100-273]-9618&alias=bigbird19.cern.ch&noUDP&sock=schedd_4961_696e>
...
009 (10261715.5520.000) 07/25 13:07:04 Job was aborted.
	via condor_rm (by user yelberke)
...
000 (10261767.5520.000) 07/25 13:20:46 Job submitted from host: <188.185.114.121:9618?addrs=188.185.114.121-9618+[2001-1458-d00-a--100-273]-9618&alias=bigbird19.cern.ch&noUDP&sock=schedd_4961_696e>
...
040 (10261767.5520.000) 07/25 14:52:31 Started transferring input files
	Transferring to host: <188.185.207.33:9618?addrs=188.185.207.33-9618+[2001-1458-303-d--100-1e]-9618&alias=b9p07p2689.cern.ch&noUDP&sock=slot1_12_557249_14dd_73104>
...
040 (10261767.5520.000) 07/25 14:52:31 Finished transferring input files
...
001 (10261767.5520.000) 07/25 14:52:32 Job executing on host: <188.185.207.33:9618?addrs=188.185.207.33-9618+[2001-1458-303-d--100-1e]-9618&alias=b9p07p2689.cern.ch&noUDP&sock=startd_4070_428b>
	SlotName: slot1_12@b9p07p2689.cern.ch
	CondorScratchDir = "/pool/condor/dir_809121"
	Cpus = 12
	Disk = 2751110
	Memory = 24000
...
006 (10261767.5520.000) 07/25 14:52:37 Image size of job updated: 161176
	8  -  MemoryUsage of job (MB)
	7260  -  ResidentSetSize of job (KB)
...
040 (10261767.5520.000) 07/25 14:52:37 Started transferring output files
...
040 (10261767.5520.000) 07/25 14:52:37 Finished transferring output files
...
005 (10261767.5520.000) 07/25 14:52:37 Job terminated.
	(1) Normal termination (return value 0)
		Usr 0 00:00:03, Sys 0 00:00:00  -  Run Remote Usage
		Usr 0 00:00:00, Sys 0 00:00:00  -  Run Local Usage
		Usr 0 00:00:03, Sys 0 00:00:00  -  Total Remote Usage
		Usr 0 00:00:00, Sys 0 00:00:00  -  Total Local Usage
	6676  -  Run Bytes Sent By Job
	409597  -  Run Bytes Received By Job
	6676  -  Total Bytes Sent By Job
	409597  -  Total Bytes Received By Job
	Partitionable Resources :    Usage  Request Allocated 
	   Cpus                 :        0       12        12 
	   Disk (KB)            :      429      425   2751110 
	   Memory (MB)          :        8    24000     24000 

	Job terminated of its own accord at 2024-07-25T12:52:37Z with exit-code 0.
...
000 (10284266.5520.000) 08/02 15:47:18 Job submitted from host: <188.185.114.121:9618?addrs=188.185.114.121-9618+[2001-1458-d00-a--100-273]-9618&alias=bigbird19.cern.ch&noUDP&sock=schedd_4961_696e>
...
000 (10284267.5520.000) 08/02 15:50:14 Job submitted from host: <188.185.114.121:9618?addrs=188.185.114.121-9618+[2001-1458-d00-a--100-273]-9618&alias=bigbird19.cern.ch&noUDP&sock=schedd_4961_696e>
...
009 (10284266.5520.000) 08/02 15:50:41 Job was aborted.
	via condor_rm (by user yelberke)
...
040 (10284267.5520.000) 08/02 17:10:01 Started transferring input files
	Transferring to host: <188.185.205.208:9618?addrs=188.185.205.208-9618&alias=b9p04p9301.cern.ch&noUDP&sock=slot1_3_6907_5b32_171186>
...
040 (10284267.5520.000) 08/02 17:10:01 Finished transferring input files
...
001 (10284267.5520.000) 08/02 17:10:02 Job executing on host: <188.185.205.208:9618?addrs=188.185.205.208-9618&alias=b9p04p9301.cern.ch&noUDP&sock=startd_6839_904a>
	SlotName: slot1_3@b9p04p9301.cern.ch
	CondorScratchDir = "/pool/condor/dir_3913295"
	Cpus = 12
	Disk = 2782664
	Memory = 24000
...
006 (10284267.5520.000) 08/02 17:10:04 Image size of job updated: 327768
	5  -  MemoryUsage of job (MB)
	4708  -  ResidentSetSize of job (KB)
...
040 (10284267.5520.000) 08/02 17:10:04 Started transferring output files
...
040 (10284267.5520.000) 08/02 17:10:05 Finished transferring output files
...
005 (10284267.5520.000) 08/02 17:10:05 Job terminated.
	(1) Normal termination (return value 139)
		Usr 0 00:00:02, Sys 0 00:00:00  -  Run Remote Usage
		Usr 0 00:00:00, Sys 0 00:00:00  -  Run Local Usage
		Usr 0 00:00:02, Sys 0 00:00:00  -  Total Remote Usage
		Usr 0 00:00:00, Sys 0 00:00:00  -  Total Local Usage
	7696  -  Run Bytes Sent By Job
	409597  -  Run Bytes Received By Job
	7696  -  Total Bytes Sent By Job
	409597  -  Total Bytes Received By Job
	Partitionable Resources :    Usage  Request Allocated 
	   Cpus                 :        0       12        12 
	   Disk (KB)            :      429      425   2782664 
	   Memory (MB)          :        5    24000     24000 

	Job terminated of its own accord at 2024-08-02T15:10:04Z with exit-code 139.
...
