000 (10252905.5573.000) 07/24 16:13:22 Job submitted from host: <188.185.114.121:9618?addrs=188.185.114.121-9618+[2001-1458-d00-a--100-273]-9618&alias=bigbird19.cern.ch&noUDP&sock=schedd_4961_696e>
...
009 (10252905.5573.000) 07/24 16:14:52 Job was aborted.
	via condor_rm (by user yelberke)
...
000 (10252906.5573.000) 07/24 16:15:41 Job submitted from host: <188.185.114.121:9618?addrs=188.185.114.121-9618+[2001-1458-d00-a--100-273]-9618&alias=bigbird19.cern.ch&noUDP&sock=schedd_4961_696e>
...
000 (10252907.5573.000) 07/24 16:17:35 Job submitted from host: <188.185.114.121:9618?addrs=188.185.114.121-9618+[2001-1458-d00-a--100-273]-9618&alias=bigbird19.cern.ch&noUDP&sock=schedd_4961_696e>
...
000 (10252908.5573.000) 07/24 16:18:08 Job submitted from host: <188.185.114.121:9618?addrs=188.185.114.121-9618+[2001-1458-d00-a--100-273]-9618&alias=bigbird19.cern.ch&noUDP&sock=schedd_4961_696e>
...
000 (10252909.5573.000) 07/24 16:18:44 Job submitted from host: <188.185.114.121:9618?addrs=188.185.114.121-9618+[2001-1458-d00-a--100-273]-9618&alias=bigbird19.cern.ch&noUDP&sock=schedd_4961_696e>
...
040 (10252906.5573.000) 07/24 17:27:48 Started transferring input files
	Transferring to host: <188.185.204.180:9618?addrs=188.185.204.180-9618+[2001-1458-303-8--100-a8]-9618&alias=b9p02p3983.cern.ch&noUDP&sock=slot1_4_3791_da33_153755>
...
040 (10252906.5573.000) 07/24 17:27:48 Finished transferring input files
...
001 (10252906.5573.000) 07/24 17:27:49 Job executing on host: <188.185.204.180:9618?addrs=188.185.204.180-9618+[2001-1458-303-8--100-a8]-9618&alias=b9p02p3983.cern.ch&noUDP&sock=startd_3720_3066>
	SlotName: slot1_4@b9p02p3983.cern.ch
	CondorScratchDir = "/pool/condor/dir_1976014"
	Cpus = 8
	Disk = 2267761
	Memory = 16000
...
006 (10252906.5573.000) 07/24 17:27:54 Image size of job updated: 181848
	30  -  MemoryUsage of job (MB)
	30212  -  ResidentSetSize of job (KB)
...
040 (10252906.5573.000) 07/24 17:27:54 Started transferring output files
...
040 (10252906.5573.000) 07/24 17:27:54 Finished transferring output files
...
005 (10252906.5573.000) 07/24 17:27:54 Job terminated.
	(1) Normal termination (return value 0)
		Usr 0 00:00:03, Sys 0 00:00:00  -  Run Remote Usage
		Usr 0 00:00:00, Sys 0 00:00:00  -  Run Local Usage
		Usr 0 00:00:03, Sys 0 00:00:00  -  Total Remote Usage
		Usr 0 00:00:00, Sys 0 00:00:00  -  Total Local Usage
	6201  -  Run Bytes Sent By Job
	409597  -  Run Bytes Received By Job
	6201  -  Total Bytes Sent By Job
	409597  -  Total Bytes Received By Job
	Partitionable Resources :    Usage  Request Allocated 
	   Cpus                 :        0        8         8 
	   Disk (KB)            :      427      425   2267761 
	   Memory (MB)          :       30    16000     16000 

	Job terminated of its own accord at 2024-07-24T15:27:54Z with exit-code 0.
...
040 (10252907.5573.000) 07/24 18:26:41 Started transferring input files
	Transferring to host: <188.185.209.29:9618?addrs=188.185.209.29-9618+[2001-1458-303-11--100-1a]-9618&alias=b9p11p8407.cern.ch&noUDP&sock=slot1_17_25870_8155_25189>
...
040 (10252907.5573.000) 07/24 18:26:41 Finished transferring input files
...
001 (10252907.5573.000) 07/24 18:26:42 Job executing on host: <188.185.209.29:9618?addrs=188.185.209.29-9618+[2001-1458-303-11--100-1a]-9618&alias=b9p11p8407.cern.ch&noUDP&sock=startd_24733_5bf9>
	SlotName: slot1_17@b9p11p8407.cern.ch
	CondorScratchDir = "/pool/condor/dir_2513125"
	Cpus = 8
	Disk = 2811735
	Memory = 16000
...
006 (10252907.5573.000) 07/24 18:26:47 Image size of job updated: 166480
	12  -  MemoryUsage of job (MB)
	11784  -  ResidentSetSize of job (KB)
...
040 (10252907.5573.000) 07/24 18:26:47 Started transferring output files
...
040 (10252907.5573.000) 07/24 18:26:47 Finished transferring output files
...
005 (10252907.5573.000) 07/24 18:26:47 Job terminated.
	(1) Normal termination (return value 0)
		Usr 0 00:00:03, Sys 0 00:00:00  -  Run Remote Usage
		Usr 0 00:00:00, Sys 0 00:00:00  -  Run Local Usage
		Usr 0 00:00:03, Sys 0 00:00:00  -  Total Remote Usage
		Usr 0 00:00:00, Sys 0 00:00:00  -  Total Local Usage
	6204  -  Run Bytes Sent By Job
	409597  -  Run Bytes Received By Job
	6204  -  Total Bytes Sent By Job
	409597  -  Total Bytes Received By Job
	Partitionable Resources :    Usage  Request Allocated 
	   Cpus                 :        0        8         8 
	   Disk (KB)            :      428      425   2811735 
	   Memory (MB)          :       12    16000     16000 

	Job terminated of its own accord at 2024-07-24T16:26:47Z with exit-code 0.
...
040 (10252908.5573.000) 07/24 19:32:59 Started transferring input files
	Transferring to host: <188.185.207.228:9618?addrs=188.185.207.228-9618+[2001-1458-303-e--100-61]-9618&alias=b9p08p1817.cern.ch&noUDP&sock=slot1_18_5110_3509_142853>
...
040 (10252908.5573.000) 07/24 19:33:00 Finished transferring input files
...
001 (10252908.5573.000) 07/24 19:33:01 Job executing on host: <188.185.207.228:9618?addrs=188.185.207.228-9618+[2001-1458-303-e--100-61]-9618&alias=b9p08p1817.cern.ch&noUDP&sock=startd_4330_992b>
	SlotName: slot1_18@b9p08p1817.cern.ch
	CondorScratchDir = "/pool/condor/dir_3373230"
	Cpus = 8
	Disk = 2884321
	Memory = 16000
...
006 (10252908.5573.000) 07/24 19:33:05 Image size of job updated: 166788
	11  -  MemoryUsage of job (MB)
	10860  -  ResidentSetSize of job (KB)
...
040 (10252908.5573.000) 07/24 19:33:06 Started transferring output files
...
040 (10252908.5573.000) 07/24 19:33:06 Finished transferring output files
...
005 (10252908.5573.000) 07/24 19:33:07 Job terminated.
	(1) Normal termination (return value 0)
		Usr 0 00:00:03, Sys 0 00:00:00  -  Run Remote Usage
		Usr 0 00:00:00, Sys 0 00:00:00  -  Run Local Usage
		Usr 0 00:00:03, Sys 0 00:00:00  -  Total Remote Usage
		Usr 0 00:00:00, Sys 0 00:00:00  -  Total Local Usage
	6204  -  Run Bytes Sent By Job
	409597  -  Run Bytes Received By Job
	6204  -  Total Bytes Sent By Job
	409597  -  Total Bytes Received By Job
	Partitionable Resources :    Usage  Request Allocated 
	   Cpus                 :        0        8         8 
	   Disk (KB)            :      427      425   2884321 
	   Memory (MB)          :       11    16000     16000 

	Job terminated of its own accord at 2024-07-24T17:33:05Z with exit-code 0.
...
040 (10252909.5573.000) 07/24 20:27:40 Started transferring input files
	Transferring to host: <188.185.205.112:9618?addrs=188.185.205.112-9618+[2001-1458-303-9--100-6d]-9618&alias=b9p03p6940.cern.ch&noUDP&sock=slot1_16_6785_656d_156249>
...
040 (10252909.5573.000) 07/24 20:27:41 Finished transferring input files
...
001 (10252909.5573.000) 07/24 20:27:42 Job executing on host: <188.185.205.112:9618?addrs=188.185.205.112-9618+[2001-1458-303-9--100-6d]-9618&alias=b9p03p6940.cern.ch&noUDP&sock=startd_6713_235b>
	SlotName: slot1_16@b9p03p6940.cern.ch
	CondorScratchDir = "/pool/condor/dir_2166558"
	Cpus = 8
	Disk = 2781983
	Memory = 16000
...
006 (10252909.5573.000) 07/24 20:27:46 Image size of job updated: 157940
	7  -  MemoryUsage of job (MB)
	7028  -  ResidentSetSize of job (KB)
...
040 (10252909.5573.000) 07/24 20:27:46 Started transferring output files
...
040 (10252909.5573.000) 07/24 20:27:46 Finished transferring output files
...
005 (10252909.5573.000) 07/24 20:27:46 Job terminated.
	(1) Normal termination (return value 0)
		Usr 0 00:00:03, Sys 0 00:00:00  -  Run Remote Usage
		Usr 0 00:00:00, Sys 0 00:00:00  -  Run Local Usage
		Usr 0 00:00:03, Sys 0 00:00:00  -  Total Remote Usage
		Usr 0 00:00:00, Sys 0 00:00:00  -  Total Local Usage
	6204  -  Run Bytes Sent By Job
	409597  -  Run Bytes Received By Job
	6204  -  Total Bytes Sent By Job
	409597  -  Total Bytes Received By Job
	Partitionable Resources :    Usage  Request Allocated 
	   Cpus                 :                 8         8 
	   Disk (KB)            :      421      425   2781983 
	   Memory (MB)          :        7    16000     16000 

	Job terminated of its own accord at 2024-07-24T18:27:46Z with exit-code 0.
...
000 (10261715.5573.000) 07/25 13:03:29 Job submitted from host: <188.185.114.121:9618?addrs=188.185.114.121-9618+[2001-1458-d00-a--100-273]-9618&alias=bigbird19.cern.ch&noUDP&sock=schedd_4961_696e>
...
009 (10261715.5573.000) 07/25 13:07:04 Job was aborted.
	via condor_rm (by user yelberke)
...
000 (10261767.5573.000) 07/25 13:20:46 Job submitted from host: <188.185.114.121:9618?addrs=188.185.114.121-9618+[2001-1458-d00-a--100-273]-9618&alias=bigbird19.cern.ch&noUDP&sock=schedd_4961_696e>
...
040 (10261767.5573.000) 07/25 14:52:49 Started transferring input files
	Transferring to host: <188.185.208.75:9618?addrs=188.185.208.75-9618+[2001-1458-303-f--100-48]-9618&alias=b9p09p5717.cern.ch&noUDP&sock=slot1_8_128920_8d74_36793>
...
040 (10261767.5573.000) 07/25 14:52:49 Finished transferring input files
...
001 (10261767.5573.000) 07/25 14:52:50 Job executing on host: <188.185.208.75:9618?addrs=188.185.208.75-9618+[2001-1458-303-f--100-48]-9618&alias=b9p09p5717.cern.ch&noUDP&sock=startd_118345_67ab>
	SlotName: slot1_8@b9p09p5717.cern.ch
	CondorScratchDir = "/pool/condor/dir_2385181"
	Cpus = 12
	Disk = 2694320
	Memory = 24000
...
006 (10261767.5573.000) 07/25 14:52:54 Image size of job updated: 168624
	12  -  MemoryUsage of job (MB)
	11288  -  ResidentSetSize of job (KB)
...
040 (10261767.5573.000) 07/25 14:52:54 Started transferring output files
...
040 (10261767.5573.000) 07/25 14:52:54 Finished transferring output files
...
005 (10261767.5573.000) 07/25 14:52:54 Job terminated.
	(1) Normal termination (return value 0)
		Usr 0 00:00:03, Sys 0 00:00:00  -  Run Remote Usage
		Usr 0 00:00:00, Sys 0 00:00:00  -  Run Local Usage
		Usr 0 00:00:03, Sys 0 00:00:00  -  Total Remote Usage
		Usr 0 00:00:00, Sys 0 00:00:00  -  Total Local Usage
	6676  -  Run Bytes Sent By Job
	409597  -  Run Bytes Received By Job
	6676  -  Total Bytes Sent By Job
	409597  -  Total Bytes Received By Job
	Partitionable Resources :    Usage  Request Allocated 
	   Cpus                 :        0       12        12 
	   Disk (KB)            :      428      425   2694320 
	   Memory (MB)          :       12    24000     24000 

	Job terminated of its own accord at 2024-07-25T12:52:54Z with exit-code 0.
...
000 (10284266.5573.000) 08/02 15:47:20 Job submitted from host: <188.185.114.121:9618?addrs=188.185.114.121-9618+[2001-1458-d00-a--100-273]-9618&alias=bigbird19.cern.ch&noUDP&sock=schedd_4961_696e>
...
000 (10284267.5573.000) 08/02 15:50:14 Job submitted from host: <188.185.114.121:9618?addrs=188.185.114.121-9618+[2001-1458-d00-a--100-273]-9618&alias=bigbird19.cern.ch&noUDP&sock=schedd_4961_696e>
...
009 (10284266.5573.000) 08/02 15:50:41 Job was aborted.
	via condor_rm (by user yelberke)
...
040 (10284267.5573.000) 08/02 17:10:20 Started transferring input files
	Transferring to host: <188.185.206.151:9618?addrs=188.185.206.151-9618+[2001-1458-303-c--100-14]-9618&alias=b9p06p7463.cern.ch&noUDP&sock=slot1_14_6921_3873_165287>
...
040 (10284267.5573.000) 08/02 17:10:20 Finished transferring input files
...
001 (10284267.5573.000) 08/02 17:10:21 Job executing on host: <188.185.206.151:9618?addrs=188.185.206.151-9618+[2001-1458-303-c--100-14]-9618&alias=b9p06p7463.cern.ch&noUDP&sock=startd_6849_6c3c>
	SlotName: slot1_14@b9p06p7463.cern.ch
	CondorScratchDir = "/pool/condor/dir_974906"
	Cpus = 12
	Disk = 2720799
	Memory = 24000
...
006 (10284267.5573.000) 08/02 17:10:23 Image size of job updated: 327048
	7  -  MemoryUsage of job (MB)
	6824  -  ResidentSetSize of job (KB)
...
040 (10284267.5573.000) 08/02 17:10:23 Started transferring output files
...
040 (10284267.5573.000) 08/02 17:10:23 Finished transferring output files
...
005 (10284267.5573.000) 08/02 17:10:23 Job terminated.
	(1) Normal termination (return value 139)
		Usr 0 00:00:01, Sys 0 00:00:00  -  Run Remote Usage
		Usr 0 00:00:00, Sys 0 00:00:00  -  Run Local Usage
		Usr 0 00:00:01, Sys 0 00:00:00  -  Total Remote Usage
		Usr 0 00:00:00, Sys 0 00:00:00  -  Total Local Usage
	7696  -  Run Bytes Sent By Job
	409597  -  Run Bytes Received By Job
	7696  -  Total Bytes Sent By Job
	409597  -  Total Bytes Received By Job
	Partitionable Resources :    Usage  Request Allocated 
	   Cpus                 :        0       12        12 
	   Disk (KB)            :      430      425   2720799 
	   Memory (MB)          :        7    24000     24000 

	Job terminated of its own accord at 2024-08-02T15:10:23Z with exit-code 139.
...
