000 (10252905.5599.000) 07/24 16:13:22 Job submitted from host: <188.185.114.121:9618?addrs=188.185.114.121-9618+[2001-1458-d00-a--100-273]-9618&alias=bigbird19.cern.ch&noUDP&sock=schedd_4961_696e>
...
009 (10252905.5599.000) 07/24 16:14:52 Job was aborted.
	via condor_rm (by user yelberke)
...
000 (10252906.5599.000) 07/24 16:15:41 Job submitted from host: <188.185.114.121:9618?addrs=188.185.114.121-9618+[2001-1458-d00-a--100-273]-9618&alias=bigbird19.cern.ch&noUDP&sock=schedd_4961_696e>
...
000 (10252907.5599.000) 07/24 16:17:35 Job submitted from host: <188.185.114.121:9618?addrs=188.185.114.121-9618+[2001-1458-d00-a--100-273]-9618&alias=bigbird19.cern.ch&noUDP&sock=schedd_4961_696e>
...
000 (10252908.5599.000) 07/24 16:18:08 Job submitted from host: <188.185.114.121:9618?addrs=188.185.114.121-9618+[2001-1458-d00-a--100-273]-9618&alias=bigbird19.cern.ch&noUDP&sock=schedd_4961_696e>
...
000 (10252909.5599.000) 07/24 16:18:44 Job submitted from host: <188.185.114.121:9618?addrs=188.185.114.121-9618+[2001-1458-d00-a--100-273]-9618&alias=bigbird19.cern.ch&noUDP&sock=schedd_4961_696e>
...
040 (10252906.5599.000) 07/24 17:27:56 Started transferring input files
	Transferring to host: <188.185.198.66:9618?addrs=188.185.198.66-9618+[2001-1458-303-25--100-3e]-9618&alias=b9p15p3136.cern.ch&noUDP&sock=slot1_21_3902920_f6f0_4197>
...
040 (10252906.5599.000) 07/24 17:27:56 Finished transferring input files
...
001 (10252906.5599.000) 07/24 17:27:57 Job executing on host: <188.185.198.66:9618?addrs=188.185.198.66-9618+[2001-1458-303-25--100-3e]-9618&alias=b9p15p3136.cern.ch&noUDP&sock=startd_127915_a103>
	SlotName: slot1_21@b9p15p3136.cern.ch
	CondorScratchDir = "/pool/condor/dir_2010275"
	Cpus = 8
	Disk = 2867124
	Memory = 16000
...
006 (10252906.5599.000) 07/24 17:28:06 Image size of job updated: 500372
	489  -  MemoryUsage of job (MB)
	500372  -  ResidentSetSize of job (KB)
...
006 (10252906.5599.000) 07/24 17:28:09 Image size of job updated: 510692
	489  -  MemoryUsage of job (MB)
	500372  -  ResidentSetSize of job (KB)
...
040 (10252906.5599.000) 07/24 17:28:09 Started transferring output files
...
040 (10252906.5599.000) 07/24 17:28:09 Finished transferring output files
...
005 (10252906.5599.000) 07/24 17:28:09 Job terminated.
	(1) Normal termination (return value 0)
		Usr 0 00:00:08, Sys 0 00:00:00  -  Run Remote Usage
		Usr 0 00:00:00, Sys 0 00:00:00  -  Run Local Usage
		Usr 0 00:00:08, Sys 0 00:00:00  -  Total Remote Usage
		Usr 0 00:00:00, Sys 0 00:00:00  -  Total Local Usage
	6201  -  Run Bytes Sent By Job
	409597  -  Run Bytes Received By Job
	6201  -  Total Bytes Sent By Job
	409597  -  Total Bytes Received By Job
	Partitionable Resources :    Usage  Request Allocated 
	   Cpus                 :        0        8         8 
	   Disk (KB)            :      427      425   2867124 
	   Memory (MB)          :      489    16000     16000 

	Job terminated of its own accord at 2024-07-24T15:28:09Z with exit-code 0.
...
040 (10252907.5599.000) 07/24 18:26:49 Started transferring input files
	Transferring to host: <188.185.209.229:9618?addrs=188.185.209.229-9618+[2001-1458-303-12--100-62]-9618&alias=b9p12p8471.cern.ch&noUDP&sock=slot1_15_2036985_f4ea_99843>
...
040 (10252907.5599.000) 07/24 18:26:49 Finished transferring input files
...
001 (10252907.5599.000) 07/24 18:26:50 Job executing on host: <188.185.209.229:9618?addrs=188.185.209.229-9618+[2001-1458-303-12--100-62]-9618&alias=b9p12p8471.cern.ch&noUDP&sock=startd_2036940_fe3a>
	SlotName: slot1_15@b9p12p8471.cern.ch
	CondorScratchDir = "/pool/condor/dir_2560988"
	Cpus = 8
	Disk = 2904022
	Memory = 16000
...
006 (10252907.5599.000) 07/24 18:26:54 Image size of job updated: 159256
	8  -  MemoryUsage of job (MB)
	7200  -  ResidentSetSize of job (KB)
...
040 (10252907.5599.000) 07/24 18:26:55 Started transferring output files
...
040 (10252907.5599.000) 07/24 18:26:55 Finished transferring output files
...
005 (10252907.5599.000) 07/24 18:26:56 Job terminated.
	(1) Normal termination (return value 0)
		Usr 0 00:00:03, Sys 0 00:00:00  -  Run Remote Usage
		Usr 0 00:00:00, Sys 0 00:00:00  -  Run Local Usage
		Usr 0 00:00:03, Sys 0 00:00:00  -  Total Remote Usage
		Usr 0 00:00:00, Sys 0 00:00:00  -  Total Local Usage
	6204  -  Run Bytes Sent By Job
	409597  -  Run Bytes Received By Job
	6204  -  Total Bytes Sent By Job
	409597  -  Total Bytes Received By Job
	Partitionable Resources :    Usage  Request Allocated 
	   Cpus                 :        0        8         8 
	   Disk (KB)            :      430      425   2904022 
	   Memory (MB)          :        8    16000     16000 

	Job terminated of its own accord at 2024-07-24T16:26:54Z with exit-code 0.
...
040 (10252908.5599.000) 07/24 19:33:07 Started transferring input files
	Transferring to host: <188.185.206.176:9618?addrs=188.185.206.176-9618&alias=b9p06p2041.cern.ch&noUDP&sock=slot1_7_6897_4f72_152870>
...
040 (10252908.5599.000) 07/24 19:33:07 Finished transferring input files
...
001 (10252908.5599.000) 07/24 19:33:08 Job executing on host: <188.185.206.176:9618?addrs=188.185.206.176-9618&alias=b9p06p2041.cern.ch&noUDP&sock=startd_6825_f5f6>
	SlotName: slot1_7@b9p06p2041.cern.ch
	CondorScratchDir = "/pool/condor/dir_3422515"
	Cpus = 8
	Disk = 2854434
	Memory = 16000
...
006 (10252908.5599.000) 07/24 19:33:13 Image size of job updated: 157328
	7  -  MemoryUsage of job (MB)
	6912  -  ResidentSetSize of job (KB)
...
040 (10252908.5599.000) 07/24 19:33:13 Started transferring output files
...
040 (10252908.5599.000) 07/24 19:33:13 Finished transferring output files
...
005 (10252908.5599.000) 07/24 19:33:13 Job terminated.
	(1) Normal termination (return value 0)
		Usr 0 00:00:03, Sys 0 00:00:00  -  Run Remote Usage
		Usr 0 00:00:00, Sys 0 00:00:00  -  Run Local Usage
		Usr 0 00:00:03, Sys 0 00:00:00  -  Total Remote Usage
		Usr 0 00:00:00, Sys 0 00:00:00  -  Total Local Usage
	6204  -  Run Bytes Sent By Job
	409597  -  Run Bytes Received By Job
	6204  -  Total Bytes Sent By Job
	409597  -  Total Bytes Received By Job
	Partitionable Resources :    Usage  Request Allocated 
	   Cpus                 :        0        8         8 
	   Disk (KB)            :      428      425   2854434 
	   Memory (MB)          :        7    16000     16000 

	Job terminated of its own accord at 2024-07-24T17:33:13Z with exit-code 0.
...
040 (10252909.5599.000) 07/24 20:27:50 Started transferring input files
	Transferring to host: <188.185.205.157:9618?addrs=188.185.205.157-9618&alias=b9p04p7188.cern.ch&noUDP&sock=slot1_12_5520_16da_155358>
...
040 (10252909.5599.000) 07/24 20:27:50 Finished transferring input files
...
001 (10252909.5599.000) 07/24 20:27:51 Job executing on host: <188.185.205.157:9618?addrs=188.185.205.157-9618&alias=b9p04p7188.cern.ch&noUDP&sock=startd_5080_0933>
	SlotName: slot1_12@b9p04p7188.cern.ch
	CondorScratchDir = "/pool/condor/dir_1554460"
	Cpus = 8
	Disk = 2838630
	Memory = 16000
...
006 (10252909.5599.000) 07/24 20:27:55 Image size of job updated: 159484
	8  -  MemoryUsage of job (MB)
	7684  -  ResidentSetSize of job (KB)
...
040 (10252909.5599.000) 07/24 20:27:55 Started transferring output files
...
040 (10252909.5599.000) 07/24 20:27:55 Finished transferring output files
...
005 (10252909.5599.000) 07/24 20:27:55 Job terminated.
	(1) Normal termination (return value 0)
		Usr 0 00:00:03, Sys 0 00:00:00  -  Run Remote Usage
		Usr 0 00:00:00, Sys 0 00:00:00  -  Run Local Usage
		Usr 0 00:00:03, Sys 0 00:00:00  -  Total Remote Usage
		Usr 0 00:00:00, Sys 0 00:00:00  -  Total Local Usage
	6204  -  Run Bytes Sent By Job
	409597  -  Run Bytes Received By Job
	6204  -  Total Bytes Sent By Job
	409597  -  Total Bytes Received By Job
	Partitionable Resources :    Usage  Request Allocated 
	   Cpus                 :                 8         8 
	   Disk (KB)            :      420      425   2838630 
	   Memory (MB)          :        8    16000     16000 

	Job terminated of its own accord at 2024-07-24T18:27:55Z with exit-code 0.
...
000 (10261715.5599.000) 07/25 13:03:29 Job submitted from host: <188.185.114.121:9618?addrs=188.185.114.121-9618+[2001-1458-d00-a--100-273]-9618&alias=bigbird19.cern.ch&noUDP&sock=schedd_4961_696e>
...
009 (10261715.5599.000) 07/25 13:07:04 Job was aborted.
	via condor_rm (by user yelberke)
...
000 (10261767.5599.000) 07/25 13:20:46 Job submitted from host: <188.185.114.121:9618?addrs=188.185.114.121-9618+[2001-1458-d00-a--100-273]-9618&alias=bigbird19.cern.ch&noUDP&sock=schedd_4961_696e>
...
040 (10261767.5599.000) 07/25 14:52:58 Started transferring input files
	Transferring to host: <188.185.208.149:9618?addrs=188.185.208.149-9618+[2001-1458-303-10--100-12]-9618&alias=b9p10p3984.cern.ch&noUDP&sock=slot1_9_3811_f1b4_143298>
...
040 (10261767.5599.000) 07/25 14:52:58 Finished transferring input files
...
001 (10261767.5599.000) 07/25 14:52:59 Job executing on host: <188.185.208.149:9618?addrs=188.185.208.149-9618+[2001-1458-303-10--100-12]-9618&alias=b9p10p3984.cern.ch&noUDP&sock=startd_3746_05dc>
	SlotName: slot1_9@b9p10p3984.cern.ch
	CondorScratchDir = "/pool/condor/dir_381685"
	Cpus = 12
	Disk = 2682433
	Memory = 24000
...
006 (10261767.5599.000) 07/25 14:53:04 Image size of job updated: 160216
	7  -  MemoryUsage of job (MB)
	6228  -  ResidentSetSize of job (KB)
...
040 (10261767.5599.000) 07/25 14:53:04 Started transferring output files
...
040 (10261767.5599.000) 07/25 14:53:04 Finished transferring output files
...
005 (10261767.5599.000) 07/25 14:53:04 Job terminated.
	(1) Normal termination (return value 0)
		Usr 0 00:00:04, Sys 0 00:00:00  -  Run Remote Usage
		Usr 0 00:00:00, Sys 0 00:00:00  -  Run Local Usage
		Usr 0 00:00:04, Sys 0 00:00:00  -  Total Remote Usage
		Usr 0 00:00:00, Sys 0 00:00:00  -  Total Local Usage
	6676  -  Run Bytes Sent By Job
	409597  -  Run Bytes Received By Job
	6676  -  Total Bytes Sent By Job
	409597  -  Total Bytes Received By Job
	Partitionable Resources :    Usage  Request Allocated 
	   Cpus                 :     0.06       12        12 
	   Disk (KB)            :   429         425   2682433 
	   Memory (MB)          :     7       24000     24000 

	Job terminated of its own accord at 2024-07-25T12:53:04Z with exit-code 0.
...
000 (10284266.5599.000) 08/02 15:47:20 Job submitted from host: <188.185.114.121:9618?addrs=188.185.114.121-9618+[2001-1458-d00-a--100-273]-9618&alias=bigbird19.cern.ch&noUDP&sock=schedd_4961_696e>
...
000 (10284267.5599.000) 08/02 15:50:14 Job submitted from host: <188.185.114.121:9618?addrs=188.185.114.121-9618+[2001-1458-d00-a--100-273]-9618&alias=bigbird19.cern.ch&noUDP&sock=schedd_4961_696e>
...
009 (10284266.5599.000) 08/02 15:50:41 Job was aborted.
	via condor_rm (by user yelberke)
...
040 (10284267.5599.000) 08/02 17:10:28 Started transferring input files
	Transferring to host: <188.185.207.208:9618?addrs=188.185.207.208-9618+[2001-1458-303-e--100-4d]-9618&alias=b9p08p9041.cern.ch&noUDP&sock=slot1_3_17955_abf3_35292>
...
040 (10284267.5599.000) 08/02 17:10:28 Finished transferring input files
...
001 (10284267.5599.000) 08/02 17:10:29 Job executing on host: <188.185.207.208:9618?addrs=188.185.207.208-9618+[2001-1458-303-e--100-4d]-9618&alias=b9p08p9041.cern.ch&noUDP&sock=startd_16950_de5e>
	SlotName: slot1_3@b9p08p9041.cern.ch
	CondorScratchDir = "/pool/condor/dir_2343462"
	Cpus = 12
	Disk = 2803523
	Memory = 24000
...
006 (10284267.5599.000) 08/02 17:10:31 Image size of job updated: 327688
	4  -  MemoryUsage of job (MB)
	3580  -  ResidentSetSize of job (KB)
...
040 (10284267.5599.000) 08/02 17:10:31 Started transferring output files
...
040 (10284267.5599.000) 08/02 17:10:31 Finished transferring output files
...
005 (10284267.5599.000) 08/02 17:10:31 Job terminated.
	(1) Normal termination (return value 139)
		Usr 0 00:00:01, Sys 0 00:00:01  -  Run Remote Usage
		Usr 0 00:00:00, Sys 0 00:00:00  -  Run Local Usage
		Usr 0 00:00:01, Sys 0 00:00:01  -  Total Remote Usage
		Usr 0 00:00:00, Sys 0 00:00:00  -  Total Local Usage
	7696  -  Run Bytes Sent By Job
	409597  -  Run Bytes Received By Job
	7696  -  Total Bytes Sent By Job
	409597  -  Total Bytes Received By Job
	Partitionable Resources :    Usage  Request Allocated 
	   Cpus                 :        0       12        12 
	   Disk (KB)            :      430      425   2803523 
	   Memory (MB)          :        4    24000     24000 

	Job terminated of its own accord at 2024-08-02T15:10:31Z with exit-code 139.
...
