000 (10252905.561.000) 07/24 16:13:15 Job submitted from host: <188.185.114.121:9618?addrs=188.185.114.121-9618+[2001-1458-d00-a--100-273]-9618&alias=bigbird19.cern.ch&noUDP&sock=schedd_4961_696e>
...
009 (10252905.561.000) 07/24 16:14:46 Job was aborted.
	via condor_rm (by user yelberke)
...
000 (10252906.561.000) 07/24 16:15:36 Job submitted from host: <188.185.114.121:9618?addrs=188.185.114.121-9618+[2001-1458-d00-a--100-273]-9618&alias=bigbird19.cern.ch&noUDP&sock=schedd_4961_696e>
...
000 (10252907.561.000) 07/24 16:17:30 Job submitted from host: <188.185.114.121:9618?addrs=188.185.114.121-9618+[2001-1458-d00-a--100-273]-9618&alias=bigbird19.cern.ch&noUDP&sock=schedd_4961_696e>
...
000 (10252908.561.000) 07/24 16:18:03 Job submitted from host: <188.185.114.121:9618?addrs=188.185.114.121-9618+[2001-1458-d00-a--100-273]-9618&alias=bigbird19.cern.ch&noUDP&sock=schedd_4961_696e>
...
000 (10252909.561.000) 07/24 16:18:39 Job submitted from host: <188.185.114.121:9618?addrs=188.185.114.121-9618+[2001-1458-d00-a--100-273]-9618&alias=bigbird19.cern.ch&noUDP&sock=schedd_4961_696e>
...
000 (10252910.561.000) 07/24 16:19:04 Job submitted from host: <188.185.114.121:9618?addrs=188.185.114.121-9618+[2001-1458-d00-a--100-273]-9618&alias=bigbird19.cern.ch&noUDP&sock=schedd_4961_696e>
...
000 (10252911.561.000) 07/24 16:19:17 Job submitted from host: <188.185.114.121:9618?addrs=188.185.114.121-9618+[2001-1458-d00-a--100-273]-9618&alias=bigbird19.cern.ch&noUDP&sock=schedd_4961_696e>
...
000 (10252912.561.000) 07/24 16:19:30 Job submitted from host: <188.185.114.121:9618?addrs=188.185.114.121-9618+[2001-1458-d00-a--100-273]-9618&alias=bigbird19.cern.ch&noUDP&sock=schedd_4961_696e>
...
000 (10252913.561.000) 07/24 16:19:42 Job submitted from host: <188.185.114.121:9618?addrs=188.185.114.121-9618+[2001-1458-d00-a--100-273]-9618&alias=bigbird19.cern.ch&noUDP&sock=schedd_4961_696e>
...
040 (10252906.561.000) 07/24 16:20:53 Started transferring input files
	Transferring to host: <128.142.192.207:9618?addrs=128.142.192.207-9618+[2001-1458-301-56--100-4b]-9618&alias=b9g18p3814.cern.ch&noUDP&sock=slot1_1_1707733_231d_75759>
...
040 (10252906.561.000) 07/24 16:20:53 Finished transferring input files
...
001 (10252906.561.000) 07/24 16:20:54 Job executing on host: <128.142.192.207:9618?addrs=128.142.192.207-9618+[2001-1458-301-56--100-4b]-9618&alias=b9g18p3814.cern.ch&noUDP&sock=startd_5483_75de>
	SlotName: slot1_1@b9g18p3814.cern.ch
	CondorScratchDir = "/pool/condor/dir_3769583"
	Cpus = 8
	Disk = 2831796
	Memory = 16000
...
006 (10252906.561.000) 07/24 16:21:01 Image size of job updated: 160492
	8  -  MemoryUsage of job (MB)
	8176  -  ResidentSetSize of job (KB)
...
040 (10252906.561.000) 07/24 16:21:01 Started transferring output files
...
040 (10252906.561.000) 07/24 16:21:01 Finished transferring output files
...
005 (10252906.561.000) 07/24 16:21:01 Job terminated.
	(1) Normal termination (return value 0)
		Usr 0 00:00:05, Sys 0 00:00:00  -  Run Remote Usage
		Usr 0 00:00:00, Sys 0 00:00:00  -  Run Local Usage
		Usr 0 00:00:05, Sys 0 00:00:00  -  Total Remote Usage
		Usr 0 00:00:00, Sys 0 00:00:00  -  Total Local Usage
	6204  -  Run Bytes Sent By Job
	409597  -  Run Bytes Received By Job
	6204  -  Total Bytes Sent By Job
	409597  -  Total Bytes Received By Job
	Partitionable Resources :    Usage  Request Allocated 
	   Cpus                 :        0        8         8 
	   Disk (KB)            :      427      425   2831796 
	   Memory (MB)          :        8    16000     16000 

	Job terminated of its own accord at 2024-07-24T14:21:01Z with exit-code 0.
...
040 (10252907.561.000) 07/24 17:46:07 Started transferring input files
	Transferring to host: <188.185.205.177:9618?addrs=188.185.205.177-9618+[2001-1458-303-a--100-2e]-9618&alias=b9p04p7919.cern.ch&noUDP&sock=slot1_21_5958_b32b_81715>
...
040 (10252907.561.000) 07/24 17:46:07 Finished transferring input files
...
001 (10252907.561.000) 07/24 17:46:08 Job executing on host: <188.185.205.177:9618?addrs=188.185.205.177-9618+[2001-1458-303-a--100-2e]-9618&alias=b9p04p7919.cern.ch&noUDP&sock=startd_4835_fc7f>
	SlotName: slot1_21@b9p04p7919.cern.ch
	CondorScratchDir = "/pool/condor/dir_2703919"
	Cpus = 8
	Disk = 2689891
	Memory = 16000
...
006 (10252907.561.000) 07/24 17:46:12 Image size of job updated: 167832
	12  -  MemoryUsage of job (MB)
	11576  -  ResidentSetSize of job (KB)
...
040 (10252907.561.000) 07/24 17:46:12 Started transferring output files
...
040 (10252907.561.000) 07/24 17:46:12 Finished transferring output files
...
005 (10252907.561.000) 07/24 17:46:12 Job terminated.
	(1) Normal termination (return value 0)
		Usr 0 00:00:03, Sys 0 00:00:00  -  Run Remote Usage
		Usr 0 00:00:00, Sys 0 00:00:00  -  Run Local Usage
		Usr 0 00:00:03, Sys 0 00:00:00  -  Total Remote Usage
		Usr 0 00:00:00, Sys 0 00:00:00  -  Total Local Usage
	6204  -  Run Bytes Sent By Job
	409597  -  Run Bytes Received By Job
	6204  -  Total Bytes Sent By Job
	409597  -  Total Bytes Received By Job
	Partitionable Resources :    Usage  Request Allocated 
	   Cpus                 :        0        8         8 
	   Disk (KB)            :      427      425   2689891 
	   Memory (MB)          :       12    16000     16000 

	Job terminated of its own accord at 2024-07-24T15:46:12Z with exit-code 0.
...
040 (10252908.561.000) 07/24 18:51:05 Started transferring input files
	Transferring to host: <188.185.206.63:9618?addrs=188.185.206.63-9618+[2001-1458-303-b--100-3c]-9618&alias=b9p05p3069.cern.ch&noUDP&sock=slot1_10_67930_9483_89270>
...
040 (10252908.561.000) 07/24 18:51:05 Finished transferring input files
...
001 (10252908.561.000) 07/24 18:51:06 Job executing on host: <188.185.206.63:9618?addrs=188.185.206.63-9618+[2001-1458-303-b--100-3c]-9618&alias=b9p05p3069.cern.ch&noUDP&sock=startd_3357_3385>
	SlotName: slot1_10@b9p05p3069.cern.ch
	CondorScratchDir = "/pool/condor/dir_3462113"
	Cpus = 8
	Disk = 2884894
	Memory = 16000
...
006 (10252908.561.000) 07/24 18:51:11 Image size of job updated: 165044
	10  -  MemoryUsage of job (MB)
	9992  -  ResidentSetSize of job (KB)
...
040 (10252908.561.000) 07/24 18:51:11 Started transferring output files
...
040 (10252908.561.000) 07/24 18:51:11 Finished transferring output files
...
005 (10252908.561.000) 07/24 18:51:11 Job terminated.
	(1) Normal termination (return value 0)
		Usr 0 00:00:03, Sys 0 00:00:00  -  Run Remote Usage
		Usr 0 00:00:00, Sys 0 00:00:00  -  Run Local Usage
		Usr 0 00:00:03, Sys 0 00:00:00  -  Total Remote Usage
		Usr 0 00:00:00, Sys 0 00:00:00  -  Total Local Usage
	6204  -  Run Bytes Sent By Job
	409597  -  Run Bytes Received By Job
	6204  -  Total Bytes Sent By Job
	409597  -  Total Bytes Received By Job
	Partitionable Resources :    Usage  Request Allocated 
	   Cpus                 :        0        8         8 
	   Disk (KB)            :      431      425   2884894 
	   Memory (MB)          :       10    16000     16000 

	Job terminated of its own accord at 2024-07-24T16:51:11Z with exit-code 0.
...
040 (10252909.561.000) 07/24 19:51:17 Started transferring input files
	Transferring to host: <188.185.205.58:9618?addrs=188.185.205.58-9618+[2001-1458-303-9--100-ae]-9618&alias=b9p03p9210.cern.ch&noUDP&sock=slot1_31_7418_66e7_156550>
...
040 (10252909.561.000) 07/24 19:51:17 Finished transferring input files
...
001 (10252909.561.000) 07/24 19:51:18 Job executing on host: <188.185.205.58:9618?addrs=188.185.205.58-9618+[2001-1458-303-9--100-ae]-9618&alias=b9p03p9210.cern.ch&noUDP&sock=startd_7350_112f>
	SlotName: slot1_31@b9p03p9210.cern.ch
	CondorScratchDir = "/pool/condor/dir_3126031"
	Cpus = 8
	Disk = 2877905
	Memory = 16000
...
006 (10252909.561.000) 07/24 19:51:23 Image size of job updated: 157964
	8  -  MemoryUsage of job (MB)
	7220  -  ResidentSetSize of job (KB)
...
040 (10252909.561.000) 07/24 19:51:24 Started transferring output files
...
040 (10252909.561.000) 07/24 19:51:24 Finished transferring output files
...
005 (10252909.561.000) 07/24 19:51:24 Job terminated.
	(1) Normal termination (return value 0)
		Usr 0 00:00:04, Sys 0 00:00:00  -  Run Remote Usage
		Usr 0 00:00:00, Sys 0 00:00:00  -  Run Local Usage
		Usr 0 00:00:04, Sys 0 00:00:00  -  Total Remote Usage
		Usr 0 00:00:00, Sys 0 00:00:00  -  Total Local Usage
	6204  -  Run Bytes Sent By Job
	409597  -  Run Bytes Received By Job
	6204  -  Total Bytes Sent By Job
	409597  -  Total Bytes Received By Job
	Partitionable Resources :    Usage  Request Allocated 
	   Cpus                 :        0        8         8 
	   Disk (KB)            :      427      425   2877905 
	   Memory (MB)          :        8    16000     16000 

	Job terminated of its own accord at 2024-07-24T17:51:23Z with exit-code 0.
...
040 (10252910.561.000) 07/24 20:44:07 Started transferring input files
	Transferring to host: <188.185.194.113:9618?addrs=188.185.194.113-9618+[2001-1458-303-21--100-6d]-9618&alias=b9p20p1163.cern.ch&noUDP&sock=slot1_7_1693239_cd90_5330>
...
040 (10252910.561.000) 07/24 20:44:07 Finished transferring input files
...
001 (10252910.561.000) 07/24 20:44:08 Job executing on host: <188.185.194.113:9618?addrs=188.185.194.113-9618+[2001-1458-303-21--100-6d]-9618&alias=b9p20p1163.cern.ch&noUDP&sock=startd_127943_d5aa>
	SlotName: slot1_7@b9p20p1163.cern.ch
	CondorScratchDir = "/pool/condor/dir_1433522"
	Cpus = 8
	Disk = 3011717
	Memory = 16000
...
006 (10252910.561.000) 07/24 20:44:13 Image size of job updated: 150740
	1  -  MemoryUsage of job (MB)
	596  -  ResidentSetSize of job (KB)
...
040 (10252910.561.000) 07/24 20:44:13 Started transferring output files
...
040 (10252910.561.000) 07/24 20:44:13 Finished transferring output files
...
005 (10252910.561.000) 07/24 20:44:13 Job terminated.
	(1) Normal termination (return value 0)
		Usr 0 00:00:05, Sys 0 00:00:00  -  Run Remote Usage
		Usr 0 00:00:00, Sys 0 00:00:00  -  Run Local Usage
		Usr 0 00:00:05, Sys 0 00:00:00  -  Total Remote Usage
		Usr 0 00:00:00, Sys 0 00:00:00  -  Total Local Usage
	6201  -  Run Bytes Sent By Job
	409597  -  Run Bytes Received By Job
	6201  -  Total Bytes Sent By Job
	409597  -  Total Bytes Received By Job
	Partitionable Resources :    Usage  Request Allocated 
	   Cpus                 :        0        8         8 
	   Disk (KB)            :      428      425   3011717 
	   Memory (MB)          :        1    16000     16000 

	Job terminated of its own accord at 2024-07-24T18:44:13Z with exit-code 0.
...
040 (10252911.561.000) 07/24 20:57:03 Started transferring input files
	Transferring to host: <188.185.207.15:9618?addrs=188.185.207.15-9618+[2001-1458-303-d--100-c]-9618&alias=b9p07p1846.cern.ch&noUDP&sock=slot1_2_4594_a374_147813>
...
040 (10252911.561.000) 07/24 20:57:03 Finished transferring input files
...
001 (10252911.561.000) 07/24 20:57:04 Job executing on host: <188.185.207.15:9618?addrs=188.185.207.15-9618+[2001-1458-303-d--100-c]-9618&alias=b9p07p1846.cern.ch&noUDP&sock=startd_3880_ef8d>
	SlotName: slot1_2@b9p07p1846.cern.ch
	CondorScratchDir = "/pool/condor/dir_157327"
	Cpus = 8
	Disk = 3002231
	Memory = 16000
...
006 (10252911.561.000) 07/24 20:57:08 Image size of job updated: 163772
	10  -  MemoryUsage of job (MB)
	9512  -  ResidentSetSize of job (KB)
...
040 (10252911.561.000) 07/24 20:57:08 Started transferring output files
...
040 (10252911.561.000) 07/24 20:57:08 Finished transferring output files
...
005 (10252911.561.000) 07/24 20:57:08 Job terminated.
	(1) Normal termination (return value 0)
		Usr 0 00:00:03, Sys 0 00:00:00  -  Run Remote Usage
		Usr 0 00:00:00, Sys 0 00:00:00  -  Run Local Usage
		Usr 0 00:00:03, Sys 0 00:00:00  -  Total Remote Usage
		Usr 0 00:00:00, Sys 0 00:00:00  -  Total Local Usage
	6204  -  Run Bytes Sent By Job
	409597  -  Run Bytes Received By Job
	6204  -  Total Bytes Sent By Job
	409597  -  Total Bytes Received By Job
	Partitionable Resources :    Usage  Request Allocated 
	   Cpus                 :        0        8         8 
	   Disk (KB)            :      428      425   3002231 
	   Memory (MB)          :       10    16000     16000 

	Job terminated of its own accord at 2024-07-24T18:57:08Z with exit-code 0.
...
040 (10252912.561.000) 07/24 21:10:00 Started transferring input files
	Transferring to host: <188.185.196.90:9618?addrs=188.185.196.90-9618+[2001-1458-303-23--100-56]-9618&alias=b9p16p8401.cern.ch&noUDP&sock=slot1_4_3768298_964e_3988>
...
040 (10252912.561.000) 07/24 21:10:00 Finished transferring input files
...
001 (10252912.561.000) 07/24 21:10:01 Job executing on host: <188.185.196.90:9618?addrs=188.185.196.90-9618+[2001-1458-303-23--100-56]-9618&alias=b9p16p8401.cern.ch&noUDP&sock=startd_177825_bcd5>
	SlotName: slot1_4@b9p16p8401.cern.ch
	CondorScratchDir = "/pool/condor/dir_2872362"
	Cpus = 8
	Disk = 2958023
	Memory = 16000
...
006 (10252912.561.000) 07/24 21:10:08 Image size of job updated: 161148
	9  -  MemoryUsage of job (MB)
	8380  -  ResidentSetSize of job (KB)
...
040 (10252912.561.000) 07/24 21:10:08 Started transferring output files
...
040 (10252912.561.000) 07/24 21:10:08 Finished transferring output files
...
005 (10252912.561.000) 07/24 21:10:08 Job terminated.
	(1) Normal termination (return value 0)
		Usr 0 00:00:05, Sys 0 00:00:00  -  Run Remote Usage
		Usr 0 00:00:00, Sys 0 00:00:00  -  Run Local Usage
		Usr 0 00:00:05, Sys 0 00:00:00  -  Total Remote Usage
		Usr 0 00:00:00, Sys 0 00:00:00  -  Total Local Usage
	6204  -  Run Bytes Sent By Job
	409597  -  Run Bytes Received By Job
	6204  -  Total Bytes Sent By Job
	409597  -  Total Bytes Received By Job
	Partitionable Resources :    Usage  Request Allocated 
	   Cpus                 :        0        8         8 
	   Disk (KB)            :      428      425   2958023 
	   Memory (MB)          :        9    16000     16000 

	Job terminated of its own accord at 2024-07-24T19:10:08Z with exit-code 0.
...
040 (10252913.561.000) 07/24 21:23:50 Started transferring input files
	Transferring to host: <188.185.205.38:9618?addrs=188.185.205.38-9618&alias=b9p03p4004.cern.ch&noUDP&sock=slot1_16_4730_7679_157476>
...
040 (10252913.561.000) 07/24 21:23:50 Finished transferring input files
...
001 (10252913.561.000) 07/24 21:23:51 Job executing on host: <188.185.205.38:9618?addrs=188.185.205.38-9618&alias=b9p03p4004.cern.ch&noUDP&sock=startd_4240_dda5>
	SlotName: slot1_16@b9p03p4004.cern.ch
	CondorScratchDir = "/pool/condor/dir_934919"
	Cpus = 8
	Disk = 2881362
	Memory = 16000
...
006 (10252913.561.000) 07/24 21:23:55 Image size of job updated: 164060
	10  -  MemoryUsage of job (MB)
	9456  -  ResidentSetSize of job (KB)
...
040 (10252913.561.000) 07/24 21:23:55 Started transferring output files
...
040 (10252913.561.000) 07/24 21:23:55 Finished transferring output files
...
005 (10252913.561.000) 07/24 21:23:55 Job terminated.
	(1) Normal termination (return value 0)
		Usr 0 00:00:03, Sys 0 00:00:00  -  Run Remote Usage
		Usr 0 00:00:00, Sys 0 00:00:00  -  Run Local Usage
		Usr 0 00:00:03, Sys 0 00:00:00  -  Total Remote Usage
		Usr 0 00:00:00, Sys 0 00:00:00  -  Total Local Usage
	6204  -  Run Bytes Sent By Job
	409597  -  Run Bytes Received By Job
	6204  -  Total Bytes Sent By Job
	409597  -  Total Bytes Received By Job
	Partitionable Resources :    Usage  Request Allocated 
	   Cpus                 :        0        8         8 
	   Disk (KB)            :      428      425   2881362 
	   Memory (MB)          :       10    16000     16000 

	Job terminated of its own accord at 2024-07-24T19:23:55Z with exit-code 0.
...
000 (10261715.561.000) 07/25 13:01:28 Job submitted from host: <188.185.114.121:9618?addrs=188.185.114.121-9618+[2001-1458-d00-a--100-273]-9618&alias=bigbird19.cern.ch&noUDP&sock=schedd_4961_696e>
...
009 (10261715.561.000) 07/25 13:06:39 Job was aborted.
	via condor_rm (by user yelberke)
...
000 (10261767.561.000) 07/25 13:19:59 Job submitted from host: <188.185.114.121:9618?addrs=188.185.114.121-9618+[2001-1458-d00-a--100-273]-9618&alias=bigbird19.cern.ch&noUDP&sock=schedd_4961_696e>
...
040 (10261767.561.000) 07/25 13:48:05 Started transferring input files
	Transferring to host: <188.185.208.66:9618?addrs=188.185.208.66-9618+[2001-1458-303-f--100-3f]-9618&alias=b9p09p4833.cern.ch&noUDP&sock=slot1_6_125370_41a3_144614>
...
040 (10261767.561.000) 07/25 13:48:05 Finished transferring input files
...
001 (10261767.561.000) 07/25 13:48:06 Job executing on host: <188.185.208.66:9618?addrs=188.185.208.66-9618+[2001-1458-303-f--100-3f]-9618&alias=b9p09p4833.cern.ch&noUDP&sock=startd_115776_48de>
	SlotName: slot1_6@b9p09p4833.cern.ch
	CondorScratchDir = "/pool/condor/dir_2620590"
	Cpus = 12
	Disk = 2564560
	Memory = 24000
...
006 (10261767.561.000) 07/25 13:48:12 Image size of job updated: 167328
	10  -  MemoryUsage of job (MB)
	9900  -  ResidentSetSize of job (KB)
...
040 (10261767.561.000) 07/25 13:48:12 Started transferring output files
...
040 (10261767.561.000) 07/25 13:48:12 Finished transferring output files
...
005 (10261767.561.000) 07/25 13:48:12 Job terminated.
	(1) Normal termination (return value 0)
		Usr 0 00:00:04, Sys 0 00:00:00  -  Run Remote Usage
		Usr 0 00:00:00, Sys 0 00:00:00  -  Run Local Usage
		Usr 0 00:00:04, Sys 0 00:00:00  -  Total Remote Usage
		Usr 0 00:00:00, Sys 0 00:00:00  -  Total Local Usage
	6204  -  Run Bytes Sent By Job
	409597  -  Run Bytes Received By Job
	6204  -  Total Bytes Sent By Job
	409597  -  Total Bytes Received By Job
	Partitionable Resources :    Usage  Request Allocated 
	   Cpus                 :                12        12 
	   Disk (KB)            :      421      425   2564560 
	   Memory (MB)          :       10    24000     24000 

	Job terminated of its own accord at 2024-07-25T11:48:12Z with exit-code 0.
...
000 (10284266.561.000) 08/02 15:45:09 Job submitted from host: <188.185.114.121:9618?addrs=188.185.114.121-9618+[2001-1458-d00-a--100-273]-9618&alias=bigbird19.cern.ch&noUDP&sock=schedd_4961_696e>
...
009 (10284266.561.000) 08/02 15:49:14 Job was aborted.
	via condor_rm (by user yelberke)
...
000 (10284267.561.000) 08/02 15:49:46 Job submitted from host: <188.185.114.121:9618?addrs=188.185.114.121-9618+[2001-1458-d00-a--100-273]-9618&alias=bigbird19.cern.ch&noUDP&sock=schedd_4961_696e>
...
040 (10284267.561.000) 08/02 16:08:56 Started transferring input files
	Transferring to host: <188.185.209.46:9618?addrs=188.185.209.46-9618+[2001-1458-303-11--100-2b]-9618&alias=b9p11p5617.cern.ch&noUDP&sock=slot1_8_13557_e200_154885>
...
040 (10284267.561.000) 08/02 16:08:56 Finished transferring input files
...
001 (10284267.561.000) 08/02 16:08:57 Job executing on host: <188.185.209.46:9618?addrs=188.185.209.46-9618+[2001-1458-303-11--100-2b]-9618&alias=b9p11p5617.cern.ch&noUDP&sock=startd_12097_1d42>
	SlotName: slot1_8@b9p11p5617.cern.ch
	CondorScratchDir = "/pool/condor/dir_2890732"
	Cpus = 12
	Disk = 2833764
	Memory = 24000
...
006 (10284267.561.000) 08/02 16:08:59 Image size of job updated: 323272
	2  -  MemoryUsage of job (MB)
	1748  -  ResidentSetSize of job (KB)
...
040 (10284267.561.000) 08/02 16:08:59 Started transferring output files
...
040 (10284267.561.000) 08/02 16:08:59 Finished transferring output files
...
005 (10284267.561.000) 08/02 16:08:59 Job terminated.
	(1) Normal termination (return value 139)
		Usr 0 00:00:02, Sys 0 00:00:01  -  Run Remote Usage
		Usr 0 00:00:00, Sys 0 00:00:00  -  Run Local Usage
		Usr 0 00:00:02, Sys 0 00:00:01  -  Total Remote Usage
		Usr 0 00:00:00, Sys 0 00:00:00  -  Total Local Usage
	7696  -  Run Bytes Sent By Job
	409597  -  Run Bytes Received By Job
	7696  -  Total Bytes Sent By Job
	409597  -  Total Bytes Received By Job
	Partitionable Resources :    Usage  Request Allocated 
	   Cpus                 :                12        12 
	   Disk (KB)            :      422      425   2833764 
	   Memory (MB)          :        2    24000     24000 

	Job terminated of its own accord at 2024-08-02T14:08:59Z with exit-code 139.
...
