000 (10252905.5641.000) 07/24 16:13:22 Job submitted from host: <188.185.114.121:9618?addrs=188.185.114.121-9618+[2001-1458-d00-a--100-273]-9618&alias=bigbird19.cern.ch&noUDP&sock=schedd_4961_696e>
...
009 (10252905.5641.000) 07/24 16:14:52 Job was aborted.
	via condor_rm (by user yelberke)
...
000 (10252906.5641.000) 07/24 16:15:41 Job submitted from host: <188.185.114.121:9618?addrs=188.185.114.121-9618+[2001-1458-d00-a--100-273]-9618&alias=bigbird19.cern.ch&noUDP&sock=schedd_4961_696e>
...
000 (10252907.5641.000) 07/24 16:17:35 Job submitted from host: <188.185.114.121:9618?addrs=188.185.114.121-9618+[2001-1458-d00-a--100-273]-9618&alias=bigbird19.cern.ch&noUDP&sock=schedd_4961_696e>
...
000 (10252908.5641.000) 07/24 16:18:08 Job submitted from host: <188.185.114.121:9618?addrs=188.185.114.121-9618+[2001-1458-d00-a--100-273]-9618&alias=bigbird19.cern.ch&noUDP&sock=schedd_4961_696e>
...
000 (10252909.5641.000) 07/24 16:18:44 Job submitted from host: <188.185.114.121:9618?addrs=188.185.114.121-9618+[2001-1458-d00-a--100-273]-9618&alias=bigbird19.cern.ch&noUDP&sock=schedd_4961_696e>
...
040 (10252906.5641.000) 07/24 17:28:09 Started transferring input files
	Transferring to host: <188.185.206.175:9618?addrs=188.185.206.175-9618&alias=b9p06p7955.cern.ch&noUDP&sock=slot1_4_7362_f1e4_154615>
...
040 (10252906.5641.000) 07/24 17:28:09 Finished transferring input files
...
001 (10252906.5641.000) 07/24 17:28:10 Job executing on host: <188.185.206.175:9618?addrs=188.185.206.175-9618&alias=b9p06p7955.cern.ch&noUDP&sock=startd_7297_b6aa>
	SlotName: slot1_4@b9p06p7955.cern.ch
	CondorScratchDir = "/pool/condor/dir_3078621"
	Cpus = 8
	Disk = 2758617
	Memory = 16000
...
006 (10252906.5641.000) 07/24 17:28:15 Image size of job updated: 156764
	7  -  MemoryUsage of job (MB)
	6208  -  ResidentSetSize of job (KB)
...
040 (10252906.5641.000) 07/24 17:28:15 Started transferring output files
...
040 (10252906.5641.000) 07/24 17:28:15 Finished transferring output files
...
005 (10252906.5641.000) 07/24 17:28:15 Job terminated.
	(1) Normal termination (return value 0)
		Usr 0 00:00:03, Sys 0 00:00:00  -  Run Remote Usage
		Usr 0 00:00:00, Sys 0 00:00:00  -  Run Local Usage
		Usr 0 00:00:03, Sys 0 00:00:00  -  Total Remote Usage
		Usr 0 00:00:00, Sys 0 00:00:00  -  Total Local Usage
	6201  -  Run Bytes Sent By Job
	409597  -  Run Bytes Received By Job
	6201  -  Total Bytes Sent By Job
	409597  -  Total Bytes Received By Job
	Partitionable Resources :    Usage  Request Allocated 
	   Cpus                 :        0        8         8 
	   Disk (KB)            :      427      425   2758617 
	   Memory (MB)          :        7    16000     16000 

	Job terminated of its own accord at 2024-07-24T15:28:15Z with exit-code 0.
...
040 (10252907.5641.000) 07/24 18:27:04 Started transferring input files
	Transferring to host: <188.185.209.190:9618?addrs=188.185.209.190-9618+[2001-1458-303-12--100-3b]-9618&alias=b9p12p6813.cern.ch&noUDP&sock=slot1_4_7161_527c_144121>
...
040 (10252907.5641.000) 07/24 18:27:05 Finished transferring input files
...
001 (10252907.5641.000) 07/24 18:27:06 Job executing on host: <188.185.209.190:9618?addrs=188.185.209.190-9618+[2001-1458-303-12--100-3b]-9618&alias=b9p12p6813.cern.ch&noUDP&sock=startd_5817_8e7f>
	SlotName: slot1_4@b9p12p6813.cern.ch
	CondorScratchDir = "/pool/condor/dir_3502606"
	Cpus = 8
	Disk = 2755570
	Memory = 16000
...
006 (10252907.5641.000) 07/24 18:27:10 Image size of job updated: 169568
	13  -  MemoryUsage of job (MB)
	12428  -  ResidentSetSize of job (KB)
...
040 (10252907.5641.000) 07/24 18:27:10 Started transferring output files
...
040 (10252907.5641.000) 07/24 18:27:10 Finished transferring output files
...
005 (10252907.5641.000) 07/24 18:27:10 Job terminated.
	(1) Normal termination (return value 0)
		Usr 0 00:00:03, Sys 0 00:00:00  -  Run Remote Usage
		Usr 0 00:00:00, Sys 0 00:00:00  -  Run Local Usage
		Usr 0 00:00:03, Sys 0 00:00:00  -  Total Remote Usage
		Usr 0 00:00:00, Sys 0 00:00:00  -  Total Local Usage
	6204  -  Run Bytes Sent By Job
	409597  -  Run Bytes Received By Job
	6204  -  Total Bytes Sent By Job
	409597  -  Total Bytes Received By Job
	Partitionable Resources :    Usage  Request Allocated 
	   Cpus                 :        0        8         8 
	   Disk (KB)            :      427      425   2755570 
	   Memory (MB)          :       13    16000     16000 

	Job terminated of its own accord at 2024-07-24T16:27:10Z with exit-code 0.
...
040 (10252908.5641.000) 07/24 19:33:22 Started transferring input files
	Transferring to host: <188.185.205.118:9618?addrs=188.185.205.118-9618+[2001-1458-303-9--100-73]-9618&alias=b9p03p6728.cern.ch&noUDP&sock=slot1_4_6107_af11_157591>
...
040 (10252908.5641.000) 07/24 19:33:22 Finished transferring input files
...
001 (10252908.5641.000) 07/24 19:33:23 Job executing on host: <188.185.205.118:9618?addrs=188.185.205.118-9618+[2001-1458-303-9--100-73]-9618&alias=b9p03p6728.cern.ch&noUDP&sock=startd_5706_6b7c>
	SlotName: slot1_4@b9p03p6728.cern.ch
	CondorScratchDir = "/pool/condor/dir_3815310"
	Cpus = 8
	Disk = 2800341
	Memory = 16000
...
006 (10252908.5641.000) 07/24 19:33:28 Image size of job updated: 160212
	8  -  MemoryUsage of job (MB)
	7844  -  ResidentSetSize of job (KB)
...
040 (10252908.5641.000) 07/24 19:33:28 Started transferring output files
...
040 (10252908.5641.000) 07/24 19:33:30 Finished transferring output files
...
005 (10252908.5641.000) 07/24 19:33:32 Job terminated.
	(1) Normal termination (return value 0)
		Usr 0 00:00:03, Sys 0 00:00:00  -  Run Remote Usage
		Usr 0 00:00:00, Sys 0 00:00:00  -  Run Local Usage
		Usr 0 00:00:03, Sys 0 00:00:00  -  Total Remote Usage
		Usr 0 00:00:00, Sys 0 00:00:00  -  Total Local Usage
	6204  -  Run Bytes Sent By Job
	409597  -  Run Bytes Received By Job
	6204  -  Total Bytes Sent By Job
	409597  -  Total Bytes Received By Job
	Partitionable Resources :    Usage  Request Allocated 
	   Cpus                 :        0        8         8 
	   Disk (KB)            :      428      425   2800341 
	   Memory (MB)          :        8    16000     16000 

	Job terminated of its own accord at 2024-07-24T17:33:28Z with exit-code 0.
...
040 (10252909.5641.000) 07/24 20:28:05 Started transferring input files
	Transferring to host: <188.185.194.111:9618?addrs=188.185.194.111-9618+[2001-1458-303-21--100-6b]-9618&alias=b9p20p1306.cern.ch&noUDP&sock=slot1_5_700154_94f1_3543>
...
040 (10252909.5641.000) 07/24 20:28:05 Finished transferring input files
...
001 (10252909.5641.000) 07/24 20:28:06 Job executing on host: <188.185.194.111:9618?addrs=188.185.194.111-9618+[2001-1458-303-21--100-6b]-9618&alias=b9p20p1306.cern.ch&noUDP&sock=startd_128353_0f7e>
	SlotName: slot1_5@b9p20p1306.cern.ch
	CondorScratchDir = "/pool/condor/dir_1434517"
	Cpus = 8
	Disk = 3002259
	Memory = 16000
...
006 (10252909.5641.000) 07/24 20:28:15 Image size of job updated: 158548
	155  -  MemoryUsage of job (MB)
	158544  -  ResidentSetSize of job (KB)
...
006 (10252909.5641.000) 07/24 20:28:15 Image size of job updated: 159288
	155  -  MemoryUsage of job (MB)
	158544  -  ResidentSetSize of job (KB)
...
040 (10252909.5641.000) 07/24 20:28:16 Started transferring output files
...
040 (10252909.5641.000) 07/24 20:28:16 Finished transferring output files
...
005 (10252909.5641.000) 07/24 20:28:16 Job terminated.
	(1) Normal termination (return value 0)
		Usr 0 00:00:08, Sys 0 00:00:00  -  Run Remote Usage
		Usr 0 00:00:00, Sys 0 00:00:00  -  Run Local Usage
		Usr 0 00:00:08, Sys 0 00:00:00  -  Total Remote Usage
		Usr 0 00:00:00, Sys 0 00:00:00  -  Total Local Usage
	6204  -  Run Bytes Sent By Job
	409597  -  Run Bytes Received By Job
	6204  -  Total Bytes Sent By Job
	409597  -  Total Bytes Received By Job
	Partitionable Resources :    Usage  Request Allocated 
	   Cpus                 :        0        8         8 
	   Disk (KB)            :      428      425   3002259 
	   Memory (MB)          :      155    16000     16000 

	Job terminated of its own accord at 2024-07-24T18:28:15Z with exit-code 0.
...
000 (10261715.5641.000) 07/25 13:03:30 Job submitted from host: <188.185.114.121:9618?addrs=188.185.114.121-9618+[2001-1458-d00-a--100-273]-9618&alias=bigbird19.cern.ch&noUDP&sock=schedd_4961_696e>
...
009 (10261715.5641.000) 07/25 13:07:05 Job was aborted.
	via condor_rm (by user yelberke)
...
000 (10261767.5641.000) 07/25 13:20:47 Job submitted from host: <188.185.114.121:9618?addrs=188.185.114.121-9618+[2001-1458-d00-a--100-273]-9618&alias=bigbird19.cern.ch&noUDP&sock=schedd_4961_696e>
...
040 (10261767.5641.000) 07/25 14:53:12 Started transferring input files
	Transferring to host: <188.185.204.206:9618?addrs=188.185.204.206-9618+[2001-1458-303-8--100-c2]-9618&alias=b9p02p9135.cern.ch&noUDP&sock=slot1_19_6763_e52c_157362>
...
040 (10261767.5641.000) 07/25 14:53:12 Finished transferring input files
...
001 (10261767.5641.000) 07/25 14:53:13 Job executing on host: <188.185.204.206:9618?addrs=188.185.204.206-9618+[2001-1458-303-8--100-c2]-9618&alias=b9p02p9135.cern.ch&noUDP&sock=startd_6695_caa6>
	SlotName: slot1_19@b9p02p9135.cern.ch
	CondorScratchDir = "/pool/condor/dir_2784009"
	Cpus = 12
	Disk = 2941986
	Memory = 24000
...
006 (10261767.5641.000) 07/25 14:53:18 Image size of job updated: 161048
	8  -  MemoryUsage of job (MB)
	7472  -  ResidentSetSize of job (KB)
...
040 (10261767.5641.000) 07/25 14:53:18 Started transferring output files
...
040 (10261767.5641.000) 07/25 14:53:18 Finished transferring output files
...
005 (10261767.5641.000) 07/25 14:53:18 Job terminated.
	(1) Normal termination (return value 0)
		Usr 0 00:00:04, Sys 0 00:00:00  -  Run Remote Usage
		Usr 0 00:00:00, Sys 0 00:00:00  -  Run Local Usage
		Usr 0 00:00:04, Sys 0 00:00:00  -  Total Remote Usage
		Usr 0 00:00:00, Sys 0 00:00:00  -  Total Local Usage
	6676  -  Run Bytes Sent By Job
	409597  -  Run Bytes Received By Job
	6676  -  Total Bytes Sent By Job
	409597  -  Total Bytes Received By Job
	Partitionable Resources :    Usage  Request Allocated 
	   Cpus                 :        0       12        12 
	   Disk (KB)            :      429      425   2941986 
	   Memory (MB)          :        8    24000     24000 

	Job terminated of its own accord at 2024-07-25T12:53:18Z with exit-code 0.
...
000 (10284266.5641.000) 08/02 15:47:21 Job submitted from host: <188.185.114.121:9618?addrs=188.185.114.121-9618+[2001-1458-d00-a--100-273]-9618&alias=bigbird19.cern.ch&noUDP&sock=schedd_4961_696e>
...
000 (10284267.5641.000) 08/02 15:50:14 Job submitted from host: <188.185.114.121:9618?addrs=188.185.114.121-9618+[2001-1458-d00-a--100-273]-9618&alias=bigbird19.cern.ch&noUDP&sock=schedd_4961_696e>
...
009 (10284266.5641.000) 08/02 15:50:41 Job was aborted.
	via condor_rm (by user yelberke)
...
040 (10284267.5641.000) 08/02 17:10:42 Started transferring input files
	Transferring to host: <128.142.137.140:9618?addrs=128.142.137.140-9618+[2001-1458-301-5e--100-80]-9618&alias=b9g19p6024.cern.ch&noUDP&sock=slot1_3_2828_54ec_36>
...
040 (10284267.5641.000) 08/02 17:10:42 Finished transferring input files
...
001 (10284267.5641.000) 08/02 17:10:43 Job executing on host: <128.142.137.140:9618?addrs=128.142.137.140-9618+[2001-1458-301-5e--100-80]-9618&alias=b9g19p6024.cern.ch&noUDP&sock=startd_2434_199b>
	SlotName: slot1_3@b9g19p6024.cern.ch
	CondorScratchDir = "/pool/condor/dir_15288"
	Cpus = 12
	Disk = 1848376
	Memory = 24000
...
006 (10284267.5641.000) 08/02 17:10:47 Image size of job updated: 1708
	2  -  MemoryUsage of job (MB)
	1708  -  ResidentSetSize of job (KB)
...
040 (10284267.5641.000) 08/02 17:10:47 Started transferring output files
...
040 (10284267.5641.000) 08/02 17:10:47 Finished transferring output files
...
005 (10284267.5641.000) 08/02 17:10:47 Job terminated.
	(1) Normal termination (return value 139)
		Usr 0 00:00:04, Sys 0 00:00:01  -  Run Remote Usage
		Usr 0 00:00:00, Sys 0 00:00:00  -  Run Local Usage
		Usr 0 00:00:04, Sys 0 00:00:01  -  Total Remote Usage
		Usr 0 00:00:00, Sys 0 00:00:00  -  Total Local Usage
	7696  -  Run Bytes Sent By Job
	409597  -  Run Bytes Received By Job
	7696  -  Total Bytes Sent By Job
	409597  -  Total Bytes Received By Job
	Partitionable Resources :    Usage  Request Allocated 
	   Cpus                 :        0       12        12 
	   Disk (KB)            :      428      425   1848376 
	   Memory (MB)          :        2    24000     24000 

	Job terminated of its own accord at 2024-08-02T15:10:47Z with exit-code 139.
...
