000 (10252905.5657.000) 07/24 16:13:22 Job submitted from host: <188.185.114.121:9618?addrs=188.185.114.121-9618+[2001-1458-d00-a--100-273]-9618&alias=bigbird19.cern.ch&noUDP&sock=schedd_4961_696e>
...
009 (10252905.5657.000) 07/24 16:14:52 Job was aborted.
	via condor_rm (by user yelberke)
...
000 (10252906.5657.000) 07/24 16:15:41 Job submitted from host: <188.185.114.121:9618?addrs=188.185.114.121-9618+[2001-1458-d00-a--100-273]-9618&alias=bigbird19.cern.ch&noUDP&sock=schedd_4961_696e>
...
000 (10252907.5657.000) 07/24 16:17:35 Job submitted from host: <188.185.114.121:9618?addrs=188.185.114.121-9618+[2001-1458-d00-a--100-273]-9618&alias=bigbird19.cern.ch&noUDP&sock=schedd_4961_696e>
...
000 (10252908.5657.000) 07/24 16:18:08 Job submitted from host: <188.185.114.121:9618?addrs=188.185.114.121-9618+[2001-1458-d00-a--100-273]-9618&alias=bigbird19.cern.ch&noUDP&sock=schedd_4961_696e>
...
000 (10252909.5657.000) 07/24 16:18:44 Job submitted from host: <188.185.114.121:9618?addrs=188.185.114.121-9618+[2001-1458-d00-a--100-273]-9618&alias=bigbird19.cern.ch&noUDP&sock=schedd_4961_696e>
...
040 (10252906.5657.000) 07/24 17:28:16 Started transferring input files
	Transferring to host: <188.185.195.8:9618?addrs=188.185.195.8-9618+[2001-1458-303-22--100-4]-9618&alias=b9p17p3223.cern.ch&noUDP&sock=slot1_6_1149479_b130_2927>
...
040 (10252906.5657.000) 07/24 17:28:16 Finished transferring input files
...
001 (10252906.5657.000) 07/24 17:28:17 Job executing on host: <188.185.195.8:9618?addrs=188.185.195.8-9618+[2001-1458-303-22--100-4]-9618&alias=b9p17p3223.cern.ch&noUDP&sock=startd_174921_d5cd>
	SlotName: slot1_6@b9p17p3223.cern.ch
	CondorScratchDir = "/pool/condor/dir_1958386"
	Cpus = 8
	Disk = 2930950
	Memory = 16000
...
006 (10252906.5657.000) 07/24 17:28:24 Image size of job updated: 545784
	387  -  MemoryUsage of job (MB)
	395588  -  ResidentSetSize of job (KB)
...
040 (10252906.5657.000) 07/24 17:28:24 Started transferring output files
...
040 (10252906.5657.000) 07/24 17:28:24 Finished transferring output files
...
005 (10252906.5657.000) 07/24 17:28:24 Job terminated.
	(1) Normal termination (return value 0)
		Usr 0 00:00:04, Sys 0 00:00:00  -  Run Remote Usage
		Usr 0 00:00:00, Sys 0 00:00:00  -  Run Local Usage
		Usr 0 00:00:04, Sys 0 00:00:00  -  Total Remote Usage
		Usr 0 00:00:00, Sys 0 00:00:00  -  Total Local Usage
	6201  -  Run Bytes Sent By Job
	409597  -  Run Bytes Received By Job
	6201  -  Total Bytes Sent By Job
	409597  -  Total Bytes Received By Job
	Partitionable Resources :    Usage  Request Allocated 
	   Cpus                 :        0        8         8 
	   Disk (KB)            :      427      425   2930950 
	   Memory (MB)          :      387    16000     16000 

	Job terminated of its own accord at 2024-07-24T15:28:24Z with exit-code 0.
...
040 (10252907.5657.000) 07/24 18:27:11 Started transferring input files
	Transferring to host: <188.185.205.110:9618?addrs=188.185.205.110-9618+[2001-1458-303-9--100-6b]-9618&alias=b9p03p6531.cern.ch&noUDP&sock=slot1_4_5453_e1b7_83719>
...
040 (10252907.5657.000) 07/24 18:27:11 Finished transferring input files
...
001 (10252907.5657.000) 07/24 18:27:12 Job executing on host: <188.185.205.110:9618?addrs=188.185.205.110-9618+[2001-1458-303-9--100-6b]-9618&alias=b9p03p6531.cern.ch&noUDP&sock=startd_4496_75e4>
	SlotName: slot1_4@b9p03p6531.cern.ch
	CondorScratchDir = "/pool/condor/dir_2162385"
	Cpus = 8
	Disk = 2783349
	Memory = 16000
...
006 (10252907.5657.000) 07/24 18:27:16 Image size of job updated: 159412
	7  -  MemoryUsage of job (MB)
	7084  -  ResidentSetSize of job (KB)
...
040 (10252907.5657.000) 07/24 18:27:17 Started transferring output files
...
040 (10252907.5657.000) 07/24 18:27:18 Finished transferring output files
...
005 (10252907.5657.000) 07/24 18:27:18 Job terminated.
	(1) Normal termination (return value 0)
		Usr 0 00:00:03, Sys 0 00:00:00  -  Run Remote Usage
		Usr 0 00:00:00, Sys 0 00:00:00  -  Run Local Usage
		Usr 0 00:00:03, Sys 0 00:00:00  -  Total Remote Usage
		Usr 0 00:00:00, Sys 0 00:00:00  -  Total Local Usage
	6204  -  Run Bytes Sent By Job
	409597  -  Run Bytes Received By Job
	6204  -  Total Bytes Sent By Job
	409597  -  Total Bytes Received By Job
	Partitionable Resources :    Usage  Request Allocated 
	   Cpus                 :        0        8         8 
	   Disk (KB)            :      427      425   2783349 
	   Memory (MB)          :        7    16000     16000 

	Job terminated of its own accord at 2024-07-24T16:27:16Z with exit-code 0.
...
040 (10252908.5657.000) 07/24 19:33:30 Started transferring input files
	Transferring to host: <188.185.207.59:9618?addrs=188.185.207.59-9618+[2001-1458-303-d--100-38]-9618&alias=b9p07p9037.cern.ch&noUDP&sock=slot1_4_10084_d713_146572>
...
001 (10252908.5657.000) 07/24 19:33:32 Job executing on host: <188.185.207.59:9618?addrs=188.185.207.59-9618+[2001-1458-303-d--100-38]-9618&alias=b9p07p9037.cern.ch&noUDP&sock=startd_8752_b8f6>
	SlotName: slot1_4@b9p07p9037.cern.ch
	CondorScratchDir = "/pool/condor/dir_1002005"
	Cpus = 8
	Disk = 2772516
	Memory = 16000
...
040 (10252908.5657.000) 07/24 19:33:32 Finished transferring input files
...
006 (10252908.5657.000) 07/24 19:33:36 Image size of job updated: 157348
	7  -  MemoryUsage of job (MB)
	6992  -  ResidentSetSize of job (KB)
...
040 (10252908.5657.000) 07/24 19:33:36 Started transferring output files
...
040 (10252908.5657.000) 07/24 19:33:36 Finished transferring output files
...
005 (10252908.5657.000) 07/24 19:33:37 Job terminated.
	(1) Normal termination (return value 0)
		Usr 0 00:00:03, Sys 0 00:00:00  -  Run Remote Usage
		Usr 0 00:00:00, Sys 0 00:00:00  -  Run Local Usage
		Usr 0 00:00:03, Sys 0 00:00:00  -  Total Remote Usage
		Usr 0 00:00:00, Sys 0 00:00:00  -  Total Local Usage
	6204  -  Run Bytes Sent By Job
	409597  -  Run Bytes Received By Job
	6204  -  Total Bytes Sent By Job
	409597  -  Total Bytes Received By Job
	Partitionable Resources :    Usage  Request Allocated 
	   Cpus                 :        0        8         8 
	   Disk (KB)            :      428      425   2772516 
	   Memory (MB)          :        7    16000     16000 

	Job terminated of its own accord at 2024-07-24T17:33:36Z with exit-code 0.
...
040 (10252909.5657.000) 07/24 20:28:11 Started transferring input files
	Transferring to host: <188.185.205.61:9618?addrs=188.185.205.61-9618+[2001-1458-303-9--100-b1]-9618&alias=b9p03p2409.cern.ch&noUDP&sock=slot1_4_7879_37d9_158590>
...
040 (10252909.5657.000) 07/24 20:28:11 Finished transferring input files
...
001 (10252909.5657.000) 07/24 20:28:12 Job executing on host: <188.185.205.61:9618?addrs=188.185.205.61-9618+[2001-1458-303-9--100-b1]-9618&alias=b9p03p2409.cern.ch&noUDP&sock=startd_7815_04b9>
	SlotName: slot1_4@b9p03p2409.cern.ch
	CondorScratchDir = "/pool/condor/dir_453803"
	Cpus = 8
	Disk = 2817646
	Memory = 16000
...
006 (10252909.5657.000) 07/24 20:28:17 Image size of job updated: 166304
	12  -  MemoryUsage of job (MB)
	11496  -  ResidentSetSize of job (KB)
...
040 (10252909.5657.000) 07/24 20:28:17 Started transferring output files
...
040 (10252909.5657.000) 07/24 20:28:17 Finished transferring output files
...
005 (10252909.5657.000) 07/24 20:28:17 Job terminated.
	(1) Normal termination (return value 0)
		Usr 0 00:00:03, Sys 0 00:00:00  -  Run Remote Usage
		Usr 0 00:00:00, Sys 0 00:00:00  -  Run Local Usage
		Usr 0 00:00:03, Sys 0 00:00:00  -  Total Remote Usage
		Usr 0 00:00:00, Sys 0 00:00:00  -  Total Local Usage
	6204  -  Run Bytes Sent By Job
	409597  -  Run Bytes Received By Job
	6204  -  Total Bytes Sent By Job
	409597  -  Total Bytes Received By Job
	Partitionable Resources :    Usage  Request Allocated 
	   Cpus                 :        0        8         8 
	   Disk (KB)            :      428      425   2817646 
	   Memory (MB)          :       12    16000     16000 

	Job terminated of its own accord at 2024-07-24T18:28:17Z with exit-code 0.
...
000 (10261715.5657.000) 07/25 13:03:30 Job submitted from host: <188.185.114.121:9618?addrs=188.185.114.121-9618+[2001-1458-d00-a--100-273]-9618&alias=bigbird19.cern.ch&noUDP&sock=schedd_4961_696e>
...
009 (10261715.5657.000) 07/25 13:07:05 Job was aborted.
	via condor_rm (by user yelberke)
...
000 (10261767.5657.000) 07/25 13:20:47 Job submitted from host: <188.185.114.121:9618?addrs=188.185.114.121-9618+[2001-1458-d00-a--100-273]-9618&alias=bigbird19.cern.ch&noUDP&sock=schedd_4961_696e>
...
040 (10261767.5657.000) 07/25 14:53:19 Started transferring input files
	Transferring to host: <188.185.207.41:9618?addrs=188.185.207.41-9618+[2001-1458-303-d--100-26]-9618&alias=b9p07p5776.cern.ch&noUDP&sock=slot1_5_7811_4e57_146326>
...
040 (10261767.5657.000) 07/25 14:53:19 Finished transferring input files
...
001 (10261767.5657.000) 07/25 14:53:20 Job executing on host: <188.185.207.41:9618?addrs=188.185.207.41-9618+[2001-1458-303-d--100-26]-9618&alias=b9p07p5776.cern.ch&noUDP&sock=startd_6381_69ea>
	SlotName: slot1_5@b9p07p5776.cern.ch
	CondorScratchDir = "/pool/condor/dir_327056"
	Cpus = 12
	Disk = 2682819
	Memory = 24000
...
006 (10261767.5657.000) 07/25 14:53:24 Image size of job updated: 160924
	8  -  MemoryUsage of job (MB)
	7212  -  ResidentSetSize of job (KB)
...
040 (10261767.5657.000) 07/25 14:53:24 Started transferring output files
...
040 (10261767.5657.000) 07/25 14:53:24 Finished transferring output files
...
005 (10261767.5657.000) 07/25 14:53:24 Job terminated.
	(1) Normal termination (return value 0)
		Usr 0 00:00:03, Sys 0 00:00:00  -  Run Remote Usage
		Usr 0 00:00:00, Sys 0 00:00:00  -  Run Local Usage
		Usr 0 00:00:03, Sys 0 00:00:00  -  Total Remote Usage
		Usr 0 00:00:00, Sys 0 00:00:00  -  Total Local Usage
	6676  -  Run Bytes Sent By Job
	409597  -  Run Bytes Received By Job
	6676  -  Total Bytes Sent By Job
	409597  -  Total Bytes Received By Job
	Partitionable Resources :    Usage  Request Allocated 
	   Cpus                 :        0       12        12 
	   Disk (KB)            :      429      425   2682819 
	   Memory (MB)          :        8    24000     24000 

	Job terminated of its own accord at 2024-07-25T12:53:24Z with exit-code 0.
...
000 (10284266.5657.000) 08/02 15:47:21 Job submitted from host: <188.185.114.121:9618?addrs=188.185.114.121-9618+[2001-1458-d00-a--100-273]-9618&alias=bigbird19.cern.ch&noUDP&sock=schedd_4961_696e>
...
000 (10284267.5657.000) 08/02 15:50:14 Job submitted from host: <188.185.114.121:9618?addrs=188.185.114.121-9618+[2001-1458-d00-a--100-273]-9618&alias=bigbird19.cern.ch&noUDP&sock=schedd_4961_696e>
...
009 (10284266.5657.000) 08/02 15:50:41 Job was aborted.
	via condor_rm (by user yelberke)
...
040 (10284267.5657.000) 08/02 17:10:48 Started transferring input files
	Transferring to host: <188.185.209.202:9618?addrs=188.185.209.202-9618+[2001-1458-303-12--100-47]-9618&alias=b9p12p9960.cern.ch&noUDP&sock=slot1_15_5256_13cf_152867>
...
040 (10284267.5657.000) 08/02 17:10:48 Finished transferring input files
...
001 (10284267.5657.000) 08/02 17:10:49 Job executing on host: <188.185.209.202:9618?addrs=188.185.209.202-9618+[2001-1458-303-12--100-47]-9618&alias=b9p12p9960.cern.ch&noUDP&sock=startd_4345_e317>
	SlotName: slot1_15@b9p12p9960.cern.ch
	CondorScratchDir = "/pool/condor/dir_769982"
	Cpus = 12
	Disk = 2626167
	Memory = 24000
...
006 (10284267.5657.000) 08/02 17:10:51 Image size of job updated: 329040
	5  -  MemoryUsage of job (MB)
	4612  -  ResidentSetSize of job (KB)
...
040 (10284267.5657.000) 08/02 17:10:51 Started transferring output files
...
040 (10284267.5657.000) 08/02 17:10:51 Finished transferring output files
...
005 (10284267.5657.000) 08/02 17:10:51 Job terminated.
	(1) Normal termination (return value 139)
		Usr 0 00:00:02, Sys 0 00:00:01  -  Run Remote Usage
		Usr 0 00:00:00, Sys 0 00:00:00  -  Run Local Usage
		Usr 0 00:00:02, Sys 0 00:00:01  -  Total Remote Usage
		Usr 0 00:00:00, Sys 0 00:00:00  -  Total Local Usage
	7696  -  Run Bytes Sent By Job
	409597  -  Run Bytes Received By Job
	7696  -  Total Bytes Sent By Job
	409597  -  Total Bytes Received By Job
	Partitionable Resources :    Usage  Request Allocated 
	   Cpus                 :        0       12        12 
	   Disk (KB)            :      430      425   2626167 
	   Memory (MB)          :        5    24000     24000 

	Job terminated of its own accord at 2024-08-02T15:10:51Z with exit-code 139.
...
