000 (10252905.5693.000) 07/24 16:13:22 Job submitted from host: <188.185.114.121:9618?addrs=188.185.114.121-9618+[2001-1458-d00-a--100-273]-9618&alias=bigbird19.cern.ch&noUDP&sock=schedd_4961_696e>
...
009 (10252905.5693.000) 07/24 16:14:52 Job was aborted.
	via condor_rm (by user yelberke)
...
000 (10252906.5693.000) 07/24 16:15:41 Job submitted from host: <188.185.114.121:9618?addrs=188.185.114.121-9618+[2001-1458-d00-a--100-273]-9618&alias=bigbird19.cern.ch&noUDP&sock=schedd_4961_696e>
...
000 (10252907.5693.000) 07/24 16:17:35 Job submitted from host: <188.185.114.121:9618?addrs=188.185.114.121-9618+[2001-1458-d00-a--100-273]-9618&alias=bigbird19.cern.ch&noUDP&sock=schedd_4961_696e>
...
000 (10252908.5693.000) 07/24 16:18:08 Job submitted from host: <188.185.114.121:9618?addrs=188.185.114.121-9618+[2001-1458-d00-a--100-273]-9618&alias=bigbird19.cern.ch&noUDP&sock=schedd_4961_696e>
...
000 (10252909.5693.000) 07/24 16:18:44 Job submitted from host: <188.185.114.121:9618?addrs=188.185.114.121-9618+[2001-1458-d00-a--100-273]-9618&alias=bigbird19.cern.ch&noUDP&sock=schedd_4961_696e>
...
040 (10252906.5693.000) 07/24 17:28:26 Started transferring input files
	Transferring to host: <188.185.206.203:9618?addrs=188.185.206.203-9618&alias=b9p06p2344.cern.ch&noUDP&sock=slot1_20_6880_5511_156335>
...
040 (10252906.5693.000) 07/24 17:28:26 Finished transferring input files
...
001 (10252906.5693.000) 07/24 17:28:27 Job executing on host: <188.185.206.203:9618?addrs=188.185.206.203-9618&alias=b9p06p2344.cern.ch&noUDP&sock=startd_6810_ac0b>
	SlotName: slot1_20@b9p06p2344.cern.ch
	CondorScratchDir = "/pool/condor/dir_4131174"
	Cpus = 8
	Disk = 2774315
	Memory = 16000
...
006 (10252906.5693.000) 07/24 17:28:32 Image size of job updated: 163340
	10  -  MemoryUsage of job (MB)
	9672  -  ResidentSetSize of job (KB)
...
040 (10252906.5693.000) 07/24 17:28:32 Started transferring output files
...
040 (10252906.5693.000) 07/24 17:28:32 Finished transferring output files
...
005 (10252906.5693.000) 07/24 17:28:32 Job terminated.
	(1) Normal termination (return value 0)
		Usr 0 00:00:04, Sys 0 00:00:00  -  Run Remote Usage
		Usr 0 00:00:00, Sys 0 00:00:00  -  Run Local Usage
		Usr 0 00:00:04, Sys 0 00:00:00  -  Total Remote Usage
		Usr 0 00:00:00, Sys 0 00:00:00  -  Total Local Usage
	6201  -  Run Bytes Sent By Job
	409597  -  Run Bytes Received By Job
	6201  -  Total Bytes Sent By Job
	409597  -  Total Bytes Received By Job
	Partitionable Resources :    Usage  Request Allocated 
	   Cpus                 :        0        8         8 
	   Disk (KB)            :      426      425   2774315 
	   Memory (MB)          :       10    16000     16000 

	Job terminated of its own accord at 2024-07-24T15:28:32Z with exit-code 0.
...
040 (10252907.5693.000) 07/24 18:27:32 Started transferring input files
	Transferring to host: <188.185.205.228:9618?addrs=188.185.205.228-9618&alias=b9p04p0983.cern.ch&noUDP&sock=slot1_7_6884_2691_157606>
...
040 (10252907.5693.000) 07/24 18:27:32 Finished transferring input files
...
001 (10252907.5693.000) 07/24 18:27:33 Job executing on host: <188.185.205.228:9618?addrs=188.185.205.228-9618&alias=b9p04p0983.cern.ch&noUDP&sock=startd_6614_3b7b>
	SlotName: slot1_7@b9p04p0983.cern.ch
	CondorScratchDir = "/pool/condor/dir_1353353"
	Cpus = 8
	Disk = 2426829
	Memory = 16000
...
006 (10252907.5693.000) 07/24 18:27:38 Image size of job updated: 158904
	8  -  MemoryUsage of job (MB)
	7760  -  ResidentSetSize of job (KB)
...
040 (10252907.5693.000) 07/24 18:27:38 Started transferring output files
...
040 (10252907.5693.000) 07/24 18:27:38 Finished transferring output files
...
005 (10252907.5693.000) 07/24 18:27:39 Job terminated.
	(1) Normal termination (return value 0)
		Usr 0 00:00:03, Sys 0 00:00:00  -  Run Remote Usage
		Usr 0 00:00:00, Sys 0 00:00:00  -  Run Local Usage
		Usr 0 00:00:03, Sys 0 00:00:00  -  Total Remote Usage
		Usr 0 00:00:00, Sys 0 00:00:00  -  Total Local Usage
	6204  -  Run Bytes Sent By Job
	409597  -  Run Bytes Received By Job
	6204  -  Total Bytes Sent By Job
	409597  -  Total Bytes Received By Job
	Partitionable Resources :    Usage  Request Allocated 
	   Cpus                 :        0        8         8 
	   Disk (KB)            :      428      425   2426829 
	   Memory (MB)          :        8    16000     16000 

	Job terminated of its own accord at 2024-07-24T16:27:38Z with exit-code 0.
...
040 (10252908.5693.000) 07/24 19:33:44 Started transferring input files
	Transferring to host: <188.185.204.253:9618?addrs=188.185.204.253-9618+[2001-1458-303-8--100-7a]-9618&alias=b9p02p8717.cern.ch&noUDP&sock=slot1_7_7342_da64_154174>
...
040 (10252908.5693.000) 07/24 19:33:45 Finished transferring input files
...
001 (10252908.5693.000) 07/24 19:33:47 Job executing on host: <188.185.204.253:9618?addrs=188.185.204.253-9618+[2001-1458-303-8--100-7a]-9618&alias=b9p02p8717.cern.ch&noUDP&sock=startd_7272_90cc>
	SlotName: slot1_7@b9p02p8717.cern.ch
	CondorScratchDir = "/pool/condor/dir_3398173"
	Cpus = 8
	Disk = 2812310
	Memory = 16000
...
006 (10252908.5693.000) 07/24 19:33:52 Image size of job updated: 168628
	13  -  MemoryUsage of job (MB)
	12484  -  ResidentSetSize of job (KB)
...
040 (10252908.5693.000) 07/24 19:33:53 Started transferring output files
...
040 (10252908.5693.000) 07/24 19:33:54 Finished transferring output files
...
005 (10252908.5693.000) 07/24 19:33:57 Job terminated.
	(1) Normal termination (return value 0)
		Usr 0 00:00:04, Sys 0 00:00:00  -  Run Remote Usage
		Usr 0 00:00:00, Sys 0 00:00:00  -  Run Local Usage
		Usr 0 00:00:04, Sys 0 00:00:00  -  Total Remote Usage
		Usr 0 00:00:00, Sys 0 00:00:00  -  Total Local Usage
	6204  -  Run Bytes Sent By Job
	409597  -  Run Bytes Received By Job
	6204  -  Total Bytes Sent By Job
	409597  -  Total Bytes Received By Job
	Partitionable Resources :    Usage  Request Allocated 
	   Cpus                 :        0        8         8 
	   Disk (KB)            :      428      425   2812310 
	   Memory (MB)          :       13    16000     16000 

	Job terminated of its own accord at 2024-07-24T17:33:52Z with exit-code 0.
...
040 (10252909.5693.000) 07/24 20:28:23 Started transferring input files
	Transferring to host: <188.185.195.131:9618?addrs=188.185.195.131-9618+[2001-1458-303-22--100-7f]-9618&alias=b9p17p1747.cern.ch&noUDP&sock=slot1_5_4147569_512d_2730>
...
040 (10252909.5693.000) 07/24 20:28:23 Finished transferring input files
...
001 (10252909.5693.000) 07/24 20:28:24 Job executing on host: <188.185.195.131:9618?addrs=188.185.195.131-9618+[2001-1458-303-22--100-7f]-9618&alias=b9p17p1747.cern.ch&noUDP&sock=startd_178023_8c95>
	SlotName: slot1_5@b9p17p1747.cern.ch
	CondorScratchDir = "/pool/condor/dir_1430297"
	Cpus = 8
	Disk = 2927714
	Memory = 16000
...
006 (10252909.5693.000) 07/24 20:28:29 Image size of job updated: 169368
	13  -  MemoryUsage of job (MB)
	12708  -  ResidentSetSize of job (KB)
...
040 (10252909.5693.000) 07/24 20:28:30 Started transferring output files
...
040 (10252909.5693.000) 07/24 20:28:30 Finished transferring output files
...
005 (10252909.5693.000) 07/24 20:28:30 Job terminated.
	(1) Normal termination (return value 0)
		Usr 0 00:00:04, Sys 0 00:00:00  -  Run Remote Usage
		Usr 0 00:00:00, Sys 0 00:00:00  -  Run Local Usage
		Usr 0 00:00:04, Sys 0 00:00:00  -  Total Remote Usage
		Usr 0 00:00:00, Sys 0 00:00:00  -  Total Local Usage
	6204  -  Run Bytes Sent By Job
	409597  -  Run Bytes Received By Job
	6204  -  Total Bytes Sent By Job
	409597  -  Total Bytes Received By Job
	Partitionable Resources :    Usage  Request Allocated 
	   Cpus                 :        0        8         8 
	   Disk (KB)            :      428      425   2927714 
	   Memory (MB)          :       13    16000     16000 

	Job terminated of its own accord at 2024-07-24T18:28:29Z with exit-code 0.
...
000 (10261715.5693.000) 07/25 13:03:30 Job submitted from host: <188.185.114.121:9618?addrs=188.185.114.121-9618+[2001-1458-d00-a--100-273]-9618&alias=bigbird19.cern.ch&noUDP&sock=schedd_4961_696e>
...
009 (10261715.5693.000) 07/25 13:07:05 Job was aborted.
	via condor_rm (by user yelberke)
...
000 (10261767.5693.000) 07/25 13:20:47 Job submitted from host: <188.185.114.121:9618?addrs=188.185.114.121-9618+[2001-1458-d00-a--100-273]-9618&alias=bigbird19.cern.ch&noUDP&sock=schedd_4961_696e>
...
040 (10261767.5693.000) 07/25 14:53:29 Started transferring input files
	Transferring to host: <188.185.205.207:9618?addrs=188.185.205.207-9618+[2001-1458-303-a--100-4c]-9618&alias=b9p04p5778.cern.ch&noUDP&sock=slot1_11_7408_5b26_159420>
...
040 (10261767.5693.000) 07/25 14:53:29 Finished transferring input files
...
001 (10261767.5693.000) 07/25 14:53:30 Job executing on host: <188.185.205.207:9618?addrs=188.185.205.207-9618+[2001-1458-303-a--100-4c]-9618&alias=b9p04p5778.cern.ch&noUDP&sock=startd_7340_353c>
	SlotName: slot1_11@b9p04p5778.cern.ch
	CondorScratchDir = "/pool/condor/dir_2723588"
	Cpus = 12
	Disk = 2828419
	Memory = 24000
...
006 (10261767.5693.000) 07/25 14:53:36 Image size of job updated: 172152
	13  -  MemoryUsage of job (MB)
	12808  -  ResidentSetSize of job (KB)
...
040 (10261767.5693.000) 07/25 14:53:36 Started transferring output files
...
040 (10261767.5693.000) 07/25 14:53:36 Finished transferring output files
...
005 (10261767.5693.000) 07/25 14:53:36 Job terminated.
	(1) Normal termination (return value 0)
		Usr 0 00:00:04, Sys 0 00:00:00  -  Run Remote Usage
		Usr 0 00:00:00, Sys 0 00:00:00  -  Run Local Usage
		Usr 0 00:00:04, Sys 0 00:00:00  -  Total Remote Usage
		Usr 0 00:00:00, Sys 0 00:00:00  -  Total Local Usage
	6676  -  Run Bytes Sent By Job
	409597  -  Run Bytes Received By Job
	6676  -  Total Bytes Sent By Job
	409597  -  Total Bytes Received By Job
	Partitionable Resources :    Usage  Request Allocated 
	   Cpus                 :        0       12        12 
	   Disk (KB)            :      429      425   2828419 
	   Memory (MB)          :       13    24000     24000 

	Job terminated of its own accord at 2024-07-25T12:53:36Z with exit-code 0.
...
000 (10284266.5693.000) 08/02 15:47:22 Job submitted from host: <188.185.114.121:9618?addrs=188.185.114.121-9618+[2001-1458-d00-a--100-273]-9618&alias=bigbird19.cern.ch&noUDP&sock=schedd_4961_696e>
...
000 (10284267.5693.000) 08/02 15:50:15 Job submitted from host: <188.185.114.121:9618?addrs=188.185.114.121-9618+[2001-1458-d00-a--100-273]-9618&alias=bigbird19.cern.ch&noUDP&sock=schedd_4961_696e>
...
009 (10284266.5693.000) 08/02 15:50:41 Job was aborted.
	via condor_rm (by user yelberke)
...
040 (10284267.5693.000) 08/02 17:11:01 Started transferring input files
	Transferring to host: <188.185.195.109:9618?addrs=188.185.195.109-9618+[2001-1458-303-22--100-69]-9618&alias=b9p17p6101.cern.ch&noUDP&sock=slot1_3_1136960_ec93_2104>
...
040 (10284267.5693.000) 08/02 17:11:01 Finished transferring input files
...
001 (10284267.5693.000) 08/02 17:11:02 Job executing on host: <188.185.195.109:9618?addrs=188.185.195.109-9618+[2001-1458-303-22--100-69]-9618&alias=b9p17p6101.cern.ch&noUDP&sock=startd_128292_3838>
	SlotName: slot1_3@b9p17p6101.cern.ch
	CondorScratchDir = "/pool/condor/dir_1331817"
	Cpus = 12
	Disk = 2916555
	Memory = 24000
...
006 (10284267.5693.000) 08/02 17:11:03 Image size of job updated: 318540
	4  -  MemoryUsage of job (MB)
	3344  -  ResidentSetSize of job (KB)
...
040 (10284267.5693.000) 08/02 17:11:03 Started transferring output files
...
040 (10284267.5693.000) 08/02 17:11:03 Finished transferring output files
...
005 (10284267.5693.000) 08/02 17:11:03 Job terminated.
	(1) Normal termination (return value 139)
		Usr 0 00:00:02, Sys 0 00:00:00  -  Run Remote Usage
		Usr 0 00:00:00, Sys 0 00:00:00  -  Run Local Usage
		Usr 0 00:00:02, Sys 0 00:00:00  -  Total Remote Usage
		Usr 0 00:00:00, Sys 0 00:00:00  -  Total Local Usage
	7696  -  Run Bytes Sent By Job
	409597  -  Run Bytes Received By Job
	7696  -  Total Bytes Sent By Job
	409597  -  Total Bytes Received By Job
	Partitionable Resources :    Usage  Request Allocated 
	   Cpus                 :        0       12        12 
	   Disk (KB)            :      429      425   2916555 
	   Memory (MB)          :        4    24000     24000 

	Job terminated of its own accord at 2024-08-02T15:11:03Z with exit-code 139.
...
