000 (10252905.5727.000) 07/24 16:13:22 Job submitted from host: <188.185.114.121:9618?addrs=188.185.114.121-9618+[2001-1458-d00-a--100-273]-9618&alias=bigbird19.cern.ch&noUDP&sock=schedd_4961_696e>
...
009 (10252905.5727.000) 07/24 16:14:52 Job was aborted.
	via condor_rm (by user yelberke)
...
000 (10252906.5727.000) 07/24 16:15:41 Job submitted from host: <188.185.114.121:9618?addrs=188.185.114.121-9618+[2001-1458-d00-a--100-273]-9618&alias=bigbird19.cern.ch&noUDP&sock=schedd_4961_696e>
...
000 (10252907.5727.000) 07/24 16:17:35 Job submitted from host: <188.185.114.121:9618?addrs=188.185.114.121-9618+[2001-1458-d00-a--100-273]-9618&alias=bigbird19.cern.ch&noUDP&sock=schedd_4961_696e>
...
000 (10252908.5727.000) 07/24 16:18:08 Job submitted from host: <188.185.114.121:9618?addrs=188.185.114.121-9618+[2001-1458-d00-a--100-273]-9618&alias=bigbird19.cern.ch&noUDP&sock=schedd_4961_696e>
...
000 (10252909.5727.000) 07/24 16:18:44 Job submitted from host: <188.185.114.121:9618?addrs=188.185.114.121-9618+[2001-1458-d00-a--100-273]-9618&alias=bigbird19.cern.ch&noUDP&sock=schedd_4961_696e>
...
040 (10252906.5727.000) 07/24 17:28:46 Started transferring input files
	Transferring to host: <188.185.208.159:9618?addrs=188.185.208.159-9618+[2001-1458-303-10--100-1c]-9618&alias=b9p10p0331.cern.ch&noUDP&sock=slot1_24_6646_7547_23558>
...
040 (10252906.5727.000) 07/24 17:28:46 Finished transferring input files
...
001 (10252906.5727.000) 07/24 17:28:47 Job executing on host: <188.185.208.159:9618?addrs=188.185.208.159-9618+[2001-1458-303-10--100-1c]-9618&alias=b9p10p0331.cern.ch&noUDP&sock=startd_5478_07e4>
	SlotName: slot1_24@b9p10p0331.cern.ch
	CondorScratchDir = "/pool/condor/dir_2801110"
	Cpus = 8
	Disk = 2842438
	Memory = 16000
...
006 (10252906.5727.000) 07/24 17:28:53 Image size of job updated: 160512
	8  -  MemoryUsage of job (MB)
	7756  -  ResidentSetSize of job (KB)
...
040 (10252906.5727.000) 07/24 17:28:53 Started transferring output files
...
040 (10252906.5727.000) 07/24 17:28:53 Finished transferring output files
...
005 (10252906.5727.000) 07/24 17:28:53 Job terminated.
	(1) Normal termination (return value 0)
		Usr 0 00:00:04, Sys 0 00:00:00  -  Run Remote Usage
		Usr 0 00:00:00, Sys 0 00:00:00  -  Run Local Usage
		Usr 0 00:00:04, Sys 0 00:00:00  -  Total Remote Usage
		Usr 0 00:00:00, Sys 0 00:00:00  -  Total Local Usage
	6201  -  Run Bytes Sent By Job
	409597  -  Run Bytes Received By Job
	6201  -  Total Bytes Sent By Job
	409597  -  Total Bytes Received By Job
	Partitionable Resources :    Usage  Request Allocated 
	   Cpus                 :        0        8         8 
	   Disk (KB)            :      427      425   2842438 
	   Memory (MB)          :        8    16000     16000 

	Job terminated of its own accord at 2024-07-24T15:28:53Z with exit-code 0.
...
040 (10252907.5727.000) 07/24 18:27:45 Started transferring input files
	Transferring to host: <188.185.206.143:9618?addrs=188.185.206.143-9618+[2001-1458-303-c--100-c]-9618&alias=b9p06p8627.cern.ch&noUDP&sock=slot1_3_2260572_398e_46520>
...
040 (10252907.5727.000) 07/24 18:27:45 Finished transferring input files
...
001 (10252907.5727.000) 07/24 18:27:46 Job executing on host: <188.185.206.143:9618?addrs=188.185.206.143-9618+[2001-1458-303-c--100-c]-9618&alias=b9p06p8627.cern.ch&noUDP&sock=startd_6828_04bf>
	SlotName: slot1_3@b9p06p8627.cern.ch
	CondorScratchDir = "/pool/condor/dir_2075115"
	Cpus = 8
	Disk = 2697537
	Memory = 16000
...
006 (10252907.5727.000) 07/24 18:27:51 Image size of job updated: 158352
	8  -  MemoryUsage of job (MB)
	7452  -  ResidentSetSize of job (KB)
...
040 (10252907.5727.000) 07/24 18:27:51 Started transferring output files
...
040 (10252907.5727.000) 07/24 18:27:51 Finished transferring output files
...
005 (10252907.5727.000) 07/24 18:27:51 Job terminated.
	(1) Normal termination (return value 0)
		Usr 0 00:00:03, Sys 0 00:00:00  -  Run Remote Usage
		Usr 0 00:00:00, Sys 0 00:00:00  -  Run Local Usage
		Usr 0 00:00:03, Sys 0 00:00:00  -  Total Remote Usage
		Usr 0 00:00:00, Sys 0 00:00:00  -  Total Local Usage
	6204  -  Run Bytes Sent By Job
	409597  -  Run Bytes Received By Job
	6204  -  Total Bytes Sent By Job
	409597  -  Total Bytes Received By Job
	Partitionable Resources :    Usage  Request Allocated 
	   Cpus                 :        0        8         8 
	   Disk (KB)            :      428      425   2697537 
	   Memory (MB)          :        8    16000     16000 

	Job terminated of its own accord at 2024-07-24T16:27:51Z with exit-code 0.
...
040 (10252908.5727.000) 07/24 19:34:05 Started transferring input files
	Transferring to host: <188.185.205.54:9618?addrs=188.185.205.54-9618+[2001-1458-303-9--100-aa]-9618&alias=b9p03p2398.cern.ch&noUDP&sock=slot1_16_6585_7a65_31238>
...
040 (10252908.5727.000) 07/24 19:34:05 Finished transferring input files
...
001 (10252908.5727.000) 07/24 19:34:06 Job executing on host: <188.185.205.54:9618?addrs=188.185.205.54-9618+[2001-1458-303-9--100-aa]-9618&alias=b9p03p2398.cern.ch&noUDP&sock=startd_5427_0c90>
	SlotName: slot1_16@b9p03p2398.cern.ch
	CondorScratchDir = "/pool/condor/dir_4171208"
	Cpus = 8
	Disk = 2699104
	Memory = 16000
...
006 (10252908.5727.000) 07/24 19:34:12 Image size of job updated: 159964
	8  -  MemoryUsage of job (MB)
	7640  -  ResidentSetSize of job (KB)
...
040 (10252908.5727.000) 07/24 19:34:14 Started transferring output files
...
040 (10252908.5727.000) 07/24 19:34:14 Finished transferring output files
...
005 (10252908.5727.000) 07/24 19:34:15 Job terminated.
	(1) Normal termination (return value 0)
		Usr 0 00:00:04, Sys 0 00:00:00  -  Run Remote Usage
		Usr 0 00:00:00, Sys 0 00:00:00  -  Run Local Usage
		Usr 0 00:00:04, Sys 0 00:00:00  -  Total Remote Usage
		Usr 0 00:00:00, Sys 0 00:00:00  -  Total Local Usage
	6204  -  Run Bytes Sent By Job
	409597  -  Run Bytes Received By Job
	6204  -  Total Bytes Sent By Job
	409597  -  Total Bytes Received By Job
	Partitionable Resources :    Usage  Request Allocated 
	   Cpus                 :        0        8         8 
	   Disk (KB)            :      428      425   2699104 
	   Memory (MB)          :        8    16000     16000 

	Job terminated of its own accord at 2024-07-24T17:34:12Z with exit-code 0.
...
040 (10252909.5727.000) 07/24 20:28:36 Started transferring input files
	Transferring to host: <188.185.205.116:9618?addrs=188.185.205.116-9618+[2001-1458-303-9--100-71]-9618&alias=b9p03p3930.cern.ch&noUDP&sock=slot1_1_7506_67ea_81702>
...
040 (10252909.5727.000) 07/24 20:28:36 Finished transferring input files
...
001 (10252909.5727.000) 07/24 20:28:37 Job executing on host: <188.185.205.116:9618?addrs=188.185.205.116-9618+[2001-1458-303-9--100-71]-9618&alias=b9p03p3930.cern.ch&noUDP&sock=startd_6184_49c1>
	SlotName: slot1_1@b9p03p3930.cern.ch
	CondorScratchDir = "/pool/condor/dir_3287313"
	Cpus = 8
	Disk = 2812320
	Memory = 16000
...
006 (10252909.5727.000) 07/24 20:28:41 Image size of job updated: 159376
	8  -  MemoryUsage of job (MB)
	7260  -  ResidentSetSize of job (KB)
...
040 (10252909.5727.000) 07/24 20:28:41 Started transferring output files
...
040 (10252909.5727.000) 07/24 20:28:41 Finished transferring output files
...
005 (10252909.5727.000) 07/24 20:28:41 Job terminated.
	(1) Normal termination (return value 0)
		Usr 0 00:00:03, Sys 0 00:00:00  -  Run Remote Usage
		Usr 0 00:00:00, Sys 0 00:00:00  -  Run Local Usage
		Usr 0 00:00:03, Sys 0 00:00:00  -  Total Remote Usage
		Usr 0 00:00:00, Sys 0 00:00:00  -  Total Local Usage
	6204  -  Run Bytes Sent By Job
	409597  -  Run Bytes Received By Job
	6204  -  Total Bytes Sent By Job
	409597  -  Total Bytes Received By Job
	Partitionable Resources :    Usage  Request Allocated 
	   Cpus                 :        0        8         8 
	   Disk (KB)            :      428      425   2812320 
	   Memory (MB)          :        8    16000     16000 

	Job terminated of its own accord at 2024-07-24T18:28:41Z with exit-code 0.
...
000 (10261715.5727.000) 07/25 13:03:31 Job submitted from host: <188.185.114.121:9618?addrs=188.185.114.121-9618+[2001-1458-d00-a--100-273]-9618&alias=bigbird19.cern.ch&noUDP&sock=schedd_4961_696e>
...
009 (10261715.5727.000) 07/25 13:07:05 Job was aborted.
	via condor_rm (by user yelberke)
...
000 (10261767.5727.000) 07/25 13:20:47 Job submitted from host: <188.185.114.121:9618?addrs=188.185.114.121-9618+[2001-1458-d00-a--100-273]-9618&alias=bigbird19.cern.ch&noUDP&sock=schedd_4961_696e>
...
040 (10261767.5727.000) 07/25 14:53:40 Started transferring input files
	Transferring to host: <188.185.208.52:9618?addrs=188.185.208.52-9618+[2001-1458-303-f--100-31]-9618&alias=b9p09p4575.cern.ch&noUDP&sock=slot1_21_128918_24b3_147352>
...
040 (10261767.5727.000) 07/25 14:53:40 Finished transferring input files
...
001 (10261767.5727.000) 07/25 14:53:41 Job executing on host: <188.185.208.52:9618?addrs=188.185.208.52-9618+[2001-1458-303-f--100-31]-9618&alias=b9p09p4575.cern.ch&noUDP&sock=startd_116323_7b2c>
	SlotName: slot1_21@b9p09p4575.cern.ch
	CondorScratchDir = "/pool/condor/dir_3242160"
	Cpus = 12
	Disk = 2808649
	Memory = 24000
...
006 (10261767.5727.000) 07/25 14:53:45 Image size of job updated: 161424
	7  -  MemoryUsage of job (MB)
	6996  -  ResidentSetSize of job (KB)
...
040 (10261767.5727.000) 07/25 14:53:45 Started transferring output files
...
040 (10261767.5727.000) 07/25 14:53:45 Finished transferring output files
...
005 (10261767.5727.000) 07/25 14:53:45 Job terminated.
	(1) Normal termination (return value 0)
		Usr 0 00:00:03, Sys 0 00:00:00  -  Run Remote Usage
		Usr 0 00:00:00, Sys 0 00:00:00  -  Run Local Usage
		Usr 0 00:00:03, Sys 0 00:00:00  -  Total Remote Usage
		Usr 0 00:00:00, Sys 0 00:00:00  -  Total Local Usage
	6676  -  Run Bytes Sent By Job
	409597  -  Run Bytes Received By Job
	6676  -  Total Bytes Sent By Job
	409597  -  Total Bytes Received By Job
	Partitionable Resources :    Usage  Request Allocated 
	   Cpus                 :        0       12        12 
	   Disk (KB)            :      429      425   2808649 
	   Memory (MB)          :        7    24000     24000 

	Job terminated of its own accord at 2024-07-25T12:53:45Z with exit-code 0.
...
000 (10284266.5727.000) 08/02 15:47:22 Job submitted from host: <188.185.114.121:9618?addrs=188.185.114.121-9618+[2001-1458-d00-a--100-273]-9618&alias=bigbird19.cern.ch&noUDP&sock=schedd_4961_696e>
...
000 (10284267.5727.000) 08/02 15:50:15 Job submitted from host: <188.185.114.121:9618?addrs=188.185.114.121-9618+[2001-1458-d00-a--100-273]-9618&alias=bigbird19.cern.ch&noUDP&sock=schedd_4961_696e>
...
009 (10284266.5727.000) 08/02 15:50:41 Job was aborted.
	via condor_rm (by user yelberke)
...
040 (10284267.5727.000) 08/02 17:11:10 Started transferring input files
	Transferring to host: <188.185.209.204:9618?addrs=188.185.209.204-9618+[2001-1458-303-12--100-49]-9618&alias=b9p12p0289.cern.ch&noUDP&sock=slot1_9_133009_9f7a_152898>
...
040 (10284267.5727.000) 08/02 17:11:10 Finished transferring input files
...
001 (10284267.5727.000) 08/02 17:11:11 Job executing on host: <188.185.209.204:9618?addrs=188.185.209.204-9618+[2001-1458-303-12--100-49]-9618&alias=b9p12p0289.cern.ch&noUDP&sock=startd_118299_da50>
	SlotName: slot1_9@b9p12p0289.cern.ch
	CondorScratchDir = "/pool/condor/dir_1218752"
	Cpus = 12
	Disk = 2534467
	Memory = 24000
...
006 (10284267.5727.000) 08/02 17:11:13 Image size of job updated: 327056
	4  -  MemoryUsage of job (MB)
	3708  -  ResidentSetSize of job (KB)
...
040 (10284267.5727.000) 08/02 17:11:13 Started transferring output files
...
040 (10284267.5727.000) 08/02 17:11:13 Finished transferring output files
...
005 (10284267.5727.000) 08/02 17:11:13 Job terminated.
	(1) Normal termination (return value 139)
		Usr 0 00:00:01, Sys 0 00:00:01  -  Run Remote Usage
		Usr 0 00:00:00, Sys 0 00:00:00  -  Run Local Usage
		Usr 0 00:00:01, Sys 0 00:00:01  -  Total Remote Usage
		Usr 0 00:00:00, Sys 0 00:00:00  -  Total Local Usage
	7696  -  Run Bytes Sent By Job
	409597  -  Run Bytes Received By Job
	7696  -  Total Bytes Sent By Job
	409597  -  Total Bytes Received By Job
	Partitionable Resources :    Usage  Request Allocated 
	   Cpus                 :        0       12        12 
	   Disk (KB)            :      430      425   2534467 
	   Memory (MB)          :        4    24000     24000 

	Job terminated of its own accord at 2024-08-02T15:11:13Z with exit-code 139.
...
