000 (10252905.5731.000) 07/24 16:13:22 Job submitted from host: <188.185.114.121:9618?addrs=188.185.114.121-9618+[2001-1458-d00-a--100-273]-9618&alias=bigbird19.cern.ch&noUDP&sock=schedd_4961_696e>
...
009 (10252905.5731.000) 07/24 16:14:53 Job was aborted.
	via condor_rm (by user yelberke)
...
000 (10252906.5731.000) 07/24 16:15:41 Job submitted from host: <188.185.114.121:9618?addrs=188.185.114.121-9618+[2001-1458-d00-a--100-273]-9618&alias=bigbird19.cern.ch&noUDP&sock=schedd_4961_696e>
...
000 (10252907.5731.000) 07/24 16:17:35 Job submitted from host: <188.185.114.121:9618?addrs=188.185.114.121-9618+[2001-1458-d00-a--100-273]-9618&alias=bigbird19.cern.ch&noUDP&sock=schedd_4961_696e>
...
000 (10252908.5731.000) 07/24 16:18:08 Job submitted from host: <188.185.114.121:9618?addrs=188.185.114.121-9618+[2001-1458-d00-a--100-273]-9618&alias=bigbird19.cern.ch&noUDP&sock=schedd_4961_696e>
...
000 (10252909.5731.000) 07/24 16:18:44 Job submitted from host: <188.185.114.121:9618?addrs=188.185.114.121-9618+[2001-1458-d00-a--100-273]-9618&alias=bigbird19.cern.ch&noUDP&sock=schedd_4961_696e>
...
040 (10252906.5731.000) 07/24 17:28:47 Started transferring input files
	Transferring to host: <188.185.206.222:9618?addrs=188.185.206.222-9618&alias=b9p06p8710.cern.ch&noUDP&sock=slot1_14_6900_6c92_153727>
...
040 (10252906.5731.000) 07/24 17:28:47 Finished transferring input files
...
001 (10252906.5731.000) 07/24 17:28:48 Job executing on host: <188.185.206.222:9618?addrs=188.185.206.222-9618&alias=b9p06p8710.cern.ch&noUDP&sock=startd_6832_c320>
	SlotName: slot1_14@b9p06p8710.cern.ch
	CondorScratchDir = "/pool/condor/dir_1285053"
	Cpus = 8
	Disk = 2767048
	Memory = 16000
...
006 (10252906.5731.000) 07/24 17:28:53 Image size of job updated: 160248
	8  -  MemoryUsage of job (MB)
	7928  -  ResidentSetSize of job (KB)
...
040 (10252906.5731.000) 07/24 17:28:53 Started transferring output files
...
040 (10252906.5731.000) 07/24 17:28:53 Finished transferring output files
...
005 (10252906.5731.000) 07/24 17:28:53 Job terminated.
	(1) Normal termination (return value 0)
		Usr 0 00:00:03, Sys 0 00:00:00  -  Run Remote Usage
		Usr 0 00:00:00, Sys 0 00:00:00  -  Run Local Usage
		Usr 0 00:00:03, Sys 0 00:00:00  -  Total Remote Usage
		Usr 0 00:00:00, Sys 0 00:00:00  -  Total Local Usage
	6201  -  Run Bytes Sent By Job
	409597  -  Run Bytes Received By Job
	6201  -  Total Bytes Sent By Job
	409597  -  Total Bytes Received By Job
	Partitionable Resources :    Usage  Request Allocated 
	   Cpus                 :        0        8         8 
	   Disk (KB)            :      426      425   2767048 
	   Memory (MB)          :        8    16000     16000 

	Job terminated of its own accord at 2024-07-24T15:28:53Z with exit-code 0.
...
040 (10252907.5731.000) 07/24 18:27:46 Started transferring input files
	Transferring to host: <188.185.195.104:9618?addrs=188.185.195.104-9618+[2001-1458-303-22--100-64]-9618&alias=b9p17p4322.cern.ch&noUDP&sock=slot1_1_3733077_34d5_20414>
...
040 (10252907.5731.000) 07/24 18:27:46 Finished transferring input files
...
001 (10252907.5731.000) 07/24 18:27:47 Job executing on host: <188.185.195.104:9618?addrs=188.185.195.104-9618+[2001-1458-303-22--100-64]-9618&alias=b9p17p4322.cern.ch&noUDP&sock=startd_127965_ecbf>
	SlotName: slot1_1@b9p17p4322.cern.ch
	CondorScratchDir = "/pool/condor/dir_3194268"
	Cpus = 8
	Disk = 3045778
	Memory = 16000
...
006 (10252907.5731.000) 07/24 18:27:55 Image size of job updated: 157180
	154  -  MemoryUsage of job (MB)
	157176  -  ResidentSetSize of job (KB)
...
040 (10252907.5731.000) 07/24 18:27:55 Started transferring output files
...
040 (10252907.5731.000) 07/24 18:27:55 Finished transferring output files
...
005 (10252907.5731.000) 07/24 18:27:55 Job terminated.
	(1) Normal termination (return value 0)
		Usr 0 00:00:07, Sys 0 00:00:00  -  Run Remote Usage
		Usr 0 00:00:00, Sys 0 00:00:00  -  Run Local Usage
		Usr 0 00:00:07, Sys 0 00:00:00  -  Total Remote Usage
		Usr 0 00:00:00, Sys 0 00:00:00  -  Total Local Usage
	6204  -  Run Bytes Sent By Job
	409597  -  Run Bytes Received By Job
	6204  -  Total Bytes Sent By Job
	409597  -  Total Bytes Received By Job
	Partitionable Resources :    Usage  Request Allocated 
	   Cpus                 :        0        8         8 
	   Disk (KB)            :      428      425   3045778 
	   Memory (MB)          :      154    16000     16000 

	Job terminated of its own accord at 2024-07-24T16:27:55Z with exit-code 0.
...
040 (10252908.5731.000) 07/24 19:34:11 Started transferring input files
	Transferring to host: <188.185.206.41:9618?addrs=188.185.206.41-9618+[2001-1458-303-b--100-26]-9618&alias=b9p05p0465.cern.ch&noUDP&sock=slot1_2_3583_4c2b_68719>
...
040 (10252908.5731.000) 07/24 19:34:11 Finished transferring input files
...
001 (10252908.5731.000) 07/24 19:34:13 Job executing on host: <188.185.206.41:9618?addrs=188.185.206.41-9618+[2001-1458-303-b--100-26]-9618&alias=b9p05p0465.cern.ch&noUDP&sock=startd_3251_7e7b>
	SlotName: slot1_2@b9p05p0465.cern.ch
	CondorScratchDir = "/pool/condor/dir_2915337"
	Cpus = 8
	Disk = 2830392
	Memory = 16000
...
006 (10252908.5731.000) 07/24 19:34:16 Image size of job updated: 158852
	8  -  MemoryUsage of job (MB)
	7968  -  ResidentSetSize of job (KB)
...
040 (10252908.5731.000) 07/24 19:34:17 Started transferring output files
...
040 (10252908.5731.000) 07/24 19:34:17 Finished transferring output files
...
005 (10252908.5731.000) 07/24 19:34:18 Job terminated.
	(1) Normal termination (return value 0)
		Usr 0 00:00:03, Sys 0 00:00:00  -  Run Remote Usage
		Usr 0 00:00:00, Sys 0 00:00:00  -  Run Local Usage
		Usr 0 00:00:03, Sys 0 00:00:00  -  Total Remote Usage
		Usr 0 00:00:00, Sys 0 00:00:00  -  Total Local Usage
	6204  -  Run Bytes Sent By Job
	409597  -  Run Bytes Received By Job
	6204  -  Total Bytes Sent By Job
	409597  -  Total Bytes Received By Job
	Partitionable Resources :    Usage  Request Allocated 
	   Cpus                 :        0        8         8 
	   Disk (KB)            :      431      425   2830392 
	   Memory (MB)          :        8    16000     16000 

	Job terminated of its own accord at 2024-07-24T17:34:16Z with exit-code 0.
...
040 (10252909.5731.000) 07/24 20:28:37 Started transferring input files
	Transferring to host: <188.185.204.182:9618?addrs=188.185.204.182-9618+[2001-1458-303-8--100-aa]-9618&alias=b9p02p3039.cern.ch&noUDP&sock=slot1_8_6560_dd04_81527>
...
040 (10252909.5731.000) 07/24 20:28:37 Finished transferring input files
...
001 (10252909.5731.000) 07/24 20:28:38 Job executing on host: <188.185.204.182:9618?addrs=188.185.204.182-9618+[2001-1458-303-8--100-aa]-9618&alias=b9p02p3039.cern.ch&noUDP&sock=startd_5310_cbfb>
	SlotName: slot1_8@b9p02p3039.cern.ch
	CondorScratchDir = "/pool/condor/dir_2948335"
	Cpus = 8
	Disk = 2800285
	Memory = 16000
...
006 (10252909.5731.000) 07/24 20:28:43 Image size of job updated: 166052
	11  -  MemoryUsage of job (MB)
	11020  -  ResidentSetSize of job (KB)
...
040 (10252909.5731.000) 07/24 20:28:43 Started transferring output files
...
040 (10252909.5731.000) 07/24 20:28:43 Finished transferring output files
...
005 (10252909.5731.000) 07/24 20:28:43 Job terminated.
	(1) Normal termination (return value 0)
		Usr 0 00:00:03, Sys 0 00:00:00  -  Run Remote Usage
		Usr 0 00:00:00, Sys 0 00:00:00  -  Run Local Usage
		Usr 0 00:00:03, Sys 0 00:00:00  -  Total Remote Usage
		Usr 0 00:00:00, Sys 0 00:00:00  -  Total Local Usage
	6204  -  Run Bytes Sent By Job
	409597  -  Run Bytes Received By Job
	6204  -  Total Bytes Sent By Job
	409597  -  Total Bytes Received By Job
	Partitionable Resources :    Usage  Request Allocated 
	   Cpus                 :        0        8         8 
	   Disk (KB)            :      428      425   2800285 
	   Memory (MB)          :       11    16000     16000 

	Job terminated of its own accord at 2024-07-24T18:28:43Z with exit-code 0.
...
000 (10261715.5731.000) 07/25 13:03:31 Job submitted from host: <188.185.114.121:9618?addrs=188.185.114.121-9618+[2001-1458-d00-a--100-273]-9618&alias=bigbird19.cern.ch&noUDP&sock=schedd_4961_696e>
...
009 (10261715.5731.000) 07/25 13:07:05 Job was aborted.
	via condor_rm (by user yelberke)
...
000 (10261767.5731.000) 07/25 13:20:47 Job submitted from host: <188.185.114.121:9618?addrs=188.185.114.121-9618+[2001-1458-d00-a--100-273]-9618&alias=bigbird19.cern.ch&noUDP&sock=schedd_4961_696e>
...
040 (10261767.5731.000) 07/25 14:53:42 Started transferring input files
	Transferring to host: <188.185.205.229:9618?addrs=188.185.205.229-9618&alias=b9p04p6285.cern.ch&noUDP&sock=slot1_8_6895_e6b1_160432>
...
040 (10261767.5731.000) 07/25 14:53:42 Finished transferring input files
...
001 (10261767.5731.000) 07/25 14:53:43 Job executing on host: <188.185.205.229:9618?addrs=188.185.205.229-9618&alias=b9p04p6285.cern.ch&noUDP&sock=startd_6822_e72e>
	SlotName: slot1_8@b9p04p6285.cern.ch
	CondorScratchDir = "/pool/condor/dir_1720176"
	Cpus = 12
	Disk = 2703326
	Memory = 24000
...
006 (10261767.5731.000) 07/25 14:53:47 Image size of job updated: 161568
	8  -  MemoryUsage of job (MB)
	7268  -  ResidentSetSize of job (KB)
...
040 (10261767.5731.000) 07/25 14:53:47 Started transferring output files
...
040 (10261767.5731.000) 07/25 14:53:47 Finished transferring output files
...
005 (10261767.5731.000) 07/25 14:53:47 Job terminated.
	(1) Normal termination (return value 0)
		Usr 0 00:00:03, Sys 0 00:00:00  -  Run Remote Usage
		Usr 0 00:00:00, Sys 0 00:00:00  -  Run Local Usage
		Usr 0 00:00:03, Sys 0 00:00:00  -  Total Remote Usage
		Usr 0 00:00:00, Sys 0 00:00:00  -  Total Local Usage
	6676  -  Run Bytes Sent By Job
	409597  -  Run Bytes Received By Job
	6676  -  Total Bytes Sent By Job
	409597  -  Total Bytes Received By Job
	Partitionable Resources :    Usage  Request Allocated 
	   Cpus                 :        0       12        12 
	   Disk (KB)            :      428      425   2703326 
	   Memory (MB)          :        8    24000     24000 

	Job terminated of its own accord at 2024-07-25T12:53:47Z with exit-code 0.
...
000 (10284266.5731.000) 08/02 15:47:22 Job submitted from host: <188.185.114.121:9618?addrs=188.185.114.121-9618+[2001-1458-d00-a--100-273]-9618&alias=bigbird19.cern.ch&noUDP&sock=schedd_4961_696e>
...
000 (10284267.5731.000) 08/02 15:50:15 Job submitted from host: <188.185.114.121:9618?addrs=188.185.114.121-9618+[2001-1458-d00-a--100-273]-9618&alias=bigbird19.cern.ch&noUDP&sock=schedd_4961_696e>
...
009 (10284266.5731.000) 08/02 15:50:41 Job was aborted.
	via condor_rm (by user yelberke)
...
040 (10284267.5731.000) 08/02 17:11:12 Started transferring input files
	Transferring to host: <188.185.192.88:9618?addrs=188.185.192.88-9618+[2001-1458-303-1f--100-54]-9618&alias=b9p13p5626.cern.ch&noUDP&sock=slot1_2_2666384_7d85_91>
...
040 (10284267.5731.000) 08/02 17:11:12 Finished transferring input files
...
001 (10284267.5731.000) 08/02 17:11:13 Job executing on host: <188.185.192.88:9618?addrs=188.185.192.88-9618+[2001-1458-303-1f--100-54]-9618&alias=b9p13p5626.cern.ch&noUDP&sock=startd_128540_53b4>
	SlotName: slot1_2@b9p13p5626.cern.ch
	CondorScratchDir = "/pool/condor/dir_2684553"
	Cpus = 12
	Disk = 3105955
	Memory = 24000
...
006 (10284267.5731.000) 08/02 17:11:22 Image size of job updated: 1
	0  -  MemoryUsage of job (MB)
	0  -  ResidentSetSize of job (KB)
...
006 (10284267.5731.000) 08/02 17:11:40 Image size of job updated: 316680
	5  -  MemoryUsage of job (MB)
	4692  -  ResidentSetSize of job (KB)
...
040 (10284267.5731.000) 08/02 17:11:40 Started transferring output files
...
040 (10284267.5731.000) 08/02 17:11:40 Finished transferring output files
...
005 (10284267.5731.000) 08/02 17:11:40 Job terminated.
	(1) Normal termination (return value 139)
		Usr 0 00:00:02, Sys 0 00:00:00  -  Run Remote Usage
		Usr 0 00:00:00, Sys 0 00:00:00  -  Run Local Usage
		Usr 0 00:00:02, Sys 0 00:00:00  -  Total Remote Usage
		Usr 0 00:00:00, Sys 0 00:00:00  -  Total Local Usage
	7696  -  Run Bytes Sent By Job
	409597  -  Run Bytes Received By Job
	7696  -  Total Bytes Sent By Job
	409597  -  Total Bytes Received By Job
	Partitionable Resources :    Usage  Request Allocated 
	   Cpus                 :        0       12        12 
	   Disk (KB)            :      429      425   3105955 
	   Memory (MB)          :        5    24000     24000 

	Job terminated of its own accord at 2024-08-02T15:11:40Z with exit-code 139.
...
