000 (10252905.5737.000) 07/24 16:13:22 Job submitted from host: <188.185.114.121:9618?addrs=188.185.114.121-9618+[2001-1458-d00-a--100-273]-9618&alias=bigbird19.cern.ch&noUDP&sock=schedd_4961_696e>
...
009 (10252905.5737.000) 07/24 16:14:53 Job was aborted.
	via condor_rm (by user yelberke)
...
000 (10252906.5737.000) 07/24 16:15:41 Job submitted from host: <188.185.114.121:9618?addrs=188.185.114.121-9618+[2001-1458-d00-a--100-273]-9618&alias=bigbird19.cern.ch&noUDP&sock=schedd_4961_696e>
...
000 (10252907.5737.000) 07/24 16:17:35 Job submitted from host: <188.185.114.121:9618?addrs=188.185.114.121-9618+[2001-1458-d00-a--100-273]-9618&alias=bigbird19.cern.ch&noUDP&sock=schedd_4961_696e>
...
000 (10252908.5737.000) 07/24 16:18:08 Job submitted from host: <188.185.114.121:9618?addrs=188.185.114.121-9618+[2001-1458-d00-a--100-273]-9618&alias=bigbird19.cern.ch&noUDP&sock=schedd_4961_696e>
...
000 (10252909.5737.000) 07/24 16:18:44 Job submitted from host: <188.185.114.121:9618?addrs=188.185.114.121-9618+[2001-1458-d00-a--100-273]-9618&alias=bigbird19.cern.ch&noUDP&sock=schedd_4961_696e>
...
040 (10252906.5737.000) 07/24 17:28:49 Started transferring input files
	Transferring to host: <188.185.207.27:9618?addrs=188.185.207.27-9618+[2001-1458-303-d--100-18]-9618&alias=b9p07p3688.cern.ch&noUDP&sock=slot1_11_5614_521d_144670>
...
040 (10252906.5737.000) 07/24 17:28:49 Finished transferring input files
...
001 (10252906.5737.000) 07/24 17:28:50 Job executing on host: <188.185.207.27:9618?addrs=188.185.207.27-9618+[2001-1458-303-d--100-18]-9618&alias=b9p07p3688.cern.ch&noUDP&sock=startd_4609_f817>
	SlotName: slot1_11@b9p07p3688.cern.ch
	CondorScratchDir = "/pool/condor/dir_414159"
	Cpus = 8
	Disk = 2355005
	Memory = 16000
...
006 (10252906.5737.000) 07/24 17:28:55 Image size of job updated: 158760
	9  -  MemoryUsage of job (MB)
	8328  -  ResidentSetSize of job (KB)
...
040 (10252906.5737.000) 07/24 17:28:55 Started transferring output files
...
040 (10252906.5737.000) 07/24 17:28:55 Finished transferring output files
...
005 (10252906.5737.000) 07/24 17:28:55 Job terminated.
	(1) Normal termination (return value 0)
		Usr 0 00:00:03, Sys 0 00:00:00  -  Run Remote Usage
		Usr 0 00:00:00, Sys 0 00:00:00  -  Run Local Usage
		Usr 0 00:00:03, Sys 0 00:00:00  -  Total Remote Usage
		Usr 0 00:00:00, Sys 0 00:00:00  -  Total Local Usage
	6201  -  Run Bytes Sent By Job
	409597  -  Run Bytes Received By Job
	6201  -  Total Bytes Sent By Job
	409597  -  Total Bytes Received By Job
	Partitionable Resources :    Usage  Request Allocated 
	   Cpus                 :        0        8         8 
	   Disk (KB)            :      427      425   2355005 
	   Memory (MB)          :        9    16000     16000 

	Job terminated of its own accord at 2024-07-24T15:28:55Z with exit-code 0.
...
040 (10252907.5737.000) 07/24 18:27:48 Started transferring input files
	Transferring to host: <188.185.195.49:9618?addrs=188.185.195.49-9618+[2001-1458-303-22--100-2d]-9618&alias=b9p17p5091.cern.ch&noUDP&sock=slot1_25_387889_a3f6_3427>
...
040 (10252907.5737.000) 07/24 18:27:48 Finished transferring input files
...
001 (10252907.5737.000) 07/24 18:27:49 Job executing on host: <188.185.195.49:9618?addrs=188.185.195.49-9618+[2001-1458-303-22--100-2d]-9618&alias=b9p17p5091.cern.ch&noUDP&sock=startd_127957_6ffd>
	SlotName: slot1_25@b9p17p5091.cern.ch
	CondorScratchDir = "/pool/condor/dir_1583598"
	Cpus = 8
	Disk = 2973380
	Memory = 16000
...
006 (10252907.5737.000) 07/24 18:27:58 Image size of job updated: 1
	0  -  MemoryUsage of job (MB)
	0  -  ResidentSetSize of job (KB)
...
006 (10252907.5737.000) 07/24 18:28:20 Image size of job updated: 157108
	7  -  MemoryUsage of job (MB)
	7020  -  ResidentSetSize of job (KB)
...
040 (10252907.5737.000) 07/24 18:28:20 Started transferring output files
...
040 (10252907.5737.000) 07/24 18:28:20 Finished transferring output files
...
005 (10252907.5737.000) 07/24 18:28:20 Job terminated.
	(1) Normal termination (return value 0)
		Usr 0 00:00:04, Sys 0 00:00:00  -  Run Remote Usage
		Usr 0 00:00:00, Sys 0 00:00:00  -  Run Local Usage
		Usr 0 00:00:04, Sys 0 00:00:00  -  Total Remote Usage
		Usr 0 00:00:00, Sys 0 00:00:00  -  Total Local Usage
	6204  -  Run Bytes Sent By Job
	409597  -  Run Bytes Received By Job
	6204  -  Total Bytes Sent By Job
	409597  -  Total Bytes Received By Job
	Partitionable Resources :    Usage  Request Allocated 
	   Cpus                 :        0        8         8 
	   Disk (KB)            :      428      425   2973380 
	   Memory (MB)          :        7    16000     16000 

	Job terminated of its own accord at 2024-07-24T16:28:20Z with exit-code 0.
...
040 (10252908.5737.000) 07/24 19:34:07 Started transferring input files
	Transferring to host: <188.185.205.65:9618?addrs=188.185.205.65-9618+[2001-1458-303-9--100-b5]-9618&alias=b9p03p9898.cern.ch&noUDP&sock=slot1_9_3671_4d2e_83584>
...
040 (10252908.5737.000) 07/24 19:34:08 Finished transferring input files
...
001 (10252908.5737.000) 07/24 19:34:09 Job executing on host: <188.185.205.65:9618?addrs=188.185.205.65-9618+[2001-1458-303-9--100-b5]-9618&alias=b9p03p9898.cern.ch&noUDP&sock=startd_3343_9931>
	SlotName: slot1_9@b9p03p9898.cern.ch
	CondorScratchDir = "/pool/condor/dir_4096304"
	Cpus = 8
	Disk = 2850281
	Memory = 16000
...
006 (10252908.5737.000) 07/24 19:34:13 Image size of job updated: 159636
	9  -  MemoryUsage of job (MB)
	8212  -  ResidentSetSize of job (KB)
...
040 (10252908.5737.000) 07/24 19:34:14 Started transferring output files
...
040 (10252908.5737.000) 07/24 19:34:14 Finished transferring output files
...
005 (10252908.5737.000) 07/24 19:34:15 Job terminated.
	(1) Normal termination (return value 0)
		Usr 0 00:00:03, Sys 0 00:00:00  -  Run Remote Usage
		Usr 0 00:00:00, Sys 0 00:00:00  -  Run Local Usage
		Usr 0 00:00:03, Sys 0 00:00:00  -  Total Remote Usage
		Usr 0 00:00:00, Sys 0 00:00:00  -  Total Local Usage
	6204  -  Run Bytes Sent By Job
	409597  -  Run Bytes Received By Job
	6204  -  Total Bytes Sent By Job
	409597  -  Total Bytes Received By Job
	Partitionable Resources :    Usage  Request Allocated 
	   Cpus                 :        0        8         8 
	   Disk (KB)            :      427      425   2850281 
	   Memory (MB)          :        9    16000     16000 

	Job terminated of its own accord at 2024-07-24T17:34:13Z with exit-code 0.
...
040 (10252909.5737.000) 07/24 20:28:39 Started transferring input files
	Transferring to host: <188.185.207.143:9618?addrs=188.185.207.143-9618+[2001-1458-303-e--100-c]-9618&alias=b9p08p3391.cern.ch&noUDP&sock=slot1_11_20694_8b83_25626>
...
040 (10252909.5737.000) 07/24 20:28:39 Finished transferring input files
...
001 (10252909.5737.000) 07/24 20:28:40 Job executing on host: <188.185.207.143:9618?addrs=188.185.207.143-9618+[2001-1458-303-e--100-c]-9618&alias=b9p08p3391.cern.ch&noUDP&sock=startd_19462_e446>
	SlotName: slot1_11@b9p08p3391.cern.ch
	CondorScratchDir = "/pool/condor/dir_147314"
	Cpus = 8
	Disk = 2757362
	Memory = 16000
...
006 (10252909.5737.000) 07/24 20:28:45 Image size of job updated: 162712
	10  -  MemoryUsage of job (MB)
	9948  -  ResidentSetSize of job (KB)
...
040 (10252909.5737.000) 07/24 20:28:45 Started transferring output files
...
040 (10252909.5737.000) 07/24 20:28:45 Finished transferring output files
...
005 (10252909.5737.000) 07/24 20:28:45 Job terminated.
	(1) Normal termination (return value 0)
		Usr 0 00:00:04, Sys 0 00:00:00  -  Run Remote Usage
		Usr 0 00:00:00, Sys 0 00:00:00  -  Run Local Usage
		Usr 0 00:00:04, Sys 0 00:00:00  -  Total Remote Usage
		Usr 0 00:00:00, Sys 0 00:00:00  -  Total Local Usage
	6204  -  Run Bytes Sent By Job
	409597  -  Run Bytes Received By Job
	6204  -  Total Bytes Sent By Job
	409597  -  Total Bytes Received By Job
	Partitionable Resources :    Usage  Request Allocated 
	   Cpus                 :        0        8         8 
	   Disk (KB)            :      431      425   2757362 
	   Memory (MB)          :       10    16000     16000 

	Job terminated of its own accord at 2024-07-24T18:28:45Z with exit-code 0.
...
000 (10261715.5737.000) 07/25 13:03:31 Job submitted from host: <188.185.114.121:9618?addrs=188.185.114.121-9618+[2001-1458-d00-a--100-273]-9618&alias=bigbird19.cern.ch&noUDP&sock=schedd_4961_696e>
...
009 (10261715.5737.000) 07/25 13:07:05 Job was aborted.
	via condor_rm (by user yelberke)
...
000 (10261767.5737.000) 07/25 13:20:47 Job submitted from host: <188.185.114.121:9618?addrs=188.185.114.121-9618+[2001-1458-d00-a--100-273]-9618&alias=bigbird19.cern.ch&noUDP&sock=schedd_4961_696e>
...
040 (10261767.5737.000) 07/25 14:53:44 Started transferring input files
	Transferring to host: <188.185.204.170:9618?addrs=188.185.204.170-9618+[2001-1458-303-8--100-9e]-9618&alias=b9p02p5024.cern.ch&noUDP&sock=slot1_5_7263_30c0_156775>
...
040 (10261767.5737.000) 07/25 14:53:44 Finished transferring input files
...
001 (10261767.5737.000) 07/25 14:53:45 Job executing on host: <188.185.204.170:9618?addrs=188.185.204.170-9618+[2001-1458-303-8--100-9e]-9618&alias=b9p02p5024.cern.ch&noUDP&sock=startd_7195_c001>
	SlotName: slot1_5@b9p02p5024.cern.ch
	CondorScratchDir = "/pool/condor/dir_2123251"
	Cpus = 12
	Disk = 2821759
	Memory = 24000
...
006 (10261767.5737.000) 07/25 14:53:49 Image size of job updated: 161872
	8  -  MemoryUsage of job (MB)
	7660  -  ResidentSetSize of job (KB)
...
040 (10261767.5737.000) 07/25 14:53:49 Started transferring output files
...
040 (10261767.5737.000) 07/25 14:53:49 Finished transferring output files
...
005 (10261767.5737.000) 07/25 14:53:49 Job terminated.
	(1) Normal termination (return value 0)
		Usr 0 00:00:03, Sys 0 00:00:00  -  Run Remote Usage
		Usr 0 00:00:00, Sys 0 00:00:00  -  Run Local Usage
		Usr 0 00:00:03, Sys 0 00:00:00  -  Total Remote Usage
		Usr 0 00:00:00, Sys 0 00:00:00  -  Total Local Usage
	6676  -  Run Bytes Sent By Job
	409597  -  Run Bytes Received By Job
	6676  -  Total Bytes Sent By Job
	409597  -  Total Bytes Received By Job
	Partitionable Resources :    Usage  Request Allocated 
	   Cpus                 :        0       12        12 
	   Disk (KB)            :      429      425   2821759 
	   Memory (MB)          :        8    24000     24000 

	Job terminated of its own accord at 2024-07-25T12:53:49Z with exit-code 0.
...
000 (10284266.5737.000) 08/02 15:47:23 Job submitted from host: <188.185.114.121:9618?addrs=188.185.114.121-9618+[2001-1458-d00-a--100-273]-9618&alias=bigbird19.cern.ch&noUDP&sock=schedd_4961_696e>
...
000 (10284267.5737.000) 08/02 15:50:15 Job submitted from host: <188.185.114.121:9618?addrs=188.185.114.121-9618+[2001-1458-d00-a--100-273]-9618&alias=bigbird19.cern.ch&noUDP&sock=schedd_4961_696e>
...
009 (10284266.5737.000) 08/02 15:50:41 Job was aborted.
	via condor_rm (by user yelberke)
...
040 (10284267.5737.000) 08/02 17:11:14 Started transferring input files
	Transferring to host: <128.142.137.140:9618?addrs=128.142.137.140-9618+[2001-1458-301-5e--100-80]-9618&alias=b9g19p6024.cern.ch&noUDP&sock=slot1_4_2828_54ec_39>
...
040 (10284267.5737.000) 08/02 17:11:14 Finished transferring input files
...
001 (10284267.5737.000) 08/02 17:11:15 Job executing on host: <128.142.137.140:9618?addrs=128.142.137.140-9618+[2001-1458-301-5e--100-80]-9618&alias=b9g19p6024.cern.ch&noUDP&sock=startd_2434_199b>
	SlotName: slot1_4@b9g19p6024.cern.ch
	CondorScratchDir = "/pool/condor/dir_16671"
	Cpus = 12
	Disk = 1848376
	Memory = 24000
...
006 (10284267.5737.000) 08/02 17:11:19 Image size of job updated: 948
	1  -  MemoryUsage of job (MB)
	948  -  ResidentSetSize of job (KB)
...
040 (10284267.5737.000) 08/02 17:11:19 Started transferring output files
...
040 (10284267.5737.000) 08/02 17:11:19 Finished transferring output files
...
005 (10284267.5737.000) 08/02 17:11:19 Job terminated.
	(1) Normal termination (return value 139)
		Usr 0 00:00:04, Sys 0 00:00:01  -  Run Remote Usage
		Usr 0 00:00:00, Sys 0 00:00:00  -  Run Local Usage
		Usr 0 00:00:04, Sys 0 00:00:01  -  Total Remote Usage
		Usr 0 00:00:00, Sys 0 00:00:00  -  Total Local Usage
	7696  -  Run Bytes Sent By Job
	409597  -  Run Bytes Received By Job
	7696  -  Total Bytes Sent By Job
	409597  -  Total Bytes Received By Job
	Partitionable Resources :    Usage  Request Allocated 
	   Cpus                 :        0       12        12 
	   Disk (KB)            :      428      425   1848376 
	   Memory (MB)          :        1    24000     24000 

	Job terminated of its own accord at 2024-08-02T15:11:19Z with exit-code 139.
...
