000 (10252905.573.000) 07/24 16:13:15 Job submitted from host: <188.185.114.121:9618?addrs=188.185.114.121-9618+[2001-1458-d00-a--100-273]-9618&alias=bigbird19.cern.ch&noUDP&sock=schedd_4961_696e>
...
009 (10252905.573.000) 07/24 16:14:46 Job was aborted.
	via condor_rm (by user yelberke)
...
000 (10252906.573.000) 07/24 16:15:36 Job submitted from host: <188.185.114.121:9618?addrs=188.185.114.121-9618+[2001-1458-d00-a--100-273]-9618&alias=bigbird19.cern.ch&noUDP&sock=schedd_4961_696e>
...
000 (10252907.573.000) 07/24 16:17:30 Job submitted from host: <188.185.114.121:9618?addrs=188.185.114.121-9618+[2001-1458-d00-a--100-273]-9618&alias=bigbird19.cern.ch&noUDP&sock=schedd_4961_696e>
...
000 (10252908.573.000) 07/24 16:18:03 Job submitted from host: <188.185.114.121:9618?addrs=188.185.114.121-9618+[2001-1458-d00-a--100-273]-9618&alias=bigbird19.cern.ch&noUDP&sock=schedd_4961_696e>
...
000 (10252909.573.000) 07/24 16:18:39 Job submitted from host: <188.185.114.121:9618?addrs=188.185.114.121-9618+[2001-1458-d00-a--100-273]-9618&alias=bigbird19.cern.ch&noUDP&sock=schedd_4961_696e>
...
000 (10252910.573.000) 07/24 16:19:04 Job submitted from host: <188.185.114.121:9618?addrs=188.185.114.121-9618+[2001-1458-d00-a--100-273]-9618&alias=bigbird19.cern.ch&noUDP&sock=schedd_4961_696e>
...
000 (10252911.573.000) 07/24 16:19:17 Job submitted from host: <188.185.114.121:9618?addrs=188.185.114.121-9618+[2001-1458-d00-a--100-273]-9618&alias=bigbird19.cern.ch&noUDP&sock=schedd_4961_696e>
...
000 (10252912.573.000) 07/24 16:19:30 Job submitted from host: <188.185.114.121:9618?addrs=188.185.114.121-9618+[2001-1458-d00-a--100-273]-9618&alias=bigbird19.cern.ch&noUDP&sock=schedd_4961_696e>
...
000 (10252913.573.000) 07/24 16:19:42 Job submitted from host: <188.185.114.121:9618?addrs=188.185.114.121-9618+[2001-1458-d00-a--100-273]-9618&alias=bigbird19.cern.ch&noUDP&sock=schedd_4961_696e>
...
040 (10252906.573.000) 07/24 16:20:57 Started transferring input files
	Transferring to host: <188.185.196.64:9618?addrs=188.185.196.64-9618+[2001-1458-303-23--100-3c]-9618&alias=b9p16p7116.cern.ch&noUDP&sock=slot1_1_3899608_5c69_3721>
...
040 (10252906.573.000) 07/24 16:20:57 Finished transferring input files
...
001 (10252906.573.000) 07/24 16:20:58 Job executing on host: <188.185.196.64:9618?addrs=188.185.196.64-9618+[2001-1458-303-23--100-3c]-9618&alias=b9p16p7116.cern.ch&noUDP&sock=startd_119787_7f3c>
	SlotName: slot1_1@b9p16p7116.cern.ch
	CondorScratchDir = "/pool/condor/dir_3034325"
	Cpus = 8
	Disk = 2980238
	Memory = 16000
...
006 (10252906.573.000) 07/24 16:21:05 Image size of job updated: 161720
	9  -  MemoryUsage of job (MB)
	8532  -  ResidentSetSize of job (KB)
...
040 (10252906.573.000) 07/24 16:21:05 Started transferring output files
...
040 (10252906.573.000) 07/24 16:21:05 Finished transferring output files
...
005 (10252906.573.000) 07/24 16:21:05 Job terminated.
	(1) Normal termination (return value 0)
		Usr 0 00:00:05, Sys 0 00:00:00  -  Run Remote Usage
		Usr 0 00:00:00, Sys 0 00:00:00  -  Run Local Usage
		Usr 0 00:00:05, Sys 0 00:00:00  -  Total Remote Usage
		Usr 0 00:00:00, Sys 0 00:00:00  -  Total Local Usage
	6204  -  Run Bytes Sent By Job
	409597  -  Run Bytes Received By Job
	6204  -  Total Bytes Sent By Job
	409597  -  Total Bytes Received By Job
	Partitionable Resources :    Usage  Request Allocated 
	   Cpus                 :        0        8         8 
	   Disk (KB)            :      428      425   2980238 
	   Memory (MB)          :        9    16000     16000 

	Job terminated of its own accord at 2024-07-24T14:21:05Z with exit-code 0.
...
040 (10252907.573.000) 07/24 17:46:08 Started transferring input files
	Transferring to host: <188.185.192.159:9618?addrs=188.185.192.159-9618+[2001-1458-303-1f--100-9b]-9618&alias=b9p13p7065.cern.ch&noUDP&sock=slot1_4_1476970_ba56_6109>
...
040 (10252907.573.000) 07/24 17:46:08 Finished transferring input files
...
001 (10252907.573.000) 07/24 17:46:09 Job executing on host: <188.185.192.159:9618?addrs=188.185.192.159-9618+[2001-1458-303-1f--100-9b]-9618&alias=b9p13p7065.cern.ch&noUDP&sock=startd_173435_9011>
	SlotName: slot1_4@b9p13p7065.cern.ch
	CondorScratchDir = "/pool/condor/dir_536360"
	Cpus = 8
	Disk = 2882157
	Memory = 16000
...
006 (10252907.573.000) 07/24 17:46:15 Image size of job updated: 165116
	10  -  MemoryUsage of job (MB)
	9956  -  ResidentSetSize of job (KB)
...
040 (10252907.573.000) 07/24 17:46:15 Started transferring output files
...
040 (10252907.573.000) 07/24 17:46:15 Finished transferring output files
...
005 (10252907.573.000) 07/24 17:46:15 Job terminated.
	(1) Normal termination (return value 0)
		Usr 0 00:00:04, Sys 0 00:00:00  -  Run Remote Usage
		Usr 0 00:00:00, Sys 0 00:00:00  -  Run Local Usage
		Usr 0 00:00:04, Sys 0 00:00:00  -  Total Remote Usage
		Usr 0 00:00:00, Sys 0 00:00:00  -  Total Local Usage
	6204  -  Run Bytes Sent By Job
	409597  -  Run Bytes Received By Job
	6204  -  Total Bytes Sent By Job
	409597  -  Total Bytes Received By Job
	Partitionable Resources :    Usage  Request Allocated 
	   Cpus                 :        0        8         8 
	   Disk (KB)            :      427      425   2882157 
	   Memory (MB)          :       10    16000     16000 

	Job terminated of its own accord at 2024-07-24T15:46:15Z with exit-code 0.
...
040 (10252908.573.000) 07/24 18:51:09 Started transferring input files
	Transferring to host: <188.185.205.73:9618?addrs=188.185.205.73-9618&alias=b9p03p5016.cern.ch&noUDP&sock=slot1_7_7418_66e7_158902>
...
040 (10252908.573.000) 07/24 18:51:09 Finished transferring input files
...
001 (10252908.573.000) 07/24 18:51:10 Job executing on host: <188.185.205.73:9618?addrs=188.185.205.73-9618&alias=b9p03p5016.cern.ch&noUDP&sock=startd_7342_946d>
	SlotName: slot1_7@b9p03p5016.cern.ch
	CondorScratchDir = "/pool/condor/dir_770382"
	Cpus = 8
	Disk = 2596854
	Memory = 16000
...
006 (10252908.573.000) 07/24 18:51:15 Image size of job updated: 160096
	8  -  MemoryUsage of job (MB)
	7560  -  ResidentSetSize of job (KB)
...
040 (10252908.573.000) 07/24 18:51:15 Started transferring output files
...
040 (10252908.573.000) 07/24 18:51:15 Finished transferring output files
...
005 (10252908.573.000) 07/24 18:51:15 Job terminated.
	(1) Normal termination (return value 0)
		Usr 0 00:00:03, Sys 0 00:00:00  -  Run Remote Usage
		Usr 0 00:00:00, Sys 0 00:00:00  -  Run Local Usage
		Usr 0 00:00:03, Sys 0 00:00:00  -  Total Remote Usage
		Usr 0 00:00:00, Sys 0 00:00:00  -  Total Local Usage
	6204  -  Run Bytes Sent By Job
	409597  -  Run Bytes Received By Job
	6204  -  Total Bytes Sent By Job
	409597  -  Total Bytes Received By Job
	Partitionable Resources :    Usage  Request Allocated 
	   Cpus                 :        0        8         8 
	   Disk (KB)            :      428      425   2596854 
	   Memory (MB)          :        8    16000     16000 

	Job terminated of its own accord at 2024-07-24T16:51:15Z with exit-code 0.
...
040 (10252909.573.000) 07/24 19:51:20 Started transferring input files
	Transferring to host: <188.185.194.78:9618?addrs=188.185.194.78-9618+[2001-1458-303-21--100-4a]-9618&alias=b9p20p2397.cern.ch&noUDP&sock=slot1_5_110262_4dbd_3611>
...
040 (10252909.573.000) 07/24 19:51:20 Finished transferring input files
...
001 (10252909.573.000) 07/24 19:51:22 Job executing on host: <188.185.194.78:9618?addrs=188.185.194.78-9618+[2001-1458-303-21--100-4a]-9618&alias=b9p20p2397.cern.ch&noUDP&sock=startd_177690_238c>
	SlotName: slot1_5@b9p20p2397.cern.ch
	CondorScratchDir = "/pool/condor/dir_1540708"
	Cpus = 8
	Disk = 2922621
	Memory = 16000
...
006 (10252909.573.000) 07/24 19:51:29 Image size of job updated: 156552
	7  -  MemoryUsage of job (MB)
	6312  -  ResidentSetSize of job (KB)
...
040 (10252909.573.000) 07/24 19:51:29 Started transferring output files
...
040 (10252909.573.000) 07/24 19:51:29 Finished transferring output files
...
005 (10252909.573.000) 07/24 19:51:29 Job terminated.
	(1) Normal termination (return value 0)
		Usr 0 00:00:05, Sys 0 00:00:00  -  Run Remote Usage
		Usr 0 00:00:00, Sys 0 00:00:00  -  Run Local Usage
		Usr 0 00:00:05, Sys 0 00:00:00  -  Total Remote Usage
		Usr 0 00:00:00, Sys 0 00:00:00  -  Total Local Usage
	6204  -  Run Bytes Sent By Job
	409597  -  Run Bytes Received By Job
	6204  -  Total Bytes Sent By Job
	409597  -  Total Bytes Received By Job
	Partitionable Resources :    Usage  Request Allocated 
	   Cpus                 :        0        8         8 
	   Disk (KB)            :      427      425   2922621 
	   Memory (MB)          :        7    16000     16000 

	Job terminated of its own accord at 2024-07-24T17:51:29Z with exit-code 0.
...
040 (10252910.573.000) 07/24 20:44:11 Started transferring input files
	Transferring to host: <188.185.205.13:9618?addrs=188.185.205.13-9618+[2001-1458-303-9--100-81]-9618&alias=b9p03p2205.cern.ch&noUDP&sock=slot1_8_3583_4c2b_30763>
...
040 (10252910.573.000) 07/24 20:44:11 Finished transferring input files
...
001 (10252910.573.000) 07/24 20:44:12 Job executing on host: <188.185.205.13:9618?addrs=188.185.205.13-9618+[2001-1458-303-9--100-81]-9618&alias=b9p03p2205.cern.ch&noUDP&sock=startd_3230_16fe>
	SlotName: slot1_8@b9p03p2205.cern.ch
	CondorScratchDir = "/pool/condor/dir_260647"
	Cpus = 8
	Disk = 2705910
	Memory = 16000
...
006 (10252910.573.000) 07/24 20:44:16 Image size of job updated: 161324
	9  -  MemoryUsage of job (MB)
	8840  -  ResidentSetSize of job (KB)
...
040 (10252910.573.000) 07/24 20:44:16 Started transferring output files
...
040 (10252910.573.000) 07/24 20:44:16 Finished transferring output files
...
005 (10252910.573.000) 07/24 20:44:16 Job terminated.
	(1) Normal termination (return value 0)
		Usr 0 00:00:03, Sys 0 00:00:00  -  Run Remote Usage
		Usr 0 00:00:00, Sys 0 00:00:00  -  Run Local Usage
		Usr 0 00:00:03, Sys 0 00:00:00  -  Total Remote Usage
		Usr 0 00:00:00, Sys 0 00:00:00  -  Total Local Usage
	6201  -  Run Bytes Sent By Job
	409597  -  Run Bytes Received By Job
	6201  -  Total Bytes Sent By Job
	409597  -  Total Bytes Received By Job
	Partitionable Resources :    Usage  Request Allocated 
	   Cpus                 :        0        8         8 
	   Disk (KB)            :      428      425   2705910 
	   Memory (MB)          :        9    16000     16000 

	Job terminated of its own accord at 2024-07-24T18:44:16Z with exit-code 0.
...
040 (10252911.573.000) 07/24 20:57:06 Started transferring input files
	Transferring to host: <188.185.194.24:9618?addrs=188.185.194.24-9618+[2001-1458-303-21--100-14]-9618&alias=b9p20p6000.cern.ch&noUDP&sock=slot1_7_3837473_a1eb_7119>
...
040 (10252911.573.000) 07/24 20:57:06 Finished transferring input files
...
001 (10252911.573.000) 07/24 20:57:07 Job executing on host: <188.185.194.24:9618?addrs=188.185.194.24-9618+[2001-1458-303-21--100-14]-9618&alias=b9p20p6000.cern.ch&noUDP&sock=startd_128348_a185>
	SlotName: slot1_7@b9p20p6000.cern.ch
	CondorScratchDir = "/pool/condor/dir_2149668"
	Cpus = 8
	Disk = 3016804
	Memory = 16000
...
006 (10252911.573.000) 07/24 20:57:16 Image size of job updated: 1
	0  -  MemoryUsage of job (MB)
	0  -  ResidentSetSize of job (KB)
...
006 (10252911.573.000) 07/24 20:57:39 Image size of job updated: 162616
	9  -  MemoryUsage of job (MB)
	8608  -  ResidentSetSize of job (KB)
...
040 (10252911.573.000) 07/24 20:57:39 Started transferring output files
...
040 (10252911.573.000) 07/24 20:57:39 Finished transferring output files
...
005 (10252911.573.000) 07/24 20:57:39 Job terminated.
	(1) Normal termination (return value 0)
		Usr 0 00:00:05, Sys 0 00:00:00  -  Run Remote Usage
		Usr 0 00:00:00, Sys 0 00:00:00  -  Run Local Usage
		Usr 0 00:00:05, Sys 0 00:00:00  -  Total Remote Usage
		Usr 0 00:00:00, Sys 0 00:00:00  -  Total Local Usage
	6204  -  Run Bytes Sent By Job
	409597  -  Run Bytes Received By Job
	6204  -  Total Bytes Sent By Job
	409597  -  Total Bytes Received By Job
	Partitionable Resources :    Usage  Request Allocated 
	   Cpus                 :        0        8         8 
	   Disk (KB)            :      428      425   3016804 
	   Memory (MB)          :        9    16000     16000 

	Job terminated of its own accord at 2024-07-24T18:57:39Z with exit-code 0.
...
040 (10252912.573.000) 07/24 21:10:04 Started transferring input files
	Transferring to host: <188.185.194.58:9618?addrs=188.185.194.58-9618+[2001-1458-303-21--100-36]-9618&alias=b9p20p2508.cern.ch&noUDP&sock=slot1_7_184637_382d_24626>
...
040 (10252912.573.000) 07/24 21:10:04 Finished transferring input files
...
001 (10252912.573.000) 07/24 21:10:05 Job executing on host: <188.185.194.58:9618?addrs=188.185.194.58-9618+[2001-1458-303-21--100-36]-9618&alias=b9p20p2508.cern.ch&noUDP&sock=startd_174974_3052>
	SlotName: slot1_7@b9p20p2508.cern.ch
	CondorScratchDir = "/pool/condor/dir_2725552"
	Cpus = 8
	Disk = 2974315
	Memory = 16000
...
006 (10252912.573.000) 07/24 21:10:11 Image size of job updated: 160336
	8  -  MemoryUsage of job (MB)
	7684  -  ResidentSetSize of job (KB)
...
040 (10252912.573.000) 07/24 21:10:11 Started transferring output files
...
040 (10252912.573.000) 07/24 21:10:11 Finished transferring output files
...
005 (10252912.573.000) 07/24 21:10:11 Job terminated.
	(1) Normal termination (return value 0)
		Usr 0 00:00:04, Sys 0 00:00:00  -  Run Remote Usage
		Usr 0 00:00:00, Sys 0 00:00:00  -  Run Local Usage
		Usr 0 00:00:04, Sys 0 00:00:00  -  Total Remote Usage
		Usr 0 00:00:00, Sys 0 00:00:00  -  Total Local Usage
	6204  -  Run Bytes Sent By Job
	409597  -  Run Bytes Received By Job
	6204  -  Total Bytes Sent By Job
	409597  -  Total Bytes Received By Job
	Partitionable Resources :    Usage  Request Allocated 
	   Cpus                 :                 8         8 
	   Disk (KB)            :      421      425   2974315 
	   Memory (MB)          :        8    16000     16000 

	Job terminated of its own accord at 2024-07-24T19:10:11Z with exit-code 0.
...
040 (10252913.573.000) 07/24 21:23:54 Started transferring input files
	Transferring to host: <128.142.33.59:9618?addrs=128.142.33.59-9618+[2001-1458-301-53--100-38]-9618&alias=b9g34p8702.cern.ch&noUDP&sock=slot1_5_110861_5a75_2530>
...
040 (10252913.573.000) 07/24 21:23:54 Finished transferring input files
...
001 (10252913.573.000) 07/24 21:23:55 Job executing on host: <128.142.33.59:9618?addrs=128.142.33.59-9618+[2001-1458-301-53--100-38]-9618&alias=b9g34p8702.cern.ch&noUDP&sock=startd_4366_4a94>
	SlotName: slot1_5@b9g34p8702.cern.ch
	CondorScratchDir = "/pool/condor/dir_2252069"
	Cpus = 8
	Disk = 2916418
	Memory = 16000
...
006 (10252913.573.000) 07/24 21:24:02 Image size of job updated: 215804
	64  -  MemoryUsage of job (MB)
	64704  -  ResidentSetSize of job (KB)
...
040 (10252913.573.000) 07/24 21:24:02 Started transferring output files
...
040 (10252913.573.000) 07/24 21:24:02 Finished transferring output files
...
005 (10252913.573.000) 07/24 21:24:02 Job terminated.
	(1) Normal termination (return value 0)
		Usr 0 00:00:05, Sys 0 00:00:00  -  Run Remote Usage
		Usr 0 00:00:00, Sys 0 00:00:00  -  Run Local Usage
		Usr 0 00:00:05, Sys 0 00:00:00  -  Total Remote Usage
		Usr 0 00:00:00, Sys 0 00:00:00  -  Total Local Usage
	6204  -  Run Bytes Sent By Job
	409597  -  Run Bytes Received By Job
	6204  -  Total Bytes Sent By Job
	409597  -  Total Bytes Received By Job
	Partitionable Resources :    Usage  Request Allocated 
	   Cpus                 :                 8         8 
	   Disk (KB)            :      420      425   2916418 
	   Memory (MB)          :       64    16000     16000 

	Job terminated of its own accord at 2024-07-24T19:24:02Z with exit-code 0.
...
000 (10261715.573.000) 07/25 13:01:29 Job submitted from host: <188.185.114.121:9618?addrs=188.185.114.121-9618+[2001-1458-d00-a--100-273]-9618&alias=bigbird19.cern.ch&noUDP&sock=schedd_4961_696e>
...
009 (10261715.573.000) 07/25 13:06:39 Job was aborted.
	via condor_rm (by user yelberke)
...
000 (10261767.573.000) 07/25 13:19:59 Job submitted from host: <188.185.114.121:9618?addrs=188.185.114.121-9618+[2001-1458-d00-a--100-273]-9618&alias=bigbird19.cern.ch&noUDP&sock=schedd_4961_696e>
...
040 (10261767.573.000) 07/25 13:51:27 Started transferring input files
	Transferring to host: <188.185.208.199:9618?addrs=188.185.208.199-9618+[2001-1458-303-10--100-44]-9618&alias=b9p10p6664.cern.ch&noUDP&sock=slot1_12_13373_3cf9_141869>
...
040 (10261767.573.000) 07/25 13:51:27 Finished transferring input files
...
001 (10261767.573.000) 07/25 13:51:28 Job executing on host: <188.185.208.199:9618?addrs=188.185.208.199-9618+[2001-1458-303-10--100-44]-9618&alias=b9p10p6664.cern.ch&noUDP&sock=startd_3833_b299>
	SlotName: slot1_12@b9p10p6664.cern.ch
	CondorScratchDir = "/pool/condor/dir_3437791"
	Cpus = 12
	Disk = 2741031
	Memory = 24000
...
006 (10261767.573.000) 07/25 13:51:34 Image size of job updated: 191724
	38  -  MemoryUsage of job (MB)
	38176  -  ResidentSetSize of job (KB)
...
040 (10261767.573.000) 07/25 13:51:34 Started transferring output files
...
040 (10261767.573.000) 07/25 13:51:34 Finished transferring output files
...
005 (10261767.573.000) 07/25 13:51:34 Job terminated.
	(1) Normal termination (return value 0)
		Usr 0 00:00:03, Sys 0 00:00:00  -  Run Remote Usage
		Usr 0 00:00:00, Sys 0 00:00:00  -  Run Local Usage
		Usr 0 00:00:03, Sys 0 00:00:00  -  Total Remote Usage
		Usr 0 00:00:00, Sys 0 00:00:00  -  Total Local Usage
	6204  -  Run Bytes Sent By Job
	409597  -  Run Bytes Received By Job
	6204  -  Total Bytes Sent By Job
	409597  -  Total Bytes Received By Job
	Partitionable Resources :    Usage  Request Allocated 
	   Cpus                 :        0       12        12 
	   Disk (KB)            :      427      425   2741031 
	   Memory (MB)          :       38    24000     24000 

	Job terminated of its own accord at 2024-07-25T11:51:34Z with exit-code 0.
...
000 (10284266.573.000) 08/02 15:45:10 Job submitted from host: <188.185.114.121:9618?addrs=188.185.114.121-9618+[2001-1458-d00-a--100-273]-9618&alias=bigbird19.cern.ch&noUDP&sock=schedd_4961_696e>
...
009 (10284266.573.000) 08/02 15:49:15 Job was aborted.
	via condor_rm (by user yelberke)
...
000 (10284267.573.000) 08/02 15:49:46 Job submitted from host: <188.185.114.121:9618?addrs=188.185.114.121-9618+[2001-1458-d00-a--100-273]-9618&alias=bigbird19.cern.ch&noUDP&sock=schedd_4961_696e>
...
040 (10284267.573.000) 08/02 16:09:00 Started transferring input files
	Transferring to host: <188.185.198.81:9618?addrs=188.185.198.81-9618+[2001-1458-303-25--100-4d]-9618&alias=b9p15p8789.cern.ch&noUDP&sock=slot1_6_3085678_0b5f_13452>
...
040 (10284267.573.000) 08/02 16:09:00 Finished transferring input files
...
001 (10284267.573.000) 08/02 16:09:01 Job executing on host: <188.185.198.81:9618?addrs=188.185.198.81-9618+[2001-1458-303-25--100-4d]-9618&alias=b9p15p8789.cern.ch&noUDP&sock=startd_127936_0880>
	SlotName: slot1_6@b9p15p8789.cern.ch
	CondorScratchDir = "/pool/condor/dir_3444864"
	Cpus = 12
	Disk = 2774574
	Memory = 24000
...
006 (10284267.573.000) 08/02 16:09:03 Image size of job updated: 315408
	3  -  MemoryUsage of job (MB)
	2432  -  ResidentSetSize of job (KB)
...
040 (10284267.573.000) 08/02 16:09:03 Started transferring output files
...
040 (10284267.573.000) 08/02 16:09:03 Finished transferring output files
...
005 (10284267.573.000) 08/02 16:09:03 Job terminated.
	(1) Normal termination (return value 139)
		Usr 0 00:00:02, Sys 0 00:00:00  -  Run Remote Usage
		Usr 0 00:00:00, Sys 0 00:00:00  -  Run Local Usage
		Usr 0 00:00:02, Sys 0 00:00:00  -  Total Remote Usage
		Usr 0 00:00:00, Sys 0 00:00:00  -  Total Local Usage
	7696  -  Run Bytes Sent By Job
	409597  -  Run Bytes Received By Job
	7696  -  Total Bytes Sent By Job
	409597  -  Total Bytes Received By Job
	Partitionable Resources :    Usage  Request Allocated 
	   Cpus                 :        0       12        12 
	   Disk (KB)            :      429      425   2774574 
	   Memory (MB)          :        3    24000     24000 

	Job terminated of its own accord at 2024-08-02T14:09:03Z with exit-code 139.
...
