000 (10252905.5745.000) 07/24 16:13:22 Job submitted from host: <188.185.114.121:9618?addrs=188.185.114.121-9618+[2001-1458-d00-a--100-273]-9618&alias=bigbird19.cern.ch&noUDP&sock=schedd_4961_696e>
...
009 (10252905.5745.000) 07/24 16:14:53 Job was aborted.
	via condor_rm (by user yelberke)
...
000 (10252906.5745.000) 07/24 16:15:41 Job submitted from host: <188.185.114.121:9618?addrs=188.185.114.121-9618+[2001-1458-d00-a--100-273]-9618&alias=bigbird19.cern.ch&noUDP&sock=schedd_4961_696e>
...
000 (10252907.5745.000) 07/24 16:17:35 Job submitted from host: <188.185.114.121:9618?addrs=188.185.114.121-9618+[2001-1458-d00-a--100-273]-9618&alias=bigbird19.cern.ch&noUDP&sock=schedd_4961_696e>
...
000 (10252908.5745.000) 07/24 16:18:08 Job submitted from host: <188.185.114.121:9618?addrs=188.185.114.121-9618+[2001-1458-d00-a--100-273]-9618&alias=bigbird19.cern.ch&noUDP&sock=schedd_4961_696e>
...
000 (10252909.5745.000) 07/24 16:18:44 Job submitted from host: <188.185.114.121:9618?addrs=188.185.114.121-9618+[2001-1458-d00-a--100-273]-9618&alias=bigbird19.cern.ch&noUDP&sock=schedd_4961_696e>
...
040 (10252906.5745.000) 07/24 17:28:52 Started transferring input files
	Transferring to host: <188.185.205.180:9618?addrs=188.185.205.180-9618+[2001-1458-303-a--100-31]-9618&alias=b9p04p8901.cern.ch&noUDP&sock=slot1_22_3676_d30f_82250>
...
040 (10252906.5745.000) 07/24 17:28:52 Finished transferring input files
...
001 (10252906.5745.000) 07/24 17:28:53 Job executing on host: <188.185.205.180:9618?addrs=188.185.205.180-9618+[2001-1458-303-a--100-31]-9618&alias=b9p04p8901.cern.ch&noUDP&sock=startd_3327_9fad>
	SlotName: slot1_22@b9p04p8901.cern.ch
	CondorScratchDir = "/pool/condor/dir_782816"
	Cpus = 8
	Disk = 2576928
	Memory = 16000
...
006 (10252906.5745.000) 07/24 17:28:58 Image size of job updated: 160836
	8  -  MemoryUsage of job (MB)
	8060  -  ResidentSetSize of job (KB)
...
040 (10252906.5745.000) 07/24 17:28:58 Started transferring output files
...
040 (10252906.5745.000) 07/24 17:28:58 Finished transferring output files
...
005 (10252906.5745.000) 07/24 17:28:58 Job terminated.
	(1) Normal termination (return value 0)
		Usr 0 00:00:03, Sys 0 00:00:00  -  Run Remote Usage
		Usr 0 00:00:00, Sys 0 00:00:00  -  Run Local Usage
		Usr 0 00:00:03, Sys 0 00:00:00  -  Total Remote Usage
		Usr 0 00:00:00, Sys 0 00:00:00  -  Total Local Usage
	6201  -  Run Bytes Sent By Job
	409597  -  Run Bytes Received By Job
	6201  -  Total Bytes Sent By Job
	409597  -  Total Bytes Received By Job
	Partitionable Resources :    Usage  Request Allocated 
	   Cpus                 :        0        8         8 
	   Disk (KB)            :      427      425   2576928 
	   Memory (MB)          :        8    16000     16000 

	Job terminated of its own accord at 2024-07-24T15:28:58Z with exit-code 0.
...
040 (10252907.5745.000) 07/24 18:27:50 Started transferring input files
	Transferring to host: <188.185.208.204:9618?addrs=188.185.208.204-9618+[2001-1458-303-10--100-49]-9618&alias=b9p10p7122.cern.ch&noUDP&sock=slot1_8_10181_2f77_145513>
...
040 (10252907.5745.000) 07/24 18:27:50 Finished transferring input files
...
001 (10252907.5745.000) 07/24 18:27:51 Job executing on host: <188.185.208.204:9618?addrs=188.185.208.204-9618+[2001-1458-303-10--100-49]-9618&alias=b9p10p7122.cern.ch&noUDP&sock=startd_8805_137b>
	SlotName: slot1_8@b9p10p7122.cern.ch
	CondorScratchDir = "/pool/condor/dir_1652090"
	Cpus = 8
	Disk = 2773947
	Memory = 16000
...
006 (10252907.5745.000) 07/24 18:27:55 Image size of job updated: 158484
	8  -  MemoryUsage of job (MB)
	7864  -  ResidentSetSize of job (KB)
...
040 (10252907.5745.000) 07/24 18:27:55 Started transferring output files
...
040 (10252907.5745.000) 07/24 18:27:55 Finished transferring output files
...
005 (10252907.5745.000) 07/24 18:27:55 Job terminated.
	(1) Normal termination (return value 0)
		Usr 0 00:00:03, Sys 0 00:00:00  -  Run Remote Usage
		Usr 0 00:00:00, Sys 0 00:00:00  -  Run Local Usage
		Usr 0 00:00:03, Sys 0 00:00:00  -  Total Remote Usage
		Usr 0 00:00:00, Sys 0 00:00:00  -  Total Local Usage
	6204  -  Run Bytes Sent By Job
	409597  -  Run Bytes Received By Job
	6204  -  Total Bytes Sent By Job
	409597  -  Total Bytes Received By Job
	Partitionable Resources :    Usage  Request Allocated 
	   Cpus                 :        0        8         8 
	   Disk (KB)            :      427      425   2773947 
	   Memory (MB)          :        8    16000     16000 

	Job terminated of its own accord at 2024-07-24T16:27:55Z with exit-code 0.
...
040 (10252908.5745.000) 07/24 19:34:09 Started transferring input files
	Transferring to host: <188.185.208.141:9618?addrs=188.185.208.141-9618+[2001-1458-303-10--100-a]-9618&alias=b9p10p2306.cern.ch&noUDP&sock=slot1_15_13778_98e9_24905>
...
040 (10252908.5745.000) 07/24 19:34:09 Finished transferring input files
...
001 (10252908.5745.000) 07/24 19:34:11 Job executing on host: <188.185.208.141:9618?addrs=188.185.208.141-9618+[2001-1458-303-10--100-a]-9618&alias=b9p10p2306.cern.ch&noUDP&sock=startd_12774_7adf>
	SlotName: slot1_15@b9p10p2306.cern.ch
	CondorScratchDir = "/pool/condor/dir_1891433"
	Cpus = 8
	Disk = 2750665
	Memory = 16000
...
006 (10252908.5745.000) 07/24 19:34:15 Image size of job updated: 161356
	9  -  MemoryUsage of job (MB)
	8376  -  ResidentSetSize of job (KB)
...
040 (10252908.5745.000) 07/24 19:34:17 Started transferring output files
...
040 (10252908.5745.000) 07/24 19:34:17 Finished transferring output files
...
005 (10252908.5745.000) 07/24 19:34:18 Job terminated.
	(1) Normal termination (return value 0)
		Usr 0 00:00:03, Sys 0 00:00:00  -  Run Remote Usage
		Usr 0 00:00:00, Sys 0 00:00:00  -  Run Local Usage
		Usr 0 00:00:03, Sys 0 00:00:00  -  Total Remote Usage
		Usr 0 00:00:00, Sys 0 00:00:00  -  Total Local Usage
	6204  -  Run Bytes Sent By Job
	409597  -  Run Bytes Received By Job
	6204  -  Total Bytes Sent By Job
	409597  -  Total Bytes Received By Job
	Partitionable Resources :    Usage  Request Allocated 
	   Cpus                 :        0        8         8 
	   Disk (KB)            :      428      425   2750665 
	   Memory (MB)          :        9    16000     16000 

	Job terminated of its own accord at 2024-07-24T17:34:15Z with exit-code 0.
...
040 (10252909.5745.000) 07/24 20:28:42 Started transferring input files
	Transferring to host: <188.185.208.180:9618?addrs=188.185.208.180-9618+[2001-1458-303-10--100-31]-9618&alias=b9p10p0918.cern.ch&noUDP&sock=slot1_6_12975_cfa9_25084>
...
040 (10252909.5745.000) 07/24 20:28:43 Finished transferring input files
...
001 (10252909.5745.000) 07/24 20:28:44 Job executing on host: <188.185.208.180:9618?addrs=188.185.208.180-9618+[2001-1458-303-10--100-31]-9618&alias=b9p10p0918.cern.ch&noUDP&sock=startd_11946_8a75>
	SlotName: slot1_6@b9p10p0918.cern.ch
	CondorScratchDir = "/pool/condor/dir_796223"
	Cpus = 8
	Disk = 2923863
	Memory = 16000
...
006 (10252909.5745.000) 07/24 20:28:49 Image size of job updated: 160816
	8  -  MemoryUsage of job (MB)
	7928  -  ResidentSetSize of job (KB)
...
040 (10252909.5745.000) 07/24 20:28:49 Started transferring output files
...
040 (10252909.5745.000) 07/24 20:28:49 Finished transferring output files
...
005 (10252909.5745.000) 07/24 20:28:49 Job terminated.
	(1) Normal termination (return value 0)
		Usr 0 00:00:04, Sys 0 00:00:00  -  Run Remote Usage
		Usr 0 00:00:00, Sys 0 00:00:00  -  Run Local Usage
		Usr 0 00:00:04, Sys 0 00:00:00  -  Total Remote Usage
		Usr 0 00:00:00, Sys 0 00:00:00  -  Total Local Usage
	6204  -  Run Bytes Sent By Job
	409597  -  Run Bytes Received By Job
	6204  -  Total Bytes Sent By Job
	409597  -  Total Bytes Received By Job
	Partitionable Resources :    Usage  Request Allocated 
	   Cpus                 :        0        8         8 
	   Disk (KB)            :      428      425   2923863 
	   Memory (MB)          :        8    16000     16000 

	Job terminated of its own accord at 2024-07-24T18:28:49Z with exit-code 0.
...
000 (10261715.5745.000) 07/25 13:03:31 Job submitted from host: <188.185.114.121:9618?addrs=188.185.114.121-9618+[2001-1458-d00-a--100-273]-9618&alias=bigbird19.cern.ch&noUDP&sock=schedd_4961_696e>
...
009 (10261715.5745.000) 07/25 13:07:05 Job was aborted.
	via condor_rm (by user yelberke)
...
000 (10261767.5745.000) 07/25 13:20:47 Job submitted from host: <188.185.114.121:9618?addrs=188.185.114.121-9618+[2001-1458-d00-a--100-273]-9618&alias=bigbird19.cern.ch&noUDP&sock=schedd_4961_696e>
...
040 (10261767.5745.000) 07/25 14:53:50 Started transferring input files
	Transferring to host: <188.185.194.59:9618?addrs=188.185.194.59-9618+[2001-1458-303-21--100-37]-9618&alias=b9p20p5151.cern.ch&noUDP&sock=slot1_8_1789276_8eb1_3987>
...
040 (10261767.5745.000) 07/25 14:53:50 Finished transferring input files
...
001 (10261767.5745.000) 07/25 14:53:51 Job executing on host: <188.185.194.59:9618?addrs=188.185.194.59-9618+[2001-1458-303-21--100-37]-9618&alias=b9p20p5151.cern.ch&noUDP&sock=startd_128404_0ad3>
	SlotName: slot1_8@b9p20p5151.cern.ch
	CondorScratchDir = "/pool/condor/dir_814151"
	Cpus = 12
	Disk = 3044330
	Memory = 24000
...
006 (10261767.5745.000) 07/25 14:54:00 Image size of job updated: 1
	0  -  MemoryUsage of job (MB)
	0  -  ResidentSetSize of job (KB)
...
006 (10261767.5745.000) 07/25 14:54:23 Image size of job updated: 161384
	8  -  MemoryUsage of job (MB)
	7444  -  ResidentSetSize of job (KB)
...
040 (10261767.5745.000) 07/25 14:54:23 Started transferring output files
...
040 (10261767.5745.000) 07/25 14:54:23 Finished transferring output files
...
005 (10261767.5745.000) 07/25 14:54:23 Job terminated.
	(1) Normal termination (return value 0)
		Usr 0 00:00:05, Sys 0 00:00:00  -  Run Remote Usage
		Usr 0 00:00:00, Sys 0 00:00:00  -  Run Local Usage
		Usr 0 00:00:05, Sys 0 00:00:00  -  Total Remote Usage
		Usr 0 00:00:00, Sys 0 00:00:00  -  Total Local Usage
	6676  -  Run Bytes Sent By Job
	409597  -  Run Bytes Received By Job
	6676  -  Total Bytes Sent By Job
	409597  -  Total Bytes Received By Job
	Partitionable Resources :    Usage  Request Allocated 
	   Cpus                 :        0       12        12 
	   Disk (KB)            :      428      425   3044330 
	   Memory (MB)          :        8    24000     24000 

	Job terminated of its own accord at 2024-07-25T12:54:23Z with exit-code 0.
...
000 (10284266.5745.000) 08/02 15:47:23 Job submitted from host: <188.185.114.121:9618?addrs=188.185.114.121-9618+[2001-1458-d00-a--100-273]-9618&alias=bigbird19.cern.ch&noUDP&sock=schedd_4961_696e>
...
000 (10284267.5745.000) 08/02 15:50:15 Job submitted from host: <188.185.114.121:9618?addrs=188.185.114.121-9618+[2001-1458-d00-a--100-273]-9618&alias=bigbird19.cern.ch&noUDP&sock=schedd_4961_696e>
...
009 (10284266.5745.000) 08/02 15:50:41 Job was aborted.
	via condor_rm (by user yelberke)
...
040 (10284267.5745.000) 08/02 17:11:17 Started transferring input files
	Transferring to host: <188.185.209.15:9618?addrs=188.185.209.15-9618+[2001-1458-303-11--100-c]-9618&alias=b9p11p0957.cern.ch&noUDP&sock=slot1_3_5213_c7ad_156714>
...
040 (10284267.5745.000) 08/02 17:11:17 Finished transferring input files
...
001 (10284267.5745.000) 08/02 17:11:18 Job executing on host: <188.185.209.15:9618?addrs=188.185.209.15-9618+[2001-1458-303-11--100-c]-9618&alias=b9p11p0957.cern.ch&noUDP&sock=startd_4362_8c33>
	SlotName: slot1_3@b9p11p0957.cern.ch
	CondorScratchDir = "/pool/condor/dir_123990"
	Cpus = 12
	Disk = 2920534
	Memory = 24000
...
006 (10284267.5745.000) 08/02 17:11:20 Image size of job updated: 328596
	7  -  MemoryUsage of job (MB)
	6384  -  ResidentSetSize of job (KB)
...
040 (10284267.5745.000) 08/02 17:11:20 Started transferring output files
...
040 (10284267.5745.000) 08/02 17:11:20 Finished transferring output files
...
005 (10284267.5745.000) 08/02 17:11:20 Job terminated.
	(1) Normal termination (return value 139)
		Usr 0 00:00:02, Sys 0 00:00:01  -  Run Remote Usage
		Usr 0 00:00:00, Sys 0 00:00:00  -  Run Local Usage
		Usr 0 00:00:02, Sys 0 00:00:01  -  Total Remote Usage
		Usr 0 00:00:00, Sys 0 00:00:00  -  Total Local Usage
	7696  -  Run Bytes Sent By Job
	409597  -  Run Bytes Received By Job
	7696  -  Total Bytes Sent By Job
	409597  -  Total Bytes Received By Job
	Partitionable Resources :    Usage  Request Allocated 
	   Cpus                 :        0       12        12 
	   Disk (KB)            :      430      425   2920534 
	   Memory (MB)          :        7    24000     24000 

	Job terminated of its own accord at 2024-08-02T15:11:20Z with exit-code 139.
...
