000 (10252905.5809.000) 07/24 16:13:23 Job submitted from host: <188.185.114.121:9618?addrs=188.185.114.121-9618+[2001-1458-d00-a--100-273]-9618&alias=bigbird19.cern.ch&noUDP&sock=schedd_4961_696e>
...
009 (10252905.5809.000) 07/24 16:14:53 Job was aborted.
	via condor_rm (by user yelberke)
...
000 (10252906.5809.000) 07/24 16:15:41 Job submitted from host: <188.185.114.121:9618?addrs=188.185.114.121-9618+[2001-1458-d00-a--100-273]-9618&alias=bigbird19.cern.ch&noUDP&sock=schedd_4961_696e>
...
000 (10252907.5809.000) 07/24 16:17:35 Job submitted from host: <188.185.114.121:9618?addrs=188.185.114.121-9618+[2001-1458-d00-a--100-273]-9618&alias=bigbird19.cern.ch&noUDP&sock=schedd_4961_696e>
...
000 (10252908.5809.000) 07/24 16:18:08 Job submitted from host: <188.185.114.121:9618?addrs=188.185.114.121-9618+[2001-1458-d00-a--100-273]-9618&alias=bigbird19.cern.ch&noUDP&sock=schedd_4961_696e>
...
000 (10252909.5809.000) 07/24 16:18:44 Job submitted from host: <188.185.114.121:9618?addrs=188.185.114.121-9618+[2001-1458-d00-a--100-273]-9618&alias=bigbird19.cern.ch&noUDP&sock=schedd_4961_696e>
...
040 (10252906.5809.000) 07/24 17:29:30 Started transferring input files
	Transferring to host: <188.185.206.100:9618?addrs=188.185.206.100-9618+[2001-1458-303-b--100-61]-9618&alias=b9p05p6008.cern.ch&noUDP&sock=slot1_7_4028_d71d_28425>
...
040 (10252906.5809.000) 07/24 17:29:30 Finished transferring input files
...
001 (10252906.5809.000) 07/24 17:29:31 Job executing on host: <188.185.206.100:9618?addrs=188.185.206.100-9618+[2001-1458-303-b--100-61]-9618&alias=b9p05p6008.cern.ch&noUDP&sock=startd_3543_c822>
	SlotName: slot1_7@b9p05p6008.cern.ch
	CondorScratchDir = "/pool/condor/dir_461758"
	Cpus = 8
	Disk = 2892390
	Memory = 16000
...
006 (10252906.5809.000) 07/24 17:29:37 Image size of job updated: 158748
	8  -  MemoryUsage of job (MB)
	7764  -  ResidentSetSize of job (KB)
...
040 (10252906.5809.000) 07/24 17:29:37 Started transferring output files
...
040 (10252906.5809.000) 07/24 17:29:37 Finished transferring output files
...
005 (10252906.5809.000) 07/24 17:29:37 Job terminated.
	(1) Normal termination (return value 0)
		Usr 0 00:00:04, Sys 0 00:00:00  -  Run Remote Usage
		Usr 0 00:00:00, Sys 0 00:00:00  -  Run Local Usage
		Usr 0 00:00:04, Sys 0 00:00:00  -  Total Remote Usage
		Usr 0 00:00:00, Sys 0 00:00:00  -  Total Local Usage
	6201  -  Run Bytes Sent By Job
	409597  -  Run Bytes Received By Job
	6201  -  Total Bytes Sent By Job
	409597  -  Total Bytes Received By Job
	Partitionable Resources :    Usage  Request Allocated 
	   Cpus                 :        0        8         8 
	   Disk (KB)            :      432      425   2892390 
	   Memory (MB)          :        8    16000     16000 

	Job terminated of its own accord at 2024-07-24T15:29:37Z with exit-code 0.
...
040 (10252907.5809.000) 07/24 18:28:12 Started transferring input files
	Transferring to host: <188.185.205.25:9618?addrs=188.185.205.25-9618+[2001-1458-303-9--100-8d]-9618&alias=b9p03p2256.cern.ch&noUDP&sock=slot1_59_3721_87f0_84400>
...
040 (10252907.5809.000) 07/24 18:28:12 Finished transferring input files
...
001 (10252907.5809.000) 07/24 18:28:13 Job executing on host: <188.185.205.25:9618?addrs=188.185.205.25-9618+[2001-1458-303-9--100-8d]-9618&alias=b9p03p2256.cern.ch&noUDP&sock=startd_3358_e31d>
	SlotName: slot1_59@b9p03p2256.cern.ch
	CondorScratchDir = "/pool/condor/dir_2347193"
	Cpus = 8
	Disk = 2729269
	Memory = 16000
...
006 (10252907.5809.000) 07/24 18:28:19 Image size of job updated: 158728
	7  -  MemoryUsage of job (MB)
	6240  -  ResidentSetSize of job (KB)
...
040 (10252907.5809.000) 07/24 18:28:19 Started transferring output files
...
040 (10252907.5809.000) 07/24 18:28:19 Finished transferring output files
...
005 (10252907.5809.000) 07/24 18:28:19 Job terminated.
	(1) Normal termination (return value 0)
		Usr 0 00:00:05, Sys 0 00:00:00  -  Run Remote Usage
		Usr 0 00:00:00, Sys 0 00:00:00  -  Run Local Usage
		Usr 0 00:00:05, Sys 0 00:00:00  -  Total Remote Usage
		Usr 0 00:00:00, Sys 0 00:00:00  -  Total Local Usage
	6204  -  Run Bytes Sent By Job
	409597  -  Run Bytes Received By Job
	6204  -  Total Bytes Sent By Job
	409597  -  Total Bytes Received By Job
	Partitionable Resources :    Usage  Request Allocated 
	   Cpus                 :        0        8         8 
	   Disk (KB)            :      427      425   2729269 
	   Memory (MB)          :        7    16000     16000 

	Job terminated of its own accord at 2024-07-24T16:28:19Z with exit-code 0.
...
040 (10252908.5809.000) 07/24 19:34:42 Started transferring input files
	Transferring to host: <188.185.204.191:9618?addrs=188.185.204.191-9618+[2001-1458-303-8--100-b3]-9618&alias=b9p02p4879.cern.ch&noUDP&sock=slot1_20_8290_ce0a_28923>
...
040 (10252908.5809.000) 07/24 19:34:42 Finished transferring input files
...
001 (10252908.5809.000) 07/24 19:34:43 Job executing on host: <188.185.204.191:9618?addrs=188.185.204.191-9618+[2001-1458-303-8--100-b3]-9618&alias=b9p02p4879.cern.ch&noUDP&sock=startd_7347_0266>
	SlotName: slot1_20@b9p02p4879.cern.ch
	CondorScratchDir = "/pool/condor/dir_3407779"
	Cpus = 8
	Disk = 2655502
	Memory = 16000
...
006 (10252908.5809.000) 07/24 19:34:48 Image size of job updated: 157640
	7  -  MemoryUsage of job (MB)
	6704  -  ResidentSetSize of job (KB)
...
040 (10252908.5809.000) 07/24 19:34:48 Started transferring output files
...
040 (10252908.5809.000) 07/24 19:34:48 Finished transferring output files
...
005 (10252908.5809.000) 07/24 19:34:48 Job terminated.
	(1) Normal termination (return value 0)
		Usr 0 00:00:03, Sys 0 00:00:00  -  Run Remote Usage
		Usr 0 00:00:00, Sys 0 00:00:00  -  Run Local Usage
		Usr 0 00:00:03, Sys 0 00:00:00  -  Total Remote Usage
		Usr 0 00:00:00, Sys 0 00:00:00  -  Total Local Usage
	6204  -  Run Bytes Sent By Job
	409597  -  Run Bytes Received By Job
	6204  -  Total Bytes Sent By Job
	409597  -  Total Bytes Received By Job
	Partitionable Resources :    Usage  Request Allocated 
	   Cpus                 :        0        8         8 
	   Disk (KB)            :      428      425   2655502 
	   Memory (MB)          :        7    16000     16000 

	Job terminated of its own accord at 2024-07-24T17:34:48Z with exit-code 0.
...
040 (10252909.5809.000) 07/24 20:29:02 Started transferring input files
	Transferring to host: <128.142.131.150:9618?addrs=128.142.131.150-9618+[2001-1458-301-59--100-8a]-9618&alias=b9g11p1003.cern.ch&noUDP&sock=slot1_8_2954_1c31_106284>
...
040 (10252909.5809.000) 07/24 20:29:02 Finished transferring input files
...
001 (10252909.5809.000) 07/24 20:29:03 Job executing on host: <128.142.131.150:9618?addrs=128.142.131.150-9618+[2001-1458-301-59--100-8a]-9618&alias=b9g11p1003.cern.ch&noUDP&sock=startd_2626_cbca>
	SlotName: slot1_8@b9g11p1003.cern.ch
	CondorScratchDir = "/pool/condor/dir_3679162"
	Cpus = 8
	Disk = 1617657
	Memory = 16000
...
006 (10252909.5809.000) 07/24 20:29:11 Image size of job updated: 141680
	139  -  MemoryUsage of job (MB)
	141680  -  ResidentSetSize of job (KB)
...
006 (10252909.5809.000) 07/24 20:29:13 Image size of job updated: 141680
	139  -  MemoryUsage of job (MB)
	141936  -  ResidentSetSize of job (KB)
...
040 (10252909.5809.000) 07/24 20:29:13 Started transferring output files
...
040 (10252909.5809.000) 07/24 20:29:13 Finished transferring output files
...
005 (10252909.5809.000) 07/24 20:29:13 Job terminated.
	(1) Normal termination (return value 0)
		Usr 0 00:00:09, Sys 0 00:00:00  -  Run Remote Usage
		Usr 0 00:00:00, Sys 0 00:00:00  -  Run Local Usage
		Usr 0 00:00:09, Sys 0 00:00:00  -  Total Remote Usage
		Usr 0 00:00:00, Sys 0 00:00:00  -  Total Local Usage
	6204  -  Run Bytes Sent By Job
	409597  -  Run Bytes Received By Job
	6204  -  Total Bytes Sent By Job
	409597  -  Total Bytes Received By Job
	Partitionable Resources :    Usage  Request Allocated 
	   Cpus                 :        0        8         8 
	   Disk (KB)            :      428      425   1617657 
	   Memory (MB)          :      139    16000     16000 

	Job terminated of its own accord at 2024-07-24T18:29:13Z with exit-code 0.
...
000 (10261715.5809.000) 07/25 13:03:33 Job submitted from host: <188.185.114.121:9618?addrs=188.185.114.121-9618+[2001-1458-d00-a--100-273]-9618&alias=bigbird19.cern.ch&noUDP&sock=schedd_4961_696e>
...
009 (10261715.5809.000) 07/25 13:07:05 Job was aborted.
	via condor_rm (by user yelberke)
...
000 (10261767.5809.000) 07/25 13:20:48 Job submitted from host: <188.185.114.121:9618?addrs=188.185.114.121-9618+[2001-1458-d00-a--100-273]-9618&alias=bigbird19.cern.ch&noUDP&sock=schedd_4961_696e>
...
040 (10261767.5809.000) 07/25 14:58:16 Started transferring input files
	Transferring to host: <188.185.209.38:9618?addrs=188.185.209.38-9618+[2001-1458-303-11--100-23]-9618&alias=b9p11p4881.cern.ch&noUDP&sock=slot1_22_26224_ee23_25719>
...
040 (10261767.5809.000) 07/25 14:58:16 Finished transferring input files
...
001 (10261767.5809.000) 07/25 14:58:17 Job executing on host: <188.185.209.38:9618?addrs=188.185.209.38-9618+[2001-1458-303-11--100-23]-9618&alias=b9p11p4881.cern.ch&noUDP&sock=startd_25181_a667>
	SlotName: slot1_22@b9p11p4881.cern.ch
	CondorScratchDir = "/pool/condor/dir_2816460"
	Cpus = 12
	Disk = 2862365
	Memory = 24000
...
006 (10261767.5809.000) 07/25 14:58:21 Image size of job updated: 160248
	6  -  MemoryUsage of job (MB)
	6140  -  ResidentSetSize of job (KB)
...
040 (10261767.5809.000) 07/25 14:58:21 Started transferring output files
...
040 (10261767.5809.000) 07/25 14:58:21 Finished transferring output files
...
005 (10261767.5809.000) 07/25 14:58:21 Job terminated.
	(1) Normal termination (return value 0)
		Usr 0 00:00:03, Sys 0 00:00:00  -  Run Remote Usage
		Usr 0 00:00:00, Sys 0 00:00:00  -  Run Local Usage
		Usr 0 00:00:03, Sys 0 00:00:00  -  Total Remote Usage
		Usr 0 00:00:00, Sys 0 00:00:00  -  Total Local Usage
	6676  -  Run Bytes Sent By Job
	409597  -  Run Bytes Received By Job
	6676  -  Total Bytes Sent By Job
	409597  -  Total Bytes Received By Job
	Partitionable Resources :    Usage  Request Allocated 
	   Cpus                 :        0       12        12 
	   Disk (KB)            :      428      425   2862365 
	   Memory (MB)          :        6    24000     24000 

	Job terminated of its own accord at 2024-07-25T12:58:21Z with exit-code 0.
...
000 (10284266.5809.000) 08/02 15:47:24 Job submitted from host: <188.185.114.121:9618?addrs=188.185.114.121-9618+[2001-1458-d00-a--100-273]-9618&alias=bigbird19.cern.ch&noUDP&sock=schedd_4961_696e>
...
000 (10284267.5809.000) 08/02 15:50:15 Job submitted from host: <188.185.114.121:9618?addrs=188.185.114.121-9618+[2001-1458-d00-a--100-273]-9618&alias=bigbird19.cern.ch&noUDP&sock=schedd_4961_696e>
...
009 (10284266.5809.000) 08/02 15:50:42 Job was aborted.
	via condor_rm (by user yelberke)
...
040 (10284267.5809.000) 08/02 17:11:38 Started transferring input files
	Transferring to host: <188.185.205.9:9618?addrs=188.185.205.9-9618+[2001-1458-303-9--100-7e]-9618&alias=b9p03p7969.cern.ch&noUDP&sock=slot1_15_7347_6044_40374>
...
040 (10284267.5809.000) 08/02 17:11:38 Finished transferring input files
...
001 (10284267.5809.000) 08/02 17:11:39 Job executing on host: <188.185.205.9:9618?addrs=188.185.205.9-9618+[2001-1458-303-9--100-7e]-9618&alias=b9p03p7969.cern.ch&noUDP&sock=startd_6402_d167>
	SlotName: slot1_15@b9p03p7969.cern.ch
	CondorScratchDir = "/pool/condor/dir_1421740"
	Cpus = 12
	Disk = 2736858
	Memory = 24000
...
006 (10284267.5809.000) 08/02 17:11:40 Image size of job updated: 331336
	6  -  MemoryUsage of job (MB)
	5616  -  ResidentSetSize of job (KB)
...
040 (10284267.5809.000) 08/02 17:11:40 Started transferring output files
...
040 (10284267.5809.000) 08/02 17:11:40 Finished transferring output files
...
005 (10284267.5809.000) 08/02 17:11:42 Job terminated.
	(1) Normal termination (return value 139)
		Usr 0 00:00:01, Sys 0 00:00:01  -  Run Remote Usage
		Usr 0 00:00:00, Sys 0 00:00:00  -  Run Local Usage
		Usr 0 00:00:01, Sys 0 00:00:01  -  Total Remote Usage
		Usr 0 00:00:00, Sys 0 00:00:00  -  Total Local Usage
	7696  -  Run Bytes Sent By Job
	409597  -  Run Bytes Received By Job
	7696  -  Total Bytes Sent By Job
	409597  -  Total Bytes Received By Job
	Partitionable Resources :    Usage  Request Allocated 
	   Cpus                 :        0       12        12 
	   Disk (KB)            :      430      425   2736858 
	   Memory (MB)          :        6    24000     24000 

	Job terminated of its own accord at 2024-08-02T15:11:40Z with exit-code 139.
...
