000 (10252905.5831.000) 07/24 16:13:23 Job submitted from host: <188.185.114.121:9618?addrs=188.185.114.121-9618+[2001-1458-d00-a--100-273]-9618&alias=bigbird19.cern.ch&noUDP&sock=schedd_4961_696e>
...
009 (10252905.5831.000) 07/24 16:14:53 Job was aborted.
	via condor_rm (by user yelberke)
...
000 (10252906.5831.000) 07/24 16:15:41 Job submitted from host: <188.185.114.121:9618?addrs=188.185.114.121-9618+[2001-1458-d00-a--100-273]-9618&alias=bigbird19.cern.ch&noUDP&sock=schedd_4961_696e>
...
000 (10252907.5831.000) 07/24 16:17:35 Job submitted from host: <188.185.114.121:9618?addrs=188.185.114.121-9618+[2001-1458-d00-a--100-273]-9618&alias=bigbird19.cern.ch&noUDP&sock=schedd_4961_696e>
...
000 (10252908.5831.000) 07/24 16:18:08 Job submitted from host: <188.185.114.121:9618?addrs=188.185.114.121-9618+[2001-1458-d00-a--100-273]-9618&alias=bigbird19.cern.ch&noUDP&sock=schedd_4961_696e>
...
000 (10252909.5831.000) 07/24 16:18:44 Job submitted from host: <188.185.114.121:9618?addrs=188.185.114.121-9618+[2001-1458-d00-a--100-273]-9618&alias=bigbird19.cern.ch&noUDP&sock=schedd_4961_696e>
...
040 (10252906.5831.000) 07/24 17:29:28 Started transferring input files
	Transferring to host: <188.185.195.151:9618?addrs=188.185.195.151-9618+[2001-1458-303-22--100-93]-9618&alias=b9p17p6289.cern.ch&noUDP&sock=slot1_3_2993298_fa33_2868>
...
040 (10252906.5831.000) 07/24 17:29:28 Finished transferring input files
...
001 (10252906.5831.000) 07/24 17:29:29 Job executing on host: <188.185.195.151:9618?addrs=188.185.195.151-9618+[2001-1458-303-22--100-93]-9618&alias=b9p17p6289.cern.ch&noUDP&sock=startd_166270_f7fe>
	SlotName: slot1_3@b9p17p6289.cern.ch
	CondorScratchDir = "/pool/condor/dir_888670"
	Cpus = 8
	Disk = 2818607
	Memory = 16000
...
006 (10252906.5831.000) 07/24 17:29:37 Image size of job updated: 357796
	350  -  MemoryUsage of job (MB)
	357772  -  ResidentSetSize of job (KB)
...
040 (10252906.5831.000) 07/24 17:29:37 Started transferring output files
...
040 (10252906.5831.000) 07/24 17:29:37 Finished transferring output files
...
005 (10252906.5831.000) 07/24 17:29:37 Job terminated.
	(1) Normal termination (return value 0)
		Usr 0 00:00:06, Sys 0 00:00:00  -  Run Remote Usage
		Usr 0 00:00:00, Sys 0 00:00:00  -  Run Local Usage
		Usr 0 00:00:06, Sys 0 00:00:00  -  Total Remote Usage
		Usr 0 00:00:00, Sys 0 00:00:00  -  Total Local Usage
	6201  -  Run Bytes Sent By Job
	409597  -  Run Bytes Received By Job
	6201  -  Total Bytes Sent By Job
	409597  -  Total Bytes Received By Job
	Partitionable Resources :    Usage  Request Allocated 
	   Cpus                 :        0        8         8 
	   Disk (KB)            :      428      425   2818607 
	   Memory (MB)          :      350    16000     16000 

	Job terminated of its own accord at 2024-07-24T15:29:37Z with exit-code 0.
...
040 (10252907.5831.000) 07/24 18:28:20 Started transferring input files
	Transferring to host: <188.185.205.47:9618?addrs=188.185.205.47-9618+[2001-1458-303-9--100-a3]-9618&alias=b9p03p0153.cern.ch&noUDP&sock=slot1_3_6930_8fd3_153253>
...
040 (10252907.5831.000) 07/24 18:28:20 Finished transferring input files
...
001 (10252907.5831.000) 07/24 18:28:21 Job executing on host: <188.185.205.47:9618?addrs=188.185.205.47-9618+[2001-1458-303-9--100-a3]-9618&alias=b9p03p0153.cern.ch&noUDP&sock=startd_6859_482f>
	SlotName: slot1_3@b9p03p0153.cern.ch
	CondorScratchDir = "/pool/condor/dir_2164231"
	Cpus = 8
	Disk = 2930040
	Memory = 16000
...
006 (10252907.5831.000) 07/24 18:28:25 Image size of job updated: 159792
	8  -  MemoryUsage of job (MB)
	7640  -  ResidentSetSize of job (KB)
...
040 (10252907.5831.000) 07/24 18:28:25 Started transferring output files
...
040 (10252907.5831.000) 07/24 18:28:25 Finished transferring output files
...
005 (10252907.5831.000) 07/24 18:28:25 Job terminated.
	(1) Normal termination (return value 0)
		Usr 0 00:00:03, Sys 0 00:00:00  -  Run Remote Usage
		Usr 0 00:00:00, Sys 0 00:00:00  -  Run Local Usage
		Usr 0 00:00:03, Sys 0 00:00:00  -  Total Remote Usage
		Usr 0 00:00:00, Sys 0 00:00:00  -  Total Local Usage
	6204  -  Run Bytes Sent By Job
	409597  -  Run Bytes Received By Job
	6204  -  Total Bytes Sent By Job
	409597  -  Total Bytes Received By Job
	Partitionable Resources :    Usage  Request Allocated 
	   Cpus                 :        0        8         8 
	   Disk (KB)            :      428      425   2930040 
	   Memory (MB)          :        8    16000     16000 

	Job terminated of its own accord at 2024-07-24T16:28:25Z with exit-code 0.
...
040 (10252908.5831.000) 07/24 19:34:51 Started transferring input files
	Transferring to host: <188.185.195.171:9618?addrs=188.185.195.171-9618+[2001-1458-303-22--100-a7]-9618&alias=b9p17p1073.cern.ch&noUDP&sock=slot1_6_4003705_1d52_5228>
...
040 (10252908.5831.000) 07/24 19:34:52 Finished transferring input files
...
001 (10252908.5831.000) 07/24 19:34:52 Job executing on host: <188.185.195.171:9618?addrs=188.185.195.171-9618+[2001-1458-303-22--100-a7]-9618&alias=b9p17p1073.cern.ch&noUDP&sock=startd_178171_1099>
	SlotName: slot1_6@b9p17p1073.cern.ch
	CondorScratchDir = "/pool/condor/dir_2551265"
	Cpus = 8
	Disk = 2944346
	Memory = 16000
...
006 (10252908.5831.000) 07/24 19:35:01 Image size of job updated: 1
	0  -  MemoryUsage of job (MB)
	0  -  ResidentSetSize of job (KB)
...
006 (10252908.5831.000) 07/24 19:35:25 Image size of job updated: 532736
	376  -  MemoryUsage of job (MB)
	384328  -  ResidentSetSize of job (KB)
...
040 (10252908.5831.000) 07/24 19:35:26 Started transferring output files
...
040 (10252908.5831.000) 07/24 19:35:26 Finished transferring output files
...
005 (10252908.5831.000) 07/24 19:35:26 Job terminated.
	(1) Normal termination (return value 0)
		Usr 0 00:00:05, Sys 0 00:00:00  -  Run Remote Usage
		Usr 0 00:00:00, Sys 0 00:00:00  -  Run Local Usage
		Usr 0 00:00:05, Sys 0 00:00:00  -  Total Remote Usage
		Usr 0 00:00:00, Sys 0 00:00:00  -  Total Local Usage
	6204  -  Run Bytes Sent By Job
	409597  -  Run Bytes Received By Job
	6204  -  Total Bytes Sent By Job
	409597  -  Total Bytes Received By Job
	Partitionable Resources :    Usage  Request Allocated 
	   Cpus                 :        0        8         8 
	   Disk (KB)            :      427      425   2944346 
	   Memory (MB)          :      376    16000     16000 

	Job terminated of its own accord at 2024-07-24T17:35:25Z with exit-code 0.
...
040 (10252909.5831.000) 07/24 20:29:10 Started transferring input files
	Transferring to host: <188.185.208.45:9618?addrs=188.185.208.45-9618+[2001-1458-303-f--100-2a]-9618&alias=b9p09p3305.cern.ch&noUDP&sock=slot1_6_4202_7064_143645>
...
040 (10252909.5831.000) 07/24 20:29:10 Finished transferring input files
...
001 (10252909.5831.000) 07/24 20:29:11 Job executing on host: <188.185.208.45:9618?addrs=188.185.208.45-9618+[2001-1458-303-f--100-2a]-9618&alias=b9p09p3305.cern.ch&noUDP&sock=startd_3765_0e29>
	SlotName: slot1_6@b9p09p3305.cern.ch
	CondorScratchDir = "/pool/condor/dir_1052871"
	Cpus = 8
	Disk = 2793380
	Memory = 16000
...
006 (10252909.5831.000) 07/24 20:29:16 Image size of job updated: 158616
	8  -  MemoryUsage of job (MB)
	7820  -  ResidentSetSize of job (KB)
...
040 (10252909.5831.000) 07/24 20:29:16 Started transferring output files
...
040 (10252909.5831.000) 07/24 20:29:16 Finished transferring output files
...
005 (10252909.5831.000) 07/24 20:29:16 Job terminated.
	(1) Normal termination (return value 0)
		Usr 0 00:00:03, Sys 0 00:00:00  -  Run Remote Usage
		Usr 0 00:00:00, Sys 0 00:00:00  -  Run Local Usage
		Usr 0 00:00:03, Sys 0 00:00:00  -  Total Remote Usage
		Usr 0 00:00:00, Sys 0 00:00:00  -  Total Local Usage
	6204  -  Run Bytes Sent By Job
	409597  -  Run Bytes Received By Job
	6204  -  Total Bytes Sent By Job
	409597  -  Total Bytes Received By Job
	Partitionable Resources :    Usage  Request Allocated 
	   Cpus                 :        0        8         8 
	   Disk (KB)            :      428      425   2793380 
	   Memory (MB)          :        8    16000     16000 

	Job terminated of its own accord at 2024-07-24T18:29:16Z with exit-code 0.
...
000 (10261715.5831.000) 07/25 13:03:33 Job submitted from host: <188.185.114.121:9618?addrs=188.185.114.121-9618+[2001-1458-d00-a--100-273]-9618&alias=bigbird19.cern.ch&noUDP&sock=schedd_4961_696e>
...
009 (10261715.5831.000) 07/25 13:07:06 Job was aborted.
	via condor_rm (by user yelberke)
...
000 (10261767.5831.000) 07/25 13:20:48 Job submitted from host: <188.185.114.121:9618?addrs=188.185.114.121-9618+[2001-1458-d00-a--100-273]-9618&alias=bigbird19.cern.ch&noUDP&sock=schedd_4961_696e>
...
040 (10261767.5831.000) 07/25 14:58:33 Started transferring input files
	Transferring to host: <188.185.204.200:9618?addrs=188.185.204.200-9618+[2001-1458-303-8--100-bc]-9618&alias=b9p02p1911.cern.ch&noUDP&sock=slot1_14_7272_8821_157156>
...
040 (10261767.5831.000) 07/25 14:58:33 Finished transferring input files
...
001 (10261767.5831.000) 07/25 14:58:34 Job executing on host: <188.185.204.200:9618?addrs=188.185.204.200-9618+[2001-1458-303-8--100-bc]-9618&alias=b9p02p1911.cern.ch&noUDP&sock=startd_7203_3cc3>
	SlotName: slot1_14@b9p02p1911.cern.ch
	CondorScratchDir = "/pool/condor/dir_3383607"
	Cpus = 12
	Disk = 2865483
	Memory = 24000
...
006 (10261767.5831.000) 07/25 14:58:38 Image size of job updated: 160844
	7  -  MemoryUsage of job (MB)
	7080  -  ResidentSetSize of job (KB)
...
040 (10261767.5831.000) 07/25 14:58:38 Started transferring output files
...
040 (10261767.5831.000) 07/25 14:58:38 Finished transferring output files
...
005 (10261767.5831.000) 07/25 14:58:38 Job terminated.
	(1) Normal termination (return value 0)
		Usr 0 00:00:03, Sys 0 00:00:00  -  Run Remote Usage
		Usr 0 00:00:00, Sys 0 00:00:00  -  Run Local Usage
		Usr 0 00:00:03, Sys 0 00:00:00  -  Total Remote Usage
		Usr 0 00:00:00, Sys 0 00:00:00  -  Total Local Usage
	6676  -  Run Bytes Sent By Job
	409597  -  Run Bytes Received By Job
	6676  -  Total Bytes Sent By Job
	409597  -  Total Bytes Received By Job
	Partitionable Resources :    Usage  Request Allocated 
	   Cpus                 :        0       12        12 
	   Disk (KB)            :      429      425   2865483 
	   Memory (MB)          :        7    24000     24000 

	Job terminated of its own accord at 2024-07-25T12:58:38Z with exit-code 0.
...
000 (10284266.5831.000) 08/02 15:47:25 Job submitted from host: <188.185.114.121:9618?addrs=188.185.114.121-9618+[2001-1458-d00-a--100-273]-9618&alias=bigbird19.cern.ch&noUDP&sock=schedd_4961_696e>
...
000 (10284267.5831.000) 08/02 15:50:15 Job submitted from host: <188.185.114.121:9618?addrs=188.185.114.121-9618+[2001-1458-d00-a--100-273]-9618&alias=bigbird19.cern.ch&noUDP&sock=schedd_4961_696e>
...
009 (10284266.5831.000) 08/02 15:50:42 Job was aborted.
	via condor_rm (by user yelberke)
...
040 (10284267.5831.000) 08/02 17:11:46 Started transferring input files
	Transferring to host: <188.185.205.8:9618?addrs=188.185.205.8-9618&alias=b9p03p5729.cern.ch&noUDP&sock=slot1_6_6871_fdb0_166133>
...
040 (10284267.5831.000) 08/02 17:11:46 Finished transferring input files
...
001 (10284267.5831.000) 08/02 17:11:47 Job executing on host: <188.185.205.8:9618?addrs=188.185.205.8-9618&alias=b9p03p5729.cern.ch&noUDP&sock=startd_6798_70e8>
	SlotName: slot1_6@b9p03p5729.cern.ch
	CondorScratchDir = "/pool/condor/dir_3220513"
	Cpus = 12
	Disk = 2711991
	Memory = 24000
...
006 (10284267.5831.000) 08/02 17:11:49 Image size of job updated: 326868
	6  -  MemoryUsage of job (MB)
	5396  -  ResidentSetSize of job (KB)
...
040 (10284267.5831.000) 08/02 17:11:49 Started transferring output files
...
040 (10284267.5831.000) 08/02 17:11:49 Finished transferring output files
...
005 (10284267.5831.000) 08/02 17:11:50 Job terminated.
	(1) Normal termination (return value 139)
		Usr 0 00:00:01, Sys 0 00:00:00  -  Run Remote Usage
		Usr 0 00:00:00, Sys 0 00:00:00  -  Run Local Usage
		Usr 0 00:00:01, Sys 0 00:00:00  -  Total Remote Usage
		Usr 0 00:00:00, Sys 0 00:00:00  -  Total Local Usage
	7696  -  Run Bytes Sent By Job
	409597  -  Run Bytes Received By Job
	7696  -  Total Bytes Sent By Job
	409597  -  Total Bytes Received By Job
	Partitionable Resources :    Usage  Request Allocated 
	   Cpus                 :        0       12        12 
	   Disk (KB)            :      429      425   2711991 
	   Memory (MB)          :        6    24000     24000 

	Job terminated of its own accord at 2024-08-02T15:11:49Z with exit-code 139.
...
