000 (10252905.5832.000) 07/24 16:13:23 Job submitted from host: <188.185.114.121:9618?addrs=188.185.114.121-9618+[2001-1458-d00-a--100-273]-9618&alias=bigbird19.cern.ch&noUDP&sock=schedd_4961_696e>
...
009 (10252905.5832.000) 07/24 16:14:53 Job was aborted.
	via condor_rm (by user yelberke)
...
000 (10252906.5832.000) 07/24 16:15:41 Job submitted from host: <188.185.114.121:9618?addrs=188.185.114.121-9618+[2001-1458-d00-a--100-273]-9618&alias=bigbird19.cern.ch&noUDP&sock=schedd_4961_696e>
...
000 (10252907.5832.000) 07/24 16:17:35 Job submitted from host: <188.185.114.121:9618?addrs=188.185.114.121-9618+[2001-1458-d00-a--100-273]-9618&alias=bigbird19.cern.ch&noUDP&sock=schedd_4961_696e>
...
000 (10252908.5832.000) 07/24 16:18:08 Job submitted from host: <188.185.114.121:9618?addrs=188.185.114.121-9618+[2001-1458-d00-a--100-273]-9618&alias=bigbird19.cern.ch&noUDP&sock=schedd_4961_696e>
...
000 (10252909.5832.000) 07/24 16:18:44 Job submitted from host: <188.185.114.121:9618?addrs=188.185.114.121-9618+[2001-1458-d00-a--100-273]-9618&alias=bigbird19.cern.ch&noUDP&sock=schedd_4961_696e>
...
040 (10252906.5832.000) 07/24 17:29:18 Started transferring input files
	Transferring to host: <188.185.194.130:9618?addrs=188.185.194.130-9618&alias=b9p20p2820.cern.ch&noUDP&sock=slot1_2_3459937_5df2_406>
...
040 (10252906.5832.000) 07/24 17:29:18 Finished transferring input files
...
001 (10252906.5832.000) 07/24 17:29:20 Job executing on host: <188.185.194.130:9618?addrs=188.185.194.130-9618&alias=b9p20p2820.cern.ch&noUDP&sock=startd_127909_8372>
	SlotName: slot1_2@b9p20p2820.cern.ch
	CondorScratchDir = "/pool/condor/dir_1621765"
	Cpus = 8
	Disk = 2985693
	Memory = 16000
...
006 (10252906.5832.000) 07/24 17:29:25 Image size of job updated: 162572
	10  -  MemoryUsage of job (MB)
	10176  -  ResidentSetSize of job (KB)
...
040 (10252906.5832.000) 07/24 17:29:25 Started transferring output files
...
040 (10252906.5832.000) 07/24 17:29:25 Finished transferring output files
...
005 (10252906.5832.000) 07/24 17:29:25 Job terminated.
	(1) Normal termination (return value 0)
		Usr 0 00:00:04, Sys 0 00:00:00  -  Run Remote Usage
		Usr 0 00:00:00, Sys 0 00:00:00  -  Run Local Usage
		Usr 0 00:00:04, Sys 0 00:00:00  -  Total Remote Usage
		Usr 0 00:00:00, Sys 0 00:00:00  -  Total Local Usage
	6201  -  Run Bytes Sent By Job
	409597  -  Run Bytes Received By Job
	6201  -  Total Bytes Sent By Job
	409597  -  Total Bytes Received By Job
	Partitionable Resources :    Usage  Request Allocated 
	   Cpus                 :        0        8         8 
	   Disk (KB)            :      426      425   2985693 
	   Memory (MB)          :       10    16000     16000 

	Job terminated of its own accord at 2024-07-24T15:29:25Z with exit-code 0.
...
040 (10252907.5832.000) 07/24 18:28:20 Started transferring input files
	Transferring to host: <188.185.206.169:9618?addrs=188.185.206.169-9618&alias=b9p06p2599.cern.ch&noUDP&sock=slot1_9_7399_03c6_154069>
...
040 (10252907.5832.000) 07/24 18:28:20 Finished transferring input files
...
001 (10252907.5832.000) 07/24 18:28:21 Job executing on host: <188.185.206.169:9618?addrs=188.185.206.169-9618&alias=b9p06p2599.cern.ch&noUDP&sock=startd_7329_a9b2>
	SlotName: slot1_9@b9p06p2599.cern.ch
	CondorScratchDir = "/pool/condor/dir_785942"
	Cpus = 8
	Disk = 2884117
	Memory = 16000
...
006 (10252907.5832.000) 07/24 18:28:25 Image size of job updated: 158372
	8  -  MemoryUsage of job (MB)
	7504  -  ResidentSetSize of job (KB)
...
040 (10252907.5832.000) 07/24 18:28:25 Started transferring output files
...
040 (10252907.5832.000) 07/24 18:28:25 Finished transferring output files
...
005 (10252907.5832.000) 07/24 18:28:25 Job terminated.
	(1) Normal termination (return value 0)
		Usr 0 00:00:03, Sys 0 00:00:00  -  Run Remote Usage
		Usr 0 00:00:00, Sys 0 00:00:00  -  Run Local Usage
		Usr 0 00:00:03, Sys 0 00:00:00  -  Total Remote Usage
		Usr 0 00:00:00, Sys 0 00:00:00  -  Total Local Usage
	6204  -  Run Bytes Sent By Job
	409597  -  Run Bytes Received By Job
	6204  -  Total Bytes Sent By Job
	409597  -  Total Bytes Received By Job
	Partitionable Resources :    Usage  Request Allocated 
	   Cpus                 :        0        8         8 
	   Disk (KB)            :      427      425   2884117 
	   Memory (MB)          :        8    16000     16000 

	Job terminated of its own accord at 2024-07-24T16:28:25Z with exit-code 0.
...
040 (10252908.5832.000) 07/24 19:34:51 Started transferring input files
	Transferring to host: <188.185.192.157:9618?addrs=188.185.192.157-9618+[2001-1458-303-1f--100-99]-9618&alias=b9p13p4549.cern.ch&noUDP&sock=slot1_1_1844419_ca14_7878>
...
040 (10252908.5832.000) 07/24 19:34:51 Finished transferring input files
...
001 (10252908.5832.000) 07/24 19:34:52 Job executing on host: <188.185.192.157:9618?addrs=188.185.192.157-9618+[2001-1458-303-1f--100-99]-9618&alias=b9p13p4549.cern.ch&noUDP&sock=startd_127850_0b5b>
	SlotName: slot1_1@b9p13p4549.cern.ch
	CondorScratchDir = "/pool/condor/dir_2932923"
	Cpus = 8
	Disk = 2748370
	Memory = 16000
...
006 (10252908.5832.000) 07/24 19:35:00 Image size of job updated: 167080
	11  -  MemoryUsage of job (MB)
	11132  -  ResidentSetSize of job (KB)
...
040 (10252908.5832.000) 07/24 19:35:00 Started transferring output files
...
040 (10252908.5832.000) 07/24 19:35:00 Finished transferring output files
...
005 (10252908.5832.000) 07/24 19:35:00 Job terminated.
	(1) Normal termination (return value 0)
		Usr 0 00:00:06, Sys 0 00:00:00  -  Run Remote Usage
		Usr 0 00:00:00, Sys 0 00:00:00  -  Run Local Usage
		Usr 0 00:00:06, Sys 0 00:00:00  -  Total Remote Usage
		Usr 0 00:00:00, Sys 0 00:00:00  -  Total Local Usage
	6204  -  Run Bytes Sent By Job
	409597  -  Run Bytes Received By Job
	6204  -  Total Bytes Sent By Job
	409597  -  Total Bytes Received By Job
	Partitionable Resources :    Usage  Request Allocated 
	   Cpus                 :        0        8         8 
	   Disk (KB)            :      427      425   2748370 
	   Memory (MB)          :       11    16000     16000 

	Job terminated of its own accord at 2024-07-24T17:35:00Z with exit-code 0.
...
040 (10252909.5832.000) 07/24 20:29:11 Started transferring input files
	Transferring to host: <188.185.205.154:9618?addrs=188.185.205.154-9618+[2001-1458-303-a--100-17]-9618&alias=b9p04p9101.cern.ch&noUDP&sock=slot1_8_3611354_5760_99596>
...
040 (10252909.5832.000) 07/24 20:29:11 Finished transferring input files
...
001 (10252909.5832.000) 07/24 20:29:12 Job executing on host: <188.185.205.154:9618?addrs=188.185.205.154-9618+[2001-1458-303-a--100-17]-9618&alias=b9p04p9101.cern.ch&noUDP&sock=startd_3611311_8c6b>
	SlotName: slot1_8@b9p04p9101.cern.ch
	CondorScratchDir = "/pool/condor/dir_2400163"
	Cpus = 8
	Disk = 2712265
	Memory = 16000
...
006 (10252909.5832.000) 07/24 20:29:16 Image size of job updated: 159896
	8  -  MemoryUsage of job (MB)
	7344  -  ResidentSetSize of job (KB)
...
040 (10252909.5832.000) 07/24 20:29:16 Started transferring output files
...
040 (10252909.5832.000) 07/24 20:29:16 Finished transferring output files
...
005 (10252909.5832.000) 07/24 20:29:16 Job terminated.
	(1) Normal termination (return value 0)
		Usr 0 00:00:03, Sys 0 00:00:00  -  Run Remote Usage
		Usr 0 00:00:00, Sys 0 00:00:00  -  Run Local Usage
		Usr 0 00:00:03, Sys 0 00:00:00  -  Total Remote Usage
		Usr 0 00:00:00, Sys 0 00:00:00  -  Total Local Usage
	6204  -  Run Bytes Sent By Job
	409597  -  Run Bytes Received By Job
	6204  -  Total Bytes Sent By Job
	409597  -  Total Bytes Received By Job
	Partitionable Resources :    Usage  Request Allocated 
	   Cpus                 :        0        8         8 
	   Disk (KB)            :      431      425   2712265 
	   Memory (MB)          :        8    16000     16000 

	Job terminated of its own accord at 2024-07-24T18:29:16Z with exit-code 0.
...
000 (10261715.5832.000) 07/25 13:03:33 Job submitted from host: <188.185.114.121:9618?addrs=188.185.114.121-9618+[2001-1458-d00-a--100-273]-9618&alias=bigbird19.cern.ch&noUDP&sock=schedd_4961_696e>
...
009 (10261715.5832.000) 07/25 13:07:06 Job was aborted.
	via condor_rm (by user yelberke)
...
000 (10261767.5832.000) 07/25 13:20:48 Job submitted from host: <188.185.114.121:9618?addrs=188.185.114.121-9618+[2001-1458-d00-a--100-273]-9618&alias=bigbird19.cern.ch&noUDP&sock=schedd_4961_696e>
...
040 (10261767.5832.000) 07/25 14:58:33 Started transferring input files
	Transferring to host: <188.185.204.200:9618?addrs=188.185.204.200-9618+[2001-1458-303-8--100-bc]-9618&alias=b9p02p1911.cern.ch&noUDP&sock=slot1_21_7272_8821_157157>
...
040 (10261767.5832.000) 07/25 14:58:33 Finished transferring input files
...
001 (10261767.5832.000) 07/25 14:58:34 Job executing on host: <188.185.204.200:9618?addrs=188.185.204.200-9618+[2001-1458-303-8--100-bc]-9618&alias=b9p02p1911.cern.ch&noUDP&sock=startd_7203_3cc3>
	SlotName: slot1_21@b9p02p1911.cern.ch
	CondorScratchDir = "/pool/condor/dir_3383609"
	Cpus = 12
	Disk = 2865482
	Memory = 24000
...
006 (10261767.5832.000) 07/25 14:58:38 Image size of job updated: 169640
	12  -  MemoryUsage of job (MB)
	11616  -  ResidentSetSize of job (KB)
...
040 (10261767.5832.000) 07/25 14:58:38 Started transferring output files
...
040 (10261767.5832.000) 07/25 14:58:38 Finished transferring output files
...
005 (10261767.5832.000) 07/25 14:58:38 Job terminated.
	(1) Normal termination (return value 0)
		Usr 0 00:00:03, Sys 0 00:00:00  -  Run Remote Usage
		Usr 0 00:00:00, Sys 0 00:00:00  -  Run Local Usage
		Usr 0 00:00:03, Sys 0 00:00:00  -  Total Remote Usage
		Usr 0 00:00:00, Sys 0 00:00:00  -  Total Local Usage
	6676  -  Run Bytes Sent By Job
	409597  -  Run Bytes Received By Job
	6676  -  Total Bytes Sent By Job
	409597  -  Total Bytes Received By Job
	Partitionable Resources :    Usage  Request Allocated 
	   Cpus                 :        0       12        12 
	   Disk (KB)            :      429      425   2865482 
	   Memory (MB)          :       12    24000     24000 

	Job terminated of its own accord at 2024-07-25T12:58:38Z with exit-code 0.
...
000 (10284266.5832.000) 08/02 15:47:25 Job submitted from host: <188.185.114.121:9618?addrs=188.185.114.121-9618+[2001-1458-d00-a--100-273]-9618&alias=bigbird19.cern.ch&noUDP&sock=schedd_4961_696e>
...
000 (10284267.5832.000) 08/02 15:50:15 Job submitted from host: <188.185.114.121:9618?addrs=188.185.114.121-9618+[2001-1458-d00-a--100-273]-9618&alias=bigbird19.cern.ch&noUDP&sock=schedd_4961_696e>
...
009 (10284266.5832.000) 08/02 15:50:42 Job was aborted.
	via condor_rm (by user yelberke)
...
040 (10284267.5832.000) 08/02 17:11:46 Started transferring input files
	Transferring to host: <188.185.205.27:9618?addrs=188.185.205.27-9618+[2001-1458-303-9--100-8f]-9618&alias=b9p03p7486.cern.ch&noUDP&sock=slot1_1_6924_5593_165803>
...
040 (10284267.5832.000) 08/02 17:11:46 Finished transferring input files
...
001 (10284267.5832.000) 08/02 17:11:48 Job executing on host: <188.185.205.27:9618?addrs=188.185.205.27-9618+[2001-1458-303-9--100-8f]-9618&alias=b9p03p7486.cern.ch&noUDP&sock=startd_6854_da35>
	SlotName: slot1_1@b9p03p7486.cern.ch
	CondorScratchDir = "/pool/condor/dir_3835700"
	Cpus = 12
	Disk = 2751527
	Memory = 24000
...
006 (10284267.5832.000) 08/02 17:11:50 Image size of job updated: 327020
	1  -  MemoryUsage of job (MB)
	948  -  ResidentSetSize of job (KB)
...
040 (10284267.5832.000) 08/02 17:11:50 Started transferring output files
...
040 (10284267.5832.000) 08/02 17:11:50 Finished transferring output files
...
005 (10284267.5832.000) 08/02 17:11:50 Job terminated.
	(1) Normal termination (return value 139)
		Usr 0 00:00:02, Sys 0 00:00:01  -  Run Remote Usage
		Usr 0 00:00:00, Sys 0 00:00:00  -  Run Local Usage
		Usr 0 00:00:02, Sys 0 00:00:01  -  Total Remote Usage
		Usr 0 00:00:00, Sys 0 00:00:00  -  Total Local Usage
	7696  -  Run Bytes Sent By Job
	409597  -  Run Bytes Received By Job
	7696  -  Total Bytes Sent By Job
	409597  -  Total Bytes Received By Job
	Partitionable Resources :    Usage  Request Allocated 
	   Cpus                 :        0       12        12 
	   Disk (KB)            :      430      425   2751527 
	   Memory (MB)          :        1    24000     24000 

	Job terminated of its own accord at 2024-08-02T15:11:50Z with exit-code 139.
...
