000 (10252905.5843.000) 07/24 16:13:23 Job submitted from host: <188.185.114.121:9618?addrs=188.185.114.121-9618+[2001-1458-d00-a--100-273]-9618&alias=bigbird19.cern.ch&noUDP&sock=schedd_4961_696e>
...
009 (10252905.5843.000) 07/24 16:14:53 Job was aborted.
	via condor_rm (by user yelberke)
...
000 (10252906.5843.000) 07/24 16:15:41 Job submitted from host: <188.185.114.121:9618?addrs=188.185.114.121-9618+[2001-1458-d00-a--100-273]-9618&alias=bigbird19.cern.ch&noUDP&sock=schedd_4961_696e>
...
000 (10252907.5843.000) 07/24 16:17:35 Job submitted from host: <188.185.114.121:9618?addrs=188.185.114.121-9618+[2001-1458-d00-a--100-273]-9618&alias=bigbird19.cern.ch&noUDP&sock=schedd_4961_696e>
...
000 (10252908.5843.000) 07/24 16:18:08 Job submitted from host: <188.185.114.121:9618?addrs=188.185.114.121-9618+[2001-1458-d00-a--100-273]-9618&alias=bigbird19.cern.ch&noUDP&sock=schedd_4961_696e>
...
000 (10252909.5843.000) 07/24 16:18:44 Job submitted from host: <188.185.114.121:9618?addrs=188.185.114.121-9618+[2001-1458-d00-a--100-273]-9618&alias=bigbird19.cern.ch&noUDP&sock=schedd_4961_696e>
...
040 (10252906.5843.000) 07/24 17:29:21 Started transferring input files
	Transferring to host: <188.185.205.69:9618?addrs=188.185.205.69-9618+[2001-1458-303-9--100-b9]-9618&alias=b9p03p3225.cern.ch&noUDP&sock=slot1_17_7400_b826_155945>
...
040 (10252906.5843.000) 07/24 17:29:21 Finished transferring input files
...
001 (10252906.5843.000) 07/24 17:29:22 Job executing on host: <188.185.205.69:9618?addrs=188.185.205.69-9618+[2001-1458-303-9--100-b9]-9618&alias=b9p03p3225.cern.ch&noUDP&sock=startd_7326_9ae9>
	SlotName: slot1_17@b9p03p3225.cern.ch
	CondorScratchDir = "/pool/condor/dir_2987780"
	Cpus = 8
	Disk = 2947045
	Memory = 16000
...
006 (10252906.5843.000) 07/24 17:29:27 Image size of job updated: 160084
	8  -  MemoryUsage of job (MB)
	7808  -  ResidentSetSize of job (KB)
...
040 (10252906.5843.000) 07/24 17:29:27 Started transferring output files
...
040 (10252906.5843.000) 07/24 17:29:27 Finished transferring output files
...
005 (10252906.5843.000) 07/24 17:29:27 Job terminated.
	(1) Normal termination (return value 0)
		Usr 0 00:00:03, Sys 0 00:00:00  -  Run Remote Usage
		Usr 0 00:00:00, Sys 0 00:00:00  -  Run Local Usage
		Usr 0 00:00:03, Sys 0 00:00:00  -  Total Remote Usage
		Usr 0 00:00:00, Sys 0 00:00:00  -  Total Local Usage
	6201  -  Run Bytes Sent By Job
	409597  -  Run Bytes Received By Job
	6201  -  Total Bytes Sent By Job
	409597  -  Total Bytes Received By Job
	Partitionable Resources :    Usage  Request Allocated 
	   Cpus                 :        0        8         8 
	   Disk (KB)            :      428      425   2947045 
	   Memory (MB)          :        8    16000     16000 

	Job terminated of its own accord at 2024-07-24T15:29:27Z with exit-code 0.
...
040 (10252907.5843.000) 07/24 18:28:24 Started transferring input files
	Transferring to host: <188.185.207.57:9618?addrs=188.185.207.57-9618+[2001-1458-303-d--100-36]-9618&alias=b9p07p9712.cern.ch&noUDP&sock=slot1_10_11440_43ca_142767>
...
040 (10252907.5843.000) 07/24 18:28:24 Finished transferring input files
...
001 (10252907.5843.000) 07/24 18:28:25 Job executing on host: <188.185.207.57:9618?addrs=188.185.207.57-9618+[2001-1458-303-d--100-36]-9618&alias=b9p07p9712.cern.ch&noUDP&sock=startd_10088_1b7e>
	SlotName: slot1_10@b9p07p9712.cern.ch
	CondorScratchDir = "/pool/condor/dir_394714"
	Cpus = 8
	Disk = 2768450
	Memory = 16000
...
006 (10252907.5843.000) 07/24 18:28:29 Image size of job updated: 158724
	8  -  MemoryUsage of job (MB)
	7868  -  ResidentSetSize of job (KB)
...
040 (10252907.5843.000) 07/24 18:28:29 Started transferring output files
...
040 (10252907.5843.000) 07/24 18:28:29 Finished transferring output files
...
005 (10252907.5843.000) 07/24 18:28:29 Job terminated.
	(1) Normal termination (return value 0)
		Usr 0 00:00:03, Sys 0 00:00:00  -  Run Remote Usage
		Usr 0 00:00:00, Sys 0 00:00:00  -  Run Local Usage
		Usr 0 00:00:03, Sys 0 00:00:00  -  Total Remote Usage
		Usr 0 00:00:00, Sys 0 00:00:00  -  Total Local Usage
	6204  -  Run Bytes Sent By Job
	409597  -  Run Bytes Received By Job
	6204  -  Total Bytes Sent By Job
	409597  -  Total Bytes Received By Job
	Partitionable Resources :    Usage  Request Allocated 
	   Cpus                 :        0        8         8 
	   Disk (KB)            :      428      425   2768450 
	   Memory (MB)          :        8    16000     16000 

	Job terminated of its own accord at 2024-07-24T16:28:29Z with exit-code 0.
...
040 (10252908.5843.000) 07/24 19:34:55 Started transferring input files
	Transferring to host: <188.185.204.232:9618?addrs=188.185.204.232-9618+[2001-1458-303-8--100-65]-9618&alias=b9p02p7937.cern.ch&noUDP&sock=slot1_5_5186_c18c_80949>
...
040 (10252908.5843.000) 07/24 19:34:56 Finished transferring input files
...
001 (10252908.5843.000) 07/24 19:34:56 Job executing on host: <188.185.204.232:9618?addrs=188.185.204.232-9618+[2001-1458-303-8--100-65]-9618&alias=b9p02p7937.cern.ch&noUDP&sock=startd_4241_8d3d>
	SlotName: slot1_5@b9p02p7937.cern.ch
	CondorScratchDir = "/pool/condor/dir_2196091"
	Cpus = 8
	Disk = 2633343
	Memory = 16000
...
006 (10252908.5843.000) 07/24 19:35:03 Image size of job updated: 157284
	7  -  MemoryUsage of job (MB)
	6484  -  ResidentSetSize of job (KB)
...
040 (10252908.5843.000) 07/24 19:35:03 Started transferring output files
...
040 (10252908.5843.000) 07/24 19:35:03 Finished transferring output files
...
005 (10252908.5843.000) 07/24 19:35:03 Job terminated.
	(1) Normal termination (return value 0)
		Usr 0 00:00:04, Sys 0 00:00:00  -  Run Remote Usage
		Usr 0 00:00:00, Sys 0 00:00:00  -  Run Local Usage
		Usr 0 00:00:04, Sys 0 00:00:00  -  Total Remote Usage
		Usr 0 00:00:00, Sys 0 00:00:00  -  Total Local Usage
	6204  -  Run Bytes Sent By Job
	409597  -  Run Bytes Received By Job
	6204  -  Total Bytes Sent By Job
	409597  -  Total Bytes Received By Job
	Partitionable Resources :    Usage  Request Allocated 
	   Cpus                 :        0        8         8 
	   Disk (KB)            :      427      425   2633343 
	   Memory (MB)          :        7    16000     16000 

	Job terminated of its own accord at 2024-07-24T17:35:03Z with exit-code 0.
...
040 (10252909.5843.000) 07/24 20:29:14 Started transferring input files
	Transferring to host: <188.185.209.189:9618?addrs=188.185.209.189-9618+[2001-1458-303-12--100-3a]-9618&alias=b9p12p5961.cern.ch&noUDP&sock=slot1_11_3731474_bf74_74741>
...
040 (10252909.5843.000) 07/24 20:29:14 Finished transferring input files
...
001 (10252909.5843.000) 07/24 20:29:15 Job executing on host: <188.185.209.189:9618?addrs=188.185.209.189-9618+[2001-1458-303-12--100-3a]-9618&alias=b9p12p5961.cern.ch&noUDP&sock=startd_1532964_6041>
	SlotName: slot1_11@b9p12p5961.cern.ch
	CondorScratchDir = "/pool/condor/dir_325829"
	Cpus = 8
	Disk = 2814217
	Memory = 16000
...
006 (10252909.5843.000) 07/24 20:29:19 Image size of job updated: 158212
	8  -  MemoryUsage of job (MB)
	7624  -  ResidentSetSize of job (KB)
...
040 (10252909.5843.000) 07/24 20:29:19 Started transferring output files
...
040 (10252909.5843.000) 07/24 20:29:19 Finished transferring output files
...
005 (10252909.5843.000) 07/24 20:29:19 Job terminated.
	(1) Normal termination (return value 0)
		Usr 0 00:00:03, Sys 0 00:00:00  -  Run Remote Usage
		Usr 0 00:00:00, Sys 0 00:00:00  -  Run Local Usage
		Usr 0 00:00:03, Sys 0 00:00:00  -  Total Remote Usage
		Usr 0 00:00:00, Sys 0 00:00:00  -  Total Local Usage
	6204  -  Run Bytes Sent By Job
	409597  -  Run Bytes Received By Job
	6204  -  Total Bytes Sent By Job
	409597  -  Total Bytes Received By Job
	Partitionable Resources :    Usage  Request Allocated 
	   Cpus                 :        0        8         8 
	   Disk (KB)            :      431      425   2814217 
	   Memory (MB)          :        8    16000     16000 

	Job terminated of its own accord at 2024-07-24T18:29:19Z with exit-code 0.
...
000 (10261715.5843.000) 07/25 13:03:33 Job submitted from host: <188.185.114.121:9618?addrs=188.185.114.121-9618+[2001-1458-d00-a--100-273]-9618&alias=bigbird19.cern.ch&noUDP&sock=schedd_4961_696e>
...
009 (10261715.5843.000) 07/25 13:07:06 Job was aborted.
	via condor_rm (by user yelberke)
...
000 (10261767.5843.000) 07/25 13:20:48 Job submitted from host: <188.185.114.121:9618?addrs=188.185.114.121-9618+[2001-1458-d00-a--100-273]-9618&alias=bigbird19.cern.ch&noUDP&sock=schedd_4961_696e>
...
040 (10261767.5843.000) 07/25 15:00:10 Started transferring input files
	Transferring to host: <188.185.194.67:9618?addrs=188.185.194.67-9618+[2001-1458-303-21--100-3f]-9618&alias=b9p20p0635.cern.ch&noUDP&sock=slot1_35_2002741_f5fa_7719>
...
040 (10261767.5843.000) 07/25 15:00:10 Finished transferring input files
...
001 (10261767.5843.000) 07/25 15:00:11 Job executing on host: <188.185.194.67:9618?addrs=188.185.194.67-9618+[2001-1458-303-21--100-3f]-9618&alias=b9p20p0635.cern.ch&noUDP&sock=startd_128372_17cb>
	SlotName: slot1_35@b9p20p0635.cern.ch
	CondorScratchDir = "/pool/condor/dir_3927120"
	Cpus = 12
	Disk = 2988304
	Memory = 24000
...
006 (10261767.5843.000) 07/25 15:00:19 Image size of job updated: 531612
	372  -  MemoryUsage of job (MB)
	380172  -  ResidentSetSize of job (KB)
...
040 (10261767.5843.000) 07/25 15:00:19 Started transferring output files
...
040 (10261767.5843.000) 07/25 15:00:19 Finished transferring output files
...
005 (10261767.5843.000) 07/25 15:00:19 Job terminated.
	(1) Normal termination (return value 0)
		Usr 0 00:00:05, Sys 0 00:00:00  -  Run Remote Usage
		Usr 0 00:00:00, Sys 0 00:00:00  -  Run Local Usage
		Usr 0 00:00:05, Sys 0 00:00:00  -  Total Remote Usage
		Usr 0 00:00:00, Sys 0 00:00:00  -  Total Local Usage
	6676  -  Run Bytes Sent By Job
	409597  -  Run Bytes Received By Job
	6676  -  Total Bytes Sent By Job
	409597  -  Total Bytes Received By Job
	Partitionable Resources :    Usage  Request Allocated 
	   Cpus                 :                12        12 
	   Disk (KB)            :      421      425   2988304 
	   Memory (MB)          :      372    24000     24000 

	Job terminated of its own accord at 2024-07-25T13:00:19Z with exit-code 0.
...
000 (10284266.5843.000) 08/02 15:47:25 Job submitted from host: <188.185.114.121:9618?addrs=188.185.114.121-9618+[2001-1458-d00-a--100-273]-9618&alias=bigbird19.cern.ch&noUDP&sock=schedd_4961_696e>
...
000 (10284267.5843.000) 08/02 15:50:15 Job submitted from host: <188.185.114.121:9618?addrs=188.185.114.121-9618+[2001-1458-d00-a--100-273]-9618&alias=bigbird19.cern.ch&noUDP&sock=schedd_4961_696e>
...
009 (10284266.5843.000) 08/02 15:50:42 Job was aborted.
	via condor_rm (by user yelberke)
...
040 (10284267.5843.000) 08/02 17:11:49 Started transferring input files
	Transferring to host: <188.185.204.186:9618?addrs=188.185.204.186-9618+[2001-1458-303-8--100-ae]-9618&alias=b9p02p1705.cern.ch&noUDP&sock=slot1_1_10550_2de6_41417>
...
040 (10284267.5843.000) 08/02 17:11:49 Finished transferring input files
...
001 (10284267.5843.000) 08/02 17:11:50 Job executing on host: <188.185.204.186:9618?addrs=188.185.204.186-9618+[2001-1458-303-8--100-ae]-9618&alias=b9p02p1705.cern.ch&noUDP&sock=startd_9568_6e3e>
	SlotName: slot1_1@b9p02p1705.cern.ch
	CondorScratchDir = "/pool/condor/dir_762878"
	Cpus = 12
	Disk = 2835116
	Memory = 24000
...
006 (10284267.5843.000) 08/02 17:11:53 Image size of job updated: 327476
	6  -  MemoryUsage of job (MB)
	5244  -  ResidentSetSize of job (KB)
...
040 (10284267.5843.000) 08/02 17:11:53 Started transferring output files
...
040 (10284267.5843.000) 08/02 17:11:53 Finished transferring output files
...
005 (10284267.5843.000) 08/02 17:11:53 Job terminated.
	(1) Normal termination (return value 139)
		Usr 0 00:00:02, Sys 0 00:00:01  -  Run Remote Usage
		Usr 0 00:00:00, Sys 0 00:00:00  -  Run Local Usage
		Usr 0 00:00:02, Sys 0 00:00:01  -  Total Remote Usage
		Usr 0 00:00:00, Sys 0 00:00:00  -  Total Local Usage
	7696  -  Run Bytes Sent By Job
	409597  -  Run Bytes Received By Job
	7696  -  Total Bytes Sent By Job
	409597  -  Total Bytes Received By Job
	Partitionable Resources :    Usage  Request Allocated 
	   Cpus                 :     0.06       12        12 
	   Disk (KB)            :   430         425   2835116 
	   Memory (MB)          :     6       24000     24000 

	Job terminated of its own accord at 2024-08-02T15:11:53Z with exit-code 139.
...
