000 (10252905.5858.000) 07/24 16:13:23 Job submitted from host: <188.185.114.121:9618?addrs=188.185.114.121-9618+[2001-1458-d00-a--100-273]-9618&alias=bigbird19.cern.ch&noUDP&sock=schedd_4961_696e>
...
009 (10252905.5858.000) 07/24 16:14:53 Job was aborted.
	via condor_rm (by user yelberke)
...
000 (10252906.5858.000) 07/24 16:15:41 Job submitted from host: <188.185.114.121:9618?addrs=188.185.114.121-9618+[2001-1458-d00-a--100-273]-9618&alias=bigbird19.cern.ch&noUDP&sock=schedd_4961_696e>
...
000 (10252907.5858.000) 07/24 16:17:35 Job submitted from host: <188.185.114.121:9618?addrs=188.185.114.121-9618+[2001-1458-d00-a--100-273]-9618&alias=bigbird19.cern.ch&noUDP&sock=schedd_4961_696e>
...
000 (10252908.5858.000) 07/24 16:18:08 Job submitted from host: <188.185.114.121:9618?addrs=188.185.114.121-9618+[2001-1458-d00-a--100-273]-9618&alias=bigbird19.cern.ch&noUDP&sock=schedd_4961_696e>
...
000 (10252909.5858.000) 07/24 16:18:44 Job submitted from host: <188.185.114.121:9618?addrs=188.185.114.121-9618+[2001-1458-d00-a--100-273]-9618&alias=bigbird19.cern.ch&noUDP&sock=schedd_4961_696e>
...
040 (10252906.5858.000) 07/24 17:29:31 Started transferring input files
	Transferring to host: <128.142.132.103:9618?addrs=128.142.132.103-9618+[2001-1458-301-5a--100-5b]-9618&alias=b9g12p0948.cern.ch&noUDP&sock=slot1_4_1804892_712c_102866>
...
040 (10252906.5858.000) 07/24 17:29:31 Finished transferring input files
...
001 (10252906.5858.000) 07/24 17:29:32 Job executing on host: <128.142.132.103:9618?addrs=128.142.132.103-9618+[2001-1458-301-5a--100-5b]-9618&alias=b9g12p0948.cern.ch&noUDP&sock=startd_2389_3bd8>
	SlotName: slot1_4@b9g12p0948.cern.ch
	CondorScratchDir = "/pool/condor/dir_1696249"
	Cpus = 8
	Disk = 1798219
	Memory = 16000
...
006 (10252906.5858.000) 07/24 17:29:40 Image size of job updated: 10148
	10  -  MemoryUsage of job (MB)
	10148  -  ResidentSetSize of job (KB)
...
040 (10252906.5858.000) 07/24 17:29:40 Started transferring output files
...
040 (10252906.5858.000) 07/24 17:29:40 Finished transferring output files
...
005 (10252906.5858.000) 07/24 17:29:40 Job terminated.
	(1) Normal termination (return value 0)
		Usr 0 00:00:07, Sys 0 00:00:00  -  Run Remote Usage
		Usr 0 00:00:00, Sys 0 00:00:00  -  Run Local Usage
		Usr 0 00:00:07, Sys 0 00:00:00  -  Total Remote Usage
		Usr 0 00:00:00, Sys 0 00:00:00  -  Total Local Usage
	6201  -  Run Bytes Sent By Job
	409597  -  Run Bytes Received By Job
	6201  -  Total Bytes Sent By Job
	409597  -  Total Bytes Received By Job
	Partitionable Resources :    Usage  Request Allocated 
	   Cpus                 :        0        8         8 
	   Disk (KB)            :      428      425   1798219 
	   Memory (MB)          :       10    16000     16000 

	Job terminated of its own accord at 2024-07-24T15:29:40Z with exit-code 0.
...
040 (10252907.5858.000) 07/24 18:28:29 Started transferring input files
	Transferring to host: <188.185.207.219:9618?addrs=188.185.207.219-9618+[2001-1458-303-e--100-58]-9618&alias=b9p08p2667.cern.ch&noUDP&sock=slot1_28_10622_e8e9_142442>
...
040 (10252907.5858.000) 07/24 18:28:29 Finished transferring input files
...
001 (10252907.5858.000) 07/24 18:28:30 Job executing on host: <188.185.207.219:9618?addrs=188.185.207.219-9618+[2001-1458-303-e--100-58]-9618&alias=b9p08p2667.cern.ch&noUDP&sock=startd_9222_1a79>
	SlotName: slot1_28@b9p08p2667.cern.ch
	CondorScratchDir = "/pool/condor/dir_1460543"
	Cpus = 8
	Disk = 2555963
	Memory = 16000
...
006 (10252907.5858.000) 07/24 18:28:34 Image size of job updated: 157936
	7  -  MemoryUsage of job (MB)
	6964  -  ResidentSetSize of job (KB)
...
040 (10252907.5858.000) 07/24 18:28:34 Started transferring output files
...
040 (10252907.5858.000) 07/24 18:28:34 Finished transferring output files
...
005 (10252907.5858.000) 07/24 18:28:34 Job terminated.
	(1) Normal termination (return value 0)
		Usr 0 00:00:03, Sys 0 00:00:00  -  Run Remote Usage
		Usr 0 00:00:00, Sys 0 00:00:00  -  Run Local Usage
		Usr 0 00:00:03, Sys 0 00:00:00  -  Total Remote Usage
		Usr 0 00:00:00, Sys 0 00:00:00  -  Total Local Usage
	6204  -  Run Bytes Sent By Job
	409597  -  Run Bytes Received By Job
	6204  -  Total Bytes Sent By Job
	409597  -  Total Bytes Received By Job
	Partitionable Resources :    Usage  Request Allocated 
	   Cpus                 :        0        8         8 
	   Disk (KB)            :      428      425   2555963 
	   Memory (MB)          :        7    16000     16000 

	Job terminated of its own accord at 2024-07-24T16:28:34Z with exit-code 0.
...
040 (10252908.5858.000) 07/24 19:35:00 Started transferring input files
	Transferring to host: <188.185.205.166:9618?addrs=188.185.205.166-9618&alias=b9p04p1739.cern.ch&noUDP&sock=slot1_10_6909_c3f2_156071>
...
040 (10252908.5858.000) 07/24 19:35:00 Finished transferring input files
...
001 (10252908.5858.000) 07/24 19:35:01 Job executing on host: <188.185.205.166:9618?addrs=188.185.205.166-9618&alias=b9p04p1739.cern.ch&noUDP&sock=startd_6832_c320>
	SlotName: slot1_10@b9p04p1739.cern.ch
	CondorScratchDir = "/pool/condor/dir_3093653"
	Cpus = 8
	Disk = 2765762
	Memory = 16000
...
006 (10252908.5858.000) 07/24 19:35:08 Image size of job updated: 164172
	12  -  MemoryUsage of job (MB)
	11908  -  ResidentSetSize of job (KB)
...
040 (10252908.5858.000) 07/24 19:35:08 Started transferring output files
...
040 (10252908.5858.000) 07/24 19:35:08 Finished transferring output files
...
005 (10252908.5858.000) 07/24 19:35:08 Job terminated.
	(1) Normal termination (return value 0)
		Usr 0 00:00:05, Sys 0 00:00:00  -  Run Remote Usage
		Usr 0 00:00:00, Sys 0 00:00:00  -  Run Local Usage
		Usr 0 00:00:05, Sys 0 00:00:00  -  Total Remote Usage
		Usr 0 00:00:00, Sys 0 00:00:00  -  Total Local Usage
	6204  -  Run Bytes Sent By Job
	409597  -  Run Bytes Received By Job
	6204  -  Total Bytes Sent By Job
	409597  -  Total Bytes Received By Job
	Partitionable Resources :    Usage  Request Allocated 
	   Cpus                 :        0        8         8 
	   Disk (KB)            :      427      425   2765762 
	   Memory (MB)          :       12    16000     16000 

	Job terminated of its own accord at 2024-07-24T17:35:08Z with exit-code 0.
...
040 (10252909.5858.000) 07/24 20:29:19 Started transferring input files
	Transferring to host: <188.185.206.143:9618?addrs=188.185.206.143-9618+[2001-1458-303-c--100-c]-9618&alias=b9p06p8627.cern.ch&noUDP&sock=slot1_19_2260572_398e_46739>
...
040 (10252909.5858.000) 07/24 20:29:19 Finished transferring input files
...
001 (10252909.5858.000) 07/24 20:29:20 Job executing on host: <188.185.206.143:9618?addrs=188.185.206.143-9618+[2001-1458-303-c--100-c]-9618&alias=b9p06p8627.cern.ch&noUDP&sock=startd_6828_04bf>
	SlotName: slot1_19@b9p06p8627.cern.ch
	CondorScratchDir = "/pool/condor/dir_2864562"
	Cpus = 8
	Disk = 2655847
	Memory = 16000
...
006 (10252909.5858.000) 07/24 20:29:24 Image size of job updated: 158572
	8  -  MemoryUsage of job (MB)
	8004  -  ResidentSetSize of job (KB)
...
040 (10252909.5858.000) 07/24 20:29:24 Started transferring output files
...
040 (10252909.5858.000) 07/24 20:29:24 Finished transferring output files
...
005 (10252909.5858.000) 07/24 20:29:24 Job terminated.
	(1) Normal termination (return value 0)
		Usr 0 00:00:03, Sys 0 00:00:00  -  Run Remote Usage
		Usr 0 00:00:00, Sys 0 00:00:00  -  Run Local Usage
		Usr 0 00:00:03, Sys 0 00:00:00  -  Total Remote Usage
		Usr 0 00:00:00, Sys 0 00:00:00  -  Total Local Usage
	6204  -  Run Bytes Sent By Job
	409597  -  Run Bytes Received By Job
	6204  -  Total Bytes Sent By Job
	409597  -  Total Bytes Received By Job
	Partitionable Resources :    Usage  Request Allocated 
	   Cpus                 :        0        8         8 
	   Disk (KB)            :      428      425   2655847 
	   Memory (MB)          :        8    16000     16000 

	Job terminated of its own accord at 2024-07-24T18:29:24Z with exit-code 0.
...
000 (10261715.5858.000) 07/25 13:03:33 Job submitted from host: <188.185.114.121:9618?addrs=188.185.114.121-9618+[2001-1458-d00-a--100-273]-9618&alias=bigbird19.cern.ch&noUDP&sock=schedd_4961_696e>
...
009 (10261715.5858.000) 07/25 13:07:06 Job was aborted.
	via condor_rm (by user yelberke)
...
000 (10261767.5858.000) 07/25 13:20:48 Job submitted from host: <188.185.114.121:9618?addrs=188.185.114.121-9618+[2001-1458-d00-a--100-273]-9618&alias=bigbird19.cern.ch&noUDP&sock=schedd_4961_696e>
...
040 (10261767.5858.000) 07/25 15:00:14 Started transferring input files
	Transferring to host: <188.185.204.164:9618?addrs=188.185.204.164-9618+[2001-1458-303-8--100-98]-9618&alias=b9p02p9999.cern.ch&noUDP&sock=slot1_15_11883_65fc_32279>
...
040 (10261767.5858.000) 07/25 15:00:14 Finished transferring input files
...
001 (10261767.5858.000) 07/25 15:00:15 Job executing on host: <188.185.204.164:9618?addrs=188.185.204.164-9618+[2001-1458-303-8--100-98]-9618&alias=b9p02p9999.cern.ch&noUDP&sock=startd_10948_fef0>
	SlotName: slot1_15@b9p02p9999.cern.ch
	CondorScratchDir = "/pool/condor/dir_2485790"
	Cpus = 12
	Disk = 2636072
	Memory = 24000
...
006 (10261767.5858.000) 07/25 15:00:21 Image size of job updated: 159380
	7  -  MemoryUsage of job (MB)
	6740  -  ResidentSetSize of job (KB)
...
040 (10261767.5858.000) 07/25 15:00:21 Started transferring output files
...
040 (10261767.5858.000) 07/25 15:00:21 Finished transferring output files
...
005 (10261767.5858.000) 07/25 15:00:21 Job terminated.
	(1) Normal termination (return value 0)
		Usr 0 00:00:04, Sys 0 00:00:00  -  Run Remote Usage
		Usr 0 00:00:00, Sys 0 00:00:00  -  Run Local Usage
		Usr 0 00:00:04, Sys 0 00:00:00  -  Total Remote Usage
		Usr 0 00:00:00, Sys 0 00:00:00  -  Total Local Usage
	6676  -  Run Bytes Sent By Job
	409597  -  Run Bytes Received By Job
	6676  -  Total Bytes Sent By Job
	409597  -  Total Bytes Received By Job
	Partitionable Resources :    Usage  Request Allocated 
	   Cpus                 :        0       12        12 
	   Disk (KB)            :      428      425   2636072 
	   Memory (MB)          :        7    24000     24000 

	Job terminated of its own accord at 2024-07-25T13:00:21Z with exit-code 0.
...
000 (10284266.5858.000) 08/02 15:47:26 Job submitted from host: <188.185.114.121:9618?addrs=188.185.114.121-9618+[2001-1458-d00-a--100-273]-9618&alias=bigbird19.cern.ch&noUDP&sock=schedd_4961_696e>
...
000 (10284267.5858.000) 08/02 15:50:15 Job submitted from host: <188.185.114.121:9618?addrs=188.185.114.121-9618+[2001-1458-d00-a--100-273]-9618&alias=bigbird19.cern.ch&noUDP&sock=schedd_4961_696e>
...
009 (10284266.5858.000) 08/02 15:50:42 Job was aborted.
	via condor_rm (by user yelberke)
...
040 (10284267.5858.000) 08/02 17:11:55 Started transferring input files
	Transferring to host: <188.185.195.109:9618?addrs=188.185.195.109-9618+[2001-1458-303-22--100-69]-9618&alias=b9p17p6101.cern.ch&noUDP&sock=slot1_1_1136960_ec93_2109>
...
040 (10284267.5858.000) 08/02 17:11:55 Finished transferring input files
...
001 (10284267.5858.000) 08/02 17:11:56 Job executing on host: <188.185.195.109:9618?addrs=188.185.195.109-9618+[2001-1458-303-22--100-69]-9618&alias=b9p17p6101.cern.ch&noUDP&sock=startd_128292_3838>
	SlotName: slot1_1@b9p17p6101.cern.ch
	CondorScratchDir = "/pool/condor/dir_1333698"
	Cpus = 12
	Disk = 2916556
	Memory = 24000
...
006 (10284267.5858.000) 08/02 17:11:57 Image size of job updated: 316192
	4  -  MemoryUsage of job (MB)
	3280  -  ResidentSetSize of job (KB)
...
040 (10284267.5858.000) 08/02 17:11:57 Started transferring output files
...
040 (10284267.5858.000) 08/02 17:11:57 Finished transferring output files
...
005 (10284267.5858.000) 08/02 17:11:57 Job terminated.
	(1) Normal termination (return value 139)
		Usr 0 00:00:02, Sys 0 00:00:00  -  Run Remote Usage
		Usr 0 00:00:00, Sys 0 00:00:00  -  Run Local Usage
		Usr 0 00:00:02, Sys 0 00:00:00  -  Total Remote Usage
		Usr 0 00:00:00, Sys 0 00:00:00  -  Total Local Usage
	7696  -  Run Bytes Sent By Job
	409597  -  Run Bytes Received By Job
	7696  -  Total Bytes Sent By Job
	409597  -  Total Bytes Received By Job
	Partitionable Resources :    Usage  Request Allocated 
	   Cpus                 :        0       12        12 
	   Disk (KB)            :      430      425   2916556 
	   Memory (MB)          :        4    24000     24000 

	Job terminated of its own accord at 2024-08-02T15:11:57Z with exit-code 139.
...
