000 (10252905.585.000) 07/24 16:13:15 Job submitted from host: <188.185.114.121:9618?addrs=188.185.114.121-9618+[2001-1458-d00-a--100-273]-9618&alias=bigbird19.cern.ch&noUDP&sock=schedd_4961_696e>
...
009 (10252905.585.000) 07/24 16:14:46 Job was aborted.
	via condor_rm (by user yelberke)
...
000 (10252906.585.000) 07/24 16:15:36 Job submitted from host: <188.185.114.121:9618?addrs=188.185.114.121-9618+[2001-1458-d00-a--100-273]-9618&alias=bigbird19.cern.ch&noUDP&sock=schedd_4961_696e>
...
000 (10252907.585.000) 07/24 16:17:30 Job submitted from host: <188.185.114.121:9618?addrs=188.185.114.121-9618+[2001-1458-d00-a--100-273]-9618&alias=bigbird19.cern.ch&noUDP&sock=schedd_4961_696e>
...
000 (10252908.585.000) 07/24 16:18:03 Job submitted from host: <188.185.114.121:9618?addrs=188.185.114.121-9618+[2001-1458-d00-a--100-273]-9618&alias=bigbird19.cern.ch&noUDP&sock=schedd_4961_696e>
...
000 (10252909.585.000) 07/24 16:18:39 Job submitted from host: <188.185.114.121:9618?addrs=188.185.114.121-9618+[2001-1458-d00-a--100-273]-9618&alias=bigbird19.cern.ch&noUDP&sock=schedd_4961_696e>
...
000 (10252910.585.000) 07/24 16:19:04 Job submitted from host: <188.185.114.121:9618?addrs=188.185.114.121-9618+[2001-1458-d00-a--100-273]-9618&alias=bigbird19.cern.ch&noUDP&sock=schedd_4961_696e>
...
000 (10252911.585.000) 07/24 16:19:17 Job submitted from host: <188.185.114.121:9618?addrs=188.185.114.121-9618+[2001-1458-d00-a--100-273]-9618&alias=bigbird19.cern.ch&noUDP&sock=schedd_4961_696e>
...
000 (10252912.585.000) 07/24 16:19:30 Job submitted from host: <188.185.114.121:9618?addrs=188.185.114.121-9618+[2001-1458-d00-a--100-273]-9618&alias=bigbird19.cern.ch&noUDP&sock=schedd_4961_696e>
...
000 (10252913.585.000) 07/24 16:19:42 Job submitted from host: <188.185.114.121:9618?addrs=188.185.114.121-9618+[2001-1458-d00-a--100-273]-9618&alias=bigbird19.cern.ch&noUDP&sock=schedd_4961_696e>
...
040 (10252906.585.000) 07/24 16:21:05 Started transferring input files
	Transferring to host: <188.185.204.197:9618?addrs=188.185.204.197-9618+[2001-1458-303-8--100-b9]-9618&alias=b9p02p4569.cern.ch&noUDP&sock=slot1_8_9998_3ed0_27246>
...
040 (10252906.585.000) 07/24 16:21:05 Finished transferring input files
...
001 (10252906.585.000) 07/24 16:21:06 Job executing on host: <188.185.204.197:9618?addrs=188.185.204.197-9618+[2001-1458-303-8--100-b9]-9618&alias=b9p02p4569.cern.ch&noUDP&sock=startd_9040_443d>
	SlotName: slot1_8@b9p02p4569.cern.ch
	CondorScratchDir = "/pool/condor/dir_3731989"
	Cpus = 8
	Disk = 2588221
	Memory = 16000
...
006 (10252906.585.000) 07/24 16:21:10 Image size of job updated: 159692
	8  -  MemoryUsage of job (MB)
	7276  -  ResidentSetSize of job (KB)
...
040 (10252906.585.000) 07/24 16:21:10 Started transferring output files
...
040 (10252906.585.000) 07/24 16:21:10 Finished transferring output files
...
005 (10252906.585.000) 07/24 16:21:11 Job terminated.
	(1) Normal termination (return value 0)
		Usr 0 00:00:03, Sys 0 00:00:00  -  Run Remote Usage
		Usr 0 00:00:00, Sys 0 00:00:00  -  Run Local Usage
		Usr 0 00:00:03, Sys 0 00:00:00  -  Total Remote Usage
		Usr 0 00:00:00, Sys 0 00:00:00  -  Total Local Usage
	6204  -  Run Bytes Sent By Job
	409597  -  Run Bytes Received By Job
	6204  -  Total Bytes Sent By Job
	409597  -  Total Bytes Received By Job
	Partitionable Resources :    Usage  Request Allocated 
	   Cpus                 :        0        8         8 
	   Disk (KB)            :      428      425   2588221 
	   Memory (MB)          :        8    16000     16000 

	Job terminated of its own accord at 2024-07-24T14:21:10Z with exit-code 0.
...
040 (10252907.585.000) 07/24 17:46:13 Started transferring input files
	Transferring to host: <188.185.208.75:9618?addrs=188.185.208.75-9618+[2001-1458-303-f--100-48]-9618&alias=b9p09p5717.cern.ch&noUDP&sock=slot1_7_128920_8d74_35345>
...
040 (10252907.585.000) 07/24 17:46:13 Finished transferring input files
...
001 (10252907.585.000) 07/24 17:46:14 Job executing on host: <188.185.208.75:9618?addrs=188.185.208.75-9618+[2001-1458-303-f--100-48]-9618&alias=b9p09p5717.cern.ch&noUDP&sock=startd_118345_67ab>
	SlotName: slot1_7@b9p09p5717.cern.ch
	CondorScratchDir = "/pool/condor/dir_2299301"
	Cpus = 8
	Disk = 2610177
	Memory = 16000
...
006 (10252907.585.000) 07/24 17:46:19 Image size of job updated: 168916
	13  -  MemoryUsage of job (MB)
	12444  -  ResidentSetSize of job (KB)
...
040 (10252907.585.000) 07/24 17:46:19 Started transferring output files
...
040 (10252907.585.000) 07/24 17:46:19 Finished transferring output files
...
005 (10252907.585.000) 07/24 17:46:19 Job terminated.
	(1) Normal termination (return value 0)
		Usr 0 00:00:03, Sys 0 00:00:00  -  Run Remote Usage
		Usr 0 00:00:00, Sys 0 00:00:00  -  Run Local Usage
		Usr 0 00:00:03, Sys 0 00:00:00  -  Total Remote Usage
		Usr 0 00:00:00, Sys 0 00:00:00  -  Total Local Usage
	6204  -  Run Bytes Sent By Job
	409597  -  Run Bytes Received By Job
	6204  -  Total Bytes Sent By Job
	409597  -  Total Bytes Received By Job
	Partitionable Resources :    Usage  Request Allocated 
	   Cpus                 :        0        8         8 
	   Disk (KB)            :      427      425   2610177 
	   Memory (MB)          :       13    16000     16000 

	Job terminated of its own accord at 2024-07-24T15:46:19Z with exit-code 0.
...
040 (10252908.585.000) 07/24 18:51:13 Started transferring input files
	Transferring to host: <188.185.206.175:9618?addrs=188.185.206.175-9618&alias=b9p06p7955.cern.ch&noUDP&sock=slot1_13_7362_f1e4_154828>
...
040 (10252908.585.000) 07/24 18:51:13 Finished transferring input files
...
001 (10252908.585.000) 07/24 18:51:14 Job executing on host: <188.185.206.175:9618?addrs=188.185.206.175-9618&alias=b9p06p7955.cern.ch&noUDP&sock=startd_7297_b6aa>
	SlotName: slot1_13@b9p06p7955.cern.ch
	CondorScratchDir = "/pool/condor/dir_3649899"
	Cpus = 8
	Disk = 2765206
	Memory = 16000
...
006 (10252908.585.000) 07/24 18:51:18 Image size of job updated: 161608
	9  -  MemoryUsage of job (MB)
	8540  -  ResidentSetSize of job (KB)
...
040 (10252908.585.000) 07/24 18:51:18 Started transferring output files
...
040 (10252908.585.000) 07/24 18:51:18 Finished transferring output files
...
005 (10252908.585.000) 07/24 18:51:18 Job terminated.
	(1) Normal termination (return value 0)
		Usr 0 00:00:03, Sys 0 00:00:00  -  Run Remote Usage
		Usr 0 00:00:00, Sys 0 00:00:00  -  Run Local Usage
		Usr 0 00:00:03, Sys 0 00:00:00  -  Total Remote Usage
		Usr 0 00:00:00, Sys 0 00:00:00  -  Total Local Usage
	6204  -  Run Bytes Sent By Job
	409597  -  Run Bytes Received By Job
	6204  -  Total Bytes Sent By Job
	409597  -  Total Bytes Received By Job
	Partitionable Resources :    Usage  Request Allocated 
	   Cpus                 :        0        8         8 
	   Disk (KB)            :      427      425   2765206 
	   Memory (MB)          :        9    16000     16000 

	Job terminated of its own accord at 2024-07-24T16:51:18Z with exit-code 0.
...
022 (10252909.585.000) 07/24 19:51:26 Job disconnected, attempting to reconnect
    Socket between submit and execute hosts closed unexpectedly
    Trying to reconnect to slot1_5@b9p03p3527.cern.ch <188.185.205.57:9618?addrs=188.185.205.57-9618&alias=b9p03p3527.cern.ch&noUDP&sock=startd_4891_65cd>
...
024 (10252909.585.000) 07/24 19:51:26 Job reconnection failed
    Job not found at execution machine
    Can not reconnect to slot1_5@b9p03p3527.cern.ch, rescheduling job
...
040 (10252909.585.000) 07/24 19:54:56 Started transferring input files
	Transferring to host: <188.185.204.149:9618?addrs=188.185.204.149-9618+[2001-1458-303-8--100-89]-9618&alias=b9p02p1875.cern.ch&noUDP&sock=slot1_57_7282_93e1_157182>
...
040 (10252909.585.000) 07/24 19:54:56 Finished transferring input files
...
001 (10252909.585.000) 07/24 19:54:57 Job executing on host: <188.185.204.149:9618?addrs=188.185.204.149-9618+[2001-1458-303-8--100-89]-9618&alias=b9p02p1875.cern.ch&noUDP&sock=startd_7214_c84e>
	SlotName: slot1_57@b9p02p1875.cern.ch
	CondorScratchDir = "/pool/condor/dir_1043834"
	Cpus = 8
	Disk = 2513280
	Memory = 16000
...
006 (10252909.585.000) 07/24 19:55:01 Image size of job updated: 157668
	7  -  MemoryUsage of job (MB)
	6852  -  ResidentSetSize of job (KB)
...
040 (10252909.585.000) 07/24 19:55:01 Started transferring output files
...
040 (10252909.585.000) 07/24 19:55:01 Finished transferring output files
...
005 (10252909.585.000) 07/24 19:55:01 Job terminated.
	(1) Normal termination (return value 0)
		Usr 0 00:00:03, Sys 0 00:00:00  -  Run Remote Usage
		Usr 0 00:00:00, Sys 0 00:00:00  -  Run Local Usage
		Usr 0 00:00:03, Sys 0 00:00:00  -  Total Remote Usage
		Usr 0 00:00:00, Sys 0 00:00:00  -  Total Local Usage
	6204  -  Run Bytes Sent By Job
	409597  -  Run Bytes Received By Job
	6204  -  Total Bytes Sent By Job
	409597  -  Total Bytes Received By Job
	Partitionable Resources :    Usage  Request Allocated 
	   Cpus                 :        0        8         8 
	   Disk (KB)            :      428      425   2513280 
	   Memory (MB)          :        7    16000     16000 

	Job terminated of its own accord at 2024-07-24T17:55:01Z with exit-code 0.
...
040 (10252910.585.000) 07/24 20:44:22 Started transferring input files
	Transferring to host: <188.185.205.125:9618?addrs=188.185.205.125-9618+[2001-1458-303-9--100-7a]-9618&alias=b9p03p9078.cern.ch&noUDP&sock=slot1_18_6035_f40e_81006>
...
040 (10252910.585.000) 07/24 20:44:22 Finished transferring input files
...
001 (10252910.585.000) 07/24 20:44:23 Job executing on host: <188.185.205.125:9618?addrs=188.185.205.125-9618+[2001-1458-303-9--100-7a]-9618&alias=b9p03p9078.cern.ch&noUDP&sock=startd_4951_8d7b>
	SlotName: slot1_18@b9p03p9078.cern.ch
	CondorScratchDir = "/pool/condor/dir_1569434"
	Cpus = 8
	Disk = 2812643
	Memory = 16000
...
006 (10252910.585.000) 07/24 20:44:27 Image size of job updated: 162800
	9  -  MemoryUsage of job (MB)
	8940  -  ResidentSetSize of job (KB)
...
040 (10252910.585.000) 07/24 20:44:27 Started transferring output files
...
040 (10252910.585.000) 07/24 20:44:27 Finished transferring output files
...
005 (10252910.585.000) 07/24 20:44:27 Job terminated.
	(1) Normal termination (return value 0)
		Usr 0 00:00:03, Sys 0 00:00:00  -  Run Remote Usage
		Usr 0 00:00:00, Sys 0 00:00:00  -  Run Local Usage
		Usr 0 00:00:03, Sys 0 00:00:00  -  Total Remote Usage
		Usr 0 00:00:00, Sys 0 00:00:00  -  Total Local Usage
	6201  -  Run Bytes Sent By Job
	409597  -  Run Bytes Received By Job
	6201  -  Total Bytes Sent By Job
	409597  -  Total Bytes Received By Job
	Partitionable Resources :    Usage  Request Allocated 
	   Cpus                 :        0        8         8 
	   Disk (KB)            :      428      425   2812643 
	   Memory (MB)          :        9    16000     16000 

	Job terminated of its own accord at 2024-07-24T18:44:27Z with exit-code 0.
...
040 (10252911.585.000) 07/24 20:57:12 Started transferring input files
	Transferring to host: <188.185.209.218:9618?addrs=188.185.209.218-9618+[2001-1458-303-12--100-57]-9618&alias=b9p12p0668.cern.ch&noUDP&sock=slot1_16_4203_24c4_144832>
...
040 (10252911.585.000) 07/24 20:57:12 Finished transferring input files
...
001 (10252911.585.000) 07/24 20:57:13 Job executing on host: <188.185.209.218:9618?addrs=188.185.209.218-9618+[2001-1458-303-12--100-57]-9618&alias=b9p12p0668.cern.ch&noUDP&sock=startd_3693_ab57>
	SlotName: slot1_16@b9p12p0668.cern.ch
	CondorScratchDir = "/pool/condor/dir_1450425"
	Cpus = 8
	Disk = 2771154
	Memory = 16000
...
006 (10252911.585.000) 07/24 20:57:17 Image size of job updated: 162592
	9  -  MemoryUsage of job (MB)
	8604  -  ResidentSetSize of job (KB)
...
040 (10252911.585.000) 07/24 20:57:17 Started transferring output files
...
040 (10252911.585.000) 07/24 20:57:17 Finished transferring output files
...
005 (10252911.585.000) 07/24 20:57:17 Job terminated.
	(1) Normal termination (return value 0)
		Usr 0 00:00:03, Sys 0 00:00:00  -  Run Remote Usage
		Usr 0 00:00:00, Sys 0 00:00:00  -  Run Local Usage
		Usr 0 00:00:03, Sys 0 00:00:00  -  Total Remote Usage
		Usr 0 00:00:00, Sys 0 00:00:00  -  Total Local Usage
	6204  -  Run Bytes Sent By Job
	409597  -  Run Bytes Received By Job
	6204  -  Total Bytes Sent By Job
	409597  -  Total Bytes Received By Job
	Partitionable Resources :    Usage  Request Allocated 
	   Cpus                 :        0        8         8 
	   Disk (KB)            :      428      425   2771154 
	   Memory (MB)          :        9    16000     16000 

	Job terminated of its own accord at 2024-07-24T18:57:17Z with exit-code 0.
...
040 (10252912.585.000) 07/24 21:10:08 Started transferring input files
	Transferring to host: <188.185.196.90:9618?addrs=188.185.196.90-9618+[2001-1458-303-23--100-56]-9618&alias=b9p16p8401.cern.ch&noUDP&sock=slot1_9_3768298_964e_3991>
...
040 (10252912.585.000) 07/24 21:10:08 Finished transferring input files
...
001 (10252912.585.000) 07/24 21:10:09 Job executing on host: <188.185.196.90:9618?addrs=188.185.196.90-9618+[2001-1458-303-23--100-56]-9618&alias=b9p16p8401.cern.ch&noUDP&sock=startd_177825_bcd5>
	SlotName: slot1_9@b9p16p8401.cern.ch
	CondorScratchDir = "/pool/condor/dir_3208558"
	Cpus = 8
	Disk = 2958022
	Memory = 16000
...
006 (10252912.585.000) 07/24 21:10:15 Image size of job updated: 163608
	10  -  MemoryUsage of job (MB)
	9312  -  ResidentSetSize of job (KB)
...
040 (10252912.585.000) 07/24 21:10:15 Started transferring output files
...
040 (10252912.585.000) 07/24 21:10:15 Finished transferring output files
...
005 (10252912.585.000) 07/24 21:10:15 Job terminated.
	(1) Normal termination (return value 0)
		Usr 0 00:00:05, Sys 0 00:00:00  -  Run Remote Usage
		Usr 0 00:00:00, Sys 0 00:00:00  -  Run Local Usage
		Usr 0 00:00:05, Sys 0 00:00:00  -  Total Remote Usage
		Usr 0 00:00:00, Sys 0 00:00:00  -  Total Local Usage
	6204  -  Run Bytes Sent By Job
	409597  -  Run Bytes Received By Job
	6204  -  Total Bytes Sent By Job
	409597  -  Total Bytes Received By Job
	Partitionable Resources :    Usage  Request Allocated 
	   Cpus                 :        0        8         8 
	   Disk (KB)            :      428      425   2958022 
	   Memory (MB)          :       10    16000     16000 

	Job terminated of its own accord at 2024-07-24T19:10:15Z with exit-code 0.
...
040 (10252913.585.000) 07/24 21:23:58 Started transferring input files
	Transferring to host: <188.185.209.163:9618?addrs=188.185.209.163-9618+[2001-1458-303-12--100-20]-9618&alias=b9p12p5876.cern.ch&noUDP&sock=slot1_16_5306_4e91_73613>
...
040 (10252913.585.000) 07/24 21:23:58 Finished transferring input files
...
001 (10252913.585.000) 07/24 21:23:59 Job executing on host: <188.185.209.163:9618?addrs=188.185.209.163-9618+[2001-1458-303-12--100-20]-9618&alias=b9p12p5876.cern.ch&noUDP&sock=startd_4357_1e3a>
	SlotName: slot1_16@b9p12p5876.cern.ch
	CondorScratchDir = "/pool/condor/dir_31104"
	Cpus = 8
	Disk = 2721239
	Memory = 16000
...
006 (10252913.585.000) 07/24 21:24:04 Image size of job updated: 162916
	9  -  MemoryUsage of job (MB)
	8788  -  ResidentSetSize of job (KB)
...
040 (10252913.585.000) 07/24 21:24:04 Started transferring output files
...
040 (10252913.585.000) 07/24 21:24:04 Finished transferring output files
...
005 (10252913.585.000) 07/24 21:24:04 Job terminated.
	(1) Normal termination (return value 0)
		Usr 0 00:00:03, Sys 0 00:00:00  -  Run Remote Usage
		Usr 0 00:00:00, Sys 0 00:00:00  -  Run Local Usage
		Usr 0 00:00:03, Sys 0 00:00:00  -  Total Remote Usage
		Usr 0 00:00:00, Sys 0 00:00:00  -  Total Local Usage
	6204  -  Run Bytes Sent By Job
	409597  -  Run Bytes Received By Job
	6204  -  Total Bytes Sent By Job
	409597  -  Total Bytes Received By Job
	Partitionable Resources :    Usage  Request Allocated 
	   Cpus                 :        0        8         8 
	   Disk (KB)            :      428      425   2721239 
	   Memory (MB)          :        9    16000     16000 

	Job terminated of its own accord at 2024-07-24T19:24:04Z with exit-code 0.
...
000 (10261715.585.000) 07/25 13:01:29 Job submitted from host: <188.185.114.121:9618?addrs=188.185.114.121-9618+[2001-1458-d00-a--100-273]-9618&alias=bigbird19.cern.ch&noUDP&sock=schedd_4961_696e>
...
009 (10261715.585.000) 07/25 13:06:39 Job was aborted.
	via condor_rm (by user yelberke)
...
000 (10261767.585.000) 07/25 13:19:59 Job submitted from host: <188.185.114.121:9618?addrs=188.185.114.121-9618+[2001-1458-d00-a--100-273]-9618&alias=bigbird19.cern.ch&noUDP&sock=schedd_4961_696e>
...
040 (10261767.585.000) 07/25 13:51:30 Started transferring input files
	Transferring to host: <188.185.207.154:9618?addrs=188.185.207.154-9618+[2001-1458-303-e--100-17]-9618&alias=b9p08p0597.cern.ch&noUDP&sock=slot1_6_7331_1a43_148757>
...
040 (10261767.585.000) 07/25 13:51:30 Finished transferring input files
...
001 (10261767.585.000) 07/25 13:51:31 Job executing on host: <188.185.207.154:9618?addrs=188.185.207.154-9618+[2001-1458-303-e--100-17]-9618&alias=b9p08p0597.cern.ch&noUDP&sock=startd_5882_2427>
	SlotName: slot1_6@b9p08p0597.cern.ch
	CondorScratchDir = "/pool/condor/dir_280124"
	Cpus = 12
	Disk = 2789178
	Memory = 24000
...
006 (10261767.585.000) 07/25 13:51:37 Image size of job updated: 161448
	8  -  MemoryUsage of job (MB)
	7368  -  ResidentSetSize of job (KB)
...
040 (10261767.585.000) 07/25 13:51:37 Started transferring output files
...
040 (10261767.585.000) 07/25 13:51:37 Finished transferring output files
...
005 (10261767.585.000) 07/25 13:51:37 Job terminated.
	(1) Normal termination (return value 0)
		Usr 0 00:00:04, Sys 0 00:00:00  -  Run Remote Usage
		Usr 0 00:00:00, Sys 0 00:00:00  -  Run Local Usage
		Usr 0 00:00:04, Sys 0 00:00:00  -  Total Remote Usage
		Usr 0 00:00:00, Sys 0 00:00:00  -  Total Local Usage
	6204  -  Run Bytes Sent By Job
	409597  -  Run Bytes Received By Job
	6204  -  Total Bytes Sent By Job
	409597  -  Total Bytes Received By Job
	Partitionable Resources :    Usage  Request Allocated 
	   Cpus                 :        0       12        12 
	   Disk (KB)            :      427      425   2789178 
	   Memory (MB)          :        8    24000     24000 

	Job terminated of its own accord at 2024-07-25T11:51:37Z with exit-code 0.
...
000 (10284266.585.000) 08/02 15:45:10 Job submitted from host: <188.185.114.121:9618?addrs=188.185.114.121-9618+[2001-1458-d00-a--100-273]-9618&alias=bigbird19.cern.ch&noUDP&sock=schedd_4961_696e>
...
009 (10284266.585.000) 08/02 15:49:15 Job was aborted.
	via condor_rm (by user yelberke)
...
000 (10284267.585.000) 08/02 15:49:46 Job submitted from host: <188.185.114.121:9618?addrs=188.185.114.121-9618+[2001-1458-d00-a--100-273]-9618&alias=bigbird19.cern.ch&noUDP&sock=schedd_4961_696e>
...
040 (10284267.585.000) 08/02 16:09:04 Started transferring input files
	Transferring to host: <188.185.208.14:9618?addrs=188.185.208.14-9618+[2001-1458-303-f--100-b]-9618&alias=b9p09p3516.cern.ch&noUDP&sock=slot1_3_129456_3689_45269>
...
040 (10284267.585.000) 08/02 16:09:04 Finished transferring input files
...
001 (10284267.585.000) 08/02 16:09:05 Job executing on host: <188.185.208.14:9618?addrs=188.185.208.14-9618+[2001-1458-303-f--100-b]-9618&alias=b9p09p3516.cern.ch&noUDP&sock=startd_118971_c9f4>
	SlotName: slot1_3@b9p09p3516.cern.ch
	CondorScratchDir = "/pool/condor/dir_967554"
	Cpus = 12
	Disk = 2800877
	Memory = 24000
...
006 (10284267.585.000) 08/02 16:09:07 Image size of job updated: 324936
	3  -  MemoryUsage of job (MB)
	2888  -  ResidentSetSize of job (KB)
...
040 (10284267.585.000) 08/02 16:09:07 Started transferring output files
...
040 (10284267.585.000) 08/02 16:09:07 Finished transferring output files
...
005 (10284267.585.000) 08/02 16:09:07 Job terminated.
	(1) Normal termination (return value 139)
		Usr 0 00:00:01, Sys 0 00:00:00  -  Run Remote Usage
		Usr 0 00:00:00, Sys 0 00:00:00  -  Run Local Usage
		Usr 0 00:00:01, Sys 0 00:00:00  -  Total Remote Usage
		Usr 0 00:00:00, Sys 0 00:00:00  -  Total Local Usage
	7696  -  Run Bytes Sent By Job
	409597  -  Run Bytes Received By Job
	7696  -  Total Bytes Sent By Job
	409597  -  Total Bytes Received By Job
	Partitionable Resources :    Usage  Request Allocated 
	   Cpus                 :        0       12        12 
	   Disk (KB)            :      430      425   2800877 
	   Memory (MB)          :        3    24000     24000 

	Job terminated of its own accord at 2024-08-02T14:09:07Z with exit-code 139.
...
