000 (10252905.5895.000) 07/24 16:13:23 Job submitted from host: <188.185.114.121:9618?addrs=188.185.114.121-9618+[2001-1458-d00-a--100-273]-9618&alias=bigbird19.cern.ch&noUDP&sock=schedd_4961_696e>
...
009 (10252905.5895.000) 07/24 16:14:53 Job was aborted.
	via condor_rm (by user yelberke)
...
000 (10252906.5895.000) 07/24 16:15:41 Job submitted from host: <188.185.114.121:9618?addrs=188.185.114.121-9618+[2001-1458-d00-a--100-273]-9618&alias=bigbird19.cern.ch&noUDP&sock=schedd_4961_696e>
...
000 (10252907.5895.000) 07/24 16:17:35 Job submitted from host: <188.185.114.121:9618?addrs=188.185.114.121-9618+[2001-1458-d00-a--100-273]-9618&alias=bigbird19.cern.ch&noUDP&sock=schedd_4961_696e>
...
000 (10252908.5895.000) 07/24 16:18:08 Job submitted from host: <188.185.114.121:9618?addrs=188.185.114.121-9618+[2001-1458-d00-a--100-273]-9618&alias=bigbird19.cern.ch&noUDP&sock=schedd_4961_696e>
...
000 (10252909.5895.000) 07/24 16:18:44 Job submitted from host: <188.185.114.121:9618?addrs=188.185.114.121-9618+[2001-1458-d00-a--100-273]-9618&alias=bigbird19.cern.ch&noUDP&sock=schedd_4961_696e>
...
040 (10252906.5895.000) 07/24 17:29:44 Started transferring input files
	Transferring to host: <128.142.248.211:9618?addrs=128.142.248.211-9618+[2001-1458-301-73--100-d2]-9618&alias=b9g23p8105.cern.ch&noUDP&sock=slot1_4_6598_a345_18380>
...
040 (10252906.5895.000) 07/24 17:29:44 Finished transferring input files
...
001 (10252906.5895.000) 07/24 17:29:45 Job executing on host: <128.142.248.211:9618?addrs=128.142.248.211-9618+[2001-1458-301-73--100-d2]-9618&alias=b9g23p8105.cern.ch&noUDP&sock=startd_4760_8ae4>
	SlotName: slot1_4@b9g23p8105.cern.ch
	CondorScratchDir = "/pool/condor/dir_847846"
	Cpus = 8
	Disk = 2895773
	Memory = 16000
...
006 (10252906.5895.000) 07/24 17:29:53 Image size of job updated: 222272
	218  -  MemoryUsage of job (MB)
	222272  -  ResidentSetSize of job (KB)
...
006 (10252906.5895.000) 07/24 17:29:54 Image size of job updated: 232208
	218  -  MemoryUsage of job (MB)
	222272  -  ResidentSetSize of job (KB)
...
040 (10252906.5895.000) 07/24 17:29:54 Started transferring output files
...
040 (10252906.5895.000) 07/24 17:29:54 Finished transferring output files
...
005 (10252906.5895.000) 07/24 17:29:54 Job terminated.
	(1) Normal termination (return value 0)
		Usr 0 00:00:07, Sys 0 00:00:00  -  Run Remote Usage
		Usr 0 00:00:00, Sys 0 00:00:00  -  Run Local Usage
		Usr 0 00:00:07, Sys 0 00:00:00  -  Total Remote Usage
		Usr 0 00:00:00, Sys 0 00:00:00  -  Total Local Usage
	6201  -  Run Bytes Sent By Job
	409597  -  Run Bytes Received By Job
	6201  -  Total Bytes Sent By Job
	409597  -  Total Bytes Received By Job
	Partitionable Resources :    Usage  Request Allocated 
	   Cpus                 :        0        8         8 
	   Disk (KB)            :      428      425   2895773 
	   Memory (MB)          :      218    16000     16000 

	Job terminated of its own accord at 2024-07-24T15:29:54Z with exit-code 0.
...
040 (10252907.5895.000) 07/24 18:28:42 Started transferring input files
	Transferring to host: <188.185.206.168:9618?addrs=188.185.206.168-9618&alias=b9p06p3387.cern.ch&noUDP&sock=slot1_19_6887_43b1_155290>
...
040 (10252907.5895.000) 07/24 18:28:42 Finished transferring input files
...
001 (10252907.5895.000) 07/24 18:28:43 Job executing on host: <188.185.206.168:9618?addrs=188.185.206.168-9618&alias=b9p06p3387.cern.ch&noUDP&sock=startd_6821_3795>
	SlotName: slot1_19@b9p06p3387.cern.ch
	CondorScratchDir = "/pool/condor/dir_489018"
	Cpus = 8
	Disk = 2771455
	Memory = 16000
...
006 (10252907.5895.000) 07/24 18:28:47 Image size of job updated: 158368
	8  -  MemoryUsage of job (MB)
	7676  -  ResidentSetSize of job (KB)
...
040 (10252907.5895.000) 07/24 18:28:47 Started transferring output files
...
040 (10252907.5895.000) 07/24 18:28:47 Finished transferring output files
...
005 (10252907.5895.000) 07/24 18:28:47 Job terminated.
	(1) Normal termination (return value 0)
		Usr 0 00:00:03, Sys 0 00:00:00  -  Run Remote Usage
		Usr 0 00:00:00, Sys 0 00:00:00  -  Run Local Usage
		Usr 0 00:00:03, Sys 0 00:00:00  -  Total Remote Usage
		Usr 0 00:00:00, Sys 0 00:00:00  -  Total Local Usage
	6204  -  Run Bytes Sent By Job
	409597  -  Run Bytes Received By Job
	6204  -  Total Bytes Sent By Job
	409597  -  Total Bytes Received By Job
	Partitionable Resources :    Usage  Request Allocated 
	   Cpus                 :        0        8         8 
	   Disk (KB)            :      428      425   2771455 
	   Memory (MB)          :        8    16000     16000 

	Job terminated of its own accord at 2024-07-24T16:28:47Z with exit-code 0.
...
040 (10252908.5895.000) 07/24 19:35:13 Started transferring input files
	Transferring to host: <188.185.194.99:9618?addrs=188.185.194.99-9618+[2001-1458-303-21--100-5f]-9618&alias=b9p20p0210.cern.ch&noUDP&sock=slot1_6_187749_e7ac_25072>
...
040 (10252908.5895.000) 07/24 19:35:13 Finished transferring input files
...
001 (10252908.5895.000) 07/24 19:35:14 Job executing on host: <188.185.194.99:9618?addrs=188.185.194.99-9618+[2001-1458-303-21--100-5f]-9618&alias=b9p20p0210.cern.ch&noUDP&sock=startd_178093_9036>
	SlotName: slot1_6@b9p20p0210.cern.ch
	CondorScratchDir = "/pool/condor/dir_371853"
	Cpus = 8
	Disk = 2854800
	Memory = 16000
...
006 (10252908.5895.000) 07/24 19:35:22 Image size of job updated: 430156
	421  -  MemoryUsage of job (MB)
	430152  -  ResidentSetSize of job (KB)
...
006 (10252908.5895.000) 07/24 19:35:24 Image size of job updated: 447568
	421  -  MemoryUsage of job (MB)
	430152  -  ResidentSetSize of job (KB)
...
040 (10252908.5895.000) 07/24 19:35:26 Started transferring output files
...
040 (10252908.5895.000) 07/24 19:35:26 Finished transferring output files
...
005 (10252908.5895.000) 07/24 19:35:27 Job terminated.
	(1) Normal termination (return value 0)
		Usr 0 00:00:07, Sys 0 00:00:00  -  Run Remote Usage
		Usr 0 00:00:00, Sys 0 00:00:00  -  Run Local Usage
		Usr 0 00:00:07, Sys 0 00:00:00  -  Total Remote Usage
		Usr 0 00:00:00, Sys 0 00:00:00  -  Total Local Usage
	6204  -  Run Bytes Sent By Job
	409597  -  Run Bytes Received By Job
	6204  -  Total Bytes Sent By Job
	409597  -  Total Bytes Received By Job
	Partitionable Resources :    Usage  Request Allocated 
	   Cpus                 :        0        8         8 
	   Disk (KB)            :      427      425   2854800 
	   Memory (MB)          :      421    16000     16000 

	Job terminated of its own accord at 2024-07-24T17:35:24Z with exit-code 0.
...
040 (10252909.5895.000) 07/24 20:29:32 Started transferring input files
	Transferring to host: <188.185.198.65:9618?addrs=188.185.198.65-9618+[2001-1458-303-25--100-3d]-9618&alias=b9p15p6124.cern.ch&noUDP&sock=slot1_10_2651903_50d8_4013>
...
040 (10252909.5895.000) 07/24 20:29:32 Finished transferring input files
...
001 (10252909.5895.000) 07/24 20:29:33 Job executing on host: <188.185.198.65:9618?addrs=188.185.198.65-9618+[2001-1458-303-25--100-3d]-9618&alias=b9p15p6124.cern.ch&noUDP&sock=startd_127908_d3d9>
	SlotName: slot1_10@b9p15p6124.cern.ch
	CondorScratchDir = "/pool/condor/dir_1414394"
	Cpus = 8
	Disk = 3029737
	Memory = 16000
...
006 (10252909.5895.000) 07/24 20:29:41 Image size of job updated: 1
	0  -  MemoryUsage of job (MB)
	0  -  ResidentSetSize of job (KB)
...
006 (10252909.5895.000) 07/24 20:30:04 Image size of job updated: 157980
	8  -  MemoryUsage of job (MB)
	7188  -  ResidentSetSize of job (KB)
...
040 (10252909.5895.000) 07/24 20:30:04 Started transferring output files
...
040 (10252909.5895.000) 07/24 20:30:04 Finished transferring output files
...
005 (10252909.5895.000) 07/24 20:30:04 Job terminated.
	(1) Normal termination (return value 0)
		Usr 0 00:00:05, Sys 0 00:00:00  -  Run Remote Usage
		Usr 0 00:00:00, Sys 0 00:00:00  -  Run Local Usage
		Usr 0 00:00:05, Sys 0 00:00:00  -  Total Remote Usage
		Usr 0 00:00:00, Sys 0 00:00:00  -  Total Local Usage
	6204  -  Run Bytes Sent By Job
	409597  -  Run Bytes Received By Job
	6204  -  Total Bytes Sent By Job
	409597  -  Total Bytes Received By Job
	Partitionable Resources :    Usage  Request Allocated 
	   Cpus                 :        0        8         8 
	   Disk (KB)            :      428      425   3029737 
	   Memory (MB)          :        8    16000     16000 

	Job terminated of its own accord at 2024-07-24T18:30:04Z with exit-code 0.
...
000 (10261715.5895.000) 07/25 13:03:34 Job submitted from host: <188.185.114.121:9618?addrs=188.185.114.121-9618+[2001-1458-d00-a--100-273]-9618&alias=bigbird19.cern.ch&noUDP&sock=schedd_4961_696e>
...
009 (10261715.5895.000) 07/25 13:07:06 Job was aborted.
	via condor_rm (by user yelberke)
...
000 (10261767.5895.000) 07/25 13:20:49 Job submitted from host: <188.185.114.121:9618?addrs=188.185.114.121-9618+[2001-1458-d00-a--100-273]-9618&alias=bigbird19.cern.ch&noUDP&sock=schedd_4961_696e>
...
040 (10261767.5895.000) 07/25 15:00:25 Started transferring input files
	Transferring to host: <188.185.205.20:9618?addrs=188.185.205.20-9618+[2001-1458-303-9--100-88]-9618&alias=b9p03p1252.cern.ch&noUDP&sock=slot1_2_4532_f431_156295>
...
040 (10261767.5895.000) 07/25 15:00:25 Finished transferring input files
...
001 (10261767.5895.000) 07/25 15:00:26 Job executing on host: <188.185.205.20:9618?addrs=188.185.205.20-9618+[2001-1458-303-9--100-88]-9618&alias=b9p03p1252.cern.ch&noUDP&sock=startd_3940_173c>
	SlotName: slot1_2@b9p03p1252.cern.ch
	CondorScratchDir = "/pool/condor/dir_2192033"
	Cpus = 12
	Disk = 2774500
	Memory = 24000
...
006 (10261767.5895.000) 07/25 15:00:31 Image size of job updated: 159860
	7  -  MemoryUsage of job (MB)
	6396  -  ResidentSetSize of job (KB)
...
040 (10261767.5895.000) 07/25 15:00:31 Started transferring output files
...
040 (10261767.5895.000) 07/25 15:00:31 Finished transferring output files
...
005 (10261767.5895.000) 07/25 15:00:31 Job terminated.
	(1) Normal termination (return value 0)
		Usr 0 00:00:03, Sys 0 00:00:00  -  Run Remote Usage
		Usr 0 00:00:00, Sys 0 00:00:00  -  Run Local Usage
		Usr 0 00:00:03, Sys 0 00:00:00  -  Total Remote Usage
		Usr 0 00:00:00, Sys 0 00:00:00  -  Total Local Usage
	6676  -  Run Bytes Sent By Job
	409597  -  Run Bytes Received By Job
	6676  -  Total Bytes Sent By Job
	409597  -  Total Bytes Received By Job
	Partitionable Resources :    Usage  Request Allocated 
	   Cpus                 :     0.07       12        12 
	   Disk (KB)            :   428         425   2774500 
	   Memory (MB)          :     7       24000     24000 

	Job terminated of its own accord at 2024-07-25T13:00:31Z with exit-code 0.
...
000 (10284266.5895.000) 08/02 15:47:27 Job submitted from host: <188.185.114.121:9618?addrs=188.185.114.121-9618+[2001-1458-d00-a--100-273]-9618&alias=bigbird19.cern.ch&noUDP&sock=schedd_4961_696e>
...
000 (10284267.5895.000) 08/02 15:50:15 Job submitted from host: <188.185.114.121:9618?addrs=188.185.114.121-9618+[2001-1458-d00-a--100-273]-9618&alias=bigbird19.cern.ch&noUDP&sock=schedd_4961_696e>
...
009 (10284266.5895.000) 08/02 15:50:42 Job was aborted.
	via condor_rm (by user yelberke)
...
040 (10284267.5895.000) 08/02 17:13:14 Started transferring input files
	Transferring to host: <188.185.192.29:9618?addrs=188.185.192.29-9618+[2001-1458-303-1f--100-19]-9618&alias=b9p13p1663.cern.ch&noUDP&sock=slot1_32_610342_e72c_242>
...
040 (10284267.5895.000) 08/02 17:13:14 Finished transferring input files
...
001 (10284267.5895.000) 08/02 17:13:15 Job executing on host: <188.185.192.29:9618?addrs=188.185.192.29-9618+[2001-1458-303-1f--100-19]-9618&alias=b9p13p1663.cern.ch&noUDP&sock=startd_128315_fee5>
	SlotName: slot1_32@b9p13p1663.cern.ch
	CondorScratchDir = "/pool/condor/dir_768637"
	Cpus = 12
	Disk = 2658714
	Memory = 24000
...
006 (10284267.5895.000) 08/02 17:13:24 Image size of job updated: 1
	0  -  MemoryUsage of job (MB)
	0  -  ResidentSetSize of job (KB)
...
006 (10284267.5895.000) 08/02 17:13:43 Image size of job updated: 337624
	29  -  MemoryUsage of job (MB)
	29424  -  ResidentSetSize of job (KB)
...
040 (10284267.5895.000) 08/02 17:13:43 Started transferring output files
...
040 (10284267.5895.000) 08/02 17:13:43 Finished transferring output files
...
005 (10284267.5895.000) 08/02 17:13:43 Job terminated.
	(1) Normal termination (return value 139)
		Usr 0 00:00:02, Sys 0 00:00:00  -  Run Remote Usage
		Usr 0 00:00:00, Sys 0 00:00:00  -  Run Local Usage
		Usr 0 00:00:02, Sys 0 00:00:00  -  Total Remote Usage
		Usr 0 00:00:00, Sys 0 00:00:00  -  Total Local Usage
	7696  -  Run Bytes Sent By Job
	409597  -  Run Bytes Received By Job
	7696  -  Total Bytes Sent By Job
	409597  -  Total Bytes Received By Job
	Partitionable Resources :    Usage  Request Allocated 
	   Cpus                 :        0       12        12 
	   Disk (KB)            :      429      425   2658714 
	   Memory (MB)          :       29    24000     24000 

	Job terminated of its own accord at 2024-08-02T15:13:43Z with exit-code 139.
...
