000 (10252905.5915.000) 07/24 16:13:23 Job submitted from host: <188.185.114.121:9618?addrs=188.185.114.121-9618+[2001-1458-d00-a--100-273]-9618&alias=bigbird19.cern.ch&noUDP&sock=schedd_4961_696e>
...
009 (10252905.5915.000) 07/24 16:14:53 Job was aborted.
	via condor_rm (by user yelberke)
...
000 (10252906.5915.000) 07/24 16:15:41 Job submitted from host: <188.185.114.121:9618?addrs=188.185.114.121-9618+[2001-1458-d00-a--100-273]-9618&alias=bigbird19.cern.ch&noUDP&sock=schedd_4961_696e>
...
000 (10252907.5915.000) 07/24 16:17:35 Job submitted from host: <188.185.114.121:9618?addrs=188.185.114.121-9618+[2001-1458-d00-a--100-273]-9618&alias=bigbird19.cern.ch&noUDP&sock=schedd_4961_696e>
...
000 (10252908.5915.000) 07/24 16:18:08 Job submitted from host: <188.185.114.121:9618?addrs=188.185.114.121-9618+[2001-1458-d00-a--100-273]-9618&alias=bigbird19.cern.ch&noUDP&sock=schedd_4961_696e>
...
000 (10252909.5915.000) 07/24 16:18:44 Job submitted from host: <188.185.114.121:9618?addrs=188.185.114.121-9618+[2001-1458-d00-a--100-273]-9618&alias=bigbird19.cern.ch&noUDP&sock=schedd_4961_696e>
...
040 (10252906.5915.000) 07/24 17:29:50 Started transferring input files
	Transferring to host: <188.185.208.145:9618?addrs=188.185.208.145-9618+[2001-1458-303-10--100-e]-9618&alias=b9p10p1680.cern.ch&noUDP&sock=slot1_10_12955_b828_25294>
...
040 (10252906.5915.000) 07/24 17:29:50 Finished transferring input files
...
001 (10252906.5915.000) 07/24 17:29:51 Job executing on host: <188.185.208.145:9618?addrs=188.185.208.145-9618+[2001-1458-303-10--100-e]-9618&alias=b9p10p1680.cern.ch&noUDP&sock=startd_11975_6eb4>
	SlotName: slot1_10@b9p10p1680.cern.ch
	CondorScratchDir = "/pool/condor/dir_4133469"
	Cpus = 8
	Disk = 2791838
	Memory = 16000
...
006 (10252906.5915.000) 07/24 17:29:55 Image size of job updated: 160308
	8  -  MemoryUsage of job (MB)
	7688  -  ResidentSetSize of job (KB)
...
040 (10252906.5915.000) 07/24 17:29:55 Started transferring output files
...
040 (10252906.5915.000) 07/24 17:29:55 Finished transferring output files
...
005 (10252906.5915.000) 07/24 17:29:55 Job terminated.
	(1) Normal termination (return value 0)
		Usr 0 00:00:03, Sys 0 00:00:00  -  Run Remote Usage
		Usr 0 00:00:00, Sys 0 00:00:00  -  Run Local Usage
		Usr 0 00:00:03, Sys 0 00:00:00  -  Total Remote Usage
		Usr 0 00:00:00, Sys 0 00:00:00  -  Total Local Usage
	6201  -  Run Bytes Sent By Job
	409597  -  Run Bytes Received By Job
	6201  -  Total Bytes Sent By Job
	409597  -  Total Bytes Received By Job
	Partitionable Resources :    Usage  Request Allocated 
	   Cpus                 :        0        8         8 
	   Disk (KB)            :      428      425   2791838 
	   Memory (MB)          :        8    16000     16000 

	Job terminated of its own accord at 2024-07-24T15:29:55Z with exit-code 0.
...
040 (10252907.5915.000) 07/24 18:28:48 Started transferring input files
	Transferring to host: <188.185.208.153:9618?addrs=188.185.208.153-9618+[2001-1458-303-10--100-16]-9618&alias=b9p10p5024.cern.ch&noUDP&sock=slot1_12_4226_5965_144345>
...
040 (10252907.5915.000) 07/24 18:28:48 Finished transferring input files
...
001 (10252907.5915.000) 07/24 18:28:49 Job executing on host: <188.185.208.153:9618?addrs=188.185.208.153-9618+[2001-1458-303-10--100-16]-9618&alias=b9p10p5024.cern.ch&noUDP&sock=startd_3699_c8e9>
	SlotName: slot1_12@b9p10p5024.cern.ch
	CondorScratchDir = "/pool/condor/dir_22299"
	Cpus = 8
	Disk = 2779349
	Memory = 16000
...
006 (10252907.5915.000) 07/24 18:28:53 Image size of job updated: 159968
	8  -  MemoryUsage of job (MB)
	7772  -  ResidentSetSize of job (KB)
...
040 (10252907.5915.000) 07/24 18:28:53 Started transferring output files
...
040 (10252907.5915.000) 07/24 18:28:53 Finished transferring output files
...
005 (10252907.5915.000) 07/24 18:28:53 Job terminated.
	(1) Normal termination (return value 0)
		Usr 0 00:00:03, Sys 0 00:00:00  -  Run Remote Usage
		Usr 0 00:00:00, Sys 0 00:00:00  -  Run Local Usage
		Usr 0 00:00:03, Sys 0 00:00:00  -  Total Remote Usage
		Usr 0 00:00:00, Sys 0 00:00:00  -  Total Local Usage
	6204  -  Run Bytes Sent By Job
	409597  -  Run Bytes Received By Job
	6204  -  Total Bytes Sent By Job
	409597  -  Total Bytes Received By Job
	Partitionable Resources :    Usage  Request Allocated 
	   Cpus                 :        0        8         8 
	   Disk (KB)            :      427      425   2779349 
	   Memory (MB)          :        8    16000     16000 

	Job terminated of its own accord at 2024-07-24T16:28:53Z with exit-code 0.
...
040 (10252908.5915.000) 07/24 19:35:18 Started transferring input files
	Transferring to host: <188.185.205.59:9618?addrs=188.185.205.59-9618+[2001-1458-303-9--100-af]-9618&alias=b9p03p3911.cern.ch&noUDP&sock=slot1_3_4558_45f2_82784>
...
040 (10252908.5915.000) 07/24 19:35:18 Finished transferring input files
...
001 (10252908.5915.000) 07/24 19:35:19 Job executing on host: <188.185.205.59:9618?addrs=188.185.205.59-9618+[2001-1458-303-9--100-af]-9618&alias=b9p03p3911.cern.ch&noUDP&sock=startd_3823_d6a7>
	SlotName: slot1_3@b9p03p3911.cern.ch
	CondorScratchDir = "/pool/condor/dir_1581791"
	Cpus = 8
	Disk = 2612746
	Memory = 16000
...
006 (10252908.5915.000) 07/24 19:35:24 Image size of job updated: 174824
	23  -  MemoryUsage of job (MB)
	22560  -  ResidentSetSize of job (KB)
...
040 (10252908.5915.000) 07/24 19:35:26 Started transferring output files
...
040 (10252908.5915.000) 07/24 19:35:27 Finished transferring output files
...
005 (10252908.5915.000) 07/24 19:35:29 Job terminated.
	(1) Normal termination (return value 0)
		Usr 0 00:00:04, Sys 0 00:00:00  -  Run Remote Usage
		Usr 0 00:00:00, Sys 0 00:00:00  -  Run Local Usage
		Usr 0 00:00:04, Sys 0 00:00:00  -  Total Remote Usage
		Usr 0 00:00:00, Sys 0 00:00:00  -  Total Local Usage
	6204  -  Run Bytes Sent By Job
	409597  -  Run Bytes Received By Job
	6204  -  Total Bytes Sent By Job
	409597  -  Total Bytes Received By Job
	Partitionable Resources :    Usage  Request Allocated 
	   Cpus                 :        0        8         8 
	   Disk (KB)            :      427      425   2612746 
	   Memory (MB)          :       23    16000     16000 

	Job terminated of its own accord at 2024-07-24T17:35:24Z with exit-code 0.
...
040 (10252909.5915.000) 07/24 20:29:38 Started transferring input files
	Transferring to host: <188.185.205.158:9618?addrs=188.185.205.158-9618+[2001-1458-303-a--100-1b]-9618&alias=b9p04p4648.cern.ch&noUDP&sock=slot1_3_6906_a6d2_157082>
...
040 (10252909.5915.000) 07/24 20:29:38 Finished transferring input files
...
001 (10252909.5915.000) 07/24 20:29:39 Job executing on host: <188.185.205.158:9618?addrs=188.185.205.158-9618+[2001-1458-303-a--100-1b]-9618&alias=b9p04p4648.cern.ch&noUDP&sock=startd_6841_ef7a>
	SlotName: slot1_3@b9p04p4648.cern.ch
	CondorScratchDir = "/pool/condor/dir_605001"
	Cpus = 8
	Disk = 2800028
	Memory = 16000
...
006 (10252909.5915.000) 07/24 20:29:43 Image size of job updated: 160036
	8  -  MemoryUsage of job (MB)
	8152  -  ResidentSetSize of job (KB)
...
040 (10252909.5915.000) 07/24 20:29:43 Started transferring output files
...
040 (10252909.5915.000) 07/24 20:29:43 Finished transferring output files
...
005 (10252909.5915.000) 07/24 20:29:43 Job terminated.
	(1) Normal termination (return value 0)
		Usr 0 00:00:03, Sys 0 00:00:00  -  Run Remote Usage
		Usr 0 00:00:00, Sys 0 00:00:00  -  Run Local Usage
		Usr 0 00:00:03, Sys 0 00:00:00  -  Total Remote Usage
		Usr 0 00:00:00, Sys 0 00:00:00  -  Total Local Usage
	6204  -  Run Bytes Sent By Job
	409597  -  Run Bytes Received By Job
	6204  -  Total Bytes Sent By Job
	409597  -  Total Bytes Received By Job
	Partitionable Resources :    Usage  Request Allocated 
	   Cpus                 :        0        8         8 
	   Disk (KB)            :      428      425   2800028 
	   Memory (MB)          :        8    16000     16000 

	Job terminated of its own accord at 2024-07-24T18:29:43Z with exit-code 0.
...
000 (10261715.5915.000) 07/25 13:03:34 Job submitted from host: <188.185.114.121:9618?addrs=188.185.114.121-9618+[2001-1458-d00-a--100-273]-9618&alias=bigbird19.cern.ch&noUDP&sock=schedd_4961_696e>
...
009 (10261715.5915.000) 07/25 13:07:06 Job was aborted.
	via condor_rm (by user yelberke)
...
000 (10261767.5915.000) 07/25 13:20:49 Job submitted from host: <188.185.114.121:9618?addrs=188.185.114.121-9618+[2001-1458-d00-a--100-273]-9618&alias=bigbird19.cern.ch&noUDP&sock=schedd_4961_696e>
...
040 (10261767.5915.000) 07/25 15:00:32 Started transferring input files
	Transferring to host: <188.185.205.137:9618?addrs=188.185.205.137-9618+[2001-1458-303-a--100-6]-9618&alias=b9p04p9214.cern.ch&noUDP&sock=slot1_2_4380_db2b_157342>
...
040 (10261767.5915.000) 07/25 15:00:32 Finished transferring input files
...
001 (10261767.5915.000) 07/25 15:00:33 Job executing on host: <188.185.205.137:9618?addrs=188.185.205.137-9618+[2001-1458-303-a--100-6]-9618&alias=b9p04p9214.cern.ch&noUDP&sock=startd_3838_2093>
	SlotName: slot1_2@b9p04p9214.cern.ch
	CondorScratchDir = "/pool/condor/dir_440723"
	Cpus = 12
	Disk = 2880373
	Memory = 24000
...
006 (10261767.5915.000) 07/25 15:00:38 Image size of job updated: 161076
	8  -  MemoryUsage of job (MB)
	7244  -  ResidentSetSize of job (KB)
...
040 (10261767.5915.000) 07/25 15:00:38 Started transferring output files
...
040 (10261767.5915.000) 07/25 15:00:38 Finished transferring output files
...
005 (10261767.5915.000) 07/25 15:00:38 Job terminated.
	(1) Normal termination (return value 0)
		Usr 0 00:00:04, Sys 0 00:00:00  -  Run Remote Usage
		Usr 0 00:00:00, Sys 0 00:00:00  -  Run Local Usage
		Usr 0 00:00:04, Sys 0 00:00:00  -  Total Remote Usage
		Usr 0 00:00:00, Sys 0 00:00:00  -  Total Local Usage
	6676  -  Run Bytes Sent By Job
	409597  -  Run Bytes Received By Job
	6676  -  Total Bytes Sent By Job
	409597  -  Total Bytes Received By Job
	Partitionable Resources :    Usage  Request Allocated 
	   Cpus                 :        0       12        12 
	   Disk (KB)            :      427      425   2880373 
	   Memory (MB)          :        8    24000     24000 

	Job terminated of its own accord at 2024-07-25T13:00:38Z with exit-code 0.
...
000 (10284266.5915.000) 08/02 15:47:27 Job submitted from host: <188.185.114.121:9618?addrs=188.185.114.121-9618+[2001-1458-d00-a--100-273]-9618&alias=bigbird19.cern.ch&noUDP&sock=schedd_4961_696e>
...
000 (10284267.5915.000) 08/02 15:50:15 Job submitted from host: <188.185.114.121:9618?addrs=188.185.114.121-9618+[2001-1458-d00-a--100-273]-9618&alias=bigbird19.cern.ch&noUDP&sock=schedd_4961_696e>
...
009 (10284266.5915.000) 08/02 15:50:42 Job was aborted.
	via condor_rm (by user yelberke)
...
040 (10284267.5915.000) 08/02 17:13:21 Started transferring input files
	Transferring to host: <188.185.209.78:9618?addrs=188.185.209.78-9618+[2001-1458-303-11--100-4b]-9618&alias=b9p11p8882.cern.ch&noUDP&sock=slot1_9_12827_8823_137694>
...
040 (10284267.5915.000) 08/02 17:13:21 Finished transferring input files
...
001 (10284267.5915.000) 08/02 17:13:22 Job executing on host: <188.185.209.78:9618?addrs=188.185.209.78-9618+[2001-1458-303-11--100-4b]-9618&alias=b9p11p8882.cern.ch&noUDP&sock=startd_11695_602f>
	SlotName: slot1_9@b9p11p8882.cern.ch
	CondorScratchDir = "/pool/condor/dir_189695"
	Cpus = 12
	Disk = 2780624
	Memory = 24000
...
006 (10284267.5915.000) 08/02 17:13:24 Image size of job updated: 326972
	6  -  MemoryUsage of job (MB)
	5880  -  ResidentSetSize of job (KB)
...
040 (10284267.5915.000) 08/02 17:13:24 Started transferring output files
...
040 (10284267.5915.000) 08/02 17:13:24 Finished transferring output files
...
005 (10284267.5915.000) 08/02 17:13:24 Job terminated.
	(1) Normal termination (return value 139)
		Usr 0 00:00:01, Sys 0 00:00:00  -  Run Remote Usage
		Usr 0 00:00:00, Sys 0 00:00:00  -  Run Local Usage
		Usr 0 00:00:01, Sys 0 00:00:00  -  Total Remote Usage
		Usr 0 00:00:00, Sys 0 00:00:00  -  Total Local Usage
	7696  -  Run Bytes Sent By Job
	409597  -  Run Bytes Received By Job
	7696  -  Total Bytes Sent By Job
	409597  -  Total Bytes Received By Job
	Partitionable Resources :    Usage  Request Allocated 
	   Cpus                 :        0       12        12 
	   Disk (KB)            :      429      425   2780624 
	   Memory (MB)          :        6    24000     24000 

	Job terminated of its own accord at 2024-08-02T15:13:24Z with exit-code 139.
...
