000 (10252905.5931.000) 07/24 16:13:23 Job submitted from host: <188.185.114.121:9618?addrs=188.185.114.121-9618+[2001-1458-d00-a--100-273]-9618&alias=bigbird19.cern.ch&noUDP&sock=schedd_4961_696e>
...
009 (10252905.5931.000) 07/24 16:14:53 Job was aborted.
	via condor_rm (by user yelberke)
...
000 (10252906.5931.000) 07/24 16:15:41 Job submitted from host: <188.185.114.121:9618?addrs=188.185.114.121-9618+[2001-1458-d00-a--100-273]-9618&alias=bigbird19.cern.ch&noUDP&sock=schedd_4961_696e>
...
000 (10252907.5931.000) 07/24 16:17:35 Job submitted from host: <188.185.114.121:9618?addrs=188.185.114.121-9618+[2001-1458-d00-a--100-273]-9618&alias=bigbird19.cern.ch&noUDP&sock=schedd_4961_696e>
...
000 (10252908.5931.000) 07/24 16:18:08 Job submitted from host: <188.185.114.121:9618?addrs=188.185.114.121-9618+[2001-1458-d00-a--100-273]-9618&alias=bigbird19.cern.ch&noUDP&sock=schedd_4961_696e>
...
000 (10252909.5931.000) 07/24 16:18:44 Job submitted from host: <188.185.114.121:9618?addrs=188.185.114.121-9618+[2001-1458-d00-a--100-273]-9618&alias=bigbird19.cern.ch&noUDP&sock=schedd_4961_696e>
...
040 (10252906.5931.000) 07/24 17:29:56 Started transferring input files
	Transferring to host: <188.185.194.103:9618?addrs=188.185.194.103-9618+[2001-1458-303-21--100-63]-9618&alias=b9p20p8653.cern.ch&noUDP&sock=slot1_15_184326_1781_25053>
...
040 (10252906.5931.000) 07/24 17:29:56 Finished transferring input files
...
001 (10252906.5931.000) 07/24 17:29:57 Job executing on host: <188.185.194.103:9618?addrs=188.185.194.103-9618+[2001-1458-303-21--100-63]-9618&alias=b9p20p8653.cern.ch&noUDP&sock=startd_174571_c3a8>
	SlotName: slot1_15@b9p20p8653.cern.ch
	CondorScratchDir = "/pool/condor/dir_2085871"
	Cpus = 8
	Disk = 2836209
	Memory = 16000
...
006 (10252906.5931.000) 07/24 17:30:06 Image size of job updated: 162272
	159  -  MemoryUsage of job (MB)
	162272  -  ResidentSetSize of job (KB)
...
006 (10252906.5931.000) 07/24 17:30:07 Image size of job updated: 163300
	159  -  MemoryUsage of job (MB)
	162272  -  ResidentSetSize of job (KB)
...
040 (10252906.5931.000) 07/24 17:30:07 Started transferring output files
...
040 (10252906.5931.000) 07/24 17:30:07 Finished transferring output files
...
005 (10252906.5931.000) 07/24 17:30:07 Job terminated.
	(1) Normal termination (return value 0)
		Usr 0 00:00:05, Sys 0 00:00:00  -  Run Remote Usage
		Usr 0 00:00:00, Sys 0 00:00:00  -  Run Local Usage
		Usr 0 00:00:05, Sys 0 00:00:00  -  Total Remote Usage
		Usr 0 00:00:00, Sys 0 00:00:00  -  Total Local Usage
	6201  -  Run Bytes Sent By Job
	409597  -  Run Bytes Received By Job
	6201  -  Total Bytes Sent By Job
	409597  -  Total Bytes Received By Job
	Partitionable Resources :    Usage  Request Allocated 
	   Cpus                 :        0        8         8 
	   Disk (KB)            :      428      425   2836209 
	   Memory (MB)          :      159    16000     16000 

	Job terminated of its own accord at 2024-07-24T15:30:07Z with exit-code 0.
...
040 (10252907.5931.000) 07/24 18:28:53 Started transferring input files
	Transferring to host: <188.185.205.51:9618?addrs=188.185.205.51-9618+[2001-1458-303-9--100-a7]-9618&alias=b9p03p4784.cern.ch&noUDP&sock=slot1_14_3530_f449_30911>
...
040 (10252907.5931.000) 07/24 18:28:53 Finished transferring input files
...
001 (10252907.5931.000) 07/24 18:28:54 Job executing on host: <188.185.205.51:9618?addrs=188.185.205.51-9618+[2001-1458-303-9--100-a7]-9618&alias=b9p03p4784.cern.ch&noUDP&sock=startd_3186_e8d3>
	SlotName: slot1_14@b9p03p4784.cern.ch
	CondorScratchDir = "/pool/condor/dir_3581417"
	Cpus = 8
	Disk = 2632130
	Memory = 16000
...
006 (10252907.5931.000) 07/24 18:28:59 Image size of job updated: 159820
	8  -  MemoryUsage of job (MB)
	7456  -  ResidentSetSize of job (KB)
...
040 (10252907.5931.000) 07/24 18:28:59 Started transferring output files
...
040 (10252907.5931.000) 07/24 18:28:59 Finished transferring output files
...
005 (10252907.5931.000) 07/24 18:28:59 Job terminated.
	(1) Normal termination (return value 0)
		Usr 0 00:00:03, Sys 0 00:00:00  -  Run Remote Usage
		Usr 0 00:00:00, Sys 0 00:00:00  -  Run Local Usage
		Usr 0 00:00:03, Sys 0 00:00:00  -  Total Remote Usage
		Usr 0 00:00:00, Sys 0 00:00:00  -  Total Local Usage
	6204  -  Run Bytes Sent By Job
	409597  -  Run Bytes Received By Job
	6204  -  Total Bytes Sent By Job
	409597  -  Total Bytes Received By Job
	Partitionable Resources :    Usage  Request Allocated 
	   Cpus                 :     0.07        8         8 
	   Disk (KB)            :   428         425   2632130 
	   Memory (MB)          :     8       16000     16000 

	Job terminated of its own accord at 2024-07-24T16:28:59Z with exit-code 0.
...
040 (10252908.5931.000) 07/24 19:35:26 Started transferring input files
	Transferring to host: <188.185.208.208:9618?addrs=188.185.208.208-9618+[2001-1458-303-10--100-4d]-9618&alias=b9p10p8955.cern.ch&noUDP&sock=slot1_1_4242_9f66_145657>
...
040 (10252908.5931.000) 07/24 19:35:26 Finished transferring input files
...
001 (10252908.5931.000) 07/24 19:35:27 Job executing on host: <188.185.208.208:9618?addrs=188.185.208.208-9618+[2001-1458-303-10--100-4d]-9618&alias=b9p10p8955.cern.ch&noUDP&sock=startd_3618_39bd>
	SlotName: slot1_1@b9p10p8955.cern.ch
	CondorScratchDir = "/pool/condor/dir_1644198"
	Cpus = 8
	Disk = 2709090
	Memory = 16000
...
006 (10252908.5931.000) 07/24 19:35:32 Image size of job updated: 160544
	9  -  MemoryUsage of job (MB)
	8356  -  ResidentSetSize of job (KB)
...
040 (10252908.5931.000) 07/24 19:35:33 Started transferring output files
...
040 (10252908.5931.000) 07/24 19:35:34 Finished transferring output files
...
005 (10252908.5931.000) 07/24 19:35:36 Job terminated.
	(1) Normal termination (return value 0)
		Usr 0 00:00:03, Sys 0 00:00:00  -  Run Remote Usage
		Usr 0 00:00:00, Sys 0 00:00:00  -  Run Local Usage
		Usr 0 00:00:03, Sys 0 00:00:00  -  Total Remote Usage
		Usr 0 00:00:00, Sys 0 00:00:00  -  Total Local Usage
	6204  -  Run Bytes Sent By Job
	409597  -  Run Bytes Received By Job
	6204  -  Total Bytes Sent By Job
	409597  -  Total Bytes Received By Job
	Partitionable Resources :    Usage  Request Allocated 
	   Cpus                 :        0        8         8 
	   Disk (KB)            :      427      425   2709090 
	   Memory (MB)          :        9    16000     16000 

	Job terminated of its own accord at 2024-07-24T17:35:32Z with exit-code 0.
...
040 (10252909.5931.000) 07/24 20:29:43 Started transferring input files
	Transferring to host: <188.185.208.221:9618?addrs=188.185.208.221-9618+[2001-1458-303-10--100-5a]-9618&alias=b9p10p9087.cern.ch&noUDP&sock=slot1_7_5269_3caf_143289>
...
040 (10252909.5931.000) 07/24 20:29:43 Finished transferring input files
...
001 (10252909.5931.000) 07/24 20:29:44 Job executing on host: <188.185.208.221:9618?addrs=188.185.208.221-9618+[2001-1458-303-10--100-5a]-9618&alias=b9p10p9087.cern.ch&noUDP&sock=startd_4484_3ac1>
	SlotName: slot1_7@b9p10p9087.cern.ch
	CondorScratchDir = "/pool/condor/dir_2579039"
	Cpus = 8
	Disk = 2793670
	Memory = 16000
...
006 (10252909.5931.000) 07/24 20:29:49 Image size of job updated: 150572
	3  -  MemoryUsage of job (MB)
	2620  -  ResidentSetSize of job (KB)
...
040 (10252909.5931.000) 07/24 20:29:49 Started transferring output files
...
040 (10252909.5931.000) 07/24 20:29:49 Finished transferring output files
...
005 (10252909.5931.000) 07/24 20:29:49 Job terminated.
	(1) Normal termination (return value 0)
		Usr 0 00:00:03, Sys 0 00:00:00  -  Run Remote Usage
		Usr 0 00:00:00, Sys 0 00:00:00  -  Run Local Usage
		Usr 0 00:00:03, Sys 0 00:00:00  -  Total Remote Usage
		Usr 0 00:00:00, Sys 0 00:00:00  -  Total Local Usage
	6204  -  Run Bytes Sent By Job
	409597  -  Run Bytes Received By Job
	6204  -  Total Bytes Sent By Job
	409597  -  Total Bytes Received By Job
	Partitionable Resources :    Usage  Request Allocated 
	   Cpus                 :        0        8         8 
	   Disk (KB)            :      428      425   2793670 
	   Memory (MB)          :        3    16000     16000 

	Job terminated of its own accord at 2024-07-24T18:29:49Z with exit-code 0.
...
000 (10261715.5931.000) 07/25 13:03:34 Job submitted from host: <188.185.114.121:9618?addrs=188.185.114.121-9618+[2001-1458-d00-a--100-273]-9618&alias=bigbird19.cern.ch&noUDP&sock=schedd_4961_696e>
...
009 (10261715.5931.000) 07/25 13:07:06 Job was aborted.
	via condor_rm (by user yelberke)
...
000 (10261767.5931.000) 07/25 13:20:49 Job submitted from host: <188.185.114.121:9618?addrs=188.185.114.121-9618+[2001-1458-d00-a--100-273]-9618&alias=bigbird19.cern.ch&noUDP&sock=schedd_4961_696e>
...
040 (10261767.5931.000) 07/25 15:00:37 Started transferring input files
	Transferring to host: <188.185.207.157:9618?addrs=188.185.207.157-9618+[2001-1458-303-e--100-1a]-9618&alias=b9p08p5760.cern.ch&noUDP&sock=slot1_13_5567_347b_144662>
...
040 (10261767.5931.000) 07/25 15:00:37 Finished transferring input files
...
001 (10261767.5931.000) 07/25 15:00:38 Job executing on host: <188.185.207.157:9618?addrs=188.185.207.157-9618+[2001-1458-303-e--100-1a]-9618&alias=b9p08p5760.cern.ch&noUDP&sock=startd_4608_487f>
	SlotName: slot1_13@b9p08p5760.cern.ch
	CondorScratchDir = "/pool/condor/dir_2886098"
	Cpus = 12
	Disk = 2913498
	Memory = 24000
...
006 (10261767.5931.000) 07/25 15:00:42 Image size of job updated: 161364
	8  -  MemoryUsage of job (MB)
	7704  -  ResidentSetSize of job (KB)
...
040 (10261767.5931.000) 07/25 15:00:42 Started transferring output files
...
040 (10261767.5931.000) 07/25 15:00:42 Finished transferring output files
...
005 (10261767.5931.000) 07/25 15:00:42 Job terminated.
	(1) Normal termination (return value 0)
		Usr 0 00:00:03, Sys 0 00:00:00  -  Run Remote Usage
		Usr 0 00:00:00, Sys 0 00:00:00  -  Run Local Usage
		Usr 0 00:00:03, Sys 0 00:00:00  -  Total Remote Usage
		Usr 0 00:00:00, Sys 0 00:00:00  -  Total Local Usage
	6676  -  Run Bytes Sent By Job
	409597  -  Run Bytes Received By Job
	6676  -  Total Bytes Sent By Job
	409597  -  Total Bytes Received By Job
	Partitionable Resources :    Usage  Request Allocated 
	   Cpus                 :        0       12        12 
	   Disk (KB)            :      428      425   2913498 
	   Memory (MB)          :        8    24000     24000 

	Job terminated of its own accord at 2024-07-25T13:00:42Z with exit-code 0.
...
000 (10284266.5931.000) 08/02 15:47:28 Job submitted from host: <188.185.114.121:9618?addrs=188.185.114.121-9618+[2001-1458-d00-a--100-273]-9618&alias=bigbird19.cern.ch&noUDP&sock=schedd_4961_696e>
...
000 (10284267.5931.000) 08/02 15:50:15 Job submitted from host: <188.185.114.121:9618?addrs=188.185.114.121-9618+[2001-1458-d00-a--100-273]-9618&alias=bigbird19.cern.ch&noUDP&sock=schedd_4961_696e>
...
009 (10284266.5931.000) 08/02 15:50:42 Job was aborted.
	via condor_rm (by user yelberke)
...
040 (10284267.5931.000) 08/02 17:13:26 Started transferring input files
	Transferring to host: <188.185.206.142:9618?addrs=188.185.206.142-9618&alias=b9p06p3480.cern.ch&noUDP&sock=slot1_8_6901_20f2_170260>
...
040 (10284267.5931.000) 08/02 17:13:26 Finished transferring input files
...
001 (10284267.5931.000) 08/02 17:13:27 Job executing on host: <188.185.206.142:9618?addrs=188.185.206.142-9618&alias=b9p06p3480.cern.ch&noUDP&sock=startd_6833_72b8>
	SlotName: slot1_8@b9p06p3480.cern.ch
	CondorScratchDir = "/pool/condor/dir_680532"
	Cpus = 12
	Disk = 2693315
	Memory = 24000
...
006 (10284267.5931.000) 08/02 17:13:29 Image size of job updated: 325524
	3  -  MemoryUsage of job (MB)
	2384  -  ResidentSetSize of job (KB)
...
040 (10284267.5931.000) 08/02 17:13:29 Started transferring output files
...
040 (10284267.5931.000) 08/02 17:13:29 Finished transferring output files
...
005 (10284267.5931.000) 08/02 17:13:29 Job terminated.
	(1) Normal termination (return value 139)
		Usr 0 00:00:02, Sys 0 00:00:01  -  Run Remote Usage
		Usr 0 00:00:00, Sys 0 00:00:00  -  Run Local Usage
		Usr 0 00:00:02, Sys 0 00:00:01  -  Total Remote Usage
		Usr 0 00:00:00, Sys 0 00:00:00  -  Total Local Usage
	7696  -  Run Bytes Sent By Job
	409597  -  Run Bytes Received By Job
	7696  -  Total Bytes Sent By Job
	409597  -  Total Bytes Received By Job
	Partitionable Resources :    Usage  Request Allocated 
	   Cpus                 :        0       12        12 
	   Disk (KB)            :      428      425   2693315 
	   Memory (MB)          :        3    24000     24000 

	Job terminated of its own accord at 2024-08-02T15:13:29Z with exit-code 139.
...
