000 (10252905.5956.000) 07/24 16:13:23 Job submitted from host: <188.185.114.121:9618?addrs=188.185.114.121-9618+[2001-1458-d00-a--100-273]-9618&alias=bigbird19.cern.ch&noUDP&sock=schedd_4961_696e>
...
009 (10252905.5956.000) 07/24 16:14:53 Job was aborted.
	via condor_rm (by user yelberke)
...
000 (10252906.5956.000) 07/24 16:15:41 Job submitted from host: <188.185.114.121:9618?addrs=188.185.114.121-9618+[2001-1458-d00-a--100-273]-9618&alias=bigbird19.cern.ch&noUDP&sock=schedd_4961_696e>
...
000 (10252907.5956.000) 07/24 16:17:35 Job submitted from host: <188.185.114.121:9618?addrs=188.185.114.121-9618+[2001-1458-d00-a--100-273]-9618&alias=bigbird19.cern.ch&noUDP&sock=schedd_4961_696e>
...
000 (10252908.5956.000) 07/24 16:18:08 Job submitted from host: <188.185.114.121:9618?addrs=188.185.114.121-9618+[2001-1458-d00-a--100-273]-9618&alias=bigbird19.cern.ch&noUDP&sock=schedd_4961_696e>
...
000 (10252909.5956.000) 07/24 16:18:45 Job submitted from host: <188.185.114.121:9618?addrs=188.185.114.121-9618+[2001-1458-d00-a--100-273]-9618&alias=bigbird19.cern.ch&noUDP&sock=schedd_4961_696e>
...
040 (10252906.5956.000) 07/24 17:30:04 Started transferring input files
	Transferring to host: <188.185.204.168:9618?addrs=188.185.204.168-9618+[2001-1458-303-8--100-9c]-9618&alias=b9p02p2117.cern.ch&noUDP&sock=slot1_20_18643_6e0f_24364>
...
040 (10252906.5956.000) 07/24 17:30:04 Finished transferring input files
...
001 (10252906.5956.000) 07/24 17:30:05 Job executing on host: <188.185.204.168:9618?addrs=188.185.204.168-9618+[2001-1458-303-8--100-9c]-9618&alias=b9p02p2117.cern.ch&noUDP&sock=startd_17694_30d5>
	SlotName: slot1_20@b9p02p2117.cern.ch
	CondorScratchDir = "/pool/condor/dir_3326441"
	Cpus = 8
	Disk = 2830133
	Memory = 16000
...
006 (10252906.5956.000) 07/24 17:30:10 Image size of job updated: 160040
	8  -  MemoryUsage of job (MB)
	7824  -  ResidentSetSize of job (KB)
...
040 (10252906.5956.000) 07/24 17:30:10 Started transferring output files
...
040 (10252906.5956.000) 07/24 17:30:10 Finished transferring output files
...
005 (10252906.5956.000) 07/24 17:30:10 Job terminated.
	(1) Normal termination (return value 0)
		Usr 0 00:00:03, Sys 0 00:00:00  -  Run Remote Usage
		Usr 0 00:00:00, Sys 0 00:00:00  -  Run Local Usage
		Usr 0 00:00:03, Sys 0 00:00:00  -  Total Remote Usage
		Usr 0 00:00:00, Sys 0 00:00:00  -  Total Local Usage
	6201  -  Run Bytes Sent By Job
	409597  -  Run Bytes Received By Job
	6201  -  Total Bytes Sent By Job
	409597  -  Total Bytes Received By Job
	Partitionable Resources :    Usage  Request Allocated 
	   Cpus                 :        0        8         8 
	   Disk (KB)            :      428      425   2830133 
	   Memory (MB)          :        8    16000     16000 

	Job terminated of its own accord at 2024-07-24T15:30:10Z with exit-code 0.
...
040 (10252907.5956.000) 07/24 18:29:02 Started transferring input files
	Transferring to host: <188.185.196.161:9618?addrs=188.185.196.161-9618&alias=b9p16p2782.cern.ch&noUDP&sock=slot1_6_1765991_2b1f_6663>
...
040 (10252907.5956.000) 07/24 18:29:02 Finished transferring input files
...
001 (10252907.5956.000) 07/24 18:29:03 Job executing on host: <188.185.196.161:9618?addrs=188.185.196.161-9618&alias=b9p16p2782.cern.ch&noUDP&sock=startd_163571_ade1>
	SlotName: slot1_6@b9p16p2782.cern.ch
	CondorScratchDir = "/pool/condor/dir_3129712"
	Cpus = 8
	Disk = 2954771
	Memory = 16000
...
006 (10252907.5956.000) 07/24 18:29:11 Image size of job updated: 1
	0  -  MemoryUsage of job (MB)
	0  -  ResidentSetSize of job (KB)
...
006 (10252907.5956.000) 07/24 18:29:34 Image size of job updated: 158064
	8  -  MemoryUsage of job (MB)
	7236  -  ResidentSetSize of job (KB)
...
040 (10252907.5956.000) 07/24 18:29:34 Started transferring output files
...
040 (10252907.5956.000) 07/24 18:29:34 Finished transferring output files
...
005 (10252907.5956.000) 07/24 18:29:34 Job terminated.
	(1) Normal termination (return value 0)
		Usr 0 00:00:05, Sys 0 00:00:00  -  Run Remote Usage
		Usr 0 00:00:00, Sys 0 00:00:00  -  Run Local Usage
		Usr 0 00:00:05, Sys 0 00:00:00  -  Total Remote Usage
		Usr 0 00:00:00, Sys 0 00:00:00  -  Total Local Usage
	6204  -  Run Bytes Sent By Job
	409597  -  Run Bytes Received By Job
	6204  -  Total Bytes Sent By Job
	409597  -  Total Bytes Received By Job
	Partitionable Resources :    Usage  Request Allocated 
	   Cpus                 :        0        8         8 
	   Disk (KB)            :      428      425   2954771 
	   Memory (MB)          :        8    16000     16000 

	Job terminated of its own accord at 2024-07-24T16:29:34Z with exit-code 0.
...
040 (10252908.5956.000) 07/24 19:35:35 Started transferring input files
	Transferring to host: <188.185.209.189:9618?addrs=188.185.209.189-9618+[2001-1458-303-12--100-3a]-9618&alias=b9p12p5961.cern.ch&noUDP&sock=slot1_7_3731474_bf74_74654>
...
040 (10252908.5956.000) 07/24 19:35:35 Finished transferring input files
...
001 (10252908.5956.000) 07/24 19:35:36 Job executing on host: <188.185.209.189:9618?addrs=188.185.209.189-9618+[2001-1458-303-12--100-3a]-9618&alias=b9p12p5961.cern.ch&noUDP&sock=startd_1532964_6041>
	SlotName: slot1_7@b9p12p5961.cern.ch
	CondorScratchDir = "/pool/condor/dir_2052299"
	Cpus = 8
	Disk = 2738042
	Memory = 16000
...
006 (10252908.5956.000) 07/24 19:35:40 Image size of job updated: 166808
	11  -  MemoryUsage of job (MB)
	10484  -  ResidentSetSize of job (KB)
...
040 (10252908.5956.000) 07/24 19:35:40 Started transferring output files
...
040 (10252908.5956.000) 07/24 19:35:40 Finished transferring output files
...
005 (10252908.5956.000) 07/24 19:35:40 Job terminated.
	(1) Normal termination (return value 0)
		Usr 0 00:00:03, Sys 0 00:00:00  -  Run Remote Usage
		Usr 0 00:00:00, Sys 0 00:00:00  -  Run Local Usage
		Usr 0 00:00:03, Sys 0 00:00:00  -  Total Remote Usage
		Usr 0 00:00:00, Sys 0 00:00:00  -  Total Local Usage
	6204  -  Run Bytes Sent By Job
	409597  -  Run Bytes Received By Job
	6204  -  Total Bytes Sent By Job
	409597  -  Total Bytes Received By Job
	Partitionable Resources :    Usage  Request Allocated 
	   Cpus                 :        0        8         8 
	   Disk (KB)            :      430      425   2738042 
	   Memory (MB)          :       11    16000     16000 

	Job terminated of its own accord at 2024-07-24T17:35:40Z with exit-code 0.
...
040 (10252909.5956.000) 07/24 20:29:52 Started transferring input files
	Transferring to host: <188.185.205.23:9618?addrs=188.185.205.23-9618+[2001-1458-303-9--100-8b]-9618&alias=b9p03p3696.cern.ch&noUDP&sock=slot1_1_6701_35ea_156646>
...
040 (10252909.5956.000) 07/24 20:29:52 Finished transferring input files
...
001 (10252909.5956.000) 07/24 20:29:53 Job executing on host: <188.185.205.23:9618?addrs=188.185.205.23-9618+[2001-1458-303-9--100-8b]-9618&alias=b9p03p3696.cern.ch&noUDP&sock=startd_6253_9dca>
	SlotName: slot1_1@b9p03p3696.cern.ch
	CondorScratchDir = "/pool/condor/dir_4079756"
	Cpus = 8
	Disk = 2869889
	Memory = 16000
...
006 (10252909.5956.000) 07/24 20:29:57 Image size of job updated: 158584
	8  -  MemoryUsage of job (MB)
	7812  -  ResidentSetSize of job (KB)
...
040 (10252909.5956.000) 07/24 20:29:57 Started transferring output files
...
040 (10252909.5956.000) 07/24 20:29:57 Finished transferring output files
...
005 (10252909.5956.000) 07/24 20:29:57 Job terminated.
	(1) Normal termination (return value 0)
		Usr 0 00:00:03, Sys 0 00:00:00  -  Run Remote Usage
		Usr 0 00:00:00, Sys 0 00:00:00  -  Run Local Usage
		Usr 0 00:00:03, Sys 0 00:00:00  -  Total Remote Usage
		Usr 0 00:00:00, Sys 0 00:00:00  -  Total Local Usage
	6204  -  Run Bytes Sent By Job
	409597  -  Run Bytes Received By Job
	6204  -  Total Bytes Sent By Job
	409597  -  Total Bytes Received By Job
	Partitionable Resources :    Usage  Request Allocated 
	   Cpus                 :        0        8         8 
	   Disk (KB)            :      428      425   2869889 
	   Memory (MB)          :        8    16000     16000 

	Job terminated of its own accord at 2024-07-24T18:29:57Z with exit-code 0.
...
000 (10261715.5956.000) 07/25 13:03:34 Job submitted from host: <188.185.114.121:9618?addrs=188.185.114.121-9618+[2001-1458-d00-a--100-273]-9618&alias=bigbird19.cern.ch&noUDP&sock=schedd_4961_696e>
...
009 (10261715.5956.000) 07/25 13:07:06 Job was aborted.
	via condor_rm (by user yelberke)
...
000 (10261767.5956.000) 07/25 13:20:49 Job submitted from host: <188.185.114.121:9618?addrs=188.185.114.121-9618+[2001-1458-d00-a--100-273]-9618&alias=bigbird19.cern.ch&noUDP&sock=schedd_4961_696e>
...
040 (10261767.5956.000) 07/25 15:00:46 Started transferring input files
	Transferring to host: <188.185.209.23:9618?addrs=188.185.209.23-9618+[2001-1458-303-11--100-14]-9618&alias=b9p11p1230.cern.ch&noUDP&sock=slot1_7_21122_1c14_26122>
...
040 (10261767.5956.000) 07/25 15:00:46 Finished transferring input files
...
001 (10261767.5956.000) 07/25 15:00:47 Job executing on host: <188.185.209.23:9618?addrs=188.185.209.23-9618+[2001-1458-303-11--100-14]-9618&alias=b9p11p1230.cern.ch&noUDP&sock=startd_19973_652b>
	SlotName: slot1_7@b9p11p1230.cern.ch
	CondorScratchDir = "/pool/condor/dir_1234359"
	Cpus = 12
	Disk = 2933224
	Memory = 24000
...
006 (10261767.5956.000) 07/25 15:00:51 Image size of job updated: 168296
	11  -  MemoryUsage of job (MB)
	10448  -  ResidentSetSize of job (KB)
...
040 (10261767.5956.000) 07/25 15:00:51 Started transferring output files
...
040 (10261767.5956.000) 07/25 15:00:51 Finished transferring output files
...
005 (10261767.5956.000) 07/25 15:00:51 Job terminated.
	(1) Normal termination (return value 0)
		Usr 0 00:00:03, Sys 0 00:00:00  -  Run Remote Usage
		Usr 0 00:00:00, Sys 0 00:00:00  -  Run Local Usage
		Usr 0 00:00:03, Sys 0 00:00:00  -  Total Remote Usage
		Usr 0 00:00:00, Sys 0 00:00:00  -  Total Local Usage
	6676  -  Run Bytes Sent By Job
	409597  -  Run Bytes Received By Job
	6676  -  Total Bytes Sent By Job
	409597  -  Total Bytes Received By Job
	Partitionable Resources :    Usage  Request Allocated 
	   Cpus                 :        0       12        12 
	   Disk (KB)            :      429      425   2933224 
	   Memory (MB)          :       11    24000     24000 

	Job terminated of its own accord at 2024-07-25T13:00:51Z with exit-code 0.
...
000 (10284266.5956.000) 08/02 15:47:28 Job submitted from host: <188.185.114.121:9618?addrs=188.185.114.121-9618+[2001-1458-d00-a--100-273]-9618&alias=bigbird19.cern.ch&noUDP&sock=schedd_4961_696e>
...
000 (10284267.5956.000) 08/02 15:50:15 Job submitted from host: <188.185.114.121:9618?addrs=188.185.114.121-9618+[2001-1458-d00-a--100-273]-9618&alias=bigbird19.cern.ch&noUDP&sock=schedd_4961_696e>
...
009 (10284266.5956.000) 08/02 15:50:42 Job was aborted.
	via condor_rm (by user yelberke)
...
040 (10284267.5956.000) 08/02 17:13:34 Started transferring input files
	Transferring to host: <188.185.195.123:9618?addrs=188.185.195.123-9618+[2001-1458-303-22--100-77]-9618&alias=b9p17p5699.cern.ch&noUDP&sock=slot1_22_1700256_ea0d_132>
...
040 (10284267.5956.000) 08/02 17:13:34 Finished transferring input files
...
001 (10284267.5956.000) 08/02 17:13:35 Job executing on host: <188.185.195.123:9618?addrs=188.185.195.123-9618+[2001-1458-303-22--100-77]-9618&alias=b9p17p5699.cern.ch&noUDP&sock=startd_128031_3200>
	SlotName: slot1_22@b9p17p5699.cern.ch
	CondorScratchDir = "/pool/condor/dir_1804653"
	Cpus = 12
	Disk = 2536802
	Memory = 24000
...
006 (10284267.5956.000) 08/02 17:13:38 Image size of job updated: 313728
	5  -  MemoryUsage of job (MB)
	4660  -  ResidentSetSize of job (KB)
...
040 (10284267.5956.000) 08/02 17:13:38 Started transferring output files
...
040 (10284267.5956.000) 08/02 17:13:38 Finished transferring output files
...
005 (10284267.5956.000) 08/02 17:13:38 Job terminated.
	(1) Normal termination (return value 139)
		Usr 0 00:00:02, Sys 0 00:00:00  -  Run Remote Usage
		Usr 0 00:00:00, Sys 0 00:00:00  -  Run Local Usage
		Usr 0 00:00:02, Sys 0 00:00:00  -  Total Remote Usage
		Usr 0 00:00:00, Sys 0 00:00:00  -  Total Local Usage
	7696  -  Run Bytes Sent By Job
	409597  -  Run Bytes Received By Job
	7696  -  Total Bytes Sent By Job
	409597  -  Total Bytes Received By Job
	Partitionable Resources :    Usage  Request Allocated 
	   Cpus                 :        0       12        12 
	   Disk (KB)            :      428      425   2536802 
	   Memory (MB)          :        5    24000     24000 

	Job terminated of its own accord at 2024-08-02T15:13:38Z with exit-code 139.
...
