000 (10252905.5982.000) 07/24 16:13:23 Job submitted from host: <188.185.114.121:9618?addrs=188.185.114.121-9618+[2001-1458-d00-a--100-273]-9618&alias=bigbird19.cern.ch&noUDP&sock=schedd_4961_696e>
...
009 (10252905.5982.000) 07/24 16:14:53 Job was aborted.
	via condor_rm (by user yelberke)
...
000 (10252906.5982.000) 07/24 16:15:41 Job submitted from host: <188.185.114.121:9618?addrs=188.185.114.121-9618+[2001-1458-d00-a--100-273]-9618&alias=bigbird19.cern.ch&noUDP&sock=schedd_4961_696e>
...
000 (10252907.5982.000) 07/24 16:17:36 Job submitted from host: <188.185.114.121:9618?addrs=188.185.114.121-9618+[2001-1458-d00-a--100-273]-9618&alias=bigbird19.cern.ch&noUDP&sock=schedd_4961_696e>
...
000 (10252908.5982.000) 07/24 16:18:09 Job submitted from host: <188.185.114.121:9618?addrs=188.185.114.121-9618+[2001-1458-d00-a--100-273]-9618&alias=bigbird19.cern.ch&noUDP&sock=schedd_4961_696e>
...
000 (10252909.5982.000) 07/24 16:18:45 Job submitted from host: <188.185.114.121:9618?addrs=188.185.114.121-9618+[2001-1458-d00-a--100-273]-9618&alias=bigbird19.cern.ch&noUDP&sock=schedd_4961_696e>
...
040 (10252906.5982.000) 07/24 17:30:12 Started transferring input files
	Transferring to host: <188.185.208.75:9618?addrs=188.185.208.75-9618+[2001-1458-303-f--100-48]-9618&alias=b9p09p5717.cern.ch&noUDP&sock=slot1_7_128920_8d74_35330>
...
040 (10252906.5982.000) 07/24 17:30:12 Finished transferring input files
...
001 (10252906.5982.000) 07/24 17:30:13 Job executing on host: <188.185.208.75:9618?addrs=188.185.208.75-9618+[2001-1458-303-f--100-48]-9618&alias=b9p09p5717.cern.ch&noUDP&sock=startd_118345_67ab>
	SlotName: slot1_7@b9p09p5717.cern.ch
	CondorScratchDir = "/pool/condor/dir_2247601"
	Cpus = 8
	Disk = 2633030
	Memory = 16000
...
006 (10252906.5982.000) 07/24 17:30:18 Image size of job updated: 160492
	8  -  MemoryUsage of job (MB)
	8056  -  ResidentSetSize of job (KB)
...
040 (10252906.5982.000) 07/24 17:30:18 Started transferring output files
...
040 (10252906.5982.000) 07/24 17:30:18 Finished transferring output files
...
005 (10252906.5982.000) 07/24 17:30:18 Job terminated.
	(1) Normal termination (return value 0)
		Usr 0 00:00:03, Sys 0 00:00:00  -  Run Remote Usage
		Usr 0 00:00:00, Sys 0 00:00:00  -  Run Local Usage
		Usr 0 00:00:03, Sys 0 00:00:00  -  Total Remote Usage
		Usr 0 00:00:00, Sys 0 00:00:00  -  Total Local Usage
	6201  -  Run Bytes Sent By Job
	409597  -  Run Bytes Received By Job
	6201  -  Total Bytes Sent By Job
	409597  -  Total Bytes Received By Job
	Partitionable Resources :    Usage  Request Allocated 
	   Cpus                 :        0        8         8 
	   Disk (KB)            :      428      425   2633030 
	   Memory (MB)          :        8    16000     16000 

	Job terminated of its own accord at 2024-07-24T15:30:18Z with exit-code 0.
...
040 (10252907.5982.000) 07/24 18:29:11 Started transferring input files
	Transferring to host: <188.185.209.160:9618?addrs=188.185.209.160-9618+[2001-1458-303-12--100-1d]-9618&alias=b9p12p2980.cern.ch&noUDP&sock=slot1_4_4787_9fdc_142932>
...
040 (10252907.5982.000) 07/24 18:29:11 Finished transferring input files
...
001 (10252907.5982.000) 07/24 18:29:12 Job executing on host: <188.185.209.160:9618?addrs=188.185.209.160-9618+[2001-1458-303-12--100-1d]-9618&alias=b9p12p2980.cern.ch&noUDP&sock=startd_4066_842a>
	SlotName: slot1_4@b9p12p2980.cern.ch
	CondorScratchDir = "/pool/condor/dir_3868710"
	Cpus = 8
	Disk = 2804304
	Memory = 16000
...
006 (10252907.5982.000) 07/24 18:29:17 Image size of job updated: 159924
	8  -  MemoryUsage of job (MB)
	7512  -  ResidentSetSize of job (KB)
...
040 (10252907.5982.000) 07/24 18:29:17 Started transferring output files
...
040 (10252907.5982.000) 07/24 18:29:17 Finished transferring output files
...
005 (10252907.5982.000) 07/24 18:29:17 Job terminated.
	(1) Normal termination (return value 0)
		Usr 0 00:00:03, Sys 0 00:00:00  -  Run Remote Usage
		Usr 0 00:00:00, Sys 0 00:00:00  -  Run Local Usage
		Usr 0 00:00:03, Sys 0 00:00:00  -  Total Remote Usage
		Usr 0 00:00:00, Sys 0 00:00:00  -  Total Local Usage
	6204  -  Run Bytes Sent By Job
	409597  -  Run Bytes Received By Job
	6204  -  Total Bytes Sent By Job
	409597  -  Total Bytes Received By Job
	Partitionable Resources :    Usage  Request Allocated 
	   Cpus                 :        0        8         8 
	   Disk (KB)            :      428      425   2804304 
	   Memory (MB)          :        8    16000     16000 

	Job terminated of its own accord at 2024-07-24T16:29:17Z with exit-code 0.
...
040 (10252908.5982.000) 07/24 19:35:43 Started transferring input files
	Transferring to host: <188.185.209.214:9618?addrs=188.185.209.214-9618+[2001-1458-303-12--100-53]-9618&alias=b9p12p0096.cern.ch&noUDP&sock=slot1_18_6886_8f51_143841>
...
040 (10252908.5982.000) 07/24 19:35:43 Finished transferring input files
...
001 (10252908.5982.000) 07/24 19:35:44 Job executing on host: <188.185.209.214:9618?addrs=188.185.209.214-9618+[2001-1458-303-12--100-53]-9618&alias=b9p12p0096.cern.ch&noUDP&sock=startd_5534_7132>
	SlotName: slot1_18@b9p12p0096.cern.ch
	CondorScratchDir = "/pool/condor/dir_4177337"
	Cpus = 8
	Disk = 2631762
	Memory = 16000
...
006 (10252908.5982.000) 07/24 19:35:50 Image size of job updated: 159224
	7  -  MemoryUsage of job (MB)
	7056  -  ResidentSetSize of job (KB)
...
040 (10252908.5982.000) 07/24 19:35:50 Started transferring output files
...
040 (10252908.5982.000) 07/24 19:35:50 Finished transferring output files
...
005 (10252908.5982.000) 07/24 19:35:50 Job terminated.
	(1) Normal termination (return value 0)
		Usr 0 00:00:05, Sys 0 00:00:00  -  Run Remote Usage
		Usr 0 00:00:00, Sys 0 00:00:00  -  Run Local Usage
		Usr 0 00:00:05, Sys 0 00:00:00  -  Total Remote Usage
		Usr 0 00:00:00, Sys 0 00:00:00  -  Total Local Usage
	6204  -  Run Bytes Sent By Job
	409597  -  Run Bytes Received By Job
	6204  -  Total Bytes Sent By Job
	409597  -  Total Bytes Received By Job
	Partitionable Resources :    Usage  Request Allocated 
	   Cpus                 :        0        8         8 
	   Disk (KB)            :      427      425   2631762 
	   Memory (MB)          :        7    16000     16000 

	Job terminated of its own accord at 2024-07-24T17:35:50Z with exit-code 0.
...
040 (10252909.5982.000) 07/24 20:30:01 Started transferring input files
	Transferring to host: <188.185.206.203:9618?addrs=188.185.206.203-9618&alias=b9p06p2344.cern.ch&noUDP&sock=slot1_10_6880_5511_156552>
...
040 (10252909.5982.000) 07/24 20:30:01 Finished transferring input files
...
001 (10252909.5982.000) 07/24 20:30:02 Job executing on host: <188.185.206.203:9618?addrs=188.185.206.203-9618&alias=b9p06p2344.cern.ch&noUDP&sock=startd_6810_ac0b>
	SlotName: slot1_10@b9p06p2344.cern.ch
	CondorScratchDir = "/pool/condor/dir_879395"
	Cpus = 8
	Disk = 2793425
	Memory = 16000
...
006 (10252909.5982.000) 07/24 20:30:09 Image size of job updated: 159480
	9  -  MemoryUsage of job (MB)
	8284  -  ResidentSetSize of job (KB)
...
040 (10252909.5982.000) 07/24 20:30:09 Started transferring output files
...
040 (10252909.5982.000) 07/24 20:30:09 Finished transferring output files
...
005 (10252909.5982.000) 07/24 20:30:09 Job terminated.
	(1) Normal termination (return value 0)
		Usr 0 00:00:04, Sys 0 00:00:00  -  Run Remote Usage
		Usr 0 00:00:00, Sys 0 00:00:00  -  Run Local Usage
		Usr 0 00:00:04, Sys 0 00:00:00  -  Total Remote Usage
		Usr 0 00:00:00, Sys 0 00:00:00  -  Total Local Usage
	6204  -  Run Bytes Sent By Job
	409597  -  Run Bytes Received By Job
	6204  -  Total Bytes Sent By Job
	409597  -  Total Bytes Received By Job
	Partitionable Resources :    Usage  Request Allocated 
	   Cpus                 :        0        8         8 
	   Disk (KB)            :      428      425   2793425 
	   Memory (MB)          :        9    16000     16000 

	Job terminated of its own accord at 2024-07-24T18:30:09Z with exit-code 0.
...
000 (10261715.5982.000) 07/25 13:03:35 Job submitted from host: <188.185.114.121:9618?addrs=188.185.114.121-9618+[2001-1458-d00-a--100-273]-9618&alias=bigbird19.cern.ch&noUDP&sock=schedd_4961_696e>
...
009 (10261715.5982.000) 07/25 13:07:06 Job was aborted.
	via condor_rm (by user yelberke)
...
000 (10261767.5982.000) 07/25 13:20:49 Job submitted from host: <188.185.114.121:9618?addrs=188.185.114.121-9618+[2001-1458-d00-a--100-273]-9618&alias=bigbird19.cern.ch&noUDP&sock=schedd_4961_696e>
...
040 (10261767.5982.000) 07/25 15:00:54 Started transferring input files
	Transferring to host: <188.185.208.93:9618?addrs=188.185.208.93-9618+[2001-1458-303-f--100-5a]-9618&alias=b9p09p3861.cern.ch&noUDP&sock=slot1_6_6290_9fb9_145360>
...
040 (10261767.5982.000) 07/25 15:00:54 Finished transferring input files
...
001 (10261767.5982.000) 07/25 15:00:55 Job executing on host: <188.185.208.93:9618?addrs=188.185.208.93-9618+[2001-1458-303-f--100-5a]-9618&alias=b9p09p3861.cern.ch&noUDP&sock=startd_5038_3a39>
	SlotName: slot1_6@b9p09p3861.cern.ch
	CondorScratchDir = "/pool/condor/dir_3540467"
	Cpus = 12
	Disk = 2704115
	Memory = 24000
...
006 (10261767.5982.000) 07/25 15:00:59 Image size of job updated: 160528
	8  -  MemoryUsage of job (MB)
	7960  -  ResidentSetSize of job (KB)
...
040 (10261767.5982.000) 07/25 15:00:59 Started transferring output files
...
040 (10261767.5982.000) 07/25 15:00:59 Finished transferring output files
...
005 (10261767.5982.000) 07/25 15:00:59 Job terminated.
	(1) Normal termination (return value 0)
		Usr 0 00:00:03, Sys 0 00:00:00  -  Run Remote Usage
		Usr 0 00:00:00, Sys 0 00:00:00  -  Run Local Usage
		Usr 0 00:00:03, Sys 0 00:00:00  -  Total Remote Usage
		Usr 0 00:00:00, Sys 0 00:00:00  -  Total Local Usage
	6676  -  Run Bytes Sent By Job
	409597  -  Run Bytes Received By Job
	6676  -  Total Bytes Sent By Job
	409597  -  Total Bytes Received By Job
	Partitionable Resources :    Usage  Request Allocated 
	   Cpus                 :        0       12        12 
	   Disk (KB)            :      429      425   2704115 
	   Memory (MB)          :        8    24000     24000 

	Job terminated of its own accord at 2024-07-25T13:00:59Z with exit-code 0.
...
000 (10284266.5982.000) 08/02 15:47:29 Job submitted from host: <188.185.114.121:9618?addrs=188.185.114.121-9618+[2001-1458-d00-a--100-273]-9618&alias=bigbird19.cern.ch&noUDP&sock=schedd_4961_696e>
...
000 (10284267.5982.000) 08/02 15:50:15 Job submitted from host: <188.185.114.121:9618?addrs=188.185.114.121-9618+[2001-1458-d00-a--100-273]-9618&alias=bigbird19.cern.ch&noUDP&sock=schedd_4961_696e>
...
009 (10284266.5982.000) 08/02 15:50:42 Job was aborted.
	via condor_rm (by user yelberke)
...
040 (10284267.5982.000) 08/02 17:13:42 Started transferring input files
	Transferring to host: <188.185.204.186:9618?addrs=188.185.204.186-9618+[2001-1458-303-8--100-ae]-9618&alias=b9p02p1705.cern.ch&noUDP&sock=slot1_2_10550_2de6_41420>
...
040 (10284267.5982.000) 08/02 17:13:42 Finished transferring input files
...
001 (10284267.5982.000) 08/02 17:13:43 Job executing on host: <188.185.204.186:9618?addrs=188.185.204.186-9618+[2001-1458-303-8--100-ae]-9618&alias=b9p02p1705.cern.ch&noUDP&sock=startd_9568_6e3e>
	SlotName: slot1_2@b9p02p1705.cern.ch
	CondorScratchDir = "/pool/condor/dir_769236"
	Cpus = 12
	Disk = 2834424
	Memory = 24000
...
006 (10284267.5982.000) 08/02 17:13:45 Image size of job updated: 327056
	6  -  MemoryUsage of job (MB)
	5604  -  ResidentSetSize of job (KB)
...
040 (10284267.5982.000) 08/02 17:13:45 Started transferring output files
...
040 (10284267.5982.000) 08/02 17:13:45 Finished transferring output files
...
005 (10284267.5982.000) 08/02 17:13:45 Job terminated.
	(1) Normal termination (return value 139)
		Usr 0 00:00:02, Sys 0 00:00:00  -  Run Remote Usage
		Usr 0 00:00:00, Sys 0 00:00:00  -  Run Local Usage
		Usr 0 00:00:02, Sys 0 00:00:00  -  Total Remote Usage
		Usr 0 00:00:00, Sys 0 00:00:00  -  Total Local Usage
	7696  -  Run Bytes Sent By Job
	409597  -  Run Bytes Received By Job
	7696  -  Total Bytes Sent By Job
	409597  -  Total Bytes Received By Job
	Partitionable Resources :    Usage  Request Allocated 
	   Cpus                 :        0       12        12 
	   Disk (KB)            :      429      425   2834424 
	   Memory (MB)          :        6    24000     24000 

	Job terminated of its own accord at 2024-08-02T15:13:45Z with exit-code 139.
...
