000 (10252905.6002.000) 07/24 16:13:23 Job submitted from host: <188.185.114.121:9618?addrs=188.185.114.121-9618+[2001-1458-d00-a--100-273]-9618&alias=bigbird19.cern.ch&noUDP&sock=schedd_4961_696e>
...
009 (10252905.6002.000) 07/24 16:14:53 Job was aborted.
	via condor_rm (by user yelberke)
...
000 (10252906.6002.000) 07/24 16:15:41 Job submitted from host: <188.185.114.121:9618?addrs=188.185.114.121-9618+[2001-1458-d00-a--100-273]-9618&alias=bigbird19.cern.ch&noUDP&sock=schedd_4961_696e>
...
000 (10252907.6002.000) 07/24 16:17:36 Job submitted from host: <188.185.114.121:9618?addrs=188.185.114.121-9618+[2001-1458-d00-a--100-273]-9618&alias=bigbird19.cern.ch&noUDP&sock=schedd_4961_696e>
...
000 (10252908.6002.000) 07/24 16:18:09 Job submitted from host: <188.185.114.121:9618?addrs=188.185.114.121-9618+[2001-1458-d00-a--100-273]-9618&alias=bigbird19.cern.ch&noUDP&sock=schedd_4961_696e>
...
000 (10252909.6002.000) 07/24 16:18:45 Job submitted from host: <188.185.114.121:9618?addrs=188.185.114.121-9618+[2001-1458-d00-a--100-273]-9618&alias=bigbird19.cern.ch&noUDP&sock=schedd_4961_696e>
...
040 (10252906.6002.000) 07/24 17:30:20 Started transferring input files
	Transferring to host: <188.185.193.148:9618?addrs=188.185.193.148-9618+[2001-1458-303-20--100-90]-9618&alias=b9p19p0264.cern.ch&noUDP&sock=slot1_23_3475399_bea7_320>
...
040 (10252906.6002.000) 07/24 17:30:20 Finished transferring input files
...
001 (10252906.6002.000) 07/24 17:30:21 Job executing on host: <188.185.193.148:9618?addrs=188.185.193.148-9618+[2001-1458-303-20--100-90]-9618&alias=b9p19p0264.cern.ch&noUDP&sock=startd_128187_32c6>
	SlotName: slot1_23@b9p19p0264.cern.ch
	CondorScratchDir = "/pool/condor/dir_3853621"
	Cpus = 8
	Disk = 3023278
	Memory = 16000
...
006 (10252906.6002.000) 07/24 17:30:26 Image size of job updated: 160408
	8  -  MemoryUsage of job (MB)
	8036  -  ResidentSetSize of job (KB)
...
040 (10252906.6002.000) 07/24 17:30:26 Started transferring output files
...
040 (10252906.6002.000) 07/24 17:30:26 Finished transferring output files
...
005 (10252906.6002.000) 07/24 17:30:26 Job terminated.
	(1) Normal termination (return value 0)
		Usr 0 00:00:04, Sys 0 00:00:00  -  Run Remote Usage
		Usr 0 00:00:00, Sys 0 00:00:00  -  Run Local Usage
		Usr 0 00:00:04, Sys 0 00:00:00  -  Total Remote Usage
		Usr 0 00:00:00, Sys 0 00:00:00  -  Total Local Usage
	6201  -  Run Bytes Sent By Job
	409597  -  Run Bytes Received By Job
	6201  -  Total Bytes Sent By Job
	409597  -  Total Bytes Received By Job
	Partitionable Resources :    Usage  Request Allocated 
	   Cpus                 :        0        8         8 
	   Disk (KB)            :      428      425   3023278 
	   Memory (MB)          :        8    16000     16000 

	Job terminated of its own accord at 2024-07-24T15:30:26Z with exit-code 0.
...
040 (10252907.6002.000) 07/24 18:29:18 Started transferring input files
	Transferring to host: <188.185.207.183:9618?addrs=188.185.207.183-9618+[2001-1458-303-e--100-34]-9618&alias=b9p08p7963.cern.ch&noUDP&sock=slot1_14_4756_c83a_142202>
...
040 (10252907.6002.000) 07/24 18:29:18 Finished transferring input files
...
001 (10252907.6002.000) 07/24 18:29:19 Job executing on host: <188.185.207.183:9618?addrs=188.185.207.183-9618+[2001-1458-303-e--100-34]-9618&alias=b9p08p7963.cern.ch&noUDP&sock=startd_4071_f224>
	SlotName: slot1_14@b9p08p7963.cern.ch
	CondorScratchDir = "/pool/condor/dir_732463"
	Cpus = 8
	Disk = 2614924
	Memory = 16000
...
006 (10252907.6002.000) 07/24 18:29:23 Image size of job updated: 163576
	11  -  MemoryUsage of job (MB)
	11160  -  ResidentSetSize of job (KB)
...
040 (10252907.6002.000) 07/24 18:29:23 Started transferring output files
...
040 (10252907.6002.000) 07/24 18:29:23 Finished transferring output files
...
005 (10252907.6002.000) 07/24 18:29:23 Job terminated.
	(1) Normal termination (return value 0)
		Usr 0 00:00:03, Sys 0 00:00:00  -  Run Remote Usage
		Usr 0 00:00:00, Sys 0 00:00:00  -  Run Local Usage
		Usr 0 00:00:03, Sys 0 00:00:00  -  Total Remote Usage
		Usr 0 00:00:00, Sys 0 00:00:00  -  Total Local Usage
	6204  -  Run Bytes Sent By Job
	409597  -  Run Bytes Received By Job
	6204  -  Total Bytes Sent By Job
	409597  -  Total Bytes Received By Job
	Partitionable Resources :    Usage  Request Allocated 
	   Cpus                 :        0        8         8 
	   Disk (KB)            :      428      425   2614924 
	   Memory (MB)          :       11    16000     16000 

	Job terminated of its own accord at 2024-07-24T16:29:23Z with exit-code 0.
...
040 (10252908.6002.000) 07/24 19:35:50 Started transferring input files
	Transferring to host: <188.185.204.137:9618?addrs=188.185.204.137-9618+[2001-1458-303-8--100-7d]-9618&alias=b9p02p1188.cern.ch&noUDP&sock=slot1_7_6771_882c_156184>
...
040 (10252908.6002.000) 07/24 19:35:50 Finished transferring input files
...
001 (10252908.6002.000) 07/24 19:35:51 Job executing on host: <188.185.204.137:9618?addrs=188.185.204.137-9618+[2001-1458-303-8--100-7d]-9618&alias=b9p02p1188.cern.ch&noUDP&sock=startd_6708_b562>
	SlotName: slot1_7@b9p02p1188.cern.ch
	CondorScratchDir = "/pool/condor/dir_432916"
	Cpus = 8
	Disk = 2819394
	Memory = 16000
...
006 (10252908.6002.000) 07/24 19:35:56 Image size of job updated: 157352
	7  -  MemoryUsage of job (MB)
	6996  -  ResidentSetSize of job (KB)
...
040 (10252908.6002.000) 07/24 19:35:56 Started transferring output files
...
040 (10252908.6002.000) 07/24 19:35:56 Finished transferring output files
...
005 (10252908.6002.000) 07/24 19:35:56 Job terminated.
	(1) Normal termination (return value 0)
		Usr 0 00:00:03, Sys 0 00:00:00  -  Run Remote Usage
		Usr 0 00:00:00, Sys 0 00:00:00  -  Run Local Usage
		Usr 0 00:00:03, Sys 0 00:00:00  -  Total Remote Usage
		Usr 0 00:00:00, Sys 0 00:00:00  -  Total Local Usage
	6204  -  Run Bytes Sent By Job
	409597  -  Run Bytes Received By Job
	6204  -  Total Bytes Sent By Job
	409597  -  Total Bytes Received By Job
	Partitionable Resources :    Usage  Request Allocated 
	   Cpus                 :        0        8         8 
	   Disk (KB)            :      427      425   2819394 
	   Memory (MB)          :        7    16000     16000 

	Job terminated of its own accord at 2024-07-24T17:35:56Z with exit-code 0.
...
040 (10252909.6002.000) 07/24 20:30:07 Started transferring input files
	Transferring to host: <188.185.209.79:9618?addrs=188.185.209.79-9618+[2001-1458-303-11--100-4c]-9618&alias=b9p11p7130.cern.ch&noUDP&sock=slot1_9_131223_3971_143558>
...
040 (10252909.6002.000) 07/24 20:30:07 Finished transferring input files
...
001 (10252909.6002.000) 07/24 20:30:08 Job executing on host: <188.185.209.79:9618?addrs=188.185.209.79-9618+[2001-1458-303-11--100-4c]-9618&alias=b9p11p7130.cern.ch&noUDP&sock=startd_118880_5ed6>
	SlotName: slot1_9@b9p11p7130.cern.ch
	CondorScratchDir = "/pool/condor/dir_1325310"
	Cpus = 8
	Disk = 2888292
	Memory = 16000
...
006 (10252909.6002.000) 07/24 20:30:14 Image size of job updated: 159488
	8  -  MemoryUsage of job (MB)
	7180  -  ResidentSetSize of job (KB)
...
040 (10252909.6002.000) 07/24 20:30:14 Started transferring output files
...
040 (10252909.6002.000) 07/24 20:30:14 Finished transferring output files
...
005 (10252909.6002.000) 07/24 20:30:14 Job terminated.
	(1) Normal termination (return value 0)
		Usr 0 00:00:04, Sys 0 00:00:00  -  Run Remote Usage
		Usr 0 00:00:00, Sys 0 00:00:00  -  Run Local Usage
		Usr 0 00:00:04, Sys 0 00:00:00  -  Total Remote Usage
		Usr 0 00:00:00, Sys 0 00:00:00  -  Total Local Usage
	6204  -  Run Bytes Sent By Job
	409597  -  Run Bytes Received By Job
	6204  -  Total Bytes Sent By Job
	409597  -  Total Bytes Received By Job
	Partitionable Resources :    Usage  Request Allocated 
	   Cpus                 :        0        8         8 
	   Disk (KB)            :      428      425   2888292 
	   Memory (MB)          :        8    16000     16000 

	Job terminated of its own accord at 2024-07-24T18:30:14Z with exit-code 0.
...
000 (10261715.6002.000) 07/25 13:03:35 Job submitted from host: <188.185.114.121:9618?addrs=188.185.114.121-9618+[2001-1458-d00-a--100-273]-9618&alias=bigbird19.cern.ch&noUDP&sock=schedd_4961_696e>
...
009 (10261715.6002.000) 07/25 13:07:06 Job was aborted.
	via condor_rm (by user yelberke)
...
000 (10261767.6002.000) 07/25 13:20:50 Job submitted from host: <188.185.114.121:9618?addrs=188.185.114.121-9618+[2001-1458-d00-a--100-273]-9618&alias=bigbird19.cern.ch&noUDP&sock=schedd_4961_696e>
...
040 (10261767.6002.000) 07/25 15:01:01 Started transferring input files
	Transferring to host: <188.185.206.146:9618?addrs=188.185.206.146-9618+[2001-1458-303-c--100-f]-9618&alias=b9p06p2855.cern.ch&noUDP&sock=slot1_10_7633_e38f_52792>
...
040 (10261767.6002.000) 07/25 15:01:01 Finished transferring input files
...
001 (10261767.6002.000) 07/25 15:01:02 Job executing on host: <188.185.206.146:9618?addrs=188.185.206.146-9618+[2001-1458-303-c--100-f]-9618&alias=b9p06p2855.cern.ch&noUDP&sock=startd_6565_9f57>
	SlotName: slot1_10@b9p06p2855.cern.ch
	CondorScratchDir = "/pool/condor/dir_590452"
	Cpus = 12
	Disk = 2924099
	Memory = 24000
...
006 (10261767.6002.000) 07/25 15:01:06 Image size of job updated: 160228
	7  -  MemoryUsage of job (MB)
	6348  -  ResidentSetSize of job (KB)
...
040 (10261767.6002.000) 07/25 15:01:06 Started transferring output files
...
040 (10261767.6002.000) 07/25 15:01:06 Finished transferring output files
...
005 (10261767.6002.000) 07/25 15:01:06 Job terminated.
	(1) Normal termination (return value 0)
		Usr 0 00:00:03, Sys 0 00:00:00  -  Run Remote Usage
		Usr 0 00:00:00, Sys 0 00:00:00  -  Run Local Usage
		Usr 0 00:00:03, Sys 0 00:00:00  -  Total Remote Usage
		Usr 0 00:00:00, Sys 0 00:00:00  -  Total Local Usage
	6676  -  Run Bytes Sent By Job
	409597  -  Run Bytes Received By Job
	6676  -  Total Bytes Sent By Job
	409597  -  Total Bytes Received By Job
	Partitionable Resources :    Usage  Request Allocated 
	   Cpus                 :        0       12        12 
	   Disk (KB)            :      429      425   2924099 
	   Memory (MB)          :        7    24000     24000 

	Job terminated of its own accord at 2024-07-25T13:01:06Z with exit-code 0.
...
000 (10284266.6002.000) 08/02 15:47:29 Job submitted from host: <188.185.114.121:9618?addrs=188.185.114.121-9618+[2001-1458-d00-a--100-273]-9618&alias=bigbird19.cern.ch&noUDP&sock=schedd_4961_696e>
...
000 (10284267.6002.000) 08/02 15:50:15 Job submitted from host: <188.185.114.121:9618?addrs=188.185.114.121-9618+[2001-1458-d00-a--100-273]-9618&alias=bigbird19.cern.ch&noUDP&sock=schedd_4961_696e>
...
009 (10284266.6002.000) 08/02 15:50:42 Job was aborted.
	via condor_rm (by user yelberke)
...
040 (10284267.6002.000) 08/02 17:13:49 Started transferring input files
	Transferring to host: <128.142.52.8:9618?addrs=128.142.52.8-9618+[2001-1458-301-1b--100-5]-9618&alias=b9g02p7484.cern.ch&noUDP&sock=slot1_22_462294_b1a8_102>
...
040 (10284267.6002.000) 08/02 17:13:49 Finished transferring input files
...
001 (10284267.6002.000) 08/02 17:13:50 Job executing on host: <128.142.52.8:9618?addrs=128.142.52.8-9618+[2001-1458-301-1b--100-5]-9618&alias=b9g02p7484.cern.ch&noUDP&sock=startd_6171_5f06>
	SlotName: slot1_22@b9g02p7484.cern.ch
	CondorScratchDir = "/pool/condor/dir_514097"
	Cpus = 12
	Disk = 2745884
	Memory = 24000
...
006 (10284267.6002.000) 08/02 17:13:53 Image size of job updated: 315800
	5  -  MemoryUsage of job (MB)
	4892  -  ResidentSetSize of job (KB)
...
040 (10284267.6002.000) 08/02 17:13:53 Started transferring output files
...
040 (10284267.6002.000) 08/02 17:13:53 Finished transferring output files
...
005 (10284267.6002.000) 08/02 17:13:53 Job terminated.
	(1) Normal termination (return value 139)
		Usr 0 00:00:02, Sys 0 00:00:00  -  Run Remote Usage
		Usr 0 00:00:00, Sys 0 00:00:00  -  Run Local Usage
		Usr 0 00:00:02, Sys 0 00:00:00  -  Total Remote Usage
		Usr 0 00:00:00, Sys 0 00:00:00  -  Total Local Usage
	7992  -  Run Bytes Sent By Job
	409597  -  Run Bytes Received By Job
	7992  -  Total Bytes Sent By Job
	409597  -  Total Bytes Received By Job
	Partitionable Resources :    Usage  Request Allocated 
	   Cpus                 :        0       12        12 
	   Disk (KB)            :      428      425   2745884 
	   Memory (MB)          :        5    24000     24000 

	Job terminated of its own accord at 2024-08-02T15:13:53Z with exit-code 139.
...
