000 (10252905.6022.000) 07/24 16:13:23 Job submitted from host: <188.185.114.121:9618?addrs=188.185.114.121-9618+[2001-1458-d00-a--100-273]-9618&alias=bigbird19.cern.ch&noUDP&sock=schedd_4961_696e>
...
009 (10252905.6022.000) 07/24 16:14:53 Job was aborted.
	via condor_rm (by user yelberke)
...
000 (10252906.6022.000) 07/24 16:15:41 Job submitted from host: <188.185.114.121:9618?addrs=188.185.114.121-9618+[2001-1458-d00-a--100-273]-9618&alias=bigbird19.cern.ch&noUDP&sock=schedd_4961_696e>
...
000 (10252907.6022.000) 07/24 16:17:36 Job submitted from host: <188.185.114.121:9618?addrs=188.185.114.121-9618+[2001-1458-d00-a--100-273]-9618&alias=bigbird19.cern.ch&noUDP&sock=schedd_4961_696e>
...
000 (10252908.6022.000) 07/24 16:18:09 Job submitted from host: <188.185.114.121:9618?addrs=188.185.114.121-9618+[2001-1458-d00-a--100-273]-9618&alias=bigbird19.cern.ch&noUDP&sock=schedd_4961_696e>
...
000 (10252909.6022.000) 07/24 16:18:45 Job submitted from host: <188.185.114.121:9618?addrs=188.185.114.121-9618+[2001-1458-d00-a--100-273]-9618&alias=bigbird19.cern.ch&noUDP&sock=schedd_4961_696e>
...
040 (10252906.6022.000) 07/24 17:30:25 Started transferring input files
	Transferring to host: <188.185.195.141:9618?addrs=188.185.195.141-9618+[2001-1458-303-22--100-89]-9618&alias=b9p17p3440.cern.ch&noUDP&sock=slot1_1_2979849_f0b0_3575>
...
040 (10252906.6022.000) 07/24 17:30:25 Finished transferring input files
...
001 (10252906.6022.000) 07/24 17:30:26 Job executing on host: <188.185.195.141:9618?addrs=188.185.195.141-9618+[2001-1458-303-22--100-89]-9618&alias=b9p17p3440.cern.ch&noUDP&sock=startd_127912_923a>
	SlotName: slot1_1@b9p17p3440.cern.ch
	CondorScratchDir = "/pool/condor/dir_365068"
	Cpus = 8
	Disk = 2923832
	Memory = 16000
...
006 (10252906.6022.000) 07/24 17:30:33 Image size of job updated: 160304
	8  -  MemoryUsage of job (MB)
	8080  -  ResidentSetSize of job (KB)
...
040 (10252906.6022.000) 07/24 17:30:33 Started transferring output files
...
040 (10252906.6022.000) 07/24 17:30:33 Finished transferring output files
...
005 (10252906.6022.000) 07/24 17:30:33 Job terminated.
	(1) Normal termination (return value 0)
		Usr 0 00:00:06, Sys 0 00:00:00  -  Run Remote Usage
		Usr 0 00:00:00, Sys 0 00:00:00  -  Run Local Usage
		Usr 0 00:00:06, Sys 0 00:00:00  -  Total Remote Usage
		Usr 0 00:00:00, Sys 0 00:00:00  -  Total Local Usage
	6201  -  Run Bytes Sent By Job
	409597  -  Run Bytes Received By Job
	6201  -  Total Bytes Sent By Job
	409597  -  Total Bytes Received By Job
	Partitionable Resources :    Usage  Request Allocated 
	   Cpus                 :        0        8         8 
	   Disk (KB)            :      428      425   2923832 
	   Memory (MB)          :        8    16000     16000 

	Job terminated of its own accord at 2024-07-24T15:30:33Z with exit-code 0.
...
040 (10252907.6022.000) 07/24 18:29:24 Started transferring input files
	Transferring to host: <188.185.196.67:9618?addrs=188.185.196.67-9618+[2001-1458-303-23--100-3f]-9618&alias=b9p16p9691.cern.ch&noUDP&sock=slot1_4_137964_de63_31791>
...
040 (10252907.6022.000) 07/24 18:29:24 Finished transferring input files
...
001 (10252907.6022.000) 07/24 18:29:25 Job executing on host: <188.185.196.67:9618?addrs=188.185.196.67-9618+[2001-1458-303-23--100-3f]-9618&alias=b9p16p9691.cern.ch&noUDP&sock=startd_127944_8542>
	SlotName: slot1_4@b9p16p9691.cern.ch
	CondorScratchDir = "/pool/condor/dir_920973"
	Cpus = 8
	Disk = 2912698
	Memory = 16000
...
006 (10252907.6022.000) 07/24 18:29:32 Image size of job updated: 160840
	9  -  MemoryUsage of job (MB)
	8464  -  ResidentSetSize of job (KB)
...
040 (10252907.6022.000) 07/24 18:29:33 Started transferring output files
...
040 (10252907.6022.000) 07/24 18:29:33 Finished transferring output files
...
005 (10252907.6022.000) 07/24 18:29:33 Job terminated.
	(1) Normal termination (return value 0)
		Usr 0 00:00:06, Sys 0 00:00:00  -  Run Remote Usage
		Usr 0 00:00:00, Sys 0 00:00:00  -  Run Local Usage
		Usr 0 00:00:06, Sys 0 00:00:00  -  Total Remote Usage
		Usr 0 00:00:00, Sys 0 00:00:00  -  Total Local Usage
	6204  -  Run Bytes Sent By Job
	409597  -  Run Bytes Received By Job
	6204  -  Total Bytes Sent By Job
	409597  -  Total Bytes Received By Job
	Partitionable Resources :    Usage  Request Allocated 
	   Cpus                 :        0        8         8 
	   Disk (KB)            :      429      425   2912698 
	   Memory (MB)          :        9    16000     16000 

	Job terminated of its own accord at 2024-07-24T16:29:32Z with exit-code 0.
...
022 (10252908.6022.000) 07/24 19:35:56 Job disconnected, attempting to reconnect
    Socket between submit and execute hosts closed unexpectedly
    Trying to reconnect to slot1_13@b9g23p4460.cern.ch <128.142.248.216:9618?addrs=128.142.248.216-9618+[2001-1458-301-73--100-d7]-9618&alias=b9g23p4460.cern.ch&noUDP&sock=startd_118702_46fa>
...
024 (10252908.6022.000) 07/24 19:35:56 Job reconnection failed
    Job not found at execution machine
    Can not reconnect to slot1_13@b9g23p4460.cern.ch, rescheduling job
...
022 (10252908.6022.000) 07/24 19:38:40 Job disconnected, attempting to reconnect
    Socket between submit and execute hosts closed unexpectedly
    Trying to reconnect to slot1_14@b9p03p9423.cern.ch <188.185.205.42:9618?addrs=188.185.205.42-9618+[2001-1458-303-9--100-9e]-9618&alias=b9p03p9423.cern.ch&noUDP&sock=startd_7326_9ae9>
...
024 (10252908.6022.000) 07/24 19:38:40 Job reconnection failed
    Job not found at execution machine
    Can not reconnect to slot1_14@b9p03p9423.cern.ch, rescheduling job
...
040 (10252908.6022.000) 07/24 19:42:19 Started transferring input files
	Transferring to host: <188.185.205.212:9618?addrs=188.185.205.212-9618&alias=b9p04p1299.cern.ch&noUDP&sock=slot1_8_7395_3246_155916>
...
040 (10252908.6022.000) 07/24 19:42:19 Finished transferring input files
...
001 (10252908.6022.000) 07/24 19:42:20 Job executing on host: <188.185.205.212:9618?addrs=188.185.205.212-9618&alias=b9p04p1299.cern.ch&noUDP&sock=startd_7330_594a>
	SlotName: slot1_8@b9p04p1299.cern.ch
	CondorScratchDir = "/pool/condor/dir_3790689"
	Cpus = 8
	Disk = 2589183
	Memory = 16000
...
006 (10252908.6022.000) 07/24 19:42:26 Image size of job updated: 158172
	7  -  MemoryUsage of job (MB)
	6712  -  ResidentSetSize of job (KB)
...
040 (10252908.6022.000) 07/24 19:42:26 Started transferring output files
...
040 (10252908.6022.000) 07/24 19:42:26 Finished transferring output files
...
005 (10252908.6022.000) 07/24 19:42:26 Job terminated.
	(1) Normal termination (return value 0)
		Usr 0 00:00:04, Sys 0 00:00:00  -  Run Remote Usage
		Usr 0 00:00:00, Sys 0 00:00:00  -  Run Local Usage
		Usr 0 00:00:04, Sys 0 00:00:00  -  Total Remote Usage
		Usr 0 00:00:00, Sys 0 00:00:00  -  Total Local Usage
	6204  -  Run Bytes Sent By Job
	409597  -  Run Bytes Received By Job
	6204  -  Total Bytes Sent By Job
	409597  -  Total Bytes Received By Job
	Partitionable Resources :    Usage  Request Allocated 
	   Cpus                 :        0        8         8 
	   Disk (KB)            :      428      425   2589183 
	   Memory (MB)          :        7    16000     16000 

	Job terminated of its own accord at 2024-07-24T17:42:26Z with exit-code 0.
...
040 (10252909.6022.000) 07/24 20:30:14 Started transferring input files
	Transferring to host: <188.185.195.95:9618?addrs=188.185.195.95-9618+[2001-1458-303-22--100-5b]-9618&alias=b9p17p1975.cern.ch&noUDP&sock=slot1_10_3530796_f154_1639>
...
040 (10252909.6022.000) 07/24 20:30:14 Finished transferring input files
...
001 (10252909.6022.000) 07/24 20:30:15 Job executing on host: <188.185.195.95:9618?addrs=188.185.195.95-9618+[2001-1458-303-22--100-5b]-9618&alias=b9p17p1975.cern.ch&noUDP&sock=startd_128494_c659>
	SlotName: slot1_10@b9p17p1975.cern.ch
	CondorScratchDir = "/pool/condor/dir_2423250"
	Cpus = 8
	Disk = 2978269
	Memory = 16000
...
006 (10252909.6022.000) 07/24 20:30:22 Image size of job updated: 159940
	8  -  MemoryUsage of job (MB)
	7508  -  ResidentSetSize of job (KB)
...
040 (10252909.6022.000) 07/24 20:30:23 Started transferring output files
...
040 (10252909.6022.000) 07/24 20:30:23 Finished transferring output files
...
005 (10252909.6022.000) 07/24 20:30:23 Job terminated.
	(1) Normal termination (return value 0)
		Usr 0 00:00:06, Sys 0 00:00:00  -  Run Remote Usage
		Usr 0 00:00:00, Sys 0 00:00:00  -  Run Local Usage
		Usr 0 00:00:06, Sys 0 00:00:00  -  Total Remote Usage
		Usr 0 00:00:00, Sys 0 00:00:00  -  Total Local Usage
	6204  -  Run Bytes Sent By Job
	409597  -  Run Bytes Received By Job
	6204  -  Total Bytes Sent By Job
	409597  -  Total Bytes Received By Job
	Partitionable Resources :    Usage  Request Allocated 
	   Cpus                 :     0.07        8         8 
	   Disk (KB)            :   428         425   2978269 
	   Memory (MB)          :     8       16000     16000 

	Job terminated of its own accord at 2024-07-24T18:30:22Z with exit-code 0.
...
000 (10261715.6022.000) 07/25 13:03:36 Job submitted from host: <188.185.114.121:9618?addrs=188.185.114.121-9618+[2001-1458-d00-a--100-273]-9618&alias=bigbird19.cern.ch&noUDP&sock=schedd_4961_696e>
...
009 (10261715.6022.000) 07/25 13:07:06 Job was aborted.
	via condor_rm (by user yelberke)
...
000 (10261767.6022.000) 07/25 13:20:50 Job submitted from host: <188.185.114.121:9618?addrs=188.185.114.121-9618+[2001-1458-d00-a--100-273]-9618&alias=bigbird19.cern.ch&noUDP&sock=schedd_4961_696e>
...
040 (10261767.6022.000) 07/25 15:01:10 Started transferring input files
	Transferring to host: <188.185.206.203:9618?addrs=188.185.206.203-9618&alias=b9p06p2344.cern.ch&noUDP&sock=slot1_2_6880_5511_157525>
...
040 (10261767.6022.000) 07/25 15:01:10 Finished transferring input files
...
001 (10261767.6022.000) 07/25 15:01:11 Job executing on host: <188.185.206.203:9618?addrs=188.185.206.203-9618&alias=b9p06p2344.cern.ch&noUDP&sock=startd_6810_ac0b>
	SlotName: slot1_2@b9p06p2344.cern.ch
	CondorScratchDir = "/pool/condor/dir_651266"
	Cpus = 12
	Disk = 2772407
	Memory = 24000
...
006 (10261767.6022.000) 07/25 15:01:19 Image size of job updated: 160168
	7  -  MemoryUsage of job (MB)
	6576  -  ResidentSetSize of job (KB)
...
040 (10261767.6022.000) 07/25 15:01:19 Started transferring output files
...
040 (10261767.6022.000) 07/25 15:01:19 Finished transferring output files
...
005 (10261767.6022.000) 07/25 15:01:19 Job terminated.
	(1) Normal termination (return value 0)
		Usr 0 00:00:03, Sys 0 00:00:00  -  Run Remote Usage
		Usr 0 00:00:00, Sys 0 00:00:00  -  Run Local Usage
		Usr 0 00:00:03, Sys 0 00:00:00  -  Total Remote Usage
		Usr 0 00:00:00, Sys 0 00:00:00  -  Total Local Usage
	6676  -  Run Bytes Sent By Job
	409597  -  Run Bytes Received By Job
	6676  -  Total Bytes Sent By Job
	409597  -  Total Bytes Received By Job
	Partitionable Resources :    Usage  Request Allocated 
	   Cpus                 :        0       12        12 
	   Disk (KB)            :      428      425   2772407 
	   Memory (MB)          :        7    24000     24000 

	Job terminated of its own accord at 2024-07-25T13:01:19Z with exit-code 0.
...
000 (10284266.6022.000) 08/02 15:47:30 Job submitted from host: <188.185.114.121:9618?addrs=188.185.114.121-9618+[2001-1458-d00-a--100-273]-9618&alias=bigbird19.cern.ch&noUDP&sock=schedd_4961_696e>
...
000 (10284267.6022.000) 08/02 15:50:16 Job submitted from host: <188.185.114.121:9618?addrs=188.185.114.121-9618+[2001-1458-d00-a--100-273]-9618&alias=bigbird19.cern.ch&noUDP&sock=schedd_4961_696e>
...
009 (10284266.6022.000) 08/02 15:50:42 Job was aborted.
	via condor_rm (by user yelberke)
...
040 (10284267.6022.000) 08/02 17:13:56 Started transferring input files
	Transferring to host: <128.142.52.8:9618?addrs=128.142.52.8-9618+[2001-1458-301-1b--100-5]-9618&alias=b9g02p7484.cern.ch&noUDP&sock=slot1_23_462294_b1a8_103>
...
040 (10284267.6022.000) 08/02 17:13:56 Finished transferring input files
...
001 (10284267.6022.000) 08/02 17:13:57 Job executing on host: <128.142.52.8:9618?addrs=128.142.52.8-9618+[2001-1458-301-1b--100-5]-9618&alias=b9g02p7484.cern.ch&noUDP&sock=startd_6171_5f06>
	SlotName: slot1_23@b9g02p7484.cern.ch
	CondorScratchDir = "/pool/condor/dir_514768"
	Cpus = 12
	Disk = 2745619
	Memory = 24000
...
006 (10284267.6022.000) 08/02 17:13:59 Image size of job updated: 321360
	7  -  MemoryUsage of job (MB)
	6768  -  ResidentSetSize of job (KB)
...
040 (10284267.6022.000) 08/02 17:13:59 Started transferring output files
...
040 (10284267.6022.000) 08/02 17:13:59 Finished transferring output files
...
005 (10284267.6022.000) 08/02 17:13:59 Job terminated.
	(1) Normal termination (return value 139)
		Usr 0 00:00:02, Sys 0 00:00:00  -  Run Remote Usage
		Usr 0 00:00:00, Sys 0 00:00:00  -  Run Local Usage
		Usr 0 00:00:02, Sys 0 00:00:00  -  Total Remote Usage
		Usr 0 00:00:00, Sys 0 00:00:00  -  Total Local Usage
	7992  -  Run Bytes Sent By Job
	409597  -  Run Bytes Received By Job
	7992  -  Total Bytes Sent By Job
	409597  -  Total Bytes Received By Job
	Partitionable Resources :    Usage  Request Allocated 
	   Cpus                 :        0       12        12 
	   Disk (KB)            :      428      425   2745619 
	   Memory (MB)          :        7    24000     24000 

	Job terminated of its own accord at 2024-08-02T15:13:59Z with exit-code 139.
...
