000 (10252905.6033.000) 07/24 16:13:23 Job submitted from host: <188.185.114.121:9618?addrs=188.185.114.121-9618+[2001-1458-d00-a--100-273]-9618&alias=bigbird19.cern.ch&noUDP&sock=schedd_4961_696e>
...
009 (10252905.6033.000) 07/24 16:14:53 Job was aborted.
	via condor_rm (by user yelberke)
...
000 (10252906.6033.000) 07/24 16:15:41 Job submitted from host: <188.185.114.121:9618?addrs=188.185.114.121-9618+[2001-1458-d00-a--100-273]-9618&alias=bigbird19.cern.ch&noUDP&sock=schedd_4961_696e>
...
000 (10252907.6033.000) 07/24 16:17:36 Job submitted from host: <188.185.114.121:9618?addrs=188.185.114.121-9618+[2001-1458-d00-a--100-273]-9618&alias=bigbird19.cern.ch&noUDP&sock=schedd_4961_696e>
...
000 (10252908.6033.000) 07/24 16:18:09 Job submitted from host: <188.185.114.121:9618?addrs=188.185.114.121-9618+[2001-1458-d00-a--100-273]-9618&alias=bigbird19.cern.ch&noUDP&sock=schedd_4961_696e>
...
000 (10252909.6033.000) 07/24 16:18:45 Job submitted from host: <188.185.114.121:9618?addrs=188.185.114.121-9618+[2001-1458-d00-a--100-273]-9618&alias=bigbird19.cern.ch&noUDP&sock=schedd_4961_696e>
...
040 (10252906.6033.000) 07/24 17:30:30 Started transferring input files
	Transferring to host: <188.185.207.23:9618?addrs=188.185.207.23-9618+[2001-1458-303-d--100-14]-9618&alias=b9p07p4705.cern.ch&noUDP&sock=slot1_4_4745_081a_144622>
...
040 (10252906.6033.000) 07/24 17:30:30 Finished transferring input files
...
001 (10252906.6033.000) 07/24 17:30:31 Job executing on host: <188.185.207.23:9618?addrs=188.185.207.23-9618+[2001-1458-303-d--100-14]-9618&alias=b9p07p4705.cern.ch&noUDP&sock=startd_4012_7a0d>
	SlotName: slot1_4@b9p07p4705.cern.ch
	CondorScratchDir = "/pool/condor/dir_2683379"
	Cpus = 8
	Disk = 2793530
	Memory = 16000
...
006 (10252906.6033.000) 07/24 17:30:35 Image size of job updated: 161248
	9  -  MemoryUsage of job (MB)
	8852  -  ResidentSetSize of job (KB)
...
040 (10252906.6033.000) 07/24 17:30:35 Started transferring output files
...
040 (10252906.6033.000) 07/24 17:30:35 Finished transferring output files
...
005 (10252906.6033.000) 07/24 17:30:35 Job terminated.
	(1) Normal termination (return value 0)
		Usr 0 00:00:03, Sys 0 00:00:00  -  Run Remote Usage
		Usr 0 00:00:00, Sys 0 00:00:00  -  Run Local Usage
		Usr 0 00:00:03, Sys 0 00:00:00  -  Total Remote Usage
		Usr 0 00:00:00, Sys 0 00:00:00  -  Total Local Usage
	6201  -  Run Bytes Sent By Job
	409597  -  Run Bytes Received By Job
	6201  -  Total Bytes Sent By Job
	409597  -  Total Bytes Received By Job
	Partitionable Resources :    Usage  Request Allocated 
	   Cpus                 :        0        8         8 
	   Disk (KB)            :      428      425   2793530 
	   Memory (MB)          :        9    16000     16000 

	Job terminated of its own accord at 2024-07-24T15:30:35Z with exit-code 0.
...
040 (10252907.6033.000) 07/24 18:29:29 Started transferring input files
	Transferring to host: <188.185.204.186:9618?addrs=188.185.204.186-9618+[2001-1458-303-8--100-ae]-9618&alias=b9p02p1705.cern.ch&noUDP&sock=slot1_27_10550_2de6_30899>
...
040 (10252907.6033.000) 07/24 18:29:29 Finished transferring input files
...
001 (10252907.6033.000) 07/24 18:29:30 Job executing on host: <188.185.204.186:9618?addrs=188.185.204.186-9618+[2001-1458-303-8--100-ae]-9618&alias=b9p02p1705.cern.ch&noUDP&sock=startd_9568_6e3e>
	SlotName: slot1_27@b9p02p1705.cern.ch
	CondorScratchDir = "/pool/condor/dir_2205382"
	Cpus = 8
	Disk = 2830554
	Memory = 16000
...
006 (10252907.6033.000) 07/24 18:29:34 Image size of job updated: 159516
	9  -  MemoryUsage of job (MB)
	8368  -  ResidentSetSize of job (KB)
...
040 (10252907.6033.000) 07/24 18:29:34 Started transferring output files
...
040 (10252907.6033.000) 07/24 18:29:34 Finished transferring output files
...
005 (10252907.6033.000) 07/24 18:29:34 Job terminated.
	(1) Normal termination (return value 0)
		Usr 0 00:00:03, Sys 0 00:00:00  -  Run Remote Usage
		Usr 0 00:00:00, Sys 0 00:00:00  -  Run Local Usage
		Usr 0 00:00:03, Sys 0 00:00:00  -  Total Remote Usage
		Usr 0 00:00:00, Sys 0 00:00:00  -  Total Local Usage
	6204  -  Run Bytes Sent By Job
	409597  -  Run Bytes Received By Job
	6204  -  Total Bytes Sent By Job
	409597  -  Total Bytes Received By Job
	Partitionable Resources :    Usage  Request Allocated 
	   Cpus                 :        0        8         8 
	   Disk (KB)            :      428      425   2830554 
	   Memory (MB)          :        9    16000     16000 

	Job terminated of its own accord at 2024-07-24T16:29:34Z with exit-code 0.
...
040 (10252908.6033.000) 07/24 19:36:01 Started transferring input files
	Transferring to host: <188.185.204.187:9618?addrs=188.185.204.187-9618+[2001-1458-303-8--100-af]-9618&alias=b9p02p6866.cern.ch&noUDP&sock=slot1_30_7254_d960_153510>
...
040 (10252908.6033.000) 07/24 19:36:01 Finished transferring input files
...
001 (10252908.6033.000) 07/24 19:36:02 Job executing on host: <188.185.204.187:9618?addrs=188.185.204.187-9618+[2001-1458-303-8--100-af]-9618&alias=b9p02p6866.cern.ch&noUDP&sock=startd_7190_5208>
	SlotName: slot1_30@b9p02p6866.cern.ch
	CondorScratchDir = "/pool/condor/dir_5631"
	Cpus = 8
	Disk = 2866253
	Memory = 16000
...
006 (10252908.6033.000) 07/24 19:36:06 Image size of job updated: 158024
	7  -  MemoryUsage of job (MB)
	6884  -  ResidentSetSize of job (KB)
...
040 (10252908.6033.000) 07/24 19:36:06 Started transferring output files
...
040 (10252908.6033.000) 07/24 19:36:06 Finished transferring output files
...
005 (10252908.6033.000) 07/24 19:36:06 Job terminated.
	(1) Normal termination (return value 0)
		Usr 0 00:00:03, Sys 0 00:00:00  -  Run Remote Usage
		Usr 0 00:00:00, Sys 0 00:00:00  -  Run Local Usage
		Usr 0 00:00:03, Sys 0 00:00:00  -  Total Remote Usage
		Usr 0 00:00:00, Sys 0 00:00:00  -  Total Local Usage
	6204  -  Run Bytes Sent By Job
	409597  -  Run Bytes Received By Job
	6204  -  Total Bytes Sent By Job
	409597  -  Total Bytes Received By Job
	Partitionable Resources :    Usage  Request Allocated 
	   Cpus                 :        0        8         8 
	   Disk (KB)            :      427      425   2866253 
	   Memory (MB)          :        7    16000     16000 

	Job terminated of its own accord at 2024-07-24T17:36:06Z with exit-code 0.
...
040 (10252909.6033.000) 07/24 20:30:18 Started transferring input files
	Transferring to host: <188.185.204.233:9618?addrs=188.185.204.233-9618+[2001-1458-303-8--100-66]-9618&alias=b9p02p4919.cern.ch&noUDP&sock=slot1_9_6717_7bea_82357>
...
040 (10252909.6033.000) 07/24 20:30:18 Finished transferring input files
...
001 (10252909.6033.000) 07/24 20:30:19 Job executing on host: <188.185.204.233:9618?addrs=188.185.204.233-9618+[2001-1458-303-8--100-66]-9618&alias=b9p02p4919.cern.ch&noUDP&sock=startd_5363_2680>
	SlotName: slot1_9@b9p02p4919.cern.ch
	CondorScratchDir = "/pool/condor/dir_516103"
	Cpus = 8
	Disk = 2810328
	Memory = 16000
...
006 (10252909.6033.000) 07/24 20:30:23 Image size of job updated: 158500
	8  -  MemoryUsage of job (MB)
	7624  -  ResidentSetSize of job (KB)
...
040 (10252909.6033.000) 07/24 20:30:23 Started transferring output files
...
040 (10252909.6033.000) 07/24 20:30:23 Finished transferring output files
...
005 (10252909.6033.000) 07/24 20:30:23 Job terminated.
	(1) Normal termination (return value 0)
		Usr 0 00:00:03, Sys 0 00:00:00  -  Run Remote Usage
		Usr 0 00:00:00, Sys 0 00:00:00  -  Run Local Usage
		Usr 0 00:00:03, Sys 0 00:00:00  -  Total Remote Usage
		Usr 0 00:00:00, Sys 0 00:00:00  -  Total Local Usage
	6204  -  Run Bytes Sent By Job
	409597  -  Run Bytes Received By Job
	6204  -  Total Bytes Sent By Job
	409597  -  Total Bytes Received By Job
	Partitionable Resources :    Usage  Request Allocated 
	   Cpus                 :        0        8         8 
	   Disk (KB)            :      428      425   2810328 
	   Memory (MB)          :        8    16000     16000 

	Job terminated of its own accord at 2024-07-24T18:30:23Z with exit-code 0.
...
000 (10261715.6033.000) 07/25 13:03:36 Job submitted from host: <188.185.114.121:9618?addrs=188.185.114.121-9618+[2001-1458-d00-a--100-273]-9618&alias=bigbird19.cern.ch&noUDP&sock=schedd_4961_696e>
...
009 (10261715.6033.000) 07/25 13:07:06 Job was aborted.
	via condor_rm (by user yelberke)
...
000 (10261767.6033.000) 07/25 13:20:50 Job submitted from host: <188.185.114.121:9618?addrs=188.185.114.121-9618+[2001-1458-d00-a--100-273]-9618&alias=bigbird19.cern.ch&noUDP&sock=schedd_4961_696e>
...
040 (10261767.6033.000) 07/25 15:01:11 Started transferring input files
	Transferring to host: <188.185.209.38:9618?addrs=188.185.209.38-9618+[2001-1458-303-11--100-23]-9618&alias=b9p11p4881.cern.ch&noUDP&sock=slot1_6_26224_ee23_25744>
...
040 (10261767.6033.000) 07/25 15:01:11 Finished transferring input files
...
001 (10261767.6033.000) 07/25 15:01:12 Job executing on host: <188.185.209.38:9618?addrs=188.185.209.38-9618+[2001-1458-303-11--100-23]-9618&alias=b9p11p4881.cern.ch&noUDP&sock=startd_25181_a667>
	SlotName: slot1_6@b9p11p4881.cern.ch
	CondorScratchDir = "/pool/condor/dir_2865042"
	Cpus = 12
	Disk = 2862078
	Memory = 24000
...
006 (10261767.6033.000) 07/25 15:01:20 Image size of job updated: 160288
	7  -  MemoryUsage of job (MB)
	6492  -  ResidentSetSize of job (KB)
...
040 (10261767.6033.000) 07/25 15:01:20 Started transferring output files
...
040 (10261767.6033.000) 07/25 15:01:20 Finished transferring output files
...
005 (10261767.6033.000) 07/25 15:01:20 Job terminated.
	(1) Normal termination (return value 0)
		Usr 0 00:00:03, Sys 0 00:00:00  -  Run Remote Usage
		Usr 0 00:00:00, Sys 0 00:00:00  -  Run Local Usage
		Usr 0 00:00:03, Sys 0 00:00:00  -  Total Remote Usage
		Usr 0 00:00:00, Sys 0 00:00:00  -  Total Local Usage
	6676  -  Run Bytes Sent By Job
	409597  -  Run Bytes Received By Job
	6676  -  Total Bytes Sent By Job
	409597  -  Total Bytes Received By Job
	Partitionable Resources :    Usage  Request Allocated 
	   Cpus                 :        0       12        12 
	   Disk (KB)            :      429      425   2862078 
	   Memory (MB)          :        7    24000     24000 

	Job terminated of its own accord at 2024-07-25T13:01:20Z with exit-code 0.
...
000 (10284266.6033.000) 08/02 15:47:30 Job submitted from host: <188.185.114.121:9618?addrs=188.185.114.121-9618+[2001-1458-d00-a--100-273]-9618&alias=bigbird19.cern.ch&noUDP&sock=schedd_4961_696e>
...
000 (10284267.6033.000) 08/02 15:50:16 Job submitted from host: <188.185.114.121:9618?addrs=188.185.114.121-9618+[2001-1458-d00-a--100-273]-9618&alias=bigbird19.cern.ch&noUDP&sock=schedd_4961_696e>
...
009 (10284266.6033.000) 08/02 15:50:42 Job was aborted.
	via condor_rm (by user yelberke)
...
040 (10284267.6033.000) 08/02 17:14:00 Started transferring input files
	Transferring to host: <188.185.207.14:9618?addrs=188.185.207.14-9618+[2001-1458-303-d--100-b]-9618&alias=b9p07p6280.cern.ch&noUDP&sock=slot1_7_14047_21d4_153172>
...
040 (10284267.6033.000) 08/02 17:14:00 Finished transferring input files
...
001 (10284267.6033.000) 08/02 17:14:01 Job executing on host: <188.185.207.14:9618?addrs=188.185.207.14-9618+[2001-1458-303-d--100-b]-9618&alias=b9p07p6280.cern.ch&noUDP&sock=startd_12560_b19b>
	SlotName: slot1_7@b9p07p6280.cern.ch
	CondorScratchDir = "/pool/condor/dir_3184050"
	Cpus = 12
	Disk = 2685028
	Memory = 24000
...
006 (10284267.6033.000) 08/02 17:14:03 Image size of job updated: 326252
	5  -  MemoryUsage of job (MB)
	4620  -  ResidentSetSize of job (KB)
...
040 (10284267.6033.000) 08/02 17:14:03 Started transferring output files
...
040 (10284267.6033.000) 08/02 17:14:03 Finished transferring output files
...
005 (10284267.6033.000) 08/02 17:14:03 Job terminated.
	(1) Normal termination (return value 139)
		Usr 0 00:00:01, Sys 0 00:00:00  -  Run Remote Usage
		Usr 0 00:00:00, Sys 0 00:00:00  -  Run Local Usage
		Usr 0 00:00:01, Sys 0 00:00:00  -  Total Remote Usage
		Usr 0 00:00:00, Sys 0 00:00:00  -  Total Local Usage
	7696  -  Run Bytes Sent By Job
	409597  -  Run Bytes Received By Job
	7696  -  Total Bytes Sent By Job
	409597  -  Total Bytes Received By Job
	Partitionable Resources :    Usage  Request Allocated 
	   Cpus                 :        0       12        12 
	   Disk (KB)            :      428      425   2685028 
	   Memory (MB)          :        5    24000     24000 

	Job terminated of its own accord at 2024-08-02T15:14:03Z with exit-code 139.
...
