000 (10252905.6062.000) 07/24 16:13:23 Job submitted from host: <188.185.114.121:9618?addrs=188.185.114.121-9618+[2001-1458-d00-a--100-273]-9618&alias=bigbird19.cern.ch&noUDP&sock=schedd_4961_696e>
...
009 (10252905.6062.000) 07/24 16:14:53 Job was aborted.
	via condor_rm (by user yelberke)
...
000 (10252906.6062.000) 07/24 16:15:41 Job submitted from host: <188.185.114.121:9618?addrs=188.185.114.121-9618+[2001-1458-d00-a--100-273]-9618&alias=bigbird19.cern.ch&noUDP&sock=schedd_4961_696e>
...
000 (10252907.6062.000) 07/24 16:17:36 Job submitted from host: <188.185.114.121:9618?addrs=188.185.114.121-9618+[2001-1458-d00-a--100-273]-9618&alias=bigbird19.cern.ch&noUDP&sock=schedd_4961_696e>
...
000 (10252908.6062.000) 07/24 16:18:09 Job submitted from host: <188.185.114.121:9618?addrs=188.185.114.121-9618+[2001-1458-d00-a--100-273]-9618&alias=bigbird19.cern.ch&noUDP&sock=schedd_4961_696e>
...
000 (10252909.6062.000) 07/24 16:18:45 Job submitted from host: <188.185.114.121:9618?addrs=188.185.114.121-9618+[2001-1458-d00-a--100-273]-9618&alias=bigbird19.cern.ch&noUDP&sock=schedd_4961_696e>
...
040 (10252906.6062.000) 07/24 17:30:39 Started transferring input files
	Transferring to host: <188.185.209.96:9618?addrs=188.185.209.96-9618+[2001-1458-303-11--100-5d]-9618&alias=b9p11p5408.cern.ch&noUDP&sock=slot1_3_5516_4559_141927>
...
040 (10252906.6062.000) 07/24 17:30:39 Finished transferring input files
...
001 (10252906.6062.000) 07/24 17:30:40 Job executing on host: <188.185.209.96:9618?addrs=188.185.209.96-9618+[2001-1458-303-11--100-5d]-9618&alias=b9p11p5408.cern.ch&noUDP&sock=startd_4586_316a>
	SlotName: slot1_3@b9p11p5408.cern.ch
	CondorScratchDir = "/pool/condor/dir_385040"
	Cpus = 8
	Disk = 2824835
	Memory = 16000
...
006 (10252906.6062.000) 07/24 17:30:44 Image size of job updated: 161980
	9  -  MemoryUsage of job (MB)
	9032  -  ResidentSetSize of job (KB)
...
040 (10252906.6062.000) 07/24 17:30:44 Started transferring output files
...
040 (10252906.6062.000) 07/24 17:30:44 Finished transferring output files
...
005 (10252906.6062.000) 07/24 17:30:44 Job terminated.
	(1) Normal termination (return value 0)
		Usr 0 00:00:03, Sys 0 00:00:00  -  Run Remote Usage
		Usr 0 00:00:00, Sys 0 00:00:00  -  Run Local Usage
		Usr 0 00:00:03, Sys 0 00:00:00  -  Total Remote Usage
		Usr 0 00:00:00, Sys 0 00:00:00  -  Total Local Usage
	6201  -  Run Bytes Sent By Job
	409597  -  Run Bytes Received By Job
	6201  -  Total Bytes Sent By Job
	409597  -  Total Bytes Received By Job
	Partitionable Resources :    Usage  Request Allocated 
	   Cpus                 :        0        8         8 
	   Disk (KB)            :      428      425   2824835 
	   Memory (MB)          :        9    16000     16000 

	Job terminated of its own accord at 2024-07-24T15:30:44Z with exit-code 0.
...
040 (10252907.6062.000) 07/24 18:29:38 Started transferring input files
	Transferring to host: <188.185.195.151:9618?addrs=188.185.195.151-9618+[2001-1458-303-22--100-93]-9618&alias=b9p17p6289.cern.ch&noUDP&sock=slot1_16_2993298_fa33_2953>
...
040 (10252907.6062.000) 07/24 18:29:38 Finished transferring input files
...
001 (10252907.6062.000) 07/24 18:29:39 Job executing on host: <188.185.195.151:9618?addrs=188.185.195.151-9618+[2001-1458-303-22--100-93]-9618&alias=b9p17p6289.cern.ch&noUDP&sock=startd_166270_f7fe>
	SlotName: slot1_16@b9p17p6289.cern.ch
	CondorScratchDir = "/pool/condor/dir_981927"
	Cpus = 8
	Disk = 2936682
	Memory = 16000
...
006 (10252907.6062.000) 07/24 18:29:47 Image size of job updated: 158640
	8  -  MemoryUsage of job (MB)
	7532  -  ResidentSetSize of job (KB)
...
040 (10252907.6062.000) 07/24 18:29:47 Started transferring output files
...
040 (10252907.6062.000) 07/24 18:29:47 Finished transferring output files
...
005 (10252907.6062.000) 07/24 18:29:47 Job terminated.
	(1) Normal termination (return value 0)
		Usr 0 00:00:06, Sys 0 00:00:00  -  Run Remote Usage
		Usr 0 00:00:00, Sys 0 00:00:00  -  Run Local Usage
		Usr 0 00:00:06, Sys 0 00:00:00  -  Total Remote Usage
		Usr 0 00:00:00, Sys 0 00:00:00  -  Total Local Usage
	6204  -  Run Bytes Sent By Job
	409597  -  Run Bytes Received By Job
	6204  -  Total Bytes Sent By Job
	409597  -  Total Bytes Received By Job
	Partitionable Resources :    Usage  Request Allocated 
	   Cpus                 :        0        8         8 
	   Disk (KB)            :      428      425   2936682 
	   Memory (MB)          :        8    16000     16000 

	Job terminated of its own accord at 2024-07-24T16:29:47Z with exit-code 0.
...
040 (10252908.6062.000) 07/24 19:36:10 Started transferring input files
	Transferring to host: <188.185.204.181:9618?addrs=188.185.204.181-9618+[2001-1458-303-8--100-a9]-9618&alias=b9p02p9149.cern.ch&noUDP&sock=slot1_12_7299_8e42_156549>
...
040 (10252908.6062.000) 07/24 19:36:10 Finished transferring input files
...
001 (10252908.6062.000) 07/24 19:36:11 Job executing on host: <188.185.204.181:9618?addrs=188.185.204.181-9618+[2001-1458-303-8--100-a9]-9618&alias=b9p02p9149.cern.ch&noUDP&sock=startd_7223_f4a8>
	SlotName: slot1_12@b9p02p9149.cern.ch
	CondorScratchDir = "/pool/condor/dir_3329572"
	Cpus = 8
	Disk = 2686058
	Memory = 16000
...
006 (10252908.6062.000) 07/24 19:36:15 Image size of job updated: 156932
	7  -  MemoryUsage of job (MB)
	6856  -  ResidentSetSize of job (KB)
...
040 (10252908.6062.000) 07/24 19:36:15 Started transferring output files
...
040 (10252908.6062.000) 07/24 19:36:16 Finished transferring output files
...
005 (10252908.6062.000) 07/24 19:36:16 Job terminated.
	(1) Normal termination (return value 0)
		Usr 0 00:00:03, Sys 0 00:00:00  -  Run Remote Usage
		Usr 0 00:00:00, Sys 0 00:00:00  -  Run Local Usage
		Usr 0 00:00:03, Sys 0 00:00:00  -  Total Remote Usage
		Usr 0 00:00:00, Sys 0 00:00:00  -  Total Local Usage
	6204  -  Run Bytes Sent By Job
	409597  -  Run Bytes Received By Job
	6204  -  Total Bytes Sent By Job
	409597  -  Total Bytes Received By Job
	Partitionable Resources :    Usage  Request Allocated 
	   Cpus                 :        0        8         8 
	   Disk (KB)            :      427      425   2686058 
	   Memory (MB)          :        7    16000     16000 

	Job terminated of its own accord at 2024-07-24T17:36:15Z with exit-code 0.
...
040 (10252909.6062.000) 07/24 20:30:27 Started transferring input files
	Transferring to host: <188.185.206.138:9618?addrs=188.185.206.138-9618&alias=b9p06p1159.cern.ch&noUDP&sock=slot1_15_7389_f806_158413>
...
040 (10252909.6062.000) 07/24 20:30:27 Finished transferring input files
...
001 (10252909.6062.000) 07/24 20:30:28 Job executing on host: <188.185.206.138:9618?addrs=188.185.206.138-9618&alias=b9p06p1159.cern.ch&noUDP&sock=startd_7322_dc88>
	SlotName: slot1_15@b9p06p1159.cern.ch
	CondorScratchDir = "/pool/condor/dir_658828"
	Cpus = 8
	Disk = 2822860
	Memory = 16000
...
006 (10252909.6062.000) 07/24 20:30:32 Image size of job updated: 157964
	7  -  MemoryUsage of job (MB)
	6936  -  ResidentSetSize of job (KB)
...
040 (10252909.6062.000) 07/24 20:30:32 Started transferring output files
...
040 (10252909.6062.000) 07/24 20:30:32 Finished transferring output files
...
005 (10252909.6062.000) 07/24 20:30:32 Job terminated.
	(1) Normal termination (return value 0)
		Usr 0 00:00:03, Sys 0 00:00:00  -  Run Remote Usage
		Usr 0 00:00:00, Sys 0 00:00:00  -  Run Local Usage
		Usr 0 00:00:03, Sys 0 00:00:00  -  Total Remote Usage
		Usr 0 00:00:00, Sys 0 00:00:00  -  Total Local Usage
	6204  -  Run Bytes Sent By Job
	409597  -  Run Bytes Received By Job
	6204  -  Total Bytes Sent By Job
	409597  -  Total Bytes Received By Job
	Partitionable Resources :    Usage  Request Allocated 
	   Cpus                 :                 8         8 
	   Disk (KB)            :      420      425   2822860 
	   Memory (MB)          :        7    16000     16000 

	Job terminated of its own accord at 2024-07-24T18:30:32Z with exit-code 0.
...
000 (10261715.6062.000) 07/25 13:03:36 Job submitted from host: <188.185.114.121:9618?addrs=188.185.114.121-9618+[2001-1458-d00-a--100-273]-9618&alias=bigbird19.cern.ch&noUDP&sock=schedd_4961_696e>
...
009 (10261715.6062.000) 07/25 13:07:07 Job was aborted.
	via condor_rm (by user yelberke)
...
000 (10261767.6062.000) 07/25 13:20:50 Job submitted from host: <188.185.114.121:9618?addrs=188.185.114.121-9618+[2001-1458-d00-a--100-273]-9618&alias=bigbird19.cern.ch&noUDP&sock=schedd_4961_696e>
...
040 (10261767.6062.000) 07/25 15:01:21 Started transferring input files
	Transferring to host: <188.185.205.58:9618?addrs=188.185.205.58-9618+[2001-1458-303-9--100-ae]-9618&alias=b9p03p9210.cern.ch&noUDP&sock=slot1_9_7418_66e7_157475>
...
040 (10261767.6062.000) 07/25 15:01:21 Finished transferring input files
...
001 (10261767.6062.000) 07/25 15:01:22 Job executing on host: <188.185.205.58:9618?addrs=188.185.205.58-9618+[2001-1458-303-9--100-ae]-9618&alias=b9p03p9210.cern.ch&noUDP&sock=startd_7350_112f>
	SlotName: slot1_9@b9p03p9210.cern.ch
	CondorScratchDir = "/pool/condor/dir_3784483"
	Cpus = 12
	Disk = 2658997
	Memory = 24000
...
006 (10261767.6062.000) 07/25 15:01:28 Image size of job updated: 159924
	7  -  MemoryUsage of job (MB)
	6260  -  ResidentSetSize of job (KB)
...
040 (10261767.6062.000) 07/25 15:01:28 Started transferring output files
...
040 (10261767.6062.000) 07/25 15:01:28 Finished transferring output files
...
005 (10261767.6062.000) 07/25 15:01:28 Job terminated.
	(1) Normal termination (return value 0)
		Usr 0 00:00:04, Sys 0 00:00:00  -  Run Remote Usage
		Usr 0 00:00:00, Sys 0 00:00:00  -  Run Local Usage
		Usr 0 00:00:04, Sys 0 00:00:00  -  Total Remote Usage
		Usr 0 00:00:00, Sys 0 00:00:00  -  Total Local Usage
	6676  -  Run Bytes Sent By Job
	409597  -  Run Bytes Received By Job
	6676  -  Total Bytes Sent By Job
	409597  -  Total Bytes Received By Job
	Partitionable Resources :    Usage  Request Allocated 
	   Cpus                 :        0       12        12 
	   Disk (KB)            :      429      425   2658997 
	   Memory (MB)          :        7    24000     24000 

	Job terminated of its own accord at 2024-07-25T13:01:28Z with exit-code 0.
...
000 (10284266.6062.000) 08/02 15:47:31 Job submitted from host: <188.185.114.121:9618?addrs=188.185.114.121-9618+[2001-1458-d00-a--100-273]-9618&alias=bigbird19.cern.ch&noUDP&sock=schedd_4961_696e>
...
000 (10284267.6062.000) 08/02 15:50:16 Job submitted from host: <188.185.114.121:9618?addrs=188.185.114.121-9618+[2001-1458-d00-a--100-273]-9618&alias=bigbird19.cern.ch&noUDP&sock=schedd_4961_696e>
...
009 (10284266.6062.000) 08/02 15:50:42 Job was aborted.
	via condor_rm (by user yelberke)
...
040 (10284267.6062.000) 08/02 17:14:10 Started transferring input files
	Transferring to host: <188.185.204.192:9618?addrs=188.185.204.192-9618+[2001-1458-303-8--100-b4]-9618&alias=b9p02p2177.cern.ch&noUDP&sock=slot1_5_5286_3710_171502>
...
040 (10284267.6062.000) 08/02 17:14:10 Finished transferring input files
...
001 (10284267.6062.000) 08/02 17:14:11 Job executing on host: <188.185.204.192:9618?addrs=188.185.204.192-9618+[2001-1458-303-8--100-b4]-9618&alias=b9p02p2177.cern.ch&noUDP&sock=startd_4793_2d85>
	SlotName: slot1_5@b9p02p2177.cern.ch
	CondorScratchDir = "/pool/condor/dir_263261"
	Cpus = 12
	Disk = 2808882
	Memory = 24000
...
006 (10284267.6062.000) 08/02 17:14:13 Image size of job updated: 325332
	4  -  MemoryUsage of job (MB)
	3568  -  ResidentSetSize of job (KB)
...
040 (10284267.6062.000) 08/02 17:14:13 Started transferring output files
...
040 (10284267.6062.000) 08/02 17:14:13 Finished transferring output files
...
005 (10284267.6062.000) 08/02 17:14:13 Job terminated.
	(1) Normal termination (return value 139)
		Usr 0 00:00:01, Sys 0 00:00:00  -  Run Remote Usage
		Usr 0 00:00:00, Sys 0 00:00:00  -  Run Local Usage
		Usr 0 00:00:01, Sys 0 00:00:00  -  Total Remote Usage
		Usr 0 00:00:00, Sys 0 00:00:00  -  Total Local Usage
	7696  -  Run Bytes Sent By Job
	409597  -  Run Bytes Received By Job
	7696  -  Total Bytes Sent By Job
	409597  -  Total Bytes Received By Job
	Partitionable Resources :    Usage  Request Allocated 
	   Cpus                 :        0       12        12 
	   Disk (KB)            :      430      425   2808882 
	   Memory (MB)          :        4    24000     24000 

	Job terminated of its own accord at 2024-08-02T15:14:13Z with exit-code 139.
...
