000 (10252905.6078.000) 07/24 16:13:23 Job submitted from host: <188.185.114.121:9618?addrs=188.185.114.121-9618+[2001-1458-d00-a--100-273]-9618&alias=bigbird19.cern.ch&noUDP&sock=schedd_4961_696e>
...
009 (10252905.6078.000) 07/24 16:14:53 Job was aborted.
	via condor_rm (by user yelberke)
...
000 (10252906.6078.000) 07/24 16:15:41 Job submitted from host: <188.185.114.121:9618?addrs=188.185.114.121-9618+[2001-1458-d00-a--100-273]-9618&alias=bigbird19.cern.ch&noUDP&sock=schedd_4961_696e>
...
000 (10252907.6078.000) 07/24 16:17:36 Job submitted from host: <188.185.114.121:9618?addrs=188.185.114.121-9618+[2001-1458-d00-a--100-273]-9618&alias=bigbird19.cern.ch&noUDP&sock=schedd_4961_696e>
...
000 (10252908.6078.000) 07/24 16:18:09 Job submitted from host: <188.185.114.121:9618?addrs=188.185.114.121-9618+[2001-1458-d00-a--100-273]-9618&alias=bigbird19.cern.ch&noUDP&sock=schedd_4961_696e>
...
000 (10252909.6078.000) 07/24 16:18:45 Job submitted from host: <188.185.114.121:9618?addrs=188.185.114.121-9618+[2001-1458-d00-a--100-273]-9618&alias=bigbird19.cern.ch&noUDP&sock=schedd_4961_696e>
...
040 (10252906.6078.000) 07/24 17:30:45 Started transferring input files
	Transferring to host: <188.185.192.16:9618?addrs=188.185.192.16-9618+[2001-1458-303-1f--100-c]-9618&alias=b9p13p3146.cern.ch&noUDP&sock=slot1_8_3690102_6e62_6156>
...
040 (10252906.6078.000) 07/24 17:30:45 Finished transferring input files
...
001 (10252906.6078.000) 07/24 17:30:46 Job executing on host: <188.185.192.16:9618?addrs=188.185.192.16-9618+[2001-1458-303-1f--100-c]-9618&alias=b9p13p3146.cern.ch&noUDP&sock=startd_128866_ef94>
	SlotName: slot1_8@b9p13p3146.cern.ch
	CondorScratchDir = "/pool/condor/dir_1455498"
	Cpus = 8
	Disk = 2924474
	Memory = 16000
...
006 (10252906.6078.000) 07/24 17:30:54 Image size of job updated: 1
	0  -  MemoryUsage of job (MB)
	0  -  ResidentSetSize of job (KB)
...
006 (10252906.6078.000) 07/24 17:31:20 Image size of job updated: 159864
	9  -  MemoryUsage of job (MB)
	8784  -  ResidentSetSize of job (KB)
...
040 (10252906.6078.000) 07/24 17:31:20 Started transferring output files
...
040 (10252906.6078.000) 07/24 17:31:20 Finished transferring output files
...
005 (10252906.6078.000) 07/24 17:31:20 Job terminated.
	(1) Normal termination (return value 0)
		Usr 0 00:00:07, Sys 0 00:00:00  -  Run Remote Usage
		Usr 0 00:00:00, Sys 0 00:00:00  -  Run Local Usage
		Usr 0 00:00:07, Sys 0 00:00:00  -  Total Remote Usage
		Usr 0 00:00:00, Sys 0 00:00:00  -  Total Local Usage
	6201  -  Run Bytes Sent By Job
	409597  -  Run Bytes Received By Job
	6201  -  Total Bytes Sent By Job
	409597  -  Total Bytes Received By Job
	Partitionable Resources :    Usage  Request Allocated 
	   Cpus                 :        0        8         8 
	   Disk (KB)            :      428      425   2924474 
	   Memory (MB)          :        9    16000     16000 

	Job terminated of its own accord at 2024-07-24T15:31:20Z with exit-code 0.
...
040 (10252907.6078.000) 07/24 18:30:03 Started transferring input files
	Transferring to host: <188.185.205.17:9618?addrs=188.185.205.17-9618&alias=b9p03p5714.cern.ch&noUDP&sock=slot1_14_7390_ac66_156001>
...
040 (10252907.6078.000) 07/24 18:30:03 Finished transferring input files
...
001 (10252907.6078.000) 07/24 18:30:04 Job executing on host: <188.185.205.17:9618?addrs=188.185.205.17-9618&alias=b9p03p5714.cern.ch&noUDP&sock=startd_7321_2cf0>
	SlotName: slot1_14@b9p03p5714.cern.ch
	CondorScratchDir = "/pool/condor/dir_1332978"
	Cpus = 8
	Disk = 2807025
	Memory = 16000
...
006 (10252907.6078.000) 07/24 18:30:10 Image size of job updated: 159804
	8  -  MemoryUsage of job (MB)
	7396  -  ResidentSetSize of job (KB)
...
040 (10252907.6078.000) 07/24 18:30:10 Started transferring output files
...
040 (10252907.6078.000) 07/24 18:30:10 Finished transferring output files
...
005 (10252907.6078.000) 07/24 18:30:10 Job terminated.
	(1) Normal termination (return value 0)
		Usr 0 00:00:03, Sys 0 00:00:00  -  Run Remote Usage
		Usr 0 00:00:00, Sys 0 00:00:00  -  Run Local Usage
		Usr 0 00:00:03, Sys 0 00:00:00  -  Total Remote Usage
		Usr 0 00:00:00, Sys 0 00:00:00  -  Total Local Usage
	6204  -  Run Bytes Sent By Job
	409597  -  Run Bytes Received By Job
	6204  -  Total Bytes Sent By Job
	409597  -  Total Bytes Received By Job
	Partitionable Resources :    Usage  Request Allocated 
	   Cpus                 :        0        8         8 
	   Disk (KB)            :      428      425   2807025 
	   Memory (MB)          :        8    16000     16000 

	Job terminated of its own accord at 2024-07-24T16:30:10Z with exit-code 0.
...
040 (10252908.6078.000) 07/24 19:36:14 Started transferring input files
	Transferring to host: <188.185.205.58:9618?addrs=188.185.205.58-9618+[2001-1458-303-9--100-ae]-9618&alias=b9p03p9210.cern.ch&noUDP&sock=slot1_15_7418_66e7_156511>
...
040 (10252908.6078.000) 07/24 19:36:14 Finished transferring input files
...
001 (10252908.6078.000) 07/24 19:36:15 Job executing on host: <188.185.205.58:9618?addrs=188.185.205.58-9618+[2001-1458-303-9--100-ae]-9618&alias=b9p03p9210.cern.ch&noUDP&sock=startd_7350_112f>
	SlotName: slot1_15@b9p03p9210.cern.ch
	CondorScratchDir = "/pool/condor/dir_2940887"
	Cpus = 8
	Disk = 2877736
	Memory = 16000
...
006 (10252908.6078.000) 07/24 19:36:19 Image size of job updated: 160924
	8  -  MemoryUsage of job (MB)
	8148  -  ResidentSetSize of job (KB)
...
040 (10252908.6078.000) 07/24 19:36:19 Started transferring output files
...
040 (10252908.6078.000) 07/24 19:36:19 Finished transferring output files
...
005 (10252908.6078.000) 07/24 19:36:19 Job terminated.
	(1) Normal termination (return value 0)
		Usr 0 00:00:03, Sys 0 00:00:00  -  Run Remote Usage
		Usr 0 00:00:00, Sys 0 00:00:00  -  Run Local Usage
		Usr 0 00:00:03, Sys 0 00:00:00  -  Total Remote Usage
		Usr 0 00:00:00, Sys 0 00:00:00  -  Total Local Usage
	6204  -  Run Bytes Sent By Job
	409597  -  Run Bytes Received By Job
	6204  -  Total Bytes Sent By Job
	409597  -  Total Bytes Received By Job
	Partitionable Resources :    Usage  Request Allocated 
	   Cpus                 :        0        8         8 
	   Disk (KB)            :      428      425   2877736 
	   Memory (MB)          :        8    16000     16000 

	Job terminated of its own accord at 2024-07-24T17:36:19Z with exit-code 0.
...
040 (10252909.6078.000) 07/24 20:32:48 Started transferring input files
	Transferring to host: <188.185.206.146:9618?addrs=188.185.206.146-9618+[2001-1458-303-c--100-f]-9618&alias=b9p06p2855.cern.ch&noUDP&sock=slot1_11_7633_e38f_51961>
...
040 (10252909.6078.000) 07/24 20:32:48 Finished transferring input files
...
001 (10252909.6078.000) 07/24 20:32:49 Job executing on host: <188.185.206.146:9618?addrs=188.185.206.146-9618+[2001-1458-303-c--100-f]-9618&alias=b9p06p2855.cern.ch&noUDP&sock=startd_6565_9f57>
	SlotName: slot1_11@b9p06p2855.cern.ch
	CondorScratchDir = "/pool/condor/dir_530326"
	Cpus = 8
	Disk = 2777278
	Memory = 16000
...
006 (10252909.6078.000) 07/24 20:32:54 Image size of job updated: 159892
	8  -  MemoryUsage of job (MB)
	7440  -  ResidentSetSize of job (KB)
...
040 (10252909.6078.000) 07/24 20:32:54 Started transferring output files
...
040 (10252909.6078.000) 07/24 20:32:54 Finished transferring output files
...
005 (10252909.6078.000) 07/24 20:32:54 Job terminated.
	(1) Normal termination (return value 0)
		Usr 0 00:00:04, Sys 0 00:00:00  -  Run Remote Usage
		Usr 0 00:00:00, Sys 0 00:00:00  -  Run Local Usage
		Usr 0 00:00:04, Sys 0 00:00:00  -  Total Remote Usage
		Usr 0 00:00:00, Sys 0 00:00:00  -  Total Local Usage
	6204  -  Run Bytes Sent By Job
	409597  -  Run Bytes Received By Job
	6204  -  Total Bytes Sent By Job
	409597  -  Total Bytes Received By Job
	Partitionable Resources :    Usage  Request Allocated 
	   Cpus                 :        0        8         8 
	   Disk (KB)            :      428      425   2777278 
	   Memory (MB)          :        8    16000     16000 

	Job terminated of its own accord at 2024-07-24T18:32:54Z with exit-code 0.
...
000 (10261715.6078.000) 07/25 13:03:37 Job submitted from host: <188.185.114.121:9618?addrs=188.185.114.121-9618+[2001-1458-d00-a--100-273]-9618&alias=bigbird19.cern.ch&noUDP&sock=schedd_4961_696e>
...
009 (10261715.6078.000) 07/25 13:07:07 Job was aborted.
	via condor_rm (by user yelberke)
...
000 (10261767.6078.000) 07/25 13:20:50 Job submitted from host: <188.185.114.121:9618?addrs=188.185.114.121-9618+[2001-1458-d00-a--100-273]-9618&alias=bigbird19.cern.ch&noUDP&sock=schedd_4961_696e>
...
040 (10261767.6078.000) 07/25 15:01:26 Started transferring input files
	Transferring to host: <188.185.205.211:9618?addrs=188.185.205.211-9618&alias=b9p04p3844.cern.ch&noUDP&sock=slot1_15_6874_1ad1_154232>
...
040 (10261767.6078.000) 07/25 15:01:26 Finished transferring input files
...
001 (10261767.6078.000) 07/25 15:01:27 Job executing on host: <188.185.205.211:9618?addrs=188.185.205.211-9618&alias=b9p04p3844.cern.ch&noUDP&sock=startd_6807_9d42>
	SlotName: slot1_15@b9p04p3844.cern.ch
	CondorScratchDir = "/pool/condor/dir_2705229"
	Cpus = 12
	Disk = 2727417
	Memory = 24000
...
006 (10261767.6078.000) 07/25 15:01:31 Image size of job updated: 162044
	8  -  MemoryUsage of job (MB)
	7780  -  ResidentSetSize of job (KB)
...
040 (10261767.6078.000) 07/25 15:01:31 Started transferring output files
...
040 (10261767.6078.000) 07/25 15:01:32 Finished transferring output files
...
005 (10261767.6078.000) 07/25 15:01:32 Job terminated.
	(1) Normal termination (return value 0)
		Usr 0 00:00:03, Sys 0 00:00:00  -  Run Remote Usage
		Usr 0 00:00:00, Sys 0 00:00:00  -  Run Local Usage
		Usr 0 00:00:03, Sys 0 00:00:00  -  Total Remote Usage
		Usr 0 00:00:00, Sys 0 00:00:00  -  Total Local Usage
	6676  -  Run Bytes Sent By Job
	409597  -  Run Bytes Received By Job
	6676  -  Total Bytes Sent By Job
	409597  -  Total Bytes Received By Job
	Partitionable Resources :    Usage  Request Allocated 
	   Cpus                 :        0       12        12 
	   Disk (KB)            :      428      425   2727417 
	   Memory (MB)          :        8    24000     24000 

	Job terminated of its own accord at 2024-07-25T13:01:31Z with exit-code 0.
...
000 (10284266.6078.000) 08/02 15:47:32 Job submitted from host: <188.185.114.121:9618?addrs=188.185.114.121-9618+[2001-1458-d00-a--100-273]-9618&alias=bigbird19.cern.ch&noUDP&sock=schedd_4961_696e>
...
000 (10284267.6078.000) 08/02 15:50:16 Job submitted from host: <188.185.114.121:9618?addrs=188.185.114.121-9618+[2001-1458-d00-a--100-273]-9618&alias=bigbird19.cern.ch&noUDP&sock=schedd_4961_696e>
...
009 (10284266.6078.000) 08/02 15:50:42 Job was aborted.
	via condor_rm (by user yelberke)
...
040 (10284267.6078.000) 08/02 17:14:15 Started transferring input files
	Transferring to host: <188.185.206.142:9618?addrs=188.185.206.142-9618&alias=b9p06p3480.cern.ch&noUDP&sock=slot1_8_6901_20f2_170262>
...
040 (10284267.6078.000) 08/02 17:14:15 Finished transferring input files
...
001 (10284267.6078.000) 08/02 17:14:16 Job executing on host: <188.185.206.142:9618?addrs=188.185.206.142-9618&alias=b9p06p3480.cern.ch&noUDP&sock=startd_6833_72b8>
	SlotName: slot1_8@b9p06p3480.cern.ch
	CondorScratchDir = "/pool/condor/dir_684017"
	Cpus = 12
	Disk = 2692242
	Memory = 24000
...
006 (10284267.6078.000) 08/02 17:14:18 Image size of job updated: 327308
	6  -  MemoryUsage of job (MB)
	5352  -  ResidentSetSize of job (KB)
...
040 (10284267.6078.000) 08/02 17:14:18 Started transferring output files
...
040 (10284267.6078.000) 08/02 17:14:18 Finished transferring output files
...
005 (10284267.6078.000) 08/02 17:14:18 Job terminated.
	(1) Normal termination (return value 139)
		Usr 0 00:00:02, Sys 0 00:00:01  -  Run Remote Usage
		Usr 0 00:00:00, Sys 0 00:00:00  -  Run Local Usage
		Usr 0 00:00:02, Sys 0 00:00:01  -  Total Remote Usage
		Usr 0 00:00:00, Sys 0 00:00:00  -  Total Local Usage
	7696  -  Run Bytes Sent By Job
	409597  -  Run Bytes Received By Job
	7696  -  Total Bytes Sent By Job
	409597  -  Total Bytes Received By Job
	Partitionable Resources :    Usage  Request Allocated 
	   Cpus                 :        0       12        12 
	   Disk (KB)            :      429      425   2692242 
	   Memory (MB)          :        6    24000     24000 

	Job terminated of its own accord at 2024-08-02T15:14:18Z with exit-code 139.
...
