000 (10252905.6147.000) 07/24 16:13:23 Job submitted from host: <188.185.114.121:9618?addrs=188.185.114.121-9618+[2001-1458-d00-a--100-273]-9618&alias=bigbird19.cern.ch&noUDP&sock=schedd_4961_696e>
...
009 (10252905.6147.000) 07/24 16:14:53 Job was aborted.
	via condor_rm (by user yelberke)
...
000 (10252906.6147.000) 07/24 16:15:41 Job submitted from host: <188.185.114.121:9618?addrs=188.185.114.121-9618+[2001-1458-d00-a--100-273]-9618&alias=bigbird19.cern.ch&noUDP&sock=schedd_4961_696e>
...
000 (10252907.6147.000) 07/24 16:17:36 Job submitted from host: <188.185.114.121:9618?addrs=188.185.114.121-9618+[2001-1458-d00-a--100-273]-9618&alias=bigbird19.cern.ch&noUDP&sock=schedd_4961_696e>
...
000 (10252908.6147.000) 07/24 16:18:09 Job submitted from host: <188.185.114.121:9618?addrs=188.185.114.121-9618+[2001-1458-d00-a--100-273]-9618&alias=bigbird19.cern.ch&noUDP&sock=schedd_4961_696e>
...
000 (10252909.6147.000) 07/24 16:18:45 Job submitted from host: <188.185.114.121:9618?addrs=188.185.114.121-9618+[2001-1458-d00-a--100-273]-9618&alias=bigbird19.cern.ch&noUDP&sock=schedd_4961_696e>
...
040 (10252906.6147.000) 07/24 17:31:09 Started transferring input files
	Transferring to host: <188.185.196.153:9618?addrs=188.185.196.153-9618+[2001-1458-303-23--100-95]-9618&alias=b9p16p4833.cern.ch&noUDP&sock=slot1_35_2087217_f1e5_500>
...
040 (10252906.6147.000) 07/24 17:31:09 Finished transferring input files
...
001 (10252906.6147.000) 07/24 17:31:10 Job executing on host: <188.185.196.153:9618?addrs=188.185.196.153-9618+[2001-1458-303-23--100-95]-9618&alias=b9p16p4833.cern.ch&noUDP&sock=startd_3439466_2c05>
	SlotName: slot1_35@b9p16p4833.cern.ch
	CondorScratchDir = "/pool/condor/dir_496087"
	Cpus = 8
	Disk = 2851828
	Memory = 16000
...
006 (10252906.6147.000) 07/24 17:31:16 Image size of job updated: 159776
	8  -  MemoryUsage of job (MB)
	7524  -  ResidentSetSize of job (KB)
...
040 (10252906.6147.000) 07/24 17:31:16 Started transferring output files
...
040 (10252906.6147.000) 07/24 17:31:16 Finished transferring output files
...
005 (10252906.6147.000) 07/24 17:31:16 Job terminated.
	(1) Normal termination (return value 0)
		Usr 0 00:00:04, Sys 0 00:00:00  -  Run Remote Usage
		Usr 0 00:00:00, Sys 0 00:00:00  -  Run Local Usage
		Usr 0 00:00:04, Sys 0 00:00:00  -  Total Remote Usage
		Usr 0 00:00:00, Sys 0 00:00:00  -  Total Local Usage
	6201  -  Run Bytes Sent By Job
	409597  -  Run Bytes Received By Job
	6201  -  Total Bytes Sent By Job
	409597  -  Total Bytes Received By Job
	Partitionable Resources :    Usage  Request Allocated 
	   Cpus                 :        0        8         8 
	   Disk (KB)            :      428      425   2851828 
	   Memory (MB)          :        8    16000     16000 

	Job terminated of its own accord at 2024-07-24T15:31:16Z with exit-code 0.
...
040 (10252907.6147.000) 07/24 18:30:27 Started transferring input files
	Transferring to host: <188.185.207.209:9618?addrs=188.185.207.209-9618+[2001-1458-303-e--100-4e]-9618&alias=b9p08p4700.cern.ch&noUDP&sock=slot1_8_5492_5c58_145617>
...
040 (10252907.6147.000) 07/24 18:30:27 Finished transferring input files
...
001 (10252907.6147.000) 07/24 18:30:28 Job executing on host: <188.185.207.209:9618?addrs=188.185.207.209-9618+[2001-1458-303-e--100-4e]-9618&alias=b9p08p4700.cern.ch&noUDP&sock=startd_4631_0f2d>
	SlotName: slot1_8@b9p08p4700.cern.ch
	CondorScratchDir = "/pool/condor/dir_117379"
	Cpus = 8
	Disk = 2615336
	Memory = 16000
...
006 (10252907.6147.000) 07/24 18:30:32 Image size of job updated: 160104
	8  -  MemoryUsage of job (MB)
	7652  -  ResidentSetSize of job (KB)
...
040 (10252907.6147.000) 07/24 18:30:33 Started transferring output files
...
040 (10252907.6147.000) 07/24 18:30:33 Finished transferring output files
...
005 (10252907.6147.000) 07/24 18:30:33 Job terminated.
	(1) Normal termination (return value 0)
		Usr 0 00:00:03, Sys 0 00:00:00  -  Run Remote Usage
		Usr 0 00:00:00, Sys 0 00:00:00  -  Run Local Usage
		Usr 0 00:00:03, Sys 0 00:00:00  -  Total Remote Usage
		Usr 0 00:00:00, Sys 0 00:00:00  -  Total Local Usage
	6204  -  Run Bytes Sent By Job
	409597  -  Run Bytes Received By Job
	6204  -  Total Bytes Sent By Job
	409597  -  Total Bytes Received By Job
	Partitionable Resources :    Usage  Request Allocated 
	   Cpus                 :     0.07        8         8 
	   Disk (KB)            :   428         425   2615336 
	   Memory (MB)          :     8       16000     16000 

	Job terminated of its own accord at 2024-07-24T16:30:32Z with exit-code 0.
...
040 (10252908.6147.000) 07/24 19:36:35 Started transferring input files
	Transferring to host: <188.185.206.220:9618?addrs=188.185.206.220-9618&alias=b9p06p0934.cern.ch&noUDP&sock=slot1_43_17773_6fac_155408>
...
040 (10252908.6147.000) 07/24 19:36:35 Finished transferring input files
...
001 (10252908.6147.000) 07/24 19:36:36 Job executing on host: <188.185.206.220:9618?addrs=188.185.206.220-9618&alias=b9p06p0934.cern.ch&noUDP&sock=startd_16758_2c2f>
	SlotName: slot1_43@b9p06p0934.cern.ch
	CondorScratchDir = "/pool/condor/dir_1474660"
	Cpus = 8
	Disk = 2777976
	Memory = 16000
...
006 (10252908.6147.000) 07/24 19:36:40 Image size of job updated: 160748
	8  -  MemoryUsage of job (MB)
	7972  -  ResidentSetSize of job (KB)
...
040 (10252908.6147.000) 07/24 19:36:40 Started transferring output files
...
040 (10252908.6147.000) 07/24 19:36:40 Finished transferring output files
...
005 (10252908.6147.000) 07/24 19:36:40 Job terminated.
	(1) Normal termination (return value 0)
		Usr 0 00:00:03, Sys 0 00:00:00  -  Run Remote Usage
		Usr 0 00:00:00, Sys 0 00:00:00  -  Run Local Usage
		Usr 0 00:00:03, Sys 0 00:00:00  -  Total Remote Usage
		Usr 0 00:00:00, Sys 0 00:00:00  -  Total Local Usage
	6204  -  Run Bytes Sent By Job
	409597  -  Run Bytes Received By Job
	6204  -  Total Bytes Sent By Job
	409597  -  Total Bytes Received By Job
	Partitionable Resources :    Usage  Request Allocated 
	   Cpus                 :        0        8         8 
	   Disk (KB)            :      427      425   2777976 
	   Memory (MB)          :        8    16000     16000 

	Job terminated of its own accord at 2024-07-24T17:36:40Z with exit-code 0.
...
040 (10252909.6147.000) 07/24 20:30:56 Started transferring input files
	Transferring to host: <188.185.209.35:9618?addrs=188.185.209.35-9618+[2001-1458-303-11--100-20]-9618&alias=b9p11p8066.cern.ch&noUDP&sock=slot1_10_4904_0fc0_144122>
...
040 (10252909.6147.000) 07/24 20:30:56 Finished transferring input files
...
001 (10252909.6147.000) 07/24 20:30:57 Job executing on host: <188.185.209.35:9618?addrs=188.185.209.35-9618+[2001-1458-303-11--100-20]-9618&alias=b9p11p8066.cern.ch&noUDP&sock=startd_4188_32b8>
	SlotName: slot1_10@b9p11p8066.cern.ch
	CondorScratchDir = "/pool/condor/dir_1804992"
	Cpus = 8
	Disk = 2706711
	Memory = 16000
...
006 (10252909.6147.000) 07/24 20:31:01 Image size of job updated: 159352
	8  -  MemoryUsage of job (MB)
	7288  -  ResidentSetSize of job (KB)
...
040 (10252909.6147.000) 07/24 20:31:01 Started transferring output files
...
040 (10252909.6147.000) 07/24 20:31:01 Finished transferring output files
...
005 (10252909.6147.000) 07/24 20:31:01 Job terminated.
	(1) Normal termination (return value 0)
		Usr 0 00:00:03, Sys 0 00:00:00  -  Run Remote Usage
		Usr 0 00:00:00, Sys 0 00:00:00  -  Run Local Usage
		Usr 0 00:00:03, Sys 0 00:00:00  -  Total Remote Usage
		Usr 0 00:00:00, Sys 0 00:00:00  -  Total Local Usage
	6204  -  Run Bytes Sent By Job
	409597  -  Run Bytes Received By Job
	6204  -  Total Bytes Sent By Job
	409597  -  Total Bytes Received By Job
	Partitionable Resources :    Usage  Request Allocated 
	   Cpus                 :        0        8         8 
	   Disk (KB)            :      428      425   2706711 
	   Memory (MB)          :        8    16000     16000 

	Job terminated of its own accord at 2024-07-24T18:31:01Z with exit-code 0.
...
000 (10261715.6147.000) 07/25 13:03:38 Job submitted from host: <188.185.114.121:9618?addrs=188.185.114.121-9618+[2001-1458-d00-a--100-273]-9618&alias=bigbird19.cern.ch&noUDP&sock=schedd_4961_696e>
...
009 (10261715.6147.000) 07/25 13:07:07 Job was aborted.
	via condor_rm (by user yelberke)
...
000 (10261767.6147.000) 07/25 13:20:50 Job submitted from host: <188.185.114.121:9618?addrs=188.185.114.121-9618+[2001-1458-d00-a--100-273]-9618&alias=bigbird19.cern.ch&noUDP&sock=schedd_4961_696e>
...
040 (10261767.6147.000) 07/25 15:01:49 Started transferring input files
	Transferring to host: <188.185.205.207:9618?addrs=188.185.205.207-9618+[2001-1458-303-a--100-4c]-9618&alias=b9p04p5778.cern.ch&noUDP&sock=slot1_5_7408_5b26_159442>
...
040 (10261767.6147.000) 07/25 15:01:49 Finished transferring input files
...
001 (10261767.6147.000) 07/25 15:01:50 Job executing on host: <188.185.205.207:9618?addrs=188.185.205.207-9618+[2001-1458-303-a--100-4c]-9618&alias=b9p04p5778.cern.ch&noUDP&sock=startd_7340_353c>
	SlotName: slot1_5@b9p04p5778.cern.ch
	CondorScratchDir = "/pool/condor/dir_2795668"
	Cpus = 12
	Disk = 2838424
	Memory = 24000
...
006 (10261767.6147.000) 07/25 15:01:56 Image size of job updated: 161280
	8  -  MemoryUsage of job (MB)
	7216  -  ResidentSetSize of job (KB)
...
040 (10261767.6147.000) 07/25 15:01:56 Started transferring output files
...
040 (10261767.6147.000) 07/25 15:01:56 Finished transferring output files
...
005 (10261767.6147.000) 07/25 15:01:56 Job terminated.
	(1) Normal termination (return value 0)
		Usr 0 00:00:03, Sys 0 00:00:00  -  Run Remote Usage
		Usr 0 00:00:00, Sys 0 00:00:00  -  Run Local Usage
		Usr 0 00:00:03, Sys 0 00:00:00  -  Total Remote Usage
		Usr 0 00:00:00, Sys 0 00:00:00  -  Total Local Usage
	6676  -  Run Bytes Sent By Job
	409597  -  Run Bytes Received By Job
	6676  -  Total Bytes Sent By Job
	409597  -  Total Bytes Received By Job
	Partitionable Resources :    Usage  Request Allocated 
	   Cpus                 :        0       12        12 
	   Disk (KB)            :      429      425   2838424 
	   Memory (MB)          :        8    24000     24000 

	Job terminated of its own accord at 2024-07-25T13:01:56Z with exit-code 0.
...
000 (10284266.6147.000) 08/02 15:47:33 Job submitted from host: <188.185.114.121:9618?addrs=188.185.114.121-9618+[2001-1458-d00-a--100-273]-9618&alias=bigbird19.cern.ch&noUDP&sock=schedd_4961_696e>
...
000 (10284267.6147.000) 08/02 15:50:16 Job submitted from host: <188.185.114.121:9618?addrs=188.185.114.121-9618+[2001-1458-d00-a--100-273]-9618&alias=bigbird19.cern.ch&noUDP&sock=schedd_4961_696e>
...
009 (10284266.6147.000) 08/02 15:50:43 Job was aborted.
	via condor_rm (by user yelberke)
...
040 (10284267.6147.000) 08/02 17:14:37 Started transferring input files
	Transferring to host: <188.185.209.204:9618?addrs=188.185.209.204-9618+[2001-1458-303-12--100-49]-9618&alias=b9p12p0289.cern.ch&noUDP&sock=slot1_5_133009_9f7a_152912>
...
040 (10284267.6147.000) 08/02 17:14:37 Finished transferring input files
...
001 (10284267.6147.000) 08/02 17:14:38 Job executing on host: <188.185.209.204:9618?addrs=188.185.209.204-9618+[2001-1458-303-12--100-49]-9618&alias=b9p12p0289.cern.ch&noUDP&sock=startd_118299_da50>
	SlotName: slot1_5@b9p12p0289.cern.ch
	CondorScratchDir = "/pool/condor/dir_1254389"
	Cpus = 12
	Disk = 2525467
	Memory = 24000
...
006 (10284267.6147.000) 08/02 17:14:40 Image size of job updated: 327864
	6  -  MemoryUsage of job (MB)
	5588  -  ResidentSetSize of job (KB)
...
040 (10284267.6147.000) 08/02 17:14:40 Started transferring output files
...
040 (10284267.6147.000) 08/02 17:14:40 Finished transferring output files
...
005 (10284267.6147.000) 08/02 17:14:40 Job terminated.
	(1) Normal termination (return value 139)
		Usr 0 00:00:01, Sys 0 00:00:00  -  Run Remote Usage
		Usr 0 00:00:00, Sys 0 00:00:00  -  Run Local Usage
		Usr 0 00:00:01, Sys 0 00:00:00  -  Total Remote Usage
		Usr 0 00:00:00, Sys 0 00:00:00  -  Total Local Usage
	7696  -  Run Bytes Sent By Job
	409597  -  Run Bytes Received By Job
	7696  -  Total Bytes Sent By Job
	409597  -  Total Bytes Received By Job
	Partitionable Resources :    Usage  Request Allocated 
	   Cpus                 :        0       12        12 
	   Disk (KB)            :      429      425   2525467 
	   Memory (MB)          :        6    24000     24000 

	Job terminated of its own accord at 2024-08-02T15:14:40Z with exit-code 139.
...
