000 (10252905.6163.000) 07/24 16:13:23 Job submitted from host: <188.185.114.121:9618?addrs=188.185.114.121-9618+[2001-1458-d00-a--100-273]-9618&alias=bigbird19.cern.ch&noUDP&sock=schedd_4961_696e>
...
009 (10252905.6163.000) 07/24 16:14:53 Job was aborted.
	via condor_rm (by user yelberke)
...
000 (10252906.6163.000) 07/24 16:15:41 Job submitted from host: <188.185.114.121:9618?addrs=188.185.114.121-9618+[2001-1458-d00-a--100-273]-9618&alias=bigbird19.cern.ch&noUDP&sock=schedd_4961_696e>
...
000 (10252907.6163.000) 07/24 16:17:36 Job submitted from host: <188.185.114.121:9618?addrs=188.185.114.121-9618+[2001-1458-d00-a--100-273]-9618&alias=bigbird19.cern.ch&noUDP&sock=schedd_4961_696e>
...
000 (10252908.6163.000) 07/24 16:18:09 Job submitted from host: <188.185.114.121:9618?addrs=188.185.114.121-9618+[2001-1458-d00-a--100-273]-9618&alias=bigbird19.cern.ch&noUDP&sock=schedd_4961_696e>
...
000 (10252909.6163.000) 07/24 16:18:45 Job submitted from host: <188.185.114.121:9618?addrs=188.185.114.121-9618+[2001-1458-d00-a--100-273]-9618&alias=bigbird19.cern.ch&noUDP&sock=schedd_4961_696e>
...
040 (10252906.6163.000) 07/24 17:31:27 Started transferring input files
	Transferring to host: <188.185.205.53:9618?addrs=188.185.205.53-9618+[2001-1458-303-9--100-a9]-9618&alias=b9p03p1668.cern.ch&noUDP&sock=slot1_8_5516_4559_154718>
...
040 (10252906.6163.000) 07/24 17:31:27 Finished transferring input files
...
001 (10252906.6163.000) 07/24 17:31:28 Job executing on host: <188.185.205.53:9618?addrs=188.185.205.53-9618+[2001-1458-303-9--100-a9]-9618&alias=b9p03p1668.cern.ch&noUDP&sock=startd_5036_db08>
	SlotName: slot1_8@b9p03p1668.cern.ch
	CondorScratchDir = "/pool/condor/dir_913308"
	Cpus = 8
	Disk = 2586387
	Memory = 16000
...
006 (10252906.6163.000) 07/24 17:31:34 Image size of job updated: 160044
	8  -  MemoryUsage of job (MB)
	7576  -  ResidentSetSize of job (KB)
...
040 (10252906.6163.000) 07/24 17:31:34 Started transferring output files
...
040 (10252906.6163.000) 07/24 17:31:34 Finished transferring output files
...
005 (10252906.6163.000) 07/24 17:31:34 Job terminated.
	(1) Normal termination (return value 0)
		Usr 0 00:00:04, Sys 0 00:00:00  -  Run Remote Usage
		Usr 0 00:00:00, Sys 0 00:00:00  -  Run Local Usage
		Usr 0 00:00:04, Sys 0 00:00:00  -  Total Remote Usage
		Usr 0 00:00:00, Sys 0 00:00:00  -  Total Local Usage
	6201  -  Run Bytes Sent By Job
	409597  -  Run Bytes Received By Job
	6201  -  Total Bytes Sent By Job
	409597  -  Total Bytes Received By Job
	Partitionable Resources :    Usage  Request Allocated 
	   Cpus                 :        0        8         8 
	   Disk (KB)            :      428      425   2586387 
	   Memory (MB)          :        8    16000     16000 

	Job terminated of its own accord at 2024-07-24T15:31:34Z with exit-code 0.
...
040 (10252907.6163.000) 07/24 18:30:33 Started transferring input files
	Transferring to host: <188.185.209.12:9618?addrs=188.185.209.12-9618+[2001-1458-303-11--100-9]-9618&alias=b9p11p3922.cern.ch&noUDP&sock=slot1_33_9942_c9cd_145513>
...
040 (10252907.6163.000) 07/24 18:30:33 Finished transferring input files
...
001 (10252907.6163.000) 07/24 18:30:34 Job executing on host: <188.185.209.12:9618?addrs=188.185.209.12-9618+[2001-1458-303-11--100-9]-9618&alias=b9p11p3922.cern.ch&noUDP&sock=startd_8580_beac>
	SlotName: slot1_33@b9p11p3922.cern.ch
	CondorScratchDir = "/pool/condor/dir_272237"
	Cpus = 8
	Disk = 2778456
	Memory = 16000
...
006 (10252907.6163.000) 07/24 18:30:38 Image size of job updated: 159584
	8  -  MemoryUsage of job (MB)
	7472  -  ResidentSetSize of job (KB)
...
040 (10252907.6163.000) 07/24 18:30:38 Started transferring output files
...
040 (10252907.6163.000) 07/24 18:30:38 Finished transferring output files
...
005 (10252907.6163.000) 07/24 18:30:38 Job terminated.
	(1) Normal termination (return value 0)
		Usr 0 00:00:03, Sys 0 00:00:00  -  Run Remote Usage
		Usr 0 00:00:00, Sys 0 00:00:00  -  Run Local Usage
		Usr 0 00:00:03, Sys 0 00:00:00  -  Total Remote Usage
		Usr 0 00:00:00, Sys 0 00:00:00  -  Total Local Usage
	6204  -  Run Bytes Sent By Job
	409597  -  Run Bytes Received By Job
	6204  -  Total Bytes Sent By Job
	409597  -  Total Bytes Received By Job
	Partitionable Resources :    Usage  Request Allocated 
	   Cpus                 :        0        8         8 
	   Disk (KB)            :      428      425   2778456 
	   Memory (MB)          :        8    16000     16000 

	Job terminated of its own accord at 2024-07-24T16:30:38Z with exit-code 0.
...
040 (10252908.6163.000) 07/24 19:36:47 Started transferring input files
	Transferring to host: <188.185.209.48:9618?addrs=188.185.209.48-9618+[2001-1458-303-11--100-2d]-9618&alias=b9p11p2682.cern.ch&noUDP&sock=slot1_2_8029_e820_143051>
...
040 (10252908.6163.000) 07/24 19:36:47 Finished transferring input files
...
001 (10252908.6163.000) 07/24 19:36:48 Job executing on host: <188.185.209.48:9618?addrs=188.185.209.48-9618+[2001-1458-303-11--100-2d]-9618&alias=b9p11p2682.cern.ch&noUDP&sock=startd_6404_3097>
	SlotName: slot1_2@b9p11p2682.cern.ch
	CondorScratchDir = "/pool/condor/dir_3457361"
	Cpus = 8
	Disk = 2773331
	Memory = 16000
...
006 (10252908.6163.000) 07/24 19:36:54 Image size of job updated: 158316
	7  -  MemoryUsage of job (MB)
	6788  -  ResidentSetSize of job (KB)
...
040 (10252908.6163.000) 07/24 19:36:54 Started transferring output files
...
040 (10252908.6163.000) 07/24 19:36:54 Finished transferring output files
...
005 (10252908.6163.000) 07/24 19:36:54 Job terminated.
	(1) Normal termination (return value 0)
		Usr 0 00:00:04, Sys 0 00:00:00  -  Run Remote Usage
		Usr 0 00:00:00, Sys 0 00:00:00  -  Run Local Usage
		Usr 0 00:00:04, Sys 0 00:00:00  -  Total Remote Usage
		Usr 0 00:00:00, Sys 0 00:00:00  -  Total Local Usage
	6204  -  Run Bytes Sent By Job
	409597  -  Run Bytes Received By Job
	6204  -  Total Bytes Sent By Job
	409597  -  Total Bytes Received By Job
	Partitionable Resources :    Usage  Request Allocated 
	   Cpus                 :        0        8         8 
	   Disk (KB)            :      428      425   2773331 
	   Memory (MB)          :        7    16000     16000 

	Job terminated of its own accord at 2024-07-24T17:36:54Z with exit-code 0.
...
040 (10252909.6163.000) 07/24 20:31:01 Started transferring input files
	Transferring to host: <188.185.208.135:9618?addrs=188.185.208.135-9618+[2001-1458-303-10--100-4]-9618&alias=b9p10p6130.cern.ch&noUDP&sock=slot1_7_20152_a82d_25541>
...
040 (10252909.6163.000) 07/24 20:31:01 Finished transferring input files
...
001 (10252909.6163.000) 07/24 20:31:02 Job executing on host: <188.185.208.135:9618?addrs=188.185.208.135-9618+[2001-1458-303-10--100-4]-9618&alias=b9p10p6130.cern.ch&noUDP&sock=startd_19164_7d0d>
	SlotName: slot1_7@b9p10p6130.cern.ch
	CondorScratchDir = "/pool/condor/dir_1040796"
	Cpus = 8
	Disk = 2990005
	Memory = 16000
...
006 (10252909.6163.000) 07/24 20:31:06 Image size of job updated: 160184
	8  -  MemoryUsage of job (MB)
	7940  -  ResidentSetSize of job (KB)
...
040 (10252909.6163.000) 07/24 20:31:06 Started transferring output files
...
040 (10252909.6163.000) 07/24 20:31:06 Finished transferring output files
...
005 (10252909.6163.000) 07/24 20:31:06 Job terminated.
	(1) Normal termination (return value 0)
		Usr 0 00:00:03, Sys 0 00:00:00  -  Run Remote Usage
		Usr 0 00:00:00, Sys 0 00:00:00  -  Run Local Usage
		Usr 0 00:00:03, Sys 0 00:00:00  -  Total Remote Usage
		Usr 0 00:00:00, Sys 0 00:00:00  -  Total Local Usage
	6204  -  Run Bytes Sent By Job
	409597  -  Run Bytes Received By Job
	6204  -  Total Bytes Sent By Job
	409597  -  Total Bytes Received By Job
	Partitionable Resources :    Usage  Request Allocated 
	   Cpus                 :        0        8         8 
	   Disk (KB)            :      428      425   2990005 
	   Memory (MB)          :        8    16000     16000 

	Job terminated of its own accord at 2024-07-24T18:31:06Z with exit-code 0.
...
000 (10261715.6163.000) 07/25 13:03:39 Job submitted from host: <188.185.114.121:9618?addrs=188.185.114.121-9618+[2001-1458-d00-a--100-273]-9618&alias=bigbird19.cern.ch&noUDP&sock=schedd_4961_696e>
...
009 (10261715.6163.000) 07/25 13:07:07 Job was aborted.
	via condor_rm (by user yelberke)
...
000 (10261767.6163.000) 07/25 13:20:51 Job submitted from host: <188.185.114.121:9618?addrs=188.185.114.121-9618+[2001-1458-d00-a--100-273]-9618&alias=bigbird19.cern.ch&noUDP&sock=schedd_4961_696e>
...
040 (10261767.6163.000) 07/25 15:01:54 Started transferring input files
	Transferring to host: <188.185.194.54:9618?addrs=188.185.194.54-9618+[2001-1458-303-21--100-32]-9618&alias=b9p20p2130.cern.ch&noUDP&sock=slot1_25_524858_b118_7704>
...
040 (10261767.6163.000) 07/25 15:01:54 Finished transferring input files
...
001 (10261767.6163.000) 07/25 15:01:55 Job executing on host: <188.185.194.54:9618?addrs=188.185.194.54-9618+[2001-1458-303-21--100-32]-9618&alias=b9p20p2130.cern.ch&noUDP&sock=startd_128412_8795>
	SlotName: slot1_25@b9p20p2130.cern.ch
	CondorScratchDir = "/pool/condor/dir_3235726"
	Cpus = 12
	Disk = 2955546
	Memory = 24000
...
006 (10261767.6163.000) 07/25 15:02:03 Image size of job updated: 487980
	476  -  MemoryUsage of job (MB)
	486772  -  ResidentSetSize of job (KB)
...
006 (10261767.6163.000) 07/25 15:02:03 Image size of job updated: 496676
	476  -  MemoryUsage of job (MB)
	486772  -  ResidentSetSize of job (KB)
...
040 (10261767.6163.000) 07/25 15:02:03 Started transferring output files
...
040 (10261767.6163.000) 07/25 15:02:03 Finished transferring output files
...
005 (10261767.6163.000) 07/25 15:02:03 Job terminated.
	(1) Normal termination (return value 0)
		Usr 0 00:00:06, Sys 0 00:00:00  -  Run Remote Usage
		Usr 0 00:00:00, Sys 0 00:00:00  -  Run Local Usage
		Usr 0 00:00:06, Sys 0 00:00:00  -  Total Remote Usage
		Usr 0 00:00:00, Sys 0 00:00:00  -  Total Local Usage
	6676  -  Run Bytes Sent By Job
	409597  -  Run Bytes Received By Job
	6676  -  Total Bytes Sent By Job
	409597  -  Total Bytes Received By Job
	Partitionable Resources :    Usage  Request Allocated 
	   Cpus                 :        0       12        12 
	   Disk (KB)            :      427      425   2955546 
	   Memory (MB)          :      476    24000     24000 

	Job terminated of its own accord at 2024-07-25T13:02:03Z with exit-code 0.
...
000 (10284266.6163.000) 08/02 15:47:34 Job submitted from host: <188.185.114.121:9618?addrs=188.185.114.121-9618+[2001-1458-d00-a--100-273]-9618&alias=bigbird19.cern.ch&noUDP&sock=schedd_4961_696e>
...
000 (10284267.6163.000) 08/02 15:50:16 Job submitted from host: <188.185.114.121:9618?addrs=188.185.114.121-9618+[2001-1458-d00-a--100-273]-9618&alias=bigbird19.cern.ch&noUDP&sock=schedd_4961_696e>
...
009 (10284266.6163.000) 08/02 15:50:43 Job was aborted.
	via condor_rm (by user yelberke)
...
040 (10284267.6163.000) 08/02 17:14:43 Started transferring input files
	Transferring to host: <188.185.205.171:9618?addrs=188.185.205.171-9618+[2001-1458-303-a--100-28]-9618&alias=b9p04p2638.cern.ch&noUDP&sock=slot1_11_7287_19c1_83365>
...
040 (10284267.6163.000) 08/02 17:14:43 Finished transferring input files
...
001 (10284267.6163.000) 08/02 17:14:44 Job executing on host: <188.185.205.171:9618?addrs=188.185.205.171-9618+[2001-1458-303-a--100-28]-9618&alias=b9p04p2638.cern.ch&noUDP&sock=startd_5941_9c3e>
	SlotName: slot1_11@b9p04p2638.cern.ch
	CondorScratchDir = "/pool/condor/dir_465130"
	Cpus = 12
	Disk = 2644399
	Memory = 24000
...
006 (10284267.6163.000) 08/02 17:14:46 Image size of job updated: 327856
	8  -  MemoryUsage of job (MB)
	7372  -  ResidentSetSize of job (KB)
...
040 (10284267.6163.000) 08/02 17:14:46 Started transferring output files
...
040 (10284267.6163.000) 08/02 17:14:46 Finished transferring output files
...
005 (10284267.6163.000) 08/02 17:14:46 Job terminated.
	(1) Normal termination (return value 139)
		Usr 0 00:00:01, Sys 0 00:00:01  -  Run Remote Usage
		Usr 0 00:00:00, Sys 0 00:00:00  -  Run Local Usage
		Usr 0 00:00:01, Sys 0 00:00:01  -  Total Remote Usage
		Usr 0 00:00:00, Sys 0 00:00:00  -  Total Local Usage
	7696  -  Run Bytes Sent By Job
	409597  -  Run Bytes Received By Job
	7696  -  Total Bytes Sent By Job
	409597  -  Total Bytes Received By Job
	Partitionable Resources :    Usage  Request Allocated 
	   Cpus                 :        0       12        12 
	   Disk (KB)            :      430      425   2644399 
	   Memory (MB)          :        8    24000     24000 

	Job terminated of its own accord at 2024-08-02T15:14:46Z with exit-code 139.
...
