000 (10252905.6225.000) 07/24 16:13:23 Job submitted from host: <188.185.114.121:9618?addrs=188.185.114.121-9618+[2001-1458-d00-a--100-273]-9618&alias=bigbird19.cern.ch&noUDP&sock=schedd_4961_696e>
...
009 (10252905.6225.000) 07/24 16:14:53 Job was aborted.
	via condor_rm (by user yelberke)
...
000 (10252906.6225.000) 07/24 16:15:41 Job submitted from host: <188.185.114.121:9618?addrs=188.185.114.121-9618+[2001-1458-d00-a--100-273]-9618&alias=bigbird19.cern.ch&noUDP&sock=schedd_4961_696e>
...
000 (10252907.6225.000) 07/24 16:17:36 Job submitted from host: <188.185.114.121:9618?addrs=188.185.114.121-9618+[2001-1458-d00-a--100-273]-9618&alias=bigbird19.cern.ch&noUDP&sock=schedd_4961_696e>
...
000 (10252908.6225.000) 07/24 16:18:09 Job submitted from host: <188.185.114.121:9618?addrs=188.185.114.121-9618+[2001-1458-d00-a--100-273]-9618&alias=bigbird19.cern.ch&noUDP&sock=schedd_4961_696e>
...
000 (10252909.6225.000) 07/24 16:18:45 Job submitted from host: <188.185.114.121:9618?addrs=188.185.114.121-9618+[2001-1458-d00-a--100-273]-9618&alias=bigbird19.cern.ch&noUDP&sock=schedd_4961_696e>
...
040 (10252906.6225.000) 07/24 17:31:34 Started transferring input files
	Transferring to host: <188.185.195.10:9618?addrs=188.185.195.10-9618+[2001-1458-303-22--100-6]-9618&alias=b9p17p5622.cern.ch&noUDP&sock=slot1_19_1599527_38ad_5153>
...
040 (10252906.6225.000) 07/24 17:31:34 Finished transferring input files
...
001 (10252906.6225.000) 07/24 17:31:35 Job executing on host: <188.185.195.10:9618?addrs=188.185.195.10-9618+[2001-1458-303-22--100-6]-9618&alias=b9p17p5622.cern.ch&noUDP&sock=startd_1599452_9d1f>
	SlotName: slot1_19@b9p17p5622.cern.ch
	CondorScratchDir = "/pool/condor/dir_3642760"
	Cpus = 8
	Disk = 2784282
	Memory = 16000
...
006 (10252906.6225.000) 07/24 17:31:43 Image size of job updated: 148556
	146  -  MemoryUsage of job (MB)
	148556  -  ResidentSetSize of job (KB)
...
006 (10252906.6225.000) 07/24 17:31:44 Image size of job updated: 156704
	146  -  MemoryUsage of job (MB)
	148556  -  ResidentSetSize of job (KB)
...
040 (10252906.6225.000) 07/24 17:31:48 Started transferring output files
...
040 (10252906.6225.000) 07/24 17:31:49 Finished transferring output files
...
005 (10252906.6225.000) 07/24 17:31:57 Job terminated.
	(1) Normal termination (return value 0)
		Usr 0 00:00:07, Sys 0 00:00:00  -  Run Remote Usage
		Usr 0 00:00:00, Sys 0 00:00:00  -  Run Local Usage
		Usr 0 00:00:07, Sys 0 00:00:00  -  Total Remote Usage
		Usr 0 00:00:00, Sys 0 00:00:00  -  Total Local Usage
	6201  -  Run Bytes Sent By Job
	409597  -  Run Bytes Received By Job
	6201  -  Total Bytes Sent By Job
	409597  -  Total Bytes Received By Job
	Partitionable Resources :    Usage  Request Allocated 
	   Cpus                 :        0        8         8 
	   Disk (KB)            :      428      425   2784282 
	   Memory (MB)          :      146    16000     16000 

	Job terminated of its own accord at 2024-07-24T15:31:44Z with exit-code 0.
...
040 (10252907.6225.000) 07/24 18:30:56 Started transferring input files
	Transferring to host: <188.185.207.10:9618?addrs=188.185.207.10-9618+[2001-1458-303-d--100-7]-9618&alias=b9p07p2827.cern.ch&noUDP&sock=slot1_19_3557_fa6a_84272>
...
040 (10252907.6225.000) 07/24 18:30:56 Finished transferring input files
...
001 (10252907.6225.000) 07/24 18:30:57 Job executing on host: <188.185.207.10:9618?addrs=188.185.207.10-9618+[2001-1458-303-d--100-7]-9618&alias=b9p07p2827.cern.ch&noUDP&sock=startd_3468_5688>
	SlotName: slot1_19@b9p07p2827.cern.ch
	CondorScratchDir = "/pool/condor/dir_2256587"
	Cpus = 8
	Disk = 2724431
	Memory = 16000
...
006 (10252907.6225.000) 07/24 18:31:01 Image size of job updated: 159912
	8  -  MemoryUsage of job (MB)
	7784  -  ResidentSetSize of job (KB)
...
040 (10252907.6225.000) 07/24 18:31:01 Started transferring output files
...
040 (10252907.6225.000) 07/24 18:31:01 Finished transferring output files
...
005 (10252907.6225.000) 07/24 18:31:01 Job terminated.
	(1) Normal termination (return value 0)
		Usr 0 00:00:03, Sys 0 00:00:00  -  Run Remote Usage
		Usr 0 00:00:00, Sys 0 00:00:00  -  Run Local Usage
		Usr 0 00:00:03, Sys 0 00:00:00  -  Total Remote Usage
		Usr 0 00:00:00, Sys 0 00:00:00  -  Total Local Usage
	6204  -  Run Bytes Sent By Job
	409597  -  Run Bytes Received By Job
	6204  -  Total Bytes Sent By Job
	409597  -  Total Bytes Received By Job
	Partitionable Resources :    Usage  Request Allocated 
	   Cpus                 :        0        8         8 
	   Disk (KB)            :      428      425   2724431 
	   Memory (MB)          :        8    16000     16000 

	Job terminated of its own accord at 2024-07-24T16:31:01Z with exit-code 0.
...
040 (10252908.6225.000) 07/24 19:37:04 Started transferring input files
	Transferring to host: <188.185.205.184:9618?addrs=188.185.205.184-9618&alias=b9p04p9703.cern.ch&noUDP&sock=slot1_14_5652_185f_158787>
...
040 (10252908.6225.000) 07/24 19:37:04 Finished transferring input files
...
001 (10252908.6225.000) 07/24 19:37:05 Job executing on host: <188.185.205.184:9618?addrs=188.185.205.184-9618&alias=b9p04p9703.cern.ch&noUDP&sock=startd_5219_60dd>
	SlotName: slot1_14@b9p04p9703.cern.ch
	CondorScratchDir = "/pool/condor/dir_3637554"
	Cpus = 8
	Disk = 2793704
	Memory = 16000
...
006 (10252908.6225.000) 07/24 19:37:11 Image size of job updated: 165148
	10  -  MemoryUsage of job (MB)
	9956  -  ResidentSetSize of job (KB)
...
040 (10252908.6225.000) 07/24 19:37:11 Started transferring output files
...
040 (10252908.6225.000) 07/24 19:37:11 Finished transferring output files
...
005 (10252908.6225.000) 07/24 19:37:11 Job terminated.
	(1) Normal termination (return value 0)
		Usr 0 00:00:04, Sys 0 00:00:00  -  Run Remote Usage
		Usr 0 00:00:00, Sys 0 00:00:00  -  Run Local Usage
		Usr 0 00:00:04, Sys 0 00:00:00  -  Total Remote Usage
		Usr 0 00:00:00, Sys 0 00:00:00  -  Total Local Usage
	6204  -  Run Bytes Sent By Job
	409597  -  Run Bytes Received By Job
	6204  -  Total Bytes Sent By Job
	409597  -  Total Bytes Received By Job
	Partitionable Resources :    Usage  Request Allocated 
	   Cpus                 :        0        8         8 
	   Disk (KB)            :      427      425   2793704 
	   Memory (MB)          :       10    16000     16000 

	Job terminated of its own accord at 2024-07-24T17:37:11Z with exit-code 0.
...
040 (10252909.6225.000) 07/24 20:31:22 Started transferring input files
	Transferring to host: <188.185.205.36:9618?addrs=188.185.205.36-9618+[2001-1458-303-9--100-98]-9618&alias=b9p03p2178.cern.ch&noUDP&sock=slot1_44_5031_8b66_158106>
...
040 (10252909.6225.000) 07/24 20:31:22 Finished transferring input files
...
001 (10252909.6225.000) 07/24 20:31:23 Job executing on host: <188.185.205.36:9618?addrs=188.185.205.36-9618+[2001-1458-303-9--100-98]-9618&alias=b9p03p2178.cern.ch&noUDP&sock=startd_4558_fcc3>
	SlotName: slot1_44@b9p03p2178.cern.ch
	CondorScratchDir = "/pool/condor/dir_3187794"
	Cpus = 8
	Disk = 2757199
	Memory = 16000
...
006 (10252909.6225.000) 07/24 20:31:27 Image size of job updated: 151748
	4  -  MemoryUsage of job (MB)
	4052  -  ResidentSetSize of job (KB)
...
040 (10252909.6225.000) 07/24 20:31:27 Started transferring output files
...
040 (10252909.6225.000) 07/24 20:31:27 Finished transferring output files
...
005 (10252909.6225.000) 07/24 20:31:27 Job terminated.
	(1) Normal termination (return value 0)
		Usr 0 00:00:03, Sys 0 00:00:00  -  Run Remote Usage
		Usr 0 00:00:00, Sys 0 00:00:00  -  Run Local Usage
		Usr 0 00:00:03, Sys 0 00:00:00  -  Total Remote Usage
		Usr 0 00:00:00, Sys 0 00:00:00  -  Total Local Usage
	6207  -  Run Bytes Sent By Job
	409597  -  Run Bytes Received By Job
	6207  -  Total Bytes Sent By Job
	409597  -  Total Bytes Received By Job
	Partitionable Resources :    Usage  Request Allocated 
	   Cpus                 :                 8         8 
	   Disk (KB)            :      421      425   2757199 
	   Memory (MB)          :        4    16000     16000 

	Job terminated of its own accord at 2024-07-24T18:31:27Z with exit-code 0.
...
000 (10261715.6225.000) 07/25 13:03:40 Job submitted from host: <188.185.114.121:9618?addrs=188.185.114.121-9618+[2001-1458-d00-a--100-273]-9618&alias=bigbird19.cern.ch&noUDP&sock=schedd_4961_696e>
...
009 (10261715.6225.000) 07/25 13:07:07 Job was aborted.
	via condor_rm (by user yelberke)
...
000 (10261767.6225.000) 07/25 13:20:51 Job submitted from host: <188.185.114.121:9618?addrs=188.185.114.121-9618+[2001-1458-d00-a--100-273]-9618&alias=bigbird19.cern.ch&noUDP&sock=schedd_4961_696e>
...
040 (10261767.6225.000) 07/25 15:02:12 Started transferring input files
	Transferring to host: <188.185.207.39:9618?addrs=188.185.207.39-9618+[2001-1458-303-d--100-24]-9618&alias=b9p07p0624.cern.ch&noUDP&sock=slot1_8_6950_a754_144522>
...
040 (10261767.6225.000) 07/25 15:02:12 Finished transferring input files
...
001 (10261767.6225.000) 07/25 15:02:13 Job executing on host: <188.185.207.39:9618?addrs=188.185.207.39-9618+[2001-1458-303-d--100-24]-9618&alias=b9p07p0624.cern.ch&noUDP&sock=startd_5638_c70c>
	SlotName: slot1_8@b9p07p0624.cern.ch
	CondorScratchDir = "/pool/condor/dir_273972"
	Cpus = 12
	Disk = 2707671
	Memory = 24000
...
006 (10261767.6225.000) 07/25 15:02:18 Image size of job updated: 167480
	10  -  MemoryUsage of job (MB)
	10028  -  ResidentSetSize of job (KB)
...
040 (10261767.6225.000) 07/25 15:02:18 Started transferring output files
...
040 (10261767.6225.000) 07/25 15:02:18 Finished transferring output files
...
005 (10261767.6225.000) 07/25 15:02:18 Job terminated.
	(1) Normal termination (return value 0)
		Usr 0 00:00:03, Sys 0 00:00:00  -  Run Remote Usage
		Usr 0 00:00:00, Sys 0 00:00:00  -  Run Local Usage
		Usr 0 00:00:03, Sys 0 00:00:00  -  Total Remote Usage
		Usr 0 00:00:00, Sys 0 00:00:00  -  Total Local Usage
	6676  -  Run Bytes Sent By Job
	409597  -  Run Bytes Received By Job
	6676  -  Total Bytes Sent By Job
	409597  -  Total Bytes Received By Job
	Partitionable Resources :    Usage  Request Allocated 
	   Cpus                 :        0       12        12 
	   Disk (KB)            :      428      425   2707671 
	   Memory (MB)          :       10    24000     24000 

	Job terminated of its own accord at 2024-07-25T13:02:18Z with exit-code 0.
...
000 (10284266.6225.000) 08/02 15:47:35 Job submitted from host: <188.185.114.121:9618?addrs=188.185.114.121-9618+[2001-1458-d00-a--100-273]-9618&alias=bigbird19.cern.ch&noUDP&sock=schedd_4961_696e>
...
000 (10284267.6225.000) 08/02 15:50:16 Job submitted from host: <188.185.114.121:9618?addrs=188.185.114.121-9618+[2001-1458-d00-a--100-273]-9618&alias=bigbird19.cern.ch&noUDP&sock=schedd_4961_696e>
...
009 (10284266.6225.000) 08/02 15:50:43 Job was aborted.
	via condor_rm (by user yelberke)
...
040 (10284267.6225.000) 08/02 17:15:04 Started transferring input files
	Transferring to host: <188.185.205.43:9618?addrs=188.185.205.43-9618+[2001-1458-303-9--100-9f]-9618&alias=b9p03p6348.cern.ch&noUDP&sock=slot1_6_3584_008b_42351>
...
040 (10284267.6225.000) 08/02 17:15:04 Finished transferring input files
...
001 (10284267.6225.000) 08/02 17:15:05 Job executing on host: <188.185.205.43:9618?addrs=188.185.205.43-9618+[2001-1458-303-9--100-9f]-9618&alias=b9p03p6348.cern.ch&noUDP&sock=startd_3280_62ba>
	SlotName: slot1_6@b9p03p6348.cern.ch
	CondorScratchDir = "/pool/condor/dir_2961990"
	Cpus = 12
	Disk = 2782641
	Memory = 24000
...
006 (10284267.6225.000) 08/02 17:15:06 Image size of job updated: 327876
	7  -  MemoryUsage of job (MB)
	6820  -  ResidentSetSize of job (KB)
...
040 (10284267.6225.000) 08/02 17:15:06 Started transferring output files
...
040 (10284267.6225.000) 08/02 17:15:07 Finished transferring output files
...
005 (10284267.6225.000) 08/02 17:15:07 Job terminated.
	(1) Normal termination (return value 139)
		Usr 0 00:00:01, Sys 0 00:00:00  -  Run Remote Usage
		Usr 0 00:00:00, Sys 0 00:00:00  -  Run Local Usage
		Usr 0 00:00:01, Sys 0 00:00:00  -  Total Remote Usage
		Usr 0 00:00:00, Sys 0 00:00:00  -  Total Local Usage
	7696  -  Run Bytes Sent By Job
	409597  -  Run Bytes Received By Job
	7696  -  Total Bytes Sent By Job
	409597  -  Total Bytes Received By Job
	Partitionable Resources :    Usage  Request Allocated 
	   Cpus                 :        0       12        12 
	   Disk (KB)            :      430      425   2782641 
	   Memory (MB)          :        7    24000     24000 

	Job terminated of its own accord at 2024-08-02T15:15:06Z with exit-code 139.
...
