000 (10252905.6237.000) 07/24 16:13:23 Job submitted from host: <188.185.114.121:9618?addrs=188.185.114.121-9618+[2001-1458-d00-a--100-273]-9618&alias=bigbird19.cern.ch&noUDP&sock=schedd_4961_696e>
...
009 (10252905.6237.000) 07/24 16:14:53 Job was aborted.
	via condor_rm (by user yelberke)
...
000 (10252906.6237.000) 07/24 16:15:41 Job submitted from host: <188.185.114.121:9618?addrs=188.185.114.121-9618+[2001-1458-d00-a--100-273]-9618&alias=bigbird19.cern.ch&noUDP&sock=schedd_4961_696e>
...
000 (10252907.6237.000) 07/24 16:17:36 Job submitted from host: <188.185.114.121:9618?addrs=188.185.114.121-9618+[2001-1458-d00-a--100-273]-9618&alias=bigbird19.cern.ch&noUDP&sock=schedd_4961_696e>
...
000 (10252908.6237.000) 07/24 16:18:09 Job submitted from host: <188.185.114.121:9618?addrs=188.185.114.121-9618+[2001-1458-d00-a--100-273]-9618&alias=bigbird19.cern.ch&noUDP&sock=schedd_4961_696e>
...
000 (10252909.6237.000) 07/24 16:18:45 Job submitted from host: <188.185.114.121:9618?addrs=188.185.114.121-9618+[2001-1458-d00-a--100-273]-9618&alias=bigbird19.cern.ch&noUDP&sock=schedd_4961_696e>
...
040 (10252906.6237.000) 07/24 17:31:39 Started transferring input files
	Transferring to host: <188.185.209.40:9618?addrs=188.185.209.40-9618+[2001-1458-303-11--100-25]-9618&alias=b9p11p5496.cern.ch&noUDP&sock=slot1_9_28465_eadf_24594>
...
001 (10252906.6237.000) 07/24 17:31:41 Job executing on host: <188.185.209.40:9618?addrs=188.185.209.40-9618+[2001-1458-303-11--100-25]-9618&alias=b9p11p5496.cern.ch&noUDP&sock=startd_27242_5317>
	SlotName: slot1_9@b9p11p5496.cern.ch
	CondorScratchDir = "/pool/condor/dir_897188"
	Cpus = 8
	Disk = 2264872
	Memory = 16000
...
040 (10252906.6237.000) 07/24 17:31:41 Finished transferring input files
...
006 (10252906.6237.000) 07/24 17:31:46 Image size of job updated: 157832
	7  -  MemoryUsage of job (MB)
	6740  -  ResidentSetSize of job (KB)
...
040 (10252906.6237.000) 07/24 17:31:49 Started transferring output files
...
040 (10252906.6237.000) 07/24 17:31:51 Finished transferring output files
...
005 (10252906.6237.000) 07/24 17:32:01 Job terminated.
	(1) Normal termination (return value 0)
		Usr 0 00:00:03, Sys 0 00:00:00  -  Run Remote Usage
		Usr 0 00:00:00, Sys 0 00:00:00  -  Run Local Usage
		Usr 0 00:00:03, Sys 0 00:00:00  -  Total Remote Usage
		Usr 0 00:00:00, Sys 0 00:00:00  -  Total Local Usage
	6201  -  Run Bytes Sent By Job
	409597  -  Run Bytes Received By Job
	6201  -  Total Bytes Sent By Job
	409597  -  Total Bytes Received By Job
	Partitionable Resources :    Usage  Request Allocated 
	   Cpus                 :        0        8         8 
	   Disk (KB)            :      428      425   2264872 
	   Memory (MB)          :        7    16000     16000 

	Job terminated of its own accord at 2024-07-24T15:31:46Z with exit-code 0.
...
040 (10252907.6237.000) 07/24 18:37:31 Started transferring input files
	Transferring to host: <188.185.206.154:9618?addrs=188.185.206.154-9618+[2001-1458-303-c--100-17]-9618&alias=b9p06p5094.cern.ch&noUDP&sock=slot1_9_7368_2c25_158499>
...
040 (10252907.6237.000) 07/24 18:37:31 Finished transferring input files
...
001 (10252907.6237.000) 07/24 18:37:32 Job executing on host: <188.185.206.154:9618?addrs=188.185.206.154-9618+[2001-1458-303-c--100-17]-9618&alias=b9p06p5094.cern.ch&noUDP&sock=startd_7086_fc2e>
	SlotName: slot1_9@b9p06p5094.cern.ch
	CondorScratchDir = "/pool/condor/dir_969825"
	Cpus = 8
	Disk = 2895175
	Memory = 16000
...
006 (10252907.6237.000) 07/24 18:37:36 Image size of job updated: 158888
	8  -  MemoryUsage of job (MB)
	7744  -  ResidentSetSize of job (KB)
...
040 (10252907.6237.000) 07/24 18:37:36 Started transferring output files
...
040 (10252907.6237.000) 07/24 18:37:36 Finished transferring output files
...
005 (10252907.6237.000) 07/24 18:37:36 Job terminated.
	(1) Normal termination (return value 0)
		Usr 0 00:00:03, Sys 0 00:00:00  -  Run Remote Usage
		Usr 0 00:00:00, Sys 0 00:00:00  -  Run Local Usage
		Usr 0 00:00:03, Sys 0 00:00:00  -  Total Remote Usage
		Usr 0 00:00:00, Sys 0 00:00:00  -  Total Local Usage
	6204  -  Run Bytes Sent By Job
	409597  -  Run Bytes Received By Job
	6204  -  Total Bytes Sent By Job
	409597  -  Total Bytes Received By Job
	Partitionable Resources :    Usage  Request Allocated 
	   Cpus                 :        0        8         8 
	   Disk (KB)            :      428      425   2895175 
	   Memory (MB)          :        8    16000     16000 

	Job terminated of its own accord at 2024-07-24T16:37:36Z with exit-code 0.
...
040 (10252908.6237.000) 07/24 19:37:07 Started transferring input files
	Transferring to host: <188.185.207.33:9618?addrs=188.185.207.33-9618+[2001-1458-303-d--100-1e]-9618&alias=b9p07p2689.cern.ch&noUDP&sock=slot1_14_557249_14dd_72010>
...
040 (10252908.6237.000) 07/24 19:37:07 Finished transferring input files
...
001 (10252908.6237.000) 07/24 19:37:08 Job executing on host: <188.185.207.33:9618?addrs=188.185.207.33-9618+[2001-1458-303-d--100-1e]-9618&alias=b9p07p2689.cern.ch&noUDP&sock=startd_4070_428b>
	SlotName: slot1_14@b9p07p2689.cern.ch
	CondorScratchDir = "/pool/condor/dir_3581537"
	Cpus = 8
	Disk = 2737523
	Memory = 16000
...
006 (10252908.6237.000) 07/24 19:37:15 Image size of job updated: 160172
	8  -  MemoryUsage of job (MB)
	7780  -  ResidentSetSize of job (KB)
...
040 (10252908.6237.000) 07/24 19:37:15 Started transferring output files
...
040 (10252908.6237.000) 07/24 19:37:15 Finished transferring output files
...
005 (10252908.6237.000) 07/24 19:37:15 Job terminated.
	(1) Normal termination (return value 0)
		Usr 0 00:00:05, Sys 0 00:00:00  -  Run Remote Usage
		Usr 0 00:00:00, Sys 0 00:00:00  -  Run Local Usage
		Usr 0 00:00:05, Sys 0 00:00:00  -  Total Remote Usage
		Usr 0 00:00:00, Sys 0 00:00:00  -  Total Local Usage
	6204  -  Run Bytes Sent By Job
	409597  -  Run Bytes Received By Job
	6204  -  Total Bytes Sent By Job
	409597  -  Total Bytes Received By Job
	Partitionable Resources :    Usage  Request Allocated 
	   Cpus                 :        0        8         8 
	   Disk (KB)            :      427      425   2737523 
	   Memory (MB)          :        8    16000     16000 

	Job terminated of its own accord at 2024-07-24T17:37:15Z with exit-code 0.
...
040 (10252909.6237.000) 07/24 20:31:26 Started transferring input files
	Transferring to host: <188.185.205.36:9618?addrs=188.185.205.36-9618+[2001-1458-303-9--100-98]-9618&alias=b9p03p2178.cern.ch&noUDP&sock=slot1_45_5031_8b66_158107>
...
040 (10252909.6237.000) 07/24 20:31:26 Finished transferring input files
...
001 (10252909.6237.000) 07/24 20:31:27 Job executing on host: <188.185.205.36:9618?addrs=188.185.205.36-9618+[2001-1458-303-9--100-98]-9618&alias=b9p03p2178.cern.ch&noUDP&sock=startd_4558_fcc3>
	SlotName: slot1_45@b9p03p2178.cern.ch
	CondorScratchDir = "/pool/condor/dir_3188156"
	Cpus = 8
	Disk = 2757186
	Memory = 16000
...
006 (10252909.6237.000) 07/24 20:31:31 Image size of job updated: 161316
	9  -  MemoryUsage of job (MB)
	8208  -  ResidentSetSize of job (KB)
...
040 (10252909.6237.000) 07/24 20:31:31 Started transferring output files
...
040 (10252909.6237.000) 07/24 20:31:31 Finished transferring output files
...
005 (10252909.6237.000) 07/24 20:31:31 Job terminated.
	(1) Normal termination (return value 0)
		Usr 0 00:00:03, Sys 0 00:00:00  -  Run Remote Usage
		Usr 0 00:00:00, Sys 0 00:00:00  -  Run Local Usage
		Usr 0 00:00:03, Sys 0 00:00:00  -  Total Remote Usage
		Usr 0 00:00:00, Sys 0 00:00:00  -  Total Local Usage
	6201  -  Run Bytes Sent By Job
	409597  -  Run Bytes Received By Job
	6201  -  Total Bytes Sent By Job
	409597  -  Total Bytes Received By Job
	Partitionable Resources :    Usage  Request Allocated 
	   Cpus                 :        0        8         8 
	   Disk (KB)            :      428      425   2757186 
	   Memory (MB)          :        9    16000     16000 

	Job terminated of its own accord at 2024-07-24T18:31:31Z with exit-code 0.
...
000 (10261715.6237.000) 07/25 13:03:40 Job submitted from host: <188.185.114.121:9618?addrs=188.185.114.121-9618+[2001-1458-d00-a--100-273]-9618&alias=bigbird19.cern.ch&noUDP&sock=schedd_4961_696e>
...
009 (10261715.6237.000) 07/25 13:07:07 Job was aborted.
	via condor_rm (by user yelberke)
...
000 (10261767.6237.000) 07/25 13:20:51 Job submitted from host: <188.185.114.121:9618?addrs=188.185.114.121-9618+[2001-1458-d00-a--100-273]-9618&alias=bigbird19.cern.ch&noUDP&sock=schedd_4961_696e>
...
040 (10261767.6237.000) 07/25 15:02:15 Started transferring input files
	Transferring to host: <188.185.204.169:9618?addrs=188.185.204.169-9618+[2001-1458-303-8--100-9d]-9618&alias=b9p02p9794.cern.ch&noUDP&sock=slot1_19_7026_33d7_156089>
...
040 (10261767.6237.000) 07/25 15:02:15 Finished transferring input files
...
001 (10261767.6237.000) 07/25 15:02:16 Job executing on host: <188.185.204.169:9618?addrs=188.185.204.169-9618+[2001-1458-303-8--100-9d]-9618&alias=b9p02p9794.cern.ch&noUDP&sock=startd_6869_2421>
	SlotName: slot1_19@b9p02p9794.cern.ch
	CondorScratchDir = "/pool/condor/dir_615920"
	Cpus = 12
	Disk = 2708607
	Memory = 24000
...
006 (10261767.6237.000) 07/25 15:02:21 Image size of job updated: 161044
	7  -  MemoryUsage of job (MB)
	6928  -  ResidentSetSize of job (KB)
...
040 (10261767.6237.000) 07/25 15:02:21 Started transferring output files
...
040 (10261767.6237.000) 07/25 15:02:21 Finished transferring output files
...
005 (10261767.6237.000) 07/25 15:02:21 Job terminated.
	(1) Normal termination (return value 0)
		Usr 0 00:00:03, Sys 0 00:00:00  -  Run Remote Usage
		Usr 0 00:00:00, Sys 0 00:00:00  -  Run Local Usage
		Usr 0 00:00:03, Sys 0 00:00:00  -  Total Remote Usage
		Usr 0 00:00:00, Sys 0 00:00:00  -  Total Local Usage
	6676  -  Run Bytes Sent By Job
	409597  -  Run Bytes Received By Job
	6676  -  Total Bytes Sent By Job
	409597  -  Total Bytes Received By Job
	Partitionable Resources :    Usage  Request Allocated 
	   Cpus                 :        0       12        12 
	   Disk (KB)            :      428      425   2708607 
	   Memory (MB)          :        7    24000     24000 

	Job terminated of its own accord at 2024-07-25T13:02:21Z with exit-code 0.
...
000 (10284266.6237.000) 08/02 15:47:35 Job submitted from host: <188.185.114.121:9618?addrs=188.185.114.121-9618+[2001-1458-d00-a--100-273]-9618&alias=bigbird19.cern.ch&noUDP&sock=schedd_4961_696e>
...
000 (10284267.6237.000) 08/02 15:50:16 Job submitted from host: <188.185.114.121:9618?addrs=188.185.114.121-9618+[2001-1458-d00-a--100-273]-9618&alias=bigbird19.cern.ch&noUDP&sock=schedd_4961_696e>
...
009 (10284266.6237.000) 08/02 15:50:43 Job was aborted.
	via condor_rm (by user yelberke)
...
040 (10284267.6237.000) 08/02 17:15:08 Started transferring input files
	Transferring to host: <188.185.192.136:9618?addrs=188.185.192.136-9618+[2001-1458-303-1f--100-84]-9618&alias=b9p13p0967.cern.ch&noUDP&sock=slot1_33_4142837_31ec_2210>
...
040 (10284267.6237.000) 08/02 17:15:08 Finished transferring input files
...
001 (10284267.6237.000) 08/02 17:15:09 Job executing on host: <188.185.192.136:9618?addrs=188.185.192.136-9618+[2001-1458-303-1f--100-84]-9618&alias=b9p13p0967.cern.ch&noUDP&sock=startd_127835_c170>
	SlotName: slot1_33@b9p13p0967.cern.ch
	CondorScratchDir = "/pool/condor/dir_3319157"
	Cpus = 12
	Disk = 2433209
	Memory = 24000
...
006 (10284267.6237.000) 08/02 17:15:11 Image size of job updated: 322252
	14  -  MemoryUsage of job (MB)
	13860  -  ResidentSetSize of job (KB)
...
040 (10284267.6237.000) 08/02 17:15:11 Started transferring output files
...
040 (10284267.6237.000) 08/02 17:15:11 Finished transferring output files
...
005 (10284267.6237.000) 08/02 17:15:11 Job terminated.
	(1) Normal termination (return value 139)
		Usr 0 00:00:02, Sys 0 00:00:00  -  Run Remote Usage
		Usr 0 00:00:00, Sys 0 00:00:00  -  Run Local Usage
		Usr 0 00:00:02, Sys 0 00:00:00  -  Total Remote Usage
		Usr 0 00:00:00, Sys 0 00:00:00  -  Total Local Usage
	7696  -  Run Bytes Sent By Job
	409597  -  Run Bytes Received By Job
	7696  -  Total Bytes Sent By Job
	409597  -  Total Bytes Received By Job
	Partitionable Resources :    Usage  Request Allocated 
	   Cpus                 :        0       12        12 
	   Disk (KB)            :      429      425   2433209 
	   Memory (MB)          :       14    24000     24000 

	Job terminated of its own accord at 2024-08-02T15:15:11Z with exit-code 139.
...
