000 (10252905.6250.000) 07/24 16:13:23 Job submitted from host: <188.185.114.121:9618?addrs=188.185.114.121-9618+[2001-1458-d00-a--100-273]-9618&alias=bigbird19.cern.ch&noUDP&sock=schedd_4961_696e>
...
009 (10252905.6250.000) 07/24 16:14:53 Job was aborted.
	via condor_rm (by user yelberke)
...
000 (10252906.6250.000) 07/24 16:15:41 Job submitted from host: <188.185.114.121:9618?addrs=188.185.114.121-9618+[2001-1458-d00-a--100-273]-9618&alias=bigbird19.cern.ch&noUDP&sock=schedd_4961_696e>
...
000 (10252907.6250.000) 07/24 16:17:36 Job submitted from host: <188.185.114.121:9618?addrs=188.185.114.121-9618+[2001-1458-d00-a--100-273]-9618&alias=bigbird19.cern.ch&noUDP&sock=schedd_4961_696e>
...
000 (10252908.6250.000) 07/24 16:18:09 Job submitted from host: <188.185.114.121:9618?addrs=188.185.114.121-9618+[2001-1458-d00-a--100-273]-9618&alias=bigbird19.cern.ch&noUDP&sock=schedd_4961_696e>
...
000 (10252909.6250.000) 07/24 16:18:45 Job submitted from host: <188.185.114.121:9618?addrs=188.185.114.121-9618+[2001-1458-d00-a--100-273]-9618&alias=bigbird19.cern.ch&noUDP&sock=schedd_4961_696e>
...
040 (10252906.6250.000) 07/24 17:31:44 Started transferring input files
	Transferring to host: <188.185.206.146:9618?addrs=188.185.206.146-9618+[2001-1458-303-c--100-f]-9618&alias=b9p06p2855.cern.ch&noUDP&sock=slot1_14_7633_e38f_51765>
...
001 (10252906.6250.000) 07/24 17:31:49 Job executing on host: <188.185.206.146:9618?addrs=188.185.206.146-9618+[2001-1458-303-c--100-f]-9618&alias=b9p06p2855.cern.ch&noUDP&sock=startd_6565_9f57>
	SlotName: slot1_14@b9p06p2855.cern.ch
	CondorScratchDir = "/pool/condor/dir_2346000"
	Cpus = 8
	Disk = 2644764
	Memory = 16000
...
040 (10252906.6250.000) 07/24 17:31:49 Finished transferring input files
...
006 (10252906.6250.000) 07/24 17:31:54 Image size of job updated: 170364
	13  -  MemoryUsage of job (MB)
	12700  -  ResidentSetSize of job (KB)
...
040 (10252906.6250.000) 07/24 17:32:01 Started transferring output files
...
040 (10252906.6250.000) 07/24 17:32:01 Finished transferring output files
...
005 (10252906.6250.000) 07/24 17:32:04 Job terminated.
	(1) Normal termination (return value 0)
		Usr 0 00:00:04, Sys 0 00:00:00  -  Run Remote Usage
		Usr 0 00:00:00, Sys 0 00:00:00  -  Run Local Usage
		Usr 0 00:00:04, Sys 0 00:00:00  -  Total Remote Usage
		Usr 0 00:00:00, Sys 0 00:00:00  -  Total Local Usage
	6201  -  Run Bytes Sent By Job
	409597  -  Run Bytes Received By Job
	6201  -  Total Bytes Sent By Job
	409597  -  Total Bytes Received By Job
	Partitionable Resources :    Usage  Request Allocated 
	   Cpus                 :        0        8         8 
	   Disk (KB)            :      428      425   2644764 
	   Memory (MB)          :       13    16000     16000 

	Job terminated of its own accord at 2024-07-24T15:31:54Z with exit-code 0.
...
040 (10252907.6250.000) 07/24 18:31:04 Started transferring input files
	Transferring to host: <188.185.208.11:9618?addrs=188.185.208.11-9618+[2001-1458-303-f--100-8]-9618&alias=b9p09p2033.cern.ch&noUDP&sock=slot1_5_5157_52ab_144779>
...
040 (10252907.6250.000) 07/24 18:31:04 Finished transferring input files
...
001 (10252907.6250.000) 07/24 18:31:05 Job executing on host: <188.185.208.11:9618?addrs=188.185.208.11-9618+[2001-1458-303-f--100-8]-9618&alias=b9p09p2033.cern.ch&noUDP&sock=startd_4336_b6bd>
	SlotName: slot1_5@b9p09p2033.cern.ch
	CondorScratchDir = "/pool/condor/dir_1267225"
	Cpus = 8
	Disk = 2707175
	Memory = 16000
...
006 (10252907.6250.000) 07/24 18:31:09 Image size of job updated: 159576
	7  -  MemoryUsage of job (MB)
	7148  -  ResidentSetSize of job (KB)
...
040 (10252907.6250.000) 07/24 18:31:09 Started transferring output files
...
040 (10252907.6250.000) 07/24 18:31:09 Finished transferring output files
...
005 (10252907.6250.000) 07/24 18:31:09 Job terminated.
	(1) Normal termination (return value 0)
		Usr 0 00:00:03, Sys 0 00:00:00  -  Run Remote Usage
		Usr 0 00:00:00, Sys 0 00:00:00  -  Run Local Usage
		Usr 0 00:00:03, Sys 0 00:00:00  -  Total Remote Usage
		Usr 0 00:00:00, Sys 0 00:00:00  -  Total Local Usage
	6204  -  Run Bytes Sent By Job
	409597  -  Run Bytes Received By Job
	6204  -  Total Bytes Sent By Job
	409597  -  Total Bytes Received By Job
	Partitionable Resources :    Usage  Request Allocated 
	   Cpus                 :        0        8         8 
	   Disk (KB)            :      428      425   2707175 
	   Memory (MB)          :        7    16000     16000 

	Job terminated of its own accord at 2024-07-24T16:31:09Z with exit-code 0.
...
040 (10252908.6250.000) 07/24 19:37:10 Started transferring input files
	Transferring to host: <188.185.207.57:9618?addrs=188.185.207.57-9618+[2001-1458-303-d--100-36]-9618&alias=b9p07p9712.cern.ch&noUDP&sock=slot1_10_11440_43ca_142899>
...
040 (10252908.6250.000) 07/24 19:37:10 Finished transferring input files
...
001 (10252908.6250.000) 07/24 19:37:11 Job executing on host: <188.185.207.57:9618?addrs=188.185.207.57-9618+[2001-1458-303-d--100-36]-9618&alias=b9p07p9712.cern.ch&noUDP&sock=startd_10088_1b7e>
	SlotName: slot1_10@b9p07p9712.cern.ch
	CondorScratchDir = "/pool/condor/dir_628462"
	Cpus = 8
	Disk = 2756142
	Memory = 16000
...
006 (10252908.6250.000) 07/24 19:37:15 Image size of job updated: 168692
	12  -  MemoryUsage of job (MB)
	11916  -  ResidentSetSize of job (KB)
...
040 (10252908.6250.000) 07/24 19:37:15 Started transferring output files
...
040 (10252908.6250.000) 07/24 19:37:15 Finished transferring output files
...
005 (10252908.6250.000) 07/24 19:37:15 Job terminated.
	(1) Normal termination (return value 0)
		Usr 0 00:00:03, Sys 0 00:00:00  -  Run Remote Usage
		Usr 0 00:00:00, Sys 0 00:00:00  -  Run Local Usage
		Usr 0 00:00:03, Sys 0 00:00:00  -  Total Remote Usage
		Usr 0 00:00:00, Sys 0 00:00:00  -  Total Local Usage
	6204  -  Run Bytes Sent By Job
	409597  -  Run Bytes Received By Job
	6204  -  Total Bytes Sent By Job
	409597  -  Total Bytes Received By Job
	Partitionable Resources :    Usage  Request Allocated 
	   Cpus                 :        0        8         8 
	   Disk (KB)            :      427      425   2756142 
	   Memory (MB)          :       12    16000     16000 

	Job terminated of its own accord at 2024-07-24T17:37:15Z with exit-code 0.
...
040 (10252909.6250.000) 07/24 20:31:30 Started transferring input files
	Transferring to host: <188.185.205.125:9618?addrs=188.185.205.125-9618+[2001-1458-303-9--100-7a]-9618&alias=b9p03p9078.cern.ch&noUDP&sock=slot1_52_6035_f40e_80977>
...
040 (10252909.6250.000) 07/24 20:31:30 Finished transferring input files
...
001 (10252909.6250.000) 07/24 20:31:31 Job executing on host: <188.185.205.125:9618?addrs=188.185.205.125-9618+[2001-1458-303-9--100-7a]-9618&alias=b9p03p9078.cern.ch&noUDP&sock=startd_4951_8d7b>
	SlotName: slot1_52@b9p03p9078.cern.ch
	CondorScratchDir = "/pool/condor/dir_1415365"
	Cpus = 8
	Disk = 2821647
	Memory = 16000
...
006 (10252909.6250.000) 07/24 20:31:37 Image size of job updated: 161156
	9  -  MemoryUsage of job (MB)
	8620  -  ResidentSetSize of job (KB)
...
040 (10252909.6250.000) 07/24 20:31:37 Started transferring output files
...
040 (10252909.6250.000) 07/24 20:31:37 Finished transferring output files
...
005 (10252909.6250.000) 07/24 20:31:37 Job terminated.
	(1) Normal termination (return value 0)
		Usr 0 00:00:04, Sys 0 00:00:00  -  Run Remote Usage
		Usr 0 00:00:00, Sys 0 00:00:00  -  Run Local Usage
		Usr 0 00:00:04, Sys 0 00:00:00  -  Total Remote Usage
		Usr 0 00:00:00, Sys 0 00:00:00  -  Total Local Usage
	6201  -  Run Bytes Sent By Job
	409597  -  Run Bytes Received By Job
	6201  -  Total Bytes Sent By Job
	409597  -  Total Bytes Received By Job
	Partitionable Resources :    Usage  Request Allocated 
	   Cpus                 :        0        8         8 
	   Disk (KB)            :      428      425   2821647 
	   Memory (MB)          :        9    16000     16000 

	Job terminated of its own accord at 2024-07-24T18:31:37Z with exit-code 0.
...
000 (10261715.6250.000) 07/25 13:03:40 Job submitted from host: <188.185.114.121:9618?addrs=188.185.114.121-9618+[2001-1458-d00-a--100-273]-9618&alias=bigbird19.cern.ch&noUDP&sock=schedd_4961_696e>
...
009 (10261715.6250.000) 07/25 13:07:07 Job was aborted.
	via condor_rm (by user yelberke)
...
000 (10261767.6250.000) 07/25 13:20:51 Job submitted from host: <188.185.114.121:9618?addrs=188.185.114.121-9618+[2001-1458-d00-a--100-273]-9618&alias=bigbird19.cern.ch&noUDP&sock=schedd_4961_696e>
...
040 (10261767.6250.000) 07/25 15:02:19 Started transferring input files
	Transferring to host: <188.185.193.11:9618?addrs=188.185.193.11-9618+[2001-1458-303-20--100-7]-9618&alias=b9p19p4258.cern.ch&noUDP&sock=slot1_4_138219_8a0e_33680>
...
040 (10261767.6250.000) 07/25 15:02:19 Finished transferring input files
...
001 (10261767.6250.000) 07/25 15:02:20 Job executing on host: <188.185.193.11:9618?addrs=188.185.193.11-9618+[2001-1458-303-20--100-7]-9618&alias=b9p19p4258.cern.ch&noUDP&sock=startd_128047_2b84>
	SlotName: slot1_4@b9p19p4258.cern.ch
	CondorScratchDir = "/pool/condor/dir_764287"
	Cpus = 12
	Disk = 3041567
	Memory = 24000
...
006 (10261767.6250.000) 07/25 15:02:27 Image size of job updated: 169668
	12  -  MemoryUsage of job (MB)
	12204  -  ResidentSetSize of job (KB)
...
040 (10261767.6250.000) 07/25 15:02:27 Started transferring output files
...
040 (10261767.6250.000) 07/25 15:02:27 Finished transferring output files
...
005 (10261767.6250.000) 07/25 15:02:27 Job terminated.
	(1) Normal termination (return value 0)
		Usr 0 00:00:05, Sys 0 00:00:00  -  Run Remote Usage
		Usr 0 00:00:00, Sys 0 00:00:00  -  Run Local Usage
		Usr 0 00:00:05, Sys 0 00:00:00  -  Total Remote Usage
		Usr 0 00:00:00, Sys 0 00:00:00  -  Total Local Usage
	6676  -  Run Bytes Sent By Job
	409597  -  Run Bytes Received By Job
	6676  -  Total Bytes Sent By Job
	409597  -  Total Bytes Received By Job
	Partitionable Resources :    Usage  Request Allocated 
	   Cpus                 :        0       12        12 
	   Disk (KB)            :      428      425   3041567 
	   Memory (MB)          :       12    24000     24000 

	Job terminated of its own accord at 2024-07-25T13:02:27Z with exit-code 0.
...
000 (10284266.6250.000) 08/02 15:47:35 Job submitted from host: <188.185.114.121:9618?addrs=188.185.114.121-9618+[2001-1458-d00-a--100-273]-9618&alias=bigbird19.cern.ch&noUDP&sock=schedd_4961_696e>
...
000 (10284267.6250.000) 08/02 15:50:16 Job submitted from host: <188.185.114.121:9618?addrs=188.185.114.121-9618+[2001-1458-d00-a--100-273]-9618&alias=bigbird19.cern.ch&noUDP&sock=schedd_4961_696e>
...
009 (10284266.6250.000) 08/02 15:50:43 Job was aborted.
	via condor_rm (by user yelberke)
...
040 (10284267.6250.000) 08/02 17:15:12 Started transferring input files
	Transferring to host: <188.185.205.171:9618?addrs=188.185.205.171-9618+[2001-1458-303-a--100-28]-9618&alias=b9p04p2638.cern.ch&noUDP&sock=slot1_4_7287_19c1_83366>
...
040 (10284267.6250.000) 08/02 17:15:12 Finished transferring input files
...
001 (10284267.6250.000) 08/02 17:15:13 Job executing on host: <188.185.205.171:9618?addrs=188.185.205.171-9618+[2001-1458-303-a--100-28]-9618&alias=b9p04p2638.cern.ch&noUDP&sock=startd_5941_9c3e>
	SlotName: slot1_4@b9p04p2638.cern.ch
	CondorScratchDir = "/pool/condor/dir_465899"
	Cpus = 12
	Disk = 2644340
	Memory = 24000
...
006 (10284267.6250.000) 08/02 17:15:15 Image size of job updated: 321748
	6  -  MemoryUsage of job (MB)
	6000  -  ResidentSetSize of job (KB)
...
040 (10284267.6250.000) 08/02 17:15:15 Started transferring output files
...
040 (10284267.6250.000) 08/02 17:15:15 Finished transferring output files
...
005 (10284267.6250.000) 08/02 17:15:15 Job terminated.
	(1) Normal termination (return value 139)
		Usr 0 00:00:01, Sys 0 00:00:01  -  Run Remote Usage
		Usr 0 00:00:00, Sys 0 00:00:00  -  Run Local Usage
		Usr 0 00:00:01, Sys 0 00:00:01  -  Total Remote Usage
		Usr 0 00:00:00, Sys 0 00:00:00  -  Total Local Usage
	7696  -  Run Bytes Sent By Job
	409597  -  Run Bytes Received By Job
	7696  -  Total Bytes Sent By Job
	409597  -  Total Bytes Received By Job
	Partitionable Resources :    Usage  Request Allocated 
	   Cpus                 :        0       12        12 
	   Disk (KB)            :      430      425   2644340 
	   Memory (MB)          :        6    24000     24000 

	Job terminated of its own accord at 2024-08-02T15:15:15Z with exit-code 139.
...
