000 (10252905.6301.000) 07/24 16:13:23 Job submitted from host: <188.185.114.121:9618?addrs=188.185.114.121-9618+[2001-1458-d00-a--100-273]-9618&alias=bigbird19.cern.ch&noUDP&sock=schedd_4961_696e>
...
009 (10252905.6301.000) 07/24 16:14:53 Job was aborted.
	via condor_rm (by user yelberke)
...
000 (10252906.6301.000) 07/24 16:15:41 Job submitted from host: <188.185.114.121:9618?addrs=188.185.114.121-9618+[2001-1458-d00-a--100-273]-9618&alias=bigbird19.cern.ch&noUDP&sock=schedd_4961_696e>
...
000 (10252907.6301.000) 07/24 16:17:36 Job submitted from host: <188.185.114.121:9618?addrs=188.185.114.121-9618+[2001-1458-d00-a--100-273]-9618&alias=bigbird19.cern.ch&noUDP&sock=schedd_4961_696e>
...
000 (10252908.6301.000) 07/24 16:18:09 Job submitted from host: <188.185.114.121:9618?addrs=188.185.114.121-9618+[2001-1458-d00-a--100-273]-9618&alias=bigbird19.cern.ch&noUDP&sock=schedd_4961_696e>
...
000 (10252909.6301.000) 07/24 16:18:45 Job submitted from host: <188.185.114.121:9618?addrs=188.185.114.121-9618+[2001-1458-d00-a--100-273]-9618&alias=bigbird19.cern.ch&noUDP&sock=schedd_4961_696e>
...
040 (10252906.6301.000) 07/24 17:32:14 Started transferring input files
	Transferring to host: <188.185.205.167:9618?addrs=188.185.205.167-9618+[2001-1458-303-a--100-24]-9618&alias=b9p04p2913.cern.ch&noUDP&sock=slot1_12_4178_8763_155954>
...
040 (10252906.6301.000) 07/24 17:32:14 Finished transferring input files
...
001 (10252906.6301.000) 07/24 17:32:15 Job executing on host: <188.185.205.167:9618?addrs=188.185.205.167-9618+[2001-1458-303-a--100-24]-9618&alias=b9p04p2913.cern.ch&noUDP&sock=startd_3827_9508>
	SlotName: slot1_12@b9p04p2913.cern.ch
	CondorScratchDir = "/pool/condor/dir_2249171"
	Cpus = 8
	Disk = 2604927
	Memory = 16000
...
006 (10252906.6301.000) 07/24 17:32:19 Image size of job updated: 156344
	7  -  MemoryUsage of job (MB)
	6452  -  ResidentSetSize of job (KB)
...
040 (10252906.6301.000) 07/24 17:32:20 Started transferring output files
...
040 (10252906.6301.000) 07/24 17:32:20 Finished transferring output files
...
005 (10252906.6301.000) 07/24 17:32:20 Job terminated.
	(1) Normal termination (return value 0)
		Usr 0 00:00:03, Sys 0 00:00:00  -  Run Remote Usage
		Usr 0 00:00:00, Sys 0 00:00:00  -  Run Local Usage
		Usr 0 00:00:03, Sys 0 00:00:00  -  Total Remote Usage
		Usr 0 00:00:00, Sys 0 00:00:00  -  Total Local Usage
	6201  -  Run Bytes Sent By Job
	409597  -  Run Bytes Received By Job
	6201  -  Total Bytes Sent By Job
	409597  -  Total Bytes Received By Job
	Partitionable Resources :    Usage  Request Allocated 
	   Cpus                 :        0        8         8 
	   Disk (KB)            :      428      425   2604927 
	   Memory (MB)          :        7    16000     16000 

	Job terminated of its own accord at 2024-07-24T15:32:19Z with exit-code 0.
...
040 (10252907.6301.000) 07/24 18:31:27 Started transferring input files
	Transferring to host: <188.185.209.228:9618?addrs=188.185.209.228-9618+[2001-1458-303-12--100-61]-9618&alias=b9p12p5161.cern.ch&noUDP&sock=slot1_9_6522_16c2_145538>
...
040 (10252907.6301.000) 07/24 18:31:27 Finished transferring input files
...
001 (10252907.6301.000) 07/24 18:31:28 Job executing on host: <188.185.209.228:9618?addrs=188.185.209.228-9618+[2001-1458-303-12--100-61]-9618&alias=b9p12p5161.cern.ch&noUDP&sock=startd_5255_1246>
	SlotName: slot1_9@b9p12p5161.cern.ch
	CondorScratchDir = "/pool/condor/dir_4096486"
	Cpus = 8
	Disk = 2807760
	Memory = 16000
...
006 (10252907.6301.000) 07/24 18:31:32 Image size of job updated: 159916
	8  -  MemoryUsage of job (MB)
	7488  -  ResidentSetSize of job (KB)
...
040 (10252907.6301.000) 07/24 18:31:32 Started transferring output files
...
040 (10252907.6301.000) 07/24 18:31:32 Finished transferring output files
...
005 (10252907.6301.000) 07/24 18:31:32 Job terminated.
	(1) Normal termination (return value 0)
		Usr 0 00:00:03, Sys 0 00:00:00  -  Run Remote Usage
		Usr 0 00:00:00, Sys 0 00:00:00  -  Run Local Usage
		Usr 0 00:00:03, Sys 0 00:00:00  -  Total Remote Usage
		Usr 0 00:00:00, Sys 0 00:00:00  -  Total Local Usage
	6204  -  Run Bytes Sent By Job
	409597  -  Run Bytes Received By Job
	6204  -  Total Bytes Sent By Job
	409597  -  Total Bytes Received By Job
	Partitionable Resources :    Usage  Request Allocated 
	   Cpus                 :        0        8         8 
	   Disk (KB)            :      428      425   2807760 
	   Memory (MB)          :        8    16000     16000 

	Job terminated of its own accord at 2024-07-24T16:31:32Z with exit-code 0.
...
040 (10252908.6301.000) 07/24 19:37:25 Started transferring input files
	Transferring to host: <188.185.194.129:9618?addrs=188.185.194.129-9618+[2001-1458-303-21--100-7d]-9618&alias=b9p20p9608.cern.ch&noUDP&sock=slot1_1_3227171_a9b9_5158>
...
040 (10252908.6301.000) 07/24 19:37:25 Finished transferring input files
...
001 (10252908.6301.000) 07/24 19:37:26 Job executing on host: <188.185.194.129:9618?addrs=188.185.194.129-9618+[2001-1458-303-21--100-7d]-9618&alias=b9p20p9608.cern.ch&noUDP&sock=startd_128010_ca82>
	SlotName: slot1_1@b9p20p9608.cern.ch
	CondorScratchDir = "/pool/condor/dir_2654422"
	Cpus = 8
	Disk = 3007284
	Memory = 16000
...
006 (10252908.6301.000) 07/24 19:37:34 Image size of job updated: 1
	0  -  MemoryUsage of job (MB)
	0  -  ResidentSetSize of job (KB)
...
006 (10252908.6301.000) 07/24 19:37:59 Image size of job updated: 160784
	8  -  MemoryUsage of job (MB)
	7636  -  ResidentSetSize of job (KB)
...
040 (10252908.6301.000) 07/24 19:37:59 Started transferring output files
...
040 (10252908.6301.000) 07/24 19:37:59 Finished transferring output files
...
005 (10252908.6301.000) 07/24 19:37:59 Job terminated.
	(1) Normal termination (return value 0)
		Usr 0 00:00:06, Sys 0 00:00:00  -  Run Remote Usage
		Usr 0 00:00:00, Sys 0 00:00:00  -  Run Local Usage
		Usr 0 00:00:06, Sys 0 00:00:00  -  Total Remote Usage
		Usr 0 00:00:00, Sys 0 00:00:00  -  Total Local Usage
	6204  -  Run Bytes Sent By Job
	409597  -  Run Bytes Received By Job
	6204  -  Total Bytes Sent By Job
	409597  -  Total Bytes Received By Job
	Partitionable Resources :    Usage  Request Allocated 
	   Cpus                 :        0        8         8 
	   Disk (KB)            :      428      425   3007284 
	   Memory (MB)          :        8    16000     16000 

	Job terminated of its own accord at 2024-07-24T17:37:59Z with exit-code 0.
...
040 (10252909.6301.000) 07/24 20:31:47 Started transferring input files
	Transferring to host: <188.185.195.23:9618?addrs=188.185.195.23-9618+[2001-1458-303-22--100-13]-9618&alias=b9p17p9165.cern.ch&noUDP&sock=slot1_4_2312498_ca0e_2498>
...
040 (10252909.6301.000) 07/24 20:31:47 Finished transferring input files
...
001 (10252909.6301.000) 07/24 20:31:48 Job executing on host: <188.185.195.23:9618?addrs=188.185.195.23-9618+[2001-1458-303-22--100-13]-9618&alias=b9p17p9165.cern.ch&noUDP&sock=startd_127790_e3ad>
	SlotName: slot1_4@b9p17p9165.cern.ch
	CondorScratchDir = "/pool/condor/dir_2853024"
	Cpus = 8
	Disk = 3013586
	Memory = 16000
...
006 (10252909.6301.000) 07/24 20:31:55 Image size of job updated: 158972
	8  -  MemoryUsage of job (MB)
	7192  -  ResidentSetSize of job (KB)
...
040 (10252909.6301.000) 07/24 20:31:55 Started transferring output files
...
040 (10252909.6301.000) 07/24 20:31:55 Finished transferring output files
...
005 (10252909.6301.000) 07/24 20:31:55 Job terminated.
	(1) Normal termination (return value 0)
		Usr 0 00:00:05, Sys 0 00:00:00  -  Run Remote Usage
		Usr 0 00:00:00, Sys 0 00:00:00  -  Run Local Usage
		Usr 0 00:00:05, Sys 0 00:00:00  -  Total Remote Usage
		Usr 0 00:00:00, Sys 0 00:00:00  -  Total Local Usage
	6201  -  Run Bytes Sent By Job
	409597  -  Run Bytes Received By Job
	6201  -  Total Bytes Sent By Job
	409597  -  Total Bytes Received By Job
	Partitionable Resources :    Usage  Request Allocated 
	   Cpus                 :        0        8         8 
	   Disk (KB)            :      428      425   3013586 
	   Memory (MB)          :        8    16000     16000 

	Job terminated of its own accord at 2024-07-24T18:31:55Z with exit-code 0.
...
000 (10261715.6301.000) 07/25 13:03:42 Job submitted from host: <188.185.114.121:9618?addrs=188.185.114.121-9618+[2001-1458-d00-a--100-273]-9618&alias=bigbird19.cern.ch&noUDP&sock=schedd_4961_696e>
...
009 (10261715.6301.000) 07/25 13:07:08 Job was aborted.
	via condor_rm (by user yelberke)
...
000 (10261767.6301.000) 07/25 13:20:51 Job submitted from host: <188.185.114.121:9618?addrs=188.185.114.121-9618+[2001-1458-d00-a--100-273]-9618&alias=bigbird19.cern.ch&noUDP&sock=schedd_4961_696e>
...
040 (10261767.6301.000) 07/25 15:02:41 Started transferring input files
	Transferring to host: <188.185.193.11:9618?addrs=188.185.193.11-9618+[2001-1458-303-20--100-7]-9618&alias=b9p19p4258.cern.ch&noUDP&sock=slot1_11_138219_8a0e_33681>
...
040 (10261767.6301.000) 07/25 15:02:41 Finished transferring input files
...
001 (10261767.6301.000) 07/25 15:02:42 Job executing on host: <188.185.193.11:9618?addrs=188.185.193.11-9618+[2001-1458-303-20--100-7]-9618&alias=b9p19p4258.cern.ch&noUDP&sock=startd_128047_2b84>
	SlotName: slot1_11@b9p19p4258.cern.ch
	CondorScratchDir = "/pool/condor/dir_765480"
	Cpus = 12
	Disk = 3041492
	Memory = 24000
...
006 (10261767.6301.000) 07/25 15:02:48 Image size of job updated: 160728
	8  -  MemoryUsage of job (MB)
	7792  -  ResidentSetSize of job (KB)
...
040 (10261767.6301.000) 07/25 15:02:48 Started transferring output files
...
040 (10261767.6301.000) 07/25 15:02:48 Finished transferring output files
...
005 (10261767.6301.000) 07/25 15:02:48 Job terminated.
	(1) Normal termination (return value 0)
		Usr 0 00:00:05, Sys 0 00:00:00  -  Run Remote Usage
		Usr 0 00:00:00, Sys 0 00:00:00  -  Run Local Usage
		Usr 0 00:00:05, Sys 0 00:00:00  -  Total Remote Usage
		Usr 0 00:00:00, Sys 0 00:00:00  -  Total Local Usage
	6676  -  Run Bytes Sent By Job
	409597  -  Run Bytes Received By Job
	6676  -  Total Bytes Sent By Job
	409597  -  Total Bytes Received By Job
	Partitionable Resources :    Usage  Request Allocated 
	   Cpus                 :        0       12        12 
	   Disk (KB)            :      427      425   3041492 
	   Memory (MB)          :        8    24000     24000 

	Job terminated of its own accord at 2024-07-25T13:02:48Z with exit-code 0.
...
000 (10284266.6301.000) 08/02 15:47:36 Job submitted from host: <188.185.114.121:9618?addrs=188.185.114.121-9618+[2001-1458-d00-a--100-273]-9618&alias=bigbird19.cern.ch&noUDP&sock=schedd_4961_696e>
...
000 (10284267.6301.000) 08/02 15:50:16 Job submitted from host: <188.185.114.121:9618?addrs=188.185.114.121-9618+[2001-1458-d00-a--100-273]-9618&alias=bigbird19.cern.ch&noUDP&sock=schedd_4961_696e>
...
009 (10284266.6301.000) 08/02 15:50:43 Job was aborted.
	via condor_rm (by user yelberke)
...
040 (10284267.6301.000) 08/02 17:15:29 Started transferring input files
	Transferring to host: <188.185.205.21:9618?addrs=188.185.205.21-9618+[2001-1458-303-9--100-89]-9618&alias=b9p03p9934.cern.ch&noUDP&sock=slot1_7_65045_d62e_103860>
...
040 (10284267.6301.000) 08/02 17:15:29 Finished transferring input files
...
001 (10284267.6301.000) 08/02 17:15:30 Job executing on host: <188.185.205.21:9618?addrs=188.185.205.21-9618+[2001-1458-303-9--100-89]-9618&alias=b9p03p9934.cern.ch&noUDP&sock=startd_3406_cfa9>
	SlotName: slot1_7@b9p03p9934.cern.ch
	CondorScratchDir = "/pool/condor/dir_1577677"
	Cpus = 12
	Disk = 2731071
	Memory = 24000
...
006 (10284267.6301.000) 08/02 17:15:32 Image size of job updated: 326856
	8  -  MemoryUsage of job (MB)
	8056  -  ResidentSetSize of job (KB)
...
040 (10284267.6301.000) 08/02 17:15:32 Started transferring output files
...
040 (10284267.6301.000) 08/02 17:15:32 Finished transferring output files
...
005 (10284267.6301.000) 08/02 17:15:32 Job terminated.
	(1) Normal termination (return value 139)
		Usr 0 00:00:01, Sys 0 00:00:01  -  Run Remote Usage
		Usr 0 00:00:00, Sys 0 00:00:00  -  Run Local Usage
		Usr 0 00:00:01, Sys 0 00:00:01  -  Total Remote Usage
		Usr 0 00:00:00, Sys 0 00:00:00  -  Total Local Usage
	7696  -  Run Bytes Sent By Job
	409597  -  Run Bytes Received By Job
	7696  -  Total Bytes Sent By Job
	409597  -  Total Bytes Received By Job
	Partitionable Resources :    Usage  Request Allocated 
	   Cpus                 :        0       12        12 
	   Disk (KB)            :      432      425   2731071 
	   Memory (MB)          :        8    24000     24000 

	Job terminated of its own accord at 2024-08-02T15:15:32Z with exit-code 139.
...
