000 (10252905.641.000) 07/24 16:13:15 Job submitted from host: <188.185.114.121:9618?addrs=188.185.114.121-9618+[2001-1458-d00-a--100-273]-9618&alias=bigbird19.cern.ch&noUDP&sock=schedd_4961_696e>
...
009 (10252905.641.000) 07/24 16:14:46 Job was aborted.
	via condor_rm (by user yelberke)
...
000 (10252906.641.000) 07/24 16:15:36 Job submitted from host: <188.185.114.121:9618?addrs=188.185.114.121-9618+[2001-1458-d00-a--100-273]-9618&alias=bigbird19.cern.ch&noUDP&sock=schedd_4961_696e>
...
000 (10252907.641.000) 07/24 16:17:30 Job submitted from host: <188.185.114.121:9618?addrs=188.185.114.121-9618+[2001-1458-d00-a--100-273]-9618&alias=bigbird19.cern.ch&noUDP&sock=schedd_4961_696e>
...
000 (10252908.641.000) 07/24 16:18:03 Job submitted from host: <188.185.114.121:9618?addrs=188.185.114.121-9618+[2001-1458-d00-a--100-273]-9618&alias=bigbird19.cern.ch&noUDP&sock=schedd_4961_696e>
...
000 (10252909.641.000) 07/24 16:18:39 Job submitted from host: <188.185.114.121:9618?addrs=188.185.114.121-9618+[2001-1458-d00-a--100-273]-9618&alias=bigbird19.cern.ch&noUDP&sock=schedd_4961_696e>
...
000 (10252910.641.000) 07/24 16:19:04 Job submitted from host: <188.185.114.121:9618?addrs=188.185.114.121-9618+[2001-1458-d00-a--100-273]-9618&alias=bigbird19.cern.ch&noUDP&sock=schedd_4961_696e>
...
000 (10252911.641.000) 07/24 16:19:18 Job submitted from host: <188.185.114.121:9618?addrs=188.185.114.121-9618+[2001-1458-d00-a--100-273]-9618&alias=bigbird19.cern.ch&noUDP&sock=schedd_4961_696e>
...
000 (10252912.641.000) 07/24 16:19:30 Job submitted from host: <188.185.114.121:9618?addrs=188.185.114.121-9618+[2001-1458-d00-a--100-273]-9618&alias=bigbird19.cern.ch&noUDP&sock=schedd_4961_696e>
...
000 (10252913.641.000) 07/24 16:19:43 Job submitted from host: <188.185.114.121:9618?addrs=188.185.114.121-9618+[2001-1458-d00-a--100-273]-9618&alias=bigbird19.cern.ch&noUDP&sock=schedd_4961_696e>
...
040 (10252906.641.000) 07/24 16:21:29 Started transferring input files
	Transferring to host: <188.185.204.235:9618?addrs=188.185.204.235-9618+[2001-1458-303-8--100-68]-9618&alias=b9p02p6705.cern.ch&noUDP&sock=slot1_10_7031_b9b7_83318>
...
040 (10252906.641.000) 07/24 16:21:29 Finished transferring input files
...
001 (10252906.641.000) 07/24 16:21:30 Job executing on host: <188.185.204.235:9618?addrs=188.185.204.235-9618+[2001-1458-303-8--100-68]-9618&alias=b9p02p6705.cern.ch&noUDP&sock=startd_5676_d7a5>
	SlotName: slot1_10@b9p02p6705.cern.ch
	CondorScratchDir = "/pool/condor/dir_766565"
	Cpus = 8
	Disk = 2794413
	Memory = 16000
...
006 (10252906.641.000) 07/24 16:21:36 Image size of job updated: 165124
	10  -  MemoryUsage of job (MB)
	9452  -  ResidentSetSize of job (KB)
...
040 (10252906.641.000) 07/24 16:21:36 Started transferring output files
...
040 (10252906.641.000) 07/24 16:21:36 Finished transferring output files
...
005 (10252906.641.000) 07/24 16:21:36 Job terminated.
	(1) Normal termination (return value 0)
		Usr 0 00:00:05, Sys 0 00:00:00  -  Run Remote Usage
		Usr 0 00:00:00, Sys 0 00:00:00  -  Run Local Usage
		Usr 0 00:00:05, Sys 0 00:00:00  -  Total Remote Usage
		Usr 0 00:00:00, Sys 0 00:00:00  -  Total Local Usage
	6204  -  Run Bytes Sent By Job
	409597  -  Run Bytes Received By Job
	6204  -  Total Bytes Sent By Job
	409597  -  Total Bytes Received By Job
	Partitionable Resources :    Usage  Request Allocated 
	   Cpus                 :        0        8         8 
	   Disk (KB)            :      428      425   2794413 
	   Memory (MB)          :       10    16000     16000 

	Job terminated of its own accord at 2024-07-24T14:21:36Z with exit-code 0.
...
040 (10252907.641.000) 07/24 17:46:36 Started transferring input files
	Transferring to host: <188.185.205.29:9618?addrs=188.185.205.29-9618+[2001-1458-303-9--100-91]-9618&alias=b9p03p7199.cern.ch&noUDP&sock=slot1_15_6925_09f3_155027>
...
040 (10252907.641.000) 07/24 17:46:36 Finished transferring input files
...
001 (10252907.641.000) 07/24 17:46:37 Job executing on host: <188.185.205.29:9618?addrs=188.185.205.29-9618+[2001-1458-303-9--100-91]-9618&alias=b9p03p7199.cern.ch&noUDP&sock=startd_6852_7b05>
	SlotName: slot1_15@b9p03p7199.cern.ch
	CondorScratchDir = "/pool/condor/dir_510710"
	Cpus = 8
	Disk = 2772997
	Memory = 16000
...
006 (10252907.641.000) 07/24 17:46:41 Image size of job updated: 161184
	9  -  MemoryUsage of job (MB)
	8808  -  ResidentSetSize of job (KB)
...
040 (10252907.641.000) 07/24 17:46:41 Started transferring output files
...
040 (10252907.641.000) 07/24 17:46:41 Finished transferring output files
...
005 (10252907.641.000) 07/24 17:46:41 Job terminated.
	(1) Normal termination (return value 0)
		Usr 0 00:00:03, Sys 0 00:00:00  -  Run Remote Usage
		Usr 0 00:00:00, Sys 0 00:00:00  -  Run Local Usage
		Usr 0 00:00:03, Sys 0 00:00:00  -  Total Remote Usage
		Usr 0 00:00:00, Sys 0 00:00:00  -  Total Local Usage
	6204  -  Run Bytes Sent By Job
	409597  -  Run Bytes Received By Job
	6204  -  Total Bytes Sent By Job
	409597  -  Total Bytes Received By Job
	Partitionable Resources :    Usage  Request Allocated 
	   Cpus                 :        0        8         8 
	   Disk (KB)            :      428      425   2772997 
	   Memory (MB)          :        9    16000     16000 

	Job terminated of its own accord at 2024-07-24T15:46:41Z with exit-code 0.
...
040 (10252908.641.000) 07/24 18:52:02 Started transferring input files
	Transferring to host: <188.185.207.7:9618?addrs=188.185.207.7-9618+[2001-1458-303-d--100-4]-9618&alias=b9p07p4996.cern.ch&noUDP&sock=slot1_7_41173_da63_24731>
...
040 (10252908.641.000) 07/24 18:52:02 Finished transferring input files
...
001 (10252908.641.000) 07/24 18:52:03 Job executing on host: <188.185.207.7:9618?addrs=188.185.207.7-9618+[2001-1458-303-d--100-4]-9618&alias=b9p07p4996.cern.ch&noUDP&sock=startd_39959_20fa>
	SlotName: slot1_7@b9p07p4996.cern.ch
	CondorScratchDir = "/pool/condor/dir_2616753"
	Cpus = 8
	Disk = 2832448
	Memory = 16000
...
006 (10252908.641.000) 07/24 18:52:07 Image size of job updated: 165420
	11  -  MemoryUsage of job (MB)
	11152  -  ResidentSetSize of job (KB)
...
040 (10252908.641.000) 07/24 18:52:07 Started transferring output files
...
040 (10252908.641.000) 07/24 18:52:07 Finished transferring output files
...
005 (10252908.641.000) 07/24 18:52:07 Job terminated.
	(1) Normal termination (return value 0)
		Usr 0 00:00:03, Sys 0 00:00:00  -  Run Remote Usage
		Usr 0 00:00:00, Sys 0 00:00:00  -  Run Local Usage
		Usr 0 00:00:03, Sys 0 00:00:00  -  Total Remote Usage
		Usr 0 00:00:00, Sys 0 00:00:00  -  Total Local Usage
	6204  -  Run Bytes Sent By Job
	409597  -  Run Bytes Received By Job
	6204  -  Total Bytes Sent By Job
	409597  -  Total Bytes Received By Job
	Partitionable Resources :    Usage  Request Allocated 
	   Cpus                 :        0        8         8 
	   Disk (KB)            :      428      425   2832448 
	   Memory (MB)          :       11    16000     16000 

	Job terminated of its own accord at 2024-07-24T16:52:07Z with exit-code 0.
...
022 (10252909.641.000) 07/24 19:51:44 Job disconnected, attempting to reconnect
    Socket between submit and execute hosts closed unexpectedly
    Trying to reconnect to slot1_17@b9p03p3527.cern.ch <188.185.205.57:9618?addrs=188.185.205.57-9618&alias=b9p03p3527.cern.ch&noUDP&sock=startd_4891_65cd>
...
024 (10252909.641.000) 07/24 19:51:44 Job reconnection failed
    Job not found at execution machine
    Can not reconnect to slot1_17@b9p03p3527.cern.ch, rescheduling job
...
040 (10252909.641.000) 07/24 19:55:14 Started transferring input files
	Transferring to host: <188.185.205.107:9618?addrs=188.185.205.107-9618+[2001-1458-303-9--100-68]-9618&alias=b9p03p1852.cern.ch&noUDP&sock=slot1_15_7657_cc90_71894>
...
040 (10252909.641.000) 07/24 19:55:14 Finished transferring input files
...
001 (10252909.641.000) 07/24 19:55:15 Job executing on host: <188.185.205.107:9618?addrs=188.185.205.107-9618+[2001-1458-303-9--100-68]-9618&alias=b9p03p1852.cern.ch&noUDP&sock=startd_6598_41f7>
	SlotName: slot1_15@b9p03p1852.cern.ch
	CondorScratchDir = "/pool/condor/dir_2012128"
	Cpus = 8
	Disk = 2768581
	Memory = 16000
...
006 (10252909.641.000) 07/24 19:55:19 Image size of job updated: 158800
	8  -  MemoryUsage of job (MB)
	7820  -  ResidentSetSize of job (KB)
...
040 (10252909.641.000) 07/24 19:55:19 Started transferring output files
...
040 (10252909.641.000) 07/24 19:55:19 Finished transferring output files
...
005 (10252909.641.000) 07/24 19:55:19 Job terminated.
	(1) Normal termination (return value 0)
		Usr 0 00:00:03, Sys 0 00:00:00  -  Run Remote Usage
		Usr 0 00:00:00, Sys 0 00:00:00  -  Run Local Usage
		Usr 0 00:00:03, Sys 0 00:00:00  -  Total Remote Usage
		Usr 0 00:00:00, Sys 0 00:00:00  -  Total Local Usage
	6204  -  Run Bytes Sent By Job
	409597  -  Run Bytes Received By Job
	6204  -  Total Bytes Sent By Job
	409597  -  Total Bytes Received By Job
	Partitionable Resources :    Usage  Request Allocated 
	   Cpus                 :        0        8         8 
	   Disk (KB)            :      428      425   2768581 
	   Memory (MB)          :        8    16000     16000 

	Job terminated of its own accord at 2024-07-24T17:55:19Z with exit-code 0.
...
040 (10252910.641.000) 07/24 20:44:35 Started transferring input files
	Transferring to host: <188.185.205.23:9618?addrs=188.185.205.23-9618+[2001-1458-303-9--100-8b]-9618&alias=b9p03p3696.cern.ch&noUDP&sock=slot1_18_6701_35ea_156680>
...
040 (10252910.641.000) 07/24 20:44:35 Finished transferring input files
...
001 (10252910.641.000) 07/24 20:44:36 Job executing on host: <188.185.205.23:9618?addrs=188.185.205.23-9618+[2001-1458-303-9--100-8b]-9618&alias=b9p03p3696.cern.ch&noUDP&sock=startd_6253_9dca>
	SlotName: slot1_18@b9p03p3696.cern.ch
	CondorScratchDir = "/pool/condor/dir_4156681"
	Cpus = 8
	Disk = 2874350
	Memory = 16000
...
006 (10252910.641.000) 07/24 20:44:40 Image size of job updated: 160264
	9  -  MemoryUsage of job (MB)
	8392  -  ResidentSetSize of job (KB)
...
040 (10252910.641.000) 07/24 20:44:40 Started transferring output files
...
040 (10252910.641.000) 07/24 20:44:40 Finished transferring output files
...
005 (10252910.641.000) 07/24 20:44:40 Job terminated.
	(1) Normal termination (return value 0)
		Usr 0 00:00:03, Sys 0 00:00:00  -  Run Remote Usage
		Usr 0 00:00:00, Sys 0 00:00:00  -  Run Local Usage
		Usr 0 00:00:03, Sys 0 00:00:00  -  Total Remote Usage
		Usr 0 00:00:00, Sys 0 00:00:00  -  Total Local Usage
	6201  -  Run Bytes Sent By Job
	409597  -  Run Bytes Received By Job
	6201  -  Total Bytes Sent By Job
	409597  -  Total Bytes Received By Job
	Partitionable Resources :    Usage  Request Allocated 
	   Cpus                 :        0        8         8 
	   Disk (KB)            :      428      425   2874350 
	   Memory (MB)          :        9    16000     16000 

	Job terminated of its own accord at 2024-07-24T18:44:40Z with exit-code 0.
...
040 (10252911.641.000) 07/24 20:57:30 Started transferring input files
	Transferring to host: <188.184.185.142:9618?addrs=188.184.185.142-9618+[2001-1458-301-52--100-8d]-9618&alias=b9g37p0156.cern.ch&noUDP&sock=slot1_5_1194328_deb0_63>
...
040 (10252911.641.000) 07/24 20:57:30 Finished transferring input files
...
001 (10252911.641.000) 07/24 20:57:31 Job executing on host: <188.184.185.142:9618?addrs=188.184.185.142-9618+[2001-1458-301-52--100-8d]-9618&alias=b9g37p0156.cern.ch&noUDP&sock=startd_5491_f2a0>
	SlotName: slot1_5@b9g37p0156.cern.ch
	CondorScratchDir = "/pool/condor/dir_1210998"
	Cpus = 8
	Disk = 2860614
	Memory = 16000
...
006 (10252911.641.000) 07/24 20:57:36 Image size of job updated: 162544
	9  -  MemoryUsage of job (MB)
	8636  -  ResidentSetSize of job (KB)
...
040 (10252911.641.000) 07/24 20:57:36 Started transferring output files
...
040 (10252911.641.000) 07/24 20:57:36 Finished transferring output files
...
005 (10252911.641.000) 07/24 20:57:36 Job terminated.
	(1) Normal termination (return value 0)
		Usr 0 00:00:04, Sys 0 00:00:00  -  Run Remote Usage
		Usr 0 00:00:00, Sys 0 00:00:00  -  Run Local Usage
		Usr 0 00:00:04, Sys 0 00:00:00  -  Total Remote Usage
		Usr 0 00:00:00, Sys 0 00:00:00  -  Total Local Usage
	6204  -  Run Bytes Sent By Job
	409597  -  Run Bytes Received By Job
	6204  -  Total Bytes Sent By Job
	409597  -  Total Bytes Received By Job
	Partitionable Resources :    Usage  Request Allocated 
	   Cpus                 :                 8         8 
	   Disk (KB)            :      420      425   2860614 
	   Memory (MB)          :        9    16000     16000 

	Job terminated of its own accord at 2024-07-24T18:57:36Z with exit-code 0.
...
040 (10252912.641.000) 07/24 21:10:27 Started transferring input files
	Transferring to host: <188.185.206.101:9618?addrs=188.185.206.101-9618+[2001-1458-303-b--100-62]-9618&alias=b9p05p9362.cern.ch&noUDP&sock=slot1_7_65024_0a4d_91249>
...
040 (10252912.641.000) 07/24 21:10:27 Finished transferring input files
...
001 (10252912.641.000) 07/24 21:10:28 Job executing on host: <188.185.206.101:9618?addrs=188.185.206.101-9618+[2001-1458-303-b--100-62]-9618&alias=b9p05p9362.cern.ch&noUDP&sock=startd_3351_15f3>
	SlotName: slot1_7@b9p05p9362.cern.ch
	CondorScratchDir = "/pool/condor/dir_1986712"
	Cpus = 8
	Disk = 2710354
	Memory = 16000
...
006 (10252912.641.000) 07/24 21:10:33 Image size of job updated: 162996
	9  -  MemoryUsage of job (MB)
	8636  -  ResidentSetSize of job (KB)
...
040 (10252912.641.000) 07/24 21:10:33 Started transferring output files
...
040 (10252912.641.000) 07/24 21:10:33 Finished transferring output files
...
005 (10252912.641.000) 07/24 21:10:33 Job terminated.
	(1) Normal termination (return value 0)
		Usr 0 00:00:04, Sys 0 00:00:00  -  Run Remote Usage
		Usr 0 00:00:00, Sys 0 00:00:00  -  Run Local Usage
		Usr 0 00:00:04, Sys 0 00:00:00  -  Total Remote Usage
		Usr 0 00:00:00, Sys 0 00:00:00  -  Total Local Usage
	6201  -  Run Bytes Sent By Job
	409597  -  Run Bytes Received By Job
	6201  -  Total Bytes Sent By Job
	409597  -  Total Bytes Received By Job
	Partitionable Resources :    Usage  Request Allocated 
	   Cpus                 :        0        8         8 
	   Disk (KB)            :      431      425   2710354 
	   Memory (MB)          :        9    16000     16000 

	Job terminated of its own accord at 2024-07-24T19:10:33Z with exit-code 0.
...
022 (10252913.641.000) 07/24 21:24:19 Job disconnected, attempting to reconnect
    Socket between submit and execute hosts closed unexpectedly
    Trying to reconnect to slot1_15@b9p03p3527.cern.ch <188.185.205.57:9618?addrs=188.185.205.57-9618&alias=b9p03p3527.cern.ch&noUDP&sock=startd_4891_65cd>
...
024 (10252913.641.000) 07/24 21:24:19 Job reconnection failed
    Job not found at execution machine
    Can not reconnect to slot1_15@b9p03p3527.cern.ch, rescheduling job
...
040 (10252913.641.000) 07/24 21:25:56 Started transferring input files
	Transferring to host: <188.185.206.99:9618?addrs=188.185.206.99-9618+[2001-1458-303-b--100-60]-9618&alias=b9p05p7418.cern.ch&noUDP&sock=slot1_6_3727_c231_79932>
...
040 (10252913.641.000) 07/24 21:25:56 Finished transferring input files
...
001 (10252913.641.000) 07/24 21:25:57 Job executing on host: <188.185.206.99:9618?addrs=188.185.206.99-9618+[2001-1458-303-b--100-60]-9618&alias=b9p05p7418.cern.ch&noUDP&sock=startd_3369_6ea8>
	SlotName: slot1_6@b9p05p7418.cern.ch
	CondorScratchDir = "/pool/condor/dir_484987"
	Cpus = 8
	Disk = 2771908
	Memory = 16000
...
006 (10252913.641.000) 07/24 21:26:01 Image size of job updated: 163168
	9  -  MemoryUsage of job (MB)
	8808  -  ResidentSetSize of job (KB)
...
040 (10252913.641.000) 07/24 21:26:01 Started transferring output files
...
040 (10252913.641.000) 07/24 21:26:01 Finished transferring output files
...
005 (10252913.641.000) 07/24 21:26:01 Job terminated.
	(1) Normal termination (return value 0)
		Usr 0 00:00:03, Sys 0 00:00:00  -  Run Remote Usage
		Usr 0 00:00:00, Sys 0 00:00:00  -  Run Local Usage
		Usr 0 00:00:03, Sys 0 00:00:00  -  Total Remote Usage
		Usr 0 00:00:00, Sys 0 00:00:00  -  Total Local Usage
	6204  -  Run Bytes Sent By Job
	409597  -  Run Bytes Received By Job
	6204  -  Total Bytes Sent By Job
	409597  -  Total Bytes Received By Job
	Partitionable Resources :    Usage  Request Allocated 
	   Cpus                 :        0        8         8 
	   Disk (KB)            :      431      425   2771908 
	   Memory (MB)          :        9    16000     16000 

	Job terminated of its own accord at 2024-07-24T19:26:01Z with exit-code 0.
...
000 (10261715.641.000) 07/25 13:01:31 Job submitted from host: <188.185.114.121:9618?addrs=188.185.114.121-9618+[2001-1458-d00-a--100-273]-9618&alias=bigbird19.cern.ch&noUDP&sock=schedd_4961_696e>
...
009 (10261715.641.000) 07/25 13:06:39 Job was aborted.
	via condor_rm (by user yelberke)
...
000 (10261767.641.000) 07/25 13:20:01 Job submitted from host: <188.185.114.121:9618?addrs=188.185.114.121-9618+[2001-1458-d00-a--100-273]-9618&alias=bigbird19.cern.ch&noUDP&sock=schedd_4961_696e>
...
040 (10261767.641.000) 07/25 13:51:48 Started transferring input files
	Transferring to host: <188.185.204.241:9618?addrs=188.185.204.241-9618+[2001-1458-303-8--100-6e]-9618&alias=b9p02p9366.cern.ch&noUDP&sock=slot1_19_13373_3cf9_82956>
...
040 (10261767.641.000) 07/25 13:51:48 Finished transferring input files
...
001 (10261767.641.000) 07/25 13:51:49 Job executing on host: <188.185.204.241:9618?addrs=188.185.204.241-9618+[2001-1458-303-8--100-6e]-9618&alias=b9p02p9366.cern.ch&noUDP&sock=startd_12018_ed46>
	SlotName: slot1_19@b9p02p9366.cern.ch
	CondorScratchDir = "/pool/condor/dir_2060733"
	Cpus = 12
	Disk = 2760729
	Memory = 24000
...
006 (10261767.641.000) 07/25 13:51:54 Image size of job updated: 165876
	10  -  MemoryUsage of job (MB)
	9496  -  ResidentSetSize of job (KB)
...
040 (10261767.641.000) 07/25 13:51:54 Started transferring output files
...
040 (10261767.641.000) 07/25 13:51:54 Finished transferring output files
...
005 (10261767.641.000) 07/25 13:51:54 Job terminated.
	(1) Normal termination (return value 0)
		Usr 0 00:00:04, Sys 0 00:00:00  -  Run Remote Usage
		Usr 0 00:00:00, Sys 0 00:00:00  -  Run Local Usage
		Usr 0 00:00:04, Sys 0 00:00:00  -  Total Remote Usage
		Usr 0 00:00:00, Sys 0 00:00:00  -  Total Local Usage
	6204  -  Run Bytes Sent By Job
	409597  -  Run Bytes Received By Job
	6204  -  Total Bytes Sent By Job
	409597  -  Total Bytes Received By Job
	Partitionable Resources :    Usage  Request Allocated 
	   Cpus                 :        0       12        12 
	   Disk (KB)            :      428      425   2760729 
	   Memory (MB)          :       10    24000     24000 

	Job terminated of its own accord at 2024-07-25T11:51:54Z with exit-code 0.
...
000 (10284266.641.000) 08/02 15:45:12 Job submitted from host: <188.185.114.121:9618?addrs=188.185.114.121-9618+[2001-1458-d00-a--100-273]-9618&alias=bigbird19.cern.ch&noUDP&sock=schedd_4961_696e>
...
009 (10284266.641.000) 08/02 15:49:16 Job was aborted.
	via condor_rm (by user yelberke)
...
000 (10284267.641.000) 08/02 15:49:47 Job submitted from host: <188.185.114.121:9618?addrs=188.185.114.121-9618+[2001-1458-d00-a--100-273]-9618&alias=bigbird19.cern.ch&noUDP&sock=schedd_4961_696e>
...
040 (10284267.641.000) 08/02 16:09:23 Started transferring input files
	Transferring to host: <188.185.207.210:9618?addrs=188.185.207.210-9618+[2001-1458-303-e--100-4f]-9618&alias=b9p08p0269.cern.ch&noUDP&sock=slot1_3_4107076_55de_93845>
...
040 (10284267.641.000) 08/02 16:09:23 Finished transferring input files
...
001 (10284267.641.000) 08/02 16:09:24 Job executing on host: <188.185.207.210:9618?addrs=188.185.207.210-9618+[2001-1458-303-e--100-4f]-9618&alias=b9p08p0269.cern.ch&noUDP&sock=startd_12461_c9bb>
	SlotName: slot1_3@b9p08p0269.cern.ch
	CondorScratchDir = "/pool/condor/dir_3832230"
	Cpus = 12
	Disk = 2884684
	Memory = 24000
...
006 (10284267.641.000) 08/02 16:09:26 Image size of job updated: 325024
	3  -  MemoryUsage of job (MB)
	2452  -  ResidentSetSize of job (KB)
...
040 (10284267.641.000) 08/02 16:09:26 Started transferring output files
...
040 (10284267.641.000) 08/02 16:09:26 Finished transferring output files
...
005 (10284267.641.000) 08/02 16:09:26 Job terminated.
	(1) Normal termination (return value 139)
		Usr 0 00:00:01, Sys 0 00:00:00  -  Run Remote Usage
		Usr 0 00:00:00, Sys 0 00:00:00  -  Run Local Usage
		Usr 0 00:00:01, Sys 0 00:00:00  -  Total Remote Usage
		Usr 0 00:00:00, Sys 0 00:00:00  -  Total Local Usage
	7696  -  Run Bytes Sent By Job
	409597  -  Run Bytes Received By Job
	7696  -  Total Bytes Sent By Job
	409597  -  Total Bytes Received By Job
	Partitionable Resources :    Usage  Request Allocated 
	   Cpus                 :        0       12        12 
	   Disk (KB)            :      429      425   2884684 
	   Memory (MB)          :        3    24000     24000 

	Job terminated of its own accord at 2024-08-02T14:09:26Z with exit-code 139.
...
