000 (10252905.6442.000) 07/24 16:13:23 Job submitted from host: <188.185.114.121:9618?addrs=188.185.114.121-9618+[2001-1458-d00-a--100-273]-9618&alias=bigbird19.cern.ch&noUDP&sock=schedd_4961_696e>
...
009 (10252905.6442.000) 07/24 16:14:54 Job was aborted.
	via condor_rm (by user yelberke)
...
000 (10252906.6442.000) 07/24 16:15:41 Job submitted from host: <188.185.114.121:9618?addrs=188.185.114.121-9618+[2001-1458-d00-a--100-273]-9618&alias=bigbird19.cern.ch&noUDP&sock=schedd_4961_696e>
...
000 (10252907.6442.000) 07/24 16:17:36 Job submitted from host: <188.185.114.121:9618?addrs=188.185.114.121-9618+[2001-1458-d00-a--100-273]-9618&alias=bigbird19.cern.ch&noUDP&sock=schedd_4961_696e>
...
000 (10252908.6442.000) 07/24 16:18:09 Job submitted from host: <188.185.114.121:9618?addrs=188.185.114.121-9618+[2001-1458-d00-a--100-273]-9618&alias=bigbird19.cern.ch&noUDP&sock=schedd_4961_696e>
...
000 (10252909.6442.000) 07/24 16:18:45 Job submitted from host: <188.185.114.121:9618?addrs=188.185.114.121-9618+[2001-1458-d00-a--100-273]-9618&alias=bigbird19.cern.ch&noUDP&sock=schedd_4961_696e>
...
040 (10252906.6442.000) 07/24 17:33:15 Started transferring input files
	Transferring to host: <188.185.205.211:9618?addrs=188.185.205.211-9618&alias=b9p04p3844.cern.ch&noUDP&sock=slot1_5_6874_1ad1_152846>
...
040 (10252906.6442.000) 07/24 17:33:15 Finished transferring input files
...
001 (10252906.6442.000) 07/24 17:33:16 Job executing on host: <188.185.205.211:9618?addrs=188.185.205.211-9618&alias=b9p04p3844.cern.ch&noUDP&sock=startd_6807_9d42>
	SlotName: slot1_5@b9p04p3844.cern.ch
	CondorScratchDir = "/pool/condor/dir_291276"
	Cpus = 8
	Disk = 2826859
	Memory = 16000
...
006 (10252906.6442.000) 07/24 17:33:20 Image size of job updated: 160356
	8  -  MemoryUsage of job (MB)
	7856  -  ResidentSetSize of job (KB)
...
040 (10252906.6442.000) 07/24 17:33:20 Started transferring output files
...
040 (10252906.6442.000) 07/24 17:33:20 Finished transferring output files
...
005 (10252906.6442.000) 07/24 17:33:21 Job terminated.
	(1) Normal termination (return value 0)
		Usr 0 00:00:03, Sys 0 00:00:00  -  Run Remote Usage
		Usr 0 00:00:00, Sys 0 00:00:00  -  Run Local Usage
		Usr 0 00:00:03, Sys 0 00:00:00  -  Total Remote Usage
		Usr 0 00:00:00, Sys 0 00:00:00  -  Total Local Usage
	6201  -  Run Bytes Sent By Job
	409597  -  Run Bytes Received By Job
	6201  -  Total Bytes Sent By Job
	409597  -  Total Bytes Received By Job
	Partitionable Resources :    Usage  Request Allocated 
	   Cpus                 :        0        8         8 
	   Disk (KB)            :      428      425   2826859 
	   Memory (MB)          :        8    16000     16000 

	Job terminated of its own accord at 2024-07-24T15:33:20Z with exit-code 0.
...
040 (10252907.6442.000) 07/24 18:32:10 Started transferring input files
	Transferring to host: <188.185.208.43:9618?addrs=188.185.208.43-9618+[2001-1458-303-f--100-28]-9618&alias=b9p09p2022.cern.ch&noUDP&sock=slot1_4_64729_2fa1_87919>
...
040 (10252907.6442.000) 07/24 18:32:10 Finished transferring input files
...
001 (10252907.6442.000) 07/24 18:32:11 Job executing on host: <188.185.208.43:9618?addrs=188.185.208.43-9618+[2001-1458-303-f--100-28]-9618&alias=b9p09p2022.cern.ch&noUDP&sock=startd_6905_d58a>
	SlotName: slot1_4@b9p09p2022.cern.ch
	CondorScratchDir = "/pool/condor/dir_2698934"
	Cpus = 8
	Disk = 2864413
	Memory = 16000
...
006 (10252907.6442.000) 07/24 18:32:17 Image size of job updated: 158276
	8  -  MemoryUsage of job (MB)
	7448  -  ResidentSetSize of job (KB)
...
040 (10252907.6442.000) 07/24 18:32:17 Started transferring output files
...
040 (10252907.6442.000) 07/24 18:32:17 Finished transferring output files
...
005 (10252907.6442.000) 07/24 18:32:17 Job terminated.
	(1) Normal termination (return value 0)
		Usr 0 00:00:04, Sys 0 00:00:00  -  Run Remote Usage
		Usr 0 00:00:00, Sys 0 00:00:00  -  Run Local Usage
		Usr 0 00:00:04, Sys 0 00:00:00  -  Total Remote Usage
		Usr 0 00:00:00, Sys 0 00:00:00  -  Total Local Usage
	6204  -  Run Bytes Sent By Job
	409597  -  Run Bytes Received By Job
	6204  -  Total Bytes Sent By Job
	409597  -  Total Bytes Received By Job
	Partitionable Resources :    Usage  Request Allocated 
	   Cpus                 :        0        8         8 
	   Disk (KB)            :      431      425   2864413 
	   Memory (MB)          :        8    16000     16000 

	Job terminated of its own accord at 2024-07-24T16:32:17Z with exit-code 0.
...
040 (10252908.6442.000) 07/24 19:38:16 Started transferring input files
	Transferring to host: <188.185.209.39:9618?addrs=188.185.209.39-9618+[2001-1458-303-11--100-24]-9618&alias=b9p11p9946.cern.ch&noUDP&sock=slot1_14_7565_fa0d_146552>
...
040 (10252908.6442.000) 07/24 19:38:16 Finished transferring input files
...
001 (10252908.6442.000) 07/24 19:38:17 Job executing on host: <188.185.209.39:9618?addrs=188.185.209.39-9618+[2001-1458-303-11--100-24]-9618&alias=b9p11p9946.cern.ch&noUDP&sock=startd_6035_1625>
	SlotName: slot1_14@b9p11p9946.cern.ch
	CondorScratchDir = "/pool/condor/dir_3894490"
	Cpus = 8
	Disk = 2887175
	Memory = 16000
...
006 (10252908.6442.000) 07/24 19:38:24 Image size of job updated: 161636
	9  -  MemoryUsage of job (MB)
	8560  -  ResidentSetSize of job (KB)
...
040 (10252908.6442.000) 07/24 19:38:24 Started transferring output files
...
040 (10252908.6442.000) 07/24 19:38:24 Finished transferring output files
...
005 (10252908.6442.000) 07/24 19:38:24 Job terminated.
	(1) Normal termination (return value 0)
		Usr 0 00:00:05, Sys 0 00:00:00  -  Run Remote Usage
		Usr 0 00:00:00, Sys 0 00:00:00  -  Run Local Usage
		Usr 0 00:00:05, Sys 0 00:00:00  -  Total Remote Usage
		Usr 0 00:00:00, Sys 0 00:00:00  -  Total Local Usage
	6204  -  Run Bytes Sent By Job
	409597  -  Run Bytes Received By Job
	6204  -  Total Bytes Sent By Job
	409597  -  Total Bytes Received By Job
	Partitionable Resources :    Usage  Request Allocated 
	   Cpus                 :        0        8         8 
	   Disk (KB)            :      428      425   2887175 
	   Memory (MB)          :        9    16000     16000 

	Job terminated of its own accord at 2024-07-24T17:38:24Z with exit-code 0.
...
040 (10252909.6442.000) 07/24 20:32:35 Started transferring input files
	Transferring to host: <128.142.137.140:9618?addrs=128.142.137.140-9618+[2001-1458-301-5e--100-80]-9618&alias=b9g19p6024.cern.ch&noUDP&sock=slot1_4_2746_8e29_119>
...
040 (10252909.6442.000) 07/24 20:32:35 Finished transferring input files
...
001 (10252909.6442.000) 07/24 20:32:36 Job executing on host: <128.142.137.140:9618?addrs=128.142.137.140-9618+[2001-1458-301-5e--100-80]-9618&alias=b9g19p6024.cern.ch&noUDP&sock=startd_2420_7f47>
	SlotName: slot1_4@b9g19p6024.cern.ch
	CondorScratchDir = "/pool/condor/dir_27148"
	Cpus = 8
	Disk = 1775717
	Memory = 16000
...
006 (10252909.6442.000) 07/24 20:32:45 Image size of job updated: 119244
	117  -  MemoryUsage of job (MB)
	119244  -  ResidentSetSize of job (KB)
...
006 (10252909.6442.000) 07/24 20:33:01 Image size of job updated: 119244
	117  -  MemoryUsage of job (MB)
	119500  -  ResidentSetSize of job (KB)
...
040 (10252909.6442.000) 07/24 20:33:01 Started transferring output files
...
040 (10252909.6442.000) 07/24 20:33:01 Finished transferring output files
...
005 (10252909.6442.000) 07/24 20:33:01 Job terminated.
	(1) Normal termination (return value 0)
		Usr 0 00:00:21, Sys 0 00:00:00  -  Run Remote Usage
		Usr 0 00:00:00, Sys 0 00:00:00  -  Run Local Usage
		Usr 0 00:00:21, Sys 0 00:00:00  -  Total Remote Usage
		Usr 0 00:00:00, Sys 0 00:00:00  -  Total Local Usage
	6201  -  Run Bytes Sent By Job
	409597  -  Run Bytes Received By Job
	6201  -  Total Bytes Sent By Job
	409597  -  Total Bytes Received By Job
	Partitionable Resources :    Usage  Request Allocated 
	   Cpus                 :        0        8         8 
	   Disk (KB)            :      428      425   1775717 
	   Memory (MB)          :      117    16000     16000 

	Job terminated of its own accord at 2024-07-24T18:33:01Z with exit-code 0.
...
000 (10261715.6442.000) 07/25 13:03:45 Job submitted from host: <188.185.114.121:9618?addrs=188.185.114.121-9618+[2001-1458-d00-a--100-273]-9618&alias=bigbird19.cern.ch&noUDP&sock=schedd_4961_696e>
...
009 (10261715.6442.000) 07/25 13:07:08 Job was aborted.
	via condor_rm (by user yelberke)
...
000 (10261767.6442.000) 07/25 13:20:52 Job submitted from host: <188.185.114.121:9618?addrs=188.185.114.121-9618+[2001-1458-d00-a--100-273]-9618&alias=bigbird19.cern.ch&noUDP&sock=schedd_4961_696e>
...
040 (10261767.6442.000) 07/25 15:03:27 Started transferring input files
	Transferring to host: <188.185.209.169:9618?addrs=188.185.209.169-9618+[2001-1458-303-12--100-26]-9618&alias=b9p12p5343.cern.ch&noUDP&sock=slot1_29_10700_de2c_144205>
...
040 (10261767.6442.000) 07/25 15:03:27 Finished transferring input files
...
001 (10261767.6442.000) 07/25 15:03:28 Job executing on host: <188.185.209.169:9618?addrs=188.185.209.169-9618+[2001-1458-303-12--100-26]-9618&alias=b9p12p5343.cern.ch&noUDP&sock=startd_9371_4e16>
	SlotName: slot1_29@b9p12p5343.cern.ch
	CondorScratchDir = "/pool/condor/dir_15274"
	Cpus = 12
	Disk = 2933350
	Memory = 24000
...
006 (10261767.6442.000) 07/25 15:03:33 Image size of job updated: 161484
	8  -  MemoryUsage of job (MB)
	7936  -  ResidentSetSize of job (KB)
...
040 (10261767.6442.000) 07/25 15:03:33 Started transferring output files
...
040 (10261767.6442.000) 07/25 15:03:33 Finished transferring output files
...
005 (10261767.6442.000) 07/25 15:03:33 Job terminated.
	(1) Normal termination (return value 0)
		Usr 0 00:00:03, Sys 0 00:00:00  -  Run Remote Usage
		Usr 0 00:00:00, Sys 0 00:00:00  -  Run Local Usage
		Usr 0 00:00:03, Sys 0 00:00:00  -  Total Remote Usage
		Usr 0 00:00:00, Sys 0 00:00:00  -  Total Local Usage
	6676  -  Run Bytes Sent By Job
	409597  -  Run Bytes Received By Job
	6676  -  Total Bytes Sent By Job
	409597  -  Total Bytes Received By Job
	Partitionable Resources :    Usage  Request Allocated 
	   Cpus                 :                12        12 
	   Disk (KB)            :      420      425   2933350 
	   Memory (MB)          :        8    24000     24000 

	Job terminated of its own accord at 2024-07-25T13:03:33Z with exit-code 0.
...
000 (10284266.6442.000) 08/02 15:47:39 Job submitted from host: <188.185.114.121:9618?addrs=188.185.114.121-9618+[2001-1458-d00-a--100-273]-9618&alias=bigbird19.cern.ch&noUDP&sock=schedd_4961_696e>
...
000 (10284267.6442.000) 08/02 15:50:17 Job submitted from host: <188.185.114.121:9618?addrs=188.185.114.121-9618+[2001-1458-d00-a--100-273]-9618&alias=bigbird19.cern.ch&noUDP&sock=schedd_4961_696e>
...
009 (10284266.6442.000) 08/02 15:50:44 Job was aborted.
	via condor_rm (by user yelberke)
...
040 (10284267.6442.000) 08/02 17:16:16 Started transferring input files
	Transferring to host: <188.185.205.178:9618?addrs=188.185.205.178-9618&alias=b9p04p1543.cern.ch&noUDP&sock=slot1_4_7407_a6c6_164208>
...
040 (10284267.6442.000) 08/02 17:16:16 Finished transferring input files
...
001 (10284267.6442.000) 08/02 17:16:17 Job executing on host: <188.185.205.178:9618?addrs=188.185.205.178-9618&alias=b9p04p1543.cern.ch&noUDP&sock=startd_7339_85a4>
	SlotName: slot1_4@b9p04p1543.cern.ch
	CondorScratchDir = "/pool/condor/dir_3649532"
	Cpus = 12
	Disk = 2901010
	Memory = 24000
...
006 (10284267.6442.000) 08/02 17:16:18 Image size of job updated: 326884
	7  -  MemoryUsage of job (MB)
	6520  -  ResidentSetSize of job (KB)
...
040 (10284267.6442.000) 08/02 17:16:18 Started transferring output files
...
040 (10284267.6442.000) 08/02 17:16:18 Finished transferring output files
...
005 (10284267.6442.000) 08/02 17:16:18 Job terminated.
	(1) Normal termination (return value 139)
		Usr 0 00:00:01, Sys 0 00:00:00  -  Run Remote Usage
		Usr 0 00:00:00, Sys 0 00:00:00  -  Run Local Usage
		Usr 0 00:00:01, Sys 0 00:00:00  -  Total Remote Usage
		Usr 0 00:00:00, Sys 0 00:00:00  -  Total Local Usage
	7696  -  Run Bytes Sent By Job
	409597  -  Run Bytes Received By Job
	7696  -  Total Bytes Sent By Job
	409597  -  Total Bytes Received By Job
	Partitionable Resources :    Usage  Request Allocated 
	   Cpus                 :        0       12        12 
	   Disk (KB)            :      429      425   2901010 
	   Memory (MB)          :        7    24000     24000 

	Job terminated of its own accord at 2024-08-02T15:16:18Z with exit-code 139.
...
