000 (10252905.6455.000) 07/24 16:13:23 Job submitted from host: <188.185.114.121:9618?addrs=188.185.114.121-9618+[2001-1458-d00-a--100-273]-9618&alias=bigbird19.cern.ch&noUDP&sock=schedd_4961_696e>
...
009 (10252905.6455.000) 07/24 16:14:54 Job was aborted.
	via condor_rm (by user yelberke)
...
000 (10252906.6455.000) 07/24 16:15:41 Job submitted from host: <188.185.114.121:9618?addrs=188.185.114.121-9618+[2001-1458-d00-a--100-273]-9618&alias=bigbird19.cern.ch&noUDP&sock=schedd_4961_696e>
...
000 (10252907.6455.000) 07/24 16:17:36 Job submitted from host: <188.185.114.121:9618?addrs=188.185.114.121-9618+[2001-1458-d00-a--100-273]-9618&alias=bigbird19.cern.ch&noUDP&sock=schedd_4961_696e>
...
000 (10252908.6455.000) 07/24 16:18:09 Job submitted from host: <188.185.114.121:9618?addrs=188.185.114.121-9618+[2001-1458-d00-a--100-273]-9618&alias=bigbird19.cern.ch&noUDP&sock=schedd_4961_696e>
...
000 (10252909.6455.000) 07/24 16:18:45 Job submitted from host: <188.185.114.121:9618?addrs=188.185.114.121-9618+[2001-1458-d00-a--100-273]-9618&alias=bigbird19.cern.ch&noUDP&sock=schedd_4961_696e>
...
040 (10252906.6455.000) 07/24 17:33:08 Started transferring input files
	Transferring to host: <188.185.205.137:9618?addrs=188.185.205.137-9618+[2001-1458-303-a--100-6]-9618&alias=b9p04p9214.cern.ch&noUDP&sock=slot1_4_4380_db2b_156111>
...
040 (10252906.6455.000) 07/24 17:33:08 Finished transferring input files
...
001 (10252906.6455.000) 07/24 17:33:09 Job executing on host: <188.185.205.137:9618?addrs=188.185.205.137-9618+[2001-1458-303-a--100-6]-9618&alias=b9p04p9214.cern.ch&noUDP&sock=startd_3838_2093>
	SlotName: slot1_4@b9p04p9214.cern.ch
	CondorScratchDir = "/pool/condor/dir_2108440"
	Cpus = 8
	Disk = 2744777
	Memory = 16000
...
006 (10252906.6455.000) 07/24 17:33:14 Image size of job updated: 157732
	8  -  MemoryUsage of job (MB)
	7208  -  ResidentSetSize of job (KB)
...
040 (10252906.6455.000) 07/24 17:33:14 Started transferring output files
...
040 (10252906.6455.000) 07/24 17:33:14 Finished transferring output files
...
005 (10252906.6455.000) 07/24 17:33:15 Job terminated.
	(1) Normal termination (return value 0)
		Usr 0 00:00:03, Sys 0 00:00:00  -  Run Remote Usage
		Usr 0 00:00:00, Sys 0 00:00:00  -  Run Local Usage
		Usr 0 00:00:03, Sys 0 00:00:00  -  Total Remote Usage
		Usr 0 00:00:00, Sys 0 00:00:00  -  Total Local Usage
	6201  -  Run Bytes Sent By Job
	409597  -  Run Bytes Received By Job
	6201  -  Total Bytes Sent By Job
	409597  -  Total Bytes Received By Job
	Partitionable Resources :    Usage  Request Allocated 
	   Cpus                 :        0        8         8 
	   Disk (KB)            :      428      425   2744777 
	   Memory (MB)          :        8    16000     16000 

	Job terminated of its own accord at 2024-07-24T15:33:14Z with exit-code 0.
...
040 (10252907.6455.000) 07/24 18:32:14 Started transferring input files
	Transferring to host: <188.185.206.98:9618?addrs=188.185.206.98-9618+[2001-1458-303-b--100-5f]-9618&alias=b9p05p9848.cern.ch&noUDP&sock=slot1_2_65051_106e_91906>
...
040 (10252907.6455.000) 07/24 18:32:14 Finished transferring input files
...
001 (10252907.6455.000) 07/24 18:32:15 Job executing on host: <188.185.206.98:9618?addrs=188.185.206.98-9618+[2001-1458-303-b--100-5f]-9618&alias=b9p05p9848.cern.ch&noUDP&sock=startd_3385_682c>
	SlotName: slot1_2@b9p05p9848.cern.ch
	CondorScratchDir = "/pool/condor/dir_764466"
	Cpus = 8
	Disk = 2756591
	Memory = 16000
...
006 (10252907.6455.000) 07/24 18:32:22 Image size of job updated: 158320
	8  -  MemoryUsage of job (MB)
	7360  -  ResidentSetSize of job (KB)
...
040 (10252907.6455.000) 07/24 18:32:22 Started transferring output files
...
040 (10252907.6455.000) 07/24 18:32:22 Finished transferring output files
...
005 (10252907.6455.000) 07/24 18:32:22 Job terminated.
	(1) Normal termination (return value 0)
		Usr 0 00:00:05, Sys 0 00:00:00  -  Run Remote Usage
		Usr 0 00:00:00, Sys 0 00:00:00  -  Run Local Usage
		Usr 0 00:00:05, Sys 0 00:00:00  -  Total Remote Usage
		Usr 0 00:00:00, Sys 0 00:00:00  -  Total Local Usage
	6204  -  Run Bytes Sent By Job
	409597  -  Run Bytes Received By Job
	6204  -  Total Bytes Sent By Job
	409597  -  Total Bytes Received By Job
	Partitionable Resources :    Usage  Request Allocated 
	   Cpus                 :        0        8         8 
	   Disk (KB)            :      432      425   2756591 
	   Memory (MB)          :        8    16000     16000 

	Job terminated of its own accord at 2024-07-24T16:32:22Z with exit-code 0.
...
040 (10252908.6455.000) 07/24 19:38:25 Started transferring input files
	Transferring to host: <188.185.195.173:9618?addrs=188.185.195.173-9618+[2001-1458-303-22--100-a9]-9618&alias=b9p17p8168.cern.ch&noUDP&sock=slot1_3_3223754_13ce_3089>
...
040 (10252908.6455.000) 07/24 19:38:25 Finished transferring input files
...
001 (10252908.6455.000) 07/24 19:38:26 Job executing on host: <188.185.195.173:9618?addrs=188.185.195.173-9618+[2001-1458-303-22--100-a9]-9618&alias=b9p17p8168.cern.ch&noUDP&sock=startd_162765_d48c>
	SlotName: slot1_3@b9p17p8168.cern.ch
	CondorScratchDir = "/pool/condor/dir_3903985"
	Cpus = 8
	Disk = 2887124
	Memory = 16000
...
006 (10252908.6455.000) 07/24 19:38:33 Image size of job updated: 158188
	8  -  MemoryUsage of job (MB)
	7416  -  ResidentSetSize of job (KB)
...
040 (10252908.6455.000) 07/24 19:38:33 Started transferring output files
...
040 (10252908.6455.000) 07/24 19:38:33 Finished transferring output files
...
005 (10252908.6455.000) 07/24 19:38:33 Job terminated.
	(1) Normal termination (return value 0)
		Usr 0 00:00:05, Sys 0 00:00:00  -  Run Remote Usage
		Usr 0 00:00:00, Sys 0 00:00:00  -  Run Local Usage
		Usr 0 00:00:05, Sys 0 00:00:00  -  Total Remote Usage
		Usr 0 00:00:00, Sys 0 00:00:00  -  Total Local Usage
	6204  -  Run Bytes Sent By Job
	409597  -  Run Bytes Received By Job
	6204  -  Total Bytes Sent By Job
	409597  -  Total Bytes Received By Job
	Partitionable Resources :    Usage  Request Allocated 
	   Cpus                 :        0        8         8 
	   Disk (KB)            :      428      425   2887124 
	   Memory (MB)          :        8    16000     16000 

	Job terminated of its own accord at 2024-07-24T17:38:33Z with exit-code 0.
...
040 (10252909.6455.000) 07/24 20:32:40 Started transferring input files
	Transferring to host: <188.185.207.15:9618?addrs=188.185.207.15-9618+[2001-1458-303-d--100-c]-9618&alias=b9p07p1846.cern.ch&noUDP&sock=slot1_18_4594_a374_147757>
...
040 (10252909.6455.000) 07/24 20:32:40 Finished transferring input files
...
001 (10252909.6455.000) 07/24 20:32:41 Job executing on host: <188.185.207.15:9618?addrs=188.185.207.15-9618+[2001-1458-303-d--100-c]-9618&alias=b9p07p1846.cern.ch&noUDP&sock=startd_3880_ef8d>
	SlotName: slot1_18@b9p07p1846.cern.ch
	CondorScratchDir = "/pool/condor/dir_85504"
	Cpus = 8
	Disk = 2993657
	Memory = 16000
...
006 (10252909.6455.000) 07/24 20:32:45 Image size of job updated: 161756
	9  -  MemoryUsage of job (MB)
	8992  -  ResidentSetSize of job (KB)
...
040 (10252909.6455.000) 07/24 20:32:45 Started transferring output files
...
040 (10252909.6455.000) 07/24 20:32:45 Finished transferring output files
...
005 (10252909.6455.000) 07/24 20:32:45 Job terminated.
	(1) Normal termination (return value 0)
		Usr 0 00:00:03, Sys 0 00:00:00  -  Run Remote Usage
		Usr 0 00:00:00, Sys 0 00:00:00  -  Run Local Usage
		Usr 0 00:00:03, Sys 0 00:00:00  -  Total Remote Usage
		Usr 0 00:00:00, Sys 0 00:00:00  -  Total Local Usage
	6201  -  Run Bytes Sent By Job
	409597  -  Run Bytes Received By Job
	6201  -  Total Bytes Sent By Job
	409597  -  Total Bytes Received By Job
	Partitionable Resources :    Usage  Request Allocated 
	   Cpus                 :        0        8         8 
	   Disk (KB)            :      428      425   2993657 
	   Memory (MB)          :        9    16000     16000 

	Job terminated of its own accord at 2024-07-24T18:32:45Z with exit-code 0.
...
000 (10261715.6455.000) 07/25 13:03:45 Job submitted from host: <188.185.114.121:9618?addrs=188.185.114.121-9618+[2001-1458-d00-a--100-273]-9618&alias=bigbird19.cern.ch&noUDP&sock=schedd_4961_696e>
...
009 (10261715.6455.000) 07/25 13:07:08 Job was aborted.
	via condor_rm (by user yelberke)
...
000 (10261767.6455.000) 07/25 13:20:52 Job submitted from host: <188.185.114.121:9618?addrs=188.185.114.121-9618+[2001-1458-d00-a--100-273]-9618&alias=bigbird19.cern.ch&noUDP&sock=schedd_4961_696e>
...
040 (10261767.6455.000) 07/25 15:03:30 Started transferring input files
	Transferring to host: <188.185.205.24:9618?addrs=188.185.205.24-9618+[2001-1458-303-9--100-8c]-9618&alias=b9p03p5835.cern.ch&noUDP&sock=slot1_11_3711_7c30_83539>
...
040 (10261767.6455.000) 07/25 15:03:30 Finished transferring input files
...
001 (10261767.6455.000) 07/25 15:03:31 Job executing on host: <188.185.205.24:9618?addrs=188.185.205.24-9618+[2001-1458-303-9--100-8c]-9618&alias=b9p03p5835.cern.ch&noUDP&sock=startd_3386_17c4>
	SlotName: slot1_11@b9p03p5835.cern.ch
	CondorScratchDir = "/pool/condor/dir_2427392"
	Cpus = 12
	Disk = 2950650
	Memory = 24000
...
006 (10261767.6455.000) 07/25 15:03:35 Image size of job updated: 160936
	7  -  MemoryUsage of job (MB)
	6632  -  ResidentSetSize of job (KB)
...
040 (10261767.6455.000) 07/25 15:03:35 Started transferring output files
...
040 (10261767.6455.000) 07/25 15:03:35 Finished transferring output files
...
005 (10261767.6455.000) 07/25 15:03:35 Job terminated.
	(1) Normal termination (return value 0)
		Usr 0 00:00:03, Sys 0 00:00:00  -  Run Remote Usage
		Usr 0 00:00:00, Sys 0 00:00:00  -  Run Local Usage
		Usr 0 00:00:03, Sys 0 00:00:00  -  Total Remote Usage
		Usr 0 00:00:00, Sys 0 00:00:00  -  Total Local Usage
	6676  -  Run Bytes Sent By Job
	409597  -  Run Bytes Received By Job
	6676  -  Total Bytes Sent By Job
	409597  -  Total Bytes Received By Job
	Partitionable Resources :    Usage  Request Allocated 
	   Cpus                 :        0       12        12 
	   Disk (KB)            :      427      425   2950650 
	   Memory (MB)          :        7    24000     24000 

	Job terminated of its own accord at 2024-07-25T13:03:35Z with exit-code 0.
...
000 (10284266.6455.000) 08/02 15:47:39 Job submitted from host: <188.185.114.121:9618?addrs=188.185.114.121-9618+[2001-1458-d00-a--100-273]-9618&alias=bigbird19.cern.ch&noUDP&sock=schedd_4961_696e>
...
000 (10284267.6455.000) 08/02 15:50:17 Job submitted from host: <188.185.114.121:9618?addrs=188.185.114.121-9618+[2001-1458-d00-a--100-273]-9618&alias=bigbird19.cern.ch&noUDP&sock=schedd_4961_696e>
...
009 (10284266.6455.000) 08/02 15:50:44 Job was aborted.
	via condor_rm (by user yelberke)
...
040 (10284267.6455.000) 08/02 17:16:20 Started transferring input files
	Transferring to host: <188.185.209.57:9618?addrs=188.185.209.57-9618+[2001-1458-303-11--100-36]-9618&alias=b9p11p1058.cern.ch&noUDP&sock=slot1_8_6302_1439_155822>
...
040 (10284267.6455.000) 08/02 17:16:20 Finished transferring input files
...
001 (10284267.6455.000) 08/02 17:16:21 Job executing on host: <188.185.209.57:9618?addrs=188.185.209.57-9618+[2001-1458-303-11--100-36]-9618&alias=b9p11p1058.cern.ch&noUDP&sock=startd_4391_7072>
	SlotName: slot1_8@b9p11p1058.cern.ch
	CondorScratchDir = "/pool/condor/dir_2353981"
	Cpus = 12
	Disk = 2896051
	Memory = 24000
...
006 (10284267.6455.000) 08/02 17:16:22 Image size of job updated: 328664
	6  -  MemoryUsage of job (MB)
	5860  -  ResidentSetSize of job (KB)
...
040 (10284267.6455.000) 08/02 17:16:22 Started transferring output files
...
040 (10284267.6455.000) 08/02 17:16:22 Finished transferring output files
...
005 (10284267.6455.000) 08/02 17:16:22 Job terminated.
	(1) Normal termination (return value 139)
		Usr 0 00:00:01, Sys 0 00:00:00  -  Run Remote Usage
		Usr 0 00:00:00, Sys 0 00:00:00  -  Run Local Usage
		Usr 0 00:00:01, Sys 0 00:00:00  -  Total Remote Usage
		Usr 0 00:00:00, Sys 0 00:00:00  -  Total Local Usage
	7696  -  Run Bytes Sent By Job
	409597  -  Run Bytes Received By Job
	7696  -  Total Bytes Sent By Job
	409597  -  Total Bytes Received By Job
	Partitionable Resources :    Usage  Request Allocated 
	   Cpus                 :        0       12        12 
	   Disk (KB)            :      430      425   2896051 
	   Memory (MB)          :        6    24000     24000 

	Job terminated of its own accord at 2024-08-02T15:16:22Z with exit-code 139.
...
