000 (10252905.6477.000) 07/24 16:13:23 Job submitted from host: <188.185.114.121:9618?addrs=188.185.114.121-9618+[2001-1458-d00-a--100-273]-9618&alias=bigbird19.cern.ch&noUDP&sock=schedd_4961_696e>
...
009 (10252905.6477.000) 07/24 16:14:54 Job was aborted.
	via condor_rm (by user yelberke)
...
000 (10252906.6477.000) 07/24 16:15:41 Job submitted from host: <188.185.114.121:9618?addrs=188.185.114.121-9618+[2001-1458-d00-a--100-273]-9618&alias=bigbird19.cern.ch&noUDP&sock=schedd_4961_696e>
...
000 (10252907.6477.000) 07/24 16:17:36 Job submitted from host: <188.185.114.121:9618?addrs=188.185.114.121-9618+[2001-1458-d00-a--100-273]-9618&alias=bigbird19.cern.ch&noUDP&sock=schedd_4961_696e>
...
000 (10252908.6477.000) 07/24 16:18:09 Job submitted from host: <188.185.114.121:9618?addrs=188.185.114.121-9618+[2001-1458-d00-a--100-273]-9618&alias=bigbird19.cern.ch&noUDP&sock=schedd_4961_696e>
...
000 (10252909.6477.000) 07/24 16:18:45 Job submitted from host: <188.185.114.121:9618?addrs=188.185.114.121-9618+[2001-1458-d00-a--100-273]-9618&alias=bigbird19.cern.ch&noUDP&sock=schedd_4961_696e>
...
040 (10252906.6477.000) 07/24 17:33:20 Started transferring input files
	Transferring to host: <128.142.161.115:9618?addrs=128.142.161.115-9618+[2001-1458-301-b8--100-31]-9618&alias=b9g03p7857.cern.ch&noUDP&sock=slot1_11_1427300_b832_900>
...
040 (10252906.6477.000) 07/24 17:33:20 Finished transferring input files
...
001 (10252906.6477.000) 07/24 17:33:21 Job executing on host: <128.142.161.115:9618?addrs=128.142.161.115-9618+[2001-1458-301-b8--100-31]-9618&alias=b9g03p7857.cern.ch&noUDP&sock=startd_3129_cfed>
	SlotName: slot1_11@b9g03p7857.cern.ch
	CondorScratchDir = "/pool/condor/dir_3963373"
	Cpus = 8
	Disk = 3161184
	Memory = 16000
...
006 (10252906.6477.000) 07/24 17:33:30 Image size of job updated: 1
	0  -  MemoryUsage of job (MB)
	0  -  ResidentSetSize of job (KB)
...
006 (10252906.6477.000) 07/24 17:33:52 Image size of job updated: 159964
	8  -  MemoryUsage of job (MB)
	7408  -  ResidentSetSize of job (KB)
...
040 (10252906.6477.000) 07/24 17:33:53 Started transferring output files
...
040 (10252906.6477.000) 07/24 17:33:53 Finished transferring output files
...
005 (10252906.6477.000) 07/24 17:33:55 Job terminated.
	(1) Normal termination (return value 0)
		Usr 0 00:00:05, Sys 0 00:00:00  -  Run Remote Usage
		Usr 0 00:00:00, Sys 0 00:00:00  -  Run Local Usage
		Usr 0 00:00:05, Sys 0 00:00:00  -  Total Remote Usage
		Usr 0 00:00:00, Sys 0 00:00:00  -  Total Local Usage
	6201  -  Run Bytes Sent By Job
	409597  -  Run Bytes Received By Job
	6201  -  Total Bytes Sent By Job
	409597  -  Total Bytes Received By Job
	Partitionable Resources :    Usage  Request Allocated 
	   Cpus                 :        0        8         8 
	   Disk (KB)            :      428      425   3161184 
	   Memory (MB)          :        8    16000     16000 

	Job terminated of its own accord at 2024-07-24T15:33:52Z with exit-code 0.
...
040 (10252907.6477.000) 07/24 18:32:21 Started transferring input files
	Transferring to host: <188.185.209.227:9618?addrs=188.185.209.227-9618+[2001-1458-303-12--100-60]-9618&alias=b9p12p0819.cern.ch&noUDP&sock=slot1_2_9491_049b_142889>
...
040 (10252907.6477.000) 07/24 18:32:21 Finished transferring input files
...
001 (10252907.6477.000) 07/24 18:32:22 Job executing on host: <188.185.209.227:9618?addrs=188.185.209.227-9618+[2001-1458-303-12--100-60]-9618&alias=b9p12p0819.cern.ch&noUDP&sock=startd_8207_e5d9>
	SlotName: slot1_2@b9p12p0819.cern.ch
	CondorScratchDir = "/pool/condor/dir_2413697"
	Cpus = 8
	Disk = 2579745
	Memory = 16000
...
006 (10252907.6477.000) 07/24 18:32:26 Image size of job updated: 157252
	8  -  MemoryUsage of job (MB)
	7208  -  ResidentSetSize of job (KB)
...
040 (10252907.6477.000) 07/24 18:32:26 Started transferring output files
...
040 (10252907.6477.000) 07/24 18:32:26 Finished transferring output files
...
005 (10252907.6477.000) 07/24 18:32:26 Job terminated.
	(1) Normal termination (return value 0)
		Usr 0 00:00:03, Sys 0 00:00:00  -  Run Remote Usage
		Usr 0 00:00:00, Sys 0 00:00:00  -  Run Local Usage
		Usr 0 00:00:03, Sys 0 00:00:00  -  Total Remote Usage
		Usr 0 00:00:00, Sys 0 00:00:00  -  Total Local Usage
	6204  -  Run Bytes Sent By Job
	409597  -  Run Bytes Received By Job
	6204  -  Total Bytes Sent By Job
	409597  -  Total Bytes Received By Job
	Partitionable Resources :    Usage  Request Allocated 
	   Cpus                 :        0        8         8 
	   Disk (KB)            :      428      425   2579745 
	   Memory (MB)          :        8    16000     16000 

	Job terminated of its own accord at 2024-07-24T16:32:26Z with exit-code 0.
...
040 (10252908.6477.000) 07/24 19:42:11 Started transferring input files
	Transferring to host: <188.185.206.216:9618?addrs=188.185.206.216-9618&alias=b9p06p6434.cern.ch&noUDP&sock=slot1_19_6544_9703_154225>
...
040 (10252908.6477.000) 07/24 19:42:11 Finished transferring input files
...
001 (10252908.6477.000) 07/24 19:42:12 Job executing on host: <188.185.206.216:9618?addrs=188.185.206.216-9618&alias=b9p06p6434.cern.ch&noUDP&sock=startd_6078_94b7>
	SlotName: slot1_19@b9p06p6434.cern.ch
	CondorScratchDir = "/pool/condor/dir_1413008"
	Cpus = 8
	Disk = 2746763
	Memory = 16000
...
006 (10252908.6477.000) 07/24 19:42:16 Image size of job updated: 158472
	8  -  MemoryUsage of job (MB)
	7796  -  ResidentSetSize of job (KB)
...
040 (10252908.6477.000) 07/24 19:42:16 Started transferring output files
...
040 (10252908.6477.000) 07/24 19:42:16 Finished transferring output files
...
005 (10252908.6477.000) 07/24 19:42:16 Job terminated.
	(1) Normal termination (return value 0)
		Usr 0 00:00:03, Sys 0 00:00:00  -  Run Remote Usage
		Usr 0 00:00:00, Sys 0 00:00:00  -  Run Local Usage
		Usr 0 00:00:03, Sys 0 00:00:00  -  Total Remote Usage
		Usr 0 00:00:00, Sys 0 00:00:00  -  Total Local Usage
	6204  -  Run Bytes Sent By Job
	409597  -  Run Bytes Received By Job
	6204  -  Total Bytes Sent By Job
	409597  -  Total Bytes Received By Job
	Partitionable Resources :    Usage  Request Allocated 
	   Cpus                 :        0        8         8 
	   Disk (KB)            :      428      425   2746763 
	   Memory (MB)          :        8    16000     16000 

	Job terminated of its own accord at 2024-07-24T17:42:16Z with exit-code 0.
...
040 (10252909.6477.000) 07/24 20:32:46 Started transferring input files
	Transferring to host: <188.185.208.167:9618?addrs=188.185.208.167-9618+[2001-1458-303-10--100-24]-9618&alias=b9p10p2633.cern.ch&noUDP&sock=slot1_8_18899_ce1a_24439>
...
040 (10252909.6477.000) 07/24 20:32:46 Finished transferring input files
...
001 (10252909.6477.000) 07/24 20:32:47 Job executing on host: <188.185.208.167:9618?addrs=188.185.208.167-9618+[2001-1458-303-10--100-24]-9618&alias=b9p10p2633.cern.ch&noUDP&sock=startd_17822_fcf4>
	SlotName: slot1_8@b9p10p2633.cern.ch
	CondorScratchDir = "/pool/condor/dir_3976806"
	Cpus = 8
	Disk = 2862625
	Memory = 16000
...
006 (10252909.6477.000) 07/24 20:32:54 Image size of job updated: 160312
	8  -  MemoryUsage of job (MB)
	7864  -  ResidentSetSize of job (KB)
...
040 (10252909.6477.000) 07/24 20:32:54 Started transferring output files
...
040 (10252909.6477.000) 07/24 20:32:54 Finished transferring output files
...
005 (10252909.6477.000) 07/24 20:32:54 Job terminated.
	(1) Normal termination (return value 0)
		Usr 0 00:00:05, Sys 0 00:00:00  -  Run Remote Usage
		Usr 0 00:00:00, Sys 0 00:00:00  -  Run Local Usage
		Usr 0 00:00:05, Sys 0 00:00:00  -  Total Remote Usage
		Usr 0 00:00:00, Sys 0 00:00:00  -  Total Local Usage
	6201  -  Run Bytes Sent By Job
	409597  -  Run Bytes Received By Job
	6201  -  Total Bytes Sent By Job
	409597  -  Total Bytes Received By Job
	Partitionable Resources :    Usage  Request Allocated 
	   Cpus                 :        0        8         8 
	   Disk (KB)            :      428      425   2862625 
	   Memory (MB)          :        8    16000     16000 

	Job terminated of its own accord at 2024-07-24T18:32:54Z with exit-code 0.
...
000 (10261715.6477.000) 07/25 13:03:45 Job submitted from host: <188.185.114.121:9618?addrs=188.185.114.121-9618+[2001-1458-d00-a--100-273]-9618&alias=bigbird19.cern.ch&noUDP&sock=schedd_4961_696e>
...
009 (10261715.6477.000) 07/25 13:07:08 Job was aborted.
	via condor_rm (by user yelberke)
...
000 (10261767.6477.000) 07/25 13:20:52 Job submitted from host: <188.185.114.121:9618?addrs=188.185.114.121-9618+[2001-1458-d00-a--100-273]-9618&alias=bigbird19.cern.ch&noUDP&sock=schedd_4961_696e>
...
040 (10261767.6477.000) 07/25 15:03:44 Started transferring input files
	Transferring to host: <188.185.205.163:9618?addrs=188.185.205.163-9618+[2001-1458-303-a--100-20]-9618&alias=b9p04p8881.cern.ch&noUDP&sock=slot1_1_5907_c409_102428>
...
040 (10261767.6477.000) 07/25 15:03:45 Finished transferring input files
...
001 (10261767.6477.000) 07/25 15:03:47 Job executing on host: <188.185.205.163:9618?addrs=188.185.205.163-9618+[2001-1458-303-a--100-20]-9618&alias=b9p04p8881.cern.ch&noUDP&sock=startd_4870_fe4f>
	SlotName: slot1_1@b9p04p8881.cern.ch
	CondorScratchDir = "/pool/condor/dir_3193646"
	Cpus = 12
	Disk = 2829036
	Memory = 24000
...
006 (10261767.6477.000) 07/25 15:03:52 Image size of job updated: 161208
	8  -  MemoryUsage of job (MB)
	7216  -  ResidentSetSize of job (KB)
...
040 (10261767.6477.000) 07/25 15:03:52 Started transferring output files
...
040 (10261767.6477.000) 07/25 15:03:52 Finished transferring output files
...
005 (10261767.6477.000) 07/25 15:03:52 Job terminated.
	(1) Normal termination (return value 0)
		Usr 0 00:00:03, Sys 0 00:00:00  -  Run Remote Usage
		Usr 0 00:00:00, Sys 0 00:00:00  -  Run Local Usage
		Usr 0 00:00:03, Sys 0 00:00:00  -  Total Remote Usage
		Usr 0 00:00:00, Sys 0 00:00:00  -  Total Local Usage
	6676  -  Run Bytes Sent By Job
	409597  -  Run Bytes Received By Job
	6676  -  Total Bytes Sent By Job
	409597  -  Total Bytes Received By Job
	Partitionable Resources :    Usage  Request Allocated 
	   Cpus                 :        0       12        12 
	   Disk (KB)            :      429      425   2829036 
	   Memory (MB)          :        8    24000     24000 

	Job terminated of its own accord at 2024-07-25T13:03:52Z with exit-code 0.
...
000 (10284266.6477.000) 08/02 15:47:40 Job submitted from host: <188.185.114.121:9618?addrs=188.185.114.121-9618+[2001-1458-d00-a--100-273]-9618&alias=bigbird19.cern.ch&noUDP&sock=schedd_4961_696e>
...
000 (10284267.6477.000) 08/02 15:50:17 Job submitted from host: <188.185.114.121:9618?addrs=188.185.114.121-9618+[2001-1458-d00-a--100-273]-9618&alias=bigbird19.cern.ch&noUDP&sock=schedd_4961_696e>
...
009 (10284266.6477.000) 08/02 15:50:44 Job was aborted.
	via condor_rm (by user yelberke)
...
040 (10284267.6477.000) 08/02 17:16:27 Started transferring input files
	Transferring to host: <188.185.195.174:9618?addrs=188.185.195.174-9618+[2001-1458-303-22--100-aa]-9618&alias=b9p17p6908.cern.ch&noUDP&sock=slot1_1_3858797_51ce_40>
...
040 (10284267.6477.000) 08/02 17:16:27 Finished transferring input files
...
001 (10284267.6477.000) 08/02 17:16:28 Job executing on host: <188.185.195.174:9618?addrs=188.185.195.174-9618+[2001-1458-303-22--100-aa]-9618&alias=b9p17p6908.cern.ch&noUDP&sock=startd_174453_d37b>
	SlotName: slot1_1@b9p17p6908.cern.ch
	CondorScratchDir = "/pool/condor/dir_3867986"
	Cpus = 12
	Disk = 3053767
	Memory = 24000
...
006 (10284267.6477.000) 08/02 17:16:29 Image size of job updated: 314904
	2  -  MemoryUsage of job (MB)
	1236  -  ResidentSetSize of job (KB)
...
040 (10284267.6477.000) 08/02 17:16:29 Started transferring output files
...
040 (10284267.6477.000) 08/02 17:16:30 Finished transferring output files
...
005 (10284267.6477.000) 08/02 17:16:30 Job terminated.
	(1) Normal termination (return value 139)
		Usr 0 00:00:02, Sys 0 00:00:00  -  Run Remote Usage
		Usr 0 00:00:00, Sys 0 00:00:00  -  Run Local Usage
		Usr 0 00:00:02, Sys 0 00:00:00  -  Total Remote Usage
		Usr 0 00:00:00, Sys 0 00:00:00  -  Total Local Usage
	7696  -  Run Bytes Sent By Job
	409597  -  Run Bytes Received By Job
	7696  -  Total Bytes Sent By Job
	409597  -  Total Bytes Received By Job
	Partitionable Resources :    Usage  Request Allocated 
	   Cpus                 :                12        12 
	   Disk (KB)            :      421      425   3053767 
	   Memory (MB)          :        2    24000     24000 

	Job terminated of its own accord at 2024-08-02T15:16:29Z with exit-code 139.
...
