000 (10252905.652.000) 07/24 16:13:15 Job submitted from host: <188.185.114.121:9618?addrs=188.185.114.121-9618+[2001-1458-d00-a--100-273]-9618&alias=bigbird19.cern.ch&noUDP&sock=schedd_4961_696e>
...
009 (10252905.652.000) 07/24 16:14:46 Job was aborted.
	via condor_rm (by user yelberke)
...
000 (10252906.652.000) 07/24 16:15:36 Job submitted from host: <188.185.114.121:9618?addrs=188.185.114.121-9618+[2001-1458-d00-a--100-273]-9618&alias=bigbird19.cern.ch&noUDP&sock=schedd_4961_696e>
...
000 (10252907.652.000) 07/24 16:17:30 Job submitted from host: <188.185.114.121:9618?addrs=188.185.114.121-9618+[2001-1458-d00-a--100-273]-9618&alias=bigbird19.cern.ch&noUDP&sock=schedd_4961_696e>
...
000 (10252908.652.000) 07/24 16:18:03 Job submitted from host: <188.185.114.121:9618?addrs=188.185.114.121-9618+[2001-1458-d00-a--100-273]-9618&alias=bigbird19.cern.ch&noUDP&sock=schedd_4961_696e>
...
000 (10252909.652.000) 07/24 16:18:39 Job submitted from host: <188.185.114.121:9618?addrs=188.185.114.121-9618+[2001-1458-d00-a--100-273]-9618&alias=bigbird19.cern.ch&noUDP&sock=schedd_4961_696e>
...
000 (10252910.652.000) 07/24 16:19:05 Job submitted from host: <188.185.114.121:9618?addrs=188.185.114.121-9618+[2001-1458-d00-a--100-273]-9618&alias=bigbird19.cern.ch&noUDP&sock=schedd_4961_696e>
...
000 (10252911.652.000) 07/24 16:19:18 Job submitted from host: <188.185.114.121:9618?addrs=188.185.114.121-9618+[2001-1458-d00-a--100-273]-9618&alias=bigbird19.cern.ch&noUDP&sock=schedd_4961_696e>
...
000 (10252912.652.000) 07/24 16:19:30 Job submitted from host: <188.185.114.121:9618?addrs=188.185.114.121-9618+[2001-1458-d00-a--100-273]-9618&alias=bigbird19.cern.ch&noUDP&sock=schedd_4961_696e>
...
000 (10252913.652.000) 07/24 16:19:43 Job submitted from host: <188.185.114.121:9618?addrs=188.185.114.121-9618+[2001-1458-d00-a--100-273]-9618&alias=bigbird19.cern.ch&noUDP&sock=schedd_4961_696e>
...
040 (10252906.652.000) 07/24 16:21:32 Started transferring input files
	Transferring to host: <188.185.205.183:9618?addrs=188.185.205.183-9618&alias=b9p04p6589.cern.ch&noUDP&sock=slot1_4_6896_9b12_154246>
...
040 (10252906.652.000) 07/24 16:21:32 Finished transferring input files
...
001 (10252906.652.000) 07/24 16:21:33 Job executing on host: <188.185.205.183:9618?addrs=188.185.205.183-9618&alias=b9p04p6589.cern.ch&noUDP&sock=startd_6829_b457>
	SlotName: slot1_4@b9p04p6589.cern.ch
	CondorScratchDir = "/pool/condor/dir_1055836"
	Cpus = 8
	Disk = 2720310
	Memory = 16000
...
006 (10252906.652.000) 07/24 16:21:38 Image size of job updated: 160692
	9  -  MemoryUsage of job (MB)
	8464  -  ResidentSetSize of job (KB)
...
040 (10252906.652.000) 07/24 16:21:38 Started transferring output files
...
040 (10252906.652.000) 07/24 16:21:38 Finished transferring output files
...
005 (10252906.652.000) 07/24 16:21:38 Job terminated.
	(1) Normal termination (return value 0)
		Usr 0 00:00:03, Sys 0 00:00:00  -  Run Remote Usage
		Usr 0 00:00:00, Sys 0 00:00:00  -  Run Local Usage
		Usr 0 00:00:03, Sys 0 00:00:00  -  Total Remote Usage
		Usr 0 00:00:00, Sys 0 00:00:00  -  Total Local Usage
	6204  -  Run Bytes Sent By Job
	409597  -  Run Bytes Received By Job
	6204  -  Total Bytes Sent By Job
	409597  -  Total Bytes Received By Job
	Partitionable Resources :    Usage  Request Allocated 
	   Cpus                 :        0        8         8 
	   Disk (KB)            :      428      425   2720310 
	   Memory (MB)          :        9    16000     16000 

	Job terminated of its own accord at 2024-07-24T14:21:38Z with exit-code 0.
...
040 (10252907.652.000) 07/24 17:46:40 Started transferring input files
	Transferring to host: <188.185.209.80:9618?addrs=188.185.209.80-9618+[2001-1458-303-11--100-4d]-9618&alias=b9p11p9887.cern.ch&noUDP&sock=slot1_2_125546_43aa_144384>
...
040 (10252907.652.000) 07/24 17:46:40 Finished transferring input files
...
001 (10252907.652.000) 07/24 17:46:41 Job executing on host: <188.185.209.80:9618?addrs=188.185.209.80-9618+[2001-1458-303-11--100-4d]-9618&alias=b9p11p9887.cern.ch&noUDP&sock=startd_115963_8d14>
	SlotName: slot1_2@b9p11p9887.cern.ch
	CondorScratchDir = "/pool/condor/dir_133620"
	Cpus = 8
	Disk = 2726362
	Memory = 16000
...
006 (10252907.652.000) 07/24 17:46:45 Image size of job updated: 163120
	9  -  MemoryUsage of job (MB)
	8988  -  ResidentSetSize of job (KB)
...
040 (10252907.652.000) 07/24 17:46:45 Started transferring output files
...
040 (10252907.652.000) 07/24 17:46:45 Finished transferring output files
...
005 (10252907.652.000) 07/24 17:46:45 Job terminated.
	(1) Normal termination (return value 0)
		Usr 0 00:00:03, Sys 0 00:00:00  -  Run Remote Usage
		Usr 0 00:00:00, Sys 0 00:00:00  -  Run Local Usage
		Usr 0 00:00:03, Sys 0 00:00:00  -  Total Remote Usage
		Usr 0 00:00:00, Sys 0 00:00:00  -  Total Local Usage
	6204  -  Run Bytes Sent By Job
	409597  -  Run Bytes Received By Job
	6204  -  Total Bytes Sent By Job
	409597  -  Total Bytes Received By Job
	Partitionable Resources :    Usage  Request Allocated 
	   Cpus                 :        0        8         8 
	   Disk (KB)            :      428      425   2726362 
	   Memory (MB)          :        9    16000     16000 

	Job terminated of its own accord at 2024-07-24T15:46:45Z with exit-code 0.
...
040 (10252908.652.000) 07/24 18:52:06 Started transferring input files
	Transferring to host: <188.185.207.9:9618?addrs=188.185.207.9-9618+[2001-1458-303-d--100-6]-9618&alias=b9p07p6005.cern.ch&noUDP&sock=slot1_8_4138_5861_143913>
...
040 (10252908.652.000) 07/24 18:52:06 Finished transferring input files
...
001 (10252908.652.000) 07/24 18:52:07 Job executing on host: <188.185.207.9:9618?addrs=188.185.207.9-9618+[2001-1458-303-d--100-6]-9618&alias=b9p07p6005.cern.ch&noUDP&sock=startd_3645_becb>
	SlotName: slot1_8@b9p07p6005.cern.ch
	CondorScratchDir = "/pool/condor/dir_4156993"
	Cpus = 8
	Disk = 2950874
	Memory = 16000
...
006 (10252908.652.000) 07/24 18:52:11 Image size of job updated: 157236
	7  -  MemoryUsage of job (MB)
	6356  -  ResidentSetSize of job (KB)
...
040 (10252908.652.000) 07/24 18:52:11 Started transferring output files
...
040 (10252908.652.000) 07/24 18:52:11 Finished transferring output files
...
005 (10252908.652.000) 07/24 18:52:11 Job terminated.
	(1) Normal termination (return value 0)
		Usr 0 00:00:03, Sys 0 00:00:00  -  Run Remote Usage
		Usr 0 00:00:00, Sys 0 00:00:00  -  Run Local Usage
		Usr 0 00:00:03, Sys 0 00:00:00  -  Total Remote Usage
		Usr 0 00:00:00, Sys 0 00:00:00  -  Total Local Usage
	6204  -  Run Bytes Sent By Job
	409597  -  Run Bytes Received By Job
	6204  -  Total Bytes Sent By Job
	409597  -  Total Bytes Received By Job
	Partitionable Resources :    Usage  Request Allocated 
	   Cpus                 :        0        8         8 
	   Disk (KB)            :      428      425   2950874 
	   Memory (MB)          :        7    16000     16000 

	Job terminated of its own accord at 2024-07-24T16:52:11Z with exit-code 0.
...
040 (10252909.652.000) 07/24 19:51:48 Started transferring input files
	Transferring to host: <128.142.193.149:9618?addrs=128.142.193.149-9618&alias=b9g21p2551.cern.ch&noUDP&sock=slot1_5_1992306_8f32_50>
...
040 (10252909.652.000) 07/24 19:51:48 Finished transferring input files
...
001 (10252909.652.000) 07/24 19:51:49 Job executing on host: <128.142.193.149:9618?addrs=128.142.193.149-9618&alias=b9g21p2551.cern.ch&noUDP&sock=startd_2854_2f62>
	SlotName: slot1_5@b9g21p2551.cern.ch
	CondorScratchDir = "/pool/condor/dir_1996685"
	Cpus = 8
	Disk = 1367503
	Memory = 16000
...
006 (10252909.652.000) 07/24 19:51:55 Image size of job updated: 160904
	9  -  MemoryUsage of job (MB)
	8344  -  ResidentSetSize of job (KB)
...
040 (10252909.652.000) 07/24 19:51:55 Started transferring output files
...
040 (10252909.652.000) 07/24 19:51:55 Finished transferring output files
...
005 (10252909.652.000) 07/24 19:51:55 Job terminated.
	(1) Normal termination (return value 0)
		Usr 0 00:00:04, Sys 0 00:00:00  -  Run Remote Usage
		Usr 0 00:00:00, Sys 0 00:00:00  -  Run Local Usage
		Usr 0 00:00:04, Sys 0 00:00:00  -  Total Remote Usage
		Usr 0 00:00:00, Sys 0 00:00:00  -  Total Local Usage
	6204  -  Run Bytes Sent By Job
	409597  -  Run Bytes Received By Job
	6204  -  Total Bytes Sent By Job
	409597  -  Total Bytes Received By Job
	Partitionable Resources :    Usage  Request Allocated 
	   Cpus                 :                 8         8 
	   Disk (KB)            :      420      425   1367503 
	   Memory (MB)          :        9    16000     16000 

	Job terminated of its own accord at 2024-07-24T17:51:55Z with exit-code 0.
...
040 (10252910.652.000) 07/24 20:44:38 Started transferring input files
	Transferring to host: <188.185.205.13:9618?addrs=188.185.205.13-9618+[2001-1458-303-9--100-81]-9618&alias=b9p03p2205.cern.ch&noUDP&sock=slot1_13_3583_4c2b_30767>
...
040 (10252910.652.000) 07/24 20:44:38 Finished transferring input files
...
001 (10252910.652.000) 07/24 20:44:39 Job executing on host: <188.185.205.13:9618?addrs=188.185.205.13-9618+[2001-1458-303-9--100-81]-9618&alias=b9p03p2205.cern.ch&noUDP&sock=startd_3230_16fe>
	SlotName: slot1_13@b9p03p2205.cern.ch
	CondorScratchDir = "/pool/condor/dir_261737"
	Cpus = 8
	Disk = 2697521
	Memory = 16000
...
006 (10252910.652.000) 07/24 20:44:43 Image size of job updated: 163976
	10  -  MemoryUsage of job (MB)
	10004  -  ResidentSetSize of job (KB)
...
040 (10252910.652.000) 07/24 20:44:43 Started transferring output files
...
040 (10252910.652.000) 07/24 20:44:43 Finished transferring output files
...
005 (10252910.652.000) 07/24 20:44:43 Job terminated.
	(1) Normal termination (return value 0)
		Usr 0 00:00:03, Sys 0 00:00:00  -  Run Remote Usage
		Usr 0 00:00:00, Sys 0 00:00:00  -  Run Local Usage
		Usr 0 00:00:03, Sys 0 00:00:00  -  Total Remote Usage
		Usr 0 00:00:00, Sys 0 00:00:00  -  Total Local Usage
	6201  -  Run Bytes Sent By Job
	409597  -  Run Bytes Received By Job
	6201  -  Total Bytes Sent By Job
	409597  -  Total Bytes Received By Job
	Partitionable Resources :    Usage  Request Allocated 
	   Cpus                 :        0        8         8 
	   Disk (KB)            :      428      425   2697521 
	   Memory (MB)          :       10    16000     16000 

	Job terminated of its own accord at 2024-07-24T18:44:43Z with exit-code 0.
...
040 (10252911.652.000) 07/24 20:57:33 Started transferring input files
	Transferring to host: <188.185.206.168:9618?addrs=188.185.206.168-9618&alias=b9p06p3387.cern.ch&noUDP&sock=slot1_7_6887_43b1_155563>
...
040 (10252911.652.000) 07/24 20:57:33 Finished transferring input files
...
001 (10252911.652.000) 07/24 20:57:34 Job executing on host: <188.185.206.168:9618?addrs=188.185.206.168-9618&alias=b9p06p3387.cern.ch&noUDP&sock=startd_6821_3795>
	SlotName: slot1_7@b9p06p3387.cern.ch
	CondorScratchDir = "/pool/condor/dir_535225"
	Cpus = 8
	Disk = 2754775
	Memory = 16000
...
006 (10252911.652.000) 07/24 20:57:38 Image size of job updated: 161376
	9  -  MemoryUsage of job (MB)
	8616  -  ResidentSetSize of job (KB)
...
040 (10252911.652.000) 07/24 20:57:38 Started transferring output files
...
040 (10252911.652.000) 07/24 20:57:38 Finished transferring output files
...
005 (10252911.652.000) 07/24 20:57:38 Job terminated.
	(1) Normal termination (return value 0)
		Usr 0 00:00:03, Sys 0 00:00:00  -  Run Remote Usage
		Usr 0 00:00:00, Sys 0 00:00:00  -  Run Local Usage
		Usr 0 00:00:03, Sys 0 00:00:00  -  Total Remote Usage
		Usr 0 00:00:00, Sys 0 00:00:00  -  Total Local Usage
	6204  -  Run Bytes Sent By Job
	409597  -  Run Bytes Received By Job
	6204  -  Total Bytes Sent By Job
	409597  -  Total Bytes Received By Job
	Partitionable Resources :    Usage  Request Allocated 
	   Cpus                 :        0        8         8 
	   Disk (KB)            :      428      425   2754775 
	   Memory (MB)          :        9    16000     16000 

	Job terminated of its own accord at 2024-07-24T18:57:38Z with exit-code 0.
...
040 (10252912.652.000) 07/24 21:10:30 Started transferring input files
	Transferring to host: <188.185.209.84:9618?addrs=188.185.209.84-9618+[2001-1458-303-11--100-51]-9618&alias=b9p11p6104.cern.ch&noUDP&sock=slot1_4_2042378_d026_79284>
...
040 (10252912.652.000) 07/24 21:10:30 Finished transferring input files
...
001 (10252912.652.000) 07/24 21:10:31 Job executing on host: <188.185.209.84:9618?addrs=188.185.209.84-9618+[2001-1458-303-11--100-51]-9618&alias=b9p11p6104.cern.ch&noUDP&sock=startd_14166_46b4>
	SlotName: slot1_4@b9p11p6104.cern.ch
	CondorScratchDir = "/pool/condor/dir_2881893"
	Cpus = 8
	Disk = 2825305
	Memory = 16000
...
006 (10252912.652.000) 07/24 21:10:35 Image size of job updated: 163604
	10  -  MemoryUsage of job (MB)
	9400  -  ResidentSetSize of job (KB)
...
040 (10252912.652.000) 07/24 21:10:35 Started transferring output files
...
040 (10252912.652.000) 07/24 21:10:35 Finished transferring output files
...
005 (10252912.652.000) 07/24 21:10:35 Job terminated.
	(1) Normal termination (return value 0)
		Usr 0 00:00:03, Sys 0 00:00:00  -  Run Remote Usage
		Usr 0 00:00:00, Sys 0 00:00:00  -  Run Local Usage
		Usr 0 00:00:03, Sys 0 00:00:00  -  Total Remote Usage
		Usr 0 00:00:00, Sys 0 00:00:00  -  Total Local Usage
	6201  -  Run Bytes Sent By Job
	409597  -  Run Bytes Received By Job
	6201  -  Total Bytes Sent By Job
	409597  -  Total Bytes Received By Job
	Partitionable Resources :    Usage  Request Allocated 
	   Cpus                 :        0        8         8 
	   Disk (KB)            :      427      425   2825305 
	   Memory (MB)          :       10    16000     16000 

	Job terminated of its own accord at 2024-07-24T19:10:35Z with exit-code 0.
...
040 (10252913.652.000) 07/24 21:24:26 Started transferring input files
	Transferring to host: <188.185.209.163:9618?addrs=188.185.209.163-9618+[2001-1458-303-12--100-20]-9618&alias=b9p12p5876.cern.ch&noUDP&sock=slot1_25_5306_4e91_73614>
...
040 (10252913.652.000) 07/24 21:24:26 Finished transferring input files
...
001 (10252913.652.000) 07/24 21:24:27 Job executing on host: <188.185.209.163:9618?addrs=188.185.209.163-9618+[2001-1458-303-12--100-20]-9618&alias=b9p12p5876.cern.ch&noUDP&sock=startd_4357_1e3a>
	SlotName: slot1_25@b9p12p5876.cern.ch
	CondorScratchDir = "/pool/condor/dir_32810"
	Cpus = 8
	Disk = 2721237
	Memory = 16000
...
006 (10252913.652.000) 07/24 21:24:31 Image size of job updated: 164456
	10  -  MemoryUsage of job (MB)
	9844  -  ResidentSetSize of job (KB)
...
040 (10252913.652.000) 07/24 21:24:31 Started transferring output files
...
040 (10252913.652.000) 07/24 21:24:31 Finished transferring output files
...
005 (10252913.652.000) 07/24 21:24:31 Job terminated.
	(1) Normal termination (return value 0)
		Usr 0 00:00:03, Sys 0 00:00:00  -  Run Remote Usage
		Usr 0 00:00:00, Sys 0 00:00:00  -  Run Local Usage
		Usr 0 00:00:03, Sys 0 00:00:00  -  Total Remote Usage
		Usr 0 00:00:00, Sys 0 00:00:00  -  Total Local Usage
	6204  -  Run Bytes Sent By Job
	409597  -  Run Bytes Received By Job
	6204  -  Total Bytes Sent By Job
	409597  -  Total Bytes Received By Job
	Partitionable Resources :    Usage  Request Allocated 
	   Cpus                 :        0        8         8 
	   Disk (KB)            :      428      425   2721237 
	   Memory (MB)          :       10    16000     16000 

	Job terminated of its own accord at 2024-07-24T19:24:31Z with exit-code 0.
...
000 (10261715.652.000) 07/25 13:01:31 Job submitted from host: <188.185.114.121:9618?addrs=188.185.114.121-9618+[2001-1458-d00-a--100-273]-9618&alias=bigbird19.cern.ch&noUDP&sock=schedd_4961_696e>
...
009 (10261715.652.000) 07/25 13:06:39 Job was aborted.
	via condor_rm (by user yelberke)
...
000 (10261767.652.000) 07/25 13:20:02 Job submitted from host: <188.185.114.121:9618?addrs=188.185.114.121-9618+[2001-1458-d00-a--100-273]-9618&alias=bigbird19.cern.ch&noUDP&sock=schedd_4961_696e>
...
040 (10261767.652.000) 07/25 13:51:52 Started transferring input files
	Transferring to host: <188.185.207.154:9618?addrs=188.185.207.154-9618+[2001-1458-303-e--100-17]-9618&alias=b9p08p0597.cern.ch&noUDP&sock=slot1_9_7331_1a43_148760>
...
040 (10261767.652.000) 07/25 13:51:52 Finished transferring input files
...
001 (10261767.652.000) 07/25 13:51:53 Job executing on host: <188.185.207.154:9618?addrs=188.185.207.154-9618+[2001-1458-303-e--100-17]-9618&alias=b9p08p0597.cern.ch&noUDP&sock=startd_5882_2427>
	SlotName: slot1_9@b9p08p0597.cern.ch
	CondorScratchDir = "/pool/condor/dir_281621"
	Cpus = 12
	Disk = 2789028
	Memory = 24000
...
006 (10261767.652.000) 07/25 13:51:57 Image size of job updated: 160500
	7  -  MemoryUsage of job (MB)
	6616  -  ResidentSetSize of job (KB)
...
040 (10261767.652.000) 07/25 13:51:57 Started transferring output files
...
040 (10261767.652.000) 07/25 13:51:57 Finished transferring output files
...
005 (10261767.652.000) 07/25 13:51:57 Job terminated.
	(1) Normal termination (return value 0)
		Usr 0 00:00:03, Sys 0 00:00:00  -  Run Remote Usage
		Usr 0 00:00:00, Sys 0 00:00:00  -  Run Local Usage
		Usr 0 00:00:03, Sys 0 00:00:00  -  Total Remote Usage
		Usr 0 00:00:00, Sys 0 00:00:00  -  Total Local Usage
	6204  -  Run Bytes Sent By Job
	409597  -  Run Bytes Received By Job
	6204  -  Total Bytes Sent By Job
	409597  -  Total Bytes Received By Job
	Partitionable Resources :    Usage  Request Allocated 
	   Cpus                 :        0       12        12 
	   Disk (KB)            :      428      425   2789028 
	   Memory (MB)          :        7    24000     24000 

	Job terminated of its own accord at 2024-07-25T11:51:57Z with exit-code 0.
...
000 (10284266.652.000) 08/02 15:45:12 Job submitted from host: <188.185.114.121:9618?addrs=188.185.114.121-9618+[2001-1458-d00-a--100-273]-9618&alias=bigbird19.cern.ch&noUDP&sock=schedd_4961_696e>
...
009 (10284266.652.000) 08/02 15:49:17 Job was aborted.
	via condor_rm (by user yelberke)
...
000 (10284267.652.000) 08/02 15:49:47 Job submitted from host: <188.185.114.121:9618?addrs=188.185.114.121-9618+[2001-1458-d00-a--100-273]-9618&alias=bigbird19.cern.ch&noUDP&sock=schedd_4961_696e>
...
040 (10284267.652.000) 08/02 16:09:26 Started transferring input files
	Transferring to host: <188.185.206.164:9618?addrs=188.185.206.164-9618&alias=b9p06p6630.cern.ch&noUDP&sock=slot1_5_6652_af88_165764>
...
040 (10284267.652.000) 08/02 16:09:26 Finished transferring input files
...
001 (10284267.652.000) 08/02 16:09:27 Job executing on host: <188.185.206.164:9618?addrs=188.185.206.164-9618&alias=b9p06p6630.cern.ch&noUDP&sock=startd_6377_ab89>
	SlotName: slot1_5@b9p06p6630.cern.ch
	CondorScratchDir = "/pool/condor/dir_851914"
	Cpus = 12
	Disk = 2818160
	Memory = 24000
...
006 (10284267.652.000) 08/02 16:09:29 Image size of job updated: 326508
	6  -  MemoryUsage of job (MB)
	5796  -  ResidentSetSize of job (KB)
...
040 (10284267.652.000) 08/02 16:09:29 Started transferring output files
...
040 (10284267.652.000) 08/02 16:09:29 Finished transferring output files
...
005 (10284267.652.000) 08/02 16:09:29 Job terminated.
	(1) Normal termination (return value 139)
		Usr 0 00:00:01, Sys 0 00:00:01  -  Run Remote Usage
		Usr 0 00:00:00, Sys 0 00:00:00  -  Run Local Usage
		Usr 0 00:00:01, Sys 0 00:00:01  -  Total Remote Usage
		Usr 0 00:00:00, Sys 0 00:00:00  -  Total Local Usage
	7696  -  Run Bytes Sent By Job
	409597  -  Run Bytes Received By Job
	7696  -  Total Bytes Sent By Job
	409597  -  Total Bytes Received By Job
	Partitionable Resources :    Usage  Request Allocated 
	   Cpus                 :        0       12        12 
	   Disk (KB)            :      429      425   2818160 
	   Memory (MB)          :        6    24000     24000 

	Job terminated of its own accord at 2024-08-02T14:09:29Z with exit-code 139.
...
