000 (10252905.6560.000) 07/24 16:13:24 Job submitted from host: <188.185.114.121:9618?addrs=188.185.114.121-9618+[2001-1458-d00-a--100-273]-9618&alias=bigbird19.cern.ch&noUDP&sock=schedd_4961_696e>
...
009 (10252905.6560.000) 07/24 16:14:54 Job was aborted.
	via condor_rm (by user yelberke)
...
000 (10252906.6560.000) 07/24 16:15:41 Job submitted from host: <188.185.114.121:9618?addrs=188.185.114.121-9618+[2001-1458-d00-a--100-273]-9618&alias=bigbird19.cern.ch&noUDP&sock=schedd_4961_696e>
...
000 (10252907.6560.000) 07/24 16:17:36 Job submitted from host: <188.185.114.121:9618?addrs=188.185.114.121-9618+[2001-1458-d00-a--100-273]-9618&alias=bigbird19.cern.ch&noUDP&sock=schedd_4961_696e>
...
000 (10252908.6560.000) 07/24 16:18:09 Job submitted from host: <188.185.114.121:9618?addrs=188.185.114.121-9618+[2001-1458-d00-a--100-273]-9618&alias=bigbird19.cern.ch&noUDP&sock=schedd_4961_696e>
...
000 (10252909.6560.000) 07/24 16:18:45 Job submitted from host: <188.185.114.121:9618?addrs=188.185.114.121-9618+[2001-1458-d00-a--100-273]-9618&alias=bigbird19.cern.ch&noUDP&sock=schedd_4961_696e>
...
040 (10252906.6560.000) 07/24 17:33:53 Started transferring input files
	Transferring to host: <188.185.208.68:9618?addrs=188.185.208.68-9618+[2001-1458-303-f--100-41]-9618&alias=b9p09p2759.cern.ch&noUDP&sock=slot1_9_6343_f79b_142657>
...
040 (10252906.6560.000) 07/24 17:33:54 Finished transferring input files
...
001 (10252906.6560.000) 07/24 17:33:55 Job executing on host: <188.185.208.68:9618?addrs=188.185.208.68-9618+[2001-1458-303-f--100-41]-9618&alias=b9p09p2759.cern.ch&noUDP&sock=startd_5176_e24a>
	SlotName: slot1_9@b9p09p2759.cern.ch
	CondorScratchDir = "/pool/condor/dir_1286184"
	Cpus = 8
	Disk = 2855710
	Memory = 16000
...
006 (10252906.6560.000) 07/24 17:33:59 Image size of job updated: 160160
	9  -  MemoryUsage of job (MB)
	8196  -  ResidentSetSize of job (KB)
...
040 (10252906.6560.000) 07/24 17:33:59 Started transferring output files
...
040 (10252906.6560.000) 07/24 17:33:59 Finished transferring output files
...
005 (10252906.6560.000) 07/24 17:33:59 Job terminated.
	(1) Normal termination (return value 0)
		Usr 0 00:00:03, Sys 0 00:00:00  -  Run Remote Usage
		Usr 0 00:00:00, Sys 0 00:00:00  -  Run Local Usage
		Usr 0 00:00:03, Sys 0 00:00:00  -  Total Remote Usage
		Usr 0 00:00:00, Sys 0 00:00:00  -  Total Local Usage
	6201  -  Run Bytes Sent By Job
	409597  -  Run Bytes Received By Job
	6201  -  Total Bytes Sent By Job
	409597  -  Total Bytes Received By Job
	Partitionable Resources :    Usage  Request Allocated 
	   Cpus                 :        0        8         8 
	   Disk (KB)            :      428      425   2855710 
	   Memory (MB)          :        9    16000     16000 

	Job terminated of its own accord at 2024-07-24T15:33:59Z with exit-code 0.
...
040 (10252907.6560.000) 07/24 18:32:47 Started transferring input files
	Transferring to host: <188.185.208.143:9618?addrs=188.185.208.143-9618+[2001-1458-303-10--100-c]-9618&alias=b9p10p4620.cern.ch&noUDP&sock=slot1_5_6183_3b95_145081>
...
040 (10252907.6560.000) 07/24 18:32:47 Finished transferring input files
...
001 (10252907.6560.000) 07/24 18:32:48 Job executing on host: <188.185.208.143:9618?addrs=188.185.208.143-9618+[2001-1458-303-10--100-c]-9618&alias=b9p10p4620.cern.ch&noUDP&sock=startd_5035_2b70>
	SlotName: slot1_5@b9p10p4620.cern.ch
	CondorScratchDir = "/pool/condor/dir_1309322"
	Cpus = 8
	Disk = 2996013
	Memory = 16000
...
006 (10252907.6560.000) 07/24 18:32:53 Image size of job updated: 158272
	8  -  MemoryUsage of job (MB)
	7616  -  ResidentSetSize of job (KB)
...
040 (10252907.6560.000) 07/24 18:32:53 Started transferring output files
...
040 (10252907.6560.000) 07/24 18:32:53 Finished transferring output files
...
005 (10252907.6560.000) 07/24 18:32:53 Job terminated.
	(1) Normal termination (return value 0)
		Usr 0 00:00:03, Sys 0 00:00:00  -  Run Remote Usage
		Usr 0 00:00:00, Sys 0 00:00:00  -  Run Local Usage
		Usr 0 00:00:03, Sys 0 00:00:00  -  Total Remote Usage
		Usr 0 00:00:00, Sys 0 00:00:00  -  Total Local Usage
	6204  -  Run Bytes Sent By Job
	409597  -  Run Bytes Received By Job
	6204  -  Total Bytes Sent By Job
	409597  -  Total Bytes Received By Job
	Partitionable Resources :    Usage  Request Allocated 
	   Cpus                 :        0        8         8 
	   Disk (KB)            :      428      425   2996013 
	   Memory (MB)          :        8    16000     16000 

	Job terminated of its own accord at 2024-07-24T16:32:53Z with exit-code 0.
...
040 (10252908.6560.000) 07/24 19:39:04 Started transferring input files
	Transferring to host: <188.185.205.30:9618?addrs=188.185.205.30-9618+[2001-1458-303-9--100-92]-9618&alias=b9p03p0246.cern.ch&noUDP&sock=slot1_13_7352_e624_156839>
...
040 (10252908.6560.000) 07/24 19:39:04 Finished transferring input files
...
001 (10252908.6560.000) 07/24 19:39:05 Job executing on host: <188.185.205.30:9618?addrs=188.185.205.30-9618+[2001-1458-303-9--100-92]-9618&alias=b9p03p0246.cern.ch&noUDP&sock=startd_7276_4f2d>
	SlotName: slot1_13@b9p03p0246.cern.ch
	CondorScratchDir = "/pool/condor/dir_448545"
	Cpus = 8
	Disk = 2809394
	Memory = 16000
...
006 (10252908.6560.000) 07/24 19:39:11 Image size of job updated: 161916
	8  -  MemoryUsage of job (MB)
	8132  -  ResidentSetSize of job (KB)
...
040 (10252908.6560.000) 07/24 19:39:11 Started transferring output files
...
040 (10252908.6560.000) 07/24 19:39:11 Finished transferring output files
...
005 (10252908.6560.000) 07/24 19:39:11 Job terminated.
	(1) Normal termination (return value 0)
		Usr 0 00:00:04, Sys 0 00:00:00  -  Run Remote Usage
		Usr 0 00:00:00, Sys 0 00:00:00  -  Run Local Usage
		Usr 0 00:00:04, Sys 0 00:00:00  -  Total Remote Usage
		Usr 0 00:00:00, Sys 0 00:00:00  -  Total Local Usage
	6204  -  Run Bytes Sent By Job
	409597  -  Run Bytes Received By Job
	6204  -  Total Bytes Sent By Job
	409597  -  Total Bytes Received By Job
	Partitionable Resources :    Usage  Request Allocated 
	   Cpus                 :        0        8         8 
	   Disk (KB)            :      428      425   2809394 
	   Memory (MB)          :        8    16000     16000 

	Job terminated of its own accord at 2024-07-24T17:39:11Z with exit-code 0.
...
040 (10252909.6560.000) 07/24 20:33:17 Started transferring input files
	Transferring to host: <188.185.206.177:9618?addrs=188.185.206.177-9618+[2001-1458-303-c--100-2e]-9618&alias=b9p06p2968.cern.ch&noUDP&sock=slot1_5_3653_9e6e_1136>
...
040 (10252909.6560.000) 07/24 20:33:17 Finished transferring input files
...
001 (10252909.6560.000) 07/24 20:33:18 Job executing on host: <188.185.206.177:9618?addrs=188.185.206.177-9618+[2001-1458-303-c--100-2e]-9618&alias=b9p06p2968.cern.ch&noUDP&sock=startd_3297_0bd6>
	SlotName: slot1_5@b9p06p2968.cern.ch
	CondorScratchDir = "/pool/condor/dir_1977089"
	Cpus = 8
	Disk = 2876401
	Memory = 16000
...
006 (10252909.6560.000) 07/24 20:33:22 Image size of job updated: 159512
	8  -  MemoryUsage of job (MB)
	7720  -  ResidentSetSize of job (KB)
...
040 (10252909.6560.000) 07/24 20:33:22 Started transferring output files
...
040 (10252909.6560.000) 07/24 20:33:22 Finished transferring output files
...
005 (10252909.6560.000) 07/24 20:33:22 Job terminated.
	(1) Normal termination (return value 0)
		Usr 0 00:00:03, Sys 0 00:00:00  -  Run Remote Usage
		Usr 0 00:00:00, Sys 0 00:00:00  -  Run Local Usage
		Usr 0 00:00:03, Sys 0 00:00:00  -  Total Remote Usage
		Usr 0 00:00:00, Sys 0 00:00:00  -  Total Local Usage
	6201  -  Run Bytes Sent By Job
	409597  -  Run Bytes Received By Job
	6201  -  Total Bytes Sent By Job
	409597  -  Total Bytes Received By Job
	Partitionable Resources :    Usage  Request Allocated 
	   Cpus                 :        0        8         8 
	   Disk (KB)            :      428      425   2876401 
	   Memory (MB)          :        8    16000     16000 

	Job terminated of its own accord at 2024-07-24T18:33:22Z with exit-code 0.
...
000 (10261715.6560.000) 07/25 13:03:47 Job submitted from host: <188.185.114.121:9618?addrs=188.185.114.121-9618+[2001-1458-d00-a--100-273]-9618&alias=bigbird19.cern.ch&noUDP&sock=schedd_4961_696e>
...
009 (10261715.6560.000) 07/25 13:07:09 Job was aborted.
	via condor_rm (by user yelberke)
...
000 (10261767.6560.000) 07/25 13:20:53 Job submitted from host: <188.185.114.121:9618?addrs=188.185.114.121-9618+[2001-1458-d00-a--100-273]-9618&alias=bigbird19.cern.ch&noUDP&sock=schedd_4961_696e>
...
040 (10261767.6560.000) 07/25 15:04:16 Started transferring input files
	Transferring to host: <188.185.208.135:9618?addrs=188.185.208.135-9618+[2001-1458-303-10--100-4]-9618&alias=b9p10p6130.cern.ch&noUDP&sock=slot1_6_20152_a82d_26629>
...
040 (10261767.6560.000) 07/25 15:04:16 Finished transferring input files
...
001 (10261767.6560.000) 07/25 15:04:17 Job executing on host: <188.185.208.135:9618?addrs=188.185.208.135-9618+[2001-1458-303-10--100-4]-9618&alias=b9p10p6130.cern.ch&noUDP&sock=startd_19164_7d0d>
	SlotName: slot1_6@b9p10p6130.cern.ch
	CondorScratchDir = "/pool/condor/dir_2303714"
	Cpus = 12
	Disk = 2891741
	Memory = 24000
...
006 (10261767.6560.000) 07/25 15:04:21 Image size of job updated: 161416
	8  -  MemoryUsage of job (MB)
	7868  -  ResidentSetSize of job (KB)
...
040 (10261767.6560.000) 07/25 15:04:21 Started transferring output files
...
040 (10261767.6560.000) 07/25 15:04:21 Finished transferring output files
...
005 (10261767.6560.000) 07/25 15:04:21 Job terminated.
	(1) Normal termination (return value 0)
		Usr 0 00:00:03, Sys 0 00:00:00  -  Run Remote Usage
		Usr 0 00:00:00, Sys 0 00:00:00  -  Run Local Usage
		Usr 0 00:00:03, Sys 0 00:00:00  -  Total Remote Usage
		Usr 0 00:00:00, Sys 0 00:00:00  -  Total Local Usage
	6676  -  Run Bytes Sent By Job
	409597  -  Run Bytes Received By Job
	6676  -  Total Bytes Sent By Job
	409597  -  Total Bytes Received By Job
	Partitionable Resources :    Usage  Request Allocated 
	   Cpus                 :        0       12        12 
	   Disk (KB)            :      429      425   2891741 
	   Memory (MB)          :        8    24000     24000 

	Job terminated of its own accord at 2024-07-25T13:04:21Z with exit-code 0.
...
000 (10284266.6560.000) 08/02 15:47:41 Job submitted from host: <188.185.114.121:9618?addrs=188.185.114.121-9618+[2001-1458-d00-a--100-273]-9618&alias=bigbird19.cern.ch&noUDP&sock=schedd_4961_696e>
...
000 (10284267.6560.000) 08/02 15:50:17 Job submitted from host: <188.185.114.121:9618?addrs=188.185.114.121-9618+[2001-1458-d00-a--100-273]-9618&alias=bigbird19.cern.ch&noUDP&sock=schedd_4961_696e>
...
009 (10284266.6560.000) 08/02 15:50:44 Job was aborted.
	via condor_rm (by user yelberke)
...
040 (10284267.6560.000) 08/02 17:16:55 Started transferring input files
	Transferring to host: <188.185.205.44:9618?addrs=188.185.205.44-9618&alias=b9p03p4957.cern.ch&noUDP&sock=slot1_11_6859_8930_166590>
...
040 (10284267.6560.000) 08/02 17:16:55 Finished transferring input files
...
001 (10284267.6560.000) 08/02 17:16:56 Job executing on host: <188.185.205.44:9618?addrs=188.185.205.44-9618&alias=b9p03p4957.cern.ch&noUDP&sock=startd_6794_b287>
	SlotName: slot1_11@b9p03p4957.cern.ch
	CondorScratchDir = "/pool/condor/dir_3009555"
	Cpus = 12
	Disk = 2739644
	Memory = 24000
...
006 (10284267.6560.000) 08/02 17:16:58 Image size of job updated: 325504
	4  -  MemoryUsage of job (MB)
	4088  -  ResidentSetSize of job (KB)
...
040 (10284267.6560.000) 08/02 17:16:58 Started transferring output files
...
040 (10284267.6560.000) 08/02 17:16:58 Finished transferring output files
...
005 (10284267.6560.000) 08/02 17:16:58 Job terminated.
	(1) Normal termination (return value 139)
		Usr 0 00:00:02, Sys 0 00:00:01  -  Run Remote Usage
		Usr 0 00:00:00, Sys 0 00:00:00  -  Run Local Usage
		Usr 0 00:00:02, Sys 0 00:00:01  -  Total Remote Usage
		Usr 0 00:00:00, Sys 0 00:00:00  -  Total Local Usage
	7696  -  Run Bytes Sent By Job
	409597  -  Run Bytes Received By Job
	7696  -  Total Bytes Sent By Job
	409597  -  Total Bytes Received By Job
	Partitionable Resources :    Usage  Request Allocated 
	   Cpus                 :        0       12        12 
	   Disk (KB)            :      429      425   2739644 
	   Memory (MB)          :        4    24000     24000 

	Job terminated of its own accord at 2024-08-02T15:16:58Z with exit-code 139.
...
