000 (10252905.6590.000) 07/24 16:13:24 Job submitted from host: <188.185.114.121:9618?addrs=188.185.114.121-9618+[2001-1458-d00-a--100-273]-9618&alias=bigbird19.cern.ch&noUDP&sock=schedd_4961_696e>
...
009 (10252905.6590.000) 07/24 16:14:54 Job was aborted.
	via condor_rm (by user yelberke)
...
000 (10252906.6590.000) 07/24 16:15:41 Job submitted from host: <188.185.114.121:9618?addrs=188.185.114.121-9618+[2001-1458-d00-a--100-273]-9618&alias=bigbird19.cern.ch&noUDP&sock=schedd_4961_696e>
...
000 (10252907.6590.000) 07/24 16:17:36 Job submitted from host: <188.185.114.121:9618?addrs=188.185.114.121-9618+[2001-1458-d00-a--100-273]-9618&alias=bigbird19.cern.ch&noUDP&sock=schedd_4961_696e>
...
000 (10252908.6590.000) 07/24 16:18:09 Job submitted from host: <188.185.114.121:9618?addrs=188.185.114.121-9618+[2001-1458-d00-a--100-273]-9618&alias=bigbird19.cern.ch&noUDP&sock=schedd_4961_696e>
...
000 (10252909.6590.000) 07/24 16:18:45 Job submitted from host: <188.185.114.121:9618?addrs=188.185.114.121-9618+[2001-1458-d00-a--100-273]-9618&alias=bigbird19.cern.ch&noUDP&sock=schedd_4961_696e>
...
040 (10252906.6590.000) 07/24 17:34:04 Started transferring input files
	Transferring to host: <188.185.205.59:9618?addrs=188.185.205.59-9618+[2001-1458-303-9--100-af]-9618&alias=b9p03p3911.cern.ch&noUDP&sock=slot1_15_4558_45f2_82602>
...
040 (10252906.6590.000) 07/24 17:34:05 Finished transferring input files
...
001 (10252906.6590.000) 07/24 17:34:06 Job executing on host: <188.185.205.59:9618?addrs=188.185.205.59-9618+[2001-1458-303-9--100-af]-9618&alias=b9p03p3911.cern.ch&noUDP&sock=startd_3823_d6a7>
	SlotName: slot1_15@b9p03p3911.cern.ch
	CondorScratchDir = "/pool/condor/dir_457615"
	Cpus = 8
	Disk = 2535516
	Memory = 16000
...
006 (10252906.6590.000) 07/24 17:34:10 Image size of job updated: 160804
	8  -  MemoryUsage of job (MB)
	8016  -  ResidentSetSize of job (KB)
...
040 (10252906.6590.000) 07/24 17:34:10 Started transferring output files
...
040 (10252906.6590.000) 07/24 17:34:10 Finished transferring output files
...
005 (10252906.6590.000) 07/24 17:34:11 Job terminated.
	(1) Normal termination (return value 0)
		Usr 0 00:00:03, Sys 0 00:00:00  -  Run Remote Usage
		Usr 0 00:00:00, Sys 0 00:00:00  -  Run Local Usage
		Usr 0 00:00:03, Sys 0 00:00:00  -  Total Remote Usage
		Usr 0 00:00:00, Sys 0 00:00:00  -  Total Local Usage
	6201  -  Run Bytes Sent By Job
	409597  -  Run Bytes Received By Job
	6201  -  Total Bytes Sent By Job
	409597  -  Total Bytes Received By Job
	Partitionable Resources :    Usage  Request Allocated 
	   Cpus                 :        0        8         8 
	   Disk (KB)            :      428      425   2535516 
	   Memory (MB)          :        8    16000     16000 

	Job terminated of its own accord at 2024-07-24T15:34:10Z with exit-code 0.
...
040 (10252907.6590.000) 07/24 18:32:59 Started transferring input files
	Transferring to host: <188.185.207.16:9618?addrs=188.185.207.16-9618+[2001-1458-303-d--100-d]-9618&alias=b9p07p2769.cern.ch&noUDP&sock=slot1_2_6943_b8b3_142924>
...
040 (10252907.6590.000) 07/24 18:32:59 Finished transferring input files
...
001 (10252907.6590.000) 07/24 18:33:00 Job executing on host: <188.185.207.16:9618?addrs=188.185.207.16-9618+[2001-1458-303-d--100-d]-9618&alias=b9p07p2769.cern.ch&noUDP&sock=startd_5606_d404>
	SlotName: slot1_2@b9p07p2769.cern.ch
	CondorScratchDir = "/pool/condor/dir_3082134"
	Cpus = 8
	Disk = 2870132
	Memory = 16000
...
006 (10252907.6590.000) 07/24 18:33:04 Image size of job updated: 157620
	8  -  MemoryUsage of job (MB)
	7360  -  ResidentSetSize of job (KB)
...
040 (10252907.6590.000) 07/24 18:33:04 Started transferring output files
...
040 (10252907.6590.000) 07/24 18:33:04 Finished transferring output files
...
005 (10252907.6590.000) 07/24 18:33:04 Job terminated.
	(1) Normal termination (return value 0)
		Usr 0 00:00:03, Sys 0 00:00:00  -  Run Remote Usage
		Usr 0 00:00:00, Sys 0 00:00:00  -  Run Local Usage
		Usr 0 00:00:03, Sys 0 00:00:00  -  Total Remote Usage
		Usr 0 00:00:00, Sys 0 00:00:00  -  Total Local Usage
	6204  -  Run Bytes Sent By Job
	409597  -  Run Bytes Received By Job
	6204  -  Total Bytes Sent By Job
	409597  -  Total Bytes Received By Job
	Partitionable Resources :    Usage  Request Allocated 
	   Cpus                 :        0        8         8 
	   Disk (KB)            :      427      425   2870132 
	   Memory (MB)          :        8    16000     16000 

	Job terminated of its own accord at 2024-07-24T16:33:04Z with exit-code 0.
...
040 (10252908.6590.000) 07/24 19:39:14 Started transferring input files
	Transferring to host: <188.185.206.159:9618?addrs=188.185.206.159-9618&alias=b9p06p8389.cern.ch&noUDP&sock=slot1_4_6893_7df1_156983>
...
040 (10252908.6590.000) 07/24 19:39:14 Finished transferring input files
...
001 (10252908.6590.000) 07/24 19:39:15 Job executing on host: <188.185.206.159:9618?addrs=188.185.206.159-9618&alias=b9p06p8389.cern.ch&noUDP&sock=startd_6779_689b>
	SlotName: slot1_4@b9p06p8389.cern.ch
	CondorScratchDir = "/pool/condor/dir_96155"
	Cpus = 8
	Disk = 2733438
	Memory = 16000
...
006 (10252908.6590.000) 07/24 19:39:21 Image size of job updated: 160924
	8  -  MemoryUsage of job (MB)
	7932  -  ResidentSetSize of job (KB)
...
040 (10252908.6590.000) 07/24 19:39:21 Started transferring output files
...
040 (10252908.6590.000) 07/24 19:39:21 Finished transferring output files
...
005 (10252908.6590.000) 07/24 19:39:21 Job terminated.
	(1) Normal termination (return value 0)
		Usr 0 00:00:04, Sys 0 00:00:00  -  Run Remote Usage
		Usr 0 00:00:00, Sys 0 00:00:00  -  Run Local Usage
		Usr 0 00:00:04, Sys 0 00:00:00  -  Total Remote Usage
		Usr 0 00:00:00, Sys 0 00:00:00  -  Total Local Usage
	6204  -  Run Bytes Sent By Job
	409597  -  Run Bytes Received By Job
	6204  -  Total Bytes Sent By Job
	409597  -  Total Bytes Received By Job
	Partitionable Resources :    Usage  Request Allocated 
	   Cpus                 :        0        8         8 
	   Disk (KB)            :      428      425   2733438 
	   Memory (MB)          :        8    16000     16000 

	Job terminated of its own accord at 2024-07-24T17:39:21Z with exit-code 0.
...
040 (10252909.6590.000) 07/24 20:33:27 Started transferring input files
	Transferring to host: <188.185.195.84:9618?addrs=188.185.195.84-9618+[2001-1458-303-22--100-50]-9618&alias=b9p17p1833.cern.ch&noUDP&sock=slot1_2_3626939_6239_5080>
...
040 (10252909.6590.000) 07/24 20:33:27 Finished transferring input files
...
001 (10252909.6590.000) 07/24 20:33:28 Job executing on host: <188.185.195.84:9618?addrs=188.185.195.84-9618+[2001-1458-303-22--100-50]-9618&alias=b9p17p1833.cern.ch&noUDP&sock=startd_128214_b7d4>
	SlotName: slot1_2@b9p17p1833.cern.ch
	CondorScratchDir = "/pool/condor/dir_680047"
	Cpus = 8
	Disk = 2950022
	Memory = 16000
...
006 (10252909.6590.000) 07/24 20:33:35 Image size of job updated: 157976
	7  -  MemoryUsage of job (MB)
	6932  -  ResidentSetSize of job (KB)
...
040 (10252909.6590.000) 07/24 20:33:35 Started transferring output files
...
040 (10252909.6590.000) 07/24 20:33:35 Finished transferring output files
...
005 (10252909.6590.000) 07/24 20:33:35 Job terminated.
	(1) Normal termination (return value 0)
		Usr 0 00:00:05, Sys 0 00:00:00  -  Run Remote Usage
		Usr 0 00:00:00, Sys 0 00:00:00  -  Run Local Usage
		Usr 0 00:00:05, Sys 0 00:00:00  -  Total Remote Usage
		Usr 0 00:00:00, Sys 0 00:00:00  -  Total Local Usage
	6201  -  Run Bytes Sent By Job
	409597  -  Run Bytes Received By Job
	6201  -  Total Bytes Sent By Job
	409597  -  Total Bytes Received By Job
	Partitionable Resources :    Usage  Request Allocated 
	   Cpus                 :        0        8         8 
	   Disk (KB)            :      428      425   2950022 
	   Memory (MB)          :        7    16000     16000 

	Job terminated of its own accord at 2024-07-24T18:33:35Z with exit-code 0.
...
000 (10261715.6590.000) 07/25 13:03:47 Job submitted from host: <188.185.114.121:9618?addrs=188.185.114.121-9618+[2001-1458-d00-a--100-273]-9618&alias=bigbird19.cern.ch&noUDP&sock=schedd_4961_696e>
...
009 (10261715.6590.000) 07/25 13:07:09 Job was aborted.
	via condor_rm (by user yelberke)
...
000 (10261767.6590.000) 07/25 13:20:53 Job submitted from host: <188.185.114.121:9618?addrs=188.185.114.121-9618+[2001-1458-d00-a--100-273]-9618&alias=bigbird19.cern.ch&noUDP&sock=schedd_4961_696e>
...
040 (10261767.6590.000) 07/25 15:04:26 Started transferring input files
	Transferring to host: <188.185.193.64:9618?addrs=188.185.193.64-9618+[2001-1458-303-20--100-3c]-9618&alias=b9p19p9927.cern.ch&noUDP&sock=slot1_18_1134290_aae7_8258>
...
040 (10261767.6590.000) 07/25 15:04:26 Finished transferring input files
...
001 (10261767.6590.000) 07/25 15:04:27 Job executing on host: <188.185.193.64:9618?addrs=188.185.193.64-9618+[2001-1458-303-20--100-3c]-9618&alias=b9p19p9927.cern.ch&noUDP&sock=startd_127778_a88a>
	SlotName: slot1_18@b9p19p9927.cern.ch
	CondorScratchDir = "/pool/condor/dir_553391"
	Cpus = 12
	Disk = 3022545
	Memory = 24000
...
006 (10261767.6590.000) 07/25 15:04:33 Image size of job updated: 161196
	8  -  MemoryUsage of job (MB)
	7224  -  ResidentSetSize of job (KB)
...
040 (10261767.6590.000) 07/25 15:04:33 Started transferring output files
...
040 (10261767.6590.000) 07/25 15:04:33 Finished transferring output files
...
005 (10261767.6590.000) 07/25 15:04:33 Job terminated.
	(1) Normal termination (return value 0)
		Usr 0 00:00:05, Sys 0 00:00:00  -  Run Remote Usage
		Usr 0 00:00:00, Sys 0 00:00:00  -  Run Local Usage
		Usr 0 00:00:05, Sys 0 00:00:00  -  Total Remote Usage
		Usr 0 00:00:00, Sys 0 00:00:00  -  Total Local Usage
	6676  -  Run Bytes Sent By Job
	409597  -  Run Bytes Received By Job
	6676  -  Total Bytes Sent By Job
	409597  -  Total Bytes Received By Job
	Partitionable Resources :    Usage  Request Allocated 
	   Cpus                 :        0       12        12 
	   Disk (KB)            :      428      425   3022545 
	   Memory (MB)          :        8    24000     24000 

	Job terminated of its own accord at 2024-07-25T13:04:33Z with exit-code 0.
...
000 (10284266.6590.000) 08/02 15:47:41 Job submitted from host: <188.185.114.121:9618?addrs=188.185.114.121-9618+[2001-1458-d00-a--100-273]-9618&alias=bigbird19.cern.ch&noUDP&sock=schedd_4961_696e>
...
000 (10284267.6590.000) 08/02 15:50:17 Job submitted from host: <188.185.114.121:9618?addrs=188.185.114.121-9618+[2001-1458-d00-a--100-273]-9618&alias=bigbird19.cern.ch&noUDP&sock=schedd_4961_696e>
...
009 (10284266.6590.000) 08/02 15:50:44 Job was aborted.
	via condor_rm (by user yelberke)
...
040 (10284267.6590.000) 08/02 17:17:08 Started transferring input files
	Transferring to host: <188.185.207.14:9618?addrs=188.185.207.14-9618+[2001-1458-303-d--100-b]-9618&alias=b9p07p6280.cern.ch&noUDP&sock=slot1_6_14047_21d4_153189>
...
040 (10284267.6590.000) 08/02 17:17:08 Finished transferring input files
...
001 (10284267.6590.000) 08/02 17:17:09 Job executing on host: <188.185.207.14:9618?addrs=188.185.207.14-9618+[2001-1458-303-d--100-b]-9618&alias=b9p07p6280.cern.ch&noUDP&sock=startd_12560_b19b>
	SlotName: slot1_6@b9p07p6280.cern.ch
	CondorScratchDir = "/pool/condor/dir_3236339"
	Cpus = 12
	Disk = 2638653
	Memory = 24000
...
006 (10284267.6590.000) 08/02 17:17:10 Image size of job updated: 332992
	9  -  MemoryUsage of job (MB)
	9040  -  ResidentSetSize of job (KB)
...
040 (10284267.6590.000) 08/02 17:17:10 Started transferring output files
...
040 (10284267.6590.000) 08/02 17:17:10 Finished transferring output files
...
005 (10284267.6590.000) 08/02 17:17:10 Job terminated.
	(1) Normal termination (return value 139)
		Usr 0 00:00:01, Sys 0 00:00:01  -  Run Remote Usage
		Usr 0 00:00:00, Sys 0 00:00:00  -  Run Local Usage
		Usr 0 00:00:01, Sys 0 00:00:01  -  Total Remote Usage
		Usr 0 00:00:00, Sys 0 00:00:00  -  Total Local Usage
	7696  -  Run Bytes Sent By Job
	409597  -  Run Bytes Received By Job
	7696  -  Total Bytes Sent By Job
	409597  -  Total Bytes Received By Job
	Partitionable Resources :    Usage  Request Allocated 
	   Cpus                 :        0       12        12 
	   Disk (KB)            :      430      425   2638653 
	   Memory (MB)          :        9    24000     24000 

	Job terminated of its own accord at 2024-08-02T15:17:10Z with exit-code 139.
...
