000 (10252905.6647.000) 07/24 16:13:24 Job submitted from host: <188.185.114.121:9618?addrs=188.185.114.121-9618+[2001-1458-d00-a--100-273]-9618&alias=bigbird19.cern.ch&noUDP&sock=schedd_4961_696e>
...
009 (10252905.6647.000) 07/24 16:14:54 Job was aborted.
	via condor_rm (by user yelberke)
...
000 (10252906.6647.000) 07/24 16:15:41 Job submitted from host: <188.185.114.121:9618?addrs=188.185.114.121-9618+[2001-1458-d00-a--100-273]-9618&alias=bigbird19.cern.ch&noUDP&sock=schedd_4961_696e>
...
000 (10252907.6647.000) 07/24 16:17:36 Job submitted from host: <188.185.114.121:9618?addrs=188.185.114.121-9618+[2001-1458-d00-a--100-273]-9618&alias=bigbird19.cern.ch&noUDP&sock=schedd_4961_696e>
...
000 (10252908.6647.000) 07/24 16:18:09 Job submitted from host: <188.185.114.121:9618?addrs=188.185.114.121-9618+[2001-1458-d00-a--100-273]-9618&alias=bigbird19.cern.ch&noUDP&sock=schedd_4961_696e>
...
000 (10252909.6647.000) 07/24 16:18:45 Job submitted from host: <188.185.114.121:9618?addrs=188.185.114.121-9618+[2001-1458-d00-a--100-273]-9618&alias=bigbird19.cern.ch&noUDP&sock=schedd_4961_696e>
...
040 (10252906.6647.000) 07/24 17:34:30 Started transferring input files
	Transferring to host: <188.185.204.140:9618?addrs=188.185.204.140-9618+[2001-1458-303-8--100-80]-9618&alias=b9p02p4573.cern.ch&noUDP&sock=slot1_17_7270_1f61_157820>
...
040 (10252906.6647.000) 07/24 17:34:30 Finished transferring input files
...
001 (10252906.6647.000) 07/24 17:34:31 Job executing on host: <188.185.204.140:9618?addrs=188.185.204.140-9618+[2001-1458-303-8--100-80]-9618&alias=b9p02p4573.cern.ch&noUDP&sock=startd_7203_3cc3>
	SlotName: slot1_17@b9p02p4573.cern.ch
	CondorScratchDir = "/pool/condor/dir_1950067"
	Cpus = 8
	Disk = 2786239
	Memory = 16000
...
006 (10252906.6647.000) 07/24 17:34:36 Image size of job updated: 158128
	8  -  MemoryUsage of job (MB)
	7444  -  ResidentSetSize of job (KB)
...
040 (10252906.6647.000) 07/24 17:34:36 Started transferring output files
...
040 (10252906.6647.000) 07/24 17:34:37 Finished transferring output files
...
005 (10252906.6647.000) 07/24 17:34:37 Job terminated.
	(1) Normal termination (return value 0)
		Usr 0 00:00:04, Sys 0 00:00:00  -  Run Remote Usage
		Usr 0 00:00:00, Sys 0 00:00:00  -  Run Local Usage
		Usr 0 00:00:04, Sys 0 00:00:00  -  Total Remote Usage
		Usr 0 00:00:00, Sys 0 00:00:00  -  Total Local Usage
	6201  -  Run Bytes Sent By Job
	409597  -  Run Bytes Received By Job
	6201  -  Total Bytes Sent By Job
	409597  -  Total Bytes Received By Job
	Partitionable Resources :    Usage  Request Allocated 
	   Cpus                 :        0        8         8 
	   Disk (KB)            :      428      425   2786239 
	   Memory (MB)          :        8    16000     16000 

	Job terminated of its own accord at 2024-07-24T15:34:36Z with exit-code 0.
...
040 (10252907.6647.000) 07/24 18:34:14 Started transferring input files
	Transferring to host: <188.185.209.144:9618?addrs=188.185.209.144-9618+[2001-1458-303-12--100-d]-9618&alias=b9p12p9592.cern.ch&noUDP&sock=slot1_2_5409_e135_144261>
...
040 (10252907.6647.000) 07/24 18:34:14 Finished transferring input files
...
001 (10252907.6647.000) 07/24 18:34:15 Job executing on host: <188.185.209.144:9618?addrs=188.185.209.144-9618+[2001-1458-303-12--100-d]-9618&alias=b9p12p9592.cern.ch&noUDP&sock=startd_4396_de6b>
	SlotName: slot1_2@b9p12p9592.cern.ch
	CondorScratchDir = "/pool/condor/dir_3946017"
	Cpus = 8
	Disk = 2835758
	Memory = 16000
...
006 (10252907.6647.000) 07/24 18:34:19 Image size of job updated: 157528
	7  -  MemoryUsage of job (MB)
	7136  -  ResidentSetSize of job (KB)
...
040 (10252907.6647.000) 07/24 18:34:19 Started transferring output files
...
040 (10252907.6647.000) 07/24 18:34:19 Finished transferring output files
...
005 (10252907.6647.000) 07/24 18:34:19 Job terminated.
	(1) Normal termination (return value 0)
		Usr 0 00:00:03, Sys 0 00:00:00  -  Run Remote Usage
		Usr 0 00:00:00, Sys 0 00:00:00  -  Run Local Usage
		Usr 0 00:00:03, Sys 0 00:00:00  -  Total Remote Usage
		Usr 0 00:00:00, Sys 0 00:00:00  -  Total Local Usage
	6204  -  Run Bytes Sent By Job
	409597  -  Run Bytes Received By Job
	6204  -  Total Bytes Sent By Job
	409597  -  Total Bytes Received By Job
	Partitionable Resources :    Usage  Request Allocated 
	   Cpus                 :        0        8         8 
	   Disk (KB)            :      428      425   2835758 
	   Memory (MB)          :        7    16000     16000 

	Job terminated of its own accord at 2024-07-24T16:34:19Z with exit-code 0.
...
040 (10252908.6647.000) 07/24 19:39:34 Started transferring input files
	Transferring to host: <188.185.205.174:9618?addrs=188.185.205.174-9618+[2001-1458-303-a--100-2b]-9618&alias=b9p04p6534.cern.ch&noUDP&sock=slot1_8_6238_fc37_83649>
...
040 (10252908.6647.000) 07/24 19:39:34 Finished transferring input files
...
001 (10252908.6647.000) 07/24 19:39:35 Job executing on host: <188.185.205.174:9618?addrs=188.185.205.174-9618+[2001-1458-303-a--100-2b]-9618&alias=b9p04p6534.cern.ch&noUDP&sock=startd_5036_db08>
	SlotName: slot1_8@b9p04p6534.cern.ch
	CondorScratchDir = "/pool/condor/dir_1146531"
	Cpus = 8
	Disk = 2924361
	Memory = 16000
...
006 (10252908.6647.000) 07/24 19:39:39 Image size of job updated: 158760
	8  -  MemoryUsage of job (MB)
	7604  -  ResidentSetSize of job (KB)
...
040 (10252908.6647.000) 07/24 19:39:39 Started transferring output files
...
040 (10252908.6647.000) 07/24 19:39:39 Finished transferring output files
...
005 (10252908.6647.000) 07/24 19:39:41 Job terminated.
	(1) Normal termination (return value 0)
		Usr 0 00:00:03, Sys 0 00:00:00  -  Run Remote Usage
		Usr 0 00:00:00, Sys 0 00:00:00  -  Run Local Usage
		Usr 0 00:00:03, Sys 0 00:00:00  -  Total Remote Usage
		Usr 0 00:00:00, Sys 0 00:00:00  -  Total Local Usage
	6204  -  Run Bytes Sent By Job
	409597  -  Run Bytes Received By Job
	6204  -  Total Bytes Sent By Job
	409597  -  Total Bytes Received By Job
	Partitionable Resources :    Usage  Request Allocated 
	   Cpus                 :        0        8         8 
	   Disk (KB)            :      428      425   2924361 
	   Memory (MB)          :        8    16000     16000 

	Job terminated of its own accord at 2024-07-24T17:39:39Z with exit-code 0.
...
040 (10252909.6647.000) 07/24 20:33:47 Started transferring input files
	Transferring to host: <188.185.207.59:9618?addrs=188.185.207.59-9618+[2001-1458-303-d--100-38]-9618&alias=b9p07p9037.cern.ch&noUDP&sock=slot1_18_10084_d713_146706>
...
040 (10252909.6647.000) 07/24 20:33:47 Finished transferring input files
...
001 (10252909.6647.000) 07/24 20:33:48 Job executing on host: <188.185.207.59:9618?addrs=188.185.207.59-9618+[2001-1458-303-d--100-38]-9618&alias=b9p07p9037.cern.ch&noUDP&sock=startd_8752_b8f6>
	SlotName: slot1_18@b9p07p9037.cern.ch
	CondorScratchDir = "/pool/condor/dir_1748682"
	Cpus = 8
	Disk = 2765915
	Memory = 16000
...
006 (10252909.6647.000) 07/24 20:33:52 Image size of job updated: 163516
	10  -  MemoryUsage of job (MB)
	9492  -  ResidentSetSize of job (KB)
...
040 (10252909.6647.000) 07/24 20:33:52 Started transferring output files
...
040 (10252909.6647.000) 07/24 20:33:52 Finished transferring output files
...
005 (10252909.6647.000) 07/24 20:33:52 Job terminated.
	(1) Normal termination (return value 0)
		Usr 0 00:00:03, Sys 0 00:00:00  -  Run Remote Usage
		Usr 0 00:00:00, Sys 0 00:00:00  -  Run Local Usage
		Usr 0 00:00:03, Sys 0 00:00:00  -  Total Remote Usage
		Usr 0 00:00:00, Sys 0 00:00:00  -  Total Local Usage
	6201  -  Run Bytes Sent By Job
	409597  -  Run Bytes Received By Job
	6201  -  Total Bytes Sent By Job
	409597  -  Total Bytes Received By Job
	Partitionable Resources :    Usage  Request Allocated 
	   Cpus                 :        0        8         8 
	   Disk (KB)            :      428      425   2765915 
	   Memory (MB)          :       10    16000     16000 

	Job terminated of its own accord at 2024-07-24T18:33:52Z with exit-code 0.
...
000 (10261715.6647.000) 07/25 13:03:48 Job submitted from host: <188.185.114.121:9618?addrs=188.185.114.121-9618+[2001-1458-d00-a--100-273]-9618&alias=bigbird19.cern.ch&noUDP&sock=schedd_4961_696e>
...
009 (10261715.6647.000) 07/25 13:07:09 Job was aborted.
	via condor_rm (by user yelberke)
...
000 (10261767.6647.000) 07/25 13:20:53 Job submitted from host: <188.185.114.121:9618?addrs=188.185.114.121-9618+[2001-1458-d00-a--100-273]-9618&alias=bigbird19.cern.ch&noUDP&sock=schedd_4961_696e>
...
040 (10261767.6647.000) 07/25 15:04:45 Started transferring input files
	Transferring to host: <188.185.209.81:9618?addrs=188.185.209.81-9618+[2001-1458-303-11--100-4e]-9618&alias=b9p11p4508.cern.ch&noUDP&sock=slot1_16_4154_9e62_85199>
...
040 (10261767.6647.000) 07/25 15:04:45 Finished transferring input files
...
001 (10261767.6647.000) 07/25 15:04:46 Job executing on host: <188.185.209.81:9618?addrs=188.185.209.81-9618+[2001-1458-303-11--100-4e]-9618&alias=b9p11p4508.cern.ch&noUDP&sock=startd_3498_ea5f>
	SlotName: slot1_16@b9p11p4508.cern.ch
	CondorScratchDir = "/pool/condor/dir_2173973"
	Cpus = 12
	Disk = 2614145
	Memory = 24000
...
006 (10261767.6647.000) 07/25 15:04:51 Image size of job updated: 161208
	8  -  MemoryUsage of job (MB)
	7304  -  ResidentSetSize of job (KB)
...
040 (10261767.6647.000) 07/25 15:04:51 Started transferring output files
...
040 (10261767.6647.000) 07/25 15:04:51 Finished transferring output files
...
005 (10261767.6647.000) 07/25 15:04:51 Job terminated.
	(1) Normal termination (return value 0)
		Usr 0 00:00:04, Sys 0 00:00:00  -  Run Remote Usage
		Usr 0 00:00:00, Sys 0 00:00:00  -  Run Local Usage
		Usr 0 00:00:04, Sys 0 00:00:00  -  Total Remote Usage
		Usr 0 00:00:00, Sys 0 00:00:00  -  Total Local Usage
	6676  -  Run Bytes Sent By Job
	409597  -  Run Bytes Received By Job
	6676  -  Total Bytes Sent By Job
	409597  -  Total Bytes Received By Job
	Partitionable Resources :    Usage  Request Allocated 
	   Cpus                 :        0       12        12 
	   Disk (KB)            :      429      425   2614145 
	   Memory (MB)          :        8    24000     24000 

	Job terminated of its own accord at 2024-07-25T13:04:51Z with exit-code 0.
...
000 (10284266.6647.000) 08/02 15:47:42 Job submitted from host: <188.185.114.121:9618?addrs=188.185.114.121-9618+[2001-1458-d00-a--100-273]-9618&alias=bigbird19.cern.ch&noUDP&sock=schedd_4961_696e>
...
000 (10284267.6647.000) 08/02 15:50:17 Job submitted from host: <188.185.114.121:9618?addrs=188.185.114.121-9618+[2001-1458-d00-a--100-273]-9618&alias=bigbird19.cern.ch&noUDP&sock=schedd_4961_696e>
...
009 (10284266.6647.000) 08/02 15:50:44 Job was aborted.
	via condor_rm (by user yelberke)
...
040 (10284267.6647.000) 08/02 17:17:56 Started transferring input files
	Transferring to host: <188.185.204.235:9618?addrs=188.185.204.235-9618+[2001-1458-303-8--100-68]-9618&alias=b9p02p6705.cern.ch&noUDP&sock=slot1_1_7031_b9b7_93374>
...
040 (10284267.6647.000) 08/02 17:17:56 Finished transferring input files
...
001 (10284267.6647.000) 08/02 17:17:57 Job executing on host: <188.185.204.235:9618?addrs=188.185.204.235-9618+[2001-1458-303-8--100-68]-9618&alias=b9p02p6705.cern.ch&noUDP&sock=startd_5676_d7a5>
	SlotName: slot1_1@b9p02p6705.cern.ch
	CondorScratchDir = "/pool/condor/dir_1487959"
	Cpus = 12
	Disk = 2708357
	Memory = 24000
...
006 (10284267.6647.000) 08/02 17:17:59 Image size of job updated: 325536
	4  -  MemoryUsage of job (MB)
	3512  -  ResidentSetSize of job (KB)
...
040 (10284267.6647.000) 08/02 17:17:59 Started transferring output files
...
040 (10284267.6647.000) 08/02 17:17:59 Finished transferring output files
...
005 (10284267.6647.000) 08/02 17:17:59 Job terminated.
	(1) Normal termination (return value 139)
		Usr 0 00:00:01, Sys 0 00:00:00  -  Run Remote Usage
		Usr 0 00:00:00, Sys 0 00:00:00  -  Run Local Usage
		Usr 0 00:00:01, Sys 0 00:00:00  -  Total Remote Usage
		Usr 0 00:00:00, Sys 0 00:00:00  -  Total Local Usage
	7696  -  Run Bytes Sent By Job
	409597  -  Run Bytes Received By Job
	7696  -  Total Bytes Sent By Job
	409597  -  Total Bytes Received By Job
	Partitionable Resources :    Usage  Request Allocated 
	   Cpus                 :        0       12        12 
	   Disk (KB)            :      429      425   2708357 
	   Memory (MB)          :        4    24000     24000 

	Job terminated of its own accord at 2024-08-02T15:17:59Z with exit-code 139.
...
