000 (10252905.6731.000) 07/24 16:13:24 Job submitted from host: <188.185.114.121:9618?addrs=188.185.114.121-9618+[2001-1458-d00-a--100-273]-9618&alias=bigbird19.cern.ch&noUDP&sock=schedd_4961_696e>
...
009 (10252905.6731.000) 07/24 16:14:54 Job was aborted.
	via condor_rm (by user yelberke)
...
000 (10252906.6731.000) 07/24 16:15:42 Job submitted from host: <188.185.114.121:9618?addrs=188.185.114.121-9618+[2001-1458-d00-a--100-273]-9618&alias=bigbird19.cern.ch&noUDP&sock=schedd_4961_696e>
...
000 (10252907.6731.000) 07/24 16:17:36 Job submitted from host: <188.185.114.121:9618?addrs=188.185.114.121-9618+[2001-1458-d00-a--100-273]-9618&alias=bigbird19.cern.ch&noUDP&sock=schedd_4961_696e>
...
000 (10252908.6731.000) 07/24 16:18:09 Job submitted from host: <188.185.114.121:9618?addrs=188.185.114.121-9618+[2001-1458-d00-a--100-273]-9618&alias=bigbird19.cern.ch&noUDP&sock=schedd_4961_696e>
...
000 (10252909.6731.000) 07/24 16:18:45 Job submitted from host: <188.185.114.121:9618?addrs=188.185.114.121-9618+[2001-1458-d00-a--100-273]-9618&alias=bigbird19.cern.ch&noUDP&sock=schedd_4961_696e>
...
040 (10252906.6731.000) 07/24 17:34:52 Started transferring input files
	Transferring to host: <188.185.209.150:9618?addrs=188.185.209.150-9618+[2001-1458-303-12--100-13]-9618&alias=b9p12p9730.cern.ch&noUDP&sock=slot1_14_6331_831b_144802>
...
040 (10252906.6731.000) 07/24 17:34:52 Finished transferring input files
...
001 (10252906.6731.000) 07/24 17:34:53 Job executing on host: <188.185.209.150:9618?addrs=188.185.209.150-9618+[2001-1458-303-12--100-13]-9618&alias=b9p12p9730.cern.ch&noUDP&sock=startd_5106_dea9>
	SlotName: slot1_14@b9p12p9730.cern.ch
	CondorScratchDir = "/pool/condor/dir_3634920"
	Cpus = 8
	Disk = 2686041
	Memory = 16000
...
006 (10252906.6731.000) 07/24 17:34:57 Image size of job updated: 157408
	7  -  MemoryUsage of job (MB)
	6468  -  ResidentSetSize of job (KB)
...
040 (10252906.6731.000) 07/24 17:34:57 Started transferring output files
...
040 (10252906.6731.000) 07/24 17:34:57 Finished transferring output files
...
005 (10252906.6731.000) 07/24 17:34:57 Job terminated.
	(1) Normal termination (return value 0)
		Usr 0 00:00:03, Sys 0 00:00:00  -  Run Remote Usage
		Usr 0 00:00:00, Sys 0 00:00:00  -  Run Local Usage
		Usr 0 00:00:03, Sys 0 00:00:00  -  Total Remote Usage
		Usr 0 00:00:00, Sys 0 00:00:00  -  Total Local Usage
	6201  -  Run Bytes Sent By Job
	409597  -  Run Bytes Received By Job
	6201  -  Total Bytes Sent By Job
	409597  -  Total Bytes Received By Job
	Partitionable Resources :    Usage  Request Allocated 
	   Cpus                 :        0        8         8 
	   Disk (KB)            :      428      425   2686041 
	   Memory (MB)          :        7    16000     16000 

	Job terminated of its own accord at 2024-07-24T15:34:57Z with exit-code 0.
...
040 (10252907.6731.000) 07/24 18:34:10 Started transferring input files
	Transferring to host: <188.185.205.180:9618?addrs=188.185.205.180-9618+[2001-1458-303-a--100-31]-9618&alias=b9p04p8901.cern.ch&noUDP&sock=slot1_4_3676_d30f_82321>
...
040 (10252907.6731.000) 07/24 18:34:10 Finished transferring input files
...
001 (10252907.6731.000) 07/24 18:34:11 Job executing on host: <188.185.205.180:9618?addrs=188.185.205.180-9618+[2001-1458-303-a--100-31]-9618&alias=b9p04p8901.cern.ch&noUDP&sock=startd_3327_9fad>
	SlotName: slot1_4@b9p04p8901.cern.ch
	CondorScratchDir = "/pool/condor/dir_2114422"
	Cpus = 8
	Disk = 2565571
	Memory = 16000
...
006 (10252907.6731.000) 07/24 18:34:15 Image size of job updated: 157268
	7  -  MemoryUsage of job (MB)
	6588  -  ResidentSetSize of job (KB)
...
040 (10252907.6731.000) 07/24 18:34:15 Started transferring output files
...
040 (10252907.6731.000) 07/24 18:34:15 Finished transferring output files
...
005 (10252907.6731.000) 07/24 18:34:15 Job terminated.
	(1) Normal termination (return value 0)
		Usr 0 00:00:03, Sys 0 00:00:00  -  Run Remote Usage
		Usr 0 00:00:00, Sys 0 00:00:00  -  Run Local Usage
		Usr 0 00:00:03, Sys 0 00:00:00  -  Total Remote Usage
		Usr 0 00:00:00, Sys 0 00:00:00  -  Total Local Usage
	6204  -  Run Bytes Sent By Job
	409597  -  Run Bytes Received By Job
	6204  -  Total Bytes Sent By Job
	409597  -  Total Bytes Received By Job
	Partitionable Resources :    Usage  Request Allocated 
	   Cpus                 :        0        8         8 
	   Disk (KB)            :      428      425   2565571 
	   Memory (MB)          :        7    16000     16000 

	Job terminated of its own accord at 2024-07-24T16:34:15Z with exit-code 0.
...
040 (10252908.6731.000) 07/24 19:40:03 Started transferring input files
	Transferring to host: <188.185.207.171:9618?addrs=188.185.207.171-9618+[2001-1458-303-e--100-28]-9618&alias=b9p08p6779.cern.ch&noUDP&sock=slot1_8_6216_7bf6_144364>
...
040 (10252908.6731.000) 07/24 19:40:03 Finished transferring input files
...
001 (10252908.6731.000) 07/24 19:40:04 Job executing on host: <188.185.207.171:9618?addrs=188.185.207.171-9618+[2001-1458-303-e--100-28]-9618&alias=b9p08p6779.cern.ch&noUDP&sock=startd_4995_bba6>
	SlotName: slot1_8@b9p08p6779.cern.ch
	CondorScratchDir = "/pool/condor/dir_780984"
	Cpus = 8
	Disk = 2771858
	Memory = 16000
...
006 (10252908.6731.000) 07/24 19:40:10 Image size of job updated: 160368
	8  -  MemoryUsage of job (MB)
	8168  -  ResidentSetSize of job (KB)
...
040 (10252908.6731.000) 07/24 19:40:10 Started transferring output files
...
040 (10252908.6731.000) 07/24 19:40:10 Finished transferring output files
...
005 (10252908.6731.000) 07/24 19:40:10 Job terminated.
	(1) Normal termination (return value 0)
		Usr 0 00:00:05, Sys 0 00:00:00  -  Run Remote Usage
		Usr 0 00:00:00, Sys 0 00:00:00  -  Run Local Usage
		Usr 0 00:00:05, Sys 0 00:00:00  -  Total Remote Usage
		Usr 0 00:00:00, Sys 0 00:00:00  -  Total Local Usage
	6204  -  Run Bytes Sent By Job
	409597  -  Run Bytes Received By Job
	6204  -  Total Bytes Sent By Job
	409597  -  Total Bytes Received By Job
	Partitionable Resources :    Usage  Request Allocated 
	   Cpus                 :        0        8         8 
	   Disk (KB)            :      428      425   2771858 
	   Memory (MB)          :        8    16000     16000 

	Job terminated of its own accord at 2024-07-24T17:40:10Z with exit-code 0.
...
040 (10252909.6731.000) 07/24 20:34:14 Started transferring input files
	Transferring to host: <188.185.198.19:9618?addrs=188.185.198.19-9618&alias=b9p15p7863.cern.ch&noUDP&sock=slot1_1_523582_a264_111>
...
040 (10252909.6731.000) 07/24 20:34:14 Finished transferring input files
...
001 (10252909.6731.000) 07/24 20:34:15 Job executing on host: <188.185.198.19:9618?addrs=188.185.198.19-9618&alias=b9p15p7863.cern.ch&noUDP&sock=startd_128178_066c>
	SlotName: slot1_1@b9p15p7863.cern.ch
	CondorScratchDir = "/pool/condor/dir_540382"
	Cpus = 8
	Disk = 3022462
	Memory = 16000
...
006 (10252909.6731.000) 07/24 20:34:23 Image size of job updated: 1
	0  -  MemoryUsage of job (MB)
	0  -  ResidentSetSize of job (KB)
...
006 (10252909.6731.000) 07/24 20:34:44 Image size of job updated: 160420
	8  -  MemoryUsage of job (MB)
	8176  -  ResidentSetSize of job (KB)
...
040 (10252909.6731.000) 07/24 20:34:44 Started transferring output files
...
040 (10252909.6731.000) 07/24 20:34:44 Finished transferring output files
...
005 (10252909.6731.000) 07/24 20:34:44 Job terminated.
	(1) Normal termination (return value 0)
		Usr 0 00:00:03, Sys 0 00:00:00  -  Run Remote Usage
		Usr 0 00:00:00, Sys 0 00:00:00  -  Run Local Usage
		Usr 0 00:00:03, Sys 0 00:00:00  -  Total Remote Usage
		Usr 0 00:00:00, Sys 0 00:00:00  -  Total Local Usage
	6201  -  Run Bytes Sent By Job
	409597  -  Run Bytes Received By Job
	6201  -  Total Bytes Sent By Job
	409597  -  Total Bytes Received By Job
	Partitionable Resources :    Usage  Request Allocated 
	   Cpus                 :                 8         8 
	   Disk (KB)            :      419      425   3022462 
	   Memory (MB)          :        8    16000     16000 

	Job terminated of its own accord at 2024-07-24T18:34:44Z with exit-code 0.
...
000 (10261715.6731.000) 07/25 13:03:51 Job submitted from host: <188.185.114.121:9618?addrs=188.185.114.121-9618+[2001-1458-d00-a--100-273]-9618&alias=bigbird19.cern.ch&noUDP&sock=schedd_4961_696e>
...
009 (10261715.6731.000) 07/25 13:07:12 Job was aborted.
	via condor_rm (by user yelberke)
...
000 (10261767.6731.000) 07/25 13:20:54 Job submitted from host: <188.185.114.121:9618?addrs=188.185.114.121-9618+[2001-1458-d00-a--100-273]-9618&alias=bigbird19.cern.ch&noUDP&sock=schedd_4961_696e>
...
040 (10261767.6731.000) 07/25 15:05:13 Started transferring input files
	Transferring to host: <188.185.205.188:9618?addrs=188.185.205.188-9618&alias=b9p04p6505.cern.ch&noUDP&sock=slot1_8_6904_3e12_155720>
...
040 (10261767.6731.000) 07/25 15:05:13 Finished transferring input files
...
001 (10261767.6731.000) 07/25 15:05:14 Job executing on host: <188.185.205.188:9618?addrs=188.185.205.188-9618&alias=b9p04p6505.cern.ch&noUDP&sock=startd_6831_1388>
	SlotName: slot1_8@b9p04p6505.cern.ch
	CondorScratchDir = "/pool/condor/dir_2239524"
	Cpus = 12
	Disk = 2819434
	Memory = 24000
...
006 (10261767.6731.000) 07/25 15:05:18 Image size of job updated: 162768
	9  -  MemoryUsage of job (MB)
	8584  -  ResidentSetSize of job (KB)
...
040 (10261767.6731.000) 07/25 15:05:18 Started transferring output files
...
040 (10261767.6731.000) 07/25 15:05:18 Finished transferring output files
...
005 (10261767.6731.000) 07/25 15:05:18 Job terminated.
	(1) Normal termination (return value 0)
		Usr 0 00:00:03, Sys 0 00:00:00  -  Run Remote Usage
		Usr 0 00:00:00, Sys 0 00:00:00  -  Run Local Usage
		Usr 0 00:00:03, Sys 0 00:00:00  -  Total Remote Usage
		Usr 0 00:00:00, Sys 0 00:00:00  -  Total Local Usage
	6676  -  Run Bytes Sent By Job
	409597  -  Run Bytes Received By Job
	6676  -  Total Bytes Sent By Job
	409597  -  Total Bytes Received By Job
	Partitionable Resources :    Usage  Request Allocated 
	   Cpus                 :        0       12        12 
	   Disk (KB)            :      428      425   2819434 
	   Memory (MB)          :        9    24000     24000 

	Job terminated of its own accord at 2024-07-25T13:05:18Z with exit-code 0.
...
000 (10284266.6731.000) 08/02 15:47:44 Job submitted from host: <188.185.114.121:9618?addrs=188.185.114.121-9618+[2001-1458-d00-a--100-273]-9618&alias=bigbird19.cern.ch&noUDP&sock=schedd_4961_696e>
...
000 (10284267.6731.000) 08/02 15:50:17 Job submitted from host: <188.185.114.121:9618?addrs=188.185.114.121-9618+[2001-1458-d00-a--100-273]-9618&alias=bigbird19.cern.ch&noUDP&sock=schedd_4961_696e>
...
009 (10284266.6731.000) 08/02 15:50:45 Job was aborted.
	via condor_rm (by user yelberke)
...
040 (10284267.6731.000) 08/02 17:18:25 Started transferring input files
	Transferring to host: <188.185.207.136:9618?addrs=188.185.207.136-9618+[2001-1458-303-e--100-5]-9618&alias=b9p08p2600.cern.ch&noUDP&sock=slot1_8_64702_2980_102125>
...
040 (10284267.6731.000) 08/02 17:18:25 Finished transferring input files
...
001 (10284267.6731.000) 08/02 17:18:26 Job executing on host: <188.185.207.136:9618?addrs=188.185.207.136-9618+[2001-1458-303-e--100-5]-9618&alias=b9p08p2600.cern.ch&noUDP&sock=startd_3558_120e>
	SlotName: slot1_8@b9p08p2600.cern.ch
	CondorScratchDir = "/pool/condor/dir_1914554"
	Cpus = 12
	Disk = 2727392
	Memory = 24000
...
006 (10284267.6731.000) 08/02 17:18:28 Image size of job updated: 324748
	2  -  MemoryUsage of job (MB)
	2000  -  ResidentSetSize of job (KB)
...
040 (10284267.6731.000) 08/02 17:18:28 Started transferring output files
...
040 (10284267.6731.000) 08/02 17:18:28 Finished transferring output files
...
005 (10284267.6731.000) 08/02 17:18:28 Job terminated.
	(1) Normal termination (return value 139)
		Usr 0 00:00:02, Sys 0 00:00:01  -  Run Remote Usage
		Usr 0 00:00:00, Sys 0 00:00:00  -  Run Local Usage
		Usr 0 00:00:02, Sys 0 00:00:01  -  Total Remote Usage
		Usr 0 00:00:00, Sys 0 00:00:00  -  Total Local Usage
	7696  -  Run Bytes Sent By Job
	409597  -  Run Bytes Received By Job
	7696  -  Total Bytes Sent By Job
	409597  -  Total Bytes Received By Job
	Partitionable Resources :    Usage  Request Allocated 
	   Cpus                 :        0       12        12 
	   Disk (KB)            :      432      425   2727392 
	   Memory (MB)          :        2    24000     24000 

	Job terminated of its own accord at 2024-08-02T15:18:28Z with exit-code 139.
...
