000 (10252905.6762.000) 07/24 16:13:24 Job submitted from host: <188.185.114.121:9618?addrs=188.185.114.121-9618+[2001-1458-d00-a--100-273]-9618&alias=bigbird19.cern.ch&noUDP&sock=schedd_4961_696e>
...
009 (10252905.6762.000) 07/24 16:14:54 Job was aborted.
	via condor_rm (by user yelberke)
...
000 (10252906.6762.000) 07/24 16:15:42 Job submitted from host: <188.185.114.121:9618?addrs=188.185.114.121-9618+[2001-1458-d00-a--100-273]-9618&alias=bigbird19.cern.ch&noUDP&sock=schedd_4961_696e>
...
000 (10252907.6762.000) 07/24 16:17:36 Job submitted from host: <188.185.114.121:9618?addrs=188.185.114.121-9618+[2001-1458-d00-a--100-273]-9618&alias=bigbird19.cern.ch&noUDP&sock=schedd_4961_696e>
...
000 (10252908.6762.000) 07/24 16:18:09 Job submitted from host: <188.185.114.121:9618?addrs=188.185.114.121-9618+[2001-1458-d00-a--100-273]-9618&alias=bigbird19.cern.ch&noUDP&sock=schedd_4961_696e>
...
000 (10252909.6762.000) 07/24 16:18:45 Job submitted from host: <188.185.114.121:9618?addrs=188.185.114.121-9618+[2001-1458-d00-a--100-273]-9618&alias=bigbird19.cern.ch&noUDP&sock=schedd_4961_696e>
...
040 (10252906.6762.000) 07/24 17:35:00 Started transferring input files
	Transferring to host: <188.185.196.129:9618?addrs=188.185.196.129-9618+[2001-1458-303-23--100-7d]-9618&alias=b9p16p9151.cern.ch&noUDP&sock=slot1_8_2282230_3ebf_3340>
...
040 (10252906.6762.000) 07/24 17:35:00 Finished transferring input files
...
001 (10252906.6762.000) 07/24 17:35:01 Job executing on host: <188.185.196.129:9618?addrs=188.185.196.129-9618+[2001-1458-303-23--100-7d]-9618&alias=b9p16p9151.cern.ch&noUDP&sock=startd_174562_974d>
	SlotName: slot1_8@b9p16p9151.cern.ch
	CondorScratchDir = "/pool/condor/dir_3615446"
	Cpus = 8
	Disk = 2962183
	Memory = 16000
...
006 (10252906.6762.000) 07/24 17:35:07 Image size of job updated: 159960
	8  -  MemoryUsage of job (MB)
	7512  -  ResidentSetSize of job (KB)
...
040 (10252906.6762.000) 07/24 17:35:07 Started transferring output files
...
040 (10252906.6762.000) 07/24 17:35:07 Finished transferring output files
...
005 (10252906.6762.000) 07/24 17:35:07 Job terminated.
	(1) Normal termination (return value 0)
		Usr 0 00:00:04, Sys 0 00:00:00  -  Run Remote Usage
		Usr 0 00:00:00, Sys 0 00:00:00  -  Run Local Usage
		Usr 0 00:00:04, Sys 0 00:00:00  -  Total Remote Usage
		Usr 0 00:00:00, Sys 0 00:00:00  -  Total Local Usage
	6201  -  Run Bytes Sent By Job
	409597  -  Run Bytes Received By Job
	6201  -  Total Bytes Sent By Job
	409597  -  Total Bytes Received By Job
	Partitionable Resources :    Usage  Request Allocated 
	   Cpus                 :        0        8         8 
	   Disk (KB)            :      428      425   2962183 
	   Memory (MB)          :        8    16000     16000 

	Job terminated of its own accord at 2024-07-24T15:35:07Z with exit-code 0.
...
040 (10252907.6762.000) 07/24 18:34:10 Started transferring input files
	Transferring to host: <188.185.206.175:9618?addrs=188.185.206.175-9618&alias=b9p06p7955.cern.ch&noUDP&sock=slot1_23_7362_f1e4_154774>
...
040 (10252907.6762.000) 07/24 18:34:10 Finished transferring input files
...
001 (10252907.6762.000) 07/24 18:34:11 Job executing on host: <188.185.206.175:9618?addrs=188.185.206.175-9618&alias=b9p06p7955.cern.ch&noUDP&sock=startd_7297_b6aa>
	SlotName: slot1_23@b9p06p7955.cern.ch
	CondorScratchDir = "/pool/condor/dir_3426930"
	Cpus = 8
	Disk = 2812360
	Memory = 16000
...
006 (10252907.6762.000) 07/24 18:34:15 Image size of job updated: 167428
	11  -  MemoryUsage of job (MB)
	11184  -  ResidentSetSize of job (KB)
...
040 (10252907.6762.000) 07/24 18:34:15 Started transferring output files
...
040 (10252907.6762.000) 07/24 18:34:15 Finished transferring output files
...
005 (10252907.6762.000) 07/24 18:34:15 Job terminated.
	(1) Normal termination (return value 0)
		Usr 0 00:00:03, Sys 0 00:00:00  -  Run Remote Usage
		Usr 0 00:00:00, Sys 0 00:00:00  -  Run Local Usage
		Usr 0 00:00:03, Sys 0 00:00:00  -  Total Remote Usage
		Usr 0 00:00:00, Sys 0 00:00:00  -  Total Local Usage
	6204  -  Run Bytes Sent By Job
	409597  -  Run Bytes Received By Job
	6204  -  Total Bytes Sent By Job
	409597  -  Total Bytes Received By Job
	Partitionable Resources :    Usage  Request Allocated 
	   Cpus                 :        0        8         8 
	   Disk (KB)            :      427      425   2812360 
	   Memory (MB)          :       11    16000     16000 

	Job terminated of its own accord at 2024-07-24T16:34:15Z with exit-code 0.
...
040 (10252908.6762.000) 07/24 19:40:13 Started transferring input files
	Transferring to host: <188.185.204.191:9618?addrs=188.185.204.191-9618+[2001-1458-303-8--100-b3]-9618&alias=b9p02p4879.cern.ch&noUDP&sock=slot1_13_8290_ce0a_28936>
...
040 (10252908.6762.000) 07/24 19:40:13 Finished transferring input files
...
001 (10252908.6762.000) 07/24 19:40:14 Job executing on host: <188.185.204.191:9618?addrs=188.185.204.191-9618+[2001-1458-303-8--100-b3]-9618&alias=b9p02p4879.cern.ch&noUDP&sock=startd_7347_0266>
	SlotName: slot1_13@b9p02p4879.cern.ch
	CondorScratchDir = "/pool/condor/dir_3435258"
	Cpus = 8
	Disk = 2638788
	Memory = 16000
...
006 (10252908.6762.000) 07/24 19:40:19 Image size of job updated: 159840
	8  -  MemoryUsage of job (MB)
	7636  -  ResidentSetSize of job (KB)
...
040 (10252908.6762.000) 07/24 19:40:19 Started transferring output files
...
040 (10252908.6762.000) 07/24 19:40:19 Finished transferring output files
...
005 (10252908.6762.000) 07/24 19:40:19 Job terminated.
	(1) Normal termination (return value 0)
		Usr 0 00:00:04, Sys 0 00:00:00  -  Run Remote Usage
		Usr 0 00:00:00, Sys 0 00:00:00  -  Run Local Usage
		Usr 0 00:00:04, Sys 0 00:00:00  -  Total Remote Usage
		Usr 0 00:00:00, Sys 0 00:00:00  -  Total Local Usage
	6204  -  Run Bytes Sent By Job
	409597  -  Run Bytes Received By Job
	6204  -  Total Bytes Sent By Job
	409597  -  Total Bytes Received By Job
	Partitionable Resources :    Usage  Request Allocated 
	   Cpus                 :        0        8         8 
	   Disk (KB)            :      428      425   2638788 
	   Memory (MB)          :        8    16000     16000 

	Job terminated of its own accord at 2024-07-24T17:40:19Z with exit-code 0.
...
040 (10252909.6762.000) 07/24 20:34:25 Started transferring input files
	Transferring to host: <188.185.205.162:9618?addrs=188.185.205.162-9618+[2001-1458-303-a--100-1f]-9618&alias=b9p04p5294.cern.ch&noUDP&sock=slot1_50_4129_0101_156577>
...
040 (10252909.6762.000) 07/24 20:34:25 Finished transferring input files
...
001 (10252909.6762.000) 07/24 20:34:26 Job executing on host: <188.185.205.162:9618?addrs=188.185.205.162-9618+[2001-1458-303-a--100-1f]-9618&alias=b9p04p5294.cern.ch&noUDP&sock=startd_3797_0131>
	SlotName: slot1_50@b9p04p5294.cern.ch
	CondorScratchDir = "/pool/condor/dir_2929432"
	Cpus = 8
	Disk = 2832748
	Memory = 16000
...
006 (10252909.6762.000) 07/24 20:34:33 Image size of job updated: 160880
	8  -  MemoryUsage of job (MB)
	8116  -  ResidentSetSize of job (KB)
...
040 (10252909.6762.000) 07/24 20:34:33 Started transferring output files
...
040 (10252909.6762.000) 07/24 20:34:33 Finished transferring output files
...
005 (10252909.6762.000) 07/24 20:34:33 Job terminated.
	(1) Normal termination (return value 0)
		Usr 0 00:00:06, Sys 0 00:00:00  -  Run Remote Usage
		Usr 0 00:00:00, Sys 0 00:00:00  -  Run Local Usage
		Usr 0 00:00:06, Sys 0 00:00:00  -  Total Remote Usage
		Usr 0 00:00:00, Sys 0 00:00:00  -  Total Local Usage
	6201  -  Run Bytes Sent By Job
	409597  -  Run Bytes Received By Job
	6201  -  Total Bytes Sent By Job
	409597  -  Total Bytes Received By Job
	Partitionable Resources :    Usage  Request Allocated 
	   Cpus                 :        0        8         8 
	   Disk (KB)            :      428      425   2832748 
	   Memory (MB)          :        8    16000     16000 

	Job terminated of its own accord at 2024-07-24T18:34:33Z with exit-code 0.
...
000 (10261715.6762.000) 07/25 13:03:51 Job submitted from host: <188.185.114.121:9618?addrs=188.185.114.121-9618+[2001-1458-d00-a--100-273]-9618&alias=bigbird19.cern.ch&noUDP&sock=schedd_4961_696e>
...
009 (10261715.6762.000) 07/25 13:07:16 Job was aborted.
	via condor_rm (by user yelberke)
...
000 (10261767.6762.000) 07/25 13:20:54 Job submitted from host: <188.185.114.121:9618?addrs=188.185.114.121-9618+[2001-1458-d00-a--100-273]-9618&alias=bigbird19.cern.ch&noUDP&sock=schedd_4961_696e>
...
040 (10261767.6762.000) 07/25 15:05:24 Started transferring input files
	Transferring to host: <188.185.208.44:9618?addrs=188.185.208.44-9618+[2001-1458-303-f--100-29]-9618&alias=b9p09p0976.cern.ch&noUDP&sock=slot1_2_7553_858c_145942>
...
040 (10261767.6762.000) 07/25 15:05:24 Finished transferring input files
...
001 (10261767.6762.000) 07/25 15:05:25 Job executing on host: <188.185.208.44:9618?addrs=188.185.208.44-9618+[2001-1458-303-f--100-29]-9618&alias=b9p09p0976.cern.ch&noUDP&sock=startd_5976_9e0e>
	SlotName: slot1_2@b9p09p0976.cern.ch
	CondorScratchDir = "/pool/condor/dir_4132646"
	Cpus = 12
	Disk = 2880393
	Memory = 24000
...
006 (10261767.6762.000) 07/25 15:05:29 Image size of job updated: 161492
	7  -  MemoryUsage of job (MB)
	7156  -  ResidentSetSize of job (KB)
...
040 (10261767.6762.000) 07/25 15:05:29 Started transferring output files
...
040 (10261767.6762.000) 07/25 15:05:29 Finished transferring output files
...
005 (10261767.6762.000) 07/25 15:05:29 Job terminated.
	(1) Normal termination (return value 0)
		Usr 0 00:00:03, Sys 0 00:00:00  -  Run Remote Usage
		Usr 0 00:00:00, Sys 0 00:00:00  -  Run Local Usage
		Usr 0 00:00:03, Sys 0 00:00:00  -  Total Remote Usage
		Usr 0 00:00:00, Sys 0 00:00:00  -  Total Local Usage
	6676  -  Run Bytes Sent By Job
	409597  -  Run Bytes Received By Job
	6676  -  Total Bytes Sent By Job
	409597  -  Total Bytes Received By Job
	Partitionable Resources :    Usage  Request Allocated 
	   Cpus                 :        0       12        12 
	   Disk (KB)            :      429      425   2880393 
	   Memory (MB)          :        7    24000     24000 

	Job terminated of its own accord at 2024-07-25T13:05:29Z with exit-code 0.
...
000 (10284266.6762.000) 08/02 15:47:44 Job submitted from host: <188.185.114.121:9618?addrs=188.185.114.121-9618+[2001-1458-d00-a--100-273]-9618&alias=bigbird19.cern.ch&noUDP&sock=schedd_4961_696e>
...
000 (10284267.6762.000) 08/02 15:50:18 Job submitted from host: <188.185.114.121:9618?addrs=188.185.114.121-9618+[2001-1458-d00-a--100-273]-9618&alias=bigbird19.cern.ch&noUDP&sock=schedd_4961_696e>
...
009 (10284266.6762.000) 08/02 15:50:45 Job was aborted.
	via condor_rm (by user yelberke)
...
040 (10284267.6762.000) 08/02 17:18:35 Started transferring input files
	Transferring to host: <188.185.205.21:9618?addrs=188.185.205.21-9618+[2001-1458-303-9--100-89]-9618&alias=b9p03p9934.cern.ch&noUDP&sock=slot1_3_65045_d62e_103871>
...
040 (10284267.6762.000) 08/02 17:18:35 Finished transferring input files
...
001 (10284267.6762.000) 08/02 17:18:36 Job executing on host: <188.185.205.21:9618?addrs=188.185.205.21-9618+[2001-1458-303-9--100-89]-9618&alias=b9p03p9934.cern.ch&noUDP&sock=startd_3406_cfa9>
	SlotName: slot1_3@b9p03p9934.cern.ch
	CondorScratchDir = "/pool/condor/dir_1596001"
	Cpus = 12
	Disk = 2738162
	Memory = 24000
...
006 (10284267.6762.000) 08/02 17:18:38 Image size of job updated: 328452
	5  -  MemoryUsage of job (MB)
	5080  -  ResidentSetSize of job (KB)
...
040 (10284267.6762.000) 08/02 17:18:38 Started transferring output files
...
040 (10284267.6762.000) 08/02 17:18:38 Finished transferring output files
...
005 (10284267.6762.000) 08/02 17:18:38 Job terminated.
	(1) Normal termination (return value 139)
		Usr 0 00:00:01, Sys 0 00:00:01  -  Run Remote Usage
		Usr 0 00:00:00, Sys 0 00:00:00  -  Run Local Usage
		Usr 0 00:00:01, Sys 0 00:00:01  -  Total Remote Usage
		Usr 0 00:00:00, Sys 0 00:00:00  -  Total Local Usage
	7696  -  Run Bytes Sent By Job
	409597  -  Run Bytes Received By Job
	7696  -  Total Bytes Sent By Job
	409597  -  Total Bytes Received By Job
	Partitionable Resources :    Usage  Request Allocated 
	   Cpus                 :        0       12        12 
	   Disk (KB)            :      432      425   2738162 
	   Memory (MB)          :        5    24000     24000 

	Job terminated of its own accord at 2024-08-02T15:18:38Z with exit-code 139.
...
