000 (10252905.6767.000) 07/24 16:13:24 Job submitted from host: <188.185.114.121:9618?addrs=188.185.114.121-9618+[2001-1458-d00-a--100-273]-9618&alias=bigbird19.cern.ch&noUDP&sock=schedd_4961_696e>
...
009 (10252905.6767.000) 07/24 16:14:54 Job was aborted.
	via condor_rm (by user yelberke)
...
000 (10252906.6767.000) 07/24 16:15:42 Job submitted from host: <188.185.114.121:9618?addrs=188.185.114.121-9618+[2001-1458-d00-a--100-273]-9618&alias=bigbird19.cern.ch&noUDP&sock=schedd_4961_696e>
...
000 (10252907.6767.000) 07/24 16:17:36 Job submitted from host: <188.185.114.121:9618?addrs=188.185.114.121-9618+[2001-1458-d00-a--100-273]-9618&alias=bigbird19.cern.ch&noUDP&sock=schedd_4961_696e>
...
000 (10252908.6767.000) 07/24 16:18:09 Job submitted from host: <188.185.114.121:9618?addrs=188.185.114.121-9618+[2001-1458-d00-a--100-273]-9618&alias=bigbird19.cern.ch&noUDP&sock=schedd_4961_696e>
...
000 (10252909.6767.000) 07/24 16:18:45 Job submitted from host: <188.185.114.121:9618?addrs=188.185.114.121-9618+[2001-1458-d00-a--100-273]-9618&alias=bigbird19.cern.ch&noUDP&sock=schedd_4961_696e>
...
040 (10252906.6767.000) 07/24 17:35:04 Started transferring input files
	Transferring to host: <188.185.196.129:9618?addrs=188.185.196.129-9618+[2001-1458-303-23--100-7d]-9618&alias=b9p16p9151.cern.ch&noUDP&sock=slot1_9_2282230_3ebf_3341>
...
040 (10252906.6767.000) 07/24 17:35:04 Finished transferring input files
...
001 (10252906.6767.000) 07/24 17:35:05 Job executing on host: <188.185.196.129:9618?addrs=188.185.196.129-9618+[2001-1458-303-23--100-7d]-9618&alias=b9p16p9151.cern.ch&noUDP&sock=startd_174562_974d>
	SlotName: slot1_9@b9p16p9151.cern.ch
	CondorScratchDir = "/pool/condor/dir_3615631"
	Cpus = 8
	Disk = 2962183
	Memory = 16000
...
006 (10252906.6767.000) 07/24 17:35:12 Image size of job updated: 158120
	7  -  MemoryUsage of job (MB)
	7116  -  ResidentSetSize of job (KB)
...
040 (10252906.6767.000) 07/24 17:35:12 Started transferring output files
...
040 (10252906.6767.000) 07/24 17:35:12 Finished transferring output files
...
005 (10252906.6767.000) 07/24 17:35:12 Job terminated.
	(1) Normal termination (return value 0)
		Usr 0 00:00:05, Sys 0 00:00:00  -  Run Remote Usage
		Usr 0 00:00:00, Sys 0 00:00:00  -  Run Local Usage
		Usr 0 00:00:05, Sys 0 00:00:00  -  Total Remote Usage
		Usr 0 00:00:00, Sys 0 00:00:00  -  Total Local Usage
	6201  -  Run Bytes Sent By Job
	409597  -  Run Bytes Received By Job
	6201  -  Total Bytes Sent By Job
	409597  -  Total Bytes Received By Job
	Partitionable Resources :    Usage  Request Allocated 
	   Cpus                 :        0        8         8 
	   Disk (KB)            :      428      425   2962183 
	   Memory (MB)          :        7    16000     16000 

	Job terminated of its own accord at 2024-07-24T15:35:12Z with exit-code 0.
...
040 (10252907.6767.000) 07/24 18:34:12 Started transferring input files
	Transferring to host: <188.185.209.40:9618?addrs=188.185.209.40-9618+[2001-1458-303-11--100-25]-9618&alias=b9p11p5496.cern.ch&noUDP&sock=slot1_8_28465_eadf_24677>
...
040 (10252907.6767.000) 07/24 18:34:12 Finished transferring input files
...
001 (10252907.6767.000) 07/24 18:34:13 Job executing on host: <188.185.209.40:9618?addrs=188.185.209.40-9618+[2001-1458-303-11--100-25]-9618&alias=b9p11p5496.cern.ch&noUDP&sock=startd_27242_5317>
	SlotName: slot1_8@b9p11p5496.cern.ch
	CondorScratchDir = "/pool/condor/dir_1651901"
	Cpus = 8
	Disk = 2802844
	Memory = 16000
...
006 (10252907.6767.000) 07/24 18:34:17 Image size of job updated: 157020
	7  -  MemoryUsage of job (MB)
	6520  -  ResidentSetSize of job (KB)
...
040 (10252907.6767.000) 07/24 18:34:17 Started transferring output files
...
040 (10252907.6767.000) 07/24 18:34:17 Finished transferring output files
...
005 (10252907.6767.000) 07/24 18:34:17 Job terminated.
	(1) Normal termination (return value 0)
		Usr 0 00:00:03, Sys 0 00:00:00  -  Run Remote Usage
		Usr 0 00:00:00, Sys 0 00:00:00  -  Run Local Usage
		Usr 0 00:00:03, Sys 0 00:00:00  -  Total Remote Usage
		Usr 0 00:00:00, Sys 0 00:00:00  -  Total Local Usage
	6204  -  Run Bytes Sent By Job
	409597  -  Run Bytes Received By Job
	6204  -  Total Bytes Sent By Job
	409597  -  Total Bytes Received By Job
	Partitionable Resources :    Usage  Request Allocated 
	   Cpus                 :        0        8         8 
	   Disk (KB)            :      427      425   2802844 
	   Memory (MB)          :        7    16000     16000 

	Job terminated of its own accord at 2024-07-24T16:34:17Z with exit-code 0.
...
040 (10252908.6767.000) 07/24 19:40:15 Started transferring input files
	Transferring to host: <188.185.205.69:9618?addrs=188.185.205.69-9618+[2001-1458-303-9--100-b9]-9618&alias=b9p03p3225.cern.ch&noUDP&sock=slot1_28_7400_b826_156228>
...
040 (10252908.6767.000) 07/24 19:40:15 Finished transferring input files
...
001 (10252908.6767.000) 07/24 19:40:16 Job executing on host: <188.185.205.69:9618?addrs=188.185.205.69-9618+[2001-1458-303-9--100-b9]-9618&alias=b9p03p3225.cern.ch&noUDP&sock=startd_7326_9ae9>
	SlotName: slot1_28@b9p03p3225.cern.ch
	CondorScratchDir = "/pool/condor/dir_3420629"
	Cpus = 8
	Disk = 2956868
	Memory = 16000
...
006 (10252908.6767.000) 07/24 19:40:20 Image size of job updated: 161252
	8  -  MemoryUsage of job (MB)
	8176  -  ResidentSetSize of job (KB)
...
040 (10252908.6767.000) 07/24 19:40:20 Started transferring output files
...
040 (10252908.6767.000) 07/24 19:40:20 Finished transferring output files
...
005 (10252908.6767.000) 07/24 19:40:20 Job terminated.
	(1) Normal termination (return value 0)
		Usr 0 00:00:03, Sys 0 00:00:00  -  Run Remote Usage
		Usr 0 00:00:00, Sys 0 00:00:00  -  Run Local Usage
		Usr 0 00:00:03, Sys 0 00:00:00  -  Total Remote Usage
		Usr 0 00:00:00, Sys 0 00:00:00  -  Total Local Usage
	6204  -  Run Bytes Sent By Job
	409597  -  Run Bytes Received By Job
	6204  -  Total Bytes Sent By Job
	409597  -  Total Bytes Received By Job
	Partitionable Resources :    Usage  Request Allocated 
	   Cpus                 :        0        8         8 
	   Disk (KB)            :      428      425   2956868 
	   Memory (MB)          :        8    16000     16000 

	Job terminated of its own accord at 2024-07-24T17:40:20Z with exit-code 0.
...
040 (10252909.6767.000) 07/24 20:34:27 Started transferring input files
	Transferring to host: <188.185.207.187:9618?addrs=188.185.207.187-9618+[2001-1458-303-e--100-38]-9618&alias=b9p08p7595.cern.ch&noUDP&sock=slot1_45_13633_6e83_143532>
...
040 (10252909.6767.000) 07/24 20:34:27 Finished transferring input files
...
001 (10252909.6767.000) 07/24 20:34:28 Job executing on host: <188.185.207.187:9618?addrs=188.185.207.187-9618+[2001-1458-303-e--100-38]-9618&alias=b9p08p7595.cern.ch&noUDP&sock=startd_12275_351d>
	SlotName: slot1_45@b9p08p7595.cern.ch
	CondorScratchDir = "/pool/condor/dir_3974105"
	Cpus = 8
	Disk = 2883628
	Memory = 16000
...
006 (10252909.6767.000) 07/24 20:34:33 Image size of job updated: 159428
	8  -  MemoryUsage of job (MB)
	7800  -  ResidentSetSize of job (KB)
...
040 (10252909.6767.000) 07/24 20:34:33 Started transferring output files
...
040 (10252909.6767.000) 07/24 20:34:33 Finished transferring output files
...
005 (10252909.6767.000) 07/24 20:34:33 Job terminated.
	(1) Normal termination (return value 0)
		Usr 0 00:00:03, Sys 0 00:00:00  -  Run Remote Usage
		Usr 0 00:00:00, Sys 0 00:00:00  -  Run Local Usage
		Usr 0 00:00:03, Sys 0 00:00:00  -  Total Remote Usage
		Usr 0 00:00:00, Sys 0 00:00:00  -  Total Local Usage
	6201  -  Run Bytes Sent By Job
	409597  -  Run Bytes Received By Job
	6201  -  Total Bytes Sent By Job
	409597  -  Total Bytes Received By Job
	Partitionable Resources :    Usage  Request Allocated 
	   Cpus                 :        0        8         8 
	   Disk (KB)            :      428      425   2883628 
	   Memory (MB)          :        8    16000     16000 

	Job terminated of its own accord at 2024-07-24T18:34:33Z with exit-code 0.
...
000 (10261715.6767.000) 07/25 13:03:51 Job submitted from host: <188.185.114.121:9618?addrs=188.185.114.121-9618+[2001-1458-d00-a--100-273]-9618&alias=bigbird19.cern.ch&noUDP&sock=schedd_4961_696e>
...
009 (10261715.6767.000) 07/25 13:07:17 Job was aborted.
	via condor_rm (by user yelberke)
...
000 (10261767.6767.000) 07/25 13:20:54 Job submitted from host: <188.185.114.121:9618?addrs=188.185.114.121-9618+[2001-1458-d00-a--100-273]-9618&alias=bigbird19.cern.ch&noUDP&sock=schedd_4961_696e>
...
040 (10261767.6767.000) 07/25 15:05:26 Started transferring input files
	Transferring to host: <188.185.208.142:9618?addrs=188.185.208.142-9618+[2001-1458-303-10--100-b]-9618&alias=b9p10p4646.cern.ch&noUDP&sock=slot1_15_4110_9de0_146881>
...
040 (10261767.6767.000) 07/25 15:05:26 Finished transferring input files
...
001 (10261767.6767.000) 07/25 15:05:27 Job executing on host: <188.185.208.142:9618?addrs=188.185.208.142-9618+[2001-1458-303-10--100-b]-9618&alias=b9p10p4646.cern.ch&noUDP&sock=startd_3608_5dca>
	SlotName: slot1_15@b9p10p4646.cern.ch
	CondorScratchDir = "/pool/condor/dir_4128721"
	Cpus = 12
	Disk = 2884308
	Memory = 24000
...
006 (10261767.6767.000) 07/25 15:05:31 Image size of job updated: 161672
	8  -  MemoryUsage of job (MB)
	7936  -  ResidentSetSize of job (KB)
...
040 (10261767.6767.000) 07/25 15:05:31 Started transferring output files
...
040 (10261767.6767.000) 07/25 15:05:31 Finished transferring output files
...
005 (10261767.6767.000) 07/25 15:05:31 Job terminated.
	(1) Normal termination (return value 0)
		Usr 0 00:00:03, Sys 0 00:00:00  -  Run Remote Usage
		Usr 0 00:00:00, Sys 0 00:00:00  -  Run Local Usage
		Usr 0 00:00:03, Sys 0 00:00:00  -  Total Remote Usage
		Usr 0 00:00:00, Sys 0 00:00:00  -  Total Local Usage
	6676  -  Run Bytes Sent By Job
	409597  -  Run Bytes Received By Job
	6676  -  Total Bytes Sent By Job
	409597  -  Total Bytes Received By Job
	Partitionable Resources :    Usage  Request Allocated 
	   Cpus                 :        0       12        12 
	   Disk (KB)            :      429      425   2884308 
	   Memory (MB)          :        8    24000     24000 

	Job terminated of its own accord at 2024-07-25T13:05:31Z with exit-code 0.
...
000 (10284266.6767.000) 08/02 15:47:44 Job submitted from host: <188.185.114.121:9618?addrs=188.185.114.121-9618+[2001-1458-d00-a--100-273]-9618&alias=bigbird19.cern.ch&noUDP&sock=schedd_4961_696e>
...
000 (10284267.6767.000) 08/02 15:50:18 Job submitted from host: <188.185.114.121:9618?addrs=188.185.114.121-9618+[2001-1458-d00-a--100-273]-9618&alias=bigbird19.cern.ch&noUDP&sock=schedd_4961_696e>
...
009 (10284266.6767.000) 08/02 15:50:45 Job was aborted.
	via condor_rm (by user yelberke)
...
040 (10284267.6767.000) 08/02 17:18:37 Started transferring input files
	Transferring to host: <188.185.205.9:9618?addrs=188.185.205.9-9618+[2001-1458-303-9--100-7e]-9618&alias=b9p03p7969.cern.ch&noUDP&sock=slot1_12_7347_6044_40405>
...
040 (10284267.6767.000) 08/02 17:18:37 Finished transferring input files
...
001 (10284267.6767.000) 08/02 17:18:38 Job executing on host: <188.185.205.9:9618?addrs=188.185.205.9-9618+[2001-1458-303-9--100-7e]-9618&alias=b9p03p7969.cern.ch&noUDP&sock=startd_6402_d167>
	SlotName: slot1_12@b9p03p7969.cern.ch
	CondorScratchDir = "/pool/condor/dir_1451867"
	Cpus = 12
	Disk = 2768943
	Memory = 24000
...
006 (10284267.6767.000) 08/02 17:18:40 Image size of job updated: 327840
	8  -  MemoryUsage of job (MB)
	7588  -  ResidentSetSize of job (KB)
...
040 (10284267.6767.000) 08/02 17:18:40 Started transferring output files
...
040 (10284267.6767.000) 08/02 17:18:40 Finished transferring output files
...
005 (10284267.6767.000) 08/02 17:18:40 Job terminated.
	(1) Normal termination (return value 139)
		Usr 0 00:00:01, Sys 0 00:00:01  -  Run Remote Usage
		Usr 0 00:00:00, Sys 0 00:00:00  -  Run Local Usage
		Usr 0 00:00:01, Sys 0 00:00:01  -  Total Remote Usage
		Usr 0 00:00:00, Sys 0 00:00:00  -  Total Local Usage
	7848  -  Run Bytes Sent By Job
	409597  -  Run Bytes Received By Job
	7848  -  Total Bytes Sent By Job
	409597  -  Total Bytes Received By Job
	Partitionable Resources :    Usage  Request Allocated 
	   Cpus                 :        0       12        12 
	   Disk (KB)            :      430      425   2768943 
	   Memory (MB)          :        8    24000     24000 

	Job terminated of its own accord at 2024-08-02T15:18:40Z with exit-code 139.
...
