000 (10252905.6795.000) 07/24 16:13:24 Job submitted from host: <188.185.114.121:9618?addrs=188.185.114.121-9618+[2001-1458-d00-a--100-273]-9618&alias=bigbird19.cern.ch&noUDP&sock=schedd_4961_696e>
...
009 (10252905.6795.000) 07/24 16:14:54 Job was aborted.
	via condor_rm (by user yelberke)
...
000 (10252906.6795.000) 07/24 16:15:42 Job submitted from host: <188.185.114.121:9618?addrs=188.185.114.121-9618+[2001-1458-d00-a--100-273]-9618&alias=bigbird19.cern.ch&noUDP&sock=schedd_4961_696e>
...
000 (10252907.6795.000) 07/24 16:17:36 Job submitted from host: <188.185.114.121:9618?addrs=188.185.114.121-9618+[2001-1458-d00-a--100-273]-9618&alias=bigbird19.cern.ch&noUDP&sock=schedd_4961_696e>
...
000 (10252908.6795.000) 07/24 16:18:09 Job submitted from host: <188.185.114.121:9618?addrs=188.185.114.121-9618+[2001-1458-d00-a--100-273]-9618&alias=bigbird19.cern.ch&noUDP&sock=schedd_4961_696e>
...
000 (10252909.6795.000) 07/24 16:18:46 Job submitted from host: <188.185.114.121:9618?addrs=188.185.114.121-9618+[2001-1458-d00-a--100-273]-9618&alias=bigbird19.cern.ch&noUDP&sock=schedd_4961_696e>
...
040 (10252906.6795.000) 07/24 17:35:17 Started transferring input files
	Transferring to host: <188.185.198.103:9618?addrs=188.185.198.103-9618+[2001-1458-303-25--100-63]-9618&alias=b9p15p0233.cern.ch&noUDP&sock=slot1_3_2141853_f313_6550>
...
040 (10252906.6795.000) 07/24 17:35:17 Finished transferring input files
...
001 (10252906.6795.000) 07/24 17:35:18 Job executing on host: <188.185.198.103:9618?addrs=188.185.198.103-9618+[2001-1458-303-25--100-63]-9618&alias=b9p15p0233.cern.ch&noUDP&sock=startd_127884_5d94>
	SlotName: slot1_3@b9p15p0233.cern.ch
	CondorScratchDir = "/pool/condor/dir_3408932"
	Cpus = 8
	Disk = 3012705
	Memory = 16000
...
006 (10252906.6795.000) 07/24 17:35:24 Image size of job updated: 159864
	8  -  MemoryUsage of job (MB)
	7344  -  ResidentSetSize of job (KB)
...
040 (10252906.6795.000) 07/24 17:35:24 Started transferring output files
...
040 (10252906.6795.000) 07/24 17:35:24 Finished transferring output files
...
005 (10252906.6795.000) 07/24 17:35:24 Job terminated.
	(1) Normal termination (return value 0)
		Usr 0 00:00:05, Sys 0 00:00:00  -  Run Remote Usage
		Usr 0 00:00:00, Sys 0 00:00:00  -  Run Local Usage
		Usr 0 00:00:05, Sys 0 00:00:00  -  Total Remote Usage
		Usr 0 00:00:00, Sys 0 00:00:00  -  Total Local Usage
	6201  -  Run Bytes Sent By Job
	409597  -  Run Bytes Received By Job
	6201  -  Total Bytes Sent By Job
	409597  -  Total Bytes Received By Job
	Partitionable Resources :    Usage  Request Allocated 
	   Cpus                 :        0        8         8 
	   Disk (KB)            :      428      425   3012705 
	   Memory (MB)          :        8    16000     16000 

	Job terminated of its own accord at 2024-07-24T15:35:24Z with exit-code 0.
...
040 (10252907.6795.000) 07/24 18:34:27 Started transferring input files
	Transferring to host: <188.185.208.178:9618?addrs=188.185.208.178-9618+[2001-1458-303-10--100-2f]-9618&alias=b9p10p7838.cern.ch&noUDP&sock=slot1_12_11825_883a_143896>
...
040 (10252907.6795.000) 07/24 18:34:27 Finished transferring input files
...
001 (10252907.6795.000) 07/24 18:34:28 Job executing on host: <188.185.208.178:9618?addrs=188.185.208.178-9618+[2001-1458-303-10--100-2f]-9618&alias=b9p10p7838.cern.ch&noUDP&sock=startd_10496_f622>
	SlotName: slot1_12@b9p10p7838.cern.ch
	CondorScratchDir = "/pool/condor/dir_4191609"
	Cpus = 8
	Disk = 2862887
	Memory = 16000
...
006 (10252907.6795.000) 07/24 18:34:32 Image size of job updated: 159568
	8  -  MemoryUsage of job (MB)
	7300  -  ResidentSetSize of job (KB)
...
040 (10252907.6795.000) 07/24 18:34:32 Started transferring output files
...
040 (10252907.6795.000) 07/24 18:34:32 Finished transferring output files
...
005 (10252907.6795.000) 07/24 18:34:32 Job terminated.
	(1) Normal termination (return value 0)
		Usr 0 00:00:03, Sys 0 00:00:00  -  Run Remote Usage
		Usr 0 00:00:00, Sys 0 00:00:00  -  Run Local Usage
		Usr 0 00:00:03, Sys 0 00:00:00  -  Total Remote Usage
		Usr 0 00:00:00, Sys 0 00:00:00  -  Total Local Usage
	6204  -  Run Bytes Sent By Job
	409597  -  Run Bytes Received By Job
	6204  -  Total Bytes Sent By Job
	409597  -  Total Bytes Received By Job
	Partitionable Resources :    Usage  Request Allocated 
	   Cpus                 :        0        8         8 
	   Disk (KB)            :      428      425   2862887 
	   Memory (MB)          :        8    16000     16000 

	Job terminated of its own accord at 2024-07-24T16:34:32Z with exit-code 0.
...
040 (10252908.6795.000) 07/24 19:43:50 Started transferring input files
	Transferring to host: <188.185.205.58:9618?addrs=188.185.205.58-9618+[2001-1458-303-9--100-ae]-9618&alias=b9p03p9210.cern.ch&noUDP&sock=slot1_7_7418_66e7_156531>
...
040 (10252908.6795.000) 07/24 19:43:50 Finished transferring input files
...
001 (10252908.6795.000) 07/24 19:43:51 Job executing on host: <188.185.205.58:9618?addrs=188.185.205.58-9618+[2001-1458-303-9--100-ae]-9618&alias=b9p03p9210.cern.ch&noUDP&sock=startd_7350_112f>
	SlotName: slot1_7@b9p03p9210.cern.ch
	CondorScratchDir = "/pool/condor/dir_2957380"
	Cpus = 8
	Disk = 2868319
	Memory = 16000
...
006 (10252908.6795.000) 07/24 19:43:55 Image size of job updated: 160744
	8  -  MemoryUsage of job (MB)
	8136  -  ResidentSetSize of job (KB)
...
040 (10252908.6795.000) 07/24 19:43:55 Started transferring output files
...
040 (10252908.6795.000) 07/24 19:43:55 Finished transferring output files
...
005 (10252908.6795.000) 07/24 19:43:55 Job terminated.
	(1) Normal termination (return value 0)
		Usr 0 00:00:03, Sys 0 00:00:00  -  Run Remote Usage
		Usr 0 00:00:00, Sys 0 00:00:00  -  Run Local Usage
		Usr 0 00:00:03, Sys 0 00:00:00  -  Total Remote Usage
		Usr 0 00:00:00, Sys 0 00:00:00  -  Total Local Usage
	6204  -  Run Bytes Sent By Job
	409597  -  Run Bytes Received By Job
	6204  -  Total Bytes Sent By Job
	409597  -  Total Bytes Received By Job
	Partitionable Resources :    Usage  Request Allocated 
	   Cpus                 :        0        8         8 
	   Disk (KB)            :      428      425   2868319 
	   Memory (MB)          :        8    16000     16000 

	Job terminated of its own accord at 2024-07-24T17:43:55Z with exit-code 0.
...
040 (10252909.6795.000) 07/24 20:34:35 Started transferring input files
	Transferring to host: <188.185.206.177:9618?addrs=188.185.206.177-9618+[2001-1458-303-c--100-2e]-9618&alias=b9p06p2968.cern.ch&noUDP&sock=slot1_5_3653_9e6e_1137>
...
040 (10252909.6795.000) 07/24 20:34:35 Finished transferring input files
...
001 (10252909.6795.000) 07/24 20:34:36 Job executing on host: <188.185.206.177:9618?addrs=188.185.206.177-9618+[2001-1458-303-c--100-2e]-9618&alias=b9p06p2968.cern.ch&noUDP&sock=startd_3297_0bd6>
	SlotName: slot1_5@b9p06p2968.cern.ch
	CondorScratchDir = "/pool/condor/dir_2011386"
	Cpus = 8
	Disk = 2875136
	Memory = 16000
...
006 (10252909.6795.000) 07/24 20:34:42 Image size of job updated: 173764
	17  -  MemoryUsage of job (MB)
	16768  -  ResidentSetSize of job (KB)
...
040 (10252909.6795.000) 07/24 20:34:42 Started transferring output files
...
040 (10252909.6795.000) 07/24 20:34:42 Finished transferring output files
...
005 (10252909.6795.000) 07/24 20:34:42 Job terminated.
	(1) Normal termination (return value 0)
		Usr 0 00:00:03, Sys 0 00:00:00  -  Run Remote Usage
		Usr 0 00:00:00, Sys 0 00:00:00  -  Run Local Usage
		Usr 0 00:00:03, Sys 0 00:00:00  -  Total Remote Usage
		Usr 0 00:00:00, Sys 0 00:00:00  -  Total Local Usage
	6201  -  Run Bytes Sent By Job
	409597  -  Run Bytes Received By Job
	6201  -  Total Bytes Sent By Job
	409597  -  Total Bytes Received By Job
	Partitionable Resources :    Usage  Request Allocated 
	   Cpus                 :        0        8         8 
	   Disk (KB)            :      428      425   2875136 
	   Memory (MB)          :       17    16000     16000 

	Job terminated of its own accord at 2024-07-24T18:34:42Z with exit-code 0.
...
000 (10261715.6795.000) 07/25 13:03:52 Job submitted from host: <188.185.114.121:9618?addrs=188.185.114.121-9618+[2001-1458-d00-a--100-273]-9618&alias=bigbird19.cern.ch&noUDP&sock=schedd_4961_696e>
...
009 (10261715.6795.000) 07/25 13:07:17 Job was aborted.
	via condor_rm (by user yelberke)
...
000 (10261767.6795.000) 07/25 13:20:54 Job submitted from host: <188.185.114.121:9618?addrs=188.185.114.121-9618+[2001-1458-d00-a--100-273]-9618&alias=bigbird19.cern.ch&noUDP&sock=schedd_4961_696e>
...
040 (10261767.6795.000) 07/25 15:05:34 Started transferring input files
	Transferring to host: <188.185.209.188:9618?addrs=188.185.209.188-9618+[2001-1458-303-12--100-39]-9618&alias=b9p12p4540.cern.ch&noUDP&sock=slot1_3_4424_dbad_145943>
...
040 (10261767.6795.000) 07/25 15:05:34 Finished transferring input files
...
001 (10261767.6795.000) 07/25 15:05:35 Job executing on host: <188.185.209.188:9618?addrs=188.185.209.188-9618+[2001-1458-303-12--100-39]-9618&alias=b9p12p4540.cern.ch&noUDP&sock=startd_3676_023b>
	SlotName: slot1_3@b9p12p4540.cern.ch
	CondorScratchDir = "/pool/condor/dir_4116561"
	Cpus = 12
	Disk = 2847044
	Memory = 24000
...
006 (10261767.6795.000) 07/25 15:05:39 Image size of job updated: 161524
	8  -  MemoryUsage of job (MB)
	7644  -  ResidentSetSize of job (KB)
...
040 (10261767.6795.000) 07/25 15:05:39 Started transferring output files
...
040 (10261767.6795.000) 07/25 15:05:39 Finished transferring output files
...
005 (10261767.6795.000) 07/25 15:05:39 Job terminated.
	(1) Normal termination (return value 0)
		Usr 0 00:00:03, Sys 0 00:00:00  -  Run Remote Usage
		Usr 0 00:00:00, Sys 0 00:00:00  -  Run Local Usage
		Usr 0 00:00:03, Sys 0 00:00:00  -  Total Remote Usage
		Usr 0 00:00:00, Sys 0 00:00:00  -  Total Local Usage
	6676  -  Run Bytes Sent By Job
	409597  -  Run Bytes Received By Job
	6676  -  Total Bytes Sent By Job
	409597  -  Total Bytes Received By Job
	Partitionable Resources :    Usage  Request Allocated 
	   Cpus                 :        0       12        12 
	   Disk (KB)            :      429      425   2847044 
	   Memory (MB)          :        8    24000     24000 

	Job terminated of its own accord at 2024-07-25T13:05:39Z with exit-code 0.
...
000 (10284266.6795.000) 08/02 15:47:44 Job submitted from host: <188.185.114.121:9618?addrs=188.185.114.121-9618+[2001-1458-d00-a--100-273]-9618&alias=bigbird19.cern.ch&noUDP&sock=schedd_4961_696e>
...
000 (10284267.6795.000) 08/02 15:50:18 Job submitted from host: <188.185.114.121:9618?addrs=188.185.114.121-9618+[2001-1458-d00-a--100-273]-9618&alias=bigbird19.cern.ch&noUDP&sock=schedd_4961_696e>
...
009 (10284266.6795.000) 08/02 15:50:45 Job was aborted.
	via condor_rm (by user yelberke)
...
040 (10284267.6795.000) 08/02 17:18:47 Started transferring input files
	Transferring to host: <188.185.204.186:9618?addrs=188.185.204.186-9618+[2001-1458-303-8--100-ae]-9618&alias=b9p02p1705.cern.ch&noUDP&sock=slot1_2_10550_2de6_41437>
...
040 (10284267.6795.000) 08/02 17:18:47 Finished transferring input files
...
001 (10284267.6795.000) 08/02 17:18:48 Job executing on host: <188.185.204.186:9618?addrs=188.185.204.186-9618+[2001-1458-303-8--100-ae]-9618&alias=b9p02p1705.cern.ch&noUDP&sock=startd_9568_6e3e>
	SlotName: slot1_2@b9p02p1705.cern.ch
	CondorScratchDir = "/pool/condor/dir_787928"
	Cpus = 12
	Disk = 2836269
	Memory = 24000
...
006 (10284267.6795.000) 08/02 17:18:50 Image size of job updated: 325916
	6  -  MemoryUsage of job (MB)
	5172  -  ResidentSetSize of job (KB)
...
040 (10284267.6795.000) 08/02 17:18:50 Started transferring output files
...
040 (10284267.6795.000) 08/02 17:18:50 Finished transferring output files
...
005 (10284267.6795.000) 08/02 17:18:50 Job terminated.
	(1) Normal termination (return value 139)
		Usr 0 00:00:01, Sys 0 00:00:00  -  Run Remote Usage
		Usr 0 00:00:00, Sys 0 00:00:00  -  Run Local Usage
		Usr 0 00:00:01, Sys 0 00:00:00  -  Total Remote Usage
		Usr 0 00:00:00, Sys 0 00:00:00  -  Total Local Usage
	7696  -  Run Bytes Sent By Job
	409597  -  Run Bytes Received By Job
	7696  -  Total Bytes Sent By Job
	409597  -  Total Bytes Received By Job
	Partitionable Resources :    Usage  Request Allocated 
	   Cpus                 :        0       12        12 
	   Disk (KB)            :      430      425   2836269 
	   Memory (MB)          :        6    24000     24000 

	Job terminated of its own accord at 2024-08-02T15:18:50Z with exit-code 139.
...
