000 (10252905.6826.000) 07/24 16:13:24 Job submitted from host: <188.185.114.121:9618?addrs=188.185.114.121-9618+[2001-1458-d00-a--100-273]-9618&alias=bigbird19.cern.ch&noUDP&sock=schedd_4961_696e>
...
009 (10252905.6826.000) 07/24 16:14:54 Job was aborted.
	via condor_rm (by user yelberke)
...
000 (10252906.6826.000) 07/24 16:15:42 Job submitted from host: <188.185.114.121:9618?addrs=188.185.114.121-9618+[2001-1458-d00-a--100-273]-9618&alias=bigbird19.cern.ch&noUDP&sock=schedd_4961_696e>
...
000 (10252907.6826.000) 07/24 16:17:36 Job submitted from host: <188.185.114.121:9618?addrs=188.185.114.121-9618+[2001-1458-d00-a--100-273]-9618&alias=bigbird19.cern.ch&noUDP&sock=schedd_4961_696e>
...
000 (10252908.6826.000) 07/24 16:18:09 Job submitted from host: <188.185.114.121:9618?addrs=188.185.114.121-9618+[2001-1458-d00-a--100-273]-9618&alias=bigbird19.cern.ch&noUDP&sock=schedd_4961_696e>
...
000 (10252909.6826.000) 07/24 16:18:46 Job submitted from host: <188.185.114.121:9618?addrs=188.185.114.121-9618+[2001-1458-d00-a--100-273]-9618&alias=bigbird19.cern.ch&noUDP&sock=schedd_4961_696e>
...
040 (10252906.6826.000) 07/24 17:35:27 Started transferring input files
	Transferring to host: <188.185.207.59:9618?addrs=188.185.207.59-9618+[2001-1458-303-d--100-38]-9618&alias=b9p07p9037.cern.ch&noUDP&sock=slot1_1_10084_d713_146330>
...
040 (10252906.6826.000) 07/24 17:35:27 Finished transferring input files
...
001 (10252906.6826.000) 07/24 17:35:28 Job executing on host: <188.185.207.59:9618?addrs=188.185.207.59-9618+[2001-1458-303-d--100-38]-9618&alias=b9p07p9037.cern.ch&noUDP&sock=startd_8752_b8f6>
	SlotName: slot1_1@b9p07p9037.cern.ch
	CondorScratchDir = "/pool/condor/dir_572716"
	Cpus = 8
	Disk = 2428169
	Memory = 16000
...
006 (10252906.6826.000) 07/24 17:35:32 Image size of job updated: 164868
	10  -  MemoryUsage of job (MB)
	10064  -  ResidentSetSize of job (KB)
...
040 (10252906.6826.000) 07/24 17:35:32 Started transferring output files
...
040 (10252906.6826.000) 07/24 17:35:32 Finished transferring output files
...
005 (10252906.6826.000) 07/24 17:35:32 Job terminated.
	(1) Normal termination (return value 0)
		Usr 0 00:00:03, Sys 0 00:00:00  -  Run Remote Usage
		Usr 0 00:00:00, Sys 0 00:00:00  -  Run Local Usage
		Usr 0 00:00:03, Sys 0 00:00:00  -  Total Remote Usage
		Usr 0 00:00:00, Sys 0 00:00:00  -  Total Local Usage
	6201  -  Run Bytes Sent By Job
	409597  -  Run Bytes Received By Job
	6201  -  Total Bytes Sent By Job
	409597  -  Total Bytes Received By Job
	Partitionable Resources :    Usage  Request Allocated 
	   Cpus                 :                 8         8 
	   Disk (KB)            :      421      425   2428169 
	   Memory (MB)          :       10    16000     16000 

	Job terminated of its own accord at 2024-07-24T15:35:32Z with exit-code 0.
...
040 (10252907.6826.000) 07/24 18:34:38 Started transferring input files
	Transferring to host: <188.185.206.197:9618?addrs=188.185.206.197-9618+[2001-1458-303-c--100-42]-9618&alias=b9p06p2472.cern.ch&noUDP&sock=slot1_3_3659_d8ae_84261>
...
040 (10252907.6826.000) 07/24 18:34:38 Finished transferring input files
...
001 (10252907.6826.000) 07/24 18:34:39 Job executing on host: <188.185.206.197:9618?addrs=188.185.206.197-9618+[2001-1458-303-c--100-42]-9618&alias=b9p06p2472.cern.ch&noUDP&sock=startd_3334_6cd7>
	SlotName: slot1_3@b9p06p2472.cern.ch
	CondorScratchDir = "/pool/condor/dir_3608061"
	Cpus = 8
	Disk = 2838452
	Memory = 16000
...
006 (10252907.6826.000) 07/24 18:34:43 Image size of job updated: 157720
	8  -  MemoryUsage of job (MB)
	7228  -  ResidentSetSize of job (KB)
...
040 (10252907.6826.000) 07/24 18:34:43 Started transferring output files
...
040 (10252907.6826.000) 07/24 18:34:43 Finished transferring output files
...
005 (10252907.6826.000) 07/24 18:34:43 Job terminated.
	(1) Normal termination (return value 0)
		Usr 0 00:00:03, Sys 0 00:00:00  -  Run Remote Usage
		Usr 0 00:00:00, Sys 0 00:00:00  -  Run Local Usage
		Usr 0 00:00:03, Sys 0 00:00:00  -  Total Remote Usage
		Usr 0 00:00:00, Sys 0 00:00:00  -  Total Local Usage
	6204  -  Run Bytes Sent By Job
	409597  -  Run Bytes Received By Job
	6204  -  Total Bytes Sent By Job
	409597  -  Total Bytes Received By Job
	Partitionable Resources :    Usage  Request Allocated 
	   Cpus                 :        0        8         8 
	   Disk (KB)            :      428      425   2838452 
	   Memory (MB)          :        8    16000     16000 

	Job terminated of its own accord at 2024-07-24T16:34:43Z with exit-code 0.
...
040 (10252908.6826.000) 07/24 19:40:35 Started transferring input files
	Transferring to host: <188.185.208.97:9618?addrs=188.185.208.97-9618+[2001-1458-303-f--100-5e]-9618&alias=b9p09p9337.cern.ch&noUDP&sock=slot1_32_7879_37d9_144734>
...
040 (10252908.6826.000) 07/24 19:40:35 Finished transferring input files
...
001 (10252908.6826.000) 07/24 19:40:36 Job executing on host: <188.185.208.97:9618?addrs=188.185.208.97-9618+[2001-1458-303-f--100-5e]-9618&alias=b9p09p9337.cern.ch&noUDP&sock=startd_6577_da7a>
	SlotName: slot1_32@b9p09p9337.cern.ch
	CondorScratchDir = "/pool/condor/dir_3245956"
	Cpus = 8
	Disk = 2877727
	Memory = 16000
...
006 (10252908.6826.000) 07/24 19:40:40 Image size of job updated: 161144
	9  -  MemoryUsage of job (MB)
	8668  -  ResidentSetSize of job (KB)
...
040 (10252908.6826.000) 07/24 19:40:40 Started transferring output files
...
040 (10252908.6826.000) 07/24 19:40:40 Finished transferring output files
...
005 (10252908.6826.000) 07/24 19:40:40 Job terminated.
	(1) Normal termination (return value 0)
		Usr 0 00:00:03, Sys 0 00:00:00  -  Run Remote Usage
		Usr 0 00:00:00, Sys 0 00:00:00  -  Run Local Usage
		Usr 0 00:00:03, Sys 0 00:00:00  -  Total Remote Usage
		Usr 0 00:00:00, Sys 0 00:00:00  -  Total Local Usage
	6204  -  Run Bytes Sent By Job
	409597  -  Run Bytes Received By Job
	6204  -  Total Bytes Sent By Job
	409597  -  Total Bytes Received By Job
	Partitionable Resources :    Usage  Request Allocated 
	   Cpus                 :        0        8         8 
	   Disk (KB)            :      428      425   2877727 
	   Memory (MB)          :        9    16000     16000 

	Job terminated of its own accord at 2024-07-24T17:40:40Z with exit-code 0.
...
040 (10252909.6826.000) 07/24 20:34:46 Started transferring input files
	Transferring to host: <188.185.204.202:9618?addrs=188.185.204.202-9618+[2001-1458-303-8--100-be]-9618&alias=b9p02p5453.cern.ch&noUDP&sock=slot1_10_5206_d90d_82232>
...
040 (10252909.6826.000) 07/24 20:34:46 Finished transferring input files
...
001 (10252909.6826.000) 07/24 20:34:47 Job executing on host: <188.185.204.202:9618?addrs=188.185.204.202-9618+[2001-1458-303-8--100-be]-9618&alias=b9p02p5453.cern.ch&noUDP&sock=startd_4321_6cd1>
	SlotName: slot1_10@b9p02p5453.cern.ch
	CondorScratchDir = "/pool/condor/dir_3404195"
	Cpus = 8
	Disk = 2827264
	Memory = 16000
...
006 (10252909.6826.000) 07/24 20:34:51 Image size of job updated: 158836
	7  -  MemoryUsage of job (MB)
	7048  -  ResidentSetSize of job (KB)
...
040 (10252909.6826.000) 07/24 20:34:51 Started transferring output files
...
040 (10252909.6826.000) 07/24 20:34:51 Finished transferring output files
...
005 (10252909.6826.000) 07/24 20:34:51 Job terminated.
	(1) Normal termination (return value 0)
		Usr 0 00:00:03, Sys 0 00:00:00  -  Run Remote Usage
		Usr 0 00:00:00, Sys 0 00:00:00  -  Run Local Usage
		Usr 0 00:00:03, Sys 0 00:00:00  -  Total Remote Usage
		Usr 0 00:00:00, Sys 0 00:00:00  -  Total Local Usage
	6201  -  Run Bytes Sent By Job
	409597  -  Run Bytes Received By Job
	6201  -  Total Bytes Sent By Job
	409597  -  Total Bytes Received By Job
	Partitionable Resources :    Usage  Request Allocated 
	   Cpus                 :        0        8         8 
	   Disk (KB)            :      428      425   2827264 
	   Memory (MB)          :        7    16000     16000 

	Job terminated of its own accord at 2024-07-24T18:34:51Z with exit-code 0.
...
000 (10261715.6826.000) 07/25 13:03:52 Job submitted from host: <188.185.114.121:9618?addrs=188.185.114.121-9618+[2001-1458-d00-a--100-273]-9618&alias=bigbird19.cern.ch&noUDP&sock=schedd_4961_696e>
...
009 (10261715.6826.000) 07/25 13:07:18 Job was aborted.
	via condor_rm (by user yelberke)
...
000 (10261767.6826.000) 07/25 13:20:55 Job submitted from host: <188.185.114.121:9618?addrs=188.185.114.121-9618+[2001-1458-d00-a--100-273]-9618&alias=bigbird19.cern.ch&noUDP&sock=schedd_4961_696e>
...
040 (10261767.6826.000) 07/25 15:05:47 Started transferring input files
	Transferring to host: <188.185.204.198:9618?addrs=188.185.204.198-9618+[2001-1458-303-8--100-ba]-9618&alias=b9p02p4655.cern.ch&noUDP&sock=slot1_9_9155_468d_31868>
...
040 (10261767.6826.000) 07/25 15:05:47 Finished transferring input files
...
001 (10261767.6826.000) 07/25 15:05:48 Job executing on host: <188.185.204.198:9618?addrs=188.185.204.198-9618+[2001-1458-303-8--100-ba]-9618&alias=b9p02p4655.cern.ch&noUDP&sock=startd_8132_743e>
	SlotName: slot1_9@b9p02p4655.cern.ch
	CondorScratchDir = "/pool/condor/dir_339490"
	Cpus = 12
	Disk = 2712543
	Memory = 24000
...
006 (10261767.6826.000) 07/25 15:05:52 Image size of job updated: 162304
	8  -  MemoryUsage of job (MB)
	8188  -  ResidentSetSize of job (KB)
...
040 (10261767.6826.000) 07/25 15:05:52 Started transferring output files
...
040 (10261767.6826.000) 07/25 15:05:52 Finished transferring output files
...
005 (10261767.6826.000) 07/25 15:05:52 Job terminated.
	(1) Normal termination (return value 0)
		Usr 0 00:00:03, Sys 0 00:00:00  -  Run Remote Usage
		Usr 0 00:00:00, Sys 0 00:00:00  -  Run Local Usage
		Usr 0 00:00:03, Sys 0 00:00:00  -  Total Remote Usage
		Usr 0 00:00:00, Sys 0 00:00:00  -  Total Local Usage
	6676  -  Run Bytes Sent By Job
	409597  -  Run Bytes Received By Job
	6676  -  Total Bytes Sent By Job
	409597  -  Total Bytes Received By Job
	Partitionable Resources :    Usage  Request Allocated 
	   Cpus                 :        0       12        12 
	   Disk (KB)            :      429      425   2712543 
	   Memory (MB)          :        8    24000     24000 

	Job terminated of its own accord at 2024-07-25T13:05:52Z with exit-code 0.
...
000 (10284266.6826.000) 08/02 15:47:45 Job submitted from host: <188.185.114.121:9618?addrs=188.185.114.121-9618+[2001-1458-d00-a--100-273]-9618&alias=bigbird19.cern.ch&noUDP&sock=schedd_4961_696e>
...
000 (10284267.6826.000) 08/02 15:50:18 Job submitted from host: <188.185.114.121:9618?addrs=188.185.114.121-9618+[2001-1458-d00-a--100-273]-9618&alias=bigbird19.cern.ch&noUDP&sock=schedd_4961_696e>
...
009 (10284266.6826.000) 08/02 15:50:45 Job was aborted.
	via condor_rm (by user yelberke)
...
040 (10284267.6826.000) 08/02 17:18:59 Started transferring input files
	Transferring to host: <188.185.205.48:9618?addrs=188.185.205.48-9618+[2001-1458-303-9--100-a4]-9618&alias=b9p03p8809.cern.ch&noUDP&sock=slot1_3_65020_38cd_98441>
...
040 (10284267.6826.000) 08/02 17:18:59 Finished transferring input files
...
001 (10284267.6826.000) 08/02 17:19:00 Job executing on host: <188.185.205.48:9618?addrs=188.185.205.48-9618+[2001-1458-303-9--100-a4]-9618&alias=b9p03p8809.cern.ch&noUDP&sock=startd_3643_5f9b>
	SlotName: slot1_3@b9p03p8809.cern.ch
	CondorScratchDir = "/pool/condor/dir_2350649"
	Cpus = 12
	Disk = 2771859
	Memory = 24000
...
006 (10284267.6826.000) 08/02 17:19:02 Image size of job updated: 326128
	5  -  MemoryUsage of job (MB)
	4240  -  ResidentSetSize of job (KB)
...
040 (10284267.6826.000) 08/02 17:19:02 Started transferring output files
...
040 (10284267.6826.000) 08/02 17:19:02 Finished transferring output files
...
005 (10284267.6826.000) 08/02 17:19:02 Job terminated.
	(1) Normal termination (return value 139)
		Usr 0 00:00:01, Sys 0 00:00:00  -  Run Remote Usage
		Usr 0 00:00:00, Sys 0 00:00:00  -  Run Local Usage
		Usr 0 00:00:01, Sys 0 00:00:00  -  Total Remote Usage
		Usr 0 00:00:00, Sys 0 00:00:00  -  Total Local Usage
	7696  -  Run Bytes Sent By Job
	409597  -  Run Bytes Received By Job
	7696  -  Total Bytes Sent By Job
	409597  -  Total Bytes Received By Job
	Partitionable Resources :    Usage  Request Allocated 
	   Cpus                 :        0       12        12 
	   Disk (KB)            :      432      425   2771859 
	   Memory (MB)          :        5    24000     24000 

	Job terminated of its own accord at 2024-08-02T15:19:02Z with exit-code 139.
...
