000 (10252905.6847.000) 07/24 16:13:24 Job submitted from host: <188.185.114.121:9618?addrs=188.185.114.121-9618+[2001-1458-d00-a--100-273]-9618&alias=bigbird19.cern.ch&noUDP&sock=schedd_4961_696e>
...
009 (10252905.6847.000) 07/24 16:14:54 Job was aborted.
	via condor_rm (by user yelberke)
...
000 (10252906.6847.000) 07/24 16:15:42 Job submitted from host: <188.185.114.121:9618?addrs=188.185.114.121-9618+[2001-1458-d00-a--100-273]-9618&alias=bigbird19.cern.ch&noUDP&sock=schedd_4961_696e>
...
000 (10252907.6847.000) 07/24 16:17:36 Job submitted from host: <188.185.114.121:9618?addrs=188.185.114.121-9618+[2001-1458-d00-a--100-273]-9618&alias=bigbird19.cern.ch&noUDP&sock=schedd_4961_696e>
...
000 (10252908.6847.000) 07/24 16:18:09 Job submitted from host: <188.185.114.121:9618?addrs=188.185.114.121-9618+[2001-1458-d00-a--100-273]-9618&alias=bigbird19.cern.ch&noUDP&sock=schedd_4961_696e>
...
000 (10252909.6847.000) 07/24 16:18:46 Job submitted from host: <188.185.114.121:9618?addrs=188.185.114.121-9618+[2001-1458-d00-a--100-273]-9618&alias=bigbird19.cern.ch&noUDP&sock=schedd_4961_696e>
...
040 (10252906.6847.000) 07/24 17:35:30 Started transferring input files
	Transferring to host: <188.185.205.165:9618?addrs=188.185.205.165-9618&alias=b9p04p5916.cern.ch&noUDP&sock=slot1_5_6910_7852_156471>
...
040 (10252906.6847.000) 07/24 17:35:30 Finished transferring input files
...
001 (10252906.6847.000) 07/24 17:35:31 Job executing on host: <188.185.205.165:9618?addrs=188.185.205.165-9618&alias=b9p04p5916.cern.ch&noUDP&sock=startd_6844_fe43>
	SlotName: slot1_5@b9p04p5916.cern.ch
	CondorScratchDir = "/pool/condor/dir_3415380"
	Cpus = 8
	Disk = 2178495
	Memory = 16000
...
006 (10252906.6847.000) 07/24 17:35:35 Image size of job updated: 165788
	15  -  MemoryUsage of job (MB)
	15088  -  ResidentSetSize of job (KB)
...
040 (10252906.6847.000) 07/24 17:35:35 Started transferring output files
...
040 (10252906.6847.000) 07/24 17:35:35 Finished transferring output files
...
005 (10252906.6847.000) 07/24 17:35:35 Job terminated.
	(1) Normal termination (return value 0)
		Usr 0 00:00:03, Sys 0 00:00:00  -  Run Remote Usage
		Usr 0 00:00:00, Sys 0 00:00:00  -  Run Local Usage
		Usr 0 00:00:03, Sys 0 00:00:00  -  Total Remote Usage
		Usr 0 00:00:00, Sys 0 00:00:00  -  Total Local Usage
	6201  -  Run Bytes Sent By Job
	409597  -  Run Bytes Received By Job
	6201  -  Total Bytes Sent By Job
	409597  -  Total Bytes Received By Job
	Partitionable Resources :    Usage  Request Allocated 
	   Cpus                 :        0        8         8 
	   Disk (KB)            :      428      425   2178495 
	   Memory (MB)          :       15    16000     16000 

	Job terminated of its own accord at 2024-07-24T15:35:35Z with exit-code 0.
...
040 (10252907.6847.000) 07/24 18:34:45 Started transferring input files
	Transferring to host: <188.185.209.220:9618?addrs=188.185.209.220-9618+[2001-1458-303-12--100-59]-9618&alias=b9p12p5136.cern.ch&noUDP&sock=slot1_1_5587_4bfc_143993>
...
040 (10252907.6847.000) 07/24 18:34:45 Finished transferring input files
...
001 (10252907.6847.000) 07/24 18:34:46 Job executing on host: <188.185.209.220:9618?addrs=188.185.209.220-9618+[2001-1458-303-12--100-59]-9618&alias=b9p12p5136.cern.ch&noUDP&sock=startd_4620_83a2>
	SlotName: slot1_1@b9p12p5136.cern.ch
	CondorScratchDir = "/pool/condor/dir_1636114"
	Cpus = 8
	Disk = 2821068
	Memory = 16000
...
006 (10252907.6847.000) 07/24 18:34:50 Image size of job updated: 158596
	8  -  MemoryUsage of job (MB)
	7548  -  ResidentSetSize of job (KB)
...
040 (10252907.6847.000) 07/24 18:34:50 Started transferring output files
...
040 (10252907.6847.000) 07/24 18:34:50 Finished transferring output files
...
005 (10252907.6847.000) 07/24 18:34:50 Job terminated.
	(1) Normal termination (return value 0)
		Usr 0 00:00:03, Sys 0 00:00:00  -  Run Remote Usage
		Usr 0 00:00:00, Sys 0 00:00:00  -  Run Local Usage
		Usr 0 00:00:03, Sys 0 00:00:00  -  Total Remote Usage
		Usr 0 00:00:00, Sys 0 00:00:00  -  Total Local Usage
	6204  -  Run Bytes Sent By Job
	409597  -  Run Bytes Received By Job
	6204  -  Total Bytes Sent By Job
	409597  -  Total Bytes Received By Job
	Partitionable Resources :    Usage  Request Allocated 
	   Cpus                 :        0        8         8 
	   Disk (KB)            :      428      425   2821068 
	   Memory (MB)          :        8    16000     16000 

	Job terminated of its own accord at 2024-07-24T16:34:50Z with exit-code 0.
...
040 (10252908.6847.000) 07/24 19:40:43 Started transferring input files
	Transferring to host: <188.185.205.190:9618?addrs=188.185.205.190-9618&alias=b9p04p2051.cern.ch&noUDP&sock=slot1_2_3889_e6f7_155052>
...
040 (10252908.6847.000) 07/24 19:40:43 Finished transferring input files
...
001 (10252908.6847.000) 07/24 19:40:44 Job executing on host: <188.185.205.190:9618?addrs=188.185.205.190-9618&alias=b9p04p2051.cern.ch&noUDP&sock=startd_3803_1ec2>
	SlotName: slot1_2@b9p04p2051.cern.ch
	CondorScratchDir = "/pool/condor/dir_2192315"
	Cpus = 8
	Disk = 2733325
	Memory = 16000
...
006 (10252908.6847.000) 07/24 19:40:50 Image size of job updated: 161156
	9  -  MemoryUsage of job (MB)
	8660  -  ResidentSetSize of job (KB)
...
040 (10252908.6847.000) 07/24 19:40:50 Started transferring output files
...
040 (10252908.6847.000) 07/24 19:40:50 Finished transferring output files
...
005 (10252908.6847.000) 07/24 19:40:51 Job terminated.
	(1) Normal termination (return value 0)
		Usr 0 00:00:05, Sys 0 00:00:00  -  Run Remote Usage
		Usr 0 00:00:00, Sys 0 00:00:00  -  Run Local Usage
		Usr 0 00:00:05, Sys 0 00:00:00  -  Total Remote Usage
		Usr 0 00:00:00, Sys 0 00:00:00  -  Total Local Usage
	6204  -  Run Bytes Sent By Job
	409597  -  Run Bytes Received By Job
	6204  -  Total Bytes Sent By Job
	409597  -  Total Bytes Received By Job
	Partitionable Resources :    Usage  Request Allocated 
	   Cpus                 :        0        8         8 
	   Disk (KB)            :      428      425   2733325 
	   Memory (MB)          :        9    16000     16000 

	Job terminated of its own accord at 2024-07-24T17:40:50Z with exit-code 0.
...
040 (10252909.6847.000) 07/24 20:34:53 Started transferring input files
	Transferring to host: <188.185.206.172:9618?addrs=188.185.206.172-9618&alias=b9p06p3808.cern.ch&noUDP&sock=slot1_14_6885_daf1_156930>
...
040 (10252909.6847.000) 07/24 20:34:53 Finished transferring input files
...
001 (10252909.6847.000) 07/24 20:34:54 Job executing on host: <188.185.206.172:9618?addrs=188.185.206.172-9618&alias=b9p06p3808.cern.ch&noUDP&sock=startd_6815_1a04>
	SlotName: slot1_14@b9p06p3808.cern.ch
	CondorScratchDir = "/pool/condor/dir_557038"
	Cpus = 8
	Disk = 2834757
	Memory = 16000
...
006 (10252909.6847.000) 07/24 20:34:58 Image size of job updated: 160220
	8  -  MemoryUsage of job (MB)
	8048  -  ResidentSetSize of job (KB)
...
040 (10252909.6847.000) 07/24 20:34:58 Started transferring output files
...
040 (10252909.6847.000) 07/24 20:34:58 Finished transferring output files
...
005 (10252909.6847.000) 07/24 20:34:58 Job terminated.
	(1) Normal termination (return value 0)
		Usr 0 00:00:03, Sys 0 00:00:00  -  Run Remote Usage
		Usr 0 00:00:00, Sys 0 00:00:00  -  Run Local Usage
		Usr 0 00:00:03, Sys 0 00:00:00  -  Total Remote Usage
		Usr 0 00:00:00, Sys 0 00:00:00  -  Total Local Usage
	6201  -  Run Bytes Sent By Job
	409597  -  Run Bytes Received By Job
	6201  -  Total Bytes Sent By Job
	409597  -  Total Bytes Received By Job
	Partitionable Resources :    Usage  Request Allocated 
	   Cpus                 :                 8         8 
	   Disk (KB)            :      420      425   2834757 
	   Memory (MB)          :        8    16000     16000 

	Job terminated of its own accord at 2024-07-24T18:34:58Z with exit-code 0.
...
000 (10261715.6847.000) 07/25 13:03:52 Job submitted from host: <188.185.114.121:9618?addrs=188.185.114.121-9618+[2001-1458-d00-a--100-273]-9618&alias=bigbird19.cern.ch&noUDP&sock=schedd_4961_696e>
...
009 (10261715.6847.000) 07/25 13:07:18 Job was aborted.
	via condor_rm (by user yelberke)
...
000 (10261767.6847.000) 07/25 13:20:55 Job submitted from host: <188.185.114.121:9618?addrs=188.185.114.121-9618+[2001-1458-d00-a--100-273]-9618&alias=bigbird19.cern.ch&noUDP&sock=schedd_4961_696e>
...
040 (10261767.6847.000) 07/25 15:05:51 Started transferring input files
	Transferring to host: <188.185.204.201:9618?addrs=188.185.204.201-9618+[2001-1458-303-8--100-bd]-9618&alias=b9p02p9613.cern.ch&noUDP&sock=slot1_15_10457_a702_104157>
...
040 (10261767.6847.000) 07/25 15:05:51 Finished transferring input files
...
001 (10261767.6847.000) 07/25 15:05:52 Job executing on host: <188.185.204.201:9618?addrs=188.185.204.201-9618+[2001-1458-303-8--100-bd]-9618&alias=b9p02p9613.cern.ch&noUDP&sock=startd_9412_6d78>
	SlotName: slot1_15@b9p02p9613.cern.ch
	CondorScratchDir = "/pool/condor/dir_3022918"
	Cpus = 12
	Disk = 2914261
	Memory = 24000
...
006 (10261767.6847.000) 07/25 15:05:56 Image size of job updated: 161764
	8  -  MemoryUsage of job (MB)
	7924  -  ResidentSetSize of job (KB)
...
040 (10261767.6847.000) 07/25 15:05:56 Started transferring output files
...
040 (10261767.6847.000) 07/25 15:05:56 Finished transferring output files
...
005 (10261767.6847.000) 07/25 15:05:56 Job terminated.
	(1) Normal termination (return value 0)
		Usr 0 00:00:03, Sys 0 00:00:00  -  Run Remote Usage
		Usr 0 00:00:00, Sys 0 00:00:00  -  Run Local Usage
		Usr 0 00:00:03, Sys 0 00:00:00  -  Total Remote Usage
		Usr 0 00:00:00, Sys 0 00:00:00  -  Total Local Usage
	6676  -  Run Bytes Sent By Job
	409597  -  Run Bytes Received By Job
	6676  -  Total Bytes Sent By Job
	409597  -  Total Bytes Received By Job
	Partitionable Resources :    Usage  Request Allocated 
	   Cpus                 :        0       12        12 
	   Disk (KB)            :      428      425   2914261 
	   Memory (MB)          :        8    24000     24000 

	Job terminated of its own accord at 2024-07-25T13:05:56Z with exit-code 0.
...
000 (10284266.6847.000) 08/02 15:47:45 Job submitted from host: <188.185.114.121:9618?addrs=188.185.114.121-9618+[2001-1458-d00-a--100-273]-9618&alias=bigbird19.cern.ch&noUDP&sock=schedd_4961_696e>
...
000 (10284267.6847.000) 08/02 15:50:18 Job submitted from host: <188.185.114.121:9618?addrs=188.185.114.121-9618+[2001-1458-d00-a--100-273]-9618&alias=bigbird19.cern.ch&noUDP&sock=schedd_4961_696e>
...
009 (10284266.6847.000) 08/02 15:50:45 Job was aborted.
	via condor_rm (by user yelberke)
...
040 (10284267.6847.000) 08/02 17:19:06 Started transferring input files
	Transferring to host: <188.185.205.222:9618?addrs=188.185.205.222-9618&alias=b9p04p6496.cern.ch&noUDP&sock=slot1_9_6897_4f72_169401>
...
040 (10284267.6847.000) 08/02 17:19:06 Finished transferring input files
...
001 (10284267.6847.000) 08/02 17:19:07 Job executing on host: <188.185.205.222:9618?addrs=188.185.205.222-9618&alias=b9p04p6496.cern.ch&noUDP&sock=startd_6830_63f0>
	SlotName: slot1_9@b9p04p6496.cern.ch
	CondorScratchDir = "/pool/condor/dir_2156142"
	Cpus = 12
	Disk = 2546794
	Memory = 24000
...
006 (10284267.6847.000) 08/02 17:19:09 Image size of job updated: 328324
	6  -  MemoryUsage of job (MB)
	5496  -  ResidentSetSize of job (KB)
...
040 (10284267.6847.000) 08/02 17:19:09 Started transferring output files
...
040 (10284267.6847.000) 08/02 17:19:09 Finished transferring output files
...
005 (10284267.6847.000) 08/02 17:19:09 Job terminated.
	(1) Normal termination (return value 139)
		Usr 0 00:00:01, Sys 0 00:00:00  -  Run Remote Usage
		Usr 0 00:00:00, Sys 0 00:00:00  -  Run Local Usage
		Usr 0 00:00:01, Sys 0 00:00:00  -  Total Remote Usage
		Usr 0 00:00:00, Sys 0 00:00:00  -  Total Local Usage
	7696  -  Run Bytes Sent By Job
	409597  -  Run Bytes Received By Job
	7696  -  Total Bytes Sent By Job
	409597  -  Total Bytes Received By Job
	Partitionable Resources :    Usage  Request Allocated 
	   Cpus                 :        0       12        12 
	   Disk (KB)            :      429      425   2546794 
	   Memory (MB)          :        6    24000     24000 

	Job terminated of its own accord at 2024-08-02T15:19:09Z with exit-code 139.
...
