000 (10252905.6860.000) 07/24 16:13:24 Job submitted from host: <188.185.114.121:9618?addrs=188.185.114.121-9618+[2001-1458-d00-a--100-273]-9618&alias=bigbird19.cern.ch&noUDP&sock=schedd_4961_696e>
...
009 (10252905.6860.000) 07/24 16:14:54 Job was aborted.
	via condor_rm (by user yelberke)
...
000 (10252906.6860.000) 07/24 16:15:42 Job submitted from host: <188.185.114.121:9618?addrs=188.185.114.121-9618+[2001-1458-d00-a--100-273]-9618&alias=bigbird19.cern.ch&noUDP&sock=schedd_4961_696e>
...
000 (10252907.6860.000) 07/24 16:17:36 Job submitted from host: <188.185.114.121:9618?addrs=188.185.114.121-9618+[2001-1458-d00-a--100-273]-9618&alias=bigbird19.cern.ch&noUDP&sock=schedd_4961_696e>
...
000 (10252908.6860.000) 07/24 16:18:09 Job submitted from host: <188.185.114.121:9618?addrs=188.185.114.121-9618+[2001-1458-d00-a--100-273]-9618&alias=bigbird19.cern.ch&noUDP&sock=schedd_4961_696e>
...
000 (10252909.6860.000) 07/24 16:18:46 Job submitted from host: <188.185.114.121:9618?addrs=188.185.114.121-9618+[2001-1458-d00-a--100-273]-9618&alias=bigbird19.cern.ch&noUDP&sock=schedd_4961_696e>
...
040 (10252906.6860.000) 07/24 17:35:35 Started transferring input files
	Transferring to host: <188.185.209.229:9618?addrs=188.185.209.229-9618+[2001-1458-303-12--100-62]-9618&alias=b9p12p8471.cern.ch&noUDP&sock=slot1_15_2036985_f4ea_99769>
...
040 (10252906.6860.000) 07/24 17:35:35 Finished transferring input files
...
001 (10252906.6860.000) 07/24 17:35:36 Job executing on host: <188.185.209.229:9618?addrs=188.185.209.229-9618+[2001-1458-303-12--100-62]-9618&alias=b9p12p8471.cern.ch&noUDP&sock=startd_2036940_fe3a>
	SlotName: slot1_15@b9p12p8471.cern.ch
	CondorScratchDir = "/pool/condor/dir_2255137"
	Cpus = 8
	Disk = 2826844
	Memory = 16000
...
006 (10252906.6860.000) 07/24 17:35:40 Image size of job updated: 159920
	8  -  MemoryUsage of job (MB)
	7712  -  ResidentSetSize of job (KB)
...
040 (10252906.6860.000) 07/24 17:35:40 Started transferring output files
...
040 (10252906.6860.000) 07/24 17:35:40 Finished transferring output files
...
005 (10252906.6860.000) 07/24 17:35:40 Job terminated.
	(1) Normal termination (return value 0)
		Usr 0 00:00:03, Sys 0 00:00:00  -  Run Remote Usage
		Usr 0 00:00:00, Sys 0 00:00:00  -  Run Local Usage
		Usr 0 00:00:03, Sys 0 00:00:00  -  Total Remote Usage
		Usr 0 00:00:00, Sys 0 00:00:00  -  Total Local Usage
	6201  -  Run Bytes Sent By Job
	409597  -  Run Bytes Received By Job
	6201  -  Total Bytes Sent By Job
	409597  -  Total Bytes Received By Job
	Partitionable Resources :    Usage  Request Allocated 
	   Cpus                 :        0        8         8 
	   Disk (KB)            :      432      425   2826844 
	   Memory (MB)          :        8    16000     16000 

	Job terminated of its own accord at 2024-07-24T15:35:40Z with exit-code 0.
...
040 (10252907.6860.000) 07/24 18:34:50 Started transferring input files
	Transferring to host: <188.185.206.138:9618?addrs=188.185.206.138-9618&alias=b9p06p1159.cern.ch&noUDP&sock=slot1_2_7389_f806_158210>
...
040 (10252907.6860.000) 07/24 18:34:50 Finished transferring input files
...
001 (10252907.6860.000) 07/24 18:34:51 Job executing on host: <188.185.206.138:9618?addrs=188.185.206.138-9618&alias=b9p06p1159.cern.ch&noUDP&sock=startd_7322_dc88>
	SlotName: slot1_2@b9p06p1159.cern.ch
	CondorScratchDir = "/pool/condor/dir_3910240"
	Cpus = 8
	Disk = 2795158
	Memory = 16000
...
006 (10252907.6860.000) 07/24 18:34:55 Image size of job updated: 159348
	8  -  MemoryUsage of job (MB)
	7324  -  ResidentSetSize of job (KB)
...
040 (10252907.6860.000) 07/24 18:34:55 Started transferring output files
...
040 (10252907.6860.000) 07/24 18:34:55 Finished transferring output files
...
005 (10252907.6860.000) 07/24 18:34:55 Job terminated.
	(1) Normal termination (return value 0)
		Usr 0 00:00:03, Sys 0 00:00:00  -  Run Remote Usage
		Usr 0 00:00:00, Sys 0 00:00:00  -  Run Local Usage
		Usr 0 00:00:03, Sys 0 00:00:00  -  Total Remote Usage
		Usr 0 00:00:00, Sys 0 00:00:00  -  Total Local Usage
	6204  -  Run Bytes Sent By Job
	409597  -  Run Bytes Received By Job
	6204  -  Total Bytes Sent By Job
	409597  -  Total Bytes Received By Job
	Partitionable Resources :    Usage  Request Allocated 
	   Cpus                 :        0        8         8 
	   Disk (KB)            :      428      425   2795158 
	   Memory (MB)          :        8    16000     16000 

	Job terminated of its own accord at 2024-07-24T16:34:55Z with exit-code 0.
...
040 (10252908.6860.000) 07/24 19:40:47 Started transferring input files
	Transferring to host: <188.185.208.165:9618?addrs=188.185.208.165-9618+[2001-1458-303-10--100-22]-9618&alias=b9p10p4119.cern.ch&noUDP&sock=slot1_31_5895_4f89_145203>
...
040 (10252908.6860.000) 07/24 19:40:48 Finished transferring input files
...
001 (10252908.6860.000) 07/24 19:40:48 Job executing on host: <188.185.208.165:9618?addrs=188.185.208.165-9618+[2001-1458-303-10--100-22]-9618&alias=b9p10p4119.cern.ch&noUDP&sock=startd_4860_225d>
	SlotName: slot1_31@b9p10p4119.cern.ch
	CondorScratchDir = "/pool/condor/dir_3933797"
	Cpus = 8
	Disk = 2698680
	Memory = 16000
...
006 (10252908.6860.000) 07/24 19:40:53 Image size of job updated: 159728
	8  -  MemoryUsage of job (MB)
	7364  -  ResidentSetSize of job (KB)
...
040 (10252908.6860.000) 07/24 19:40:53 Started transferring output files
...
040 (10252908.6860.000) 07/24 19:40:54 Finished transferring output files
...
005 (10252908.6860.000) 07/24 19:40:55 Job terminated.
	(1) Normal termination (return value 0)
		Usr 0 00:00:03, Sys 0 00:00:00  -  Run Remote Usage
		Usr 0 00:00:00, Sys 0 00:00:00  -  Run Local Usage
		Usr 0 00:00:03, Sys 0 00:00:00  -  Total Remote Usage
		Usr 0 00:00:00, Sys 0 00:00:00  -  Total Local Usage
	6204  -  Run Bytes Sent By Job
	409597  -  Run Bytes Received By Job
	6204  -  Total Bytes Sent By Job
	409597  -  Total Bytes Received By Job
	Partitionable Resources :    Usage  Request Allocated 
	   Cpus                 :        0        8         8 
	   Disk (KB)            :      428      425   2698680 
	   Memory (MB)          :        8    16000     16000 

	Job terminated of its own accord at 2024-07-24T17:40:53Z with exit-code 0.
...
040 (10252909.6860.000) 07/24 20:34:58 Started transferring input files
	Transferring to host: <188.185.207.149:9618?addrs=188.185.207.149-9618+[2001-1458-303-e--100-12]-9618&alias=b9p08p1041.cern.ch&noUDP&sock=slot1_11_4139_0cc1_144896>
...
040 (10252909.6860.000) 07/24 20:34:58 Finished transferring input files
...
001 (10252909.6860.000) 07/24 20:34:59 Job executing on host: <188.185.207.149:9618?addrs=188.185.207.149-9618+[2001-1458-303-e--100-12]-9618&alias=b9p08p1041.cern.ch&noUDP&sock=startd_3644_0f33>
	SlotName: slot1_11@b9p08p1041.cern.ch
	CondorScratchDir = "/pool/condor/dir_2865994"
	Cpus = 8
	Disk = 2852278
	Memory = 16000
...
006 (10252909.6860.000) 07/24 20:35:03 Image size of job updated: 160528
	9  -  MemoryUsage of job (MB)
	8328  -  ResidentSetSize of job (KB)
...
040 (10252909.6860.000) 07/24 20:35:03 Started transferring output files
...
040 (10252909.6860.000) 07/24 20:35:03 Finished transferring output files
...
005 (10252909.6860.000) 07/24 20:35:03 Job terminated.
	(1) Normal termination (return value 0)
		Usr 0 00:00:03, Sys 0 00:00:00  -  Run Remote Usage
		Usr 0 00:00:00, Sys 0 00:00:00  -  Run Local Usage
		Usr 0 00:00:03, Sys 0 00:00:00  -  Total Remote Usage
		Usr 0 00:00:00, Sys 0 00:00:00  -  Total Local Usage
	6201  -  Run Bytes Sent By Job
	409597  -  Run Bytes Received By Job
	6201  -  Total Bytes Sent By Job
	409597  -  Total Bytes Received By Job
	Partitionable Resources :    Usage  Request Allocated 
	   Cpus                 :                 8         8 
	   Disk (KB)            :      421      425   2852278 
	   Memory (MB)          :        9    16000     16000 

	Job terminated of its own accord at 2024-07-24T18:35:03Z with exit-code 0.
...
000 (10261715.6860.000) 07/25 13:03:52 Job submitted from host: <188.185.114.121:9618?addrs=188.185.114.121-9618+[2001-1458-d00-a--100-273]-9618&alias=bigbird19.cern.ch&noUDP&sock=schedd_4961_696e>
...
009 (10261715.6860.000) 07/25 13:07:18 Job was aborted.
	via condor_rm (by user yelberke)
...
000 (10261767.6860.000) 07/25 13:20:55 Job submitted from host: <188.185.114.121:9618?addrs=188.185.114.121-9618+[2001-1458-d00-a--100-273]-9618&alias=bigbird19.cern.ch&noUDP&sock=schedd_4961_696e>
...
040 (10261767.6860.000) 07/25 15:05:55 Started transferring input files
	Transferring to host: <188.185.205.208:9618?addrs=188.185.205.208-9618&alias=b9p04p9301.cern.ch&noUDP&sock=slot1_12_6907_5b32_158094>
...
040 (10261767.6860.000) 07/25 15:05:55 Finished transferring input files
...
001 (10261767.6860.000) 07/25 15:05:56 Job executing on host: <188.185.205.208:9618?addrs=188.185.205.208-9618&alias=b9p04p9301.cern.ch&noUDP&sock=startd_6839_904a>
	SlotName: slot1_12@b9p04p9301.cern.ch
	CondorScratchDir = "/pool/condor/dir_3872008"
	Cpus = 12
	Disk = 2944578
	Memory = 24000
...
006 (10261767.6860.000) 07/25 15:06:00 Image size of job updated: 160376
	7  -  MemoryUsage of job (MB)
	6740  -  ResidentSetSize of job (KB)
...
040 (10261767.6860.000) 07/25 15:06:00 Started transferring output files
...
040 (10261767.6860.000) 07/25 15:06:00 Finished transferring output files
...
005 (10261767.6860.000) 07/25 15:06:00 Job terminated.
	(1) Normal termination (return value 0)
		Usr 0 00:00:03, Sys 0 00:00:00  -  Run Remote Usage
		Usr 0 00:00:00, Sys 0 00:00:00  -  Run Local Usage
		Usr 0 00:00:03, Sys 0 00:00:00  -  Total Remote Usage
		Usr 0 00:00:00, Sys 0 00:00:00  -  Total Local Usage
	6676  -  Run Bytes Sent By Job
	409597  -  Run Bytes Received By Job
	6676  -  Total Bytes Sent By Job
	409597  -  Total Bytes Received By Job
	Partitionable Resources :    Usage  Request Allocated 
	   Cpus                 :        0       12        12 
	   Disk (KB)            :      427      425   2944578 
	   Memory (MB)          :        7    24000     24000 

	Job terminated of its own accord at 2024-07-25T13:06:00Z with exit-code 0.
...
000 (10284266.6860.000) 08/02 15:47:46 Job submitted from host: <188.185.114.121:9618?addrs=188.185.114.121-9618+[2001-1458-d00-a--100-273]-9618&alias=bigbird19.cern.ch&noUDP&sock=schedd_4961_696e>
...
000 (10284267.6860.000) 08/02 15:50:18 Job submitted from host: <188.185.114.121:9618?addrs=188.185.114.121-9618+[2001-1458-d00-a--100-273]-9618&alias=bigbird19.cern.ch&noUDP&sock=schedd_4961_696e>
...
009 (10284266.6860.000) 08/02 15:50:45 Job was aborted.
	via condor_rm (by user yelberke)
...
040 (10284267.6860.000) 08/02 17:19:10 Started transferring input files
	Transferring to host: <188.185.209.61:9618?addrs=188.185.209.61-9618+[2001-1458-303-11--100-3a]-9618&alias=b9p11p8216.cern.ch&noUDP&sock=slot1_9_47161_f0d7_8602>
...
040 (10284267.6860.000) 08/02 17:19:10 Finished transferring input files
...
001 (10284267.6860.000) 08/02 17:19:11 Job executing on host: <188.185.209.61:9618?addrs=188.185.209.61-9618+[2001-1458-303-11--100-3a]-9618&alias=b9p11p8216.cern.ch&noUDP&sock=startd_46134_aa4b>
	SlotName: slot1_9@b9p11p8216.cern.ch
	CondorScratchDir = "/pool/condor/dir_3017328"
	Cpus = 12
	Disk = 2880571
	Memory = 24000
...
006 (10284267.6860.000) 08/02 17:19:13 Image size of job updated: 326856
	5  -  MemoryUsage of job (MB)
	4376  -  ResidentSetSize of job (KB)
...
040 (10284267.6860.000) 08/02 17:19:13 Started transferring output files
...
040 (10284267.6860.000) 08/02 17:19:13 Finished transferring output files
...
005 (10284267.6860.000) 08/02 17:19:13 Job terminated.
	(1) Normal termination (return value 139)
		Usr 0 00:00:02, Sys 0 00:00:00  -  Run Remote Usage
		Usr 0 00:00:00, Sys 0 00:00:00  -  Run Local Usage
		Usr 0 00:00:02, Sys 0 00:00:00  -  Total Remote Usage
		Usr 0 00:00:00, Sys 0 00:00:00  -  Total Local Usage
	7696  -  Run Bytes Sent By Job
	409597  -  Run Bytes Received By Job
	7696  -  Total Bytes Sent By Job
	409597  -  Total Bytes Received By Job
	Partitionable Resources :    Usage  Request Allocated 
	   Cpus                 :        0       12        12 
	   Disk (KB)            :      432      425   2880571 
	   Memory (MB)          :        5    24000     24000 

	Job terminated of its own accord at 2024-08-02T15:19:13Z with exit-code 139.
...
