000 (10252905.6873.000) 07/24 16:13:24 Job submitted from host: <188.185.114.121:9618?addrs=188.185.114.121-9618+[2001-1458-d00-a--100-273]-9618&alias=bigbird19.cern.ch&noUDP&sock=schedd_4961_696e>
...
009 (10252905.6873.000) 07/24 16:14:54 Job was aborted.
	via condor_rm (by user yelberke)
...
000 (10252906.6873.000) 07/24 16:15:42 Job submitted from host: <188.185.114.121:9618?addrs=188.185.114.121-9618+[2001-1458-d00-a--100-273]-9618&alias=bigbird19.cern.ch&noUDP&sock=schedd_4961_696e>
...
000 (10252907.6873.000) 07/24 16:17:36 Job submitted from host: <188.185.114.121:9618?addrs=188.185.114.121-9618+[2001-1458-d00-a--100-273]-9618&alias=bigbird19.cern.ch&noUDP&sock=schedd_4961_696e>
...
000 (10252908.6873.000) 07/24 16:18:09 Job submitted from host: <188.185.114.121:9618?addrs=188.185.114.121-9618+[2001-1458-d00-a--100-273]-9618&alias=bigbird19.cern.ch&noUDP&sock=schedd_4961_696e>
...
000 (10252909.6873.000) 07/24 16:18:46 Job submitted from host: <188.185.114.121:9618?addrs=188.185.114.121-9618+[2001-1458-d00-a--100-273]-9618&alias=bigbird19.cern.ch&noUDP&sock=schedd_4961_696e>
...
040 (10252906.6873.000) 07/24 17:35:42 Started transferring input files
	Transferring to host: <188.185.194.154:9618?addrs=188.185.194.154-9618+[2001-1458-303-21--100-96]-9618&alias=b9p20p0644.cern.ch&noUDP&sock=slot1_22_1346562_7e9f_6255>
...
040 (10252906.6873.000) 07/24 17:35:42 Finished transferring input files
...
001 (10252906.6873.000) 07/24 17:35:43 Job executing on host: <188.185.194.154:9618?addrs=188.185.194.154-9618+[2001-1458-303-21--100-96]-9618&alias=b9p20p0644.cern.ch&noUDP&sock=startd_177967_2347>
	SlotName: slot1_22@b9p20p0644.cern.ch
	CondorScratchDir = "/pool/condor/dir_3417444"
	Cpus = 8
	Disk = 2881140
	Memory = 16000
...
006 (10252906.6873.000) 07/24 17:35:52 Image size of job updated: 158816
	8  -  MemoryUsage of job (MB)
	7608  -  ResidentSetSize of job (KB)
...
040 (10252906.6873.000) 07/24 17:35:52 Started transferring output files
...
040 (10252906.6873.000) 07/24 17:35:52 Finished transferring output files
...
005 (10252906.6873.000) 07/24 17:35:52 Job terminated.
	(1) Normal termination (return value 0)
		Usr 0 00:00:07, Sys 0 00:00:00  -  Run Remote Usage
		Usr 0 00:00:00, Sys 0 00:00:00  -  Run Local Usage
		Usr 0 00:00:07, Sys 0 00:00:00  -  Total Remote Usage
		Usr 0 00:00:00, Sys 0 00:00:00  -  Total Local Usage
	6201  -  Run Bytes Sent By Job
	409597  -  Run Bytes Received By Job
	6201  -  Total Bytes Sent By Job
	409597  -  Total Bytes Received By Job
	Partitionable Resources :    Usage  Request Allocated 
	   Cpus                 :        0        8         8 
	   Disk (KB)            :      428      425   2881140 
	   Memory (MB)          :        8    16000     16000 

	Job terminated of its own accord at 2024-07-24T15:35:52Z with exit-code 0.
...
040 (10252907.6873.000) 07/24 18:34:54 Started transferring input files
	Transferring to host: <188.185.195.104:9618?addrs=188.185.195.104-9618+[2001-1458-303-22--100-64]-9618&alias=b9p17p4322.cern.ch&noUDP&sock=slot1_1_3733077_34d5_20425>
...
040 (10252907.6873.000) 07/24 18:34:54 Finished transferring input files
...
001 (10252907.6873.000) 07/24 18:34:55 Job executing on host: <188.185.195.104:9618?addrs=188.185.195.104-9618+[2001-1458-303-22--100-64]-9618&alias=b9p17p4322.cern.ch&noUDP&sock=startd_127965_ecbf>
	SlotName: slot1_1@b9p17p4322.cern.ch
	CondorScratchDir = "/pool/condor/dir_319281"
	Cpus = 8
	Disk = 3042160
	Memory = 16000
...
006 (10252907.6873.000) 07/24 18:35:03 Image size of job updated: 151008
	142  -  MemoryUsage of job (MB)
	144944  -  ResidentSetSize of job (KB)
...
006 (10252907.6873.000) 07/24 18:35:03 Image size of job updated: 159368
	142  -  MemoryUsage of job (MB)
	144944  -  ResidentSetSize of job (KB)
...
040 (10252907.6873.000) 07/24 18:35:03 Started transferring output files
...
040 (10252907.6873.000) 07/24 18:35:03 Finished transferring output files
...
005 (10252907.6873.000) 07/24 18:35:03 Job terminated.
	(1) Normal termination (return value 0)
		Usr 0 00:00:06, Sys 0 00:00:00  -  Run Remote Usage
		Usr 0 00:00:00, Sys 0 00:00:00  -  Run Local Usage
		Usr 0 00:00:06, Sys 0 00:00:00  -  Total Remote Usage
		Usr 0 00:00:00, Sys 0 00:00:00  -  Total Local Usage
	6204  -  Run Bytes Sent By Job
	409597  -  Run Bytes Received By Job
	6204  -  Total Bytes Sent By Job
	409597  -  Total Bytes Received By Job
	Partitionable Resources :    Usage  Request Allocated 
	   Cpus                 :        0        8         8 
	   Disk (KB)            :      427      425   3042160 
	   Memory (MB)          :      142    16000     16000 

	Job terminated of its own accord at 2024-07-24T16:35:03Z with exit-code 0.
...
040 (10252908.6873.000) 07/24 19:40:52 Started transferring input files
	Transferring to host: <188.185.209.189:9618?addrs=188.185.209.189-9618+[2001-1458-303-12--100-3a]-9618&alias=b9p12p5961.cern.ch&noUDP&sock=slot1_6_3731474_bf74_74660>
...
040 (10252908.6873.000) 07/24 19:40:52 Finished transferring input files
...
001 (10252908.6873.000) 07/24 19:40:53 Job executing on host: <188.185.209.189:9618?addrs=188.185.209.189-9618+[2001-1458-303-12--100-3a]-9618&alias=b9p12p5961.cern.ch&noUDP&sock=startd_1532964_6041>
	SlotName: slot1_6@b9p12p5961.cern.ch
	CondorScratchDir = "/pool/condor/dir_2136405"
	Cpus = 8
	Disk = 2779388
	Memory = 16000
...
006 (10252908.6873.000) 07/24 19:40:57 Image size of job updated: 160028
	8  -  MemoryUsage of job (MB)
	7724  -  ResidentSetSize of job (KB)
...
040 (10252908.6873.000) 07/24 19:40:57 Started transferring output files
...
040 (10252908.6873.000) 07/24 19:40:57 Finished transferring output files
...
005 (10252908.6873.000) 07/24 19:40:57 Job terminated.
	(1) Normal termination (return value 0)
		Usr 0 00:00:03, Sys 0 00:00:00  -  Run Remote Usage
		Usr 0 00:00:00, Sys 0 00:00:00  -  Run Local Usage
		Usr 0 00:00:03, Sys 0 00:00:00  -  Total Remote Usage
		Usr 0 00:00:00, Sys 0 00:00:00  -  Total Local Usage
	6204  -  Run Bytes Sent By Job
	409597  -  Run Bytes Received By Job
	6204  -  Total Bytes Sent By Job
	409597  -  Total Bytes Received By Job
	Partitionable Resources :    Usage  Request Allocated 
	   Cpus                 :        0        8         8 
	   Disk (KB)            :      431      425   2779388 
	   Memory (MB)          :        8    16000     16000 

	Job terminated of its own accord at 2024-07-24T17:40:57Z with exit-code 0.
...
040 (10252909.6873.000) 07/24 20:35:02 Started transferring input files
	Transferring to host: <188.185.195.15:9618?addrs=188.185.195.15-9618+[2001-1458-303-22--100-b]-9618&alias=b9p17p8817.cern.ch&noUDP&sock=slot1_9_3300890_5e0f_4189>
...
040 (10252909.6873.000) 07/24 20:35:02 Finished transferring input files
...
001 (10252909.6873.000) 07/24 20:35:03 Job executing on host: <188.185.195.15:9618?addrs=188.185.195.15-9618+[2001-1458-303-22--100-b]-9618&alias=b9p17p8817.cern.ch&noUDP&sock=startd_127896_98b7>
	SlotName: slot1_9@b9p17p8817.cern.ch
	CondorScratchDir = "/pool/condor/dir_1481603"
	Cpus = 8
	Disk = 3031725
	Memory = 16000
...
006 (10252909.6873.000) 07/24 20:35:12 Image size of job updated: 1
	0  -  MemoryUsage of job (MB)
	0  -  ResidentSetSize of job (KB)
...
006 (10252909.6873.000) 07/24 20:35:35 Image size of job updated: 159308
	7  -  MemoryUsage of job (MB)
	6660  -  ResidentSetSize of job (KB)
...
040 (10252909.6873.000) 07/24 20:35:35 Started transferring output files
...
040 (10252909.6873.000) 07/24 20:35:35 Finished transferring output files
...
005 (10252909.6873.000) 07/24 20:35:35 Job terminated.
	(1) Normal termination (return value 0)
		Usr 0 00:00:06, Sys 0 00:00:00  -  Run Remote Usage
		Usr 0 00:00:00, Sys 0 00:00:00  -  Run Local Usage
		Usr 0 00:00:06, Sys 0 00:00:00  -  Total Remote Usage
		Usr 0 00:00:00, Sys 0 00:00:00  -  Total Local Usage
	6201  -  Run Bytes Sent By Job
	409597  -  Run Bytes Received By Job
	6201  -  Total Bytes Sent By Job
	409597  -  Total Bytes Received By Job
	Partitionable Resources :    Usage  Request Allocated 
	   Cpus                 :                 8         8 
	   Disk (KB)            :      420      425   3031725 
	   Memory (MB)          :        7    16000     16000 

	Job terminated of its own accord at 2024-07-24T18:35:35Z with exit-code 0.
...
000 (10261715.6873.000) 07/25 13:03:52 Job submitted from host: <188.185.114.121:9618?addrs=188.185.114.121-9618+[2001-1458-d00-a--100-273]-9618&alias=bigbird19.cern.ch&noUDP&sock=schedd_4961_696e>
...
009 (10261715.6873.000) 07/25 13:07:18 Job was aborted.
	via condor_rm (by user yelberke)
...
000 (10261767.6873.000) 07/25 13:20:55 Job submitted from host: <188.185.114.121:9618?addrs=188.185.114.121-9618+[2001-1458-d00-a--100-273]-9618&alias=bigbird19.cern.ch&noUDP&sock=schedd_4961_696e>
...
040 (10261767.6873.000) 07/25 15:05:58 Started transferring input files
	Transferring to host: <188.185.208.93:9618?addrs=188.185.208.93-9618+[2001-1458-303-f--100-5a]-9618&alias=b9p09p3861.cern.ch&noUDP&sock=slot1_6_6290_9fb9_145371>
...
040 (10261767.6873.000) 07/25 15:05:58 Finished transferring input files
...
001 (10261767.6873.000) 07/25 15:05:59 Job executing on host: <188.185.208.93:9618?addrs=188.185.208.93-9618+[2001-1458-303-f--100-5a]-9618&alias=b9p09p3861.cern.ch&noUDP&sock=startd_5038_3a39>
	SlotName: slot1_6@b9p09p3861.cern.ch
	CondorScratchDir = "/pool/condor/dir_3549747"
	Cpus = 12
	Disk = 2716636
	Memory = 24000
...
006 (10261767.6873.000) 07/25 15:06:03 Image size of job updated: 160836
	8  -  MemoryUsage of job (MB)
	7336  -  ResidentSetSize of job (KB)
...
040 (10261767.6873.000) 07/25 15:06:03 Started transferring output files
...
040 (10261767.6873.000) 07/25 15:06:03 Finished transferring output files
...
005 (10261767.6873.000) 07/25 15:06:03 Job terminated.
	(1) Normal termination (return value 0)
		Usr 0 00:00:03, Sys 0 00:00:00  -  Run Remote Usage
		Usr 0 00:00:00, Sys 0 00:00:00  -  Run Local Usage
		Usr 0 00:00:03, Sys 0 00:00:00  -  Total Remote Usage
		Usr 0 00:00:00, Sys 0 00:00:00  -  Total Local Usage
	6676  -  Run Bytes Sent By Job
	409597  -  Run Bytes Received By Job
	6676  -  Total Bytes Sent By Job
	409597  -  Total Bytes Received By Job
	Partitionable Resources :    Usage  Request Allocated 
	   Cpus                 :        0       12        12 
	   Disk (KB)            :      428      425   2716636 
	   Memory (MB)          :        8    24000     24000 

	Job terminated of its own accord at 2024-07-25T13:06:03Z with exit-code 0.
...
000 (10284266.6873.000) 08/02 15:47:46 Job submitted from host: <188.185.114.121:9618?addrs=188.185.114.121-9618+[2001-1458-d00-a--100-273]-9618&alias=bigbird19.cern.ch&noUDP&sock=schedd_4961_696e>
...
000 (10284267.6873.000) 08/02 15:50:18 Job submitted from host: <188.185.114.121:9618?addrs=188.185.114.121-9618+[2001-1458-d00-a--100-273]-9618&alias=bigbird19.cern.ch&noUDP&sock=schedd_4961_696e>
...
009 (10284266.6873.000) 08/02 15:50:45 Job was aborted.
	via condor_rm (by user yelberke)
...
040 (10284267.6873.000) 08/02 17:19:15 Started transferring input files
	Transferring to host: <188.185.205.9:9618?addrs=188.185.205.9-9618+[2001-1458-303-9--100-7e]-9618&alias=b9p03p7969.cern.ch&noUDP&sock=slot1_14_7347_6044_40416>
...
040 (10284267.6873.000) 08/02 17:19:15 Finished transferring input files
...
001 (10284267.6873.000) 08/02 17:19:16 Job executing on host: <188.185.205.9:9618?addrs=188.185.205.9-9618+[2001-1458-303-9--100-7e]-9618&alias=b9p03p7969.cern.ch&noUDP&sock=startd_6402_d167>
	SlotName: slot1_14@b9p03p7969.cern.ch
	CondorScratchDir = "/pool/condor/dir_1457417"
	Cpus = 12
	Disk = 2768897
	Memory = 24000
...
006 (10284267.6873.000) 08/02 17:19:18 Image size of job updated: 328260
	8  -  MemoryUsage of job (MB)
	7376  -  ResidentSetSize of job (KB)
...
040 (10284267.6873.000) 08/02 17:19:18 Started transferring output files
...
040 (10284267.6873.000) 08/02 17:19:18 Finished transferring output files
...
005 (10284267.6873.000) 08/02 17:19:18 Job terminated.
	(1) Normal termination (return value 139)
		Usr 0 00:00:01, Sys 0 00:00:00  -  Run Remote Usage
		Usr 0 00:00:00, Sys 0 00:00:00  -  Run Local Usage
		Usr 0 00:00:01, Sys 0 00:00:00  -  Total Remote Usage
		Usr 0 00:00:00, Sys 0 00:00:00  -  Total Local Usage
	7696  -  Run Bytes Sent By Job
	409597  -  Run Bytes Received By Job
	7696  -  Total Bytes Sent By Job
	409597  -  Total Bytes Received By Job
	Partitionable Resources :    Usage  Request Allocated 
	   Cpus                 :        0       12        12 
	   Disk (KB)            :      430      425   2768897 
	   Memory (MB)          :        8    24000     24000 

	Job terminated of its own accord at 2024-08-02T15:19:18Z with exit-code 139.
...
