000 (10252905.6902.000) 07/24 16:13:24 Job submitted from host: <188.185.114.121:9618?addrs=188.185.114.121-9618+[2001-1458-d00-a--100-273]-9618&alias=bigbird19.cern.ch&noUDP&sock=schedd_4961_696e>
...
009 (10252905.6902.000) 07/24 16:14:54 Job was aborted.
	via condor_rm (by user yelberke)
...
000 (10252906.6902.000) 07/24 16:15:42 Job submitted from host: <188.185.114.121:9618?addrs=188.185.114.121-9618+[2001-1458-d00-a--100-273]-9618&alias=bigbird19.cern.ch&noUDP&sock=schedd_4961_696e>
...
000 (10252907.6902.000) 07/24 16:17:36 Job submitted from host: <188.185.114.121:9618?addrs=188.185.114.121-9618+[2001-1458-d00-a--100-273]-9618&alias=bigbird19.cern.ch&noUDP&sock=schedd_4961_696e>
...
000 (10252908.6902.000) 07/24 16:18:09 Job submitted from host: <188.185.114.121:9618?addrs=188.185.114.121-9618+[2001-1458-d00-a--100-273]-9618&alias=bigbird19.cern.ch&noUDP&sock=schedd_4961_696e>
...
000 (10252909.6902.000) 07/24 16:18:46 Job submitted from host: <188.185.114.121:9618?addrs=188.185.114.121-9618+[2001-1458-d00-a--100-273]-9618&alias=bigbird19.cern.ch&noUDP&sock=schedd_4961_696e>
...
040 (10252906.6902.000) 07/24 17:35:47 Started transferring input files
	Transferring to host: <188.185.208.178:9618?addrs=188.185.208.178-9618+[2001-1458-303-10--100-2f]-9618&alias=b9p10p7838.cern.ch&noUDP&sock=slot1_12_11825_883a_143821>
...
040 (10252906.6902.000) 07/24 17:35:47 Finished transferring input files
...
001 (10252906.6902.000) 07/24 17:35:48 Job executing on host: <188.185.208.178:9618?addrs=188.185.208.178-9618+[2001-1458-303-10--100-2f]-9618&alias=b9p10p7838.cern.ch&noUDP&sock=startd_10496_f622>
	SlotName: slot1_12@b9p10p7838.cern.ch
	CondorScratchDir = "/pool/condor/dir_3903094"
	Cpus = 8
	Disk = 2659882
	Memory = 16000
...
006 (10252906.6902.000) 07/24 17:35:53 Image size of job updated: 159476
	8  -  MemoryUsage of job (MB)
	8032  -  ResidentSetSize of job (KB)
...
040 (10252906.6902.000) 07/24 17:35:53 Started transferring output files
...
040 (10252906.6902.000) 07/24 17:35:53 Finished transferring output files
...
005 (10252906.6902.000) 07/24 17:35:53 Job terminated.
	(1) Normal termination (return value 0)
		Usr 0 00:00:04, Sys 0 00:00:00  -  Run Remote Usage
		Usr 0 00:00:00, Sys 0 00:00:00  -  Run Local Usage
		Usr 0 00:00:04, Sys 0 00:00:00  -  Total Remote Usage
		Usr 0 00:00:00, Sys 0 00:00:00  -  Total Local Usage
	6201  -  Run Bytes Sent By Job
	409597  -  Run Bytes Received By Job
	6201  -  Total Bytes Sent By Job
	409597  -  Total Bytes Received By Job
	Partitionable Resources :    Usage  Request Allocated 
	   Cpus                 :        0        8         8 
	   Disk (KB)            :      428      425   2659882 
	   Memory (MB)          :        8    16000     16000 

	Job terminated of its own accord at 2024-07-24T15:35:53Z with exit-code 0.
...
040 (10252907.6902.000) 07/24 18:35:04 Started transferring input files
	Transferring to host: <188.185.204.138:9618?addrs=188.185.204.138-9618+[2001-1458-303-8--100-7e]-9618&alias=b9p02p3882.cern.ch&noUDP&sock=slot1_27_6546_ffc3_155970>
...
040 (10252907.6902.000) 07/24 18:35:04 Finished transferring input files
...
001 (10252907.6902.000) 07/24 18:35:05 Job executing on host: <188.185.204.138:9618?addrs=188.185.204.138-9618+[2001-1458-303-8--100-7e]-9618&alias=b9p02p3882.cern.ch&noUDP&sock=startd_6104_6a2e>
	SlotName: slot1_27@b9p02p3882.cern.ch
	CondorScratchDir = "/pool/condor/dir_2699079"
	Cpus = 8
	Disk = 2883543
	Memory = 16000
...
006 (10252907.6902.000) 07/24 18:35:10 Image size of job updated: 165848
	11  -  MemoryUsage of job (MB)
	10780  -  ResidentSetSize of job (KB)
...
040 (10252907.6902.000) 07/24 18:35:10 Started transferring output files
...
040 (10252907.6902.000) 07/24 18:35:10 Finished transferring output files
...
005 (10252907.6902.000) 07/24 18:35:10 Job terminated.
	(1) Normal termination (return value 0)
		Usr 0 00:00:03, Sys 0 00:00:00  -  Run Remote Usage
		Usr 0 00:00:00, Sys 0 00:00:00  -  Run Local Usage
		Usr 0 00:00:03, Sys 0 00:00:00  -  Total Remote Usage
		Usr 0 00:00:00, Sys 0 00:00:00  -  Total Local Usage
	6204  -  Run Bytes Sent By Job
	409597  -  Run Bytes Received By Job
	6204  -  Total Bytes Sent By Job
	409597  -  Total Bytes Received By Job
	Partitionable Resources :    Usage  Request Allocated 
	   Cpus                 :        0        8         8 
	   Disk (KB)            :      428      425   2883543 
	   Memory (MB)          :       11    16000     16000 

	Job terminated of its own accord at 2024-07-24T16:35:10Z with exit-code 0.
...
040 (10252908.6902.000) 07/24 19:41:01 Started transferring input files
	Transferring to host: <188.185.208.229:9618?addrs=188.185.208.229-9618+[2001-1458-303-10--100-62]-9618&alias=b9p10p0621.cern.ch&noUDP&sock=slot1_22_9970_844f_144191>
...
040 (10252908.6902.000) 07/24 19:41:01 Finished transferring input files
...
001 (10252908.6902.000) 07/24 19:41:02 Job executing on host: <188.185.208.229:9618?addrs=188.185.208.229-9618+[2001-1458-303-10--100-62]-9618&alias=b9p10p0621.cern.ch&noUDP&sock=startd_8497_d050>
	SlotName: slot1_22@b9p10p0621.cern.ch
	CondorScratchDir = "/pool/condor/dir_2078755"
	Cpus = 8
	Disk = 2830434
	Memory = 16000
...
006 (10252908.6902.000) 07/24 19:41:08 Image size of job updated: 158416
	8  -  MemoryUsage of job (MB)
	7756  -  ResidentSetSize of job (KB)
...
040 (10252908.6902.000) 07/24 19:41:08 Started transferring output files
...
040 (10252908.6902.000) 07/24 19:41:08 Finished transferring output files
...
005 (10252908.6902.000) 07/24 19:41:08 Job terminated.
	(1) Normal termination (return value 0)
		Usr 0 00:00:04, Sys 0 00:00:00  -  Run Remote Usage
		Usr 0 00:00:00, Sys 0 00:00:00  -  Run Local Usage
		Usr 0 00:00:04, Sys 0 00:00:00  -  Total Remote Usage
		Usr 0 00:00:00, Sys 0 00:00:00  -  Total Local Usage
	6204  -  Run Bytes Sent By Job
	409597  -  Run Bytes Received By Job
	6204  -  Total Bytes Sent By Job
	409597  -  Total Bytes Received By Job
	Partitionable Resources :    Usage  Request Allocated 
	   Cpus                 :        0        8         8 
	   Disk (KB)            :      428      425   2830434 
	   Memory (MB)          :        8    16000     16000 

	Job terminated of its own accord at 2024-07-24T17:41:08Z with exit-code 0.
...
040 (10252909.6902.000) 07/24 20:35:13 Started transferring input files
	Transferring to host: <188.185.208.219:9618?addrs=188.185.208.219-9618+[2001-1458-303-10--100-58]-9618&alias=b9p10p7427.cern.ch&noUDP&sock=slot1_2_3677_876f_141737>
...
040 (10252909.6902.000) 07/24 20:35:13 Finished transferring input files
...
001 (10252909.6902.000) 07/24 20:35:14 Job executing on host: <188.185.208.219:9618?addrs=188.185.208.219-9618+[2001-1458-303-10--100-58]-9618&alias=b9p10p7427.cern.ch&noUDP&sock=startd_3561_20d7>
	SlotName: slot1_2@b9p10p7427.cern.ch
	CondorScratchDir = "/pool/condor/dir_845444"
	Cpus = 8
	Disk = 2894969
	Memory = 16000
...
006 (10252909.6902.000) 07/24 20:35:20 Image size of job updated: 161316
	8  -  MemoryUsage of job (MB)
	8024  -  ResidentSetSize of job (KB)
...
040 (10252909.6902.000) 07/24 20:35:20 Started transferring output files
...
040 (10252909.6902.000) 07/24 20:35:20 Finished transferring output files
...
005 (10252909.6902.000) 07/24 20:35:20 Job terminated.
	(1) Normal termination (return value 0)
		Usr 0 00:00:04, Sys 0 00:00:00  -  Run Remote Usage
		Usr 0 00:00:00, Sys 0 00:00:00  -  Run Local Usage
		Usr 0 00:00:04, Sys 0 00:00:00  -  Total Remote Usage
		Usr 0 00:00:00, Sys 0 00:00:00  -  Total Local Usage
	6201  -  Run Bytes Sent By Job
	409597  -  Run Bytes Received By Job
	6201  -  Total Bytes Sent By Job
	409597  -  Total Bytes Received By Job
	Partitionable Resources :    Usage  Request Allocated 
	   Cpus                 :        0        8         8 
	   Disk (KB)            :      428      425   2894969 
	   Memory (MB)          :        8    16000     16000 

	Job terminated of its own accord at 2024-07-24T18:35:20Z with exit-code 0.
...
000 (10261715.6902.000) 07/25 13:03:53 Job submitted from host: <188.185.114.121:9618?addrs=188.185.114.121-9618+[2001-1458-d00-a--100-273]-9618&alias=bigbird19.cern.ch&noUDP&sock=schedd_4961_696e>
...
009 (10261715.6902.000) 07/25 13:07:19 Job was aborted.
	via condor_rm (by user yelberke)
...
000 (10261767.6902.000) 07/25 13:20:55 Job submitted from host: <188.185.114.121:9618?addrs=188.185.114.121-9618+[2001-1458-d00-a--100-273]-9618&alias=bigbird19.cern.ch&noUDP&sock=schedd_4961_696e>
...
040 (10261767.6902.000) 07/25 15:06:10 Started transferring input files
	Transferring to host: <188.185.206.193:9618?addrs=188.185.206.193-9618+[2001-1458-303-c--100-3e]-9618&alias=b9p06p4695.cern.ch&noUDP&sock=slot1_27_65071_27ef_91775>
...
040 (10261767.6902.000) 07/25 15:06:10 Finished transferring input files
...
001 (10261767.6902.000) 07/25 15:06:11 Job executing on host: <188.185.206.193:9618?addrs=188.185.206.193-9618+[2001-1458-303-c--100-3e]-9618&alias=b9p06p4695.cern.ch&noUDP&sock=startd_3345_f862>
	SlotName: slot1_27@b9p06p4695.cern.ch
	CondorScratchDir = "/pool/condor/dir_1346777"
	Cpus = 12
	Disk = 2920737
	Memory = 24000
...
006 (10261767.6902.000) 07/25 15:06:17 Image size of job updated: 160776
	7  -  MemoryUsage of job (MB)
	6476  -  ResidentSetSize of job (KB)
...
040 (10261767.6902.000) 07/25 15:06:17 Started transferring output files
...
040 (10261767.6902.000) 07/25 15:06:17 Finished transferring output files
...
005 (10261767.6902.000) 07/25 15:06:17 Job terminated.
	(1) Normal termination (return value 0)
		Usr 0 00:00:05, Sys 0 00:00:00  -  Run Remote Usage
		Usr 0 00:00:00, Sys 0 00:00:00  -  Run Local Usage
		Usr 0 00:00:05, Sys 0 00:00:00  -  Total Remote Usage
		Usr 0 00:00:00, Sys 0 00:00:00  -  Total Local Usage
	6676  -  Run Bytes Sent By Job
	409597  -  Run Bytes Received By Job
	6676  -  Total Bytes Sent By Job
	409597  -  Total Bytes Received By Job
	Partitionable Resources :    Usage  Request Allocated 
	   Cpus                 :                12        12 
	   Disk (KB)            :      422      425   2920737 
	   Memory (MB)          :        7    24000     24000 

	Job terminated of its own accord at 2024-07-25T13:06:17Z with exit-code 0.
...
000 (10284266.6902.000) 08/02 15:47:46 Job submitted from host: <188.185.114.121:9618?addrs=188.185.114.121-9618+[2001-1458-d00-a--100-273]-9618&alias=bigbird19.cern.ch&noUDP&sock=schedd_4961_696e>
...
000 (10284267.6902.000) 08/02 15:50:18 Job submitted from host: <188.185.114.121:9618?addrs=188.185.114.121-9618+[2001-1458-d00-a--100-273]-9618&alias=bigbird19.cern.ch&noUDP&sock=schedd_4961_696e>
...
009 (10284266.6902.000) 08/02 15:50:45 Job was aborted.
	via condor_rm (by user yelberke)
...
040 (10284267.6902.000) 08/02 17:19:24 Started transferring input files
	Transferring to host: <188.185.205.21:9618?addrs=188.185.205.21-9618+[2001-1458-303-9--100-89]-9618&alias=b9p03p9934.cern.ch&noUDP&sock=slot1_1_65045_d62e_103879>
...
040 (10284267.6902.000) 08/02 17:19:24 Finished transferring input files
...
001 (10284267.6902.000) 08/02 17:19:25 Job executing on host: <188.185.205.21:9618?addrs=188.185.205.21-9618+[2001-1458-303-9--100-89]-9618&alias=b9p03p9934.cern.ch&noUDP&sock=startd_3406_cfa9>
	SlotName: slot1_1@b9p03p9934.cern.ch
	CondorScratchDir = "/pool/condor/dir_1601892"
	Cpus = 12
	Disk = 2736742
	Memory = 24000
...
006 (10284267.6902.000) 08/02 17:19:27 Image size of job updated: 330228
	7  -  MemoryUsage of job (MB)
	6772  -  ResidentSetSize of job (KB)
...
040 (10284267.6902.000) 08/02 17:19:27 Started transferring output files
...
040 (10284267.6902.000) 08/02 17:19:27 Finished transferring output files
...
005 (10284267.6902.000) 08/02 17:19:27 Job terminated.
	(1) Normal termination (return value 139)
		Usr 0 00:00:02, Sys 0 00:00:01  -  Run Remote Usage
		Usr 0 00:00:00, Sys 0 00:00:00  -  Run Local Usage
		Usr 0 00:00:02, Sys 0 00:00:01  -  Total Remote Usage
		Usr 0 00:00:00, Sys 0 00:00:00  -  Total Local Usage
	7696  -  Run Bytes Sent By Job
	409597  -  Run Bytes Received By Job
	7696  -  Total Bytes Sent By Job
	409597  -  Total Bytes Received By Job
	Partitionable Resources :    Usage  Request Allocated 
	   Cpus                 :        0       12        12 
	   Disk (KB)            :      433      425   2736742 
	   Memory (MB)          :        7    24000     24000 

	Job terminated of its own accord at 2024-08-02T15:19:27Z with exit-code 139.
...
