000 (10252905.6919.000) 07/24 16:13:24 Job submitted from host: <188.185.114.121:9618?addrs=188.185.114.121-9618+[2001-1458-d00-a--100-273]-9618&alias=bigbird19.cern.ch&noUDP&sock=schedd_4961_696e>
...
009 (10252905.6919.000) 07/24 16:14:54 Job was aborted.
	via condor_rm (by user yelberke)
...
000 (10252906.6919.000) 07/24 16:15:42 Job submitted from host: <188.185.114.121:9618?addrs=188.185.114.121-9618+[2001-1458-d00-a--100-273]-9618&alias=bigbird19.cern.ch&noUDP&sock=schedd_4961_696e>
...
000 (10252907.6919.000) 07/24 16:17:36 Job submitted from host: <188.185.114.121:9618?addrs=188.185.114.121-9618+[2001-1458-d00-a--100-273]-9618&alias=bigbird19.cern.ch&noUDP&sock=schedd_4961_696e>
...
000 (10252908.6919.000) 07/24 16:18:09 Job submitted from host: <188.185.114.121:9618?addrs=188.185.114.121-9618+[2001-1458-d00-a--100-273]-9618&alias=bigbird19.cern.ch&noUDP&sock=schedd_4961_696e>
...
000 (10252909.6919.000) 07/24 16:18:46 Job submitted from host: <188.185.114.121:9618?addrs=188.185.114.121-9618+[2001-1458-d00-a--100-273]-9618&alias=bigbird19.cern.ch&noUDP&sock=schedd_4961_696e>
...
040 (10252906.6919.000) 07/24 17:35:52 Started transferring input files
	Transferring to host: <188.185.207.59:9618?addrs=188.185.207.59-9618+[2001-1458-303-d--100-38]-9618&alias=b9p07p9037.cern.ch&noUDP&sock=slot1_4_10084_d713_146332>
...
040 (10252906.6919.000) 07/24 17:35:52 Finished transferring input files
...
001 (10252906.6919.000) 07/24 17:35:53 Job executing on host: <188.185.207.59:9618?addrs=188.185.207.59-9618+[2001-1458-303-d--100-38]-9618&alias=b9p07p9037.cern.ch&noUDP&sock=startd_8752_b8f6>
	SlotName: slot1_4@b9p07p9037.cern.ch
	CondorScratchDir = "/pool/condor/dir_573772"
	Cpus = 8
	Disk = 2449427
	Memory = 16000
...
006 (10252906.6919.000) 07/24 17:35:58 Image size of job updated: 159608
	8  -  MemoryUsage of job (MB)
	7420  -  ResidentSetSize of job (KB)
...
040 (10252906.6919.000) 07/24 17:35:58 Started transferring output files
...
040 (10252906.6919.000) 07/24 17:35:58 Finished transferring output files
...
005 (10252906.6919.000) 07/24 17:35:58 Job terminated.
	(1) Normal termination (return value 0)
		Usr 0 00:00:03, Sys 0 00:00:00  -  Run Remote Usage
		Usr 0 00:00:00, Sys 0 00:00:00  -  Run Local Usage
		Usr 0 00:00:03, Sys 0 00:00:00  -  Total Remote Usage
		Usr 0 00:00:00, Sys 0 00:00:00  -  Total Local Usage
	6201  -  Run Bytes Sent By Job
	409597  -  Run Bytes Received By Job
	6201  -  Total Bytes Sent By Job
	409597  -  Total Bytes Received By Job
	Partitionable Resources :    Usage  Request Allocated 
	   Cpus                 :        0        8         8 
	   Disk (KB)            :      427      425   2449427 
	   Memory (MB)          :        8    16000     16000 

	Job terminated of its own accord at 2024-07-24T15:35:58Z with exit-code 0.
...
040 (10252907.6919.000) 07/24 18:35:11 Started transferring input files
	Transferring to host: <188.185.206.188:9618?addrs=188.185.206.188-9618+[2001-1458-303-c--100-39]-9618&alias=b9p06p8127.cern.ch&noUDP&sock=slot1_6_65024_0a4d_92786>
...
040 (10252907.6919.000) 07/24 18:35:11 Finished transferring input files
...
001 (10252907.6919.000) 07/24 18:35:12 Job executing on host: <188.185.206.188:9618?addrs=188.185.206.188-9618+[2001-1458-303-c--100-39]-9618&alias=b9p06p8127.cern.ch&noUDP&sock=startd_3918_0026>
	SlotName: slot1_6@b9p06p8127.cern.ch
	CondorScratchDir = "/pool/condor/dir_1049734"
	Cpus = 8
	Disk = 2825853
	Memory = 16000
...
006 (10252907.6919.000) 07/24 18:35:18 Image size of job updated: 160744
	9  -  MemoryUsage of job (MB)
	8292  -  ResidentSetSize of job (KB)
...
040 (10252907.6919.000) 07/24 18:35:18 Started transferring output files
...
040 (10252907.6919.000) 07/24 18:35:18 Finished transferring output files
...
005 (10252907.6919.000) 07/24 18:35:18 Job terminated.
	(1) Normal termination (return value 0)
		Usr 0 00:00:05, Sys 0 00:00:00  -  Run Remote Usage
		Usr 0 00:00:00, Sys 0 00:00:00  -  Run Local Usage
		Usr 0 00:00:05, Sys 0 00:00:00  -  Total Remote Usage
		Usr 0 00:00:00, Sys 0 00:00:00  -  Total Local Usage
	6204  -  Run Bytes Sent By Job
	409597  -  Run Bytes Received By Job
	6204  -  Total Bytes Sent By Job
	409597  -  Total Bytes Received By Job
	Partitionable Resources :    Usage  Request Allocated 
	   Cpus                 :        0        8         8 
	   Disk (KB)            :      431      425   2825853 
	   Memory (MB)          :        9    16000     16000 

	Job terminated of its own accord at 2024-07-24T16:35:18Z with exit-code 0.
...
040 (10252908.6919.000) 07/24 19:41:07 Started transferring input files
	Transferring to host: <188.185.205.149:9618?addrs=188.185.205.149-9618+[2001-1458-303-a--100-12]-9618&alias=b9p04p3486.cern.ch&noUDP&sock=slot1_5_65002_8a0c_92963>
...
040 (10252908.6919.000) 07/24 19:41:07 Finished transferring input files
...
001 (10252908.6919.000) 07/24 19:41:08 Job executing on host: <188.185.205.149:9618?addrs=188.185.205.149-9618+[2001-1458-303-a--100-12]-9618&alias=b9p04p3486.cern.ch&noUDP&sock=startd_3342_e999>
	SlotName: slot1_5@b9p04p3486.cern.ch
	CondorScratchDir = "/pool/condor/dir_280934"
	Cpus = 8
	Disk = 2949067
	Memory = 16000
...
006 (10252908.6919.000) 07/24 19:41:12 Image size of job updated: 157984
	8  -  MemoryUsage of job (MB)
	7180  -  ResidentSetSize of job (KB)
...
040 (10252908.6919.000) 07/24 19:41:13 Started transferring output files
...
040 (10252908.6919.000) 07/24 19:41:13 Finished transferring output files
...
005 (10252908.6919.000) 07/24 19:41:13 Job terminated.
	(1) Normal termination (return value 0)
		Usr 0 00:00:03, Sys 0 00:00:00  -  Run Remote Usage
		Usr 0 00:00:00, Sys 0 00:00:00  -  Run Local Usage
		Usr 0 00:00:03, Sys 0 00:00:00  -  Total Remote Usage
		Usr 0 00:00:00, Sys 0 00:00:00  -  Total Local Usage
	6204  -  Run Bytes Sent By Job
	409597  -  Run Bytes Received By Job
	6204  -  Total Bytes Sent By Job
	409597  -  Total Bytes Received By Job
	Partitionable Resources :    Usage  Request Allocated 
	   Cpus                 :        0        8         8 
	   Disk (KB)            :      430      425   2949067 
	   Memory (MB)          :        8    16000     16000 

	Job terminated of its own accord at 2024-07-24T17:41:12Z with exit-code 0.
...
040 (10252909.6919.000) 07/24 20:35:19 Started transferring input files
	Transferring to host: <188.185.208.48:9618?addrs=188.185.208.48-9618+[2001-1458-303-f--100-2d]-9618&alias=b9p09p6216.cern.ch&noUDP&sock=slot1_3_9052_b3e9_144877>
...
040 (10252909.6919.000) 07/24 20:35:19 Finished transferring input files
...
001 (10252909.6919.000) 07/24 20:35:20 Job executing on host: <188.185.208.48:9618?addrs=188.185.208.48-9618+[2001-1458-303-f--100-2d]-9618&alias=b9p09p6216.cern.ch&noUDP&sock=startd_7719_2ba1>
	SlotName: slot1_3@b9p09p6216.cern.ch
	CondorScratchDir = "/pool/condor/dir_612559"
	Cpus = 8
	Disk = 2834636
	Memory = 16000
...
006 (10252909.6919.000) 07/24 20:35:24 Image size of job updated: 159048
	7  -  MemoryUsage of job (MB)
	6628  -  ResidentSetSize of job (KB)
...
040 (10252909.6919.000) 07/24 20:35:24 Started transferring output files
...
040 (10252909.6919.000) 07/24 20:35:24 Finished transferring output files
...
005 (10252909.6919.000) 07/24 20:35:24 Job terminated.
	(1) Normal termination (return value 0)
		Usr 0 00:00:03, Sys 0 00:00:00  -  Run Remote Usage
		Usr 0 00:00:00, Sys 0 00:00:00  -  Run Local Usage
		Usr 0 00:00:03, Sys 0 00:00:00  -  Total Remote Usage
		Usr 0 00:00:00, Sys 0 00:00:00  -  Total Local Usage
	6201  -  Run Bytes Sent By Job
	409597  -  Run Bytes Received By Job
	6201  -  Total Bytes Sent By Job
	409597  -  Total Bytes Received By Job
	Partitionable Resources :    Usage  Request Allocated 
	   Cpus                 :        0        8         8 
	   Disk (KB)            :      427      425   2834636 
	   Memory (MB)          :        7    16000     16000 

	Job terminated of its own accord at 2024-07-24T18:35:24Z with exit-code 0.
...
000 (10261715.6919.000) 07/25 13:03:53 Job submitted from host: <188.185.114.121:9618?addrs=188.185.114.121-9618+[2001-1458-d00-a--100-273]-9618&alias=bigbird19.cern.ch&noUDP&sock=schedd_4961_696e>
...
009 (10261715.6919.000) 07/25 13:07:19 Job was aborted.
	via condor_rm (by user yelberke)
...
000 (10261767.6919.000) 07/25 13:20:55 Job submitted from host: <188.185.114.121:9618?addrs=188.185.114.121-9618+[2001-1458-d00-a--100-273]-9618&alias=bigbird19.cern.ch&noUDP&sock=schedd_4961_696e>
...
040 (10261767.6919.000) 07/25 15:06:16 Started transferring input files
	Transferring to host: <188.185.209.198:9618?addrs=188.185.209.198-9618+[2001-1458-303-12--100-43]-9618&alias=b9p12p4148.cern.ch&noUDP&sock=slot1_19_5516_4559_143383>
...
040 (10261767.6919.000) 07/25 15:06:16 Finished transferring input files
...
001 (10261767.6919.000) 07/25 15:06:17 Job executing on host: <188.185.209.198:9618?addrs=188.185.209.198-9618+[2001-1458-303-12--100-43]-9618&alias=b9p12p4148.cern.ch&noUDP&sock=startd_4513_1f00>
	SlotName: slot1_19@b9p12p4148.cern.ch
	CondorScratchDir = "/pool/condor/dir_2208323"
	Cpus = 12
	Disk = 2649934
	Memory = 24000
...
006 (10261767.6919.000) 07/25 15:06:22 Image size of job updated: 160592
	7  -  MemoryUsage of job (MB)
	6476  -  ResidentSetSize of job (KB)
...
040 (10261767.6919.000) 07/25 15:06:22 Started transferring output files
...
040 (10261767.6919.000) 07/25 15:06:22 Finished transferring output files
...
005 (10261767.6919.000) 07/25 15:06:22 Job terminated.
	(1) Normal termination (return value 0)
		Usr 0 00:00:03, Sys 0 00:00:00  -  Run Remote Usage
		Usr 0 00:00:00, Sys 0 00:00:00  -  Run Local Usage
		Usr 0 00:00:03, Sys 0 00:00:00  -  Total Remote Usage
		Usr 0 00:00:00, Sys 0 00:00:00  -  Total Local Usage
	6676  -  Run Bytes Sent By Job
	409597  -  Run Bytes Received By Job
	6676  -  Total Bytes Sent By Job
	409597  -  Total Bytes Received By Job
	Partitionable Resources :    Usage  Request Allocated 
	   Cpus                 :        0       12        12 
	   Disk (KB)            :      429      425   2649934 
	   Memory (MB)          :        7    24000     24000 

	Job terminated of its own accord at 2024-07-25T13:06:22Z with exit-code 0.
...
000 (10284266.6919.000) 08/02 15:47:46 Job submitted from host: <188.185.114.121:9618?addrs=188.185.114.121-9618+[2001-1458-d00-a--100-273]-9618&alias=bigbird19.cern.ch&noUDP&sock=schedd_4961_696e>
...
000 (10284267.6919.000) 08/02 15:50:18 Job submitted from host: <188.185.114.121:9618?addrs=188.185.114.121-9618+[2001-1458-d00-a--100-273]-9618&alias=bigbird19.cern.ch&noUDP&sock=schedd_4961_696e>
...
009 (10284266.6919.000) 08/02 15:50:45 Job was aborted.
	via condor_rm (by user yelberke)
...
040 (10284267.6919.000) 08/02 17:19:30 Started transferring input files
	Transferring to host: <188.185.207.33:9618?addrs=188.185.207.33-9618+[2001-1458-303-d--100-1e]-9618&alias=b9p07p2689.cern.ch&noUDP&sock=slot1_13_557249_14dd_82048>
...
040 (10284267.6919.000) 08/02 17:19:30 Finished transferring input files
...
001 (10284267.6919.000) 08/02 17:19:31 Job executing on host: <188.185.207.33:9618?addrs=188.185.207.33-9618+[2001-1458-303-d--100-1e]-9618&alias=b9p07p2689.cern.ch&noUDP&sock=startd_4070_428b>
	SlotName: slot1_13@b9p07p2689.cern.ch
	CondorScratchDir = "/pool/condor/dir_3533665"
	Cpus = 12
	Disk = 2844928
	Memory = 24000
...
006 (10284267.6919.000) 08/02 17:19:33 Image size of job updated: 325884
	4  -  MemoryUsage of job (MB)
	3864  -  ResidentSetSize of job (KB)
...
040 (10284267.6919.000) 08/02 17:19:33 Started transferring output files
...
040 (10284267.6919.000) 08/02 17:19:33 Finished transferring output files
...
005 (10284267.6919.000) 08/02 17:19:33 Job terminated.
	(1) Normal termination (return value 139)
		Usr 0 00:00:02, Sys 0 00:00:00  -  Run Remote Usage
		Usr 0 00:00:00, Sys 0 00:00:00  -  Run Local Usage
		Usr 0 00:00:02, Sys 0 00:00:00  -  Total Remote Usage
		Usr 0 00:00:00, Sys 0 00:00:00  -  Total Local Usage
	7696  -  Run Bytes Sent By Job
	409597  -  Run Bytes Received By Job
	7696  -  Total Bytes Sent By Job
	409597  -  Total Bytes Received By Job
	Partitionable Resources :    Usage  Request Allocated 
	   Cpus                 :                12        12 
	   Disk (KB)            :      422      425   2844928 
	   Memory (MB)          :        4    24000     24000 

	Job terminated of its own accord at 2024-08-02T15:19:33Z with exit-code 139.
...
