000 (10252905.693.000) 07/24 16:13:15 Job submitted from host: <188.185.114.121:9618?addrs=188.185.114.121-9618+[2001-1458-d00-a--100-273]-9618&alias=bigbird19.cern.ch&noUDP&sock=schedd_4961_696e>
...
009 (10252905.693.000) 07/24 16:14:46 Job was aborted.
	via condor_rm (by user yelberke)
...
000 (10252906.693.000) 07/24 16:15:36 Job submitted from host: <188.185.114.121:9618?addrs=188.185.114.121-9618+[2001-1458-d00-a--100-273]-9618&alias=bigbird19.cern.ch&noUDP&sock=schedd_4961_696e>
...
000 (10252907.693.000) 07/24 16:17:30 Job submitted from host: <188.185.114.121:9618?addrs=188.185.114.121-9618+[2001-1458-d00-a--100-273]-9618&alias=bigbird19.cern.ch&noUDP&sock=schedd_4961_696e>
...
000 (10252908.693.000) 07/24 16:18:03 Job submitted from host: <188.185.114.121:9618?addrs=188.185.114.121-9618+[2001-1458-d00-a--100-273]-9618&alias=bigbird19.cern.ch&noUDP&sock=schedd_4961_696e>
...
000 (10252909.693.000) 07/24 16:18:39 Job submitted from host: <188.185.114.121:9618?addrs=188.185.114.121-9618+[2001-1458-d00-a--100-273]-9618&alias=bigbird19.cern.ch&noUDP&sock=schedd_4961_696e>
...
000 (10252910.693.000) 07/24 16:19:05 Job submitted from host: <188.185.114.121:9618?addrs=188.185.114.121-9618+[2001-1458-d00-a--100-273]-9618&alias=bigbird19.cern.ch&noUDP&sock=schedd_4961_696e>
...
000 (10252911.693.000) 07/24 16:19:18 Job submitted from host: <188.185.114.121:9618?addrs=188.185.114.121-9618+[2001-1458-d00-a--100-273]-9618&alias=bigbird19.cern.ch&noUDP&sock=schedd_4961_696e>
...
000 (10252912.693.000) 07/24 16:19:30 Job submitted from host: <188.185.114.121:9618?addrs=188.185.114.121-9618+[2001-1458-d00-a--100-273]-9618&alias=bigbird19.cern.ch&noUDP&sock=schedd_4961_696e>
...
000 (10252913.693.000) 07/24 16:19:43 Job submitted from host: <188.185.114.121:9618?addrs=188.185.114.121-9618+[2001-1458-d00-a--100-273]-9618&alias=bigbird19.cern.ch&noUDP&sock=schedd_4961_696e>
...
040 (10252906.693.000) 07/24 16:21:46 Started transferring input files
	Transferring to host: <128.142.248.37:9618?addrs=128.142.248.37-9618+[2001-1458-301-73--100-115]-9618&alias=b9g23p1754.cern.ch&noUDP&sock=slot1_8_7975_dbdd_83960>
...
040 (10252906.693.000) 07/24 16:21:46 Finished transferring input files
...
001 (10252906.693.000) 07/24 16:21:47 Job executing on host: <128.142.248.37:9618?addrs=128.142.248.37-9618+[2001-1458-301-73--100-115]-9618&alias=b9g23p1754.cern.ch&noUDP&sock=startd_6716_3224>
	SlotName: slot1_8@b9g23p1754.cern.ch
	CondorScratchDir = "/pool/condor/dir_2356494"
	Cpus = 8
	Disk = 2970955
	Memory = 16000
...
006 (10252906.693.000) 07/24 16:21:52 Image size of job updated: 163448
	11  -  MemoryUsage of job (MB)
	10396  -  ResidentSetSize of job (KB)
...
040 (10252906.693.000) 07/24 16:21:52 Started transferring output files
...
040 (10252906.693.000) 07/24 16:21:52 Finished transferring output files
...
005 (10252906.693.000) 07/24 16:21:52 Job terminated.
	(1) Normal termination (return value 0)
		Usr 0 00:00:04, Sys 0 00:00:00  -  Run Remote Usage
		Usr 0 00:00:00, Sys 0 00:00:00  -  Run Local Usage
		Usr 0 00:00:04, Sys 0 00:00:00  -  Total Remote Usage
		Usr 0 00:00:00, Sys 0 00:00:00  -  Total Local Usage
	6204  -  Run Bytes Sent By Job
	409597  -  Run Bytes Received By Job
	6204  -  Total Bytes Sent By Job
	409597  -  Total Bytes Received By Job
	Partitionable Resources :    Usage  Request Allocated 
	   Cpus                 :        0        8         8 
	   Disk (KB)            :      428      425   2970955 
	   Memory (MB)          :       11    16000     16000 

	Job terminated of its own accord at 2024-07-24T14:21:52Z with exit-code 0.
...
040 (10252907.693.000) 07/24 17:46:54 Started transferring input files
	Transferring to host: <188.185.208.10:9618?addrs=188.185.208.10-9618+[2001-1458-303-f--100-7]-9618&alias=b9p09p6812.cern.ch&noUDP&sock=slot1_9_8512_3953_143114>
...
040 (10252907.693.000) 07/24 17:46:54 Finished transferring input files
...
001 (10252907.693.000) 07/24 17:46:55 Job executing on host: <188.185.208.10:9618?addrs=188.185.208.10-9618+[2001-1458-303-f--100-7]-9618&alias=b9p09p6812.cern.ch&noUDP&sock=startd_7123_5d2f>
	SlotName: slot1_9@b9p09p6812.cern.ch
	CondorScratchDir = "/pool/condor/dir_4014838"
	Cpus = 8
	Disk = 2539349
	Memory = 16000
...
006 (10252907.693.000) 07/24 17:47:01 Image size of job updated: 164816
	10  -  MemoryUsage of job (MB)
	10168  -  ResidentSetSize of job (KB)
...
040 (10252907.693.000) 07/24 17:47:01 Started transferring output files
...
040 (10252907.693.000) 07/24 17:47:01 Finished transferring output files
...
005 (10252907.693.000) 07/24 17:47:01 Job terminated.
	(1) Normal termination (return value 0)
		Usr 0 00:00:04, Sys 0 00:00:00  -  Run Remote Usage
		Usr 0 00:00:00, Sys 0 00:00:00  -  Run Local Usage
		Usr 0 00:00:04, Sys 0 00:00:00  -  Total Remote Usage
		Usr 0 00:00:00, Sys 0 00:00:00  -  Total Local Usage
	6204  -  Run Bytes Sent By Job
	409597  -  Run Bytes Received By Job
	6204  -  Total Bytes Sent By Job
	409597  -  Total Bytes Received By Job
	Partitionable Resources :    Usage  Request Allocated 
	   Cpus                 :        0        8         8 
	   Disk (KB)            :      428      425   2539349 
	   Memory (MB)          :       10    16000     16000 

	Job terminated of its own accord at 2024-07-24T15:47:01Z with exit-code 0.
...
040 (10252908.693.000) 07/24 18:52:20 Started transferring input files
	Transferring to host: <188.185.207.9:9618?addrs=188.185.207.9-9618+[2001-1458-303-d--100-6]-9618&alias=b9p07p6005.cern.ch&noUDP&sock=slot1_13_4138_5861_143922>
...
040 (10252908.693.000) 07/24 18:52:20 Finished transferring input files
...
001 (10252908.693.000) 07/24 18:52:21 Job executing on host: <188.185.207.9:9618?addrs=188.185.207.9-9618+[2001-1458-303-d--100-6]-9618&alias=b9p07p6005.cern.ch&noUDP&sock=startd_3645_becb>
	SlotName: slot1_13@b9p07p6005.cern.ch
	CondorScratchDir = "/pool/condor/dir_4158373"
	Cpus = 8
	Disk = 2950873
	Memory = 16000
...
006 (10252908.693.000) 07/24 18:52:25 Image size of job updated: 159864
	8  -  MemoryUsage of job (MB)
	7796  -  ResidentSetSize of job (KB)
...
040 (10252908.693.000) 07/24 18:52:25 Started transferring output files
...
040 (10252908.693.000) 07/24 18:52:25 Finished transferring output files
...
005 (10252908.693.000) 07/24 18:52:25 Job terminated.
	(1) Normal termination (return value 0)
		Usr 0 00:00:03, Sys 0 00:00:00  -  Run Remote Usage
		Usr 0 00:00:00, Sys 0 00:00:00  -  Run Local Usage
		Usr 0 00:00:03, Sys 0 00:00:00  -  Total Remote Usage
		Usr 0 00:00:00, Sys 0 00:00:00  -  Total Local Usage
	6204  -  Run Bytes Sent By Job
	409597  -  Run Bytes Received By Job
	6204  -  Total Bytes Sent By Job
	409597  -  Total Bytes Received By Job
	Partitionable Resources :    Usage  Request Allocated 
	   Cpus                 :        0        8         8 
	   Disk (KB)            :      428      425   2950873 
	   Memory (MB)          :        8    16000     16000 

	Job terminated of its own accord at 2024-07-24T16:52:25Z with exit-code 0.
...
040 (10252909.693.000) 07/24 19:52:04 Started transferring input files
	Transferring to host: <188.185.208.44:9618?addrs=188.185.208.44-9618+[2001-1458-303-f--100-29]-9618&alias=b9p09p0976.cern.ch&noUDP&sock=slot1_7_7553_858c_144939>
...
040 (10252909.693.000) 07/24 19:52:04 Finished transferring input files
...
001 (10252909.693.000) 07/24 19:52:05 Job executing on host: <188.185.208.44:9618?addrs=188.185.208.44-9618+[2001-1458-303-f--100-29]-9618&alias=b9p09p0976.cern.ch&noUDP&sock=startd_5976_9e0e>
	SlotName: slot1_7@b9p09p0976.cern.ch
	CondorScratchDir = "/pool/condor/dir_1227920"
	Cpus = 8
	Disk = 2891913
	Memory = 16000
...
006 (10252909.693.000) 07/24 19:52:09 Image size of job updated: 157704
	7  -  MemoryUsage of job (MB)
	6320  -  ResidentSetSize of job (KB)
...
040 (10252909.693.000) 07/24 19:52:09 Started transferring output files
...
040 (10252909.693.000) 07/24 19:52:09 Finished transferring output files
...
005 (10252909.693.000) 07/24 19:52:09 Job terminated.
	(1) Normal termination (return value 0)
		Usr 0 00:00:03, Sys 0 00:00:00  -  Run Remote Usage
		Usr 0 00:00:00, Sys 0 00:00:00  -  Run Local Usage
		Usr 0 00:00:03, Sys 0 00:00:00  -  Total Remote Usage
		Usr 0 00:00:00, Sys 0 00:00:00  -  Total Local Usage
	6204  -  Run Bytes Sent By Job
	409597  -  Run Bytes Received By Job
	6204  -  Total Bytes Sent By Job
	409597  -  Total Bytes Received By Job
	Partitionable Resources :    Usage  Request Allocated 
	   Cpus                 :        0        8         8 
	   Disk (KB)            :      428      425   2891913 
	   Memory (MB)          :        7    16000     16000 

	Job terminated of its own accord at 2024-07-24T17:52:09Z with exit-code 0.
...
040 (10252910.693.000) 07/24 20:44:50 Started transferring input files
	Transferring to host: <188.185.205.49:9618?addrs=188.185.205.49-9618&alias=b9p03p3850.cern.ch&noUDP&sock=slot1_11_6916_b292_155398>
...
040 (10252910.693.000) 07/24 20:44:50 Finished transferring input files
...
001 (10252910.693.000) 07/24 20:44:51 Job executing on host: <188.185.205.49:9618?addrs=188.185.205.49-9618&alias=b9p03p3850.cern.ch&noUDP&sock=startd_6846_5d73>
	SlotName: slot1_11@b9p03p3850.cern.ch
	CondorScratchDir = "/pool/condor/dir_1682452"
	Cpus = 8
	Disk = 2906156
	Memory = 16000
...
006 (10252910.693.000) 07/24 20:44:55 Image size of job updated: 150340
	2  -  MemoryUsage of job (MB)
	1784  -  ResidentSetSize of job (KB)
...
040 (10252910.693.000) 07/24 20:44:55 Started transferring output files
...
040 (10252910.693.000) 07/24 20:44:55 Finished transferring output files
...
005 (10252910.693.000) 07/24 20:44:55 Job terminated.
	(1) Normal termination (return value 0)
		Usr 0 00:00:03, Sys 0 00:00:00  -  Run Remote Usage
		Usr 0 00:00:00, Sys 0 00:00:00  -  Run Local Usage
		Usr 0 00:00:03, Sys 0 00:00:00  -  Total Remote Usage
		Usr 0 00:00:00, Sys 0 00:00:00  -  Total Local Usage
	6201  -  Run Bytes Sent By Job
	409597  -  Run Bytes Received By Job
	6201  -  Total Bytes Sent By Job
	409597  -  Total Bytes Received By Job
	Partitionable Resources :    Usage  Request Allocated 
	   Cpus                 :        0        8         8 
	   Disk (KB)            :      427      425   2906156 
	   Memory (MB)          :        2    16000     16000 

	Job terminated of its own accord at 2024-07-24T18:44:55Z with exit-code 0.
...
040 (10252911.693.000) 07/24 20:57:49 Started transferring input files
	Transferring to host: <188.185.206.203:9618?addrs=188.185.206.203-9618&alias=b9p06p2344.cern.ch&noUDP&sock=slot1_6_6880_5511_156572>
...
040 (10252911.693.000) 07/24 20:57:49 Finished transferring input files
...
001 (10252911.693.000) 07/24 20:57:50 Job executing on host: <188.185.206.203:9618?addrs=188.185.206.203-9618&alias=b9p06p2344.cern.ch&noUDP&sock=startd_6810_ac0b>
	SlotName: slot1_6@b9p06p2344.cern.ch
	CondorScratchDir = "/pool/condor/dir_1424726"
	Cpus = 8
	Disk = 2801010
	Memory = 16000
...
006 (10252911.693.000) 07/24 20:57:55 Image size of job updated: 162044
	9  -  MemoryUsage of job (MB)
	9140  -  ResidentSetSize of job (KB)
...
040 (10252911.693.000) 07/24 20:57:55 Started transferring output files
...
040 (10252911.693.000) 07/24 20:57:55 Finished transferring output files
...
005 (10252911.693.000) 07/24 20:57:55 Job terminated.
	(1) Normal termination (return value 0)
		Usr 0 00:00:04, Sys 0 00:00:00  -  Run Remote Usage
		Usr 0 00:00:00, Sys 0 00:00:00  -  Run Local Usage
		Usr 0 00:00:04, Sys 0 00:00:00  -  Total Remote Usage
		Usr 0 00:00:00, Sys 0 00:00:00  -  Total Local Usage
	6204  -  Run Bytes Sent By Job
	409597  -  Run Bytes Received By Job
	6204  -  Total Bytes Sent By Job
	409597  -  Total Bytes Received By Job
	Partitionable Resources :    Usage  Request Allocated 
	   Cpus                 :        0        8         8 
	   Disk (KB)            :      428      425   2801010 
	   Memory (MB)          :        9    16000     16000 

	Job terminated of its own accord at 2024-07-24T18:57:55Z with exit-code 0.
...
040 (10252912.693.000) 07/24 21:10:44 Started transferring input files
	Transferring to host: <188.185.198.65:9618?addrs=188.185.198.65-9618+[2001-1458-303-25--100-3d]-9618&alias=b9p15p6124.cern.ch&noUDP&sock=slot1_7_2651903_50d8_4065>
...
040 (10252912.693.000) 07/24 21:10:44 Finished transferring input files
...
001 (10252912.693.000) 07/24 21:10:45 Job executing on host: <188.185.198.65:9618?addrs=188.185.198.65-9618+[2001-1458-303-25--100-3d]-9618&alias=b9p15p6124.cern.ch&noUDP&sock=startd_127908_d3d9>
	SlotName: slot1_7@b9p15p6124.cern.ch
	CondorScratchDir = "/pool/condor/dir_3371691"
	Cpus = 8
	Disk = 3025977
	Memory = 16000
...
006 (10252912.693.000) 07/24 21:10:53 Image size of job updated: 1
	0  -  MemoryUsage of job (MB)
	0  -  ResidentSetSize of job (KB)
...
006 (10252912.693.000) 07/24 21:11:16 Image size of job updated: 160456
	8  -  MemoryUsage of job (MB)
	7948  -  ResidentSetSize of job (KB)
...
040 (10252912.693.000) 07/24 21:11:16 Started transferring output files
...
040 (10252912.693.000) 07/24 21:11:16 Finished transferring output files
...
005 (10252912.693.000) 07/24 21:11:16 Job terminated.
	(1) Normal termination (return value 0)
		Usr 0 00:00:05, Sys 0 00:00:00  -  Run Remote Usage
		Usr 0 00:00:00, Sys 0 00:00:00  -  Run Local Usage
		Usr 0 00:00:05, Sys 0 00:00:00  -  Total Remote Usage
		Usr 0 00:00:00, Sys 0 00:00:00  -  Total Local Usage
	6201  -  Run Bytes Sent By Job
	409597  -  Run Bytes Received By Job
	6201  -  Total Bytes Sent By Job
	409597  -  Total Bytes Received By Job
	Partitionable Resources :    Usage  Request Allocated 
	   Cpus                 :        0        8         8 
	   Disk (KB)            :      428      425   3025977 
	   Memory (MB)          :        8    16000     16000 

	Job terminated of its own accord at 2024-07-24T19:11:16Z with exit-code 0.
...
040 (10252913.693.000) 07/24 21:24:35 Started transferring input files
	Transferring to host: <188.185.207.15:9618?addrs=188.185.207.15-9618+[2001-1458-303-d--100-c]-9618&alias=b9p07p1846.cern.ch&noUDP&sock=slot1_39_4594_a374_147933>
...
040 (10252913.693.000) 07/24 21:24:35 Finished transferring input files
...
001 (10252913.693.000) 07/24 21:24:36 Job executing on host: <188.185.207.15:9618?addrs=188.185.207.15-9618+[2001-1458-303-d--100-c]-9618&alias=b9p07p1846.cern.ch&noUDP&sock=startd_3880_ef8d>
	SlotName: slot1_39@b9p07p1846.cern.ch
	CondorScratchDir = "/pool/condor/dir_313441"
	Cpus = 8
	Disk = 2954436
	Memory = 16000
...
006 (10252913.693.000) 07/24 21:24:40 Image size of job updated: 163008
	9  -  MemoryUsage of job (MB)
	9152  -  ResidentSetSize of job (KB)
...
040 (10252913.693.000) 07/24 21:24:40 Started transferring output files
...
040 (10252913.693.000) 07/24 21:24:40 Finished transferring output files
...
005 (10252913.693.000) 07/24 21:24:40 Job terminated.
	(1) Normal termination (return value 0)
		Usr 0 00:00:03, Sys 0 00:00:00  -  Run Remote Usage
		Usr 0 00:00:00, Sys 0 00:00:00  -  Run Local Usage
		Usr 0 00:00:03, Sys 0 00:00:00  -  Total Remote Usage
		Usr 0 00:00:00, Sys 0 00:00:00  -  Total Local Usage
	6204  -  Run Bytes Sent By Job
	409597  -  Run Bytes Received By Job
	6204  -  Total Bytes Sent By Job
	409597  -  Total Bytes Received By Job
	Partitionable Resources :    Usage  Request Allocated 
	   Cpus                 :        0        8         8 
	   Disk (KB)            :      428      425   2954436 
	   Memory (MB)          :        9    16000     16000 

	Job terminated of its own accord at 2024-07-24T19:24:40Z with exit-code 0.
...
000 (10261715.693.000) 07/25 13:01:32 Job submitted from host: <188.185.114.121:9618?addrs=188.185.114.121-9618+[2001-1458-d00-a--100-273]-9618&alias=bigbird19.cern.ch&noUDP&sock=schedd_4961_696e>
...
009 (10261715.693.000) 07/25 13:06:39 Job was aborted.
	via condor_rm (by user yelberke)
...
000 (10261767.693.000) 07/25 13:20:02 Job submitted from host: <188.185.114.121:9618?addrs=188.185.114.121-9618+[2001-1458-d00-a--100-273]-9618&alias=bigbird19.cern.ch&noUDP&sock=schedd_4961_696e>
...
040 (10261767.693.000) 07/25 13:52:04 Started transferring input files
	Transferring to host: <188.185.207.39:9618?addrs=188.185.207.39-9618+[2001-1458-303-d--100-24]-9618&alias=b9p07p0624.cern.ch&noUDP&sock=slot1_2_6950_a754_144382>
...
040 (10261767.693.000) 07/25 13:52:04 Finished transferring input files
...
001 (10261767.693.000) 07/25 13:52:05 Job executing on host: <188.185.207.39:9618?addrs=188.185.207.39-9618+[2001-1458-303-d--100-24]-9618&alias=b9p07p0624.cern.ch&noUDP&sock=startd_5638_c70c>
	SlotName: slot1_2@b9p07p0624.cern.ch
	CondorScratchDir = "/pool/condor/dir_4136148"
	Cpus = 12
	Disk = 2607591
	Memory = 24000
...
006 (10261767.693.000) 07/25 13:52:10 Image size of job updated: 162040
	8  -  MemoryUsage of job (MB)
	7376  -  ResidentSetSize of job (KB)
...
040 (10261767.693.000) 07/25 13:52:10 Started transferring output files
...
040 (10261767.693.000) 07/25 13:52:10 Finished transferring output files
...
005 (10261767.693.000) 07/25 13:52:10 Job terminated.
	(1) Normal termination (return value 0)
		Usr 0 00:00:04, Sys 0 00:00:00  -  Run Remote Usage
		Usr 0 00:00:00, Sys 0 00:00:00  -  Run Local Usage
		Usr 0 00:00:04, Sys 0 00:00:00  -  Total Remote Usage
		Usr 0 00:00:00, Sys 0 00:00:00  -  Total Local Usage
	6204  -  Run Bytes Sent By Job
	409597  -  Run Bytes Received By Job
	6204  -  Total Bytes Sent By Job
	409597  -  Total Bytes Received By Job
	Partitionable Resources :    Usage  Request Allocated 
	   Cpus                 :        0       12        12 
	   Disk (KB)            :      428      425   2607591 
	   Memory (MB)          :        8    24000     24000 

	Job terminated of its own accord at 2024-07-25T11:52:10Z with exit-code 0.
...
000 (10284266.693.000) 08/02 15:45:14 Job submitted from host: <188.185.114.121:9618?addrs=188.185.114.121-9618+[2001-1458-d00-a--100-273]-9618&alias=bigbird19.cern.ch&noUDP&sock=schedd_4961_696e>
...
009 (10284266.693.000) 08/02 15:49:19 Job was aborted.
	via condor_rm (by user yelberke)
...
000 (10284267.693.000) 08/02 15:49:47 Job submitted from host: <188.185.114.121:9618?addrs=188.185.114.121-9618+[2001-1458-d00-a--100-273]-9618&alias=bigbird19.cern.ch&noUDP&sock=schedd_4961_696e>
...
040 (10284267.693.000) 08/02 16:18:39 Started transferring input files
	Transferring to host: <188.185.204.190:9618?addrs=188.185.204.190-9618+[2001-1458-303-8--100-b2]-9618&alias=b9p02p2557.cern.ch&noUDP&sock=slot1_19_14537_61a8_41043>
...
040 (10284267.693.000) 08/02 16:18:39 Finished transferring input files
...
001 (10284267.693.000) 08/02 16:18:40 Job executing on host: <188.185.204.190:9618?addrs=188.185.204.190-9618+[2001-1458-303-8--100-b2]-9618&alias=b9p02p2557.cern.ch&noUDP&sock=startd_13467_d201>
	SlotName: slot1_19@b9p02p2557.cern.ch
	CondorScratchDir = "/pool/condor/dir_721439"
	Cpus = 12
	Disk = 2645041
	Memory = 24000
...
006 (10284267.693.000) 08/02 16:18:43 Image size of job updated: 548440
	221  -  MemoryUsage of job (MB)
	225964  -  ResidentSetSize of job (KB)
...
040 (10284267.693.000) 08/02 16:18:43 Started transferring output files
...
040 (10284267.693.000) 08/02 16:18:43 Finished transferring output files
...
005 (10284267.693.000) 08/02 16:18:43 Job terminated.
	(1) Normal termination (return value 139)
		Usr 0 00:00:01, Sys 0 00:00:01  -  Run Remote Usage
		Usr 0 00:00:00, Sys 0 00:00:00  -  Run Local Usage
		Usr 0 00:00:01, Sys 0 00:00:01  -  Total Remote Usage
		Usr 0 00:00:00, Sys 0 00:00:00  -  Total Local Usage
	7696  -  Run Bytes Sent By Job
	409597  -  Run Bytes Received By Job
	7696  -  Total Bytes Sent By Job
	409597  -  Total Bytes Received By Job
	Partitionable Resources :    Usage  Request Allocated 
	   Cpus                 :        0       12        12 
	   Disk (KB)            :      429      425   2645041 
	   Memory (MB)          :      221    24000     24000 

	Job terminated of its own accord at 2024-08-02T14:18:43Z with exit-code 139.
...
