000 (10252905.6970.000) 07/24 16:13:24 Job submitted from host: <188.185.114.121:9618?addrs=188.185.114.121-9618+[2001-1458-d00-a--100-273]-9618&alias=bigbird19.cern.ch&noUDP&sock=schedd_4961_696e>
...
009 (10252905.6970.000) 07/24 16:14:54 Job was aborted.
	via condor_rm (by user yelberke)
...
000 (10252906.6970.000) 07/24 16:15:42 Job submitted from host: <188.185.114.121:9618?addrs=188.185.114.121-9618+[2001-1458-d00-a--100-273]-9618&alias=bigbird19.cern.ch&noUDP&sock=schedd_4961_696e>
...
000 (10252907.6970.000) 07/24 16:17:36 Job submitted from host: <188.185.114.121:9618?addrs=188.185.114.121-9618+[2001-1458-d00-a--100-273]-9618&alias=bigbird19.cern.ch&noUDP&sock=schedd_4961_696e>
...
000 (10252908.6970.000) 07/24 16:18:09 Job submitted from host: <188.185.114.121:9618?addrs=188.185.114.121-9618+[2001-1458-d00-a--100-273]-9618&alias=bigbird19.cern.ch&noUDP&sock=schedd_4961_696e>
...
000 (10252909.6970.000) 07/24 16:18:46 Job submitted from host: <188.185.114.121:9618?addrs=188.185.114.121-9618+[2001-1458-d00-a--100-273]-9618&alias=bigbird19.cern.ch&noUDP&sock=schedd_4961_696e>
...
040 (10252906.6970.000) 07/24 17:36:08 Started transferring input files
	Transferring to host: <188.185.193.136:9618?addrs=188.185.193.136-9618+[2001-1458-303-20--100-84]-9618&alias=b9p19p2944.cern.ch&noUDP&sock=slot1_9_3350578_0ef3_190>
...
040 (10252906.6970.000) 07/24 17:36:08 Finished transferring input files
...
001 (10252906.6970.000) 07/24 17:36:09 Job executing on host: <188.185.193.136:9618?addrs=188.185.193.136-9618+[2001-1458-303-20--100-84]-9618&alias=b9p19p2944.cern.ch&noUDP&sock=startd_174744_6d8a>
	SlotName: slot1_9@b9p19p2944.cern.ch
	CondorScratchDir = "/pool/condor/dir_3490920"
	Cpus = 8
	Disk = 2976844
	Memory = 16000
...
006 (10252906.6970.000) 07/24 17:36:18 Image size of job updated: 148184
	145  -  MemoryUsage of job (MB)
	148184  -  ResidentSetSize of job (KB)
...
006 (10252906.6970.000) 07/24 17:36:19 Image size of job updated: 160636
	145  -  MemoryUsage of job (MB)
	148184  -  ResidentSetSize of job (KB)
...
040 (10252906.6970.000) 07/24 17:36:19 Started transferring output files
...
040 (10252906.6970.000) 07/24 17:36:19 Finished transferring output files
...
005 (10252906.6970.000) 07/24 17:36:19 Job terminated.
	(1) Normal termination (return value 0)
		Usr 0 00:00:08, Sys 0 00:00:00  -  Run Remote Usage
		Usr 0 00:00:00, Sys 0 00:00:00  -  Run Local Usage
		Usr 0 00:00:08, Sys 0 00:00:00  -  Total Remote Usage
		Usr 0 00:00:00, Sys 0 00:00:00  -  Total Local Usage
	6201  -  Run Bytes Sent By Job
	409597  -  Run Bytes Received By Job
	6201  -  Total Bytes Sent By Job
	409597  -  Total Bytes Received By Job
	Partitionable Resources :    Usage  Request Allocated 
	   Cpus                 :        0        8         8 
	   Disk (KB)            :      428      425   2976844 
	   Memory (MB)          :      145    16000     16000 

	Job terminated of its own accord at 2024-07-24T15:36:19Z with exit-code 0.
...
040 (10252907.6970.000) 07/24 18:35:26 Started transferring input files
	Transferring to host: <188.185.205.138:9618?addrs=188.185.205.138-9618+[2001-1458-303-a--100-7]-9618&alias=b9p04p5793.cern.ch&noUDP&sock=slot1_25_5046_1d06_81370>
...
040 (10252907.6970.000) 07/24 18:35:26 Finished transferring input files
...
001 (10252907.6970.000) 07/24 18:35:27 Job executing on host: <188.185.205.138:9618?addrs=188.185.205.138-9618+[2001-1458-303-a--100-7]-9618&alias=b9p04p5793.cern.ch&noUDP&sock=startd_4238_7e75>
	SlotName: slot1_25@b9p04p5793.cern.ch
	CondorScratchDir = "/pool/condor/dir_1757410"
	Cpus = 8
	Disk = 2694449
	Memory = 16000
...
006 (10252907.6970.000) 07/24 18:35:32 Image size of job updated: 159568
	8  -  MemoryUsage of job (MB)
	7328  -  ResidentSetSize of job (KB)
...
040 (10252907.6970.000) 07/24 18:35:32 Started transferring output files
...
040 (10252907.6970.000) 07/24 18:35:32 Finished transferring output files
...
005 (10252907.6970.000) 07/24 18:35:32 Job terminated.
	(1) Normal termination (return value 0)
		Usr 0 00:00:03, Sys 0 00:00:00  -  Run Remote Usage
		Usr 0 00:00:00, Sys 0 00:00:00  -  Run Local Usage
		Usr 0 00:00:03, Sys 0 00:00:00  -  Total Remote Usage
		Usr 0 00:00:00, Sys 0 00:00:00  -  Total Local Usage
	6204  -  Run Bytes Sent By Job
	409597  -  Run Bytes Received By Job
	6204  -  Total Bytes Sent By Job
	409597  -  Total Bytes Received By Job
	Partitionable Resources :    Usage  Request Allocated 
	   Cpus                 :        0        8         8 
	   Disk (KB)            :      428      425   2694449 
	   Memory (MB)          :        8    16000     16000 

	Job terminated of its own accord at 2024-07-24T16:35:32Z with exit-code 0.
...
040 (10252908.6970.000) 07/24 19:41:24 Started transferring input files
	Transferring to host: <188.185.205.39:9618?addrs=188.185.205.39-9618+[2001-1458-303-9--100-9b]-9618&alias=b9p03p7515.cern.ch&noUDP&sock=slot1_2_6969_0a74_155220>
...
040 (10252908.6970.000) 07/24 19:41:24 Finished transferring input files
...
001 (10252908.6970.000) 07/24 19:41:25 Job executing on host: <188.185.205.39:9618?addrs=188.185.205.39-9618+[2001-1458-303-9--100-9b]-9618&alias=b9p03p7515.cern.ch&noUDP&sock=startd_6864_b628>
	SlotName: slot1_2@b9p03p7515.cern.ch
	CondorScratchDir = "/pool/condor/dir_3243353"
	Cpus = 8
	Disk = 2712918
	Memory = 16000
...
006 (10252908.6970.000) 07/24 19:41:31 Image size of job updated: 160500
	8  -  MemoryUsage of job (MB)
	7764  -  ResidentSetSize of job (KB)
...
040 (10252908.6970.000) 07/24 19:41:31 Started transferring output files
...
040 (10252908.6970.000) 07/24 19:41:31 Finished transferring output files
...
005 (10252908.6970.000) 07/24 19:41:31 Job terminated.
	(1) Normal termination (return value 0)
		Usr 0 00:00:04, Sys 0 00:00:00  -  Run Remote Usage
		Usr 0 00:00:00, Sys 0 00:00:00  -  Run Local Usage
		Usr 0 00:00:04, Sys 0 00:00:00  -  Total Remote Usage
		Usr 0 00:00:00, Sys 0 00:00:00  -  Total Local Usage
	6204  -  Run Bytes Sent By Job
	409597  -  Run Bytes Received By Job
	6204  -  Total Bytes Sent By Job
	409597  -  Total Bytes Received By Job
	Partitionable Resources :    Usage  Request Allocated 
	   Cpus                 :        0        8         8 
	   Disk (KB)            :      427      425   2712918 
	   Memory (MB)          :        8    16000     16000 

	Job terminated of its own accord at 2024-07-24T17:41:31Z with exit-code 0.
...
040 (10252909.6970.000) 07/24 20:35:34 Started transferring input files
	Transferring to host: <188.185.208.165:9618?addrs=188.185.208.165-9618+[2001-1458-303-10--100-22]-9618&alias=b9p10p4119.cern.ch&noUDP&sock=slot1_4_5895_4f89_145267>
...
040 (10252909.6970.000) 07/24 20:35:34 Finished transferring input files
...
001 (10252909.6970.000) 07/24 20:35:35 Job executing on host: <188.185.208.165:9618?addrs=188.185.208.165-9618+[2001-1458-303-10--100-22]-9618&alias=b9p10p4119.cern.ch&noUDP&sock=startd_4860_225d>
	SlotName: slot1_4@b9p10p4119.cern.ch
	CondorScratchDir = "/pool/condor/dir_3510186"
	Cpus = 8
	Disk = 2739949
	Memory = 16000
...
006 (10252909.6970.000) 07/24 20:35:39 Image size of job updated: 159540
	7  -  MemoryUsage of job (MB)
	7024  -  ResidentSetSize of job (KB)
...
040 (10252909.6970.000) 07/24 20:35:39 Started transferring output files
...
040 (10252909.6970.000) 07/24 20:35:39 Finished transferring output files
...
005 (10252909.6970.000) 07/24 20:35:39 Job terminated.
	(1) Normal termination (return value 0)
		Usr 0 00:00:03, Sys 0 00:00:00  -  Run Remote Usage
		Usr 0 00:00:00, Sys 0 00:00:00  -  Run Local Usage
		Usr 0 00:00:03, Sys 0 00:00:00  -  Total Remote Usage
		Usr 0 00:00:00, Sys 0 00:00:00  -  Total Local Usage
	6201  -  Run Bytes Sent By Job
	409597  -  Run Bytes Received By Job
	6201  -  Total Bytes Sent By Job
	409597  -  Total Bytes Received By Job
	Partitionable Resources :    Usage  Request Allocated 
	   Cpus                 :        0        8         8 
	   Disk (KB)            :      428      425   2739949 
	   Memory (MB)          :        7    16000     16000 

	Job terminated of its own accord at 2024-07-24T18:35:39Z with exit-code 0.
...
000 (10261715.6970.000) 07/25 13:03:55 Job submitted from host: <188.185.114.121:9618?addrs=188.185.114.121-9618+[2001-1458-d00-a--100-273]-9618&alias=bigbird19.cern.ch&noUDP&sock=schedd_4961_696e>
...
009 (10261715.6970.000) 07/25 13:07:19 Job was aborted.
	via condor_rm (by user yelberke)
...
000 (10261767.6970.000) 07/25 13:20:57 Job submitted from host: <188.185.114.121:9618?addrs=188.185.114.121-9618+[2001-1458-d00-a--100-273]-9618&alias=bigbird19.cern.ch&noUDP&sock=schedd_4961_696e>
...
040 (10261767.6970.000) 07/25 15:08:08 Started transferring input files
	Transferring to host: <188.185.208.82:9618?addrs=188.185.208.82-9618+[2001-1458-303-f--100-4f]-9618&alias=b9p09p8175.cern.ch&noUDP&sock=slot1_9_6097_a351_144760>
...
040 (10261767.6970.000) 07/25 15:08:08 Finished transferring input files
...
001 (10261767.6970.000) 07/25 15:08:09 Job executing on host: <188.185.208.82:9618?addrs=188.185.208.82-9618+[2001-1458-303-f--100-4f]-9618&alias=b9p09p8175.cern.ch&noUDP&sock=startd_5028_5e46>
	SlotName: slot1_9@b9p09p8175.cern.ch
	CondorScratchDir = "/pool/condor/dir_2630340"
	Cpus = 12
	Disk = 2798502
	Memory = 24000
...
006 (10261767.6970.000) 07/25 15:08:16 Image size of job updated: 160820
	7  -  MemoryUsage of job (MB)
	6764  -  ResidentSetSize of job (KB)
...
040 (10261767.6970.000) 07/25 15:08:16 Started transferring output files
...
040 (10261767.6970.000) 07/25 15:08:16 Finished transferring output files
...
005 (10261767.6970.000) 07/25 15:08:16 Job terminated.
	(1) Normal termination (return value 0)
		Usr 0 00:00:03, Sys 0 00:00:00  -  Run Remote Usage
		Usr 0 00:00:00, Sys 0 00:00:00  -  Run Local Usage
		Usr 0 00:00:03, Sys 0 00:00:00  -  Total Remote Usage
		Usr 0 00:00:00, Sys 0 00:00:00  -  Total Local Usage
	6676  -  Run Bytes Sent By Job
	409597  -  Run Bytes Received By Job
	6676  -  Total Bytes Sent By Job
	409597  -  Total Bytes Received By Job
	Partitionable Resources :    Usage  Request Allocated 
	   Cpus                 :        0       12        12 
	   Disk (KB)            :      429      425   2798502 
	   Memory (MB)          :        7    24000     24000 

	Job terminated of its own accord at 2024-07-25T13:08:16Z with exit-code 0.
...
000 (10284266.6970.000) 08/02 15:47:47 Job submitted from host: <188.185.114.121:9618?addrs=188.185.114.121-9618+[2001-1458-d00-a--100-273]-9618&alias=bigbird19.cern.ch&noUDP&sock=schedd_4961_696e>
...
000 (10284267.6970.000) 08/02 15:50:18 Job submitted from host: <188.185.114.121:9618?addrs=188.185.114.121-9618+[2001-1458-d00-a--100-273]-9618&alias=bigbird19.cern.ch&noUDP&sock=schedd_4961_696e>
...
009 (10284266.6970.000) 08/02 15:50:45 Job was aborted.
	via condor_rm (by user yelberke)
...
040 (10284267.6970.000) 08/02 17:20:42 Started transferring input files
	Transferring to host: <188.185.205.68:9618?addrs=188.185.205.68-9618&alias=b9p03p9166.cern.ch&noUDP&sock=slot1_11_6890_60d1_166766>
...
040 (10284267.6970.000) 08/02 17:20:42 Finished transferring input files
...
001 (10284267.6970.000) 08/02 17:20:43 Job executing on host: <188.185.205.68:9618?addrs=188.185.205.68-9618&alias=b9p03p9166.cern.ch&noUDP&sock=startd_6816_c99c>
	SlotName: slot1_11@b9p03p9166.cern.ch
	CondorScratchDir = "/pool/condor/dir_375753"
	Cpus = 12
	Disk = 2776613
	Memory = 24000
...
006 (10284267.6970.000) 08/02 17:20:45 Image size of job updated: 327016
	4  -  MemoryUsage of job (MB)
	3140  -  ResidentSetSize of job (KB)
...
040 (10284267.6970.000) 08/02 17:20:45 Started transferring output files
...
040 (10284267.6970.000) 08/02 17:20:45 Finished transferring output files
...
005 (10284267.6970.000) 08/02 17:20:45 Job terminated.
	(1) Normal termination (return value 139)
		Usr 0 00:00:01, Sys 0 00:00:01  -  Run Remote Usage
		Usr 0 00:00:00, Sys 0 00:00:00  -  Run Local Usage
		Usr 0 00:00:01, Sys 0 00:00:01  -  Total Remote Usage
		Usr 0 00:00:00, Sys 0 00:00:00  -  Total Local Usage
	7696  -  Run Bytes Sent By Job
	409597  -  Run Bytes Received By Job
	7696  -  Total Bytes Sent By Job
	409597  -  Total Bytes Received By Job
	Partitionable Resources :    Usage  Request Allocated 
	   Cpus                 :        0       12        12 
	   Disk (KB)            :      428      425   2776613 
	   Memory (MB)          :        4    24000     24000 

	Job terminated of its own accord at 2024-08-02T15:20:45Z with exit-code 139.
...
