000 (10252905.7004.000) 07/24 16:13:24 Job submitted from host: <188.185.114.121:9618?addrs=188.185.114.121-9618+[2001-1458-d00-a--100-273]-9618&alias=bigbird19.cern.ch&noUDP&sock=schedd_4961_696e>
...
009 (10252905.7004.000) 07/24 16:14:54 Job was aborted.
	via condor_rm (by user yelberke)
...
000 (10252906.7004.000) 07/24 16:15:42 Job submitted from host: <188.185.114.121:9618?addrs=188.185.114.121-9618+[2001-1458-d00-a--100-273]-9618&alias=bigbird19.cern.ch&noUDP&sock=schedd_4961_696e>
...
000 (10252907.7004.000) 07/24 16:17:37 Job submitted from host: <188.185.114.121:9618?addrs=188.185.114.121-9618+[2001-1458-d00-a--100-273]-9618&alias=bigbird19.cern.ch&noUDP&sock=schedd_4961_696e>
...
000 (10252908.7004.000) 07/24 16:18:10 Job submitted from host: <188.185.114.121:9618?addrs=188.185.114.121-9618+[2001-1458-d00-a--100-273]-9618&alias=bigbird19.cern.ch&noUDP&sock=schedd_4961_696e>
...
000 (10252909.7004.000) 07/24 16:18:46 Job submitted from host: <188.185.114.121:9618?addrs=188.185.114.121-9618+[2001-1458-d00-a--100-273]-9618&alias=bigbird19.cern.ch&noUDP&sock=schedd_4961_696e>
...
040 (10252906.7004.000) 07/24 17:36:24 Started transferring input files
	Transferring to host: <188.185.206.207:9618?addrs=188.185.206.207-9618+[2001-1458-303-c--100-4c]-9618&alias=b9p06p6342.cern.ch&noUDP&sock=slot1_15_3649_cced_83172>
...
040 (10252906.7004.000) 07/24 17:36:24 Finished transferring input files
...
001 (10252906.7004.000) 07/24 17:36:25 Job executing on host: <188.185.206.207:9618?addrs=188.185.206.207-9618+[2001-1458-303-c--100-4c]-9618&alias=b9p06p6342.cern.ch&noUDP&sock=startd_3322_31b4>
	SlotName: slot1_15@b9p06p6342.cern.ch
	CondorScratchDir = "/pool/condor/dir_2662070"
	Cpus = 8
	Disk = 2904691
	Memory = 16000
...
006 (10252906.7004.000) 07/24 17:36:30 Image size of job updated: 158168
	8  -  MemoryUsage of job (MB)
	7444  -  ResidentSetSize of job (KB)
...
040 (10252906.7004.000) 07/24 17:36:30 Started transferring output files
...
040 (10252906.7004.000) 07/24 17:36:30 Finished transferring output files
...
005 (10252906.7004.000) 07/24 17:36:30 Job terminated.
	(1) Normal termination (return value 0)
		Usr 0 00:00:04, Sys 0 00:00:00  -  Run Remote Usage
		Usr 0 00:00:00, Sys 0 00:00:00  -  Run Local Usage
		Usr 0 00:00:04, Sys 0 00:00:00  -  Total Remote Usage
		Usr 0 00:00:00, Sys 0 00:00:00  -  Total Local Usage
	6201  -  Run Bytes Sent By Job
	409597  -  Run Bytes Received By Job
	6201  -  Total Bytes Sent By Job
	409597  -  Total Bytes Received By Job
	Partitionable Resources :    Usage  Request Allocated 
	   Cpus                 :        0        8         8 
	   Disk (KB)            :      428      425   2904691 
	   Memory (MB)          :        8    16000     16000 

	Job terminated of its own accord at 2024-07-24T15:36:30Z with exit-code 0.
...
040 (10252907.7004.000) 07/24 18:35:39 Started transferring input files
	Transferring to host: <188.185.206.143:9618?addrs=188.185.206.143-9618+[2001-1458-303-c--100-c]-9618&alias=b9p06p8627.cern.ch&noUDP&sock=slot1_8_2260572_398e_46536>
...
040 (10252907.7004.000) 07/24 18:35:39 Finished transferring input files
...
001 (10252907.7004.000) 07/24 18:35:40 Job executing on host: <188.185.206.143:9618?addrs=188.185.206.143-9618+[2001-1458-303-c--100-c]-9618&alias=b9p06p8627.cern.ch&noUDP&sock=startd_6828_04bf>
	SlotName: slot1_8@b9p06p8627.cern.ch
	CondorScratchDir = "/pool/condor/dir_2096601"
	Cpus = 8
	Disk = 2689746
	Memory = 16000
...
006 (10252907.7004.000) 07/24 18:35:44 Image size of job updated: 168796
	12  -  MemoryUsage of job (MB)
	11476  -  ResidentSetSize of job (KB)
...
040 (10252907.7004.000) 07/24 18:35:44 Started transferring output files
...
040 (10252907.7004.000) 07/24 18:35:44 Finished transferring output files
...
005 (10252907.7004.000) 07/24 18:35:44 Job terminated.
	(1) Normal termination (return value 0)
		Usr 0 00:00:03, Sys 0 00:00:00  -  Run Remote Usage
		Usr 0 00:00:00, Sys 0 00:00:00  -  Run Local Usage
		Usr 0 00:00:03, Sys 0 00:00:00  -  Total Remote Usage
		Usr 0 00:00:00, Sys 0 00:00:00  -  Total Local Usage
	6204  -  Run Bytes Sent By Job
	409597  -  Run Bytes Received By Job
	6204  -  Total Bytes Sent By Job
	409597  -  Total Bytes Received By Job
	Partitionable Resources :    Usage  Request Allocated 
	   Cpus                 :        0        8         8 
	   Disk (KB)            :      427      425   2689746 
	   Memory (MB)          :       12    16000     16000 

	Job terminated of its own accord at 2024-07-24T16:35:44Z with exit-code 0.
...
040 (10252908.7004.000) 07/24 19:41:35 Started transferring input files
	Transferring to host: <188.185.205.32:9618?addrs=188.185.205.32-9618&alias=b9p03p5159.cern.ch&noUDP&sock=slot1_8_6906_a6d2_153438>
...
001 (10252908.7004.000) 07/24 19:41:36 Job executing on host: <188.185.205.32:9618?addrs=188.185.205.32-9618&alias=b9p03p5159.cern.ch&noUDP&sock=startd_6839_904a>
	SlotName: slot1_8@b9p03p5159.cern.ch
	CondorScratchDir = "/pool/condor/dir_3190126"
	Cpus = 8
	Disk = 2783880
	Memory = 16000
...
040 (10252908.7004.000) 07/24 19:41:36 Finished transferring input files
...
006 (10252908.7004.000) 07/24 19:41:42 Image size of job updated: 160032
	8  -  MemoryUsage of job (MB)
	7520  -  ResidentSetSize of job (KB)
...
040 (10252908.7004.000) 07/24 19:41:42 Started transferring output files
...
040 (10252908.7004.000) 07/24 19:41:42 Finished transferring output files
...
005 (10252908.7004.000) 07/24 19:41:42 Job terminated.
	(1) Normal termination (return value 0)
		Usr 0 00:00:04, Sys 0 00:00:00  -  Run Remote Usage
		Usr 0 00:00:00, Sys 0 00:00:00  -  Run Local Usage
		Usr 0 00:00:04, Sys 0 00:00:00  -  Total Remote Usage
		Usr 0 00:00:00, Sys 0 00:00:00  -  Total Local Usage
	6204  -  Run Bytes Sent By Job
	409597  -  Run Bytes Received By Job
	6204  -  Total Bytes Sent By Job
	409597  -  Total Bytes Received By Job
	Partitionable Resources :    Usage  Request Allocated 
	   Cpus                 :        0        8         8 
	   Disk (KB)            :      426      425   2783880 
	   Memory (MB)          :        8    16000     16000 

	Job terminated of its own accord at 2024-07-24T17:41:42Z with exit-code 0.
...
040 (10252909.7004.000) 07/24 20:35:45 Started transferring input files
	Transferring to host: <188.185.208.212:9618?addrs=188.185.208.212-9618+[2001-1458-303-10--100-51]-9618&alias=b9p10p9536.cern.ch&noUDP&sock=slot1_4_15197_6943_24681>
...
040 (10252909.7004.000) 07/24 20:35:45 Finished transferring input files
...
001 (10252909.7004.000) 07/24 20:35:46 Job executing on host: <188.185.208.212:9618?addrs=188.185.208.212-9618+[2001-1458-303-10--100-51]-9618&alias=b9p10p9536.cern.ch&noUDP&sock=startd_14210_74df>
	SlotName: slot1_4@b9p10p9536.cern.ch
	CondorScratchDir = "/pool/condor/dir_229686"
	Cpus = 8
	Disk = 2816903
	Memory = 16000
...
006 (10252909.7004.000) 07/24 20:35:50 Image size of job updated: 157636
	7  -  MemoryUsage of job (MB)
	7012  -  ResidentSetSize of job (KB)
...
040 (10252909.7004.000) 07/24 20:35:50 Started transferring output files
...
040 (10252909.7004.000) 07/24 20:35:50 Finished transferring output files
...
005 (10252909.7004.000) 07/24 20:35:50 Job terminated.
	(1) Normal termination (return value 0)
		Usr 0 00:00:03, Sys 0 00:00:00  -  Run Remote Usage
		Usr 0 00:00:00, Sys 0 00:00:00  -  Run Local Usage
		Usr 0 00:00:03, Sys 0 00:00:00  -  Total Remote Usage
		Usr 0 00:00:00, Sys 0 00:00:00  -  Total Local Usage
	6201  -  Run Bytes Sent By Job
	409597  -  Run Bytes Received By Job
	6201  -  Total Bytes Sent By Job
	409597  -  Total Bytes Received By Job
	Partitionable Resources :    Usage  Request Allocated 
	   Cpus                 :        0        8         8 
	   Disk (KB)            :      428      425   2816903 
	   Memory (MB)          :        7    16000     16000 

	Job terminated of its own accord at 2024-07-24T18:35:50Z with exit-code 0.
...
000 (10261715.7004.000) 07/25 13:03:55 Job submitted from host: <188.185.114.121:9618?addrs=188.185.114.121-9618+[2001-1458-d00-a--100-273]-9618&alias=bigbird19.cern.ch&noUDP&sock=schedd_4961_696e>
...
009 (10261715.7004.000) 07/25 13:07:19 Job was aborted.
	via condor_rm (by user yelberke)
...
000 (10261767.7004.000) 07/25 13:20:57 Job submitted from host: <188.185.114.121:9618?addrs=188.185.114.121-9618+[2001-1458-d00-a--100-273]-9618&alias=bigbird19.cern.ch&noUDP&sock=schedd_4961_696e>
...
040 (10261767.7004.000) 07/25 15:06:43 Started transferring input files
	Transferring to host: <188.185.196.90:9618?addrs=188.185.196.90-9618+[2001-1458-303-23--100-56]-9618&alias=b9p16p8401.cern.ch&noUDP&sock=slot1_9_3768298_964e_4720>
...
040 (10261767.7004.000) 07/25 15:06:43 Finished transferring input files
...
001 (10261767.7004.000) 07/25 15:06:44 Job executing on host: <188.185.196.90:9618?addrs=188.185.196.90-9618+[2001-1458-303-23--100-56]-9618&alias=b9p16p8401.cern.ch&noUDP&sock=startd_177825_bcd5>
	SlotName: slot1_9@b9p16p8401.cern.ch
	CondorScratchDir = "/pool/condor/dir_920903"
	Cpus = 12
	Disk = 2991953
	Memory = 24000
...
006 (10261767.7004.000) 07/25 15:06:52 Image size of job updated: 160764
	157  -  MemoryUsage of job (MB)
	160116  -  ResidentSetSize of job (KB)
...
040 (10261767.7004.000) 07/25 15:06:52 Started transferring output files
...
040 (10261767.7004.000) 07/25 15:06:52 Finished transferring output files
...
005 (10261767.7004.000) 07/25 15:06:52 Job terminated.
	(1) Normal termination (return value 0)
		Usr 0 00:00:06, Sys 0 00:00:00  -  Run Remote Usage
		Usr 0 00:00:00, Sys 0 00:00:00  -  Run Local Usage
		Usr 0 00:00:06, Sys 0 00:00:00  -  Total Remote Usage
		Usr 0 00:00:00, Sys 0 00:00:00  -  Total Local Usage
	6676  -  Run Bytes Sent By Job
	409597  -  Run Bytes Received By Job
	6676  -  Total Bytes Sent By Job
	409597  -  Total Bytes Received By Job
	Partitionable Resources :    Usage  Request Allocated 
	   Cpus                 :        0       12        12 
	   Disk (KB)            :      428      425   2991953 
	   Memory (MB)          :      157    24000     24000 

	Job terminated of its own accord at 2024-07-25T13:06:52Z with exit-code 0.
...
000 (10284266.7004.000) 08/02 15:47:47 Job submitted from host: <188.185.114.121:9618?addrs=188.185.114.121-9618+[2001-1458-d00-a--100-273]-9618&alias=bigbird19.cern.ch&noUDP&sock=schedd_4961_696e>
...
000 (10284267.7004.000) 08/02 15:50:18 Job submitted from host: <188.185.114.121:9618?addrs=188.185.114.121-9618+[2001-1458-d00-a--100-273]-9618&alias=bigbird19.cern.ch&noUDP&sock=schedd_4961_696e>
...
009 (10284266.7004.000) 08/02 15:50:45 Job was aborted.
	via condor_rm (by user yelberke)
...
040 (10284267.7004.000) 08/02 17:20:53 Started transferring input files
	Transferring to host: <188.185.208.222:9618?addrs=188.185.208.222-9618+[2001-1458-303-10--100-5b]-9618&alias=b9p10p1546.cern.ch&noUDP&sock=slot1_7_54917_be92_34485>
...
040 (10284267.7004.000) 08/02 17:20:53 Finished transferring input files
...
001 (10284267.7004.000) 08/02 17:20:54 Job executing on host: <188.185.208.222:9618?addrs=188.185.208.222-9618+[2001-1458-303-10--100-5b]-9618&alias=b9p10p1546.cern.ch&noUDP&sock=startd_54861_a94d>
	SlotName: slot1_7@b9p10p1546.cern.ch
	CondorScratchDir = "/pool/condor/dir_59865"
	Cpus = 12
	Disk = 2811744
	Memory = 24000
...
006 (10284267.7004.000) 08/02 17:20:56 Image size of job updated: 324892
	4  -  MemoryUsage of job (MB)
	3716  -  ResidentSetSize of job (KB)
...
040 (10284267.7004.000) 08/02 17:20:56 Started transferring output files
...
040 (10284267.7004.000) 08/02 17:20:56 Finished transferring output files
...
005 (10284267.7004.000) 08/02 17:20:56 Job terminated.
	(1) Normal termination (return value 139)
		Usr 0 00:00:01, Sys 0 00:00:00  -  Run Remote Usage
		Usr 0 00:00:00, Sys 0 00:00:00  -  Run Local Usage
		Usr 0 00:00:01, Sys 0 00:00:00  -  Total Remote Usage
		Usr 0 00:00:00, Sys 0 00:00:00  -  Total Local Usage
	7696  -  Run Bytes Sent By Job
	409597  -  Run Bytes Received By Job
	7696  -  Total Bytes Sent By Job
	409597  -  Total Bytes Received By Job
	Partitionable Resources :    Usage  Request Allocated 
	   Cpus                 :        0       12        12 
	   Disk (KB)            :      429      425   2811744 
	   Memory (MB)          :        4    24000     24000 

	Job terminated of its own accord at 2024-08-02T15:20:56Z with exit-code 139.
...
