000 (10252905.7051.000) 07/24 16:13:25 Job submitted from host: <188.185.114.121:9618?addrs=188.185.114.121-9618+[2001-1458-d00-a--100-273]-9618&alias=bigbird19.cern.ch&noUDP&sock=schedd_4961_696e>
...
009 (10252905.7051.000) 07/24 16:14:54 Job was aborted.
	via condor_rm (by user yelberke)
...
000 (10252906.7051.000) 07/24 16:15:42 Job submitted from host: <188.185.114.121:9618?addrs=188.185.114.121-9618+[2001-1458-d00-a--100-273]-9618&alias=bigbird19.cern.ch&noUDP&sock=schedd_4961_696e>
...
000 (10252907.7051.000) 07/24 16:17:37 Job submitted from host: <188.185.114.121:9618?addrs=188.185.114.121-9618+[2001-1458-d00-a--100-273]-9618&alias=bigbird19.cern.ch&noUDP&sock=schedd_4961_696e>
...
000 (10252908.7051.000) 07/24 16:18:10 Job submitted from host: <188.185.114.121:9618?addrs=188.185.114.121-9618+[2001-1458-d00-a--100-273]-9618&alias=bigbird19.cern.ch&noUDP&sock=schedd_4961_696e>
...
000 (10252909.7051.000) 07/24 16:18:46 Job submitted from host: <188.185.114.121:9618?addrs=188.185.114.121-9618+[2001-1458-d00-a--100-273]-9618&alias=bigbird19.cern.ch&noUDP&sock=schedd_4961_696e>
...
040 (10252906.7051.000) 07/24 17:36:40 Started transferring input files
	Transferring to host: <188.185.192.145:9618?addrs=188.185.192.145-9618+[2001-1458-303-1f--100-8d]-9618&alias=b9p13p7425.cern.ch&noUDP&sock=slot1_5_4137123_2a44_5843>
...
040 (10252906.7051.000) 07/24 17:36:40 Finished transferring input files
...
001 (10252906.7051.000) 07/24 17:36:41 Job executing on host: <188.185.192.145:9618?addrs=188.185.192.145-9618+[2001-1458-303-1f--100-8d]-9618&alias=b9p13p7425.cern.ch&noUDP&sock=startd_119945_df33>
	SlotName: slot1_5@b9p13p7425.cern.ch
	CondorScratchDir = "/pool/condor/dir_1037578"
	Cpus = 8
	Disk = 2812964
	Memory = 16000
...
006 (10252906.7051.000) 07/24 17:36:49 Image size of job updated: 1
	0  -  MemoryUsage of job (MB)
	0  -  ResidentSetSize of job (KB)
...
006 (10252906.7051.000) 07/24 17:37:15 Image size of job updated: 164592
	10  -  MemoryUsage of job (MB)
	10240  -  ResidentSetSize of job (KB)
...
040 (10252906.7051.000) 07/24 17:37:18 Started transferring output files
...
040 (10252906.7051.000) 07/24 17:37:20 Finished transferring output files
...
005 (10252906.7051.000) 07/24 17:37:25 Job terminated.
	(1) Normal termination (return value 0)
		Usr 0 00:00:07, Sys 0 00:00:00  -  Run Remote Usage
		Usr 0 00:00:00, Sys 0 00:00:00  -  Run Local Usage
		Usr 0 00:00:07, Sys 0 00:00:00  -  Total Remote Usage
		Usr 0 00:00:00, Sys 0 00:00:00  -  Total Local Usage
	6201  -  Run Bytes Sent By Job
	409597  -  Run Bytes Received By Job
	6201  -  Total Bytes Sent By Job
	409597  -  Total Bytes Received By Job
	Partitionable Resources :    Usage  Request Allocated 
	   Cpus                 :        0        8         8 
	   Disk (KB)            :      428      425   2812964 
	   Memory (MB)          :       10    16000     16000 

	Job terminated of its own accord at 2024-07-24T15:37:15Z with exit-code 0.
...
040 (10252907.7051.000) 07/24 18:36:28 Started transferring input files
	Transferring to host: <188.185.205.156:9618?addrs=188.185.205.156-9618+[2001-1458-303-a--100-19]-9618&alias=b9p04p7474.cern.ch&noUDP&sock=slot1_3_6865_c370_82930>
...
040 (10252907.7051.000) 07/24 18:36:28 Finished transferring input files
...
001 (10252907.7051.000) 07/24 18:36:29 Job executing on host: <188.185.205.156:9618?addrs=188.185.205.156-9618+[2001-1458-303-a--100-19]-9618&alias=b9p04p7474.cern.ch&noUDP&sock=startd_5583_0d56>
	SlotName: slot1_3@b9p04p7474.cern.ch
	CondorScratchDir = "/pool/condor/dir_1859858"
	Cpus = 8
	Disk = 2704076
	Memory = 16000
...
006 (10252907.7051.000) 07/24 18:36:34 Image size of job updated: 168428
	13  -  MemoryUsage of job (MB)
	12384  -  ResidentSetSize of job (KB)
...
040 (10252907.7051.000) 07/24 18:36:34 Started transferring output files
...
040 (10252907.7051.000) 07/24 18:36:34 Finished transferring output files
...
005 (10252907.7051.000) 07/24 18:36:34 Job terminated.
	(1) Normal termination (return value 0)
		Usr 0 00:00:04, Sys 0 00:00:00  -  Run Remote Usage
		Usr 0 00:00:00, Sys 0 00:00:00  -  Run Local Usage
		Usr 0 00:00:04, Sys 0 00:00:00  -  Total Remote Usage
		Usr 0 00:00:00, Sys 0 00:00:00  -  Total Local Usage
	6204  -  Run Bytes Sent By Job
	409597  -  Run Bytes Received By Job
	6204  -  Total Bytes Sent By Job
	409597  -  Total Bytes Received By Job
	Partitionable Resources :    Usage  Request Allocated 
	   Cpus                 :        0        8         8 
	   Disk (KB)            :      428      425   2704076 
	   Memory (MB)          :       13    16000     16000 

	Job terminated of its own accord at 2024-07-24T16:36:34Z with exit-code 0.
...
040 (10252908.7051.000) 07/24 19:41:52 Started transferring input files
	Transferring to host: <188.185.208.139:9618?addrs=188.185.208.139-9618+[2001-1458-303-10--100-8]-9618&alias=b9p10p2979.cern.ch&noUDP&sock=slot1_3_9205_814f_148092>
...
040 (10252908.7051.000) 07/24 19:41:52 Finished transferring input files
...
001 (10252908.7051.000) 07/24 19:41:53 Job executing on host: <188.185.208.139:9618?addrs=188.185.208.139-9618+[2001-1458-303-10--100-8]-9618&alias=b9p10p2979.cern.ch&noUDP&sock=startd_7858_834b>
	SlotName: slot1_3@b9p10p2979.cern.ch
	CondorScratchDir = "/pool/condor/dir_365515"
	Cpus = 8
	Disk = 2768851
	Memory = 16000
...
006 (10252908.7051.000) 07/24 19:41:58 Image size of job updated: 445160
	288  -  MemoryUsage of job (MB)
	294024  -  ResidentSetSize of job (KB)
...
040 (10252908.7051.000) 07/24 19:41:58 Started transferring output files
...
040 (10252908.7051.000) 07/24 19:41:58 Finished transferring output files
...
005 (10252908.7051.000) 07/24 19:41:58 Job terminated.
	(1) Normal termination (return value 0)
		Usr 0 00:00:03, Sys 0 00:00:00  -  Run Remote Usage
		Usr 0 00:00:00, Sys 0 00:00:00  -  Run Local Usage
		Usr 0 00:00:03, Sys 0 00:00:00  -  Total Remote Usage
		Usr 0 00:00:00, Sys 0 00:00:00  -  Total Local Usage
	6204  -  Run Bytes Sent By Job
	409597  -  Run Bytes Received By Job
	6204  -  Total Bytes Sent By Job
	409597  -  Total Bytes Received By Job
	Partitionable Resources :    Usage  Request Allocated 
	   Cpus                 :        0        8         8 
	   Disk (KB)            :      427      425   2768851 
	   Memory (MB)          :      288    16000     16000 

	Job terminated of its own accord at 2024-07-24T17:41:58Z with exit-code 0.
...
040 (10252909.7051.000) 07/24 20:38:48 Started transferring input files
	Transferring to host: <188.185.208.135:9618?addrs=188.185.208.135-9618+[2001-1458-303-10--100-4]-9618&alias=b9p10p6130.cern.ch&noUDP&sock=slot1_5_20152_a82d_25546>
...
040 (10252909.7051.000) 07/24 20:38:48 Finished transferring input files
...
001 (10252909.7051.000) 07/24 20:38:49 Job executing on host: <188.185.208.135:9618?addrs=188.185.208.135-9618+[2001-1458-303-10--100-4]-9618&alias=b9p10p6130.cern.ch&noUDP&sock=startd_19164_7d0d>
	SlotName: slot1_5@b9p10p6130.cern.ch
	CondorScratchDir = "/pool/condor/dir_1073352"
	Cpus = 8
	Disk = 2988638
	Memory = 16000
...
006 (10252909.7051.000) 07/24 20:38:54 Image size of job updated: 157400
	7  -  MemoryUsage of job (MB)
	7008  -  ResidentSetSize of job (KB)
...
040 (10252909.7051.000) 07/24 20:38:54 Started transferring output files
...
040 (10252909.7051.000) 07/24 20:38:54 Finished transferring output files
...
005 (10252909.7051.000) 07/24 20:38:54 Job terminated.
	(1) Normal termination (return value 0)
		Usr 0 00:00:03, Sys 0 00:00:00  -  Run Remote Usage
		Usr 0 00:00:00, Sys 0 00:00:00  -  Run Local Usage
		Usr 0 00:00:03, Sys 0 00:00:00  -  Total Remote Usage
		Usr 0 00:00:00, Sys 0 00:00:00  -  Total Local Usage
	6201  -  Run Bytes Sent By Job
	409597  -  Run Bytes Received By Job
	6201  -  Total Bytes Sent By Job
	409597  -  Total Bytes Received By Job
	Partitionable Resources :    Usage  Request Allocated 
	   Cpus                 :        0        8         8 
	   Disk (KB)            :      427      425   2988638 
	   Memory (MB)          :        7    16000     16000 

	Job terminated of its own accord at 2024-07-24T18:38:54Z with exit-code 0.
...
000 (10261715.7051.000) 07/25 13:03:56 Job submitted from host: <188.185.114.121:9618?addrs=188.185.114.121-9618+[2001-1458-d00-a--100-273]-9618&alias=bigbird19.cern.ch&noUDP&sock=schedd_4961_696e>
...
009 (10261715.7051.000) 07/25 13:07:19 Job was aborted.
	via condor_rm (by user yelberke)
...
000 (10261767.7051.000) 07/25 13:20:57 Job submitted from host: <188.185.114.121:9618?addrs=188.185.114.121-9618+[2001-1458-d00-a--100-273]-9618&alias=bigbird19.cern.ch&noUDP&sock=schedd_4961_696e>
...
040 (10261767.7051.000) 07/25 15:07:02 Started transferring input files
	Transferring to host: <188.185.204.153:9618?addrs=188.185.204.153-9618+[2001-1458-303-8--100-8d]-9618&alias=b9p02p6824.cern.ch&noUDP&sock=slot1_6_8493_d632_84276>
...
040 (10261767.7051.000) 07/25 15:07:02 Finished transferring input files
...
001 (10261767.7051.000) 07/25 15:07:03 Job executing on host: <188.185.204.153:9618?addrs=188.185.204.153-9618+[2001-1458-303-8--100-8d]-9618&alias=b9p02p6824.cern.ch&noUDP&sock=startd_7210_09ed>
	SlotName: slot1_6@b9p02p6824.cern.ch
	CondorScratchDir = "/pool/condor/dir_2794924"
	Cpus = 12
	Disk = 2731263
	Memory = 24000
...
006 (10261767.7051.000) 07/25 15:07:09 Image size of job updated: 160204
	6  -  MemoryUsage of job (MB)
	6108  -  ResidentSetSize of job (KB)
...
040 (10261767.7051.000) 07/25 15:07:09 Started transferring output files
...
040 (10261767.7051.000) 07/25 15:07:09 Finished transferring output files
...
005 (10261767.7051.000) 07/25 15:07:09 Job terminated.
	(1) Normal termination (return value 0)
		Usr 0 00:00:04, Sys 0 00:00:00  -  Run Remote Usage
		Usr 0 00:00:00, Sys 0 00:00:00  -  Run Local Usage
		Usr 0 00:00:04, Sys 0 00:00:00  -  Total Remote Usage
		Usr 0 00:00:00, Sys 0 00:00:00  -  Total Local Usage
	6676  -  Run Bytes Sent By Job
	409597  -  Run Bytes Received By Job
	6676  -  Total Bytes Sent By Job
	409597  -  Total Bytes Received By Job
	Partitionable Resources :    Usage  Request Allocated 
	   Cpus                 :        0       12        12 
	   Disk (KB)            :      429      425   2731263 
	   Memory (MB)          :        6    24000     24000 

	Job terminated of its own accord at 2024-07-25T13:07:09Z with exit-code 0.
...
000 (10284266.7051.000) 08/02 15:47:48 Job submitted from host: <188.185.114.121:9618?addrs=188.185.114.121-9618+[2001-1458-d00-a--100-273]-9618&alias=bigbird19.cern.ch&noUDP&sock=schedd_4961_696e>
...
000 (10284267.7051.000) 08/02 15:50:18 Job submitted from host: <188.185.114.121:9618?addrs=188.185.114.121-9618+[2001-1458-d00-a--100-273]-9618&alias=bigbird19.cern.ch&noUDP&sock=schedd_4961_696e>
...
009 (10284266.7051.000) 08/02 15:50:46 Job was aborted.
	via condor_rm (by user yelberke)
...
040 (10284267.7051.000) 08/02 17:21:09 Started transferring input files
	Transferring to host: <188.185.205.151:9618?addrs=188.185.205.151-9618&alias=b9p04p6494.cern.ch&noUDP&sock=slot1_2_4417_ed0d_161332>
...
040 (10284267.7051.000) 08/02 17:21:09 Finished transferring input files
...
001 (10284267.7051.000) 08/02 17:21:10 Job executing on host: <188.185.205.151:9618?addrs=188.185.205.151-9618&alias=b9p04p6494.cern.ch&noUDP&sock=startd_3739_38b2>
	SlotName: slot1_2@b9p04p6494.cern.ch
	CondorScratchDir = "/pool/condor/dir_28381"
	Cpus = 12
	Disk = 2832239
	Memory = 24000
...
006 (10284267.7051.000) 08/02 17:21:12 Image size of job updated: 328840
	6  -  MemoryUsage of job (MB)
	5240  -  ResidentSetSize of job (KB)
...
040 (10284267.7051.000) 08/02 17:21:12 Started transferring output files
...
040 (10284267.7051.000) 08/02 17:21:12 Finished transferring output files
...
005 (10284267.7051.000) 08/02 17:21:12 Job terminated.
	(1) Normal termination (return value 139)
		Usr 0 00:00:01, Sys 0 00:00:01  -  Run Remote Usage
		Usr 0 00:00:00, Sys 0 00:00:00  -  Run Local Usage
		Usr 0 00:00:01, Sys 0 00:00:01  -  Total Remote Usage
		Usr 0 00:00:00, Sys 0 00:00:00  -  Total Local Usage
	7696  -  Run Bytes Sent By Job
	409597  -  Run Bytes Received By Job
	7696  -  Total Bytes Sent By Job
	409597  -  Total Bytes Received By Job
	Partitionable Resources :    Usage  Request Allocated 
	   Cpus                 :        0       12        12 
	   Disk (KB)            :      428      425   2832239 
	   Memory (MB)          :        6    24000     24000 

	Job terminated of its own accord at 2024-08-02T15:21:12Z with exit-code 139.
...
