000 (10252905.7119.000) 07/24 16:13:25 Job submitted from host: <188.185.114.121:9618?addrs=188.185.114.121-9618+[2001-1458-d00-a--100-273]-9618&alias=bigbird19.cern.ch&noUDP&sock=schedd_4961_696e>
...
009 (10252905.7119.000) 07/24 16:14:55 Job was aborted.
	via condor_rm (by user yelberke)
...
000 (10252906.7119.000) 07/24 16:15:42 Job submitted from host: <188.185.114.121:9618?addrs=188.185.114.121-9618+[2001-1458-d00-a--100-273]-9618&alias=bigbird19.cern.ch&noUDP&sock=schedd_4961_696e>
...
000 (10252907.7119.000) 07/24 16:17:37 Job submitted from host: <188.185.114.121:9618?addrs=188.185.114.121-9618+[2001-1458-d00-a--100-273]-9618&alias=bigbird19.cern.ch&noUDP&sock=schedd_4961_696e>
...
000 (10252908.7119.000) 07/24 16:18:10 Job submitted from host: <188.185.114.121:9618?addrs=188.185.114.121-9618+[2001-1458-d00-a--100-273]-9618&alias=bigbird19.cern.ch&noUDP&sock=schedd_4961_696e>
...
000 (10252909.7119.000) 07/24 16:18:46 Job submitted from host: <188.185.114.121:9618?addrs=188.185.114.121-9618+[2001-1458-d00-a--100-273]-9618&alias=bigbird19.cern.ch&noUDP&sock=schedd_4961_696e>
...
040 (10252906.7119.000) 07/24 17:37:15 Started transferring input files
	Transferring to host: <188.185.206.186:9618?addrs=188.185.206.186-9618&alias=b9p06p1726.cern.ch&noUDP&sock=slot1_7_4122_1261_155554>
...
040 (10252906.7119.000) 07/24 17:37:15 Finished transferring input files
...
001 (10252906.7119.000) 07/24 17:37:20 Job executing on host: <188.185.206.186:9618?addrs=188.185.206.186-9618&alias=b9p06p1726.cern.ch&noUDP&sock=startd_3780_5814>
	SlotName: slot1_7@b9p06p1726.cern.ch
	CondorScratchDir = "/pool/condor/dir_51474"
	Cpus = 8
	Disk = 2819443
	Memory = 16000
...
006 (10252906.7119.000) 07/24 17:37:24 Image size of job updated: 159456
	8  -  MemoryUsage of job (MB)
	7372  -  ResidentSetSize of job (KB)
...
040 (10252906.7119.000) 07/24 17:37:25 Started transferring output files
...
040 (10252906.7119.000) 07/24 17:37:25 Finished transferring output files
...
005 (10252906.7119.000) 07/24 17:37:25 Job terminated.
	(1) Normal termination (return value 0)
		Usr 0 00:00:03, Sys 0 00:00:00  -  Run Remote Usage
		Usr 0 00:00:00, Sys 0 00:00:00  -  Run Local Usage
		Usr 0 00:00:03, Sys 0 00:00:00  -  Total Remote Usage
		Usr 0 00:00:00, Sys 0 00:00:00  -  Total Local Usage
	6201  -  Run Bytes Sent By Job
	409597  -  Run Bytes Received By Job
	6201  -  Total Bytes Sent By Job
	409597  -  Total Bytes Received By Job
	Partitionable Resources :    Usage  Request Allocated 
	   Cpus                 :                 8         8 
	   Disk (KB)            :      420      425   2819443 
	   Memory (MB)          :        8    16000     16000 

	Job terminated of its own accord at 2024-07-24T15:37:24Z with exit-code 0.
...
040 (10252907.7119.000) 07/24 18:36:51 Started transferring input files
	Transferring to host: <188.185.205.63:9618?addrs=188.185.205.63-9618&alias=b9p03p3877.cern.ch&noUDP&sock=slot1_15_7369_e085_157215>
...
040 (10252907.7119.000) 07/24 18:36:51 Finished transferring input files
...
001 (10252907.7119.000) 07/24 18:36:52 Job executing on host: <188.185.205.63:9618?addrs=188.185.205.63-9618&alias=b9p03p3877.cern.ch&noUDP&sock=startd_7252_d8e7>
	SlotName: slot1_15@b9p03p3877.cern.ch
	CondorScratchDir = "/pool/condor/dir_3415930"
	Cpus = 8
	Disk = 2764487
	Memory = 16000
...
006 (10252907.7119.000) 07/24 18:36:56 Image size of job updated: 158776
	7  -  MemoryUsage of job (MB)
	7000  -  ResidentSetSize of job (KB)
...
040 (10252907.7119.000) 07/24 18:36:56 Started transferring output files
...
040 (10252907.7119.000) 07/24 18:36:56 Finished transferring output files
...
005 (10252907.7119.000) 07/24 18:36:56 Job terminated.
	(1) Normal termination (return value 0)
		Usr 0 00:00:03, Sys 0 00:00:00  -  Run Remote Usage
		Usr 0 00:00:00, Sys 0 00:00:00  -  Run Local Usage
		Usr 0 00:00:03, Sys 0 00:00:00  -  Total Remote Usage
		Usr 0 00:00:00, Sys 0 00:00:00  -  Total Local Usage
	6204  -  Run Bytes Sent By Job
	409597  -  Run Bytes Received By Job
	6204  -  Total Bytes Sent By Job
	409597  -  Total Bytes Received By Job
	Partitionable Resources :    Usage  Request Allocated 
	   Cpus                 :        0        8         8 
	   Disk (KB)            :      428      425   2764487 
	   Memory (MB)          :        7    16000     16000 

	Job terminated of its own accord at 2024-07-24T16:36:56Z with exit-code 0.
...
040 (10252908.7119.000) 07/24 19:42:15 Started transferring input files
	Transferring to host: <188.185.208.191:9618?addrs=188.185.208.191-9618+[2001-1458-303-10--100-3c]-9618&alias=b9p10p1964.cern.ch&noUDP&sock=slot1_15_6028_056e_147093>
...
040 (10252908.7119.000) 07/24 19:42:15 Finished transferring input files
...
001 (10252908.7119.000) 07/24 19:42:16 Job executing on host: <188.185.208.191:9618?addrs=188.185.208.191-9618+[2001-1458-303-10--100-3c]-9618&alias=b9p10p1964.cern.ch&noUDP&sock=startd_4543_b2d7>
	SlotName: slot1_15@b9p10p1964.cern.ch
	CondorScratchDir = "/pool/condor/dir_1676892"
	Cpus = 8
	Disk = 2743641
	Memory = 16000
...
006 (10252908.7119.000) 07/24 19:42:22 Image size of job updated: 158556
	8  -  MemoryUsage of job (MB)
	7512  -  ResidentSetSize of job (KB)
...
040 (10252908.7119.000) 07/24 19:42:22 Started transferring output files
...
040 (10252908.7119.000) 07/24 19:42:22 Finished transferring output files
...
005 (10252908.7119.000) 07/24 19:42:22 Job terminated.
	(1) Normal termination (return value 0)
		Usr 0 00:00:04, Sys 0 00:00:00  -  Run Remote Usage
		Usr 0 00:00:00, Sys 0 00:00:00  -  Run Local Usage
		Usr 0 00:00:04, Sys 0 00:00:00  -  Total Remote Usage
		Usr 0 00:00:00, Sys 0 00:00:00  -  Total Local Usage
	6204  -  Run Bytes Sent By Job
	409597  -  Run Bytes Received By Job
	6204  -  Total Bytes Sent By Job
	409597  -  Total Bytes Received By Job
	Partitionable Resources :    Usage  Request Allocated 
	   Cpus                 :        0        8         8 
	   Disk (KB)            :      428      425   2743641 
	   Memory (MB)          :        8    16000     16000 

	Job terminated of its own accord at 2024-07-24T17:42:22Z with exit-code 0.
...
040 (10252909.7119.000) 07/24 20:36:22 Started transferring input files
	Transferring to host: <188.185.207.29:9618?addrs=188.185.207.29-9618+[2001-1458-303-d--100-1a]-9618&alias=b9p07p6109.cern.ch&noUDP&sock=slot1_16_7079_8bb9_144761>
...
040 (10252909.7119.000) 07/24 20:36:22 Finished transferring input files
...
001 (10252909.7119.000) 07/24 20:36:23 Job executing on host: <188.185.207.29:9618?addrs=188.185.207.29-9618+[2001-1458-303-d--100-1a]-9618&alias=b9p07p6109.cern.ch&noUDP&sock=startd_5596_f811>
	SlotName: slot1_16@b9p07p6109.cern.ch
	CondorScratchDir = "/pool/condor/dir_2329071"
	Cpus = 8
	Disk = 2676303
	Memory = 16000
...
006 (10252909.7119.000) 07/24 20:36:27 Image size of job updated: 167400
	13  -  MemoryUsage of job (MB)
	12316  -  ResidentSetSize of job (KB)
...
040 (10252909.7119.000) 07/24 20:36:27 Started transferring output files
...
040 (10252909.7119.000) 07/24 20:36:27 Finished transferring output files
...
005 (10252909.7119.000) 07/24 20:36:27 Job terminated.
	(1) Normal termination (return value 0)
		Usr 0 00:00:03, Sys 0 00:00:00  -  Run Remote Usage
		Usr 0 00:00:00, Sys 0 00:00:00  -  Run Local Usage
		Usr 0 00:00:03, Sys 0 00:00:00  -  Total Remote Usage
		Usr 0 00:00:00, Sys 0 00:00:00  -  Total Local Usage
	6201  -  Run Bytes Sent By Job
	409597  -  Run Bytes Received By Job
	6201  -  Total Bytes Sent By Job
	409597  -  Total Bytes Received By Job
	Partitionable Resources :    Usage  Request Allocated 
	   Cpus                 :        0        8         8 
	   Disk (KB)            :      427      425   2676303 
	   Memory (MB)          :       13    16000     16000 

	Job terminated of its own accord at 2024-07-24T18:36:27Z with exit-code 0.
...
000 (10261715.7119.000) 07/25 13:03:58 Job submitted from host: <188.185.114.121:9618?addrs=188.185.114.121-9618+[2001-1458-d00-a--100-273]-9618&alias=bigbird19.cern.ch&noUDP&sock=schedd_4961_696e>
...
009 (10261715.7119.000) 07/25 13:07:20 Job was aborted.
	via condor_rm (by user yelberke)
...
000 (10261767.7119.000) 07/25 13:20:58 Job submitted from host: <188.185.114.121:9618?addrs=188.185.114.121-9618+[2001-1458-d00-a--100-273]-9618&alias=bigbird19.cern.ch&noUDP&sock=schedd_4961_696e>
...
040 (10261767.7119.000) 07/25 15:09:05 Started transferring input files
	Transferring to host: <188.185.209.169:9618?addrs=188.185.209.169-9618+[2001-1458-303-12--100-26]-9618&alias=b9p12p5343.cern.ch&noUDP&sock=slot1_11_10700_de2c_144222>
...
040 (10261767.7119.000) 07/25 15:09:06 Finished transferring input files
...
001 (10261767.7119.000) 07/25 15:09:06 Job executing on host: <188.185.209.169:9618?addrs=188.185.209.169-9618+[2001-1458-303-12--100-26]-9618&alias=b9p12p5343.cern.ch&noUDP&sock=startd_9371_4e16>
	SlotName: slot1_11@b9p12p5343.cern.ch
	CondorScratchDir = "/pool/condor/dir_220408"
	Cpus = 12
	Disk = 2927959
	Memory = 24000
...
006 (10261767.7119.000) 07/25 15:09:11 Image size of job updated: 160696
	7  -  MemoryUsage of job (MB)
	6660  -  ResidentSetSize of job (KB)
...
040 (10261767.7119.000) 07/25 15:09:14 Started transferring output files
...
040 (10261767.7119.000) 07/25 15:09:15 Finished transferring output files
...
005 (10261767.7119.000) 07/25 15:09:15 Job terminated.
	(1) Normal termination (return value 0)
		Usr 0 00:00:03, Sys 0 00:00:00  -  Run Remote Usage
		Usr 0 00:00:00, Sys 0 00:00:00  -  Run Local Usage
		Usr 0 00:00:03, Sys 0 00:00:00  -  Total Remote Usage
		Usr 0 00:00:00, Sys 0 00:00:00  -  Total Local Usage
	6676  -  Run Bytes Sent By Job
	409597  -  Run Bytes Received By Job
	6676  -  Total Bytes Sent By Job
	409597  -  Total Bytes Received By Job
	Partitionable Resources :    Usage  Request Allocated 
	   Cpus                 :     0.09       12        12 
	   Disk (KB)            :   429         425   2927959 
	   Memory (MB)          :     7       24000     24000 

	Job terminated of its own accord at 2024-07-25T13:09:11Z with exit-code 0.
...
000 (10284266.7119.000) 08/02 15:47:50 Job submitted from host: <188.185.114.121:9618?addrs=188.185.114.121-9618+[2001-1458-d00-a--100-273]-9618&alias=bigbird19.cern.ch&noUDP&sock=schedd_4961_696e>
...
000 (10284267.7119.000) 08/02 15:50:19 Job submitted from host: <188.185.114.121:9618?addrs=188.185.114.121-9618+[2001-1458-d00-a--100-273]-9618&alias=bigbird19.cern.ch&noUDP&sock=schedd_4961_696e>
...
009 (10284266.7119.000) 08/02 15:50:46 Job was aborted.
	via condor_rm (by user yelberke)
...
040 (10284267.7119.000) 08/02 17:21:31 Started transferring input files
	Transferring to host: <188.185.206.218:9618?addrs=188.185.206.218-9618+[2001-1458-303-c--100-57]-9618&alias=b9p06p2595.cern.ch&noUDP&sock=slot1_5_65036_7ece_101551>
...
040 (10284267.7119.000) 08/02 17:21:31 Finished transferring input files
...
001 (10284267.7119.000) 08/02 17:21:32 Job executing on host: <188.185.206.218:9618?addrs=188.185.206.218-9618+[2001-1458-303-c--100-57]-9618&alias=b9p06p2595.cern.ch&noUDP&sock=startd_3387_c75c>
	SlotName: slot1_5@b9p06p2595.cern.ch
	CondorScratchDir = "/pool/condor/dir_870751"
	Cpus = 12
	Disk = 2641824
	Memory = 24000
...
006 (10284267.7119.000) 08/02 17:21:34 Image size of job updated: 329288
	5  -  MemoryUsage of job (MB)
	4596  -  ResidentSetSize of job (KB)
...
040 (10284267.7119.000) 08/02 17:21:34 Started transferring output files
...
040 (10284267.7119.000) 08/02 17:21:34 Finished transferring output files
...
005 (10284267.7119.000) 08/02 17:21:34 Job terminated.
	(1) Normal termination (return value 139)
		Usr 0 00:00:02, Sys 0 00:00:01  -  Run Remote Usage
		Usr 0 00:00:00, Sys 0 00:00:00  -  Run Local Usage
		Usr 0 00:00:02, Sys 0 00:00:01  -  Total Remote Usage
		Usr 0 00:00:00, Sys 0 00:00:00  -  Total Local Usage
	7696  -  Run Bytes Sent By Job
	409597  -  Run Bytes Received By Job
	7696  -  Total Bytes Sent By Job
	409597  -  Total Bytes Received By Job
	Partitionable Resources :    Usage  Request Allocated 
	   Cpus                 :        0       12        12 
	   Disk (KB)            :      433      425   2641824 
	   Memory (MB)          :        5    24000     24000 

	Job terminated of its own accord at 2024-08-02T15:21:34Z with exit-code 139.
...
