000 (10252905.7150.000) 07/24 16:13:25 Job submitted from host: <188.185.114.121:9618?addrs=188.185.114.121-9618+[2001-1458-d00-a--100-273]-9618&alias=bigbird19.cern.ch&noUDP&sock=schedd_4961_696e>
...
009 (10252905.7150.000) 07/24 16:14:55 Job was aborted.
	via condor_rm (by user yelberke)
...
000 (10252906.7150.000) 07/24 16:15:42 Job submitted from host: <188.185.114.121:9618?addrs=188.185.114.121-9618+[2001-1458-d00-a--100-273]-9618&alias=bigbird19.cern.ch&noUDP&sock=schedd_4961_696e>
...
000 (10252907.7150.000) 07/24 16:17:37 Job submitted from host: <188.185.114.121:9618?addrs=188.185.114.121-9618+[2001-1458-d00-a--100-273]-9618&alias=bigbird19.cern.ch&noUDP&sock=schedd_4961_696e>
...
000 (10252908.7150.000) 07/24 16:18:10 Job submitted from host: <188.185.114.121:9618?addrs=188.185.114.121-9618+[2001-1458-d00-a--100-273]-9618&alias=bigbird19.cern.ch&noUDP&sock=schedd_4961_696e>
...
000 (10252909.7150.000) 07/24 16:18:46 Job submitted from host: <188.185.114.121:9618?addrs=188.185.114.121-9618+[2001-1458-d00-a--100-273]-9618&alias=bigbird19.cern.ch&noUDP&sock=schedd_4961_696e>
...
040 (10252906.7150.000) 07/24 17:37:30 Started transferring input files
	Transferring to host: <188.185.194.130:9618?addrs=188.185.194.130-9618&alias=b9p20p2820.cern.ch&noUDP&sock=slot1_3_3459937_5df2_428>
...
040 (10252906.7150.000) 07/24 17:37:30 Finished transferring input files
...
001 (10252906.7150.000) 07/24 17:37:31 Job executing on host: <188.185.194.130:9618?addrs=188.185.194.130-9618&alias=b9p20p2820.cern.ch&noUDP&sock=startd_127909_8372>
	SlotName: slot1_3@b9p20p2820.cern.ch
	CondorScratchDir = "/pool/condor/dir_1629957"
	Cpus = 8
	Disk = 2997371
	Memory = 16000
...
006 (10252906.7150.000) 07/24 17:37:36 Image size of job updated: 166084
	12  -  MemoryUsage of job (MB)
	11536  -  ResidentSetSize of job (KB)
...
040 (10252906.7150.000) 07/24 17:37:36 Started transferring output files
...
040 (10252906.7150.000) 07/24 17:37:36 Finished transferring output files
...
005 (10252906.7150.000) 07/24 17:37:36 Job terminated.
	(1) Normal termination (return value 0)
		Usr 0 00:00:04, Sys 0 00:00:00  -  Run Remote Usage
		Usr 0 00:00:00, Sys 0 00:00:00  -  Run Local Usage
		Usr 0 00:00:04, Sys 0 00:00:00  -  Total Remote Usage
		Usr 0 00:00:00, Sys 0 00:00:00  -  Total Local Usage
	6201  -  Run Bytes Sent By Job
	409597  -  Run Bytes Received By Job
	6201  -  Total Bytes Sent By Job
	409597  -  Total Bytes Received By Job
	Partitionable Resources :    Usage  Request Allocated 
	   Cpus                 :        0        8         8 
	   Disk (KB)            :      427      425   2997371 
	   Memory (MB)          :       12    16000     16000 

	Job terminated of its own accord at 2024-07-24T15:37:36Z with exit-code 0.
...
040 (10252907.7150.000) 07/24 18:37:01 Started transferring input files
	Transferring to host: <188.185.195.151:9618?addrs=188.185.195.151-9618+[2001-1458-303-22--100-93]-9618&alias=b9p17p6289.cern.ch&noUDP&sock=slot1_15_2993298_fa33_2961>
...
040 (10252907.7150.000) 07/24 18:37:01 Finished transferring input files
...
001 (10252907.7150.000) 07/24 18:37:02 Job executing on host: <188.185.195.151:9618?addrs=188.185.195.151-9618+[2001-1458-303-22--100-93]-9618&alias=b9p17p6289.cern.ch&noUDP&sock=startd_166270_f7fe>
	SlotName: slot1_15@b9p17p6289.cern.ch
	CondorScratchDir = "/pool/condor/dir_1004437"
	Cpus = 8
	Disk = 2935566
	Memory = 16000
...
006 (10252907.7150.000) 07/24 18:37:10 Image size of job updated: 167940
	13  -  MemoryUsage of job (MB)
	12508  -  ResidentSetSize of job (KB)
...
040 (10252907.7150.000) 07/24 18:37:10 Started transferring output files
...
040 (10252907.7150.000) 07/24 18:37:10 Finished transferring output files
...
005 (10252907.7150.000) 07/24 18:37:10 Job terminated.
	(1) Normal termination (return value 0)
		Usr 0 00:00:06, Sys 0 00:00:00  -  Run Remote Usage
		Usr 0 00:00:00, Sys 0 00:00:00  -  Run Local Usage
		Usr 0 00:00:06, Sys 0 00:00:00  -  Total Remote Usage
		Usr 0 00:00:00, Sys 0 00:00:00  -  Total Local Usage
	6204  -  Run Bytes Sent By Job
	409597  -  Run Bytes Received By Job
	6204  -  Total Bytes Sent By Job
	409597  -  Total Bytes Received By Job
	Partitionable Resources :    Usage  Request Allocated 
	   Cpus                 :        0        8         8 
	   Disk (KB)            :      428      425   2935566 
	   Memory (MB)          :       13    16000     16000 

	Job terminated of its own accord at 2024-07-24T16:37:10Z with exit-code 0.
...
040 (10252908.7150.000) 07/24 19:42:28 Started transferring input files
	Transferring to host: <188.185.204.240:9618?addrs=188.185.204.240-9618+[2001-1458-303-8--100-6d]-9618&alias=b9p02p3606.cern.ch&noUDP&sock=slot1_13_5578_f49c_156333>
...
040 (10252908.7150.000) 07/24 19:42:28 Finished transferring input files
...
001 (10252908.7150.000) 07/24 19:42:29 Job executing on host: <188.185.204.240:9618?addrs=188.185.204.240-9618+[2001-1458-303-8--100-6d]-9618&alias=b9p02p3606.cern.ch&noUDP&sock=startd_5147_fe0b>
	SlotName: slot1_13@b9p02p3606.cern.ch
	CondorScratchDir = "/pool/condor/dir_2355756"
	Cpus = 8
	Disk = 2613937
	Memory = 16000
...
006 (10252908.7150.000) 07/24 19:42:34 Image size of job updated: 160484
	8  -  MemoryUsage of job (MB)
	8060  -  ResidentSetSize of job (KB)
...
040 (10252908.7150.000) 07/24 19:42:34 Started transferring output files
...
040 (10252908.7150.000) 07/24 19:42:34 Finished transferring output files
...
005 (10252908.7150.000) 07/24 19:42:35 Job terminated.
	(1) Normal termination (return value 0)
		Usr 0 00:00:04, Sys 0 00:00:00  -  Run Remote Usage
		Usr 0 00:00:00, Sys 0 00:00:00  -  Run Local Usage
		Usr 0 00:00:04, Sys 0 00:00:00  -  Total Remote Usage
		Usr 0 00:00:00, Sys 0 00:00:00  -  Total Local Usage
	6204  -  Run Bytes Sent By Job
	409597  -  Run Bytes Received By Job
	6204  -  Total Bytes Sent By Job
	409597  -  Total Bytes Received By Job
	Partitionable Resources :    Usage  Request Allocated 
	   Cpus                 :        0        8         8 
	   Disk (KB)            :      428      425   2613937 
	   Memory (MB)          :        8    16000     16000 

	Job terminated of its own accord at 2024-07-24T17:42:34Z with exit-code 0.
...
040 (10252909.7150.000) 07/24 20:38:54 Started transferring input files
	Transferring to host: <188.185.208.79:9618?addrs=188.185.208.79-9618+[2001-1458-303-f--100-4c]-9618&alias=b9p09p3951.cern.ch&noUDP&sock=slot1_12_2777965_661e_71248>
...
040 (10252909.7150.000) 07/24 20:38:55 Finished transferring input files
...
001 (10252909.7150.000) 07/24 20:38:55 Job executing on host: <188.185.208.79:9618?addrs=188.185.208.79-9618+[2001-1458-303-f--100-4c]-9618&alias=b9p09p3951.cern.ch&noUDP&sock=startd_8579_0f14>
	SlotName: slot1_12@b9p09p3951.cern.ch
	CondorScratchDir = "/pool/condor/dir_824739"
	Cpus = 8
	Disk = 2828932
	Memory = 16000
...
006 (10252909.7150.000) 07/24 20:38:59 Image size of job updated: 156876
	7  -  MemoryUsage of job (MB)
	6848  -  ResidentSetSize of job (KB)
...
040 (10252909.7150.000) 07/24 20:38:59 Started transferring output files
...
040 (10252909.7150.000) 07/24 20:38:59 Finished transferring output files
...
005 (10252909.7150.000) 07/24 20:38:59 Job terminated.
	(1) Normal termination (return value 0)
		Usr 0 00:00:03, Sys 0 00:00:00  -  Run Remote Usage
		Usr 0 00:00:00, Sys 0 00:00:00  -  Run Local Usage
		Usr 0 00:00:03, Sys 0 00:00:00  -  Total Remote Usage
		Usr 0 00:00:00, Sys 0 00:00:00  -  Total Local Usage
	6201  -  Run Bytes Sent By Job
	409597  -  Run Bytes Received By Job
	6201  -  Total Bytes Sent By Job
	409597  -  Total Bytes Received By Job
	Partitionable Resources :    Usage  Request Allocated 
	   Cpus                 :        0        8         8 
	   Disk (KB)            :      430      425   2828932 
	   Memory (MB)          :        7    16000     16000 

	Job terminated of its own accord at 2024-07-24T18:38:59Z with exit-code 0.
...
000 (10261715.7150.000) 07/25 13:03:58 Job submitted from host: <188.185.114.121:9618?addrs=188.185.114.121-9618+[2001-1458-d00-a--100-273]-9618&alias=bigbird19.cern.ch&noUDP&sock=schedd_4961_696e>
...
009 (10261715.7150.000) 07/25 13:07:20 Job was aborted.
	via condor_rm (by user yelberke)
...
000 (10261767.7150.000) 07/25 13:20:58 Job submitted from host: <188.185.114.121:9618?addrs=188.185.114.121-9618+[2001-1458-d00-a--100-273]-9618&alias=bigbird19.cern.ch&noUDP&sock=schedd_4961_696e>
...
040 (10261767.7150.000) 07/25 15:07:33 Started transferring input files
	Transferring to host: <188.185.193.53:9618?addrs=188.185.193.53-9618+[2001-1458-303-20--100-31]-9618&alias=b9p19p9278.cern.ch&noUDP&sock=slot1_1_1743550_742e_2860>
...
040 (10261767.7150.000) 07/25 15:07:33 Finished transferring input files
...
001 (10261767.7150.000) 07/25 15:07:34 Job executing on host: <188.185.193.53:9618?addrs=188.185.193.53-9618+[2001-1458-303-20--100-31]-9618&alias=b9p19p9278.cern.ch&noUDP&sock=startd_173718_ad5f>
	SlotName: slot1_1@b9p19p9278.cern.ch
	CondorScratchDir = "/pool/condor/dir_588256"
	Cpus = 12
	Disk = 2953879
	Memory = 24000
...
006 (10261767.7150.000) 07/25 15:07:42 Image size of job updated: 1
	0  -  MemoryUsage of job (MB)
	0  -  ResidentSetSize of job (KB)
...
006 (10261767.7150.000) 07/25 15:08:04 Image size of job updated: 162208
	8  -  MemoryUsage of job (MB)
	7708  -  ResidentSetSize of job (KB)
...
040 (10261767.7150.000) 07/25 15:08:04 Started transferring output files
...
040 (10261767.7150.000) 07/25 15:08:04 Finished transferring output files
...
005 (10261767.7150.000) 07/25 15:08:04 Job terminated.
	(1) Normal termination (return value 0)
		Usr 0 00:00:04, Sys 0 00:00:00  -  Run Remote Usage
		Usr 0 00:00:00, Sys 0 00:00:00  -  Run Local Usage
		Usr 0 00:00:04, Sys 0 00:00:00  -  Total Remote Usage
		Usr 0 00:00:00, Sys 0 00:00:00  -  Total Local Usage
	6676  -  Run Bytes Sent By Job
	409597  -  Run Bytes Received By Job
	6676  -  Total Bytes Sent By Job
	409597  -  Total Bytes Received By Job
	Partitionable Resources :    Usage  Request Allocated 
	   Cpus                 :     0.04       12        12 
	   Disk (KB)            :   429         425   2953879 
	   Memory (MB)          :     8       24000     24000 

	Job terminated of its own accord at 2024-07-25T13:08:04Z with exit-code 0.
...
000 (10284266.7150.000) 08/02 15:47:52 Job submitted from host: <188.185.114.121:9618?addrs=188.185.114.121-9618+[2001-1458-d00-a--100-273]-9618&alias=bigbird19.cern.ch&noUDP&sock=schedd_4961_696e>
...
000 (10284267.7150.000) 08/02 15:50:19 Job submitted from host: <188.185.114.121:9618?addrs=188.185.114.121-9618+[2001-1458-d00-a--100-273]-9618&alias=bigbird19.cern.ch&noUDP&sock=schedd_4961_696e>
...
009 (10284266.7150.000) 08/02 15:50:46 Job was aborted.
	via condor_rm (by user yelberke)
...
040 (10284267.7150.000) 08/02 17:21:41 Started transferring input files
	Transferring to host: <188.185.194.51:9618?addrs=188.185.194.51-9618+[2001-1458-303-21--100-2f]-9618&alias=b9p20p9508.cern.ch&noUDP&sock=slot1_3_4062828_9dd7_12078>
...
040 (10284267.7150.000) 08/02 17:21:41 Finished transferring input files
...
001 (10284267.7150.000) 08/02 17:21:42 Job executing on host: <188.185.194.51:9618?addrs=188.185.194.51-9618+[2001-1458-303-21--100-2f]-9618&alias=b9p20p9508.cern.ch&noUDP&sock=startd_175101_4cd9>
	SlotName: slot1_3@b9p20p9508.cern.ch
	CondorScratchDir = "/pool/condor/dir_3943216"
	Cpus = 12
	Disk = 2978352
	Memory = 24000
...
006 (10284267.7150.000) 08/02 17:21:45 Image size of job updated: 312548
	3  -  MemoryUsage of job (MB)
	2780  -  ResidentSetSize of job (KB)
...
040 (10284267.7150.000) 08/02 17:21:45 Started transferring output files
...
040 (10284267.7150.000) 08/02 17:21:45 Finished transferring output files
...
005 (10284267.7150.000) 08/02 17:21:45 Job terminated.
	(1) Normal termination (return value 139)
		Usr 0 00:00:03, Sys 0 00:00:00  -  Run Remote Usage
		Usr 0 00:00:00, Sys 0 00:00:00  -  Run Local Usage
		Usr 0 00:00:03, Sys 0 00:00:00  -  Total Remote Usage
		Usr 0 00:00:00, Sys 0 00:00:00  -  Total Local Usage
	7696  -  Run Bytes Sent By Job
	409597  -  Run Bytes Received By Job
	7696  -  Total Bytes Sent By Job
	409597  -  Total Bytes Received By Job
	Partitionable Resources :    Usage  Request Allocated 
	   Cpus                 :        0       12        12 
	   Disk (KB)            :      429      425   2978352 
	   Memory (MB)          :        3    24000     24000 

	Job terminated of its own accord at 2024-08-02T15:21:45Z with exit-code 139.
...
