000 (10252905.7153.000) 07/24 16:13:25 Job submitted from host: <188.185.114.121:9618?addrs=188.185.114.121-9618+[2001-1458-d00-a--100-273]-9618&alias=bigbird19.cern.ch&noUDP&sock=schedd_4961_696e>
...
009 (10252905.7153.000) 07/24 16:14:55 Job was aborted.
	via condor_rm (by user yelberke)
...
000 (10252906.7153.000) 07/24 16:15:42 Job submitted from host: <188.185.114.121:9618?addrs=188.185.114.121-9618+[2001-1458-d00-a--100-273]-9618&alias=bigbird19.cern.ch&noUDP&sock=schedd_4961_696e>
...
000 (10252907.7153.000) 07/24 16:17:37 Job submitted from host: <188.185.114.121:9618?addrs=188.185.114.121-9618+[2001-1458-d00-a--100-273]-9618&alias=bigbird19.cern.ch&noUDP&sock=schedd_4961_696e>
...
000 (10252908.7153.000) 07/24 16:18:10 Job submitted from host: <188.185.114.121:9618?addrs=188.185.114.121-9618+[2001-1458-d00-a--100-273]-9618&alias=bigbird19.cern.ch&noUDP&sock=schedd_4961_696e>
...
000 (10252909.7153.000) 07/24 16:18:46 Job submitted from host: <188.185.114.121:9618?addrs=188.185.114.121-9618+[2001-1458-d00-a--100-273]-9618&alias=bigbird19.cern.ch&noUDP&sock=schedd_4961_696e>
...
040 (10252906.7153.000) 07/24 17:37:35 Started transferring input files
	Transferring to host: <188.185.209.223:9618?addrs=188.185.209.223-9618+[2001-1458-303-12--100-5c]-9618&alias=b9p12p3371.cern.ch&noUDP&sock=slot1_10_6526_e842_147224>
...
040 (10252906.7153.000) 07/24 17:37:35 Finished transferring input files
...
001 (10252906.7153.000) 07/24 17:37:36 Job executing on host: <188.185.209.223:9618?addrs=188.185.209.223-9618+[2001-1458-303-12--100-5c]-9618&alias=b9p12p3371.cern.ch&noUDP&sock=startd_5204_16f1>
	SlotName: slot1_10@b9p12p3371.cern.ch
	CondorScratchDir = "/pool/condor/dir_1205796"
	Cpus = 8
	Disk = 2617912
	Memory = 16000
...
006 (10252906.7153.000) 07/24 17:37:40 Image size of job updated: 164728
	10  -  MemoryUsage of job (MB)
	9864  -  ResidentSetSize of job (KB)
...
040 (10252906.7153.000) 07/24 17:37:41 Started transferring output files
...
040 (10252906.7153.000) 07/24 17:37:41 Finished transferring output files
...
005 (10252906.7153.000) 07/24 17:37:41 Job terminated.
	(1) Normal termination (return value 0)
		Usr 0 00:00:03, Sys 0 00:00:00  -  Run Remote Usage
		Usr 0 00:00:00, Sys 0 00:00:00  -  Run Local Usage
		Usr 0 00:00:03, Sys 0 00:00:00  -  Total Remote Usage
		Usr 0 00:00:00, Sys 0 00:00:00  -  Total Local Usage
	6201  -  Run Bytes Sent By Job
	409597  -  Run Bytes Received By Job
	6201  -  Total Bytes Sent By Job
	409597  -  Total Bytes Received By Job
	Partitionable Resources :    Usage  Request Allocated 
	   Cpus                 :        0        8         8 
	   Disk (KB)            :      428      425   2617912 
	   Memory (MB)          :       10    16000     16000 

	Job terminated of its own accord at 2024-07-24T15:37:40Z with exit-code 0.
...
040 (10252907.7153.000) 07/24 18:37:02 Started transferring input files
	Transferring to host: <188.185.208.220:9618?addrs=188.185.208.220-9618+[2001-1458-303-10--100-59]-9618&alias=b9p10p6632.cern.ch&noUDP&sock=slot1_8_6565_62e4_145554>
...
040 (10252907.7153.000) 07/24 18:37:02 Finished transferring input files
...
001 (10252907.7153.000) 07/24 18:37:03 Job executing on host: <188.185.208.220:9618?addrs=188.185.208.220-9618+[2001-1458-303-10--100-59]-9618&alias=b9p10p6632.cern.ch&noUDP&sock=startd_5300_f009>
	SlotName: slot1_8@b9p10p6632.cern.ch
	CondorScratchDir = "/pool/condor/dir_1651489"
	Cpus = 8
	Disk = 2737775
	Memory = 16000
...
006 (10252907.7153.000) 07/24 18:37:07 Image size of job updated: 171608
	15  -  MemoryUsage of job (MB)
	14816  -  ResidentSetSize of job (KB)
...
040 (10252907.7153.000) 07/24 18:37:07 Started transferring output files
...
040 (10252907.7153.000) 07/24 18:37:07 Finished transferring output files
...
005 (10252907.7153.000) 07/24 18:37:07 Job terminated.
	(1) Normal termination (return value 0)
		Usr 0 00:00:03, Sys 0 00:00:00  -  Run Remote Usage
		Usr 0 00:00:00, Sys 0 00:00:00  -  Run Local Usage
		Usr 0 00:00:03, Sys 0 00:00:00  -  Total Remote Usage
		Usr 0 00:00:00, Sys 0 00:00:00  -  Total Local Usage
	6204  -  Run Bytes Sent By Job
	409597  -  Run Bytes Received By Job
	6204  -  Total Bytes Sent By Job
	409597  -  Total Bytes Received By Job
	Partitionable Resources :    Usage  Request Allocated 
	   Cpus                 :        0        8         8 
	   Disk (KB)            :      427      425   2737775 
	   Memory (MB)          :       15    16000     16000 

	Job terminated of its own accord at 2024-07-24T16:37:07Z with exit-code 0.
...
040 (10252908.7153.000) 07/24 19:42:29 Started transferring input files
	Transferring to host: <188.185.205.136:9618?addrs=188.185.205.136-9618+[2001-1458-303-a--100-5]-9618&alias=b9p04p5422.cern.ch&noUDP&sock=slot1_14_4780_b13b_76366>
...
040 (10252908.7153.000) 07/24 19:42:29 Finished transferring input files
...
001 (10252908.7153.000) 07/24 19:42:30 Job executing on host: <188.185.205.136:9618?addrs=188.185.205.136-9618+[2001-1458-303-a--100-5]-9618&alias=b9p04p5422.cern.ch&noUDP&sock=startd_4004_fd4b>
	SlotName: slot1_14@b9p04p5422.cern.ch
	CondorScratchDir = "/pool/condor/dir_566856"
	Cpus = 8
	Disk = 2615994
	Memory = 16000
...
006 (10252908.7153.000) 07/24 19:42:36 Image size of job updated: 159864
	8  -  MemoryUsage of job (MB)
	7648  -  ResidentSetSize of job (KB)
...
040 (10252908.7153.000) 07/24 19:42:36 Started transferring output files
...
040 (10252908.7153.000) 07/24 19:42:36 Finished transferring output files
...
005 (10252908.7153.000) 07/24 19:42:37 Job terminated.
	(1) Normal termination (return value 0)
		Usr 0 00:00:04, Sys 0 00:00:00  -  Run Remote Usage
		Usr 0 00:00:00, Sys 0 00:00:00  -  Run Local Usage
		Usr 0 00:00:04, Sys 0 00:00:00  -  Total Remote Usage
		Usr 0 00:00:00, Sys 0 00:00:00  -  Total Local Usage
	6201  -  Run Bytes Sent By Job
	409597  -  Run Bytes Received By Job
	6201  -  Total Bytes Sent By Job
	409597  -  Total Bytes Received By Job
	Partitionable Resources :    Usage  Request Allocated 
	   Cpus                 :        0        8         8 
	   Disk (KB)            :      428      425   2615994 
	   Memory (MB)          :        8    16000     16000 

	Job terminated of its own accord at 2024-07-24T17:42:36Z with exit-code 0.
...
040 (10252909.7153.000) 07/24 20:38:55 Started transferring input files
	Transferring to host: <188.185.209.189:9618?addrs=188.185.209.189-9618+[2001-1458-303-12--100-3a]-9618&alias=b9p12p5961.cern.ch&noUDP&sock=slot1_11_3731474_bf74_74769>
...
040 (10252909.7153.000) 07/24 20:38:55 Finished transferring input files
...
001 (10252909.7153.000) 07/24 20:38:56 Job executing on host: <188.185.209.189:9618?addrs=188.185.209.189-9618+[2001-1458-303-12--100-3a]-9618&alias=b9p12p5961.cern.ch&noUDP&sock=startd_1532964_6041>
	SlotName: slot1_11@b9p12p5961.cern.ch
	CondorScratchDir = "/pool/condor/dir_938261"
	Cpus = 8
	Disk = 2813801
	Memory = 16000
...
006 (10252909.7153.000) 07/24 20:39:00 Image size of job updated: 159840
	8  -  MemoryUsage of job (MB)
	7560  -  ResidentSetSize of job (KB)
...
040 (10252909.7153.000) 07/24 20:39:00 Started transferring output files
...
040 (10252909.7153.000) 07/24 20:39:00 Finished transferring output files
...
005 (10252909.7153.000) 07/24 20:39:00 Job terminated.
	(1) Normal termination (return value 0)
		Usr 0 00:00:03, Sys 0 00:00:00  -  Run Remote Usage
		Usr 0 00:00:00, Sys 0 00:00:00  -  Run Local Usage
		Usr 0 00:00:03, Sys 0 00:00:00  -  Total Remote Usage
		Usr 0 00:00:00, Sys 0 00:00:00  -  Total Local Usage
	6201  -  Run Bytes Sent By Job
	409597  -  Run Bytes Received By Job
	6201  -  Total Bytes Sent By Job
	409597  -  Total Bytes Received By Job
	Partitionable Resources :    Usage  Request Allocated 
	   Cpus                 :        0        8         8 
	   Disk (KB)            :      430      425   2813801 
	   Memory (MB)          :        8    16000     16000 

	Job terminated of its own accord at 2024-07-24T18:39:00Z with exit-code 0.
...
000 (10261715.7153.000) 07/25 13:03:58 Job submitted from host: <188.185.114.121:9618?addrs=188.185.114.121-9618+[2001-1458-d00-a--100-273]-9618&alias=bigbird19.cern.ch&noUDP&sock=schedd_4961_696e>
...
009 (10261715.7153.000) 07/25 13:07:20 Job was aborted.
	via condor_rm (by user yelberke)
...
000 (10261767.7153.000) 07/25 13:20:58 Job submitted from host: <188.185.114.121:9618?addrs=188.185.114.121-9618+[2001-1458-d00-a--100-273]-9618&alias=bigbird19.cern.ch&noUDP&sock=schedd_4961_696e>
...
040 (10261767.7153.000) 07/25 15:07:34 Started transferring input files
	Transferring to host: <188.185.209.169:9618?addrs=188.185.209.169-9618+[2001-1458-303-12--100-26]-9618&alias=b9p12p5343.cern.ch&noUDP&sock=slot1_15_10700_de2c_144217>
...
040 (10261767.7153.000) 07/25 15:07:34 Finished transferring input files
...
001 (10261767.7153.000) 07/25 15:07:35 Job executing on host: <188.185.209.169:9618?addrs=188.185.209.169-9618+[2001-1458-303-12--100-26]-9618&alias=b9p12p5343.cern.ch&noUDP&sock=startd_9371_4e16>
	SlotName: slot1_15@b9p12p5343.cern.ch
	CondorScratchDir = "/pool/condor/dir_3145686"
	Cpus = 12
	Disk = 2928548
	Memory = 24000
...
006 (10261767.7153.000) 07/25 15:07:40 Image size of job updated: 160964
	7  -  MemoryUsage of job (MB)
	7140  -  ResidentSetSize of job (KB)
...
040 (10261767.7153.000) 07/25 15:07:40 Started transferring output files
...
040 (10261767.7153.000) 07/25 15:07:40 Finished transferring output files
...
005 (10261767.7153.000) 07/25 15:07:40 Job terminated.
	(1) Normal termination (return value 0)
		Usr 0 00:00:03, Sys 0 00:00:00  -  Run Remote Usage
		Usr 0 00:00:00, Sys 0 00:00:00  -  Run Local Usage
		Usr 0 00:00:03, Sys 0 00:00:00  -  Total Remote Usage
		Usr 0 00:00:00, Sys 0 00:00:00  -  Total Local Usage
	6673  -  Run Bytes Sent By Job
	409597  -  Run Bytes Received By Job
	6673  -  Total Bytes Sent By Job
	409597  -  Total Bytes Received By Job
	Partitionable Resources :    Usage  Request Allocated 
	   Cpus                 :     0.06       12        12 
	   Disk (KB)            :   429         425   2928548 
	   Memory (MB)          :     7       24000     24000 

	Job terminated of its own accord at 2024-07-25T13:07:40Z with exit-code 0.
...
000 (10284266.7153.000) 08/02 15:47:52 Job submitted from host: <188.185.114.121:9618?addrs=188.185.114.121-9618+[2001-1458-d00-a--100-273]-9618&alias=bigbird19.cern.ch&noUDP&sock=schedd_4961_696e>
...
000 (10284267.7153.000) 08/02 15:50:19 Job submitted from host: <188.185.114.121:9618?addrs=188.185.114.121-9618+[2001-1458-d00-a--100-273]-9618&alias=bigbird19.cern.ch&noUDP&sock=schedd_4961_696e>
...
009 (10284266.7153.000) 08/02 15:50:46 Job was aborted.
	via condor_rm (by user yelberke)
...
040 (10284267.7153.000) 08/02 17:21:43 Started transferring input files
	Transferring to host: <188.185.205.41:9618?addrs=188.185.205.41-9618&alias=b9p03p4642.cern.ch&noUDP&sock=slot1_8_7380_a0a5_164223>
...
040 (10284267.7153.000) 08/02 17:21:43 Finished transferring input files
...
001 (10284267.7153.000) 08/02 17:21:44 Job executing on host: <188.185.205.41:9618?addrs=188.185.205.41-9618&alias=b9p03p4642.cern.ch&noUDP&sock=startd_7312_0096>
	SlotName: slot1_8@b9p03p4642.cern.ch
	CondorScratchDir = "/pool/condor/dir_2030381"
	Cpus = 12
	Disk = 2858289
	Memory = 24000
...
006 (10284267.7153.000) 08/02 17:21:46 Image size of job updated: 327208
	4  -  MemoryUsage of job (MB)
	4056  -  ResidentSetSize of job (KB)
...
040 (10284267.7153.000) 08/02 17:21:46 Started transferring output files
...
040 (10284267.7153.000) 08/02 17:21:46 Finished transferring output files
...
005 (10284267.7153.000) 08/02 17:21:46 Job terminated.
	(1) Normal termination (return value 139)
		Usr 0 00:00:02, Sys 0 00:00:01  -  Run Remote Usage
		Usr 0 00:00:00, Sys 0 00:00:00  -  Run Local Usage
		Usr 0 00:00:02, Sys 0 00:00:01  -  Total Remote Usage
		Usr 0 00:00:00, Sys 0 00:00:00  -  Total Local Usage
	7696  -  Run Bytes Sent By Job
	409597  -  Run Bytes Received By Job
	7696  -  Total Bytes Sent By Job
	409597  -  Total Bytes Received By Job
	Partitionable Resources :    Usage  Request Allocated 
	   Cpus                 :        0       12        12 
	   Disk (KB)            :      429      425   2858289 
	   Memory (MB)          :        4    24000     24000 

	Job terminated of its own accord at 2024-08-02T15:21:46Z with exit-code 139.
...
