000 (10252905.7155.000) 07/24 16:13:25 Job submitted from host: <188.185.114.121:9618?addrs=188.185.114.121-9618+[2001-1458-d00-a--100-273]-9618&alias=bigbird19.cern.ch&noUDP&sock=schedd_4961_696e>
...
009 (10252905.7155.000) 07/24 16:14:55 Job was aborted.
	via condor_rm (by user yelberke)
...
000 (10252906.7155.000) 07/24 16:15:42 Job submitted from host: <188.185.114.121:9618?addrs=188.185.114.121-9618+[2001-1458-d00-a--100-273]-9618&alias=bigbird19.cern.ch&noUDP&sock=schedd_4961_696e>
...
000 (10252907.7155.000) 07/24 16:17:37 Job submitted from host: <188.185.114.121:9618?addrs=188.185.114.121-9618+[2001-1458-d00-a--100-273]-9618&alias=bigbird19.cern.ch&noUDP&sock=schedd_4961_696e>
...
000 (10252908.7155.000) 07/24 16:18:10 Job submitted from host: <188.185.114.121:9618?addrs=188.185.114.121-9618+[2001-1458-d00-a--100-273]-9618&alias=bigbird19.cern.ch&noUDP&sock=schedd_4961_696e>
...
000 (10252909.7155.000) 07/24 16:18:46 Job submitted from host: <188.185.114.121:9618?addrs=188.185.114.121-9618+[2001-1458-d00-a--100-273]-9618&alias=bigbird19.cern.ch&noUDP&sock=schedd_4961_696e>
...
040 (10252906.7155.000) 07/24 17:37:31 Started transferring input files
	Transferring to host: <188.185.209.150:9618?addrs=188.185.209.150-9618+[2001-1458-303-12--100-13]-9618&alias=b9p12p9730.cern.ch&noUDP&sock=slot1_24_6331_831b_144809>
...
040 (10252906.7155.000) 07/24 17:37:31 Finished transferring input files
...
001 (10252906.7155.000) 07/24 17:37:32 Job executing on host: <188.185.209.150:9618?addrs=188.185.209.150-9618+[2001-1458-303-12--100-13]-9618&alias=b9p12p9730.cern.ch&noUDP&sock=startd_5106_dea9>
	SlotName: slot1_24@b9p12p9730.cern.ch
	CondorScratchDir = "/pool/condor/dir_3678476"
	Cpus = 8
	Disk = 2673509
	Memory = 16000
...
006 (10252906.7155.000) 07/24 17:37:36 Image size of job updated: 159944
	8  -  MemoryUsage of job (MB)
	7748  -  ResidentSetSize of job (KB)
...
040 (10252906.7155.000) 07/24 17:37:36 Started transferring output files
...
040 (10252906.7155.000) 07/24 17:37:36 Finished transferring output files
...
005 (10252906.7155.000) 07/24 17:37:36 Job terminated.
	(1) Normal termination (return value 0)
		Usr 0 00:00:03, Sys 0 00:00:00  -  Run Remote Usage
		Usr 0 00:00:00, Sys 0 00:00:00  -  Run Local Usage
		Usr 0 00:00:03, Sys 0 00:00:00  -  Total Remote Usage
		Usr 0 00:00:00, Sys 0 00:00:00  -  Total Local Usage
	6201  -  Run Bytes Sent By Job
	409597  -  Run Bytes Received By Job
	6201  -  Total Bytes Sent By Job
	409597  -  Total Bytes Received By Job
	Partitionable Resources :    Usage  Request Allocated 
	   Cpus                 :        0        8         8 
	   Disk (KB)            :      427      425   2673509 
	   Memory (MB)          :        8    16000     16000 

	Job terminated of its own accord at 2024-07-24T15:37:36Z with exit-code 0.
...
040 (10252907.7155.000) 07/24 18:37:03 Started transferring input files
	Transferring to host: <188.185.204.197:9618?addrs=188.185.204.197-9618+[2001-1458-303-8--100-b9]-9618&alias=b9p02p4569.cern.ch&noUDP&sock=slot1_12_9998_3ed0_27522>
...
040 (10252907.7155.000) 07/24 18:37:03 Finished transferring input files
...
001 (10252907.7155.000) 07/24 18:37:04 Job executing on host: <188.185.204.197:9618?addrs=188.185.204.197-9618+[2001-1458-303-8--100-b9]-9618&alias=b9p02p4569.cern.ch&noUDP&sock=startd_9040_443d>
	SlotName: slot1_12@b9p02p4569.cern.ch
	CondorScratchDir = "/pool/condor/dir_200994"
	Cpus = 8
	Disk = 2775701
	Memory = 16000
...
006 (10252907.7155.000) 07/24 18:37:08 Image size of job updated: 159308
	8  -  MemoryUsage of job (MB)
	7296  -  ResidentSetSize of job (KB)
...
040 (10252907.7155.000) 07/24 18:37:08 Started transferring output files
...
040 (10252907.7155.000) 07/24 18:37:08 Finished transferring output files
...
005 (10252907.7155.000) 07/24 18:37:08 Job terminated.
	(1) Normal termination (return value 0)
		Usr 0 00:00:03, Sys 0 00:00:00  -  Run Remote Usage
		Usr 0 00:00:00, Sys 0 00:00:00  -  Run Local Usage
		Usr 0 00:00:03, Sys 0 00:00:00  -  Total Remote Usage
		Usr 0 00:00:00, Sys 0 00:00:00  -  Total Local Usage
	6204  -  Run Bytes Sent By Job
	409597  -  Run Bytes Received By Job
	6204  -  Total Bytes Sent By Job
	409597  -  Total Bytes Received By Job
	Partitionable Resources :    Usage  Request Allocated 
	   Cpus                 :        0        8         8 
	   Disk (KB)            :      428      425   2775701 
	   Memory (MB)          :        8    16000     16000 

	Job terminated of its own accord at 2024-07-24T16:37:08Z with exit-code 0.
...
040 (10252908.7155.000) 07/24 19:42:30 Started transferring input files
	Transferring to host: <188.185.198.178:9618?addrs=188.185.198.178-9618+[2001-1458-303-25--100-ae]-9618&alias=b9p15p6631.cern.ch&noUDP&sock=slot1_6_138726_c442_31874>
...
040 (10252908.7155.000) 07/24 19:42:30 Finished transferring input files
...
001 (10252908.7155.000) 07/24 19:42:31 Job executing on host: <188.185.198.178:9618?addrs=188.185.198.178-9618+[2001-1458-303-25--100-ae]-9618&alias=b9p15p6631.cern.ch&noUDP&sock=startd_128359_2d10>
	SlotName: slot1_6@b9p15p6631.cern.ch
	CondorScratchDir = "/pool/condor/dir_2312186"
	Cpus = 8
	Disk = 3010565
	Memory = 16000
...
006 (10252908.7155.000) 07/24 19:42:36 Image size of job updated: 158208
	8  -  MemoryUsage of job (MB)
	7584  -  ResidentSetSize of job (KB)
...
040 (10252908.7155.000) 07/24 19:42:36 Started transferring output files
...
040 (10252908.7155.000) 07/24 19:42:36 Finished transferring output files
...
005 (10252908.7155.000) 07/24 19:42:37 Job terminated.
	(1) Normal termination (return value 0)
		Usr 0 00:00:04, Sys 0 00:00:00  -  Run Remote Usage
		Usr 0 00:00:00, Sys 0 00:00:00  -  Run Local Usage
		Usr 0 00:00:04, Sys 0 00:00:00  -  Total Remote Usage
		Usr 0 00:00:00, Sys 0 00:00:00  -  Total Local Usage
	6201  -  Run Bytes Sent By Job
	409597  -  Run Bytes Received By Job
	6201  -  Total Bytes Sent By Job
	409597  -  Total Bytes Received By Job
	Partitionable Resources :    Usage  Request Allocated 
	   Cpus                 :        0        8         8 
	   Disk (KB)            :      428      425   3010565 
	   Memory (MB)          :        8    16000     16000 

	Job terminated of its own accord at 2024-07-24T17:42:36Z with exit-code 0.
...
040 (10252909.7155.000) 07/24 20:36:29 Started transferring input files
	Transferring to host: <188.185.207.140:9618?addrs=188.185.207.140-9618+[2001-1458-303-e--100-9]-9618&alias=b9p08p7307.cern.ch&noUDP&sock=slot1_13_15058_791d_142491>
...
040 (10252909.7155.000) 07/24 20:36:29 Finished transferring input files
...
001 (10252909.7155.000) 07/24 20:36:30 Job executing on host: <188.185.207.140:9618?addrs=188.185.207.140-9618+[2001-1458-303-e--100-9]-9618&alias=b9p08p7307.cern.ch&noUDP&sock=startd_13708_2054>
	SlotName: slot1_13@b9p08p7307.cern.ch
	CondorScratchDir = "/pool/condor/dir_3362282"
	Cpus = 8
	Disk = 2997883
	Memory = 16000
...
006 (10252909.7155.000) 07/24 20:36:34 Image size of job updated: 159940
	7  -  MemoryUsage of job (MB)
	7148  -  ResidentSetSize of job (KB)
...
040 (10252909.7155.000) 07/24 20:36:34 Started transferring output files
...
040 (10252909.7155.000) 07/24 20:36:34 Finished transferring output files
...
005 (10252909.7155.000) 07/24 20:36:34 Job terminated.
	(1) Normal termination (return value 0)
		Usr 0 00:00:03, Sys 0 00:00:00  -  Run Remote Usage
		Usr 0 00:00:00, Sys 0 00:00:00  -  Run Local Usage
		Usr 0 00:00:03, Sys 0 00:00:00  -  Total Remote Usage
		Usr 0 00:00:00, Sys 0 00:00:00  -  Total Local Usage
	6201  -  Run Bytes Sent By Job
	409597  -  Run Bytes Received By Job
	6201  -  Total Bytes Sent By Job
	409597  -  Total Bytes Received By Job
	Partitionable Resources :    Usage  Request Allocated 
	   Cpus                 :        0        8         8 
	   Disk (KB)            :      427      425   2997883 
	   Memory (MB)          :        7    16000     16000 

	Job terminated of its own accord at 2024-07-24T18:36:34Z with exit-code 0.
...
000 (10261715.7155.000) 07/25 13:03:58 Job submitted from host: <188.185.114.121:9618?addrs=188.185.114.121-9618+[2001-1458-d00-a--100-273]-9618&alias=bigbird19.cern.ch&noUDP&sock=schedd_4961_696e>
...
009 (10261715.7155.000) 07/25 13:07:20 Job was aborted.
	via condor_rm (by user yelberke)
...
000 (10261767.7155.000) 07/25 13:20:58 Job submitted from host: <188.185.114.121:9618?addrs=188.185.114.121-9618+[2001-1458-d00-a--100-273]-9618&alias=bigbird19.cern.ch&noUDP&sock=schedd_4961_696e>
...
040 (10261767.7155.000) 07/25 15:07:35 Started transferring input files
	Transferring to host: <188.185.208.141:9618?addrs=188.185.208.141-9618+[2001-1458-303-10--100-a]-9618&alias=b9p10p2306.cern.ch&noUDP&sock=slot1_5_13778_98e9_26435>
...
040 (10261767.7155.000) 07/25 15:07:35 Finished transferring input files
...
001 (10261767.7155.000) 07/25 15:07:36 Job executing on host: <188.185.208.141:9618?addrs=188.185.208.141-9618+[2001-1458-303-10--100-a]-9618&alias=b9p10p2306.cern.ch&noUDP&sock=startd_12774_7adf>
	SlotName: slot1_5@b9p10p2306.cern.ch
	CondorScratchDir = "/pool/condor/dir_3411467"
	Cpus = 12
	Disk = 2752680
	Memory = 24000
...
006 (10261767.7155.000) 07/25 15:07:40 Image size of job updated: 161084
	7  -  MemoryUsage of job (MB)
	6872  -  ResidentSetSize of job (KB)
...
040 (10261767.7155.000) 07/25 15:07:40 Started transferring output files
...
040 (10261767.7155.000) 07/25 15:07:40 Finished transferring output files
...
005 (10261767.7155.000) 07/25 15:07:40 Job terminated.
	(1) Normal termination (return value 0)
		Usr 0 00:00:03, Sys 0 00:00:00  -  Run Remote Usage
		Usr 0 00:00:00, Sys 0 00:00:00  -  Run Local Usage
		Usr 0 00:00:03, Sys 0 00:00:00  -  Total Remote Usage
		Usr 0 00:00:00, Sys 0 00:00:00  -  Total Local Usage
	6673  -  Run Bytes Sent By Job
	409597  -  Run Bytes Received By Job
	6673  -  Total Bytes Sent By Job
	409597  -  Total Bytes Received By Job
	Partitionable Resources :    Usage  Request Allocated 
	   Cpus                 :        0       12        12 
	   Disk (KB)            :      428      425   2752680 
	   Memory (MB)          :        7    24000     24000 

	Job terminated of its own accord at 2024-07-25T13:07:40Z with exit-code 0.
...
000 (10284266.7155.000) 08/02 15:47:52 Job submitted from host: <188.185.114.121:9618?addrs=188.185.114.121-9618+[2001-1458-d00-a--100-273]-9618&alias=bigbird19.cern.ch&noUDP&sock=schedd_4961_696e>
...
000 (10284267.7155.000) 08/02 15:50:19 Job submitted from host: <188.185.114.121:9618?addrs=188.185.114.121-9618+[2001-1458-d00-a--100-273]-9618&alias=bigbird19.cern.ch&noUDP&sock=schedd_4961_696e>
...
009 (10284266.7155.000) 08/02 15:50:46 Job was aborted.
	via condor_rm (by user yelberke)
...
040 (10284267.7155.000) 08/02 17:21:44 Started transferring input files
	Transferring to host: <188.185.209.222:9618?addrs=188.185.209.222-9618+[2001-1458-303-12--100-5b]-9618&alias=b9p12p3106.cern.ch&noUDP&sock=slot1_1_15360_426a_34849>
...
040 (10284267.7155.000) 08/02 17:21:44 Finished transferring input files
...
001 (10284267.7155.000) 08/02 17:21:45 Job executing on host: <188.185.209.222:9618?addrs=188.185.209.222-9618+[2001-1458-303-12--100-5b]-9618&alias=b9p12p3106.cern.ch&noUDP&sock=startd_14383_1ec2>
	SlotName: slot1_1@b9p12p3106.cern.ch
	CondorScratchDir = "/pool/condor/dir_1024273"
	Cpus = 12
	Disk = 2580706
	Memory = 24000
...
006 (10284267.7155.000) 08/02 17:21:48 Image size of job updated: 323424
	5  -  MemoryUsage of job (MB)
	4128  -  ResidentSetSize of job (KB)
...
040 (10284267.7155.000) 08/02 17:21:48 Started transferring output files
...
040 (10284267.7155.000) 08/02 17:21:48 Finished transferring output files
...
005 (10284267.7155.000) 08/02 17:21:48 Job terminated.
	(1) Normal termination (return value 139)
		Usr 0 00:00:02, Sys 0 00:00:00  -  Run Remote Usage
		Usr 0 00:00:00, Sys 0 00:00:00  -  Run Local Usage
		Usr 0 00:00:02, Sys 0 00:00:00  -  Total Remote Usage
		Usr 0 00:00:00, Sys 0 00:00:00  -  Total Local Usage
	7696  -  Run Bytes Sent By Job
	409597  -  Run Bytes Received By Job
	7696  -  Total Bytes Sent By Job
	409597  -  Total Bytes Received By Job
	Partitionable Resources :    Usage  Request Allocated 
	   Cpus                 :        0       12        12 
	   Disk (KB)            :      430      425   2580706 
	   Memory (MB)          :        5    24000     24000 

	Job terminated of its own accord at 2024-08-02T15:21:48Z with exit-code 139.
...
