000 (10252905.7165.000) 07/24 16:13:25 Job submitted from host: <188.185.114.121:9618?addrs=188.185.114.121-9618+[2001-1458-d00-a--100-273]-9618&alias=bigbird19.cern.ch&noUDP&sock=schedd_4961_696e>
...
009 (10252905.7165.000) 07/24 16:14:55 Job was aborted.
	via condor_rm (by user yelberke)
...
000 (10252906.7165.000) 07/24 16:15:42 Job submitted from host: <188.185.114.121:9618?addrs=188.185.114.121-9618+[2001-1458-d00-a--100-273]-9618&alias=bigbird19.cern.ch&noUDP&sock=schedd_4961_696e>
...
000 (10252907.7165.000) 07/24 16:17:37 Job submitted from host: <188.185.114.121:9618?addrs=188.185.114.121-9618+[2001-1458-d00-a--100-273]-9618&alias=bigbird19.cern.ch&noUDP&sock=schedd_4961_696e>
...
000 (10252908.7165.000) 07/24 16:18:10 Job submitted from host: <188.185.114.121:9618?addrs=188.185.114.121-9618+[2001-1458-d00-a--100-273]-9618&alias=bigbird19.cern.ch&noUDP&sock=schedd_4961_696e>
...
000 (10252909.7165.000) 07/24 16:18:46 Job submitted from host: <188.185.114.121:9618?addrs=188.185.114.121-9618+[2001-1458-d00-a--100-273]-9618&alias=bigbird19.cern.ch&noUDP&sock=schedd_4961_696e>
...
040 (10252906.7165.000) 07/24 17:37:33 Started transferring input files
	Transferring to host: <188.185.194.130:9618?addrs=188.185.194.130-9618&alias=b9p20p2820.cern.ch&noUDP&sock=slot1_4_3459937_5df2_429>
...
040 (10252906.7165.000) 07/24 17:37:33 Finished transferring input files
...
001 (10252906.7165.000) 07/24 17:37:34 Job executing on host: <188.185.194.130:9618?addrs=188.185.194.130-9618&alias=b9p20p2820.cern.ch&noUDP&sock=startd_127909_8372>
	SlotName: slot1_4@b9p20p2820.cern.ch
	CondorScratchDir = "/pool/condor/dir_1630103"
	Cpus = 8
	Disk = 2997371
	Memory = 16000
...
006 (10252906.7165.000) 07/24 17:37:39 Image size of job updated: 159912
	8  -  MemoryUsage of job (MB)
	7748  -  ResidentSetSize of job (KB)
...
040 (10252906.7165.000) 07/24 17:37:39 Started transferring output files
...
040 (10252906.7165.000) 07/24 17:37:39 Finished transferring output files
...
005 (10252906.7165.000) 07/24 17:37:39 Job terminated.
	(1) Normal termination (return value 0)
		Usr 0 00:00:04, Sys 0 00:00:00  -  Run Remote Usage
		Usr 0 00:00:00, Sys 0 00:00:00  -  Run Local Usage
		Usr 0 00:00:04, Sys 0 00:00:00  -  Total Remote Usage
		Usr 0 00:00:00, Sys 0 00:00:00  -  Total Local Usage
	6201  -  Run Bytes Sent By Job
	409597  -  Run Bytes Received By Job
	6201  -  Total Bytes Sent By Job
	409597  -  Total Bytes Received By Job
	Partitionable Resources :    Usage  Request Allocated 
	   Cpus                 :        0        8         8 
	   Disk (KB)            :      427      425   2997371 
	   Memory (MB)          :        8    16000     16000 

	Job terminated of its own accord at 2024-07-24T15:37:39Z with exit-code 0.
...
040 (10252907.7165.000) 07/24 18:37:06 Started transferring input files
	Transferring to host: <188.185.196.41:9618?addrs=188.185.196.41-9618+[2001-1458-303-23--100-25]-9618&alias=b9p16p3487.cern.ch&noUDP&sock=slot1_10_184355_8662_24992>
...
040 (10252907.7165.000) 07/24 18:37:06 Finished transferring input files
...
001 (10252907.7165.000) 07/24 18:37:07 Job executing on host: <188.185.196.41:9618?addrs=188.185.196.41-9618+[2001-1458-303-23--100-25]-9618&alias=b9p16p3487.cern.ch&noUDP&sock=startd_174787_ec1c>
	SlotName: slot1_10@b9p16p3487.cern.ch
	CondorScratchDir = "/pool/condor/dir_3498483"
	Cpus = 8
	Disk = 2900201
	Memory = 16000
...
006 (10252907.7165.000) 07/24 18:37:16 Image size of job updated: 157036
	7  -  MemoryUsage of job (MB)
	6796  -  ResidentSetSize of job (KB)
...
040 (10252907.7165.000) 07/24 18:37:16 Started transferring output files
...
040 (10252907.7165.000) 07/24 18:37:16 Finished transferring output files
...
005 (10252907.7165.000) 07/24 18:37:16 Job terminated.
	(1) Normal termination (return value 0)
		Usr 0 00:00:07, Sys 0 00:00:00  -  Run Remote Usage
		Usr 0 00:00:00, Sys 0 00:00:00  -  Run Local Usage
		Usr 0 00:00:07, Sys 0 00:00:00  -  Total Remote Usage
		Usr 0 00:00:00, Sys 0 00:00:00  -  Total Local Usage
	6204  -  Run Bytes Sent By Job
	409597  -  Run Bytes Received By Job
	6204  -  Total Bytes Sent By Job
	409597  -  Total Bytes Received By Job
	Partitionable Resources :    Usage  Request Allocated 
	   Cpus                 :        0        8         8 
	   Disk (KB)            :      428      425   2900201 
	   Memory (MB)          :        7    16000     16000 

	Job terminated of its own accord at 2024-07-24T16:37:16Z with exit-code 0.
...
040 (10252908.7165.000) 07/24 19:42:32 Started transferring input files
	Transferring to host: <188.185.205.136:9618?addrs=188.185.205.136-9618+[2001-1458-303-a--100-5]-9618&alias=b9p04p5422.cern.ch&noUDP&sock=slot1_20_4780_b13b_76367>
...
040 (10252908.7165.000) 07/24 19:42:32 Finished transferring input files
...
001 (10252908.7165.000) 07/24 19:42:33 Job executing on host: <188.185.205.136:9618?addrs=188.185.205.136-9618+[2001-1458-303-a--100-5]-9618&alias=b9p04p5422.cern.ch&noUDP&sock=startd_4004_fd4b>
	SlotName: slot1_20@b9p04p5422.cern.ch
	CondorScratchDir = "/pool/condor/dir_567133"
	Cpus = 8
	Disk = 2616009
	Memory = 16000
...
006 (10252908.7165.000) 07/24 19:42:39 Image size of job updated: 160652
	8  -  MemoryUsage of job (MB)
	8000  -  ResidentSetSize of job (KB)
...
040 (10252908.7165.000) 07/24 19:42:39 Started transferring output files
...
040 (10252908.7165.000) 07/24 19:42:39 Finished transferring output files
...
005 (10252908.7165.000) 07/24 19:42:39 Job terminated.
	(1) Normal termination (return value 0)
		Usr 0 00:00:04, Sys 0 00:00:00  -  Run Remote Usage
		Usr 0 00:00:00, Sys 0 00:00:00  -  Run Local Usage
		Usr 0 00:00:04, Sys 0 00:00:00  -  Total Remote Usage
		Usr 0 00:00:00, Sys 0 00:00:00  -  Total Local Usage
	6201  -  Run Bytes Sent By Job
	409597  -  Run Bytes Received By Job
	6201  -  Total Bytes Sent By Job
	409597  -  Total Bytes Received By Job
	Partitionable Resources :    Usage  Request Allocated 
	   Cpus                 :        0        8         8 
	   Disk (KB)            :      427      425   2616009 
	   Memory (MB)          :        8    16000     16000 

	Job terminated of its own accord at 2024-07-24T17:42:39Z with exit-code 0.
...
040 (10252909.7165.000) 07/24 20:38:57 Started transferring input files
	Transferring to host: <188.185.205.125:9618?addrs=188.185.205.125-9618+[2001-1458-303-9--100-7a]-9618&alias=b9p03p9078.cern.ch&noUDP&sock=slot1_14_6035_f40e_80990>
...
040 (10252909.7165.000) 07/24 20:38:57 Finished transferring input files
...
001 (10252909.7165.000) 07/24 20:38:58 Job executing on host: <188.185.205.125:9618?addrs=188.185.205.125-9618+[2001-1458-303-9--100-7a]-9618&alias=b9p03p9078.cern.ch&noUDP&sock=startd_4951_8d7b>
	SlotName: slot1_14@b9p03p9078.cern.ch
	CondorScratchDir = "/pool/condor/dir_1459306"
	Cpus = 8
	Disk = 2821669
	Memory = 16000
...
006 (10252909.7165.000) 07/24 20:39:02 Image size of job updated: 158172
	8  -  MemoryUsage of job (MB)
	7492  -  ResidentSetSize of job (KB)
...
040 (10252909.7165.000) 07/24 20:39:02 Started transferring output files
...
040 (10252909.7165.000) 07/24 20:39:02 Finished transferring output files
...
005 (10252909.7165.000) 07/24 20:39:02 Job terminated.
	(1) Normal termination (return value 0)
		Usr 0 00:00:03, Sys 0 00:00:00  -  Run Remote Usage
		Usr 0 00:00:00, Sys 0 00:00:00  -  Run Local Usage
		Usr 0 00:00:03, Sys 0 00:00:00  -  Total Remote Usage
		Usr 0 00:00:00, Sys 0 00:00:00  -  Total Local Usage
	6201  -  Run Bytes Sent By Job
	409597  -  Run Bytes Received By Job
	6201  -  Total Bytes Sent By Job
	409597  -  Total Bytes Received By Job
	Partitionable Resources :    Usage  Request Allocated 
	   Cpus                 :        0        8         8 
	   Disk (KB)            :      427      425   2821669 
	   Memory (MB)          :        8    16000     16000 

	Job terminated of its own accord at 2024-07-24T18:39:02Z with exit-code 0.
...
000 (10261715.7165.000) 07/25 13:03:59 Job submitted from host: <188.185.114.121:9618?addrs=188.185.114.121-9618+[2001-1458-d00-a--100-273]-9618&alias=bigbird19.cern.ch&noUDP&sock=schedd_4961_696e>
...
009 (10261715.7165.000) 07/25 13:07:20 Job was aborted.
	via condor_rm (by user yelberke)
...
000 (10261767.7165.000) 07/25 13:20:58 Job submitted from host: <188.185.114.121:9618?addrs=188.185.114.121-9618+[2001-1458-d00-a--100-273]-9618&alias=bigbird19.cern.ch&noUDP&sock=schedd_4961_696e>
...
040 (10261767.7165.000) 07/25 15:07:38 Started transferring input files
	Transferring to host: <188.185.205.174:9618?addrs=188.185.205.174-9618+[2001-1458-303-a--100-2b]-9618&alias=b9p04p6534.cern.ch&noUDP&sock=slot1_31_6238_fc37_84823>
...
040 (10261767.7165.000) 07/25 15:07:38 Finished transferring input files
...
001 (10261767.7165.000) 07/25 15:07:39 Job executing on host: <188.185.205.174:9618?addrs=188.185.205.174-9618+[2001-1458-303-a--100-2b]-9618&alias=b9p04p6534.cern.ch&noUDP&sock=startd_5036_db08>
	SlotName: slot1_31@b9p04p6534.cern.ch
	CondorScratchDir = "/pool/condor/dir_1315262"
	Cpus = 12
	Disk = 2825605
	Memory = 24000
...
006 (10261767.7165.000) 07/25 15:07:44 Image size of job updated: 161372
	8  -  MemoryUsage of job (MB)
	7300  -  ResidentSetSize of job (KB)
...
040 (10261767.7165.000) 07/25 15:07:44 Started transferring output files
...
040 (10261767.7165.000) 07/25 15:07:44 Finished transferring output files
...
005 (10261767.7165.000) 07/25 15:07:44 Job terminated.
	(1) Normal termination (return value 0)
		Usr 0 00:00:03, Sys 0 00:00:00  -  Run Remote Usage
		Usr 0 00:00:00, Sys 0 00:00:00  -  Run Local Usage
		Usr 0 00:00:03, Sys 0 00:00:00  -  Total Remote Usage
		Usr 0 00:00:00, Sys 0 00:00:00  -  Total Local Usage
	6673  -  Run Bytes Sent By Job
	409597  -  Run Bytes Received By Job
	6673  -  Total Bytes Sent By Job
	409597  -  Total Bytes Received By Job
	Partitionable Resources :    Usage  Request Allocated 
	   Cpus                 :        0       12        12 
	   Disk (KB)            :      428      425   2825605 
	   Memory (MB)          :        8    24000     24000 

	Job terminated of its own accord at 2024-07-25T13:07:44Z with exit-code 0.
...
000 (10284266.7165.000) 08/02 15:47:53 Job submitted from host: <188.185.114.121:9618?addrs=188.185.114.121-9618+[2001-1458-d00-a--100-273]-9618&alias=bigbird19.cern.ch&noUDP&sock=schedd_4961_696e>
...
000 (10284267.7165.000) 08/02 15:50:19 Job submitted from host: <188.185.114.121:9618?addrs=188.185.114.121-9618+[2001-1458-d00-a--100-273]-9618&alias=bigbird19.cern.ch&noUDP&sock=schedd_4961_696e>
...
009 (10284266.7165.000) 08/02 15:50:46 Job was aborted.
	via condor_rm (by user yelberke)
...
040 (10284267.7165.000) 08/02 17:21:47 Started transferring input files
	Transferring to host: <188.185.196.145:9618?addrs=188.185.196.145-9618+[2001-1458-303-23--100-8d]-9618&alias=b9p16p3713.cern.ch&noUDP&sock=slot1_1_1541075_7fe4_247>
...
040 (10284267.7165.000) 08/02 17:21:47 Finished transferring input files
...
001 (10284267.7165.000) 08/02 17:21:48 Job executing on host: <188.185.196.145:9618?addrs=188.185.196.145-9618+[2001-1458-303-23--100-8d]-9618&alias=b9p16p3713.cern.ch&noUDP&sock=startd_174706_5cf1>
	SlotName: slot1_1@b9p16p3713.cern.ch
	CondorScratchDir = "/pool/condor/dir_1739282"
	Cpus = 12
	Disk = 2396337
	Memory = 24000
...
006 (10284267.7165.000) 08/02 17:21:51 Image size of job updated: 317900
	3  -  MemoryUsage of job (MB)
	2164  -  ResidentSetSize of job (KB)
...
040 (10284267.7165.000) 08/02 17:21:51 Started transferring output files
...
040 (10284267.7165.000) 08/02 17:21:51 Finished transferring output files
...
005 (10284267.7165.000) 08/02 17:21:51 Job terminated.
	(1) Normal termination (return value 139)
		Usr 0 00:00:03, Sys 0 00:00:00  -  Run Remote Usage
		Usr 0 00:00:00, Sys 0 00:00:00  -  Run Local Usage
		Usr 0 00:00:03, Sys 0 00:00:00  -  Total Remote Usage
		Usr 0 00:00:00, Sys 0 00:00:00  -  Total Local Usage
	7696  -  Run Bytes Sent By Job
	409597  -  Run Bytes Received By Job
	7696  -  Total Bytes Sent By Job
	409597  -  Total Bytes Received By Job
	Partitionable Resources :    Usage  Request Allocated 
	   Cpus                 :        0       12        12 
	   Disk (KB)            :      429      425   2396337 
	   Memory (MB)          :        3    24000     24000 

	Job terminated of its own accord at 2024-08-02T15:21:51Z with exit-code 139.
...
