000 (10252905.7200.000) 07/24 16:13:25 Job submitted from host: <188.185.114.121:9618?addrs=188.185.114.121-9618+[2001-1458-d00-a--100-273]-9618&alias=bigbird19.cern.ch&noUDP&sock=schedd_4961_696e>
...
009 (10252905.7200.000) 07/24 16:14:55 Job was aborted.
	via condor_rm (by user yelberke)
...
000 (10252906.7200.000) 07/24 16:15:42 Job submitted from host: <188.185.114.121:9618?addrs=188.185.114.121-9618+[2001-1458-d00-a--100-273]-9618&alias=bigbird19.cern.ch&noUDP&sock=schedd_4961_696e>
...
000 (10252907.7200.000) 07/24 16:17:37 Job submitted from host: <188.185.114.121:9618?addrs=188.185.114.121-9618+[2001-1458-d00-a--100-273]-9618&alias=bigbird19.cern.ch&noUDP&sock=schedd_4961_696e>
...
000 (10252908.7200.000) 07/24 16:18:10 Job submitted from host: <188.185.114.121:9618?addrs=188.185.114.121-9618+[2001-1458-d00-a--100-273]-9618&alias=bigbird19.cern.ch&noUDP&sock=schedd_4961_696e>
...
000 (10252909.7200.000) 07/24 16:18:46 Job submitted from host: <188.185.114.121:9618?addrs=188.185.114.121-9618+[2001-1458-d00-a--100-273]-9618&alias=bigbird19.cern.ch&noUDP&sock=schedd_4961_696e>
...
040 (10252906.7200.000) 07/24 17:37:47 Started transferring input files
	Transferring to host: <188.185.194.154:9618?addrs=188.185.194.154-9618+[2001-1458-303-21--100-96]-9618&alias=b9p20p0644.cern.ch&noUDP&sock=slot1_10_1346562_7e9f_6257>
...
040 (10252906.7200.000) 07/24 17:37:47 Finished transferring input files
...
001 (10252906.7200.000) 07/24 17:37:48 Job executing on host: <188.185.194.154:9618?addrs=188.185.194.154-9618+[2001-1458-303-21--100-96]-9618&alias=b9p20p0644.cern.ch&noUDP&sock=startd_177967_2347>
	SlotName: slot1_10@b9p20p0644.cern.ch
	CondorScratchDir = "/pool/condor/dir_3422139"
	Cpus = 8
	Disk = 2880897
	Memory = 16000
...
006 (10252906.7200.000) 07/24 17:37:56 Image size of job updated: 147972
	145  -  MemoryUsage of job (MB)
	147968  -  ResidentSetSize of job (KB)
...
006 (10252906.7200.000) 07/24 17:37:57 Image size of job updated: 160072
	145  -  MemoryUsage of job (MB)
	147968  -  ResidentSetSize of job (KB)
...
040 (10252906.7200.000) 07/24 17:37:57 Started transferring output files
...
040 (10252906.7200.000) 07/24 17:37:57 Finished transferring output files
...
005 (10252906.7200.000) 07/24 17:37:57 Job terminated.
	(1) Normal termination (return value 0)
		Usr 0 00:00:08, Sys 0 00:00:00  -  Run Remote Usage
		Usr 0 00:00:00, Sys 0 00:00:00  -  Run Local Usage
		Usr 0 00:00:08, Sys 0 00:00:00  -  Total Remote Usage
		Usr 0 00:00:00, Sys 0 00:00:00  -  Total Local Usage
	6201  -  Run Bytes Sent By Job
	409597  -  Run Bytes Received By Job
	6201  -  Total Bytes Sent By Job
	409597  -  Total Bytes Received By Job
	Partitionable Resources :    Usage  Request Allocated 
	   Cpus                 :        0        8         8 
	   Disk (KB)            :      428      425   2880897 
	   Memory (MB)          :      145    16000     16000 

	Job terminated of its own accord at 2024-07-24T15:37:57Z with exit-code 0.
...
040 (10252907.7200.000) 07/24 18:37:19 Started transferring input files
	Transferring to host: <188.185.208.179:9618?addrs=188.185.208.179-9618+[2001-1458-303-10--100-30]-9618&alias=b9p10p4251.cern.ch&noUDP&sock=slot1_15_34324_1ced_25262>
...
040 (10252907.7200.000) 07/24 18:37:19 Finished transferring input files
...
001 (10252907.7200.000) 07/24 18:37:20 Job executing on host: <188.185.208.179:9618?addrs=188.185.208.179-9618+[2001-1458-303-10--100-30]-9618&alias=b9p10p4251.cern.ch&noUDP&sock=startd_33085_22f7>
	SlotName: slot1_15@b9p10p4251.cern.ch
	CondorScratchDir = "/pool/condor/dir_754196"
	Cpus = 8
	Disk = 2839700
	Memory = 16000
...
006 (10252907.7200.000) 07/24 18:37:24 Image size of job updated: 150388
	3  -  MemoryUsage of job (MB)
	2172  -  ResidentSetSize of job (KB)
...
040 (10252907.7200.000) 07/24 18:37:24 Started transferring output files
...
040 (10252907.7200.000) 07/24 18:37:24 Finished transferring output files
...
005 (10252907.7200.000) 07/24 18:37:24 Job terminated.
	(1) Normal termination (return value 0)
		Usr 0 00:00:03, Sys 0 00:00:00  -  Run Remote Usage
		Usr 0 00:00:00, Sys 0 00:00:00  -  Run Local Usage
		Usr 0 00:00:03, Sys 0 00:00:00  -  Total Remote Usage
		Usr 0 00:00:00, Sys 0 00:00:00  -  Total Local Usage
	6204  -  Run Bytes Sent By Job
	409597  -  Run Bytes Received By Job
	6204  -  Total Bytes Sent By Job
	409597  -  Total Bytes Received By Job
	Partitionable Resources :    Usage  Request Allocated 
	   Cpus                 :        0        8         8 
	   Disk (KB)            :      428      425   2839700 
	   Memory (MB)          :        3    16000     16000 

	Job terminated of its own accord at 2024-07-24T16:37:24Z with exit-code 0.
...
040 (10252908.7200.000) 07/24 19:42:46 Started transferring input files
	Transferring to host: <188.185.198.65:9618?addrs=188.185.198.65-9618+[2001-1458-303-25--100-3d]-9618&alias=b9p15p6124.cern.ch&noUDP&sock=slot1_7_2651903_50d8_3947>
...
040 (10252908.7200.000) 07/24 19:42:46 Finished transferring input files
...
001 (10252908.7200.000) 07/24 19:42:47 Job executing on host: <188.185.198.65:9618?addrs=188.185.198.65-9618+[2001-1458-303-25--100-3d]-9618&alias=b9p15p6124.cern.ch&noUDP&sock=startd_127908_d3d9>
	SlotName: slot1_7@b9p15p6124.cern.ch
	CondorScratchDir = "/pool/condor/dir_2157481"
	Cpus = 8
	Disk = 3039397
	Memory = 16000
...
006 (10252908.7200.000) 07/24 19:42:55 Image size of job updated: 1
	0  -  MemoryUsage of job (MB)
	0  -  ResidentSetSize of job (KB)
...
006 (10252908.7200.000) 07/24 19:43:18 Image size of job updated: 166776
	12  -  MemoryUsage of job (MB)
	12056  -  ResidentSetSize of job (KB)
...
040 (10252908.7200.000) 07/24 19:43:18 Started transferring output files
...
040 (10252908.7200.000) 07/24 19:43:18 Finished transferring output files
...
005 (10252908.7200.000) 07/24 19:43:18 Job terminated.
	(1) Normal termination (return value 0)
		Usr 0 00:00:05, Sys 0 00:00:00  -  Run Remote Usage
		Usr 0 00:00:00, Sys 0 00:00:00  -  Run Local Usage
		Usr 0 00:00:05, Sys 0 00:00:00  -  Total Remote Usage
		Usr 0 00:00:00, Sys 0 00:00:00  -  Total Local Usage
	6201  -  Run Bytes Sent By Job
	409597  -  Run Bytes Received By Job
	6201  -  Total Bytes Sent By Job
	409597  -  Total Bytes Received By Job
	Partitionable Resources :    Usage  Request Allocated 
	   Cpus                 :                 8         8 
	   Disk (KB)            :      420      425   3039397 
	   Memory (MB)          :       12    16000     16000 

	Job terminated of its own accord at 2024-07-24T17:43:18Z with exit-code 0.
...
040 (10252909.7200.000) 07/24 20:36:37 Started transferring input files
	Transferring to host: <188.185.205.55:9618?addrs=188.185.205.55-9618+[2001-1458-303-9--100-ab]-9618&alias=b9p03p0892.cern.ch&noUDP&sock=slot1_40_3579_7aab_29679>
...
040 (10252909.7200.000) 07/24 20:36:37 Finished transferring input files
...
001 (10252909.7200.000) 07/24 20:36:38 Job executing on host: <188.185.205.55:9618?addrs=188.185.205.55-9618+[2001-1458-303-9--100-ab]-9618&alias=b9p03p0892.cern.ch&noUDP&sock=startd_3202_e257>
	SlotName: slot1_40@b9p03p0892.cern.ch
	CondorScratchDir = "/pool/condor/dir_2047152"
	Cpus = 8
	Disk = 2814400
	Memory = 16000
...
006 (10252909.7200.000) 07/24 20:36:42 Image size of job updated: 157488
	7  -  MemoryUsage of job (MB)
	6964  -  ResidentSetSize of job (KB)
...
040 (10252909.7200.000) 07/24 20:36:42 Started transferring output files
...
040 (10252909.7200.000) 07/24 20:36:42 Finished transferring output files
...
005 (10252909.7200.000) 07/24 20:36:42 Job terminated.
	(1) Normal termination (return value 0)
		Usr 0 00:00:03, Sys 0 00:00:00  -  Run Remote Usage
		Usr 0 00:00:00, Sys 0 00:00:00  -  Run Local Usage
		Usr 0 00:00:03, Sys 0 00:00:00  -  Total Remote Usage
		Usr 0 00:00:00, Sys 0 00:00:00  -  Total Local Usage
	6201  -  Run Bytes Sent By Job
	409597  -  Run Bytes Received By Job
	6201  -  Total Bytes Sent By Job
	409597  -  Total Bytes Received By Job
	Partitionable Resources :    Usage  Request Allocated 
	   Cpus                 :        0        8         8 
	   Disk (KB)            :      427      425   2814400 
	   Memory (MB)          :        7    16000     16000 

	Job terminated of its own accord at 2024-07-24T18:36:42Z with exit-code 0.
...
000 (10261715.7200.000) 07/25 13:03:59 Job submitted from host: <188.185.114.121:9618?addrs=188.185.114.121-9618+[2001-1458-d00-a--100-273]-9618&alias=bigbird19.cern.ch&noUDP&sock=schedd_4961_696e>
...
009 (10261715.7200.000) 07/25 13:07:20 Job was aborted.
	via condor_rm (by user yelberke)
...
000 (10261767.7200.000) 07/25 13:20:59 Job submitted from host: <188.185.114.121:9618?addrs=188.185.114.121-9618+[2001-1458-d00-a--100-273]-9618&alias=bigbird19.cern.ch&noUDP&sock=schedd_4961_696e>
...
040 (10261767.7200.000) 07/25 15:07:50 Started transferring input files
	Transferring to host: <188.185.204.170:9618?addrs=188.185.204.170-9618+[2001-1458-303-8--100-9e]-9618&alias=b9p02p5024.cern.ch&noUDP&sock=slot1_6_7263_30c0_156801>
...
040 (10261767.7200.000) 07/25 15:07:50 Finished transferring input files
...
001 (10261767.7200.000) 07/25 15:07:51 Job executing on host: <188.185.204.170:9618?addrs=188.185.204.170-9618+[2001-1458-303-8--100-9e]-9618&alias=b9p02p5024.cern.ch&noUDP&sock=startd_7195_c001>
	SlotName: slot1_6@b9p02p5024.cern.ch
	CondorScratchDir = "/pool/condor/dir_2179706"
	Cpus = 12
	Disk = 2838903
	Memory = 24000
...
006 (10261767.7200.000) 07/25 15:07:55 Image size of job updated: 166376
	10  -  MemoryUsage of job (MB)
	9620  -  ResidentSetSize of job (KB)
...
040 (10261767.7200.000) 07/25 15:07:55 Started transferring output files
...
040 (10261767.7200.000) 07/25 15:07:55 Finished transferring output files
...
005 (10261767.7200.000) 07/25 15:07:55 Job terminated.
	(1) Normal termination (return value 0)
		Usr 0 00:00:03, Sys 0 00:00:00  -  Run Remote Usage
		Usr 0 00:00:00, Sys 0 00:00:00  -  Run Local Usage
		Usr 0 00:00:03, Sys 0 00:00:00  -  Total Remote Usage
		Usr 0 00:00:00, Sys 0 00:00:00  -  Total Local Usage
	6673  -  Run Bytes Sent By Job
	409597  -  Run Bytes Received By Job
	6673  -  Total Bytes Sent By Job
	409597  -  Total Bytes Received By Job
	Partitionable Resources :    Usage  Request Allocated 
	   Cpus                 :        0       12        12 
	   Disk (KB)            :      429      425   2838903 
	   Memory (MB)          :       10    24000     24000 

	Job terminated of its own accord at 2024-07-25T13:07:55Z with exit-code 0.
...
000 (10284266.7200.000) 08/02 15:47:54 Job submitted from host: <188.185.114.121:9618?addrs=188.185.114.121-9618+[2001-1458-d00-a--100-273]-9618&alias=bigbird19.cern.ch&noUDP&sock=schedd_4961_696e>
...
000 (10284267.7200.000) 08/02 15:50:19 Job submitted from host: <188.185.114.121:9618?addrs=188.185.114.121-9618+[2001-1458-d00-a--100-273]-9618&alias=bigbird19.cern.ch&noUDP&sock=schedd_4961_696e>
...
009 (10284266.7200.000) 08/02 15:50:46 Job was aborted.
	via condor_rm (by user yelberke)
...
040 (10284267.7200.000) 08/02 17:21:59 Started transferring input files
	Transferring to host: <188.185.204.235:9618?addrs=188.185.204.235-9618+[2001-1458-303-8--100-68]-9618&alias=b9p02p6705.cern.ch&noUDP&sock=slot1_4_7031_b9b7_93392>
...
040 (10284267.7200.000) 08/02 17:21:59 Finished transferring input files
...
001 (10284267.7200.000) 08/02 17:22:00 Job executing on host: <188.185.204.235:9618?addrs=188.185.204.235-9618+[2001-1458-303-8--100-68]-9618&alias=b9p02p6705.cern.ch&noUDP&sock=startd_5676_d7a5>
	SlotName: slot1_4@b9p02p6705.cern.ch
	CondorScratchDir = "/pool/condor/dir_1522017"
	Cpus = 12
	Disk = 2692872
	Memory = 24000
...
006 (10284267.7200.000) 08/02 17:22:02 Image size of job updated: 327844
	8  -  MemoryUsage of job (MB)
	7708  -  ResidentSetSize of job (KB)
...
040 (10284267.7200.000) 08/02 17:22:02 Started transferring output files
...
040 (10284267.7200.000) 08/02 17:22:02 Finished transferring output files
...
005 (10284267.7200.000) 08/02 17:22:02 Job terminated.
	(1) Normal termination (return value 139)
		Usr 0 00:00:01, Sys 0 00:00:00  -  Run Remote Usage
		Usr 0 00:00:00, Sys 0 00:00:00  -  Run Local Usage
		Usr 0 00:00:01, Sys 0 00:00:00  -  Total Remote Usage
		Usr 0 00:00:00, Sys 0 00:00:00  -  Total Local Usage
	7696  -  Run Bytes Sent By Job
	409597  -  Run Bytes Received By Job
	7696  -  Total Bytes Sent By Job
	409597  -  Total Bytes Received By Job
	Partitionable Resources :    Usage  Request Allocated 
	   Cpus                 :        0       12        12 
	   Disk (KB)            :      430      425   2692872 
	   Memory (MB)          :        8    24000     24000 

	Job terminated of its own accord at 2024-08-02T15:22:02Z with exit-code 139.
...
