000 (10252905.7230.000) 07/24 16:13:25 Job submitted from host: <188.185.114.121:9618?addrs=188.185.114.121-9618+[2001-1458-d00-a--100-273]-9618&alias=bigbird19.cern.ch&noUDP&sock=schedd_4961_696e>
...
009 (10252905.7230.000) 07/24 16:14:55 Job was aborted.
	via condor_rm (by user yelberke)
...
000 (10252906.7230.000) 07/24 16:15:42 Job submitted from host: <188.185.114.121:9618?addrs=188.185.114.121-9618+[2001-1458-d00-a--100-273]-9618&alias=bigbird19.cern.ch&noUDP&sock=schedd_4961_696e>
...
000 (10252907.7230.000) 07/24 16:17:37 Job submitted from host: <188.185.114.121:9618?addrs=188.185.114.121-9618+[2001-1458-d00-a--100-273]-9618&alias=bigbird19.cern.ch&noUDP&sock=schedd_4961_696e>
...
000 (10252908.7230.000) 07/24 16:18:10 Job submitted from host: <188.185.114.121:9618?addrs=188.185.114.121-9618+[2001-1458-d00-a--100-273]-9618&alias=bigbird19.cern.ch&noUDP&sock=schedd_4961_696e>
...
000 (10252909.7230.000) 07/24 16:18:46 Job submitted from host: <188.185.114.121:9618?addrs=188.185.114.121-9618+[2001-1458-d00-a--100-273]-9618&alias=bigbird19.cern.ch&noUDP&sock=schedd_4961_696e>
...
040 (10252906.7230.000) 07/24 17:38:08 Started transferring input files
	Transferring to host: <188.185.207.192:9618?addrs=188.185.207.192-9618+[2001-1458-303-e--100-3d]-9618&alias=b9p08p9609.cern.ch&noUDP&sock=slot1_13_4004722_aedc_46782>
...
040 (10252906.7230.000) 07/24 17:38:08 Finished transferring input files
...
001 (10252906.7230.000) 07/24 17:38:09 Job executing on host: <188.185.207.192:9618?addrs=188.185.207.192-9618+[2001-1458-303-e--100-3d]-9618&alias=b9p08p9609.cern.ch&noUDP&sock=startd_4289_79c9>
	SlotName: slot1_13@b9p08p9609.cern.ch
	CondorScratchDir = "/pool/condor/dir_1193469"
	Cpus = 8
	Disk = 2883256
	Memory = 16000
...
006 (10252906.7230.000) 07/24 17:38:14 Image size of job updated: 164712
	11  -  MemoryUsage of job (MB)
	10400  -  ResidentSetSize of job (KB)
...
040 (10252906.7230.000) 07/24 17:38:14 Started transferring output files
...
040 (10252906.7230.000) 07/24 17:38:14 Finished transferring output files
...
005 (10252906.7230.000) 07/24 17:38:14 Job terminated.
	(1) Normal termination (return value 0)
		Usr 0 00:00:03, Sys 0 00:00:00  -  Run Remote Usage
		Usr 0 00:00:00, Sys 0 00:00:00  -  Run Local Usage
		Usr 0 00:00:03, Sys 0 00:00:00  -  Total Remote Usage
		Usr 0 00:00:00, Sys 0 00:00:00  -  Total Local Usage
	6201  -  Run Bytes Sent By Job
	409597  -  Run Bytes Received By Job
	6201  -  Total Bytes Sent By Job
	409597  -  Total Bytes Received By Job
	Partitionable Resources :    Usage  Request Allocated 
	   Cpus                 :        0        8         8 
	   Disk (KB)            :      428      425   2883256 
	   Memory (MB)          :       11    16000     16000 

	Job terminated of its own accord at 2024-07-24T15:38:14Z with exit-code 0.
...
040 (10252907.7230.000) 07/24 18:37:34 Started transferring input files
	Transferring to host: <188.185.206.176:9618?addrs=188.185.206.176-9618&alias=b9p06p2041.cern.ch&noUDP&sock=slot1_5_6897_4f72_152756>
...
040 (10252907.7230.000) 07/24 18:37:34 Finished transferring input files
...
001 (10252907.7230.000) 07/24 18:37:35 Job executing on host: <188.185.206.176:9618?addrs=188.185.206.176-9618&alias=b9p06p2041.cern.ch&noUDP&sock=startd_6825_f5f6>
	SlotName: slot1_5@b9p06p2041.cern.ch
	CondorScratchDir = "/pool/condor/dir_3994161"
	Cpus = 8
	Disk = 2758104
	Memory = 16000
...
006 (10252907.7230.000) 07/24 18:37:40 Image size of job updated: 174552
	17  -  MemoryUsage of job (MB)
	16892  -  ResidentSetSize of job (KB)
...
040 (10252907.7230.000) 07/24 18:37:40 Started transferring output files
...
040 (10252907.7230.000) 07/24 18:37:40 Finished transferring output files
...
005 (10252907.7230.000) 07/24 18:37:40 Job terminated.
	(1) Normal termination (return value 0)
		Usr 0 00:00:03, Sys 0 00:00:00  -  Run Remote Usage
		Usr 0 00:00:00, Sys 0 00:00:00  -  Run Local Usage
		Usr 0 00:00:03, Sys 0 00:00:00  -  Total Remote Usage
		Usr 0 00:00:00, Sys 0 00:00:00  -  Total Local Usage
	6204  -  Run Bytes Sent By Job
	409597  -  Run Bytes Received By Job
	6204  -  Total Bytes Sent By Job
	409597  -  Total Bytes Received By Job
	Partitionable Resources :    Usage  Request Allocated 
	   Cpus                 :        0        8         8 
	   Disk (KB)            :      428      425   2758104 
	   Memory (MB)          :       17    16000     16000 

	Job terminated of its own accord at 2024-07-24T16:37:40Z with exit-code 0.
...
040 (10252908.7230.000) 07/24 19:42:57 Started transferring input files
	Transferring to host: <188.185.207.196:9618?addrs=188.185.207.196-9618+[2001-1458-303-e--100-41]-9618&alias=b9p08p9528.cern.ch&noUDP&sock=slot1_10_5285_82b0_143803>
...
040 (10252908.7230.000) 07/24 19:42:57 Finished transferring input files
...
001 (10252908.7230.000) 07/24 19:42:58 Job executing on host: <188.185.207.196:9618?addrs=188.185.207.196-9618+[2001-1458-303-e--100-41]-9618&alias=b9p08p9528.cern.ch&noUDP&sock=startd_4365_9afc>
	SlotName: slot1_10@b9p08p9528.cern.ch
	CondorScratchDir = "/pool/condor/dir_1142519"
	Cpus = 8
	Disk = 2799551
	Memory = 16000
...
006 (10252908.7230.000) 07/24 19:43:04 Image size of job updated: 159664
	8  -  MemoryUsage of job (MB)
	7452  -  ResidentSetSize of job (KB)
...
040 (10252908.7230.000) 07/24 19:43:04 Started transferring output files
...
040 (10252908.7230.000) 07/24 19:43:04 Finished transferring output files
...
005 (10252908.7230.000) 07/24 19:43:05 Job terminated.
	(1) Normal termination (return value 0)
		Usr 0 00:00:05, Sys 0 00:00:00  -  Run Remote Usage
		Usr 0 00:00:00, Sys 0 00:00:00  -  Run Local Usage
		Usr 0 00:00:05, Sys 0 00:00:00  -  Total Remote Usage
		Usr 0 00:00:00, Sys 0 00:00:00  -  Total Local Usage
	6201  -  Run Bytes Sent By Job
	409597  -  Run Bytes Received By Job
	6201  -  Total Bytes Sent By Job
	409597  -  Total Bytes Received By Job
	Partitionable Resources :    Usage  Request Allocated 
	   Cpus                 :        0        8         8 
	   Disk (KB)            :      428      425   2799551 
	   Memory (MB)          :        8    16000     16000 

	Job terminated of its own accord at 2024-07-24T17:43:04Z with exit-code 0.
...
040 (10252909.7230.000) 07/24 20:36:47 Started transferring input files
	Transferring to host: <188.185.206.218:9618?addrs=188.185.206.218-9618+[2001-1458-303-c--100-57]-9618&alias=b9p06p2595.cern.ch&noUDP&sock=slot1_2_65036_7ece_92261>
...
040 (10252909.7230.000) 07/24 20:36:47 Finished transferring input files
...
001 (10252909.7230.000) 07/24 20:36:48 Job executing on host: <188.185.206.218:9618?addrs=188.185.206.218-9618+[2001-1458-303-c--100-57]-9618&alias=b9p06p2595.cern.ch&noUDP&sock=startd_3387_c75c>
	SlotName: slot1_2@b9p06p2595.cern.ch
	CondorScratchDir = "/pool/condor/dir_19692"
	Cpus = 8
	Disk = 2708089
	Memory = 16000
...
006 (10252909.7230.000) 07/24 20:36:54 Image size of job updated: 166632
	13  -  MemoryUsage of job (MB)
	12328  -  ResidentSetSize of job (KB)
...
040 (10252909.7230.000) 07/24 20:36:54 Started transferring output files
...
040 (10252909.7230.000) 07/24 20:36:54 Finished transferring output files
...
005 (10252909.7230.000) 07/24 20:36:54 Job terminated.
	(1) Normal termination (return value 0)
		Usr 0 00:00:03, Sys 0 00:00:00  -  Run Remote Usage
		Usr 0 00:00:00, Sys 0 00:00:00  -  Run Local Usage
		Usr 0 00:00:03, Sys 0 00:00:00  -  Total Remote Usage
		Usr 0 00:00:00, Sys 0 00:00:00  -  Total Local Usage
	6201  -  Run Bytes Sent By Job
	409597  -  Run Bytes Received By Job
	6201  -  Total Bytes Sent By Job
	409597  -  Total Bytes Received By Job
	Partitionable Resources :    Usage  Request Allocated 
	   Cpus                 :        0        8         8 
	   Disk (KB)            :      430      425   2708089 
	   Memory (MB)          :       13    16000     16000 

	Job terminated of its own accord at 2024-07-24T18:36:54Z with exit-code 0.
...
000 (10261715.7230.000) 07/25 13:04:00 Job submitted from host: <188.185.114.121:9618?addrs=188.185.114.121-9618+[2001-1458-d00-a--100-273]-9618&alias=bigbird19.cern.ch&noUDP&sock=schedd_4961_696e>
...
009 (10261715.7230.000) 07/25 13:07:20 Job was aborted.
	via condor_rm (by user yelberke)
...
000 (10261767.7230.000) 07/25 13:20:59 Job submitted from host: <188.185.114.121:9618?addrs=188.185.114.121-9618+[2001-1458-d00-a--100-273]-9618&alias=bigbird19.cern.ch&noUDP&sock=schedd_4961_696e>
...
040 (10261767.7230.000) 07/25 15:08:02 Started transferring input files
	Transferring to host: <188.185.205.108:9618?addrs=188.185.205.108-9618+[2001-1458-303-9--100-69]-9618&alias=b9p03p9667.cern.ch&noUDP&sock=slot1_17_6794_bccd_160895>
...
040 (10261767.7230.000) 07/25 15:08:02 Finished transferring input files
...
001 (10261767.7230.000) 07/25 15:08:03 Job executing on host: <188.185.205.108:9618?addrs=188.185.205.108-9618+[2001-1458-303-9--100-69]-9618&alias=b9p03p9667.cern.ch&noUDP&sock=startd_6503_1877>
	SlotName: slot1_17@b9p03p9667.cern.ch
	CondorScratchDir = "/pool/condor/dir_2191164"
	Cpus = 12
	Disk = 2859624
	Memory = 24000
...
006 (10261767.7230.000) 07/25 15:08:08 Image size of job updated: 160800
	7  -  MemoryUsage of job (MB)
	7012  -  ResidentSetSize of job (KB)
...
040 (10261767.7230.000) 07/25 15:08:08 Started transferring output files
...
040 (10261767.7230.000) 07/25 15:08:08 Finished transferring output files
...
005 (10261767.7230.000) 07/25 15:08:08 Job terminated.
	(1) Normal termination (return value 0)
		Usr 0 00:00:03, Sys 0 00:00:00  -  Run Remote Usage
		Usr 0 00:00:00, Sys 0 00:00:00  -  Run Local Usage
		Usr 0 00:00:03, Sys 0 00:00:00  -  Total Remote Usage
		Usr 0 00:00:00, Sys 0 00:00:00  -  Total Local Usage
	6673  -  Run Bytes Sent By Job
	409597  -  Run Bytes Received By Job
	6673  -  Total Bytes Sent By Job
	409597  -  Total Bytes Received By Job
	Partitionable Resources :    Usage  Request Allocated 
	   Cpus                 :        0       12        12 
	   Disk (KB)            :      429      425   2859624 
	   Memory (MB)          :        7    24000     24000 

	Job terminated of its own accord at 2024-07-25T13:08:08Z with exit-code 0.
...
000 (10284266.7230.000) 08/02 15:47:55 Job submitted from host: <188.185.114.121:9618?addrs=188.185.114.121-9618+[2001-1458-d00-a--100-273]-9618&alias=bigbird19.cern.ch&noUDP&sock=schedd_4961_696e>
...
000 (10284267.7230.000) 08/02 15:50:19 Job submitted from host: <188.185.114.121:9618?addrs=188.185.114.121-9618+[2001-1458-d00-a--100-273]-9618&alias=bigbird19.cern.ch&noUDP&sock=schedd_4961_696e>
...
009 (10284266.7230.000) 08/02 15:50:46 Job was aborted.
	via condor_rm (by user yelberke)
...
040 (10284267.7230.000) 08/02 17:22:09 Started transferring input files
	Transferring to host: <188.185.205.151:9618?addrs=188.185.205.151-9618&alias=b9p04p6494.cern.ch&noUDP&sock=slot1_2_4417_ed0d_161339>
...
040 (10284267.7230.000) 08/02 17:22:09 Finished transferring input files
...
001 (10284267.7230.000) 08/02 17:22:10 Job executing on host: <188.185.205.151:9618?addrs=188.185.205.151-9618&alias=b9p04p6494.cern.ch&noUDP&sock=startd_3739_38b2>
	SlotName: slot1_2@b9p04p6494.cern.ch
	CondorScratchDir = "/pool/condor/dir_30587"
	Cpus = 12
	Disk = 2831225
	Memory = 24000
...
006 (10284267.7230.000) 08/02 17:22:12 Image size of job updated: 326680
	5  -  MemoryUsage of job (MB)
	4636  -  ResidentSetSize of job (KB)
...
040 (10284267.7230.000) 08/02 17:22:12 Started transferring output files
...
040 (10284267.7230.000) 08/02 17:22:12 Finished transferring output files
...
005 (10284267.7230.000) 08/02 17:22:12 Job terminated.
	(1) Normal termination (return value 139)
		Usr 0 00:00:01, Sys 0 00:00:00  -  Run Remote Usage
		Usr 0 00:00:00, Sys 0 00:00:00  -  Run Local Usage
		Usr 0 00:00:01, Sys 0 00:00:00  -  Total Remote Usage
		Usr 0 00:00:00, Sys 0 00:00:00  -  Total Local Usage
	7696  -  Run Bytes Sent By Job
	409597  -  Run Bytes Received By Job
	7696  -  Total Bytes Sent By Job
	409597  -  Total Bytes Received By Job
	Partitionable Resources :    Usage  Request Allocated 
	   Cpus                 :        0       12        12 
	   Disk (KB)            :      429      425   2831225 
	   Memory (MB)          :        5    24000     24000 

	Job terminated of its own accord at 2024-08-02T15:22:12Z with exit-code 139.
...
