000 (10252905.7267.000) 07/24 16:13:25 Job submitted from host: <188.185.114.121:9618?addrs=188.185.114.121-9618+[2001-1458-d00-a--100-273]-9618&alias=bigbird19.cern.ch&noUDP&sock=schedd_4961_696e>
...
009 (10252905.7267.000) 07/24 16:14:55 Job was aborted.
	via condor_rm (by user yelberke)
...
000 (10252906.7267.000) 07/24 16:15:42 Job submitted from host: <188.185.114.121:9618?addrs=188.185.114.121-9618+[2001-1458-d00-a--100-273]-9618&alias=bigbird19.cern.ch&noUDP&sock=schedd_4961_696e>
...
000 (10252907.7267.000) 07/24 16:17:37 Job submitted from host: <188.185.114.121:9618?addrs=188.185.114.121-9618+[2001-1458-d00-a--100-273]-9618&alias=bigbird19.cern.ch&noUDP&sock=schedd_4961_696e>
...
000 (10252908.7267.000) 07/24 16:18:10 Job submitted from host: <188.185.114.121:9618?addrs=188.185.114.121-9618+[2001-1458-d00-a--100-273]-9618&alias=bigbird19.cern.ch&noUDP&sock=schedd_4961_696e>
...
000 (10252909.7267.000) 07/24 16:18:46 Job submitted from host: <188.185.114.121:9618?addrs=188.185.114.121-9618+[2001-1458-d00-a--100-273]-9618&alias=bigbird19.cern.ch&noUDP&sock=schedd_4961_696e>
...
040 (10252906.7267.000) 07/24 17:38:14 Started transferring input files
	Transferring to host: <188.185.195.49:9618?addrs=188.185.195.49-9618+[2001-1458-303-22--100-2d]-9618&alias=b9p17p5091.cern.ch&noUDP&sock=slot1_18_387889_a3f6_3361>
...
040 (10252906.7267.000) 07/24 17:38:14 Finished transferring input files
...
001 (10252906.7267.000) 07/24 17:38:15 Job executing on host: <188.185.195.49:9618?addrs=188.185.195.49-9618+[2001-1458-303-22--100-2d]-9618&alias=b9p17p5091.cern.ch&noUDP&sock=startd_127957_6ffd>
	SlotName: slot1_18@b9p17p5091.cern.ch
	CondorScratchDir = "/pool/condor/dir_1026634"
	Cpus = 8
	Disk = 3006304
	Memory = 16000
...
006 (10252906.7267.000) 07/24 17:38:24 Image size of job updated: 1
	0  -  MemoryUsage of job (MB)
	0  -  ResidentSetSize of job (KB)
...
006 (10252906.7267.000) 07/24 17:38:46 Image size of job updated: 160968
	9  -  MemoryUsage of job (MB)
	8248  -  ResidentSetSize of job (KB)
...
040 (10252906.7267.000) 07/24 17:38:47 Started transferring output files
...
040 (10252906.7267.000) 07/24 17:38:47 Finished transferring output files
...
005 (10252906.7267.000) 07/24 17:38:49 Job terminated.
	(1) Normal termination (return value 0)
		Usr 0 00:00:04, Sys 0 00:00:00  -  Run Remote Usage
		Usr 0 00:00:00, Sys 0 00:00:00  -  Run Local Usage
		Usr 0 00:00:04, Sys 0 00:00:00  -  Total Remote Usage
		Usr 0 00:00:00, Sys 0 00:00:00  -  Total Local Usage
	6201  -  Run Bytes Sent By Job
	409597  -  Run Bytes Received By Job
	6201  -  Total Bytes Sent By Job
	409597  -  Total Bytes Received By Job
	Partitionable Resources :    Usage  Request Allocated 
	   Cpus                 :        0        8         8 
	   Disk (KB)            :      428      425   3006304 
	   Memory (MB)          :        9    16000     16000 

	Job terminated of its own accord at 2024-07-24T15:38:46Z with exit-code 0.
...
040 (10252907.7267.000) 07/24 18:37:48 Started transferring input files
	Transferring to host: <188.185.193.128:9618?addrs=188.185.193.128-9618+[2001-1458-303-20--100-7c]-9618&alias=b9p19p3374.cern.ch&noUDP&sock=slot1_14_1739128_c13a_242>
...
040 (10252907.7267.000) 07/24 18:37:48 Finished transferring input files
...
001 (10252907.7267.000) 07/24 18:37:49 Job executing on host: <188.185.193.128:9618?addrs=188.185.193.128-9618+[2001-1458-303-20--100-7c]-9618&alias=b9p19p3374.cern.ch&noUDP&sock=startd_128316_ae7d>
	SlotName: slot1_14@b9p19p3374.cern.ch
	CondorScratchDir = "/pool/condor/dir_1911434"
	Cpus = 8
	Disk = 2945468
	Memory = 16000
...
006 (10252907.7267.000) 07/24 18:37:55 Image size of job updated: 165500
	12  -  MemoryUsage of job (MB)
	11488  -  ResidentSetSize of job (KB)
...
040 (10252907.7267.000) 07/24 18:37:55 Started transferring output files
...
040 (10252907.7267.000) 07/24 18:37:55 Finished transferring output files
...
005 (10252907.7267.000) 07/24 18:37:55 Job terminated.
	(1) Normal termination (return value 0)
		Usr 0 00:00:04, Sys 0 00:00:00  -  Run Remote Usage
		Usr 0 00:00:00, Sys 0 00:00:00  -  Run Local Usage
		Usr 0 00:00:04, Sys 0 00:00:00  -  Total Remote Usage
		Usr 0 00:00:00, Sys 0 00:00:00  -  Total Local Usage
	6204  -  Run Bytes Sent By Job
	409597  -  Run Bytes Received By Job
	6204  -  Total Bytes Sent By Job
	409597  -  Total Bytes Received By Job
	Partitionable Resources :    Usage  Request Allocated 
	   Cpus                 :        0        8         8 
	   Disk (KB)            :      428      425   2945468 
	   Memory (MB)          :       12    16000     16000 

	Job terminated of its own accord at 2024-07-24T16:37:55Z with exit-code 0.
...
040 (10252908.7267.000) 07/24 19:43:10 Started transferring input files
	Transferring to host: <188.185.205.177:9618?addrs=188.185.205.177-9618+[2001-1458-303-a--100-2e]-9618&alias=b9p04p7919.cern.ch&noUDP&sock=slot1_18_5958_b32b_81899>
...
040 (10252908.7267.000) 07/24 19:43:10 Finished transferring input files
...
001 (10252908.7267.000) 07/24 19:43:11 Job executing on host: <188.185.205.177:9618?addrs=188.185.205.177-9618+[2001-1458-303-a--100-2e]-9618&alias=b9p04p7919.cern.ch&noUDP&sock=startd_4835_fc7f>
	SlotName: slot1_18@b9p04p7919.cern.ch
	CondorScratchDir = "/pool/condor/dir_353303"
	Cpus = 8
	Disk = 2617484
	Memory = 16000
...
006 (10252908.7267.000) 07/24 19:43:16 Image size of job updated: 159876
	8  -  MemoryUsage of job (MB)
	7488  -  ResidentSetSize of job (KB)
...
040 (10252908.7267.000) 07/24 19:43:16 Started transferring output files
...
040 (10252908.7267.000) 07/24 19:43:16 Finished transferring output files
...
005 (10252908.7267.000) 07/24 19:43:16 Job terminated.
	(1) Normal termination (return value 0)
		Usr 0 00:00:03, Sys 0 00:00:00  -  Run Remote Usage
		Usr 0 00:00:00, Sys 0 00:00:00  -  Run Local Usage
		Usr 0 00:00:03, Sys 0 00:00:00  -  Total Remote Usage
		Usr 0 00:00:00, Sys 0 00:00:00  -  Total Local Usage
	6201  -  Run Bytes Sent By Job
	409597  -  Run Bytes Received By Job
	6201  -  Total Bytes Sent By Job
	409597  -  Total Bytes Received By Job
	Partitionable Resources :    Usage  Request Allocated 
	   Cpus                 :        0        8         8 
	   Disk (KB)            :      427      425   2617484 
	   Memory (MB)          :        8    16000     16000 

	Job terminated of its own accord at 2024-07-24T17:43:16Z with exit-code 0.
...
040 (10252909.7267.000) 07/24 20:37:00 Started transferring input files
	Transferring to host: <188.185.193.165:9618?addrs=188.185.193.165-9618+[2001-1458-303-20--100-a1]-9618&alias=b9p19p8780.cern.ch&noUDP&sock=slot1_5_654200_d4e4_5009>
...
040 (10252909.7267.000) 07/24 20:37:00 Finished transferring input files
...
001 (10252909.7267.000) 07/24 20:37:01 Job executing on host: <188.185.193.165:9618?addrs=188.185.193.165-9618+[2001-1458-303-20--100-a1]-9618&alias=b9p19p8780.cern.ch&noUDP&sock=startd_128192_a0bf>
	SlotName: slot1_5@b9p19p8780.cern.ch
	CondorScratchDir = "/pool/condor/dir_3632526"
	Cpus = 8
	Disk = 3022269
	Memory = 16000
...
006 (10252909.7267.000) 07/24 20:37:07 Image size of job updated: 157428
	8  -  MemoryUsage of job (MB)
	7316  -  ResidentSetSize of job (KB)
...
040 (10252909.7267.000) 07/24 20:37:07 Started transferring output files
...
040 (10252909.7267.000) 07/24 20:37:07 Finished transferring output files
...
005 (10252909.7267.000) 07/24 20:37:07 Job terminated.
	(1) Normal termination (return value 0)
		Usr 0 00:00:04, Sys 0 00:00:00  -  Run Remote Usage
		Usr 0 00:00:00, Sys 0 00:00:00  -  Run Local Usage
		Usr 0 00:00:04, Sys 0 00:00:00  -  Total Remote Usage
		Usr 0 00:00:00, Sys 0 00:00:00  -  Total Local Usage
	6201  -  Run Bytes Sent By Job
	409597  -  Run Bytes Received By Job
	6201  -  Total Bytes Sent By Job
	409597  -  Total Bytes Received By Job
	Partitionable Resources :    Usage  Request Allocated 
	   Cpus                 :        0        8         8 
	   Disk (KB)            :      427      425   3022269 
	   Memory (MB)          :        8    16000     16000 

	Job terminated of its own accord at 2024-07-24T18:37:07Z with exit-code 0.
...
000 (10261715.7267.000) 07/25 13:04:01 Job submitted from host: <188.185.114.121:9618?addrs=188.185.114.121-9618+[2001-1458-d00-a--100-273]-9618&alias=bigbird19.cern.ch&noUDP&sock=schedd_4961_696e>
...
009 (10261715.7267.000) 07/25 13:07:21 Job was aborted.
	via condor_rm (by user yelberke)
...
000 (10261767.7267.000) 07/25 13:20:59 Job submitted from host: <188.185.114.121:9618?addrs=188.185.114.121-9618+[2001-1458-d00-a--100-273]-9618&alias=bigbird19.cern.ch&noUDP&sock=schedd_4961_696e>
...
040 (10261767.7267.000) 07/25 15:08:16 Started transferring input files
	Transferring to host: <188.185.204.162:9618?addrs=188.185.204.162-9618+[2001-1458-303-8--100-96]-9618&alias=b9p02p3486.cern.ch&noUDP&sock=slot1_11_6779_2b2d_158004>
...
040 (10261767.7267.000) 07/25 15:08:16 Finished transferring input files
...
001 (10261767.7267.000) 07/25 15:08:17 Job executing on host: <188.185.204.162:9618?addrs=188.185.204.162-9618+[2001-1458-303-8--100-96]-9618&alias=b9p02p3486.cern.ch&noUDP&sock=startd_6709_64fa>
	SlotName: slot1_11@b9p02p3486.cern.ch
	CondorScratchDir = "/pool/condor/dir_2174312"
	Cpus = 12
	Disk = 2869213
	Memory = 24000
...
006 (10261767.7267.000) 07/25 15:08:21 Image size of job updated: 161648
	8  -  MemoryUsage of job (MB)
	7272  -  ResidentSetSize of job (KB)
...
040 (10261767.7267.000) 07/25 15:08:21 Started transferring output files
...
040 (10261767.7267.000) 07/25 15:08:21 Finished transferring output files
...
005 (10261767.7267.000) 07/25 15:08:23 Job terminated.
	(1) Normal termination (return value 0)
		Usr 0 00:00:03, Sys 0 00:00:00  -  Run Remote Usage
		Usr 0 00:00:00, Sys 0 00:00:00  -  Run Local Usage
		Usr 0 00:00:03, Sys 0 00:00:00  -  Total Remote Usage
		Usr 0 00:00:00, Sys 0 00:00:00  -  Total Local Usage
	6673  -  Run Bytes Sent By Job
	409597  -  Run Bytes Received By Job
	6673  -  Total Bytes Sent By Job
	409597  -  Total Bytes Received By Job
	Partitionable Resources :    Usage  Request Allocated 
	   Cpus                 :        0       12        12 
	   Disk (KB)            :      429      425   2869213 
	   Memory (MB)          :        8    24000     24000 

	Job terminated of its own accord at 2024-07-25T13:08:21Z with exit-code 0.
...
000 (10284266.7267.000) 08/02 15:47:56 Job submitted from host: <188.185.114.121:9618?addrs=188.185.114.121-9618+[2001-1458-d00-a--100-273]-9618&alias=bigbird19.cern.ch&noUDP&sock=schedd_4961_696e>
...
000 (10284267.7267.000) 08/02 15:50:19 Job submitted from host: <188.185.114.121:9618?addrs=188.185.114.121-9618+[2001-1458-d00-a--100-273]-9618&alias=bigbird19.cern.ch&noUDP&sock=schedd_4961_696e>
...
009 (10284266.7267.000) 08/02 15:50:46 Job was aborted.
	via condor_rm (by user yelberke)
...
040 (10284267.7267.000) 08/02 17:22:21 Started transferring input files
	Transferring to host: <188.185.192.29:9618?addrs=188.185.192.29-9618+[2001-1458-303-1f--100-19]-9618&alias=b9p13p1663.cern.ch&noUDP&sock=slot1_33_610342_e72c_264>
...
040 (10284267.7267.000) 08/02 17:22:21 Finished transferring input files
...
001 (10284267.7267.000) 08/02 17:22:22 Job executing on host: <188.185.192.29:9618?addrs=188.185.192.29-9618+[2001-1458-303-1f--100-19]-9618&alias=b9p13p1663.cern.ch&noUDP&sock=startd_128315_fee5>
	SlotName: slot1_33@b9p13p1663.cern.ch
	CondorScratchDir = "/pool/condor/dir_816022"
	Cpus = 12
	Disk = 2405847
	Memory = 24000
...
006 (10284267.7267.000) 08/02 17:22:30 Image size of job updated: 1
	0  -  MemoryUsage of job (MB)
	0  -  ResidentSetSize of job (KB)
...
006 (10284267.7267.000) 08/02 17:22:50 Image size of job updated: 312648
	3  -  MemoryUsage of job (MB)
	3036  -  ResidentSetSize of job (KB)
...
040 (10284267.7267.000) 08/02 17:22:50 Started transferring output files
...
040 (10284267.7267.000) 08/02 17:22:50 Finished transferring output files
...
005 (10284267.7267.000) 08/02 17:22:50 Job terminated.
	(1) Normal termination (return value 139)
		Usr 0 00:00:03, Sys 0 00:00:00  -  Run Remote Usage
		Usr 0 00:00:00, Sys 0 00:00:00  -  Run Local Usage
		Usr 0 00:00:03, Sys 0 00:00:00  -  Total Remote Usage
		Usr 0 00:00:00, Sys 0 00:00:00  -  Total Local Usage
	7696  -  Run Bytes Sent By Job
	409597  -  Run Bytes Received By Job
	7696  -  Total Bytes Sent By Job
	409597  -  Total Bytes Received By Job
	Partitionable Resources :    Usage  Request Allocated 
	   Cpus                 :        0       12        12 
	   Disk (KB)            :      429      425   2405847 
	   Memory (MB)          :        3    24000     24000 

	Job terminated of its own accord at 2024-08-02T15:22:50Z with exit-code 139.
...
