000 (10252905.7274.000) 07/24 16:13:25 Job submitted from host: <188.185.114.121:9618?addrs=188.185.114.121-9618+[2001-1458-d00-a--100-273]-9618&alias=bigbird19.cern.ch&noUDP&sock=schedd_4961_696e>
...
009 (10252905.7274.000) 07/24 16:14:55 Job was aborted.
	via condor_rm (by user yelberke)
...
000 (10252906.7274.000) 07/24 16:15:42 Job submitted from host: <188.185.114.121:9618?addrs=188.185.114.121-9618+[2001-1458-d00-a--100-273]-9618&alias=bigbird19.cern.ch&noUDP&sock=schedd_4961_696e>
...
000 (10252907.7274.000) 07/24 16:17:37 Job submitted from host: <188.185.114.121:9618?addrs=188.185.114.121-9618+[2001-1458-d00-a--100-273]-9618&alias=bigbird19.cern.ch&noUDP&sock=schedd_4961_696e>
...
000 (10252908.7274.000) 07/24 16:18:10 Job submitted from host: <188.185.114.121:9618?addrs=188.185.114.121-9618+[2001-1458-d00-a--100-273]-9618&alias=bigbird19.cern.ch&noUDP&sock=schedd_4961_696e>
...
000 (10252909.7274.000) 07/24 16:18:46 Job submitted from host: <188.185.114.121:9618?addrs=188.185.114.121-9618+[2001-1458-d00-a--100-273]-9618&alias=bigbird19.cern.ch&noUDP&sock=schedd_4961_696e>
...
040 (10252906.7274.000) 07/24 17:38:17 Started transferring input files
	Transferring to host: <188.185.209.55:9618?addrs=188.185.209.55-9618+[2001-1458-303-11--100-34]-9618&alias=b9p11p5238.cern.ch&noUDP&sock=slot1_13_20270_cc71_24490>
...
040 (10252906.7274.000) 07/24 17:38:17 Finished transferring input files
...
001 (10252906.7274.000) 07/24 17:38:18 Job executing on host: <188.185.209.55:9618?addrs=188.185.209.55-9618+[2001-1458-303-11--100-34]-9618&alias=b9p11p5238.cern.ch&noUDP&sock=startd_19257_475c>
	SlotName: slot1_13@b9p11p5238.cern.ch
	CondorScratchDir = "/pool/condor/dir_374101"
	Cpus = 8
	Disk = 2869228
	Memory = 16000
...
006 (10252906.7274.000) 07/24 17:38:22 Image size of job updated: 159856
	8  -  MemoryUsage of job (MB)
	7724  -  ResidentSetSize of job (KB)
...
040 (10252906.7274.000) 07/24 17:38:24 Started transferring output files
...
040 (10252906.7274.000) 07/24 17:38:24 Finished transferring output files
...
005 (10252906.7274.000) 07/24 17:38:24 Job terminated.
	(1) Normal termination (return value 0)
		Usr 0 00:00:03, Sys 0 00:00:00  -  Run Remote Usage
		Usr 0 00:00:00, Sys 0 00:00:00  -  Run Local Usage
		Usr 0 00:00:03, Sys 0 00:00:00  -  Total Remote Usage
		Usr 0 00:00:00, Sys 0 00:00:00  -  Total Local Usage
	6201  -  Run Bytes Sent By Job
	409597  -  Run Bytes Received By Job
	6201  -  Total Bytes Sent By Job
	409597  -  Total Bytes Received By Job
	Partitionable Resources :    Usage  Request Allocated 
	   Cpus                 :        0        8         8 
	   Disk (KB)            :      428      425   2869228 
	   Memory (MB)          :        8    16000     16000 

	Job terminated of its own accord at 2024-07-24T15:38:22Z with exit-code 0.
...
040 (10252907.7274.000) 07/24 18:37:50 Started transferring input files
	Transferring to host: <188.185.209.19:9618?addrs=188.185.209.19-9618+[2001-1458-303-11--100-10]-9618&alias=b9p11p3677.cern.ch&noUDP&sock=slot1_9_4976_cac3_145221>
...
040 (10252907.7274.000) 07/24 18:37:50 Finished transferring input files
...
001 (10252907.7274.000) 07/24 18:37:51 Job executing on host: <188.185.209.19:9618?addrs=188.185.209.19-9618+[2001-1458-303-11--100-10]-9618&alias=b9p11p3677.cern.ch&noUDP&sock=startd_4180_b5f6>
	SlotName: slot1_9@b9p11p3677.cern.ch
	CondorScratchDir = "/pool/condor/dir_3445716"
	Cpus = 8
	Disk = 2836178
	Memory = 16000
...
006 (10252907.7274.000) 07/24 18:37:55 Image size of job updated: 158188
	8  -  MemoryUsage of job (MB)
	7780  -  ResidentSetSize of job (KB)
...
040 (10252907.7274.000) 07/24 18:37:55 Started transferring output files
...
040 (10252907.7274.000) 07/24 18:37:55 Finished transferring output files
...
005 (10252907.7274.000) 07/24 18:37:55 Job terminated.
	(1) Normal termination (return value 0)
		Usr 0 00:00:03, Sys 0 00:00:00  -  Run Remote Usage
		Usr 0 00:00:00, Sys 0 00:00:00  -  Run Local Usage
		Usr 0 00:00:03, Sys 0 00:00:00  -  Total Remote Usage
		Usr 0 00:00:00, Sys 0 00:00:00  -  Total Local Usage
	6204  -  Run Bytes Sent By Job
	409597  -  Run Bytes Received By Job
	6204  -  Total Bytes Sent By Job
	409597  -  Total Bytes Received By Job
	Partitionable Resources :    Usage  Request Allocated 
	   Cpus                 :        0        8         8 
	   Disk (KB)            :      428      425   2836178 
	   Memory (MB)          :        8    16000     16000 

	Job terminated of its own accord at 2024-07-24T16:37:55Z with exit-code 0.
...
040 (10252908.7274.000) 07/24 19:43:13 Started transferring input files
	Transferring to host: <188.185.206.94:9618?addrs=188.185.206.94-9618+[2001-1458-303-b--100-5b]-9618&alias=b9p05p6847.cern.ch&noUDP&sock=slot1_7_67960_b7c5_91697>
...
040 (10252908.7274.000) 07/24 19:43:13 Finished transferring input files
...
001 (10252908.7274.000) 07/24 19:43:14 Job executing on host: <188.185.206.94:9618?addrs=188.185.206.94-9618+[2001-1458-303-b--100-5b]-9618&alias=b9p05p6847.cern.ch&noUDP&sock=startd_3806_2d8b>
	SlotName: slot1_7@b9p05p6847.cern.ch
	CondorScratchDir = "/pool/condor/dir_2009742"
	Cpus = 8
	Disk = 2782953
	Memory = 16000
...
006 (10252908.7274.000) 07/24 19:43:20 Image size of job updated: 159796
	8  -  MemoryUsage of job (MB)
	7544  -  ResidentSetSize of job (KB)
...
040 (10252908.7274.000) 07/24 19:43:20 Started transferring output files
...
040 (10252908.7274.000) 07/24 19:43:20 Finished transferring output files
...
005 (10252908.7274.000) 07/24 19:43:20 Job terminated.
	(1) Normal termination (return value 0)
		Usr 0 00:00:04, Sys 0 00:00:00  -  Run Remote Usage
		Usr 0 00:00:00, Sys 0 00:00:00  -  Run Local Usage
		Usr 0 00:00:04, Sys 0 00:00:00  -  Total Remote Usage
		Usr 0 00:00:00, Sys 0 00:00:00  -  Total Local Usage
	6201  -  Run Bytes Sent By Job
	409597  -  Run Bytes Received By Job
	6201  -  Total Bytes Sent By Job
	409597  -  Total Bytes Received By Job
	Partitionable Resources :    Usage  Request Allocated 
	   Cpus                 :        0        8         8 
	   Disk (KB)            :      431      425   2782953 
	   Memory (MB)          :        8    16000     16000 

	Job terminated of its own accord at 2024-07-24T17:43:20Z with exit-code 0.
...
040 (10252909.7274.000) 07/24 20:37:02 Started transferring input files
	Transferring to host: <188.185.207.143:9618?addrs=188.185.207.143-9618+[2001-1458-303-e--100-c]-9618&alias=b9p08p3391.cern.ch&noUDP&sock=slot1_12_20694_8b83_25635>
...
040 (10252909.7274.000) 07/24 20:37:02 Finished transferring input files
...
001 (10252909.7274.000) 07/24 20:37:03 Job executing on host: <188.185.207.143:9618?addrs=188.185.207.143-9618+[2001-1458-303-e--100-c]-9618&alias=b9p08p3391.cern.ch&noUDP&sock=startd_19462_e446>
	SlotName: slot1_12@b9p08p3391.cern.ch
	CondorScratchDir = "/pool/condor/dir_2653894"
	Cpus = 8
	Disk = 2750143
	Memory = 16000
...
006 (10252909.7274.000) 07/24 20:37:08 Image size of job updated: 174812
	17  -  MemoryUsage of job (MB)
	17228  -  ResidentSetSize of job (KB)
...
040 (10252909.7274.000) 07/24 20:37:08 Started transferring output files
...
040 (10252909.7274.000) 07/24 20:37:08 Finished transferring output files
...
005 (10252909.7274.000) 07/24 20:37:08 Job terminated.
	(1) Normal termination (return value 0)
		Usr 0 00:00:03, Sys 0 00:00:00  -  Run Remote Usage
		Usr 0 00:00:00, Sys 0 00:00:00  -  Run Local Usage
		Usr 0 00:00:03, Sys 0 00:00:00  -  Total Remote Usage
		Usr 0 00:00:00, Sys 0 00:00:00  -  Total Local Usage
	6201  -  Run Bytes Sent By Job
	409597  -  Run Bytes Received By Job
	6201  -  Total Bytes Sent By Job
	409597  -  Total Bytes Received By Job
	Partitionable Resources :    Usage  Request Allocated 
	   Cpus                 :        0        8         8 
	   Disk (KB)            :      430      425   2750143 
	   Memory (MB)          :       17    16000     16000 

	Job terminated of its own accord at 2024-07-24T18:37:08Z with exit-code 0.
...
000 (10261715.7274.000) 07/25 13:04:02 Job submitted from host: <188.185.114.121:9618?addrs=188.185.114.121-9618+[2001-1458-d00-a--100-273]-9618&alias=bigbird19.cern.ch&noUDP&sock=schedd_4961_696e>
...
009 (10261715.7274.000) 07/25 13:07:21 Job was aborted.
	via condor_rm (by user yelberke)
...
000 (10261767.7274.000) 07/25 13:20:59 Job submitted from host: <188.185.114.121:9618?addrs=188.185.114.121-9618+[2001-1458-d00-a--100-273]-9618&alias=bigbird19.cern.ch&noUDP&sock=schedd_4961_696e>
...
040 (10261767.7274.000) 07/25 15:08:19 Started transferring input files
	Transferring to host: <188.185.206.198:9618?addrs=188.185.206.198-9618&alias=b9p06p1091.cern.ch&noUDP&sock=slot1_3_6054_572f_150900>
...
040 (10261767.7274.000) 07/25 15:08:19 Finished transferring input files
...
001 (10261767.7274.000) 07/25 15:08:20 Job executing on host: <188.185.206.198:9618?addrs=188.185.206.198-9618&alias=b9p06p1091.cern.ch&noUDP&sock=startd_5659_2e89>
	SlotName: slot1_3@b9p06p1091.cern.ch
	CondorScratchDir = "/pool/condor/dir_36644"
	Cpus = 12
	Disk = 2887390
	Memory = 24000
...
006 (10261767.7274.000) 07/25 15:08:25 Image size of job updated: 161284
	7  -  MemoryUsage of job (MB)
	7052  -  ResidentSetSize of job (KB)
...
040 (10261767.7274.000) 07/25 15:08:26 Started transferring output files
...
040 (10261767.7274.000) 07/25 15:08:26 Finished transferring output files
...
005 (10261767.7274.000) 07/25 15:08:26 Job terminated.
	(1) Normal termination (return value 0)
		Usr 0 00:00:04, Sys 0 00:00:00  -  Run Remote Usage
		Usr 0 00:00:00, Sys 0 00:00:00  -  Run Local Usage
		Usr 0 00:00:04, Sys 0 00:00:00  -  Total Remote Usage
		Usr 0 00:00:00, Sys 0 00:00:00  -  Total Local Usage
	6673  -  Run Bytes Sent By Job
	409597  -  Run Bytes Received By Job
	6673  -  Total Bytes Sent By Job
	409597  -  Total Bytes Received By Job
	Partitionable Resources :    Usage  Request Allocated 
	   Cpus                 :        0       12        12 
	   Disk (KB)            :      428      425   2887390 
	   Memory (MB)          :        7    24000     24000 

	Job terminated of its own accord at 2024-07-25T13:08:25Z with exit-code 0.
...
000 (10284266.7274.000) 08/02 15:47:56 Job submitted from host: <188.185.114.121:9618?addrs=188.185.114.121-9618+[2001-1458-d00-a--100-273]-9618&alias=bigbird19.cern.ch&noUDP&sock=schedd_4961_696e>
...
000 (10284267.7274.000) 08/02 15:50:19 Job submitted from host: <188.185.114.121:9618?addrs=188.185.114.121-9618+[2001-1458-d00-a--100-273]-9618&alias=bigbird19.cern.ch&noUDP&sock=schedd_4961_696e>
...
009 (10284266.7274.000) 08/02 15:50:46 Job was aborted.
	via condor_rm (by user yelberke)
...
040 (10284267.7274.000) 08/02 17:22:22 Started transferring input files
	Transferring to host: <188.185.206.171:9618?addrs=188.185.206.171-9618+[2001-1458-303-c--100-28]-9618&alias=b9p06p7011.cern.ch&noUDP&sock=slot1_8_6931_4433_166243>
...
040 (10284267.7274.000) 08/02 17:22:22 Finished transferring input files
...
001 (10284267.7274.000) 08/02 17:22:23 Job executing on host: <188.185.206.171:9618?addrs=188.185.206.171-9618+[2001-1458-303-c--100-28]-9618&alias=b9p06p7011.cern.ch&noUDP&sock=startd_6862_56f7>
	SlotName: slot1_8@b9p06p7011.cern.ch
	CondorScratchDir = "/pool/condor/dir_118310"
	Cpus = 12
	Disk = 2738309
	Memory = 24000
...
006 (10284267.7274.000) 08/02 17:22:24 Image size of job updated: 323472
	3  -  MemoryUsage of job (MB)
	3024  -  ResidentSetSize of job (KB)
...
040 (10284267.7274.000) 08/02 17:22:25 Started transferring output files
...
040 (10284267.7274.000) 08/02 17:22:25 Finished transferring output files
...
005 (10284267.7274.000) 08/02 17:22:25 Job terminated.
	(1) Normal termination (return value 139)
		Usr 0 00:00:01, Sys 0 00:00:00  -  Run Remote Usage
		Usr 0 00:00:00, Sys 0 00:00:00  -  Run Local Usage
		Usr 0 00:00:01, Sys 0 00:00:00  -  Total Remote Usage
		Usr 0 00:00:00, Sys 0 00:00:00  -  Total Local Usage
	7696  -  Run Bytes Sent By Job
	409597  -  Run Bytes Received By Job
	7696  -  Total Bytes Sent By Job
	409597  -  Total Bytes Received By Job
	Partitionable Resources :    Usage  Request Allocated 
	   Cpus                 :        0       12        12 
	   Disk (KB)            :      429      425   2738309 
	   Memory (MB)          :        3    24000     24000 

	Job terminated of its own accord at 2024-08-02T15:22:24Z with exit-code 139.
...
