000 (10252905.7296.000) 07/24 16:13:25 Job submitted from host: <188.185.114.121:9618?addrs=188.185.114.121-9618+[2001-1458-d00-a--100-273]-9618&alias=bigbird19.cern.ch&noUDP&sock=schedd_4961_696e>
...
009 (10252905.7296.000) 07/24 16:14:55 Job was aborted.
	via condor_rm (by user yelberke)
...
000 (10252906.7296.000) 07/24 16:15:42 Job submitted from host: <188.185.114.121:9618?addrs=188.185.114.121-9618+[2001-1458-d00-a--100-273]-9618&alias=bigbird19.cern.ch&noUDP&sock=schedd_4961_696e>
...
000 (10252907.7296.000) 07/24 16:17:37 Job submitted from host: <188.185.114.121:9618?addrs=188.185.114.121-9618+[2001-1458-d00-a--100-273]-9618&alias=bigbird19.cern.ch&noUDP&sock=schedd_4961_696e>
...
000 (10252908.7296.000) 07/24 16:18:10 Job submitted from host: <188.185.114.121:9618?addrs=188.185.114.121-9618+[2001-1458-d00-a--100-273]-9618&alias=bigbird19.cern.ch&noUDP&sock=schedd_4961_696e>
...
000 (10252909.7296.000) 07/24 16:18:46 Job submitted from host: <188.185.114.121:9618?addrs=188.185.114.121-9618+[2001-1458-d00-a--100-273]-9618&alias=bigbird19.cern.ch&noUDP&sock=schedd_4961_696e>
...
040 (10252906.7296.000) 07/24 17:38:26 Started transferring input files
	Transferring to host: <188.185.205.105:9618?addrs=188.185.205.105-9618+[2001-1458-303-9--100-66]-9618&alias=b9p03p7861.cern.ch&noUDP&sock=slot1_14_7252_70a0_155242>
...
040 (10252906.7296.000) 07/24 17:38:26 Finished transferring input files
...
001 (10252906.7296.000) 07/24 17:38:27 Job executing on host: <188.185.205.105:9618?addrs=188.185.205.105-9618+[2001-1458-303-9--100-66]-9618&alias=b9p03p7861.cern.ch&noUDP&sock=startd_7189_a26f>
	SlotName: slot1_14@b9p03p7861.cern.ch
	CondorScratchDir = "/pool/condor/dir_3360770"
	Cpus = 8
	Disk = 2661479
	Memory = 16000
...
006 (10252906.7296.000) 07/24 17:38:31 Image size of job updated: 159528
	9  -  MemoryUsage of job (MB)
	8652  -  ResidentSetSize of job (KB)
...
040 (10252906.7296.000) 07/24 17:38:31 Started transferring output files
...
040 (10252906.7296.000) 07/24 17:38:31 Finished transferring output files
...
005 (10252906.7296.000) 07/24 17:38:31 Job terminated.
	(1) Normal termination (return value 0)
		Usr 0 00:00:03, Sys 0 00:00:00  -  Run Remote Usage
		Usr 0 00:00:00, Sys 0 00:00:00  -  Run Local Usage
		Usr 0 00:00:03, Sys 0 00:00:00  -  Total Remote Usage
		Usr 0 00:00:00, Sys 0 00:00:00  -  Total Local Usage
	6201  -  Run Bytes Sent By Job
	409597  -  Run Bytes Received By Job
	6201  -  Total Bytes Sent By Job
	409597  -  Total Bytes Received By Job
	Partitionable Resources :    Usage  Request Allocated 
	   Cpus                 :        0        8         8 
	   Disk (KB)            :      428      425   2661479 
	   Memory (MB)          :        9    16000     16000 

	Job terminated of its own accord at 2024-07-24T15:38:31Z with exit-code 0.
...
040 (10252907.7296.000) 07/24 18:37:57 Started transferring input files
	Transferring to host: <188.185.205.121:9618?addrs=188.185.205.121-9618+[2001-1458-303-9--100-76]-9618&alias=b9p03p6955.cern.ch&noUDP&sock=slot1_2_4924_2741_27074>
...
040 (10252907.7296.000) 07/24 18:37:57 Finished transferring input files
...
001 (10252907.7296.000) 07/24 18:37:58 Job executing on host: <188.185.205.121:9618?addrs=188.185.205.121-9618+[2001-1458-303-9--100-76]-9618&alias=b9p03p6955.cern.ch&noUDP&sock=startd_4088_9b40>
	SlotName: slot1_2@b9p03p6955.cern.ch
	CondorScratchDir = "/pool/condor/dir_1390355"
	Cpus = 8
	Disk = 2772887
	Memory = 16000
...
006 (10252907.7296.000) 07/24 18:38:02 Image size of job updated: 160708
	9  -  MemoryUsage of job (MB)
	8640  -  ResidentSetSize of job (KB)
...
040 (10252907.7296.000) 07/24 18:38:02 Started transferring output files
...
040 (10252907.7296.000) 07/24 18:38:02 Finished transferring output files
...
005 (10252907.7296.000) 07/24 18:38:02 Job terminated.
	(1) Normal termination (return value 0)
		Usr 0 00:00:03, Sys 0 00:00:00  -  Run Remote Usage
		Usr 0 00:00:00, Sys 0 00:00:00  -  Run Local Usage
		Usr 0 00:00:03, Sys 0 00:00:00  -  Total Remote Usage
		Usr 0 00:00:00, Sys 0 00:00:00  -  Total Local Usage
	6204  -  Run Bytes Sent By Job
	409597  -  Run Bytes Received By Job
	6204  -  Total Bytes Sent By Job
	409597  -  Total Bytes Received By Job
	Partitionable Resources :    Usage  Request Allocated 
	   Cpus                 :        0        8         8 
	   Disk (KB)            :      428      425   2772887 
	   Memory (MB)          :        9    16000     16000 

	Job terminated of its own accord at 2024-07-24T16:38:02Z with exit-code 0.
...
040 (10252908.7296.000) 07/24 19:43:22 Started transferring input files
	Transferring to host: <188.185.207.228:9618?addrs=188.185.207.228-9618+[2001-1458-303-e--100-61]-9618&alias=b9p08p1817.cern.ch&noUDP&sock=slot1_6_5110_3509_142881>
...
040 (10252908.7296.000) 07/24 19:43:22 Finished transferring input files
...
001 (10252908.7296.000) 07/24 19:43:23 Job executing on host: <188.185.207.228:9618?addrs=188.185.207.228-9618+[2001-1458-303-e--100-61]-9618&alias=b9p08p1817.cern.ch&noUDP&sock=startd_4330_992b>
	SlotName: slot1_6@b9p08p1817.cern.ch
	CondorScratchDir = "/pool/condor/dir_3389015"
	Cpus = 8
	Disk = 2880726
	Memory = 16000
...
006 (10252908.7296.000) 07/24 19:43:27 Image size of job updated: 157652
	7  -  MemoryUsage of job (MB)
	7156  -  ResidentSetSize of job (KB)
...
040 (10252908.7296.000) 07/24 19:43:27 Started transferring output files
...
040 (10252908.7296.000) 07/24 19:43:27 Finished transferring output files
...
005 (10252908.7296.000) 07/24 19:43:27 Job terminated.
	(1) Normal termination (return value 0)
		Usr 0 00:00:03, Sys 0 00:00:00  -  Run Remote Usage
		Usr 0 00:00:00, Sys 0 00:00:00  -  Run Local Usage
		Usr 0 00:00:03, Sys 0 00:00:00  -  Total Remote Usage
		Usr 0 00:00:00, Sys 0 00:00:00  -  Total Local Usage
	6201  -  Run Bytes Sent By Job
	409597  -  Run Bytes Received By Job
	6201  -  Total Bytes Sent By Job
	409597  -  Total Bytes Received By Job
	Partitionable Resources :    Usage  Request Allocated 
	   Cpus                 :        0        8         8 
	   Disk (KB)            :      428      425   2880726 
	   Memory (MB)          :        7    16000     16000 

	Job terminated of its own accord at 2024-07-24T17:43:27Z with exit-code 0.
...
040 (10252909.7296.000) 07/24 20:37:11 Started transferring input files
	Transferring to host: <188.185.206.166:9618?addrs=188.185.206.166-9618+[2001-1458-303-c--100-23]-9618&alias=b9p06p7022.cern.ch&noUDP&sock=slot1_9_65019_846d_93211>
...
040 (10252909.7296.000) 07/24 20:37:11 Finished transferring input files
...
001 (10252909.7296.000) 07/24 20:37:12 Job executing on host: <188.185.206.166:9618?addrs=188.185.206.166-9618+[2001-1458-303-c--100-23]-9618&alias=b9p06p7022.cern.ch&noUDP&sock=startd_3379_4a9a>
	SlotName: slot1_9@b9p06p7022.cern.ch
	CondorScratchDir = "/pool/condor/dir_924647"
	Cpus = 8
	Disk = 2650857
	Memory = 16000
...
006 (10252909.7296.000) 07/24 20:37:17 Image size of job updated: 174304
	17  -  MemoryUsage of job (MB)
	17360  -  ResidentSetSize of job (KB)
...
040 (10252909.7296.000) 07/24 20:37:17 Started transferring output files
...
040 (10252909.7296.000) 07/24 20:37:17 Finished transferring output files
...
005 (10252909.7296.000) 07/24 20:37:17 Job terminated.
	(1) Normal termination (return value 0)
		Usr 0 00:00:04, Sys 0 00:00:00  -  Run Remote Usage
		Usr 0 00:00:00, Sys 0 00:00:00  -  Run Local Usage
		Usr 0 00:00:04, Sys 0 00:00:00  -  Total Remote Usage
		Usr 0 00:00:00, Sys 0 00:00:00  -  Total Local Usage
	6201  -  Run Bytes Sent By Job
	409597  -  Run Bytes Received By Job
	6201  -  Total Bytes Sent By Job
	409597  -  Total Bytes Received By Job
	Partitionable Resources :    Usage  Request Allocated 
	   Cpus                 :        0        8         8 
	   Disk (KB)            :      430      425   2650857 
	   Memory (MB)          :       17    16000     16000 

	Job terminated of its own accord at 2024-07-24T18:37:17Z with exit-code 0.
...
000 (10261715.7296.000) 07/25 13:04:02 Job submitted from host: <188.185.114.121:9618?addrs=188.185.114.121-9618+[2001-1458-d00-a--100-273]-9618&alias=bigbird19.cern.ch&noUDP&sock=schedd_4961_696e>
...
009 (10261715.7296.000) 07/25 13:07:21 Job was aborted.
	via condor_rm (by user yelberke)
...
000 (10261767.7296.000) 07/25 13:21:00 Job submitted from host: <188.185.114.121:9618?addrs=188.185.114.121-9618+[2001-1458-d00-a--100-273]-9618&alias=bigbird19.cern.ch&noUDP&sock=schedd_4961_696e>
...
040 (10261767.7296.000) 07/25 15:08:26 Started transferring input files
	Transferring to host: <188.185.206.161:9618?addrs=188.185.206.161-9618+[2001-1458-303-c--100-1e]-9618&alias=b9p06p4981.cern.ch&noUDP&sock=slot1_5_7395_3246_156032>
...
040 (10261767.7296.000) 07/25 15:08:26 Finished transferring input files
...
001 (10261767.7296.000) 07/25 15:08:27 Job executing on host: <188.185.206.161:9618?addrs=188.185.206.161-9618+[2001-1458-303-c--100-1e]-9618&alias=b9p06p4981.cern.ch&noUDP&sock=startd_7325_eb51>
	SlotName: slot1_5@b9p06p4981.cern.ch
	CondorScratchDir = "/pool/condor/dir_3258269"
	Cpus = 12
	Disk = 2798076
	Memory = 24000
...
006 (10261767.7296.000) 07/25 15:08:31 Image size of job updated: 160704
	8  -  MemoryUsage of job (MB)
	7304  -  ResidentSetSize of job (KB)
...
040 (10261767.7296.000) 07/25 15:08:31 Started transferring output files
...
040 (10261767.7296.000) 07/25 15:08:31 Finished transferring output files
...
005 (10261767.7296.000) 07/25 15:08:31 Job terminated.
	(1) Normal termination (return value 0)
		Usr 0 00:00:03, Sys 0 00:00:00  -  Run Remote Usage
		Usr 0 00:00:00, Sys 0 00:00:00  -  Run Local Usage
		Usr 0 00:00:03, Sys 0 00:00:00  -  Total Remote Usage
		Usr 0 00:00:00, Sys 0 00:00:00  -  Total Local Usage
	6673  -  Run Bytes Sent By Job
	409597  -  Run Bytes Received By Job
	6673  -  Total Bytes Sent By Job
	409597  -  Total Bytes Received By Job
	Partitionable Resources :    Usage  Request Allocated 
	   Cpus                 :        0       12        12 
	   Disk (KB)            :      428      425   2798076 
	   Memory (MB)          :        8    24000     24000 

	Job terminated of its own accord at 2024-07-25T13:08:31Z with exit-code 0.
...
000 (10284266.7296.000) 08/02 15:47:56 Job submitted from host: <188.185.114.121:9618?addrs=188.185.114.121-9618+[2001-1458-d00-a--100-273]-9618&alias=bigbird19.cern.ch&noUDP&sock=schedd_4961_696e>
...
000 (10284267.7296.000) 08/02 15:50:19 Job submitted from host: <188.185.114.121:9618?addrs=188.185.114.121-9618+[2001-1458-d00-a--100-273]-9618&alias=bigbird19.cern.ch&noUDP&sock=schedd_4961_696e>
...
009 (10284266.7296.000) 08/02 15:50:46 Job was aborted.
	via condor_rm (by user yelberke)
...
040 (10284267.7296.000) 08/02 17:22:31 Started transferring input files
	Transferring to host: <188.185.194.97:9618?addrs=188.185.194.97-9618+[2001-1458-303-21--100-5d]-9618&alias=b9p20p0608.cern.ch&noUDP&sock=slot1_2_157873_8f6d_365>
...
040 (10284267.7296.000) 08/02 17:22:31 Finished transferring input files
...
001 (10284267.7296.000) 08/02 17:22:32 Job executing on host: <188.185.194.97:9618?addrs=188.185.194.97-9618+[2001-1458-303-21--100-5d]-9618&alias=b9p20p0608.cern.ch&noUDP&sock=startd_128026_c406>
	SlotName: slot1_2@b9p20p0608.cern.ch
	CondorScratchDir = "/pool/condor/dir_639681"
	Cpus = 12
	Disk = 2322493
	Memory = 24000
...
006 (10284267.7296.000) 08/02 17:22:35 Image size of job updated: 475916
	158  -  MemoryUsage of job (MB)
	160972  -  ResidentSetSize of job (KB)
...
040 (10284267.7296.000) 08/02 17:22:35 Started transferring output files
...
040 (10284267.7296.000) 08/02 17:22:35 Finished transferring output files
...
005 (10284267.7296.000) 08/02 17:22:35 Job terminated.
	(1) Normal termination (return value 139)
		Usr 0 00:00:02, Sys 0 00:00:00  -  Run Remote Usage
		Usr 0 00:00:00, Sys 0 00:00:00  -  Run Local Usage
		Usr 0 00:00:02, Sys 0 00:00:00  -  Total Remote Usage
		Usr 0 00:00:00, Sys 0 00:00:00  -  Total Local Usage
	7696  -  Run Bytes Sent By Job
	409597  -  Run Bytes Received By Job
	7696  -  Total Bytes Sent By Job
	409597  -  Total Bytes Received By Job
	Partitionable Resources :    Usage  Request Allocated 
	   Cpus                 :        0       12        12 
	   Disk (KB)            :      429      425   2322493 
	   Memory (MB)          :      158    24000     24000 

	Job terminated of its own accord at 2024-08-02T15:22:35Z with exit-code 139.
...
