000 (10252905.7306.000) 07/24 16:13:25 Job submitted from host: <188.185.114.121:9618?addrs=188.185.114.121-9618+[2001-1458-d00-a--100-273]-9618&alias=bigbird19.cern.ch&noUDP&sock=schedd_4961_696e>
...
009 (10252905.7306.000) 07/24 16:14:55 Job was aborted.
	via condor_rm (by user yelberke)
...
000 (10252906.7306.000) 07/24 16:15:42 Job submitted from host: <188.185.114.121:9618?addrs=188.185.114.121-9618+[2001-1458-d00-a--100-273]-9618&alias=bigbird19.cern.ch&noUDP&sock=schedd_4961_696e>
...
000 (10252907.7306.000) 07/24 16:17:37 Job submitted from host: <188.185.114.121:9618?addrs=188.185.114.121-9618+[2001-1458-d00-a--100-273]-9618&alias=bigbird19.cern.ch&noUDP&sock=schedd_4961_696e>
...
000 (10252908.7306.000) 07/24 16:18:10 Job submitted from host: <188.185.114.121:9618?addrs=188.185.114.121-9618+[2001-1458-d00-a--100-273]-9618&alias=bigbird19.cern.ch&noUDP&sock=schedd_4961_696e>
...
000 (10252909.7306.000) 07/24 16:18:46 Job submitted from host: <188.185.114.121:9618?addrs=188.185.114.121-9618+[2001-1458-d00-a--100-273]-9618&alias=bigbird19.cern.ch&noUDP&sock=schedd_4961_696e>
...
040 (10252906.7306.000) 07/24 17:38:32 Started transferring input files
	Transferring to host: <188.185.209.96:9618?addrs=188.185.209.96-9618+[2001-1458-303-11--100-5d]-9618&alias=b9p11p5408.cern.ch&noUDP&sock=slot1_18_5516_4559_141950>
...
040 (10252906.7306.000) 07/24 17:38:32 Finished transferring input files
...
001 (10252906.7306.000) 07/24 17:38:33 Job executing on host: <188.185.209.96:9618?addrs=188.185.209.96-9618+[2001-1458-303-11--100-5d]-9618&alias=b9p11p5408.cern.ch&noUDP&sock=startd_4586_316a>
	SlotName: slot1_18@b9p11p5408.cern.ch
	CondorScratchDir = "/pool/condor/dir_435766"
	Cpus = 8
	Disk = 2789513
	Memory = 16000
...
006 (10252906.7306.000) 07/24 17:38:37 Image size of job updated: 159972
	8  -  MemoryUsage of job (MB)
	7820  -  ResidentSetSize of job (KB)
...
040 (10252906.7306.000) 07/24 17:38:37 Started transferring output files
...
040 (10252906.7306.000) 07/24 17:38:37 Finished transferring output files
...
005 (10252906.7306.000) 07/24 17:38:37 Job terminated.
	(1) Normal termination (return value 0)
		Usr 0 00:00:03, Sys 0 00:00:00  -  Run Remote Usage
		Usr 0 00:00:00, Sys 0 00:00:00  -  Run Local Usage
		Usr 0 00:00:03, Sys 0 00:00:00  -  Total Remote Usage
		Usr 0 00:00:00, Sys 0 00:00:00  -  Total Local Usage
	6201  -  Run Bytes Sent By Job
	409597  -  Run Bytes Received By Job
	6201  -  Total Bytes Sent By Job
	409597  -  Total Bytes Received By Job
	Partitionable Resources :    Usage  Request Allocated 
	   Cpus                 :        0        8         8 
	   Disk (KB)            :      428      425   2789513 
	   Memory (MB)          :        8    16000     16000 

	Job terminated of its own accord at 2024-07-24T15:38:37Z with exit-code 0.
...
040 (10252907.7306.000) 07/24 18:38:01 Started transferring input files
	Transferring to host: <188.185.204.204:9618?addrs=188.185.204.204-9618+[2001-1458-303-8--100-c0]-9618&alias=b9p02p9432.cern.ch&noUDP&sock=slot1_16_7255_8dc0_158969>
...
040 (10252907.7306.000) 07/24 18:38:01 Finished transferring input files
...
001 (10252907.7306.000) 07/24 18:38:02 Job executing on host: <188.185.204.204:9618?addrs=188.185.204.204-9618+[2001-1458-303-8--100-c0]-9618&alias=b9p02p9432.cern.ch&noUDP&sock=startd_7186_93a7>
	SlotName: slot1_16@b9p02p9432.cern.ch
	CondorScratchDir = "/pool/condor/dir_2104091"
	Cpus = 8
	Disk = 2784131
	Memory = 16000
...
006 (10252907.7306.000) 07/24 18:38:06 Image size of job updated: 158240
	8  -  MemoryUsage of job (MB)
	7292  -  ResidentSetSize of job (KB)
...
040 (10252907.7306.000) 07/24 18:38:06 Started transferring output files
...
040 (10252907.7306.000) 07/24 18:38:06 Finished transferring output files
...
005 (10252907.7306.000) 07/24 18:38:06 Job terminated.
	(1) Normal termination (return value 0)
		Usr 0 00:00:03, Sys 0 00:00:00  -  Run Remote Usage
		Usr 0 00:00:00, Sys 0 00:00:00  -  Run Local Usage
		Usr 0 00:00:03, Sys 0 00:00:00  -  Total Remote Usage
		Usr 0 00:00:00, Sys 0 00:00:00  -  Total Local Usage
	6204  -  Run Bytes Sent By Job
	409597  -  Run Bytes Received By Job
	6204  -  Total Bytes Sent By Job
	409597  -  Total Bytes Received By Job
	Partitionable Resources :    Usage  Request Allocated 
	   Cpus                 :        0        8         8 
	   Disk (KB)            :      428      425   2784131 
	   Memory (MB)          :        8    16000     16000 

	Job terminated of its own accord at 2024-07-24T16:38:06Z with exit-code 0.
...
040 (10252908.7306.000) 07/24 19:43:30 Started transferring input files
	Transferring to host: <188.185.205.30:9618?addrs=188.185.205.30-9618+[2001-1458-303-9--100-92]-9618&alias=b9p03p0246.cern.ch&noUDP&sock=slot1_5_7352_e624_156850>
...
040 (10252908.7306.000) 07/24 19:43:30 Finished transferring input files
...
001 (10252908.7306.000) 07/24 19:43:31 Job executing on host: <188.185.205.30:9618?addrs=188.185.205.30-9618+[2001-1458-303-9--100-92]-9618&alias=b9p03p0246.cern.ch&noUDP&sock=startd_7276_4f2d>
	SlotName: slot1_5@b9p03p0246.cern.ch
	CondorScratchDir = "/pool/condor/dir_2854833"
	Cpus = 8
	Disk = 2808704
	Memory = 16000
...
006 (10252908.7306.000) 07/24 19:43:38 Image size of job updated: 164664
	12  -  MemoryUsage of job (MB)
	11952  -  ResidentSetSize of job (KB)
...
040 (10252908.7306.000) 07/24 19:43:38 Started transferring output files
...
040 (10252908.7306.000) 07/24 19:43:38 Finished transferring output files
...
005 (10252908.7306.000) 07/24 19:43:38 Job terminated.
	(1) Normal termination (return value 0)
		Usr 0 00:00:05, Sys 0 00:00:00  -  Run Remote Usage
		Usr 0 00:00:00, Sys 0 00:00:00  -  Run Local Usage
		Usr 0 00:00:05, Sys 0 00:00:00  -  Total Remote Usage
		Usr 0 00:00:00, Sys 0 00:00:00  -  Total Local Usage
	6201  -  Run Bytes Sent By Job
	409597  -  Run Bytes Received By Job
	6201  -  Total Bytes Sent By Job
	409597  -  Total Bytes Received By Job
	Partitionable Resources :    Usage  Request Allocated 
	   Cpus                 :        0        8         8 
	   Disk (KB)            :      428      425   2808704 
	   Memory (MB)          :       12    16000     16000 

	Job terminated of its own accord at 2024-07-24T17:43:38Z with exit-code 0.
...
040 (10252909.7306.000) 07/24 20:37:14 Started transferring input files
	Transferring to host: <188.185.194.180:9618?addrs=188.185.194.180-9618+[2001-1458-303-21--100-b0]-9618&alias=b9p20p2473.cern.ch&noUDP&sock=slot1_12_1961625_04f2_20967>
...
040 (10252909.7306.000) 07/24 20:37:14 Finished transferring input files
...
001 (10252909.7306.000) 07/24 20:37:15 Job executing on host: <188.185.194.180:9618?addrs=188.185.194.180-9618+[2001-1458-303-21--100-b0]-9618&alias=b9p20p2473.cern.ch&noUDP&sock=startd_128197_0eb8>
	SlotName: slot1_12@b9p20p2473.cern.ch
	CondorScratchDir = "/pool/condor/dir_156951"
	Cpus = 8
	Disk = 2961347
	Memory = 16000
...
006 (10252909.7306.000) 07/24 20:37:21 Image size of job updated: 159076
	7  -  MemoryUsage of job (MB)
	6680  -  ResidentSetSize of job (KB)
...
040 (10252909.7306.000) 07/24 20:37:21 Started transferring output files
...
040 (10252909.7306.000) 07/24 20:37:21 Finished transferring output files
...
005 (10252909.7306.000) 07/24 20:37:22 Job terminated.
	(1) Normal termination (return value 0)
		Usr 0 00:00:05, Sys 0 00:00:00  -  Run Remote Usage
		Usr 0 00:00:00, Sys 0 00:00:00  -  Run Local Usage
		Usr 0 00:00:05, Sys 0 00:00:00  -  Total Remote Usage
		Usr 0 00:00:00, Sys 0 00:00:00  -  Total Local Usage
	6201  -  Run Bytes Sent By Job
	409597  -  Run Bytes Received By Job
	6201  -  Total Bytes Sent By Job
	409597  -  Total Bytes Received By Job
	Partitionable Resources :    Usage  Request Allocated 
	   Cpus                 :        0        8         8 
	   Disk (KB)            :      427      425   2961347 
	   Memory (MB)          :        7    16000     16000 

	Job terminated of its own accord at 2024-07-24T18:37:21Z with exit-code 0.
...
000 (10261715.7306.000) 07/25 13:04:02 Job submitted from host: <188.185.114.121:9618?addrs=188.185.114.121-9618+[2001-1458-d00-a--100-273]-9618&alias=bigbird19.cern.ch&noUDP&sock=schedd_4961_696e>
...
009 (10261715.7306.000) 07/25 13:07:21 Job was aborted.
	via condor_rm (by user yelberke)
...
000 (10261767.7306.000) 07/25 13:21:00 Job submitted from host: <188.185.114.121:9618?addrs=188.185.114.121-9618+[2001-1458-d00-a--100-273]-9618&alias=bigbird19.cern.ch&noUDP&sock=schedd_4961_696e>
...
040 (10261767.7306.000) 07/25 15:08:29 Started transferring input files
	Transferring to host: <188.185.208.145:9618?addrs=188.185.208.145-9618+[2001-1458-303-10--100-e]-9618&alias=b9p10p1680.cern.ch&noUDP&sock=slot1_9_12955_b828_26742>
...
040 (10261767.7306.000) 07/25 15:08:29 Finished transferring input files
...
001 (10261767.7306.000) 07/25 15:08:30 Job executing on host: <188.185.208.145:9618?addrs=188.185.208.145-9618+[2001-1458-303-10--100-e]-9618&alias=b9p10p1680.cern.ch&noUDP&sock=startd_11975_6eb4>
	SlotName: slot1_9@b9p10p1680.cern.ch
	CondorScratchDir = "/pool/condor/dir_202968"
	Cpus = 12
	Disk = 2669224
	Memory = 24000
...
006 (10261767.7306.000) 07/25 15:08:36 Image size of job updated: 165824
	10  -  MemoryUsage of job (MB)
	9632  -  ResidentSetSize of job (KB)
...
040 (10261767.7306.000) 07/25 15:08:36 Started transferring output files
...
040 (10261767.7306.000) 07/25 15:08:36 Finished transferring output files
...
005 (10261767.7306.000) 07/25 15:08:36 Job terminated.
	(1) Normal termination (return value 0)
		Usr 0 00:00:04, Sys 0 00:00:00  -  Run Remote Usage
		Usr 0 00:00:00, Sys 0 00:00:00  -  Run Local Usage
		Usr 0 00:00:04, Sys 0 00:00:00  -  Total Remote Usage
		Usr 0 00:00:00, Sys 0 00:00:00  -  Total Local Usage
	6673  -  Run Bytes Sent By Job
	409597  -  Run Bytes Received By Job
	6673  -  Total Bytes Sent By Job
	409597  -  Total Bytes Received By Job
	Partitionable Resources :    Usage  Request Allocated 
	   Cpus                 :        0       12        12 
	   Disk (KB)            :      428      425   2669224 
	   Memory (MB)          :       10    24000     24000 

	Job terminated of its own accord at 2024-07-25T13:08:36Z with exit-code 0.
...
000 (10284266.7306.000) 08/02 15:47:57 Job submitted from host: <188.185.114.121:9618?addrs=188.185.114.121-9618+[2001-1458-d00-a--100-273]-9618&alias=bigbird19.cern.ch&noUDP&sock=schedd_4961_696e>
...
000 (10284267.7306.000) 08/02 15:50:19 Job submitted from host: <188.185.114.121:9618?addrs=188.185.114.121-9618+[2001-1458-d00-a--100-273]-9618&alias=bigbird19.cern.ch&noUDP&sock=schedd_4961_696e>
...
009 (10284266.7306.000) 08/02 15:50:46 Job was aborted.
	via condor_rm (by user yelberke)
...
040 (10284267.7306.000) 08/02 17:22:34 Started transferring input files
	Transferring to host: <188.185.209.184:9618?addrs=188.185.209.184-9618+[2001-1458-303-12--100-35]-9618&alias=b9p12p6431.cern.ch&noUDP&sock=slot1_18_129066_6c3a_44642>
...
040 (10284267.7306.000) 08/02 17:22:34 Finished transferring input files
...
001 (10284267.7306.000) 08/02 17:22:35 Job executing on host: <188.185.209.184:9618?addrs=188.185.209.184-9618+[2001-1458-303-12--100-35]-9618&alias=b9p12p6431.cern.ch&noUDP&sock=startd_118573_cb43>
	SlotName: slot1_18@b9p12p6431.cern.ch
	CondorScratchDir = "/pool/condor/dir_1826817"
	Cpus = 12
	Disk = 2781232
	Memory = 24000
...
006 (10284267.7306.000) 08/02 17:22:37 Image size of job updated: 327972
	6  -  MemoryUsage of job (MB)
	5544  -  ResidentSetSize of job (KB)
...
040 (10284267.7306.000) 08/02 17:22:37 Started transferring output files
...
040 (10284267.7306.000) 08/02 17:22:37 Finished transferring output files
...
005 (10284267.7306.000) 08/02 17:22:37 Job terminated.
	(1) Normal termination (return value 139)
		Usr 0 00:00:02, Sys 0 00:00:01  -  Run Remote Usage
		Usr 0 00:00:00, Sys 0 00:00:00  -  Run Local Usage
		Usr 0 00:00:02, Sys 0 00:00:01  -  Total Remote Usage
		Usr 0 00:00:00, Sys 0 00:00:00  -  Total Local Usage
	7696  -  Run Bytes Sent By Job
	409597  -  Run Bytes Received By Job
	7696  -  Total Bytes Sent By Job
	409597  -  Total Bytes Received By Job
	Partitionable Resources :    Usage  Request Allocated 
	   Cpus                 :        0       12        12 
	   Disk (KB)            :      430      425   2781232 
	   Memory (MB)          :        6    24000     24000 

	Job terminated of its own accord at 2024-08-02T15:22:37Z with exit-code 139.
...
