000 (10252905.7322.000) 07/24 16:13:25 Job submitted from host: <188.185.114.121:9618?addrs=188.185.114.121-9618+[2001-1458-d00-a--100-273]-9618&alias=bigbird19.cern.ch&noUDP&sock=schedd_4961_696e>
...
009 (10252905.7322.000) 07/24 16:14:55 Job was aborted.
	via condor_rm (by user yelberke)
...
000 (10252906.7322.000) 07/24 16:15:42 Job submitted from host: <188.185.114.121:9618?addrs=188.185.114.121-9618+[2001-1458-d00-a--100-273]-9618&alias=bigbird19.cern.ch&noUDP&sock=schedd_4961_696e>
...
000 (10252907.7322.000) 07/24 16:17:37 Job submitted from host: <188.185.114.121:9618?addrs=188.185.114.121-9618+[2001-1458-d00-a--100-273]-9618&alias=bigbird19.cern.ch&noUDP&sock=schedd_4961_696e>
...
000 (10252908.7322.000) 07/24 16:18:10 Job submitted from host: <188.185.114.121:9618?addrs=188.185.114.121-9618+[2001-1458-d00-a--100-273]-9618&alias=bigbird19.cern.ch&noUDP&sock=schedd_4961_696e>
...
000 (10252909.7322.000) 07/24 16:18:46 Job submitted from host: <188.185.114.121:9618?addrs=188.185.114.121-9618+[2001-1458-d00-a--100-273]-9618&alias=bigbird19.cern.ch&noUDP&sock=schedd_4961_696e>
...
040 (10252906.7322.000) 07/24 17:39:05 Started transferring input files
	Transferring to host: <188.185.208.10:9618?addrs=188.185.208.10-9618+[2001-1458-303-f--100-7]-9618&alias=b9p09p6812.cern.ch&noUDP&sock=slot1_25_8512_3953_143107>
...
040 (10252906.7322.000) 07/24 17:39:05 Finished transferring input files
...
001 (10252906.7322.000) 07/24 17:39:06 Job executing on host: <188.185.208.10:9618?addrs=188.185.208.10-9618+[2001-1458-303-f--100-7]-9618&alias=b9p09p6812.cern.ch&noUDP&sock=startd_7123_5d2f>
	SlotName: slot1_25@b9p09p6812.cern.ch
	CondorScratchDir = "/pool/condor/dir_1098743"
	Cpus = 8
	Disk = 2553820
	Memory = 16000
...
006 (10252906.7322.000) 07/24 17:39:11 Image size of job updated: 158196
	8  -  MemoryUsage of job (MB)
	7252  -  ResidentSetSize of job (KB)
...
040 (10252906.7322.000) 07/24 17:39:11 Started transferring output files
...
040 (10252906.7322.000) 07/24 17:39:11 Finished transferring output files
...
005 (10252906.7322.000) 07/24 17:39:11 Job terminated.
	(1) Normal termination (return value 0)
		Usr 0 00:00:03, Sys 0 00:00:00  -  Run Remote Usage
		Usr 0 00:00:00, Sys 0 00:00:00  -  Run Local Usage
		Usr 0 00:00:03, Sys 0 00:00:00  -  Total Remote Usage
		Usr 0 00:00:00, Sys 0 00:00:00  -  Total Local Usage
	6201  -  Run Bytes Sent By Job
	409597  -  Run Bytes Received By Job
	6201  -  Total Bytes Sent By Job
	409597  -  Total Bytes Received By Job
	Partitionable Resources :    Usage  Request Allocated 
	   Cpus                 :        0        8         8 
	   Disk (KB)            :      427      425   2553820 
	   Memory (MB)          :        8    16000     16000 

	Job terminated of its own accord at 2024-07-24T15:39:11Z with exit-code 0.
...
040 (10252907.7322.000) 07/24 18:38:06 Started transferring input files
	Transferring to host: <188.185.205.73:9618?addrs=188.185.205.73-9618&alias=b9p03p5016.cern.ch&noUDP&sock=slot1_7_7418_66e7_158862>
...
040 (10252907.7322.000) 07/24 18:38:06 Finished transferring input files
...
001 (10252907.7322.000) 07/24 18:38:07 Job executing on host: <188.185.205.73:9618?addrs=188.185.205.73-9618&alias=b9p03p5016.cern.ch&noUDP&sock=startd_7342_946d>
	SlotName: slot1_7@b9p03p5016.cern.ch
	CondorScratchDir = "/pool/condor/dir_2780064"
	Cpus = 8
	Disk = 2667194
	Memory = 16000
...
006 (10252907.7322.000) 07/24 18:38:11 Image size of job updated: 164504
	10  -  MemoryUsage of job (MB)
	9956  -  ResidentSetSize of job (KB)
...
040 (10252907.7322.000) 07/24 18:38:11 Started transferring output files
...
040 (10252907.7322.000) 07/24 18:38:11 Finished transferring output files
...
005 (10252907.7322.000) 07/24 18:38:12 Job terminated.
	(1) Normal termination (return value 0)
		Usr 0 00:00:03, Sys 0 00:00:00  -  Run Remote Usage
		Usr 0 00:00:00, Sys 0 00:00:00  -  Run Local Usage
		Usr 0 00:00:03, Sys 0 00:00:00  -  Total Remote Usage
		Usr 0 00:00:00, Sys 0 00:00:00  -  Total Local Usage
	6204  -  Run Bytes Sent By Job
	409597  -  Run Bytes Received By Job
	6204  -  Total Bytes Sent By Job
	409597  -  Total Bytes Received By Job
	Partitionable Resources :    Usage  Request Allocated 
	   Cpus                 :        0        8         8 
	   Disk (KB)            :      428      425   2667194 
	   Memory (MB)          :       10    16000     16000 

	Job terminated of its own accord at 2024-07-24T16:38:11Z with exit-code 0.
...
040 (10252908.7322.000) 07/24 19:43:35 Started transferring input files
	Transferring to host: <188.185.207.219:9618?addrs=188.185.207.219-9618+[2001-1458-303-e--100-58]-9618&alias=b9p08p2667.cern.ch&noUDP&sock=slot1_23_10622_e8e9_142580>
...
040 (10252908.7322.000) 07/24 19:43:35 Finished transferring input files
...
001 (10252908.7322.000) 07/24 19:43:36 Job executing on host: <188.185.207.219:9618?addrs=188.185.207.219-9618+[2001-1458-303-e--100-58]-9618&alias=b9p08p2667.cern.ch&noUDP&sock=startd_9222_1a79>
	SlotName: slot1_23@b9p08p2667.cern.ch
	CondorScratchDir = "/pool/condor/dir_2668733"
	Cpus = 8
	Disk = 2711474
	Memory = 16000
...
006 (10252908.7322.000) 07/24 19:43:40 Image size of job updated: 159356
	7  -  MemoryUsage of job (MB)
	7132  -  ResidentSetSize of job (KB)
...
040 (10252908.7322.000) 07/24 19:43:40 Started transferring output files
...
040 (10252908.7322.000) 07/24 19:43:40 Finished transferring output files
...
005 (10252908.7322.000) 07/24 19:43:40 Job terminated.
	(1) Normal termination (return value 0)
		Usr 0 00:00:03, Sys 0 00:00:00  -  Run Remote Usage
		Usr 0 00:00:00, Sys 0 00:00:00  -  Run Local Usage
		Usr 0 00:00:03, Sys 0 00:00:00  -  Total Remote Usage
		Usr 0 00:00:00, Sys 0 00:00:00  -  Total Local Usage
	6201  -  Run Bytes Sent By Job
	409597  -  Run Bytes Received By Job
	6201  -  Total Bytes Sent By Job
	409597  -  Total Bytes Received By Job
	Partitionable Resources :    Usage  Request Allocated 
	   Cpus                 :        0        8         8 
	   Disk (KB)            :      428      425   2711474 
	   Memory (MB)          :        7    16000     16000 

	Job terminated of its own accord at 2024-07-24T17:43:40Z with exit-code 0.
...
040 (10252909.7322.000) 07/24 20:37:19 Started transferring input files
	Transferring to host: <188.185.208.100:9618?addrs=188.185.208.100-9618+[2001-1458-303-f--100-61]-9618&alias=b9p09p6193.cern.ch&noUDP&sock=slot1_5_5752_8de3_144774>
...
040 (10252909.7322.000) 07/24 20:37:19 Finished transferring input files
...
001 (10252909.7322.000) 07/24 20:37:20 Job executing on host: <188.185.208.100:9618?addrs=188.185.208.100-9618+[2001-1458-303-f--100-61]-9618&alias=b9p09p6193.cern.ch&noUDP&sock=startd_4703_71ff>
	SlotName: slot1_5@b9p09p6193.cern.ch
	CondorScratchDir = "/pool/condor/dir_2922141"
	Cpus = 8
	Disk = 2676296
	Memory = 16000
...
006 (10252909.7322.000) 07/24 20:37:25 Image size of job updated: 159092
	7  -  MemoryUsage of job (MB)
	6948  -  ResidentSetSize of job (KB)
...
040 (10252909.7322.000) 07/24 20:37:26 Started transferring output files
...
040 (10252909.7322.000) 07/24 20:37:26 Finished transferring output files
...
005 (10252909.7322.000) 07/24 20:37:26 Job terminated.
	(1) Normal termination (return value 0)
		Usr 0 00:00:04, Sys 0 00:00:00  -  Run Remote Usage
		Usr 0 00:00:00, Sys 0 00:00:00  -  Run Local Usage
		Usr 0 00:00:04, Sys 0 00:00:00  -  Total Remote Usage
		Usr 0 00:00:00, Sys 0 00:00:00  -  Total Local Usage
	6201  -  Run Bytes Sent By Job
	409597  -  Run Bytes Received By Job
	6201  -  Total Bytes Sent By Job
	409597  -  Total Bytes Received By Job
	Partitionable Resources :    Usage  Request Allocated 
	   Cpus                 :        0        8         8 
	   Disk (KB)            :      427      425   2676296 
	   Memory (MB)          :        7    16000     16000 

	Job terminated of its own accord at 2024-07-24T18:37:25Z with exit-code 0.
...
000 (10261715.7322.000) 07/25 13:04:03 Job submitted from host: <188.185.114.121:9618?addrs=188.185.114.121-9618+[2001-1458-d00-a--100-273]-9618&alias=bigbird19.cern.ch&noUDP&sock=schedd_4961_696e>
...
009 (10261715.7322.000) 07/25 13:07:21 Job was aborted.
	via condor_rm (by user yelberke)
...
000 (10261767.7322.000) 07/25 13:21:00 Job submitted from host: <188.185.114.121:9618?addrs=188.185.114.121-9618+[2001-1458-d00-a--100-273]-9618&alias=bigbird19.cern.ch&noUDP&sock=schedd_4961_696e>
...
040 (10261767.7322.000) 07/25 15:08:35 Started transferring input files
	Transferring to host: <188.185.207.219:9618?addrs=188.185.207.219-9618+[2001-1458-303-e--100-58]-9618&alias=b9p08p2667.cern.ch&noUDP&sock=slot1_7_10622_e8e9_143710>
...
040 (10261767.7322.000) 07/25 15:08:35 Finished transferring input files
...
001 (10261767.7322.000) 07/25 15:08:36 Job executing on host: <188.185.207.219:9618?addrs=188.185.207.219-9618+[2001-1458-303-e--100-58]-9618&alias=b9p08p2667.cern.ch&noUDP&sock=startd_9222_1a79>
	SlotName: slot1_7@b9p08p2667.cern.ch
	CondorScratchDir = "/pool/condor/dir_2579637"
	Cpus = 12
	Disk = 2682527
	Memory = 24000
...
006 (10261767.7322.000) 07/25 15:08:41 Image size of job updated: 160520
	7  -  MemoryUsage of job (MB)
	6976  -  ResidentSetSize of job (KB)
...
040 (10261767.7322.000) 07/25 15:08:44 Started transferring output files
...
040 (10261767.7322.000) 07/25 15:08:46 Finished transferring output files
...
005 (10261767.7322.000) 07/25 15:08:48 Job terminated.
	(1) Normal termination (return value 0)
		Usr 0 00:00:04, Sys 0 00:00:00  -  Run Remote Usage
		Usr 0 00:00:00, Sys 0 00:00:00  -  Run Local Usage
		Usr 0 00:00:04, Sys 0 00:00:00  -  Total Remote Usage
		Usr 0 00:00:00, Sys 0 00:00:00  -  Total Local Usage
	6673  -  Run Bytes Sent By Job
	409597  -  Run Bytes Received By Job
	6673  -  Total Bytes Sent By Job
	409597  -  Total Bytes Received By Job
	Partitionable Resources :    Usage  Request Allocated 
	   Cpus                 :        0       12        12 
	   Disk (KB)            :      428      425   2682527 
	   Memory (MB)          :        7    24000     24000 

	Job terminated of its own accord at 2024-07-25T13:08:41Z with exit-code 0.
...
000 (10284266.7322.000) 08/02 15:47:57 Job submitted from host: <188.185.114.121:9618?addrs=188.185.114.121-9618+[2001-1458-d00-a--100-273]-9618&alias=bigbird19.cern.ch&noUDP&sock=schedd_4961_696e>
...
000 (10284267.7322.000) 08/02 15:50:19 Job submitted from host: <188.185.114.121:9618?addrs=188.185.114.121-9618+[2001-1458-d00-a--100-273]-9618&alias=bigbird19.cern.ch&noUDP&sock=schedd_4961_696e>
...
009 (10284266.7322.000) 08/02 15:50:46 Job was aborted.
	via condor_rm (by user yelberke)
...
040 (10284267.7322.000) 08/02 17:22:39 Started transferring input files
	Transferring to host: <188.185.205.188:9618?addrs=188.185.205.188-9618&alias=b9p04p6505.cern.ch&noUDP&sock=slot1_3_6904_3e12_164382>
...
040 (10284267.7322.000) 08/02 17:22:39 Finished transferring input files
...
001 (10284267.7322.000) 08/02 17:22:40 Job executing on host: <188.185.205.188:9618?addrs=188.185.205.188-9618&alias=b9p04p6505.cern.ch&noUDP&sock=startd_6831_1388>
	SlotName: slot1_3@b9p04p6505.cern.ch
	CondorScratchDir = "/pool/condor/dir_2490201"
	Cpus = 12
	Disk = 2905192
	Memory = 24000
...
006 (10284267.7322.000) 08/02 17:22:42 Image size of job updated: 325000
	5  -  MemoryUsage of job (MB)
	4832  -  ResidentSetSize of job (KB)
...
040 (10284267.7322.000) 08/02 17:22:42 Started transferring output files
...
040 (10284267.7322.000) 08/02 17:22:42 Finished transferring output files
...
005 (10284267.7322.000) 08/02 17:22:42 Job terminated.
	(1) Normal termination (return value 139)
		Usr 0 00:00:01, Sys 0 00:00:01  -  Run Remote Usage
		Usr 0 00:00:00, Sys 0 00:00:00  -  Run Local Usage
		Usr 0 00:00:01, Sys 0 00:00:01  -  Total Remote Usage
		Usr 0 00:00:00, Sys 0 00:00:00  -  Total Local Usage
	7696  -  Run Bytes Sent By Job
	409597  -  Run Bytes Received By Job
	7696  -  Total Bytes Sent By Job
	409597  -  Total Bytes Received By Job
	Partitionable Resources :    Usage  Request Allocated 
	   Cpus                 :        0       12        12 
	   Disk (KB)            :      429      425   2905192 
	   Memory (MB)          :        5    24000     24000 

	Job terminated of its own accord at 2024-08-02T15:22:42Z with exit-code 139.
...
