000 (10252905.7390.000) 07/24 16:13:25 Job submitted from host: <188.185.114.121:9618?addrs=188.185.114.121-9618+[2001-1458-d00-a--100-273]-9618&alias=bigbird19.cern.ch&noUDP&sock=schedd_4961_696e>
...
009 (10252905.7390.000) 07/24 16:14:55 Job was aborted.
	via condor_rm (by user yelberke)
...
000 (10252906.7390.000) 07/24 16:15:42 Job submitted from host: <188.185.114.121:9618?addrs=188.185.114.121-9618+[2001-1458-d00-a--100-273]-9618&alias=bigbird19.cern.ch&noUDP&sock=schedd_4961_696e>
...
000 (10252907.7390.000) 07/24 16:17:37 Job submitted from host: <188.185.114.121:9618?addrs=188.185.114.121-9618+[2001-1458-d00-a--100-273]-9618&alias=bigbird19.cern.ch&noUDP&sock=schedd_4961_696e>
...
000 (10252908.7390.000) 07/24 16:18:10 Job submitted from host: <188.185.114.121:9618?addrs=188.185.114.121-9618+[2001-1458-d00-a--100-273]-9618&alias=bigbird19.cern.ch&noUDP&sock=schedd_4961_696e>
...
000 (10252909.7390.000) 07/24 16:18:46 Job submitted from host: <188.185.114.121:9618?addrs=188.185.114.121-9618+[2001-1458-d00-a--100-273]-9618&alias=bigbird19.cern.ch&noUDP&sock=schedd_4961_696e>
...
040 (10252906.7390.000) 07/24 17:38:44 Started transferring input files
	Transferring to host: <188.185.195.106:9618?addrs=188.185.195.106-9618+[2001-1458-303-22--100-66]-9618&alias=b9p17p8074.cern.ch&noUDP&sock=slot1_15_1362302_bf9f_7706>
...
040 (10252906.7390.000) 07/24 17:38:45 Finished transferring input files
...
001 (10252906.7390.000) 07/24 17:38:46 Job executing on host: <188.185.195.106:9618?addrs=188.185.195.106-9618+[2001-1458-303-22--100-66]-9618&alias=b9p17p8074.cern.ch&noUDP&sock=startd_128276_3eb4>
	SlotName: slot1_15@b9p17p8074.cern.ch
	CondorScratchDir = "/pool/condor/dir_1477085"
	Cpus = 8
	Disk = 3018845
	Memory = 16000
...
006 (10252906.7390.000) 07/24 17:38:53 Image size of job updated: 160808
	9  -  MemoryUsage of job (MB)
	8452  -  ResidentSetSize of job (KB)
...
040 (10252906.7390.000) 07/24 17:38:53 Started transferring output files
...
040 (10252906.7390.000) 07/24 17:38:53 Finished transferring output files
...
005 (10252906.7390.000) 07/24 17:38:53 Job terminated.
	(1) Normal termination (return value 0)
		Usr 0 00:00:06, Sys 0 00:00:00  -  Run Remote Usage
		Usr 0 00:00:00, Sys 0 00:00:00  -  Run Local Usage
		Usr 0 00:00:06, Sys 0 00:00:00  -  Total Remote Usage
		Usr 0 00:00:00, Sys 0 00:00:00  -  Total Local Usage
	6201  -  Run Bytes Sent By Job
	409597  -  Run Bytes Received By Job
	6201  -  Total Bytes Sent By Job
	409597  -  Total Bytes Received By Job
	Partitionable Resources :    Usage  Request Allocated 
	   Cpus                 :        0        8         8 
	   Disk (KB)            :      427      425   3018845 
	   Memory (MB)          :        9    16000     16000 

	Job terminated of its own accord at 2024-07-24T15:38:53Z with exit-code 0.
...
040 (10252907.7390.000) 07/24 18:38:31 Started transferring input files
	Transferring to host: <188.185.204.243:9618?addrs=188.185.204.243-9618+[2001-1458-303-8--100-70]-9618&alias=b9p02p9109.cern.ch&noUDP&sock=slot1_12_6803_142e_156670>
...
040 (10252907.7390.000) 07/24 18:38:31 Finished transferring input files
...
001 (10252907.7390.000) 07/24 18:38:32 Job executing on host: <188.185.204.243:9618?addrs=188.185.204.243-9618+[2001-1458-303-8--100-70]-9618&alias=b9p02p9109.cern.ch&noUDP&sock=startd_6735_3a70>
	SlotName: slot1_12@b9p02p9109.cern.ch
	CondorScratchDir = "/pool/condor/dir_2860154"
	Cpus = 8
	Disk = 2927156
	Memory = 16000
...
006 (10252907.7390.000) 07/24 18:38:36 Image size of job updated: 166668
	12  -  MemoryUsage of job (MB)
	11996  -  ResidentSetSize of job (KB)
...
040 (10252907.7390.000) 07/24 18:38:36 Started transferring output files
...
040 (10252907.7390.000) 07/24 18:38:36 Finished transferring output files
...
005 (10252907.7390.000) 07/24 18:38:37 Job terminated.
	(1) Normal termination (return value 0)
		Usr 0 00:00:03, Sys 0 00:00:00  -  Run Remote Usage
		Usr 0 00:00:00, Sys 0 00:00:00  -  Run Local Usage
		Usr 0 00:00:03, Sys 0 00:00:00  -  Total Remote Usage
		Usr 0 00:00:00, Sys 0 00:00:00  -  Total Local Usage
	6204  -  Run Bytes Sent By Job
	409597  -  Run Bytes Received By Job
	6204  -  Total Bytes Sent By Job
	409597  -  Total Bytes Received By Job
	Partitionable Resources :    Usage  Request Allocated 
	   Cpus                 :     0.06        8         8 
	   Disk (KB)            :   428         425   2927156 
	   Memory (MB)          :    12       16000     16000 

	Job terminated of its own accord at 2024-07-24T16:38:36Z with exit-code 0.
...
040 (10252908.7390.000) 07/24 19:44:01 Started transferring input files
	Transferring to host: <188.185.205.55:9618?addrs=188.185.205.55-9618+[2001-1458-303-9--100-ab]-9618&alias=b9p03p0892.cern.ch&noUDP&sock=slot1_18_3579_7aab_29560>
...
040 (10252908.7390.000) 07/24 19:44:01 Finished transferring input files
...
001 (10252908.7390.000) 07/24 19:44:02 Job executing on host: <188.185.205.55:9618?addrs=188.185.205.55-9618+[2001-1458-303-9--100-ab]-9618&alias=b9p03p0892.cern.ch&noUDP&sock=startd_3202_e257>
	SlotName: slot1_18@b9p03p0892.cern.ch
	CondorScratchDir = "/pool/condor/dir_1893255"
	Cpus = 8
	Disk = 2747106
	Memory = 16000
...
006 (10252908.7390.000) 07/24 19:44:06 Image size of job updated: 160744
	9  -  MemoryUsage of job (MB)
	8568  -  ResidentSetSize of job (KB)
...
040 (10252908.7390.000) 07/24 19:44:06 Started transferring output files
...
040 (10252908.7390.000) 07/24 19:44:06 Finished transferring output files
...
005 (10252908.7390.000) 07/24 19:44:06 Job terminated.
	(1) Normal termination (return value 0)
		Usr 0 00:00:03, Sys 0 00:00:00  -  Run Remote Usage
		Usr 0 00:00:00, Sys 0 00:00:00  -  Run Local Usage
		Usr 0 00:00:03, Sys 0 00:00:00  -  Total Remote Usage
		Usr 0 00:00:00, Sys 0 00:00:00  -  Total Local Usage
	6201  -  Run Bytes Sent By Job
	409597  -  Run Bytes Received By Job
	6201  -  Total Bytes Sent By Job
	409597  -  Total Bytes Received By Job
	Partitionable Resources :    Usage  Request Allocated 
	   Cpus                 :        0        8         8 
	   Disk (KB)            :      428      425   2747106 
	   Memory (MB)          :        9    16000     16000 

	Job terminated of its own accord at 2024-07-24T17:44:06Z with exit-code 0.
...
040 (10252909.7390.000) 07/24 20:37:42 Started transferring input files
	Transferring to host: <188.185.205.136:9618?addrs=188.185.205.136-9618+[2001-1458-303-a--100-5]-9618&alias=b9p04p5422.cern.ch&noUDP&sock=slot1_11_4780_b13b_76500>
...
040 (10252909.7390.000) 07/24 20:37:42 Finished transferring input files
...
001 (10252909.7390.000) 07/24 20:37:43 Job executing on host: <188.185.205.136:9618?addrs=188.185.205.136-9618+[2001-1458-303-a--100-5]-9618&alias=b9p04p5422.cern.ch&noUDP&sock=startd_4004_fd4b>
	SlotName: slot1_11@b9p04p5422.cern.ch
	CondorScratchDir = "/pool/condor/dir_1038545"
	Cpus = 8
	Disk = 2786887
	Memory = 16000
...
006 (10252909.7390.000) 07/24 20:37:47 Image size of job updated: 157292
	7  -  MemoryUsage of job (MB)
	6452  -  ResidentSetSize of job (KB)
...
040 (10252909.7390.000) 07/24 20:37:47 Started transferring output files
...
040 (10252909.7390.000) 07/24 20:37:47 Finished transferring output files
...
005 (10252909.7390.000) 07/24 20:37:47 Job terminated.
	(1) Normal termination (return value 0)
		Usr 0 00:00:03, Sys 0 00:00:00  -  Run Remote Usage
		Usr 0 00:00:00, Sys 0 00:00:00  -  Run Local Usage
		Usr 0 00:00:03, Sys 0 00:00:00  -  Total Remote Usage
		Usr 0 00:00:00, Sys 0 00:00:00  -  Total Local Usage
	6201  -  Run Bytes Sent By Job
	409597  -  Run Bytes Received By Job
	6201  -  Total Bytes Sent By Job
	409597  -  Total Bytes Received By Job
	Partitionable Resources :    Usage  Request Allocated 
	   Cpus                 :        0        8         8 
	   Disk (KB)            :      427      425   2786887 
	   Memory (MB)          :        7    16000     16000 

	Job terminated of its own accord at 2024-07-24T18:37:47Z with exit-code 0.
...
000 (10261715.7390.000) 07/25 13:04:04 Job submitted from host: <188.185.114.121:9618?addrs=188.185.114.121-9618+[2001-1458-d00-a--100-273]-9618&alias=bigbird19.cern.ch&noUDP&sock=schedd_4961_696e>
...
009 (10261715.7390.000) 07/25 13:07:21 Job was aborted.
	via condor_rm (by user yelberke)
...
000 (10261767.7390.000) 07/25 13:21:00 Job submitted from host: <188.185.114.121:9618?addrs=188.185.114.121-9618+[2001-1458-d00-a--100-273]-9618&alias=bigbird19.cern.ch&noUDP&sock=schedd_4961_696e>
...
040 (10261767.7390.000) 07/25 15:09:13 Started transferring input files
	Transferring to host: <188.185.205.174:9618?addrs=188.185.205.174-9618+[2001-1458-303-a--100-2b]-9618&alias=b9p04p6534.cern.ch&noUDP&sock=slot1_14_6238_fc37_84826>
...
040 (10261767.7390.000) 07/25 15:09:14 Finished transferring input files
...
001 (10261767.7390.000) 07/25 15:09:15 Job executing on host: <188.185.205.174:9618?addrs=188.185.205.174-9618+[2001-1458-303-a--100-2b]-9618&alias=b9p04p6534.cern.ch&noUDP&sock=startd_5036_db08>
	SlotName: slot1_14@b9p04p6534.cern.ch
	CondorScratchDir = "/pool/condor/dir_1341119"
	Cpus = 12
	Disk = 2819756
	Memory = 24000
...
006 (10261767.7390.000) 07/25 15:09:19 Image size of job updated: 160992
	7  -  MemoryUsage of job (MB)
	6896  -  ResidentSetSize of job (KB)
...
040 (10261767.7390.000) 07/25 15:09:19 Started transferring output files
...
040 (10261767.7390.000) 07/25 15:09:19 Finished transferring output files
...
005 (10261767.7390.000) 07/25 15:09:19 Job terminated.
	(1) Normal termination (return value 0)
		Usr 0 00:00:03, Sys 0 00:00:00  -  Run Remote Usage
		Usr 0 00:00:00, Sys 0 00:00:00  -  Run Local Usage
		Usr 0 00:00:03, Sys 0 00:00:00  -  Total Remote Usage
		Usr 0 00:00:00, Sys 0 00:00:00  -  Total Local Usage
	6673  -  Run Bytes Sent By Job
	409597  -  Run Bytes Received By Job
	6673  -  Total Bytes Sent By Job
	409597  -  Total Bytes Received By Job
	Partitionable Resources :    Usage  Request Allocated 
	   Cpus                 :        0       12        12 
	   Disk (KB)            :      428      425   2819756 
	   Memory (MB)          :        7    24000     24000 

	Job terminated of its own accord at 2024-07-25T13:09:19Z with exit-code 0.
...
000 (10284266.7390.000) 08/02 15:47:59 Job submitted from host: <188.185.114.121:9618?addrs=188.185.114.121-9618+[2001-1458-d00-a--100-273]-9618&alias=bigbird19.cern.ch&noUDP&sock=schedd_4961_696e>
...
000 (10284267.7390.000) 08/02 15:50:19 Job submitted from host: <188.185.114.121:9618?addrs=188.185.114.121-9618+[2001-1458-d00-a--100-273]-9618&alias=bigbird19.cern.ch&noUDP&sock=schedd_4961_696e>
...
009 (10284266.7390.000) 08/02 15:50:47 Job was aborted.
	via condor_rm (by user yelberke)
...
040 (10284267.7390.000) 08/02 17:23:02 Started transferring input files
	Transferring to host: <188.185.209.216:9618?addrs=188.185.209.216-9618+[2001-1458-303-12--100-55]-9618&alias=b9p12p0546.cern.ch&noUDP&sock=slot1_8_3764_d412_153760>
...
040 (10284267.7390.000) 08/02 17:23:02 Finished transferring input files
...
001 (10284267.7390.000) 08/02 17:23:03 Job executing on host: <188.185.209.216:9618?addrs=188.185.209.216-9618+[2001-1458-303-12--100-55]-9618&alias=b9p12p0546.cern.ch&noUDP&sock=startd_3724_eec7>
	SlotName: slot1_8@b9p12p0546.cern.ch
	CondorScratchDir = "/pool/condor/dir_448454"
	Cpus = 12
	Disk = 2873093
	Memory = 24000
...
006 (10284267.7390.000) 08/02 17:23:05 Image size of job updated: 325796
	6  -  MemoryUsage of job (MB)
	5344  -  ResidentSetSize of job (KB)
...
040 (10284267.7390.000) 08/02 17:23:05 Started transferring output files
...
040 (10284267.7390.000) 08/02 17:23:05 Finished transferring output files
...
005 (10284267.7390.000) 08/02 17:23:05 Job terminated.
	(1) Normal termination (return value 139)
		Usr 0 00:00:01, Sys 0 00:00:01  -  Run Remote Usage
		Usr 0 00:00:00, Sys 0 00:00:00  -  Run Local Usage
		Usr 0 00:00:01, Sys 0 00:00:01  -  Total Remote Usage
		Usr 0 00:00:00, Sys 0 00:00:00  -  Total Local Usage
	7696  -  Run Bytes Sent By Job
	409597  -  Run Bytes Received By Job
	7696  -  Total Bytes Sent By Job
	409597  -  Total Bytes Received By Job
	Partitionable Resources :    Usage  Request Allocated 
	   Cpus                 :        0       12        12 
	   Disk (KB)            :      430      425   2873093 
	   Memory (MB)          :        6    24000     24000 

	Job terminated of its own accord at 2024-08-02T15:23:05Z with exit-code 139.
...
