000 (10252905.7393.000) 07/24 16:13:25 Job submitted from host: <188.185.114.121:9618?addrs=188.185.114.121-9618+[2001-1458-d00-a--100-273]-9618&alias=bigbird19.cern.ch&noUDP&sock=schedd_4961_696e>
...
009 (10252905.7393.000) 07/24 16:14:55 Job was aborted.
	via condor_rm (by user yelberke)
...
000 (10252906.7393.000) 07/24 16:15:42 Job submitted from host: <188.185.114.121:9618?addrs=188.185.114.121-9618+[2001-1458-d00-a--100-273]-9618&alias=bigbird19.cern.ch&noUDP&sock=schedd_4961_696e>
...
000 (10252907.7393.000) 07/24 16:17:37 Job submitted from host: <188.185.114.121:9618?addrs=188.185.114.121-9618+[2001-1458-d00-a--100-273]-9618&alias=bigbird19.cern.ch&noUDP&sock=schedd_4961_696e>
...
000 (10252908.7393.000) 07/24 16:18:10 Job submitted from host: <188.185.114.121:9618?addrs=188.185.114.121-9618+[2001-1458-d00-a--100-273]-9618&alias=bigbird19.cern.ch&noUDP&sock=schedd_4961_696e>
...
000 (10252909.7393.000) 07/24 16:18:46 Job submitted from host: <188.185.114.121:9618?addrs=188.185.114.121-9618+[2001-1458-d00-a--100-273]-9618&alias=bigbird19.cern.ch&noUDP&sock=schedd_4961_696e>
...
040 (10252906.7393.000) 07/24 17:39:23 Started transferring input files
	Transferring to host: <188.185.207.56:9618?addrs=188.185.207.56-9618+[2001-1458-303-d--100-35]-9618&alias=b9p07p7813.cern.ch&noUDP&sock=slot1_3_7928_be3b_144451>
...
040 (10252906.7393.000) 07/24 17:39:23 Finished transferring input files
...
001 (10252906.7393.000) 07/24 17:39:24 Job executing on host: <188.185.207.56:9618?addrs=188.185.207.56-9618+[2001-1458-303-d--100-35]-9618&alias=b9p07p7813.cern.ch&noUDP&sock=startd_6520_c194>
	SlotName: slot1_3@b9p07p7813.cern.ch
	CondorScratchDir = "/pool/condor/dir_1015738"
	Cpus = 8
	Disk = 2784743
	Memory = 16000
...
006 (10252906.7393.000) 07/24 17:39:28 Image size of job updated: 160092
	8  -  MemoryUsage of job (MB)
	7936  -  ResidentSetSize of job (KB)
...
040 (10252906.7393.000) 07/24 17:39:28 Started transferring output files
...
040 (10252906.7393.000) 07/24 17:39:28 Finished transferring output files
...
005 (10252906.7393.000) 07/24 17:39:28 Job terminated.
	(1) Normal termination (return value 0)
		Usr 0 00:00:03, Sys 0 00:00:00  -  Run Remote Usage
		Usr 0 00:00:00, Sys 0 00:00:00  -  Run Local Usage
		Usr 0 00:00:03, Sys 0 00:00:00  -  Total Remote Usage
		Usr 0 00:00:00, Sys 0 00:00:00  -  Total Local Usage
	6201  -  Run Bytes Sent By Job
	409597  -  Run Bytes Received By Job
	6201  -  Total Bytes Sent By Job
	409597  -  Total Bytes Received By Job
	Partitionable Resources :    Usage  Request Allocated 
	   Cpus                 :        0        8         8 
	   Disk (KB)            :      427      425   2784743 
	   Memory (MB)          :        8    16000     16000 

	Job terminated of its own accord at 2024-07-24T15:39:28Z with exit-code 0.
...
040 (10252907.7393.000) 07/24 18:38:32 Started transferring input files
	Transferring to host: <188.185.209.213:9618?addrs=188.185.209.213-9618+[2001-1458-303-12--100-52]-9618&alias=b9p12p9246.cern.ch&noUDP&sock=slot1_30_12735_b59f_144151>
...
040 (10252907.7393.000) 07/24 18:38:32 Finished transferring input files
...
001 (10252907.7393.000) 07/24 18:38:33 Job executing on host: <188.185.209.213:9618?addrs=188.185.209.213-9618+[2001-1458-303-12--100-52]-9618&alias=b9p12p9246.cern.ch&noUDP&sock=startd_11391_db65>
	SlotName: slot1_30@b9p12p9246.cern.ch
	CondorScratchDir = "/pool/condor/dir_3644688"
	Cpus = 8
	Disk = 2737034
	Memory = 16000
...
006 (10252907.7393.000) 07/24 18:38:38 Image size of job updated: 160212
	8  -  MemoryUsage of job (MB)
	7740  -  ResidentSetSize of job (KB)
...
040 (10252907.7393.000) 07/24 18:38:38 Started transferring output files
...
040 (10252907.7393.000) 07/24 18:38:38 Finished transferring output files
...
005 (10252907.7393.000) 07/24 18:38:38 Job terminated.
	(1) Normal termination (return value 0)
		Usr 0 00:00:03, Sys 0 00:00:00  -  Run Remote Usage
		Usr 0 00:00:00, Sys 0 00:00:00  -  Run Local Usage
		Usr 0 00:00:03, Sys 0 00:00:00  -  Total Remote Usage
		Usr 0 00:00:00, Sys 0 00:00:00  -  Total Local Usage
	6204  -  Run Bytes Sent By Job
	409597  -  Run Bytes Received By Job
	6204  -  Total Bytes Sent By Job
	409597  -  Total Bytes Received By Job
	Partitionable Resources :    Usage  Request Allocated 
	   Cpus                 :        0        8         8 
	   Disk (KB)            :      428      425   2737034 
	   Memory (MB)          :        8    16000     16000 

	Job terminated of its own accord at 2024-07-24T16:38:38Z with exit-code 0.
...
040 (10252908.7393.000) 07/24 19:44:02 Started transferring input files
	Transferring to host: <188.185.206.143:9618?addrs=188.185.206.143-9618+[2001-1458-303-c--100-c]-9618&alias=b9p06p8627.cern.ch&noUDP&sock=slot1_13_2260572_398e_46667>
...
040 (10252908.7393.000) 07/24 19:44:02 Finished transferring input files
...
001 (10252908.7393.000) 07/24 19:44:03 Job executing on host: <188.185.206.143:9618?addrs=188.185.206.143-9618+[2001-1458-303-c--100-c]-9618&alias=b9p06p8627.cern.ch&noUDP&sock=startd_6828_04bf>
	SlotName: slot1_13@b9p06p8627.cern.ch
	CondorScratchDir = "/pool/condor/dir_2455408"
	Cpus = 8
	Disk = 2674855
	Memory = 16000
...
006 (10252908.7393.000) 07/24 19:44:07 Image size of job updated: 166280
	12  -  MemoryUsage of job (MB)
	11588  -  ResidentSetSize of job (KB)
...
040 (10252908.7393.000) 07/24 19:44:07 Started transferring output files
...
040 (10252908.7393.000) 07/24 19:44:07 Finished transferring output files
...
005 (10252908.7393.000) 07/24 19:44:07 Job terminated.
	(1) Normal termination (return value 0)
		Usr 0 00:00:03, Sys 0 00:00:00  -  Run Remote Usage
		Usr 0 00:00:00, Sys 0 00:00:00  -  Run Local Usage
		Usr 0 00:00:03, Sys 0 00:00:00  -  Total Remote Usage
		Usr 0 00:00:00, Sys 0 00:00:00  -  Total Local Usage
	6201  -  Run Bytes Sent By Job
	409597  -  Run Bytes Received By Job
	6201  -  Total Bytes Sent By Job
	409597  -  Total Bytes Received By Job
	Partitionable Resources :    Usage  Request Allocated 
	   Cpus                 :        0        8         8 
	   Disk (KB)            :      428      425   2674855 
	   Memory (MB)          :       12    16000     16000 

	Job terminated of its own accord at 2024-07-24T17:44:07Z with exit-code 0.
...
040 (10252909.7393.000) 07/24 20:37:43 Started transferring input files
	Transferring to host: <188.185.208.135:9618?addrs=188.185.208.135-9618+[2001-1458-303-10--100-4]-9618&alias=b9p10p6130.cern.ch&noUDP&sock=slot1_1_20152_a82d_25544>
...
040 (10252909.7393.000) 07/24 20:37:43 Finished transferring input files
...
001 (10252909.7393.000) 07/24 20:37:44 Job executing on host: <188.185.208.135:9618?addrs=188.185.208.135-9618+[2001-1458-303-10--100-4]-9618&alias=b9p10p6130.cern.ch&noUDP&sock=startd_19164_7d0d>
	SlotName: slot1_1@b9p10p6130.cern.ch
	CondorScratchDir = "/pool/condor/dir_1068400"
	Cpus = 8
	Disk = 2988951
	Memory = 16000
...
006 (10252909.7393.000) 07/24 20:37:48 Image size of job updated: 157684
	7  -  MemoryUsage of job (MB)
	6708  -  ResidentSetSize of job (KB)
...
040 (10252909.7393.000) 07/24 20:37:48 Started transferring output files
...
040 (10252909.7393.000) 07/24 20:37:48 Finished transferring output files
...
005 (10252909.7393.000) 07/24 20:37:48 Job terminated.
	(1) Normal termination (return value 0)
		Usr 0 00:00:03, Sys 0 00:00:00  -  Run Remote Usage
		Usr 0 00:00:00, Sys 0 00:00:00  -  Run Local Usage
		Usr 0 00:00:03, Sys 0 00:00:00  -  Total Remote Usage
		Usr 0 00:00:00, Sys 0 00:00:00  -  Total Local Usage
	6201  -  Run Bytes Sent By Job
	409597  -  Run Bytes Received By Job
	6201  -  Total Bytes Sent By Job
	409597  -  Total Bytes Received By Job
	Partitionable Resources :    Usage  Request Allocated 
	   Cpus                 :        0        8         8 
	   Disk (KB)            :      427      425   2988951 
	   Memory (MB)          :        7    16000     16000 

	Job terminated of its own accord at 2024-07-24T18:37:48Z with exit-code 0.
...
000 (10261715.7393.000) 07/25 13:04:04 Job submitted from host: <188.185.114.121:9618?addrs=188.185.114.121-9618+[2001-1458-d00-a--100-273]-9618&alias=bigbird19.cern.ch&noUDP&sock=schedd_4961_696e>
...
009 (10261715.7393.000) 07/25 13:07:21 Job was aborted.
	via condor_rm (by user yelberke)
...
000 (10261767.7393.000) 07/25 13:21:00 Job submitted from host: <188.185.114.121:9618?addrs=188.185.114.121-9618+[2001-1458-d00-a--100-273]-9618&alias=bigbird19.cern.ch&noUDP&sock=schedd_4961_696e>
...
040 (10261767.7393.000) 07/25 15:09:15 Started transferring input files
	Transferring to host: <188.185.204.243:9618?addrs=188.185.204.243-9618+[2001-1458-303-8--100-70]-9618&alias=b9p02p9109.cern.ch&noUDP&sock=slot1_4_6803_142e_157814>
...
040 (10261767.7393.000) 07/25 15:09:15 Finished transferring input files
...
001 (10261767.7393.000) 07/25 15:09:16 Job executing on host: <188.185.204.243:9618?addrs=188.185.204.243-9618+[2001-1458-303-8--100-70]-9618&alias=b9p02p9109.cern.ch&noUDP&sock=startd_6735_3a70>
	SlotName: slot1_4@b9p02p9109.cern.ch
	CondorScratchDir = "/pool/condor/dir_2516708"
	Cpus = 12
	Disk = 2902054
	Memory = 24000
...
006 (10261767.7393.000) 07/25 15:09:20 Image size of job updated: 165792
	10  -  MemoryUsage of job (MB)
	9720  -  ResidentSetSize of job (KB)
...
040 (10261767.7393.000) 07/25 15:09:20 Started transferring output files
...
040 (10261767.7393.000) 07/25 15:09:20 Finished transferring output files
...
005 (10261767.7393.000) 07/25 15:09:20 Job terminated.
	(1) Normal termination (return value 0)
		Usr 0 00:00:03, Sys 0 00:00:00  -  Run Remote Usage
		Usr 0 00:00:00, Sys 0 00:00:00  -  Run Local Usage
		Usr 0 00:00:03, Sys 0 00:00:00  -  Total Remote Usage
		Usr 0 00:00:00, Sys 0 00:00:00  -  Total Local Usage
	6673  -  Run Bytes Sent By Job
	409597  -  Run Bytes Received By Job
	6673  -  Total Bytes Sent By Job
	409597  -  Total Bytes Received By Job
	Partitionable Resources :    Usage  Request Allocated 
	   Cpus                 :        0       12        12 
	   Disk (KB)            :      429      425   2902054 
	   Memory (MB)          :       10    24000     24000 

	Job terminated of its own accord at 2024-07-25T13:09:20Z with exit-code 0.
...
000 (10284266.7393.000) 08/02 15:47:59 Job submitted from host: <188.185.114.121:9618?addrs=188.185.114.121-9618+[2001-1458-d00-a--100-273]-9618&alias=bigbird19.cern.ch&noUDP&sock=schedd_4961_696e>
...
000 (10284267.7393.000) 08/02 15:50:19 Job submitted from host: <188.185.114.121:9618?addrs=188.185.114.121-9618+[2001-1458-d00-a--100-273]-9618&alias=bigbird19.cern.ch&noUDP&sock=schedd_4961_696e>
...
009 (10284266.7393.000) 08/02 15:50:47 Job was aborted.
	via condor_rm (by user yelberke)
...
040 (10284267.7393.000) 08/02 17:23:03 Started transferring input files
	Transferring to host: <188.185.195.123:9618?addrs=188.185.195.123-9618+[2001-1458-303-22--100-77]-9618&alias=b9p17p5699.cern.ch&noUDP&sock=slot1_22_1700256_ea0d_151>
...
040 (10284267.7393.000) 08/02 17:23:03 Finished transferring input files
...
001 (10284267.7393.000) 08/02 17:23:04 Job executing on host: <188.185.195.123:9618?addrs=188.185.195.123-9618+[2001-1458-303-22--100-77]-9618&alias=b9p17p5699.cern.ch&noUDP&sock=startd_128031_3200>
	SlotName: slot1_22@b9p17p5699.cern.ch
	CondorScratchDir = "/pool/condor/dir_1835736"
	Cpus = 12
	Disk = 2382723
	Memory = 24000
...
006 (10284267.7393.000) 08/02 17:23:06 Image size of job updated: 314792
	7  -  MemoryUsage of job (MB)
	6244  -  ResidentSetSize of job (KB)
...
040 (10284267.7393.000) 08/02 17:23:06 Started transferring output files
...
040 (10284267.7393.000) 08/02 17:23:06 Finished transferring output files
...
005 (10284267.7393.000) 08/02 17:23:06 Job terminated.
	(1) Normal termination (return value 139)
		Usr 0 00:00:02, Sys 0 00:00:00  -  Run Remote Usage
		Usr 0 00:00:00, Sys 0 00:00:00  -  Run Local Usage
		Usr 0 00:00:02, Sys 0 00:00:00  -  Total Remote Usage
		Usr 0 00:00:00, Sys 0 00:00:00  -  Total Local Usage
	7696  -  Run Bytes Sent By Job
	409597  -  Run Bytes Received By Job
	7696  -  Total Bytes Sent By Job
	409597  -  Total Bytes Received By Job
	Partitionable Resources :    Usage  Request Allocated 
	   Cpus                 :        0       12        12 
	   Disk (KB)            :      429      425   2382723 
	   Memory (MB)          :        7    24000     24000 

	Job terminated of its own accord at 2024-08-02T15:23:06Z with exit-code 139.
...
