000 (10252905.7448.000) 07/24 16:13:26 Job submitted from host: <188.185.114.121:9618?addrs=188.185.114.121-9618+[2001-1458-d00-a--100-273]-9618&alias=bigbird19.cern.ch&noUDP&sock=schedd_4961_696e>
...
009 (10252905.7448.000) 07/24 16:14:55 Job was aborted.
	via condor_rm (by user yelberke)
...
000 (10252906.7448.000) 07/24 16:15:43 Job submitted from host: <188.185.114.121:9618?addrs=188.185.114.121-9618+[2001-1458-d00-a--100-273]-9618&alias=bigbird19.cern.ch&noUDP&sock=schedd_4961_696e>
...
000 (10252907.7448.000) 07/24 16:17:37 Job submitted from host: <188.185.114.121:9618?addrs=188.185.114.121-9618+[2001-1458-d00-a--100-273]-9618&alias=bigbird19.cern.ch&noUDP&sock=schedd_4961_696e>
...
000 (10252908.7448.000) 07/24 16:18:10 Job submitted from host: <188.185.114.121:9618?addrs=188.185.114.121-9618+[2001-1458-d00-a--100-273]-9618&alias=bigbird19.cern.ch&noUDP&sock=schedd_4961_696e>
...
000 (10252909.7448.000) 07/24 16:18:46 Job submitted from host: <188.185.114.121:9618?addrs=188.185.114.121-9618+[2001-1458-d00-a--100-273]-9618&alias=bigbird19.cern.ch&noUDP&sock=schedd_4961_696e>
...
040 (10252906.7448.000) 07/24 17:38:51 Started transferring input files
	Transferring to host: <188.185.196.22:9618?addrs=188.185.196.22-9618+[2001-1458-303-23--100-12]-9618&alias=b9p16p1882.cern.ch&noUDP&sock=slot1_5_137874_74a0_30152>
...
040 (10252906.7448.000) 07/24 17:38:51 Finished transferring input files
...
001 (10252906.7448.000) 07/24 17:38:52 Job executing on host: <188.185.196.22:9618?addrs=188.185.196.22-9618+[2001-1458-303-23--100-12]-9618&alias=b9p16p1882.cern.ch&noUDP&sock=startd_127873_d209>
	SlotName: slot1_5@b9p16p1882.cern.ch
	CondorScratchDir = "/pool/condor/dir_39088"
	Cpus = 8
	Disk = 3000776
	Memory = 16000
...
006 (10252906.7448.000) 07/24 17:38:58 Image size of job updated: 245616
	93  -  MemoryUsage of job (MB)
	95172  -  ResidentSetSize of job (KB)
...
040 (10252906.7448.000) 07/24 17:38:58 Started transferring output files
...
040 (10252906.7448.000) 07/24 17:38:58 Finished transferring output files
...
005 (10252906.7448.000) 07/24 17:38:58 Job terminated.
	(1) Normal termination (return value 0)
		Usr 0 00:00:04, Sys 0 00:00:00  -  Run Remote Usage
		Usr 0 00:00:00, Sys 0 00:00:00  -  Run Local Usage
		Usr 0 00:00:04, Sys 0 00:00:00  -  Total Remote Usage
		Usr 0 00:00:00, Sys 0 00:00:00  -  Total Local Usage
	6201  -  Run Bytes Sent By Job
	409597  -  Run Bytes Received By Job
	6201  -  Total Bytes Sent By Job
	409597  -  Total Bytes Received By Job
	Partitionable Resources :    Usage  Request Allocated 
	   Cpus                 :        0        8         8 
	   Disk (KB)            :      427      425   3000776 
	   Memory (MB)          :       93    16000     16000 

	Job terminated of its own accord at 2024-07-24T15:38:58Z with exit-code 0.
...
040 (10252907.7448.000) 07/24 18:38:51 Started transferring input files
	Transferring to host: <188.185.208.165:9618?addrs=188.185.208.165-9618+[2001-1458-303-10--100-22]-9618&alias=b9p10p4119.cern.ch&noUDP&sock=slot1_4_5895_4f89_145121>
...
040 (10252907.7448.000) 07/24 18:38:51 Finished transferring input files
...
001 (10252907.7448.000) 07/24 18:38:52 Job executing on host: <188.185.208.165:9618?addrs=188.185.208.165-9618+[2001-1458-303-10--100-22]-9618&alias=b9p10p4119.cern.ch&noUDP&sock=startd_4860_225d>
	SlotName: slot1_4@b9p10p4119.cern.ch
	CondorScratchDir = "/pool/condor/dir_3345231"
	Cpus = 8
	Disk = 2717562
	Memory = 16000
...
006 (10252907.7448.000) 07/24 18:38:57 Image size of job updated: 158688
	8  -  MemoryUsage of job (MB)
	7272  -  ResidentSetSize of job (KB)
...
040 (10252907.7448.000) 07/24 18:38:57 Started transferring output files
...
040 (10252907.7448.000) 07/24 18:38:57 Finished transferring output files
...
005 (10252907.7448.000) 07/24 18:38:57 Job terminated.
	(1) Normal termination (return value 0)
		Usr 0 00:00:03, Sys 0 00:00:00  -  Run Remote Usage
		Usr 0 00:00:00, Sys 0 00:00:00  -  Run Local Usage
		Usr 0 00:00:03, Sys 0 00:00:00  -  Total Remote Usage
		Usr 0 00:00:00, Sys 0 00:00:00  -  Total Local Usage
	6204  -  Run Bytes Sent By Job
	409597  -  Run Bytes Received By Job
	6204  -  Total Bytes Sent By Job
	409597  -  Total Bytes Received By Job
	Partitionable Resources :    Usage  Request Allocated 
	   Cpus                 :        0        8         8 
	   Disk (KB)            :      428      425   2717562 
	   Memory (MB)          :        8    16000     16000 

	Job terminated of its own accord at 2024-07-24T16:38:57Z with exit-code 0.
...
040 (10252908.7448.000) 07/24 19:44:18 Started transferring input files
	Transferring to host: <188.185.209.85:9618?addrs=188.185.209.85-9618+[2001-1458-303-11--100-52]-9618&alias=b9p11p4111.cern.ch&noUDP&sock=slot1_12_8091_9762_143063>
...
040 (10252908.7448.000) 07/24 19:44:18 Finished transferring input files
...
001 (10252908.7448.000) 07/24 19:44:19 Job executing on host: <188.185.209.85:9618?addrs=188.185.209.85-9618+[2001-1458-303-11--100-52]-9618&alias=b9p11p4111.cern.ch&noUDP&sock=startd_6566_4eef>
	SlotName: slot1_12@b9p11p4111.cern.ch
	CondorScratchDir = "/pool/condor/dir_2874021"
	Cpus = 8
	Disk = 2729881
	Memory = 16000
...
006 (10252908.7448.000) 07/24 19:44:25 Image size of job updated: 165912
	11  -  MemoryUsage of job (MB)
	11100  -  ResidentSetSize of job (KB)
...
040 (10252908.7448.000) 07/24 19:44:25 Started transferring output files
...
040 (10252908.7448.000) 07/24 19:44:25 Finished transferring output files
...
005 (10252908.7448.000) 07/24 19:44:25 Job terminated.
	(1) Normal termination (return value 0)
		Usr 0 00:00:04, Sys 0 00:00:00  -  Run Remote Usage
		Usr 0 00:00:00, Sys 0 00:00:00  -  Run Local Usage
		Usr 0 00:00:04, Sys 0 00:00:00  -  Total Remote Usage
		Usr 0 00:00:00, Sys 0 00:00:00  -  Total Local Usage
	6201  -  Run Bytes Sent By Job
	409597  -  Run Bytes Received By Job
	6201  -  Total Bytes Sent By Job
	409597  -  Total Bytes Received By Job
	Partitionable Resources :    Usage  Request Allocated 
	   Cpus                 :        0        8         8 
	   Disk (KB)            :      428      425   2729881 
	   Memory (MB)          :       11    16000     16000 

	Job terminated of its own accord at 2024-07-24T17:44:25Z with exit-code 0.
...
040 (10252909.7448.000) 07/24 20:38:00 Started transferring input files
	Transferring to host: <188.185.204.181:9618?addrs=188.185.204.181-9618+[2001-1458-303-8--100-a9]-9618&alias=b9p02p9149.cern.ch&noUDP&sock=slot1_43_7299_8e42_156678>
...
040 (10252909.7448.000) 07/24 20:38:00 Finished transferring input files
...
001 (10252909.7448.000) 07/24 20:38:01 Job executing on host: <188.185.204.181:9618?addrs=188.185.204.181-9618+[2001-1458-303-8--100-a9]-9618&alias=b9p02p9149.cern.ch&noUDP&sock=startd_7223_f4a8>
	SlotName: slot1_43@b9p02p9149.cern.ch
	CondorScratchDir = "/pool/condor/dir_66544"
	Cpus = 8
	Disk = 2723972
	Memory = 16000
...
006 (10252909.7448.000) 07/24 20:38:06 Image size of job updated: 175088
	18  -  MemoryUsage of job (MB)
	17904  -  ResidentSetSize of job (KB)
...
040 (10252909.7448.000) 07/24 20:38:06 Started transferring output files
...
040 (10252909.7448.000) 07/24 20:38:06 Finished transferring output files
...
005 (10252909.7448.000) 07/24 20:38:06 Job terminated.
	(1) Normal termination (return value 0)
		Usr 0 00:00:03, Sys 0 00:00:00  -  Run Remote Usage
		Usr 0 00:00:00, Sys 0 00:00:00  -  Run Local Usage
		Usr 0 00:00:03, Sys 0 00:00:00  -  Total Remote Usage
		Usr 0 00:00:00, Sys 0 00:00:00  -  Total Local Usage
	6201  -  Run Bytes Sent By Job
	409597  -  Run Bytes Received By Job
	6201  -  Total Bytes Sent By Job
	409597  -  Total Bytes Received By Job
	Partitionable Resources :    Usage  Request Allocated 
	   Cpus                 :        0        8         8 
	   Disk (KB)            :      427      425   2723972 
	   Memory (MB)          :       18    16000     16000 

	Job terminated of its own accord at 2024-07-24T18:38:06Z with exit-code 0.
...
000 (10261715.7448.000) 07/25 13:04:10 Job submitted from host: <188.185.114.121:9618?addrs=188.185.114.121-9618+[2001-1458-d00-a--100-273]-9618&alias=bigbird19.cern.ch&noUDP&sock=schedd_4961_696e>
...
009 (10261715.7448.000) 07/25 13:07:21 Job was aborted.
	via condor_rm (by user yelberke)
...
000 (10261767.7448.000) 07/25 13:21:00 Job submitted from host: <188.185.114.121:9618?addrs=188.185.114.121-9618+[2001-1458-d00-a--100-273]-9618&alias=bigbird19.cern.ch&noUDP&sock=schedd_4961_696e>
...
040 (10261767.7448.000) 07/25 15:09:33 Started transferring input files
	Transferring to host: <188.185.209.169:9618?addrs=188.185.209.169-9618+[2001-1458-303-12--100-26]-9618&alias=b9p12p5343.cern.ch&noUDP&sock=slot1_27_10700_de2c_144224>
...
040 (10261767.7448.000) 07/25 15:09:33 Finished transferring input files
...
001 (10261767.7448.000) 07/25 15:09:34 Job executing on host: <188.185.209.169:9618?addrs=188.185.209.169-9618+[2001-1458-303-12--100-26]-9618&alias=b9p12p5343.cern.ch&noUDP&sock=startd_9371_4e16>
	SlotName: slot1_27@b9p12p5343.cern.ch
	CondorScratchDir = "/pool/condor/dir_572994"
	Cpus = 12
	Disk = 2926776
	Memory = 24000
...
006 (10261767.7448.000) 07/25 15:09:39 Image size of job updated: 165948
	10  -  MemoryUsage of job (MB)
	9728  -  ResidentSetSize of job (KB)
...
040 (10261767.7448.000) 07/25 15:09:39 Started transferring output files
...
040 (10261767.7448.000) 07/25 15:09:39 Finished transferring output files
...
005 (10261767.7448.000) 07/25 15:09:39 Job terminated.
	(1) Normal termination (return value 0)
		Usr 0 00:00:04, Sys 0 00:00:00  -  Run Remote Usage
		Usr 0 00:00:00, Sys 0 00:00:00  -  Run Local Usage
		Usr 0 00:00:04, Sys 0 00:00:00  -  Total Remote Usage
		Usr 0 00:00:00, Sys 0 00:00:00  -  Total Local Usage
	6673  -  Run Bytes Sent By Job
	409597  -  Run Bytes Received By Job
	6673  -  Total Bytes Sent By Job
	409597  -  Total Bytes Received By Job
	Partitionable Resources :    Usage  Request Allocated 
	   Cpus                 :        0       12        12 
	   Disk (KB)            :      429      425   2926776 
	   Memory (MB)          :       10    24000     24000 

	Job terminated of its own accord at 2024-07-25T13:09:39Z with exit-code 0.
...
000 (10284266.7448.000) 08/02 15:48:02 Job submitted from host: <188.185.114.121:9618?addrs=188.185.114.121-9618+[2001-1458-d00-a--100-273]-9618&alias=bigbird19.cern.ch&noUDP&sock=schedd_4961_696e>
...
000 (10284267.7448.000) 08/02 15:50:19 Job submitted from host: <188.185.114.121:9618?addrs=188.185.114.121-9618+[2001-1458-d00-a--100-273]-9618&alias=bigbird19.cern.ch&noUDP&sock=schedd_4961_696e>
...
009 (10284266.7448.000) 08/02 15:50:47 Job was aborted.
	via condor_rm (by user yelberke)
...
040 (10284267.7448.000) 08/02 17:23:21 Started transferring input files
	Transferring to host: <188.185.204.162:9618?addrs=188.185.204.162-9618+[2001-1458-303-8--100-96]-9618&alias=b9p02p3486.cern.ch&noUDP&sock=slot1_2_6779_2b2d_167042>
...
040 (10284267.7448.000) 08/02 17:23:21 Finished transferring input files
...
001 (10284267.7448.000) 08/02 17:23:22 Job executing on host: <188.185.204.162:9618?addrs=188.185.204.162-9618+[2001-1458-303-8--100-96]-9618&alias=b9p02p3486.cern.ch&noUDP&sock=startd_6709_64fa>
	SlotName: slot1_2@b9p02p3486.cern.ch
	CondorScratchDir = "/pool/condor/dir_262271"
	Cpus = 12
	Disk = 1937818
	Memory = 24000
...
006 (10284267.7448.000) 08/02 17:23:24 Image size of job updated: 315852
	3  -  MemoryUsage of job (MB)
	2956  -  ResidentSetSize of job (KB)
...
040 (10284267.7448.000) 08/02 17:23:24 Started transferring output files
...
040 (10284267.7448.000) 08/02 17:23:24 Finished transferring output files
...
005 (10284267.7448.000) 08/02 17:23:24 Job terminated.
	(1) Normal termination (return value 139)
		Usr 0 00:00:02, Sys 0 00:00:00  -  Run Remote Usage
		Usr 0 00:00:00, Sys 0 00:00:00  -  Run Local Usage
		Usr 0 00:00:02, Sys 0 00:00:00  -  Total Remote Usage
		Usr 0 00:00:00, Sys 0 00:00:00  -  Total Local Usage
	7696  -  Run Bytes Sent By Job
	409597  -  Run Bytes Received By Job
	7696  -  Total Bytes Sent By Job
	409597  -  Total Bytes Received By Job
	Partitionable Resources :    Usage  Request Allocated 
	   Cpus                 :        0       12        12 
	   Disk (KB)            :      430      425   1937818 
	   Memory (MB)          :        3    24000     24000 

	Job terminated of its own accord at 2024-08-02T15:23:24Z with exit-code 139.
...
