000 (10252905.7453.000) 07/24 16:13:26 Job submitted from host: <188.185.114.121:9618?addrs=188.185.114.121-9618+[2001-1458-d00-a--100-273]-9618&alias=bigbird19.cern.ch&noUDP&sock=schedd_4961_696e>
...
009 (10252905.7453.000) 07/24 16:14:55 Job was aborted.
	via condor_rm (by user yelberke)
...
000 (10252906.7453.000) 07/24 16:15:43 Job submitted from host: <188.185.114.121:9618?addrs=188.185.114.121-9618+[2001-1458-d00-a--100-273]-9618&alias=bigbird19.cern.ch&noUDP&sock=schedd_4961_696e>
...
000 (10252907.7453.000) 07/24 16:17:37 Job submitted from host: <188.185.114.121:9618?addrs=188.185.114.121-9618+[2001-1458-d00-a--100-273]-9618&alias=bigbird19.cern.ch&noUDP&sock=schedd_4961_696e>
...
000 (10252908.7453.000) 07/24 16:18:10 Job submitted from host: <188.185.114.121:9618?addrs=188.185.114.121-9618+[2001-1458-d00-a--100-273]-9618&alias=bigbird19.cern.ch&noUDP&sock=schedd_4961_696e>
...
000 (10252909.7453.000) 07/24 16:18:46 Job submitted from host: <188.185.114.121:9618?addrs=188.185.114.121-9618+[2001-1458-d00-a--100-273]-9618&alias=bigbird19.cern.ch&noUDP&sock=schedd_4961_696e>
...
040 (10252906.7453.000) 07/24 17:39:41 Started transferring input files
	Transferring to host: <188.185.209.27:9618?addrs=188.185.209.27-9618+[2001-1458-303-11--100-18]-9618&alias=b9p11p4236.cern.ch&noUDP&sock=slot1_15_4318_2be9_142067>
...
040 (10252906.7453.000) 07/24 17:39:41 Finished transferring input files
...
001 (10252906.7453.000) 07/24 17:39:42 Job executing on host: <188.185.209.27:9618?addrs=188.185.209.27-9618+[2001-1458-303-11--100-18]-9618&alias=b9p11p4236.cern.ch&noUDP&sock=startd_3696_ba20>
	SlotName: slot1_15@b9p11p4236.cern.ch
	CondorScratchDir = "/pool/condor/dir_1248657"
	Cpus = 8
	Disk = 2588829
	Memory = 16000
...
006 (10252906.7453.000) 07/24 17:39:46 Image size of job updated: 160556
	8  -  MemoryUsage of job (MB)
	8072  -  ResidentSetSize of job (KB)
...
040 (10252906.7453.000) 07/24 17:39:46 Started transferring output files
...
040 (10252906.7453.000) 07/24 17:39:46 Finished transferring output files
...
005 (10252906.7453.000) 07/24 17:39:46 Job terminated.
	(1) Normal termination (return value 0)
		Usr 0 00:00:03, Sys 0 00:00:00  -  Run Remote Usage
		Usr 0 00:00:00, Sys 0 00:00:00  -  Run Local Usage
		Usr 0 00:00:03, Sys 0 00:00:00  -  Total Remote Usage
		Usr 0 00:00:00, Sys 0 00:00:00  -  Total Local Usage
	6201  -  Run Bytes Sent By Job
	409597  -  Run Bytes Received By Job
	6201  -  Total Bytes Sent By Job
	409597  -  Total Bytes Received By Job
	Partitionable Resources :    Usage  Request Allocated 
	   Cpus                 :        0        8         8 
	   Disk (KB)            :      427      425   2588829 
	   Memory (MB)          :        8    16000     16000 

	Job terminated of its own accord at 2024-07-24T15:39:46Z with exit-code 0.
...
040 (10252907.7453.000) 07/24 18:43:40 Started transferring input files
	Transferring to host: <188.185.207.205:9618?addrs=188.185.207.205-9618+[2001-1458-303-e--100-4a]-9618&alias=b9p08p8146.cern.ch&noUDP&sock=slot1_17_8014_567f_142256>
...
040 (10252907.7453.000) 07/24 18:43:40 Finished transferring input files
...
001 (10252907.7453.000) 07/24 18:43:42 Job executing on host: <188.185.207.205:9618?addrs=188.185.207.205-9618+[2001-1458-303-e--100-4a]-9618&alias=b9p08p8146.cern.ch&noUDP&sock=startd_6606_beb9>
	SlotName: slot1_17@b9p08p8146.cern.ch
	CondorScratchDir = "/pool/condor/dir_133093"
	Cpus = 8
	Disk = 2826190
	Memory = 16000
...
006 (10252907.7453.000) 07/24 18:43:46 Image size of job updated: 159904
	8  -  MemoryUsage of job (MB)
	7708  -  ResidentSetSize of job (KB)
...
040 (10252907.7453.000) 07/24 18:43:46 Started transferring output files
...
040 (10252907.7453.000) 07/24 18:43:46 Finished transferring output files
...
005 (10252907.7453.000) 07/24 18:43:46 Job terminated.
	(1) Normal termination (return value 0)
		Usr 0 00:00:03, Sys 0 00:00:00  -  Run Remote Usage
		Usr 0 00:00:00, Sys 0 00:00:00  -  Run Local Usage
		Usr 0 00:00:03, Sys 0 00:00:00  -  Total Remote Usage
		Usr 0 00:00:00, Sys 0 00:00:00  -  Total Local Usage
	6204  -  Run Bytes Sent By Job
	409597  -  Run Bytes Received By Job
	6204  -  Total Bytes Sent By Job
	409597  -  Total Bytes Received By Job
	Partitionable Resources :    Usage  Request Allocated 
	   Cpus                 :        0        8         8 
	   Disk (KB)            :      428      425   2826190 
	   Memory (MB)          :        8    16000     16000 

	Job terminated of its own accord at 2024-07-24T16:43:46Z with exit-code 0.
...
040 (10252908.7453.000) 07/24 19:44:23 Started transferring input files
	Transferring to host: <188.185.204.139:9618?addrs=188.185.204.139-9618+[2001-1458-303-8--100-7f]-9618&alias=b9p02p2256.cern.ch&noUDP&sock=slot1_5_6806_314e_156505>
...
040 (10252908.7453.000) 07/24 19:44:23 Finished transferring input files
...
001 (10252908.7453.000) 07/24 19:44:24 Job executing on host: <188.185.204.139:9618?addrs=188.185.204.139-9618+[2001-1458-303-8--100-7f]-9618&alias=b9p02p2256.cern.ch&noUDP&sock=startd_6736_ea08>
	SlotName: slot1_5@b9p02p2256.cern.ch
	CondorScratchDir = "/pool/condor/dir_178361"
	Cpus = 8
	Disk = 2822593
	Memory = 16000
...
006 (10252908.7453.000) 07/24 19:44:30 Image size of job updated: 166204
	11  -  MemoryUsage of job (MB)
	11004  -  ResidentSetSize of job (KB)
...
040 (10252908.7453.000) 07/24 19:44:30 Started transferring output files
...
040 (10252908.7453.000) 07/24 19:44:30 Finished transferring output files
...
005 (10252908.7453.000) 07/24 19:44:30 Job terminated.
	(1) Normal termination (return value 0)
		Usr 0 00:00:05, Sys 0 00:00:00  -  Run Remote Usage
		Usr 0 00:00:00, Sys 0 00:00:00  -  Run Local Usage
		Usr 0 00:00:05, Sys 0 00:00:00  -  Total Remote Usage
		Usr 0 00:00:00, Sys 0 00:00:00  -  Total Local Usage
	6201  -  Run Bytes Sent By Job
	409597  -  Run Bytes Received By Job
	6201  -  Total Bytes Sent By Job
	409597  -  Total Bytes Received By Job
	Partitionable Resources :    Usage  Request Allocated 
	   Cpus                 :        0        8         8 
	   Disk (KB)            :      428      425   2822593 
	   Memory (MB)          :       11    16000     16000 

	Job terminated of its own accord at 2024-07-24T17:44:30Z with exit-code 0.
...
040 (10252909.7453.000) 07/24 20:38:02 Started transferring input files
	Transferring to host: <188.185.205.55:9618?addrs=188.185.205.55-9618+[2001-1458-303-9--100-ab]-9618&alias=b9p03p0892.cern.ch&noUDP&sock=slot1_49_3579_7aab_29682>
...
040 (10252909.7453.000) 07/24 20:38:02 Finished transferring input files
...
001 (10252909.7453.000) 07/24 20:38:03 Job executing on host: <188.185.205.55:9618?addrs=188.185.205.55-9618+[2001-1458-303-9--100-ab]-9618&alias=b9p03p0892.cern.ch&noUDP&sock=startd_3202_e257>
	SlotName: slot1_49@b9p03p0892.cern.ch
	CondorScratchDir = "/pool/condor/dir_2048940"
	Cpus = 8
	Disk = 2813138
	Memory = 16000
...
006 (10252909.7453.000) 07/24 20:38:07 Image size of job updated: 157484
	7  -  MemoryUsage of job (MB)
	6744  -  ResidentSetSize of job (KB)
...
040 (10252909.7453.000) 07/24 20:38:07 Started transferring output files
...
040 (10252909.7453.000) 07/24 20:38:07 Finished transferring output files
...
005 (10252909.7453.000) 07/24 20:38:07 Job terminated.
	(1) Normal termination (return value 0)
		Usr 0 00:00:03, Sys 0 00:00:00  -  Run Remote Usage
		Usr 0 00:00:00, Sys 0 00:00:00  -  Run Local Usage
		Usr 0 00:00:03, Sys 0 00:00:00  -  Total Remote Usage
		Usr 0 00:00:00, Sys 0 00:00:00  -  Total Local Usage
	6201  -  Run Bytes Sent By Job
	409597  -  Run Bytes Received By Job
	6201  -  Total Bytes Sent By Job
	409597  -  Total Bytes Received By Job
	Partitionable Resources :    Usage  Request Allocated 
	   Cpus                 :        0        8         8 
	   Disk (KB)            :      427      425   2813138 
	   Memory (MB)          :        7    16000     16000 

	Job terminated of its own accord at 2024-07-24T18:38:07Z with exit-code 0.
...
000 (10261715.7453.000) 07/25 13:04:10 Job submitted from host: <188.185.114.121:9618?addrs=188.185.114.121-9618+[2001-1458-d00-a--100-273]-9618&alias=bigbird19.cern.ch&noUDP&sock=schedd_4961_696e>
...
009 (10261715.7453.000) 07/25 13:07:21 Job was aborted.
	via condor_rm (by user yelberke)
...
000 (10261767.7453.000) 07/25 13:21:00 Job submitted from host: <188.185.114.121:9618?addrs=188.185.114.121-9618+[2001-1458-d00-a--100-273]-9618&alias=bigbird19.cern.ch&noUDP&sock=schedd_4961_696e>
...
040 (10261767.7453.000) 07/25 15:09:34 Started transferring input files
	Transferring to host: <188.185.205.41:9618?addrs=188.185.205.41-9618&alias=b9p03p4642.cern.ch&noUDP&sock=slot1_14_7380_a0a5_154840>
...
040 (10261767.7453.000) 07/25 15:09:34 Finished transferring input files
...
001 (10261767.7453.000) 07/25 15:09:35 Job executing on host: <188.185.205.41:9618?addrs=188.185.205.41-9618&alias=b9p03p4642.cern.ch&noUDP&sock=startd_7312_0096>
	SlotName: slot1_14@b9p03p4642.cern.ch
	CondorScratchDir = "/pool/condor/dir_3464908"
	Cpus = 12
	Disk = 2766233
	Memory = 24000
...
006 (10261767.7453.000) 07/25 15:09:40 Image size of job updated: 168792
	11  -  MemoryUsage of job (MB)
	11192  -  ResidentSetSize of job (KB)
...
040 (10261767.7453.000) 07/25 15:09:40 Started transferring output files
...
040 (10261767.7453.000) 07/25 15:09:40 Finished transferring output files
...
005 (10261767.7453.000) 07/25 15:09:40 Job terminated.
	(1) Normal termination (return value 0)
		Usr 0 00:00:03, Sys 0 00:00:00  -  Run Remote Usage
		Usr 0 00:00:00, Sys 0 00:00:00  -  Run Local Usage
		Usr 0 00:00:03, Sys 0 00:00:00  -  Total Remote Usage
		Usr 0 00:00:00, Sys 0 00:00:00  -  Total Local Usage
	6673  -  Run Bytes Sent By Job
	409597  -  Run Bytes Received By Job
	6673  -  Total Bytes Sent By Job
	409597  -  Total Bytes Received By Job
	Partitionable Resources :    Usage  Request Allocated 
	   Cpus                 :        0       12        12 
	   Disk (KB)            :      428      425   2766233 
	   Memory (MB)          :       11    24000     24000 

	Job terminated of its own accord at 2024-07-25T13:09:40Z with exit-code 0.
...
000 (10284266.7453.000) 08/02 15:48:02 Job submitted from host: <188.185.114.121:9618?addrs=188.185.114.121-9618+[2001-1458-d00-a--100-273]-9618&alias=bigbird19.cern.ch&noUDP&sock=schedd_4961_696e>
...
000 (10284267.7453.000) 08/02 15:50:19 Job submitted from host: <188.185.114.121:9618?addrs=188.185.114.121-9618+[2001-1458-d00-a--100-273]-9618&alias=bigbird19.cern.ch&noUDP&sock=schedd_4961_696e>
...
009 (10284266.7453.000) 08/02 15:50:47 Job was aborted.
	via condor_rm (by user yelberke)
...
040 (10284267.7453.000) 08/02 17:23:23 Started transferring input files
	Transferring to host: <188.185.207.9:9618?addrs=188.185.207.9-9618+[2001-1458-303-d--100-6]-9618&alias=b9p07p6005.cern.ch&noUDP&sock=slot1_9_4138_5861_153847>
...
040 (10284267.7453.000) 08/02 17:23:23 Finished transferring input files
...
001 (10284267.7453.000) 08/02 17:23:24 Job executing on host: <188.185.207.9:9618?addrs=188.185.207.9-9618+[2001-1458-303-d--100-6]-9618&alias=b9p07p6005.cern.ch&noUDP&sock=startd_3645_becb>
	SlotName: slot1_9@b9p07p6005.cern.ch
	CondorScratchDir = "/pool/condor/dir_3473932"
	Cpus = 12
	Disk = 2744422
	Memory = 24000
...
006 (10284267.7453.000) 08/02 17:23:26 Image size of job updated: 326168
	6  -  MemoryUsage of job (MB)
	5208  -  ResidentSetSize of job (KB)
...
040 (10284267.7453.000) 08/02 17:23:26 Started transferring output files
...
040 (10284267.7453.000) 08/02 17:23:26 Finished transferring output files
...
005 (10284267.7453.000) 08/02 17:23:26 Job terminated.
	(1) Normal termination (return value 139)
		Usr 0 00:00:01, Sys 0 00:00:01  -  Run Remote Usage
		Usr 0 00:00:00, Sys 0 00:00:00  -  Run Local Usage
		Usr 0 00:00:01, Sys 0 00:00:01  -  Total Remote Usage
		Usr 0 00:00:00, Sys 0 00:00:00  -  Total Local Usage
	7696  -  Run Bytes Sent By Job
	409597  -  Run Bytes Received By Job
	7696  -  Total Bytes Sent By Job
	409597  -  Total Bytes Received By Job
	Partitionable Resources :    Usage  Request Allocated 
	   Cpus                 :        0       12        12 
	   Disk (KB)            :      430      425   2744422 
	   Memory (MB)          :        6    24000     24000 

	Job terminated of its own accord at 2024-08-02T15:23:26Z with exit-code 139.
...
