000 (10252905.7521.000) 07/24 16:13:26 Job submitted from host: <188.185.114.121:9618?addrs=188.185.114.121-9618+[2001-1458-d00-a--100-273]-9618&alias=bigbird19.cern.ch&noUDP&sock=schedd_4961_696e>
...
009 (10252905.7521.000) 07/24 16:14:55 Job was aborted.
	via condor_rm (by user yelberke)
...
000 (10252906.7521.000) 07/24 16:15:43 Job submitted from host: <188.185.114.121:9618?addrs=188.185.114.121-9618+[2001-1458-d00-a--100-273]-9618&alias=bigbird19.cern.ch&noUDP&sock=schedd_4961_696e>
...
000 (10252907.7521.000) 07/24 16:17:37 Job submitted from host: <188.185.114.121:9618?addrs=188.185.114.121-9618+[2001-1458-d00-a--100-273]-9618&alias=bigbird19.cern.ch&noUDP&sock=schedd_4961_696e>
...
000 (10252908.7521.000) 07/24 16:18:10 Job submitted from host: <188.185.114.121:9618?addrs=188.185.114.121-9618+[2001-1458-d00-a--100-273]-9618&alias=bigbird19.cern.ch&noUDP&sock=schedd_4961_696e>
...
000 (10252909.7521.000) 07/24 16:18:47 Job submitted from host: <188.185.114.121:9618?addrs=188.185.114.121-9618+[2001-1458-d00-a--100-273]-9618&alias=bigbird19.cern.ch&noUDP&sock=schedd_4961_696e>
...
040 (10252906.7521.000) 07/24 17:39:04 Started transferring input files
	Transferring to host: <188.185.208.90:9618?addrs=188.185.208.90-9618+[2001-1458-303-f--100-57]-9618&alias=b9p09p3138.cern.ch&noUDP&sock=slot1_2_4301_3188_144661>
...
040 (10252906.7521.000) 07/24 17:39:04 Finished transferring input files
...
001 (10252906.7521.000) 07/24 17:39:05 Job executing on host: <188.185.208.90:9618?addrs=188.185.208.90-9618+[2001-1458-303-f--100-57]-9618&alias=b9p09p3138.cern.ch&noUDP&sock=startd_3681_7034>
	SlotName: slot1_2@b9p09p3138.cern.ch
	CondorScratchDir = "/pool/condor/dir_1309988"
	Cpus = 8
	Disk = 2831813
	Memory = 16000
...
006 (10252906.7521.000) 07/24 17:39:09 Image size of job updated: 209132
	55  -  MemoryUsage of job (MB)
	56284  -  ResidentSetSize of job (KB)
...
040 (10252906.7521.000) 07/24 17:39:09 Started transferring output files
...
040 (10252906.7521.000) 07/24 17:39:09 Finished transferring output files
...
005 (10252906.7521.000) 07/24 17:39:09 Job terminated.
	(1) Normal termination (return value 0)
		Usr 0 00:00:03, Sys 0 00:00:00  -  Run Remote Usage
		Usr 0 00:00:00, Sys 0 00:00:00  -  Run Local Usage
		Usr 0 00:00:03, Sys 0 00:00:00  -  Total Remote Usage
		Usr 0 00:00:00, Sys 0 00:00:00  -  Total Local Usage
	6201  -  Run Bytes Sent By Job
	409597  -  Run Bytes Received By Job
	6201  -  Total Bytes Sent By Job
	409597  -  Total Bytes Received By Job
	Partitionable Resources :    Usage  Request Allocated 
	   Cpus                 :        0        8         8 
	   Disk (KB)            :      427      425   2831813 
	   Memory (MB)          :       55    16000     16000 

	Job terminated of its own accord at 2024-07-24T15:39:09Z with exit-code 0.
...
040 (10252907.7521.000) 07/24 18:43:48 Started transferring input files
	Transferring to host: <188.185.208.224:9618?addrs=188.185.208.224-9618+[2001-1458-303-10--100-5d]-9618&alias=b9p10p9455.cern.ch&noUDP&sock=slot1_7_5453_e1b7_144746>
...
040 (10252907.7521.000) 07/24 18:43:48 Finished transferring input files
...
001 (10252907.7521.000) 07/24 18:43:49 Job executing on host: <188.185.208.224:9618?addrs=188.185.208.224-9618+[2001-1458-303-10--100-5d]-9618&alias=b9p10p9455.cern.ch&noUDP&sock=startd_4478_1d2f>
	SlotName: slot1_7@b9p10p9455.cern.ch
	CondorScratchDir = "/pool/condor/dir_4073130"
	Cpus = 8
	Disk = 2832308
	Memory = 16000
...
006 (10252907.7521.000) 07/24 18:43:53 Image size of job updated: 159592
	8  -  MemoryUsage of job (MB)
	7588  -  ResidentSetSize of job (KB)
...
040 (10252907.7521.000) 07/24 18:43:53 Started transferring output files
...
040 (10252907.7521.000) 07/24 18:43:53 Finished transferring output files
...
005 (10252907.7521.000) 07/24 18:43:53 Job terminated.
	(1) Normal termination (return value 0)
		Usr 0 00:00:03, Sys 0 00:00:00  -  Run Remote Usage
		Usr 0 00:00:00, Sys 0 00:00:00  -  Run Local Usage
		Usr 0 00:00:03, Sys 0 00:00:00  -  Total Remote Usage
		Usr 0 00:00:00, Sys 0 00:00:00  -  Total Local Usage
	6204  -  Run Bytes Sent By Job
	409597  -  Run Bytes Received By Job
	6204  -  Total Bytes Sent By Job
	409597  -  Total Bytes Received By Job
	Partitionable Resources :    Usage  Request Allocated 
	   Cpus                 :        0        8         8 
	   Disk (KB)            :      428      425   2832308 
	   Memory (MB)          :        8    16000     16000 

	Job terminated of its own accord at 2024-07-24T16:43:53Z with exit-code 0.
...
040 (10252908.7521.000) 07/24 19:44:45 Started transferring input files
	Transferring to host: <188.185.198.126:9618?addrs=188.185.198.126-9618+[2001-1458-303-25--100-7a]-9618&alias=b9p15p8197.cern.ch&noUDP&sock=slot1_5_4163775_e900_2852>
...
040 (10252908.7521.000) 07/24 19:44:45 Finished transferring input files
...
001 (10252908.7521.000) 07/24 19:44:46 Job executing on host: <188.185.198.126:9618?addrs=188.185.198.126-9618+[2001-1458-303-25--100-7a]-9618&alias=b9p15p8197.cern.ch&noUDP&sock=startd_128173_9872>
	SlotName: slot1_5@b9p15p8197.cern.ch
	CondorScratchDir = "/pool/condor/dir_1137621"
	Cpus = 8
	Disk = 2963372
	Memory = 16000
...
006 (10252908.7521.000) 07/24 19:44:54 Image size of job updated: 148148
	145  -  MemoryUsage of job (MB)
	148148  -  ResidentSetSize of job (KB)
...
006 (10252908.7521.000) 07/24 19:44:55 Image size of job updated: 160292
	145  -  MemoryUsage of job (MB)
	148148  -  ResidentSetSize of job (KB)
...
040 (10252908.7521.000) 07/24 19:44:55 Started transferring output files
...
040 (10252908.7521.000) 07/24 19:44:55 Finished transferring output files
...
005 (10252908.7521.000) 07/24 19:44:55 Job terminated.
	(1) Normal termination (return value 0)
		Usr 0 00:00:07, Sys 0 00:00:00  -  Run Remote Usage
		Usr 0 00:00:00, Sys 0 00:00:00  -  Run Local Usage
		Usr 0 00:00:07, Sys 0 00:00:00  -  Total Remote Usage
		Usr 0 00:00:00, Sys 0 00:00:00  -  Total Local Usage
	6201  -  Run Bytes Sent By Job
	409597  -  Run Bytes Received By Job
	6201  -  Total Bytes Sent By Job
	409597  -  Total Bytes Received By Job
	Partitionable Resources :    Usage  Request Allocated 
	   Cpus                 :        0        8         8 
	   Disk (KB)            :      428      425   2963372 
	   Memory (MB)          :      145    16000     16000 

	Job terminated of its own accord at 2024-07-24T17:44:55Z with exit-code 0.
...
040 (10252909.7521.000) 07/24 20:38:25 Started transferring input files
	Transferring to host: <188.185.206.161:9618?addrs=188.185.206.161-9618+[2001-1458-303-c--100-1e]-9618&alias=b9p06p4981.cern.ch&noUDP&sock=slot1_2_7395_3246_155141>
...
040 (10252909.7521.000) 07/24 20:38:25 Finished transferring input files
...
001 (10252909.7521.000) 07/24 20:38:26 Job executing on host: <188.185.206.161:9618?addrs=188.185.206.161-9618+[2001-1458-303-c--100-1e]-9618&alias=b9p06p4981.cern.ch&noUDP&sock=startd_7325_eb51>
	SlotName: slot1_2@b9p06p4981.cern.ch
	CondorScratchDir = "/pool/condor/dir_4141632"
	Cpus = 8
	Disk = 2865433
	Memory = 16000
...
006 (10252909.7521.000) 07/24 20:38:30 Image size of job updated: 157704
	7  -  MemoryUsage of job (MB)
	6564  -  ResidentSetSize of job (KB)
...
040 (10252909.7521.000) 07/24 20:38:30 Started transferring output files
...
040 (10252909.7521.000) 07/24 20:38:30 Finished transferring output files
...
005 (10252909.7521.000) 07/24 20:38:30 Job terminated.
	(1) Normal termination (return value 0)
		Usr 0 00:00:03, Sys 0 00:00:00  -  Run Remote Usage
		Usr 0 00:00:00, Sys 0 00:00:00  -  Run Local Usage
		Usr 0 00:00:03, Sys 0 00:00:00  -  Total Remote Usage
		Usr 0 00:00:00, Sys 0 00:00:00  -  Total Local Usage
	6201  -  Run Bytes Sent By Job
	409597  -  Run Bytes Received By Job
	6201  -  Total Bytes Sent By Job
	409597  -  Total Bytes Received By Job
	Partitionable Resources :    Usage  Request Allocated 
	   Cpus                 :        0        8         8 
	   Disk (KB)            :      427      425   2865433 
	   Memory (MB)          :        7    16000     16000 

	Job terminated of its own accord at 2024-07-24T18:38:30Z with exit-code 0.
...
000 (10261715.7521.000) 07/25 13:04:11 Job submitted from host: <188.185.114.121:9618?addrs=188.185.114.121-9618+[2001-1458-d00-a--100-273]-9618&alias=bigbird19.cern.ch&noUDP&sock=schedd_4961_696e>
...
009 (10261715.7521.000) 07/25 13:07:22 Job was aborted.
	via condor_rm (by user yelberke)
...
000 (10261767.7521.000) 07/25 13:21:01 Job submitted from host: <188.185.114.121:9618?addrs=188.185.114.121-9618+[2001-1458-d00-a--100-273]-9618&alias=bigbird19.cern.ch&noUDP&sock=schedd_4961_696e>
...
040 (10261767.7521.000) 07/25 15:09:57 Started transferring input files
	Transferring to host: <188.185.205.162:9618?addrs=188.185.205.162-9618+[2001-1458-303-a--100-1f]-9618&alias=b9p04p5294.cern.ch&noUDP&sock=slot1_7_4129_0101_157495>
...
040 (10261767.7521.000) 07/25 15:09:57 Finished transferring input files
...
001 (10261767.7521.000) 07/25 15:09:58 Job executing on host: <188.185.205.162:9618?addrs=188.185.205.162-9618+[2001-1458-303-a--100-1f]-9618&alias=b9p04p5294.cern.ch&noUDP&sock=startd_3797_0131>
	SlotName: slot1_7@b9p04p5294.cern.ch
	CondorScratchDir = "/pool/condor/dir_1936018"
	Cpus = 12
	Disk = 2814646
	Memory = 24000
...
006 (10261767.7521.000) 07/25 15:10:02 Image size of job updated: 182556
	34  -  MemoryUsage of job (MB)
	34808  -  ResidentSetSize of job (KB)
...
040 (10261767.7521.000) 07/25 15:10:02 Started transferring output files
...
040 (10261767.7521.000) 07/25 15:10:02 Finished transferring output files
...
005 (10261767.7521.000) 07/25 15:10:02 Job terminated.
	(1) Normal termination (return value 0)
		Usr 0 00:00:03, Sys 0 00:00:00  -  Run Remote Usage
		Usr 0 00:00:00, Sys 0 00:00:00  -  Run Local Usage
		Usr 0 00:00:03, Sys 0 00:00:00  -  Total Remote Usage
		Usr 0 00:00:00, Sys 0 00:00:00  -  Total Local Usage
	6673  -  Run Bytes Sent By Job
	409597  -  Run Bytes Received By Job
	6673  -  Total Bytes Sent By Job
	409597  -  Total Bytes Received By Job
	Partitionable Resources :    Usage  Request Allocated 
	   Cpus                 :        0       12        12 
	   Disk (KB)            :      428      425   2814646 
	   Memory (MB)          :       34    24000     24000 

	Job terminated of its own accord at 2024-07-25T13:10:02Z with exit-code 0.
...
000 (10284266.7521.000) 08/02 15:48:03 Job submitted from host: <188.185.114.121:9618?addrs=188.185.114.121-9618+[2001-1458-d00-a--100-273]-9618&alias=bigbird19.cern.ch&noUDP&sock=schedd_4961_696e>
...
000 (10284267.7521.000) 08/02 15:50:20 Job submitted from host: <188.185.114.121:9618?addrs=188.185.114.121-9618+[2001-1458-d00-a--100-273]-9618&alias=bigbird19.cern.ch&noUDP&sock=schedd_4961_696e>
...
009 (10284266.7521.000) 08/02 15:50:47 Job was aborted.
	via condor_rm (by user yelberke)
...
040 (10284267.7521.000) 08/02 17:23:46 Started transferring input files
	Transferring to host: <188.185.205.41:9618?addrs=188.185.205.41-9618&alias=b9p03p4642.cern.ch&noUDP&sock=slot1_8_7380_a0a5_164228>
...
040 (10284267.7521.000) 08/02 17:23:46 Finished transferring input files
...
001 (10284267.7521.000) 08/02 17:23:47 Job executing on host: <188.185.205.41:9618?addrs=188.185.205.41-9618&alias=b9p03p4642.cern.ch&noUDP&sock=startd_7312_0096>
	SlotName: slot1_8@b9p03p4642.cern.ch
	CondorScratchDir = "/pool/condor/dir_2059762"
	Cpus = 12
	Disk = 2861995
	Memory = 24000
...
006 (10284267.7521.000) 08/02 17:23:49 Image size of job updated: 328964
	6  -  MemoryUsage of job (MB)
	5304  -  ResidentSetSize of job (KB)
...
040 (10284267.7521.000) 08/02 17:23:49 Started transferring output files
...
040 (10284267.7521.000) 08/02 17:23:49 Finished transferring output files
...
005 (10284267.7521.000) 08/02 17:23:49 Job terminated.
	(1) Normal termination (return value 139)
		Usr 0 00:00:01, Sys 0 00:00:01  -  Run Remote Usage
		Usr 0 00:00:00, Sys 0 00:00:00  -  Run Local Usage
		Usr 0 00:00:01, Sys 0 00:00:01  -  Total Remote Usage
		Usr 0 00:00:00, Sys 0 00:00:00  -  Total Local Usage
	7696  -  Run Bytes Sent By Job
	409597  -  Run Bytes Received By Job
	7696  -  Total Bytes Sent By Job
	409597  -  Total Bytes Received By Job
	Partitionable Resources :    Usage  Request Allocated 
	   Cpus                 :        0       12        12 
	   Disk (KB)            :      429      425   2861995 
	   Memory (MB)          :        6    24000     24000 

	Job terminated of its own accord at 2024-08-02T15:23:49Z with exit-code 139.
...
