000 (10252905.7541.000) 07/24 16:13:26 Job submitted from host: <188.185.114.121:9618?addrs=188.185.114.121-9618+[2001-1458-d00-a--100-273]-9618&alias=bigbird19.cern.ch&noUDP&sock=schedd_4961_696e>
...
009 (10252905.7541.000) 07/24 16:14:55 Job was aborted.
	via condor_rm (by user yelberke)
...
000 (10252906.7541.000) 07/24 16:15:43 Job submitted from host: <188.185.114.121:9618?addrs=188.185.114.121-9618+[2001-1458-d00-a--100-273]-9618&alias=bigbird19.cern.ch&noUDP&sock=schedd_4961_696e>
...
000 (10252907.7541.000) 07/24 16:17:37 Job submitted from host: <188.185.114.121:9618?addrs=188.185.114.121-9618+[2001-1458-d00-a--100-273]-9618&alias=bigbird19.cern.ch&noUDP&sock=schedd_4961_696e>
...
000 (10252908.7541.000) 07/24 16:18:10 Job submitted from host: <188.185.114.121:9618?addrs=188.185.114.121-9618+[2001-1458-d00-a--100-273]-9618&alias=bigbird19.cern.ch&noUDP&sock=schedd_4961_696e>
...
000 (10252909.7541.000) 07/24 16:18:47 Job submitted from host: <188.185.114.121:9618?addrs=188.185.114.121-9618+[2001-1458-d00-a--100-273]-9618&alias=bigbird19.cern.ch&noUDP&sock=schedd_4961_696e>
...
040 (10252906.7541.000) 07/24 17:39:51 Started transferring input files
	Transferring to host: <188.185.209.12:9618?addrs=188.185.209.12-9618+[2001-1458-303-11--100-9]-9618&alias=b9p11p3922.cern.ch&noUDP&sock=slot1_30_9942_c9cd_145396>
...
040 (10252906.7541.000) 07/24 17:39:51 Finished transferring input files
...
001 (10252906.7541.000) 07/24 17:39:52 Job executing on host: <188.185.209.12:9618?addrs=188.185.209.12-9618+[2001-1458-303-11--100-9]-9618&alias=b9p11p3922.cern.ch&noUDP&sock=startd_8580_beac>
	SlotName: slot1_30@b9p11p3922.cern.ch
	CondorScratchDir = "/pool/condor/dir_3728029"
	Cpus = 8
	Disk = 2799253
	Memory = 16000
...
006 (10252906.7541.000) 07/24 17:39:56 Image size of job updated: 165680
	11  -  MemoryUsage of job (MB)
	10644  -  ResidentSetSize of job (KB)
...
040 (10252906.7541.000) 07/24 17:39:56 Started transferring output files
...
040 (10252906.7541.000) 07/24 17:39:56 Finished transferring output files
...
005 (10252906.7541.000) 07/24 17:39:56 Job terminated.
	(1) Normal termination (return value 0)
		Usr 0 00:00:03, Sys 0 00:00:00  -  Run Remote Usage
		Usr 0 00:00:00, Sys 0 00:00:00  -  Run Local Usage
		Usr 0 00:00:03, Sys 0 00:00:00  -  Total Remote Usage
		Usr 0 00:00:00, Sys 0 00:00:00  -  Total Local Usage
	6201  -  Run Bytes Sent By Job
	409597  -  Run Bytes Received By Job
	6201  -  Total Bytes Sent By Job
	409597  -  Total Bytes Received By Job
	Partitionable Resources :    Usage  Request Allocated 
	   Cpus                 :        0        8         8 
	   Disk (KB)            :      428      425   2799253 
	   Memory (MB)          :       11    16000     16000 

	Job terminated of its own accord at 2024-07-24T15:39:56Z with exit-code 0.
...
040 (10252907.7541.000) 07/24 18:39:23 Started transferring input files
	Transferring to host: <188.185.208.222:9618?addrs=188.185.208.222-9618+[2001-1458-303-10--100-5b]-9618&alias=b9p10p1546.cern.ch&noUDP&sock=slot1_14_54917_be92_24842>
...
040 (10252907.7541.000) 07/24 18:39:23 Finished transferring input files
...
001 (10252907.7541.000) 07/24 18:39:24 Job executing on host: <188.185.208.222:9618?addrs=188.185.208.222-9618+[2001-1458-303-10--100-5b]-9618&alias=b9p10p1546.cern.ch&noUDP&sock=startd_54861_a94d>
	SlotName: slot1_14@b9p10p1546.cern.ch
	CondorScratchDir = "/pool/condor/dir_2358378"
	Cpus = 8
	Disk = 2678638
	Memory = 16000
...
006 (10252907.7541.000) 07/24 18:39:28 Image size of job updated: 158416
	8  -  MemoryUsage of job (MB)
	7456  -  ResidentSetSize of job (KB)
...
040 (10252907.7541.000) 07/24 18:39:29 Started transferring output files
...
040 (10252907.7541.000) 07/24 18:39:29 Finished transferring output files
...
005 (10252907.7541.000) 07/24 18:39:29 Job terminated.
	(1) Normal termination (return value 0)
		Usr 0 00:00:03, Sys 0 00:00:00  -  Run Remote Usage
		Usr 0 00:00:00, Sys 0 00:00:00  -  Run Local Usage
		Usr 0 00:00:03, Sys 0 00:00:00  -  Total Remote Usage
		Usr 0 00:00:00, Sys 0 00:00:00  -  Total Local Usage
	6204  -  Run Bytes Sent By Job
	409597  -  Run Bytes Received By Job
	6204  -  Total Bytes Sent By Job
	409597  -  Total Bytes Received By Job
	Partitionable Resources :    Usage  Request Allocated 
	   Cpus                 :        0        8         8 
	   Disk (KB)            :      428      425   2678638 
	   Memory (MB)          :        8    16000     16000 

	Job terminated of its own accord at 2024-07-24T16:39:28Z with exit-code 0.
...
040 (10252908.7541.000) 07/24 19:44:51 Started transferring input files
	Transferring to host: <188.185.204.235:9618?addrs=188.185.204.235-9618+[2001-1458-303-8--100-68]-9618&alias=b9p02p6705.cern.ch&noUDP&sock=slot1_10_7031_b9b7_83519>
...
040 (10252908.7541.000) 07/24 19:44:51 Finished transferring input files
...
001 (10252908.7541.000) 07/24 19:44:52 Job executing on host: <188.185.204.235:9618?addrs=188.185.204.235-9618+[2001-1458-303-8--100-68]-9618&alias=b9p02p6705.cern.ch&noUDP&sock=startd_5676_d7a5>
	SlotName: slot1_10@b9p02p6705.cern.ch
	CondorScratchDir = "/pool/condor/dir_1808833"
	Cpus = 8
	Disk = 2822846
	Memory = 16000
...
006 (10252908.7541.000) 07/24 19:44:58 Image size of job updated: 160132
	8  -  MemoryUsage of job (MB)
	7536  -  ResidentSetSize of job (KB)
...
040 (10252908.7541.000) 07/24 19:44:58 Started transferring output files
...
040 (10252908.7541.000) 07/24 19:44:58 Finished transferring output files
...
005 (10252908.7541.000) 07/24 19:44:58 Job terminated.
	(1) Normal termination (return value 0)
		Usr 0 00:00:05, Sys 0 00:00:00  -  Run Remote Usage
		Usr 0 00:00:00, Sys 0 00:00:00  -  Run Local Usage
		Usr 0 00:00:05, Sys 0 00:00:00  -  Total Remote Usage
		Usr 0 00:00:00, Sys 0 00:00:00  -  Total Local Usage
	6201  -  Run Bytes Sent By Job
	409597  -  Run Bytes Received By Job
	6201  -  Total Bytes Sent By Job
	409597  -  Total Bytes Received By Job
	Partitionable Resources :    Usage  Request Allocated 
	   Cpus                 :        0        8         8 
	   Disk (KB)            :      427      425   2822846 
	   Memory (MB)          :        8    16000     16000 

	Job terminated of its own accord at 2024-07-24T17:44:58Z with exit-code 0.
...
040 (10252909.7541.000) 07/24 20:38:32 Started transferring input files
	Transferring to host: <188.185.209.35:9618?addrs=188.185.209.35-9618+[2001-1458-303-11--100-20]-9618&alias=b9p11p8066.cern.ch&noUDP&sock=slot1_8_4904_0fc0_144132>
...
040 (10252909.7541.000) 07/24 20:38:32 Finished transferring input files
...
001 (10252909.7541.000) 07/24 20:38:33 Job executing on host: <188.185.209.35:9618?addrs=188.185.209.35-9618+[2001-1458-303-11--100-20]-9618&alias=b9p11p8066.cern.ch&noUDP&sock=startd_4188_32b8>
	SlotName: slot1_8@b9p11p8066.cern.ch
	CondorScratchDir = "/pool/condor/dir_1852752"
	Cpus = 8
	Disk = 2703850
	Memory = 16000
...
006 (10252909.7541.000) 07/24 20:38:37 Image size of job updated: 157724
	8  -  MemoryUsage of job (MB)
	7216  -  ResidentSetSize of job (KB)
...
040 (10252909.7541.000) 07/24 20:38:37 Started transferring output files
...
040 (10252909.7541.000) 07/24 20:38:37 Finished transferring output files
...
005 (10252909.7541.000) 07/24 20:38:37 Job terminated.
	(1) Normal termination (return value 0)
		Usr 0 00:00:03, Sys 0 00:00:00  -  Run Remote Usage
		Usr 0 00:00:00, Sys 0 00:00:00  -  Run Local Usage
		Usr 0 00:00:03, Sys 0 00:00:00  -  Total Remote Usage
		Usr 0 00:00:00, Sys 0 00:00:00  -  Total Local Usage
	6201  -  Run Bytes Sent By Job
	409597  -  Run Bytes Received By Job
	6201  -  Total Bytes Sent By Job
	409597  -  Total Bytes Received By Job
	Partitionable Resources :    Usage  Request Allocated 
	   Cpus                 :        0        8         8 
	   Disk (KB)            :      427      425   2703850 
	   Memory (MB)          :        8    16000     16000 

	Job terminated of its own accord at 2024-07-24T18:38:37Z with exit-code 0.
...
000 (10261715.7541.000) 07/25 13:04:12 Job submitted from host: <188.185.114.121:9618?addrs=188.185.114.121-9618+[2001-1458-d00-a--100-273]-9618&alias=bigbird19.cern.ch&noUDP&sock=schedd_4961_696e>
...
009 (10261715.7541.000) 07/25 13:07:22 Job was aborted.
	via condor_rm (by user yelberke)
...
000 (10261767.7541.000) 07/25 13:21:01 Job submitted from host: <188.185.114.121:9618?addrs=188.185.114.121-9618+[2001-1458-d00-a--100-273]-9618&alias=bigbird19.cern.ch&noUDP&sock=schedd_4961_696e>
...
040 (10261767.7541.000) 07/25 15:10:00 Started transferring input files
	Transferring to host: <188.185.204.198:9618?addrs=188.185.204.198-9618+[2001-1458-303-8--100-ba]-9618&alias=b9p02p4655.cern.ch&noUDP&sock=slot1_11_9155_468d_31882>
...
040 (10261767.7541.000) 07/25 15:10:00 Finished transferring input files
...
001 (10261767.7541.000) 07/25 15:10:01 Job executing on host: <188.185.204.198:9618?addrs=188.185.204.198-9618+[2001-1458-303-8--100-ba]-9618&alias=b9p02p4655.cern.ch&noUDP&sock=startd_8132_743e>
	SlotName: slot1_11@b9p02p4655.cern.ch
	CondorScratchDir = "/pool/condor/dir_388885"
	Cpus = 12
	Disk = 2732428
	Memory = 24000
...
006 (10261767.7541.000) 07/25 15:10:06 Image size of job updated: 161272
	8  -  MemoryUsage of job (MB)
	7184  -  ResidentSetSize of job (KB)
...
040 (10261767.7541.000) 07/25 15:10:06 Started transferring output files
...
040 (10261767.7541.000) 07/25 15:10:06 Finished transferring output files
...
005 (10261767.7541.000) 07/25 15:10:06 Job terminated.
	(1) Normal termination (return value 0)
		Usr 0 00:00:03, Sys 0 00:00:00  -  Run Remote Usage
		Usr 0 00:00:00, Sys 0 00:00:00  -  Run Local Usage
		Usr 0 00:00:03, Sys 0 00:00:00  -  Total Remote Usage
		Usr 0 00:00:00, Sys 0 00:00:00  -  Total Local Usage
	6673  -  Run Bytes Sent By Job
	409597  -  Run Bytes Received By Job
	6673  -  Total Bytes Sent By Job
	409597  -  Total Bytes Received By Job
	Partitionable Resources :    Usage  Request Allocated 
	   Cpus                 :        0       12        12 
	   Disk (KB)            :      428      425   2732428 
	   Memory (MB)          :        8    24000     24000 

	Job terminated of its own accord at 2024-07-25T13:10:06Z with exit-code 0.
...
000 (10284266.7541.000) 08/02 15:48:03 Job submitted from host: <188.185.114.121:9618?addrs=188.185.114.121-9618+[2001-1458-d00-a--100-273]-9618&alias=bigbird19.cern.ch&noUDP&sock=schedd_4961_696e>
...
000 (10284267.7541.000) 08/02 15:50:20 Job submitted from host: <188.185.114.121:9618?addrs=188.185.114.121-9618+[2001-1458-d00-a--100-273]-9618&alias=bigbird19.cern.ch&noUDP&sock=schedd_4961_696e>
...
009 (10284266.7541.000) 08/02 15:50:47 Job was aborted.
	via condor_rm (by user yelberke)
...
040 (10284267.7541.000) 08/02 17:23:52 Started transferring input files
	Transferring to host: <188.185.193.86:9618?addrs=188.185.193.86-9618+[2001-1458-303-20--100-52]-9618&alias=b9p19p6792.cern.ch&noUDP&sock=slot1_5_1673043_e4db_254>
...
040 (10284267.7541.000) 08/02 17:23:52 Finished transferring input files
...
001 (10284267.7541.000) 08/02 17:23:53 Job executing on host: <188.185.193.86:9618?addrs=188.185.193.86-9618+[2001-1458-303-20--100-52]-9618&alias=b9p19p6792.cern.ch&noUDP&sock=startd_128448_38fe>
	SlotName: slot1_5@b9p19p6792.cern.ch
	CondorScratchDir = "/pool/condor/dir_1866485"
	Cpus = 12
	Disk = 2997911
	Memory = 24000
...
006 (10284267.7541.000) 08/02 17:24:01 Image size of job updated: 1
	0  -  MemoryUsage of job (MB)
	0  -  ResidentSetSize of job (KB)
...
006 (10284267.7541.000) 08/02 17:24:20 Image size of job updated: 317148
	3  -  MemoryUsage of job (MB)
	2144  -  ResidentSetSize of job (KB)
...
040 (10284267.7541.000) 08/02 17:24:20 Started transferring output files
...
040 (10284267.7541.000) 08/02 17:24:20 Finished transferring output files
...
005 (10284267.7541.000) 08/02 17:24:20 Job terminated.
	(1) Normal termination (return value 139)
		Usr 0 00:00:02, Sys 0 00:00:00  -  Run Remote Usage
		Usr 0 00:00:00, Sys 0 00:00:00  -  Run Local Usage
		Usr 0 00:00:02, Sys 0 00:00:00  -  Total Remote Usage
		Usr 0 00:00:00, Sys 0 00:00:00  -  Total Local Usage
	7696  -  Run Bytes Sent By Job
	409597  -  Run Bytes Received By Job
	7696  -  Total Bytes Sent By Job
	409597  -  Total Bytes Received By Job
	Partitionable Resources :    Usage  Request Allocated 
	   Cpus                 :        0       12        12 
	   Disk (KB)            :      429      425   2997911 
	   Memory (MB)          :        3    24000     24000 

	Job terminated of its own accord at 2024-08-02T15:24:20Z with exit-code 139.
...
