000 (10252905.7546.000) 07/24 16:13:26 Job submitted from host: <188.185.114.121:9618?addrs=188.185.114.121-9618+[2001-1458-d00-a--100-273]-9618&alias=bigbird19.cern.ch&noUDP&sock=schedd_4961_696e>
...
009 (10252905.7546.000) 07/24 16:14:55 Job was aborted.
	via condor_rm (by user yelberke)
...
000 (10252906.7546.000) 07/24 16:15:43 Job submitted from host: <188.185.114.121:9618?addrs=188.185.114.121-9618+[2001-1458-d00-a--100-273]-9618&alias=bigbird19.cern.ch&noUDP&sock=schedd_4961_696e>
...
000 (10252907.7546.000) 07/24 16:17:37 Job submitted from host: <188.185.114.121:9618?addrs=188.185.114.121-9618+[2001-1458-d00-a--100-273]-9618&alias=bigbird19.cern.ch&noUDP&sock=schedd_4961_696e>
...
000 (10252908.7546.000) 07/24 16:18:10 Job submitted from host: <188.185.114.121:9618?addrs=188.185.114.121-9618+[2001-1458-d00-a--100-273]-9618&alias=bigbird19.cern.ch&noUDP&sock=schedd_4961_696e>
...
000 (10252909.7546.000) 07/24 16:18:47 Job submitted from host: <188.185.114.121:9618?addrs=188.185.114.121-9618+[2001-1458-d00-a--100-273]-9618&alias=bigbird19.cern.ch&noUDP&sock=schedd_4961_696e>
...
040 (10252906.7546.000) 07/24 17:39:52 Started transferring input files
	Transferring to host: <188.185.208.224:9618?addrs=188.185.208.224-9618+[2001-1458-303-10--100-5d]-9618&alias=b9p10p9455.cern.ch&noUDP&sock=slot1_2_5453_e1b7_144547>
...
040 (10252906.7546.000) 07/24 17:39:52 Finished transferring input files
...
001 (10252906.7546.000) 07/24 17:39:53 Job executing on host: <188.185.208.224:9618?addrs=188.185.208.224-9618+[2001-1458-303-10--100-5d]-9618&alias=b9p10p9455.cern.ch&noUDP&sock=startd_4478_1d2f>
	SlotName: slot1_2@b9p10p9455.cern.ch
	CondorScratchDir = "/pool/condor/dir_3797214"
	Cpus = 8
	Disk = 2845947
	Memory = 16000
...
006 (10252906.7546.000) 07/24 17:39:57 Image size of job updated: 161100
	9  -  MemoryUsage of job (MB)
	8280  -  ResidentSetSize of job (KB)
...
040 (10252906.7546.000) 07/24 17:39:57 Started transferring output files
...
040 (10252906.7546.000) 07/24 17:39:57 Finished transferring output files
...
005 (10252906.7546.000) 07/24 17:39:57 Job terminated.
	(1) Normal termination (return value 0)
		Usr 0 00:00:03, Sys 0 00:00:00  -  Run Remote Usage
		Usr 0 00:00:00, Sys 0 00:00:00  -  Run Local Usage
		Usr 0 00:00:03, Sys 0 00:00:00  -  Total Remote Usage
		Usr 0 00:00:00, Sys 0 00:00:00  -  Total Local Usage
	6201  -  Run Bytes Sent By Job
	409597  -  Run Bytes Received By Job
	6201  -  Total Bytes Sent By Job
	409597  -  Total Bytes Received By Job
	Partitionable Resources :    Usage  Request Allocated 
	   Cpus                 :        0        8         8 
	   Disk (KB)            :      428      425   2845947 
	   Memory (MB)          :        9    16000     16000 

	Job terminated of its own accord at 2024-07-24T15:39:57Z with exit-code 0.
...
040 (10252907.7546.000) 07/24 18:39:26 Started transferring input files
	Transferring to host: <188.185.207.161:9618?addrs=188.185.207.161-9618+[2001-1458-303-e--100-1e]-9618&alias=b9p08p3056.cern.ch&noUDP&sock=slot1_7_5540_2e5a_143981>
...
040 (10252907.7546.000) 07/24 18:39:26 Finished transferring input files
...
001 (10252907.7546.000) 07/24 18:39:27 Job executing on host: <188.185.207.161:9618?addrs=188.185.207.161-9618+[2001-1458-303-e--100-1e]-9618&alias=b9p08p3056.cern.ch&noUDP&sock=startd_4534_867d>
	SlotName: slot1_7@b9p08p3056.cern.ch
	CondorScratchDir = "/pool/condor/dir_1224577"
	Cpus = 8
	Disk = 2695596
	Memory = 16000
...
006 (10252907.7546.000) 07/24 18:39:31 Image size of job updated: 157528
	8  -  MemoryUsage of job (MB)
	7284  -  ResidentSetSize of job (KB)
...
040 (10252907.7546.000) 07/24 18:39:31 Started transferring output files
...
040 (10252907.7546.000) 07/24 18:39:31 Finished transferring output files
...
005 (10252907.7546.000) 07/24 18:39:32 Job terminated.
	(1) Normal termination (return value 0)
		Usr 0 00:00:03, Sys 0 00:00:00  -  Run Remote Usage
		Usr 0 00:00:00, Sys 0 00:00:00  -  Run Local Usage
		Usr 0 00:00:03, Sys 0 00:00:00  -  Total Remote Usage
		Usr 0 00:00:00, Sys 0 00:00:00  -  Total Local Usage
	6204  -  Run Bytes Sent By Job
	409597  -  Run Bytes Received By Job
	6204  -  Total Bytes Sent By Job
	409597  -  Total Bytes Received By Job
	Partitionable Resources :    Usage  Request Allocated 
	   Cpus                 :        0        8         8 
	   Disk (KB)            :      428      425   2695596 
	   Memory (MB)          :        8    16000     16000 

	Job terminated of its own accord at 2024-07-24T16:39:31Z with exit-code 0.
...
040 (10252908.7546.000) 07/24 19:44:53 Started transferring input files
	Transferring to host: <188.185.205.227:9618?addrs=188.185.205.227-9618+[2001-1458-303-a--100-60]-9618&alias=b9p04p8306.cern.ch&noUDP&sock=slot1_5_3880_8f97_154913>
...
040 (10252908.7546.000) 07/24 19:44:53 Finished transferring input files
...
001 (10252908.7546.000) 07/24 19:44:54 Job executing on host: <188.185.205.227:9618?addrs=188.185.205.227-9618+[2001-1458-303-a--100-60]-9618&alias=b9p04p8306.cern.ch&noUDP&sock=startd_3772_db52>
	SlotName: slot1_5@b9p04p8306.cern.ch
	CondorScratchDir = "/pool/condor/dir_1889720"
	Cpus = 8
	Disk = 2782261
	Memory = 16000
...
006 (10252908.7546.000) 07/24 19:45:01 Image size of job updated: 157720
	7  -  MemoryUsage of job (MB)
	6884  -  ResidentSetSize of job (KB)
...
040 (10252908.7546.000) 07/24 19:45:01 Started transferring output files
...
040 (10252908.7546.000) 07/24 19:45:01 Finished transferring output files
...
005 (10252908.7546.000) 07/24 19:45:01 Job terminated.
	(1) Normal termination (return value 0)
		Usr 0 00:00:05, Sys 0 00:00:00  -  Run Remote Usage
		Usr 0 00:00:00, Sys 0 00:00:00  -  Run Local Usage
		Usr 0 00:00:05, Sys 0 00:00:00  -  Total Remote Usage
		Usr 0 00:00:00, Sys 0 00:00:00  -  Total Local Usage
	6201  -  Run Bytes Sent By Job
	409597  -  Run Bytes Received By Job
	6201  -  Total Bytes Sent By Job
	409597  -  Total Bytes Received By Job
	Partitionable Resources :    Usage  Request Allocated 
	   Cpus                 :        0        8         8 
	   Disk (KB)            :      428      425   2782261 
	   Memory (MB)          :        7    16000     16000 

	Job terminated of its own accord at 2024-07-24T17:45:01Z with exit-code 0.
...
040 (10252909.7546.000) 07/24 20:38:33 Started transferring input files
	Transferring to host: <188.185.207.15:9618?addrs=188.185.207.15-9618+[2001-1458-303-d--100-c]-9618&alias=b9p07p1846.cern.ch&noUDP&sock=slot1_4_4594_a374_147764>
...
040 (10252909.7546.000) 07/24 20:38:33 Finished transferring input files
...
001 (10252909.7546.000) 07/24 20:38:34 Job executing on host: <188.185.207.15:9618?addrs=188.185.207.15-9618+[2001-1458-303-d--100-c]-9618&alias=b9p07p1846.cern.ch&noUDP&sock=startd_3880_ef8d>
	SlotName: slot1_4@b9p07p1846.cern.ch
	CondorScratchDir = "/pool/condor/dir_106456"
	Cpus = 8
	Disk = 2993208
	Memory = 16000
...
006 (10252909.7546.000) 07/24 20:38:38 Image size of job updated: 157004
	7  -  MemoryUsage of job (MB)
	7044  -  ResidentSetSize of job (KB)
...
040 (10252909.7546.000) 07/24 20:38:38 Started transferring output files
...
040 (10252909.7546.000) 07/24 20:38:38 Finished transferring output files
...
005 (10252909.7546.000) 07/24 20:38:38 Job terminated.
	(1) Normal termination (return value 0)
		Usr 0 00:00:03, Sys 0 00:00:00  -  Run Remote Usage
		Usr 0 00:00:00, Sys 0 00:00:00  -  Run Local Usage
		Usr 0 00:00:03, Sys 0 00:00:00  -  Total Remote Usage
		Usr 0 00:00:00, Sys 0 00:00:00  -  Total Local Usage
	6201  -  Run Bytes Sent By Job
	409597  -  Run Bytes Received By Job
	6201  -  Total Bytes Sent By Job
	409597  -  Total Bytes Received By Job
	Partitionable Resources :    Usage  Request Allocated 
	   Cpus                 :        0        8         8 
	   Disk (KB)            :      427      425   2993208 
	   Memory (MB)          :        7    16000     16000 

	Job terminated of its own accord at 2024-07-24T18:38:38Z with exit-code 0.
...
000 (10261715.7546.000) 07/25 13:04:12 Job submitted from host: <188.185.114.121:9618?addrs=188.185.114.121-9618+[2001-1458-d00-a--100-273]-9618&alias=bigbird19.cern.ch&noUDP&sock=schedd_4961_696e>
...
009 (10261715.7546.000) 07/25 13:07:22 Job was aborted.
	via condor_rm (by user yelberke)
...
000 (10261767.7546.000) 07/25 13:21:01 Job submitted from host: <188.185.114.121:9618?addrs=188.185.114.121-9618+[2001-1458-d00-a--100-273]-9618&alias=bigbird19.cern.ch&noUDP&sock=schedd_4961_696e>
...
040 (10261767.7546.000) 07/25 15:10:19 Started transferring input files
	Transferring to host: <188.185.206.146:9618?addrs=188.185.206.146-9618+[2001-1458-303-c--100-f]-9618&alias=b9p06p2855.cern.ch&noUDP&sock=slot1_10_7633_e38f_52805>
...
040 (10261767.7546.000) 07/25 15:10:19 Finished transferring input files
...
001 (10261767.7546.000) 07/25 15:10:20 Job executing on host: <188.185.206.146:9618?addrs=188.185.206.146-9618+[2001-1458-303-c--100-f]-9618&alias=b9p06p2855.cern.ch&noUDP&sock=startd_6565_9f57>
	SlotName: slot1_10@b9p06p2855.cern.ch
	CondorScratchDir = "/pool/condor/dir_2816678"
	Cpus = 12
	Disk = 2922643
	Memory = 24000
...
006 (10261767.7546.000) 07/25 15:10:25 Image size of job updated: 160016
	7  -  MemoryUsage of job (MB)
	6312  -  ResidentSetSize of job (KB)
...
040 (10261767.7546.000) 07/25 15:10:25 Started transferring output files
...
040 (10261767.7546.000) 07/25 15:10:25 Finished transferring output files
...
005 (10261767.7546.000) 07/25 15:10:25 Job terminated.
	(1) Normal termination (return value 0)
		Usr 0 00:00:03, Sys 0 00:00:00  -  Run Remote Usage
		Usr 0 00:00:00, Sys 0 00:00:00  -  Run Local Usage
		Usr 0 00:00:03, Sys 0 00:00:00  -  Total Remote Usage
		Usr 0 00:00:00, Sys 0 00:00:00  -  Total Local Usage
	6673  -  Run Bytes Sent By Job
	409597  -  Run Bytes Received By Job
	6673  -  Total Bytes Sent By Job
	409597  -  Total Bytes Received By Job
	Partitionable Resources :    Usage  Request Allocated 
	   Cpus                 :        0       12        12 
	   Disk (KB)            :      427      425   2922643 
	   Memory (MB)          :        7    24000     24000 

	Job terminated of its own accord at 2024-07-25T13:10:25Z with exit-code 0.
...
000 (10284266.7546.000) 08/02 15:48:04 Job submitted from host: <188.185.114.121:9618?addrs=188.185.114.121-9618+[2001-1458-d00-a--100-273]-9618&alias=bigbird19.cern.ch&noUDP&sock=schedd_4961_696e>
...
000 (10284267.7546.000) 08/02 15:50:20 Job submitted from host: <188.185.114.121:9618?addrs=188.185.114.121-9618+[2001-1458-d00-a--100-273]-9618&alias=bigbird19.cern.ch&noUDP&sock=schedd_4961_696e>
...
009 (10284266.7546.000) 08/02 15:50:47 Job was aborted.
	via condor_rm (by user yelberke)
...
040 (10284267.7546.000) 08/02 17:23:54 Started transferring input files
	Transferring to host: <188.185.192.69:9618?addrs=188.185.192.69-9618+[2001-1458-303-1f--100-41]-9618&alias=b9p13p8505.cern.ch&noUDP&sock=slot1_28_1900559_7f7f_265>
...
040 (10284267.7546.000) 08/02 17:23:54 Finished transferring input files
...
001 (10284267.7546.000) 08/02 17:23:55 Job executing on host: <188.185.192.69:9618?addrs=188.185.192.69-9618+[2001-1458-303-1f--100-41]-9618&alias=b9p13p8505.cern.ch&noUDP&sock=startd_11113_2c11>
	SlotName: slot1_28@b9p13p8505.cern.ch
	CondorScratchDir = "/pool/condor/dir_2100260"
	Cpus = 12
	Disk = 2408423
	Memory = 24000
...
006 (10284267.7546.000) 08/02 17:24:04 Image size of job updated: 1
	0  -  MemoryUsage of job (MB)
	0  -  ResidentSetSize of job (KB)
...
006 (10284267.7546.000) 08/02 17:24:23 Image size of job updated: 317448
	3  -  MemoryUsage of job (MB)
	2856  -  ResidentSetSize of job (KB)
...
040 (10284267.7546.000) 08/02 17:24:24 Started transferring output files
...
040 (10284267.7546.000) 08/02 17:24:24 Finished transferring output files
...
005 (10284267.7546.000) 08/02 17:24:25 Job terminated.
	(1) Normal termination (return value 139)
		Usr 0 00:00:03, Sys 0 00:00:00  -  Run Remote Usage
		Usr 0 00:00:00, Sys 0 00:00:00  -  Run Local Usage
		Usr 0 00:00:03, Sys 0 00:00:00  -  Total Remote Usage
		Usr 0 00:00:00, Sys 0 00:00:00  -  Total Local Usage
	7696  -  Run Bytes Sent By Job
	409597  -  Run Bytes Received By Job
	7696  -  Total Bytes Sent By Job
	409597  -  Total Bytes Received By Job
	Partitionable Resources :    Usage  Request Allocated 
	   Cpus                 :        0       12        12 
	   Disk (KB)            :      429      425   2408423 
	   Memory (MB)          :        3    24000     24000 

	Job terminated of its own accord at 2024-08-02T15:24:23Z with exit-code 139.
...
