000 (10252905.7564.000) 07/24 16:13:26 Job submitted from host: <188.185.114.121:9618?addrs=188.185.114.121-9618+[2001-1458-d00-a--100-273]-9618&alias=bigbird19.cern.ch&noUDP&sock=schedd_4961_696e>
...
009 (10252905.7564.000) 07/24 16:14:55 Job was aborted.
	via condor_rm (by user yelberke)
...
000 (10252906.7564.000) 07/24 16:15:43 Job submitted from host: <188.185.114.121:9618?addrs=188.185.114.121-9618+[2001-1458-d00-a--100-273]-9618&alias=bigbird19.cern.ch&noUDP&sock=schedd_4961_696e>
...
000 (10252907.7564.000) 07/24 16:17:37 Job submitted from host: <188.185.114.121:9618?addrs=188.185.114.121-9618+[2001-1458-d00-a--100-273]-9618&alias=bigbird19.cern.ch&noUDP&sock=schedd_4961_696e>
...
000 (10252908.7564.000) 07/24 16:18:10 Job submitted from host: <188.185.114.121:9618?addrs=188.185.114.121-9618+[2001-1458-d00-a--100-273]-9618&alias=bigbird19.cern.ch&noUDP&sock=schedd_4961_696e>
...
000 (10252909.7564.000) 07/24 16:18:47 Job submitted from host: <188.185.114.121:9618?addrs=188.185.114.121-9618+[2001-1458-d00-a--100-273]-9618&alias=bigbird19.cern.ch&noUDP&sock=schedd_4961_696e>
...
040 (10252906.7564.000) 07/24 17:39:57 Started transferring input files
	Transferring to host: <188.185.209.58:9618?addrs=188.185.209.58-9618+[2001-1458-303-11--100-37]-9618&alias=b9p11p4911.cern.ch&noUDP&sock=slot1_6_14286_877e_24552>
...
040 (10252906.7564.000) 07/24 17:39:57 Finished transferring input files
...
001 (10252906.7564.000) 07/24 17:39:58 Job executing on host: <188.185.209.58:9618?addrs=188.185.209.58-9618+[2001-1458-303-11--100-37]-9618&alias=b9p11p4911.cern.ch&noUDP&sock=startd_13248_9ac4>
	SlotName: slot1_6@b9p11p4911.cern.ch
	CondorScratchDir = "/pool/condor/dir_1259664"
	Cpus = 8
	Disk = 2946247
	Memory = 16000
...
006 (10252906.7564.000) 07/24 17:40:02 Image size of job updated: 158388
	8  -  MemoryUsage of job (MB)
	7660  -  ResidentSetSize of job (KB)
...
040 (10252906.7564.000) 07/24 17:40:02 Started transferring output files
...
040 (10252906.7564.000) 07/24 17:40:02 Finished transferring output files
...
005 (10252906.7564.000) 07/24 17:40:02 Job terminated.
	(1) Normal termination (return value 0)
		Usr 0 00:00:03, Sys 0 00:00:00  -  Run Remote Usage
		Usr 0 00:00:00, Sys 0 00:00:00  -  Run Local Usage
		Usr 0 00:00:03, Sys 0 00:00:00  -  Total Remote Usage
		Usr 0 00:00:00, Sys 0 00:00:00  -  Total Local Usage
	6201  -  Run Bytes Sent By Job
	409597  -  Run Bytes Received By Job
	6201  -  Total Bytes Sent By Job
	409597  -  Total Bytes Received By Job
	Partitionable Resources :    Usage  Request Allocated 
	   Cpus                 :        0        8         8 
	   Disk (KB)            :      428      425   2946247 
	   Memory (MB)          :        8    16000     16000 

	Job terminated of its own accord at 2024-07-24T15:40:02Z with exit-code 0.
...
040 (10252907.7564.000) 07/24 18:39:32 Started transferring input files
	Transferring to host: <188.185.206.144:9618?addrs=188.185.206.144-9618+[2001-1458-303-c--100-d]-9618&alias=b9p06p3799.cern.ch&noUDP&sock=slot1_16_6852_9a90_153529>
...
040 (10252907.7564.000) 07/24 18:39:32 Finished transferring input files
...
001 (10252907.7564.000) 07/24 18:39:33 Job executing on host: <188.185.206.144:9618?addrs=188.185.206.144-9618+[2001-1458-303-c--100-d]-9618&alias=b9p06p3799.cern.ch&noUDP&sock=startd_6393_a50c>
	SlotName: slot1_16@b9p06p3799.cern.ch
	CondorScratchDir = "/pool/condor/dir_126850"
	Cpus = 8
	Disk = 2924038
	Memory = 16000
...
006 (10252907.7564.000) 07/24 18:39:37 Image size of job updated: 164132
	10  -  MemoryUsage of job (MB)
	9664  -  ResidentSetSize of job (KB)
...
040 (10252907.7564.000) 07/24 18:39:37 Started transferring output files
...
040 (10252907.7564.000) 07/24 18:39:37 Finished transferring output files
...
005 (10252907.7564.000) 07/24 18:39:37 Job terminated.
	(1) Normal termination (return value 0)
		Usr 0 00:00:03, Sys 0 00:00:00  -  Run Remote Usage
		Usr 0 00:00:00, Sys 0 00:00:00  -  Run Local Usage
		Usr 0 00:00:03, Sys 0 00:00:00  -  Total Remote Usage
		Usr 0 00:00:00, Sys 0 00:00:00  -  Total Local Usage
	6204  -  Run Bytes Sent By Job
	409597  -  Run Bytes Received By Job
	6204  -  Total Bytes Sent By Job
	409597  -  Total Bytes Received By Job
	Partitionable Resources :    Usage  Request Allocated 
	   Cpus                 :        0        8         8 
	   Disk (KB)            :      428      425   2924038 
	   Memory (MB)          :       10    16000     16000 

	Job terminated of its own accord at 2024-07-24T16:39:37Z with exit-code 0.
...
040 (10252908.7564.000) 07/24 19:44:59 Started transferring input files
	Transferring to host: <188.185.205.39:9618?addrs=188.185.205.39-9618+[2001-1458-303-9--100-9b]-9618&alias=b9p03p7515.cern.ch&noUDP&sock=slot1_3_6969_0a74_155223>
...
040 (10252908.7564.000) 07/24 19:44:59 Finished transferring input files
...
001 (10252908.7564.000) 07/24 19:45:00 Job executing on host: <188.185.205.39:9618?addrs=188.185.205.39-9618+[2001-1458-303-9--100-9b]-9618&alias=b9p03p7515.cern.ch&noUDP&sock=startd_6864_b628>
	SlotName: slot1_3@b9p03p7515.cern.ch
	CondorScratchDir = "/pool/condor/dir_574716"
	Cpus = 8
	Disk = 2729621
	Memory = 16000
...
006 (10252908.7564.000) 07/24 19:45:05 Image size of job updated: 161984
	9  -  MemoryUsage of job (MB)
	8992  -  ResidentSetSize of job (KB)
...
040 (10252908.7564.000) 07/24 19:45:05 Started transferring output files
...
040 (10252908.7564.000) 07/24 19:45:05 Finished transferring output files
...
005 (10252908.7564.000) 07/24 19:45:05 Job terminated.
	(1) Normal termination (return value 0)
		Usr 0 00:00:03, Sys 0 00:00:00  -  Run Remote Usage
		Usr 0 00:00:00, Sys 0 00:00:00  -  Run Local Usage
		Usr 0 00:00:03, Sys 0 00:00:00  -  Total Remote Usage
		Usr 0 00:00:00, Sys 0 00:00:00  -  Total Local Usage
	6201  -  Run Bytes Sent By Job
	409597  -  Run Bytes Received By Job
	6201  -  Total Bytes Sent By Job
	409597  -  Total Bytes Received By Job
	Partitionable Resources :    Usage  Request Allocated 
	   Cpus                 :     0.06        8         8 
	   Disk (KB)            :   427         425   2729621 
	   Memory (MB)          :     9       16000     16000 

	Job terminated of its own accord at 2024-07-24T17:45:05Z with exit-code 0.
...
040 (10252909.7564.000) 07/24 20:38:39 Started transferring input files
	Transferring to host: <188.185.194.78:9618?addrs=188.185.194.78-9618+[2001-1458-303-21--100-4a]-9618&alias=b9p20p2397.cern.ch&noUDP&sock=slot1_11_110262_4dbd_3685>
...
040 (10252909.7564.000) 07/24 20:38:39 Finished transferring input files
...
001 (10252909.7564.000) 07/24 20:38:40 Job executing on host: <188.185.194.78:9618?addrs=188.185.194.78-9618+[2001-1458-303-21--100-4a]-9618&alias=b9p20p2397.cern.ch&noUDP&sock=startd_177690_238c>
	SlotName: slot1_11@b9p20p2397.cern.ch
	CondorScratchDir = "/pool/condor/dir_3763306"
	Cpus = 8
	Disk = 2924901
	Memory = 16000
...
006 (10252909.7564.000) 07/24 20:38:46 Image size of job updated: 157036
	7  -  MemoryUsage of job (MB)
	6344  -  ResidentSetSize of job (KB)
...
040 (10252909.7564.000) 07/24 20:38:46 Started transferring output files
...
040 (10252909.7564.000) 07/24 20:38:46 Finished transferring output files
...
005 (10252909.7564.000) 07/24 20:38:46 Job terminated.
	(1) Normal termination (return value 0)
		Usr 0 00:00:05, Sys 0 00:00:00  -  Run Remote Usage
		Usr 0 00:00:00, Sys 0 00:00:00  -  Run Local Usage
		Usr 0 00:00:05, Sys 0 00:00:00  -  Total Remote Usage
		Usr 0 00:00:00, Sys 0 00:00:00  -  Total Local Usage
	6201  -  Run Bytes Sent By Job
	409597  -  Run Bytes Received By Job
	6201  -  Total Bytes Sent By Job
	409597  -  Total Bytes Received By Job
	Partitionable Resources :    Usage  Request Allocated 
	   Cpus                 :        0        8         8 
	   Disk (KB)            :      427      425   2924901 
	   Memory (MB)          :        7    16000     16000 

	Job terminated of its own accord at 2024-07-24T18:38:46Z with exit-code 0.
...
000 (10261715.7564.000) 07/25 13:04:12 Job submitted from host: <188.185.114.121:9618?addrs=188.185.114.121-9618+[2001-1458-d00-a--100-273]-9618&alias=bigbird19.cern.ch&noUDP&sock=schedd_4961_696e>
...
009 (10261715.7564.000) 07/25 13:07:22 Job was aborted.
	via condor_rm (by user yelberke)
...
000 (10261767.7564.000) 07/25 13:21:01 Job submitted from host: <188.185.114.121:9618?addrs=188.185.114.121-9618+[2001-1458-d00-a--100-273]-9618&alias=bigbird19.cern.ch&noUDP&sock=schedd_4961_696e>
...
040 (10261767.7564.000) 07/25 15:10:05 Started transferring input files
	Transferring to host: <188.185.204.176:9618?addrs=188.185.204.176-9618+[2001-1458-303-8--100-a4]-9618&alias=b9p02p2870.cern.ch&noUDP&sock=slot1_3_7028_9c97_158299>
...
040 (10261767.7564.000) 07/25 15:10:05 Finished transferring input files
...
001 (10261767.7564.000) 07/25 15:10:06 Job executing on host: <188.185.204.176:9618?addrs=188.185.204.176-9618+[2001-1458-303-8--100-a4]-9618&alias=b9p02p2870.cern.ch&noUDP&sock=startd_6868_7489>
	SlotName: slot1_3@b9p02p2870.cern.ch
	CondorScratchDir = "/pool/condor/dir_2900956"
	Cpus = 12
	Disk = 2709883
	Memory = 24000
...
006 (10261767.7564.000) 07/25 15:10:10 Image size of job updated: 164272
	9  -  MemoryUsage of job (MB)
	8440  -  ResidentSetSize of job (KB)
...
040 (10261767.7564.000) 07/25 15:10:10 Started transferring output files
...
040 (10261767.7564.000) 07/25 15:10:10 Finished transferring output files
...
005 (10261767.7564.000) 07/25 15:10:11 Job terminated.
	(1) Normal termination (return value 0)
		Usr 0 00:00:03, Sys 0 00:00:00  -  Run Remote Usage
		Usr 0 00:00:00, Sys 0 00:00:00  -  Run Local Usage
		Usr 0 00:00:03, Sys 0 00:00:00  -  Total Remote Usage
		Usr 0 00:00:00, Sys 0 00:00:00  -  Total Local Usage
	6673  -  Run Bytes Sent By Job
	409597  -  Run Bytes Received By Job
	6673  -  Total Bytes Sent By Job
	409597  -  Total Bytes Received By Job
	Partitionable Resources :    Usage  Request Allocated 
	   Cpus                 :        0       12        12 
	   Disk (KB)            :      428      425   2709883 
	   Memory (MB)          :        9    24000     24000 

	Job terminated of its own accord at 2024-07-25T13:10:10Z with exit-code 0.
...
000 (10284266.7564.000) 08/02 15:48:04 Job submitted from host: <188.185.114.121:9618?addrs=188.185.114.121-9618+[2001-1458-d00-a--100-273]-9618&alias=bigbird19.cern.ch&noUDP&sock=schedd_4961_696e>
...
000 (10284267.7564.000) 08/02 15:50:20 Job submitted from host: <188.185.114.121:9618?addrs=188.185.114.121-9618+[2001-1458-d00-a--100-273]-9618&alias=bigbird19.cern.ch&noUDP&sock=schedd_4961_696e>
...
009 (10284266.7564.000) 08/02 15:50:47 Job was aborted.
	via condor_rm (by user yelberke)
...
040 (10284267.7564.000) 08/02 17:24:00 Started transferring input files
	Transferring to host: <188.185.193.147:9618?addrs=188.185.193.147-9618+[2001-1458-303-20--100-8f]-9618&alias=b9p19p7061.cern.ch&noUDP&sock=slot1_28_3719920_e8de_298>
...
040 (10284267.7564.000) 08/02 17:24:00 Finished transferring input files
...
001 (10284267.7564.000) 08/02 17:24:01 Job executing on host: <188.185.193.147:9618?addrs=188.185.193.147-9618+[2001-1458-303-20--100-8f]-9618&alias=b9p19p7061.cern.ch&noUDP&sock=startd_174853_315d>
	SlotName: slot1_28@b9p19p7061.cern.ch
	CondorScratchDir = "/pool/condor/dir_4054491"
	Cpus = 12
	Disk = 2469025
	Memory = 24000
...
006 (10284267.7564.000) 08/02 17:24:04 Image size of job updated: 311852
	4  -  MemoryUsage of job (MB)
	3820  -  ResidentSetSize of job (KB)
...
040 (10284267.7564.000) 08/02 17:24:04 Started transferring output files
...
040 (10284267.7564.000) 08/02 17:24:04 Finished transferring output files
...
005 (10284267.7564.000) 08/02 17:24:04 Job terminated.
	(1) Normal termination (return value 139)
		Usr 0 00:00:03, Sys 0 00:00:00  -  Run Remote Usage
		Usr 0 00:00:00, Sys 0 00:00:00  -  Run Local Usage
		Usr 0 00:00:03, Sys 0 00:00:00  -  Total Remote Usage
		Usr 0 00:00:00, Sys 0 00:00:00  -  Total Local Usage
	7696  -  Run Bytes Sent By Job
	409597  -  Run Bytes Received By Job
	7696  -  Total Bytes Sent By Job
	409597  -  Total Bytes Received By Job
	Partitionable Resources :    Usage  Request Allocated 
	   Cpus                 :        0       12        12 
	   Disk (KB)            :      429      425   2469025 
	   Memory (MB)          :        4    24000     24000 

	Job terminated of its own accord at 2024-08-02T15:24:04Z with exit-code 139.
...
