000 (10252905.7598.000) 07/24 16:13:26 Job submitted from host: <188.185.114.121:9618?addrs=188.185.114.121-9618+[2001-1458-d00-a--100-273]-9618&alias=bigbird19.cern.ch&noUDP&sock=schedd_4961_696e>
...
009 (10252905.7598.000) 07/24 16:14:55 Job was aborted.
	via condor_rm (by user yelberke)
...
000 (10252906.7598.000) 07/24 16:15:43 Job submitted from host: <188.185.114.121:9618?addrs=188.185.114.121-9618+[2001-1458-d00-a--100-273]-9618&alias=bigbird19.cern.ch&noUDP&sock=schedd_4961_696e>
...
000 (10252907.7598.000) 07/24 16:17:37 Job submitted from host: <188.185.114.121:9618?addrs=188.185.114.121-9618+[2001-1458-d00-a--100-273]-9618&alias=bigbird19.cern.ch&noUDP&sock=schedd_4961_696e>
...
000 (10252908.7598.000) 07/24 16:18:10 Job submitted from host: <188.185.114.121:9618?addrs=188.185.114.121-9618+[2001-1458-d00-a--100-273]-9618&alias=bigbird19.cern.ch&noUDP&sock=schedd_4961_696e>
...
000 (10252909.7598.000) 07/24 16:18:47 Job submitted from host: <188.185.114.121:9618?addrs=188.185.114.121-9618+[2001-1458-d00-a--100-273]-9618&alias=bigbird19.cern.ch&noUDP&sock=schedd_4961_696e>
...
040 (10252906.7598.000) 07/24 17:40:44 Started transferring input files
	Transferring to host: <188.185.207.59:9618?addrs=188.185.207.59-9618+[2001-1458-303-d--100-38]-9618&alias=b9p07p9037.cern.ch&noUDP&sock=slot1_1_10084_d713_146338>
...
040 (10252906.7598.000) 07/24 17:40:44 Finished transferring input files
...
001 (10252906.7598.000) 07/24 17:40:45 Job executing on host: <188.185.207.59:9618?addrs=188.185.207.59-9618+[2001-1458-303-d--100-38]-9618&alias=b9p07p9037.cern.ch&noUDP&sock=startd_8752_b8f6>
	SlotName: slot1_1@b9p07p9037.cern.ch
	CondorScratchDir = "/pool/condor/dir_589743"
	Cpus = 8
	Disk = 2458414
	Memory = 16000
...
006 (10252906.7598.000) 07/24 17:40:49 Image size of job updated: 158832
	8  -  MemoryUsage of job (MB)
	8076  -  ResidentSetSize of job (KB)
...
040 (10252906.7598.000) 07/24 17:40:49 Started transferring output files
...
040 (10252906.7598.000) 07/24 17:40:49 Finished transferring output files
...
005 (10252906.7598.000) 07/24 17:40:49 Job terminated.
	(1) Normal termination (return value 0)
		Usr 0 00:00:03, Sys 0 00:00:00  -  Run Remote Usage
		Usr 0 00:00:00, Sys 0 00:00:00  -  Run Local Usage
		Usr 0 00:00:03, Sys 0 00:00:00  -  Total Remote Usage
		Usr 0 00:00:00, Sys 0 00:00:00  -  Total Local Usage
	6201  -  Run Bytes Sent By Job
	409597  -  Run Bytes Received By Job
	6201  -  Total Bytes Sent By Job
	409597  -  Total Bytes Received By Job
	Partitionable Resources :    Usage  Request Allocated 
	   Cpus                 :        0        8         8 
	   Disk (KB)            :      427      425   2458414 
	   Memory (MB)          :        8    16000     16000 

	Job terminated of its own accord at 2024-07-24T15:40:49Z with exit-code 0.
...
040 (10252907.7598.000) 07/24 18:39:45 Started transferring input files
	Transferring to host: <188.185.205.218:9618?addrs=188.185.205.218-9618&alias=b9p04p8395.cern.ch&noUDP&sock=slot1_11_5465_5637_156647>
...
040 (10252907.7598.000) 07/24 18:39:45 Finished transferring input files
...
001 (10252907.7598.000) 07/24 18:39:46 Job executing on host: <188.185.205.218:9618?addrs=188.185.205.218-9618&alias=b9p04p8395.cern.ch&noUDP&sock=startd_5003_3868>
	SlotName: slot1_11@b9p04p8395.cern.ch
	CondorScratchDir = "/pool/condor/dir_562707"
	Cpus = 8
	Disk = 2950416
	Memory = 16000
...
006 (10252907.7598.000) 07/24 18:39:50 Image size of job updated: 157512
	8  -  MemoryUsage of job (MB)
	7628  -  ResidentSetSize of job (KB)
...
040 (10252907.7598.000) 07/24 18:39:50 Started transferring output files
...
040 (10252907.7598.000) 07/24 18:39:50 Finished transferring output files
...
005 (10252907.7598.000) 07/24 18:39:50 Job terminated.
	(1) Normal termination (return value 0)
		Usr 0 00:00:03, Sys 0 00:00:00  -  Run Remote Usage
		Usr 0 00:00:00, Sys 0 00:00:00  -  Run Local Usage
		Usr 0 00:00:03, Sys 0 00:00:00  -  Total Remote Usage
		Usr 0 00:00:00, Sys 0 00:00:00  -  Total Local Usage
	6204  -  Run Bytes Sent By Job
	409597  -  Run Bytes Received By Job
	6204  -  Total Bytes Sent By Job
	409597  -  Total Bytes Received By Job
	Partitionable Resources :    Usage  Request Allocated 
	   Cpus                 :        0        8         8 
	   Disk (KB)            :      427      425   2950416 
	   Memory (MB)          :        8    16000     16000 

	Job terminated of its own accord at 2024-07-24T16:39:50Z with exit-code 0.
...
040 (10252908.7598.000) 07/24 19:45:10 Started transferring input files
	Transferring to host: <188.185.205.162:9618?addrs=188.185.205.162-9618+[2001-1458-303-a--100-1f]-9618&alias=b9p04p5294.cern.ch&noUDP&sock=slot1_5_4129_0101_156448>
...
040 (10252908.7598.000) 07/24 19:45:10 Finished transferring input files
...
001 (10252908.7598.000) 07/24 19:45:11 Job executing on host: <188.185.205.162:9618?addrs=188.185.205.162-9618+[2001-1458-303-a--100-1f]-9618&alias=b9p04p5294.cern.ch&noUDP&sock=startd_3797_0131>
	SlotName: slot1_5@b9p04p5294.cern.ch
	CondorScratchDir = "/pool/condor/dir_2835023"
	Cpus = 8
	Disk = 2828591
	Memory = 16000
...
006 (10252908.7598.000) 07/24 19:45:16 Image size of job updated: 166592
	11  -  MemoryUsage of job (MB)
	11232  -  ResidentSetSize of job (KB)
...
040 (10252908.7598.000) 07/24 19:45:16 Started transferring output files
...
040 (10252908.7598.000) 07/24 19:45:16 Finished transferring output files
...
005 (10252908.7598.000) 07/24 19:45:16 Job terminated.
	(1) Normal termination (return value 0)
		Usr 0 00:00:04, Sys 0 00:00:00  -  Run Remote Usage
		Usr 0 00:00:00, Sys 0 00:00:00  -  Run Local Usage
		Usr 0 00:00:04, Sys 0 00:00:00  -  Total Remote Usage
		Usr 0 00:00:00, Sys 0 00:00:00  -  Total Local Usage
	6201  -  Run Bytes Sent By Job
	409597  -  Run Bytes Received By Job
	6201  -  Total Bytes Sent By Job
	409597  -  Total Bytes Received By Job
	Partitionable Resources :    Usage  Request Allocated 
	   Cpus                 :        0        8         8 
	   Disk (KB)            :      427      425   2828591 
	   Memory (MB)          :       11    16000     16000 

	Job terminated of its own accord at 2024-07-24T17:45:16Z with exit-code 0.
...
040 (10252909.7598.000) 07/24 20:39:04 Started transferring input files
	Transferring to host: <188.185.207.174:9618?addrs=188.185.207.174-9618+[2001-1458-303-e--100-2b]-9618&alias=b9p08p4180.cern.ch&noUDP&sock=slot1_12_12905_7d66_142129>
...
040 (10252909.7598.000) 07/24 20:39:04 Finished transferring input files
...
001 (10252909.7598.000) 07/24 20:39:05 Job executing on host: <188.185.207.174:9618?addrs=188.185.207.174-9618+[2001-1458-303-e--100-2b]-9618&alias=b9p08p4180.cern.ch&noUDP&sock=startd_11449_a3e3>
	SlotName: slot1_12@b9p08p4180.cern.ch
	CondorScratchDir = "/pool/condor/dir_601303"
	Cpus = 8
	Disk = 2870967
	Memory = 16000
...
006 (10252909.7598.000) 07/24 20:39:10 Image size of job updated: 157600
	7  -  MemoryUsage of job (MB)
	6880  -  ResidentSetSize of job (KB)
...
040 (10252909.7598.000) 07/24 20:39:10 Started transferring output files
...
040 (10252909.7598.000) 07/24 20:39:10 Finished transferring output files
...
005 (10252909.7598.000) 07/24 20:39:10 Job terminated.
	(1) Normal termination (return value 0)
		Usr 0 00:00:03, Sys 0 00:00:00  -  Run Remote Usage
		Usr 0 00:00:00, Sys 0 00:00:00  -  Run Local Usage
		Usr 0 00:00:03, Sys 0 00:00:00  -  Total Remote Usage
		Usr 0 00:00:00, Sys 0 00:00:00  -  Total Local Usage
	6201  -  Run Bytes Sent By Job
	409597  -  Run Bytes Received By Job
	6201  -  Total Bytes Sent By Job
	409597  -  Total Bytes Received By Job
	Partitionable Resources :    Usage  Request Allocated 
	   Cpus                 :        0        8         8 
	   Disk (KB)            :      427      425   2870967 
	   Memory (MB)          :        7    16000     16000 

	Job terminated of its own accord at 2024-07-24T18:39:10Z with exit-code 0.
...
000 (10261715.7598.000) 07/25 13:04:13 Job submitted from host: <188.185.114.121:9618?addrs=188.185.114.121-9618+[2001-1458-d00-a--100-273]-9618&alias=bigbird19.cern.ch&noUDP&sock=schedd_4961_696e>
...
009 (10261715.7598.000) 07/25 13:07:22 Job was aborted.
	via condor_rm (by user yelberke)
...
000 (10261767.7598.000) 07/25 13:21:01 Job submitted from host: <188.185.114.121:9618?addrs=188.185.114.121-9618+[2001-1458-d00-a--100-273]-9618&alias=bigbird19.cern.ch&noUDP&sock=schedd_4961_696e>
...
040 (10261767.7598.000) 07/25 15:10:22 Started transferring input files
	Transferring to host: <188.185.205.211:9618?addrs=188.185.205.211-9618&alias=b9p04p3844.cern.ch&noUDP&sock=slot1_17_6874_1ad1_154243>
...
040 (10261767.7598.000) 07/25 15:10:22 Finished transferring input files
...
001 (10261767.7598.000) 07/25 15:10:23 Job executing on host: <188.185.205.211:9618?addrs=188.185.205.211-9618&alias=b9p04p3844.cern.ch&noUDP&sock=startd_6807_9d42>
	SlotName: slot1_17@b9p04p3844.cern.ch
	CondorScratchDir = "/pool/condor/dir_2743462"
	Cpus = 12
	Disk = 2727274
	Memory = 24000
...
006 (10261767.7598.000) 07/25 15:10:27 Image size of job updated: 169812
	12  -  MemoryUsage of job (MB)
	11320  -  ResidentSetSize of job (KB)
...
040 (10261767.7598.000) 07/25 15:10:27 Started transferring output files
...
040 (10261767.7598.000) 07/25 15:10:27 Finished transferring output files
...
005 (10261767.7598.000) 07/25 15:10:27 Job terminated.
	(1) Normal termination (return value 0)
		Usr 0 00:00:03, Sys 0 00:00:00  -  Run Remote Usage
		Usr 0 00:00:00, Sys 0 00:00:00  -  Run Local Usage
		Usr 0 00:00:03, Sys 0 00:00:00  -  Total Remote Usage
		Usr 0 00:00:00, Sys 0 00:00:00  -  Total Local Usage
	6673  -  Run Bytes Sent By Job
	409597  -  Run Bytes Received By Job
	6673  -  Total Bytes Sent By Job
	409597  -  Total Bytes Received By Job
	Partitionable Resources :    Usage  Request Allocated 
	   Cpus                 :        0       12        12 
	   Disk (KB)            :      427      425   2727274 
	   Memory (MB)          :       12    24000     24000 

	Job terminated of its own accord at 2024-07-25T13:10:27Z with exit-code 0.
...
000 (10284266.7598.000) 08/02 15:48:05 Job submitted from host: <188.185.114.121:9618?addrs=188.185.114.121-9618+[2001-1458-d00-a--100-273]-9618&alias=bigbird19.cern.ch&noUDP&sock=schedd_4961_696e>
...
000 (10284267.7598.000) 08/02 15:50:20 Job submitted from host: <188.185.114.121:9618?addrs=188.185.114.121-9618+[2001-1458-d00-a--100-273]-9618&alias=bigbird19.cern.ch&noUDP&sock=schedd_4961_696e>
...
009 (10284266.7598.000) 08/02 15:50:47 Job was aborted.
	via condor_rm (by user yelberke)
...
040 (10284267.7598.000) 08/02 17:24:11 Started transferring input files
	Transferring to host: <188.185.207.185:9618?addrs=188.185.207.185-9618+[2001-1458-303-e--100-36]-9618&alias=b9p08p1505.cern.ch&noUDP&sock=slot1_18_5550_3a1b_156498>
...
040 (10284267.7598.000) 08/02 17:24:11 Finished transferring input files
...
001 (10284267.7598.000) 08/02 17:24:12 Job executing on host: <188.185.207.185:9618?addrs=188.185.207.185-9618+[2001-1458-303-e--100-36]-9618&alias=b9p08p1505.cern.ch&noUDP&sock=startd_4610_a7b0>
	SlotName: slot1_18@b9p08p1505.cern.ch
	CondorScratchDir = "/pool/condor/dir_3811982"
	Cpus = 12
	Disk = 1980127
	Memory = 24000
...
006 (10284267.7598.000) 08/02 17:24:14 Image size of job updated: 327428
	3  -  MemoryUsage of job (MB)
	2476  -  ResidentSetSize of job (KB)
...
040 (10284267.7598.000) 08/02 17:24:14 Started transferring output files
...
040 (10284267.7598.000) 08/02 17:24:14 Finished transferring output files
...
005 (10284267.7598.000) 08/02 17:24:14 Job terminated.
	(1) Normal termination (return value 139)
		Usr 0 00:00:02, Sys 0 00:00:00  -  Run Remote Usage
		Usr 0 00:00:00, Sys 0 00:00:00  -  Run Local Usage
		Usr 0 00:00:02, Sys 0 00:00:00  -  Total Remote Usage
		Usr 0 00:00:00, Sys 0 00:00:00  -  Total Local Usage
	7696  -  Run Bytes Sent By Job
	409597  -  Run Bytes Received By Job
	7696  -  Total Bytes Sent By Job
	409597  -  Total Bytes Received By Job
	Partitionable Resources :    Usage  Request Allocated 
	   Cpus                 :        0       12        12 
	   Disk (KB)            :      430      425   1980127 
	   Memory (MB)          :        3    24000     24000 

	Job terminated of its own accord at 2024-08-02T15:24:14Z with exit-code 139.
...
