000 (10252905.759.000) 07/24 16:13:15 Job submitted from host: <188.185.114.121:9618?addrs=188.185.114.121-9618+[2001-1458-d00-a--100-273]-9618&alias=bigbird19.cern.ch&noUDP&sock=schedd_4961_696e>
...
009 (10252905.759.000) 07/24 16:14:46 Job was aborted.
	via condor_rm (by user yelberke)
...
000 (10252906.759.000) 07/24 16:15:36 Job submitted from host: <188.185.114.121:9618?addrs=188.185.114.121-9618+[2001-1458-d00-a--100-273]-9618&alias=bigbird19.cern.ch&noUDP&sock=schedd_4961_696e>
...
000 (10252907.759.000) 07/24 16:17:30 Job submitted from host: <188.185.114.121:9618?addrs=188.185.114.121-9618+[2001-1458-d00-a--100-273]-9618&alias=bigbird19.cern.ch&noUDP&sock=schedd_4961_696e>
...
000 (10252908.759.000) 07/24 16:18:03 Job submitted from host: <188.185.114.121:9618?addrs=188.185.114.121-9618+[2001-1458-d00-a--100-273]-9618&alias=bigbird19.cern.ch&noUDP&sock=schedd_4961_696e>
...
000 (10252909.759.000) 07/24 16:18:39 Job submitted from host: <188.185.114.121:9618?addrs=188.185.114.121-9618+[2001-1458-d00-a--100-273]-9618&alias=bigbird19.cern.ch&noUDP&sock=schedd_4961_696e>
...
000 (10252910.759.000) 07/24 16:19:05 Job submitted from host: <188.185.114.121:9618?addrs=188.185.114.121-9618+[2001-1458-d00-a--100-273]-9618&alias=bigbird19.cern.ch&noUDP&sock=schedd_4961_696e>
...
000 (10252911.759.000) 07/24 16:19:18 Job submitted from host: <188.185.114.121:9618?addrs=188.185.114.121-9618+[2001-1458-d00-a--100-273]-9618&alias=bigbird19.cern.ch&noUDP&sock=schedd_4961_696e>
...
000 (10252912.759.000) 07/24 16:19:30 Job submitted from host: <188.185.114.121:9618?addrs=188.185.114.121-9618+[2001-1458-d00-a--100-273]-9618&alias=bigbird19.cern.ch&noUDP&sock=schedd_4961_696e>
...
000 (10252913.759.000) 07/24 16:19:43 Job submitted from host: <188.185.114.121:9618?addrs=188.185.114.121-9618+[2001-1458-d00-a--100-273]-9618&alias=bigbird19.cern.ch&noUDP&sock=schedd_4961_696e>
...
040 (10252906.759.000) 07/24 16:22:11 Started transferring input files
	Transferring to host: <188.185.192.154:9618?addrs=188.185.192.154-9618+[2001-1458-303-1f--100-96]-9618&alias=b9p13p4281.cern.ch&noUDP&sock=slot1_18_388493_368f_414>
...
040 (10252906.759.000) 07/24 16:22:12 Finished transferring input files
...
001 (10252906.759.000) 07/24 16:22:13 Job executing on host: <188.185.192.154:9618?addrs=188.185.192.154-9618+[2001-1458-303-1f--100-96]-9618&alias=b9p13p4281.cern.ch&noUDP&sock=startd_177290_c5aa>
	SlotName: slot1_18@b9p13p4281.cern.ch
	CondorScratchDir = "/pool/condor/dir_781956"
	Cpus = 8
	Disk = 2931685
	Memory = 16000
...
006 (10252906.759.000) 07/24 16:22:18 Image size of job updated: 160396
	8  -  MemoryUsage of job (MB)
	7960  -  ResidentSetSize of job (KB)
...
040 (10252906.759.000) 07/24 16:22:18 Started transferring output files
...
040 (10252906.759.000) 07/24 16:22:18 Finished transferring output files
...
005 (10252906.759.000) 07/24 16:22:18 Job terminated.
	(1) Normal termination (return value 0)
		Usr 0 00:00:04, Sys 0 00:00:00  -  Run Remote Usage
		Usr 0 00:00:00, Sys 0 00:00:00  -  Run Local Usage
		Usr 0 00:00:04, Sys 0 00:00:00  -  Total Remote Usage
		Usr 0 00:00:00, Sys 0 00:00:00  -  Total Local Usage
	6204  -  Run Bytes Sent By Job
	409597  -  Run Bytes Received By Job
	6204  -  Total Bytes Sent By Job
	409597  -  Total Bytes Received By Job
	Partitionable Resources :    Usage  Request Allocated 
	   Cpus                 :        0        8         8 
	   Disk (KB)            :      427      425   2931685 
	   Memory (MB)          :        8    16000     16000 

	Job terminated of its own accord at 2024-07-24T14:22:18Z with exit-code 0.
...
040 (10252907.759.000) 07/24 17:47:16 Started transferring input files
	Transferring to host: <188.185.195.49:9618?addrs=188.185.195.49-9618+[2001-1458-303-22--100-2d]-9618&alias=b9p17p5091.cern.ch&noUDP&sock=slot1_18_387889_a3f6_3375>
...
040 (10252907.759.000) 07/24 17:47:16 Finished transferring input files
...
001 (10252907.759.000) 07/24 17:47:17 Job executing on host: <188.185.195.49:9618?addrs=188.185.195.49-9618+[2001-1458-303-22--100-2d]-9618&alias=b9p17p5091.cern.ch&noUDP&sock=startd_127957_6ffd>
	SlotName: slot1_18@b9p17p5091.cern.ch
	CondorScratchDir = "/pool/condor/dir_1037688"
	Cpus = 8
	Disk = 3006209
	Memory = 16000
...
006 (10252907.759.000) 07/24 17:47:25 Image size of job updated: 1
	0  -  MemoryUsage of job (MB)
	0  -  ResidentSetSize of job (KB)
...
006 (10252907.759.000) 07/24 17:47:47 Image size of job updated: 164500
	10  -  MemoryUsage of job (MB)
	9928  -  ResidentSetSize of job (KB)
...
040 (10252907.759.000) 07/24 17:47:48 Started transferring output files
...
040 (10252907.759.000) 07/24 17:47:48 Finished transferring output files
...
005 (10252907.759.000) 07/24 17:47:51 Job terminated.
	(1) Normal termination (return value 0)
		Usr 0 00:00:04, Sys 0 00:00:00  -  Run Remote Usage
		Usr 0 00:00:00, Sys 0 00:00:00  -  Run Local Usage
		Usr 0 00:00:04, Sys 0 00:00:00  -  Total Remote Usage
		Usr 0 00:00:00, Sys 0 00:00:00  -  Total Local Usage
	6204  -  Run Bytes Sent By Job
	409597  -  Run Bytes Received By Job
	6204  -  Total Bytes Sent By Job
	409597  -  Total Bytes Received By Job
	Partitionable Resources :    Usage  Request Allocated 
	   Cpus                 :        0        8         8 
	   Disk (KB)            :      428      425   3006209 
	   Memory (MB)          :       10    16000     16000 

	Job terminated of its own accord at 2024-07-24T15:47:47Z with exit-code 0.
...
040 (10252908.759.000) 07/24 18:53:09 Started transferring input files
	Transferring to host: <188.185.206.227:9618?addrs=188.185.206.227-9618+[2001-1458-303-c--100-60]-9618&alias=b9p06p6254.cern.ch&noUDP&sock=slot1_15_6163_2414_30546>
...
040 (10252908.759.000) 07/24 18:53:09 Finished transferring input files
...
001 (10252908.759.000) 07/24 18:53:10 Job executing on host: <188.185.206.227:9618?addrs=188.185.206.227-9618+[2001-1458-303-c--100-60]-9618&alias=b9p06p6254.cern.ch&noUDP&sock=startd_5111_4ca2>
	SlotName: slot1_15@b9p06p6254.cern.ch
	CondorScratchDir = "/pool/condor/dir_2319149"
	Cpus = 8
	Disk = 2884649
	Memory = 16000
...
006 (10252908.759.000) 07/24 18:53:14 Image size of job updated: 158708
	7  -  MemoryUsage of job (MB)
	6444  -  ResidentSetSize of job (KB)
...
040 (10252908.759.000) 07/24 18:53:15 Started transferring output files
...
040 (10252908.759.000) 07/24 18:53:15 Finished transferring output files
...
005 (10252908.759.000) 07/24 18:53:15 Job terminated.
	(1) Normal termination (return value 0)
		Usr 0 00:00:03, Sys 0 00:00:00  -  Run Remote Usage
		Usr 0 00:00:00, Sys 0 00:00:00  -  Run Local Usage
		Usr 0 00:00:03, Sys 0 00:00:00  -  Total Remote Usage
		Usr 0 00:00:00, Sys 0 00:00:00  -  Total Local Usage
	6204  -  Run Bytes Sent By Job
	409597  -  Run Bytes Received By Job
	6204  -  Total Bytes Sent By Job
	409597  -  Total Bytes Received By Job
	Partitionable Resources :    Usage  Request Allocated 
	   Cpus                 :        0        8         8 
	   Disk (KB)            :      428      425   2884649 
	   Memory (MB)          :        7    16000     16000 

	Job terminated of its own accord at 2024-07-24T16:53:14Z with exit-code 0.
...
040 (10252909.759.000) 07/24 19:52:27 Started transferring input files
	Transferring to host: <188.185.207.187:9618?addrs=188.185.207.187-9618+[2001-1458-303-e--100-38]-9618&alias=b9p08p7595.cern.ch&noUDP&sock=slot1_1_13633_6e83_143423>
...
040 (10252909.759.000) 07/24 19:52:27 Finished transferring input files
...
001 (10252909.759.000) 07/24 19:52:28 Job executing on host: <188.185.207.187:9618?addrs=188.185.207.187-9618+[2001-1458-303-e--100-38]-9618&alias=b9p08p7595.cern.ch&noUDP&sock=startd_12275_351d>
	SlotName: slot1_1@b9p08p7595.cern.ch
	CondorScratchDir = "/pool/condor/dir_3398044"
	Cpus = 8
	Disk = 2839382
	Memory = 16000
...
006 (10252909.759.000) 07/24 19:52:33 Image size of job updated: 160984
	9  -  MemoryUsage of job (MB)
	8536  -  ResidentSetSize of job (KB)
...
040 (10252909.759.000) 07/24 19:52:33 Started transferring output files
...
040 (10252909.759.000) 07/24 19:52:33 Finished transferring output files
...
005 (10252909.759.000) 07/24 19:52:33 Job terminated.
	(1) Normal termination (return value 0)
		Usr 0 00:00:03, Sys 0 00:00:00  -  Run Remote Usage
		Usr 0 00:00:00, Sys 0 00:00:00  -  Run Local Usage
		Usr 0 00:00:03, Sys 0 00:00:00  -  Total Remote Usage
		Usr 0 00:00:00, Sys 0 00:00:00  -  Total Local Usage
	6204  -  Run Bytes Sent By Job
	409597  -  Run Bytes Received By Job
	6204  -  Total Bytes Sent By Job
	409597  -  Total Bytes Received By Job
	Partitionable Resources :    Usage  Request Allocated 
	   Cpus                 :        0        8         8 
	   Disk (KB)            :      428      425   2839382 
	   Memory (MB)          :        9    16000     16000 

	Job terminated of its own accord at 2024-07-24T17:52:33Z with exit-code 0.
...
040 (10252910.759.000) 07/24 20:45:14 Started transferring input files
	Transferring to host: <188.185.208.100:9618?addrs=188.185.208.100-9618+[2001-1458-303-f--100-61]-9618&alias=b9p09p6193.cern.ch&noUDP&sock=slot1_4_5752_8de3_144783>
...
040 (10252910.759.000) 07/24 20:45:14 Finished transferring input files
...
001 (10252910.759.000) 07/24 20:45:15 Job executing on host: <188.185.208.100:9618?addrs=188.185.208.100-9618+[2001-1458-303-f--100-61]-9618&alias=b9p09p6193.cern.ch&noUDP&sock=startd_4703_71ff>
	SlotName: slot1_4@b9p09p6193.cern.ch
	CondorScratchDir = "/pool/condor/dir_2987359"
	Cpus = 8
	Disk = 2684985
	Memory = 16000
...
006 (10252910.759.000) 07/24 20:45:21 Image size of job updated: 159852
	8  -  MemoryUsage of job (MB)
	7792  -  ResidentSetSize of job (KB)
...
040 (10252910.759.000) 07/24 20:45:21 Started transferring output files
...
040 (10252910.759.000) 07/24 20:45:21 Finished transferring output files
...
005 (10252910.759.000) 07/24 20:45:21 Job terminated.
	(1) Normal termination (return value 0)
		Usr 0 00:00:05, Sys 0 00:00:00  -  Run Remote Usage
		Usr 0 00:00:00, Sys 0 00:00:00  -  Run Local Usage
		Usr 0 00:00:05, Sys 0 00:00:00  -  Total Remote Usage
		Usr 0 00:00:00, Sys 0 00:00:00  -  Total Local Usage
	6201  -  Run Bytes Sent By Job
	409597  -  Run Bytes Received By Job
	6201  -  Total Bytes Sent By Job
	409597  -  Total Bytes Received By Job
	Partitionable Resources :    Usage  Request Allocated 
	   Cpus                 :        0        8         8 
	   Disk (KB)            :      428      425   2684985 
	   Memory (MB)          :        8    16000     16000 

	Job terminated of its own accord at 2024-07-24T18:45:21Z with exit-code 0.
...
040 (10252911.759.000) 07/24 20:58:14 Started transferring input files
	Transferring to host: <188.185.206.213:9618?addrs=188.185.206.213-9618+[2001-1458-303-c--100-52]-9618&alias=b9p06p7091.cern.ch&noUDP&sock=slot1_9_6466_a1c0_153046>
...
040 (10252911.759.000) 07/24 20:58:14 Finished transferring input files
...
001 (10252911.759.000) 07/24 20:58:15 Job executing on host: <188.185.206.213:9618?addrs=188.185.206.213-9618+[2001-1458-303-c--100-52]-9618&alias=b9p06p7091.cern.ch&noUDP&sock=startd_6073_26be>
	SlotName: slot1_9@b9p06p7091.cern.ch
	CondorScratchDir = "/pool/condor/dir_330710"
	Cpus = 8
	Disk = 2718960
	Memory = 16000
...
006 (10252911.759.000) 07/24 20:58:19 Image size of job updated: 164104
	10  -  MemoryUsage of job (MB)
	9688  -  ResidentSetSize of job (KB)
...
040 (10252911.759.000) 07/24 20:58:19 Started transferring output files
...
040 (10252911.759.000) 07/24 20:58:19 Finished transferring output files
...
005 (10252911.759.000) 07/24 20:58:19 Job terminated.
	(1) Normal termination (return value 0)
		Usr 0 00:00:03, Sys 0 00:00:00  -  Run Remote Usage
		Usr 0 00:00:00, Sys 0 00:00:00  -  Run Local Usage
		Usr 0 00:00:03, Sys 0 00:00:00  -  Total Remote Usage
		Usr 0 00:00:00, Sys 0 00:00:00  -  Total Local Usage
	6204  -  Run Bytes Sent By Job
	409597  -  Run Bytes Received By Job
	6204  -  Total Bytes Sent By Job
	409597  -  Total Bytes Received By Job
	Partitionable Resources :    Usage  Request Allocated 
	   Cpus                 :        0        8         8 
	   Disk (KB)            :      428      425   2718960 
	   Memory (MB)          :       10    16000     16000 

	Job terminated of its own accord at 2024-07-24T18:58:19Z with exit-code 0.
...
040 (10252912.759.000) 07/24 21:11:06 Started transferring input files
	Transferring to host: <188.185.206.183:9618?addrs=188.185.206.183-9618&alias=b9p06p2267.cern.ch&noUDP&sock=slot1_8_6899_b832_156859>
...
040 (10252912.759.000) 07/24 21:11:06 Finished transferring input files
...
001 (10252912.759.000) 07/24 21:11:07 Job executing on host: <188.185.206.183:9618?addrs=188.185.206.183-9618&alias=b9p06p2267.cern.ch&noUDP&sock=startd_6833_72b8>
	SlotName: slot1_8@b9p06p2267.cern.ch
	CondorScratchDir = "/pool/condor/dir_3013017"
	Cpus = 8
	Disk = 2753751
	Memory = 16000
...
006 (10252912.759.000) 07/24 21:11:13 Image size of job updated: 160992
	9  -  MemoryUsage of job (MB)
	8588  -  ResidentSetSize of job (KB)
...
040 (10252912.759.000) 07/24 21:11:13 Started transferring output files
...
040 (10252912.759.000) 07/24 21:11:13 Finished transferring output files
...
005 (10252912.759.000) 07/24 21:11:13 Job terminated.
	(1) Normal termination (return value 0)
		Usr 0 00:00:04, Sys 0 00:00:00  -  Run Remote Usage
		Usr 0 00:00:00, Sys 0 00:00:00  -  Run Local Usage
		Usr 0 00:00:04, Sys 0 00:00:00  -  Total Remote Usage
		Usr 0 00:00:00, Sys 0 00:00:00  -  Total Local Usage
	6201  -  Run Bytes Sent By Job
	409597  -  Run Bytes Received By Job
	6201  -  Total Bytes Sent By Job
	409597  -  Total Bytes Received By Job
	Partitionable Resources :    Usage  Request Allocated 
	   Cpus                 :        0        8         8 
	   Disk (KB)            :      428      425   2753751 
	   Memory (MB)          :        9    16000     16000 

	Job terminated of its own accord at 2024-07-24T19:11:13Z with exit-code 0.
...
040 (10252913.759.000) 07/24 21:24:57 Started transferring input files
	Transferring to host: <188.185.209.59:9618?addrs=188.185.209.59-9618+[2001-1458-303-11--100-38]-9618&alias=b9p11p1917.cern.ch&noUDP&sock=slot1_3_9376_fd76_144434>
...
040 (10252913.759.000) 07/24 21:24:57 Finished transferring input files
...
001 (10252913.759.000) 07/24 21:24:58 Job executing on host: <188.185.209.59:9618?addrs=188.185.209.59-9618+[2001-1458-303-11--100-38]-9618&alias=b9p11p1917.cern.ch&noUDP&sock=startd_8062_709d>
	SlotName: slot1_3@b9p11p1917.cern.ch
	CondorScratchDir = "/pool/condor/dir_3333467"
	Cpus = 8
	Disk = 2804249
	Memory = 16000
...
006 (10252913.759.000) 07/24 21:25:03 Image size of job updated: 159868
	8  -  MemoryUsage of job (MB)
	8140  -  ResidentSetSize of job (KB)
...
040 (10252913.759.000) 07/24 21:25:03 Started transferring output files
...
040 (10252913.759.000) 07/24 21:25:03 Finished transferring output files
...
005 (10252913.759.000) 07/24 21:25:03 Job terminated.
	(1) Normal termination (return value 0)
		Usr 0 00:00:03, Sys 0 00:00:00  -  Run Remote Usage
		Usr 0 00:00:00, Sys 0 00:00:00  -  Run Local Usage
		Usr 0 00:00:03, Sys 0 00:00:00  -  Total Remote Usage
		Usr 0 00:00:00, Sys 0 00:00:00  -  Total Local Usage
	6204  -  Run Bytes Sent By Job
	409597  -  Run Bytes Received By Job
	6204  -  Total Bytes Sent By Job
	409597  -  Total Bytes Received By Job
	Partitionable Resources :    Usage  Request Allocated 
	   Cpus                 :        0        8         8 
	   Disk (KB)            :      428      425   2804249 
	   Memory (MB)          :        8    16000     16000 

	Job terminated of its own accord at 2024-07-24T19:25:03Z with exit-code 0.
...
000 (10261715.759.000) 07/25 13:01:34 Job submitted from host: <188.185.114.121:9618?addrs=188.185.114.121-9618+[2001-1458-d00-a--100-273]-9618&alias=bigbird19.cern.ch&noUDP&sock=schedd_4961_696e>
...
009 (10261715.759.000) 07/25 13:06:40 Job was aborted.
	via condor_rm (by user yelberke)
...
000 (10261767.759.000) 07/25 13:20:03 Job submitted from host: <188.185.114.121:9618?addrs=188.185.114.121-9618+[2001-1458-d00-a--100-273]-9618&alias=bigbird19.cern.ch&noUDP&sock=schedd_4961_696e>
...
040 (10261767.759.000) 07/25 13:52:27 Started transferring input files
	Transferring to host: <188.185.209.38:9618?addrs=188.185.209.38-9618+[2001-1458-303-11--100-23]-9618&alias=b9p11p4881.cern.ch&noUDP&sock=slot1_7_26224_ee23_25571>
...
040 (10261767.759.000) 07/25 13:52:27 Finished transferring input files
...
001 (10261767.759.000) 07/25 13:52:28 Job executing on host: <188.185.209.38:9618?addrs=188.185.209.38-9618+[2001-1458-303-11--100-23]-9618&alias=b9p11p4881.cern.ch&noUDP&sock=startd_25181_a667>
	SlotName: slot1_7@b9p11p4881.cern.ch
	CondorScratchDir = "/pool/condor/dir_1609636"
	Cpus = 12
	Disk = 2807670
	Memory = 24000
...
006 (10261767.759.000) 07/25 13:52:32 Image size of job updated: 160212
	7  -  MemoryUsage of job (MB)
	6548  -  ResidentSetSize of job (KB)
...
040 (10261767.759.000) 07/25 13:52:32 Started transferring output files
...
040 (10261767.759.000) 07/25 13:52:32 Finished transferring output files
...
005 (10261767.759.000) 07/25 13:52:32 Job terminated.
	(1) Normal termination (return value 0)
		Usr 0 00:00:03, Sys 0 00:00:00  -  Run Remote Usage
		Usr 0 00:00:00, Sys 0 00:00:00  -  Run Local Usage
		Usr 0 00:00:03, Sys 0 00:00:00  -  Total Remote Usage
		Usr 0 00:00:00, Sys 0 00:00:00  -  Total Local Usage
	6204  -  Run Bytes Sent By Job
	409597  -  Run Bytes Received By Job
	6204  -  Total Bytes Sent By Job
	409597  -  Total Bytes Received By Job
	Partitionable Resources :    Usage  Request Allocated 
	   Cpus                 :        0       12        12 
	   Disk (KB)            :      428      425   2807670 
	   Memory (MB)          :        7    24000     24000 

	Job terminated of its own accord at 2024-07-25T11:52:32Z with exit-code 0.
...
000 (10284266.759.000) 08/02 15:45:17 Job submitted from host: <188.185.114.121:9618?addrs=188.185.114.121-9618+[2001-1458-d00-a--100-273]-9618&alias=bigbird19.cern.ch&noUDP&sock=schedd_4961_696e>
...
009 (10284266.759.000) 08/02 15:49:23 Job was aborted.
	via condor_rm (by user yelberke)
...
000 (10284267.759.000) 08/02 15:49:47 Job submitted from host: <188.185.114.121:9618?addrs=188.185.114.121-9618+[2001-1458-d00-a--100-273]-9618&alias=bigbird19.cern.ch&noUDP&sock=schedd_4961_696e>
...
040 (10284267.759.000) 08/02 16:19:00 Started transferring input files
	Transferring to host: <188.185.209.101:9618?addrs=188.185.209.101-9618+[2001-1458-303-11--100-62]-9618&alias=b9p11p7000.cern.ch&noUDP&sock=slot1_1_3705_41f0_153427>
...
040 (10284267.759.000) 08/02 16:19:00 Finished transferring input files
...
001 (10284267.759.000) 08/02 16:19:01 Job executing on host: <188.185.209.101:9618?addrs=188.185.209.101-9618+[2001-1458-303-11--100-62]-9618&alias=b9p11p7000.cern.ch&noUDP&sock=startd_3616_da8c>
	SlotName: slot1_1@b9p11p7000.cern.ch
	CondorScratchDir = "/pool/condor/dir_4164963"
	Cpus = 12
	Disk = 2739300
	Memory = 24000
...
006 (10284267.759.000) 08/02 16:19:03 Image size of job updated: 326728
	5  -  MemoryUsage of job (MB)
	4580  -  ResidentSetSize of job (KB)
...
040 (10284267.759.000) 08/02 16:19:04 Started transferring output files
...
040 (10284267.759.000) 08/02 16:19:04 Finished transferring output files
...
005 (10284267.759.000) 08/02 16:19:04 Job terminated.
	(1) Normal termination (return value 139)
		Usr 0 00:00:02, Sys 0 00:00:01  -  Run Remote Usage
		Usr 0 00:00:00, Sys 0 00:00:00  -  Run Local Usage
		Usr 0 00:00:02, Sys 0 00:00:01  -  Total Remote Usage
		Usr 0 00:00:00, Sys 0 00:00:00  -  Total Local Usage
	7696  -  Run Bytes Sent By Job
	409597  -  Run Bytes Received By Job
	7696  -  Total Bytes Sent By Job
	409597  -  Total Bytes Received By Job
	Partitionable Resources :    Usage  Request Allocated 
	   Cpus                 :        0       12        12 
	   Disk (KB)            :      430      425   2739300 
	   Memory (MB)          :        5    24000     24000 

	Job terminated of its own accord at 2024-08-02T14:19:03Z with exit-code 139.
...
