000 (10252905.075.000) 07/24 16:13:14 Job submitted from host: <188.185.114.121:9618?addrs=188.185.114.121-9618+[2001-1458-d00-a--100-273]-9618&alias=bigbird19.cern.ch&noUDP&sock=schedd_4961_696e>
...
009 (10252905.075.000) 07/24 16:14:45 Job was aborted.
	via condor_rm (by user yelberke)
...
000 (10252906.075.000) 07/24 16:15:36 Job submitted from host: <188.185.114.121:9618?addrs=188.185.114.121-9618+[2001-1458-d00-a--100-273]-9618&alias=bigbird19.cern.ch&noUDP&sock=schedd_4961_696e>
...
040 (10252906.075.000) 07/24 16:16:23 Started transferring input files
	Transferring to host: <128.142.161.138:9618?addrs=128.142.161.138-9618+[2001-1458-301-b9--100-7]-9618&alias=b9g03p8441.cern.ch&noUDP&sock=slot1_18_3235662_5732_257>
...
040 (10252906.075.000) 07/24 16:16:23 Finished transferring input files
...
001 (10252906.075.000) 07/24 16:16:24 Job executing on host: <128.142.161.138:9618?addrs=128.142.161.138-9618+[2001-1458-301-b9--100-7]-9618&alias=b9g03p8441.cern.ch&noUDP&sock=startd_3156_54fc>
	SlotName: slot1_18@b9g03p8441.cern.ch
	CondorScratchDir = "/pool/condor/dir_3504504"
	Cpus = 8
	Disk = 2976951
	Memory = 16000
...
006 (10252906.075.000) 07/24 16:16:30 Image size of job updated: 170288
	15  -  MemoryUsage of job (MB)
	15232  -  ResidentSetSize of job (KB)
...
040 (10252906.075.000) 07/24 16:16:30 Started transferring output files
...
040 (10252906.075.000) 07/24 16:16:30 Finished transferring output files
...
005 (10252906.075.000) 07/24 16:16:30 Job terminated.
	(1) Normal termination (return value 0)
		Usr 0 00:00:05, Sys 0 00:00:00  -  Run Remote Usage
		Usr 0 00:00:00, Sys 0 00:00:00  -  Run Local Usage
		Usr 0 00:00:05, Sys 0 00:00:00  -  Total Remote Usage
		Usr 0 00:00:00, Sys 0 00:00:00  -  Total Local Usage
	6204  -  Run Bytes Sent By Job
	409597  -  Run Bytes Received By Job
	6204  -  Total Bytes Sent By Job
	409597  -  Total Bytes Received By Job
	Partitionable Resources :    Usage  Request Allocated 
	   Cpus                 :        0        8         8 
	   Disk (KB)            :      427      425   2976951 
	   Memory (MB)          :       15    16000     16000 

	Job terminated of its own accord at 2024-07-24T14:16:30Z with exit-code 0.
...
000 (10252907.075.000) 07/24 16:17:29 Job submitted from host: <188.185.114.121:9618?addrs=188.185.114.121-9618+[2001-1458-d00-a--100-273]-9618&alias=bigbird19.cern.ch&noUDP&sock=schedd_4961_696e>
...
000 (10252908.075.000) 07/24 16:18:03 Job submitted from host: <188.185.114.121:9618?addrs=188.185.114.121-9618+[2001-1458-d00-a--100-273]-9618&alias=bigbird19.cern.ch&noUDP&sock=schedd_4961_696e>
...
000 (10252909.075.000) 07/24 16:18:38 Job submitted from host: <188.185.114.121:9618?addrs=188.185.114.121-9618+[2001-1458-d00-a--100-273]-9618&alias=bigbird19.cern.ch&noUDP&sock=schedd_4961_696e>
...
000 (10252910.075.000) 07/24 16:19:04 Job submitted from host: <188.185.114.121:9618?addrs=188.185.114.121-9618+[2001-1458-d00-a--100-273]-9618&alias=bigbird19.cern.ch&noUDP&sock=schedd_4961_696e>
...
000 (10252911.075.000) 07/24 16:19:17 Job submitted from host: <188.185.114.121:9618?addrs=188.185.114.121-9618+[2001-1458-d00-a--100-273]-9618&alias=bigbird19.cern.ch&noUDP&sock=schedd_4961_696e>
...
000 (10252912.075.000) 07/24 16:19:30 Job submitted from host: <188.185.114.121:9618?addrs=188.185.114.121-9618+[2001-1458-d00-a--100-273]-9618&alias=bigbird19.cern.ch&noUDP&sock=schedd_4961_696e>
...
000 (10252913.075.000) 07/24 16:19:42 Job submitted from host: <188.185.114.121:9618?addrs=188.185.114.121-9618+[2001-1458-d00-a--100-273]-9618&alias=bigbird19.cern.ch&noUDP&sock=schedd_4961_696e>
...
040 (10252907.075.000) 07/24 17:43:32 Started transferring input files
	Transferring to host: <188.185.209.51:9618?addrs=188.185.209.51-9618+[2001-1458-303-11--100-30]-9618&alias=b9p11p0504.cern.ch&noUDP&sock=slot1_8_10285_767b_144669>
...
040 (10252907.075.000) 07/24 17:43:32 Finished transferring input files
...
001 (10252907.075.000) 07/24 17:43:33 Job executing on host: <188.185.209.51:9618?addrs=188.185.209.51-9618+[2001-1458-303-11--100-30]-9618&alias=b9p11p0504.cern.ch&noUDP&sock=startd_8859_1d99>
	SlotName: slot1_8@b9p11p0504.cern.ch
	CondorScratchDir = "/pool/condor/dir_1658324"
	Cpus = 8
	Disk = 2699924
	Memory = 16000
...
006 (10252907.075.000) 07/24 17:43:39 Image size of job updated: 160540
	9  -  MemoryUsage of job (MB)
	8212  -  ResidentSetSize of job (KB)
...
040 (10252907.075.000) 07/24 17:43:39 Started transferring output files
...
040 (10252907.075.000) 07/24 17:43:39 Finished transferring output files
...
005 (10252907.075.000) 07/24 17:43:39 Job terminated.
	(1) Normal termination (return value 0)
		Usr 0 00:00:03, Sys 0 00:00:00  -  Run Remote Usage
		Usr 0 00:00:00, Sys 0 00:00:00  -  Run Local Usage
		Usr 0 00:00:03, Sys 0 00:00:00  -  Total Remote Usage
		Usr 0 00:00:00, Sys 0 00:00:00  -  Total Local Usage
	6204  -  Run Bytes Sent By Job
	409597  -  Run Bytes Received By Job
	6204  -  Total Bytes Sent By Job
	409597  -  Total Bytes Received By Job
	Partitionable Resources :    Usage  Request Allocated 
	   Cpus                 :        0        8         8 
	   Disk (KB)            :      428      425   2699924 
	   Memory (MB)          :        9    16000     16000 

	Job terminated of its own accord at 2024-07-24T15:43:39Z with exit-code 0.
...
040 (10252908.075.000) 07/24 18:43:33 Started transferring input files
	Transferring to host: <188.185.205.173:9618?addrs=188.185.205.173-9618+[2001-1458-303-a--100-2a]-9618&alias=b9p04p9536.cern.ch&noUDP&sock=slot1_3_3573_406a_30170>
...
040 (10252908.075.000) 07/24 18:43:33 Finished transferring input files
...
001 (10252908.075.000) 07/24 18:43:34 Job executing on host: <188.185.205.173:9618?addrs=188.185.205.173-9618+[2001-1458-303-a--100-2a]-9618&alias=b9p04p9536.cern.ch&noUDP&sock=startd_3450_fdd4>
	SlotName: slot1_3@b9p04p9536.cern.ch
	CondorScratchDir = "/pool/condor/dir_3354087"
	Cpus = 8
	Disk = 2802918
	Memory = 16000
...
006 (10252908.075.000) 07/24 18:43:38 Image size of job updated: 161168
	9  -  MemoryUsage of job (MB)
	8480  -  ResidentSetSize of job (KB)
...
040 (10252908.075.000) 07/24 18:43:38 Started transferring output files
...
040 (10252908.075.000) 07/24 18:43:38 Finished transferring output files
...
005 (10252908.075.000) 07/24 18:43:38 Job terminated.
	(1) Normal termination (return value 0)
		Usr 0 00:00:03, Sys 0 00:00:00  -  Run Remote Usage
		Usr 0 00:00:00, Sys 0 00:00:00  -  Run Local Usage
		Usr 0 00:00:03, Sys 0 00:00:00  -  Total Remote Usage
		Usr 0 00:00:00, Sys 0 00:00:00  -  Total Local Usage
	6204  -  Run Bytes Sent By Job
	409597  -  Run Bytes Received By Job
	6204  -  Total Bytes Sent By Job
	409597  -  Total Bytes Received By Job
	Partitionable Resources :    Usage  Request Allocated 
	   Cpus                 :        0        8         8 
	   Disk (KB)            :      428      425   2802918 
	   Memory (MB)          :        9    16000     16000 

	Job terminated of its own accord at 2024-07-24T16:43:38Z with exit-code 0.
...
040 (10252909.075.000) 07/24 19:47:34 Started transferring input files
	Transferring to host: <188.185.206.224:9618?addrs=188.185.206.224-9618&alias=b9p06p0068.cern.ch&noUDP&sock=slot1_10_6887_43b1_156119>
...
040 (10252909.075.000) 07/24 19:47:34 Finished transferring input files
...
001 (10252909.075.000) 07/24 19:47:35 Job executing on host: <188.185.206.224:9618?addrs=188.185.206.224-9618&alias=b9p06p0068.cern.ch&noUDP&sock=startd_6817_7934>
	SlotName: slot1_10@b9p06p0068.cern.ch
	CondorScratchDir = "/pool/condor/dir_1778343"
	Cpus = 8
	Disk = 2698268
	Memory = 16000
...
006 (10252909.075.000) 07/24 19:47:39 Image size of job updated: 161940
	9  -  MemoryUsage of job (MB)
	9188  -  ResidentSetSize of job (KB)
...
040 (10252909.075.000) 07/24 19:47:39 Started transferring output files
...
040 (10252909.075.000) 07/24 19:47:39 Finished transferring output files
...
005 (10252909.075.000) 07/24 19:47:39 Job terminated.
	(1) Normal termination (return value 0)
		Usr 0 00:00:03, Sys 0 00:00:00  -  Run Remote Usage
		Usr 0 00:00:00, Sys 0 00:00:00  -  Run Local Usage
		Usr 0 00:00:03, Sys 0 00:00:00  -  Total Remote Usage
		Usr 0 00:00:00, Sys 0 00:00:00  -  Total Local Usage
	6204  -  Run Bytes Sent By Job
	409597  -  Run Bytes Received By Job
	6204  -  Total Bytes Sent By Job
	409597  -  Total Bytes Received By Job
	Partitionable Resources :    Usage  Request Allocated 
	   Cpus                 :        0        8         8 
	   Disk (KB)            :      428      425   2698268 
	   Memory (MB)          :        9    16000     16000 

	Job terminated of its own accord at 2024-07-24T17:47:39Z with exit-code 0.
...
040 (10252910.075.000) 07/24 20:41:46 Started transferring input files
	Transferring to host: <188.185.206.156:9618?addrs=188.185.206.156-9618+[2001-1458-303-c--100-19]-9618&alias=b9p06p6361.cern.ch&noUDP&sock=slot1_28_6923_a133_156020>
...
040 (10252910.075.000) 07/24 20:41:46 Finished transferring input files
...
001 (10252910.075.000) 07/24 20:41:47 Job executing on host: <188.185.206.156:9618?addrs=188.185.206.156-9618+[2001-1458-303-c--100-19]-9618&alias=b9p06p6361.cern.ch&noUDP&sock=startd_6856_3966>
	SlotName: slot1_28@b9p06p6361.cern.ch
	CondorScratchDir = "/pool/condor/dir_3260064"
	Cpus = 8
	Disk = 2718629
	Memory = 16000
...
006 (10252910.075.000) 07/24 20:41:52 Image size of job updated: 164032
	10  -  MemoryUsage of job (MB)
	10052  -  ResidentSetSize of job (KB)
...
040 (10252910.075.000) 07/24 20:41:52 Started transferring output files
...
040 (10252910.075.000) 07/24 20:41:52 Finished transferring output files
...
005 (10252910.075.000) 07/24 20:41:52 Job terminated.
	(1) Normal termination (return value 0)
		Usr 0 00:00:03, Sys 0 00:00:00  -  Run Remote Usage
		Usr 0 00:00:00, Sys 0 00:00:00  -  Run Local Usage
		Usr 0 00:00:03, Sys 0 00:00:00  -  Total Remote Usage
		Usr 0 00:00:00, Sys 0 00:00:00  -  Total Local Usage
	6201  -  Run Bytes Sent By Job
	409597  -  Run Bytes Received By Job
	6201  -  Total Bytes Sent By Job
	409597  -  Total Bytes Received By Job
	Partitionable Resources :    Usage  Request Allocated 
	   Cpus                 :        0        8         8 
	   Disk (KB)            :      428      425   2718629 
	   Memory (MB)          :       10    16000     16000 

	Job terminated of its own accord at 2024-07-24T18:41:52Z with exit-code 0.
...
040 (10252911.075.000) 07/24 20:54:18 Started transferring input files
	Transferring to host: <188.185.194.113:9618?addrs=188.185.194.113-9618+[2001-1458-303-21--100-6d]-9618&alias=b9p20p1163.cern.ch&noUDP&sock=slot1_8_1693239_cd90_5350>
...
040 (10252911.075.000) 07/24 20:54:18 Finished transferring input files
...
001 (10252911.075.000) 07/24 20:54:19 Job executing on host: <188.185.194.113:9618?addrs=188.185.194.113-9618+[2001-1458-303-21--100-6d]-9618&alias=b9p20p1163.cern.ch&noUDP&sock=startd_127943_d5aa>
	SlotName: slot1_8@b9p20p1163.cern.ch
	CondorScratchDir = "/pool/condor/dir_3580297"
	Cpus = 8
	Disk = 3008433
	Memory = 16000
...
006 (10252911.075.000) 07/24 20:54:24 Image size of job updated: 163296
	9  -  MemoryUsage of job (MB)
	9204  -  ResidentSetSize of job (KB)
...
040 (10252911.075.000) 07/24 20:54:24 Started transferring output files
...
040 (10252911.075.000) 07/24 20:54:24 Finished transferring output files
...
005 (10252911.075.000) 07/24 20:54:24 Job terminated.
	(1) Normal termination (return value 0)
		Usr 0 00:00:05, Sys 0 00:00:00  -  Run Remote Usage
		Usr 0 00:00:00, Sys 0 00:00:00  -  Run Local Usage
		Usr 0 00:00:05, Sys 0 00:00:00  -  Total Remote Usage
		Usr 0 00:00:00, Sys 0 00:00:00  -  Total Local Usage
	6201  -  Run Bytes Sent By Job
	409597  -  Run Bytes Received By Job
	6201  -  Total Bytes Sent By Job
	409597  -  Total Bytes Received By Job
	Partitionable Resources :    Usage  Request Allocated 
	   Cpus                 :        0        8         8 
	   Disk (KB)            :      428      425   3008433 
	   Memory (MB)          :        9    16000     16000 

	Job terminated of its own accord at 2024-07-24T18:54:24Z with exit-code 0.
...
040 (10252912.075.000) 07/24 21:07:18 Started transferring input files
	Transferring to host: <188.185.205.221:9618?addrs=188.185.205.221-9618+[2001-1458-303-a--100-5a]-9618&alias=b9p04p3091.cern.ch&noUDP&sock=slot1_2_3641_29ed_31159>
...
040 (10252912.075.000) 07/24 21:07:18 Finished transferring input files
...
001 (10252912.075.000) 07/24 21:07:19 Job executing on host: <188.185.205.221:9618?addrs=188.185.205.221-9618+[2001-1458-303-a--100-5a]-9618&alias=b9p04p3091.cern.ch&noUDP&sock=startd_3261_5a6d>
	SlotName: slot1_2@b9p04p3091.cern.ch
	CondorScratchDir = "/pool/condor/dir_3574876"
	Cpus = 8
	Disk = 2881220
	Memory = 16000
...
006 (10252912.075.000) 07/24 21:07:26 Image size of job updated: 160104
	8  -  MemoryUsage of job (MB)
	7924  -  ResidentSetSize of job (KB)
...
040 (10252912.075.000) 07/24 21:07:26 Started transferring output files
...
040 (10252912.075.000) 07/24 21:07:26 Finished transferring output files
...
005 (10252912.075.000) 07/24 21:07:26 Job terminated.
	(1) Normal termination (return value 0)
		Usr 0 00:00:05, Sys 0 00:00:00  -  Run Remote Usage
		Usr 0 00:00:00, Sys 0 00:00:00  -  Run Local Usage
		Usr 0 00:00:05, Sys 0 00:00:00  -  Total Remote Usage
		Usr 0 00:00:00, Sys 0 00:00:00  -  Total Local Usage
	6201  -  Run Bytes Sent By Job
	409597  -  Run Bytes Received By Job
	6201  -  Total Bytes Sent By Job
	409597  -  Total Bytes Received By Job
	Partitionable Resources :    Usage  Request Allocated 
	   Cpus                 :        0        8         8 
	   Disk (KB)            :      428      425   2881220 
	   Memory (MB)          :        8    16000     16000 

	Job terminated of its own accord at 2024-07-24T19:07:26Z with exit-code 0.
...
040 (10252913.075.000) 07/24 21:20:54 Started transferring input files
	Transferring to host: <188.185.207.15:9618?addrs=188.185.207.15-9618+[2001-1458-303-d--100-c]-9618&alias=b9p07p1846.cern.ch&noUDP&sock=slot1_40_4594_a374_147921>
...
040 (10252913.075.000) 07/24 21:20:54 Finished transferring input files
...
001 (10252913.075.000) 07/24 21:20:55 Job executing on host: <188.185.207.15:9618?addrs=188.185.207.15-9618+[2001-1458-303-d--100-c]-9618&alias=b9p07p1846.cern.ch&noUDP&sock=startd_3880_ef8d>
	SlotName: slot1_40@b9p07p1846.cern.ch
	CondorScratchDir = "/pool/condor/dir_284759"
	Cpus = 8
	Disk = 2957483
	Memory = 16000
...
006 (10252913.075.000) 07/24 21:20:59 Image size of job updated: 160000
	8  -  MemoryUsage of job (MB)
	8120  -  ResidentSetSize of job (KB)
...
040 (10252913.075.000) 07/24 21:20:59 Started transferring output files
...
040 (10252913.075.000) 07/24 21:20:59 Finished transferring output files
...
005 (10252913.075.000) 07/24 21:20:59 Job terminated.
	(1) Normal termination (return value 0)
		Usr 0 00:00:03, Sys 0 00:00:00  -  Run Remote Usage
		Usr 0 00:00:00, Sys 0 00:00:00  -  Run Local Usage
		Usr 0 00:00:03, Sys 0 00:00:00  -  Total Remote Usage
		Usr 0 00:00:00, Sys 0 00:00:00  -  Total Local Usage
	6204  -  Run Bytes Sent By Job
	409597  -  Run Bytes Received By Job
	6204  -  Total Bytes Sent By Job
	409597  -  Total Bytes Received By Job
	Partitionable Resources :    Usage  Request Allocated 
	   Cpus                 :        0        8         8 
	   Disk (KB)            :      428      425   2957483 
	   Memory (MB)          :        8    16000     16000 

	Job terminated of its own accord at 2024-07-24T19:20:59Z with exit-code 0.
...
000 (10261715.075.000) 07/25 13:01:14 Job submitted from host: <188.185.114.121:9618?addrs=188.185.114.121-9618+[2001-1458-d00-a--100-273]-9618&alias=bigbird19.cern.ch&noUDP&sock=schedd_4961_696e>
...
009 (10261715.075.000) 07/25 13:06:35 Job was aborted.
	via condor_rm (by user yelberke)
...
000 (10261767.075.000) 07/25 13:19:51 Job submitted from host: <188.185.114.121:9618?addrs=188.185.114.121-9618+[2001-1458-d00-a--100-273]-9618&alias=bigbird19.cern.ch&noUDP&sock=schedd_4961_696e>
...
040 (10261767.075.000) 07/25 13:26:58 Started transferring input files
	Transferring to host: <188.185.206.203:9618?addrs=188.185.206.203-9618&alias=b9p06p2344.cern.ch&noUDP&sock=slot1_2_6880_5511_157387>
...
040 (10261767.075.000) 07/25 13:26:58 Finished transferring input files
...
001 (10261767.075.000) 07/25 13:26:59 Job executing on host: <188.185.206.203:9618?addrs=188.185.206.203-9618&alias=b9p06p2344.cern.ch&noUDP&sock=startd_6810_ac0b>
	SlotName: slot1_2@b9p06p2344.cern.ch
	CondorScratchDir = "/pool/condor/dir_3656983"
	Cpus = 12
	Disk = 2690198
	Memory = 24000
...
006 (10261767.075.000) 07/25 13:27:04 Image size of job updated: 164516
	9  -  MemoryUsage of job (MB)
	8868  -  ResidentSetSize of job (KB)
...
040 (10261767.075.000) 07/25 13:27:04 Started transferring output files
...
040 (10261767.075.000) 07/25 13:27:04 Finished transferring output files
...
005 (10261767.075.000) 07/25 13:27:04 Job terminated.
	(1) Normal termination (return value 0)
		Usr 0 00:00:03, Sys 0 00:00:00  -  Run Remote Usage
		Usr 0 00:00:00, Sys 0 00:00:00  -  Run Local Usage
		Usr 0 00:00:03, Sys 0 00:00:00  -  Total Remote Usage
		Usr 0 00:00:00, Sys 0 00:00:00  -  Total Local Usage
	6204  -  Run Bytes Sent By Job
	409597  -  Run Bytes Received By Job
	6204  -  Total Bytes Sent By Job
	409597  -  Total Bytes Received By Job
	Partitionable Resources :    Usage  Request Allocated 
	   Cpus                 :        0       12        12 
	   Disk (KB)            :      428      425   2690198 
	   Memory (MB)          :        9    24000     24000 

	Job terminated of its own accord at 2024-07-25T11:27:04Z with exit-code 0.
...
000 (10284266.075.000) 08/02 15:44:52 Job submitted from host: <188.185.114.121:9618?addrs=188.185.114.121-9618+[2001-1458-d00-a--100-273]-9618&alias=bigbird19.cern.ch&noUDP&sock=schedd_4961_696e>
...
009 (10284266.075.000) 08/02 15:49:04 Job was aborted.
	via condor_rm (by user yelberke)
...
000 (10284267.075.000) 08/02 15:49:44 Job submitted from host: <188.185.114.121:9618?addrs=188.185.114.121-9618+[2001-1458-d00-a--100-273]-9618&alias=bigbird19.cern.ch&noUDP&sock=schedd_4961_696e>
...
040 (10284267.075.000) 08/02 15:57:38 Started transferring input files
	Transferring to host: <188.185.204.135:9618?addrs=188.185.204.135-9618+[2001-1458-303-8--100-7b]-9618&alias=b9p02p6005.cern.ch&noUDP&sock=slot1_9_3614797_3f0c_105486>
...
040 (10284267.075.000) 08/02 15:57:38 Finished transferring input files
...
001 (10284267.075.000) 08/02 15:57:39 Job executing on host: <188.185.204.135:9618?addrs=188.185.204.135-9618+[2001-1458-303-8--100-7b]-9618&alias=b9p02p6005.cern.ch&noUDP&sock=startd_3614755_d896>
	SlotName: slot1_9@b9p02p6005.cern.ch
	CondorScratchDir = "/pool/condor/dir_2205247"
	Cpus = 12
	Disk = 2900786
	Memory = 24000
...
006 (10284267.075.000) 08/02 15:57:42 Image size of job updated: 402936
	78  -  MemoryUsage of job (MB)
	79324  -  ResidentSetSize of job (KB)
...
040 (10284267.075.000) 08/02 15:57:42 Started transferring output files
...
040 (10284267.075.000) 08/02 15:57:42 Finished transferring output files
...
005 (10284267.075.000) 08/02 15:57:42 Job terminated.
	(1) Normal termination (return value 139)
		Usr 0 00:00:02, Sys 0 00:00:01  -  Run Remote Usage
		Usr 0 00:00:00, Sys 0 00:00:00  -  Run Local Usage
		Usr 0 00:00:02, Sys 0 00:00:01  -  Total Remote Usage
		Usr 0 00:00:00, Sys 0 00:00:00  -  Total Local Usage
	7696  -  Run Bytes Sent By Job
	409597  -  Run Bytes Received By Job
	7696  -  Total Bytes Sent By Job
	409597  -  Total Bytes Received By Job
	Partitionable Resources :    Usage  Request Allocated 
	   Cpus                 :        0       12        12 
	   Disk (KB)            :      431      425   2900786 
	   Memory (MB)          :       78    24000     24000 

	Job terminated of its own accord at 2024-08-02T13:57:42Z with exit-code 139.
...
