000 (10252905.7604.000) 07/24 16:13:26 Job submitted from host: <188.185.114.121:9618?addrs=188.185.114.121-9618+[2001-1458-d00-a--100-273]-9618&alias=bigbird19.cern.ch&noUDP&sock=schedd_4961_696e>
...
009 (10252905.7604.000) 07/24 16:14:55 Job was aborted.
	via condor_rm (by user yelberke)
...
000 (10252906.7604.000) 07/24 16:15:43 Job submitted from host: <188.185.114.121:9618?addrs=188.185.114.121-9618+[2001-1458-d00-a--100-273]-9618&alias=bigbird19.cern.ch&noUDP&sock=schedd_4961_696e>
...
000 (10252907.7604.000) 07/24 16:17:37 Job submitted from host: <188.185.114.121:9618?addrs=188.185.114.121-9618+[2001-1458-d00-a--100-273]-9618&alias=bigbird19.cern.ch&noUDP&sock=schedd_4961_696e>
...
000 (10252908.7604.000) 07/24 16:18:10 Job submitted from host: <188.185.114.121:9618?addrs=188.185.114.121-9618+[2001-1458-d00-a--100-273]-9618&alias=bigbird19.cern.ch&noUDP&sock=schedd_4961_696e>
...
000 (10252909.7604.000) 07/24 16:18:47 Job submitted from host: <188.185.114.121:9618?addrs=188.185.114.121-9618+[2001-1458-d00-a--100-273]-9618&alias=bigbird19.cern.ch&noUDP&sock=schedd_4961_696e>
...
040 (10252906.7604.000) 07/24 17:40:47 Started transferring input files
	Transferring to host: <188.185.205.66:9618?addrs=188.185.205.66-9618+[2001-1458-303-9--100-b6]-9618&alias=b9p03p7552.cern.ch&noUDP&sock=slot1_9_4585_4c14_31276>
...
040 (10252906.7604.000) 07/24 17:40:47 Finished transferring input files
...
001 (10252906.7604.000) 07/24 17:40:48 Job executing on host: <188.185.205.66:9618?addrs=188.185.205.66-9618+[2001-1458-303-9--100-b6]-9618&alias=b9p03p7552.cern.ch&noUDP&sock=startd_3780_5814>
	SlotName: slot1_9@b9p03p7552.cern.ch
	CondorScratchDir = "/pool/condor/dir_695319"
	Cpus = 8
	Disk = 2806697
	Memory = 16000
...
006 (10252906.7604.000) 07/24 17:40:55 Image size of job updated: 160420
	8  -  MemoryUsage of job (MB)
	8068  -  ResidentSetSize of job (KB)
...
040 (10252906.7604.000) 07/24 17:40:55 Started transferring output files
...
040 (10252906.7604.000) 07/24 17:40:55 Finished transferring output files
...
005 (10252906.7604.000) 07/24 17:40:55 Job terminated.
	(1) Normal termination (return value 0)
		Usr 0 00:00:05, Sys 0 00:00:00  -  Run Remote Usage
		Usr 0 00:00:00, Sys 0 00:00:00  -  Run Local Usage
		Usr 0 00:00:05, Sys 0 00:00:00  -  Total Remote Usage
		Usr 0 00:00:00, Sys 0 00:00:00  -  Total Local Usage
	6201  -  Run Bytes Sent By Job
	409597  -  Run Bytes Received By Job
	6201  -  Total Bytes Sent By Job
	409597  -  Total Bytes Received By Job
	Partitionable Resources :    Usage  Request Allocated 
	   Cpus                 :        0        8         8 
	   Disk (KB)            :      427      425   2806697 
	   Memory (MB)          :        8    16000     16000 

	Job terminated of its own accord at 2024-07-24T15:40:55Z with exit-code 0.
...
040 (10252907.7604.000) 07/24 18:39:47 Started transferring input files
	Transferring to host: <188.185.193.38:9618?addrs=188.185.193.38-9618+[2001-1458-303-20--100-22]-9618&alias=b9p19p7135.cern.ch&noUDP&sock=slot1_7_221123_e839_22107>
...
040 (10252907.7604.000) 07/24 18:39:47 Finished transferring input files
...
001 (10252907.7604.000) 07/24 18:39:48 Job executing on host: <188.185.193.38:9618?addrs=188.185.193.38-9618+[2001-1458-303-20--100-22]-9618&alias=b9p19p7135.cern.ch&noUDP&sock=startd_127848_ac2b>
	SlotName: slot1_7@b9p19p7135.cern.ch
	CondorScratchDir = "/pool/condor/dir_3833944"
	Cpus = 8
	Disk = 2918066
	Memory = 16000
...
006 (10252907.7604.000) 07/24 18:39:56 Image size of job updated: 1
	0  -  MemoryUsage of job (MB)
	0  -  ResidentSetSize of job (KB)
...
006 (10252907.7604.000) 07/24 18:40:19 Image size of job updated: 158164
	8  -  MemoryUsage of job (MB)
	7280  -  ResidentSetSize of job (KB)
...
040 (10252907.7604.000) 07/24 18:40:19 Started transferring output files
...
040 (10252907.7604.000) 07/24 18:40:19 Finished transferring output files
...
005 (10252907.7604.000) 07/24 18:40:19 Job terminated.
	(1) Normal termination (return value 0)
		Usr 0 00:00:05, Sys 0 00:00:00  -  Run Remote Usage
		Usr 0 00:00:00, Sys 0 00:00:00  -  Run Local Usage
		Usr 0 00:00:05, Sys 0 00:00:00  -  Total Remote Usage
		Usr 0 00:00:00, Sys 0 00:00:00  -  Total Local Usage
	6204  -  Run Bytes Sent By Job
	409597  -  Run Bytes Received By Job
	6204  -  Total Bytes Sent By Job
	409597  -  Total Bytes Received By Job
	Partitionable Resources :    Usage  Request Allocated 
	   Cpus                 :        0        8         8 
	   Disk (KB)            :      428      425   2918066 
	   Memory (MB)          :        8    16000     16000 

	Job terminated of its own accord at 2024-07-24T16:40:19Z with exit-code 0.
...
040 (10252908.7604.000) 07/24 19:45:15 Started transferring input files
	Transferring to host: <188.185.205.171:9618?addrs=188.185.205.171-9618+[2001-1458-303-a--100-28]-9618&alias=b9p04p2638.cern.ch&noUDP&sock=slot1_7_7287_19c1_73225>
...
040 (10252908.7604.000) 07/24 19:45:15 Finished transferring input files
...
001 (10252908.7604.000) 07/24 19:45:16 Job executing on host: <188.185.205.171:9618?addrs=188.185.205.171-9618+[2001-1458-303-a--100-28]-9618&alias=b9p04p2638.cern.ch&noUDP&sock=startd_5941_9c3e>
	SlotName: slot1_7@b9p04p2638.cern.ch
	CondorScratchDir = "/pool/condor/dir_1087006"
	Cpus = 8
	Disk = 2925085
	Memory = 16000
...
006 (10252908.7604.000) 07/24 19:45:20 Image size of job updated: 156872
	7  -  MemoryUsage of job (MB)
	6856  -  ResidentSetSize of job (KB)
...
040 (10252908.7604.000) 07/24 19:45:20 Started transferring output files
...
040 (10252908.7604.000) 07/24 19:45:20 Finished transferring output files
...
005 (10252908.7604.000) 07/24 19:45:20 Job terminated.
	(1) Normal termination (return value 0)
		Usr 0 00:00:03, Sys 0 00:00:00  -  Run Remote Usage
		Usr 0 00:00:00, Sys 0 00:00:00  -  Run Local Usage
		Usr 0 00:00:03, Sys 0 00:00:00  -  Total Remote Usage
		Usr 0 00:00:00, Sys 0 00:00:00  -  Total Local Usage
	6201  -  Run Bytes Sent By Job
	409597  -  Run Bytes Received By Job
	6201  -  Total Bytes Sent By Job
	409597  -  Total Bytes Received By Job
	Partitionable Resources :    Usage  Request Allocated 
	   Cpus                 :        0        8         8 
	   Disk (KB)            :      428      425   2925085 
	   Memory (MB)          :        7    16000     16000 

	Job terminated of its own accord at 2024-07-24T17:45:20Z with exit-code 0.
...
040 (10252909.7604.000) 07/24 20:39:06 Started transferring input files
	Transferring to host: <188.185.204.233:9618?addrs=188.185.204.233-9618+[2001-1458-303-8--100-66]-9618&alias=b9p02p4919.cern.ch&noUDP&sock=slot1_25_6717_7bea_82379>
...
040 (10252909.7604.000) 07/24 20:39:06 Finished transferring input files
...
001 (10252909.7604.000) 07/24 20:39:07 Job executing on host: <188.185.204.233:9618?addrs=188.185.204.233-9618+[2001-1458-303-8--100-66]-9618&alias=b9p02p4919.cern.ch&noUDP&sock=startd_5363_2680>
	SlotName: slot1_25@b9p02p4919.cern.ch
	CondorScratchDir = "/pool/condor/dir_528195"
	Cpus = 8
	Disk = 2833925
	Memory = 16000
...
006 (10252909.7604.000) 07/24 20:39:11 Image size of job updated: 159604
	8  -  MemoryUsage of job (MB)
	7676  -  ResidentSetSize of job (KB)
...
040 (10252909.7604.000) 07/24 20:39:11 Started transferring output files
...
040 (10252909.7604.000) 07/24 20:39:11 Finished transferring output files
...
005 (10252909.7604.000) 07/24 20:39:11 Job terminated.
	(1) Normal termination (return value 0)
		Usr 0 00:00:03, Sys 0 00:00:00  -  Run Remote Usage
		Usr 0 00:00:00, Sys 0 00:00:00  -  Run Local Usage
		Usr 0 00:00:03, Sys 0 00:00:00  -  Total Remote Usage
		Usr 0 00:00:00, Sys 0 00:00:00  -  Total Local Usage
	6201  -  Run Bytes Sent By Job
	409597  -  Run Bytes Received By Job
	6201  -  Total Bytes Sent By Job
	409597  -  Total Bytes Received By Job
	Partitionable Resources :    Usage  Request Allocated 
	   Cpus                 :        0        8         8 
	   Disk (KB)            :      427      425   2833925 
	   Memory (MB)          :        8    16000     16000 

	Job terminated of its own accord at 2024-07-24T18:39:11Z with exit-code 0.
...
000 (10261715.7604.000) 07/25 13:04:13 Job submitted from host: <188.185.114.121:9618?addrs=188.185.114.121-9618+[2001-1458-d00-a--100-273]-9618&alias=bigbird19.cern.ch&noUDP&sock=schedd_4961_696e>
...
009 (10261715.7604.000) 07/25 13:07:22 Job was aborted.
	via condor_rm (by user yelberke)
...
000 (10261767.7604.000) 07/25 13:21:01 Job submitted from host: <188.185.114.121:9618?addrs=188.185.114.121-9618+[2001-1458-d00-a--100-273]-9618&alias=bigbird19.cern.ch&noUDP&sock=schedd_4961_696e>
...
040 (10261767.7604.000) 07/25 15:10:25 Started transferring input files
	Transferring to host: <188.185.208.177:9618?addrs=188.185.208.177-9618+[2001-1458-303-10--100-2e]-9618&alias=b9p10p2923.cern.ch&noUDP&sock=slot1_6_15296_2a67_26119>
...
040 (10261767.7604.000) 07/25 15:10:25 Finished transferring input files
...
001 (10261767.7604.000) 07/25 15:10:26 Job executing on host: <188.185.208.177:9618?addrs=188.185.208.177-9618+[2001-1458-303-10--100-2e]-9618&alias=b9p10p2923.cern.ch&noUDP&sock=startd_14246_2648>
	SlotName: slot1_6@b9p10p2923.cern.ch
	CondorScratchDir = "/pool/condor/dir_2325993"
	Cpus = 12
	Disk = 2654986
	Memory = 24000
...
006 (10261767.7604.000) 07/25 15:10:32 Image size of job updated: 160248
	7  -  MemoryUsage of job (MB)
	6800  -  ResidentSetSize of job (KB)
...
040 (10261767.7604.000) 07/25 15:10:32 Started transferring output files
...
040 (10261767.7604.000) 07/25 15:10:32 Finished transferring output files
...
005 (10261767.7604.000) 07/25 15:10:32 Job terminated.
	(1) Normal termination (return value 0)
		Usr 0 00:00:04, Sys 0 00:00:00  -  Run Remote Usage
		Usr 0 00:00:00, Sys 0 00:00:00  -  Run Local Usage
		Usr 0 00:00:04, Sys 0 00:00:00  -  Total Remote Usage
		Usr 0 00:00:00, Sys 0 00:00:00  -  Total Local Usage
	6673  -  Run Bytes Sent By Job
	409597  -  Run Bytes Received By Job
	6673  -  Total Bytes Sent By Job
	409597  -  Total Bytes Received By Job
	Partitionable Resources :    Usage  Request Allocated 
	   Cpus                 :        0       12        12 
	   Disk (KB)            :      428      425   2654986 
	   Memory (MB)          :        7    24000     24000 

	Job terminated of its own accord at 2024-07-25T13:10:32Z with exit-code 0.
...
000 (10284266.7604.000) 08/02 15:48:05 Job submitted from host: <188.185.114.121:9618?addrs=188.185.114.121-9618+[2001-1458-d00-a--100-273]-9618&alias=bigbird19.cern.ch&noUDP&sock=schedd_4961_696e>
...
000 (10284267.7604.000) 08/02 15:50:20 Job submitted from host: <188.185.114.121:9618?addrs=188.185.114.121-9618+[2001-1458-d00-a--100-273]-9618&alias=bigbird19.cern.ch&noUDP&sock=schedd_4961_696e>
...
009 (10284266.7604.000) 08/02 15:50:47 Job was aborted.
	via condor_rm (by user yelberke)
...
040 (10284267.7604.000) 08/02 17:24:13 Started transferring input files
	Transferring to host: <188.185.209.141:9618?addrs=188.185.209.141-9618+[2001-1458-303-12--100-a]-9618&alias=b9p12p7822.cern.ch&noUDP&sock=slot1_6_10776_6aaf_154490>
...
040 (10284267.7604.000) 08/02 17:24:13 Finished transferring input files
...
001 (10284267.7604.000) 08/02 17:24:14 Job executing on host: <188.185.209.141:9618?addrs=188.185.209.141-9618+[2001-1458-303-12--100-a]-9618&alias=b9p12p7822.cern.ch&noUDP&sock=startd_9336_4c45>
	SlotName: slot1_6@b9p12p7822.cern.ch
	CondorScratchDir = "/pool/condor/dir_2544556"
	Cpus = 12
	Disk = 2683937
	Memory = 24000
...
006 (10284267.7604.000) 08/02 17:24:16 Image size of job updated: 325972
	5  -  MemoryUsage of job (MB)
	4128  -  ResidentSetSize of job (KB)
...
040 (10284267.7604.000) 08/02 17:24:16 Started transferring output files
...
040 (10284267.7604.000) 08/02 17:24:16 Finished transferring output files
...
005 (10284267.7604.000) 08/02 17:24:19 Job terminated.
	(1) Normal termination (return value 139)
		Usr 0 00:00:01, Sys 0 00:00:00  -  Run Remote Usage
		Usr 0 00:00:00, Sys 0 00:00:00  -  Run Local Usage
		Usr 0 00:00:01, Sys 0 00:00:00  -  Total Remote Usage
		Usr 0 00:00:00, Sys 0 00:00:00  -  Total Local Usage
	7696  -  Run Bytes Sent By Job
	409597  -  Run Bytes Received By Job
	7696  -  Total Bytes Sent By Job
	409597  -  Total Bytes Received By Job
	Partitionable Resources :    Usage  Request Allocated 
	   Cpus                 :        0       12        12 
	   Disk (KB)            :      430      425   2683937 
	   Memory (MB)          :        5    24000     24000 

	Job terminated of its own accord at 2024-08-02T15:24:16Z with exit-code 139.
...
