000 (10252905.7624.000) 07/24 16:13:26 Job submitted from host: <188.185.114.121:9618?addrs=188.185.114.121-9618+[2001-1458-d00-a--100-273]-9618&alias=bigbird19.cern.ch&noUDP&sock=schedd_4961_696e>
...
009 (10252905.7624.000) 07/24 16:14:55 Job was aborted.
	via condor_rm (by user yelberke)
...
000 (10252906.7624.000) 07/24 16:15:43 Job submitted from host: <188.185.114.121:9618?addrs=188.185.114.121-9618+[2001-1458-d00-a--100-273]-9618&alias=bigbird19.cern.ch&noUDP&sock=schedd_4961_696e>
...
000 (10252907.7624.000) 07/24 16:17:37 Job submitted from host: <188.185.114.121:9618?addrs=188.185.114.121-9618+[2001-1458-d00-a--100-273]-9618&alias=bigbird19.cern.ch&noUDP&sock=schedd_4961_696e>
...
000 (10252908.7624.000) 07/24 16:18:10 Job submitted from host: <188.185.114.121:9618?addrs=188.185.114.121-9618+[2001-1458-d00-a--100-273]-9618&alias=bigbird19.cern.ch&noUDP&sock=schedd_4961_696e>
...
000 (10252909.7624.000) 07/24 16:18:47 Job submitted from host: <188.185.114.121:9618?addrs=188.185.114.121-9618+[2001-1458-d00-a--100-273]-9618&alias=bigbird19.cern.ch&noUDP&sock=schedd_4961_696e>
...
040 (10252906.7624.000) 07/24 17:40:53 Started transferring input files
	Transferring to host: <188.185.209.42:9618?addrs=188.185.209.42-9618+[2001-1458-303-11--100-27]-9618&alias=b9p11p1459.cern.ch&noUDP&sock=slot1_4_30448_1ecf_23556>
...
040 (10252906.7624.000) 07/24 17:40:53 Finished transferring input files
...
001 (10252906.7624.000) 07/24 17:40:54 Job executing on host: <188.185.209.42:9618?addrs=188.185.209.42-9618+[2001-1458-303-11--100-27]-9618&alias=b9p11p1459.cern.ch&noUDP&sock=startd_29398_2948>
	SlotName: slot1_4@b9p11p1459.cern.ch
	CondorScratchDir = "/pool/condor/dir_2148279"
	Cpus = 8
	Disk = 2800550
	Memory = 16000
...
006 (10252906.7624.000) 07/24 17:40:59 Image size of job updated: 467956
	308  -  MemoryUsage of job (MB)
	315168  -  ResidentSetSize of job (KB)
...
040 (10252906.7624.000) 07/24 17:40:59 Started transferring output files
...
040 (10252906.7624.000) 07/24 17:40:59 Finished transferring output files
...
005 (10252906.7624.000) 07/24 17:40:59 Job terminated.
	(1) Normal termination (return value 0)
		Usr 0 00:00:03, Sys 0 00:00:00  -  Run Remote Usage
		Usr 0 00:00:00, Sys 0 00:00:00  -  Run Local Usage
		Usr 0 00:00:03, Sys 0 00:00:00  -  Total Remote Usage
		Usr 0 00:00:00, Sys 0 00:00:00  -  Total Local Usage
	6201  -  Run Bytes Sent By Job
	409597  -  Run Bytes Received By Job
	6201  -  Total Bytes Sent By Job
	409597  -  Total Bytes Received By Job
	Partitionable Resources :    Usage  Request Allocated 
	   Cpus                 :        0        8         8 
	   Disk (KB)            :      427      425   2800550 
	   Memory (MB)          :      308    16000     16000 

	Job terminated of its own accord at 2024-07-24T15:40:59Z with exit-code 0.
...
040 (10252907.7624.000) 07/24 18:39:54 Started transferring input files
	Transferring to host: <188.185.206.144:9618?addrs=188.185.206.144-9618+[2001-1458-303-c--100-d]-9618&alias=b9p06p3799.cern.ch&noUDP&sock=slot1_17_6852_9a90_153531>
...
040 (10252907.7624.000) 07/24 18:39:54 Finished transferring input files
...
001 (10252907.7624.000) 07/24 18:39:55 Job executing on host: <188.185.206.144:9618?addrs=188.185.206.144-9618+[2001-1458-303-c--100-d]-9618&alias=b9p06p3799.cern.ch&noUDP&sock=startd_6393_a50c>
	SlotName: slot1_17@b9p06p3799.cern.ch
	CondorScratchDir = "/pool/condor/dir_130315"
	Cpus = 8
	Disk = 2921542
	Memory = 16000
...
006 (10252907.7624.000) 07/24 18:39:59 Image size of job updated: 161144
	9  -  MemoryUsage of job (MB)
	9048  -  ResidentSetSize of job (KB)
...
040 (10252907.7624.000) 07/24 18:39:59 Started transferring output files
...
040 (10252907.7624.000) 07/24 18:39:59 Finished transferring output files
...
005 (10252907.7624.000) 07/24 18:39:59 Job terminated.
	(1) Normal termination (return value 0)
		Usr 0 00:00:03, Sys 0 00:00:00  -  Run Remote Usage
		Usr 0 00:00:00, Sys 0 00:00:00  -  Run Local Usage
		Usr 0 00:00:03, Sys 0 00:00:00  -  Total Remote Usage
		Usr 0 00:00:00, Sys 0 00:00:00  -  Total Local Usage
	6204  -  Run Bytes Sent By Job
	409597  -  Run Bytes Received By Job
	6204  -  Total Bytes Sent By Job
	409597  -  Total Bytes Received By Job
	Partitionable Resources :    Usage  Request Allocated 
	   Cpus                 :        0        8         8 
	   Disk (KB)            :      428      425   2921542 
	   Memory (MB)          :        9    16000     16000 

	Job terminated of its own accord at 2024-07-24T16:39:59Z with exit-code 0.
...
040 (10252908.7624.000) 07/24 19:45:17 Started transferring input files
	Transferring to host: <188.185.205.162:9618?addrs=188.185.205.162-9618+[2001-1458-303-a--100-1f]-9618&alias=b9p04p5294.cern.ch&noUDP&sock=slot1_12_4129_0101_156451>
...
040 (10252908.7624.000) 07/24 19:45:17 Finished transferring input files
...
001 (10252908.7624.000) 07/24 19:45:18 Job executing on host: <188.185.205.162:9618?addrs=188.185.205.162-9618+[2001-1458-303-a--100-1f]-9618&alias=b9p04p5294.cern.ch&noUDP&sock=startd_3797_0131>
	SlotName: slot1_12@b9p04p5294.cern.ch
	CondorScratchDir = "/pool/condor/dir_2835459"
	Cpus = 8
	Disk = 2828613
	Memory = 16000
...
006 (10252908.7624.000) 07/24 19:45:24 Image size of job updated: 161792
	10  -  MemoryUsage of job (MB)
	9476  -  ResidentSetSize of job (KB)
...
040 (10252908.7624.000) 07/24 19:45:24 Started transferring output files
...
040 (10252908.7624.000) 07/24 19:45:24 Finished transferring output files
...
005 (10252908.7624.000) 07/24 19:45:24 Job terminated.
	(1) Normal termination (return value 0)
		Usr 0 00:00:04, Sys 0 00:00:00  -  Run Remote Usage
		Usr 0 00:00:00, Sys 0 00:00:00  -  Run Local Usage
		Usr 0 00:00:04, Sys 0 00:00:00  -  Total Remote Usage
		Usr 0 00:00:00, Sys 0 00:00:00  -  Total Local Usage
	6201  -  Run Bytes Sent By Job
	409597  -  Run Bytes Received By Job
	6201  -  Total Bytes Sent By Job
	409597  -  Total Bytes Received By Job
	Partitionable Resources :    Usage  Request Allocated 
	   Cpus                 :                 8         8 
	   Disk (KB)            :      420      425   2828613 
	   Memory (MB)          :       10    16000     16000 

	Job terminated of its own accord at 2024-07-24T17:45:24Z with exit-code 0.
...
040 (10252909.7624.000) 07/24 20:39:13 Started transferring input files
	Transferring to host: <188.185.205.33:9618?addrs=188.185.205.33-9618+[2001-1458-303-9--100-95]-9618&alias=b9p03p9241.cern.ch&noUDP&sock=slot1_17_6875_cf31_154650>
...
040 (10252909.7624.000) 07/24 20:39:13 Finished transferring input files
...
001 (10252909.7624.000) 07/24 20:39:14 Job executing on host: <188.185.205.33:9618?addrs=188.185.205.33-9618+[2001-1458-303-9--100-95]-9618&alias=b9p03p9241.cern.ch&noUDP&sock=startd_6806_edaa>
	SlotName: slot1_17@b9p03p9241.cern.ch
	CondorScratchDir = "/pool/condor/dir_1220143"
	Cpus = 8
	Disk = 2722143
	Memory = 16000
...
006 (10252909.7624.000) 07/24 20:39:18 Image size of job updated: 158208
	8  -  MemoryUsage of job (MB)
	7884  -  ResidentSetSize of job (KB)
...
040 (10252909.7624.000) 07/24 20:39:18 Started transferring output files
...
040 (10252909.7624.000) 07/24 20:39:18 Finished transferring output files
...
005 (10252909.7624.000) 07/24 20:39:18 Job terminated.
	(1) Normal termination (return value 0)
		Usr 0 00:00:03, Sys 0 00:00:00  -  Run Remote Usage
		Usr 0 00:00:00, Sys 0 00:00:00  -  Run Local Usage
		Usr 0 00:00:03, Sys 0 00:00:00  -  Total Remote Usage
		Usr 0 00:00:00, Sys 0 00:00:00  -  Total Local Usage
	6201  -  Run Bytes Sent By Job
	409597  -  Run Bytes Received By Job
	6201  -  Total Bytes Sent By Job
	409597  -  Total Bytes Received By Job
	Partitionable Resources :    Usage  Request Allocated 
	   Cpus                 :        0        8         8 
	   Disk (KB)            :      427      425   2722143 
	   Memory (MB)          :        8    16000     16000 

	Job terminated of its own accord at 2024-07-24T18:39:18Z with exit-code 0.
...
000 (10261715.7624.000) 07/25 13:04:13 Job submitted from host: <188.185.114.121:9618?addrs=188.185.114.121-9618+[2001-1458-d00-a--100-273]-9618&alias=bigbird19.cern.ch&noUDP&sock=schedd_4961_696e>
...
009 (10261715.7624.000) 07/25 13:07:22 Job was aborted.
	via condor_rm (by user yelberke)
...
000 (10261767.7624.000) 07/25 13:21:01 Job submitted from host: <188.185.114.121:9618?addrs=188.185.114.121-9618+[2001-1458-d00-a--100-273]-9618&alias=bigbird19.cern.ch&noUDP&sock=schedd_4961_696e>
...
040 (10261767.7624.000) 07/25 15:10:31 Started transferring input files
	Transferring to host: <188.185.208.38:9618?addrs=188.185.208.38-9618+[2001-1458-303-f--100-23]-9618&alias=b9p09p2430.cern.ch&noUDP&sock=slot1_7_67626_6277_87902>
...
040 (10261767.7624.000) 07/25 15:10:31 Finished transferring input files
...
001 (10261767.7624.000) 07/25 15:10:32 Job executing on host: <188.185.208.38:9618?addrs=188.185.208.38-9618+[2001-1458-303-f--100-23]-9618&alias=b9p09p2430.cern.ch&noUDP&sock=startd_7200_2dfa>
	SlotName: slot1_7@b9p09p2430.cern.ch
	CondorScratchDir = "/pool/condor/dir_3315745"
	Cpus = 12
	Disk = 2770294
	Memory = 24000
...
006 (10261767.7624.000) 07/25 15:10:38 Image size of job updated: 164396
	9  -  MemoryUsage of job (MB)
	8216  -  ResidentSetSize of job (KB)
...
040 (10261767.7624.000) 07/25 15:10:38 Started transferring output files
...
040 (10261767.7624.000) 07/25 15:10:38 Finished transferring output files
...
005 (10261767.7624.000) 07/25 15:10:38 Job terminated.
	(1) Normal termination (return value 0)
		Usr 0 00:00:05, Sys 0 00:00:00  -  Run Remote Usage
		Usr 0 00:00:00, Sys 0 00:00:00  -  Run Local Usage
		Usr 0 00:00:05, Sys 0 00:00:00  -  Total Remote Usage
		Usr 0 00:00:00, Sys 0 00:00:00  -  Total Local Usage
	6673  -  Run Bytes Sent By Job
	409597  -  Run Bytes Received By Job
	6673  -  Total Bytes Sent By Job
	409597  -  Total Bytes Received By Job
	Partitionable Resources :    Usage  Request Allocated 
	   Cpus                 :        0       12        12 
	   Disk (KB)            :      432      425   2770294 
	   Memory (MB)          :        9    24000     24000 

	Job terminated of its own accord at 2024-07-25T13:10:38Z with exit-code 0.
...
000 (10284266.7624.000) 08/02 15:48:05 Job submitted from host: <188.185.114.121:9618?addrs=188.185.114.121-9618+[2001-1458-d00-a--100-273]-9618&alias=bigbird19.cern.ch&noUDP&sock=schedd_4961_696e>
...
000 (10284267.7624.000) 08/02 15:50:20 Job submitted from host: <188.185.114.121:9618?addrs=188.185.114.121-9618+[2001-1458-d00-a--100-273]-9618&alias=bigbird19.cern.ch&noUDP&sock=schedd_4961_696e>
...
009 (10284266.7624.000) 08/02 15:50:47 Job was aborted.
	via condor_rm (by user yelberke)
...
040 (10284267.7624.000) 08/02 17:24:21 Started transferring input files
	Transferring to host: <188.185.205.121:9618?addrs=188.185.205.121-9618+[2001-1458-303-9--100-76]-9618&alias=b9p03p6955.cern.ch&noUDP&sock=slot1_8_4924_2741_37993>
...
040 (10284267.7624.000) 08/02 17:24:21 Finished transferring input files
...
001 (10284267.7624.000) 08/02 17:24:23 Job executing on host: <188.185.205.121:9618?addrs=188.185.205.121-9618+[2001-1458-303-9--100-76]-9618&alias=b9p03p6955.cern.ch&noUDP&sock=startd_4088_9b40>
	SlotName: slot1_8@b9p03p6955.cern.ch
	CondorScratchDir = "/pool/condor/dir_2628285"
	Cpus = 12
	Disk = 2644647
	Memory = 24000
...
006 (10284267.7624.000) 08/02 17:24:24 Image size of job updated: 325496
	7  -  MemoryUsage of job (MB)
	6192  -  ResidentSetSize of job (KB)
...
040 (10284267.7624.000) 08/02 17:24:25 Started transferring output files
...
040 (10284267.7624.000) 08/02 17:24:25 Finished transferring output files
...
005 (10284267.7624.000) 08/02 17:24:25 Job terminated.
	(1) Normal termination (return value 139)
		Usr 0 00:00:01, Sys 0 00:00:00  -  Run Remote Usage
		Usr 0 00:00:00, Sys 0 00:00:00  -  Run Local Usage
		Usr 0 00:00:01, Sys 0 00:00:00  -  Total Remote Usage
		Usr 0 00:00:00, Sys 0 00:00:00  -  Total Local Usage
	7696  -  Run Bytes Sent By Job
	409597  -  Run Bytes Received By Job
	7696  -  Total Bytes Sent By Job
	409597  -  Total Bytes Received By Job
	Partitionable Resources :    Usage  Request Allocated 
	   Cpus                 :        0       12        12 
	   Disk (KB)            :      430      425   2644647 
	   Memory (MB)          :        7    24000     24000 

	Job terminated of its own accord at 2024-08-02T15:24:24Z with exit-code 139.
...
