000 (10252905.7635.000) 07/24 16:13:26 Job submitted from host: <188.185.114.121:9618?addrs=188.185.114.121-9618+[2001-1458-d00-a--100-273]-9618&alias=bigbird19.cern.ch&noUDP&sock=schedd_4961_696e>
...
009 (10252905.7635.000) 07/24 16:14:55 Job was aborted.
	via condor_rm (by user yelberke)
...
000 (10252906.7635.000) 07/24 16:15:43 Job submitted from host: <188.185.114.121:9618?addrs=188.185.114.121-9618+[2001-1458-d00-a--100-273]-9618&alias=bigbird19.cern.ch&noUDP&sock=schedd_4961_696e>
...
000 (10252907.7635.000) 07/24 16:17:37 Job submitted from host: <188.185.114.121:9618?addrs=188.185.114.121-9618+[2001-1458-d00-a--100-273]-9618&alias=bigbird19.cern.ch&noUDP&sock=schedd_4961_696e>
...
000 (10252908.7635.000) 07/24 16:18:10 Job submitted from host: <188.185.114.121:9618?addrs=188.185.114.121-9618+[2001-1458-d00-a--100-273]-9618&alias=bigbird19.cern.ch&noUDP&sock=schedd_4961_696e>
...
000 (10252909.7635.000) 07/24 16:18:47 Job submitted from host: <188.185.114.121:9618?addrs=188.185.114.121-9618+[2001-1458-d00-a--100-273]-9618&alias=bigbird19.cern.ch&noUDP&sock=schedd_4961_696e>
...
040 (10252906.7635.000) 07/24 17:40:56 Started transferring input files
	Transferring to host: <188.185.205.229:9618?addrs=188.185.205.229-9618&alias=b9p04p6285.cern.ch&noUDP&sock=slot1_32_6895_e6b1_159146>
...
040 (10252906.7635.000) 07/24 17:40:56 Finished transferring input files
...
001 (10252906.7635.000) 07/24 17:40:57 Job executing on host: <188.185.205.229:9618?addrs=188.185.205.229-9618&alias=b9p04p6285.cern.ch&noUDP&sock=startd_6822_e72e>
	SlotName: slot1_32@b9p04p6285.cern.ch
	CondorScratchDir = "/pool/condor/dir_738570"
	Cpus = 8
	Disk = 2648097
	Memory = 16000
...
006 (10252906.7635.000) 07/24 17:41:03 Image size of job updated: 162388
	10  -  MemoryUsage of job (MB)
	9264  -  ResidentSetSize of job (KB)
...
040 (10252906.7635.000) 07/24 17:41:03 Started transferring output files
...
040 (10252906.7635.000) 07/24 17:41:03 Finished transferring output files
...
005 (10252906.7635.000) 07/24 17:41:03 Job terminated.
	(1) Normal termination (return value 0)
		Usr 0 00:00:04, Sys 0 00:00:00  -  Run Remote Usage
		Usr 0 00:00:00, Sys 0 00:00:00  -  Run Local Usage
		Usr 0 00:00:04, Sys 0 00:00:00  -  Total Remote Usage
		Usr 0 00:00:00, Sys 0 00:00:00  -  Total Local Usage
	6201  -  Run Bytes Sent By Job
	409597  -  Run Bytes Received By Job
	6201  -  Total Bytes Sent By Job
	409597  -  Total Bytes Received By Job
	Partitionable Resources :    Usage  Request Allocated 
	   Cpus                 :        0        8         8 
	   Disk (KB)            :      427      425   2648097 
	   Memory (MB)          :       10    16000     16000 

	Job terminated of its own accord at 2024-07-24T15:41:03Z with exit-code 0.
...
040 (10252907.7635.000) 07/24 18:39:57 Started transferring input files
	Transferring to host: <188.185.206.195:9618?addrs=188.185.206.195-9618&alias=b9p06p8468.cern.ch&noUDP&sock=slot1_14_5427_8ff6_158251>
...
040 (10252907.7635.000) 07/24 18:39:57 Finished transferring input files
...
001 (10252907.7635.000) 07/24 18:39:58 Job executing on host: <188.185.206.195:9618?addrs=188.185.206.195-9618&alias=b9p06p8468.cern.ch&noUDP&sock=startd_4975_03c1>
	SlotName: slot1_14@b9p06p8468.cern.ch
	CondorScratchDir = "/pool/condor/dir_2444370"
	Cpus = 8
	Disk = 2750547
	Memory = 16000
...
006 (10252907.7635.000) 07/24 18:40:02 Image size of job updated: 159676
	8  -  MemoryUsage of job (MB)
	7496  -  ResidentSetSize of job (KB)
...
040 (10252907.7635.000) 07/24 18:40:02 Started transferring output files
...
040 (10252907.7635.000) 07/24 18:40:02 Finished transferring output files
...
005 (10252907.7635.000) 07/24 18:40:02 Job terminated.
	(1) Normal termination (return value 0)
		Usr 0 00:00:03, Sys 0 00:00:00  -  Run Remote Usage
		Usr 0 00:00:00, Sys 0 00:00:00  -  Run Local Usage
		Usr 0 00:00:03, Sys 0 00:00:00  -  Total Remote Usage
		Usr 0 00:00:00, Sys 0 00:00:00  -  Total Local Usage
	6204  -  Run Bytes Sent By Job
	409597  -  Run Bytes Received By Job
	6204  -  Total Bytes Sent By Job
	409597  -  Total Bytes Received By Job
	Partitionable Resources :    Usage  Request Allocated 
	   Cpus                 :        0        8         8 
	   Disk (KB)            :      428      425   2750547 
	   Memory (MB)          :        8    16000     16000 

	Job terminated of its own accord at 2024-07-24T16:40:02Z with exit-code 0.
...
040 (10252908.7635.000) 07/24 19:45:28 Started transferring input files
	Transferring to host: <188.185.207.140:9618?addrs=188.185.207.140-9618+[2001-1458-303-e--100-9]-9618&alias=b9p08p7307.cern.ch&noUDP&sock=slot1_10_15058_791d_142357>
...
040 (10252908.7635.000) 07/24 19:45:28 Finished transferring input files
...
001 (10252908.7635.000) 07/24 19:45:29 Job executing on host: <188.185.207.140:9618?addrs=188.185.207.140-9618+[2001-1458-303-e--100-9]-9618&alias=b9p08p7307.cern.ch&noUDP&sock=startd_13708_2054>
	SlotName: slot1_10@b9p08p7307.cern.ch
	CondorScratchDir = "/pool/condor/dir_3045508"
	Cpus = 8
	Disk = 2955260
	Memory = 16000
...
006 (10252908.7635.000) 07/24 19:45:33 Image size of job updated: 156604
	7  -  MemoryUsage of job (MB)
	6648  -  ResidentSetSize of job (KB)
...
040 (10252908.7635.000) 07/24 19:45:33 Started transferring output files
...
040 (10252908.7635.000) 07/24 19:45:33 Finished transferring output files
...
005 (10252908.7635.000) 07/24 19:45:33 Job terminated.
	(1) Normal termination (return value 0)
		Usr 0 00:00:03, Sys 0 00:00:00  -  Run Remote Usage
		Usr 0 00:00:00, Sys 0 00:00:00  -  Run Local Usage
		Usr 0 00:00:03, Sys 0 00:00:00  -  Total Remote Usage
		Usr 0 00:00:00, Sys 0 00:00:00  -  Total Local Usage
	6201  -  Run Bytes Sent By Job
	409597  -  Run Bytes Received By Job
	6201  -  Total Bytes Sent By Job
	409597  -  Total Bytes Received By Job
	Partitionable Resources :    Usage  Request Allocated 
	   Cpus                 :        0        8         8 
	   Disk (KB)            :      428      425   2955260 
	   Memory (MB)          :        7    16000     16000 

	Job terminated of its own accord at 2024-07-24T17:45:33Z with exit-code 0.
...
040 (10252909.7635.000) 07/24 20:39:16 Started transferring input files
	Transferring to host: <188.185.207.175:9618?addrs=188.185.207.175-9618+[2001-1458-303-e--100-2c]-9618&alias=b9p08p6650.cern.ch&noUDP&sock=slot1_16_2053062_a858_99311>
...
040 (10252909.7635.000) 07/24 20:39:16 Finished transferring input files
...
001 (10252909.7635.000) 07/24 20:39:17 Job executing on host: <188.185.207.175:9618?addrs=188.185.207.175-9618+[2001-1458-303-e--100-2c]-9618&alias=b9p08p6650.cern.ch&noUDP&sock=startd_2053021_38b5>
	SlotName: slot1_16@b9p08p6650.cern.ch
	CondorScratchDir = "/pool/condor/dir_1008209"
	Cpus = 8
	Disk = 2558969
	Memory = 16000
...
006 (10252909.7635.000) 07/24 20:39:21 Image size of job updated: 157580
	7  -  MemoryUsage of job (MB)
	6456  -  ResidentSetSize of job (KB)
...
040 (10252909.7635.000) 07/24 20:39:21 Started transferring output files
...
040 (10252909.7635.000) 07/24 20:39:21 Finished transferring output files
...
005 (10252909.7635.000) 07/24 20:39:21 Job terminated.
	(1) Normal termination (return value 0)
		Usr 0 00:00:03, Sys 0 00:00:00  -  Run Remote Usage
		Usr 0 00:00:00, Sys 0 00:00:00  -  Run Local Usage
		Usr 0 00:00:03, Sys 0 00:00:00  -  Total Remote Usage
		Usr 0 00:00:00, Sys 0 00:00:00  -  Total Local Usage
	6201  -  Run Bytes Sent By Job
	409597  -  Run Bytes Received By Job
	6201  -  Total Bytes Sent By Job
	409597  -  Total Bytes Received By Job
	Partitionable Resources :    Usage  Request Allocated 
	   Cpus                 :        0        8         8 
	   Disk (KB)            :      430      425   2558969 
	   Memory (MB)          :        7    16000     16000 

	Job terminated of its own accord at 2024-07-24T18:39:21Z with exit-code 0.
...
000 (10261715.7635.000) 07/25 13:04:14 Job submitted from host: <188.185.114.121:9618?addrs=188.185.114.121-9618+[2001-1458-d00-a--100-273]-9618&alias=bigbird19.cern.ch&noUDP&sock=schedd_4961_696e>
...
009 (10261715.7635.000) 07/25 13:07:22 Job was aborted.
	via condor_rm (by user yelberke)
...
000 (10261767.7635.000) 07/25 13:21:01 Job submitted from host: <188.185.114.121:9618?addrs=188.185.114.121-9618+[2001-1458-d00-a--100-273]-9618&alias=bigbird19.cern.ch&noUDP&sock=schedd_4961_696e>
...
040 (10261767.7635.000) 07/25 15:10:35 Started transferring input files
	Transferring to host: <188.185.194.54:9618?addrs=188.185.194.54-9618+[2001-1458-303-21--100-32]-9618&alias=b9p20p2130.cern.ch&noUDP&sock=slot1_25_524858_b118_7720>
...
040 (10261767.7635.000) 07/25 15:10:35 Finished transferring input files
...
001 (10261767.7635.000) 07/25 15:10:36 Job executing on host: <188.185.194.54:9618?addrs=188.185.194.54-9618+[2001-1458-303-21--100-32]-9618&alias=b9p20p2130.cern.ch&noUDP&sock=startd_128412_8795>
	SlotName: slot1_25@b9p20p2130.cern.ch
	CondorScratchDir = "/pool/condor/dir_3250621"
	Cpus = 12
	Disk = 2952453
	Memory = 24000
...
006 (10261767.7635.000) 07/25 15:10:43 Image size of job updated: 159404
	7  -  MemoryUsage of job (MB)
	6812  -  ResidentSetSize of job (KB)
...
040 (10261767.7635.000) 07/25 15:10:43 Started transferring output files
...
040 (10261767.7635.000) 07/25 15:10:43 Finished transferring output files
...
005 (10261767.7635.000) 07/25 15:10:43 Job terminated.
	(1) Normal termination (return value 0)
		Usr 0 00:00:05, Sys 0 00:00:00  -  Run Remote Usage
		Usr 0 00:00:00, Sys 0 00:00:00  -  Run Local Usage
		Usr 0 00:00:05, Sys 0 00:00:00  -  Total Remote Usage
		Usr 0 00:00:00, Sys 0 00:00:00  -  Total Local Usage
	6673  -  Run Bytes Sent By Job
	409597  -  Run Bytes Received By Job
	6673  -  Total Bytes Sent By Job
	409597  -  Total Bytes Received By Job
	Partitionable Resources :    Usage  Request Allocated 
	   Cpus                 :        0       12        12 
	   Disk (KB)            :      428      425   2952453 
	   Memory (MB)          :        7    24000     24000 

	Job terminated of its own accord at 2024-07-25T13:10:43Z with exit-code 0.
...
000 (10284266.7635.000) 08/02 15:48:06 Job submitted from host: <188.185.114.121:9618?addrs=188.185.114.121-9618+[2001-1458-d00-a--100-273]-9618&alias=bigbird19.cern.ch&noUDP&sock=schedd_4961_696e>
...
000 (10284267.7635.000) 08/02 15:50:20 Job submitted from host: <188.185.114.121:9618?addrs=188.185.114.121-9618+[2001-1458-d00-a--100-273]-9618&alias=bigbird19.cern.ch&noUDP&sock=schedd_4961_696e>
...
009 (10284266.7635.000) 08/02 15:50:47 Job was aborted.
	via condor_rm (by user yelberke)
...
040 (10284267.7635.000) 08/02 17:24:27 Started transferring input files
	Transferring to host: <188.185.206.171:9618?addrs=188.185.206.171-9618+[2001-1458-303-c--100-28]-9618&alias=b9p06p7011.cern.ch&noUDP&sock=slot1_8_6931_4433_166251>
...
040 (10284267.7635.000) 08/02 17:24:27 Finished transferring input files
...
001 (10284267.7635.000) 08/02 17:24:28 Job executing on host: <188.185.206.171:9618?addrs=188.185.206.171-9618+[2001-1458-303-c--100-28]-9618&alias=b9p06p7011.cern.ch&noUDP&sock=startd_6862_56f7>
	SlotName: slot1_8@b9p06p7011.cern.ch
	CondorScratchDir = "/pool/condor/dir_126069"
	Cpus = 12
	Disk = 2737547
	Memory = 24000
...
006 (10284267.7635.000) 08/02 17:24:30 Image size of job updated: 326872
	5  -  MemoryUsage of job (MB)
	4716  -  ResidentSetSize of job (KB)
...
040 (10284267.7635.000) 08/02 17:24:30 Started transferring output files
...
040 (10284267.7635.000) 08/02 17:24:30 Finished transferring output files
...
005 (10284267.7635.000) 08/02 17:24:30 Job terminated.
	(1) Normal termination (return value 139)
		Usr 0 00:00:01, Sys 0 00:00:00  -  Run Remote Usage
		Usr 0 00:00:00, Sys 0 00:00:00  -  Run Local Usage
		Usr 0 00:00:01, Sys 0 00:00:00  -  Total Remote Usage
		Usr 0 00:00:00, Sys 0 00:00:00  -  Total Local Usage
	7696  -  Run Bytes Sent By Job
	409597  -  Run Bytes Received By Job
	7696  -  Total Bytes Sent By Job
	409597  -  Total Bytes Received By Job
	Partitionable Resources :    Usage  Request Allocated 
	   Cpus                 :        0       12        12 
	   Disk (KB)            :      429      425   2737547 
	   Memory (MB)          :        5    24000     24000 

	Job terminated of its own accord at 2024-08-02T15:24:30Z with exit-code 139.
...
