000 (10252905.7713.000) 07/24 16:13:26 Job submitted from host: <188.185.114.121:9618?addrs=188.185.114.121-9618+[2001-1458-d00-a--100-273]-9618&alias=bigbird19.cern.ch&noUDP&sock=schedd_4961_696e>
...
009 (10252905.7713.000) 07/24 16:14:56 Job was aborted.
	via condor_rm (by user yelberke)
...
000 (10252906.7713.000) 07/24 16:15:43 Job submitted from host: <188.185.114.121:9618?addrs=188.185.114.121-9618+[2001-1458-d00-a--100-273]-9618&alias=bigbird19.cern.ch&noUDP&sock=schedd_4961_696e>
...
000 (10252907.7713.000) 07/24 16:17:37 Job submitted from host: <188.185.114.121:9618?addrs=188.185.114.121-9618+[2001-1458-d00-a--100-273]-9618&alias=bigbird19.cern.ch&noUDP&sock=schedd_4961_696e>
...
000 (10252908.7713.000) 07/24 16:18:10 Job submitted from host: <188.185.114.121:9618?addrs=188.185.114.121-9618+[2001-1458-d00-a--100-273]-9618&alias=bigbird19.cern.ch&noUDP&sock=schedd_4961_696e>
...
000 (10252909.7713.000) 07/24 16:18:47 Job submitted from host: <188.185.114.121:9618?addrs=188.185.114.121-9618+[2001-1458-d00-a--100-273]-9618&alias=bigbird19.cern.ch&noUDP&sock=schedd_4961_696e>
...
040 (10252906.7713.000) 07/24 17:41:22 Started transferring input files
	Transferring to host: <188.185.194.103:9618?addrs=188.185.194.103-9618+[2001-1458-303-21--100-63]-9618&alias=b9p20p8653.cern.ch&noUDP&sock=slot1_8_184326_1781_25071>
...
040 (10252906.7713.000) 07/24 17:41:22 Finished transferring input files
...
001 (10252906.7713.000) 07/24 17:41:23 Job executing on host: <188.185.194.103:9618?addrs=188.185.194.103-9618+[2001-1458-303-21--100-63]-9618&alias=b9p20p8653.cern.ch&noUDP&sock=startd_174571_c3a8>
	SlotName: slot1_8@b9p20p8653.cern.ch
	CondorScratchDir = "/pool/condor/dir_2100869"
	Cpus = 8
	Disk = 2832413
	Memory = 16000
...
006 (10252906.7713.000) 07/24 17:41:30 Image size of job updated: 158648
	8  -  MemoryUsage of job (MB)
	7540  -  ResidentSetSize of job (KB)
...
040 (10252906.7713.000) 07/24 17:41:30 Started transferring output files
...
040 (10252906.7713.000) 07/24 17:41:30 Finished transferring output files
...
005 (10252906.7713.000) 07/24 17:41:30 Job terminated.
	(1) Normal termination (return value 0)
		Usr 0 00:00:05, Sys 0 00:00:00  -  Run Remote Usage
		Usr 0 00:00:00, Sys 0 00:00:00  -  Run Local Usage
		Usr 0 00:00:05, Sys 0 00:00:00  -  Total Remote Usage
		Usr 0 00:00:00, Sys 0 00:00:00  -  Total Local Usage
	6201  -  Run Bytes Sent By Job
	409597  -  Run Bytes Received By Job
	6201  -  Total Bytes Sent By Job
	409597  -  Total Bytes Received By Job
	Partitionable Resources :    Usage  Request Allocated 
	   Cpus                 :        0        8         8 
	   Disk (KB)            :      427      425   2832413 
	   Memory (MB)          :        8    16000     16000 

	Job terminated of its own accord at 2024-07-24T15:41:30Z with exit-code 0.
...
040 (10252907.7713.000) 07/24 18:40:24 Started transferring input files
	Transferring to host: <188.185.209.153:9618?addrs=188.185.209.153-9618+[2001-1458-303-12--100-16]-9618&alias=b9p12p2737.cern.ch&noUDP&sock=slot1_32_20313_1893_25360>
...
040 (10252907.7713.000) 07/24 18:40:24 Finished transferring input files
...
001 (10252907.7713.000) 07/24 18:40:25 Job executing on host: <188.185.209.153:9618?addrs=188.185.209.153-9618+[2001-1458-303-12--100-16]-9618&alias=b9p12p2737.cern.ch&noUDP&sock=startd_19159_0f14>
	SlotName: slot1_32@b9p12p2737.cern.ch
	CondorScratchDir = "/pool/condor/dir_1446756"
	Cpus = 8
	Disk = 2881844
	Memory = 16000
...
006 (10252907.7713.000) 07/24 18:40:30 Image size of job updated: 167544
	12  -  MemoryUsage of job (MB)
	11908  -  ResidentSetSize of job (KB)
...
040 (10252907.7713.000) 07/24 18:40:30 Started transferring output files
...
040 (10252907.7713.000) 07/24 18:40:30 Finished transferring output files
...
005 (10252907.7713.000) 07/24 18:40:30 Job terminated.
	(1) Normal termination (return value 0)
		Usr 0 00:00:04, Sys 0 00:00:00  -  Run Remote Usage
		Usr 0 00:00:00, Sys 0 00:00:00  -  Run Local Usage
		Usr 0 00:00:04, Sys 0 00:00:00  -  Total Remote Usage
		Usr 0 00:00:00, Sys 0 00:00:00  -  Total Local Usage
	6204  -  Run Bytes Sent By Job
	409597  -  Run Bytes Received By Job
	6204  -  Total Bytes Sent By Job
	409597  -  Total Bytes Received By Job
	Partitionable Resources :    Usage  Request Allocated 
	   Cpus                 :        0        8         8 
	   Disk (KB)            :      428      425   2881844 
	   Memory (MB)          :       12    16000     16000 

	Job terminated of its own accord at 2024-07-24T16:40:30Z with exit-code 0.
...
040 (10252908.7713.000) 07/24 19:45:49 Started transferring input files
	Transferring to host: <188.185.195.96:9618?addrs=188.185.195.96-9618+[2001-1458-303-22--100-5c]-9618&alias=b9p17p6924.cern.ch&noUDP&sock=slot1_7_184774_bf93_24243>
...
040 (10252908.7713.000) 07/24 19:45:49 Finished transferring input files
...
001 (10252908.7713.000) 07/24 19:45:51 Job executing on host: <188.185.195.96:9618?addrs=188.185.195.96-9618+[2001-1458-303-22--100-5c]-9618&alias=b9p17p6924.cern.ch&noUDP&sock=startd_175038_1662>
	SlotName: slot1_7@b9p17p6924.cern.ch
	CondorScratchDir = "/pool/condor/dir_2031829"
	Cpus = 8
	Disk = 2909460
	Memory = 16000
...
006 (10252908.7713.000) 07/24 19:45:57 Image size of job updated: 160372
	8  -  MemoryUsage of job (MB)
	8040  -  ResidentSetSize of job (KB)
...
040 (10252908.7713.000) 07/24 19:45:57 Started transferring output files
...
040 (10252908.7713.000) 07/24 19:45:57 Finished transferring output files
...
005 (10252908.7713.000) 07/24 19:45:57 Job terminated.
	(1) Normal termination (return value 0)
		Usr 0 00:00:04, Sys 0 00:00:00  -  Run Remote Usage
		Usr 0 00:00:00, Sys 0 00:00:00  -  Run Local Usage
		Usr 0 00:00:04, Sys 0 00:00:00  -  Total Remote Usage
		Usr 0 00:00:00, Sys 0 00:00:00  -  Total Local Usage
	6201  -  Run Bytes Sent By Job
	409597  -  Run Bytes Received By Job
	6201  -  Total Bytes Sent By Job
	409597  -  Total Bytes Received By Job
	Partitionable Resources :    Usage  Request Allocated 
	   Cpus                 :        0        8         8 
	   Disk (KB)            :      427      425   2909460 
	   Memory (MB)          :        8    16000     16000 

	Job terminated of its own accord at 2024-07-24T17:45:57Z with exit-code 0.
...
040 (10252909.7713.000) 07/24 20:39:49 Started transferring input files
	Transferring to host: <188.185.204.243:9618?addrs=188.185.204.243-9618+[2001-1458-303-8--100-70]-9618&alias=b9p02p9109.cern.ch&noUDP&sock=slot1_8_6803_142e_156817>
...
040 (10252909.7713.000) 07/24 20:39:49 Finished transferring input files
...
001 (10252909.7713.000) 07/24 20:39:50 Job executing on host: <188.185.204.243:9618?addrs=188.185.204.243-9618+[2001-1458-303-8--100-70]-9618&alias=b9p02p9109.cern.ch&noUDP&sock=startd_6735_3a70>
	SlotName: slot1_8@b9p02p9109.cern.ch
	CondorScratchDir = "/pool/condor/dir_2001016"
	Cpus = 8
	Disk = 2942036
	Memory = 16000
...
006 (10252909.7713.000) 07/24 20:39:57 Image size of job updated: 157844
	7  -  MemoryUsage of job (MB)
	6516  -  ResidentSetSize of job (KB)
...
040 (10252909.7713.000) 07/24 20:39:57 Started transferring output files
...
040 (10252909.7713.000) 07/24 20:39:57 Finished transferring output files
...
005 (10252909.7713.000) 07/24 20:39:57 Job terminated.
	(1) Normal termination (return value 0)
		Usr 0 00:00:05, Sys 0 00:00:00  -  Run Remote Usage
		Usr 0 00:00:00, Sys 0 00:00:00  -  Run Local Usage
		Usr 0 00:00:05, Sys 0 00:00:00  -  Total Remote Usage
		Usr 0 00:00:00, Sys 0 00:00:00  -  Total Local Usage
	6201  -  Run Bytes Sent By Job
	409597  -  Run Bytes Received By Job
	6201  -  Total Bytes Sent By Job
	409597  -  Total Bytes Received By Job
	Partitionable Resources :    Usage  Request Allocated 
	   Cpus                 :        0        8         8 
	   Disk (KB)            :      428      425   2942036 
	   Memory (MB)          :        7    16000     16000 

	Job terminated of its own accord at 2024-07-24T18:39:57Z with exit-code 0.
...
000 (10261715.7713.000) 07/25 13:04:15 Job submitted from host: <188.185.114.121:9618?addrs=188.185.114.121-9618+[2001-1458-d00-a--100-273]-9618&alias=bigbird19.cern.ch&noUDP&sock=schedd_4961_696e>
...
009 (10261715.7713.000) 07/25 13:07:22 Job was aborted.
	via condor_rm (by user yelberke)
...
000 (10261767.7713.000) 07/25 13:21:02 Job submitted from host: <188.185.114.121:9618?addrs=188.185.114.121-9618+[2001-1458-d00-a--100-273]-9618&alias=bigbird19.cern.ch&noUDP&sock=schedd_4961_696e>
...
040 (10261767.7713.000) 07/25 15:10:59 Started transferring input files
	Transferring to host: <188.185.204.150:9618?addrs=188.185.204.150-9618+[2001-1458-303-8--100-8a]-9618&alias=b9p02p1082.cern.ch&noUDP&sock=slot1_11_10637_7a8a_82718>
...
040 (10261767.7713.000) 07/25 15:10:59 Finished transferring input files
...
001 (10261767.7713.000) 07/25 15:11:00 Job executing on host: <188.185.204.150:9618?addrs=188.185.204.150-9618+[2001-1458-303-8--100-8a]-9618&alias=b9p02p1082.cern.ch&noUDP&sock=startd_9358_635b>
	SlotName: slot1_11@b9p02p1082.cern.ch
	CondorScratchDir = "/pool/condor/dir_2052059"
	Cpus = 12
	Disk = 2695063
	Memory = 24000
...
006 (10261767.7713.000) 07/25 15:11:06 Image size of job updated: 161400
	8  -  MemoryUsage of job (MB)
	7344  -  ResidentSetSize of job (KB)
...
040 (10261767.7713.000) 07/25 15:11:06 Started transferring output files
...
040 (10261767.7713.000) 07/25 15:11:06 Finished transferring output files
...
005 (10261767.7713.000) 07/25 15:11:06 Job terminated.
	(1) Normal termination (return value 0)
		Usr 0 00:00:03, Sys 0 00:00:00  -  Run Remote Usage
		Usr 0 00:00:00, Sys 0 00:00:00  -  Run Local Usage
		Usr 0 00:00:03, Sys 0 00:00:00  -  Total Remote Usage
		Usr 0 00:00:00, Sys 0 00:00:00  -  Total Local Usage
	6673  -  Run Bytes Sent By Job
	409597  -  Run Bytes Received By Job
	6673  -  Total Bytes Sent By Job
	409597  -  Total Bytes Received By Job
	Partitionable Resources :    Usage  Request Allocated 
	   Cpus                 :        0       12        12 
	   Disk (KB)            :      428      425   2695063 
	   Memory (MB)          :        8    24000     24000 

	Job terminated of its own accord at 2024-07-25T13:11:06Z with exit-code 0.
...
000 (10284266.7713.000) 08/02 15:48:09 Job submitted from host: <188.185.114.121:9618?addrs=188.185.114.121-9618+[2001-1458-d00-a--100-273]-9618&alias=bigbird19.cern.ch&noUDP&sock=schedd_4961_696e>
...
000 (10284267.7713.000) 08/02 15:50:20 Job submitted from host: <188.185.114.121:9618?addrs=188.185.114.121-9618+[2001-1458-d00-a--100-273]-9618&alias=bigbird19.cern.ch&noUDP&sock=schedd_4961_696e>
...
009 (10284266.7713.000) 08/02 15:50:48 Job was aborted.
	via condor_rm (by user yelberke)
...
040 (10284267.7713.000) 08/02 17:24:53 Started transferring input files
	Transferring to host: <188.185.207.215:9618?addrs=188.185.207.215-9618+[2001-1458-303-e--100-54]-9618&alias=b9p08p0021.cern.ch&noUDP&sock=slot1_5_11762_2497_153568>
...
040 (10284267.7713.000) 08/02 17:24:53 Finished transferring input files
...
001 (10284267.7713.000) 08/02 17:24:54 Job executing on host: <188.185.207.215:9618?addrs=188.185.207.215-9618+[2001-1458-303-e--100-54]-9618&alias=b9p08p0021.cern.ch&noUDP&sock=startd_10445_facd>
	SlotName: slot1_5@b9p08p0021.cern.ch
	CondorScratchDir = "/pool/condor/dir_941663"
	Cpus = 12
	Disk = 2661577
	Memory = 24000
...
006 (10284267.7713.000) 08/02 17:24:57 Image size of job updated: 328364
	7  -  MemoryUsage of job (MB)
	7164  -  ResidentSetSize of job (KB)
...
040 (10284267.7713.000) 08/02 17:24:57 Started transferring output files
...
040 (10284267.7713.000) 08/02 17:24:57 Finished transferring output files
...
005 (10284267.7713.000) 08/02 17:24:57 Job terminated.
	(1) Normal termination (return value 139)
		Usr 0 00:00:02, Sys 0 00:00:01  -  Run Remote Usage
		Usr 0 00:00:00, Sys 0 00:00:00  -  Run Local Usage
		Usr 0 00:00:02, Sys 0 00:00:01  -  Total Remote Usage
		Usr 0 00:00:00, Sys 0 00:00:00  -  Total Local Usage
	7696  -  Run Bytes Sent By Job
	409597  -  Run Bytes Received By Job
	7696  -  Total Bytes Sent By Job
	409597  -  Total Bytes Received By Job
	Partitionable Resources :    Usage  Request Allocated 
	   Cpus                 :        0       12        12 
	   Disk (KB)            :      430      425   2661577 
	   Memory (MB)          :        7    24000     24000 

	Job terminated of its own accord at 2024-08-02T15:24:57Z with exit-code 139.
...
