000 (10252905.7731.000) 07/24 16:13:26 Job submitted from host: <188.185.114.121:9618?addrs=188.185.114.121-9618+[2001-1458-d00-a--100-273]-9618&alias=bigbird19.cern.ch&noUDP&sock=schedd_4961_696e>
...
009 (10252905.7731.000) 07/24 16:14:56 Job was aborted.
	via condor_rm (by user yelberke)
...
000 (10252906.7731.000) 07/24 16:15:43 Job submitted from host: <188.185.114.121:9618?addrs=188.185.114.121-9618+[2001-1458-d00-a--100-273]-9618&alias=bigbird19.cern.ch&noUDP&sock=schedd_4961_696e>
...
000 (10252907.7731.000) 07/24 16:17:37 Job submitted from host: <188.185.114.121:9618?addrs=188.185.114.121-9618+[2001-1458-d00-a--100-273]-9618&alias=bigbird19.cern.ch&noUDP&sock=schedd_4961_696e>
...
000 (10252908.7731.000) 07/24 16:18:10 Job submitted from host: <188.185.114.121:9618?addrs=188.185.114.121-9618+[2001-1458-d00-a--100-273]-9618&alias=bigbird19.cern.ch&noUDP&sock=schedd_4961_696e>
...
000 (10252909.7731.000) 07/24 16:18:47 Job submitted from host: <188.185.114.121:9618?addrs=188.185.114.121-9618+[2001-1458-d00-a--100-273]-9618&alias=bigbird19.cern.ch&noUDP&sock=schedd_4961_696e>
...
040 (10252906.7731.000) 07/24 17:41:27 Started transferring input files
	Transferring to host: <188.185.205.183:9618?addrs=188.185.205.183-9618&alias=b9p04p6589.cern.ch&noUDP&sock=slot1_4_6896_9b12_154392>
...
040 (10252906.7731.000) 07/24 17:41:27 Finished transferring input files
...
001 (10252906.7731.000) 07/24 17:41:28 Job executing on host: <188.185.205.183:9618?addrs=188.185.205.183-9618&alias=b9p04p6589.cern.ch&noUDP&sock=startd_6829_b457>
	SlotName: slot1_4@b9p04p6589.cern.ch
	CondorScratchDir = "/pool/condor/dir_1692363"
	Cpus = 8
	Disk = 2766113
	Memory = 16000
...
006 (10252906.7731.000) 07/24 17:41:33 Image size of job updated: 162852
	10  -  MemoryUsage of job (MB)
	9644  -  ResidentSetSize of job (KB)
...
040 (10252906.7731.000) 07/24 17:41:33 Started transferring output files
...
040 (10252906.7731.000) 07/24 17:41:33 Finished transferring output files
...
005 (10252906.7731.000) 07/24 17:41:33 Job terminated.
	(1) Normal termination (return value 0)
		Usr 0 00:00:03, Sys 0 00:00:00  -  Run Remote Usage
		Usr 0 00:00:00, Sys 0 00:00:00  -  Run Local Usage
		Usr 0 00:00:03, Sys 0 00:00:00  -  Total Remote Usage
		Usr 0 00:00:00, Sys 0 00:00:00  -  Total Local Usage
	6201  -  Run Bytes Sent By Job
	409597  -  Run Bytes Received By Job
	6201  -  Total Bytes Sent By Job
	409597  -  Total Bytes Received By Job
	Partitionable Resources :    Usage  Request Allocated 
	   Cpus                 :        0        8         8 
	   Disk (KB)            :      427      425   2766113 
	   Memory (MB)          :       10    16000     16000 

	Job terminated of its own accord at 2024-07-24T15:41:33Z with exit-code 0.
...
040 (10252907.7731.000) 07/24 18:40:36 Started transferring input files
	Transferring to host: <188.185.208.204:9618?addrs=188.185.208.204-9618+[2001-1458-303-10--100-49]-9618&alias=b9p10p7122.cern.ch&noUDP&sock=slot1_3_10181_2f77_145537>
...
040 (10252907.7731.000) 07/24 18:40:36 Finished transferring input files
...
001 (10252907.7731.000) 07/24 18:40:37 Job executing on host: <188.185.208.204:9618?addrs=188.185.208.204-9618+[2001-1458-303-10--100-49]-9618&alias=b9p10p7122.cern.ch&noUDP&sock=startd_8805_137b>
	SlotName: slot1_3@b9p10p7122.cern.ch
	CondorScratchDir = "/pool/condor/dir_1966358"
	Cpus = 8
	Disk = 2784484
	Memory = 16000
...
006 (10252907.7731.000) 07/24 18:40:41 Image size of job updated: 158556
	8  -  MemoryUsage of job (MB)
	7756  -  ResidentSetSize of job (KB)
...
040 (10252907.7731.000) 07/24 18:40:41 Started transferring output files
...
040 (10252907.7731.000) 07/24 18:40:41 Finished transferring output files
...
005 (10252907.7731.000) 07/24 18:40:41 Job terminated.
	(1) Normal termination (return value 0)
		Usr 0 00:00:03, Sys 0 00:00:00  -  Run Remote Usage
		Usr 0 00:00:00, Sys 0 00:00:00  -  Run Local Usage
		Usr 0 00:00:03, Sys 0 00:00:00  -  Total Remote Usage
		Usr 0 00:00:00, Sys 0 00:00:00  -  Total Local Usage
	6204  -  Run Bytes Sent By Job
	409597  -  Run Bytes Received By Job
	6204  -  Total Bytes Sent By Job
	409597  -  Total Bytes Received By Job
	Partitionable Resources :    Usage  Request Allocated 
	   Cpus                 :        0        8         8 
	   Disk (KB)            :      428      425   2784484 
	   Memory (MB)          :        8    16000     16000 

	Job terminated of its own accord at 2024-07-24T16:40:41Z with exit-code 0.
...
040 (10252908.7731.000) 07/24 19:45:54 Started transferring input files
	Transferring to host: <188.185.205.73:9618?addrs=188.185.205.73-9618&alias=b9p03p5016.cern.ch&noUDP&sock=slot1_11_7418_66e7_159021>
...
040 (10252908.7731.000) 07/24 19:45:54 Finished transferring input files
...
001 (10252908.7731.000) 07/24 19:45:55 Job executing on host: <188.185.205.73:9618?addrs=188.185.205.73-9618&alias=b9p03p5016.cern.ch&noUDP&sock=startd_7342_946d>
	SlotName: slot1_11@b9p03p5016.cern.ch
	CondorScratchDir = "/pool/condor/dir_1560004"
	Cpus = 8
	Disk = 2516005
	Memory = 16000
...
006 (10252908.7731.000) 07/24 19:46:00 Image size of job updated: 166472
	12  -  MemoryUsage of job (MB)
	11840  -  ResidentSetSize of job (KB)
...
040 (10252908.7731.000) 07/24 19:46:00 Started transferring output files
...
040 (10252908.7731.000) 07/24 19:46:00 Finished transferring output files
...
005 (10252908.7731.000) 07/24 19:46:00 Job terminated.
	(1) Normal termination (return value 0)
		Usr 0 00:00:04, Sys 0 00:00:00  -  Run Remote Usage
		Usr 0 00:00:00, Sys 0 00:00:00  -  Run Local Usage
		Usr 0 00:00:04, Sys 0 00:00:00  -  Total Remote Usage
		Usr 0 00:00:00, Sys 0 00:00:00  -  Total Local Usage
	6201  -  Run Bytes Sent By Job
	409597  -  Run Bytes Received By Job
	6201  -  Total Bytes Sent By Job
	409597  -  Total Bytes Received By Job
	Partitionable Resources :    Usage  Request Allocated 
	   Cpus                 :        0        8         8 
	   Disk (KB)            :      427      425   2516005 
	   Memory (MB)          :       12    16000     16000 

	Job terminated of its own accord at 2024-07-24T17:46:00Z with exit-code 0.
...
040 (10252909.7731.000) 07/24 20:39:50 Started transferring input files
	Transferring to host: <188.185.207.226:9618?addrs=188.185.207.226-9618+[2001-1458-303-e--100-5f]-9618&alias=b9p08p5331.cern.ch&noUDP&sock=slot1_9_6252_d977_144243>
...
040 (10252909.7731.000) 07/24 20:39:50 Finished transferring input files
...
001 (10252909.7731.000) 07/24 20:39:51 Job executing on host: <188.185.207.226:9618?addrs=188.185.207.226-9618+[2001-1458-303-e--100-5f]-9618&alias=b9p08p5331.cern.ch&noUDP&sock=startd_5081_b8cb>
	SlotName: slot1_9@b9p08p5331.cern.ch
	CondorScratchDir = "/pool/condor/dir_1601083"
	Cpus = 8
	Disk = 2701043
	Memory = 16000
...
006 (10252909.7731.000) 07/24 20:39:57 Image size of job updated: 161268
	10  -  MemoryUsage of job (MB)
	9276  -  ResidentSetSize of job (KB)
...
040 (10252909.7731.000) 07/24 20:39:57 Started transferring output files
...
040 (10252909.7731.000) 07/24 20:39:57 Finished transferring output files
...
005 (10252909.7731.000) 07/24 20:39:57 Job terminated.
	(1) Normal termination (return value 0)
		Usr 0 00:00:04, Sys 0 00:00:00  -  Run Remote Usage
		Usr 0 00:00:00, Sys 0 00:00:00  -  Run Local Usage
		Usr 0 00:00:04, Sys 0 00:00:00  -  Total Remote Usage
		Usr 0 00:00:00, Sys 0 00:00:00  -  Total Local Usage
	6201  -  Run Bytes Sent By Job
	409597  -  Run Bytes Received By Job
	6201  -  Total Bytes Sent By Job
	409597  -  Total Bytes Received By Job
	Partitionable Resources :    Usage  Request Allocated 
	   Cpus                 :        0        8         8 
	   Disk (KB)            :      428      425   2701043 
	   Memory (MB)          :       10    16000     16000 

	Job terminated of its own accord at 2024-07-24T18:39:57Z with exit-code 0.
...
000 (10261715.7731.000) 07/25 13:04:16 Job submitted from host: <188.185.114.121:9618?addrs=188.185.114.121-9618+[2001-1458-d00-a--100-273]-9618&alias=bigbird19.cern.ch&noUDP&sock=schedd_4961_696e>
...
009 (10261715.7731.000) 07/25 13:07:22 Job was aborted.
	via condor_rm (by user yelberke)
...
000 (10261767.7731.000) 07/25 13:21:02 Job submitted from host: <188.185.114.121:9618?addrs=188.185.114.121-9618+[2001-1458-d00-a--100-273]-9618&alias=bigbird19.cern.ch&noUDP&sock=schedd_4961_696e>
...
040 (10261767.7731.000) 07/25 15:11:04 Started transferring input files
	Transferring to host: <188.185.209.157:9618?addrs=188.185.209.157-9618+[2001-1458-303-12--100-1a]-9618&alias=b9p12p8632.cern.ch&noUDP&sock=slot1_6_15166_91a2_143870>
...
040 (10261767.7731.000) 07/25 15:11:04 Finished transferring input files
...
001 (10261767.7731.000) 07/25 15:11:05 Job executing on host: <188.185.209.157:9618?addrs=188.185.209.157-9618+[2001-1458-303-12--100-1a]-9618&alias=b9p12p8632.cern.ch&noUDP&sock=startd_13710_7f85>
	SlotName: slot1_6@b9p12p8632.cern.ch
	CondorScratchDir = "/pool/condor/dir_1801324"
	Cpus = 12
	Disk = 2678104
	Memory = 24000
...
006 (10261767.7731.000) 07/25 15:11:10 Image size of job updated: 165760
	10  -  MemoryUsage of job (MB)
	9792  -  ResidentSetSize of job (KB)
...
040 (10261767.7731.000) 07/25 15:11:10 Started transferring output files
...
040 (10261767.7731.000) 07/25 15:11:10 Finished transferring output files
...
005 (10261767.7731.000) 07/25 15:11:10 Job terminated.
	(1) Normal termination (return value 0)
		Usr 0 00:00:03, Sys 0 00:00:00  -  Run Remote Usage
		Usr 0 00:00:00, Sys 0 00:00:00  -  Run Local Usage
		Usr 0 00:00:03, Sys 0 00:00:00  -  Total Remote Usage
		Usr 0 00:00:00, Sys 0 00:00:00  -  Total Local Usage
	6673  -  Run Bytes Sent By Job
	409597  -  Run Bytes Received By Job
	6673  -  Total Bytes Sent By Job
	409597  -  Total Bytes Received By Job
	Partitionable Resources :    Usage  Request Allocated 
	   Cpus                 :        0       12        12 
	   Disk (KB)            :      428      425   2678104 
	   Memory (MB)          :       10    24000     24000 

	Job terminated of its own accord at 2024-07-25T13:11:10Z with exit-code 0.
...
000 (10284266.7731.000) 08/02 15:48:09 Job submitted from host: <188.185.114.121:9618?addrs=188.185.114.121-9618+[2001-1458-d00-a--100-273]-9618&alias=bigbird19.cern.ch&noUDP&sock=schedd_4961_696e>
...
000 (10284267.7731.000) 08/02 15:50:20 Job submitted from host: <188.185.114.121:9618?addrs=188.185.114.121-9618+[2001-1458-d00-a--100-273]-9618&alias=bigbird19.cern.ch&noUDP&sock=schedd_4961_696e>
...
009 (10284266.7731.000) 08/02 15:50:48 Job was aborted.
	via condor_rm (by user yelberke)
...
040 (10284267.7731.000) 08/02 17:24:59 Started transferring input files
	Transferring to host: <188.185.205.8:9618?addrs=188.185.205.8-9618&alias=b9p03p5729.cern.ch&noUDP&sock=slot1_4_6871_fdb0_166170>
...
040 (10284267.7731.000) 08/02 17:24:59 Finished transferring input files
...
001 (10284267.7731.000) 08/02 17:25:00 Job executing on host: <188.185.205.8:9618?addrs=188.185.205.8-9618&alias=b9p03p5729.cern.ch&noUDP&sock=startd_6798_70e8>
	SlotName: slot1_4@b9p03p5729.cern.ch
	CondorScratchDir = "/pool/condor/dir_3391026"
	Cpus = 12
	Disk = 2699954
	Memory = 24000
...
006 (10284267.7731.000) 08/02 17:25:02 Image size of job updated: 327564
	6  -  MemoryUsage of job (MB)
	5744  -  ResidentSetSize of job (KB)
...
040 (10284267.7731.000) 08/02 17:25:02 Started transferring output files
...
040 (10284267.7731.000) 08/02 17:25:02 Finished transferring output files
...
005 (10284267.7731.000) 08/02 17:25:02 Job terminated.
	(1) Normal termination (return value 139)
		Usr 0 00:00:01, Sys 0 00:00:01  -  Run Remote Usage
		Usr 0 00:00:00, Sys 0 00:00:00  -  Run Local Usage
		Usr 0 00:00:01, Sys 0 00:00:01  -  Total Remote Usage
		Usr 0 00:00:00, Sys 0 00:00:00  -  Total Local Usage
	7696  -  Run Bytes Sent By Job
	409597  -  Run Bytes Received By Job
	7696  -  Total Bytes Sent By Job
	409597  -  Total Bytes Received By Job
	Partitionable Resources :    Usage  Request Allocated 
	   Cpus                 :        0       12        12 
	   Disk (KB)            :      429      425   2699954 
	   Memory (MB)          :        6    24000     24000 

	Job terminated of its own accord at 2024-08-02T15:25:02Z with exit-code 139.
...
