000 (10252905.7811.000) 07/24 16:13:26 Job submitted from host: <188.185.114.121:9618?addrs=188.185.114.121-9618+[2001-1458-d00-a--100-273]-9618&alias=bigbird19.cern.ch&noUDP&sock=schedd_4961_696e>
...
009 (10252905.7811.000) 07/24 16:14:56 Job was aborted.
	via condor_rm (by user yelberke)
...
000 (10252906.7811.000) 07/24 16:15:43 Job submitted from host: <188.185.114.121:9618?addrs=188.185.114.121-9618+[2001-1458-d00-a--100-273]-9618&alias=bigbird19.cern.ch&noUDP&sock=schedd_4961_696e>
...
000 (10252907.7811.000) 07/24 16:17:37 Job submitted from host: <188.185.114.121:9618?addrs=188.185.114.121-9618+[2001-1458-d00-a--100-273]-9618&alias=bigbird19.cern.ch&noUDP&sock=schedd_4961_696e>
...
000 (10252908.7811.000) 07/24 16:18:10 Job submitted from host: <188.185.114.121:9618?addrs=188.185.114.121-9618+[2001-1458-d00-a--100-273]-9618&alias=bigbird19.cern.ch&noUDP&sock=schedd_4961_696e>
...
000 (10252909.7811.000) 07/24 16:18:47 Job submitted from host: <188.185.114.121:9618?addrs=188.185.114.121-9618+[2001-1458-d00-a--100-273]-9618&alias=bigbird19.cern.ch&noUDP&sock=schedd_4961_696e>
...
040 (10252906.7811.000) 07/24 17:41:51 Started transferring input files
	Transferring to host: <188.185.206.143:9618?addrs=188.185.206.143-9618+[2001-1458-303-c--100-c]-9618&alias=b9p06p8627.cern.ch&noUDP&sock=slot1_3_2260572_398e_46475>
...
040 (10252906.7811.000) 07/24 17:41:51 Finished transferring input files
...
001 (10252906.7811.000) 07/24 17:41:52 Job executing on host: <188.185.206.143:9618?addrs=188.185.206.143-9618+[2001-1458-303-c--100-c]-9618&alias=b9p06p8627.cern.ch&noUDP&sock=startd_6828_04bf>
	SlotName: slot1_3@b9p06p8627.cern.ch
	CondorScratchDir = "/pool/condor/dir_1907598"
	Cpus = 8
	Disk = 2680610
	Memory = 16000
...
006 (10252906.7811.000) 07/24 17:41:57 Image size of job updated: 161572
	9  -  MemoryUsage of job (MB)
	9180  -  ResidentSetSize of job (KB)
...
040 (10252906.7811.000) 07/24 17:41:57 Started transferring output files
...
040 (10252906.7811.000) 07/24 17:41:57 Finished transferring output files
...
005 (10252906.7811.000) 07/24 17:41:57 Job terminated.
	(1) Normal termination (return value 0)
		Usr 0 00:00:03, Sys 0 00:00:00  -  Run Remote Usage
		Usr 0 00:00:00, Sys 0 00:00:00  -  Run Local Usage
		Usr 0 00:00:03, Sys 0 00:00:00  -  Total Remote Usage
		Usr 0 00:00:00, Sys 0 00:00:00  -  Total Local Usage
	6201  -  Run Bytes Sent By Job
	409597  -  Run Bytes Received By Job
	6201  -  Total Bytes Sent By Job
	409597  -  Total Bytes Received By Job
	Partitionable Resources :    Usage  Request Allocated 
	   Cpus                 :        0        8         8 
	   Disk (KB)            :      427      425   2680610 
	   Memory (MB)          :        9    16000     16000 

	Job terminated of its own accord at 2024-07-24T15:41:57Z with exit-code 0.
...
040 (10252907.7811.000) 07/24 18:41:30 Started transferring input files
	Transferring to host: <188.185.208.145:9618?addrs=188.185.208.145-9618+[2001-1458-303-10--100-e]-9618&alias=b9p10p1680.cern.ch&noUDP&sock=slot1_7_12955_b828_25452>
...
040 (10252907.7811.000) 07/24 18:41:30 Finished transferring input files
...
001 (10252907.7811.000) 07/24 18:41:31 Job executing on host: <188.185.208.145:9618?addrs=188.185.208.145-9618+[2001-1458-303-10--100-e]-9618&alias=b9p10p1680.cern.ch&noUDP&sock=startd_11975_6eb4>
	SlotName: slot1_7@b9p10p1680.cern.ch
	CondorScratchDir = "/pool/condor/dir_3836666"
	Cpus = 8
	Disk = 2792843
	Memory = 16000
...
006 (10252907.7811.000) 07/24 18:41:35 Image size of job updated: 157836
	8  -  MemoryUsage of job (MB)
	7440  -  ResidentSetSize of job (KB)
...
040 (10252907.7811.000) 07/24 18:41:35 Started transferring output files
...
040 (10252907.7811.000) 07/24 18:41:35 Finished transferring output files
...
005 (10252907.7811.000) 07/24 18:41:35 Job terminated.
	(1) Normal termination (return value 0)
		Usr 0 00:00:03, Sys 0 00:00:00  -  Run Remote Usage
		Usr 0 00:00:00, Sys 0 00:00:00  -  Run Local Usage
		Usr 0 00:00:03, Sys 0 00:00:00  -  Total Remote Usage
		Usr 0 00:00:00, Sys 0 00:00:00  -  Total Local Usage
	6204  -  Run Bytes Sent By Job
	409597  -  Run Bytes Received By Job
	6204  -  Total Bytes Sent By Job
	409597  -  Total Bytes Received By Job
	Partitionable Resources :    Usage  Request Allocated 
	   Cpus                 :        0        8         8 
	   Disk (KB)            :      428      425   2792843 
	   Memory (MB)          :        8    16000     16000 

	Job terminated of its own accord at 2024-07-24T16:41:35Z with exit-code 0.
...
040 (10252908.7811.000) 07/24 19:46:24 Started transferring input files
	Transferring to host: <188.185.206.176:9618?addrs=188.185.206.176-9618&alias=b9p06p2041.cern.ch&noUDP&sock=slot1_1_6897_4f72_152918>
...
040 (10252908.7811.000) 07/24 19:46:24 Finished transferring input files
...
001 (10252908.7811.000) 07/24 19:46:25 Job executing on host: <188.185.206.176:9618?addrs=188.185.206.176-9618&alias=b9p06p2041.cern.ch&noUDP&sock=startd_6825_f5f6>
	SlotName: slot1_1@b9p06p2041.cern.ch
	CondorScratchDir = "/pool/condor/dir_2458923"
	Cpus = 8
	Disk = 2886761
	Memory = 16000
...
006 (10252908.7811.000) 07/24 19:46:29 Image size of job updated: 169516
	13  -  MemoryUsage of job (MB)
	12720  -  ResidentSetSize of job (KB)
...
040 (10252908.7811.000) 07/24 19:46:29 Started transferring output files
...
040 (10252908.7811.000) 07/24 19:46:29 Finished transferring output files
...
005 (10252908.7811.000) 07/24 19:46:29 Job terminated.
	(1) Normal termination (return value 0)
		Usr 0 00:00:03, Sys 0 00:00:00  -  Run Remote Usage
		Usr 0 00:00:00, Sys 0 00:00:00  -  Run Local Usage
		Usr 0 00:00:03, Sys 0 00:00:00  -  Total Remote Usage
		Usr 0 00:00:00, Sys 0 00:00:00  -  Total Local Usage
	6201  -  Run Bytes Sent By Job
	409597  -  Run Bytes Received By Job
	6201  -  Total Bytes Sent By Job
	409597  -  Total Bytes Received By Job
	Partitionable Resources :    Usage  Request Allocated 
	   Cpus                 :        0        8         8 
	   Disk (KB)            :      428      425   2886761 
	   Memory (MB)          :       13    16000     16000 

	Job terminated of its own accord at 2024-07-24T17:46:29Z with exit-code 0.
...
040 (10252909.7811.000) 07/24 20:40:16 Started transferring input files
	Transferring to host: <188.185.198.16:9618?addrs=188.185.198.16-9618+[2001-1458-303-25--100-c]-9618&alias=b9p15p6846.cern.ch&noUDP&sock=slot1_37_1679189_4e95_3400>
...
040 (10252909.7811.000) 07/24 20:40:16 Finished transferring input files
...
001 (10252909.7811.000) 07/24 20:40:17 Job executing on host: <188.185.198.16:9618?addrs=188.185.198.16-9618+[2001-1458-303-25--100-c]-9618&alias=b9p15p6846.cern.ch&noUDP&sock=startd_127058_cc59>
	SlotName: slot1_37@b9p15p6846.cern.ch
	CondorScratchDir = "/pool/condor/dir_2936625"
	Cpus = 8
	Disk = 2978079
	Memory = 16000
...
006 (10252909.7811.000) 07/24 20:40:22 Image size of job updated: 156932
	7  -  MemoryUsage of job (MB)
	6944  -  ResidentSetSize of job (KB)
...
040 (10252909.7811.000) 07/24 20:40:22 Started transferring output files
...
040 (10252909.7811.000) 07/24 20:40:22 Finished transferring output files
...
005 (10252909.7811.000) 07/24 20:40:22 Job terminated.
	(1) Normal termination (return value 0)
		Usr 0 00:00:04, Sys 0 00:00:00  -  Run Remote Usage
		Usr 0 00:00:00, Sys 0 00:00:00  -  Run Local Usage
		Usr 0 00:00:04, Sys 0 00:00:00  -  Total Remote Usage
		Usr 0 00:00:00, Sys 0 00:00:00  -  Total Local Usage
	6201  -  Run Bytes Sent By Job
	409597  -  Run Bytes Received By Job
	6201  -  Total Bytes Sent By Job
	409597  -  Total Bytes Received By Job
	Partitionable Resources :    Usage  Request Allocated 
	   Cpus                 :        0        8         8 
	   Disk (KB)            :      428      425   2978079 
	   Memory (MB)          :        7    16000     16000 

	Job terminated of its own accord at 2024-07-24T18:40:22Z with exit-code 0.
...
000 (10261715.7811.000) 07/25 13:04:17 Job submitted from host: <188.185.114.121:9618?addrs=188.185.114.121-9618+[2001-1458-d00-a--100-273]-9618&alias=bigbird19.cern.ch&noUDP&sock=schedd_4961_696e>
...
009 (10261715.7811.000) 07/25 13:07:23 Job was aborted.
	via condor_rm (by user yelberke)
...
000 (10261767.7811.000) 07/25 13:21:03 Job submitted from host: <188.185.114.121:9618?addrs=188.185.114.121-9618+[2001-1458-d00-a--100-273]-9618&alias=bigbird19.cern.ch&noUDP&sock=schedd_4961_696e>
...
040 (10261767.7811.000) 07/25 15:11:33 Started transferring input files
	Transferring to host: <188.185.204.200:9618?addrs=188.185.204.200-9618+[2001-1458-303-8--100-bc]-9618&alias=b9p02p1911.cern.ch&noUDP&sock=slot1_21_7272_8821_157195>
...
040 (10261767.7811.000) 07/25 15:11:33 Finished transferring input files
...
001 (10261767.7811.000) 07/25 15:11:34 Job executing on host: <188.185.204.200:9618?addrs=188.185.204.200-9618+[2001-1458-303-8--100-bc]-9618&alias=b9p02p1911.cern.ch&noUDP&sock=startd_7203_3cc3>
	SlotName: slot1_21@b9p02p1911.cern.ch
	CondorScratchDir = "/pool/condor/dir_3474824"
	Cpus = 12
	Disk = 2862115
	Memory = 24000
...
006 (10261767.7811.000) 07/25 15:11:38 Image size of job updated: 170880
	13  -  MemoryUsage of job (MB)
	12784  -  ResidentSetSize of job (KB)
...
040 (10261767.7811.000) 07/25 15:11:38 Started transferring output files
...
040 (10261767.7811.000) 07/25 15:11:38 Finished transferring output files
...
005 (10261767.7811.000) 07/25 15:11:38 Job terminated.
	(1) Normal termination (return value 0)
		Usr 0 00:00:03, Sys 0 00:00:00  -  Run Remote Usage
		Usr 0 00:00:00, Sys 0 00:00:00  -  Run Local Usage
		Usr 0 00:00:03, Sys 0 00:00:00  -  Total Remote Usage
		Usr 0 00:00:00, Sys 0 00:00:00  -  Total Local Usage
	6673  -  Run Bytes Sent By Job
	409597  -  Run Bytes Received By Job
	6673  -  Total Bytes Sent By Job
	409597  -  Total Bytes Received By Job
	Partitionable Resources :    Usage  Request Allocated 
	   Cpus                 :        0       12        12 
	   Disk (KB)            :      428      425   2862115 
	   Memory (MB)          :       13    24000     24000 

	Job terminated of its own accord at 2024-07-25T13:11:38Z with exit-code 0.
...
000 (10284266.7811.000) 08/02 15:48:12 Job submitted from host: <188.185.114.121:9618?addrs=188.185.114.121-9618+[2001-1458-d00-a--100-273]-9618&alias=bigbird19.cern.ch&noUDP&sock=schedd_4961_696e>
...
000 (10284267.7811.000) 08/02 15:50:21 Job submitted from host: <188.185.114.121:9618?addrs=188.185.114.121-9618+[2001-1458-d00-a--100-273]-9618&alias=bigbird19.cern.ch&noUDP&sock=schedd_4961_696e>
...
009 (10284266.7811.000) 08/02 15:50:48 Job was aborted.
	via condor_rm (by user yelberke)
...
040 (10284267.7811.000) 08/02 17:25:29 Started transferring input files
	Transferring to host: <188.185.209.87:9618?addrs=188.185.209.87-9618+[2001-1458-303-11--100-54]-9618&alias=b9p11p2849.cern.ch&noUDP&sock=slot1_9_5335_bd72_153160>
...
040 (10284267.7811.000) 08/02 17:25:29 Finished transferring input files
...
001 (10284267.7811.000) 08/02 17:25:30 Job executing on host: <188.185.209.87:9618?addrs=188.185.209.87-9618+[2001-1458-303-11--100-54]-9618&alias=b9p11p2849.cern.ch&noUDP&sock=startd_4300_0554>
	SlotName: slot1_9@b9p11p2849.cern.ch
	CondorScratchDir = "/pool/condor/dir_3561833"
	Cpus = 12
	Disk = 2936451
	Memory = 24000
...
006 (10284267.7811.000) 08/02 17:25:32 Image size of job updated: 327956
	8  -  MemoryUsage of job (MB)
	7352  -  ResidentSetSize of job (KB)
...
040 (10284267.7811.000) 08/02 17:25:32 Started transferring output files
...
040 (10284267.7811.000) 08/02 17:25:32 Finished transferring output files
...
005 (10284267.7811.000) 08/02 17:25:32 Job terminated.
	(1) Normal termination (return value 139)
		Usr 0 00:00:01, Sys 0 00:00:01  -  Run Remote Usage
		Usr 0 00:00:00, Sys 0 00:00:00  -  Run Local Usage
		Usr 0 00:00:01, Sys 0 00:00:01  -  Total Remote Usage
		Usr 0 00:00:00, Sys 0 00:00:00  -  Total Local Usage
	7696  -  Run Bytes Sent By Job
	409597  -  Run Bytes Received By Job
	7696  -  Total Bytes Sent By Job
	409597  -  Total Bytes Received By Job
	Partitionable Resources :    Usage  Request Allocated 
	   Cpus                 :                12        12 
	   Disk (KB)            :      422      425   2936451 
	   Memory (MB)          :        8    24000     24000 

	Job terminated of its own accord at 2024-08-02T15:25:32Z with exit-code 139.
...
