000 (10252905.7815.000) 07/24 16:13:26 Job submitted from host: <188.185.114.121:9618?addrs=188.185.114.121-9618+[2001-1458-d00-a--100-273]-9618&alias=bigbird19.cern.ch&noUDP&sock=schedd_4961_696e>
...
009 (10252905.7815.000) 07/24 16:14:56 Job was aborted.
	via condor_rm (by user yelberke)
...
000 (10252906.7815.000) 07/24 16:15:43 Job submitted from host: <188.185.114.121:9618?addrs=188.185.114.121-9618+[2001-1458-d00-a--100-273]-9618&alias=bigbird19.cern.ch&noUDP&sock=schedd_4961_696e>
...
000 (10252907.7815.000) 07/24 16:17:37 Job submitted from host: <188.185.114.121:9618?addrs=188.185.114.121-9618+[2001-1458-d00-a--100-273]-9618&alias=bigbird19.cern.ch&noUDP&sock=schedd_4961_696e>
...
000 (10252908.7815.000) 07/24 16:18:10 Job submitted from host: <188.185.114.121:9618?addrs=188.185.114.121-9618+[2001-1458-d00-a--100-273]-9618&alias=bigbird19.cern.ch&noUDP&sock=schedd_4961_696e>
...
000 (10252909.7815.000) 07/24 16:18:47 Job submitted from host: <188.185.114.121:9618?addrs=188.185.114.121-9618+[2001-1458-d00-a--100-273]-9618&alias=bigbird19.cern.ch&noUDP&sock=schedd_4961_696e>
...
040 (10252906.7815.000) 07/24 17:41:52 Started transferring input files
	Transferring to host: <188.185.205.63:9618?addrs=188.185.205.63-9618&alias=b9p03p3877.cern.ch&noUDP&sock=slot1_15_7369_e085_157135>
...
040 (10252906.7815.000) 07/24 17:41:52 Finished transferring input files
...
001 (10252906.7815.000) 07/24 17:41:53 Job executing on host: <188.185.205.63:9618?addrs=188.185.205.63-9618&alias=b9p03p3877.cern.ch&noUDP&sock=startd_7252_d8e7>
	SlotName: slot1_15@b9p03p3877.cern.ch
	CondorScratchDir = "/pool/condor/dir_3616365"
	Cpus = 8
	Disk = 2783277
	Memory = 16000
...
006 (10252906.7815.000) 07/24 17:41:58 Image size of job updated: 162936
	10  -  MemoryUsage of job (MB)
	9340  -  ResidentSetSize of job (KB)
...
040 (10252906.7815.000) 07/24 17:41:58 Started transferring output files
...
040 (10252906.7815.000) 07/24 17:41:58 Finished transferring output files
...
005 (10252906.7815.000) 07/24 17:41:58 Job terminated.
	(1) Normal termination (return value 0)
		Usr 0 00:00:03, Sys 0 00:00:00  -  Run Remote Usage
		Usr 0 00:00:00, Sys 0 00:00:00  -  Run Local Usage
		Usr 0 00:00:03, Sys 0 00:00:00  -  Total Remote Usage
		Usr 0 00:00:00, Sys 0 00:00:00  -  Total Local Usage
	6201  -  Run Bytes Sent By Job
	409597  -  Run Bytes Received By Job
	6201  -  Total Bytes Sent By Job
	409597  -  Total Bytes Received By Job
	Partitionable Resources :    Usage  Request Allocated 
	   Cpus                 :        0        8         8 
	   Disk (KB)            :      427      425   2783277 
	   Memory (MB)          :       10    16000     16000 

	Job terminated of its own accord at 2024-07-24T15:41:58Z with exit-code 0.
...
040 (10252907.7815.000) 07/24 18:41:32 Started transferring input files
	Transferring to host: <188.185.205.17:9618?addrs=188.185.205.17-9618&alias=b9p03p5714.cern.ch&noUDP&sock=slot1_6_7390_ac66_156030>
...
040 (10252907.7815.000) 07/24 18:41:32 Finished transferring input files
...
001 (10252907.7815.000) 07/24 18:41:33 Job executing on host: <188.185.205.17:9618?addrs=188.185.205.17-9618&alias=b9p03p5714.cern.ch&noUDP&sock=startd_7321_2cf0>
	SlotName: slot1_6@b9p03p5714.cern.ch
	CondorScratchDir = "/pool/condor/dir_1414462"
	Cpus = 8
	Disk = 2799858
	Memory = 16000
...
006 (10252907.7815.000) 07/24 18:41:37 Image size of job updated: 159936
	8  -  MemoryUsage of job (MB)
	7428  -  ResidentSetSize of job (KB)
...
040 (10252907.7815.000) 07/24 18:41:37 Started transferring output files
...
040 (10252907.7815.000) 07/24 18:41:37 Finished transferring output files
...
005 (10252907.7815.000) 07/24 18:41:37 Job terminated.
	(1) Normal termination (return value 0)
		Usr 0 00:00:03, Sys 0 00:00:00  -  Run Remote Usage
		Usr 0 00:00:00, Sys 0 00:00:00  -  Run Local Usage
		Usr 0 00:00:03, Sys 0 00:00:00  -  Total Remote Usage
		Usr 0 00:00:00, Sys 0 00:00:00  -  Total Local Usage
	6204  -  Run Bytes Sent By Job
	409597  -  Run Bytes Received By Job
	6204  -  Total Bytes Sent By Job
	409597  -  Total Bytes Received By Job
	Partitionable Resources :    Usage  Request Allocated 
	   Cpus                 :        0        8         8 
	   Disk (KB)            :      428      425   2799858 
	   Memory (MB)          :        8    16000     16000 

	Job terminated of its own accord at 2024-07-24T16:41:37Z with exit-code 0.
...
040 (10252908.7815.000) 07/24 19:46:25 Started transferring input files
	Transferring to host: <188.185.208.63:9618?addrs=188.185.208.63-9618+[2001-1458-303-f--100-3c]-9618&alias=b9p09p5455.cern.ch&noUDP&sock=slot1_4_8446_b891_144847>
...
040 (10252908.7815.000) 07/24 19:46:25 Finished transferring input files
...
001 (10252908.7815.000) 07/24 19:46:26 Job executing on host: <188.185.208.63:9618?addrs=188.185.208.63-9618+[2001-1458-303-f--100-3c]-9618&alias=b9p09p5455.cern.ch&noUDP&sock=startd_7144_c4ac>
	SlotName: slot1_4@b9p09p5455.cern.ch
	CondorScratchDir = "/pool/condor/dir_2623213"
	Cpus = 8
	Disk = 2839832
	Memory = 16000
...
006 (10252908.7815.000) 07/24 19:46:32 Image size of job updated: 166412
	12  -  MemoryUsage of job (MB)
	11656  -  ResidentSetSize of job (KB)
...
040 (10252908.7815.000) 07/24 19:46:32 Started transferring output files
...
040 (10252908.7815.000) 07/24 19:46:32 Finished transferring output files
...
005 (10252908.7815.000) 07/24 19:46:32 Job terminated.
	(1) Normal termination (return value 0)
		Usr 0 00:00:04, Sys 0 00:00:00  -  Run Remote Usage
		Usr 0 00:00:00, Sys 0 00:00:00  -  Run Local Usage
		Usr 0 00:00:04, Sys 0 00:00:00  -  Total Remote Usage
		Usr 0 00:00:00, Sys 0 00:00:00  -  Total Local Usage
	6201  -  Run Bytes Sent By Job
	409597  -  Run Bytes Received By Job
	6201  -  Total Bytes Sent By Job
	409597  -  Total Bytes Received By Job
	Partitionable Resources :    Usage  Request Allocated 
	   Cpus                 :        0        8         8 
	   Disk (KB)            :      428      425   2839832 
	   Memory (MB)          :       12    16000     16000 

	Job terminated of its own accord at 2024-07-24T17:46:32Z with exit-code 0.
...
040 (10252909.7815.000) 07/24 20:40:17 Started transferring input files
	Transferring to host: <188.185.207.162:9618?addrs=188.185.207.162-9618+[2001-1458-303-e--100-1f]-9618&alias=b9p08p7633.cern.ch&noUDP&sock=slot1_20_5305_9a31_143923>
...
040 (10252909.7815.000) 07/24 20:40:17 Finished transferring input files
...
001 (10252909.7815.000) 07/24 20:40:18 Job executing on host: <188.185.207.162:9618?addrs=188.185.207.162-9618+[2001-1458-303-e--100-1f]-9618&alias=b9p08p7633.cern.ch&noUDP&sock=startd_4298_a623>
	SlotName: slot1_20@b9p08p7633.cern.ch
	CondorScratchDir = "/pool/condor/dir_3670562"
	Cpus = 8
	Disk = 2878537
	Memory = 16000
...
006 (10252909.7815.000) 07/24 20:40:22 Image size of job updated: 158812
	7  -  MemoryUsage of job (MB)
	6560  -  ResidentSetSize of job (KB)
...
040 (10252909.7815.000) 07/24 20:40:22 Started transferring output files
...
040 (10252909.7815.000) 07/24 20:40:22 Finished transferring output files
...
005 (10252909.7815.000) 07/24 20:40:22 Job terminated.
	(1) Normal termination (return value 0)
		Usr 0 00:00:03, Sys 0 00:00:00  -  Run Remote Usage
		Usr 0 00:00:00, Sys 0 00:00:00  -  Run Local Usage
		Usr 0 00:00:03, Sys 0 00:00:00  -  Total Remote Usage
		Usr 0 00:00:00, Sys 0 00:00:00  -  Total Local Usage
	6201  -  Run Bytes Sent By Job
	409597  -  Run Bytes Received By Job
	6201  -  Total Bytes Sent By Job
	409597  -  Total Bytes Received By Job
	Partitionable Resources :    Usage  Request Allocated 
	   Cpus                 :        0        8         8 
	   Disk (KB)            :      428      425   2878537 
	   Memory (MB)          :        7    16000     16000 

	Job terminated of its own accord at 2024-07-24T18:40:22Z with exit-code 0.
...
000 (10261715.7815.000) 07/25 13:04:17 Job submitted from host: <188.185.114.121:9618?addrs=188.185.114.121-9618+[2001-1458-d00-a--100-273]-9618&alias=bigbird19.cern.ch&noUDP&sock=schedd_4961_696e>
...
009 (10261715.7815.000) 07/25 13:07:23 Job was aborted.
	via condor_rm (by user yelberke)
...
000 (10261767.7815.000) 07/25 13:21:03 Job submitted from host: <188.185.114.121:9618?addrs=188.185.114.121-9618+[2001-1458-d00-a--100-273]-9618&alias=bigbird19.cern.ch&noUDP&sock=schedd_4961_696e>
...
040 (10261767.7815.000) 07/25 15:11:34 Started transferring input files
	Transferring to host: <188.185.208.142:9618?addrs=188.185.208.142-9618+[2001-1458-303-10--100-b]-9618&alias=b9p10p4646.cern.ch&noUDP&sock=slot1_15_4110_9de0_146895>
...
040 (10261767.7815.000) 07/25 15:11:34 Finished transferring input files
...
001 (10261767.7815.000) 07/25 15:11:35 Job executing on host: <188.185.208.142:9618?addrs=188.185.208.142-9618+[2001-1458-303-10--100-b]-9618&alias=b9p10p4646.cern.ch&noUDP&sock=startd_3608_5dca>
	SlotName: slot1_15@b9p10p4646.cern.ch
	CondorScratchDir = "/pool/condor/dir_8121"
	Cpus = 12
	Disk = 2900421
	Memory = 24000
...
006 (10261767.7815.000) 07/25 15:11:41 Image size of job updated: 166432
	10  -  MemoryUsage of job (MB)
	10132  -  ResidentSetSize of job (KB)
...
040 (10261767.7815.000) 07/25 15:11:41 Started transferring output files
...
040 (10261767.7815.000) 07/25 15:11:41 Finished transferring output files
...
005 (10261767.7815.000) 07/25 15:11:41 Job terminated.
	(1) Normal termination (return value 0)
		Usr 0 00:00:04, Sys 0 00:00:00  -  Run Remote Usage
		Usr 0 00:00:00, Sys 0 00:00:00  -  Run Local Usage
		Usr 0 00:00:04, Sys 0 00:00:00  -  Total Remote Usage
		Usr 0 00:00:00, Sys 0 00:00:00  -  Total Local Usage
	6673  -  Run Bytes Sent By Job
	409597  -  Run Bytes Received By Job
	6673  -  Total Bytes Sent By Job
	409597  -  Total Bytes Received By Job
	Partitionable Resources :    Usage  Request Allocated 
	   Cpus                 :        0       12        12 
	   Disk (KB)            :      428      425   2900421 
	   Memory (MB)          :       10    24000     24000 

	Job terminated of its own accord at 2024-07-25T13:11:41Z with exit-code 0.
...
000 (10284266.7815.000) 08/02 15:48:12 Job submitted from host: <188.185.114.121:9618?addrs=188.185.114.121-9618+[2001-1458-d00-a--100-273]-9618&alias=bigbird19.cern.ch&noUDP&sock=schedd_4961_696e>
...
000 (10284267.7815.000) 08/02 15:50:21 Job submitted from host: <188.185.114.121:9618?addrs=188.185.114.121-9618+[2001-1458-d00-a--100-273]-9618&alias=bigbird19.cern.ch&noUDP&sock=schedd_4961_696e>
...
009 (10284266.7815.000) 08/02 15:50:48 Job was aborted.
	via condor_rm (by user yelberke)
...
040 (10284267.7815.000) 08/02 17:25:24 Started transferring input files
	Transferring to host: <188.185.206.171:9618?addrs=188.185.206.171-9618+[2001-1458-303-c--100-28]-9618&alias=b9p06p7011.cern.ch&noUDP&sock=slot1_1_6931_4433_166254>
...
040 (10284267.7815.000) 08/02 17:25:24 Finished transferring input files
...
001 (10284267.7815.000) 08/02 17:25:25 Job executing on host: <188.185.206.171:9618?addrs=188.185.206.171-9618+[2001-1458-303-c--100-28]-9618&alias=b9p06p7011.cern.ch&noUDP&sock=startd_6862_56f7>
	SlotName: slot1_1@b9p06p7011.cern.ch
	CondorScratchDir = "/pool/condor/dir_129440"
	Cpus = 12
	Disk = 2737031
	Memory = 24000
...
006 (10284267.7815.000) 08/02 17:25:27 Image size of job updated: 326208
	6  -  MemoryUsage of job (MB)
	5412  -  ResidentSetSize of job (KB)
...
040 (10284267.7815.000) 08/02 17:25:27 Started transferring output files
...
040 (10284267.7815.000) 08/02 17:25:27 Finished transferring output files
...
005 (10284267.7815.000) 08/02 17:25:27 Job terminated.
	(1) Normal termination (return value 139)
		Usr 0 00:00:01, Sys 0 00:00:01  -  Run Remote Usage
		Usr 0 00:00:00, Sys 0 00:00:00  -  Run Local Usage
		Usr 0 00:00:01, Sys 0 00:00:01  -  Total Remote Usage
		Usr 0 00:00:00, Sys 0 00:00:00  -  Total Local Usage
	7696  -  Run Bytes Sent By Job
	409597  -  Run Bytes Received By Job
	7696  -  Total Bytes Sent By Job
	409597  -  Total Bytes Received By Job
	Partitionable Resources :    Usage  Request Allocated 
	   Cpus                 :        0       12        12 
	   Disk (KB)            :      430      425   2737031 
	   Memory (MB)          :        6    24000     24000 

	Job terminated of its own accord at 2024-08-02T15:25:27Z with exit-code 139.
...
