000 (10252905.7817.000) 07/24 16:13:26 Job submitted from host: <188.185.114.121:9618?addrs=188.185.114.121-9618+[2001-1458-d00-a--100-273]-9618&alias=bigbird19.cern.ch&noUDP&sock=schedd_4961_696e>
...
009 (10252905.7817.000) 07/24 16:14:56 Job was aborted.
	via condor_rm (by user yelberke)
...
000 (10252906.7817.000) 07/24 16:15:43 Job submitted from host: <188.185.114.121:9618?addrs=188.185.114.121-9618+[2001-1458-d00-a--100-273]-9618&alias=bigbird19.cern.ch&noUDP&sock=schedd_4961_696e>
...
000 (10252907.7817.000) 07/24 16:17:37 Job submitted from host: <188.185.114.121:9618?addrs=188.185.114.121-9618+[2001-1458-d00-a--100-273]-9618&alias=bigbird19.cern.ch&noUDP&sock=schedd_4961_696e>
...
000 (10252908.7817.000) 07/24 16:18:10 Job submitted from host: <188.185.114.121:9618?addrs=188.185.114.121-9618+[2001-1458-d00-a--100-273]-9618&alias=bigbird19.cern.ch&noUDP&sock=schedd_4961_696e>
...
000 (10252909.7817.000) 07/24 16:18:47 Job submitted from host: <188.185.114.121:9618?addrs=188.185.114.121-9618+[2001-1458-d00-a--100-273]-9618&alias=bigbird19.cern.ch&noUDP&sock=schedd_4961_696e>
...
040 (10252906.7817.000) 07/24 17:41:52 Started transferring input files
	Transferring to host: <188.185.204.137:9618?addrs=188.185.204.137-9618+[2001-1458-303-8--100-7d]-9618&alias=b9p02p1188.cern.ch&noUDP&sock=slot1_4_6771_882c_156006>
...
040 (10252906.7817.000) 07/24 17:41:52 Finished transferring input files
...
001 (10252906.7817.000) 07/24 17:41:53 Job executing on host: <188.185.204.137:9618?addrs=188.185.204.137-9618+[2001-1458-303-8--100-7d]-9618&alias=b9p02p1188.cern.ch&noUDP&sock=startd_6708_b562>
	SlotName: slot1_4@b9p02p1188.cern.ch
	CondorScratchDir = "/pool/condor/dir_3788499"
	Cpus = 8
	Disk = 2562480
	Memory = 16000
...
006 (10252906.7817.000) 07/24 17:41:57 Image size of job updated: 160416
	8  -  MemoryUsage of job (MB)
	7828  -  ResidentSetSize of job (KB)
...
040 (10252906.7817.000) 07/24 17:41:57 Started transferring output files
...
040 (10252906.7817.000) 07/24 17:41:57 Finished transferring output files
...
005 (10252906.7817.000) 07/24 17:41:57 Job terminated.
	(1) Normal termination (return value 0)
		Usr 0 00:00:03, Sys 0 00:00:00  -  Run Remote Usage
		Usr 0 00:00:00, Sys 0 00:00:00  -  Run Local Usage
		Usr 0 00:00:03, Sys 0 00:00:00  -  Total Remote Usage
		Usr 0 00:00:00, Sys 0 00:00:00  -  Total Local Usage
	6201  -  Run Bytes Sent By Job
	409597  -  Run Bytes Received By Job
	6201  -  Total Bytes Sent By Job
	409597  -  Total Bytes Received By Job
	Partitionable Resources :    Usage  Request Allocated 
	   Cpus                 :        0        8         8 
	   Disk (KB)            :      427      425   2562480 
	   Memory (MB)          :        8    16000     16000 

	Job terminated of its own accord at 2024-07-24T15:41:57Z with exit-code 0.
...
040 (10252907.7817.000) 07/24 18:41:33 Started transferring input files
	Transferring to host: <188.185.204.168:9618?addrs=188.185.204.168-9618+[2001-1458-303-8--100-9c]-9618&alias=b9p02p2117.cern.ch&noUDP&sock=slot1_20_18643_6e0f_24471>
...
040 (10252907.7817.000) 07/24 18:41:33 Finished transferring input files
...
001 (10252907.7817.000) 07/24 18:41:34 Job executing on host: <188.185.204.168:9618?addrs=188.185.204.168-9618+[2001-1458-303-8--100-9c]-9618&alias=b9p02p2117.cern.ch&noUDP&sock=startd_17694_30d5>
	SlotName: slot1_20@b9p02p2117.cern.ch
	CondorScratchDir = "/pool/condor/dir_2562841"
	Cpus = 8
	Disk = 2812412
	Memory = 16000
...
006 (10252907.7817.000) 07/24 18:41:38 Image size of job updated: 157420
	7  -  MemoryUsage of job (MB)
	6840  -  ResidentSetSize of job (KB)
...
040 (10252907.7817.000) 07/24 18:41:38 Started transferring output files
...
040 (10252907.7817.000) 07/24 18:41:38 Finished transferring output files
...
005 (10252907.7817.000) 07/24 18:41:38 Job terminated.
	(1) Normal termination (return value 0)
		Usr 0 00:00:03, Sys 0 00:00:00  -  Run Remote Usage
		Usr 0 00:00:00, Sys 0 00:00:00  -  Run Local Usage
		Usr 0 00:00:03, Sys 0 00:00:00  -  Total Remote Usage
		Usr 0 00:00:00, Sys 0 00:00:00  -  Total Local Usage
	6204  -  Run Bytes Sent By Job
	409597  -  Run Bytes Received By Job
	6204  -  Total Bytes Sent By Job
	409597  -  Total Bytes Received By Job
	Partitionable Resources :    Usage  Request Allocated 
	   Cpus                 :        0        8         8 
	   Disk (KB)            :      428      425   2812412 
	   Memory (MB)          :        7    16000     16000 

	Job terminated of its own accord at 2024-07-24T16:41:38Z with exit-code 0.
...
040 (10252908.7817.000) 07/24 19:46:26 Started transferring input files
	Transferring to host: <188.185.205.220:9618?addrs=188.185.205.220-9618&alias=b9p04p1288.cern.ch&noUDP&sock=slot1_1_6903_89b2_154953>
...
040 (10252908.7817.000) 07/24 19:46:26 Finished transferring input files
...
001 (10252908.7817.000) 07/24 19:46:27 Job executing on host: <188.185.205.220:9618?addrs=188.185.205.220-9618&alias=b9p04p1288.cern.ch&noUDP&sock=startd_6835_d1e9>
	SlotName: slot1_1@b9p04p1288.cern.ch
	CondorScratchDir = "/pool/condor/dir_3749868"
	Cpus = 8
	Disk = 2657575
	Memory = 16000
...
006 (10252908.7817.000) 07/24 19:46:33 Image size of job updated: 166388
	12  -  MemoryUsage of job (MB)
	11832  -  ResidentSetSize of job (KB)
...
040 (10252908.7817.000) 07/24 19:46:33 Started transferring output files
...
040 (10252908.7817.000) 07/24 19:46:33 Finished transferring output files
...
005 (10252908.7817.000) 07/24 19:46:33 Job terminated.
	(1) Normal termination (return value 0)
		Usr 0 00:00:04, Sys 0 00:00:00  -  Run Remote Usage
		Usr 0 00:00:00, Sys 0 00:00:00  -  Run Local Usage
		Usr 0 00:00:04, Sys 0 00:00:00  -  Total Remote Usage
		Usr 0 00:00:00, Sys 0 00:00:00  -  Total Local Usage
	6201  -  Run Bytes Sent By Job
	409597  -  Run Bytes Received By Job
	6201  -  Total Bytes Sent By Job
	409597  -  Total Bytes Received By Job
	Partitionable Resources :    Usage  Request Allocated 
	   Cpus                 :        0        8         8 
	   Disk (KB)            :      428      425   2657575 
	   Memory (MB)          :       12    16000     16000 

	Job terminated of its own accord at 2024-07-24T17:46:33Z with exit-code 0.
...
040 (10252909.7817.000) 07/24 20:40:18 Started transferring input files
	Transferring to host: <188.185.204.154:9618?addrs=188.185.204.154-9618+[2001-1458-303-8--100-8e]-9618&alias=b9p02p9176.cern.ch&noUDP&sock=slot1_7_6745_366b_153243>
...
040 (10252909.7817.000) 07/24 20:40:18 Finished transferring input files
...
001 (10252909.7817.000) 07/24 20:40:19 Job executing on host: <188.185.204.154:9618?addrs=188.185.204.154-9618+[2001-1458-303-8--100-8e]-9618&alias=b9p02p9176.cern.ch&noUDP&sock=startd_6677_71f2>
	SlotName: slot1_7@b9p02p9176.cern.ch
	CondorScratchDir = "/pool/condor/dir_3076580"
	Cpus = 8
	Disk = 2814480
	Memory = 16000
...
006 (10252909.7817.000) 07/24 20:40:24 Image size of job updated: 158604
	8  -  MemoryUsage of job (MB)
	7868  -  ResidentSetSize of job (KB)
...
040 (10252909.7817.000) 07/24 20:40:24 Started transferring output files
...
040 (10252909.7817.000) 07/24 20:40:24 Finished transferring output files
...
005 (10252909.7817.000) 07/24 20:40:24 Job terminated.
	(1) Normal termination (return value 0)
		Usr 0 00:00:03, Sys 0 00:00:00  -  Run Remote Usage
		Usr 0 00:00:00, Sys 0 00:00:00  -  Run Local Usage
		Usr 0 00:00:03, Sys 0 00:00:00  -  Total Remote Usage
		Usr 0 00:00:00, Sys 0 00:00:00  -  Total Local Usage
	6201  -  Run Bytes Sent By Job
	409597  -  Run Bytes Received By Job
	6201  -  Total Bytes Sent By Job
	409597  -  Total Bytes Received By Job
	Partitionable Resources :    Usage  Request Allocated 
	   Cpus                 :        0        8         8 
	   Disk (KB)            :      428      425   2814480 
	   Memory (MB)          :        8    16000     16000 

	Job terminated of its own accord at 2024-07-24T18:40:24Z with exit-code 0.
...
000 (10261715.7817.000) 07/25 13:04:17 Job submitted from host: <188.185.114.121:9618?addrs=188.185.114.121-9618+[2001-1458-d00-a--100-273]-9618&alias=bigbird19.cern.ch&noUDP&sock=schedd_4961_696e>
...
009 (10261715.7817.000) 07/25 13:07:23 Job was aborted.
	via condor_rm (by user yelberke)
...
000 (10261767.7817.000) 07/25 13:21:03 Job submitted from host: <188.185.114.121:9618?addrs=188.185.114.121-9618+[2001-1458-d00-a--100-273]-9618&alias=bigbird19.cern.ch&noUDP&sock=schedd_4961_696e>
...
040 (10261767.7817.000) 07/25 15:11:34 Started transferring input files
	Transferring to host: <188.185.204.198:9618?addrs=188.185.204.198-9618+[2001-1458-303-8--100-ba]-9618&alias=b9p02p4655.cern.ch&noUDP&sock=slot1_8_9155_468d_31885>
...
040 (10261767.7817.000) 07/25 15:11:34 Finished transferring input files
...
001 (10261767.7817.000) 07/25 15:11:35 Job executing on host: <188.185.204.198:9618?addrs=188.185.204.198-9618+[2001-1458-303-8--100-ba]-9618&alias=b9p02p4655.cern.ch&noUDP&sock=startd_8132_743e>
	SlotName: slot1_8@b9p02p4655.cern.ch
	CondorScratchDir = "/pool/condor/dir_391381"
	Cpus = 12
	Disk = 2738457
	Memory = 24000
...
006 (10261767.7817.000) 07/25 15:11:39 Image size of job updated: 166132
	10  -  MemoryUsage of job (MB)
	10096  -  ResidentSetSize of job (KB)
...
040 (10261767.7817.000) 07/25 15:11:39 Started transferring output files
...
040 (10261767.7817.000) 07/25 15:11:39 Finished transferring output files
...
005 (10261767.7817.000) 07/25 15:11:39 Job terminated.
	(1) Normal termination (return value 0)
		Usr 0 00:00:03, Sys 0 00:00:00  -  Run Remote Usage
		Usr 0 00:00:00, Sys 0 00:00:00  -  Run Local Usage
		Usr 0 00:00:03, Sys 0 00:00:00  -  Total Remote Usage
		Usr 0 00:00:00, Sys 0 00:00:00  -  Total Local Usage
	6673  -  Run Bytes Sent By Job
	409597  -  Run Bytes Received By Job
	6673  -  Total Bytes Sent By Job
	409597  -  Total Bytes Received By Job
	Partitionable Resources :    Usage  Request Allocated 
	   Cpus                 :        0       12        12 
	   Disk (KB)            :      428      425   2738457 
	   Memory (MB)          :       10    24000     24000 

	Job terminated of its own accord at 2024-07-25T13:11:39Z with exit-code 0.
...
000 (10284266.7817.000) 08/02 15:48:12 Job submitted from host: <188.185.114.121:9618?addrs=188.185.114.121-9618+[2001-1458-d00-a--100-273]-9618&alias=bigbird19.cern.ch&noUDP&sock=schedd_4961_696e>
...
000 (10284267.7817.000) 08/02 15:50:21 Job submitted from host: <188.185.114.121:9618?addrs=188.185.114.121-9618+[2001-1458-d00-a--100-273]-9618&alias=bigbird19.cern.ch&noUDP&sock=schedd_4961_696e>
...
009 (10284266.7817.000) 08/02 15:50:48 Job was aborted.
	via condor_rm (by user yelberke)
...
040 (10284267.7817.000) 08/02 17:25:26 Started transferring input files
	Transferring to host: <188.185.209.87:9618?addrs=188.185.209.87-9618+[2001-1458-303-11--100-54]-9618&alias=b9p11p2849.cern.ch&noUDP&sock=slot1_8_5335_bd72_153159>
...
040 (10284267.7817.000) 08/02 17:25:26 Finished transferring input files
...
001 (10284267.7817.000) 08/02 17:25:27 Job executing on host: <188.185.209.87:9618?addrs=188.185.209.87-9618+[2001-1458-303-11--100-54]-9618&alias=b9p11p2849.cern.ch&noUDP&sock=startd_4300_0554>
	SlotName: slot1_8@b9p11p2849.cern.ch
	CondorScratchDir = "/pool/condor/dir_3561154"
	Cpus = 12
	Disk = 2936447
	Memory = 24000
...
006 (10284267.7817.000) 08/02 17:25:28 Image size of job updated: 329036
	6  -  MemoryUsage of job (MB)
	5244  -  ResidentSetSize of job (KB)
...
040 (10284267.7817.000) 08/02 17:25:28 Started transferring output files
...
040 (10284267.7817.000) 08/02 17:25:28 Finished transferring output files
...
005 (10284267.7817.000) 08/02 17:25:28 Job terminated.
	(1) Normal termination (return value 139)
		Usr 0 00:00:01, Sys 0 00:00:00  -  Run Remote Usage
		Usr 0 00:00:00, Sys 0 00:00:00  -  Run Local Usage
		Usr 0 00:00:01, Sys 0 00:00:00  -  Total Remote Usage
		Usr 0 00:00:00, Sys 0 00:00:00  -  Total Local Usage
	7696  -  Run Bytes Sent By Job
	409597  -  Run Bytes Received By Job
	7696  -  Total Bytes Sent By Job
	409597  -  Total Bytes Received By Job
	Partitionable Resources :    Usage  Request Allocated 
	   Cpus                 :        0       12        12 
	   Disk (KB)            :      429      425   2936447 
	   Memory (MB)          :        6    24000     24000 

	Job terminated of its own accord at 2024-08-02T15:25:28Z with exit-code 139.
...
