000 (10252905.7825.000) 07/24 16:13:26 Job submitted from host: <188.185.114.121:9618?addrs=188.185.114.121-9618+[2001-1458-d00-a--100-273]-9618&alias=bigbird19.cern.ch&noUDP&sock=schedd_4961_696e>
...
009 (10252905.7825.000) 07/24 16:14:56 Job was aborted.
	via condor_rm (by user yelberke)
...
000 (10252906.7825.000) 07/24 16:15:43 Job submitted from host: <188.185.114.121:9618?addrs=188.185.114.121-9618+[2001-1458-d00-a--100-273]-9618&alias=bigbird19.cern.ch&noUDP&sock=schedd_4961_696e>
...
000 (10252907.7825.000) 07/24 16:17:37 Job submitted from host: <188.185.114.121:9618?addrs=188.185.114.121-9618+[2001-1458-d00-a--100-273]-9618&alias=bigbird19.cern.ch&noUDP&sock=schedd_4961_696e>
...
000 (10252908.7825.000) 07/24 16:18:10 Job submitted from host: <188.185.114.121:9618?addrs=188.185.114.121-9618+[2001-1458-d00-a--100-273]-9618&alias=bigbird19.cern.ch&noUDP&sock=schedd_4961_696e>
...
000 (10252909.7825.000) 07/24 16:18:47 Job submitted from host: <188.185.114.121:9618?addrs=188.185.114.121-9618+[2001-1458-d00-a--100-273]-9618&alias=bigbird19.cern.ch&noUDP&sock=schedd_4961_696e>
...
040 (10252906.7825.000) 07/24 17:42:46 Started transferring input files
	Transferring to host: <188.185.209.87:9618?addrs=188.185.209.87-9618+[2001-1458-303-11--100-54]-9618&alias=b9p11p2849.cern.ch&noUDP&sock=slot1_7_5335_bd72_142863>
...
040 (10252906.7825.000) 07/24 17:42:46 Finished transferring input files
...
001 (10252906.7825.000) 07/24 17:42:47 Job executing on host: <188.185.209.87:9618?addrs=188.185.209.87-9618+[2001-1458-303-11--100-54]-9618&alias=b9p11p2849.cern.ch&noUDP&sock=startd_4300_0554>
	SlotName: slot1_7@b9p11p2849.cern.ch
	CondorScratchDir = "/pool/condor/dir_2645054"
	Cpus = 8
	Disk = 2794399
	Memory = 16000
...
006 (10252906.7825.000) 07/24 17:42:51 Image size of job updated: 160168
	8  -  MemoryUsage of job (MB)
	7820  -  ResidentSetSize of job (KB)
...
040 (10252906.7825.000) 07/24 17:42:51 Started transferring output files
...
040 (10252906.7825.000) 07/24 17:42:51 Finished transferring output files
...
005 (10252906.7825.000) 07/24 17:42:51 Job terminated.
	(1) Normal termination (return value 0)
		Usr 0 00:00:03, Sys 0 00:00:00  -  Run Remote Usage
		Usr 0 00:00:00, Sys 0 00:00:00  -  Run Local Usage
		Usr 0 00:00:03, Sys 0 00:00:00  -  Total Remote Usage
		Usr 0 00:00:00, Sys 0 00:00:00  -  Total Local Usage
	6201  -  Run Bytes Sent By Job
	409597  -  Run Bytes Received By Job
	6201  -  Total Bytes Sent By Job
	409597  -  Total Bytes Received By Job
	Partitionable Resources :    Usage  Request Allocated 
	   Cpus                 :        0        8         8 
	   Disk (KB)            :      427      425   2794399 
	   Memory (MB)          :        8    16000     16000 

	Job terminated of its own accord at 2024-07-24T15:42:51Z with exit-code 0.
...
040 (10252907.7825.000) 07/24 18:41:35 Started transferring input files
	Transferring to host: <188.185.204.197:9618?addrs=188.185.204.197-9618+[2001-1458-303-8--100-b9]-9618&alias=b9p02p4569.cern.ch&noUDP&sock=slot1_8_9998_3ed0_27531>
...
040 (10252907.7825.000) 07/24 18:41:35 Finished transferring input files
...
001 (10252907.7825.000) 07/24 18:41:36 Job executing on host: <188.185.204.197:9618?addrs=188.185.204.197-9618+[2001-1458-303-8--100-b9]-9618&alias=b9p02p4569.cern.ch&noUDP&sock=startd_9040_443d>
	SlotName: slot1_8@b9p02p4569.cern.ch
	CondorScratchDir = "/pool/condor/dir_216930"
	Cpus = 8
	Disk = 2778989
	Memory = 16000
...
006 (10252907.7825.000) 07/24 18:41:40 Image size of job updated: 158224
	8  -  MemoryUsage of job (MB)
	7616  -  ResidentSetSize of job (KB)
...
040 (10252907.7825.000) 07/24 18:41:40 Started transferring output files
...
040 (10252907.7825.000) 07/24 18:41:40 Finished transferring output files
...
005 (10252907.7825.000) 07/24 18:41:40 Job terminated.
	(1) Normal termination (return value 0)
		Usr 0 00:00:03, Sys 0 00:00:00  -  Run Remote Usage
		Usr 0 00:00:00, Sys 0 00:00:00  -  Run Local Usage
		Usr 0 00:00:03, Sys 0 00:00:00  -  Total Remote Usage
		Usr 0 00:00:00, Sys 0 00:00:00  -  Total Local Usage
	6204  -  Run Bytes Sent By Job
	409597  -  Run Bytes Received By Job
	6204  -  Total Bytes Sent By Job
	409597  -  Total Bytes Received By Job
	Partitionable Resources :    Usage  Request Allocated 
	   Cpus                 :        0        8         8 
	   Disk (KB)            :      428      425   2778989 
	   Memory (MB)          :        8    16000     16000 

	Job terminated of its own accord at 2024-07-24T16:41:40Z with exit-code 0.
...
040 (10252908.7825.000) 07/24 19:46:28 Started transferring input files
	Transferring to host: <188.185.205.199:9618?addrs=188.185.205.199-9618&alias=b9p04p8089.cern.ch&noUDP&sock=slot1_63_3928_6199_155189>
...
040 (10252908.7825.000) 07/24 19:46:28 Finished transferring input files
...
001 (10252908.7825.000) 07/24 19:46:29 Job executing on host: <188.185.205.199:9618?addrs=188.185.205.199-9618&alias=b9p04p8089.cern.ch&noUDP&sock=startd_3795_a200>
	SlotName: slot1_63@b9p04p8089.cern.ch
	CondorScratchDir = "/pool/condor/dir_1095702"
	Cpus = 8
	Disk = 2527856
	Memory = 16000
...
006 (10252908.7825.000) 07/24 19:46:35 Image size of job updated: 167628
	11  -  MemoryUsage of job (MB)
	11132  -  ResidentSetSize of job (KB)
...
040 (10252908.7825.000) 07/24 19:46:35 Started transferring output files
...
040 (10252908.7825.000) 07/24 19:46:35 Finished transferring output files
...
005 (10252908.7825.000) 07/24 19:46:35 Job terminated.
	(1) Normal termination (return value 0)
		Usr 0 00:00:04, Sys 0 00:00:00  -  Run Remote Usage
		Usr 0 00:00:00, Sys 0 00:00:00  -  Run Local Usage
		Usr 0 00:00:04, Sys 0 00:00:00  -  Total Remote Usage
		Usr 0 00:00:00, Sys 0 00:00:00  -  Total Local Usage
	6201  -  Run Bytes Sent By Job
	409597  -  Run Bytes Received By Job
	6201  -  Total Bytes Sent By Job
	409597  -  Total Bytes Received By Job
	Partitionable Resources :    Usage  Request Allocated 
	   Cpus                 :        0        8         8 
	   Disk (KB)            :      428      425   2527856 
	   Memory (MB)          :       11    16000     16000 

	Job terminated of its own accord at 2024-07-24T17:46:35Z with exit-code 0.
...
040 (10252909.7825.000) 07/24 20:40:20 Started transferring input files
	Transferring to host: <188.185.194.180:9618?addrs=188.185.194.180-9618+[2001-1458-303-21--100-b0]-9618&alias=b9p20p2473.cern.ch&noUDP&sock=slot1_11_1961625_04f2_20970>
...
040 (10252909.7825.000) 07/24 20:40:20 Finished transferring input files
...
001 (10252909.7825.000) 07/24 20:40:21 Job executing on host: <188.185.194.180:9618?addrs=188.185.194.180-9618+[2001-1458-303-21--100-b0]-9618&alias=b9p20p2473.cern.ch&noUDP&sock=startd_128197_0eb8>
	SlotName: slot1_11@b9p20p2473.cern.ch
	CondorScratchDir = "/pool/condor/dir_2376976"
	Cpus = 8
	Disk = 2960887
	Memory = 16000
...
006 (10252909.7825.000) 07/24 20:40:28 Image size of job updated: 156972
	7  -  MemoryUsage of job (MB)
	6900  -  ResidentSetSize of job (KB)
...
040 (10252909.7825.000) 07/24 20:40:28 Started transferring output files
...
040 (10252909.7825.000) 07/24 20:40:28 Finished transferring output files
...
005 (10252909.7825.000) 07/24 20:40:28 Job terminated.
	(1) Normal termination (return value 0)
		Usr 0 00:00:06, Sys 0 00:00:00  -  Run Remote Usage
		Usr 0 00:00:00, Sys 0 00:00:00  -  Run Local Usage
		Usr 0 00:00:06, Sys 0 00:00:00  -  Total Remote Usage
		Usr 0 00:00:00, Sys 0 00:00:00  -  Total Local Usage
	6201  -  Run Bytes Sent By Job
	409597  -  Run Bytes Received By Job
	6201  -  Total Bytes Sent By Job
	409597  -  Total Bytes Received By Job
	Partitionable Resources :    Usage  Request Allocated 
	   Cpus                 :        0        8         8 
	   Disk (KB)            :      428      425   2960887 
	   Memory (MB)          :        7    16000     16000 

	Job terminated of its own accord at 2024-07-24T18:40:28Z with exit-code 0.
...
000 (10261715.7825.000) 07/25 13:04:17 Job submitted from host: <188.185.114.121:9618?addrs=188.185.114.121-9618+[2001-1458-d00-a--100-273]-9618&alias=bigbird19.cern.ch&noUDP&sock=schedd_4961_696e>
...
009 (10261715.7825.000) 07/25 13:07:23 Job was aborted.
	via condor_rm (by user yelberke)
...
000 (10261767.7825.000) 07/25 13:21:03 Job submitted from host: <188.185.114.121:9618?addrs=188.185.114.121-9618+[2001-1458-d00-a--100-273]-9618&alias=bigbird19.cern.ch&noUDP&sock=schedd_4961_696e>
...
040 (10261767.7825.000) 07/25 15:11:38 Started transferring input files
	Transferring to host: <188.185.196.42:9618?addrs=188.185.196.42-9618+[2001-1458-303-23--100-26]-9618&alias=b9p16p7968.cern.ch&noUDP&sock=slot1_13_137568_d9d3_31303>
...
040 (10261767.7825.000) 07/25 15:11:38 Finished transferring input files
...
001 (10261767.7825.000) 07/25 15:11:39 Job executing on host: <188.185.196.42:9618?addrs=188.185.196.42-9618+[2001-1458-303-23--100-26]-9618&alias=b9p16p7968.cern.ch&noUDP&sock=startd_127704_e688>
	SlotName: slot1_13@b9p16p7968.cern.ch
	CondorScratchDir = "/pool/condor/dir_2614585"
	Cpus = 12
	Disk = 3065204
	Memory = 24000
...
006 (10261767.7825.000) 07/25 15:11:44 Image size of job updated: 168756
	11  -  MemoryUsage of job (MB)
	10512  -  ResidentSetSize of job (KB)
...
040 (10261767.7825.000) 07/25 15:11:44 Started transferring output files
...
040 (10261767.7825.000) 07/25 15:11:44 Finished transferring output files
...
005 (10261767.7825.000) 07/25 15:11:44 Job terminated.
	(1) Normal termination (return value 0)
		Usr 0 00:00:04, Sys 0 00:00:00  -  Run Remote Usage
		Usr 0 00:00:00, Sys 0 00:00:00  -  Run Local Usage
		Usr 0 00:00:04, Sys 0 00:00:00  -  Total Remote Usage
		Usr 0 00:00:00, Sys 0 00:00:00  -  Total Local Usage
	6673  -  Run Bytes Sent By Job
	409597  -  Run Bytes Received By Job
	6673  -  Total Bytes Sent By Job
	409597  -  Total Bytes Received By Job
	Partitionable Resources :    Usage  Request Allocated 
	   Cpus                 :        0       12        12 
	   Disk (KB)            :      428      425   3065204 
	   Memory (MB)          :       11    24000     24000 

	Job terminated of its own accord at 2024-07-25T13:11:44Z with exit-code 0.
...
000 (10284266.7825.000) 08/02 15:48:12 Job submitted from host: <188.185.114.121:9618?addrs=188.185.114.121-9618+[2001-1458-d00-a--100-273]-9618&alias=bigbird19.cern.ch&noUDP&sock=schedd_4961_696e>
...
000 (10284267.7825.000) 08/02 15:50:21 Job submitted from host: <188.185.114.121:9618?addrs=188.185.114.121-9618+[2001-1458-d00-a--100-273]-9618&alias=bigbird19.cern.ch&noUDP&sock=schedd_4961_696e>
...
009 (10284266.7825.000) 08/02 15:50:48 Job was aborted.
	via condor_rm (by user yelberke)
...
040 (10284267.7825.000) 08/02 17:25:27 Started transferring input files
	Transferring to host: <188.185.207.59:9618?addrs=188.185.207.59-9618+[2001-1458-303-d--100-38]-9618&alias=b9p07p9037.cern.ch&noUDP&sock=slot1_6_10084_d713_157732>
...
040 (10284267.7825.000) 08/02 17:25:27 Finished transferring input files
...
001 (10284267.7825.000) 08/02 17:25:28 Job executing on host: <188.185.207.59:9618?addrs=188.185.207.59-9618+[2001-1458-303-d--100-38]-9618&alias=b9p07p9037.cern.ch&noUDP&sock=startd_8752_b8f6>
	SlotName: slot1_6@b9p07p9037.cern.ch
	CondorScratchDir = "/pool/condor/dir_2360354"
	Cpus = 12
	Disk = 2329331
	Memory = 24000
...
006 (10284267.7825.000) 08/02 17:25:29 Image size of job updated: 329312
	4  -  MemoryUsage of job (MB)
	4000  -  ResidentSetSize of job (KB)
...
040 (10284267.7825.000) 08/02 17:25:30 Started transferring output files
...
040 (10284267.7825.000) 08/02 17:25:30 Finished transferring output files
...
005 (10284267.7825.000) 08/02 17:25:30 Job terminated.
	(1) Normal termination (return value 139)
		Usr 0 00:00:01, Sys 0 00:00:01  -  Run Remote Usage
		Usr 0 00:00:00, Sys 0 00:00:00  -  Run Local Usage
		Usr 0 00:00:01, Sys 0 00:00:01  -  Total Remote Usage
		Usr 0 00:00:00, Sys 0 00:00:00  -  Total Local Usage
	7696  -  Run Bytes Sent By Job
	409597  -  Run Bytes Received By Job
	7696  -  Total Bytes Sent By Job
	409597  -  Total Bytes Received By Job
	Partitionable Resources :    Usage  Request Allocated 
	   Cpus                 :        0       12        12 
	   Disk (KB)            :      430      425   2329331 
	   Memory (MB)          :        4    24000     24000 

	Job terminated of its own accord at 2024-08-02T15:25:29Z with exit-code 139.
...
