000 (10252905.7836.000) 07/24 16:13:26 Job submitted from host: <188.185.114.121:9618?addrs=188.185.114.121-9618+[2001-1458-d00-a--100-273]-9618&alias=bigbird19.cern.ch&noUDP&sock=schedd_4961_696e>
...
009 (10252905.7836.000) 07/24 16:14:56 Job was aborted.
	via condor_rm (by user yelberke)
...
000 (10252906.7836.000) 07/24 16:15:43 Job submitted from host: <188.185.114.121:9618?addrs=188.185.114.121-9618+[2001-1458-d00-a--100-273]-9618&alias=bigbird19.cern.ch&noUDP&sock=schedd_4961_696e>
...
000 (10252907.7836.000) 07/24 16:17:37 Job submitted from host: <188.185.114.121:9618?addrs=188.185.114.121-9618+[2001-1458-d00-a--100-273]-9618&alias=bigbird19.cern.ch&noUDP&sock=schedd_4961_696e>
...
000 (10252908.7836.000) 07/24 16:18:10 Job submitted from host: <188.185.114.121:9618?addrs=188.185.114.121-9618+[2001-1458-d00-a--100-273]-9618&alias=bigbird19.cern.ch&noUDP&sock=schedd_4961_696e>
...
000 (10252909.7836.000) 07/24 16:18:47 Job submitted from host: <188.185.114.121:9618?addrs=188.185.114.121-9618+[2001-1458-d00-a--100-273]-9618&alias=bigbird19.cern.ch&noUDP&sock=schedd_4961_696e>
...
040 (10252906.7836.000) 07/24 17:41:57 Started transferring input files
	Transferring to host: <188.185.207.59:9618?addrs=188.185.207.59-9618+[2001-1458-303-d--100-38]-9618&alias=b9p07p9037.cern.ch&noUDP&sock=slot1_4_10084_d713_146339>
...
040 (10252906.7836.000) 07/24 17:41:57 Finished transferring input files
...
001 (10252906.7836.000) 07/24 17:41:58 Job executing on host: <188.185.207.59:9618?addrs=188.185.207.59-9618+[2001-1458-303-d--100-38]-9618&alias=b9p07p9037.cern.ch&noUDP&sock=startd_8752_b8f6>
	SlotName: slot1_4@b9p07p9037.cern.ch
	CondorScratchDir = "/pool/condor/dir_591288"
	Cpus = 8
	Disk = 2455711
	Memory = 16000
...
006 (10252906.7836.000) 07/24 17:42:02 Image size of job updated: 163044
	10  -  MemoryUsage of job (MB)
	10156  -  ResidentSetSize of job (KB)
...
040 (10252906.7836.000) 07/24 17:42:02 Started transferring output files
...
040 (10252906.7836.000) 07/24 17:42:02 Finished transferring output files
...
005 (10252906.7836.000) 07/24 17:42:02 Job terminated.
	(1) Normal termination (return value 0)
		Usr 0 00:00:03, Sys 0 00:00:00  -  Run Remote Usage
		Usr 0 00:00:00, Sys 0 00:00:00  -  Run Local Usage
		Usr 0 00:00:03, Sys 0 00:00:00  -  Total Remote Usage
		Usr 0 00:00:00, Sys 0 00:00:00  -  Total Local Usage
	6201  -  Run Bytes Sent By Job
	409597  -  Run Bytes Received By Job
	6201  -  Total Bytes Sent By Job
	409597  -  Total Bytes Received By Job
	Partitionable Resources :    Usage  Request Allocated 
	   Cpus                 :        0        8         8 
	   Disk (KB)            :      427      425   2455711 
	   Memory (MB)          :       10    16000     16000 

	Job terminated of its own accord at 2024-07-24T15:42:02Z with exit-code 0.
...
040 (10252907.7836.000) 07/24 18:41:40 Started transferring input files
	Transferring to host: <188.185.205.29:9618?addrs=188.185.205.29-9618+[2001-1458-303-9--100-91]-9618&alias=b9p03p7199.cern.ch&noUDP&sock=slot1_7_6925_09f3_155099>
...
040 (10252907.7836.000) 07/24 18:41:40 Finished transferring input files
...
001 (10252907.7836.000) 07/24 18:41:41 Job executing on host: <188.185.205.29:9618?addrs=188.185.205.29-9618+[2001-1458-303-9--100-91]-9618&alias=b9p03p7199.cern.ch&noUDP&sock=startd_6852_7b05>
	SlotName: slot1_7@b9p03p7199.cern.ch
	CondorScratchDir = "/pool/condor/dir_1249588"
	Cpus = 8
	Disk = 2757461
	Memory = 16000
...
006 (10252907.7836.000) 07/24 18:41:45 Image size of job updated: 159888
	8  -  MemoryUsage of job (MB)
	7916  -  ResidentSetSize of job (KB)
...
040 (10252907.7836.000) 07/24 18:41:45 Started transferring output files
...
040 (10252907.7836.000) 07/24 18:41:45 Finished transferring output files
...
005 (10252907.7836.000) 07/24 18:41:45 Job terminated.
	(1) Normal termination (return value 0)
		Usr 0 00:00:03, Sys 0 00:00:00  -  Run Remote Usage
		Usr 0 00:00:00, Sys 0 00:00:00  -  Run Local Usage
		Usr 0 00:00:03, Sys 0 00:00:00  -  Total Remote Usage
		Usr 0 00:00:00, Sys 0 00:00:00  -  Total Local Usage
	6204  -  Run Bytes Sent By Job
	409597  -  Run Bytes Received By Job
	6204  -  Total Bytes Sent By Job
	409597  -  Total Bytes Received By Job
	Partitionable Resources :    Usage  Request Allocated 
	   Cpus                 :        0        8         8 
	   Disk (KB)            :      428      425   2757461 
	   Memory (MB)          :        8    16000     16000 

	Job terminated of its own accord at 2024-07-24T16:41:45Z with exit-code 0.
...
040 (10252908.7836.000) 07/24 19:46:32 Started transferring input files
	Transferring to host: <188.185.204.156:9618?addrs=188.185.204.156-9618+[2001-1458-303-8--100-90]-9618&alias=b9p02p9293.cern.ch&noUDP&sock=slot1_1_7266_4de1_156261>
...
040 (10252908.7836.000) 07/24 19:46:32 Finished transferring input files
...
001 (10252908.7836.000) 07/24 19:46:33 Job executing on host: <188.185.204.156:9618?addrs=188.185.204.156-9618+[2001-1458-303-8--100-90]-9618&alias=b9p02p9293.cern.ch&noUDP&sock=startd_7189_a26f>
	SlotName: slot1_1@b9p02p9293.cern.ch
	CondorScratchDir = "/pool/condor/dir_3683901"
	Cpus = 8
	Disk = 2907343
	Memory = 16000
...
006 (10252908.7836.000) 07/24 19:46:37 Image size of job updated: 159644
	8  -  MemoryUsage of job (MB)
	7456  -  ResidentSetSize of job (KB)
...
040 (10252908.7836.000) 07/24 19:46:37 Started transferring output files
...
040 (10252908.7836.000) 07/24 19:46:37 Finished transferring output files
...
005 (10252908.7836.000) 07/24 19:46:37 Job terminated.
	(1) Normal termination (return value 0)
		Usr 0 00:00:03, Sys 0 00:00:00  -  Run Remote Usage
		Usr 0 00:00:00, Sys 0 00:00:00  -  Run Local Usage
		Usr 0 00:00:03, Sys 0 00:00:00  -  Total Remote Usage
		Usr 0 00:00:00, Sys 0 00:00:00  -  Total Local Usage
	6201  -  Run Bytes Sent By Job
	409597  -  Run Bytes Received By Job
	6201  -  Total Bytes Sent By Job
	409597  -  Total Bytes Received By Job
	Partitionable Resources :    Usage  Request Allocated 
	   Cpus                 :        0        8         8 
	   Disk (KB)            :      428      425   2907343 
	   Memory (MB)          :        8    16000     16000 

	Job terminated of its own accord at 2024-07-24T17:46:37Z with exit-code 0.
...
040 (10252909.7836.000) 07/24 20:40:24 Started transferring input files
	Transferring to host: <188.185.205.73:9618?addrs=188.185.205.73-9618&alias=b9p03p5016.cern.ch&noUDP&sock=slot1_11_7418_66e7_159115>
...
040 (10252909.7836.000) 07/24 20:40:24 Finished transferring input files
...
001 (10252909.7836.000) 07/24 20:40:25 Job executing on host: <188.185.205.73:9618?addrs=188.185.205.73-9618&alias=b9p03p5016.cern.ch&noUDP&sock=startd_7342_946d>
	SlotName: slot1_11@b9p03p5016.cern.ch
	CondorScratchDir = "/pool/condor/dir_7899"
	Cpus = 8
	Disk = 2648297
	Memory = 16000
...
006 (10252909.7836.000) 07/24 20:40:30 Image size of job updated: 158344
	8  -  MemoryUsage of job (MB)
	7344  -  ResidentSetSize of job (KB)
...
040 (10252909.7836.000) 07/24 20:40:30 Started transferring output files
...
040 (10252909.7836.000) 07/24 20:40:30 Finished transferring output files
...
005 (10252909.7836.000) 07/24 20:40:30 Job terminated.
	(1) Normal termination (return value 0)
		Usr 0 00:00:03, Sys 0 00:00:00  -  Run Remote Usage
		Usr 0 00:00:00, Sys 0 00:00:00  -  Run Local Usage
		Usr 0 00:00:03, Sys 0 00:00:00  -  Total Remote Usage
		Usr 0 00:00:00, Sys 0 00:00:00  -  Total Local Usage
	6201  -  Run Bytes Sent By Job
	409597  -  Run Bytes Received By Job
	6201  -  Total Bytes Sent By Job
	409597  -  Total Bytes Received By Job
	Partitionable Resources :    Usage  Request Allocated 
	   Cpus                 :        0        8         8 
	   Disk (KB)            :      428      425   2648297 
	   Memory (MB)          :        8    16000     16000 

	Job terminated of its own accord at 2024-07-24T18:40:30Z with exit-code 0.
...
000 (10261715.7836.000) 07/25 13:04:17 Job submitted from host: <188.185.114.121:9618?addrs=188.185.114.121-9618+[2001-1458-d00-a--100-273]-9618&alias=bigbird19.cern.ch&noUDP&sock=schedd_4961_696e>
...
009 (10261715.7836.000) 07/25 13:07:24 Job was aborted.
	via condor_rm (by user yelberke)
...
000 (10261767.7836.000) 07/25 13:21:03 Job submitted from host: <188.185.114.121:9618?addrs=188.185.114.121-9618+[2001-1458-d00-a--100-273]-9618&alias=bigbird19.cern.ch&noUDP&sock=schedd_4961_696e>
...
040 (10261767.7836.000) 07/25 15:11:42 Started transferring input files
	Transferring to host: <188.185.207.194:9618?addrs=188.185.207.194-9618+[2001-1458-303-e--100-3f]-9618&alias=b9p08p0289.cern.ch&noUDP&sock=slot1_13_8167_23e5_144177>
...
040 (10261767.7836.000) 07/25 15:11:42 Finished transferring input files
...
001 (10261767.7836.000) 07/25 15:11:43 Job executing on host: <188.185.207.194:9618?addrs=188.185.207.194-9618+[2001-1458-303-e--100-3f]-9618&alias=b9p08p0289.cern.ch&noUDP&sock=startd_6834_2250>
	SlotName: slot1_13@b9p08p0289.cern.ch
	CondorScratchDir = "/pool/condor/dir_3602944"
	Cpus = 12
	Disk = 2781994
	Memory = 24000
...
006 (10261767.7836.000) 07/25 15:11:47 Image size of job updated: 160748
	7  -  MemoryUsage of job (MB)
	7112  -  ResidentSetSize of job (KB)
...
040 (10261767.7836.000) 07/25 15:11:47 Started transferring output files
...
040 (10261767.7836.000) 07/25 15:11:47 Finished transferring output files
...
005 (10261767.7836.000) 07/25 15:11:47 Job terminated.
	(1) Normal termination (return value 0)
		Usr 0 00:00:03, Sys 0 00:00:00  -  Run Remote Usage
		Usr 0 00:00:00, Sys 0 00:00:00  -  Run Local Usage
		Usr 0 00:00:03, Sys 0 00:00:00  -  Total Remote Usage
		Usr 0 00:00:00, Sys 0 00:00:00  -  Total Local Usage
	6673  -  Run Bytes Sent By Job
	409597  -  Run Bytes Received By Job
	6673  -  Total Bytes Sent By Job
	409597  -  Total Bytes Received By Job
	Partitionable Resources :    Usage  Request Allocated 
	   Cpus                 :        0       12        12 
	   Disk (KB)            :      429      425   2781994 
	   Memory (MB)          :        7    24000     24000 

	Job terminated of its own accord at 2024-07-25T13:11:47Z with exit-code 0.
...
000 (10284266.7836.000) 08/02 15:48:13 Job submitted from host: <188.185.114.121:9618?addrs=188.185.114.121-9618+[2001-1458-d00-a--100-273]-9618&alias=bigbird19.cern.ch&noUDP&sock=schedd_4961_696e>
...
000 (10284267.7836.000) 08/02 15:50:21 Job submitted from host: <188.185.114.121:9618?addrs=188.185.114.121-9618+[2001-1458-d00-a--100-273]-9618&alias=bigbird19.cern.ch&noUDP&sock=schedd_4961_696e>
...
009 (10284266.7836.000) 08/02 15:50:48 Job was aborted.
	via condor_rm (by user yelberke)
...
040 (10284267.7836.000) 08/02 17:25:37 Started transferring input files
	Transferring to host: <188.185.207.59:9618?addrs=188.185.207.59-9618+[2001-1458-303-d--100-38]-9618&alias=b9p07p9037.cern.ch&noUDP&sock=slot1_10_10084_d713_157735>
...
040 (10284267.7836.000) 08/02 17:25:37 Finished transferring input files
...
001 (10284267.7836.000) 08/02 17:25:38 Job executing on host: <188.185.207.59:9618?addrs=188.185.207.59-9618+[2001-1458-303-d--100-38]-9618&alias=b9p07p9037.cern.ch&noUDP&sock=startd_8752_b8f6>
	SlotName: slot1_10@b9p07p9037.cern.ch
	CondorScratchDir = "/pool/condor/dir_2361746"
	Cpus = 12
	Disk = 2329287
	Memory = 24000
...
006 (10284267.7836.000) 08/02 17:25:40 Image size of job updated: 326096
	5  -  MemoryUsage of job (MB)
	4220  -  ResidentSetSize of job (KB)
...
040 (10284267.7836.000) 08/02 17:25:40 Started transferring output files
...
040 (10284267.7836.000) 08/02 17:25:40 Finished transferring output files
...
005 (10284267.7836.000) 08/02 17:25:40 Job terminated.
	(1) Normal termination (return value 139)
		Usr 0 00:00:01, Sys 0 00:00:01  -  Run Remote Usage
		Usr 0 00:00:00, Sys 0 00:00:00  -  Run Local Usage
		Usr 0 00:00:01, Sys 0 00:00:01  -  Total Remote Usage
		Usr 0 00:00:00, Sys 0 00:00:00  -  Total Local Usage
	7696  -  Run Bytes Sent By Job
	409597  -  Run Bytes Received By Job
	7696  -  Total Bytes Sent By Job
	409597  -  Total Bytes Received By Job
	Partitionable Resources :    Usage  Request Allocated 
	   Cpus                 :        0       12        12 
	   Disk (KB)            :      430      425   2329287 
	   Memory (MB)          :        5    24000     24000 

	Job terminated of its own accord at 2024-08-02T15:25:40Z with exit-code 139.
...
