000 (10252905.7887.000) 07/24 16:13:26 Job submitted from host: <188.185.114.121:9618?addrs=188.185.114.121-9618+[2001-1458-d00-a--100-273]-9618&alias=bigbird19.cern.ch&noUDP&sock=schedd_4961_696e>
...
009 (10252905.7887.000) 07/24 16:14:56 Job was aborted.
	via condor_rm (by user yelberke)
...
000 (10252906.7887.000) 07/24 16:15:43 Job submitted from host: <188.185.114.121:9618?addrs=188.185.114.121-9618+[2001-1458-d00-a--100-273]-9618&alias=bigbird19.cern.ch&noUDP&sock=schedd_4961_696e>
...
000 (10252907.7887.000) 07/24 16:17:37 Job submitted from host: <188.185.114.121:9618?addrs=188.185.114.121-9618+[2001-1458-d00-a--100-273]-9618&alias=bigbird19.cern.ch&noUDP&sock=schedd_4961_696e>
...
000 (10252908.7887.000) 07/24 16:18:10 Job submitted from host: <188.185.114.121:9618?addrs=188.185.114.121-9618+[2001-1458-d00-a--100-273]-9618&alias=bigbird19.cern.ch&noUDP&sock=schedd_4961_696e>
...
000 (10252909.7887.000) 07/24 16:18:47 Job submitted from host: <188.185.114.121:9618?addrs=188.185.114.121-9618+[2001-1458-d00-a--100-273]-9618&alias=bigbird19.cern.ch&noUDP&sock=schedd_4961_696e>
...
040 (10252906.7887.000) 07/24 17:42:16 Started transferring input files
	Transferring to host: <188.185.207.187:9618?addrs=188.185.207.187-9618+[2001-1458-303-e--100-38]-9618&alias=b9p08p7595.cern.ch&noUDP&sock=slot1_16_13633_6e83_143221>
...
001 (10252906.7887.000) 07/24 17:42:21 Job executing on host: <188.185.207.187:9618?addrs=188.185.207.187-9618+[2001-1458-303-e--100-38]-9618&alias=b9p08p7595.cern.ch&noUDP&sock=startd_12275_351d>
	SlotName: slot1_16@b9p08p7595.cern.ch
	CondorScratchDir = "/pool/condor/dir_2683402"
	Cpus = 8
	Disk = 2388014
	Memory = 16000
...
040 (10252906.7887.000) 07/24 17:42:21 Finished transferring input files
...
006 (10252906.7887.000) 07/24 17:42:25 Image size of job updated: 163676
	11  -  MemoryUsage of job (MB)
	11244  -  ResidentSetSize of job (KB)
...
040 (10252906.7887.000) 07/24 17:42:26 Started transferring output files
...
040 (10252906.7887.000) 07/24 17:42:27 Finished transferring output files
...
005 (10252906.7887.000) 07/24 17:42:33 Job terminated.
	(1) Normal termination (return value 0)
		Usr 0 00:00:03, Sys 0 00:00:00  -  Run Remote Usage
		Usr 0 00:00:00, Sys 0 00:00:00  -  Run Local Usage
		Usr 0 00:00:03, Sys 0 00:00:00  -  Total Remote Usage
		Usr 0 00:00:00, Sys 0 00:00:00  -  Total Local Usage
	6201  -  Run Bytes Sent By Job
	409597  -  Run Bytes Received By Job
	6201  -  Total Bytes Sent By Job
	409597  -  Total Bytes Received By Job
	Partitionable Resources :    Usage  Request Allocated 
	   Cpus                 :        0        8         8 
	   Disk (KB)            :      427      425   2388014 
	   Memory (MB)          :       11    16000     16000 

	Job terminated of its own accord at 2024-07-24T15:42:25Z with exit-code 0.
...
040 (10252907.7887.000) 07/24 18:42:00 Started transferring input files
	Transferring to host: <128.142.248.164:9618?addrs=128.142.248.164-9618+[2001-1458-301-73--100-a3]-9618&alias=b9g23p1155.cern.ch&noUDP&sock=slot1_2_2816278_5f94_36862>
...
040 (10252907.7887.000) 07/24 18:42:00 Finished transferring input files
...
001 (10252907.7887.000) 07/24 18:42:01 Job executing on host: <128.142.248.164:9618?addrs=128.142.248.164-9618+[2001-1458-301-73--100-a3]-9618&alias=b9g23p1155.cern.ch&noUDP&sock=startd_8091_54dc>
	SlotName: slot1_2@b9g23p1155.cern.ch
	CondorScratchDir = "/pool/condor/dir_3632296"
	Cpus = 8
	Disk = 3068541
	Memory = 16000
...
006 (10252907.7887.000) 07/24 18:42:07 Image size of job updated: 160580
	11  -  MemoryUsage of job (MB)
	10256  -  ResidentSetSize of job (KB)
...
040 (10252907.7887.000) 07/24 18:42:07 Started transferring output files
...
040 (10252907.7887.000) 07/24 18:42:07 Finished transferring output files
...
005 (10252907.7887.000) 07/24 18:42:07 Job terminated.
	(1) Normal termination (return value 0)
		Usr 0 00:00:05, Sys 0 00:00:00  -  Run Remote Usage
		Usr 0 00:00:00, Sys 0 00:00:00  -  Run Local Usage
		Usr 0 00:00:05, Sys 0 00:00:00  -  Total Remote Usage
		Usr 0 00:00:00, Sys 0 00:00:00  -  Total Local Usage
	6204  -  Run Bytes Sent By Job
	409597  -  Run Bytes Received By Job
	6204  -  Total Bytes Sent By Job
	409597  -  Total Bytes Received By Job
	Partitionable Resources :    Usage  Request Allocated 
	   Cpus                 :        0        8         8 
	   Disk (KB)            :      428      425   3068541 
	   Memory (MB)          :       11    16000     16000 

	Job terminated of its own accord at 2024-07-24T16:42:07Z with exit-code 0.
...
040 (10252908.7887.000) 07/24 19:46:51 Started transferring input files
	Transferring to host: <188.185.209.19:9618?addrs=188.185.209.19-9618+[2001-1458-303-11--100-10]-9618&alias=b9p11p3677.cern.ch&noUDP&sock=slot1_15_4976_cac3_145314>
...
040 (10252908.7887.000) 07/24 19:46:51 Finished transferring input files
...
001 (10252908.7887.000) 07/24 19:46:52 Job executing on host: <188.185.209.19:9618?addrs=188.185.209.19-9618+[2001-1458-303-11--100-10]-9618&alias=b9p11p3677.cern.ch&noUDP&sock=startd_4180_b5f6>
	SlotName: slot1_15@b9p11p3677.cern.ch
	CondorScratchDir = "/pool/condor/dir_1135891"
	Cpus = 8
	Disk = 2877580
	Memory = 16000
...
006 (10252908.7887.000) 07/24 19:46:58 Image size of job updated: 166624
	11  -  MemoryUsage of job (MB)
	10892  -  ResidentSetSize of job (KB)
...
040 (10252908.7887.000) 07/24 19:46:58 Started transferring output files
...
040 (10252908.7887.000) 07/24 19:46:58 Finished transferring output files
...
005 (10252908.7887.000) 07/24 19:46:58 Job terminated.
	(1) Normal termination (return value 0)
		Usr 0 00:00:05, Sys 0 00:00:00  -  Run Remote Usage
		Usr 0 00:00:00, Sys 0 00:00:00  -  Run Local Usage
		Usr 0 00:00:05, Sys 0 00:00:00  -  Total Remote Usage
		Usr 0 00:00:00, Sys 0 00:00:00  -  Total Local Usage
	6201  -  Run Bytes Sent By Job
	409597  -  Run Bytes Received By Job
	6201  -  Total Bytes Sent By Job
	409597  -  Total Bytes Received By Job
	Partitionable Resources :    Usage  Request Allocated 
	   Cpus                 :        0        8         8 
	   Disk (KB)            :      429      425   2877580 
	   Memory (MB)          :       11    16000     16000 

	Job terminated of its own accord at 2024-07-24T17:46:58Z with exit-code 0.
...
040 (10252909.7887.000) 07/24 20:40:41 Started transferring input files
	Transferring to host: <188.185.205.34:9618?addrs=188.185.205.34-9618&alias=b9p03p7838.cern.ch&noUDP&sock=slot1_1_6891_1531_156110>
...
040 (10252909.7887.000) 07/24 20:40:41 Finished transferring input files
...
001 (10252909.7887.000) 07/24 20:40:42 Job executing on host: <188.185.205.34:9618?addrs=188.185.205.34-9618&alias=b9p03p7838.cern.ch&noUDP&sock=startd_6821_3795>
	SlotName: slot1_1@b9p03p7838.cern.ch
	CondorScratchDir = "/pool/condor/dir_1393871"
	Cpus = 8
	Disk = 2809834
	Memory = 16000
...
006 (10252909.7887.000) 07/24 20:40:46 Image size of job updated: 158736
	7  -  MemoryUsage of job (MB)
	6576  -  ResidentSetSize of job (KB)
...
040 (10252909.7887.000) 07/24 20:40:46 Started transferring output files
...
040 (10252909.7887.000) 07/24 20:40:46 Finished transferring output files
...
005 (10252909.7887.000) 07/24 20:40:46 Job terminated.
	(1) Normal termination (return value 0)
		Usr 0 00:00:03, Sys 0 00:00:00  -  Run Remote Usage
		Usr 0 00:00:00, Sys 0 00:00:00  -  Run Local Usage
		Usr 0 00:00:03, Sys 0 00:00:00  -  Total Remote Usage
		Usr 0 00:00:00, Sys 0 00:00:00  -  Total Local Usage
	6201  -  Run Bytes Sent By Job
	409597  -  Run Bytes Received By Job
	6201  -  Total Bytes Sent By Job
	409597  -  Total Bytes Received By Job
	Partitionable Resources :    Usage  Request Allocated 
	   Cpus                 :        0        8         8 
	   Disk (KB)            :      428      425   2809834 
	   Memory (MB)          :        7    16000     16000 

	Job terminated of its own accord at 2024-07-24T18:40:46Z with exit-code 0.
...
000 (10261715.7887.000) 07/25 13:04:19 Job submitted from host: <188.185.114.121:9618?addrs=188.185.114.121-9618+[2001-1458-d00-a--100-273]-9618&alias=bigbird19.cern.ch&noUDP&sock=schedd_4961_696e>
...
009 (10261715.7887.000) 07/25 13:07:24 Job was aborted.
	via condor_rm (by user yelberke)
...
000 (10261767.7887.000) 07/25 13:21:03 Job submitted from host: <188.185.114.121:9618?addrs=188.185.114.121-9618+[2001-1458-d00-a--100-273]-9618&alias=bigbird19.cern.ch&noUDP&sock=schedd_4961_696e>
...
040 (10261767.7887.000) 07/25 15:11:58 Started transferring input files
	Transferring to host: <188.185.205.65:9618?addrs=188.185.205.65-9618+[2001-1458-303-9--100-b5]-9618&alias=b9p03p9898.cern.ch&noUDP&sock=slot1_30_3671_4d2e_84776>
...
040 (10261767.7887.000) 07/25 15:11:58 Finished transferring input files
...
001 (10261767.7887.000) 07/25 15:11:59 Job executing on host: <188.185.205.65:9618?addrs=188.185.205.65-9618+[2001-1458-303-9--100-b5]-9618&alias=b9p03p9898.cern.ch&noUDP&sock=startd_3343_9931>
	SlotName: slot1_30@b9p03p9898.cern.ch
	CondorScratchDir = "/pool/condor/dir_3591571"
	Cpus = 12
	Disk = 2803794
	Memory = 24000
...
006 (10261767.7887.000) 07/25 15:12:04 Image size of job updated: 168284
	11  -  MemoryUsage of job (MB)
	10792  -  ResidentSetSize of job (KB)
...
040 (10261767.7887.000) 07/25 15:12:04 Started transferring output files
...
040 (10261767.7887.000) 07/25 15:12:04 Finished transferring output files
...
005 (10261767.7887.000) 07/25 15:12:04 Job terminated.
	(1) Normal termination (return value 0)
		Usr 0 00:00:03, Sys 0 00:00:00  -  Run Remote Usage
		Usr 0 00:00:00, Sys 0 00:00:00  -  Run Local Usage
		Usr 0 00:00:03, Sys 0 00:00:00  -  Total Remote Usage
		Usr 0 00:00:00, Sys 0 00:00:00  -  Total Local Usage
	6673  -  Run Bytes Sent By Job
	409597  -  Run Bytes Received By Job
	6673  -  Total Bytes Sent By Job
	409597  -  Total Bytes Received By Job
	Partitionable Resources :    Usage  Request Allocated 
	   Cpus                 :                12        12 
	   Disk (KB)            :      421      425   2803794 
	   Memory (MB)          :       11    24000     24000 

	Job terminated of its own accord at 2024-07-25T13:12:04Z with exit-code 0.
...
000 (10284266.7887.000) 08/02 15:48:14 Job submitted from host: <188.185.114.121:9618?addrs=188.185.114.121-9618+[2001-1458-d00-a--100-273]-9618&alias=bigbird19.cern.ch&noUDP&sock=schedd_4961_696e>
...
000 (10284267.7887.000) 08/02 15:50:21 Job submitted from host: <188.185.114.121:9618?addrs=188.185.114.121-9618+[2001-1458-d00-a--100-273]-9618&alias=bigbird19.cern.ch&noUDP&sock=schedd_4961_696e>
...
009 (10284266.7887.000) 08/02 15:50:48 Job was aborted.
	via condor_rm (by user yelberke)
...
040 (10284267.7887.000) 08/02 17:25:51 Started transferring input files
	Transferring to host: <188.185.205.188:9618?addrs=188.185.205.188-9618&alias=b9p04p6505.cern.ch&noUDP&sock=slot1_3_6904_3e12_164387>
...
040 (10284267.7887.000) 08/02 17:25:51 Finished transferring input files
...
001 (10284267.7887.000) 08/02 17:25:52 Job executing on host: <188.185.205.188:9618?addrs=188.185.205.188-9618&alias=b9p04p6505.cern.ch&noUDP&sock=startd_6831_1388>
	SlotName: slot1_3@b9p04p6505.cern.ch
	CondorScratchDir = "/pool/condor/dir_2506127"
	Cpus = 12
	Disk = 2897504
	Memory = 24000
...
006 (10284267.7887.000) 08/02 17:25:53 Image size of job updated: 326664
	4  -  MemoryUsage of job (MB)
	3916  -  ResidentSetSize of job (KB)
...
040 (10284267.7887.000) 08/02 17:25:53 Started transferring output files
...
040 (10284267.7887.000) 08/02 17:25:53 Finished transferring output files
...
005 (10284267.7887.000) 08/02 17:25:53 Job terminated.
	(1) Normal termination (return value 139)
		Usr 0 00:00:01, Sys 0 00:00:00  -  Run Remote Usage
		Usr 0 00:00:00, Sys 0 00:00:00  -  Run Local Usage
		Usr 0 00:00:01, Sys 0 00:00:00  -  Total Remote Usage
		Usr 0 00:00:00, Sys 0 00:00:00  -  Total Local Usage
	7696  -  Run Bytes Sent By Job
	409597  -  Run Bytes Received By Job
	7696  -  Total Bytes Sent By Job
	409597  -  Total Bytes Received By Job
	Partitionable Resources :    Usage  Request Allocated 
	   Cpus                 :        0       12        12 
	   Disk (KB)            :      429      425   2897504 
	   Memory (MB)          :        4    24000     24000 

	Job terminated of its own accord at 2024-08-02T15:25:53Z with exit-code 139.
...
