000 (10252905.7902.000) 07/24 16:13:26 Job submitted from host: <188.185.114.121:9618?addrs=188.185.114.121-9618+[2001-1458-d00-a--100-273]-9618&alias=bigbird19.cern.ch&noUDP&sock=schedd_4961_696e>
...
009 (10252905.7902.000) 07/24 16:14:56 Job was aborted.
	via condor_rm (by user yelberke)
...
000 (10252906.7902.000) 07/24 16:15:43 Job submitted from host: <188.185.114.121:9618?addrs=188.185.114.121-9618+[2001-1458-d00-a--100-273]-9618&alias=bigbird19.cern.ch&noUDP&sock=schedd_4961_696e>
...
000 (10252907.7902.000) 07/24 16:17:37 Job submitted from host: <188.185.114.121:9618?addrs=188.185.114.121-9618+[2001-1458-d00-a--100-273]-9618&alias=bigbird19.cern.ch&noUDP&sock=schedd_4961_696e>
...
000 (10252908.7902.000) 07/24 16:18:10 Job submitted from host: <188.185.114.121:9618?addrs=188.185.114.121-9618+[2001-1458-d00-a--100-273]-9618&alias=bigbird19.cern.ch&noUDP&sock=schedd_4961_696e>
...
000 (10252909.7902.000) 07/24 16:18:47 Job submitted from host: <188.185.114.121:9618?addrs=188.185.114.121-9618+[2001-1458-d00-a--100-273]-9618&alias=bigbird19.cern.ch&noUDP&sock=schedd_4961_696e>
...
040 (10252906.7902.000) 07/24 17:42:33 Started transferring input files
	Transferring to host: <188.185.204.204:9618?addrs=188.185.204.204-9618+[2001-1458-303-8--100-c0]-9618&alias=b9p02p9432.cern.ch&noUDP&sock=slot1_17_7255_8dc0_158821>
...
001 (10252906.7902.000) 07/24 17:42:35 Job executing on host: <188.185.204.204:9618?addrs=188.185.204.204-9618+[2001-1458-303-8--100-c0]-9618&alias=b9p02p9432.cern.ch&noUDP&sock=startd_7186_93a7>
	SlotName: slot1_17@b9p02p9432.cern.ch
	CondorScratchDir = "/pool/condor/dir_1694146"
	Cpus = 8
	Disk = 2777444
	Memory = 16000
...
040 (10252906.7902.000) 07/24 17:42:35 Finished transferring input files
...
006 (10252906.7902.000) 07/24 17:42:40 Image size of job updated: 158468
	8  -  MemoryUsage of job (MB)
	7504  -  ResidentSetSize of job (KB)
...
040 (10252906.7902.000) 07/24 17:42:40 Started transferring output files
...
040 (10252906.7902.000) 07/24 17:42:40 Finished transferring output files
...
005 (10252906.7902.000) 07/24 17:42:40 Job terminated.
	(1) Normal termination (return value 0)
		Usr 0 00:00:03, Sys 0 00:00:00  -  Run Remote Usage
		Usr 0 00:00:00, Sys 0 00:00:00  -  Run Local Usage
		Usr 0 00:00:03, Sys 0 00:00:00  -  Total Remote Usage
		Usr 0 00:00:00, Sys 0 00:00:00  -  Total Local Usage
	6201  -  Run Bytes Sent By Job
	409597  -  Run Bytes Received By Job
	6201  -  Total Bytes Sent By Job
	409597  -  Total Bytes Received By Job
	Partitionable Resources :    Usage  Request Allocated 
	   Cpus                 :     0.03        8         8 
	   Disk (KB)            :   427         425   2777444 
	   Memory (MB)          :     8       16000     16000 

	Job terminated of its own accord at 2024-07-24T15:42:40Z with exit-code 0.
...
040 (10252907.7902.000) 07/24 18:42:06 Started transferring input files
	Transferring to host: <188.185.206.207:9618?addrs=188.185.206.207-9618+[2001-1458-303-c--100-4c]-9618&alias=b9p06p6342.cern.ch&noUDP&sock=slot1_15_3649_cced_83324>
...
040 (10252907.7902.000) 07/24 18:42:06 Finished transferring input files
...
001 (10252907.7902.000) 07/24 18:42:07 Job executing on host: <188.185.206.207:9618?addrs=188.185.206.207-9618+[2001-1458-303-c--100-4c]-9618&alias=b9p06p6342.cern.ch&noUDP&sock=startd_3322_31b4>
	SlotName: slot1_15@b9p06p6342.cern.ch
	CondorScratchDir = "/pool/condor/dir_3537237"
	Cpus = 8
	Disk = 2911101
	Memory = 16000
...
006 (10252907.7902.000) 07/24 18:42:11 Image size of job updated: 165656
	11  -  MemoryUsage of job (MB)
	10352  -  ResidentSetSize of job (KB)
...
040 (10252907.7902.000) 07/24 18:42:11 Started transferring output files
...
040 (10252907.7902.000) 07/24 18:42:11 Finished transferring output files
...
005 (10252907.7902.000) 07/24 18:42:11 Job terminated.
	(1) Normal termination (return value 0)
		Usr 0 00:00:03, Sys 0 00:00:00  -  Run Remote Usage
		Usr 0 00:00:00, Sys 0 00:00:00  -  Run Local Usage
		Usr 0 00:00:03, Sys 0 00:00:00  -  Total Remote Usage
		Usr 0 00:00:00, Sys 0 00:00:00  -  Total Local Usage
	6204  -  Run Bytes Sent By Job
	409597  -  Run Bytes Received By Job
	6204  -  Total Bytes Sent By Job
	409597  -  Total Bytes Received By Job
	Partitionable Resources :    Usage  Request Allocated 
	   Cpus                 :        0        8         8 
	   Disk (KB)            :      428      425   2911101 
	   Memory (MB)          :       11    16000     16000 

	Job terminated of its own accord at 2024-07-24T16:42:11Z with exit-code 0.
...
040 (10252908.7902.000) 07/24 19:46:56 Started transferring input files
	Transferring to host: <188.185.204.235:9618?addrs=188.185.204.235-9618+[2001-1458-303-8--100-68]-9618&alias=b9p02p6705.cern.ch&noUDP&sock=slot1_7_7031_b9b7_83525>
...
040 (10252908.7902.000) 07/24 19:46:56 Finished transferring input files
...
001 (10252908.7902.000) 07/24 19:46:57 Job executing on host: <188.185.204.235:9618?addrs=188.185.204.235-9618+[2001-1458-303-8--100-68]-9618&alias=b9p02p6705.cern.ch&noUDP&sock=startd_5676_d7a5>
	SlotName: slot1_7@b9p02p6705.cern.ch
	CondorScratchDir = "/pool/condor/dir_1841246"
	Cpus = 8
	Disk = 2814966
	Memory = 16000
...
006 (10252908.7902.000) 07/24 19:47:04 Image size of job updated: 166892
	12  -  MemoryUsage of job (MB)
	11680  -  ResidentSetSize of job (KB)
...
040 (10252908.7902.000) 07/24 19:47:04 Started transferring output files
...
040 (10252908.7902.000) 07/24 19:47:04 Finished transferring output files
...
005 (10252908.7902.000) 07/24 19:47:04 Job terminated.
	(1) Normal termination (return value 0)
		Usr 0 00:00:05, Sys 0 00:00:00  -  Run Remote Usage
		Usr 0 00:00:00, Sys 0 00:00:00  -  Run Local Usage
		Usr 0 00:00:05, Sys 0 00:00:00  -  Total Remote Usage
		Usr 0 00:00:00, Sys 0 00:00:00  -  Total Local Usage
	6201  -  Run Bytes Sent By Job
	409597  -  Run Bytes Received By Job
	6201  -  Total Bytes Sent By Job
	409597  -  Total Bytes Received By Job
	Partitionable Resources :    Usage  Request Allocated 
	   Cpus                 :        0        8         8 
	   Disk (KB)            :      429      425   2814966 
	   Memory (MB)          :       12    16000     16000 

	Job terminated of its own accord at 2024-07-24T17:47:04Z with exit-code 0.
...
040 (10252909.7902.000) 07/24 20:40:46 Started transferring input files
	Transferring to host: <188.185.205.196:9618?addrs=188.185.205.196-9618+[2001-1458-303-a--100-41]-9618&alias=b9p04p5826.cern.ch&noUDP&sock=slot1_2_3700_bc10_82910>
...
040 (10252909.7902.000) 07/24 20:40:46 Finished transferring input files
...
001 (10252909.7902.000) 07/24 20:40:47 Job executing on host: <188.185.205.196:9618?addrs=188.185.205.196-9618+[2001-1458-303-a--100-41]-9618&alias=b9p04p5826.cern.ch&noUDP&sock=startd_3377_eb6a>
	SlotName: slot1_2@b9p04p5826.cern.ch
	CondorScratchDir = "/pool/condor/dir_2771032"
	Cpus = 8
	Disk = 2877723
	Memory = 16000
...
006 (10252909.7902.000) 07/24 20:40:51 Image size of job updated: 158456
	8  -  MemoryUsage of job (MB)
	7700  -  ResidentSetSize of job (KB)
...
040 (10252909.7902.000) 07/24 20:40:51 Started transferring output files
...
040 (10252909.7902.000) 07/24 20:40:51 Finished transferring output files
...
005 (10252909.7902.000) 07/24 20:40:52 Job terminated.
	(1) Normal termination (return value 0)
		Usr 0 00:00:03, Sys 0 00:00:00  -  Run Remote Usage
		Usr 0 00:00:00, Sys 0 00:00:00  -  Run Local Usage
		Usr 0 00:00:03, Sys 0 00:00:00  -  Total Remote Usage
		Usr 0 00:00:00, Sys 0 00:00:00  -  Total Local Usage
	6201  -  Run Bytes Sent By Job
	409597  -  Run Bytes Received By Job
	6201  -  Total Bytes Sent By Job
	409597  -  Total Bytes Received By Job
	Partitionable Resources :    Usage  Request Allocated 
	   Cpus                 :        0        8         8 
	   Disk (KB)            :      428      425   2877723 
	   Memory (MB)          :        8    16000     16000 

	Job terminated of its own accord at 2024-07-24T18:40:51Z with exit-code 0.
...
000 (10261715.7902.000) 07/25 13:04:20 Job submitted from host: <188.185.114.121:9618?addrs=188.185.114.121-9618+[2001-1458-d00-a--100-273]-9618&alias=bigbird19.cern.ch&noUDP&sock=schedd_4961_696e>
...
009 (10261715.7902.000) 07/25 13:07:24 Job was aborted.
	via condor_rm (by user yelberke)
...
000 (10261767.7902.000) 07/25 13:21:03 Job submitted from host: <188.185.114.121:9618?addrs=188.185.114.121-9618+[2001-1458-d00-a--100-273]-9618&alias=bigbird19.cern.ch&noUDP&sock=schedd_4961_696e>
...
040 (10261767.7902.000) 07/25 15:12:04 Started transferring input files
	Transferring to host: <188.185.194.59:9618?addrs=188.185.194.59-9618+[2001-1458-303-21--100-37]-9618&alias=b9p20p5151.cern.ch&noUDP&sock=slot1_9_1789276_8eb1_4009>
...
040 (10261767.7902.000) 07/25 15:12:04 Finished transferring input files
...
001 (10261767.7902.000) 07/25 15:12:05 Job executing on host: <188.185.194.59:9618?addrs=188.185.194.59-9618+[2001-1458-303-21--100-37]-9618&alias=b9p20p5151.cern.ch&noUDP&sock=startd_128404_0ad3>
	SlotName: slot1_9@b9p20p5151.cern.ch
	CondorScratchDir = "/pool/condor/dir_3610182"
	Cpus = 12
	Disk = 3035150
	Memory = 24000
...
006 (10261767.7902.000) 07/25 15:12:14 Image size of job updated: 1
	0  -  MemoryUsage of job (MB)
	0  -  ResidentSetSize of job (KB)
...
006 (10261767.7902.000) 07/25 15:12:37 Image size of job updated: 169180
	11  -  MemoryUsage of job (MB)
	11216  -  ResidentSetSize of job (KB)
...
040 (10261767.7902.000) 07/25 15:12:37 Started transferring output files
...
040 (10261767.7902.000) 07/25 15:12:37 Finished transferring output files
...
005 (10261767.7902.000) 07/25 15:12:37 Job terminated.
	(1) Normal termination (return value 0)
		Usr 0 00:00:06, Sys 0 00:00:00  -  Run Remote Usage
		Usr 0 00:00:00, Sys 0 00:00:00  -  Run Local Usage
		Usr 0 00:00:06, Sys 0 00:00:00  -  Total Remote Usage
		Usr 0 00:00:00, Sys 0 00:00:00  -  Total Local Usage
	6673  -  Run Bytes Sent By Job
	409597  -  Run Bytes Received By Job
	6673  -  Total Bytes Sent By Job
	409597  -  Total Bytes Received By Job
	Partitionable Resources :    Usage  Request Allocated 
	   Cpus                 :        0       12        12 
	   Disk (KB)            :      428      425   3035150 
	   Memory (MB)          :       11    24000     24000 

	Job terminated of its own accord at 2024-07-25T13:12:37Z with exit-code 0.
...
000 (10284266.7902.000) 08/02 15:48:15 Job submitted from host: <188.185.114.121:9618?addrs=188.185.114.121-9618+[2001-1458-d00-a--100-273]-9618&alias=bigbird19.cern.ch&noUDP&sock=schedd_4961_696e>
...
000 (10284267.7902.000) 08/02 15:50:21 Job submitted from host: <188.185.114.121:9618?addrs=188.185.114.121-9618+[2001-1458-d00-a--100-273]-9618&alias=bigbird19.cern.ch&noUDP&sock=schedd_4961_696e>
...
009 (10284266.7902.000) 08/02 15:50:48 Job was aborted.
	via condor_rm (by user yelberke)
...
040 (10284267.7902.000) 08/02 17:25:56 Started transferring input files
	Transferring to host: <188.185.206.41:9618?addrs=188.185.206.41-9618+[2001-1458-303-b--100-26]-9618&alias=b9p05p0465.cern.ch&noUDP&sock=slot1_1_3583_4c2b_78225>
...
040 (10284267.7902.000) 08/02 17:25:56 Finished transferring input files
...
001 (10284267.7902.000) 08/02 17:25:57 Job executing on host: <188.185.206.41:9618?addrs=188.185.206.41-9618+[2001-1458-303-b--100-26]-9618&alias=b9p05p0465.cern.ch&noUDP&sock=startd_3251_7e7b>
	SlotName: slot1_1@b9p05p0465.cern.ch
	CondorScratchDir = "/pool/condor/dir_2921316"
	Cpus = 12
	Disk = 2747101
	Memory = 24000
...
006 (10284267.7902.000) 08/02 17:25:59 Image size of job updated: 326504
	3  -  MemoryUsage of job (MB)
	2660  -  ResidentSetSize of job (KB)
...
040 (10284267.7902.000) 08/02 17:25:59 Started transferring output files
...
040 (10284267.7902.000) 08/02 17:25:59 Finished transferring output files
...
005 (10284267.7902.000) 08/02 17:25:59 Job terminated.
	(1) Normal termination (return value 139)
		Usr 0 00:00:02, Sys 0 00:00:01  -  Run Remote Usage
		Usr 0 00:00:00, Sys 0 00:00:00  -  Run Local Usage
		Usr 0 00:00:02, Sys 0 00:00:01  -  Total Remote Usage
		Usr 0 00:00:00, Sys 0 00:00:00  -  Total Local Usage
	7696  -  Run Bytes Sent By Job
	409597  -  Run Bytes Received By Job
	7696  -  Total Bytes Sent By Job
	409597  -  Total Bytes Received By Job
	Partitionable Resources :    Usage  Request Allocated 
	   Cpus                 :        0       12        12 
	   Disk (KB)            :      433      425   2747101 
	   Memory (MB)          :        3    24000     24000 

	Job terminated of its own accord at 2024-08-02T15:25:59Z with exit-code 139.
...
