000 (10252905.7941.000) 07/24 16:13:26 Job submitted from host: <188.185.114.121:9618?addrs=188.185.114.121-9618+[2001-1458-d00-a--100-273]-9618&alias=bigbird19.cern.ch&noUDP&sock=schedd_4961_696e>
...
009 (10252905.7941.000) 07/24 16:14:56 Job was aborted.
	via condor_rm (by user yelberke)
...
000 (10252906.7941.000) 07/24 16:15:43 Job submitted from host: <188.185.114.121:9618?addrs=188.185.114.121-9618+[2001-1458-d00-a--100-273]-9618&alias=bigbird19.cern.ch&noUDP&sock=schedd_4961_696e>
...
000 (10252907.7941.000) 07/24 16:17:37 Job submitted from host: <188.185.114.121:9618?addrs=188.185.114.121-9618+[2001-1458-d00-a--100-273]-9618&alias=bigbird19.cern.ch&noUDP&sock=schedd_4961_696e>
...
000 (10252909.7941.000) 07/24 16:18:47 Job submitted from host: <188.185.114.121:9618?addrs=188.185.114.121-9618+[2001-1458-d00-a--100-273]-9618&alias=bigbird19.cern.ch&noUDP&sock=schedd_4961_696e>
...
040 (10252906.7941.000) 07/24 17:42:51 Started transferring input files
	Transferring to host: <188.185.204.150:9618?addrs=188.185.204.150-9618+[2001-1458-303-8--100-8a]-9618&alias=b9p02p1082.cern.ch&noUDP&sock=slot1_16_10637_7a8a_81679>
...
040 (10252906.7941.000) 07/24 17:42:51 Finished transferring input files
...
001 (10252906.7941.000) 07/24 17:42:52 Job executing on host: <188.185.204.150:9618?addrs=188.185.204.150-9618+[2001-1458-303-8--100-8a]-9618&alias=b9p02p1082.cern.ch&noUDP&sock=startd_9358_635b>
	SlotName: slot1_16@b9p02p1082.cern.ch
	CondorScratchDir = "/pool/condor/dir_4150017"
	Cpus = 8
	Disk = 2789605
	Memory = 16000
...
006 (10252906.7941.000) 07/24 17:42:56 Image size of job updated: 162244
	10  -  MemoryUsage of job (MB)
	9972  -  ResidentSetSize of job (KB)
...
040 (10252906.7941.000) 07/24 17:42:56 Started transferring output files
...
040 (10252906.7941.000) 07/24 17:42:56 Finished transferring output files
...
005 (10252906.7941.000) 07/24 17:42:56 Job terminated.
	(1) Normal termination (return value 0)
		Usr 0 00:00:03, Sys 0 00:00:00  -  Run Remote Usage
		Usr 0 00:00:00, Sys 0 00:00:00  -  Run Local Usage
		Usr 0 00:00:03, Sys 0 00:00:00  -  Total Remote Usage
		Usr 0 00:00:00, Sys 0 00:00:00  -  Total Local Usage
	6201  -  Run Bytes Sent By Job
	409597  -  Run Bytes Received By Job
	6201  -  Total Bytes Sent By Job
	409597  -  Total Bytes Received By Job
	Partitionable Resources :    Usage  Request Allocated 
	   Cpus                 :        0        8         8 
	   Disk (KB)            :      427      425   2789605 
	   Memory (MB)          :       10    16000     16000 

	Job terminated of its own accord at 2024-07-24T15:42:56Z with exit-code 0.
...
040 (10252907.7941.000) 07/24 18:42:22 Started transferring input files
	Transferring to host: <188.185.206.176:9618?addrs=188.185.206.176-9618&alias=b9p06p2041.cern.ch&noUDP&sock=slot1_5_6897_4f72_152766>
...
040 (10252907.7941.000) 07/24 18:42:22 Finished transferring input files
...
001 (10252907.7941.000) 07/24 18:42:23 Job executing on host: <188.185.206.176:9618?addrs=188.185.206.176-9618&alias=b9p06p2041.cern.ch&noUDP&sock=startd_6825_f5f6>
	SlotName: slot1_5@b9p06p2041.cern.ch
	CondorScratchDir = "/pool/condor/dir_3115403"
	Cpus = 8
	Disk = 2748473
	Memory = 16000
...
006 (10252907.7941.000) 07/24 18:42:27 Image size of job updated: 158004
	8  -  MemoryUsage of job (MB)
	7352  -  ResidentSetSize of job (KB)
...
040 (10252907.7941.000) 07/24 18:42:27 Started transferring output files
...
040 (10252907.7941.000) 07/24 18:42:27 Finished transferring output files
...
005 (10252907.7941.000) 07/24 18:42:27 Job terminated.
	(1) Normal termination (return value 0)
		Usr 0 00:00:03, Sys 0 00:00:00  -  Run Remote Usage
		Usr 0 00:00:00, Sys 0 00:00:00  -  Run Local Usage
		Usr 0 00:00:03, Sys 0 00:00:00  -  Total Remote Usage
		Usr 0 00:00:00, Sys 0 00:00:00  -  Total Local Usage
	6204  -  Run Bytes Sent By Job
	409597  -  Run Bytes Received By Job
	6204  -  Total Bytes Sent By Job
	409597  -  Total Bytes Received By Job
	Partitionable Resources :    Usage  Request Allocated 
	   Cpus                 :        0        8         8 
	   Disk (KB)            :      428      425   2748473 
	   Memory (MB)          :        8    16000     16000 

	Job terminated of its own accord at 2024-07-24T16:42:27Z with exit-code 0.
...
040 (10252909.7941.000) 07/24 20:40:59 Started transferring input files
	Transferring to host: <188.185.208.226:9618?addrs=188.185.208.226-9618+[2001-1458-303-10--100-5f]-9618&alias=b9p10p3190.cern.ch&noUDP&sock=slot1_29_9643_1da1_128254>
...
040 (10252909.7941.000) 07/24 20:40:59 Finished transferring input files
...
001 (10252909.7941.000) 07/24 20:41:00 Job executing on host: <188.185.208.226:9618?addrs=188.185.208.226-9618+[2001-1458-303-10--100-5f]-9618&alias=b9p10p3190.cern.ch&noUDP&sock=startd_8345_8deb>
	SlotName: slot1_29@b9p10p3190.cern.ch
	CondorScratchDir = "/pool/condor/dir_481479"
	Cpus = 8
	Disk = 2876708
	Memory = 16000
...
006 (10252909.7941.000) 07/24 20:41:04 Image size of job updated: 173796
	18  -  MemoryUsage of job (MB)
	17692  -  ResidentSetSize of job (KB)
...
040 (10252909.7941.000) 07/24 20:41:04 Started transferring output files
...
040 (10252909.7941.000) 07/24 20:41:04 Finished transferring output files
...
005 (10252909.7941.000) 07/24 20:41:04 Job terminated.
	(1) Normal termination (return value 0)
		Usr 0 00:00:03, Sys 0 00:00:00  -  Run Remote Usage
		Usr 0 00:00:00, Sys 0 00:00:00  -  Run Local Usage
		Usr 0 00:00:03, Sys 0 00:00:00  -  Total Remote Usage
		Usr 0 00:00:00, Sys 0 00:00:00  -  Total Local Usage
	6201  -  Run Bytes Sent By Job
	409597  -  Run Bytes Received By Job
	6201  -  Total Bytes Sent By Job
	409597  -  Total Bytes Received By Job
	Partitionable Resources :    Usage  Request Allocated 
	   Cpus                 :        0        8         8 
	   Disk (KB)            :      428      425   2876708 
	   Memory (MB)          :       18    16000     16000 

	Job terminated of its own accord at 2024-07-24T18:41:04Z with exit-code 0.
...
000 (10284266.7941.000) 08/02 15:48:16 Job submitted from host: <188.185.114.121:9618?addrs=188.185.114.121-9618+[2001-1458-d00-a--100-273]-9618&alias=bigbird19.cern.ch&noUDP&sock=schedd_4961_696e>
...
000 (10284267.7941.000) 08/02 15:50:21 Job submitted from host: <188.185.114.121:9618?addrs=188.185.114.121-9618+[2001-1458-d00-a--100-273]-9618&alias=bigbird19.cern.ch&noUDP&sock=schedd_4961_696e>
...
009 (10284266.7941.000) 08/02 15:50:48 Job was aborted.
	via condor_rm (by user yelberke)
...
040 (10284267.7941.000) 08/02 17:26:09 Started transferring input files
	Transferring to host: <188.185.205.10:9618?addrs=188.185.205.10-9618+[2001-1458-303-9--100-7f]-9618&alias=b9p03p7827.cern.ch&noUDP&sock=slot1_3_7407_a6c6_168430>
...
040 (10284267.7941.000) 08/02 17:26:09 Finished transferring input files
...
001 (10284267.7941.000) 08/02 17:26:10 Job executing on host: <188.185.205.10:9618?addrs=188.185.205.10-9618+[2001-1458-303-9--100-7f]-9618&alias=b9p03p7827.cern.ch&noUDP&sock=startd_7340_353c>
	SlotName: slot1_3@b9p03p7827.cern.ch
	CondorScratchDir = "/pool/condor/dir_4067073"
	Cpus = 12
	Disk = 2794425
	Memory = 24000
...
006 (10284267.7941.000) 08/02 17:26:12 Image size of job updated: 325772
	4  -  MemoryUsage of job (MB)
	3776  -  ResidentSetSize of job (KB)
...
040 (10284267.7941.000) 08/02 17:26:12 Started transferring output files
...
040 (10284267.7941.000) 08/02 17:26:12 Finished transferring output files
...
005 (10284267.7941.000) 08/02 17:26:12 Job terminated.
	(1) Normal termination (return value 139)
		Usr 0 00:00:02, Sys 0 00:00:01  -  Run Remote Usage
		Usr 0 00:00:00, Sys 0 00:00:00  -  Run Local Usage
		Usr 0 00:00:02, Sys 0 00:00:01  -  Total Remote Usage
		Usr 0 00:00:00, Sys 0 00:00:00  -  Total Local Usage
	7696  -  Run Bytes Sent By Job
	409597  -  Run Bytes Received By Job
	7696  -  Total Bytes Sent By Job
	409597  -  Total Bytes Received By Job
	Partitionable Resources :    Usage  Request Allocated 
	   Cpus                 :        0       12        12 
	   Disk (KB)            :      430      425   2794425 
	   Memory (MB)          :        4    24000     24000 

	Job terminated of its own accord at 2024-08-02T15:26:12Z with exit-code 139.
...
