000 (10252907.7991.000) 07/24 16:17:38 Job submitted from host: <188.185.114.121:9618?addrs=188.185.114.121-9618+[2001-1458-d00-a--100-273]-9618&alias=bigbird19.cern.ch&noUDP&sock=schedd_4961_696e>
...
040 (10252907.7991.000) 07/24 18:42:40 Started transferring input files
	Transferring to host: <188.185.205.188:9618?addrs=188.185.205.188-9618&alias=b9p04p6505.cern.ch&noUDP&sock=slot1_9_6904_3e12_154377>
...
040 (10252907.7991.000) 07/24 18:42:40 Finished transferring input files
...
001 (10252907.7991.000) 07/24 18:42:41 Job executing on host: <188.185.205.188:9618?addrs=188.185.205.188-9618&alias=b9p04p6505.cern.ch&noUDP&sock=startd_6831_1388>
	SlotName: slot1_9@b9p04p6505.cern.ch
	CondorScratchDir = "/pool/condor/dir_295831"
	Cpus = 8
	Disk = 2791771
	Memory = 16000
...
006 (10252907.7991.000) 07/24 18:42:46 Image size of job updated: 155520
	6  -  MemoryUsage of job (MB)
	5480  -  ResidentSetSize of job (KB)
...
040 (10252907.7991.000) 07/24 18:42:46 Started transferring output files
...
040 (10252907.7991.000) 07/24 18:42:46 Finished transferring output files
...
005 (10252907.7991.000) 07/24 18:42:46 Job terminated.
	(1) Normal termination (return value 0)
		Usr 0 00:00:04, Sys 0 00:00:00  -  Run Remote Usage
		Usr 0 00:00:00, Sys 0 00:00:00  -  Run Local Usage
		Usr 0 00:00:04, Sys 0 00:00:00  -  Total Remote Usage
		Usr 0 00:00:00, Sys 0 00:00:00  -  Total Local Usage
	6204  -  Run Bytes Sent By Job
	409597  -  Run Bytes Received By Job
	6204  -  Total Bytes Sent By Job
	409597  -  Total Bytes Received By Job
	Partitionable Resources :    Usage  Request Allocated 
	   Cpus                 :        0        8         8 
	   Disk (KB)            :      428      425   2791771 
	   Memory (MB)          :        6    16000     16000 

	Job terminated of its own accord at 2024-07-24T16:42:46Z with exit-code 0.
...
000 (10284266.7991.000) 08/02 15:48:17 Job submitted from host: <188.185.114.121:9618?addrs=188.185.114.121-9618+[2001-1458-d00-a--100-273]-9618&alias=bigbird19.cern.ch&noUDP&sock=schedd_4961_696e>
...
000 (10284267.7991.000) 08/02 15:50:21 Job submitted from host: <188.185.114.121:9618?addrs=188.185.114.121-9618+[2001-1458-d00-a--100-273]-9618&alias=bigbird19.cern.ch&noUDP&sock=schedd_4961_696e>
...
009 (10284266.7991.000) 08/02 15:50:48 Job was aborted.
	via condor_rm (by user yelberke)
...
040 (10284267.7991.000) 08/02 17:29:42 Started transferring input files
	Transferring to host: <188.185.204.205:9618?addrs=188.185.204.205-9618+[2001-1458-303-8--100-c1]-9618&alias=b9p02p6727.cern.ch&noUDP&sock=slot1_4_15843_939d_126412>
...
040 (10284267.7991.000) 08/02 17:29:42 Finished transferring input files
...
001 (10284267.7991.000) 08/02 17:29:43 Job executing on host: <188.185.204.205:9618?addrs=188.185.204.205-9618+[2001-1458-303-8--100-c1]-9618&alias=b9p02p6727.cern.ch&noUDP&sock=startd_14531_a2c6>
	SlotName: slot1_4@b9p02p6727.cern.ch
	CondorScratchDir = "/pool/condor/dir_1369370"
	Cpus = 12
	Disk = 2607580
	Memory = 24000
...
006 (10284267.7991.000) 08/02 17:29:45 Image size of job updated: 324968
	6  -  MemoryUsage of job (MB)
	5268  -  ResidentSetSize of job (KB)
...
040 (10284267.7991.000) 08/02 17:29:45 Started transferring output files
...
040 (10284267.7991.000) 08/02 17:29:45 Finished transferring output files
...
005 (10284267.7991.000) 08/02 17:29:45 Job terminated.
	(1) Normal termination (return value 139)
		Usr 0 00:00:02, Sys 0 00:00:00  -  Run Remote Usage
		Usr 0 00:00:00, Sys 0 00:00:00  -  Run Local Usage
		Usr 0 00:00:02, Sys 0 00:00:00  -  Total Remote Usage
		Usr 0 00:00:00, Sys 0 00:00:00  -  Total Local Usage
	7696  -  Run Bytes Sent By Job
	409597  -  Run Bytes Received By Job
	7696  -  Total Bytes Sent By Job
	409597  -  Total Bytes Received By Job
	Partitionable Resources :    Usage  Request Allocated 
	   Cpus                 :        0       12        12 
	   Disk (KB)            :      429      425   2607580 
	   Memory (MB)          :        6    24000     24000 

	Job terminated of its own accord at 2024-08-02T15:29:45Z with exit-code 139.
...
