000 (10252907.8034.000) 07/24 16:17:38 Job submitted from host: <188.185.114.121:9618?addrs=188.185.114.121-9618+[2001-1458-d00-a--100-273]-9618&alias=bigbird19.cern.ch&noUDP&sock=schedd_4961_696e>
...
040 (10252907.8034.000) 07/24 18:42:57 Started transferring input files
	Transferring to host: <188.185.205.119:9618?addrs=188.185.205.119-9618+[2001-1458-303-9--100-74]-9618&alias=b9p03p4401.cern.ch&noUDP&sock=slot1_2_15249_0cc5_102451>
...
040 (10252907.8034.000) 07/24 18:42:57 Finished transferring input files
...
001 (10252907.8034.000) 07/24 18:42:58 Job executing on host: <188.185.205.119:9618?addrs=188.185.205.119-9618+[2001-1458-303-9--100-74]-9618&alias=b9p03p4401.cern.ch&noUDP&sock=startd_14262_1fcc>
	SlotName: slot1_2@b9p03p4401.cern.ch
	CondorScratchDir = "/pool/condor/dir_2104078"
	Cpus = 8
	Disk = 2757919
	Memory = 16000
...
006 (10252907.8034.000) 07/24 18:43:03 Image size of job updated: 157424
	8  -  MemoryUsage of job (MB)
	7208  -  ResidentSetSize of job (KB)
...
040 (10252907.8034.000) 07/24 18:43:03 Started transferring output files
...
040 (10252907.8034.000) 07/24 18:43:03 Finished transferring output files
...
005 (10252907.8034.000) 07/24 18:43:03 Job terminated.
	(1) Normal termination (return value 0)
		Usr 0 00:00:03, Sys 0 00:00:00  -  Run Remote Usage
		Usr 0 00:00:00, Sys 0 00:00:00  -  Run Local Usage
		Usr 0 00:00:03, Sys 0 00:00:00  -  Total Remote Usage
		Usr 0 00:00:00, Sys 0 00:00:00  -  Total Local Usage
	6204  -  Run Bytes Sent By Job
	409597  -  Run Bytes Received By Job
	6204  -  Total Bytes Sent By Job
	409597  -  Total Bytes Received By Job
	Partitionable Resources :    Usage  Request Allocated 
	   Cpus                 :        0        8         8 
	   Disk (KB)            :      428      425   2757919 
	   Memory (MB)          :        8    16000     16000 

	Job terminated of its own accord at 2024-07-24T16:43:03Z with exit-code 0.
...
000 (10284266.8034.000) 08/02 15:48:17 Job submitted from host: <188.185.114.121:9618?addrs=188.185.114.121-9618+[2001-1458-d00-a--100-273]-9618&alias=bigbird19.cern.ch&noUDP&sock=schedd_4961_696e>
...
000 (10284267.8034.000) 08/02 15:50:21 Job submitted from host: <188.185.114.121:9618?addrs=188.185.114.121-9618+[2001-1458-d00-a--100-273]-9618&alias=bigbird19.cern.ch&noUDP&sock=schedd_4961_696e>
...
009 (10284266.8034.000) 08/02 15:50:48 Job was aborted.
	via condor_rm (by user yelberke)
...
040 (10284267.8034.000) 08/02 17:29:57 Started transferring input files
	Transferring to host: <188.185.192.86:9618?addrs=188.185.192.86-9618+[2001-1458-303-1f--100-52]-9618&alias=b9p13p1202.cern.ch&noUDP&sock=slot1_27_2105979_78a0_325>
...
040 (10284267.8034.000) 08/02 17:29:57 Finished transferring input files
...
001 (10284267.8034.000) 08/02 17:29:58 Job executing on host: <188.185.192.86:9618?addrs=188.185.192.86-9618+[2001-1458-303-1f--100-52]-9618&alias=b9p13p1202.cern.ch&noUDP&sock=startd_128944_6ff7>
	SlotName: slot1_27@b9p13p1202.cern.ch
	CondorScratchDir = "/pool/condor/dir_2557277"
	Cpus = 12
	Disk = 2312811
	Memory = 24000
...
006 (10284267.8034.000) 08/02 17:30:00 Image size of job updated: 315628
	8  -  MemoryUsage of job (MB)
	7544  -  ResidentSetSize of job (KB)
...
040 (10284267.8034.000) 08/02 17:30:00 Started transferring output files
...
040 (10284267.8034.000) 08/02 17:30:00 Finished transferring output files
...
005 (10284267.8034.000) 08/02 17:30:00 Job terminated.
	(1) Normal termination (return value 139)
		Usr 0 00:00:02, Sys 0 00:00:00  -  Run Remote Usage
		Usr 0 00:00:00, Sys 0 00:00:00  -  Run Local Usage
		Usr 0 00:00:02, Sys 0 00:00:00  -  Total Remote Usage
		Usr 0 00:00:00, Sys 0 00:00:00  -  Total Local Usage
	7696  -  Run Bytes Sent By Job
	409597  -  Run Bytes Received By Job
	7696  -  Total Bytes Sent By Job
	409597  -  Total Bytes Received By Job
	Partitionable Resources :    Usage  Request Allocated 
	   Cpus                 :        0       12        12 
	   Disk (KB)            :      428      425   2312811 
	   Memory (MB)          :        8    24000     24000 

	Job terminated of its own accord at 2024-08-02T15:30:00Z with exit-code 139.
...
