000 (10252905.842.000) 07/24 16:13:15 Job submitted from host: <188.185.114.121:9618?addrs=188.185.114.121-9618+[2001-1458-d00-a--100-273]-9618&alias=bigbird19.cern.ch&noUDP&sock=schedd_4961_696e>
...
009 (10252905.842.000) 07/24 16:14:46 Job was aborted.
	via condor_rm (by user yelberke)
...
000 (10252906.842.000) 07/24 16:15:36 Job submitted from host: <188.185.114.121:9618?addrs=188.185.114.121-9618+[2001-1458-d00-a--100-273]-9618&alias=bigbird19.cern.ch&noUDP&sock=schedd_4961_696e>
...
000 (10252907.842.000) 07/24 16:17:31 Job submitted from host: <188.185.114.121:9618?addrs=188.185.114.121-9618+[2001-1458-d00-a--100-273]-9618&alias=bigbird19.cern.ch&noUDP&sock=schedd_4961_696e>
...
000 (10252908.842.000) 07/24 16:18:04 Job submitted from host: <188.185.114.121:9618?addrs=188.185.114.121-9618+[2001-1458-d00-a--100-273]-9618&alias=bigbird19.cern.ch&noUDP&sock=schedd_4961_696e>
...
000 (10252909.842.000) 07/24 16:18:39 Job submitted from host: <188.185.114.121:9618?addrs=188.185.114.121-9618+[2001-1458-d00-a--100-273]-9618&alias=bigbird19.cern.ch&noUDP&sock=schedd_4961_696e>
...
000 (10252910.842.000) 07/24 16:19:05 Job submitted from host: <188.185.114.121:9618?addrs=188.185.114.121-9618+[2001-1458-d00-a--100-273]-9618&alias=bigbird19.cern.ch&noUDP&sock=schedd_4961_696e>
...
000 (10252911.842.000) 07/24 16:19:18 Job submitted from host: <188.185.114.121:9618?addrs=188.185.114.121-9618+[2001-1458-d00-a--100-273]-9618&alias=bigbird19.cern.ch&noUDP&sock=schedd_4961_696e>
...
000 (10252912.842.000) 07/24 16:19:31 Job submitted from host: <188.185.114.121:9618?addrs=188.185.114.121-9618+[2001-1458-d00-a--100-273]-9618&alias=bigbird19.cern.ch&noUDP&sock=schedd_4961_696e>
...
000 (10252913.842.000) 07/24 16:19:43 Job submitted from host: <188.185.114.121:9618?addrs=188.185.114.121-9618+[2001-1458-d00-a--100-273]-9618&alias=bigbird19.cern.ch&noUDP&sock=schedd_4961_696e>
...
040 (10252906.842.000) 07/24 16:22:44 Started transferring input files
	Transferring to host: <128.142.161.74:9618?addrs=128.142.161.74-9618+[2001-1458-301-b8--100-8]-9618&alias=b9g03p5829.cern.ch&noUDP&sock=slot1_7_738502_3788_124>
...
040 (10252906.842.000) 07/24 16:22:44 Finished transferring input files
...
001 (10252906.842.000) 07/24 16:22:45 Job executing on host: <128.142.161.74:9618?addrs=128.142.161.74-9618+[2001-1458-301-b8--100-8]-9618&alias=b9g03p5829.cern.ch&noUDP&sock=startd_3091_bf54>
	SlotName: slot1_7@b9g03p5829.cern.ch
	CondorScratchDir = "/pool/condor/dir_855806"
	Cpus = 8
	Disk = 3188491
	Memory = 16000
...
006 (10252906.842.000) 07/24 16:22:51 Image size of job updated: 161236
	8  -  MemoryUsage of job (MB)
	7396  -  ResidentSetSize of job (KB)
...
040 (10252906.842.000) 07/24 16:22:51 Started transferring output files
...
040 (10252906.842.000) 07/24 16:22:51 Finished transferring output files
...
005 (10252906.842.000) 07/24 16:22:51 Job terminated.
	(1) Normal termination (return value 0)
		Usr 0 00:00:04, Sys 0 00:00:00  -  Run Remote Usage
		Usr 0 00:00:00, Sys 0 00:00:00  -  Run Local Usage
		Usr 0 00:00:04, Sys 0 00:00:00  -  Total Remote Usage
		Usr 0 00:00:00, Sys 0 00:00:00  -  Total Local Usage
	6204  -  Run Bytes Sent By Job
	409597  -  Run Bytes Received By Job
	6204  -  Total Bytes Sent By Job
	409597  -  Total Bytes Received By Job
	Partitionable Resources :    Usage  Request Allocated 
	   Cpus                 :        0        8         8 
	   Disk (KB)            :      428      425   3188491 
	   Memory (MB)          :        8    16000     16000 

	Job terminated of its own accord at 2024-07-24T14:22:51Z with exit-code 0.
...
040 (10252907.842.000) 07/24 17:47:55 Started transferring input files
	Transferring to host: <188.185.207.31:9618?addrs=188.185.207.31-9618+[2001-1458-303-d--100-1c]-9618&alias=b9p07p5284.cern.ch&noUDP&sock=slot1_10_55049_c018_25606>
...
040 (10252907.842.000) 07/24 17:47:55 Finished transferring input files
...
001 (10252907.842.000) 07/24 17:47:56 Job executing on host: <188.185.207.31:9618?addrs=188.185.207.31-9618+[2001-1458-303-d--100-1c]-9618&alias=b9p07p5284.cern.ch&noUDP&sock=startd_55007_ce20>
	SlotName: slot1_10@b9p07p5284.cern.ch
	CondorScratchDir = "/pool/condor/dir_1051350"
	Cpus = 8
	Disk = 2771921
	Memory = 16000
...
006 (10252907.842.000) 07/24 17:48:01 Image size of job updated: 168120
	12  -  MemoryUsage of job (MB)
	11996  -  ResidentSetSize of job (KB)
...
040 (10252907.842.000) 07/24 17:48:01 Started transferring output files
...
040 (10252907.842.000) 07/24 17:48:01 Finished transferring output files
...
005 (10252907.842.000) 07/24 17:48:01 Job terminated.
	(1) Normal termination (return value 0)
		Usr 0 00:00:03, Sys 0 00:00:00  -  Run Remote Usage
		Usr 0 00:00:00, Sys 0 00:00:00  -  Run Local Usage
		Usr 0 00:00:03, Sys 0 00:00:00  -  Total Remote Usage
		Usr 0 00:00:00, Sys 0 00:00:00  -  Total Local Usage
	6204  -  Run Bytes Sent By Job
	409597  -  Run Bytes Received By Job
	6204  -  Total Bytes Sent By Job
	409597  -  Total Bytes Received By Job
	Partitionable Resources :    Usage  Request Allocated 
	   Cpus                 :        0        8         8 
	   Disk (KB)            :      428      425   2771921 
	   Memory (MB)          :       12    16000     16000 

	Job terminated of its own accord at 2024-07-24T15:48:01Z with exit-code 0.
...
040 (10252908.842.000) 07/24 18:53:36 Started transferring input files
	Transferring to host: <188.185.206.178:9618?addrs=188.185.206.178-9618&alias=b9p06p2822.cern.ch&noUDP&sock=slot1_1_5239_196e_155262>
...
040 (10252908.842.000) 07/24 18:53:36 Finished transferring input files
...
001 (10252908.842.000) 07/24 18:53:37 Job executing on host: <188.185.206.178:9618?addrs=188.185.206.178-9618&alias=b9p06p2822.cern.ch&noUDP&sock=startd_4791_ce54>
	SlotName: slot1_1@b9p06p2822.cern.ch
	CondorScratchDir = "/pool/condor/dir_3904385"
	Cpus = 8
	Disk = 2886685
	Memory = 16000
...
006 (10252908.842.000) 07/24 18:53:41 Image size of job updated: 157348
	7  -  MemoryUsage of job (MB)
	6336  -  ResidentSetSize of job (KB)
...
040 (10252908.842.000) 07/24 18:53:41 Started transferring output files
...
040 (10252908.842.000) 07/24 18:53:41 Finished transferring output files
...
005 (10252908.842.000) 07/24 18:53:41 Job terminated.
	(1) Normal termination (return value 0)
		Usr 0 00:00:03, Sys 0 00:00:00  -  Run Remote Usage
		Usr 0 00:00:00, Sys 0 00:00:00  -  Run Local Usage
		Usr 0 00:00:03, Sys 0 00:00:00  -  Total Remote Usage
		Usr 0 00:00:00, Sys 0 00:00:00  -  Total Local Usage
	6204  -  Run Bytes Sent By Job
	409597  -  Run Bytes Received By Job
	6204  -  Total Bytes Sent By Job
	409597  -  Total Bytes Received By Job
	Partitionable Resources :    Usage  Request Allocated 
	   Cpus                 :                 8         8 
	   Disk (KB)            :      420      425   2886685 
	   Memory (MB)          :        7    16000     16000 

	Job terminated of its own accord at 2024-07-24T16:53:41Z with exit-code 0.
...
040 (10252909.842.000) 07/24 19:52:55 Started transferring input files
	Transferring to host: <188.185.205.208:9618?addrs=188.185.205.208-9618&alias=b9p04p9301.cern.ch&noUDP&sock=slot1_9_6907_5b32_156970>
...
040 (10252909.842.000) 07/24 19:52:55 Finished transferring input files
...
001 (10252909.842.000) 07/24 19:52:56 Job executing on host: <188.185.205.208:9618?addrs=188.185.205.208-9618&alias=b9p04p9301.cern.ch&noUDP&sock=startd_6839_904a>
	SlotName: slot1_9@b9p04p9301.cern.ch
	CondorScratchDir = "/pool/condor/dir_3217034"
	Cpus = 8
	Disk = 2666954
	Memory = 16000
...
006 (10252909.842.000) 07/24 19:53:02 Image size of job updated: 158344
	8  -  MemoryUsage of job (MB)
	7544  -  ResidentSetSize of job (KB)
...
040 (10252909.842.000) 07/24 19:53:02 Started transferring output files
...
040 (10252909.842.000) 07/24 19:53:02 Finished transferring output files
...
005 (10252909.842.000) 07/24 19:53:02 Job terminated.
	(1) Normal termination (return value 0)
		Usr 0 00:00:04, Sys 0 00:00:00  -  Run Remote Usage
		Usr 0 00:00:00, Sys 0 00:00:00  -  Run Local Usage
		Usr 0 00:00:04, Sys 0 00:00:00  -  Total Remote Usage
		Usr 0 00:00:00, Sys 0 00:00:00  -  Total Local Usage
	6204  -  Run Bytes Sent By Job
	409597  -  Run Bytes Received By Job
	6204  -  Total Bytes Sent By Job
	409597  -  Total Bytes Received By Job
	Partitionable Resources :    Usage  Request Allocated 
	   Cpus                 :        0        8         8 
	   Disk (KB)            :      428      425   2666954 
	   Memory (MB)          :        8    16000     16000 

	Job terminated of its own accord at 2024-07-24T17:53:02Z with exit-code 0.
...
040 (10252910.842.000) 07/24 20:45:45 Started transferring input files
	Transferring to host: <188.185.208.190:9618?addrs=188.185.208.190-9618+[2001-1458-303-10--100-3b]-9618&alias=b9p10p8400.cern.ch&noUDP&sock=slot1_26_8610_4617_143329>
...
040 (10252910.842.000) 07/24 20:45:45 Finished transferring input files
...
001 (10252910.842.000) 07/24 20:45:46 Job executing on host: <188.185.208.190:9618?addrs=188.185.208.190-9618+[2001-1458-303-10--100-3b]-9618&alias=b9p10p8400.cern.ch&noUDP&sock=startd_6643_1fba>
	SlotName: slot1_26@b9p10p8400.cern.ch
	CondorScratchDir = "/pool/condor/dir_3325072"
	Cpus = 8
	Disk = 2691245
	Memory = 16000
...
006 (10252910.842.000) 07/24 20:45:51 Image size of job updated: 160444
	9  -  MemoryUsage of job (MB)
	8284  -  ResidentSetSize of job (KB)
...
040 (10252910.842.000) 07/24 20:45:51 Started transferring output files
...
040 (10252910.842.000) 07/24 20:45:51 Finished transferring output files
...
005 (10252910.842.000) 07/24 20:45:51 Job terminated.
	(1) Normal termination (return value 0)
		Usr 0 00:00:03, Sys 0 00:00:00  -  Run Remote Usage
		Usr 0 00:00:00, Sys 0 00:00:00  -  Run Local Usage
		Usr 0 00:00:03, Sys 0 00:00:00  -  Total Remote Usage
		Usr 0 00:00:00, Sys 0 00:00:00  -  Total Local Usage
	6201  -  Run Bytes Sent By Job
	409597  -  Run Bytes Received By Job
	6201  -  Total Bytes Sent By Job
	409597  -  Total Bytes Received By Job
	Partitionable Resources :    Usage  Request Allocated 
	   Cpus                 :        0        8         8 
	   Disk (KB)            :      428      425   2691245 
	   Memory (MB)          :        9    16000     16000 

	Job terminated of its own accord at 2024-07-24T18:45:51Z with exit-code 0.
...
040 (10252911.842.000) 07/24 20:58:39 Started transferring input files
	Transferring to host: <188.185.206.138:9618?addrs=188.185.206.138-9618&alias=b9p06p1159.cern.ch&noUDP&sock=slot1_13_7389_f806_158462>
...
040 (10252911.842.000) 07/24 20:58:39 Finished transferring input files
...
001 (10252911.842.000) 07/24 20:58:40 Job executing on host: <188.185.206.138:9618?addrs=188.185.206.138-9618&alias=b9p06p1159.cern.ch&noUDP&sock=startd_7322_dc88>
	SlotName: slot1_13@b9p06p1159.cern.ch
	CondorScratchDir = "/pool/condor/dir_733649"
	Cpus = 8
	Disk = 2809452
	Memory = 16000
...
006 (10252911.842.000) 07/24 20:58:44 Image size of job updated: 155372
	5  -  MemoryUsage of job (MB)
	5096  -  ResidentSetSize of job (KB)
...
040 (10252911.842.000) 07/24 20:58:44 Started transferring output files
...
040 (10252911.842.000) 07/24 20:58:44 Finished transferring output files
...
005 (10252911.842.000) 07/24 20:58:44 Job terminated.
	(1) Normal termination (return value 0)
		Usr 0 00:00:03, Sys 0 00:00:00  -  Run Remote Usage
		Usr 0 00:00:00, Sys 0 00:00:00  -  Run Local Usage
		Usr 0 00:00:03, Sys 0 00:00:00  -  Total Remote Usage
		Usr 0 00:00:00, Sys 0 00:00:00  -  Total Local Usage
	6204  -  Run Bytes Sent By Job
	409597  -  Run Bytes Received By Job
	6204  -  Total Bytes Sent By Job
	409597  -  Total Bytes Received By Job
	Partitionable Resources :    Usage  Request Allocated 
	   Cpus                 :        0        8         8 
	   Disk (KB)            :      427      425   2809452 
	   Memory (MB)          :        5    16000     16000 

	Job terminated of its own accord at 2024-07-24T18:58:44Z with exit-code 0.
...
040 (10252912.842.000) 07/24 21:11:34 Started transferring input files
	Transferring to host: <188.185.206.98:9618?addrs=188.185.206.98-9618+[2001-1458-303-b--100-5f]-9618&alias=b9p05p9848.cern.ch&noUDP&sock=slot1_40_65051_106e_92127>
...
040 (10252912.842.000) 07/24 21:11:34 Finished transferring input files
...
001 (10252912.842.000) 07/24 21:11:35 Job executing on host: <188.185.206.98:9618?addrs=188.185.206.98-9618+[2001-1458-303-b--100-5f]-9618&alias=b9p05p9848.cern.ch&noUDP&sock=startd_3385_682c>
	SlotName: slot1_40@b9p05p9848.cern.ch
	CondorScratchDir = "/pool/condor/dir_3663720"
	Cpus = 8
	Disk = 2792540
	Memory = 16000
...
006 (10252912.842.000) 07/24 21:11:41 Image size of job updated: 160464
	9  -  MemoryUsage of job (MB)
	8388  -  ResidentSetSize of job (KB)
...
040 (10252912.842.000) 07/24 21:11:41 Started transferring output files
...
040 (10252912.842.000) 07/24 21:11:41 Finished transferring output files
...
005 (10252912.842.000) 07/24 21:11:41 Job terminated.
	(1) Normal termination (return value 0)
		Usr 0 00:00:04, Sys 0 00:00:00  -  Run Remote Usage
		Usr 0 00:00:00, Sys 0 00:00:00  -  Run Local Usage
		Usr 0 00:00:04, Sys 0 00:00:00  -  Total Remote Usage
		Usr 0 00:00:00, Sys 0 00:00:00  -  Total Local Usage
	6201  -  Run Bytes Sent By Job
	409597  -  Run Bytes Received By Job
	6201  -  Total Bytes Sent By Job
	409597  -  Total Bytes Received By Job
	Partitionable Resources :    Usage  Request Allocated 
	   Cpus                 :        0        8         8 
	   Disk (KB)            :      433      425   2792540 
	   Memory (MB)          :        9    16000     16000 

	Job terminated of its own accord at 2024-07-24T19:11:41Z with exit-code 0.
...
040 (10252913.842.000) 07/24 21:25:25 Started transferring input files
	Transferring to host: <128.142.131.112:9618?addrs=128.142.131.112-9618+[2001-1458-301-59--100-64]-9618&alias=b9g11p7594.cern.ch&noUDP&sock=slot1_3_2919_7310_106775>
...
040 (10252913.842.000) 07/24 21:25:25 Finished transferring input files
...
001 (10252913.842.000) 07/24 21:25:26 Job executing on host: <128.142.131.112:9618?addrs=128.142.131.112-9618+[2001-1458-301-59--100-64]-9618&alias=b9g11p7594.cern.ch&noUDP&sock=startd_2604_b4b4>
	SlotName: slot1_3@b9g11p7594.cern.ch
	CondorScratchDir = "/pool/condor/dir_145289"
	Cpus = 8
	Disk = 1577924
	Memory = 16000
...
006 (10252913.842.000) 07/24 21:25:34 Image size of job updated: 147524
	145  -  MemoryUsage of job (MB)
	147524  -  ResidentSetSize of job (KB)
...
040 (10252913.842.000) 07/24 21:25:35 Started transferring output files
...
040 (10252913.842.000) 07/24 21:25:35 Finished transferring output files
...
005 (10252913.842.000) 07/24 21:25:35 Job terminated.
	(1) Normal termination (return value 0)
		Usr 0 00:00:08, Sys 0 00:00:00  -  Run Remote Usage
		Usr 0 00:00:00, Sys 0 00:00:00  -  Run Local Usage
		Usr 0 00:00:08, Sys 0 00:00:00  -  Total Remote Usage
		Usr 0 00:00:00, Sys 0 00:00:00  -  Total Local Usage
	6204  -  Run Bytes Sent By Job
	409597  -  Run Bytes Received By Job
	6204  -  Total Bytes Sent By Job
	409597  -  Total Bytes Received By Job
	Partitionable Resources :    Usage  Request Allocated 
	   Cpus                 :        0        8         8 
	   Disk (KB)            :      428      425   1577924 
	   Memory (MB)          :      145    16000     16000 

	Job terminated of its own accord at 2024-07-24T19:25:35Z with exit-code 0.
...
000 (10261715.842.000) 07/25 13:01:36 Job submitted from host: <188.185.114.121:9618?addrs=188.185.114.121-9618+[2001-1458-d00-a--100-273]-9618&alias=bigbird19.cern.ch&noUDP&sock=schedd_4961_696e>
...
009 (10261715.842.000) 07/25 13:06:40 Job was aborted.
	via condor_rm (by user yelberke)
...
000 (10261767.842.000) 07/25 13:20:05 Job submitted from host: <188.185.114.121:9618?addrs=188.185.114.121-9618+[2001-1458-d00-a--100-273]-9618&alias=bigbird19.cern.ch&noUDP&sock=schedd_4961_696e>
...
040 (10261767.842.000) 07/25 14:03:59 Started transferring input files
	Transferring to host: <188.185.192.111:9618?addrs=188.185.192.111-9618+[2001-1458-303-1f--100-6b]-9618&alias=b9p13p6936.cern.ch&noUDP&sock=slot1_7_857777_3e9a_246>
...
040 (10261767.842.000) 07/25 14:03:59 Finished transferring input files
...
001 (10261767.842.000) 07/25 14:04:00 Job executing on host: <188.185.192.111:9618?addrs=188.185.192.111-9618+[2001-1458-303-1f--100-6b]-9618&alias=b9p13p6936.cern.ch&noUDP&sock=startd_128758_db5a>
	SlotName: slot1_7@b9p13p6936.cern.ch
	CondorScratchDir = "/pool/condor/dir_1136914"
	Cpus = 12
	Disk = 3013982
	Memory = 24000
...
006 (10261767.842.000) 07/25 14:04:08 Image size of job updated: 1
	0  -  MemoryUsage of job (MB)
	0  -  ResidentSetSize of job (KB)
...
006 (10261767.842.000) 07/25 14:04:30 Image size of job updated: 160368
	7  -  MemoryUsage of job (MB)
	6472  -  ResidentSetSize of job (KB)
...
040 (10261767.842.000) 07/25 14:04:30 Started transferring output files
...
040 (10261767.842.000) 07/25 14:04:30 Finished transferring output files
...
005 (10261767.842.000) 07/25 14:04:30 Job terminated.
	(1) Normal termination (return value 0)
		Usr 0 00:00:04, Sys 0 00:00:00  -  Run Remote Usage
		Usr 0 00:00:00, Sys 0 00:00:00  -  Run Local Usage
		Usr 0 00:00:04, Sys 0 00:00:00  -  Total Remote Usage
		Usr 0 00:00:00, Sys 0 00:00:00  -  Total Local Usage
	6204  -  Run Bytes Sent By Job
	409597  -  Run Bytes Received By Job
	6204  -  Total Bytes Sent By Job
	409597  -  Total Bytes Received By Job
	Partitionable Resources :    Usage  Request Allocated 
	   Cpus                 :        0       12        12 
	   Disk (KB)            :      427      425   3013982 
	   Memory (MB)          :        7    24000     24000 

	Job terminated of its own accord at 2024-07-25T12:04:30Z with exit-code 0.
...
000 (10284266.842.000) 08/02 15:45:20 Job submitted from host: <188.185.114.121:9618?addrs=188.185.114.121-9618+[2001-1458-d00-a--100-273]-9618&alias=bigbird19.cern.ch&noUDP&sock=schedd_4961_696e>
...
009 (10284266.842.000) 08/02 15:49:24 Job was aborted.
	via condor_rm (by user yelberke)
...
000 (10284267.842.000) 08/02 15:49:47 Job submitted from host: <188.185.114.121:9618?addrs=188.185.114.121-9618+[2001-1458-d00-a--100-273]-9618&alias=bigbird19.cern.ch&noUDP&sock=schedd_4961_696e>
...
040 (10284267.842.000) 08/02 16:19:28 Started transferring input files
	Transferring to host: <128.142.51.215:9618?addrs=128.142.51.215-9618+[2001-1458-301-3--100-14]-9618&alias=b9g02p1339.cern.ch&noUDP&sock=slot1_4_2700322_e1a9_42>
...
040 (10284267.842.000) 08/02 16:19:28 Finished transferring input files
...
001 (10284267.842.000) 08/02 16:19:29 Job executing on host: <128.142.51.215:9618?addrs=128.142.51.215-9618+[2001-1458-301-3--100-14]-9618&alias=b9g02p1339.cern.ch&noUDP&sock=startd_5196_9a2f>
	SlotName: slot1_4@b9g02p1339.cern.ch
	CondorScratchDir = "/pool/condor/dir_2706981"
	Cpus = 12
	Disk = 3138436
	Memory = 24000
...
006 (10284267.842.000) 08/02 16:19:31 Image size of job updated: 320184
	1  -  MemoryUsage of job (MB)
	712  -  ResidentSetSize of job (KB)
...
040 (10284267.842.000) 08/02 16:19:31 Started transferring output files
...
040 (10284267.842.000) 08/02 16:19:31 Finished transferring output files
...
005 (10284267.842.000) 08/02 16:19:31 Job terminated.
	(1) Normal termination (return value 139)
		Usr 0 00:00:02, Sys 0 00:00:00  -  Run Remote Usage
		Usr 0 00:00:00, Sys 0 00:00:00  -  Run Local Usage
		Usr 0 00:00:02, Sys 0 00:00:00  -  Total Remote Usage
		Usr 0 00:00:00, Sys 0 00:00:00  -  Total Local Usage
	7992  -  Run Bytes Sent By Job
	409597  -  Run Bytes Received By Job
	7992  -  Total Bytes Sent By Job
	409597  -  Total Bytes Received By Job
	Partitionable Resources :    Usage  Request Allocated 
	   Cpus                 :        0       12        12 
	   Disk (KB)            :      429      425   3138436 
	   Memory (MB)          :        1    24000     24000 

	Job terminated of its own accord at 2024-08-02T14:19:31Z with exit-code 139.
...
