000 (10252905.843.000) 07/24 16:13:15 Job submitted from host: <188.185.114.121:9618?addrs=188.185.114.121-9618+[2001-1458-d00-a--100-273]-9618&alias=bigbird19.cern.ch&noUDP&sock=schedd_4961_696e>
...
009 (10252905.843.000) 07/24 16:14:46 Job was aborted.
	via condor_rm (by user yelberke)
...
000 (10252906.843.000) 07/24 16:15:36 Job submitted from host: <188.185.114.121:9618?addrs=188.185.114.121-9618+[2001-1458-d00-a--100-273]-9618&alias=bigbird19.cern.ch&noUDP&sock=schedd_4961_696e>
...
000 (10252907.843.000) 07/24 16:17:31 Job submitted from host: <188.185.114.121:9618?addrs=188.185.114.121-9618+[2001-1458-d00-a--100-273]-9618&alias=bigbird19.cern.ch&noUDP&sock=schedd_4961_696e>
...
000 (10252908.843.000) 07/24 16:18:04 Job submitted from host: <188.185.114.121:9618?addrs=188.185.114.121-9618+[2001-1458-d00-a--100-273]-9618&alias=bigbird19.cern.ch&noUDP&sock=schedd_4961_696e>
...
000 (10252909.843.000) 07/24 16:18:39 Job submitted from host: <188.185.114.121:9618?addrs=188.185.114.121-9618+[2001-1458-d00-a--100-273]-9618&alias=bigbird19.cern.ch&noUDP&sock=schedd_4961_696e>
...
000 (10252910.843.000) 07/24 16:19:05 Job submitted from host: <188.185.114.121:9618?addrs=188.185.114.121-9618+[2001-1458-d00-a--100-273]-9618&alias=bigbird19.cern.ch&noUDP&sock=schedd_4961_696e>
...
000 (10252911.843.000) 07/24 16:19:18 Job submitted from host: <188.185.114.121:9618?addrs=188.185.114.121-9618+[2001-1458-d00-a--100-273]-9618&alias=bigbird19.cern.ch&noUDP&sock=schedd_4961_696e>
...
000 (10252912.843.000) 07/24 16:19:31 Job submitted from host: <188.185.114.121:9618?addrs=188.185.114.121-9618+[2001-1458-d00-a--100-273]-9618&alias=bigbird19.cern.ch&noUDP&sock=schedd_4961_696e>
...
000 (10252913.843.000) 07/24 16:19:43 Job submitted from host: <188.185.114.121:9618?addrs=188.185.114.121-9618+[2001-1458-d00-a--100-273]-9618&alias=bigbird19.cern.ch&noUDP&sock=schedd_4961_696e>
...
040 (10252906.843.000) 07/24 16:22:44 Started transferring input files
	Transferring to host: <188.185.205.56:9618?addrs=188.185.205.56-9618&alias=b9p03p4629.cern.ch&noUDP&sock=slot1_21_6907_5b32_154013>
...
040 (10252906.843.000) 07/24 16:22:44 Finished transferring input files
...
001 (10252906.843.000) 07/24 16:22:45 Job executing on host: <188.185.205.56:9618?addrs=188.185.205.56-9618&alias=b9p03p4629.cern.ch&noUDP&sock=startd_6838_e0b1>
	SlotName: slot1_21@b9p03p4629.cern.ch
	CondorScratchDir = "/pool/condor/dir_2842434"
	Cpus = 8
	Disk = 2575032
	Memory = 16000
...
006 (10252906.843.000) 07/24 16:22:49 Image size of job updated: 164776
	11  -  MemoryUsage of job (MB)
	10824  -  ResidentSetSize of job (KB)
...
040 (10252906.843.000) 07/24 16:22:49 Started transferring output files
...
040 (10252906.843.000) 07/24 16:22:49 Finished transferring output files
...
005 (10252906.843.000) 07/24 16:22:49 Job terminated.
	(1) Normal termination (return value 0)
		Usr 0 00:00:03, Sys 0 00:00:00  -  Run Remote Usage
		Usr 0 00:00:00, Sys 0 00:00:00  -  Run Local Usage
		Usr 0 00:00:03, Sys 0 00:00:00  -  Total Remote Usage
		Usr 0 00:00:00, Sys 0 00:00:00  -  Total Local Usage
	6204  -  Run Bytes Sent By Job
	409597  -  Run Bytes Received By Job
	6204  -  Total Bytes Sent By Job
	409597  -  Total Bytes Received By Job
	Partitionable Resources :    Usage  Request Allocated 
	   Cpus                 :        0        8         8 
	   Disk (KB)            :      428      425   2575032 
	   Memory (MB)          :       11    16000     16000 

	Job terminated of its own accord at 2024-07-24T14:22:49Z with exit-code 0.
...
040 (10252907.843.000) 07/24 17:48:04 Started transferring input files
	Transferring to host: <188.185.205.173:9618?addrs=188.185.205.173-9618+[2001-1458-303-a--100-2a]-9618&alias=b9p04p9536.cern.ch&noUDP&sock=slot1_6_3573_406a_30091>
...
040 (10252907.843.000) 07/24 17:48:04 Finished transferring input files
...
001 (10252907.843.000) 07/24 17:48:05 Job executing on host: <188.185.205.173:9618?addrs=188.185.205.173-9618+[2001-1458-303-a--100-2a]-9618&alias=b9p04p9536.cern.ch&noUDP&sock=startd_3450_fdd4>
	SlotName: slot1_6@b9p04p9536.cern.ch
	CondorScratchDir = "/pool/condor/dir_3027565"
	Cpus = 8
	Disk = 2458095
	Memory = 16000
...
006 (10252907.843.000) 07/24 17:48:09 Image size of job updated: 165484
	11  -  MemoryUsage of job (MB)
	10984  -  ResidentSetSize of job (KB)
...
040 (10252907.843.000) 07/24 17:48:09 Started transferring output files
...
040 (10252907.843.000) 07/24 17:48:09 Finished transferring output files
...
005 (10252907.843.000) 07/24 17:48:09 Job terminated.
	(1) Normal termination (return value 0)
		Usr 0 00:00:03, Sys 0 00:00:00  -  Run Remote Usage
		Usr 0 00:00:00, Sys 0 00:00:00  -  Run Local Usage
		Usr 0 00:00:03, Sys 0 00:00:00  -  Total Remote Usage
		Usr 0 00:00:00, Sys 0 00:00:00  -  Total Local Usage
	6204  -  Run Bytes Sent By Job
	409597  -  Run Bytes Received By Job
	6204  -  Total Bytes Sent By Job
	409597  -  Total Bytes Received By Job
	Partitionable Resources :    Usage  Request Allocated 
	   Cpus                 :        0        8         8 
	   Disk (KB)            :      428      425   2458095 
	   Memory (MB)          :       11    16000     16000 

	Job terminated of its own accord at 2024-07-24T15:48:09Z with exit-code 0.
...
040 (10252908.843.000) 07/24 18:53:37 Started transferring input files
	Transferring to host: <188.185.206.147:9618?addrs=188.185.206.147-9618+[2001-1458-303-c--100-10]-9618&alias=b9p06p5677.cern.ch&noUDP&sock=slot1_45_3652_ea0e_83710>
...
040 (10252908.843.000) 07/24 18:53:37 Finished transferring input files
...
001 (10252908.843.000) 07/24 18:53:38 Job executing on host: <188.185.206.147:9618?addrs=188.185.206.147-9618+[2001-1458-303-c--100-10]-9618&alias=b9p06p5677.cern.ch&noUDP&sock=startd_3325_407d>
	SlotName: slot1_45@b9p06p5677.cern.ch
	CondorScratchDir = "/pool/condor/dir_1636980"
	Cpus = 8
	Disk = 2846580
	Memory = 16000
...
006 (10252908.843.000) 07/24 18:53:42 Image size of job updated: 158764
	7  -  MemoryUsage of job (MB)
	6380  -  ResidentSetSize of job (KB)
...
040 (10252908.843.000) 07/24 18:53:42 Started transferring output files
...
040 (10252908.843.000) 07/24 18:53:42 Finished transferring output files
...
005 (10252908.843.000) 07/24 18:53:42 Job terminated.
	(1) Normal termination (return value 0)
		Usr 0 00:00:03, Sys 0 00:00:00  -  Run Remote Usage
		Usr 0 00:00:00, Sys 0 00:00:00  -  Run Local Usage
		Usr 0 00:00:03, Sys 0 00:00:00  -  Total Remote Usage
		Usr 0 00:00:00, Sys 0 00:00:00  -  Total Local Usage
	6204  -  Run Bytes Sent By Job
	409597  -  Run Bytes Received By Job
	6204  -  Total Bytes Sent By Job
	409597  -  Total Bytes Received By Job
	Partitionable Resources :    Usage  Request Allocated 
	   Cpus                 :        0        8         8 
	   Disk (KB)            :      428      425   2846580 
	   Memory (MB)          :        7    16000     16000 

	Job terminated of its own accord at 2024-07-24T16:53:42Z with exit-code 0.
...
040 (10252909.843.000) 07/24 19:52:56 Started transferring input files
	Transferring to host: <188.185.205.109:9618?addrs=188.185.205.109-9618+[2001-1458-303-9--100-6a]-9618&alias=b9p03p0116.cern.ch&noUDP&sock=slot1_24_8794_eb1f_30502>
...
040 (10252909.843.000) 07/24 19:52:57 Finished transferring input files
...
001 (10252909.843.000) 07/24 19:52:57 Job executing on host: <188.185.205.109:9618?addrs=188.185.205.109-9618+[2001-1458-303-9--100-6a]-9618&alias=b9p03p0116.cern.ch&noUDP&sock=startd_7745_0118>
	SlotName: slot1_24@b9p03p0116.cern.ch
	CondorScratchDir = "/pool/condor/dir_3472039"
	Cpus = 8
	Disk = 2756157
	Memory = 16000
...
006 (10252909.843.000) 07/24 19:53:03 Image size of job updated: 162348
	10  -  MemoryUsage of job (MB)
	9860  -  ResidentSetSize of job (KB)
...
040 (10252909.843.000) 07/24 19:53:03 Started transferring output files
...
040 (10252909.843.000) 07/24 19:53:03 Finished transferring output files
...
005 (10252909.843.000) 07/24 19:53:03 Job terminated.
	(1) Normal termination (return value 0)
		Usr 0 00:00:04, Sys 0 00:00:00  -  Run Remote Usage
		Usr 0 00:00:00, Sys 0 00:00:00  -  Run Local Usage
		Usr 0 00:00:04, Sys 0 00:00:00  -  Total Remote Usage
		Usr 0 00:00:00, Sys 0 00:00:00  -  Total Local Usage
	6204  -  Run Bytes Sent By Job
	409597  -  Run Bytes Received By Job
	6204  -  Total Bytes Sent By Job
	409597  -  Total Bytes Received By Job
	Partitionable Resources :    Usage  Request Allocated 
	   Cpus                 :        0        8         8 
	   Disk (KB)            :      428      425   2756157 
	   Memory (MB)          :       10    16000     16000 

	Job terminated of its own accord at 2024-07-24T17:53:03Z with exit-code 0.
...
040 (10252910.843.000) 07/24 20:45:45 Started transferring input files
	Transferring to host: <188.185.198.75:9618?addrs=188.185.198.75-9618+[2001-1458-303-25--100-47]-9618&alias=b9p15p1105.cern.ch&noUDP&sock=slot1_4_271914_c2ea_4940>
...
040 (10252910.843.000) 07/24 20:45:45 Finished transferring input files
...
001 (10252910.843.000) 07/24 20:45:46 Job executing on host: <188.185.198.75:9618?addrs=188.185.198.75-9618+[2001-1458-303-25--100-47]-9618&alias=b9p15p1105.cern.ch&noUDP&sock=startd_128105_f402>
	SlotName: slot1_4@b9p15p1105.cern.ch
	CondorScratchDir = "/pool/condor/dir_1514175"
	Cpus = 8
	Disk = 3003423
	Memory = 16000
...
006 (10252910.843.000) 07/24 20:45:51 Image size of job updated: 160788
	8  -  MemoryUsage of job (MB)
	7832  -  ResidentSetSize of job (KB)
...
040 (10252910.843.000) 07/24 20:45:51 Started transferring output files
...
040 (10252910.843.000) 07/24 20:45:51 Finished transferring output files
...
005 (10252910.843.000) 07/24 20:45:51 Job terminated.
	(1) Normal termination (return value 0)
		Usr 0 00:00:04, Sys 0 00:00:00  -  Run Remote Usage
		Usr 0 00:00:00, Sys 0 00:00:00  -  Run Local Usage
		Usr 0 00:00:04, Sys 0 00:00:00  -  Total Remote Usage
		Usr 0 00:00:00, Sys 0 00:00:00  -  Total Local Usage
	6201  -  Run Bytes Sent By Job
	409597  -  Run Bytes Received By Job
	6201  -  Total Bytes Sent By Job
	409597  -  Total Bytes Received By Job
	Partitionable Resources :    Usage  Request Allocated 
	   Cpus                 :        0        8         8 
	   Disk (KB)            :      428      425   3003423 
	   Memory (MB)          :        8    16000     16000 

	Job terminated of its own accord at 2024-07-24T18:45:51Z with exit-code 0.
...
040 (10252911.843.000) 07/24 20:58:39 Started transferring input files
	Transferring to host: <188.185.207.175:9618?addrs=188.185.207.175-9618+[2001-1458-303-e--100-2c]-9618&alias=b9p08p6650.cern.ch&noUDP&sock=slot1_14_2053062_a858_99340>
...
040 (10252911.843.000) 07/24 20:58:39 Finished transferring input files
...
001 (10252911.843.000) 07/24 20:58:40 Job executing on host: <188.185.207.175:9618?addrs=188.185.207.175-9618+[2001-1458-303-e--100-2c]-9618&alias=b9p08p6650.cern.ch&noUDP&sock=startd_2053021_38b5>
	SlotName: slot1_14@b9p08p6650.cern.ch
	CondorScratchDir = "/pool/condor/dir_3414439"
	Cpus = 8
	Disk = 2593112
	Memory = 16000
...
006 (10252911.843.000) 07/24 20:58:44 Image size of job updated: 161484
	9  -  MemoryUsage of job (MB)
	8344  -  ResidentSetSize of job (KB)
...
040 (10252911.843.000) 07/24 20:58:44 Started transferring output files
...
040 (10252911.843.000) 07/24 20:58:44 Finished transferring output files
...
005 (10252911.843.000) 07/24 20:58:44 Job terminated.
	(1) Normal termination (return value 0)
		Usr 0 00:00:03, Sys 0 00:00:00  -  Run Remote Usage
		Usr 0 00:00:00, Sys 0 00:00:00  -  Run Local Usage
		Usr 0 00:00:03, Sys 0 00:00:00  -  Total Remote Usage
		Usr 0 00:00:00, Sys 0 00:00:00  -  Total Local Usage
	6204  -  Run Bytes Sent By Job
	409597  -  Run Bytes Received By Job
	6204  -  Total Bytes Sent By Job
	409597  -  Total Bytes Received By Job
	Partitionable Resources :    Usage  Request Allocated 
	   Cpus                 :        0        8         8 
	   Disk (KB)            :      431      425   2593112 
	   Memory (MB)          :        9    16000     16000 

	Job terminated of its own accord at 2024-07-24T18:58:44Z with exit-code 0.
...
040 (10252912.843.000) 07/24 21:11:34 Started transferring input files
	Transferring to host: <188.185.206.217:9618?addrs=188.185.206.217-9618&alias=b9p06p2502.cern.ch&noUDP&sock=slot1_8_4024_059d_158016>
...
040 (10252912.843.000) 07/24 21:11:34 Finished transferring input files
...
001 (10252912.843.000) 07/24 21:11:35 Job executing on host: <188.185.206.217:9618?addrs=188.185.206.217-9618&alias=b9p06p2502.cern.ch&noUDP&sock=startd_3790_3407>
	SlotName: slot1_8@b9p06p2502.cern.ch
	CondorScratchDir = "/pool/condor/dir_2580913"
	Cpus = 8
	Disk = 2670800
	Memory = 16000
...
006 (10252912.843.000) 07/24 21:11:42 Image size of job updated: 161448
	9  -  MemoryUsage of job (MB)
	8808  -  ResidentSetSize of job (KB)
...
040 (10252912.843.000) 07/24 21:11:42 Started transferring output files
...
040 (10252912.843.000) 07/24 21:11:42 Finished transferring output files
...
005 (10252912.843.000) 07/24 21:11:42 Job terminated.
	(1) Normal termination (return value 0)
		Usr 0 00:00:05, Sys 0 00:00:00  -  Run Remote Usage
		Usr 0 00:00:00, Sys 0 00:00:00  -  Run Local Usage
		Usr 0 00:00:05, Sys 0 00:00:00  -  Total Remote Usage
		Usr 0 00:00:00, Sys 0 00:00:00  -  Total Local Usage
	6201  -  Run Bytes Sent By Job
	409597  -  Run Bytes Received By Job
	6201  -  Total Bytes Sent By Job
	409597  -  Total Bytes Received By Job
	Partitionable Resources :    Usage  Request Allocated 
	   Cpus                 :        0        8         8 
	   Disk (KB)            :      428      425   2670800 
	   Memory (MB)          :        9    16000     16000 

	Job terminated of its own accord at 2024-07-24T19:11:42Z with exit-code 0.
...
040 (10252913.843.000) 07/24 21:25:25 Started transferring input files
	Transferring to host: <188.185.207.220:9618?addrs=188.185.207.220-9618+[2001-1458-303-e--100-59]-9618&alias=b9p08p3598.cern.ch&noUDP&sock=slot1_3_11879_947c_145469>
...
040 (10252913.843.000) 07/24 21:25:25 Finished transferring input files
...
001 (10252913.843.000) 07/24 21:25:26 Job executing on host: <188.185.207.220:9618?addrs=188.185.207.220-9618+[2001-1458-303-e--100-59]-9618&alias=b9p08p3598.cern.ch&noUDP&sock=startd_10573_c6ec>
	SlotName: slot1_3@b9p08p3598.cern.ch
	CondorScratchDir = "/pool/condor/dir_2732955"
	Cpus = 8
	Disk = 2780212
	Memory = 16000
...
006 (10252913.843.000) 07/24 21:25:30 Image size of job updated: 157384
	7  -  MemoryUsage of job (MB)
	6588  -  ResidentSetSize of job (KB)
...
040 (10252913.843.000) 07/24 21:25:30 Started transferring output files
...
040 (10252913.843.000) 07/24 21:25:30 Finished transferring output files
...
005 (10252913.843.000) 07/24 21:25:30 Job terminated.
	(1) Normal termination (return value 0)
		Usr 0 00:00:03, Sys 0 00:00:00  -  Run Remote Usage
		Usr 0 00:00:00, Sys 0 00:00:00  -  Run Local Usage
		Usr 0 00:00:03, Sys 0 00:00:00  -  Total Remote Usage
		Usr 0 00:00:00, Sys 0 00:00:00  -  Total Local Usage
	6204  -  Run Bytes Sent By Job
	409597  -  Run Bytes Received By Job
	6204  -  Total Bytes Sent By Job
	409597  -  Total Bytes Received By Job
	Partitionable Resources :    Usage  Request Allocated 
	   Cpus                 :        0        8         8 
	   Disk (KB)            :      428      425   2780212 
	   Memory (MB)          :        7    16000     16000 

	Job terminated of its own accord at 2024-07-24T19:25:30Z with exit-code 0.
...
000 (10261715.843.000) 07/25 13:01:36 Job submitted from host: <188.185.114.121:9618?addrs=188.185.114.121-9618+[2001-1458-d00-a--100-273]-9618&alias=bigbird19.cern.ch&noUDP&sock=schedd_4961_696e>
...
009 (10261715.843.000) 07/25 13:06:40 Job was aborted.
	via condor_rm (by user yelberke)
...
000 (10261767.843.000) 07/25 13:20:05 Job submitted from host: <188.185.114.121:9618?addrs=188.185.114.121-9618+[2001-1458-d00-a--100-273]-9618&alias=bigbird19.cern.ch&noUDP&sock=schedd_4961_696e>
...
040 (10261767.843.000) 07/25 14:03:58 Started transferring input files
	Transferring to host: <188.185.205.77:9618?addrs=188.185.205.77-9618+[2001-1458-303-9--100-c1]-9618&alias=b9p03p0676.cern.ch&noUDP&sock=slot1_22_6833_376f_158502>
...
040 (10261767.843.000) 07/25 14:03:58 Finished transferring input files
...
001 (10261767.843.000) 07/25 14:03:59 Job executing on host: <188.185.205.77:9618?addrs=188.185.205.77-9618+[2001-1458-303-9--100-c1]-9618&alias=b9p03p0676.cern.ch&noUDP&sock=startd_6477_4301>
	SlotName: slot1_22@b9p03p0676.cern.ch
	CondorScratchDir = "/pool/condor/dir_3207903"
	Cpus = 12
	Disk = 2639711
	Memory = 24000
...
006 (10261767.843.000) 07/25 14:04:03 Image size of job updated: 160464
	7  -  MemoryUsage of job (MB)
	7120  -  ResidentSetSize of job (KB)
...
040 (10261767.843.000) 07/25 14:04:03 Started transferring output files
...
040 (10261767.843.000) 07/25 14:04:03 Finished transferring output files
...
005 (10261767.843.000) 07/25 14:04:03 Job terminated.
	(1) Normal termination (return value 0)
		Usr 0 00:00:03, Sys 0 00:00:00  -  Run Remote Usage
		Usr 0 00:00:00, Sys 0 00:00:00  -  Run Local Usage
		Usr 0 00:00:03, Sys 0 00:00:00  -  Total Remote Usage
		Usr 0 00:00:00, Sys 0 00:00:00  -  Total Local Usage
	6204  -  Run Bytes Sent By Job
	409597  -  Run Bytes Received By Job
	6204  -  Total Bytes Sent By Job
	409597  -  Total Bytes Received By Job
	Partitionable Resources :    Usage  Request Allocated 
	   Cpus                 :        0       12        12 
	   Disk (KB)            :      427      425   2639711 
	   Memory (MB)          :        7    24000     24000 

	Job terminated of its own accord at 2024-07-25T12:04:03Z with exit-code 0.
...
000 (10284266.843.000) 08/02 15:45:20 Job submitted from host: <188.185.114.121:9618?addrs=188.185.114.121-9618+[2001-1458-d00-a--100-273]-9618&alias=bigbird19.cern.ch&noUDP&sock=schedd_4961_696e>
...
009 (10284266.843.000) 08/02 15:49:24 Job was aborted.
	via condor_rm (by user yelberke)
...
000 (10284267.843.000) 08/02 15:49:47 Job submitted from host: <188.185.114.121:9618?addrs=188.185.114.121-9618+[2001-1458-d00-a--100-273]-9618&alias=bigbird19.cern.ch&noUDP&sock=schedd_4961_696e>
...
040 (10284267.843.000) 08/02 16:19:29 Started transferring input files
	Transferring to host: <128.142.51.215:9618?addrs=128.142.51.215-9618+[2001-1458-301-3--100-14]-9618&alias=b9g02p1339.cern.ch&noUDP&sock=slot1_2_2700322_e1a9_43>
...
040 (10284267.843.000) 08/02 16:19:29 Finished transferring input files
...
001 (10284267.843.000) 08/02 16:19:30 Job executing on host: <128.142.51.215:9618?addrs=128.142.51.215-9618+[2001-1458-301-3--100-14]-9618&alias=b9g02p1339.cern.ch&noUDP&sock=startd_5196_9a2f>
	SlotName: slot1_2@b9g02p1339.cern.ch
	CondorScratchDir = "/pool/condor/dir_2706984"
	Cpus = 12
	Disk = 3138435
	Memory = 24000
...
006 (10284267.843.000) 08/02 16:19:32 Image size of job updated: 319164
	3  -  MemoryUsage of job (MB)
	2524  -  ResidentSetSize of job (KB)
...
040 (10284267.843.000) 08/02 16:19:32 Started transferring output files
...
040 (10284267.843.000) 08/02 16:19:32 Finished transferring output files
...
005 (10284267.843.000) 08/02 16:19:32 Job terminated.
	(1) Normal termination (return value 139)
		Usr 0 00:00:02, Sys 0 00:00:00  -  Run Remote Usage
		Usr 0 00:00:00, Sys 0 00:00:00  -  Run Local Usage
		Usr 0 00:00:02, Sys 0 00:00:00  -  Total Remote Usage
		Usr 0 00:00:00, Sys 0 00:00:00  -  Total Local Usage
	7992  -  Run Bytes Sent By Job
	409597  -  Run Bytes Received By Job
	7992  -  Total Bytes Sent By Job
	409597  -  Total Bytes Received By Job
	Partitionable Resources :    Usage  Request Allocated 
	   Cpus                 :        0       12        12 
	   Disk (KB)            :      430      425   3138435 
	   Memory (MB)          :        3    24000     24000 

	Job terminated of its own accord at 2024-08-02T14:19:32Z with exit-code 139.
...
