000 (10252905.849.000) 07/24 16:13:15 Job submitted from host: <188.185.114.121:9618?addrs=188.185.114.121-9618+[2001-1458-d00-a--100-273]-9618&alias=bigbird19.cern.ch&noUDP&sock=schedd_4961_696e>
...
009 (10252905.849.000) 07/24 16:14:46 Job was aborted.
	via condor_rm (by user yelberke)
...
000 (10252906.849.000) 07/24 16:15:36 Job submitted from host: <188.185.114.121:9618?addrs=188.185.114.121-9618+[2001-1458-d00-a--100-273]-9618&alias=bigbird19.cern.ch&noUDP&sock=schedd_4961_696e>
...
000 (10252907.849.000) 07/24 16:17:31 Job submitted from host: <188.185.114.121:9618?addrs=188.185.114.121-9618+[2001-1458-d00-a--100-273]-9618&alias=bigbird19.cern.ch&noUDP&sock=schedd_4961_696e>
...
000 (10252908.849.000) 07/24 16:18:04 Job submitted from host: <188.185.114.121:9618?addrs=188.185.114.121-9618+[2001-1458-d00-a--100-273]-9618&alias=bigbird19.cern.ch&noUDP&sock=schedd_4961_696e>
...
000 (10252909.849.000) 07/24 16:18:39 Job submitted from host: <188.185.114.121:9618?addrs=188.185.114.121-9618+[2001-1458-d00-a--100-273]-9618&alias=bigbird19.cern.ch&noUDP&sock=schedd_4961_696e>
...
000 (10252910.849.000) 07/24 16:19:05 Job submitted from host: <188.185.114.121:9618?addrs=188.185.114.121-9618+[2001-1458-d00-a--100-273]-9618&alias=bigbird19.cern.ch&noUDP&sock=schedd_4961_696e>
...
000 (10252911.849.000) 07/24 16:19:18 Job submitted from host: <188.185.114.121:9618?addrs=188.185.114.121-9618+[2001-1458-d00-a--100-273]-9618&alias=bigbird19.cern.ch&noUDP&sock=schedd_4961_696e>
...
000 (10252912.849.000) 07/24 16:19:31 Job submitted from host: <188.185.114.121:9618?addrs=188.185.114.121-9618+[2001-1458-d00-a--100-273]-9618&alias=bigbird19.cern.ch&noUDP&sock=schedd_4961_696e>
...
000 (10252913.849.000) 07/24 16:19:43 Job submitted from host: <188.185.114.121:9618?addrs=188.185.114.121-9618+[2001-1458-d00-a--100-273]-9618&alias=bigbird19.cern.ch&noUDP&sock=schedd_4961_696e>
...
040 (10252906.849.000) 07/24 16:22:47 Started transferring input files
	Transferring to host: <188.185.195.155:9618?addrs=188.185.195.155-9618+[2001-1458-303-22--100-97]-9618&alias=b9p17p9400.cern.ch&noUDP&sock=slot1_5_137962_75a3_32604>
...
040 (10252906.849.000) 07/24 16:22:47 Finished transferring input files
...
001 (10252906.849.000) 07/24 16:22:48 Job executing on host: <188.185.195.155:9618?addrs=188.185.195.155-9618+[2001-1458-303-22--100-97]-9618&alias=b9p17p9400.cern.ch&noUDP&sock=startd_128061_c5d7>
	SlotName: slot1_5@b9p17p9400.cern.ch
	CondorScratchDir = "/pool/condor/dir_3119494"
	Cpus = 8
	Disk = 3073401
	Memory = 16000
...
006 (10252906.849.000) 07/24 16:22:53 Image size of job updated: 159800
	8  -  MemoryUsage of job (MB)
	7560  -  ResidentSetSize of job (KB)
...
040 (10252906.849.000) 07/24 16:22:53 Started transferring output files
...
040 (10252906.849.000) 07/24 16:22:53 Finished transferring output files
...
005 (10252906.849.000) 07/24 16:22:53 Job terminated.
	(1) Normal termination (return value 0)
		Usr 0 00:00:04, Sys 0 00:00:00  -  Run Remote Usage
		Usr 0 00:00:00, Sys 0 00:00:00  -  Run Local Usage
		Usr 0 00:00:04, Sys 0 00:00:00  -  Total Remote Usage
		Usr 0 00:00:00, Sys 0 00:00:00  -  Total Local Usage
	6204  -  Run Bytes Sent By Job
	409597  -  Run Bytes Received By Job
	6204  -  Total Bytes Sent By Job
	409597  -  Total Bytes Received By Job
	Partitionable Resources :    Usage  Request Allocated 
	   Cpus                 :        0        8         8 
	   Disk (KB)            :      428      425   3073401 
	   Memory (MB)          :        8    16000     16000 

	Job terminated of its own accord at 2024-07-24T14:22:53Z with exit-code 0.
...
040 (10252907.849.000) 07/24 17:47:58 Started transferring input files
	Transferring to host: <188.185.205.209:9618?addrs=188.185.205.209-9618+[2001-1458-303-a--100-4e]-9618&alias=b9p04p5106.cern.ch&noUDP&sock=slot1_9_6942_0453_156910>
...
040 (10252907.849.000) 07/24 17:47:58 Finished transferring input files
...
001 (10252907.849.000) 07/24 17:47:59 Job executing on host: <188.185.205.209:9618?addrs=188.185.205.209-9618+[2001-1458-303-a--100-4e]-9618&alias=b9p04p5106.cern.ch&noUDP&sock=startd_6869_2421>
	SlotName: slot1_9@b9p04p5106.cern.ch
	CondorScratchDir = "/pool/condor/dir_938462"
	Cpus = 8
	Disk = 2743629
	Memory = 16000
...
006 (10252907.849.000) 07/24 17:48:03 Image size of job updated: 165420
	11  -  MemoryUsage of job (MB)
	10860  -  ResidentSetSize of job (KB)
...
040 (10252907.849.000) 07/24 17:48:03 Started transferring output files
...
040 (10252907.849.000) 07/24 17:48:03 Finished transferring output files
...
005 (10252907.849.000) 07/24 17:48:03 Job terminated.
	(1) Normal termination (return value 0)
		Usr 0 00:00:03, Sys 0 00:00:00  -  Run Remote Usage
		Usr 0 00:00:00, Sys 0 00:00:00  -  Run Local Usage
		Usr 0 00:00:03, Sys 0 00:00:00  -  Total Remote Usage
		Usr 0 00:00:00, Sys 0 00:00:00  -  Total Local Usage
	6204  -  Run Bytes Sent By Job
	409597  -  Run Bytes Received By Job
	6204  -  Total Bytes Sent By Job
	409597  -  Total Bytes Received By Job
	Partitionable Resources :    Usage  Request Allocated 
	   Cpus                 :        0        8         8 
	   Disk (KB)            :      428      425   2743629 
	   Memory (MB)          :       11    16000     16000 

	Job terminated of its own accord at 2024-07-24T15:48:03Z with exit-code 0.
...
040 (10252908.849.000) 07/24 18:53:39 Started transferring input files
	Transferring to host: <188.185.206.147:9618?addrs=188.185.206.147-9618+[2001-1458-303-c--100-10]-9618&alias=b9p06p5677.cern.ch&noUDP&sock=slot1_3_3652_ea0e_83711>
...
040 (10252908.849.000) 07/24 18:53:39 Finished transferring input files
...
001 (10252908.849.000) 07/24 18:53:40 Job executing on host: <188.185.206.147:9618?addrs=188.185.206.147-9618+[2001-1458-303-c--100-10]-9618&alias=b9p06p5677.cern.ch&noUDP&sock=startd_3325_407d>
	SlotName: slot1_3@b9p06p5677.cern.ch
	CondorScratchDir = "/pool/condor/dir_1637142"
	Cpus = 8
	Disk = 2846287
	Memory = 16000
...
006 (10252908.849.000) 07/24 18:53:44 Image size of job updated: 164448
	10  -  MemoryUsage of job (MB)
	9824  -  ResidentSetSize of job (KB)
...
040 (10252908.849.000) 07/24 18:53:44 Started transferring output files
...
040 (10252908.849.000) 07/24 18:53:44 Finished transferring output files
...
005 (10252908.849.000) 07/24 18:53:44 Job terminated.
	(1) Normal termination (return value 0)
		Usr 0 00:00:03, Sys 0 00:00:00  -  Run Remote Usage
		Usr 0 00:00:00, Sys 0 00:00:00  -  Run Local Usage
		Usr 0 00:00:03, Sys 0 00:00:00  -  Total Remote Usage
		Usr 0 00:00:00, Sys 0 00:00:00  -  Total Local Usage
	6204  -  Run Bytes Sent By Job
	409597  -  Run Bytes Received By Job
	6204  -  Total Bytes Sent By Job
	409597  -  Total Bytes Received By Job
	Partitionable Resources :    Usage  Request Allocated 
	   Cpus                 :        0        8         8 
	   Disk (KB)            :      428      425   2846287 
	   Memory (MB)          :       10    16000     16000 

	Job terminated of its own accord at 2024-07-24T16:53:44Z with exit-code 0.
...
040 (10252909.849.000) 07/24 19:52:58 Started transferring input files
	Transferring to host: <188.185.205.150:9618?addrs=188.185.205.150-9618+[2001-1458-303-a--100-13]-9618&alias=b9p04p9410.cern.ch&noUDP&sock=slot1_4_3555_91aa_31441>
...
040 (10252909.849.000) 07/24 19:52:58 Finished transferring input files
...
001 (10252909.849.000) 07/24 19:52:59 Job executing on host: <188.185.205.150:9618?addrs=188.185.205.150-9618+[2001-1458-303-a--100-13]-9618&alias=b9p04p9410.cern.ch&noUDP&sock=startd_3196_c4c5>
	SlotName: slot1_4@b9p04p9410.cern.ch
	CondorScratchDir = "/pool/condor/dir_3954492"
	Cpus = 8
	Disk = 2670611
	Memory = 16000
...
006 (10252909.849.000) 07/24 19:53:04 Image size of job updated: 158904
	8  -  MemoryUsage of job (MB)
	7504  -  ResidentSetSize of job (KB)
...
040 (10252909.849.000) 07/24 19:53:04 Started transferring output files
...
040 (10252909.849.000) 07/24 19:53:04 Finished transferring output files
...
005 (10252909.849.000) 07/24 19:53:04 Job terminated.
	(1) Normal termination (return value 0)
		Usr 0 00:00:04, Sys 0 00:00:00  -  Run Remote Usage
		Usr 0 00:00:00, Sys 0 00:00:00  -  Run Local Usage
		Usr 0 00:00:04, Sys 0 00:00:00  -  Total Remote Usage
		Usr 0 00:00:00, Sys 0 00:00:00  -  Total Local Usage
	6204  -  Run Bytes Sent By Job
	409597  -  Run Bytes Received By Job
	6204  -  Total Bytes Sent By Job
	409597  -  Total Bytes Received By Job
	Partitionable Resources :    Usage  Request Allocated 
	   Cpus                 :        0        8         8 
	   Disk (KB)            :      428      425   2670611 
	   Memory (MB)          :        8    16000     16000 

	Job terminated of its own accord at 2024-07-24T17:53:04Z with exit-code 0.
...
040 (10252910.849.000) 07/24 20:45:47 Started transferring input files
	Transferring to host: <188.185.208.226:9618?addrs=188.185.208.226-9618+[2001-1458-303-10--100-5f]-9618&alias=b9p10p3190.cern.ch&noUDP&sock=slot1_29_9643_1da1_128257>
...
040 (10252910.849.000) 07/24 20:45:47 Finished transferring input files
...
001 (10252910.849.000) 07/24 20:45:48 Job executing on host: <188.185.208.226:9618?addrs=188.185.208.226-9618+[2001-1458-303-10--100-5f]-9618&alias=b9p10p3190.cern.ch&noUDP&sock=startd_8345_8deb>
	SlotName: slot1_29@b9p10p3190.cern.ch
	CondorScratchDir = "/pool/condor/dir_493599"
	Cpus = 8
	Disk = 2875553
	Memory = 16000
...
006 (10252910.849.000) 07/24 20:45:52 Image size of job updated: 164140
	10  -  MemoryUsage of job (MB)
	9632  -  ResidentSetSize of job (KB)
...
040 (10252910.849.000) 07/24 20:45:52 Started transferring output files
...
040 (10252910.849.000) 07/24 20:45:52 Finished transferring output files
...
005 (10252910.849.000) 07/24 20:45:52 Job terminated.
	(1) Normal termination (return value 0)
		Usr 0 00:00:03, Sys 0 00:00:00  -  Run Remote Usage
		Usr 0 00:00:00, Sys 0 00:00:00  -  Run Local Usage
		Usr 0 00:00:03, Sys 0 00:00:00  -  Total Remote Usage
		Usr 0 00:00:00, Sys 0 00:00:00  -  Total Local Usage
	6201  -  Run Bytes Sent By Job
	409597  -  Run Bytes Received By Job
	6201  -  Total Bytes Sent By Job
	409597  -  Total Bytes Received By Job
	Partitionable Resources :    Usage  Request Allocated 
	   Cpus                 :        0        8         8 
	   Disk (KB)            :      428      425   2875553 
	   Memory (MB)          :       10    16000     16000 

	Job terminated of its own accord at 2024-07-24T18:45:52Z with exit-code 0.
...
040 (10252911.849.000) 07/24 20:58:41 Started transferring input files
	Transferring to host: <188.185.208.139:9618?addrs=188.185.208.139-9618+[2001-1458-303-10--100-8]-9618&alias=b9p10p2979.cern.ch&noUDP&sock=slot1_11_9205_814f_148275>
...
040 (10252911.849.000) 07/24 20:58:41 Finished transferring input files
...
001 (10252911.849.000) 07/24 20:58:42 Job executing on host: <188.185.208.139:9618?addrs=188.185.208.139-9618+[2001-1458-303-10--100-8]-9618&alias=b9p10p2979.cern.ch&noUDP&sock=startd_7858_834b>
	SlotName: slot1_11@b9p10p2979.cern.ch
	CondorScratchDir = "/pool/condor/dir_714358"
	Cpus = 8
	Disk = 2817286
	Memory = 16000
...
006 (10252911.849.000) 07/24 20:58:46 Image size of job updated: 160476
	8  -  MemoryUsage of job (MB)
	8172  -  ResidentSetSize of job (KB)
...
040 (10252911.849.000) 07/24 20:58:46 Started transferring output files
...
040 (10252911.849.000) 07/24 20:58:46 Finished transferring output files
...
005 (10252911.849.000) 07/24 20:58:46 Job terminated.
	(1) Normal termination (return value 0)
		Usr 0 00:00:03, Sys 0 00:00:00  -  Run Remote Usage
		Usr 0 00:00:00, Sys 0 00:00:00  -  Run Local Usage
		Usr 0 00:00:03, Sys 0 00:00:00  -  Total Remote Usage
		Usr 0 00:00:00, Sys 0 00:00:00  -  Total Local Usage
	6204  -  Run Bytes Sent By Job
	409597  -  Run Bytes Received By Job
	6204  -  Total Bytes Sent By Job
	409597  -  Total Bytes Received By Job
	Partitionable Resources :    Usage  Request Allocated 
	   Cpus                 :        0        8         8 
	   Disk (KB)            :      428      425   2817286 
	   Memory (MB)          :        8    16000     16000 

	Job terminated of its own accord at 2024-07-24T18:58:46Z with exit-code 0.
...
040 (10252912.849.000) 07/24 21:11:36 Started transferring input files
	Transferring to host: <188.185.209.170:9618?addrs=188.185.209.170-9618+[2001-1458-303-12--100-27]-9618&alias=b9p12p6566.cern.ch&noUDP&sock=slot1_4_16928_0ea9_24682>
...
040 (10252912.849.000) 07/24 21:11:36 Finished transferring input files
...
001 (10252912.849.000) 07/24 21:11:37 Job executing on host: <188.185.209.170:9618?addrs=188.185.209.170-9618+[2001-1458-303-12--100-27]-9618&alias=b9p12p6566.cern.ch&noUDP&sock=startd_15820_c85a>
	SlotName: slot1_4@b9p12p6566.cern.ch
	CondorScratchDir = "/pool/condor/dir_1496127"
	Cpus = 8
	Disk = 2778528
	Memory = 16000
...
006 (10252912.849.000) 07/24 21:11:43 Image size of job updated: 163088
	9  -  MemoryUsage of job (MB)
	8912  -  ResidentSetSize of job (KB)
...
040 (10252912.849.000) 07/24 21:11:43 Started transferring output files
...
040 (10252912.849.000) 07/24 21:11:43 Finished transferring output files
...
005 (10252912.849.000) 07/24 21:11:43 Job terminated.
	(1) Normal termination (return value 0)
		Usr 0 00:00:04, Sys 0 00:00:00  -  Run Remote Usage
		Usr 0 00:00:00, Sys 0 00:00:00  -  Run Local Usage
		Usr 0 00:00:04, Sys 0 00:00:00  -  Total Remote Usage
		Usr 0 00:00:00, Sys 0 00:00:00  -  Total Local Usage
	6201  -  Run Bytes Sent By Job
	409597  -  Run Bytes Received By Job
	6201  -  Total Bytes Sent By Job
	409597  -  Total Bytes Received By Job
	Partitionable Resources :    Usage  Request Allocated 
	   Cpus                 :        0        8         8 
	   Disk (KB)            :      428      425   2778528 
	   Memory (MB)          :        9    16000     16000 

	Job terminated of its own accord at 2024-07-24T19:11:43Z with exit-code 0.
...
040 (10252913.849.000) 07/24 21:25:27 Started transferring input files
	Transferring to host: <188.185.204.147:9618?addrs=188.185.204.147-9618+[2001-1458-303-8--100-87]-9618&alias=b9p02p8294.cern.ch&noUDP&sock=slot1_38_7285_b101_158521>
...
040 (10252913.849.000) 07/24 21:25:27 Finished transferring input files
...
001 (10252913.849.000) 07/24 21:25:28 Job executing on host: <188.185.204.147:9618?addrs=188.185.204.147-9618+[2001-1458-303-8--100-87]-9618&alias=b9p02p8294.cern.ch&noUDP&sock=startd_7216_277e>
	SlotName: slot1_38@b9p02p8294.cern.ch
	CondorScratchDir = "/pool/condor/dir_2483716"
	Cpus = 8
	Disk = 2690283
	Memory = 16000
...
006 (10252913.849.000) 07/24 21:25:32 Image size of job updated: 162760
	9  -  MemoryUsage of job (MB)
	8816  -  ResidentSetSize of job (KB)
...
040 (10252913.849.000) 07/24 21:25:32 Started transferring output files
...
040 (10252913.849.000) 07/24 21:25:32 Finished transferring output files
...
005 (10252913.849.000) 07/24 21:25:32 Job terminated.
	(1) Normal termination (return value 0)
		Usr 0 00:00:03, Sys 0 00:00:00  -  Run Remote Usage
		Usr 0 00:00:00, Sys 0 00:00:00  -  Run Local Usage
		Usr 0 00:00:03, Sys 0 00:00:00  -  Total Remote Usage
		Usr 0 00:00:00, Sys 0 00:00:00  -  Total Local Usage
	6204  -  Run Bytes Sent By Job
	409597  -  Run Bytes Received By Job
	6204  -  Total Bytes Sent By Job
	409597  -  Total Bytes Received By Job
	Partitionable Resources :    Usage  Request Allocated 
	   Cpus                 :        0        8         8 
	   Disk (KB)            :      428      425   2690283 
	   Memory (MB)          :        9    16000     16000 

	Job terminated of its own accord at 2024-07-24T19:25:32Z with exit-code 0.
...
000 (10261715.849.000) 07/25 13:01:37 Job submitted from host: <188.185.114.121:9618?addrs=188.185.114.121-9618+[2001-1458-d00-a--100-273]-9618&alias=bigbird19.cern.ch&noUDP&sock=schedd_4961_696e>
...
009 (10261715.849.000) 07/25 13:06:40 Job was aborted.
	via condor_rm (by user yelberke)
...
000 (10261767.849.000) 07/25 13:20:05 Job submitted from host: <188.185.114.121:9618?addrs=188.185.114.121-9618+[2001-1458-d00-a--100-273]-9618&alias=bigbird19.cern.ch&noUDP&sock=schedd_4961_696e>
...
040 (10261767.849.000) 07/25 14:04:03 Started transferring input files
	Transferring to host: <188.185.208.66:9618?addrs=188.185.208.66-9618+[2001-1458-303-f--100-3f]-9618&alias=b9p09p4833.cern.ch&noUDP&sock=slot1_10_125370_41a3_144662>
...
040 (10261767.849.000) 07/25 14:04:03 Finished transferring input files
...
001 (10261767.849.000) 07/25 14:04:04 Job executing on host: <188.185.208.66:9618?addrs=188.185.208.66-9618+[2001-1458-303-f--100-3f]-9618&alias=b9p09p4833.cern.ch&noUDP&sock=startd_115776_48de>
	SlotName: slot1_10@b9p09p4833.cern.ch
	CondorScratchDir = "/pool/condor/dir_3109784"
	Cpus = 12
	Disk = 2584739
	Memory = 24000
...
006 (10261767.849.000) 07/25 14:04:09 Image size of job updated: 165384
	10  -  MemoryUsage of job (MB)
	9732  -  ResidentSetSize of job (KB)
...
040 (10261767.849.000) 07/25 14:04:09 Started transferring output files
...
040 (10261767.849.000) 07/25 14:04:09 Finished transferring output files
...
005 (10261767.849.000) 07/25 14:04:09 Job terminated.
	(1) Normal termination (return value 0)
		Usr 0 00:00:03, Sys 0 00:00:00  -  Run Remote Usage
		Usr 0 00:00:00, Sys 0 00:00:00  -  Run Local Usage
		Usr 0 00:00:03, Sys 0 00:00:00  -  Total Remote Usage
		Usr 0 00:00:00, Sys 0 00:00:00  -  Total Local Usage
	6204  -  Run Bytes Sent By Job
	409597  -  Run Bytes Received By Job
	6204  -  Total Bytes Sent By Job
	409597  -  Total Bytes Received By Job
	Partitionable Resources :    Usage  Request Allocated 
	   Cpus                 :        0       12        12 
	   Disk (KB)            :      429      425   2584739 
	   Memory (MB)          :       10    24000     24000 

	Job terminated of its own accord at 2024-07-25T12:04:09Z with exit-code 0.
...
000 (10284266.849.000) 08/02 15:45:21 Job submitted from host: <188.185.114.121:9618?addrs=188.185.114.121-9618+[2001-1458-d00-a--100-273]-9618&alias=bigbird19.cern.ch&noUDP&sock=schedd_4961_696e>
...
009 (10284266.849.000) 08/02 15:49:24 Job was aborted.
	via condor_rm (by user yelberke)
...
000 (10284267.849.000) 08/02 15:49:47 Job submitted from host: <188.185.114.121:9618?addrs=188.185.114.121-9618+[2001-1458-d00-a--100-273]-9618&alias=bigbird19.cern.ch&noUDP&sock=schedd_4961_696e>
...
040 (10284267.849.000) 08/02 16:19:33 Started transferring input files
	Transferring to host: <188.185.209.204:9618?addrs=188.185.209.204-9618+[2001-1458-303-12--100-49]-9618&alias=b9p12p0289.cern.ch&noUDP&sock=slot1_9_133009_9f7a_152714>
...
040 (10284267.849.000) 08/02 16:19:33 Finished transferring input files
...
001 (10284267.849.000) 08/02 16:19:34 Job executing on host: <188.185.209.204:9618?addrs=188.185.209.204-9618+[2001-1458-303-12--100-49]-9618&alias=b9p12p0289.cern.ch&noUDP&sock=startd_118299_da50>
	SlotName: slot1_9@b9p12p0289.cern.ch
	CondorScratchDir = "/pool/condor/dir_613733"
	Cpus = 12
	Disk = 2572919
	Memory = 24000
...
006 (10284267.849.000) 08/02 16:19:36 Image size of job updated: 326768
	6  -  MemoryUsage of job (MB)
	5176  -  ResidentSetSize of job (KB)
...
040 (10284267.849.000) 08/02 16:19:36 Started transferring output files
...
040 (10284267.849.000) 08/02 16:19:36 Finished transferring output files
...
005 (10284267.849.000) 08/02 16:19:36 Job terminated.
	(1) Normal termination (return value 139)
		Usr 0 00:00:01, Sys 0 00:00:01  -  Run Remote Usage
		Usr 0 00:00:00, Sys 0 00:00:00  -  Run Local Usage
		Usr 0 00:00:01, Sys 0 00:00:01  -  Total Remote Usage
		Usr 0 00:00:00, Sys 0 00:00:00  -  Total Local Usage
	7696  -  Run Bytes Sent By Job
	409597  -  Run Bytes Received By Job
	7696  -  Total Bytes Sent By Job
	409597  -  Total Bytes Received By Job
	Partitionable Resources :    Usage  Request Allocated 
	   Cpus                 :        0       12        12 
	   Disk (KB)            :      430      425   2572919 
	   Memory (MB)          :        6    24000     24000 

	Job terminated of its own accord at 2024-08-02T14:19:36Z with exit-code 139.
...
