000 (10252905.889.000) 07/24 16:13:16 Job submitted from host: <188.185.114.121:9618?addrs=188.185.114.121-9618+[2001-1458-d00-a--100-273]-9618&alias=bigbird19.cern.ch&noUDP&sock=schedd_4961_696e>
...
009 (10252905.889.000) 07/24 16:14:46 Job was aborted.
	via condor_rm (by user yelberke)
...
000 (10252906.889.000) 07/24 16:15:36 Job submitted from host: <188.185.114.121:9618?addrs=188.185.114.121-9618+[2001-1458-d00-a--100-273]-9618&alias=bigbird19.cern.ch&noUDP&sock=schedd_4961_696e>
...
000 (10252907.889.000) 07/24 16:17:31 Job submitted from host: <188.185.114.121:9618?addrs=188.185.114.121-9618+[2001-1458-d00-a--100-273]-9618&alias=bigbird19.cern.ch&noUDP&sock=schedd_4961_696e>
...
000 (10252908.889.000) 07/24 16:18:04 Job submitted from host: <188.185.114.121:9618?addrs=188.185.114.121-9618+[2001-1458-d00-a--100-273]-9618&alias=bigbird19.cern.ch&noUDP&sock=schedd_4961_696e>
...
000 (10252909.889.000) 07/24 16:18:39 Job submitted from host: <188.185.114.121:9618?addrs=188.185.114.121-9618+[2001-1458-d00-a--100-273]-9618&alias=bigbird19.cern.ch&noUDP&sock=schedd_4961_696e>
...
000 (10252910.889.000) 07/24 16:19:05 Job submitted from host: <188.185.114.121:9618?addrs=188.185.114.121-9618+[2001-1458-d00-a--100-273]-9618&alias=bigbird19.cern.ch&noUDP&sock=schedd_4961_696e>
...
000 (10252911.889.000) 07/24 16:19:18 Job submitted from host: <188.185.114.121:9618?addrs=188.185.114.121-9618+[2001-1458-d00-a--100-273]-9618&alias=bigbird19.cern.ch&noUDP&sock=schedd_4961_696e>
...
000 (10252912.889.000) 07/24 16:19:31 Job submitted from host: <188.185.114.121:9618?addrs=188.185.114.121-9618+[2001-1458-d00-a--100-273]-9618&alias=bigbird19.cern.ch&noUDP&sock=schedd_4961_696e>
...
000 (10252913.889.000) 07/24 16:19:43 Job submitted from host: <188.185.114.121:9618?addrs=188.185.114.121-9618+[2001-1458-d00-a--100-273]-9618&alias=bigbird19.cern.ch&noUDP&sock=schedd_4961_696e>
...
040 (10252906.889.000) 07/24 16:23:11 Started transferring input files
	Transferring to host: <188.185.193.22:9618?addrs=188.185.193.22-9618+[2001-1458-303-20--100-12]-9618&alias=b9p19p8107.cern.ch&noUDP&sock=slot1_17_2105791_0218_5239>
...
040 (10252906.889.000) 07/24 16:23:11 Finished transferring input files
...
001 (10252906.889.000) 07/24 16:23:13 Job executing on host: <188.185.193.22:9618?addrs=188.185.193.22-9618+[2001-1458-303-20--100-12]-9618&alias=b9p19p8107.cern.ch&noUDP&sock=startd_128219_25ce>
	SlotName: slot1_17@b9p19p8107.cern.ch
	CondorScratchDir = "/pool/condor/dir_2959981"
	Cpus = 8
	Disk = 2903697
	Memory = 16000
...
006 (10252906.889.000) 07/24 16:23:20 Image size of job updated: 169908
	13  -  MemoryUsage of job (MB)
	13164  -  ResidentSetSize of job (KB)
...
040 (10252906.889.000) 07/24 16:23:20 Started transferring output files
...
040 (10252906.889.000) 07/24 16:23:20 Finished transferring output files
...
005 (10252906.889.000) 07/24 16:23:20 Job terminated.
	(1) Normal termination (return value 0)
		Usr 0 00:00:05, Sys 0 00:00:00  -  Run Remote Usage
		Usr 0 00:00:00, Sys 0 00:00:00  -  Run Local Usage
		Usr 0 00:00:05, Sys 0 00:00:00  -  Total Remote Usage
		Usr 0 00:00:00, Sys 0 00:00:00  -  Total Local Usage
	6204  -  Run Bytes Sent By Job
	409597  -  Run Bytes Received By Job
	6204  -  Total Bytes Sent By Job
	409597  -  Total Bytes Received By Job
	Partitionable Resources :    Usage  Request Allocated 
	   Cpus                 :        0        8         8 
	   Disk (KB)            :      428      425   2903697 
	   Memory (MB)          :       13    16000     16000 

	Job terminated of its own accord at 2024-07-24T14:23:20Z with exit-code 0.
...
040 (10252907.889.000) 07/24 17:48:09 Started transferring input files
	Transferring to host: <188.185.206.212:9618?addrs=188.185.206.212-9618&alias=b9p06p2007.cern.ch&noUDP&sock=slot1_11_7399_03c6_153329>
...
040 (10252907.889.000) 07/24 17:48:09 Finished transferring input files
...
001 (10252907.889.000) 07/24 17:48:10 Job executing on host: <188.185.206.212:9618?addrs=188.185.206.212-9618&alias=b9p06p2007.cern.ch&noUDP&sock=startd_7333_6813>
	SlotName: slot1_11@b9p06p2007.cern.ch
	CondorScratchDir = "/pool/condor/dir_1244129"
	Cpus = 8
	Disk = 2717142
	Memory = 16000
...
006 (10252907.889.000) 07/24 17:48:14 Image size of job updated: 165132
	10  -  MemoryUsage of job (MB)
	10124  -  ResidentSetSize of job (KB)
...
040 (10252907.889.000) 07/24 17:48:14 Started transferring output files
...
040 (10252907.889.000) 07/24 17:48:14 Finished transferring output files
...
005 (10252907.889.000) 07/24 17:48:14 Job terminated.
	(1) Normal termination (return value 0)
		Usr 0 00:00:02, Sys 0 00:00:00  -  Run Remote Usage
		Usr 0 00:00:00, Sys 0 00:00:00  -  Run Local Usage
		Usr 0 00:00:02, Sys 0 00:00:00  -  Total Remote Usage
		Usr 0 00:00:00, Sys 0 00:00:00  -  Total Local Usage
	6204  -  Run Bytes Sent By Job
	409597  -  Run Bytes Received By Job
	6204  -  Total Bytes Sent By Job
	409597  -  Total Bytes Received By Job
	Partitionable Resources :    Usage  Request Allocated 
	   Cpus                 :        0        8         8 
	   Disk (KB)            :      427      425   2717142 
	   Memory (MB)          :       10    16000     16000 

	Job terminated of its own accord at 2024-07-24T15:48:14Z with exit-code 0.
...
040 (10252908.889.000) 07/24 18:54:56 Started transferring input files
	Transferring to host: <188.185.206.178:9618?addrs=188.185.206.178-9618&alias=b9p06p2822.cern.ch&noUDP&sock=slot1_2_5239_196e_155268>
...
040 (10252908.889.000) 07/24 18:54:56 Finished transferring input files
...
001 (10252908.889.000) 07/24 18:54:57 Job executing on host: <188.185.206.178:9618?addrs=188.185.206.178-9618&alias=b9p06p2822.cern.ch&noUDP&sock=startd_4791_ce54>
	SlotName: slot1_2@b9p06p2822.cern.ch
	CondorScratchDir = "/pool/condor/dir_3906748"
	Cpus = 8
	Disk = 2886659
	Memory = 16000
...
006 (10252908.889.000) 07/24 18:55:01 Image size of job updated: 160652
	9  -  MemoryUsage of job (MB)
	8652  -  ResidentSetSize of job (KB)
...
040 (10252908.889.000) 07/24 18:55:01 Started transferring output files
...
040 (10252908.889.000) 07/24 18:55:01 Finished transferring output files
...
005 (10252908.889.000) 07/24 18:55:01 Job terminated.
	(1) Normal termination (return value 0)
		Usr 0 00:00:03, Sys 0 00:00:00  -  Run Remote Usage
		Usr 0 00:00:00, Sys 0 00:00:00  -  Run Local Usage
		Usr 0 00:00:03, Sys 0 00:00:00  -  Total Remote Usage
		Usr 0 00:00:00, Sys 0 00:00:00  -  Total Local Usage
	6204  -  Run Bytes Sent By Job
	409597  -  Run Bytes Received By Job
	6204  -  Total Bytes Sent By Job
	409597  -  Total Bytes Received By Job
	Partitionable Resources :    Usage  Request Allocated 
	   Cpus                 :        0        8         8 
	   Disk (KB)            :      426      425   2886659 
	   Memory (MB)          :        9    16000     16000 

	Job terminated of its own accord at 2024-07-24T16:55:01Z with exit-code 0.
...
040 (10252909.889.000) 07/24 19:53:11 Started transferring input files
	Transferring to host: <188.185.196.36:9618?addrs=188.185.196.36-9618+[2001-1458-303-23--100-20]-9618&alias=b9p16p1584.cern.ch&noUDP&sock=slot1_4_1877469_8114_5370>
...
040 (10252909.889.000) 07/24 19:53:11 Finished transferring input files
...
001 (10252909.889.000) 07/24 19:53:12 Job executing on host: <188.185.196.36:9618?addrs=188.185.196.36-9618+[2001-1458-303-23--100-20]-9618&alias=b9p16p1584.cern.ch&noUDP&sock=startd_164102_e6ab>
	SlotName: slot1_4@b9p16p1584.cern.ch
	CondorScratchDir = "/pool/condor/dir_3022877"
	Cpus = 8
	Disk = 3062446
	Memory = 16000
...
006 (10252909.889.000) 07/24 19:53:19 Image size of job updated: 161832
	9  -  MemoryUsage of job (MB)
	8628  -  ResidentSetSize of job (KB)
...
040 (10252909.889.000) 07/24 19:53:19 Started transferring output files
...
040 (10252909.889.000) 07/24 19:53:19 Finished transferring output files
...
005 (10252909.889.000) 07/24 19:53:19 Job terminated.
	(1) Normal termination (return value 0)
		Usr 0 00:00:05, Sys 0 00:00:00  -  Run Remote Usage
		Usr 0 00:00:00, Sys 0 00:00:00  -  Run Local Usage
		Usr 0 00:00:05, Sys 0 00:00:00  -  Total Remote Usage
		Usr 0 00:00:00, Sys 0 00:00:00  -  Total Local Usage
	6204  -  Run Bytes Sent By Job
	409597  -  Run Bytes Received By Job
	6204  -  Total Bytes Sent By Job
	409597  -  Total Bytes Received By Job
	Partitionable Resources :    Usage  Request Allocated 
	   Cpus                 :        0        8         8 
	   Disk (KB)            :      427      425   3062446 
	   Memory (MB)          :        9    16000     16000 

	Job terminated of its own accord at 2024-07-24T17:53:19Z with exit-code 0.
...
040 (10252910.889.000) 07/24 20:46:01 Started transferring input files
	Transferring to host: <188.185.205.125:9618?addrs=188.185.205.125-9618+[2001-1458-303-9--100-7a]-9618&alias=b9p03p9078.cern.ch&noUDP&sock=slot1_9_6035_f40e_81008>
...
040 (10252910.889.000) 07/24 20:46:01 Finished transferring input files
...
001 (10252910.889.000) 07/24 20:46:02 Job executing on host: <188.185.205.125:9618?addrs=188.185.205.125-9618+[2001-1458-303-9--100-7a]-9618&alias=b9p03p9078.cern.ch&noUDP&sock=startd_4951_8d7b>
	SlotName: slot1_9@b9p03p9078.cern.ch
	CondorScratchDir = "/pool/condor/dir_1582488"
	Cpus = 8
	Disk = 2827922
	Memory = 16000
...
006 (10252910.889.000) 07/24 20:46:06 Image size of job updated: 163048
	9  -  MemoryUsage of job (MB)
	9112  -  ResidentSetSize of job (KB)
...
040 (10252910.889.000) 07/24 20:46:06 Started transferring output files
...
040 (10252910.889.000) 07/24 20:46:06 Finished transferring output files
...
005 (10252910.889.000) 07/24 20:46:06 Job terminated.
	(1) Normal termination (return value 0)
		Usr 0 00:00:03, Sys 0 00:00:00  -  Run Remote Usage
		Usr 0 00:00:00, Sys 0 00:00:00  -  Run Local Usage
		Usr 0 00:00:03, Sys 0 00:00:00  -  Total Remote Usage
		Usr 0 00:00:00, Sys 0 00:00:00  -  Total Local Usage
	6201  -  Run Bytes Sent By Job
	409597  -  Run Bytes Received By Job
	6201  -  Total Bytes Sent By Job
	409597  -  Total Bytes Received By Job
	Partitionable Resources :    Usage  Request Allocated 
	   Cpus                 :        0        8         8 
	   Disk (KB)            :      428      425   2827922 
	   Memory (MB)          :        9    16000     16000 

	Job terminated of its own accord at 2024-07-24T18:46:06Z with exit-code 0.
...
040 (10252911.889.000) 07/24 20:58:54 Started transferring input files
	Transferring to host: <188.185.194.175:9618?addrs=188.185.194.175-9618+[2001-1458-303-21--100-ab]-9618&alias=b9p20p6104.cern.ch&noUDP&sock=slot1_10_137973_35c4_31091>
...
040 (10252911.889.000) 07/24 20:58:54 Finished transferring input files
...
001 (10252911.889.000) 07/24 20:58:55 Job executing on host: <188.185.194.175:9618?addrs=188.185.194.175-9618+[2001-1458-303-21--100-ab]-9618&alias=b9p20p6104.cern.ch&noUDP&sock=startd_128326_8a70>
	SlotName: slot1_10@b9p20p6104.cern.ch
	CondorScratchDir = "/pool/condor/dir_3680079"
	Cpus = 8
	Disk = 3050706
	Memory = 16000
...
006 (10252911.889.000) 07/24 20:59:00 Image size of job updated: 163744
	10  -  MemoryUsage of job (MB)
	10048  -  ResidentSetSize of job (KB)
...
040 (10252911.889.000) 07/24 20:59:00 Started transferring output files
...
040 (10252911.889.000) 07/24 20:59:00 Finished transferring output files
...
005 (10252911.889.000) 07/24 20:59:00 Job terminated.
	(1) Normal termination (return value 0)
		Usr 0 00:00:04, Sys 0 00:00:00  -  Run Remote Usage
		Usr 0 00:00:00, Sys 0 00:00:00  -  Run Local Usage
		Usr 0 00:00:04, Sys 0 00:00:00  -  Total Remote Usage
		Usr 0 00:00:00, Sys 0 00:00:00  -  Total Local Usage
	6204  -  Run Bytes Sent By Job
	409597  -  Run Bytes Received By Job
	6204  -  Total Bytes Sent By Job
	409597  -  Total Bytes Received By Job
	Partitionable Resources :    Usage  Request Allocated 
	   Cpus                 :        0        8         8 
	   Disk (KB)            :      427      425   3050706 
	   Memory (MB)          :       10    16000     16000 

	Job terminated of its own accord at 2024-07-24T18:59:00Z with exit-code 0.
...
040 (10252912.889.000) 07/24 21:11:50 Started transferring input files
	Transferring to host: <188.185.205.40:9618?addrs=188.185.205.40-9618+[2001-1458-303-9--100-9c]-9618&alias=b9p03p9453.cern.ch&noUDP&sock=slot1_39_3571_d7aa_32160>
...
040 (10252912.889.000) 07/24 21:11:50 Finished transferring input files
...
001 (10252912.889.000) 07/24 21:11:51 Job executing on host: <188.185.205.40:9618?addrs=188.185.205.40-9618+[2001-1458-303-9--100-9c]-9618&alias=b9p03p9453.cern.ch&noUDP&sock=startd_3222_9a3c>
	SlotName: slot1_39@b9p03p9453.cern.ch
	CondorScratchDir = "/pool/condor/dir_2317385"
	Cpus = 8
	Disk = 2831852
	Memory = 16000
...
006 (10252912.889.000) 07/24 21:11:55 Image size of job updated: 163676
	10  -  MemoryUsage of job (MB)
	9492  -  ResidentSetSize of job (KB)
...
040 (10252912.889.000) 07/24 21:11:55 Started transferring output files
...
040 (10252912.889.000) 07/24 21:11:55 Finished transferring output files
...
005 (10252912.889.000) 07/24 21:11:55 Job terminated.
	(1) Normal termination (return value 0)
		Usr 0 00:00:03, Sys 0 00:00:00  -  Run Remote Usage
		Usr 0 00:00:00, Sys 0 00:00:00  -  Run Local Usage
		Usr 0 00:00:03, Sys 0 00:00:00  -  Total Remote Usage
		Usr 0 00:00:00, Sys 0 00:00:00  -  Total Local Usage
	6201  -  Run Bytes Sent By Job
	409597  -  Run Bytes Received By Job
	6201  -  Total Bytes Sent By Job
	409597  -  Total Bytes Received By Job
	Partitionable Resources :    Usage  Request Allocated 
	   Cpus                 :        0        8         8 
	   Disk (KB)            :      428      425   2831852 
	   Memory (MB)          :       10    16000     16000 

	Job terminated of its own accord at 2024-07-24T19:11:55Z with exit-code 0.
...
040 (10252913.889.000) 07/24 21:25:41 Started transferring input files
	Transferring to host: <188.185.193.164:9618?addrs=188.185.193.164-9618+[2001-1458-303-20--100-a0]-9618&alias=b9p19p4506.cern.ch&noUDP&sock=slot1_5_544183_e70a_17432>
...
040 (10252913.889.000) 07/24 21:25:41 Finished transferring input files
...
001 (10252913.889.000) 07/24 21:25:42 Job executing on host: <188.185.193.164:9618?addrs=188.185.193.164-9618+[2001-1458-303-20--100-a0]-9618&alias=b9p19p4506.cern.ch&noUDP&sock=startd_128176_a73b>
	SlotName: slot1_5@b9p19p4506.cern.ch
	CondorScratchDir = "/pool/condor/dir_1207566"
	Cpus = 8
	Disk = 3041042
	Memory = 16000
...
006 (10252913.889.000) 07/24 21:25:48 Image size of job updated: 162992
	9  -  MemoryUsage of job (MB)
	8672  -  ResidentSetSize of job (KB)
...
040 (10252913.889.000) 07/24 21:25:48 Started transferring output files
...
040 (10252913.889.000) 07/24 21:25:48 Finished transferring output files
...
005 (10252913.889.000) 07/24 21:25:48 Job terminated.
	(1) Normal termination (return value 0)
		Usr 0 00:00:04, Sys 0 00:00:00  -  Run Remote Usage
		Usr 0 00:00:00, Sys 0 00:00:00  -  Run Local Usage
		Usr 0 00:00:04, Sys 0 00:00:00  -  Total Remote Usage
		Usr 0 00:00:00, Sys 0 00:00:00  -  Total Local Usage
	6204  -  Run Bytes Sent By Job
	409597  -  Run Bytes Received By Job
	6204  -  Total Bytes Sent By Job
	409597  -  Total Bytes Received By Job
	Partitionable Resources :    Usage  Request Allocated 
	   Cpus                 :        0        8         8 
	   Disk (KB)            :      428      425   3041042 
	   Memory (MB)          :        9    16000     16000 

	Job terminated of its own accord at 2024-07-24T19:25:48Z with exit-code 0.
...
000 (10261715.889.000) 07/25 13:01:38 Job submitted from host: <188.185.114.121:9618?addrs=188.185.114.121-9618+[2001-1458-d00-a--100-273]-9618&alias=bigbird19.cern.ch&noUDP&sock=schedd_4961_696e>
...
009 (10261715.889.000) 07/25 13:06:40 Job was aborted.
	via condor_rm (by user yelberke)
...
000 (10261767.889.000) 07/25 13:20:06 Job submitted from host: <188.185.114.121:9618?addrs=188.185.114.121-9618+[2001-1458-d00-a--100-273]-9618&alias=bigbird19.cern.ch&noUDP&sock=schedd_4961_696e>
...
040 (10261767.889.000) 07/25 14:04:16 Started transferring input files
	Transferring to host: <188.185.209.58:9618?addrs=188.185.209.58-9618+[2001-1458-303-11--100-37]-9618&alias=b9p11p4911.cern.ch&noUDP&sock=slot1_2_14286_877e_25676>
...
040 (10261767.889.000) 07/25 14:04:16 Finished transferring input files
...
001 (10261767.889.000) 07/25 14:04:17 Job executing on host: <188.185.209.58:9618?addrs=188.185.209.58-9618+[2001-1458-303-11--100-37]-9618&alias=b9p11p4911.cern.ch&noUDP&sock=startd_13248_9ac4>
	SlotName: slot1_2@b9p11p4911.cern.ch
	CondorScratchDir = "/pool/condor/dir_2635632"
	Cpus = 12
	Disk = 2876518
	Memory = 24000
...
006 (10261767.889.000) 07/25 14:04:21 Image size of job updated: 162032
	9  -  MemoryUsage of job (MB)
	8320  -  ResidentSetSize of job (KB)
...
040 (10261767.889.000) 07/25 14:04:21 Started transferring output files
...
040 (10261767.889.000) 07/25 14:04:21 Finished transferring output files
...
005 (10261767.889.000) 07/25 14:04:21 Job terminated.
	(1) Normal termination (return value 0)
		Usr 0 00:00:03, Sys 0 00:00:00  -  Run Remote Usage
		Usr 0 00:00:00, Sys 0 00:00:00  -  Run Local Usage
		Usr 0 00:00:03, Sys 0 00:00:00  -  Total Remote Usage
		Usr 0 00:00:00, Sys 0 00:00:00  -  Total Local Usage
	6204  -  Run Bytes Sent By Job
	409597  -  Run Bytes Received By Job
	6204  -  Total Bytes Sent By Job
	409597  -  Total Bytes Received By Job
	Partitionable Resources :    Usage  Request Allocated 
	   Cpus                 :        0       12        12 
	   Disk (KB)            :      428      425   2876518 
	   Memory (MB)          :        9    24000     24000 

	Job terminated of its own accord at 2024-07-25T12:04:21Z with exit-code 0.
...
000 (10284266.889.000) 08/02 15:45:23 Job submitted from host: <188.185.114.121:9618?addrs=188.185.114.121-9618+[2001-1458-d00-a--100-273]-9618&alias=bigbird19.cern.ch&noUDP&sock=schedd_4961_696e>
...
009 (10284266.889.000) 08/02 15:49:24 Job was aborted.
	via condor_rm (by user yelberke)
...
000 (10284267.889.000) 08/02 15:49:47 Job submitted from host: <188.185.114.121:9618?addrs=188.185.114.121-9618+[2001-1458-d00-a--100-273]-9618&alias=bigbird19.cern.ch&noUDP&sock=schedd_4961_696e>
...
040 (10284267.889.000) 08/02 16:19:42 Started transferring input files
	Transferring to host: <188.185.206.209:9618?addrs=188.185.206.209-9618+[2001-1458-303-c--100-4e]-9618&alias=b9p06p4022.cern.ch&noUDP&sock=slot1_2_6901_20f2_163778>
...
040 (10284267.889.000) 08/02 16:19:42 Finished transferring input files
...
001 (10284267.889.000) 08/02 16:19:43 Job executing on host: <188.185.206.209:9618?addrs=188.185.206.209-9618+[2001-1458-303-c--100-4e]-9618&alias=b9p06p4022.cern.ch&noUDP&sock=startd_6829_b457>
	SlotName: slot1_2@b9p06p4022.cern.ch
	CondorScratchDir = "/pool/condor/dir_1946830"
	Cpus = 12
	Disk = 2755291
	Memory = 24000
...
006 (10284267.889.000) 08/02 16:19:45 Image size of job updated: 326204
	5  -  MemoryUsage of job (MB)
	4892  -  ResidentSetSize of job (KB)
...
040 (10284267.889.000) 08/02 16:19:45 Started transferring output files
...
040 (10284267.889.000) 08/02 16:19:45 Finished transferring output files
...
005 (10284267.889.000) 08/02 16:19:45 Job terminated.
	(1) Normal termination (return value 139)
		Usr 0 00:00:01, Sys 0 00:00:01  -  Run Remote Usage
		Usr 0 00:00:00, Sys 0 00:00:00  -  Run Local Usage
		Usr 0 00:00:01, Sys 0 00:00:01  -  Total Remote Usage
		Usr 0 00:00:00, Sys 0 00:00:00  -  Total Local Usage
	7696  -  Run Bytes Sent By Job
	409597  -  Run Bytes Received By Job
	7696  -  Total Bytes Sent By Job
	409597  -  Total Bytes Received By Job
	Partitionable Resources :    Usage  Request Allocated 
	   Cpus                 :        0       12        12 
	   Disk (KB)            :      429      425   2755291 
	   Memory (MB)          :        5    24000     24000 

	Job terminated of its own accord at 2024-08-02T14:19:45Z with exit-code 139.
...
