000 (10252905.927.000) 07/24 16:13:16 Job submitted from host: <188.185.114.121:9618?addrs=188.185.114.121-9618+[2001-1458-d00-a--100-273]-9618&alias=bigbird19.cern.ch&noUDP&sock=schedd_4961_696e>
...
009 (10252905.927.000) 07/24 16:14:46 Job was aborted.
	via condor_rm (by user yelberke)
...
000 (10252906.927.000) 07/24 16:15:36 Job submitted from host: <188.185.114.121:9618?addrs=188.185.114.121-9618+[2001-1458-d00-a--100-273]-9618&alias=bigbird19.cern.ch&noUDP&sock=schedd_4961_696e>
...
000 (10252907.927.000) 07/24 16:17:31 Job submitted from host: <188.185.114.121:9618?addrs=188.185.114.121-9618+[2001-1458-d00-a--100-273]-9618&alias=bigbird19.cern.ch&noUDP&sock=schedd_4961_696e>
...
000 (10252908.927.000) 07/24 16:18:04 Job submitted from host: <188.185.114.121:9618?addrs=188.185.114.121-9618+[2001-1458-d00-a--100-273]-9618&alias=bigbird19.cern.ch&noUDP&sock=schedd_4961_696e>
...
000 (10252909.927.000) 07/24 16:18:39 Job submitted from host: <188.185.114.121:9618?addrs=188.185.114.121-9618+[2001-1458-d00-a--100-273]-9618&alias=bigbird19.cern.ch&noUDP&sock=schedd_4961_696e>
...
000 (10252910.927.000) 07/24 16:19:05 Job submitted from host: <188.185.114.121:9618?addrs=188.185.114.121-9618+[2001-1458-d00-a--100-273]-9618&alias=bigbird19.cern.ch&noUDP&sock=schedd_4961_696e>
...
000 (10252911.927.000) 07/24 16:19:18 Job submitted from host: <188.185.114.121:9618?addrs=188.185.114.121-9618+[2001-1458-d00-a--100-273]-9618&alias=bigbird19.cern.ch&noUDP&sock=schedd_4961_696e>
...
000 (10252912.927.000) 07/24 16:19:31 Job submitted from host: <188.185.114.121:9618?addrs=188.185.114.121-9618+[2001-1458-d00-a--100-273]-9618&alias=bigbird19.cern.ch&noUDP&sock=schedd_4961_696e>
...
000 (10252913.927.000) 07/24 16:19:43 Job submitted from host: <188.185.114.121:9618?addrs=188.185.114.121-9618+[2001-1458-d00-a--100-273]-9618&alias=bigbird19.cern.ch&noUDP&sock=schedd_4961_696e>
...
040 (10252906.927.000) 07/24 16:23:31 Started transferring input files
	Transferring to host: <188.185.207.154:9618?addrs=188.185.207.154-9618+[2001-1458-303-e--100-17]-9618&alias=b9p08p0597.cern.ch&noUDP&sock=slot1_1_7331_1a43_147663>
...
040 (10252906.927.000) 07/24 16:23:31 Finished transferring input files
...
001 (10252906.927.000) 07/24 16:23:32 Job executing on host: <188.185.207.154:9618?addrs=188.185.207.154-9618+[2001-1458-303-e--100-17]-9618&alias=b9p08p0597.cern.ch&noUDP&sock=startd_5882_2427>
	SlotName: slot1_1@b9p08p0597.cern.ch
	CondorScratchDir = "/pool/condor/dir_1943744"
	Cpus = 8
	Disk = 2931348
	Memory = 16000
...
006 (10252906.927.000) 07/24 16:23:37 Image size of job updated: 504120
	347  -  MemoryUsage of job (MB)
	355156  -  ResidentSetSize of job (KB)
...
040 (10252906.927.000) 07/24 16:23:37 Started transferring output files
...
040 (10252906.927.000) 07/24 16:23:37 Finished transferring output files
...
005 (10252906.927.000) 07/24 16:23:37 Job terminated.
	(1) Normal termination (return value 0)
		Usr 0 00:00:03, Sys 0 00:00:00  -  Run Remote Usage
		Usr 0 00:00:00, Sys 0 00:00:00  -  Run Local Usage
		Usr 0 00:00:03, Sys 0 00:00:00  -  Total Remote Usage
		Usr 0 00:00:00, Sys 0 00:00:00  -  Total Local Usage
	6204  -  Run Bytes Sent By Job
	409597  -  Run Bytes Received By Job
	6204  -  Total Bytes Sent By Job
	409597  -  Total Bytes Received By Job
	Partitionable Resources :    Usage  Request Allocated 
	   Cpus                 :        0        8         8 
	   Disk (KB)            :      427      425   2931348 
	   Memory (MB)          :      347    16000     16000 

	Job terminated of its own accord at 2024-07-24T14:23:37Z with exit-code 0.
...
040 (10252907.927.000) 07/24 17:50:03 Started transferring input files
	Transferring to host: <188.185.208.185:9618?addrs=188.185.208.185-9618+[2001-1458-303-10--100-36]-9618&alias=b9p10p0336.cern.ch&noUDP&sock=slot1_7_9706_8144_143488>
...
040 (10252907.927.000) 07/24 17:50:03 Finished transferring input files
...
001 (10252907.927.000) 07/24 17:50:04 Job executing on host: <188.185.208.185:9618?addrs=188.185.208.185-9618+[2001-1458-303-10--100-36]-9618&alias=b9p10p0336.cern.ch&noUDP&sock=startd_8284_b6a4>
	SlotName: slot1_7@b9p10p0336.cern.ch
	CondorScratchDir = "/pool/condor/dir_3682775"
	Cpus = 8
	Disk = 2686391
	Memory = 16000
...
006 (10252907.927.000) 07/24 17:50:12 Image size of job updated: 164736
	11  -  MemoryUsage of job (MB)
	10656  -  ResidentSetSize of job (KB)
...
040 (10252907.927.000) 07/24 17:50:12 Started transferring output files
...
040 (10252907.927.000) 07/24 17:50:12 Finished transferring output files
...
005 (10252907.927.000) 07/24 17:50:12 Job terminated.
	(1) Normal termination (return value 0)
		Usr 0 00:00:04, Sys 0 00:00:00  -  Run Remote Usage
		Usr 0 00:00:00, Sys 0 00:00:00  -  Run Local Usage
		Usr 0 00:00:04, Sys 0 00:00:00  -  Total Remote Usage
		Usr 0 00:00:00, Sys 0 00:00:00  -  Total Local Usage
	6204  -  Run Bytes Sent By Job
	409597  -  Run Bytes Received By Job
	6204  -  Total Bytes Sent By Job
	409597  -  Total Bytes Received By Job
	Partitionable Resources :    Usage  Request Allocated 
	   Cpus                 :        0        8         8 
	   Disk (KB)            :      428      425   2686391 
	   Memory (MB)          :       11    16000     16000 

	Job terminated of its own accord at 2024-07-24T15:50:12Z with exit-code 0.
...
040 (10252908.927.000) 07/24 18:55:08 Started transferring input files
	Transferring to host: <188.185.207.9:9618?addrs=188.185.207.9-9618+[2001-1458-303-d--100-6]-9618&alias=b9p07p6005.cern.ch&noUDP&sock=slot1_11_4138_5861_143932>
...
040 (10252908.927.000) 07/24 18:55:08 Finished transferring input files
...
001 (10252908.927.000) 07/24 18:55:09 Job executing on host: <188.185.207.9:9618?addrs=188.185.207.9-9618+[2001-1458-303-d--100-6]-9618&alias=b9p07p6005.cern.ch&noUDP&sock=startd_3645_becb>
	SlotName: slot1_11@b9p07p6005.cern.ch
	CondorScratchDir = "/pool/condor/dir_4163182"
	Cpus = 8
	Disk = 2965137
	Memory = 16000
...
006 (10252908.927.000) 07/24 18:55:13 Image size of job updated: 160060
	8  -  MemoryUsage of job (MB)
	7624  -  ResidentSetSize of job (KB)
...
040 (10252908.927.000) 07/24 18:55:13 Started transferring output files
...
040 (10252908.927.000) 07/24 18:55:13 Finished transferring output files
...
005 (10252908.927.000) 07/24 18:55:13 Job terminated.
	(1) Normal termination (return value 0)
		Usr 0 00:00:03, Sys 0 00:00:00  -  Run Remote Usage
		Usr 0 00:00:00, Sys 0 00:00:00  -  Run Local Usage
		Usr 0 00:00:03, Sys 0 00:00:00  -  Total Remote Usage
		Usr 0 00:00:00, Sys 0 00:00:00  -  Total Local Usage
	6204  -  Run Bytes Sent By Job
	409597  -  Run Bytes Received By Job
	6204  -  Total Bytes Sent By Job
	409597  -  Total Bytes Received By Job
	Partitionable Resources :    Usage  Request Allocated 
	   Cpus                 :        0        8         8 
	   Disk (KB)            :      428      425   2965137 
	   Memory (MB)          :        8    16000     16000 

	Job terminated of its own accord at 2024-07-24T16:55:13Z with exit-code 0.
...
040 (10252909.927.000) 07/24 19:53:22 Started transferring input files
	Transferring to host: <188.185.207.14:9618?addrs=188.185.207.14-9618+[2001-1458-303-d--100-b]-9618&alias=b9p07p6280.cern.ch&noUDP&sock=slot1_9_14047_21d4_143630>
...
040 (10252909.927.000) 07/24 19:53:22 Finished transferring input files
...
001 (10252909.927.000) 07/24 19:53:23 Job executing on host: <188.185.207.14:9618?addrs=188.185.207.14-9618+[2001-1458-303-d--100-b]-9618&alias=b9p07p6280.cern.ch&noUDP&sock=startd_12560_b19b>
	SlotName: slot1_9@b9p07p6280.cern.ch
	CondorScratchDir = "/pool/condor/dir_1213876"
	Cpus = 8
	Disk = 2609862
	Memory = 16000
...
006 (10252909.927.000) 07/24 19:53:29 Image size of job updated: 159360
	7  -  MemoryUsage of job (MB)
	7100  -  ResidentSetSize of job (KB)
...
040 (10252909.927.000) 07/24 19:53:29 Started transferring output files
...
040 (10252909.927.000) 07/24 19:53:29 Finished transferring output files
...
005 (10252909.927.000) 07/24 19:53:30 Job terminated.
	(1) Normal termination (return value 0)
		Usr 0 00:00:05, Sys 0 00:00:00  -  Run Remote Usage
		Usr 0 00:00:00, Sys 0 00:00:00  -  Run Local Usage
		Usr 0 00:00:05, Sys 0 00:00:00  -  Total Remote Usage
		Usr 0 00:00:00, Sys 0 00:00:00  -  Total Local Usage
	6204  -  Run Bytes Sent By Job
	409597  -  Run Bytes Received By Job
	6204  -  Total Bytes Sent By Job
	409597  -  Total Bytes Received By Job
	Partitionable Resources :    Usage  Request Allocated 
	   Cpus                 :        0        8         8 
	   Disk (KB)            :      428      425   2609862 
	   Memory (MB)          :        7    16000     16000 

	Job terminated of its own accord at 2024-07-24T17:53:29Z with exit-code 0.
...
040 (10252910.927.000) 07/24 20:46:17 Started transferring input files
	Transferring to host: <188.185.207.227:9618?addrs=188.185.207.227-9618+[2001-1458-303-e--100-60]-9618&alias=b9p08p7228.cern.ch&noUDP&sock=slot1_16_5307_02f1_143644>
...
040 (10252910.927.000) 07/24 20:46:17 Finished transferring input files
...
001 (10252910.927.000) 07/24 20:46:18 Job executing on host: <188.185.207.227:9618?addrs=188.185.207.227-9618+[2001-1458-303-e--100-60]-9618&alias=b9p08p7228.cern.ch&noUDP&sock=startd_4373_17be>
	SlotName: slot1_16@b9p08p7228.cern.ch
	CondorScratchDir = "/pool/condor/dir_2196009"
	Cpus = 8
	Disk = 2823576
	Memory = 16000
...
006 (10252910.927.000) 07/24 20:46:23 Image size of job updated: 163120
	9  -  MemoryUsage of job (MB)
	9208  -  ResidentSetSize of job (KB)
...
040 (10252910.927.000) 07/24 20:46:23 Started transferring output files
...
040 (10252910.927.000) 07/24 20:46:23 Finished transferring output files
...
005 (10252910.927.000) 07/24 20:46:23 Job terminated.
	(1) Normal termination (return value 0)
		Usr 0 00:00:03, Sys 0 00:00:00  -  Run Remote Usage
		Usr 0 00:00:00, Sys 0 00:00:00  -  Run Local Usage
		Usr 0 00:00:03, Sys 0 00:00:00  -  Total Remote Usage
		Usr 0 00:00:00, Sys 0 00:00:00  -  Total Local Usage
	6201  -  Run Bytes Sent By Job
	409597  -  Run Bytes Received By Job
	6201  -  Total Bytes Sent By Job
	409597  -  Total Bytes Received By Job
	Partitionable Resources :    Usage  Request Allocated 
	   Cpus                 :        0        8         8 
	   Disk (KB)            :      428      425   2823576 
	   Memory (MB)          :        9    16000     16000 

	Job terminated of its own accord at 2024-07-24T18:46:23Z with exit-code 0.
...
040 (10252911.927.000) 07/24 20:59:07 Started transferring input files
	Transferring to host: <188.185.208.79:9618?addrs=188.185.208.79-9618+[2001-1458-303-f--100-4c]-9618&alias=b9p09p3951.cern.ch&noUDP&sock=slot1_17_2777965_661e_71291>
...
040 (10252911.927.000) 07/24 20:59:07 Finished transferring input files
...
001 (10252911.927.000) 07/24 20:59:08 Job executing on host: <188.185.208.79:9618?addrs=188.185.208.79-9618+[2001-1458-303-f--100-4c]-9618&alias=b9p09p3951.cern.ch&noUDP&sock=startd_8579_0f14>
	SlotName: slot1_17@b9p09p3951.cern.ch
	CondorScratchDir = "/pool/condor/dir_3144781"
	Cpus = 8
	Disk = 2822019
	Memory = 16000
...
006 (10252911.927.000) 07/24 20:59:12 Image size of job updated: 160136
	8  -  MemoryUsage of job (MB)
	7340  -  ResidentSetSize of job (KB)
...
040 (10252911.927.000) 07/24 20:59:12 Started transferring output files
...
040 (10252911.927.000) 07/24 20:59:12 Finished transferring output files
...
005 (10252911.927.000) 07/24 20:59:12 Job terminated.
	(1) Normal termination (return value 0)
		Usr 0 00:00:03, Sys 0 00:00:00  -  Run Remote Usage
		Usr 0 00:00:00, Sys 0 00:00:00  -  Run Local Usage
		Usr 0 00:00:03, Sys 0 00:00:00  -  Total Remote Usage
		Usr 0 00:00:00, Sys 0 00:00:00  -  Total Local Usage
	6204  -  Run Bytes Sent By Job
	409597  -  Run Bytes Received By Job
	6204  -  Total Bytes Sent By Job
	409597  -  Total Bytes Received By Job
	Partitionable Resources :    Usage  Request Allocated 
	   Cpus                 :        0        8         8 
	   Disk (KB)            :      430      425   2822019 
	   Memory (MB)          :        8    16000     16000 

	Job terminated of its own accord at 2024-07-24T18:59:12Z with exit-code 0.
...
040 (10252912.927.000) 07/24 21:12:02 Started transferring input files
	Transferring to host: <188.185.208.136:9618?addrs=188.185.208.136-9618+[2001-1458-303-10--100-5]-9618&alias=b9p10p5730.cern.ch&noUDP&sock=slot1_3_5808_02e5_145352>
...
040 (10252912.927.000) 07/24 21:12:02 Finished transferring input files
...
001 (10252912.927.000) 07/24 21:12:03 Job executing on host: <188.185.208.136:9618?addrs=188.185.208.136-9618+[2001-1458-303-10--100-5]-9618&alias=b9p10p5730.cern.ch&noUDP&sock=startd_4749_ff5a>
	SlotName: slot1_3@b9p10p5730.cern.ch
	CondorScratchDir = "/pool/condor/dir_2628528"
	Cpus = 8
	Disk = 2694079
	Memory = 16000
...
006 (10252912.927.000) 07/24 21:12:07 Image size of job updated: 162776
	9  -  MemoryUsage of job (MB)
	9136  -  ResidentSetSize of job (KB)
...
040 (10252912.927.000) 07/24 21:12:07 Started transferring output files
...
040 (10252912.927.000) 07/24 21:12:07 Finished transferring output files
...
005 (10252912.927.000) 07/24 21:12:07 Job terminated.
	(1) Normal termination (return value 0)
		Usr 0 00:00:03, Sys 0 00:00:00  -  Run Remote Usage
		Usr 0 00:00:00, Sys 0 00:00:00  -  Run Local Usage
		Usr 0 00:00:03, Sys 0 00:00:00  -  Total Remote Usage
		Usr 0 00:00:00, Sys 0 00:00:00  -  Total Local Usage
	6201  -  Run Bytes Sent By Job
	409597  -  Run Bytes Received By Job
	6201  -  Total Bytes Sent By Job
	409597  -  Total Bytes Received By Job
	Partitionable Resources :    Usage  Request Allocated 
	   Cpus                 :        0        8         8 
	   Disk (KB)            :      428      425   2694079 
	   Memory (MB)          :        9    16000     16000 

	Job terminated of its own accord at 2024-07-24T19:12:07Z with exit-code 0.
...
040 (10252913.927.000) 07/24 21:25:55 Started transferring input files
	Transferring to host: <188.185.206.197:9618?addrs=188.185.206.197-9618+[2001-1458-303-c--100-42]-9618&alias=b9p06p2472.cern.ch&noUDP&sock=slot1_29_3659_d8ae_84544>
...
040 (10252913.927.000) 07/24 21:25:55 Finished transferring input files
...
001 (10252913.927.000) 07/24 21:25:56 Job executing on host: <188.185.206.197:9618?addrs=188.185.206.197-9618+[2001-1458-303-c--100-42]-9618&alias=b9p06p2472.cern.ch&noUDP&sock=startd_3334_6cd7>
	SlotName: slot1_29@b9p06p2472.cern.ch
	CondorScratchDir = "/pool/condor/dir_715416"
	Cpus = 8
	Disk = 2812911
	Memory = 16000
...
006 (10252913.927.000) 07/24 21:26:00 Image size of job updated: 159460
	8  -  MemoryUsage of job (MB)
	7592  -  ResidentSetSize of job (KB)
...
040 (10252913.927.000) 07/24 21:26:00 Started transferring output files
...
040 (10252913.927.000) 07/24 21:26:00 Finished transferring output files
...
005 (10252913.927.000) 07/24 21:26:00 Job terminated.
	(1) Normal termination (return value 0)
		Usr 0 00:00:03, Sys 0 00:00:00  -  Run Remote Usage
		Usr 0 00:00:00, Sys 0 00:00:00  -  Run Local Usage
		Usr 0 00:00:03, Sys 0 00:00:00  -  Total Remote Usage
		Usr 0 00:00:00, Sys 0 00:00:00  -  Total Local Usage
	6204  -  Run Bytes Sent By Job
	409597  -  Run Bytes Received By Job
	6204  -  Total Bytes Sent By Job
	409597  -  Total Bytes Received By Job
	Partitionable Resources :    Usage  Request Allocated 
	   Cpus                 :        0        8         8 
	   Disk (KB)            :      428      425   2812911 
	   Memory (MB)          :        8    16000     16000 

	Job terminated of its own accord at 2024-07-24T19:26:00Z with exit-code 0.
...
000 (10261715.927.000) 07/25 13:01:39 Job submitted from host: <188.185.114.121:9618?addrs=188.185.114.121-9618+[2001-1458-d00-a--100-273]-9618&alias=bigbird19.cern.ch&noUDP&sock=schedd_4961_696e>
...
009 (10261715.927.000) 07/25 13:06:40 Job was aborted.
	via condor_rm (by user yelberke)
...
000 (10261767.927.000) 07/25 13:20:07 Job submitted from host: <188.185.114.121:9618?addrs=188.185.114.121-9618+[2001-1458-d00-a--100-273]-9618&alias=bigbird19.cern.ch&noUDP&sock=schedd_4961_696e>
...
040 (10261767.927.000) 07/25 14:04:29 Started transferring input files
	Transferring to host: <188.185.205.77:9618?addrs=188.185.205.77-9618+[2001-1458-303-9--100-c1]-9618&alias=b9p03p0676.cern.ch&noUDP&sock=slot1_24_6833_376f_158519>
...
040 (10261767.927.000) 07/25 14:04:29 Finished transferring input files
...
001 (10261767.927.000) 07/25 14:04:30 Job executing on host: <188.185.205.77:9618?addrs=188.185.205.77-9618+[2001-1458-303-9--100-c1]-9618&alias=b9p03p0676.cern.ch&noUDP&sock=startd_6477_4301>
	SlotName: slot1_24@b9p03p0676.cern.ch
	CondorScratchDir = "/pool/condor/dir_3210859"
	Cpus = 12
	Disk = 2639778
	Memory = 24000
...
006 (10261767.927.000) 07/25 14:04:34 Image size of job updated: 161284
	8  -  MemoryUsage of job (MB)
	7260  -  ResidentSetSize of job (KB)
...
040 (10261767.927.000) 07/25 14:04:34 Started transferring output files
...
040 (10261767.927.000) 07/25 14:04:34 Finished transferring output files
...
005 (10261767.927.000) 07/25 14:04:34 Job terminated.
	(1) Normal termination (return value 0)
		Usr 0 00:00:03, Sys 0 00:00:00  -  Run Remote Usage
		Usr 0 00:00:00, Sys 0 00:00:00  -  Run Local Usage
		Usr 0 00:00:03, Sys 0 00:00:00  -  Total Remote Usage
		Usr 0 00:00:00, Sys 0 00:00:00  -  Total Local Usage
	6204  -  Run Bytes Sent By Job
	409597  -  Run Bytes Received By Job
	6204  -  Total Bytes Sent By Job
	409597  -  Total Bytes Received By Job
	Partitionable Resources :    Usage  Request Allocated 
	   Cpus                 :        0       12        12 
	   Disk (KB)            :      428      425   2639778 
	   Memory (MB)          :        8    24000     24000 

	Job terminated of its own accord at 2024-07-25T12:04:34Z with exit-code 0.
...
000 (10284266.927.000) 08/02 15:45:25 Job submitted from host: <188.185.114.121:9618?addrs=188.185.114.121-9618+[2001-1458-d00-a--100-273]-9618&alias=bigbird19.cern.ch&noUDP&sock=schedd_4961_696e>
...
009 (10284266.927.000) 08/02 15:49:24 Job was aborted.
	via condor_rm (by user yelberke)
...
000 (10284267.927.000) 08/02 15:49:48 Job submitted from host: <188.185.114.121:9618?addrs=188.185.114.121-9618+[2001-1458-d00-a--100-273]-9618&alias=bigbird19.cern.ch&noUDP&sock=schedd_4961_696e>
...
040 (10284267.927.000) 08/02 16:19:57 Started transferring input files
	Transferring to host: <188.185.195.102:9618?addrs=188.185.195.102-9618+[2001-1458-303-22--100-62]-9618&alias=b9p17p7957.cern.ch&noUDP&sock=slot1_5_2338476_a3ee_49>
...
040 (10284267.927.000) 08/02 16:19:57 Finished transferring input files
...
001 (10284267.927.000) 08/02 16:19:58 Job executing on host: <188.185.195.102:9618?addrs=188.185.195.102-9618+[2001-1458-303-22--100-62]-9618&alias=b9p17p7957.cern.ch&noUDP&sock=startd_128437_ad73>
	SlotName: slot1_5@b9p17p7957.cern.ch
	CondorScratchDir = "/pool/condor/dir_2348511"
	Cpus = 12
	Disk = 2969764
	Memory = 24000
...
006 (10284267.927.000) 08/02 16:19:59 Image size of job updated: 317172
	6  -  MemoryUsage of job (MB)
	5840  -  ResidentSetSize of job (KB)
...
040 (10284267.927.000) 08/02 16:19:59 Started transferring output files
...
040 (10284267.927.000) 08/02 16:19:59 Finished transferring output files
...
005 (10284267.927.000) 08/02 16:20:00 Job terminated.
	(1) Normal termination (return value 139)
		Usr 0 00:00:02, Sys 0 00:00:00  -  Run Remote Usage
		Usr 0 00:00:00, Sys 0 00:00:00  -  Run Local Usage
		Usr 0 00:00:02, Sys 0 00:00:00  -  Total Remote Usage
		Usr 0 00:00:00, Sys 0 00:00:00  -  Total Local Usage
	7696  -  Run Bytes Sent By Job
	409597  -  Run Bytes Received By Job
	7696  -  Total Bytes Sent By Job
	409597  -  Total Bytes Received By Job
	Partitionable Resources :    Usage  Request Allocated 
	   Cpus                 :        0       12        12 
	   Disk (KB)            :      429      425   2969764 
	   Memory (MB)          :        6    24000     24000 

	Job terminated of its own accord at 2024-08-02T14:19:59Z with exit-code 139.
...
