000 (10252905.944.000) 07/24 16:13:16 Job submitted from host: <188.185.114.121:9618?addrs=188.185.114.121-9618+[2001-1458-d00-a--100-273]-9618&alias=bigbird19.cern.ch&noUDP&sock=schedd_4961_696e>
...
009 (10252905.944.000) 07/24 16:14:46 Job was aborted.
	via condor_rm (by user yelberke)
...
000 (10252906.944.000) 07/24 16:15:36 Job submitted from host: <188.185.114.121:9618?addrs=188.185.114.121-9618+[2001-1458-d00-a--100-273]-9618&alias=bigbird19.cern.ch&noUDP&sock=schedd_4961_696e>
...
000 (10252907.944.000) 07/24 16:17:31 Job submitted from host: <188.185.114.121:9618?addrs=188.185.114.121-9618+[2001-1458-d00-a--100-273]-9618&alias=bigbird19.cern.ch&noUDP&sock=schedd_4961_696e>
...
000 (10252908.944.000) 07/24 16:18:04 Job submitted from host: <188.185.114.121:9618?addrs=188.185.114.121-9618+[2001-1458-d00-a--100-273]-9618&alias=bigbird19.cern.ch&noUDP&sock=schedd_4961_696e>
...
000 (10252909.944.000) 07/24 16:18:39 Job submitted from host: <188.185.114.121:9618?addrs=188.185.114.121-9618+[2001-1458-d00-a--100-273]-9618&alias=bigbird19.cern.ch&noUDP&sock=schedd_4961_696e>
...
000 (10252910.944.000) 07/24 16:19:05 Job submitted from host: <188.185.114.121:9618?addrs=188.185.114.121-9618+[2001-1458-d00-a--100-273]-9618&alias=bigbird19.cern.ch&noUDP&sock=schedd_4961_696e>
...
000 (10252911.944.000) 07/24 16:19:18 Job submitted from host: <188.185.114.121:9618?addrs=188.185.114.121-9618+[2001-1458-d00-a--100-273]-9618&alias=bigbird19.cern.ch&noUDP&sock=schedd_4961_696e>
...
000 (10252912.944.000) 07/24 16:19:31 Job submitted from host: <188.185.114.121:9618?addrs=188.185.114.121-9618+[2001-1458-d00-a--100-273]-9618&alias=bigbird19.cern.ch&noUDP&sock=schedd_4961_696e>
...
000 (10252913.944.000) 07/24 16:19:43 Job submitted from host: <188.185.114.121:9618?addrs=188.185.114.121-9618+[2001-1458-d00-a--100-273]-9618&alias=bigbird19.cern.ch&noUDP&sock=schedd_4961_696e>
...
040 (10252906.944.000) 07/24 16:24:15 Started transferring input files
	Transferring to host: <188.185.208.97:9618?addrs=188.185.208.97-9618+[2001-1458-303-f--100-5e]-9618&alias=b9p09p9337.cern.ch&noUDP&sock=slot1_21_7879_37d9_144490>
...
040 (10252906.944.000) 07/24 16:24:15 Finished transferring input files
...
001 (10252906.944.000) 07/24 16:24:16 Job executing on host: <188.185.208.97:9618?addrs=188.185.208.97-9618+[2001-1458-303-f--100-5e]-9618&alias=b9p09p9337.cern.ch&noUDP&sock=startd_6577_da7a>
	SlotName: slot1_21@b9p09p9337.cern.ch
	CondorScratchDir = "/pool/condor/dir_3145668"
	Cpus = 8
	Disk = 2831940
	Memory = 16000
...
006 (10252906.944.000) 07/24 16:24:22 Image size of job updated: 156988
	7  -  MemoryUsage of job (MB)
	6920  -  ResidentSetSize of job (KB)
...
040 (10252906.944.000) 07/24 16:24:22 Started transferring output files
...
040 (10252906.944.000) 07/24 16:24:22 Finished transferring output files
...
005 (10252906.944.000) 07/24 16:24:22 Job terminated.
	(1) Normal termination (return value 0)
		Usr 0 00:00:04, Sys 0 00:00:00  -  Run Remote Usage
		Usr 0 00:00:00, Sys 0 00:00:00  -  Run Local Usage
		Usr 0 00:00:04, Sys 0 00:00:00  -  Total Remote Usage
		Usr 0 00:00:00, Sys 0 00:00:00  -  Total Local Usage
	6204  -  Run Bytes Sent By Job
	409597  -  Run Bytes Received By Job
	6204  -  Total Bytes Sent By Job
	409597  -  Total Bytes Received By Job
	Partitionable Resources :    Usage  Request Allocated 
	   Cpus                 :        0        8         8 
	   Disk (KB)            :      428      425   2831940 
	   Memory (MB)          :        7    16000     16000 

	Job terminated of its own accord at 2024-07-24T14:24:22Z with exit-code 0.
...
040 (10252907.944.000) 07/24 17:49:59 Started transferring input files
	Transferring to host: <188.185.206.135:9618?addrs=188.185.206.135-9618+[2001-1458-303-c--100-4]-9618&alias=b9p06p6909.cern.ch&noUDP&sock=slot1_27_4501_1c90_30692>
...
040 (10252907.944.000) 07/24 17:49:59 Finished transferring input files
...
001 (10252907.944.000) 07/24 17:50:00 Job executing on host: <188.185.206.135:9618?addrs=188.185.206.135-9618+[2001-1458-303-c--100-4]-9618&alias=b9p06p6909.cern.ch&noUDP&sock=startd_3713_633c>
	SlotName: slot1_27@b9p06p6909.cern.ch
	CondorScratchDir = "/pool/condor/dir_3161839"
	Cpus = 8
	Disk = 2534275
	Memory = 16000
...
006 (10252907.944.000) 07/24 17:50:06 Image size of job updated: 168128
	12  -  MemoryUsage of job (MB)
	11576  -  ResidentSetSize of job (KB)
...
040 (10252907.944.000) 07/24 17:50:06 Started transferring output files
...
040 (10252907.944.000) 07/24 17:50:06 Finished transferring output files
...
005 (10252907.944.000) 07/24 17:50:06 Job terminated.
	(1) Normal termination (return value 0)
		Usr 0 00:00:04, Sys 0 00:00:00  -  Run Remote Usage
		Usr 0 00:00:00, Sys 0 00:00:00  -  Run Local Usage
		Usr 0 00:00:04, Sys 0 00:00:00  -  Total Remote Usage
		Usr 0 00:00:00, Sys 0 00:00:00  -  Total Local Usage
	6204  -  Run Bytes Sent By Job
	409597  -  Run Bytes Received By Job
	6204  -  Total Bytes Sent By Job
	409597  -  Total Bytes Received By Job
	Partitionable Resources :    Usage  Request Allocated 
	   Cpus                 :        0        8         8 
	   Disk (KB)            :      428      425   2534275 
	   Memory (MB)          :       12    16000     16000 

	Job terminated of its own accord at 2024-07-24T15:50:06Z with exit-code 0.
...
040 (10252908.944.000) 07/24 18:55:15 Started transferring input files
	Transferring to host: <188.185.205.46:9618?addrs=188.185.205.46-9618+[2001-1458-303-9--100-a2]-9618&alias=b9p03p8171.cern.ch&noUDP&sock=slot1_4_6935_15b3_158372>
...
040 (10252908.944.000) 07/24 18:55:15 Finished transferring input files
...
001 (10252908.944.000) 07/24 18:55:16 Job executing on host: <188.185.205.46:9618?addrs=188.185.205.46-9618+[2001-1458-303-9--100-a2]-9618&alias=b9p03p8171.cern.ch&noUDP&sock=startd_6868_7489>
	SlotName: slot1_4@b9p03p8171.cern.ch
	CondorScratchDir = "/pool/condor/dir_2448804"
	Cpus = 8
	Disk = 2915812
	Memory = 16000
...
006 (10252908.944.000) 07/24 18:55:20 Image size of job updated: 164156
	10  -  MemoryUsage of job (MB)
	10224  -  ResidentSetSize of job (KB)
...
040 (10252908.944.000) 07/24 18:55:20 Started transferring output files
...
040 (10252908.944.000) 07/24 18:55:20 Finished transferring output files
...
005 (10252908.944.000) 07/24 18:55:20 Job terminated.
	(1) Normal termination (return value 0)
		Usr 0 00:00:03, Sys 0 00:00:00  -  Run Remote Usage
		Usr 0 00:00:00, Sys 0 00:00:00  -  Run Local Usage
		Usr 0 00:00:03, Sys 0 00:00:00  -  Total Remote Usage
		Usr 0 00:00:00, Sys 0 00:00:00  -  Total Local Usage
	6204  -  Run Bytes Sent By Job
	409597  -  Run Bytes Received By Job
	6204  -  Total Bytes Sent By Job
	409597  -  Total Bytes Received By Job
	Partitionable Resources :    Usage  Request Allocated 
	   Cpus                 :                 8         8 
	   Disk (KB)            :      420      425   2915812 
	   Memory (MB)          :       10    16000     16000 

	Job terminated of its own accord at 2024-07-24T16:55:20Z with exit-code 0.
...
040 (10252909.944.000) 07/24 19:54:26 Started transferring input files
	Transferring to host: <188.185.206.213:9618?addrs=188.185.206.213-9618+[2001-1458-303-c--100-52]-9618&alias=b9p06p7091.cern.ch&noUDP&sock=slot1_5_6466_a1c0_152946>
...
040 (10252909.944.000) 07/24 19:54:26 Finished transferring input files
...
001 (10252909.944.000) 07/24 19:54:27 Job executing on host: <188.185.206.213:9618?addrs=188.185.206.213-9618+[2001-1458-303-c--100-52]-9618&alias=b9p06p7091.cern.ch&noUDP&sock=startd_6073_26be>
	SlotName: slot1_5@b9p06p7091.cern.ch
	CondorScratchDir = "/pool/condor/dir_50693"
	Cpus = 8
	Disk = 2669179
	Memory = 16000
...
006 (10252909.944.000) 07/24 19:54:32 Image size of job updated: 158716
	8  -  MemoryUsage of job (MB)
	7816  -  ResidentSetSize of job (KB)
...
040 (10252909.944.000) 07/24 19:54:32 Started transferring output files
...
040 (10252909.944.000) 07/24 19:54:32 Finished transferring output files
...
005 (10252909.944.000) 07/24 19:54:32 Job terminated.
	(1) Normal termination (return value 0)
		Usr 0 00:00:04, Sys 0 00:00:00  -  Run Remote Usage
		Usr 0 00:00:00, Sys 0 00:00:00  -  Run Local Usage
		Usr 0 00:00:04, Sys 0 00:00:00  -  Total Remote Usage
		Usr 0 00:00:00, Sys 0 00:00:00  -  Total Local Usage
	6204  -  Run Bytes Sent By Job
	409597  -  Run Bytes Received By Job
	6204  -  Total Bytes Sent By Job
	409597  -  Total Bytes Received By Job
	Partitionable Resources :    Usage  Request Allocated 
	   Cpus                 :        0        8         8 
	   Disk (KB)            :      428      425   2669179 
	   Memory (MB)          :        8    16000     16000 

	Job terminated of its own accord at 2024-07-24T17:54:32Z with exit-code 0.
...
040 (10252910.944.000) 07/24 20:46:19 Started transferring input files
	Transferring to host: <188.185.205.75:9618?addrs=188.185.205.75-9618&alias=b9p03p8216.cern.ch&noUDP&sock=slot1_15_4013_457c_155948>
...
040 (10252910.944.000) 07/24 20:46:19 Finished transferring input files
...
001 (10252910.944.000) 07/24 20:46:20 Job executing on host: <188.185.205.75:9618?addrs=188.185.205.75-9618&alias=b9p03p8216.cern.ch&noUDP&sock=startd_3776_99b3>
	SlotName: slot1_15@b9p03p8216.cern.ch
	CondorScratchDir = "/pool/condor/dir_3285574"
	Cpus = 8
	Disk = 2710460
	Memory = 16000
...
006 (10252910.944.000) 07/24 20:46:24 Image size of job updated: 161588
	9  -  MemoryUsage of job (MB)
	9056  -  ResidentSetSize of job (KB)
...
040 (10252910.944.000) 07/24 20:46:24 Started transferring output files
...
040 (10252910.944.000) 07/24 20:46:24 Finished transferring output files
...
005 (10252910.944.000) 07/24 20:46:24 Job terminated.
	(1) Normal termination (return value 0)
		Usr 0 00:00:03, Sys 0 00:00:00  -  Run Remote Usage
		Usr 0 00:00:00, Sys 0 00:00:00  -  Run Local Usage
		Usr 0 00:00:03, Sys 0 00:00:00  -  Total Remote Usage
		Usr 0 00:00:00, Sys 0 00:00:00  -  Total Local Usage
	6201  -  Run Bytes Sent By Job
	409597  -  Run Bytes Received By Job
	6201  -  Total Bytes Sent By Job
	409597  -  Total Bytes Received By Job
	Partitionable Resources :    Usage  Request Allocated 
	   Cpus                 :        0        8         8 
	   Disk (KB)            :      427      425   2710460 
	   Memory (MB)          :        9    16000     16000 

	Job terminated of its own accord at 2024-07-24T18:46:24Z with exit-code 0.
...
040 (10252911.944.000) 07/24 20:59:12 Started transferring input files
	Transferring to host: <188.185.205.107:9618?addrs=188.185.205.107-9618+[2001-1458-303-9--100-68]-9618&alias=b9p03p1852.cern.ch&noUDP&sock=slot1_11_7657_cc90_72062>
...
040 (10252911.944.000) 07/24 20:59:12 Finished transferring input files
...
001 (10252911.944.000) 07/24 20:59:13 Job executing on host: <188.185.205.107:9618?addrs=188.185.205.107-9618+[2001-1458-303-9--100-68]-9618&alias=b9p03p1852.cern.ch&noUDP&sock=startd_6598_41f7>
	SlotName: slot1_11@b9p03p1852.cern.ch
	CondorScratchDir = "/pool/condor/dir_2112925"
	Cpus = 8
	Disk = 2769056
	Memory = 16000
...
006 (10252911.944.000) 07/24 20:59:17 Image size of job updated: 162820
	9  -  MemoryUsage of job (MB)
	8848  -  ResidentSetSize of job (KB)
...
040 (10252911.944.000) 07/24 20:59:17 Started transferring output files
...
040 (10252911.944.000) 07/24 20:59:17 Finished transferring output files
...
005 (10252911.944.000) 07/24 20:59:17 Job terminated.
	(1) Normal termination (return value 0)
		Usr 0 00:00:03, Sys 0 00:00:00  -  Run Remote Usage
		Usr 0 00:00:00, Sys 0 00:00:00  -  Run Local Usage
		Usr 0 00:00:03, Sys 0 00:00:00  -  Total Remote Usage
		Usr 0 00:00:00, Sys 0 00:00:00  -  Total Local Usage
	6204  -  Run Bytes Sent By Job
	409597  -  Run Bytes Received By Job
	6204  -  Total Bytes Sent By Job
	409597  -  Total Bytes Received By Job
	Partitionable Resources :    Usage  Request Allocated 
	   Cpus                 :        0        8         8 
	   Disk (KB)            :      427      425   2769056 
	   Memory (MB)          :        9    16000     16000 

	Job terminated of its own accord at 2024-07-24T18:59:17Z with exit-code 0.
...
040 (10252912.944.000) 07/24 21:12:08 Started transferring input files
	Transferring to host: <188.185.204.181:9618?addrs=188.185.204.181-9618+[2001-1458-303-8--100-a9]-9618&alias=b9p02p9149.cern.ch&noUDP&sock=slot1_11_7299_8e42_156729>
...
040 (10252912.944.000) 07/24 21:12:08 Finished transferring input files
...
001 (10252912.944.000) 07/24 21:12:09 Job executing on host: <188.185.204.181:9618?addrs=188.185.204.181-9618+[2001-1458-303-8--100-a9]-9618&alias=b9p02p9149.cern.ch&noUDP&sock=startd_7223_f4a8>
	SlotName: slot1_11@b9p02p9149.cern.ch
	CondorScratchDir = "/pool/condor/dir_179920"
	Cpus = 8
	Disk = 2674223
	Memory = 16000
...
006 (10252912.944.000) 07/24 21:12:13 Image size of job updated: 150336
	3  -  MemoryUsage of job (MB)
	2624  -  ResidentSetSize of job (KB)
...
040 (10252912.944.000) 07/24 21:12:13 Started transferring output files
...
040 (10252912.944.000) 07/24 21:12:13 Finished transferring output files
...
005 (10252912.944.000) 07/24 21:12:13 Job terminated.
	(1) Normal termination (return value 0)
		Usr 0 00:00:03, Sys 0 00:00:00  -  Run Remote Usage
		Usr 0 00:00:00, Sys 0 00:00:00  -  Run Local Usage
		Usr 0 00:00:03, Sys 0 00:00:00  -  Total Remote Usage
		Usr 0 00:00:00, Sys 0 00:00:00  -  Total Local Usage
	6201  -  Run Bytes Sent By Job
	409597  -  Run Bytes Received By Job
	6201  -  Total Bytes Sent By Job
	409597  -  Total Bytes Received By Job
	Partitionable Resources :    Usage  Request Allocated 
	   Cpus                 :        0        8         8 
	   Disk (KB)            :      428      425   2674223 
	   Memory (MB)          :        3    16000     16000 

	Job terminated of its own accord at 2024-07-24T19:12:13Z with exit-code 0.
...
040 (10252913.944.000) 07/24 21:26:01 Started transferring input files
	Transferring to host: <188.185.209.174:9618?addrs=188.185.209.174-9618+[2001-1458-303-12--100-2b]-9618&alias=b9p12p6137.cern.ch&noUDP&sock=slot1_21_9785_2ae7_143721>
...
040 (10252913.944.000) 07/24 21:26:01 Finished transferring input files
...
001 (10252913.944.000) 07/24 21:26:02 Job executing on host: <188.185.209.174:9618?addrs=188.185.209.174-9618+[2001-1458-303-12--100-2b]-9618&alias=b9p12p6137.cern.ch&noUDP&sock=startd_8396_893f>
	SlotName: slot1_21@b9p12p6137.cern.ch
	CondorScratchDir = "/pool/condor/dir_1351874"
	Cpus = 8
	Disk = 2913203
	Memory = 16000
...
006 (10252913.944.000) 07/24 21:26:06 Image size of job updated: 159948
	8  -  MemoryUsage of job (MB)
	8124  -  ResidentSetSize of job (KB)
...
040 (10252913.944.000) 07/24 21:26:06 Started transferring output files
...
040 (10252913.944.000) 07/24 21:26:06 Finished transferring output files
...
005 (10252913.944.000) 07/24 21:26:06 Job terminated.
	(1) Normal termination (return value 0)
		Usr 0 00:00:03, Sys 0 00:00:00  -  Run Remote Usage
		Usr 0 00:00:00, Sys 0 00:00:00  -  Run Local Usage
		Usr 0 00:00:03, Sys 0 00:00:00  -  Total Remote Usage
		Usr 0 00:00:00, Sys 0 00:00:00  -  Total Local Usage
	6204  -  Run Bytes Sent By Job
	409597  -  Run Bytes Received By Job
	6204  -  Total Bytes Sent By Job
	409597  -  Total Bytes Received By Job
	Partitionable Resources :    Usage  Request Allocated 
	   Cpus                 :                 8         8 
	   Disk (KB)            :      420      425   2913203 
	   Memory (MB)          :        8    16000     16000 

	Job terminated of its own accord at 2024-07-24T19:26:06Z with exit-code 0.
...
000 (10261715.944.000) 07/25 13:01:40 Job submitted from host: <188.185.114.121:9618?addrs=188.185.114.121-9618+[2001-1458-d00-a--100-273]-9618&alias=bigbird19.cern.ch&noUDP&sock=schedd_4961_696e>
...
009 (10261715.944.000) 07/25 13:06:40 Job was aborted.
	via condor_rm (by user yelberke)
...
000 (10261767.944.000) 07/25 13:20:07 Job submitted from host: <188.185.114.121:9618?addrs=188.185.114.121-9618+[2001-1458-d00-a--100-273]-9618&alias=bigbird19.cern.ch&noUDP&sock=schedd_4961_696e>
...
040 (10261767.944.000) 07/25 14:05:37 Started transferring input files
	Transferring to host: <188.185.192.111:9618?addrs=188.185.192.111-9618+[2001-1458-303-1f--100-6b]-9618&alias=b9p13p6936.cern.ch&noUDP&sock=slot1_10_857777_3e9a_258>
...
040 (10261767.944.000) 07/25 14:05:37 Finished transferring input files
...
001 (10261767.944.000) 07/25 14:05:38 Job executing on host: <188.185.192.111:9618?addrs=188.185.192.111-9618+[2001-1458-303-1f--100-6b]-9618&alias=b9p13p6936.cern.ch&noUDP&sock=startd_128758_db5a>
	SlotName: slot1_10@b9p13p6936.cern.ch
	CondorScratchDir = "/pool/condor/dir_1139499"
	Cpus = 12
	Disk = 3013981
	Memory = 24000
...
006 (10261767.944.000) 07/25 14:05:46 Image size of job updated: 1
	0  -  MemoryUsage of job (MB)
	0  -  ResidentSetSize of job (KB)
...
006 (10261767.944.000) 07/25 14:06:08 Image size of job updated: 168848
	11  -  MemoryUsage of job (MB)
	10768  -  ResidentSetSize of job (KB)
...
040 (10261767.944.000) 07/25 14:06:08 Started transferring output files
...
040 (10261767.944.000) 07/25 14:06:08 Finished transferring output files
...
005 (10261767.944.000) 07/25 14:06:08 Job terminated.
	(1) Normal termination (return value 0)
		Usr 0 00:00:04, Sys 0 00:00:00  -  Run Remote Usage
		Usr 0 00:00:00, Sys 0 00:00:00  -  Run Local Usage
		Usr 0 00:00:04, Sys 0 00:00:00  -  Total Remote Usage
		Usr 0 00:00:00, Sys 0 00:00:00  -  Total Local Usage
	6204  -  Run Bytes Sent By Job
	409597  -  Run Bytes Received By Job
	6204  -  Total Bytes Sent By Job
	409597  -  Total Bytes Received By Job
	Partitionable Resources :    Usage  Request Allocated 
	   Cpus                 :        0       12        12 
	   Disk (KB)            :      428      425   3013981 
	   Memory (MB)          :       11    24000     24000 

	Job terminated of its own accord at 2024-07-25T12:06:08Z with exit-code 0.
...
000 (10284266.944.000) 08/02 15:45:26 Job submitted from host: <188.185.114.121:9618?addrs=188.185.114.121-9618+[2001-1458-d00-a--100-273]-9618&alias=bigbird19.cern.ch&noUDP&sock=schedd_4961_696e>
...
009 (10284266.944.000) 08/02 15:49:24 Job was aborted.
	via condor_rm (by user yelberke)
...
000 (10284267.944.000) 08/02 15:49:48 Job submitted from host: <188.185.114.121:9618?addrs=188.185.114.121-9618+[2001-1458-d00-a--100-273]-9618&alias=bigbird19.cern.ch&noUDP&sock=schedd_4961_696e>
...
040 (10284267.944.000) 08/02 16:20:02 Started transferring input files
	Transferring to host: <188.185.206.209:9618?addrs=188.185.206.209-9618+[2001-1458-303-c--100-4e]-9618&alias=b9p06p4022.cern.ch&noUDP&sock=slot1_2_6901_20f2_163782>
...
040 (10284267.944.000) 08/02 16:20:02 Finished transferring input files
...
001 (10284267.944.000) 08/02 16:20:03 Job executing on host: <188.185.206.209:9618?addrs=188.185.206.209-9618+[2001-1458-303-c--100-4e]-9618&alias=b9p06p4022.cern.ch&noUDP&sock=startd_6829_b457>
	SlotName: slot1_2@b9p06p4022.cern.ch
	CondorScratchDir = "/pool/condor/dir_1953008"
	Cpus = 12
	Disk = 2755180
	Memory = 24000
...
006 (10284267.944.000) 08/02 16:20:07 Image size of job updated: 325388
	3  -  MemoryUsage of job (MB)
	2136  -  ResidentSetSize of job (KB)
...
040 (10284267.944.000) 08/02 16:20:07 Started transferring output files
...
040 (10284267.944.000) 08/02 16:20:07 Finished transferring output files
...
005 (10284267.944.000) 08/02 16:20:07 Job terminated.
	(1) Normal termination (return value 139)
		Usr 0 00:00:01, Sys 0 00:00:00  -  Run Remote Usage
		Usr 0 00:00:00, Sys 0 00:00:00  -  Run Local Usage
		Usr 0 00:00:01, Sys 0 00:00:00  -  Total Remote Usage
		Usr 0 00:00:00, Sys 0 00:00:00  -  Total Local Usage
	7696  -  Run Bytes Sent By Job
	409597  -  Run Bytes Received By Job
	7696  -  Total Bytes Sent By Job
	409597  -  Total Bytes Received By Job
	Partitionable Resources :    Usage  Request Allocated 
	   Cpus                 :        0       12        12 
	   Disk (KB)            :      430      425   2755180 
	   Memory (MB)          :        3    24000     24000 

	Job terminated of its own accord at 2024-08-02T14:20:07Z with exit-code 139.
...
