000 (10252905.992.000) 07/24 16:13:16 Job submitted from host: <188.185.114.121:9618?addrs=188.185.114.121-9618+[2001-1458-d00-a--100-273]-9618&alias=bigbird19.cern.ch&noUDP&sock=schedd_4961_696e>
...
009 (10252905.992.000) 07/24 16:14:46 Job was aborted.
	via condor_rm (by user yelberke)
...
000 (10252906.992.000) 07/24 16:15:36 Job submitted from host: <188.185.114.121:9618?addrs=188.185.114.121-9618+[2001-1458-d00-a--100-273]-9618&alias=bigbird19.cern.ch&noUDP&sock=schedd_4961_696e>
...
000 (10252907.992.000) 07/24 16:17:31 Job submitted from host: <188.185.114.121:9618?addrs=188.185.114.121-9618+[2001-1458-d00-a--100-273]-9618&alias=bigbird19.cern.ch&noUDP&sock=schedd_4961_696e>
...
000 (10252908.992.000) 07/24 16:18:04 Job submitted from host: <188.185.114.121:9618?addrs=188.185.114.121-9618+[2001-1458-d00-a--100-273]-9618&alias=bigbird19.cern.ch&noUDP&sock=schedd_4961_696e>
...
000 (10252909.992.000) 07/24 16:18:39 Job submitted from host: <188.185.114.121:9618?addrs=188.185.114.121-9618+[2001-1458-d00-a--100-273]-9618&alias=bigbird19.cern.ch&noUDP&sock=schedd_4961_696e>
...
000 (10252910.992.000) 07/24 16:19:05 Job submitted from host: <188.185.114.121:9618?addrs=188.185.114.121-9618+[2001-1458-d00-a--100-273]-9618&alias=bigbird19.cern.ch&noUDP&sock=schedd_4961_696e>
...
000 (10252911.992.000) 07/24 16:19:18 Job submitted from host: <188.185.114.121:9618?addrs=188.185.114.121-9618+[2001-1458-d00-a--100-273]-9618&alias=bigbird19.cern.ch&noUDP&sock=schedd_4961_696e>
...
000 (10252912.992.000) 07/24 16:19:31 Job submitted from host: <188.185.114.121:9618?addrs=188.185.114.121-9618+[2001-1458-d00-a--100-273]-9618&alias=bigbird19.cern.ch&noUDP&sock=schedd_4961_696e>
...
000 (10252913.992.000) 07/24 16:19:43 Job submitted from host: <188.185.114.121:9618?addrs=188.185.114.121-9618+[2001-1458-d00-a--100-273]-9618&alias=bigbird19.cern.ch&noUDP&sock=schedd_4961_696e>
...
040 (10252906.992.000) 07/24 16:23:50 Started transferring input files
	Transferring to host: <188.185.193.171:9618?addrs=188.185.193.171-9618+[2001-1458-303-20--100-a7]-9618&alias=b9p19p3059.cern.ch&noUDP&sock=slot1_7_1161098_5429_240>
...
040 (10252906.992.000) 07/24 16:23:50 Finished transferring input files
...
001 (10252906.992.000) 07/24 16:23:51 Job executing on host: <188.185.193.171:9618?addrs=188.185.193.171-9618+[2001-1458-303-20--100-a7]-9618&alias=b9p19p3059.cern.ch&noUDP&sock=startd_177208_86e6>
	SlotName: slot1_7@b9p19p3059.cern.ch
	CondorScratchDir = "/pool/condor/dir_1193747"
	Cpus = 8
	Disk = 2975533
	Memory = 16000
...
006 (10252906.992.000) 07/24 16:23:57 Image size of job updated: 156892
	7  -  MemoryUsage of job (MB)
	6544  -  ResidentSetSize of job (KB)
...
040 (10252906.992.000) 07/24 16:23:57 Started transferring output files
...
040 (10252906.992.000) 07/24 16:23:57 Finished transferring output files
...
005 (10252906.992.000) 07/24 16:23:57 Job terminated.
	(1) Normal termination (return value 0)
		Usr 0 00:00:04, Sys 0 00:00:00  -  Run Remote Usage
		Usr 0 00:00:00, Sys 0 00:00:00  -  Run Local Usage
		Usr 0 00:00:04, Sys 0 00:00:00  -  Total Remote Usage
		Usr 0 00:00:00, Sys 0 00:00:00  -  Total Local Usage
	6204  -  Run Bytes Sent By Job
	409597  -  Run Bytes Received By Job
	6204  -  Total Bytes Sent By Job
	409597  -  Total Bytes Received By Job
	Partitionable Resources :    Usage  Request Allocated 
	   Cpus                 :        0        8         8 
	   Disk (KB)            :      426      425   2975533 
	   Memory (MB)          :        7    16000     16000 

	Job terminated of its own accord at 2024-07-24T14:23:57Z with exit-code 0.
...
040 (10252907.992.000) 07/24 17:50:17 Started transferring input files
	Transferring to host: <188.185.206.195:9618?addrs=188.185.206.195-9618&alias=b9p06p8468.cern.ch&noUDP&sock=slot1_11_5427_8ff6_158179>
...
040 (10252907.992.000) 07/24 17:50:17 Finished transferring input files
...
001 (10252907.992.000) 07/24 17:50:18 Job executing on host: <188.185.206.195:9618?addrs=188.185.206.195-9618&alias=b9p06p8468.cern.ch&noUDP&sock=startd_4975_03c1>
	SlotName: slot1_11@b9p06p8468.cern.ch
	CondorScratchDir = "/pool/condor/dir_2184449"
	Cpus = 8
	Disk = 2747899
	Memory = 16000
...
006 (10252907.992.000) 07/24 17:50:22 Image size of job updated: 159052
	8  -  MemoryUsage of job (MB)
	7788  -  ResidentSetSize of job (KB)
...
040 (10252907.992.000) 07/24 17:50:22 Started transferring output files
...
040 (10252907.992.000) 07/24 17:50:22 Finished transferring output files
...
005 (10252907.992.000) 07/24 17:50:22 Job terminated.
	(1) Normal termination (return value 0)
		Usr 0 00:00:03, Sys 0 00:00:00  -  Run Remote Usage
		Usr 0 00:00:00, Sys 0 00:00:00  -  Run Local Usage
		Usr 0 00:00:03, Sys 0 00:00:00  -  Total Remote Usage
		Usr 0 00:00:00, Sys 0 00:00:00  -  Total Local Usage
	6204  -  Run Bytes Sent By Job
	409597  -  Run Bytes Received By Job
	6204  -  Total Bytes Sent By Job
	409597  -  Total Bytes Received By Job
	Partitionable Resources :    Usage  Request Allocated 
	   Cpus                 :        0        8         8 
	   Disk (KB)            :      428      425   2747899 
	   Memory (MB)          :        8    16000     16000 

	Job terminated of its own accord at 2024-07-24T15:50:22Z with exit-code 0.
...
040 (10252908.992.000) 07/24 18:55:32 Started transferring input files
	Transferring to host: <188.185.194.144:9618?addrs=188.185.194.144-9618+[2001-1458-303-21--100-8c]-9618&alias=b9p20p3851.cern.ch&noUDP&sock=slot1_12_1953705_a9b0_5913>
...
040 (10252908.992.000) 07/24 18:55:32 Finished transferring input files
...
001 (10252908.992.000) 07/24 18:55:33 Job executing on host: <188.185.194.144:9618?addrs=188.185.194.144-9618+[2001-1458-303-21--100-8c]-9618&alias=b9p20p3851.cern.ch&noUDP&sock=startd_128049_8ab4>
	SlotName: slot1_12@b9p20p3851.cern.ch
	CondorScratchDir = "/pool/condor/dir_2049317"
	Cpus = 8
	Disk = 2931568
	Memory = 16000
...
006 (10252908.992.000) 07/24 18:55:40 Image size of job updated: 163876
	10  -  MemoryUsage of job (MB)
	9936  -  ResidentSetSize of job (KB)
...
040 (10252908.992.000) 07/24 18:55:40 Started transferring output files
...
040 (10252908.992.000) 07/24 18:55:41 Finished transferring output files
...
005 (10252908.992.000) 07/24 18:55:41 Job terminated.
	(1) Normal termination (return value 0)
		Usr 0 00:00:06, Sys 0 00:00:00  -  Run Remote Usage
		Usr 0 00:00:00, Sys 0 00:00:00  -  Run Local Usage
		Usr 0 00:00:06, Sys 0 00:00:00  -  Total Remote Usage
		Usr 0 00:00:00, Sys 0 00:00:00  -  Total Local Usage
	6204  -  Run Bytes Sent By Job
	409597  -  Run Bytes Received By Job
	6204  -  Total Bytes Sent By Job
	409597  -  Total Bytes Received By Job
	Partitionable Resources :    Usage  Request Allocated 
	   Cpus                 :        0        8         8 
	   Disk (KB)            :      428      425   2931568 
	   Memory (MB)          :       10    16000     16000 

	Job terminated of its own accord at 2024-07-24T16:55:40Z with exit-code 0.
...
040 (10252909.992.000) 07/24 19:54:43 Started transferring input files
	Transferring to host: <188.185.206.59:9618?addrs=188.185.206.59-9618+[2001-1458-303-b--100-38]-9618&alias=b9p05p8308.cern.ch&noUDP&sock=slot1_8_64985_8fac_93808>
...
040 (10252909.992.000) 07/24 19:54:43 Finished transferring input files
...
001 (10252909.992.000) 07/24 19:54:44 Job executing on host: <188.185.206.59:9618?addrs=188.185.206.59-9618+[2001-1458-303-b--100-38]-9618&alias=b9p05p8308.cern.ch&noUDP&sock=startd_3374_dca1>
	SlotName: slot1_8@b9p05p8308.cern.ch
	CondorScratchDir = "/pool/condor/dir_1591146"
	Cpus = 8
	Disk = 2663010
	Memory = 16000
...
006 (10252909.992.000) 07/24 19:54:48 Image size of job updated: 159444
	7  -  MemoryUsage of job (MB)
	7004  -  ResidentSetSize of job (KB)
...
040 (10252909.992.000) 07/24 19:54:48 Started transferring output files
...
040 (10252909.992.000) 07/24 19:54:48 Finished transferring output files
...
005 (10252909.992.000) 07/24 19:54:48 Job terminated.
	(1) Normal termination (return value 0)
		Usr 0 00:00:03, Sys 0 00:00:00  -  Run Remote Usage
		Usr 0 00:00:00, Sys 0 00:00:00  -  Run Local Usage
		Usr 0 00:00:03, Sys 0 00:00:00  -  Total Remote Usage
		Usr 0 00:00:00, Sys 0 00:00:00  -  Total Local Usage
	6204  -  Run Bytes Sent By Job
	409597  -  Run Bytes Received By Job
	6204  -  Total Bytes Sent By Job
	409597  -  Total Bytes Received By Job
	Partitionable Resources :    Usage  Request Allocated 
	   Cpus                 :        0        8         8 
	   Disk (KB)            :      431      425   2663010 
	   Memory (MB)          :        7    16000     16000 

	Job terminated of its own accord at 2024-07-24T17:54:48Z with exit-code 0.
...
040 (10252910.992.000) 07/24 20:46:37 Started transferring input files
	Transferring to host: <188.185.209.205:9618?addrs=188.185.209.205-9618+[2001-1458-303-12--100-4a]-9618&alias=b9p12p0038.cern.ch&noUDP&sock=slot1_13_15203_a383_144967>
...
040 (10252910.992.000) 07/24 20:46:37 Finished transferring input files
...
001 (10252910.992.000) 07/24 20:46:38 Job executing on host: <188.185.209.205:9618?addrs=188.185.209.205-9618+[2001-1458-303-12--100-4a]-9618&alias=b9p12p0038.cern.ch&noUDP&sock=startd_13777_745d>
	SlotName: slot1_13@b9p12p0038.cern.ch
	CondorScratchDir = "/pool/condor/dir_3716163"
	Cpus = 8
	Disk = 2835609
	Memory = 16000
...
006 (10252910.992.000) 07/24 20:46:42 Image size of job updated: 166728
	11  -  MemoryUsage of job (MB)
	10748  -  ResidentSetSize of job (KB)
...
040 (10252910.992.000) 07/24 20:46:42 Started transferring output files
...
040 (10252910.992.000) 07/24 20:46:42 Finished transferring output files
...
005 (10252910.992.000) 07/24 20:46:43 Job terminated.
	(1) Normal termination (return value 0)
		Usr 0 00:00:03, Sys 0 00:00:00  -  Run Remote Usage
		Usr 0 00:00:00, Sys 0 00:00:00  -  Run Local Usage
		Usr 0 00:00:03, Sys 0 00:00:00  -  Total Remote Usage
		Usr 0 00:00:00, Sys 0 00:00:00  -  Total Local Usage
	6201  -  Run Bytes Sent By Job
	409597  -  Run Bytes Received By Job
	6201  -  Total Bytes Sent By Job
	409597  -  Total Bytes Received By Job
	Partitionable Resources :    Usage  Request Allocated 
	   Cpus                 :        0        8         8 
	   Disk (KB)            :      428      425   2835609 
	   Memory (MB)          :       11    16000     16000 

	Job terminated of its own accord at 2024-07-24T18:46:42Z with exit-code 0.
...
040 (10252911.992.000) 07/24 20:59:29 Started transferring input files
	Transferring to host: <188.185.208.58:9618?addrs=188.185.208.58-9618+[2001-1458-303-f--100-37]-9618&alias=b9p09p3569.cern.ch&noUDP&sock=slot1_11_5435_32f6_141468>
...
040 (10252911.992.000) 07/24 20:59:29 Finished transferring input files
...
001 (10252911.992.000) 07/24 20:59:30 Job executing on host: <188.185.208.58:9618?addrs=188.185.208.58-9618+[2001-1458-303-f--100-37]-9618&alias=b9p09p3569.cern.ch&noUDP&sock=startd_4527_b953>
	SlotName: slot1_11@b9p09p3569.cern.ch
	CondorScratchDir = "/pool/condor/dir_3367416"
	Cpus = 8
	Disk = 2998477
	Memory = 16000
...
006 (10252911.992.000) 07/24 20:59:36 Image size of job updated: 160648
	8  -  MemoryUsage of job (MB)
	7984  -  ResidentSetSize of job (KB)
...
040 (10252911.992.000) 07/24 20:59:36 Started transferring output files
...
040 (10252911.992.000) 07/24 20:59:36 Finished transferring output files
...
005 (10252911.992.000) 07/24 20:59:36 Job terminated.
	(1) Normal termination (return value 0)
		Usr 0 00:00:04, Sys 0 00:00:00  -  Run Remote Usage
		Usr 0 00:00:00, Sys 0 00:00:00  -  Run Local Usage
		Usr 0 00:00:04, Sys 0 00:00:00  -  Total Remote Usage
		Usr 0 00:00:00, Sys 0 00:00:00  -  Total Local Usage
	6204  -  Run Bytes Sent By Job
	409597  -  Run Bytes Received By Job
	6204  -  Total Bytes Sent By Job
	409597  -  Total Bytes Received By Job
	Partitionable Resources :    Usage  Request Allocated 
	   Cpus                 :        0        8         8 
	   Disk (KB)            :      428      425   2998477 
	   Memory (MB)          :        8    16000     16000 

	Job terminated of its own accord at 2024-07-24T18:59:36Z with exit-code 0.
...
040 (10252912.992.000) 07/24 21:12:23 Started transferring input files
	Transferring to host: <188.185.205.9:9618?addrs=188.185.205.9-9618+[2001-1458-303-9--100-7e]-9618&alias=b9p03p7969.cern.ch&noUDP&sock=slot1_11_7347_6044_29752>
...
040 (10252912.992.000) 07/24 21:12:23 Finished transferring input files
...
001 (10252912.992.000) 07/24 21:12:24 Job executing on host: <188.185.205.9:9618?addrs=188.185.205.9-9618+[2001-1458-303-9--100-7e]-9618&alias=b9p03p7969.cern.ch&noUDP&sock=startd_6402_d167>
	SlotName: slot1_11@b9p03p7969.cern.ch
	CondorScratchDir = "/pool/condor/dir_2435316"
	Cpus = 8
	Disk = 2806757
	Memory = 16000
...
006 (10252912.992.000) 07/24 21:12:29 Image size of job updated: 162512
	9  -  MemoryUsage of job (MB)
	8604  -  ResidentSetSize of job (KB)
...
040 (10252912.992.000) 07/24 21:12:29 Started transferring output files
...
040 (10252912.992.000) 07/24 21:12:29 Finished transferring output files
...
005 (10252912.992.000) 07/24 21:12:29 Job terminated.
	(1) Normal termination (return value 0)
		Usr 0 00:00:03, Sys 0 00:00:00  -  Run Remote Usage
		Usr 0 00:00:00, Sys 0 00:00:00  -  Run Local Usage
		Usr 0 00:00:03, Sys 0 00:00:00  -  Total Remote Usage
		Usr 0 00:00:00, Sys 0 00:00:00  -  Total Local Usage
	6201  -  Run Bytes Sent By Job
	409597  -  Run Bytes Received By Job
	6201  -  Total Bytes Sent By Job
	409597  -  Total Bytes Received By Job
	Partitionable Resources :    Usage  Request Allocated 
	   Cpus                 :        0        8         8 
	   Disk (KB)            :      428      425   2806757 
	   Memory (MB)          :        9    16000     16000 

	Job terminated of its own accord at 2024-07-24T19:12:29Z with exit-code 0.
...
040 (10252913.992.000) 07/24 21:26:17 Started transferring input files
	Transferring to host: <188.185.209.46:9618?addrs=188.185.209.46-9618+[2001-1458-303-11--100-2b]-9618&alias=b9p11p5617.cern.ch&noUDP&sock=slot1_19_13557_e200_144149>
...
040 (10252913.992.000) 07/24 21:26:17 Finished transferring input files
...
001 (10252913.992.000) 07/24 21:26:18 Job executing on host: <188.185.209.46:9618?addrs=188.185.209.46-9618+[2001-1458-303-11--100-2b]-9618&alias=b9p11p5617.cern.ch&noUDP&sock=startd_12097_1d42>
	SlotName: slot1_19@b9p11p5617.cern.ch
	CondorScratchDir = "/pool/condor/dir_2985303"
	Cpus = 8
	Disk = 2878168
	Memory = 16000
...
006 (10252913.992.000) 07/24 21:26:23 Image size of job updated: 160760
	9  -  MemoryUsage of job (MB)
	8288  -  ResidentSetSize of job (KB)
...
040 (10252913.992.000) 07/24 21:26:23 Started transferring output files
...
040 (10252913.992.000) 07/24 21:26:23 Finished transferring output files
...
005 (10252913.992.000) 07/24 21:26:23 Job terminated.
	(1) Normal termination (return value 0)
		Usr 0 00:00:04, Sys 0 00:00:00  -  Run Remote Usage
		Usr 0 00:00:00, Sys 0 00:00:00  -  Run Local Usage
		Usr 0 00:00:04, Sys 0 00:00:00  -  Total Remote Usage
		Usr 0 00:00:00, Sys 0 00:00:00  -  Total Local Usage
	6204  -  Run Bytes Sent By Job
	409597  -  Run Bytes Received By Job
	6204  -  Total Bytes Sent By Job
	409597  -  Total Bytes Received By Job
	Partitionable Resources :    Usage  Request Allocated 
	   Cpus                 :        0        8         8 
	   Disk (KB)            :      428      425   2878168 
	   Memory (MB)          :        9    16000     16000 

	Job terminated of its own accord at 2024-07-24T19:26:23Z with exit-code 0.
...
000 (10261715.992.000) 07/25 13:01:42 Job submitted from host: <188.185.114.121:9618?addrs=188.185.114.121-9618+[2001-1458-d00-a--100-273]-9618&alias=bigbird19.cern.ch&noUDP&sock=schedd_4961_696e>
...
009 (10261715.992.000) 07/25 13:06:41 Job was aborted.
	via condor_rm (by user yelberke)
...
000 (10261767.992.000) 07/25 13:20:08 Job submitted from host: <188.185.114.121:9618?addrs=188.185.114.121-9618+[2001-1458-d00-a--100-273]-9618&alias=bigbird19.cern.ch&noUDP&sock=schedd_4961_696e>
...
040 (10261767.992.000) 07/25 14:09:31 Started transferring input files
	Transferring to host: <188.185.209.72:9618?addrs=188.185.209.72-9618+[2001-1458-303-11--100-45]-9618&alias=b9p11p5689.cern.ch&noUDP&sock=slot1_4_6483_9c21_145792>
...
040 (10261767.992.000) 07/25 14:09:31 Finished transferring input files
...
001 (10261767.992.000) 07/25 14:09:32 Job executing on host: <188.185.209.72:9618?addrs=188.185.209.72-9618+[2001-1458-303-11--100-45]-9618&alias=b9p11p5689.cern.ch&noUDP&sock=startd_5219_60dd>
	SlotName: slot1_4@b9p11p5689.cern.ch
	CondorScratchDir = "/pool/condor/dir_905628"
	Cpus = 12
	Disk = 2678540
	Memory = 24000
...
006 (10261767.992.000) 07/25 14:09:37 Image size of job updated: 374332
	212  -  MemoryUsage of job (MB)
	216816  -  ResidentSetSize of job (KB)
...
040 (10261767.992.000) 07/25 14:09:37 Started transferring output files
...
040 (10261767.992.000) 07/25 14:09:37 Finished transferring output files
...
005 (10261767.992.000) 07/25 14:09:37 Job terminated.
	(1) Normal termination (return value 0)
		Usr 0 00:00:03, Sys 0 00:00:00  -  Run Remote Usage
		Usr 0 00:00:00, Sys 0 00:00:00  -  Run Local Usage
		Usr 0 00:00:03, Sys 0 00:00:00  -  Total Remote Usage
		Usr 0 00:00:00, Sys 0 00:00:00  -  Total Local Usage
	6204  -  Run Bytes Sent By Job
	409597  -  Run Bytes Received By Job
	6204  -  Total Bytes Sent By Job
	409597  -  Total Bytes Received By Job
	Partitionable Resources :    Usage  Request Allocated 
	   Cpus                 :        0       12        12 
	   Disk (KB)            :      428      425   2678540 
	   Memory (MB)          :      212    24000     24000 

	Job terminated of its own accord at 2024-07-25T12:09:37Z with exit-code 0.
...
000 (10284266.992.000) 08/02 15:45:27 Job submitted from host: <188.185.114.121:9618?addrs=188.185.114.121-9618+[2001-1458-d00-a--100-273]-9618&alias=bigbird19.cern.ch&noUDP&sock=schedd_4961_696e>
...
009 (10284266.992.000) 08/02 15:49:24 Job was aborted.
	via condor_rm (by user yelberke)
...
000 (10284267.992.000) 08/02 15:49:48 Job submitted from host: <188.185.114.121:9618?addrs=188.185.114.121-9618+[2001-1458-d00-a--100-273]-9618&alias=bigbird19.cern.ch&noUDP&sock=schedd_4961_696e>
...
040 (10284267.992.000) 08/02 16:20:16 Started transferring input files
	Transferring to host: <188.185.195.53:9618?addrs=188.185.195.53-9618+[2001-1458-303-22--100-31]-9618&alias=b9p17p9353.cern.ch&noUDP&sock=slot1_5_3740699_984b_46>
...
040 (10284267.992.000) 08/02 16:20:16 Finished transferring input files
...
001 (10284267.992.000) 08/02 16:20:17 Job executing on host: <188.185.195.53:9618?addrs=188.185.195.53-9618+[2001-1458-303-22--100-31]-9618&alias=b9p17p9353.cern.ch&noUDP&sock=startd_127978_d77b>
	SlotName: slot1_5@b9p17p9353.cern.ch
	CondorScratchDir = "/pool/condor/dir_3752685"
	Cpus = 12
	Disk = 2991476
	Memory = 24000
...
006 (10284267.992.000) 08/02 16:20:18 Image size of job updated: 318892
	3  -  MemoryUsage of job (MB)
	2956  -  ResidentSetSize of job (KB)
...
040 (10284267.992.000) 08/02 16:20:19 Started transferring output files
...
040 (10284267.992.000) 08/02 16:20:19 Finished transferring output files
...
005 (10284267.992.000) 08/02 16:20:19 Job terminated.
	(1) Normal termination (return value 139)
		Usr 0 00:00:02, Sys 0 00:00:00  -  Run Remote Usage
		Usr 0 00:00:00, Sys 0 00:00:00  -  Run Local Usage
		Usr 0 00:00:02, Sys 0 00:00:00  -  Total Remote Usage
		Usr 0 00:00:00, Sys 0 00:00:00  -  Total Local Usage
	7696  -  Run Bytes Sent By Job
	409597  -  Run Bytes Received By Job
	7696  -  Total Bytes Sent By Job
	409597  -  Total Bytes Received By Job
	Partitionable Resources :    Usage  Request Allocated 
	   Cpus                 :        0       12        12 
	   Disk (KB)            :      428      425   2991476 
	   Memory (MB)          :        3    24000     24000 

	Job terminated of its own accord at 2024-08-02T14:20:18Z with exit-code 139.
...
